2024/09/18 09:42:07.822298 [Incident:Info:toast@toast-new:Displacement(s) updated] Added 0 and changed 0 displacements with 0 amplitudes
2024/09/18 09:42:07.865530 [Incident:Info:toast@toast-new:Incident created] Incident created based on event received from messaging: OT: 2024-09-18 02:41:07,  Lat/Lon: -7.23°/107.69°, Depth: 10.00, Mag: 5.02 (M)
2024/09/18 09:42:07.865880 [Simulation:Info:toast@toast-new:Simulation not generated] Magnitude 5.02 of event bmg2024sjbp is smaller than triggerMinMagnitude: no automatic simulation
2024/09/18 09:42:08.186379 [Incident:Info:toast@toast-new:Origin updated] Origin updated: OT: 2024-09-18 02:41:07,  Lat/Lon: -7.23066°/107.688°, Depth: 10
2024/09/18 09:42:08.192231 [Simulation:Info:toast@toast-new:Simulation not generated] Magnitude 5.02 of event bmg2024sjbp is smaller than triggerMinMagnitude: no automatic simulation
2024/09/18 09:42:17.795971 [Incident:Info:toast@toast-new:Origin updated] Origin updated: OT: 2024-09-18 02:41:07,  Lat/Lon: -7.22902°/107.677°, Depth: 10
2024/09/18 09:42:17.806516 [Incident:Info:toast@toast-new:Magnitude updated] Magnitude updated: 5.01 (M)
2024/09/18 09:42:17.814646 [Simulation:Info:toast@toast-new:Simulation not generated] Magnitude 5.01 of event bmg2024sjbp is smaller than triggerMinMagnitude: no automatic simulation
2024/09/18 09:44:20.590032 [Incident:Info:toast@toast-new:Origin updated] Origin updated: OT: 2024-09-18 02:41:09,  Lat/Lon: -7.18486°/107.699°, Depth: 10
2024/09/18 09:44:20.600799 [Incident:Info:toast@toast-new:Magnitude updated] Magnitude updated: 5.12 (MLv)
2024/09/18 09:44:20.608600 [Simulation:Info:toast@toast-new:Simulation not generated] Magnitude 5.12 of event bmg2024sjbp is smaller than triggerMinMagnitude: no automatic simulation
2024/09/18 09:44:23.050330 [Incident:Info:toast@toast-new:Origin updated] Origin updated: OT: 2024-09-18 02:41:09,  Lat/Lon: -7.18486°/107.699°, Depth: 10
2024/09/18 09:44:23.063795 [Incident:Info:toast@toast-new:Magnitude updated] Magnitude updated: 5.13 (MLv)
2024/09/18 09:44:23.073708 [Simulation:Info:toast@toast-new:Simulation not generated] Magnitude 5.13 of event bmg2024sjbp is smaller than triggerMinMagnitude: no automatic simulation
2024/09/18 09:44:32.999883 [Incident:Info:toast@toast-new:Origin updated] Origin updated: OT: 2024-09-18 02:41:09,  Lat/Lon: -7.18486°/107.699°, Depth: 10
2024/09/18 09:44:33.010911 [Incident:Info:toast@toast-new:Magnitude updated] Magnitude updated: 5.13 (MLv)
2024/09/18 09:44:33.018542 [Simulation:Info:toast@toast-new:Simulation not generated] Magnitude 5.13 of event bmg2024sjbp is smaller than triggerMinMagnitude: no automatic simulation
2024/09/18 09:44:40.810188 [Incident:Info:toast@toast-new:Origin updated] Origin updated: OT: 2024-09-18 02:41:09,  Lat/Lon: -7.18486°/107.699°, Depth: 10
2024/09/18 09:44:40.820498 [Incident:Info:toast@toast-new:Magnitude updated] Magnitude updated: 5.13 (MLv)
2024/09/18 09:44:40.827988 [Simulation:Info:toast@toast-new:Simulation not generated] Magnitude 5.13 of event bmg2024sjbp is smaller than triggerMinMagnitude: no automatic simulation
2024/09/18 09:44:52.042021 [Incident:Info:toast@toast-new:Origin updated] Origin updated: OT: 2024-09-18 02:41:09,  Lat/Lon: -7.18486°/107.699°, Depth: 10
2024/09/18 09:44:52.051573 [Incident:Info:toast@toast-new:Magnitude updated] Magnitude updated: 5.13 (MLv)
2024/09/18 09:44:52.059114 [Simulation:Info:toast@toast-new:Simulation not generated] Magnitude 5.13 of event bmg2024sjbp is smaller than triggerMinMagnitude: no automatic simulation
2024/09/18 09:44:55.749240 [Incident:Info:toast@toast-new:Origin updated] Origin updated: OT: 2024-09-18 02:41:09,  Lat/Lon: -7.18949°/107.693°, Depth: 10
2024/09/18 09:44:55.758404 [Incident:Info:toast@toast-new:Magnitude updated] Magnitude updated: 5.14 (MLv)
2024/09/18 09:44:55.765280 [Simulation:Info:toast@toast-new:Simulation not generated] Magnitude 5.14 of event bmg2024sjbp is smaller than triggerMinMagnitude: no automatic simulation
2024/09/18 09:45:03.060511 [Incident:Info:toast@toast-new:Origin updated] Origin updated: OT: 2024-09-18 02:41:09,  Lat/Lon: -7.18949°/107.693°, Depth: 10
2024/09/18 09:45:03.073645 [Incident:Info:toast@toast-new:Magnitude updated] Magnitude updated: 5.14 (MLv)
2024/09/18 09:45:03.083580 [Simulation:Info:toast@toast-new:Simulation not generated] Magnitude 5.14 of event bmg2024sjbp is smaller than triggerMinMagnitude: no automatic simulation
2024/09/18 09:45:07.876157 [Incident:Info:toast@toast-new:Origin updated] Origin updated: OT: 2024-09-18 02:41:09,  Lat/Lon: -7.18949°/107.693°, Depth: 10
2024/09/18 09:45:07.887397 [Simulation:Info:toast@toast-new:Simulation not generated] Magnitude 5.14 of event bmg2024sjbp is smaller than triggerMinMagnitude: no automatic simulation
2024/09/18 09:45:25.595221 [Incident:Info:toast@toast-new:Origin updated] Origin updated: OT: 2024-09-18 02:41:09,  Lat/Lon: -7.21785°/107.667°, Depth: 10
2024/09/18 09:45:25.604786 [Incident:Info:toast@toast-new:Magnitude updated] Magnitude updated: 5.14 (MLv)
2024/09/18 09:45:25.611966 [Simulation:Info:toast@toast-new:Simulation not generated] Magnitude 5.14 of event bmg2024sjbp is smaller than triggerMinMagnitude: no automatic simulation
2024/09/18 09:45:43.239626 [Incident:Info:toast@toast-new:Origin updated] Origin updated: OT: 2024-09-18 02:41:09,  Lat/Lon: -7.21785°/107.667°, Depth: 10
2024/09/18 09:45:43.249620 [Incident:Info:toast@toast-new:Magnitude updated] Magnitude updated: 5.15 (MLv)
2024/09/18 09:45:43.257465 [Simulation:Info:toast@toast-new:Simulation not generated] Magnitude 5.15 of event bmg2024sjbp is smaller than triggerMinMagnitude: no automatic simulation
2024/09/18 09:46:44.655781 [Incident:Info:toast@toast-new:Origin updated] Origin updated: OT: 2024-09-18 02:41:09,  Lat/Lon: -7.21785°/107.667°, Depth: 10
2024/09/18 09:46:44.664942 [Incident:Info:toast@toast-new:FM updated] FM updated
2024/09/18 09:46:44.672588 [Simulation:Info:toast@toast-new:Simulation not generated] Magnitude 5.15 of event bmg2024sjbp is smaller than triggerMinMagnitude: no automatic simulation
2024/09/18 09:47:14.120673 [Incident:Info:toast@toast-new:Origin updated] Origin updated: OT: 2024-09-18 02:41:09,  Lat/Lon: -7.2218°/107.669°, Depth: 10
2024/09/18 09:47:14.129342 [Incident:Info:toast@toast-new:Magnitude updated] Magnitude updated: 5.15 (MLv)
2024/09/18 09:47:14.136268 [Simulation:Info:toast@toast-new:Simulation not generated] Magnitude 5.15 of event bmg2024sjbp is smaller than triggerMinMagnitude: no automatic simulation
2024/09/18 09:47:29.894276 [Incident:Info:toast@toast-new:Origin updated] Origin updated: OT: 2024-09-18 02:41:09,  Lat/Lon: -7.2218°/107.669°, Depth: 10
2024/09/18 09:47:29.903782 [Incident:Info:toast@toast-new:FM updated] FM updated
2024/09/18 09:47:29.910901 [Simulation:Info:toast@toast-new:Simulation not generated] Magnitude 5.15 of event bmg2024sjbp is smaller than triggerMinMagnitude: no automatic simulation
2024/09/18 09:48:37.308579 [Incident:Info:toast@toast-new:Origin updated] Origin updated: OT: 2024-09-18 02:41:09,  Lat/Lon: -7.21753°/107.657°, Depth: 10
2024/09/18 09:48:37.318164 [Incident:Info:toast@toast-new:Magnitude updated] Magnitude updated: 5.14 (MLv)
2024/09/18 09:48:37.325441 [Simulation:Info:toast@toast-new:Simulation not generated] Magnitude 5.14 of event bmg2024sjbp is smaller than triggerMinMagnitude: no automatic simulation
2024/09/18 09:49:21.852268 [Incident:Info:toast@toast-new:Origin updated] Origin updated: OT: 2024-09-18 02:41:09,  Lat/Lon: -7.22451°/107.655°, Depth: 10
2024/09/18 09:49:21.860729 [Incident:Info:toast@toast-new:Magnitude updated] Magnitude updated: 5.14 (MLv)
2024/09/18 09:49:21.867376 [Simulation:Info:toast@toast-new:Simulation not generated] Magnitude 5.14 of event bmg2024sjbp is smaller than triggerMinMagnitude: no automatic simulation
2024/09/18 09:50:04.141885 [Incident:Info:toast@toast-new:Origin updated] Origin updated: OT: 2024-09-18 02:41:09,  Lat/Lon: -7.22451°/107.655°, Depth: 10
2024/09/18 09:50:04.151237 [Incident:Info:toast@toast-new:FM updated] FM updated
2024/09/18 09:50:04.158676 [Simulation:Info:toast@toast-new:Simulation not generated] Magnitude 5.14 of event bmg2024sjbp is smaller than triggerMinMagnitude: no automatic simulation
2024/09/18 09:50:19.737573 [Incident:Info:toast@toast-new:Origin updated] Origin updated: OT: 2024-09-18 02:41:09,  Lat/Lon: -7.23115°/107.649°, Depth: 10
2024/09/18 09:50:19.745314 [Incident:Info:toast@toast-new:Magnitude updated] Magnitude updated: 5.14 (MLv)
2024/09/18 09:50:19.751885 [Simulation:Info:toast@toast-new:Simulation not generated] Magnitude 5.14 of event bmg2024sjbp is smaller than triggerMinMagnitude: no automatic simulation
2024/09/18 09:53:21.575009 [Incident:Info:toast@toast-new:Origin updated] Origin updated: OT: 2024-09-18 02:41:09,  Lat/Lon: -7.23115°/107.649°, Depth: 10
2024/09/18 09:53:21.584360 [Incident:Info:toast@toast-new:FM updated] FM updated
2024/09/18 09:53:21.591615 [Simulation:Info:toast@toast-new:Simulation not generated] Magnitude 5.14 of event bmg2024sjbp is smaller than triggerMinMagnitude: no automatic simulation
2024/09/18 10:25:45.868033 [Incident:Info:toast@toast-new:Origin updated] Origin updated: OT: 2024-09-18 02:41:09,  Lat/Lon: -7.22308°/107.651°, Depth: 10
2024/09/18 10:25:45.877474 [Incident:Info:toast@toast-new:Magnitude updated] Magnitude updated: 5.18 (Mw)
2024/09/18 10:25:45.884619 [Incident:Info:toast@toast-new:FM updated] FM updated
2024/09/18 10:25:45.890524 [Simulation:Info:toast@toast-new:Simulation not generated] Magnitude 5.18 of event bmg2024sjbp is smaller than triggerMinMagnitude: no automatic simulation
2024/09/18 10:45:19.674520 [Incident:Info:toast@toast-new:Origin updated] Origin updated: OT: 2024-09-18 02:41:09,  Lat/Lon: -7.22308°/107.651°, Depth: 10
2024/09/18 10:45:19.683197 [Incident:Info:toast@toast-new:Magnitude updated] Magnitude updated: 5.09 (Mw)
2024/09/18 10:45:19.689685 [Incident:Info:toast@toast-new:FM updated] FM updated
2024/09/18 10:45:19.695332 [Simulation:Info:toast@toast-new:Simulation not generated] Magnitude 5.09 of event bmg2024sjbp is smaller than triggerMinMagnitude: no automatic simulation
2024/09/18 10:47:24.920353 [Incident:Info:toast@toast-new:Origin updated] Origin updated: OT: 2024-09-18 02:41:09,  Lat/Lon: -7.22308°/107.651°, Depth: 10
2024/09/18 10:47:24.929739 [Simulation:Info:toast@toast-new:Simulation not generated] Magnitude 5.09 of event bmg2024sjbp is smaller than triggerMinMagnitude: no automatic simulation
2024/09/18 10:48:12.565920 [Incident:Info:toast@toast-new:Origin updated] Origin updated: OT: 2024-09-18 02:41:09,  Lat/Lon: -7.22308°/107.651°, Depth: 10
2024/09/18 10:48:12.575387 [Simulation:Info:toast@toast-new:Simulation not generated] Magnitude 5.09 of event bmg2024sjbp is smaller than triggerMinMagnitude: no automatic simulation
2024/09/18 10:53:48.665027 [Incident:Info:toast@toast-new:Origin updated] Origin updated: OT: 2024-09-18 02:41:09,  Lat/Lon: -7.22302°/107.647°, Depth: 10
2024/09/18 10:53:48.673312 [Simulation:Info:toast@toast-new:Simulation not generated] Magnitude 5.09 of event bmg2024sjbp is smaller than triggerMinMagnitude: no automatic simulation
2024/09/18 10:55:18.727452 [Incident:Info:toast@toast-new:Origin updated] Origin updated: OT: 2024-09-18 02:41:09,  Lat/Lon: -7.22188°/107.646°, Depth: 10
2024/09/18 10:55:18.736102 [Simulation:Info:toast@toast-new:Simulation not generated] Magnitude 5.09 of event bmg2024sjbp is smaller than triggerMinMagnitude: no automatic simulation
2024/09/18 10:56:28.165342 [Incident:Info:toast@toast-new:Origin updated] Origin updated: OT: 2024-09-18 02:41:09,  Lat/Lon: -7.2286°/107.649°, Depth: 8
2024/09/18 10:56:28.173828 [Simulation:Info:toast@toast-new:Simulation not generated] Magnitude 5.09 of event bmg2024sjbp is smaller than triggerMinMagnitude: no automatic simulation
2024/09/18 14:10:38.058350 [Incident:Info:toast@toast-new:Origin updated] Origin updated: OT: 2024-09-18 02:41:07,  Lat/Lon: -7.21768°/107.697°, Depth: 10
2024/09/18 14:10:38.067078 [Simulation:Info:toast@toast-new:Simulation not generated] Magnitude 5.09 of event bmg2024sjbp is smaller than triggerMinMagnitude: no automatic simulation
2024/09/21 23:20:31.375356 [Incident:Info:toast@toast-new:Origin updated] Origin updated: OT: 2024-09-18 02:41:08,  Lat/Lon: -7.22792°/107.669°, Depth: 2
2024/09/21 23:20:31.376891 [Simulation:Info:toast@toast-new:Simulation not generated] Magnitude 5.09 of event bmg2024sjbp is smaller than triggerMinMagnitude: no automatic simulation
2024/09/21 23:28:42.443171 [Incident:Info:toast@toast-new:Origin updated] Origin updated: OT: 2024-09-18 02:41:08,  Lat/Lon: -7.22792°/107.669°, Depth: 2
2024/09/21 23:28:42.443352 [Incident:Info:toast@toast-new:Magnitude updated] Magnitude updated: 5.09 (Mw)
2024/09/21 23:28:42.443390 [Incident:Info:toast@toast-new:FM updated] FM updated
2024/09/21 23:28:42.443549 [Simulation:Info:toast@toast-new:Simulation not generated] Magnitude 5.09 of event bmg2024sjbp is smaller than triggerMinMagnitude: no automatic simulation
2024/09/21 23:29:51.879413 [Incident:Info:toast@toast-new:Origin updated] Origin updated: OT: 2024-09-18 02:41:08,  Lat/Lon: -7.22792°/107.669°, Depth: 2
2024/09/21 23:29:51.879623 [Incident:Info:toast@toast-new:Magnitude updated] Magnitude updated: 5.02 (Mw)
2024/09/21 23:29:51.879675 [Incident:Info:toast@toast-new:FM updated] FM updated
2024/09/21 23:29:51.879876 [Simulation:Info:toast@toast-new:Simulation not generated] Magnitude 5.02 of event bmg2024sjbp is smaller than triggerMinMagnitude: no automatic simulation
2024/09/21 23:35:22.663136 [Incident:Info:toast@toast-new:Origin updated] Origin updated: OT: 2024-09-18 02:41:08,  Lat/Lon: -7.22792°/107.669°, Depth: 2
2024/09/21 23:35:22.663321 [Simulation:Info:toast@toast-new:Simulation not generated] Magnitude 5.02 of event bmg2024sjbp is smaller than triggerMinMagnitude: no automatic simulation
2024/09/21 23:35:26.702937 [Incident:Info:toast@toast-new:Origin updated] Origin updated: OT: 2024-09-18 02:41:08,  Lat/Lon: -7.22792°/107.669°, Depth: 2
2024/09/21 23:35:26.703136 [Simulation:Info:toast@toast-new:Simulation not generated] Magnitude 5.02 of event bmg2024sjbp is smaller than triggerMinMagnitude: no automatic simulation
2024/09/21 23:38:51.294294 [Incident:Info:toast@toast-new:Origin updated] Origin updated: OT: 2024-09-18 02:41:09,  Lat/Lon: -7.19701°/107.666°, Depth: 10
2024/09/21 23:38:51.294501 [Simulation:Info:toast@toast-new:Simulation not generated] Magnitude 5.02 of event bmg2024sjbp is smaller than triggerMinMagnitude: no automatic simulation
2024/09/22 08:25:46.069088 [Incident:Info:toast@toast-new:Origin updated] Origin updated: OT: 2024-09-18 02:41:09,  Lat/Lon: -7.19701°/107.666°, Depth: 10
2024/09/22 08:25:46.069278 [Incident:Info:toast@toast-new:FM updated] FM updated
2024/09/22 08:25:46.069467 [Simulation:Info:toast@toast-new:Simulation not generated] Magnitude 5.02 of event bmg2024sjbp is smaller than triggerMinMagnitude: no automatic simulation
2024/09/26 05:48:46.842122 [Incident:Info:toast@toast-new:Incident removed] Removed incident - Bye
