2025/03/25 16:52:57.139932 [Incident:Info:toast@toast-new:Displacement(s) updated] Added 0 and changed 0 displacements with 0 amplitudes
2025/03/25 16:52:57.177953 [Incident:Info:toast@toast-new:Incident created] Incident created based on event received from messaging: OT: 2025-03-25 09:50:52,  Lat/Lon: -6.20°/130.51°, Depth: 170.56, Mag: 5.14 (M)
2025/03/25 16:52:57.178364 [Simulation:Info:toast@toast-new:Simulation not generated] Magnitude 5.14 of event bmg2025fwkg is smaller than triggerMinMagnitude: no automatic simulation
2025/03/25 16:52:57.185565 [Incident:Info:toast@toast-new:Origin updated] Origin updated: OT: 2025-03-25 09:50:52,  Lat/Lon: -6.19637°/130.506°, Depth: 170.555
2025/03/25 16:52:57.185664 [Simulation:Info:toast@toast-new:Simulation not generated] Magnitude 5.14 of event bmg2025fwkg is smaller than triggerMinMagnitude: no automatic simulation
2025/03/25 16:52:59.378795 [Incident:Info:toast@toast-new:Origin updated] Origin updated: OT: 2025-03-25 09:50:52,  Lat/Lon: -6.19637°/130.506°, Depth: 170.555
2025/03/25 16:52:59.378995 [Incident:Info:toast@toast-new:Magnitude updated] Magnitude updated: 5.16 (M)
2025/03/25 16:52:59.379046 [Simulation:Info:toast@toast-new:Simulation not generated] Magnitude 5.16 of event bmg2025fwkg is smaller than triggerMinMagnitude: no automatic simulation
2025/03/25 16:53:04.355272 [Incident:Info:toast@toast-new:Origin updated] Origin updated: OT: 2025-03-25 09:50:52,  Lat/Lon: -6.19637°/130.506°, Depth: 170.555
2025/03/25 16:53:04.355479 [Incident:Info:toast@toast-new:Magnitude updated] Magnitude updated: 5.18 (M)
2025/03/25 16:53:04.355528 [Simulation:Info:toast@toast-new:Simulation not generated] Magnitude 5.18 of event bmg2025fwkg is smaller than triggerMinMagnitude: no automatic simulation
2025/03/25 16:53:07.201465 [Incident:Info:toast@toast-new:Origin updated] Origin updated: OT: 2025-03-25 09:50:51,  Lat/Lon: -6.24976°/130.484°, Depth: 176.096
2025/03/25 16:53:07.201670 [Incident:Info:toast@toast-new:Magnitude updated] Magnitude updated: 5.25 (M)
2025/03/25 16:53:07.201715 [Simulation:Info:toast@toast-new:Simulation not generated] Magnitude 5.25 of event bmg2025fwkg is smaller than triggerMinMagnitude: no automatic simulation
2025/03/25 16:53:09.403385 [Incident:Info:toast@toast-new:Origin updated] Origin updated: OT: 2025-03-25 09:50:51,  Lat/Lon: -6.24976°/130.484°, Depth: 176.096
2025/03/25 16:53:09.403579 [Incident:Info:toast@toast-new:Magnitude updated] Magnitude updated: 5.26 (M)
2025/03/25 16:53:09.403620 [Simulation:Info:toast@toast-new:Simulation not generated] Magnitude 5.26 of event bmg2025fwkg is smaller than triggerMinMagnitude: no automatic simulation
2025/03/25 16:53:19.409781 [Incident:Info:toast@toast-new:Origin updated] Origin updated: OT: 2025-03-25 09:50:51,  Lat/Lon: -6.24976°/130.484°, Depth: 176.096
2025/03/25 16:53:19.409986 [Incident:Info:toast@toast-new:Magnitude updated] Magnitude updated: 5.24 (M)
2025/03/25 16:53:19.410036 [Simulation:Info:toast@toast-new:Simulation not generated] Magnitude 5.24 of event bmg2025fwkg is smaller than triggerMinMagnitude: no automatic simulation
2025/03/25 16:53:21.396909 [Incident:Info:toast@toast-new:Origin updated] Origin updated: OT: 2025-03-25 09:50:52,  Lat/Lon: -6.27155°/130.5°, Depth: 155.012
2025/03/25 16:53:21.397099 [Incident:Info:toast@toast-new:Magnitude updated] Magnitude updated: 5.26 (M)
2025/03/25 16:53:21.397140 [Simulation:Info:toast@toast-new:Simulation not generated] Magnitude 5.26 of event bmg2025fwkg is smaller than triggerMinMagnitude: no automatic simulation
2025/03/25 16:53:24.423757 [Incident:Info:toast@toast-new:Origin updated] Origin updated: OT: 2025-03-25 09:50:52,  Lat/Lon: -6.27155°/130.5°, Depth: 155.012
2025/03/25 16:53:24.423972 [Incident:Info:toast@toast-new:Magnitude updated] Magnitude updated: 5.22 (M)
2025/03/25 16:53:24.424022 [Simulation:Info:toast@toast-new:Simulation not generated] Magnitude 5.22 of event bmg2025fwkg is smaller than triggerMinMagnitude: no automatic simulation
2025/03/25 16:53:29.434777 [Incident:Info:toast@toast-new:Origin updated] Origin updated: OT: 2025-03-25 09:50:52,  Lat/Lon: -6.27155°/130.5°, Depth: 155.012
2025/03/25 16:53:29.434998 [Incident:Info:toast@toast-new:Magnitude updated] Magnitude updated: 5.20 (M)
2025/03/25 16:53:29.435043 [Simulation:Info:toast@toast-new:Simulation not generated] Magnitude 5.20 of event bmg2025fwkg is smaller than triggerMinMagnitude: no automatic simulation
2025/03/25 16:53:34.419032 [Incident:Info:toast@toast-new:Origin updated] Origin updated: OT: 2025-03-25 09:50:52,  Lat/Lon: -6.27155°/130.5°, Depth: 155.012
2025/03/25 16:53:34.419233 [Incident:Info:toast@toast-new:Magnitude updated] Magnitude updated: 5.19 (M)
2025/03/25 16:53:34.419278 [Simulation:Info:toast@toast-new:Simulation not generated] Magnitude 5.19 of event bmg2025fwkg is smaller than triggerMinMagnitude: no automatic simulation
2025/03/25 16:53:38.765876 [Incident:Info:toast@toast-new:Origin updated] Origin updated: OT: 2025-03-25 09:50:52,  Lat/Lon: -6.30975°/130.529°, Depth: 149.325
2025/03/25 16:53:38.766095 [Incident:Info:toast@toast-new:Magnitude updated] Magnitude updated: 5.20 (M)
2025/03/25 16:53:38.766138 [Simulation:Info:toast@toast-new:Simulation not generated] Magnitude 5.20 of event bmg2025fwkg is smaller than triggerMinMagnitude: no automatic simulation
2025/03/25 16:53:39.423907 [Incident:Info:toast@toast-new:Origin updated] Origin updated: OT: 2025-03-25 09:50:52,  Lat/Lon: -6.30975°/130.529°, Depth: 149.325
2025/03/25 16:53:39.424078 [Incident:Info:toast@toast-new:Magnitude updated] Magnitude updated: 5.18 (M)
2025/03/25 16:53:39.424108 [Simulation:Info:toast@toast-new:Simulation not generated] Magnitude 5.18 of event bmg2025fwkg is smaller than triggerMinMagnitude: no automatic simulation
2025/03/25 16:53:44.449276 [Incident:Info:toast@toast-new:Origin updated] Origin updated: OT: 2025-03-25 09:50:52,  Lat/Lon: -6.30975°/130.529°, Depth: 149.325
2025/03/25 16:53:44.449471 [Incident:Info:toast@toast-new:Magnitude updated] Magnitude updated: 5.19 (M)
2025/03/25 16:53:44.449511 [Simulation:Info:toast@toast-new:Simulation not generated] Magnitude 5.19 of event bmg2025fwkg is smaller than triggerMinMagnitude: no automatic simulation
2025/03/25 16:53:49.385520 [Incident:Info:toast@toast-new:Origin updated] Origin updated: OT: 2025-03-25 09:50:52,  Lat/Lon: -6.30975°/130.529°, Depth: 149.325
2025/03/25 16:53:49.385709 [Incident:Info:toast@toast-new:Magnitude updated] Magnitude updated: 5.22 (M)
2025/03/25 16:53:49.385751 [Simulation:Info:toast@toast-new:Simulation not generated] Magnitude 5.22 of event bmg2025fwkg is smaller than triggerMinMagnitude: no automatic simulation
2025/03/25 16:53:54.414937 [Incident:Info:toast@toast-new:Origin updated] Origin updated: OT: 2025-03-25 09:50:52,  Lat/Lon: -6.30975°/130.529°, Depth: 149.325
2025/03/25 16:53:54.415128 [Incident:Info:toast@toast-new:Magnitude updated] Magnitude updated: 5.24 (M)
2025/03/25 16:53:54.415169 [Simulation:Info:toast@toast-new:Simulation not generated] Magnitude 5.24 of event bmg2025fwkg is smaller than triggerMinMagnitude: no automatic simulation
2025/03/25 16:53:59.394365 [Incident:Info:toast@toast-new:Origin updated] Origin updated: OT: 2025-03-25 09:50:52,  Lat/Lon: -6.30975°/130.529°, Depth: 149.325
2025/03/25 16:53:59.394561 [Incident:Info:toast@toast-new:Magnitude updated] Magnitude updated: 5.23 (M)
2025/03/25 16:53:59.394605 [Simulation:Info:toast@toast-new:Simulation not generated] Magnitude 5.23 of event bmg2025fwkg is smaller than triggerMinMagnitude: no automatic simulation
2025/03/25 16:54:03.605011 [Incident:Info:toast@toast-new:Origin updated] Origin updated: OT: 2025-03-25 09:50:52,  Lat/Lon: -6.33253°/130.537°, Depth: 145.15
2025/03/25 16:54:03.605210 [Incident:Info:toast@toast-new:Magnitude updated] Magnitude updated: 5.20 (M)
2025/03/25 16:54:03.605248 [Simulation:Info:toast@toast-new:Simulation not generated] Magnitude 5.20 of event bmg2025fwkg is smaller than triggerMinMagnitude: no automatic simulation
2025/03/25 16:54:04.419683 [Incident:Info:toast@toast-new:Origin updated] Origin updated: OT: 2025-03-25 09:50:52,  Lat/Lon: -6.33253°/130.537°, Depth: 145.15
2025/03/25 16:54:04.419920 [Incident:Info:toast@toast-new:Magnitude updated] Magnitude updated: 5.20 (M)
2025/03/25 16:54:04.419965 [Simulation:Info:toast@toast-new:Simulation not generated] Magnitude 5.20 of event bmg2025fwkg is smaller than triggerMinMagnitude: no automatic simulation
2025/03/25 16:54:09.456956 [Incident:Info:toast@toast-new:Origin updated] Origin updated: OT: 2025-03-25 09:50:52,  Lat/Lon: -6.33253°/130.537°, Depth: 145.15
2025/03/25 16:54:09.457140 [Incident:Info:toast@toast-new:Magnitude updated] Magnitude updated: 5.20 (M)
2025/03/25 16:54:09.457181 [Simulation:Info:toast@toast-new:Simulation not generated] Magnitude 5.20 of event bmg2025fwkg is smaller than triggerMinMagnitude: no automatic simulation
2025/03/25 16:54:14.361363 [Incident:Info:toast@toast-new:Origin updated] Origin updated: OT: 2025-03-25 09:50:52,  Lat/Lon: -6.33253°/130.537°, Depth: 145.15
2025/03/25 16:54:14.361562 [Incident:Info:toast@toast-new:Magnitude updated] Magnitude updated: 5.18 (M)
2025/03/25 16:54:14.361607 [Simulation:Info:toast@toast-new:Simulation not generated] Magnitude 5.18 of event bmg2025fwkg is smaller than triggerMinMagnitude: no automatic simulation
2025/03/25 16:54:19.419675 [Incident:Info:toast@toast-new:Origin updated] Origin updated: OT: 2025-03-25 09:50:52,  Lat/Lon: -6.33253°/130.537°, Depth: 145.15
2025/03/25 16:54:19.419889 [Incident:Info:toast@toast-new:Magnitude updated] Magnitude updated: 5.20 (M)
2025/03/25 16:54:19.419931 [Simulation:Info:toast@toast-new:Simulation not generated] Magnitude 5.20 of event bmg2025fwkg is smaller than triggerMinMagnitude: no automatic simulation
2025/03/25 16:54:24.372388 [Incident:Info:toast@toast-new:Origin updated] Origin updated: OT: 2025-03-25 09:50:52,  Lat/Lon: -6.33253°/130.537°, Depth: 145.15
2025/03/25 16:54:24.372598 [Incident:Info:toast@toast-new:Magnitude updated] Magnitude updated: 5.21 (M)
2025/03/25 16:54:24.372641 [Simulation:Info:toast@toast-new:Simulation not generated] Magnitude 5.21 of event bmg2025fwkg is smaller than triggerMinMagnitude: no automatic simulation
2025/03/25 16:54:29.413969 [Incident:Info:toast@toast-new:Origin updated] Origin updated: OT: 2025-03-25 09:50:52,  Lat/Lon: -6.33253°/130.537°, Depth: 145.15
2025/03/25 16:54:29.414166 [Incident:Info:toast@toast-new:Magnitude updated] Magnitude updated: 5.14 (Mw(mB))
2025/03/25 16:54:29.414210 [Simulation:Info:toast@toast-new:Simulation not generated] Magnitude 5.14 of event bmg2025fwkg is smaller than triggerMinMagnitude: no automatic simulation
2025/03/25 16:54:29.435190 [Incident:Info:toast@toast-new:Origin updated] Origin updated: OT: 2025-03-25 09:50:52,  Lat/Lon: -6.33253°/130.537°, Depth: 145.15
2025/03/25 16:54:29.435303 [Simulation:Info:toast@toast-new:Simulation not generated] Magnitude 5.14 of event bmg2025fwkg is smaller than triggerMinMagnitude: no automatic simulation
2025/03/25 16:54:34.412774 [Incident:Info:toast@toast-new:Origin updated] Origin updated: OT: 2025-03-25 09:50:52,  Lat/Lon: -6.33253°/130.537°, Depth: 145.15
2025/03/25 16:54:34.412957 [Incident:Info:toast@toast-new:Magnitude updated] Magnitude updated: 5.12 (Mw(mB))
2025/03/25 16:54:34.413008 [Simulation:Info:toast@toast-new:Simulation not generated] Magnitude 5.12 of event bmg2025fwkg is smaller than triggerMinMagnitude: no automatic simulation
2025/03/25 16:54:36.368572 [Incident:Info:toast@toast-new:Origin updated] Origin updated: OT: 2025-03-25 09:50:52,  Lat/Lon: -6.35046°/130.536°, Depth: 151.95
2025/03/25 16:54:36.368773 [Incident:Info:toast@toast-new:Magnitude updated] Magnitude updated: 5.10 (Mw(mB))
2025/03/25 16:54:36.368818 [Simulation:Info:toast@toast-new:Simulation not generated] Magnitude 5.10 of event bmg2025fwkg is smaller than triggerMinMagnitude: no automatic simulation
2025/03/25 16:54:39.400171 [Incident:Info:toast@toast-new:Origin updated] Origin updated: OT: 2025-03-25 09:50:52,  Lat/Lon: -6.35046°/130.536°, Depth: 151.95
2025/03/25 16:54:39.400355 [Incident:Info:toast@toast-new:Magnitude updated] Magnitude updated: 5.12 (Mw(mB))
2025/03/25 16:54:39.400414 [Simulation:Info:toast@toast-new:Simulation not generated] Magnitude 5.12 of event bmg2025fwkg is smaller than triggerMinMagnitude: no automatic simulation
2025/03/25 16:54:49.454919 [Incident:Info:toast@toast-new:Origin updated] Origin updated: OT: 2025-03-25 09:50:52,  Lat/Lon: -6.30438°/130.527°, Depth: 135.787
2025/03/25 16:54:49.455132 [Incident:Info:toast@toast-new:Magnitude updated] Magnitude updated: 5.13 (Mw(mB))
2025/03/25 16:54:49.455177 [Simulation:Info:toast@toast-new:Simulation not generated] Magnitude 5.13 of event bmg2025fwkg is smaller than triggerMinMagnitude: no automatic simulation
2025/03/25 16:55:48.793765 [Incident:Info:toast@toast-new:Origin updated] Origin updated: OT: 2025-03-25 09:50:52,  Lat/Lon: -6.32934°/130.523°, Depth: 138.02
2025/03/25 16:55:48.793945 [Incident:Info:toast@toast-new:Magnitude updated] Magnitude updated: 5.17 (Mw(mB))
2025/03/25 16:55:48.793992 [Simulation:Info:toast@toast-new:Simulation not generated] Magnitude 5.17 of event bmg2025fwkg is smaller than triggerMinMagnitude: no automatic simulation
2025/03/25 16:55:48.925709 [Incident:Info:toast@toast-new:Origin updated] Origin updated: OT: 2025-03-25 09:50:52,  Lat/Lon: -6.32934°/130.523°, Depth: 138.02
2025/03/25 16:55:48.925881 [Incident:Info:toast@toast-new:Magnitude updated] Magnitude updated: 5.16 (Mw(mB))
2025/03/25 16:55:48.925923 [Simulation:Info:toast@toast-new:Simulation not generated] Magnitude 5.16 of event bmg2025fwkg is smaller than triggerMinMagnitude: no automatic simulation
2025/03/25 16:57:29.927395 [Incident:Info:toast@toast-new:Origin updated] Origin updated: OT: 2025-03-25 09:50:52,  Lat/Lon: -6.35332°/130.532°, Depth: 140.036
2025/03/25 16:57:29.927559 [Incident:Info:toast@toast-new:Magnitude updated] Magnitude updated: 5.12 (Mw(mB))
2025/03/25 16:57:29.927594 [Simulation:Info:toast@toast-new:Simulation not generated] Magnitude 5.12 of event bmg2025fwkg is smaller than triggerMinMagnitude: no automatic simulation
2025/03/25 16:59:27.023210 [Incident:Info:toast@toast-new:Origin updated] Origin updated: OT: 2025-03-25 09:50:52,  Lat/Lon: -6.33239°/130.517°, Depth: 147.039
2025/03/25 16:59:27.023414 [Incident:Info:toast@toast-new:Magnitude updated] Magnitude updated: 5.11 (Mw(mB))
2025/03/25 16:59:27.023454 [Simulation:Info:toast@toast-new:Simulation not generated] Magnitude 5.11 of event bmg2025fwkg is smaller than triggerMinMagnitude: no automatic simulation
2025/03/25 17:02:04.984372 [Incident:Info:toast@toast-new:Origin updated] Origin updated: OT: 2025-03-25 09:50:52,  Lat/Lon: -6.33239°/130.517°, Depth: 147.039
2025/03/25 17:02:04.984557 [Incident:Info:toast@toast-new:FM updated] FM updated
2025/03/25 17:02:04.984747 [Simulation:Info:toast@toast-new:Simulation not generated] Magnitude 5.11 of event bmg2025fwkg is smaller than triggerMinMagnitude: no automatic simulation
2025/03/25 17:03:55.179381 [Incident:Info:toast@toast-new:Origin updated] Origin updated: OT: 2025-03-25 09:50:52,  Lat/Lon: -6.33239°/130.517°, Depth: 147.039
2025/03/25 17:03:55.179571 [Incident:Info:toast@toast-new:FM updated] FM updated
2025/03/25 17:03:55.179777 [Simulation:Info:toast@toast-new:Simulation not generated] Magnitude 5.11 of event bmg2025fwkg is smaller than triggerMinMagnitude: no automatic simulation
2025/03/25 17:05:46.746243 [Incident:Info:toast@toast-new:Origin updated] Origin updated: OT: 2025-03-25 09:50:52,  Lat/Lon: -6.33239°/130.517°, Depth: 147.039
2025/03/25 17:05:46.746404 [Incident:Info:toast@toast-new:FM updated] FM updated
2025/03/25 17:05:46.746569 [Simulation:Info:toast@toast-new:Simulation not generated] Magnitude 5.11 of event bmg2025fwkg is smaller than triggerMinMagnitude: no automatic simulation
2025/03/25 17:06:52.714187 [Incident:Info:toast@toast-new:Origin updated] Origin updated: OT: 2025-03-25 09:50:52,  Lat/Lon: -6.33239°/130.517°, Depth: 147.039
2025/03/25 17:06:52.714375 [Simulation:Info:toast@toast-new:Simulation not generated] Magnitude 5.11 of event bmg2025fwkg is smaller than triggerMinMagnitude: no automatic simulation
2025/03/25 17:07:40.745823 [Incident:Info:toast@toast-new:Origin updated] Origin updated: OT: 2025-03-25 09:50:51,  Lat/Lon: -6.39869°/130.466°, Depth: 110
2025/03/25 17:07:40.746028 [Incident:Info:toast@toast-new:Magnitude updated] Magnitude updated: 5.19 (Mw(mB))
2025/03/25 17:07:40.746070 [Simulation:Info:toast@toast-new:Simulation not generated] Magnitude 5.19 of event bmg2025fwkg is smaller than triggerMinMagnitude: no automatic simulation
2025/04/22 04:34:45.330187 [Incident:Info:toast@toast-new:Origin updated] Origin updated: OT: 2025-03-25 09:50:51,  Lat/Lon: -6.30318°/130.502°, Depth: 140.255
2025/04/22 04:34:45.365878 [Incident:Info:toast@toast-new:Magnitude updated] Magnitude updated: 5.18 (Mw(mB))
2025/04/22 04:34:45.365959 [Simulation:Info:toast@toast-new:Simulation not generated] Magnitude 5.18 of event bmg2025fwkg is smaller than triggerMinMagnitude: no automatic simulation
