2025/07/07 05:39:33.751340 [Incident:Info:toast@toast-new:Displacement(s) updated] Added 0 and changed 0 displacements with 0 amplitudes
2025/07/07 05:39:33.751766 [Incident:Info:toast@toast-new:Incident created] Incident created based on event received from messaging: OT: 2025-07-06 22:38:04,  Lat/Lon: -8.62°/118.38°, Depth: 116.54, Mag: 5.00 (M)
2025/07/07 05:39:33.752376 [Simulation:Info:toast@toast-new:Simulation not generated] Magnitude 5.00 of event bmg2025ndoj is smaller than triggerMinMagnitude: no automatic simulation
2025/07/07 05:39:33.772880 [Incident:Info:toast@toast-new:Origin updated] Origin updated: OT: 2025-07-06 22:38:04,  Lat/Lon: -8.62348°/118.379°, Depth: 116.542
2025/07/07 05:39:33.773039 [Simulation:Info:toast@toast-new:Simulation not generated] Magnitude 5.00 of event bmg2025ndoj is smaller than triggerMinMagnitude: no automatic simulation
2025/07/07 05:39:38.683289 [Incident:Info:toast@toast-new:Origin updated] Origin updated: OT: 2025-07-06 22:38:04,  Lat/Lon: -8.62348°/118.379°, Depth: 116.542
2025/07/07 05:39:38.683488 [Incident:Info:toast@toast-new:Magnitude updated] Magnitude updated: 5.02 (M)
2025/07/07 05:39:38.683533 [Simulation:Info:toast@toast-new:Simulation not generated] Magnitude 5.02 of event bmg2025ndoj is smaller than triggerMinMagnitude: no automatic simulation
2025/07/07 05:39:40.522750 [Incident:Info:toast@toast-new:Origin updated] Origin updated: OT: 2025-07-06 22:38:04,  Lat/Lon: -8.66722°/118.387°, Depth: 116.107
2025/07/07 05:39:40.522953 [Incident:Info:toast@toast-new:Magnitude updated] Magnitude updated: 5.09 (M)
2025/07/07 05:39:40.522999 [Simulation:Info:toast@toast-new:Simulation not generated] Magnitude 5.09 of event bmg2025ndoj is smaller than triggerMinMagnitude: no automatic simulation
2025/07/07 05:39:43.704838 [Incident:Info:toast@toast-new:Origin updated] Origin updated: OT: 2025-07-06 22:38:04,  Lat/Lon: -8.66722°/118.387°, Depth: 116.107
2025/07/07 05:39:43.705028 [Incident:Info:toast@toast-new:Magnitude updated] Magnitude updated: 5.10 (M)
2025/07/07 05:39:43.705071 [Simulation:Info:toast@toast-new:Simulation not generated] Magnitude 5.10 of event bmg2025ndoj is smaller than triggerMinMagnitude: no automatic simulation
2025/07/07 05:39:48.687813 [Incident:Info:toast@toast-new:Origin updated] Origin updated: OT: 2025-07-06 22:38:04,  Lat/Lon: -8.66722°/118.387°, Depth: 116.107
2025/07/07 05:39:48.688007 [Incident:Info:toast@toast-new:Magnitude updated] Magnitude updated: 5.11 (M)
2025/07/07 05:39:48.688050 [Simulation:Info:toast@toast-new:Simulation not generated] Magnitude 5.11 of event bmg2025ndoj is smaller than triggerMinMagnitude: no automatic simulation
2025/07/07 05:39:53.686578 [Incident:Info:toast@toast-new:Origin updated] Origin updated: OT: 2025-07-06 22:38:04,  Lat/Lon: -8.66722°/118.387°, Depth: 116.107
2025/07/07 05:39:53.686760 [Incident:Info:toast@toast-new:Magnitude updated] Magnitude updated: 5.11 (M)
2025/07/07 05:39:53.686801 [Simulation:Info:toast@toast-new:Simulation not generated] Magnitude 5.11 of event bmg2025ndoj is smaller than triggerMinMagnitude: no automatic simulation
2025/07/07 05:39:58.686445 [Incident:Info:toast@toast-new:Origin updated] Origin updated: OT: 2025-07-06 22:38:04,  Lat/Lon: -8.66722°/118.387°, Depth: 116.107
2025/07/07 05:39:58.686628 [Incident:Info:toast@toast-new:Magnitude updated] Magnitude updated: 5.12 (M)
2025/07/07 05:39:58.686671 [Simulation:Info:toast@toast-new:Simulation not generated] Magnitude 5.12 of event bmg2025ndoj is smaller than triggerMinMagnitude: no automatic simulation
2025/07/07 05:39:59.265007 [Incident:Info:toast@toast-new:Origin updated] Origin updated: OT: 2025-07-06 22:38:05,  Lat/Lon: -8.66306°/118.391°, Depth: 113.93
2025/07/07 05:39:59.265247 [Incident:Info:toast@toast-new:Magnitude updated] Magnitude updated: 5.21 (M)
2025/07/07 05:39:59.265299 [Simulation:Info:toast@toast-new:Simulation not generated] Magnitude 5.21 of event bmg2025ndoj is smaller than triggerMinMagnitude: no automatic simulation
2025/07/07 16:09:03.792040 [Incident:Info:toast@toast-new:Origin updated] Origin updated: OT: 2025-07-06 22:38:05,  Lat/Lon: -8.68977°/118.386°, Depth: 115.692
2025/07/07 16:09:03.792227 [Incident:Info:toast@toast-new:Magnitude updated] Magnitude updated: 5.19 (MLv)
2025/07/07 16:09:03.792261 [Simulation:Info:toast@toast-new:Simulation not generated] Magnitude 5.19 of event bmg2025ndoj is smaller than triggerMinMagnitude: no automatic simulation
