2025/04/12 05:29:20.073263 [Incident:Info:toast@toast-new:Displacement(s) updated] Added 0 and changed 0 displacements with 0 amplitudes
2025/04/12 05:29:20.114740 [Incident:Info:toast@toast-new:Incident created] Incident created based on event received from messaging: OT: 2025-04-11 22:24:47,  Lat/Lon: -5.56°/146.59°, Depth: 10.00, Mag: 5.39 (M)
2025/04/12 05:29:20.115055 [Simulation:Info:toast@toast-new:Simulation not generated] Magnitude 5.39 of event bmg2025hckr is smaller than triggerMinMagnitude: no automatic simulation
2025/04/12 05:29:20.126181 [Incident:Info:toast@toast-new:Origin updated] Origin updated: OT: 2025-04-11 22:24:47,  Lat/Lon: -5.55656°/146.593°, Depth: 10
2025/04/12 05:29:20.126277 [Simulation:Info:toast@toast-new:Simulation not generated] Magnitude 5.39 of event bmg2025hckr is smaller than triggerMinMagnitude: no automatic simulation
2025/04/12 05:29:29.244648 [Incident:Info:toast@toast-new:Origin updated] Origin updated: OT: 2025-04-11 22:24:46,  Lat/Lon: -5.49251°/146.582°, Depth: 10
2025/04/12 05:29:29.244870 [Incident:Info:toast@toast-new:Magnitude updated] Magnitude updated: 5.38 (M)
2025/04/12 05:29:29.244917 [Simulation:Info:toast@toast-new:Simulation not generated] Magnitude 5.38 of event bmg2025hckr is smaller than triggerMinMagnitude: no automatic simulation
2025/04/12 05:29:34.939744 [Incident:Info:toast@toast-new:Origin updated] Origin updated: OT: 2025-04-11 22:24:46,  Lat/Lon: -5.49251°/146.582°, Depth: 10
2025/04/12 05:29:34.939935 [Incident:Info:toast@toast-new:Magnitude updated] Magnitude updated: 5.38 (M)
2025/04/12 05:29:34.939971 [Simulation:Info:toast@toast-new:Simulation not generated] Magnitude 5.38 of event bmg2025hckr is smaller than triggerMinMagnitude: no automatic simulation
2025/04/12 05:29:39.939870 [Incident:Info:toast@toast-new:Origin updated] Origin updated: OT: 2025-04-11 22:24:46,  Lat/Lon: -5.49251°/146.582°, Depth: 10
2025/04/12 05:29:39.940038 [Incident:Info:toast@toast-new:Magnitude updated] Magnitude updated: 5.36 (M)
2025/04/12 05:29:39.940068 [Simulation:Info:toast@toast-new:Simulation not generated] Magnitude 5.36 of event bmg2025hckr is smaller than triggerMinMagnitude: no automatic simulation
2025/04/12 05:29:44.930857 [Incident:Info:toast@toast-new:Origin updated] Origin updated: OT: 2025-04-11 22:24:46,  Lat/Lon: -5.49251°/146.582°, Depth: 10
2025/04/12 05:29:44.931049 [Incident:Info:toast@toast-new:Magnitude updated] Magnitude updated: 5.36 (M)
2025/04/12 05:29:44.931090 [Simulation:Info:toast@toast-new:Simulation not generated] Magnitude 5.36 of event bmg2025hckr is smaller than triggerMinMagnitude: no automatic simulation
2025/04/12 05:29:45.701233 [Incident:Info:toast@toast-new:Origin updated] Origin updated: OT: 2025-04-11 22:24:46,  Lat/Lon: -5.48033°/146.583°, Depth: 10
2025/04/12 05:29:45.701438 [Incident:Info:toast@toast-new:Magnitude updated] Magnitude updated: 5.36 (M)
2025/04/12 05:29:45.701482 [Simulation:Info:toast@toast-new:Simulation not generated] Magnitude 5.36 of event bmg2025hckr is smaller than triggerMinMagnitude: no automatic simulation
2025/04/12 05:29:49.986943 [Incident:Info:toast@toast-new:Origin updated] Origin updated: OT: 2025-04-11 22:24:46,  Lat/Lon: -5.48033°/146.583°, Depth: 10
2025/04/12 05:29:49.987134 [Incident:Info:toast@toast-new:Magnitude updated] Magnitude updated: 5.34 (M)
2025/04/12 05:29:49.987196 [Simulation:Info:toast@toast-new:Simulation not generated] Magnitude 5.34 of event bmg2025hckr is smaller than triggerMinMagnitude: no automatic simulation
2025/04/12 05:29:57.449746 [Incident:Info:toast@toast-new:Origin updated] Origin updated: OT: 2025-04-11 22:24:46,  Lat/Lon: -5.48799°/146.567°, Depth: 10
2025/04/12 05:29:57.449924 [Incident:Info:toast@toast-new:Magnitude updated] Magnitude updated: 5.30 (M)
2025/04/12 05:29:57.449954 [Simulation:Info:toast@toast-new:Simulation not generated] Magnitude 5.30 of event bmg2025hckr is smaller than triggerMinMagnitude: no automatic simulation
2025/04/12 05:30:09.262808 [Incident:Info:toast@toast-new:Origin updated] Origin updated: OT: 2025-04-11 22:24:46,  Lat/Lon: -5.49557°/146.567°, Depth: 10
2025/04/12 05:30:09.263014 [Incident:Info:toast@toast-new:Magnitude updated] Magnitude updated: 5.30 (M)
2025/04/12 05:30:09.263049 [Simulation:Info:toast@toast-new:Simulation not generated] Magnitude 5.30 of event bmg2025hckr is smaller than triggerMinMagnitude: no automatic simulation
2025/04/12 05:30:14.956738 [Incident:Info:toast@toast-new:Origin updated] Origin updated: OT: 2025-04-11 22:24:46,  Lat/Lon: -5.49557°/146.567°, Depth: 10
2025/04/12 05:30:14.956883 [Incident:Info:toast@toast-new:Magnitude updated] Magnitude updated: 5.28 (M)
2025/04/12 05:30:14.956915 [Simulation:Info:toast@toast-new:Simulation not generated] Magnitude 5.28 of event bmg2025hckr is smaller than triggerMinMagnitude: no automatic simulation
2025/04/12 05:30:19.889778 [Incident:Info:toast@toast-new:Origin updated] Origin updated: OT: 2025-04-11 22:24:46,  Lat/Lon: -5.49557°/146.567°, Depth: 10
2025/04/12 05:30:19.889965 [Incident:Info:toast@toast-new:Magnitude updated] Magnitude updated: 5.26 (M)
2025/04/12 05:30:19.890014 [Simulation:Info:toast@toast-new:Simulation not generated] Magnitude 5.26 of event bmg2025hckr is smaller than triggerMinMagnitude: no automatic simulation
2025/04/12 05:30:34.919611 [Incident:Info:toast@toast-new:Origin updated] Origin updated: OT: 2025-04-11 22:24:46,  Lat/Lon: -5.49557°/146.567°, Depth: 10
2025/04/12 05:30:34.919790 [Incident:Info:toast@toast-new:Magnitude updated] Magnitude updated: 5.26 (M)
2025/04/12 05:30:34.919824 [Simulation:Info:toast@toast-new:Simulation not generated] Magnitude 5.26 of event bmg2025hckr is smaller than triggerMinMagnitude: no automatic simulation
2025/04/12 05:30:44.200225 [Incident:Info:toast@toast-new:Origin updated] Origin updated: OT: 2025-04-11 22:24:46,  Lat/Lon: -5.49066°/146.569°, Depth: 10
2025/04/12 05:30:44.200417 [Incident:Info:toast@toast-new:Magnitude updated] Magnitude updated: 5.26 (M)
2025/04/12 05:30:44.200451 [Simulation:Info:toast@toast-new:Simulation not generated] Magnitude 5.26 of event bmg2025hckr is smaller than triggerMinMagnitude: no automatic simulation
2025/04/12 05:30:52.503191 [Incident:Info:toast@toast-new:Origin updated] Origin updated: OT: 2025-04-11 22:24:51,  Lat/Lon: -5.55762°/146.574°, Depth: 137.761
2025/04/12 05:30:52.503462 [Incident:Info:toast@toast-new:Magnitude updated] Magnitude updated: 5.11 (M)
2025/04/12 05:30:52.503537 [Simulation:Info:toast@toast-new:Simulation not generated] Magnitude 5.11 of event bmg2025hckr is smaller than triggerMinMagnitude: no automatic simulation
2025/04/12 05:30:54.881255 [Incident:Info:toast@toast-new:Origin updated] Origin updated: OT: 2025-04-11 22:24:51,  Lat/Lon: -5.55762°/146.574°, Depth: 137.761
2025/04/12 05:30:54.881481 [Incident:Info:toast@toast-new:Magnitude updated] Magnitude updated: 5.09 (M)
2025/04/12 05:30:54.881545 [Simulation:Info:toast@toast-new:Simulation not generated] Magnitude 5.09 of event bmg2025hckr is smaller than triggerMinMagnitude: no automatic simulation
2025/04/12 05:30:59.882880 [Incident:Info:toast@toast-new:Origin updated] Origin updated: OT: 2025-04-11 22:24:51,  Lat/Lon: -5.55762°/146.574°, Depth: 137.761
2025/04/12 05:30:59.883063 [Incident:Info:toast@toast-new:Magnitude updated] Magnitude updated: 5.08 (M)
2025/04/12 05:30:59.883099 [Simulation:Info:toast@toast-new:Simulation not generated] Magnitude 5.08 of event bmg2025hckr is smaller than triggerMinMagnitude: no automatic simulation
2025/04/12 05:31:04.890236 [Incident:Info:toast@toast-new:Origin updated] Origin updated: OT: 2025-04-11 22:24:51,  Lat/Lon: -5.55762°/146.574°, Depth: 137.761
2025/04/12 05:31:04.890416 [Incident:Info:toast@toast-new:Magnitude updated] Magnitude updated: 5.06 (M)
2025/04/12 05:31:04.890451 [Simulation:Info:toast@toast-new:Simulation not generated] Magnitude 5.06 of event bmg2025hckr is smaller than triggerMinMagnitude: no automatic simulation
2025/04/12 05:32:24.890593 [Incident:Info:toast@toast-new:Origin updated] Origin updated: OT: 2025-04-11 22:24:52,  Lat/Lon: -5.50907°/146.541°, Depth: 148.67
2025/04/12 05:32:24.890818 [Incident:Info:toast@toast-new:Magnitude updated] Magnitude updated: 5.00 (Mw(mB))
2025/04/12 05:32:24.890882 [Simulation:Info:toast@toast-new:Simulation not generated] Magnitude 5.00 of event bmg2025hckr is smaller than triggerMinMagnitude: no automatic simulation
2025/04/12 05:32:34.891818 [Incident:Info:toast@toast-new:Origin updated] Origin updated: OT: 2025-04-11 22:24:52,  Lat/Lon: -5.50907°/146.541°, Depth: 148.67
2025/04/12 05:32:34.891998 [Incident:Info:toast@toast-new:Magnitude updated] Magnitude updated: 5.01 (Mw(mB))
2025/04/12 05:32:34.892029 [Simulation:Info:toast@toast-new:Simulation not generated] Magnitude 5.01 of event bmg2025hckr is smaller than triggerMinMagnitude: no automatic simulation
2025/04/12 05:32:58.793537 [Incident:Info:toast@toast-new:Origin updated] Origin updated: OT: 2025-04-11 22:24:52,  Lat/Lon: -5.49702°/146.535°, Depth: 152.38
2025/04/12 05:32:58.793760 [Incident:Info:toast@toast-new:Magnitude updated] Magnitude updated: 5.02 (Mw(mB))
2025/04/12 05:32:58.793806 [Simulation:Info:toast@toast-new:Simulation not generated] Magnitude 5.02 of event bmg2025hckr is smaller than triggerMinMagnitude: no automatic simulation
2025/04/12 05:32:59.895830 [Incident:Info:toast@toast-new:Origin updated] Origin updated: OT: 2025-04-11 22:24:52,  Lat/Lon: -5.49702°/146.535°, Depth: 152.38
2025/04/12 05:32:59.896023 [Incident:Info:toast@toast-new:Magnitude updated] Magnitude updated: 5.04 (Mw(mB))
2025/04/12 05:32:59.896061 [Simulation:Info:toast@toast-new:Simulation not generated] Magnitude 5.04 of event bmg2025hckr is smaller than triggerMinMagnitude: no automatic simulation
2025/04/12 05:33:09.899596 [Incident:Info:toast@toast-new:Origin updated] Origin updated: OT: 2025-04-11 22:24:52,  Lat/Lon: -5.49702°/146.535°, Depth: 152.38
2025/04/12 05:33:09.899768 [Incident:Info:toast@toast-new:Magnitude updated] Magnitude updated: 5.10 (Mw(mB))
2025/04/12 05:33:09.899816 [Simulation:Info:toast@toast-new:Simulation not generated] Magnitude 5.10 of event bmg2025hckr is smaller than triggerMinMagnitude: no automatic simulation
2025/04/12 05:33:14.897095 [Incident:Info:toast@toast-new:Origin updated] Origin updated: OT: 2025-04-11 22:24:52,  Lat/Lon: -5.49702°/146.535°, Depth: 152.38
2025/04/12 05:33:14.897271 [Incident:Info:toast@toast-new:Magnitude updated] Magnitude updated: 5.11 (Mw(mB))
2025/04/12 05:33:14.897302 [Simulation:Info:toast@toast-new:Simulation not generated] Magnitude 5.11 of event bmg2025hckr is smaller than triggerMinMagnitude: no automatic simulation
2025/04/12 05:34:03.921941 [Incident:Info:toast@toast-new:Origin updated] Origin updated: OT: 2025-04-11 22:24:52,  Lat/Lon: -5.49608°/146.535°, Depth: 152.739
2025/04/12 05:34:03.922140 [Incident:Info:toast@toast-new:Magnitude updated] Magnitude updated: 5.12 (Mw(mB))
2025/04/12 05:34:03.922173 [Simulation:Info:toast@toast-new:Simulation not generated] Magnitude 5.12 of event bmg2025hckr is smaller than triggerMinMagnitude: no automatic simulation
2025/04/12 05:34:34.874919 [Incident:Info:toast@toast-new:Origin updated] Origin updated: OT: 2025-04-11 22:24:52,  Lat/Lon: -5.49608°/146.535°, Depth: 152.739
2025/04/12 05:34:34.875097 [Incident:Info:toast@toast-new:Magnitude updated] Magnitude updated: 5.12 (Mw(mB))
2025/04/12 05:34:34.875129 [Simulation:Info:toast@toast-new:Simulation not generated] Magnitude 5.12 of event bmg2025hckr is smaller than triggerMinMagnitude: no automatic simulation
2025/04/12 05:35:14.455214 [Incident:Info:toast@toast-new:Origin updated] Origin updated: OT: 2025-04-11 22:24:52,  Lat/Lon: -5.49453°/146.536°, Depth: 152.845
2025/04/12 05:35:14.455418 [Incident:Info:toast@toast-new:Magnitude updated] Magnitude updated: 5.12 (Mw(mB))
2025/04/12 05:35:14.455454 [Simulation:Info:toast@toast-new:Simulation not generated] Magnitude 5.12 of event bmg2025hckr is smaller than triggerMinMagnitude: no automatic simulation
2025/04/12 05:36:24.665884 [Incident:Info:toast@toast-new:Origin updated] Origin updated: OT: 2025-04-11 22:24:52,  Lat/Lon: -5.4903°/146.532°, Depth: 152.361
2025/04/12 05:36:24.666098 [Incident:Info:toast@toast-new:Magnitude updated] Magnitude updated: 5.12 (Mw(mB))
2025/04/12 05:36:24.666154 [Simulation:Info:toast@toast-new:Simulation not generated] Magnitude 5.12 of event bmg2025hckr is smaller than triggerMinMagnitude: no automatic simulation
2025/04/12 05:37:39.680892 [Incident:Info:toast@toast-new:Origin updated] Origin updated: OT: 2025-04-11 22:24:52,  Lat/Lon: -5.50203°/146.515°, Depth: 151.387
2025/04/12 05:37:39.681099 [Incident:Info:toast@toast-new:Magnitude updated] Magnitude updated: 5.13 (Mw(mB))
2025/04/12 05:37:39.681132 [Simulation:Info:toast@toast-new:Simulation not generated] Magnitude 5.13 of event bmg2025hckr is smaller than triggerMinMagnitude: no automatic simulation
2025/04/12 05:38:54.683040 [Incident:Info:toast@toast-new:Origin updated] Origin updated: OT: 2025-04-11 22:24:52,  Lat/Lon: -5.51601°/146.5°, Depth: 150.522
2025/04/12 05:38:54.683241 [Incident:Info:toast@toast-new:Magnitude updated] Magnitude updated: 5.13 (Mw(mB))
2025/04/12 05:38:54.683278 [Simulation:Info:toast@toast-new:Simulation not generated] Magnitude 5.13 of event bmg2025hckr is smaller than triggerMinMagnitude: no automatic simulation
2025/04/12 05:40:09.689608 [Incident:Info:toast@toast-new:Origin updated] Origin updated: OT: 2025-04-11 22:24:52,  Lat/Lon: -5.51599°/146.5°, Depth: 150.523
2025/04/12 05:40:09.689800 [Incident:Info:toast@toast-new:Magnitude updated] Magnitude updated: 5.13 (Mw(mB))
2025/04/12 05:40:09.689830 [Simulation:Info:toast@toast-new:Simulation not generated] Magnitude 5.13 of event bmg2025hckr is smaller than triggerMinMagnitude: no automatic simulation
2025/04/12 05:45:04.926426 [Incident:Info:toast@toast-new:Origin updated] Origin updated: OT: 2025-04-11 22:24:52,  Lat/Lon: -5.51599°/146.5°, Depth: 150.523
2025/04/12 05:45:04.926622 [Simulation:Info:toast@toast-new:Simulation not generated] Magnitude 5.13 of event bmg2025hckr is smaller than triggerMinMagnitude: no automatic simulation
2025/04/12 07:09:50.960277 [Incident:Info:toast@toast-new:Origin updated] Origin updated: OT: 2025-04-11 22:24:52,  Lat/Lon: -5.51607°/146.5°, Depth: 150.576
2025/04/12 07:09:50.960488 [Incident:Info:toast@toast-new:Magnitude updated] Magnitude updated: 5.13 (Mw(mB))
2025/04/12 07:09:50.960521 [Simulation:Info:toast@toast-new:Simulation not generated] Magnitude 5.13 of event bmg2025hckr is smaller than triggerMinMagnitude: no automatic simulation
2025/04/12 11:01:13.732986 [Incident:Info:toast@toast-new:Origin updated] Origin updated: OT: 2025-04-11 22:24:51,  Lat/Lon: -5.54383°/146.52°, Depth: 143.868
2025/04/12 11:01:13.733264 [Incident:Info:toast@toast-new:Magnitude updated] Magnitude updated: 5.13 (Mw(mB))
2025/04/12 11:01:13.733333 [Simulation:Info:toast@toast-new:Simulation not generated] Magnitude 5.13 of event bmg2025hckr is smaller than triggerMinMagnitude: no automatic simulation
2025/04/12 11:01:17.922700 [Incident:Info:toast@toast-new:Origin updated] Origin updated: OT: 2025-04-11 22:24:51,  Lat/Lon: -5.54383°/146.52°, Depth: 143.868
2025/04/12 11:01:17.922881 [Incident:Info:toast@toast-new:Magnitude updated] Magnitude updated: 5.14 (mb)
2025/04/12 11:01:17.922922 [Simulation:Info:toast@toast-new:Simulation not generated] Magnitude 5.14 of event bmg2025hckr is smaller than triggerMinMagnitude: no automatic simulation
2025/04/12 11:01:40.260381 [Incident:Info:toast@toast-new:Origin updated] Origin updated: OT: 2025-04-11 22:24:51,  Lat/Lon: -5.54383°/146.52°, Depth: 143.868
2025/04/12 11:01:40.260562 [Simulation:Info:toast@toast-new:Simulation not generated] Magnitude 5.14 of event bmg2025hckr is smaller than triggerMinMagnitude: no automatic simulation
2025/04/12 11:01:40.282199 [Incident:Info:toast@toast-new:Origin updated] Origin updated: OT: 2025-04-11 22:24:51,  Lat/Lon: -5.54383°/146.52°, Depth: 143.868
2025/04/12 11:01:40.282306 [Simulation:Info:toast@toast-new:Simulation not generated] Magnitude 5.14 of event bmg2025hckr is smaller than triggerMinMagnitude: no automatic simulation
2025/04/12 12:59:46.715348 [Incident:Info:toast@toast-new:Origin updated] Origin updated: OT: 2025-04-11 22:24:51,  Lat/Lon: -5.54383°/146.52°, Depth: 143.868
2025/04/12 12:59:46.715543 [Incident:Info:toast@toast-new:FM updated] FM updated
2025/04/12 12:59:46.715814 [Simulation:Info:toast@toast-new:Simulation not generated] Magnitude 5.14 of event bmg2025hckr is smaller than triggerMinMagnitude: no automatic simulation
2025/04/14 21:11:55.899908 [Incident:Info:toast@toast-new:Incident removed] Removed incident - Bye
