2025/03/18 05:25:51.117781 [Incident:Info:toast@toast-new:Displacement(s) updated] Added 0 and changed 0 displacements with 0 amplitudes
2025/03/18 05:25:51.139442 [Incident:Info:toast@toast-new:Incident created] Incident created based on event received from messaging: OT: 2025-03-17 22:23:55,  Lat/Lon: 0.43°/99.04°, Depth: 53.32, Mag: 5.37 (M)
2025/03/18 05:25:51.139832 [Simulation:Info:toast@toast-new:Simulation not generated] Magnitude 5.37 of event bmg2025fitb is smaller than triggerMinMagnitude: no automatic simulation
2025/03/18 05:25:51.149564 [Incident:Info:toast@toast-new:Origin updated] Origin updated: OT: 2025-03-17 22:23:55,  Lat/Lon: 0.429568°/99.0434°, Depth: 53.3208
2025/03/18 05:25:51.149672 [Simulation:Info:toast@toast-new:Simulation not generated] Magnitude 5.37 of event bmg2025fitb is smaller than triggerMinMagnitude: no automatic simulation
2025/03/18 05:25:54.138472 [Incident:Info:toast@toast-new:Origin updated] Origin updated: OT: 2025-03-17 22:23:55,  Lat/Lon: 0.429568°/99.0434°, Depth: 53.3208
2025/03/18 05:25:54.138605 [Incident:Info:toast@toast-new:Magnitude updated] Magnitude updated: 5.37 (M)
2025/03/18 05:25:54.138643 [Simulation:Info:toast@toast-new:Simulation not generated] Magnitude 5.37 of event bmg2025fitb is smaller than triggerMinMagnitude: no automatic simulation
2025/03/18 05:25:59.606640 [Incident:Info:toast@toast-new:Origin updated] Origin updated: OT: 2025-03-17 22:23:55,  Lat/Lon: 0.429568°/99.0434°, Depth: 53.3208
2025/03/18 05:25:59.606805 [Incident:Info:toast@toast-new:Magnitude updated] Magnitude updated: 5.38 (M)
2025/03/18 05:25:59.606836 [Simulation:Info:toast@toast-new:Simulation not generated] Magnitude 5.38 of event bmg2025fitb is smaller than triggerMinMagnitude: no automatic simulation
2025/03/18 05:26:03.191488 [Incident:Info:toast@toast-new:Origin updated] Origin updated: OT: 2025-03-17 22:23:54,  Lat/Lon: 0.438914°/99.0124°, Depth: 74.6202
2025/03/18 05:26:03.191662 [Incident:Info:toast@toast-new:Magnitude updated] Magnitude updated: 5.48 (M)
2025/03/18 05:26:03.191707 [Simulation:Info:toast@toast-new:Simulation not generated] Magnitude 5.48 of event bmg2025fitb is smaller than triggerMinMagnitude: no automatic simulation
2025/03/18 05:26:04.551343 [Incident:Info:toast@toast-new:Origin updated] Origin updated: OT: 2025-03-17 22:23:54,  Lat/Lon: 0.438914°/99.0124°, Depth: 74.6202
2025/03/18 05:26:04.551547 [Incident:Info:toast@toast-new:Magnitude updated] Magnitude updated: 5.48 (M)
2025/03/18 05:26:04.551593 [Simulation:Info:toast@toast-new:Simulation not generated] Magnitude 5.48 of event bmg2025fitb is smaller than triggerMinMagnitude: no automatic simulation
2025/03/18 05:26:09.602002 [Incident:Info:toast@toast-new:Origin updated] Origin updated: OT: 2025-03-17 22:23:54,  Lat/Lon: 0.438914°/99.0124°, Depth: 74.6202
2025/03/18 05:26:09.602109 [Incident:Info:toast@toast-new:Magnitude updated] Magnitude updated: 5.49 (M)
2025/03/18 05:26:09.602135 [Simulation:Info:toast@toast-new:Simulation not generated] Magnitude 5.49 of event bmg2025fitb is smaller than triggerMinMagnitude: no automatic simulation
2025/03/18 05:26:12.598235 [Incident:Info:toast@toast-new:Origin updated] Origin updated: OT: 2025-03-17 22:23:53,  Lat/Lon: 0.469763°/98.9268°, Depth: 109.066
2025/03/18 05:26:12.598411 [Incident:Info:toast@toast-new:Magnitude updated] Magnitude updated: 5.55 (M)
2025/03/18 05:26:12.598444 [Simulation:Info:toast@toast-new:Simulation not generated] Magnitude 5.55 of event bmg2025fitb is smaller than triggerMinMagnitude: no automatic simulation
2025/03/18 05:26:17.282862 [Incident:Info:toast@toast-new:Origin updated] Origin updated: OT: 2025-03-17 22:23:53,  Lat/Lon: 0.469763°/98.9268°, Depth: 109.066
2025/03/18 05:26:17.283032 [Incident:Info:toast@toast-new:Magnitude updated] Magnitude updated: 5.56 (M)
2025/03/18 05:26:17.283086 [Simulation:Info:toast@toast-new:Simulation not generated] Magnitude 5.56 of event bmg2025fitb is smaller than triggerMinMagnitude: no automatic simulation
2025/03/18 05:26:19.619921 [Incident:Info:toast@toast-new:Origin updated] Origin updated: OT: 2025-03-17 22:23:53,  Lat/Lon: 0.469763°/98.9268°, Depth: 109.066
2025/03/18 05:26:19.620079 [Incident:Info:toast@toast-new:Magnitude updated] Magnitude updated: 5.56 (M)
2025/03/18 05:26:19.620116 [Simulation:Info:toast@toast-new:Simulation not generated] Magnitude 5.56 of event bmg2025fitb is smaller than triggerMinMagnitude: no automatic simulation
2025/03/18 05:26:24.085795 [Incident:Info:toast@toast-new:Origin updated] Origin updated: OT: 2025-03-17 22:23:52,  Lat/Lon: 0.489968°/98.8814°, Depth: 121.136
2025/03/18 05:26:24.085959 [Incident:Info:toast@toast-new:Magnitude updated] Magnitude updated: 5.52 (M)
2025/03/18 05:26:24.086000 [Simulation:Info:toast@toast-new:Simulation not generated] Magnitude 5.52 of event bmg2025fitb is smaller than triggerMinMagnitude: no automatic simulation
2025/03/18 05:26:42.471884 [Incident:Info:toast@toast-new:Origin updated] Origin updated: OT: 2025-03-17 22:23:57,  Lat/Lon: 0.223405°/99.1367°, Depth: 87.59
2025/03/18 05:26:42.472045 [Incident:Info:toast@toast-new:Magnitude updated] Magnitude updated: 5.42 (M)
2025/03/18 05:26:42.472090 [Simulation:Info:toast@toast-new:Simulation not generated] Magnitude 5.42 of event bmg2025fitb is smaller than triggerMinMagnitude: no automatic simulation
2025/03/18 05:26:44.424069 [Incident:Info:toast@toast-new:Origin updated] Origin updated: OT: 2025-03-17 22:23:57,  Lat/Lon: 0.223405°/99.1367°, Depth: 87.59
2025/03/18 05:26:44.424229 [Incident:Info:toast@toast-new:Magnitude updated] Magnitude updated: 5.41 (M)
2025/03/18 05:26:44.424265 [Simulation:Info:toast@toast-new:Simulation not generated] Magnitude 5.41 of event bmg2025fitb is smaller than triggerMinMagnitude: no automatic simulation
2025/03/18 05:26:49.508484 [Incident:Info:toast@toast-new:Origin updated] Origin updated: OT: 2025-03-17 22:23:57,  Lat/Lon: 0.223405°/99.1367°, Depth: 87.59
2025/03/18 05:26:49.508706 [Incident:Info:toast@toast-new:Magnitude updated] Magnitude updated: 5.40 (M)
2025/03/18 05:26:49.508761 [Simulation:Info:toast@toast-new:Simulation not generated] Magnitude 5.40 of event bmg2025fitb is smaller than triggerMinMagnitude: no automatic simulation
2025/03/18 05:26:53.052882 [Incident:Info:toast@toast-new:Origin updated] Origin updated: OT: 2025-03-17 22:23:56,  Lat/Lon: 0.217053°/99.1229°, Depth: 99.5278
2025/03/18 05:26:53.053004 [Incident:Info:toast@toast-new:Magnitude updated] Magnitude updated: 5.39 (M)
2025/03/18 05:26:53.053027 [Simulation:Info:toast@toast-new:Simulation not generated] Magnitude 5.39 of event bmg2025fitb is smaller than triggerMinMagnitude: no automatic simulation
2025/03/18 05:26:59.490935 [Incident:Info:toast@toast-new:Origin updated] Origin updated: OT: 2025-03-17 22:23:56,  Lat/Lon: 0.217053°/99.1229°, Depth: 99.5278
2025/03/18 05:26:59.491170 [Incident:Info:toast@toast-new:Magnitude updated] Magnitude updated: 5.35 (M)
2025/03/18 05:26:59.491218 [Simulation:Info:toast@toast-new:Simulation not generated] Magnitude 5.35 of event bmg2025fitb is smaller than triggerMinMagnitude: no automatic simulation
2025/03/18 05:27:05.602872 [Incident:Info:toast@toast-new:Origin updated] Origin updated: OT: 2025-03-17 22:23:57,  Lat/Lon: 0.173585°/99.2886°, Depth: 158.112
2025/03/18 05:27:05.603131 [Incident:Info:toast@toast-new:Magnitude updated] Magnitude updated: 5.29 (M)
2025/03/18 05:27:05.603193 [Simulation:Info:toast@toast-new:Simulation not generated] Magnitude 5.29 of event bmg2025fitb is smaller than triggerMinMagnitude: no automatic simulation
2025/03/18 05:27:14.482671 [Incident:Info:toast@toast-new:Origin updated] Origin updated: OT: 2025-03-17 22:23:57,  Lat/Lon: 0.173585°/99.2886°, Depth: 158.112
2025/03/18 05:27:14.482866 [Incident:Info:toast@toast-new:Magnitude updated] Magnitude updated: 5.25 (M)
2025/03/18 05:27:14.482910 [Simulation:Info:toast@toast-new:Simulation not generated] Magnitude 5.25 of event bmg2025fitb is smaller than triggerMinMagnitude: no automatic simulation
2025/03/18 05:27:19.498896 [Incident:Info:toast@toast-new:Origin updated] Origin updated: OT: 2025-03-17 22:23:57,  Lat/Lon: 0.173585°/99.2886°, Depth: 158.112
2025/03/18 05:27:19.499092 [Incident:Info:toast@toast-new:Magnitude updated] Magnitude updated: 5.23 (M)
2025/03/18 05:27:19.499155 [Simulation:Info:toast@toast-new:Simulation not generated] Magnitude 5.23 of event bmg2025fitb is smaller than triggerMinMagnitude: no automatic simulation
2025/03/18 05:27:21.828746 [Incident:Info:toast@toast-new:Origin updated] Origin updated: OT: 2025-03-17 22:23:57,  Lat/Lon: 0.173585°/99.2886°, Depth: 158.112
2025/03/18 05:27:21.828938 [Incident:Info:toast@toast-new:Magnitude updated] Magnitude updated: 5.25 (M)
2025/03/18 05:27:21.828983 [Simulation:Info:toast@toast-new:Simulation not generated] Magnitude 5.25 of event bmg2025fitb is smaller than triggerMinMagnitude: no automatic simulation
2025/03/18 05:27:23.903661 [Incident:Info:toast@toast-new:Origin updated] Origin updated: OT: 2025-03-17 22:23:57,  Lat/Lon: 0.169477°/99.2779°, Depth: 162.418
2025/03/18 05:27:23.903840 [Incident:Info:toast@toast-new:Magnitude updated] Magnitude updated: 5.24 (M)
2025/03/18 05:27:23.903879 [Simulation:Info:toast@toast-new:Simulation not generated] Magnitude 5.24 of event bmg2025fitb is smaller than triggerMinMagnitude: no automatic simulation
2025/03/18 05:27:29.398428 [Incident:Info:toast@toast-new:Origin updated] Origin updated: OT: 2025-03-17 22:23:57,  Lat/Lon: 0.169477°/99.2779°, Depth: 162.418
2025/03/18 05:27:29.398602 [Incident:Info:toast@toast-new:Magnitude updated] Magnitude updated: 5.25 (M)
2025/03/18 05:27:29.398634 [Simulation:Info:toast@toast-new:Simulation not generated] Magnitude 5.25 of event bmg2025fitb is smaller than triggerMinMagnitude: no automatic simulation
2025/03/18 05:27:34.469340 [Incident:Info:toast@toast-new:Origin updated] Origin updated: OT: 2025-03-17 22:23:57,  Lat/Lon: 0.169477°/99.2779°, Depth: 162.418
2025/03/18 05:27:34.469486 [Incident:Info:toast@toast-new:Magnitude updated] Magnitude updated: 5.25 (M)
2025/03/18 05:27:34.469537 [Simulation:Info:toast@toast-new:Simulation not generated] Magnitude 5.25 of event bmg2025fitb is smaller than triggerMinMagnitude: no automatic simulation
2025/03/18 05:27:39.486584 [Incident:Info:toast@toast-new:Origin updated] Origin updated: OT: 2025-03-17 22:23:57,  Lat/Lon: 0.169477°/99.2779°, Depth: 162.418
2025/03/18 05:27:39.486780 [Incident:Info:toast@toast-new:Magnitude updated] Magnitude updated: 5.26 (M)
2025/03/18 05:27:39.486825 [Simulation:Info:toast@toast-new:Simulation not generated] Magnitude 5.26 of event bmg2025fitb is smaller than triggerMinMagnitude: no automatic simulation
2025/03/18 05:27:44.482974 [Incident:Info:toast@toast-new:Origin updated] Origin updated: OT: 2025-03-17 22:23:57,  Lat/Lon: 0.169477°/99.2779°, Depth: 162.418
2025/03/18 05:27:44.483148 [Incident:Info:toast@toast-new:Magnitude updated] Magnitude updated: 5.25 (M)
2025/03/18 05:27:44.483196 [Simulation:Info:toast@toast-new:Simulation not generated] Magnitude 5.25 of event bmg2025fitb is smaller than triggerMinMagnitude: no automatic simulation
2025/03/18 05:27:46.380349 [Incident:Info:toast@toast-new:Origin updated] Origin updated: OT: 2025-03-17 22:23:57,  Lat/Lon: 0.161792°/99.2608°, Depth: 163.06
2025/03/18 05:27:46.380584 [Incident:Info:toast@toast-new:Magnitude updated] Magnitude updated: 5.25 (M)
2025/03/18 05:27:46.380630 [Simulation:Info:toast@toast-new:Simulation not generated] Magnitude 5.25 of event bmg2025fitb is smaller than triggerMinMagnitude: no automatic simulation
2025/03/18 05:27:49.443756 [Incident:Info:toast@toast-new:Origin updated] Origin updated: OT: 2025-03-17 22:23:57,  Lat/Lon: 0.161792°/99.2608°, Depth: 163.06
2025/03/18 05:27:49.443903 [Incident:Info:toast@toast-new:Magnitude updated] Magnitude updated: 5.26 (M)
2025/03/18 05:27:49.443939 [Simulation:Info:toast@toast-new:Simulation not generated] Magnitude 5.26 of event bmg2025fitb is smaller than triggerMinMagnitude: no automatic simulation
2025/03/18 05:27:54.449930 [Incident:Info:toast@toast-new:Origin updated] Origin updated: OT: 2025-03-17 22:23:57,  Lat/Lon: 0.161792°/99.2608°, Depth: 163.06
2025/03/18 05:27:54.450114 [Incident:Info:toast@toast-new:Magnitude updated] Magnitude updated: 5.24 (M)
2025/03/18 05:27:54.450191 [Simulation:Info:toast@toast-new:Simulation not generated] Magnitude 5.24 of event bmg2025fitb is smaller than triggerMinMagnitude: no automatic simulation
2025/03/18 05:27:59.381959 [Incident:Info:toast@toast-new:Origin updated] Origin updated: OT: 2025-03-17 22:23:57,  Lat/Lon: 0.161792°/99.2608°, Depth: 163.06
2025/03/18 05:27:59.382152 [Incident:Info:toast@toast-new:Magnitude updated] Magnitude updated: 5.24 (M)
2025/03/18 05:27:59.382196 [Simulation:Info:toast@toast-new:Simulation not generated] Magnitude 5.24 of event bmg2025fitb is smaller than triggerMinMagnitude: no automatic simulation
2025/03/18 05:28:00.373459 [Incident:Info:toast@toast-new:Origin updated] Origin updated: OT: 2025-03-17 22:23:57,  Lat/Lon: 0.161792°/99.2608°, Depth: 163.06
2025/03/18 05:28:00.373652 [Incident:Info:toast@toast-new:Magnitude updated] Magnitude updated: 5.23 (M)
2025/03/18 05:28:00.373700 [Simulation:Info:toast@toast-new:Simulation not generated] Magnitude 5.23 of event bmg2025fitb is smaller than triggerMinMagnitude: no automatic simulation
2025/03/18 05:28:04.357346 [Incident:Info:toast@toast-new:Origin updated] Origin updated: OT: 2025-03-17 22:23:57,  Lat/Lon: 0.161792°/99.2608°, Depth: 163.06
2025/03/18 05:28:04.357513 [Incident:Info:toast@toast-new:Magnitude updated] Magnitude updated: 5.24 (M)
2025/03/18 05:28:04.357553 [Simulation:Info:toast@toast-new:Simulation not generated] Magnitude 5.24 of event bmg2025fitb is smaller than triggerMinMagnitude: no automatic simulation
2025/03/18 05:28:09.419028 [Incident:Info:toast@toast-new:Origin updated] Origin updated: OT: 2025-03-17 22:23:57,  Lat/Lon: 0.161792°/99.2608°, Depth: 163.06
2025/03/18 05:28:09.419223 [Incident:Info:toast@toast-new:Magnitude updated] Magnitude updated: 5.25 (M)
2025/03/18 05:28:09.419268 [Simulation:Info:toast@toast-new:Simulation not generated] Magnitude 5.25 of event bmg2025fitb is smaller than triggerMinMagnitude: no automatic simulation
2025/03/18 05:28:13.111292 [Incident:Info:toast@toast-new:Origin updated] Origin updated: OT: 2025-03-17 22:23:57,  Lat/Lon: 0.161792°/99.2608°, Depth: 163.06
2025/03/18 05:28:13.111443 [Incident:Info:toast@toast-new:Magnitude updated] Magnitude updated: 5.25 (M)
2025/03/18 05:28:13.111484 [Simulation:Info:toast@toast-new:Simulation not generated] Magnitude 5.25 of event bmg2025fitb is smaller than triggerMinMagnitude: no automatic simulation
2025/03/18 05:28:13.274203 [Incident:Info:toast@toast-new:Origin updated] Origin updated: OT: 2025-03-17 22:23:57,  Lat/Lon: 0.159342°/99.3053°, Depth: 153.095
2025/03/18 05:28:13.274403 [Incident:Info:toast@toast-new:Magnitude updated] Magnitude updated: 5.29 (M)
2025/03/18 05:28:13.274447 [Simulation:Info:toast@toast-new:Simulation not generated] Magnitude 5.29 of event bmg2025fitb is smaller than triggerMinMagnitude: no automatic simulation
2025/03/18 05:28:19.419310 [Incident:Info:toast@toast-new:Origin updated] Origin updated: OT: 2025-03-17 22:23:57,  Lat/Lon: 0.159342°/99.3053°, Depth: 153.095
2025/03/18 05:28:19.419494 [Incident:Info:toast@toast-new:Magnitude updated] Magnitude updated: 5.28 (M)
2025/03/18 05:28:19.419539 [Simulation:Info:toast@toast-new:Simulation not generated] Magnitude 5.28 of event bmg2025fitb is smaller than triggerMinMagnitude: no automatic simulation
2025/03/18 05:28:24.407112 [Incident:Info:toast@toast-new:Origin updated] Origin updated: OT: 2025-03-17 22:23:57,  Lat/Lon: 0.159342°/99.3053°, Depth: 153.095
2025/03/18 05:28:24.407317 [Incident:Info:toast@toast-new:Magnitude updated] Magnitude updated: 5.30 (M)
2025/03/18 05:28:24.407360 [Simulation:Info:toast@toast-new:Simulation not generated] Magnitude 5.30 of event bmg2025fitb is smaller than triggerMinMagnitude: no automatic simulation
2025/03/18 05:28:29.456362 [Incident:Info:toast@toast-new:Origin updated] Origin updated: OT: 2025-03-17 22:23:57,  Lat/Lon: 0.159342°/99.3053°, Depth: 153.095
2025/03/18 05:28:29.456564 [Incident:Info:toast@toast-new:Magnitude updated] Magnitude updated: 5.32 (M)
2025/03/18 05:28:29.456622 [Simulation:Info:toast@toast-new:Simulation not generated] Magnitude 5.32 of event bmg2025fitb is smaller than triggerMinMagnitude: no automatic simulation
2025/03/18 05:28:29.497006 [Incident:Info:toast@toast-new:Origin updated] Origin updated: OT: 2025-03-17 22:23:57,  Lat/Lon: 0.159342°/99.3053°, Depth: 153.095
2025/03/18 05:28:29.497125 [Incident:Info:toast@toast-new:Magnitude updated] Magnitude updated: 5.28 (Mw(mB))
2025/03/18 05:28:29.497158 [Simulation:Info:toast@toast-new:Simulation not generated] Magnitude 5.28 of event bmg2025fitb is smaller than triggerMinMagnitude: no automatic simulation
2025/03/18 05:28:39.389762 [Incident:Info:toast@toast-new:Origin updated] Origin updated: OT: 2025-03-17 22:23:57,  Lat/Lon: 0.159342°/99.3053°, Depth: 153.095
2025/03/18 05:28:39.389929 [Incident:Info:toast@toast-new:Magnitude updated] Magnitude updated: 5.31 (Mw(mB))
2025/03/18 05:28:39.389971 [Simulation:Info:toast@toast-new:Simulation not generated] Magnitude 5.31 of event bmg2025fitb is smaller than triggerMinMagnitude: no automatic simulation
2025/03/18 05:28:44.362507 [Incident:Info:toast@toast-new:Origin updated] Origin updated: OT: 2025-03-17 22:23:57,  Lat/Lon: 0.159342°/99.3053°, Depth: 153.095
2025/03/18 05:28:44.362676 [Incident:Info:toast@toast-new:Magnitude updated] Magnitude updated: 5.30 (Mw(mB))
2025/03/18 05:28:44.362718 [Simulation:Info:toast@toast-new:Simulation not generated] Magnitude 5.30 of event bmg2025fitb is smaller than triggerMinMagnitude: no automatic simulation
2025/03/18 05:28:46.846649 [Incident:Info:toast@toast-new:Origin updated] Origin updated: OT: 2025-03-17 22:23:58,  Lat/Lon: 0.122319°/99.3724°, Depth: 139.31
2025/03/18 05:28:46.846845 [Incident:Info:toast@toast-new:Magnitude updated] Magnitude updated: 5.35 (Mw(mB))
2025/03/18 05:28:46.846885 [Simulation:Info:toast@toast-new:Simulation not generated] Magnitude 5.35 of event bmg2025fitb is smaller than triggerMinMagnitude: no automatic simulation
2025/03/18 05:28:49.390799 [Incident:Info:toast@toast-new:Origin updated] Origin updated: OT: 2025-03-17 22:23:58,  Lat/Lon: 0.122319°/99.3724°, Depth: 139.31
2025/03/18 05:28:49.391013 [Incident:Info:toast@toast-new:Magnitude updated] Magnitude updated: 5.34 (Mw(mB))
2025/03/18 05:28:49.391072 [Simulation:Info:toast@toast-new:Simulation not generated] Magnitude 5.34 of event bmg2025fitb is smaller than triggerMinMagnitude: no automatic simulation
2025/03/18 05:28:54.401412 [Incident:Info:toast@toast-new:Origin updated] Origin updated: OT: 2025-03-17 22:23:58,  Lat/Lon: 0.122319°/99.3724°, Depth: 139.31
2025/03/18 05:28:54.401586 [Incident:Info:toast@toast-new:Magnitude updated] Magnitude updated: 5.35 (Mw(mB))
2025/03/18 05:28:54.401631 [Simulation:Info:toast@toast-new:Simulation not generated] Magnitude 5.35 of event bmg2025fitb is smaller than triggerMinMagnitude: no automatic simulation
2025/03/18 05:28:54.477584 [Incident:Info:toast@toast-new:Origin updated] Origin updated: OT: 2025-03-17 22:23:58,  Lat/Lon: 0.122319°/99.3724°, Depth: 139.31
2025/03/18 05:28:54.477699 [Incident:Info:toast@toast-new:FM updated] FM updated
2025/03/18 05:28:54.477839 [Simulation:Info:toast@toast-new:Simulation not generated] Magnitude 5.35 of event bmg2025fitb is smaller than triggerMinMagnitude: no automatic simulation
2025/03/18 05:29:04.388182 [Incident:Info:toast@toast-new:Origin updated] Origin updated: OT: 2025-03-17 22:23:58,  Lat/Lon: 0.122319°/99.3724°, Depth: 139.31
2025/03/18 05:29:04.388371 [Incident:Info:toast@toast-new:Magnitude updated] Magnitude updated: 5.35 (Mw(mB))
2025/03/18 05:29:04.388421 [Simulation:Info:toast@toast-new:Simulation not generated] Magnitude 5.35 of event bmg2025fitb is smaller than triggerMinMagnitude: no automatic simulation
2025/03/18 05:29:07.130119 [Incident:Info:toast@toast-new:Origin updated] Origin updated: OT: 2025-03-17 22:23:47,  Lat/Lon: 0.713276°/98.6855°, Depth: 159.835
2025/03/18 05:29:07.130361 [Incident:Info:toast@toast-new:Magnitude updated] Magnitude updated: 5.34 (Mw(mB))
2025/03/18 05:29:07.130428 [Simulation:Info:toast@toast-new:Simulation not generated] Magnitude 5.34 of event bmg2025fitb is smaller than triggerMinMagnitude: no automatic simulation
2025/03/18 05:29:09.384991 [Incident:Info:toast@toast-new:Origin updated] Origin updated: OT: 2025-03-17 22:23:35,  Lat/Lon: 1.84343°/99.0299°, Depth: 10
2025/03/18 05:29:09.385216 [Incident:Info:toast@toast-new:Magnitude updated] Magnitude updated: 5.53 (Mw(mB))
2025/03/18 05:29:09.385263 [Simulation:Info:toast@toast-new:Simulation not generated] Magnitude 5.53 of event bmg2025fitb is smaller than triggerMinMagnitude: no automatic simulation
2025/03/18 05:29:14.497631 [Incident:Info:toast@toast-new:Origin updated] Origin updated: OT: 2025-03-17 22:23:35,  Lat/Lon: 1.84343°/99.0299°, Depth: 10
2025/03/18 05:29:14.497821 [Incident:Info:toast@toast-new:Magnitude updated] Magnitude updated: 5.53 (Mw(mB))
2025/03/18 05:29:14.497867 [Simulation:Info:toast@toast-new:Simulation not generated] Magnitude 5.53 of event bmg2025fitb is smaller than triggerMinMagnitude: no automatic simulation
2025/03/18 05:29:19.443456 [Incident:Info:toast@toast-new:Origin updated] Origin updated: OT: 2025-03-17 22:23:35,  Lat/Lon: 1.84343°/99.0299°, Depth: 10
2025/03/18 05:29:19.443640 [Incident:Info:toast@toast-new:Magnitude updated] Magnitude updated: 5.51 (Mw(mB))
2025/03/18 05:29:19.443689 [Simulation:Info:toast@toast-new:Simulation not generated] Magnitude 5.51 of event bmg2025fitb is smaller than triggerMinMagnitude: no automatic simulation
2025/03/18 05:29:20.839100 [Incident:Info:toast@toast-new:Origin updated] Origin updated: OT: 2025-03-17 22:23:35,  Lat/Lon: 1.84343°/99.0299°, Depth: 10
2025/03/18 05:29:20.839283 [Incident:Info:toast@toast-new:FM updated] FM updated
2025/03/18 05:29:20.839575 [Simulation:Info:toast@toast-new:Simulation not generated] Magnitude 5.51 of event bmg2025fitb is smaller than triggerMinMagnitude: no automatic simulation
2025/03/18 05:29:24.462018 [Incident:Info:toast@toast-new:Origin updated] Origin updated: OT: 2025-03-17 22:23:35,  Lat/Lon: 1.84343°/99.0299°, Depth: 10
2025/03/18 05:29:24.462205 [Incident:Info:toast@toast-new:Magnitude updated] Magnitude updated: 5.51 (Mw(mB))
2025/03/18 05:29:24.462249 [Simulation:Info:toast@toast-new:Simulation not generated] Magnitude 5.51 of event bmg2025fitb is smaller than triggerMinMagnitude: no automatic simulation
2025/03/18 05:29:29.202717 [Incident:Info:toast@toast-new:Origin updated] Origin updated: OT: 2025-03-17 22:23:35,  Lat/Lon: 1.85373°/99.0413°, Depth: 10
2025/03/18 05:29:29.202919 [Incident:Info:toast@toast-new:Magnitude updated] Magnitude updated: 5.50 (Mw(mB))
2025/03/18 05:29:29.202962 [Simulation:Info:toast@toast-new:Simulation not generated] Magnitude 5.50 of event bmg2025fitb is smaller than triggerMinMagnitude: no automatic simulation
2025/03/18 05:29:30.190898 [Incident:Info:toast@toast-new:Origin updated] Origin updated: OT: 2025-03-17 22:23:35,  Lat/Lon: 1.85373°/99.0413°, Depth: 10
2025/03/18 05:29:30.191086 [Simulation:Info:toast@toast-new:Simulation not generated] Magnitude 5.50 of event bmg2025fitb is smaller than triggerMinMagnitude: no automatic simulation
2025/03/18 05:29:34.425857 [Incident:Info:toast@toast-new:Origin updated] Origin updated: OT: 2025-03-17 22:23:35,  Lat/Lon: 1.85373°/99.0413°, Depth: 10
2025/03/18 05:29:34.426052 [Incident:Info:toast@toast-new:Magnitude updated] Magnitude updated: 5.49 (Mw(mB))
2025/03/18 05:29:34.426096 [Simulation:Info:toast@toast-new:Simulation not generated] Magnitude 5.49 of event bmg2025fitb is smaller than triggerMinMagnitude: no automatic simulation
2025/03/18 05:29:39.549478 [Incident:Info:toast@toast-new:Origin updated] Origin updated: OT: 2025-03-17 22:23:35,  Lat/Lon: 1.85373°/99.0413°, Depth: 10
2025/03/18 05:29:39.549665 [Incident:Info:toast@toast-new:Magnitude updated] Magnitude updated: 5.45 (Mw(mB))
2025/03/18 05:29:39.549698 [Simulation:Info:toast@toast-new:Simulation not generated] Magnitude 5.45 of event bmg2025fitb is smaller than triggerMinMagnitude: no automatic simulation
2025/03/18 05:29:44.499538 [Incident:Info:toast@toast-new:Origin updated] Origin updated: OT: 2025-03-17 22:23:35,  Lat/Lon: 1.85373°/99.0413°, Depth: 10
2025/03/18 05:29:44.499748 [Incident:Info:toast@toast-new:Magnitude updated] Magnitude updated: 5.45 (Mw(mB))
2025/03/18 05:29:44.499804 [Simulation:Info:toast@toast-new:Simulation not generated] Magnitude 5.45 of event bmg2025fitb is smaller than triggerMinMagnitude: no automatic simulation
2025/03/18 05:29:49.496915 [Incident:Info:toast@toast-new:Origin updated] Origin updated: OT: 2025-03-17 22:23:35,  Lat/Lon: 1.85373°/99.0413°, Depth: 10
2025/03/18 05:29:49.497116 [Incident:Info:toast@toast-new:Magnitude updated] Magnitude updated: 5.44 (Mw(mB))
2025/03/18 05:29:49.497167 [Simulation:Info:toast@toast-new:Simulation not generated] Magnitude 5.44 of event bmg2025fitb is smaller than triggerMinMagnitude: no automatic simulation
2025/03/18 05:29:51.092053 [Incident:Info:toast@toast-new:Origin updated] Origin updated: OT: 2025-03-17 22:23:35,  Lat/Lon: 1.85373°/99.0413°, Depth: 10
2025/03/18 05:29:51.092236 [Incident:Info:toast@toast-new:FM updated] FM updated
2025/03/18 05:29:51.092513 [Simulation:Info:toast@toast-new:Simulation not generated] Magnitude 5.44 of event bmg2025fitb is smaller than triggerMinMagnitude: no automatic simulation
2025/03/18 05:29:54.472321 [Incident:Info:toast@toast-new:Origin updated] Origin updated: OT: 2025-03-17 22:23:35,  Lat/Lon: 1.85373°/99.0413°, Depth: 10
2025/03/18 05:29:54.472525 [Incident:Info:toast@toast-new:Magnitude updated] Magnitude updated: 5.44 (Mw(mB))
2025/03/18 05:29:54.472569 [Simulation:Info:toast@toast-new:Simulation not generated] Magnitude 5.44 of event bmg2025fitb is smaller than triggerMinMagnitude: no automatic simulation
2025/03/18 05:29:59.400042 [Incident:Info:toast@toast-new:Origin updated] Origin updated: OT: 2025-03-17 22:23:35,  Lat/Lon: 1.85373°/99.0413°, Depth: 10
2025/03/18 05:29:59.400243 [Incident:Info:toast@toast-new:Magnitude updated] Magnitude updated: 5.44 (Mw(mB))
2025/03/18 05:29:59.400294 [Simulation:Info:toast@toast-new:Simulation not generated] Magnitude 5.44 of event bmg2025fitb is smaller than triggerMinMagnitude: no automatic simulation
2025/03/18 05:30:00.347387 [Incident:Info:toast@toast-new:Origin updated] Origin updated: OT: 2025-03-17 22:23:35,  Lat/Lon: 1.85373°/99.0413°, Depth: 10
2025/03/18 05:30:00.347589 [Incident:Info:toast@toast-new:FM updated] FM updated
2025/03/18 05:30:00.347916 [Simulation:Info:toast@toast-new:Simulation not generated] Magnitude 5.44 of event bmg2025fitb is smaller than triggerMinMagnitude: no automatic simulation
2025/03/18 05:30:10.335619 [Incident:Info:toast@toast-new:Origin updated] Origin updated: OT: 2025-03-17 22:23:35,  Lat/Lon: 1.85373°/99.0413°, Depth: 10
2025/03/18 05:30:10.335812 [Incident:Info:toast@toast-new:FM updated] FM updated
2025/03/18 05:30:10.336085 [Simulation:Info:toast@toast-new:Simulation not generated] Magnitude 5.44 of event bmg2025fitb is smaller than triggerMinMagnitude: no automatic simulation
2025/03/18 05:30:20.232394 [Incident:Info:toast@toast-new:Origin updated] Origin updated: OT: 2025-03-17 22:23:35,  Lat/Lon: 1.85373°/99.0413°, Depth: 10
2025/03/18 05:30:20.232588 [Incident:Info:toast@toast-new:FM updated] FM updated
2025/03/18 05:30:20.232843 [Simulation:Info:toast@toast-new:Simulation not generated] Magnitude 5.44 of event bmg2025fitb is smaller than triggerMinMagnitude: no automatic simulation
2025/03/18 05:30:40.420860 [Incident:Info:toast@toast-new:Origin updated] Origin updated: OT: 2025-03-17 22:23:34,  Lat/Lon: 1.90164°/99.0218°, Depth: 10
2025/03/18 05:30:40.421102 [Incident:Info:toast@toast-new:Magnitude updated] Magnitude updated: 5.78 (MLv)
2025/03/18 05:30:40.421163 [Simulation:Info:toast@toast-new:Simulation not generated] Magnitude 5.78 of event bmg2025fitb is smaller than triggerMinMagnitude: no automatic simulation
2025/03/18 05:30:40.496833 [Incident:Info:toast@toast-new:Origin updated] Origin updated: OT: 2025-03-17 22:23:34,  Lat/Lon: 1.90164°/99.0218°, Depth: 10
2025/03/18 05:30:40.496950 [Incident:Info:toast@toast-new:Magnitude updated] Magnitude updated: 5.59 (M)
2025/03/18 05:30:40.496992 [Simulation:Info:toast@toast-new:Simulation not generated] Magnitude 5.59 of event bmg2025fitb is smaller than triggerMinMagnitude: no automatic simulation
2025/03/18 05:30:52.953051 [Incident:Info:toast@toast-new:Origin updated] Origin updated: OT: 2025-03-17 22:23:34,  Lat/Lon: 1.90164°/99.0218°, Depth: 10
2025/03/18 05:30:52.953233 [Incident:Info:toast@toast-new:FM updated] FM updated
2025/03/18 05:30:52.953525 [Simulation:Info:toast@toast-new:Simulation not generated] Magnitude 5.59 of event bmg2025fitb is smaller than triggerMinMagnitude: no automatic simulation
2025/03/18 05:31:11.132604 [Incident:Info:toast@toast-new:Origin updated] Origin updated: OT: 2025-03-17 22:23:34,  Lat/Lon: 1.90164°/99.0218°, Depth: 10
2025/03/18 05:31:11.132879 [Incident:Info:toast@toast-new:FM updated] FM updated
2025/03/18 05:31:11.133479 [Simulation:Info:toast@toast-new:Simulation not generated] Magnitude 5.59 of event bmg2025fitb is smaller than triggerMinMagnitude: no automatic simulation
2025/03/18 05:31:20.967994 [Incident:Info:toast@toast-new:Origin updated] Origin updated: OT: 2025-03-17 22:23:34,  Lat/Lon: 1.90164°/99.0218°, Depth: 10
2025/03/18 05:31:20.968178 [Incident:Info:toast@toast-new:FM updated] FM updated
2025/03/18 05:31:20.968436 [Simulation:Info:toast@toast-new:Simulation not generated] Magnitude 5.59 of event bmg2025fitb is smaller than triggerMinMagnitude: no automatic simulation
2025/03/18 05:32:00.939469 [Incident:Info:toast@toast-new:Origin updated] Origin updated: OT: 2025-03-17 22:23:34,  Lat/Lon: 1.90164°/99.0218°, Depth: 10
2025/03/18 05:32:00.939663 [Simulation:Info:toast@toast-new:Simulation not generated] Magnitude 5.59 of event bmg2025fitb is smaller than triggerMinMagnitude: no automatic simulation
2025/03/18 05:32:21.037085 [Incident:Info:toast@toast-new:Origin updated] Origin updated: OT: 2025-03-17 22:23:34,  Lat/Lon: 1.90164°/99.0218°, Depth: 10
2025/03/18 05:32:21.037292 [Simulation:Info:toast@toast-new:Simulation not generated] Magnitude 5.59 of event bmg2025fitb is smaller than triggerMinMagnitude: no automatic simulation
2025/03/18 05:32:30.970600 [Incident:Info:toast@toast-new:Origin updated] Origin updated: OT: 2025-03-17 22:23:34,  Lat/Lon: 1.90164°/99.0218°, Depth: 10
2025/03/18 05:32:30.970791 [Simulation:Info:toast@toast-new:Simulation not generated] Magnitude 5.59 of event bmg2025fitb is smaller than triggerMinMagnitude: no automatic simulation
2025/03/18 05:33:01.095628 [Incident:Info:toast@toast-new:Origin updated] Origin updated: OT: 2025-03-17 22:23:34,  Lat/Lon: 1.90164°/99.0218°, Depth: 10
2025/03/18 05:33:01.095812 [Incident:Info:toast@toast-new:FM updated] FM updated
2025/03/18 05:33:01.096078 [Simulation:Info:toast@toast-new:Simulation not generated] Magnitude 5.59 of event bmg2025fitb is smaller than triggerMinMagnitude: no automatic simulation
2025/03/18 05:33:30.879210 [Incident:Info:toast@toast-new:Origin updated] Origin updated: OT: 2025-03-17 22:23:34,  Lat/Lon: 1.90164°/99.0218°, Depth: 10
2025/03/18 05:33:30.879388 [Incident:Info:toast@toast-new:FM updated] FM updated
2025/03/18 05:33:30.879633 [Simulation:Info:toast@toast-new:Simulation not generated] Magnitude 5.59 of event bmg2025fitb is smaller than triggerMinMagnitude: no automatic simulation
2025/03/18 05:34:21.034835 [Incident:Info:toast@toast-new:Origin updated] Origin updated: OT: 2025-03-17 22:23:34,  Lat/Lon: 1.90164°/99.0218°, Depth: 10
2025/03/18 05:34:21.034986 [Incident:Info:toast@toast-new:FM updated] FM updated
2025/03/18 05:34:21.035198 [Simulation:Info:toast@toast-new:Simulation not generated] Magnitude 5.59 of event bmg2025fitb is smaller than triggerMinMagnitude: no automatic simulation
2025/03/18 05:34:30.898860 [Incident:Info:toast@toast-new:Origin updated] Origin updated: OT: 2025-03-17 22:23:34,  Lat/Lon: 1.90164°/99.0218°, Depth: 10
2025/03/18 05:34:30.899036 [Incident:Info:toast@toast-new:FM updated] FM updated
2025/03/18 05:34:30.899276 [Simulation:Info:toast@toast-new:Simulation not generated] Magnitude 5.59 of event bmg2025fitb is smaller than triggerMinMagnitude: no automatic simulation
2025/03/18 05:34:40.920010 [Incident:Info:toast@toast-new:Origin updated] Origin updated: OT: 2025-03-17 22:23:34,  Lat/Lon: 1.90164°/99.0218°, Depth: 10
2025/03/18 05:34:40.920212 [Simulation:Info:toast@toast-new:Simulation not generated] Magnitude 5.59 of event bmg2025fitb is smaller than triggerMinMagnitude: no automatic simulation
2025/03/18 05:35:00.927678 [Incident:Info:toast@toast-new:Origin updated] Origin updated: OT: 2025-03-17 22:23:34,  Lat/Lon: 1.90164°/99.0218°, Depth: 10
2025/03/18 05:35:00.927866 [Simulation:Info:toast@toast-new:Simulation not generated] Magnitude 5.59 of event bmg2025fitb is smaller than triggerMinMagnitude: no automatic simulation
2025/03/18 05:35:20.932107 [Incident:Info:toast@toast-new:Origin updated] Origin updated: OT: 2025-03-17 22:23:34,  Lat/Lon: 1.90164°/99.0218°, Depth: 10
2025/03/18 05:35:20.932293 [Simulation:Info:toast@toast-new:Simulation not generated] Magnitude 5.59 of event bmg2025fitb is smaller than triggerMinMagnitude: no automatic simulation
2025/03/18 05:35:30.852902 [Incident:Info:toast@toast-new:Origin updated] Origin updated: OT: 2025-03-17 22:23:34,  Lat/Lon: 1.90164°/99.0218°, Depth: 10
2025/03/18 05:35:30.853100 [Incident:Info:toast@toast-new:FM updated] FM updated
2025/03/18 05:35:30.853411 [Simulation:Info:toast@toast-new:Simulation not generated] Magnitude 5.59 of event bmg2025fitb is smaller than triggerMinMagnitude: no automatic simulation
2025/03/18 05:35:41.525937 [Incident:Info:toast@toast-new:Origin updated] Origin updated: OT: 2025-03-17 22:23:34,  Lat/Lon: 1.90164°/99.0218°, Depth: 10
2025/03/18 05:35:41.526129 [Incident:Info:toast@toast-new:FM updated] FM updated
2025/03/18 05:35:41.526391 [Simulation:Info:toast@toast-new:Simulation not generated] Magnitude 5.59 of event bmg2025fitb is smaller than triggerMinMagnitude: no automatic simulation
2025/03/18 05:36:01.237606 [Incident:Info:toast@toast-new:Origin updated] Origin updated: OT: 2025-03-17 22:23:34,  Lat/Lon: 1.90164°/99.0218°, Depth: 10
2025/03/18 05:36:01.237793 [Incident:Info:toast@toast-new:FM updated] FM updated
2025/03/18 05:36:01.238050 [Simulation:Info:toast@toast-new:Simulation not generated] Magnitude 5.59 of event bmg2025fitb is smaller than triggerMinMagnitude: no automatic simulation
2025/03/18 05:36:21.291601 [Incident:Info:toast@toast-new:Origin updated] Origin updated: OT: 2025-03-17 22:23:34,  Lat/Lon: 1.90164°/99.0218°, Depth: 10
2025/03/18 05:36:21.291781 [Simulation:Info:toast@toast-new:Simulation not generated] Magnitude 5.59 of event bmg2025fitb is smaller than triggerMinMagnitude: no automatic simulation
2025/03/18 05:36:31.266690 [Incident:Info:toast@toast-new:Origin updated] Origin updated: OT: 2025-03-17 22:23:34,  Lat/Lon: 1.90164°/99.0218°, Depth: 10
2025/03/18 05:36:31.266881 [Simulation:Info:toast@toast-new:Simulation not generated] Magnitude 5.59 of event bmg2025fitb is smaller than triggerMinMagnitude: no automatic simulation
2025/03/18 05:36:41.299823 [Incident:Info:toast@toast-new:Origin updated] Origin updated: OT: 2025-03-17 22:23:34,  Lat/Lon: 1.90164°/99.0218°, Depth: 10
2025/03/18 05:36:41.300008 [Simulation:Info:toast@toast-new:Simulation not generated] Magnitude 5.59 of event bmg2025fitb is smaller than triggerMinMagnitude: no automatic simulation
2025/03/18 05:37:11.530197 [Incident:Info:toast@toast-new:Origin updated] Origin updated: OT: 2025-03-17 22:23:34,  Lat/Lon: 1.90164°/99.0218°, Depth: 10
2025/03/18 05:37:11.530380 [Simulation:Info:toast@toast-new:Simulation not generated] Magnitude 5.59 of event bmg2025fitb is smaller than triggerMinMagnitude: no automatic simulation
2025/03/18 05:46:16.700192 [Incident:Info:toast@toast-new:Origin updated] Origin updated: OT: 2025-03-17 22:23:34,  Lat/Lon: 1.90164°/99.0218°, Depth: 10
2025/03/18 05:46:16.700387 [Incident:Info:toast@toast-new:FM updated] FM updated
2025/03/18 05:46:16.700700 [Simulation:Info:toast@toast-new:Simulation not generated] Magnitude 5.59 of event bmg2025fitb is smaller than triggerMinMagnitude: no automatic simulation
2025/03/18 06:35:38.029221 [Incident:Info:toast@toast-new:Origin updated] Origin updated: OT: 2025-03-17 22:23:34,  Lat/Lon: 1.90164°/99.0218°, Depth: 10
2025/03/18 06:35:38.029414 [Incident:Info:toast@toast-new:FM updated] FM updated
2025/03/18 06:35:38.029705 [Simulation:Info:toast@toast-new:Simulation not generated] Magnitude 5.59 of event bmg2025fitb is smaller than triggerMinMagnitude: no automatic simulation
2025/03/18 07:43:04.232648 [Incident:Info:toast@toast-new:Origin updated] Origin updated: OT: 2025-03-17 22:23:34,  Lat/Lon: 1.90164°/99.0218°, Depth: 10
2025/03/18 07:43:04.232839 [Incident:Info:toast@toast-new:Magnitude updated] Magnitude updated: 5.59 (M)
2025/03/18 07:43:04.232882 [Simulation:Info:toast@toast-new:Simulation not generated] Magnitude 5.59 of event bmg2025fitb is smaller than triggerMinMagnitude: no automatic simulation
2025/03/18 10:19:17.080684 [Incident:Info:toast@toast-new:Origin updated] Origin updated: OT: 2025-03-17 22:23:34,  Lat/Lon: 1.89765°/99.0449°, Depth: 8.31584
2025/03/18 10:19:17.080796 [Incident:Info:toast@toast-new:Magnitude updated] Magnitude updated: 5.39 (Mw(mB))
2025/03/18 10:19:17.080821 [Simulation:Info:toast@toast-new:Simulation not generated] Magnitude 5.39 of event bmg2025fitb is smaller than triggerMinMagnitude: no automatic simulation
2025/03/18 10:20:07.059754 [Incident:Info:toast@toast-new:Origin updated] Origin updated: OT: 2025-03-17 22:23:34,  Lat/Lon: 1.89661°/99.0471°, Depth: 7.83299
2025/03/18 10:20:07.059929 [Incident:Info:toast@toast-new:Magnitude updated] Magnitude updated: 5.39 (Mw(mB))
2025/03/18 10:20:07.059965 [Simulation:Info:toast@toast-new:Simulation not generated] Magnitude 5.39 of event bmg2025fitb is smaller than triggerMinMagnitude: no automatic simulation
2025/03/18 10:23:47.605918 [Incident:Info:toast@toast-new:Origin updated] Origin updated: OT: 2025-03-17 22:23:33,  Lat/Lon: 1.89806°/99.0515°, Depth: 5
2025/03/18 10:23:47.606123 [Incident:Info:toast@toast-new:Magnitude updated] Magnitude updated: 5.38 (Mw(mB))
2025/03/18 10:23:47.606163 [Simulation:Info:toast@toast-new:Simulation not generated] Magnitude 5.38 of event bmg2025fitb is smaller than triggerMinMagnitude: no automatic simulation
2025/03/18 10:25:28.575868 [Incident:Info:toast@toast-new:Origin updated] Origin updated: OT: 2025-03-17 22:23:33,  Lat/Lon: 1.89806°/99.0515°, Depth: 5
2025/03/18 10:25:28.576060 [Simulation:Info:toast@toast-new:Simulation not generated] Magnitude 5.38 of event bmg2025fitb is smaller than triggerMinMagnitude: no automatic simulation
2025/03/18 10:32:22.494715 [Simulation:Info:toast@toast-new:Simulation(s) triggered] Automatic simulation(s) triggered manually
2025/03/18 10:32:22.495365 [Simulation:Info:toast@toast-new:Simulation(s) started] Starting simulation(s) with nodal plane 1, Lat/Lon: 1.90°/ 99.05° (MT), Depth: 5.00km (MT), Mag: 5.38 (MT)
2025/03/18 10:32:22.496999 [Simulation:Info:toast@toast-new:Simulation running] TsunAWI: Looking for matching scenarios
2025/03/18 10:32:22.497656 [Simulation:Info:toast@toast-new:Simulation(s) started] Starting simulation(s) with nodal plane 2, Lat/Lon: 1.90°/ 99.05° (MT), Depth: 5.00km (MT), Mag: 5.38 (MT)
2025/03/18 10:32:22.499261 [Simulation:Info:toast@toast-new:Simulation running] TsunAWI: Looking for matching scenarios
2025/03/18 10:32:22.499813 [Simulation:Info:toast@toast-new:Simulation(s) started] Starting simulation(s) with fault plane, Lat/Lon: 1.90°/ 99.05° (MT), Depth: 5.00km (MT), Mag: 5.38 (MT)
2025/03/18 10:32:22.500742 [Simulation:Info:toast@toast-new:Simulation finished] TsunAWI: No matching scenarios
2025/03/18 10:32:22.501722 [Simulation:Info:toast@toast-new:Simulation running] TsunAWI: Looking for matching scenarios
2025/03/18 10:32:22.502146 [Simulation:Info:toast@toast-new:Simulation finished] TsunAWI: No matching scenarios
2025/03/18 10:32:22.502383 [Simulation:Info:toast@toast-new:No simulation returned] TsunAWI simulation backend returned no simulation.
2025/03/18 10:32:22.502760 [Simulation:Info:toast@toast-new:No simulation returned] TsunAWI simulation backend returned no simulation.
2025/03/18 10:32:22.504810 [Simulation:Info:toast@toast-new:Simulation finished] TsunAWI: No matching scenarios
2025/03/18 10:32:22.569571 [Simulation:Info:toast@toast-new:No simulation returned] TsunAWI simulation backend returned no simulation.
2025/03/18 10:32:22.596423 [Simulation:Info:toast@toast-new:Simulation tracked] Tracking progress of EasyWave2 simulation 53000002N098100E148525848f751c83b90f9beb19e161f0d5558552
2025/03/18 10:32:22.602084 [Simulation:Info:toast@toast-new:Simulation tracked] Tracking progress of EasyWave2 simulation 53000002N098100Eb9eab70b8088b2760ce100a8f352aedc501a4e75
2025/03/18 10:32:22.607668 [Simulation:Info:toast@toast-new:Simulation tracked] Tracking progress of EasyWave2 simulation 53000002N098100Ea2b4a065856491159ce6e6b308c3d97beb19b207
2025/03/18 10:32:22.612826 [Simulation:Info:toast@toast-new:Simulation tracked] Tracking progress of EasyWave2 simulation 53000002N098100Ea55ea32ddfe108601c5aae9d762c0bac87d42795
2025/03/18 10:32:22.618453 [Simulation:Info:toast@toast-new:Simulation tracked] Tracking progress of EasyWave2 simulation 53000002N098100Ecb4fcc8151e97aa31e91574b9545bf172111727a
2025/03/18 10:32:22.623861 [Simulation:Info:toast@toast-new:Simulation tracked] Tracking progress of EasyWave2 simulation 53000002N098100E53dd72ea7b389ed4a1fad78c9ed1637067a8d6c1
2025/03/18 10:32:24.675937 [Simulation:Error:toast@toast-new:Simulation failed] Failed to calculate EasyWave2 simulation 53000002N098100E148525848f751c83b90f9beb19e161f0d5558552: Zero initial displacement
2025/03/18 10:32:25.709030 [Simulation:Error:toast@toast-new:Simulation failed] Failed to calculate EasyWave2 simulation 53000002N098100Eb9eab70b8088b2760ce100a8f352aedc501a4e75: Zero initial displacement
2025/03/18 10:32:26.677431 [Simulation:Error:toast@toast-new:Simulation failed] Failed to calculate EasyWave2 simulation 53000002N098100Ea2b4a065856491159ce6e6b308c3d97beb19b207: Zero initial displacement
2025/03/18 10:32:27.681423 [Simulation:Error:toast@toast-new:Simulation failed] Failed to calculate EasyWave2 simulation 53000002N098100Ea55ea32ddfe108601c5aae9d762c0bac87d42795: Zero initial displacement
2025/03/18 10:32:28.706277 [Simulation:Error:toast@toast-new:Simulation failed] Failed to calculate EasyWave2 simulation 53000002N098100Ecb4fcc8151e97aa31e91574b9545bf172111727a: Zero initial displacement
2025/03/18 10:32:29.676304 [Simulation:Error:toast@toast-new:Simulation failed] Failed to calculate EasyWave2 simulation 53000002N098100E53dd72ea7b389ed4a1fad78c9ed1637067a8d6c1: Zero initial displacement
2025/03/18 13:06:31.657772 [Incident:Info:toast@toast-new:Origin updated] Origin updated: OT: 2025-03-17 22:23:33,  Lat/Lon: 1.89806°/99.0515°, Depth: 5
2025/03/18 13:06:31.658072 [Incident:Info:toast@toast-new:FM updated] FM updated
2025/03/18 13:06:31.658491 [Simulation:Info:toast@toast-new:Simulation not generated] Magnitude 5.38 of event bmg2025fitb is smaller than triggerMinMagnitude: no automatic simulation
2025/03/18 14:07:32.362143 [Incident:Info:toast@toast-new:Origin updated] Origin updated: OT: 2025-03-17 22:23:34,  Lat/Lon: 1.89661°/99.0471°, Depth: 7.83299
2025/03/18 14:07:32.362555 [Incident:Info:toast@toast-new:Magnitude updated] Magnitude updated: 5.39 (Mw(mB))
2025/03/18 14:07:32.362694 [Simulation:Info:toast@toast-new:Simulation not generated] Magnitude 5.39 of event bmg2025fitb is smaller than triggerMinMagnitude: no automatic simulation
2025/03/18 14:07:59.506330 [Incident:Info:toast@toast-new:Origin updated] Origin updated: OT: 2025-03-17 22:23:34,  Lat/Lon: 1.90164°/99.0218°, Depth: 10
2025/03/18 14:07:59.506754 [Incident:Info:toast@toast-new:Magnitude updated] Magnitude updated: 5.59 (M)
2025/03/18 14:07:59.506902 [Simulation:Info:toast@toast-new:Simulation not generated] Magnitude 5.59 of event bmg2025fitb is smaller than triggerMinMagnitude: no automatic simulation
2025/03/26 17:26:14.415852 [Incident:Info:toast@toast-new:Origin updated] Origin updated: OT: 2025-03-17 22:23:34,  Lat/Lon: 1.90311°/99.0564°, Depth: 5
2025/03/26 17:26:14.453089 [Incident:Info:toast@toast-new:Magnitude updated] Magnitude updated: 5.55 (M)
2025/03/26 17:26:14.453176 [Simulation:Info:toast@toast-new:Simulation not generated] Magnitude 5.55 of event bmg2025fitb is smaller than triggerMinMagnitude: no automatic simulation
2025/03/26 17:26:18.157637 [Incident:Info:toast@toast-new:Origin updated] Origin updated: OT: 2025-03-17 22:23:34,  Lat/Lon: 1.90311°/99.0564°, Depth: 5
2025/03/26 17:26:18.157829 [Incident:Info:toast@toast-new:Magnitude updated] Magnitude updated: 5.37 (Mw)
2025/03/26 17:26:18.157874 [Simulation:Info:toast@toast-new:Simulation not generated] Magnitude 5.37 of event bmg2025fitb is smaller than triggerMinMagnitude: no automatic simulation
