2025/05/27 10:03:43.535362 [Incident:Info:toast@toast-new:Displacement(s) updated] Added 0 and changed 0 displacements with 0 amplitudes
2025/05/27 10:03:43.562926 [Incident:Info:toast@toast-new:Incident created] Incident created based on event received from messaging: OT: 2025-05-27 02:57:17,  Lat/Lon: 14.12°/146.54°, Depth: 10.00, Mag: 5.26 (M)
2025/05/27 10:03:43.563224 [Simulation:Info:toast@toast-new:Simulation not generated] Magnitude 5.26 of event bmg2025kgzh is smaller than triggerMinMagnitude: no automatic simulation
2025/05/27 10:03:43.574134 [Incident:Info:toast@toast-new:Origin updated] Origin updated: OT: 2025-05-27 02:57:17,  Lat/Lon: 14.1193°/146.545°, Depth: 10
2025/05/27 10:03:43.574227 [Simulation:Info:toast@toast-new:Simulation not generated] Magnitude 5.26 of event bmg2025kgzh is smaller than triggerMinMagnitude: no automatic simulation
2025/05/27 10:03:54.129812 [Incident:Info:toast@toast-new:Origin updated] Origin updated: OT: 2025-05-27 02:57:20,  Lat/Lon: 13.8757°/146.372°, Depth: 10
2025/05/27 10:03:54.130038 [Incident:Info:toast@toast-new:Magnitude updated] Magnitude updated: 5.21 (M)
2025/05/27 10:03:54.130115 [Simulation:Info:toast@toast-new:Simulation not generated] Magnitude 5.21 of event bmg2025kgzh is smaller than triggerMinMagnitude: no automatic simulation
2025/05/27 10:03:59.846311 [Incident:Info:toast@toast-new:Origin updated] Origin updated: OT: 2025-05-27 02:57:20,  Lat/Lon: 13.8757°/146.372°, Depth: 10
2025/05/27 10:03:59.846516 [Incident:Info:toast@toast-new:Magnitude updated] Magnitude updated: 5.22 (M)
2025/05/27 10:03:59.846563 [Simulation:Info:toast@toast-new:Simulation not generated] Magnitude 5.22 of event bmg2025kgzh is smaller than triggerMinMagnitude: no automatic simulation
2025/05/27 10:04:04.148209 [Incident:Info:toast@toast-new:Origin updated] Origin updated: OT: 2025-05-27 02:57:25,  Lat/Lon: 13.5594°/146.061°, Depth: 10
2025/05/27 10:04:04.148423 [Incident:Info:toast@toast-new:Magnitude updated] Magnitude updated: 5.11 (M)
2025/05/27 10:04:04.148488 [Simulation:Info:toast@toast-new:Simulation not generated] Magnitude 5.11 of event bmg2025kgzh is smaller than triggerMinMagnitude: no automatic simulation
2025/05/27 10:04:09.855983 [Incident:Info:toast@toast-new:Origin updated] Origin updated: OT: 2025-05-27 02:57:25,  Lat/Lon: 13.5594°/146.061°, Depth: 10
2025/05/27 10:04:09.856224 [Incident:Info:toast@toast-new:Magnitude updated] Magnitude updated: 5.12 (M)
2025/05/27 10:04:09.856292 [Simulation:Info:toast@toast-new:Simulation not generated] Magnitude 5.12 of event bmg2025kgzh is smaller than triggerMinMagnitude: no automatic simulation
2025/05/27 10:04:14.840766 [Incident:Info:toast@toast-new:Origin updated] Origin updated: OT: 2025-05-27 02:57:25,  Lat/Lon: 13.5594°/146.061°, Depth: 10
2025/05/27 10:04:14.841009 [Incident:Info:toast@toast-new:Magnitude updated] Magnitude updated: 5.16 (M)
2025/05/27 10:04:14.841099 [Simulation:Info:toast@toast-new:Simulation not generated] Magnitude 5.16 of event bmg2025kgzh is smaller than triggerMinMagnitude: no automatic simulation
2025/05/27 10:04:19.229111 [Incident:Info:toast@toast-new:Origin updated] Origin updated: OT: 2025-05-27 02:57:25,  Lat/Lon: 13.5738°/146.079°, Depth: 10
2025/05/27 10:04:19.229331 [Incident:Info:toast@toast-new:Magnitude updated] Magnitude updated: 5.15 (M)
2025/05/27 10:04:19.229395 [Simulation:Info:toast@toast-new:Simulation not generated] Magnitude 5.15 of event bmg2025kgzh is smaller than triggerMinMagnitude: no automatic simulation
2025/05/27 10:04:24.844205 [Incident:Info:toast@toast-new:Origin updated] Origin updated: OT: 2025-05-27 02:57:25,  Lat/Lon: 13.5738°/146.079°, Depth: 10
2025/05/27 10:04:24.844424 [Incident:Info:toast@toast-new:Magnitude updated] Magnitude updated: 5.12 (M)
2025/05/27 10:04:24.844494 [Simulation:Info:toast@toast-new:Simulation not generated] Magnitude 5.12 of event bmg2025kgzh is smaller than triggerMinMagnitude: no automatic simulation
2025/05/27 10:04:34.833062 [Incident:Info:toast@toast-new:Origin updated] Origin updated: OT: 2025-05-27 02:57:25,  Lat/Lon: 13.5738°/146.079°, Depth: 10
2025/05/27 10:04:34.833292 [Incident:Info:toast@toast-new:Magnitude updated] Magnitude updated: 5.14 (M)
2025/05/27 10:04:34.833352 [Simulation:Info:toast@toast-new:Simulation not generated] Magnitude 5.14 of event bmg2025kgzh is smaller than triggerMinMagnitude: no automatic simulation
2025/05/27 10:04:35.570056 [Incident:Info:toast@toast-new:Origin updated] Origin updated: OT: 2025-05-27 02:57:24,  Lat/Lon: 13.6108°/146.133°, Depth: 10
2025/05/27 10:04:35.570236 [Incident:Info:toast@toast-new:Magnitude updated] Magnitude updated: 5.15 (M)
2025/05/27 10:04:35.570276 [Simulation:Info:toast@toast-new:Simulation not generated] Magnitude 5.15 of event bmg2025kgzh is smaller than triggerMinMagnitude: no automatic simulation
2025/05/27 10:04:52.314427 [Incident:Info:toast@toast-new:Origin updated] Origin updated: OT: 2025-05-27 02:57:21,  Lat/Lon: 13.7559°/146.354°, Depth: 10
2025/05/27 10:04:52.314641 [Incident:Info:toast@toast-new:Magnitude updated] Magnitude updated: 5.20 (M)
2025/05/27 10:04:52.314696 [Simulation:Info:toast@toast-new:Simulation not generated] Magnitude 5.20 of event bmg2025kgzh is smaller than triggerMinMagnitude: no automatic simulation
2025/05/27 10:05:08.401274 [Incident:Info:toast@toast-new:Origin updated] Origin updated: OT: 2025-05-27 02:57:22,  Lat/Lon: 13.6917°/146.304°, Depth: 10
2025/05/27 10:05:08.401527 [Incident:Info:toast@toast-new:Magnitude updated] Magnitude updated: 5.19 (M)
2025/05/27 10:05:08.401591 [Simulation:Info:toast@toast-new:Simulation not generated] Magnitude 5.19 of event bmg2025kgzh is smaller than triggerMinMagnitude: no automatic simulation
2025/05/27 10:05:29.245554 [Incident:Info:toast@toast-new:Origin updated] Origin updated: OT: 2025-05-27 02:57:22,  Lat/Lon: 13.6731°/146.285°, Depth: 10
2025/05/27 10:05:29.245773 [Incident:Info:toast@toast-new:Magnitude updated] Magnitude updated: 5.19 (M)
2025/05/27 10:05:29.245822 [Simulation:Info:toast@toast-new:Simulation not generated] Magnitude 5.19 of event bmg2025kgzh is smaller than triggerMinMagnitude: no automatic simulation
2025/05/27 10:05:31.472980 [Incident:Info:toast@toast-new:Origin updated] Origin updated: OT: 2025-05-27 02:57:29,  Lat/Lon: 13.5816°/146.053°, Depth: 48.1711
2025/05/27 10:05:31.473192 [Incident:Info:toast@toast-new:Magnitude updated] Magnitude updated: 5.05 (mb)
2025/05/27 10:05:31.473243 [Simulation:Info:toast@toast-new:Simulation not generated] Magnitude 5.05 of event bmg2025kgzh is smaller than triggerMinMagnitude: no automatic simulation
2025/05/27 10:05:31.494374 [Incident:Info:toast@toast-new:Origin updated] Origin updated: OT: 2025-05-27 02:57:29,  Lat/Lon: 13.5816°/146.053°, Depth: 48.1711
2025/05/27 10:05:31.494495 [Incident:Info:toast@toast-new:Magnitude updated] Magnitude updated: 5.14 (M)
2025/05/27 10:05:31.494526 [Simulation:Info:toast@toast-new:Simulation not generated] Magnitude 5.14 of event bmg2025kgzh is smaller than triggerMinMagnitude: no automatic simulation
2025/05/27 10:14:41.163362 [Incident:Info:toast@toast-new:Origin updated] Origin updated: OT: 2025-05-27 02:57:30,  Lat/Lon: 13.4741°/145.801°, Depth: 42.3945
2025/05/27 10:14:41.163586 [Incident:Info:toast@toast-new:Magnitude updated] Magnitude updated: 5.09 (mb)
2025/05/27 10:14:41.163625 [Simulation:Info:toast@toast-new:Simulation not generated] Magnitude 5.09 of event bmg2025kgzh is smaller than triggerMinMagnitude: no automatic simulation
2025/05/27 10:14:41.182252 [Incident:Info:toast@toast-new:Origin updated] Origin updated: OT: 2025-05-27 02:57:30,  Lat/Lon: 13.4741°/145.801°, Depth: 42.3945
2025/05/27 10:14:41.182427 [Incident:Info:toast@toast-new:Magnitude updated] Magnitude updated: 5.07 (M)
2025/05/27 10:14:41.182463 [Simulation:Info:toast@toast-new:Simulation not generated] Magnitude 5.07 of event bmg2025kgzh is smaller than triggerMinMagnitude: no automatic simulation
2025/05/27 10:14:44.807968 [Incident:Info:toast@toast-new:Origin updated] Origin updated: OT: 2025-05-27 02:57:30,  Lat/Lon: 13.4741°/145.801°, Depth: 42.3945
2025/05/27 10:14:44.808176 [Incident:Info:toast@toast-new:Magnitude updated] Magnitude updated: 5.07 (M)
2025/05/27 10:14:44.808251 [Simulation:Info:toast@toast-new:Simulation not generated] Magnitude 5.07 of event bmg2025kgzh is smaller than triggerMinMagnitude: no automatic simulation
2025/05/27 15:28:54.874860 [Incident:Info:toast@toast-new:Origin updated] Origin updated: OT: 2025-05-27 02:57:30,  Lat/Lon: 13.4285°/145.859°, Depth: 49.9888
2025/05/27 15:28:54.875962 [Incident:Info:toast@toast-new:Magnitude updated] Magnitude updated: 5.09 (mb)
2025/05/27 15:28:54.876059 [Simulation:Info:toast@toast-new:Simulation not generated] Magnitude 5.09 of event bmg2025kgzh is smaller than triggerMinMagnitude: no automatic simulation
2025/05/27 15:28:54.891570 [Incident:Info:toast@toast-new:Origin updated] Origin updated: OT: 2025-05-27 02:57:30,  Lat/Lon: 13.4285°/145.859°, Depth: 49.9888
2025/05/27 15:28:54.891651 [Incident:Info:toast@toast-new:Magnitude updated] Magnitude updated: 5.10 (M)
2025/05/27 15:28:54.891670 [Simulation:Info:toast@toast-new:Simulation not generated] Magnitude 5.10 of event bmg2025kgzh is smaller than triggerMinMagnitude: no automatic simulation
2025/05/27 15:28:59.848488 [Incident:Info:toast@toast-new:Origin updated] Origin updated: OT: 2025-05-27 02:57:30,  Lat/Lon: 13.4285°/145.859°, Depth: 49.9888
2025/05/27 15:28:59.848665 [Incident:Info:toast@toast-new:Magnitude updated] Magnitude updated: 5.09 (mb)
2025/05/27 15:28:59.848710 [Simulation:Info:toast@toast-new:Simulation not generated] Magnitude 5.09 of event bmg2025kgzh is smaller than triggerMinMagnitude: no automatic simulation
2025/05/27 15:29:10.542344 [Incident:Info:toast@toast-new:Origin updated] Origin updated: OT: 2025-05-27 02:57:30,  Lat/Lon: 13.4285°/145.859°, Depth: 49.9888
2025/05/27 15:29:10.542571 [Simulation:Info:toast@toast-new:Simulation not generated] Magnitude 5.09 of event bmg2025kgzh is smaller than triggerMinMagnitude: no automatic simulation
2025/05/27 15:29:10.600394 [Incident:Info:toast@toast-new:Origin updated] Origin updated: OT: 2025-05-27 02:57:30,  Lat/Lon: 13.4285°/145.859°, Depth: 49.9888
2025/05/27 15:29:10.600513 [Simulation:Info:toast@toast-new:Simulation not generated] Magnitude 5.09 of event bmg2025kgzh is smaller than triggerMinMagnitude: no automatic simulation
2025/05/27 16:53:30.494057 [Incident:Info:toast@toast-new:Origin updated] Origin updated: OT: 2025-05-27 02:57:30,  Lat/Lon: 13.4285°/145.859°, Depth: 49.9888
2025/05/27 16:53:30.494232 [Incident:Info:toast@toast-new:FM updated] FM updated
2025/05/27 16:53:30.494488 [Simulation:Info:toast@toast-new:Simulation not generated] Magnitude 5.09 of event bmg2025kgzh is smaller than triggerMinMagnitude: no automatic simulation
