2025/02/02 20:41:06.124629 [Incident:Info:toast@toast-new:Displacement(s) updated] Added 0 and changed 0 displacements with 0 amplitudes
2025/02/02 20:41:06.158813 [Incident:Info:toast@toast-new:Incident created] Incident created based on event received from messaging: OT: 2025-02-02 13:38:43,  Lat/Lon: -2.46°/101.91°, Depth: 157.93, Mag: 5.05 (M)
2025/02/02 20:41:06.159218 [Simulation:Info:toast@toast-new:Simulation not generated] Magnitude 5.05 of event bmg2025chnc is smaller than triggerMinMagnitude: no automatic simulation
2025/02/02 20:41:06.331297 [Incident:Info:toast@toast-new:Origin updated] Origin updated: OT: 2025-02-02 13:38:43,  Lat/Lon: -2.46145°/101.907°, Depth: 157.925
2025/02/02 20:41:06.331388 [Simulation:Info:toast@toast-new:Simulation not generated] Magnitude 5.05 of event bmg2025chnc is smaller than triggerMinMagnitude: no automatic simulation
2025/02/02 20:41:11.377111 [Incident:Info:toast@toast-new:Origin updated] Origin updated: OT: 2025-02-02 13:38:43,  Lat/Lon: -2.46145°/101.907°, Depth: 157.925
2025/02/02 20:41:11.377273 [Incident:Info:toast@toast-new:Magnitude updated] Magnitude updated: 5.05 (M)
2025/02/02 20:41:11.377323 [Simulation:Info:toast@toast-new:Simulation not generated] Magnitude 5.05 of event bmg2025chnc is smaller than triggerMinMagnitude: no automatic simulation
2025/02/02 20:41:16.404117 [Incident:Info:toast@toast-new:Origin updated] Origin updated: OT: 2025-02-02 13:38:43,  Lat/Lon: -2.46145°/101.907°, Depth: 157.925
2025/02/02 20:41:16.404310 [Incident:Info:toast@toast-new:Magnitude updated] Magnitude updated: 5.19 (M)
2025/02/02 20:41:16.404373 [Simulation:Info:toast@toast-new:Simulation not generated] Magnitude 5.19 of event bmg2025chnc is smaller than triggerMinMagnitude: no automatic simulation
2025/02/02 20:41:21.414956 [Incident:Info:toast@toast-new:Origin updated] Origin updated: OT: 2025-02-02 13:38:43,  Lat/Lon: -2.46145°/101.907°, Depth: 157.925
2025/02/02 20:41:21.415201 [Incident:Info:toast@toast-new:Magnitude updated] Magnitude updated: 5.19 (M)
2025/02/02 20:41:21.415273 [Simulation:Info:toast@toast-new:Simulation not generated] Magnitude 5.19 of event bmg2025chnc is smaller than triggerMinMagnitude: no automatic simulation
2025/02/02 20:41:26.381762 [Incident:Info:toast@toast-new:Origin updated] Origin updated: OT: 2025-02-02 13:38:43,  Lat/Lon: -2.46145°/101.907°, Depth: 157.925
2025/02/02 20:41:26.381945 [Incident:Info:toast@toast-new:Magnitude updated] Magnitude updated: 5.18 (M)
2025/02/02 20:41:26.381990 [Simulation:Info:toast@toast-new:Simulation not generated] Magnitude 5.18 of event bmg2025chnc is smaller than triggerMinMagnitude: no automatic simulation
2025/02/02 20:41:36.399038 [Incident:Info:toast@toast-new:Origin updated] Origin updated: OT: 2025-02-02 13:38:43,  Lat/Lon: -2.46145°/101.907°, Depth: 157.925
2025/02/02 20:41:36.399217 [Incident:Info:toast@toast-new:Magnitude updated] Magnitude updated: 5.18 (M)
2025/02/02 20:41:36.399258 [Simulation:Info:toast@toast-new:Simulation not generated] Magnitude 5.18 of event bmg2025chnc is smaller than triggerMinMagnitude: no automatic simulation
2025/02/02 20:41:38.722900 [Incident:Info:toast@toast-new:Origin updated] Origin updated: OT: 2025-02-02 13:38:43,  Lat/Lon: -2.46145°/101.907°, Depth: 157.925
2025/02/02 20:41:38.723052 [Incident:Info:toast@toast-new:Magnitude updated] Magnitude updated: 5.18 (M)
2025/02/02 20:41:38.723082 [Simulation:Info:toast@toast-new:Simulation not generated] Magnitude 5.18 of event bmg2025chnc is smaller than triggerMinMagnitude: no automatic simulation
2025/02/02 20:41:38.737696 [Incident:Info:toast@toast-new:Origin updated] Origin updated: OT: 2025-02-02 13:38:43,  Lat/Lon: -2.46652°/101.886°, Depth: 161.354
2025/02/02 20:41:38.737842 [Incident:Info:toast@toast-new:Magnitude updated] Magnitude updated: 5.26 (M)
2025/02/02 20:41:38.737875 [Simulation:Info:toast@toast-new:Simulation not generated] Magnitude 5.26 of event bmg2025chnc is smaller than triggerMinMagnitude: no automatic simulation
2025/02/02 20:41:41.460115 [Incident:Info:toast@toast-new:Origin updated] Origin updated: OT: 2025-02-02 13:38:43,  Lat/Lon: -2.46652°/101.886°, Depth: 161.354
2025/02/02 20:41:41.460345 [Incident:Info:toast@toast-new:Magnitude updated] Magnitude updated: 5.29 (M)
2025/02/02 20:41:41.460403 [Simulation:Info:toast@toast-new:Simulation not generated] Magnitude 5.29 of event bmg2025chnc is smaller than triggerMinMagnitude: no automatic simulation
2025/02/02 20:41:49.054878 [Incident:Info:toast@toast-new:Origin updated] Origin updated: OT: 2025-02-02 13:38:43,  Lat/Lon: -2.46652°/101.886°, Depth: 161.354
2025/02/02 20:41:49.055080 [Incident:Info:toast@toast-new:Magnitude updated] Magnitude updated: 5.30 (M)
2025/02/02 20:41:49.055125 [Simulation:Info:toast@toast-new:Simulation not generated] Magnitude 5.30 of event bmg2025chnc is smaller than triggerMinMagnitude: no automatic simulation
2025/02/02 20:41:51.376906 [Incident:Info:toast@toast-new:Origin updated] Origin updated: OT: 2025-02-02 13:38:43,  Lat/Lon: -2.46652°/101.886°, Depth: 161.354
2025/02/02 20:41:51.377070 [Incident:Info:toast@toast-new:Magnitude updated] Magnitude updated: 5.33 (M)
2025/02/02 20:41:51.377101 [Simulation:Info:toast@toast-new:Simulation not generated] Magnitude 5.33 of event bmg2025chnc is smaller than triggerMinMagnitude: no automatic simulation
2025/02/02 20:41:56.455771 [Incident:Info:toast@toast-new:Origin updated] Origin updated: OT: 2025-02-02 13:38:43,  Lat/Lon: -2.46652°/101.886°, Depth: 161.354
2025/02/02 20:41:56.455977 [Incident:Info:toast@toast-new:Magnitude updated] Magnitude updated: 5.36 (M)
2025/02/02 20:41:56.456048 [Simulation:Info:toast@toast-new:Simulation not generated] Magnitude 5.36 of event bmg2025chnc is smaller than triggerMinMagnitude: no automatic simulation
2025/02/02 20:41:57.781572 [Incident:Info:toast@toast-new:Origin updated] Origin updated: OT: 2025-02-02 13:38:43,  Lat/Lon: -2.44947°/101.954°, Depth: 165.352
2025/02/02 20:41:57.781769 [Incident:Info:toast@toast-new:Magnitude updated] Magnitude updated: 5.06 (MLv)
2025/02/02 20:41:57.781821 [Simulation:Info:toast@toast-new:Simulation not generated] Magnitude 5.06 of event bmg2025chnc is smaller than triggerMinMagnitude: no automatic simulation
2025/02/02 20:41:57.845183 [Incident:Info:toast@toast-new:Origin updated] Origin updated: OT: 2025-02-02 13:38:43,  Lat/Lon: -2.44947°/101.954°, Depth: 165.352
2025/02/02 20:41:57.845299 [Incident:Info:toast@toast-new:Magnitude updated] Magnitude updated: 5.31 (M)
2025/02/02 20:41:57.845330 [Simulation:Info:toast@toast-new:Simulation not generated] Magnitude 5.31 of event bmg2025chnc is smaller than triggerMinMagnitude: no automatic simulation
2025/02/02 20:42:01.396020 [Incident:Info:toast@toast-new:Origin updated] Origin updated: OT: 2025-02-02 13:38:43,  Lat/Lon: -2.44947°/101.954°, Depth: 165.352
2025/02/02 20:42:01.396190 [Incident:Info:toast@toast-new:Magnitude updated] Magnitude updated: 5.32 (M)
2025/02/02 20:42:01.396227 [Simulation:Info:toast@toast-new:Simulation not generated] Magnitude 5.32 of event bmg2025chnc is smaller than triggerMinMagnitude: no automatic simulation
2025/02/02 20:42:16.411046 [Incident:Info:toast@toast-new:Origin updated] Origin updated: OT: 2025-02-02 13:38:43,  Lat/Lon: -2.44947°/101.954°, Depth: 165.352
2025/02/02 20:42:16.411254 [Incident:Info:toast@toast-new:Magnitude updated] Magnitude updated: 5.30 (M)
2025/02/02 20:42:16.411296 [Simulation:Info:toast@toast-new:Simulation not generated] Magnitude 5.30 of event bmg2025chnc is smaller than triggerMinMagnitude: no automatic simulation
2025/02/02 20:42:41.444616 [Incident:Info:toast@toast-new:Origin updated] Origin updated: OT: 2025-02-02 13:38:43,  Lat/Lon: -2.44947°/101.954°, Depth: 165.352
2025/02/02 20:42:41.444802 [Incident:Info:toast@toast-new:Magnitude updated] Magnitude updated: 5.30 (M)
2025/02/02 20:42:41.444846 [Simulation:Info:toast@toast-new:Simulation not generated] Magnitude 5.30 of event bmg2025chnc is smaller than triggerMinMagnitude: no automatic simulation
2025/02/02 20:43:21.147669 [Incident:Info:toast@toast-new:Origin updated] Origin updated: OT: 2025-02-02 13:38:43,  Lat/Lon: -2.4551°/101.944°, Depth: 161.209
2025/02/02 20:43:21.147937 [Incident:Info:toast@toast-new:Magnitude updated] Magnitude updated: 5.06 (MLv)
2025/02/02 20:43:21.148000 [Simulation:Info:toast@toast-new:Simulation not generated] Magnitude 5.06 of event bmg2025chnc is smaller than triggerMinMagnitude: no automatic simulation
2025/02/02 20:43:21.211693 [Incident:Info:toast@toast-new:Origin updated] Origin updated: OT: 2025-02-02 13:38:43,  Lat/Lon: -2.4551°/101.944°, Depth: 161.209
2025/02/02 20:43:21.211840 [Incident:Info:toast@toast-new:Magnitude updated] Magnitude updated: 5.31 (M)
2025/02/02 20:43:21.211878 [Simulation:Info:toast@toast-new:Simulation not generated] Magnitude 5.31 of event bmg2025chnc is smaller than triggerMinMagnitude: no automatic simulation
2025/02/02 20:43:43.547633 [Incident:Info:toast@toast-new:Origin updated] Origin updated: OT: 2025-02-02 13:38:44,  Lat/Lon: -2.47711°/101.898°, Depth: 146.149
2025/02/02 20:43:43.547859 [Incident:Info:toast@toast-new:Magnitude updated] Magnitude updated: 5.06 (MLv)
2025/02/02 20:43:43.547910 [Simulation:Info:toast@toast-new:Simulation not generated] Magnitude 5.06 of event bmg2025chnc is smaller than triggerMinMagnitude: no automatic simulation
2025/02/02 20:43:43.618978 [Incident:Info:toast@toast-new:Origin updated] Origin updated: OT: 2025-02-02 13:38:44,  Lat/Lon: -2.47711°/101.898°, Depth: 146.149
2025/02/02 20:43:43.619129 [Incident:Info:toast@toast-new:Magnitude updated] Magnitude updated: 5.29 (M)
2025/02/02 20:43:43.619181 [Simulation:Info:toast@toast-new:Simulation not generated] Magnitude 5.29 of event bmg2025chnc is smaller than triggerMinMagnitude: no automatic simulation
2025/02/02 20:43:46.411814 [Incident:Info:toast@toast-new:Origin updated] Origin updated: OT: 2025-02-02 13:38:44,  Lat/Lon: -2.47711°/101.898°, Depth: 146.149
2025/02/02 20:43:46.412040 [Incident:Info:toast@toast-new:Magnitude updated] Magnitude updated: 5.24 (M)
2025/02/02 20:43:46.412117 [Simulation:Info:toast@toast-new:Simulation not generated] Magnitude 5.24 of event bmg2025chnc is smaller than triggerMinMagnitude: no automatic simulation
2025/02/02 20:43:49.428180 [Incident:Info:toast@toast-new:Origin updated] Origin updated: OT: 2025-02-02 13:38:44,  Lat/Lon: -2.47711°/101.898°, Depth: 146.149
2025/02/02 20:43:49.428388 [Incident:Info:toast@toast-new:Magnitude updated] Magnitude updated: 5.19 (M)
2025/02/02 20:43:49.428433 [Simulation:Info:toast@toast-new:Simulation not generated] Magnitude 5.19 of event bmg2025chnc is smaller than triggerMinMagnitude: no automatic simulation
2025/02/02 20:43:51.439973 [Incident:Info:toast@toast-new:Origin updated] Origin updated: OT: 2025-02-02 13:38:44,  Lat/Lon: -2.47711°/101.898°, Depth: 146.149
2025/02/02 20:43:51.440184 [Incident:Info:toast@toast-new:Magnitude updated] Magnitude updated: 5.15 (M)
2025/02/02 20:43:51.440229 [Simulation:Info:toast@toast-new:Simulation not generated] Magnitude 5.15 of event bmg2025chnc is smaller than triggerMinMagnitude: no automatic simulation
2025/02/02 20:43:56.438372 [Incident:Info:toast@toast-new:Origin updated] Origin updated: OT: 2025-02-02 13:38:44,  Lat/Lon: -2.47711°/101.898°, Depth: 146.149
2025/02/02 20:43:56.438582 [Incident:Info:toast@toast-new:Magnitude updated] Magnitude updated: 5.13 (M)
2025/02/02 20:43:56.438655 [Simulation:Info:toast@toast-new:Simulation not generated] Magnitude 5.13 of event bmg2025chnc is smaller than triggerMinMagnitude: no automatic simulation
2025/02/02 20:44:01.446311 [Incident:Info:toast@toast-new:Origin updated] Origin updated: OT: 2025-02-02 13:38:44,  Lat/Lon: -2.47711°/101.898°, Depth: 146.149
2025/02/02 20:44:01.446495 [Incident:Info:toast@toast-new:Magnitude updated] Magnitude updated: 5.11 (M)
2025/02/02 20:44:01.446538 [Simulation:Info:toast@toast-new:Simulation not generated] Magnitude 5.11 of event bmg2025chnc is smaller than triggerMinMagnitude: no automatic simulation
2025/02/02 20:44:06.436788 [Incident:Info:toast@toast-new:Origin updated] Origin updated: OT: 2025-02-02 13:38:44,  Lat/Lon: -2.47711°/101.898°, Depth: 146.149
2025/02/02 20:44:06.437019 [Incident:Info:toast@toast-new:Magnitude updated] Magnitude updated: 5.09 (M)
2025/02/02 20:44:06.437070 [Simulation:Info:toast@toast-new:Simulation not generated] Magnitude 5.09 of event bmg2025chnc is smaller than triggerMinMagnitude: no automatic simulation
2025/02/02 20:45:25.137917 [Incident:Info:toast@toast-new:Origin updated] Origin updated: OT: 2025-02-02 13:38:44,  Lat/Lon: -2.47711°/101.898°, Depth: 146.149
2025/02/02 20:45:25.138090 [Incident:Info:toast@toast-new:FM updated] FM updated
2025/02/02 20:45:25.138324 [Simulation:Info:toast@toast-new:Simulation not generated] Magnitude 5.09 of event bmg2025chnc is smaller than triggerMinMagnitude: no automatic simulation
2025/02/02 20:45:48.131591 [Incident:Info:toast@toast-new:Origin updated] Origin updated: OT: 2025-02-02 13:38:44,  Lat/Lon: -2.46425°/101.898°, Depth: 143.851
2025/02/02 20:45:48.131788 [Incident:Info:toast@toast-new:Magnitude updated] Magnitude updated: 5.05 (MLv)
2025/02/02 20:45:48.131834 [Simulation:Info:toast@toast-new:Simulation not generated] Magnitude 5.05 of event bmg2025chnc is smaller than triggerMinMagnitude: no automatic simulation
2025/02/02 20:45:48.191784 [Incident:Info:toast@toast-new:Origin updated] Origin updated: OT: 2025-02-02 13:38:44,  Lat/Lon: -2.46425°/101.898°, Depth: 143.851
2025/02/02 20:45:48.191899 [Incident:Info:toast@toast-new:Magnitude updated] Magnitude updated: 5.09 (M)
2025/02/02 20:45:48.191933 [Simulation:Info:toast@toast-new:Simulation not generated] Magnitude 5.09 of event bmg2025chnc is smaller than triggerMinMagnitude: no automatic simulation
2025/02/02 20:46:48.066152 [Incident:Info:toast@toast-new:Origin updated] Origin updated: OT: 2025-02-02 13:38:44,  Lat/Lon: -2.46425°/101.898°, Depth: 143.851
2025/02/02 20:46:48.066392 [Incident:Info:toast@toast-new:FM updated] FM updated
2025/02/02 20:46:48.066732 [Simulation:Info:toast@toast-new:Simulation not generated] Magnitude 5.09 of event bmg2025chnc is smaller than triggerMinMagnitude: no automatic simulation
2025/02/03 02:40:27.660626 [Incident:Info:toast@toast-new:Origin updated] Origin updated: OT: 2025-02-02 13:38:43,  Lat/Lon: -2.49901°/101.836°, Depth: 151.231
2025/02/03 02:40:27.660835 [Incident:Info:toast@toast-new:Magnitude updated] Magnitude updated: 5.04 (MLv)
2025/02/03 02:40:27.660884 [Incident:Info:toast@toast-new:FM updated] FM updated
2025/02/03 02:40:27.661116 [Simulation:Info:toast@toast-new:Simulation not generated] Magnitude 5.04 of event bmg2025chnc is smaller than triggerMinMagnitude: no automatic simulation
2025/02/15 17:07:58.092282 [Incident:Info:toast@toast-new:Origin updated] Origin updated: OT: 2025-02-02 13:38:43,  Lat/Lon: -2.48702°/101.864°, Depth: 147.276
2025/02/15 17:07:58.128015 [Incident:Info:toast@toast-new:Magnitude updated] Magnitude updated: 5.04 (MLv)
2025/02/15 17:07:58.128143 [Simulation:Info:toast@toast-new:Simulation not generated] Magnitude 5.04 of event bmg2025chnc is smaller than triggerMinMagnitude: no automatic simulation
2025/02/15 17:08:13.663271 [Incident:Info:toast@toast-new:Origin updated] Origin updated: OT: 2025-02-02 13:38:43,  Lat/Lon: -2.48702°/101.864°, Depth: 147.276
2025/02/15 17:08:13.663461 [Simulation:Info:toast@toast-new:Simulation not generated] Magnitude 5.04 of event bmg2025chnc is smaller than triggerMinMagnitude: no automatic simulation
2025/02/15 17:08:13.713626 [Incident:Info:toast@toast-new:Origin updated] Origin updated: OT: 2025-02-02 13:38:43,  Lat/Lon: -2.48702°/101.864°, Depth: 147.276
2025/02/15 17:08:13.713751 [Simulation:Info:toast@toast-new:Simulation not generated] Magnitude 5.04 of event bmg2025chnc is smaller than triggerMinMagnitude: no automatic simulation
