2025/04/23 00:01:52.894491 [Incident:Info:toast@toast-new:Displacement(s) updated] Added 0 and changed 0 displacements with 0 amplitudes
2025/04/23 00:01:52.898812 [Incident:Info:toast@toast-new:Incident created] Incident created based on event received from messaging: OT: 2025-04-22 16:55:35,  Lat/Lon: -13.13°/166.97°, Depth: 197.61, Mag: 5.75 (M)
2025/04/23 00:01:52.899052 [Simulation:Info:toast@toast-new:Simulation not generated] Magnitude 5.75 of event bmg2025hwcj is smaller than triggerMinMagnitude: no automatic simulation
2025/04/23 00:01:52.929745 [Incident:Info:toast@toast-new:Origin updated] Origin updated: OT: 2025-04-22 16:55:35,  Lat/Lon: -13.132°/166.975°, Depth: 197.61
2025/04/23 00:01:52.929891 [Simulation:Info:toast@toast-new:Simulation not generated] Magnitude 5.75 of event bmg2025hwcj is smaller than triggerMinMagnitude: no automatic simulation
2025/04/23 00:01:54.845077 [Incident:Info:toast@toast-new:Origin updated] Origin updated: OT: 2025-04-22 16:55:35,  Lat/Lon: -13.132°/166.975°, Depth: 197.61
2025/04/23 00:01:54.845246 [Incident:Info:toast@toast-new:Magnitude updated] Magnitude updated: 5.74 (M)
2025/04/23 00:01:54.845277 [Simulation:Info:toast@toast-new:Simulation not generated] Magnitude 5.74 of event bmg2025hwcj is smaller than triggerMinMagnitude: no automatic simulation
2025/04/23 00:01:59.871851 [Incident:Info:toast@toast-new:Origin updated] Origin updated: OT: 2025-04-22 16:55:35,  Lat/Lon: -13.132°/166.975°, Depth: 197.61
2025/04/23 00:01:59.872054 [Incident:Info:toast@toast-new:Magnitude updated] Magnitude updated: 5.74 (M)
2025/04/23 00:01:59.872106 [Simulation:Info:toast@toast-new:Simulation not generated] Magnitude 5.74 of event bmg2025hwcj is smaller than triggerMinMagnitude: no automatic simulation
2025/04/23 00:02:02.742678 [Incident:Info:toast@toast-new:Origin updated] Origin updated: OT: 2025-04-22 16:55:35,  Lat/Lon: -13.1316°/166.975°, Depth: 197.726
2025/04/23 00:02:02.742876 [Incident:Info:toast@toast-new:Magnitude updated] Magnitude updated: 5.74 (M)
2025/04/23 00:02:02.742919 [Simulation:Info:toast@toast-new:Simulation not generated] Magnitude 5.74 of event bmg2025hwcj is smaller than triggerMinMagnitude: no automatic simulation
2025/04/23 00:02:09.824632 [Incident:Info:toast@toast-new:Origin updated] Origin updated: OT: 2025-04-22 16:55:35,  Lat/Lon: -13.1316°/166.975°, Depth: 197.726
2025/04/23 00:02:09.824805 [Incident:Info:toast@toast-new:Magnitude updated] Magnitude updated: 5.75 (M)
2025/04/23 00:02:09.824837 [Simulation:Info:toast@toast-new:Simulation not generated] Magnitude 5.75 of event bmg2025hwcj is smaller than triggerMinMagnitude: no automatic simulation
2025/04/23 00:02:14.067610 [Incident:Info:toast@toast-new:Origin updated] Origin updated: OT: 2025-04-22 16:55:35,  Lat/Lon: -13.1324°/166.975°, Depth: 197.67
2025/04/23 00:02:14.067814 [Incident:Info:toast@toast-new:Magnitude updated] Magnitude updated: 5.74 (M)
2025/04/23 00:02:14.067866 [Simulation:Info:toast@toast-new:Simulation not generated] Magnitude 5.74 of event bmg2025hwcj is smaller than triggerMinMagnitude: no automatic simulation
2025/04/23 00:02:14.842992 [Incident:Info:toast@toast-new:Origin updated] Origin updated: OT: 2025-04-22 16:55:35,  Lat/Lon: -13.1324°/166.975°, Depth: 197.67
2025/04/23 00:02:14.843234 [Incident:Info:toast@toast-new:Magnitude updated] Magnitude updated: 5.75 (M)
2025/04/23 00:02:14.843307 [Simulation:Info:toast@toast-new:Simulation not generated] Magnitude 5.75 of event bmg2025hwcj is smaller than triggerMinMagnitude: no automatic simulation
2025/04/23 00:02:19.892227 [Incident:Info:toast@toast-new:Origin updated] Origin updated: OT: 2025-04-22 16:55:35,  Lat/Lon: -13.1324°/166.975°, Depth: 197.67
2025/04/23 00:02:19.892409 [Incident:Info:toast@toast-new:Magnitude updated] Magnitude updated: 5.74 (M)
2025/04/23 00:02:19.892453 [Simulation:Info:toast@toast-new:Simulation not generated] Magnitude 5.74 of event bmg2025hwcj is smaller than triggerMinMagnitude: no automatic simulation
