2024/09/13 02:28:34.009460 [Incident:Info:toast@toast-new:Displacement(s) updated] Added 0 and changed 0 displacements with 0 amplitudes
2024/09/13 02:28:34.023421 [Incident:Info:toast@toast-new:Incident created] Incident created based on event received from messaging: OT: 2024-09-12 19:23:57,  Lat/Lon: -5.57°/147.04°, Depth: 167.10, Mag: 5.10 (M)
2024/09/13 02:28:34.023970 [Simulation:Info:toast@toast-new:Simulation not generated] Magnitude 5.10 of event bmg2024rzjr is smaller than triggerMinMagnitude: no automatic simulation
2024/09/13 02:28:34.035838 [Incident:Info:toast@toast-new:Origin updated] Origin updated: OT: 2024-09-12 19:23:57,  Lat/Lon: -5.57461°/147.038°, Depth: 167.1
2024/09/13 02:28:34.035952 [Simulation:Info:toast@toast-new:Simulation not generated] Magnitude 5.10 of event bmg2024rzjr is smaller than triggerMinMagnitude: no automatic simulation
2024/09/13 02:28:56.232519 [Incident:Info:toast@toast-new:Origin updated] Origin updated: OT: 2024-09-12 19:23:58,  Lat/Lon: -5.60883°/147.013°, Depth: 177.226
2024/09/13 02:28:56.232727 [Incident:Info:toast@toast-new:Magnitude updated] Magnitude updated: 5.07 (M)
2024/09/13 02:28:56.232775 [Simulation:Info:toast@toast-new:Simulation not generated] Magnitude 5.07 of event bmg2024rzjr is smaller than triggerMinMagnitude: no automatic simulation
2024/09/13 02:29:07.573217 [Incident:Info:toast@toast-new:Origin updated] Origin updated: OT: 2024-09-12 19:23:58,  Lat/Lon: -5.60974°/147.012°, Depth: 177.442
2024/09/13 02:29:07.573412 [Incident:Info:toast@toast-new:Magnitude updated] Magnitude updated: 5.07 (M)
2024/09/13 02:29:07.573456 [Simulation:Info:toast@toast-new:Simulation not generated] Magnitude 5.07 of event bmg2024rzjr is smaller than triggerMinMagnitude: no automatic simulation
2024/09/13 02:29:16.999607 [Incident:Info:toast@toast-new:Origin updated] Origin updated: OT: 2024-09-12 19:23:58,  Lat/Lon: -5.6083°/147.018°, Depth: 177.924
2024/09/13 02:29:16.999803 [Incident:Info:toast@toast-new:Magnitude updated] Magnitude updated: 5.07 (M)
2024/09/13 02:29:16.999847 [Simulation:Info:toast@toast-new:Simulation not generated] Magnitude 5.07 of event bmg2024rzjr is smaller than triggerMinMagnitude: no automatic simulation
2024/09/13 02:29:27.725193 [Incident:Info:toast@toast-new:Origin updated] Origin updated: OT: 2024-09-12 19:23:58,  Lat/Lon: -5.6083°/147.018°, Depth: 177.924
2024/09/13 02:29:27.725401 [Incident:Info:toast@toast-new:Magnitude updated] Magnitude updated: 5.02 (M)
2024/09/13 02:29:27.725460 [Simulation:Info:toast@toast-new:Simulation not generated] Magnitude 5.02 of event bmg2024rzjr is smaller than triggerMinMagnitude: no automatic simulation
2024/09/13 02:53:05.632923 [Incident:Info:toast@toast-new:Origin updated] Origin updated: OT: 2024-09-12 19:23:57,  Lat/Lon: -5.48007°/147.005°, Depth: 189.337
2024/09/13 02:53:05.633138 [Incident:Info:toast@toast-new:Magnitude updated] Magnitude updated: 5.08 (M)
2024/09/13 02:53:05.633191 [Simulation:Info:toast@toast-new:Simulation not generated] Magnitude 5.08 of event bmg2024rzjr is smaller than triggerMinMagnitude: no automatic simulation
