2025/03/13 22:47:43.676329 [Incident:Info:toast@toast-new:Displacement(s) updated] Added 0 and changed 0 displacements with 0 amplitudes
2025/03/13 22:47:43.719767 [Incident:Info:toast@toast-new:Incident created] Incident created based on event received from messaging: OT: 2025-03-13 15:45:43,  Lat/Lon: -7.76°/127.79°, Depth: 149.24, Mag: 5.40 (M)
2025/03/13 22:47:43.720152 [Simulation:Info:toast@toast-new:Simulation not generated] Magnitude 5.40 of event bmg2025faxx is smaller than triggerMinMagnitude: no automatic simulation
2025/03/13 22:47:43.736058 [Incident:Info:toast@toast-new:Origin updated] Origin updated: OT: 2025-03-13 15:45:43,  Lat/Lon: -7.75785°/127.786°, Depth: 149.244
2025/03/13 22:47:43.736284 [Simulation:Info:toast@toast-new:Simulation not generated] Magnitude 5.40 of event bmg2025faxx is smaller than triggerMinMagnitude: no automatic simulation
2025/03/13 22:47:52.494012 [Incident:Info:toast@toast-new:Origin updated] Origin updated: OT: 2025-03-13 15:45:42,  Lat/Lon: -7.73371°/127.824°, Depth: 160.269
2025/03/13 22:47:52.494463 [Incident:Info:toast@toast-new:Magnitude updated] Magnitude updated: 5.30 (M)
2025/03/13 22:47:52.494686 [Simulation:Info:toast@toast-new:Simulation not generated] Magnitude 5.30 of event bmg2025faxx is smaller than triggerMinMagnitude: no automatic simulation
2025/03/13 22:47:59.396211 [Incident:Info:toast@toast-new:Origin updated] Origin updated: OT: 2025-03-13 15:45:42,  Lat/Lon: -7.73371°/127.824°, Depth: 160.269
2025/03/13 22:47:59.396594 [Incident:Info:toast@toast-new:Magnitude updated] Magnitude updated: 5.31 (M)
2025/03/13 22:47:59.396773 [Simulation:Info:toast@toast-new:Simulation not generated] Magnitude 5.31 of event bmg2025faxx is smaller than triggerMinMagnitude: no automatic simulation
2025/03/13 22:48:03.779926 [Incident:Info:toast@toast-new:Origin updated] Origin updated: OT: 2025-03-13 15:45:41,  Lat/Lon: -7.74636°/127.858°, Depth: 171.503
2025/03/13 22:48:03.780340 [Incident:Info:toast@toast-new:Magnitude updated] Magnitude updated: 5.30 (M)
2025/03/13 22:48:03.780539 [Simulation:Info:toast@toast-new:Simulation not generated] Magnitude 5.30 of event bmg2025faxx is smaller than triggerMinMagnitude: no automatic simulation
2025/03/13 22:48:09.386694 [Incident:Info:toast@toast-new:Origin updated] Origin updated: OT: 2025-03-13 15:45:41,  Lat/Lon: -7.74636°/127.858°, Depth: 171.503
2025/03/13 22:48:09.387131 [Incident:Info:toast@toast-new:Magnitude updated] Magnitude updated: 5.33 (M)
2025/03/13 22:48:09.387353 [Simulation:Info:toast@toast-new:Simulation not generated] Magnitude 5.33 of event bmg2025faxx is smaller than triggerMinMagnitude: no automatic simulation
2025/03/13 22:48:14.382400 [Incident:Info:toast@toast-new:Origin updated] Origin updated: OT: 2025-03-13 15:45:41,  Lat/Lon: -7.74636°/127.858°, Depth: 171.503
2025/03/13 22:48:14.382826 [Incident:Info:toast@toast-new:Magnitude updated] Magnitude updated: 5.27 (M)
2025/03/13 22:48:14.383035 [Simulation:Info:toast@toast-new:Simulation not generated] Magnitude 5.27 of event bmg2025faxx is smaller than triggerMinMagnitude: no automatic simulation
2025/03/13 22:48:18.953618 [Incident:Info:toast@toast-new:Origin updated] Origin updated: OT: 2025-03-13 15:45:41,  Lat/Lon: -7.78312°/127.9°, Depth: 176.604
2025/03/13 22:48:18.954044 [Incident:Info:toast@toast-new:Magnitude updated] Magnitude updated: 5.14 (M)
2025/03/13 22:48:18.954232 [Simulation:Info:toast@toast-new:Simulation not generated] Magnitude 5.14 of event bmg2025faxx is smaller than triggerMinMagnitude: no automatic simulation
2025/03/13 22:48:19.436651 [Incident:Info:toast@toast-new:Origin updated] Origin updated: OT: 2025-03-13 15:45:41,  Lat/Lon: -7.78312°/127.9°, Depth: 176.604
2025/03/13 22:48:19.437080 [Incident:Info:toast@toast-new:Magnitude updated] Magnitude updated: 5.13 (M)
2025/03/13 22:48:19.437281 [Simulation:Info:toast@toast-new:Simulation not generated] Magnitude 5.13 of event bmg2025faxx is smaller than triggerMinMagnitude: no automatic simulation
2025/03/13 22:48:24.372752 [Incident:Info:toast@toast-new:Origin updated] Origin updated: OT: 2025-03-13 15:45:41,  Lat/Lon: -7.78312°/127.9°, Depth: 176.604
2025/03/13 22:48:24.373184 [Incident:Info:toast@toast-new:Magnitude updated] Magnitude updated: 5.13 (M)
2025/03/13 22:48:24.373369 [Simulation:Info:toast@toast-new:Simulation not generated] Magnitude 5.13 of event bmg2025faxx is smaller than triggerMinMagnitude: no automatic simulation
2025/03/13 22:48:29.466472 [Incident:Info:toast@toast-new:Origin updated] Origin updated: OT: 2025-03-13 15:45:41,  Lat/Lon: -7.78312°/127.9°, Depth: 176.604
2025/03/13 22:48:29.466884 [Incident:Info:toast@toast-new:Magnitude updated] Magnitude updated: 5.08 (M)
2025/03/13 22:48:29.467077 [Simulation:Info:toast@toast-new:Simulation not generated] Magnitude 5.08 of event bmg2025faxx is smaller than triggerMinMagnitude: no automatic simulation
2025/03/13 22:48:34.435481 [Incident:Info:toast@toast-new:Origin updated] Origin updated: OT: 2025-03-13 15:45:41,  Lat/Lon: -7.78312°/127.9°, Depth: 176.604
2025/03/13 22:48:34.435938 [Incident:Info:toast@toast-new:Magnitude updated] Magnitude updated: 5.05 (M)
2025/03/13 22:48:34.436125 [Simulation:Info:toast@toast-new:Simulation not generated] Magnitude 5.05 of event bmg2025faxx is smaller than triggerMinMagnitude: no automatic simulation
2025/03/13 22:48:40.922509 [Incident:Info:toast@toast-new:Origin updated] Origin updated: OT: 2025-03-13 15:45:41,  Lat/Lon: -7.81234°/127.918°, Depth: 176.322
2025/03/13 22:48:40.922980 [Incident:Info:toast@toast-new:Magnitude updated] Magnitude updated: 5.05 (M)
2025/03/13 22:48:40.923181 [Simulation:Info:toast@toast-new:Simulation not generated] Magnitude 5.05 of event bmg2025faxx is smaller than triggerMinMagnitude: no automatic simulation
2025/03/13 22:48:44.404583 [Incident:Info:toast@toast-new:Origin updated] Origin updated: OT: 2025-03-13 15:45:41,  Lat/Lon: -7.81234°/127.918°, Depth: 176.322
2025/03/13 22:48:44.405045 [Incident:Info:toast@toast-new:Magnitude updated] Magnitude updated: 5.01 (M)
2025/03/13 22:48:44.405285 [Simulation:Info:toast@toast-new:Simulation not generated] Magnitude 5.01 of event bmg2025faxx is smaller than triggerMinMagnitude: no automatic simulation
2025/03/13 22:55:14.225485 [Incident:Info:toast@toast-new:Origin updated] Origin updated: OT: 2025-03-13 15:45:41,  Lat/Lon: -7.79296°/127.881°, Depth: 167.675
2025/03/13 22:55:14.225997 [Incident:Info:toast@toast-new:Magnitude updated] Magnitude updated: 5.10 (mb)
2025/03/13 22:55:14.226216 [Simulation:Info:toast@toast-new:Simulation not generated] Magnitude 5.10 of event bmg2025faxx is smaller than triggerMinMagnitude: no automatic simulation
2025/03/13 22:55:49.306152 [Incident:Info:toast@toast-new:Origin updated] Origin updated: OT: 2025-03-13 15:45:41,  Lat/Lon: -7.79296°/127.881°, Depth: 167.675
2025/03/13 22:55:49.306665 [Incident:Info:toast@toast-new:FM updated] FM updated
2025/03/13 22:55:49.307129 [Simulation:Info:toast@toast-new:Simulation not generated] Magnitude 5.10 of event bmg2025faxx is smaller than triggerMinMagnitude: no automatic simulation
2025/03/13 22:57:18.898349 [Incident:Info:toast@toast-new:Origin updated] Origin updated: OT: 2025-03-13 15:45:41,  Lat/Lon: -7.79296°/127.881°, Depth: 167.675
2025/03/13 22:57:18.899029 [Incident:Info:toast@toast-new:FM updated] FM updated
2025/03/13 22:57:18.899550 [Simulation:Info:toast@toast-new:Simulation not generated] Magnitude 5.10 of event bmg2025faxx is smaller than triggerMinMagnitude: no automatic simulation
2025/03/13 22:57:43.653626 [Incident:Info:toast@toast-new:Origin updated] Origin updated: OT: 2025-03-13 15:45:41,  Lat/Lon: -7.79296°/127.881°, Depth: 167.675
2025/03/13 22:57:43.654196 [Incident:Info:toast@toast-new:Magnitude updated] Magnitude updated: 5.03 (Mw)
2025/03/13 22:57:43.654444 [Simulation:Info:toast@toast-new:Simulation not generated] Magnitude 5.03 of event bmg2025faxx is smaller than triggerMinMagnitude: no automatic simulation
2025/03/13 23:09:47.572468 [Incident:Info:toast@toast-new:Origin updated] Origin updated: OT: 2025-03-13 15:45:41,  Lat/Lon: -7.8272°/127.878°, Depth: 172.845
2025/03/13 23:09:47.573005 [Simulation:Info:toast@toast-new:Simulation not generated] Magnitude 5.03 of event bmg2025faxx is smaller than triggerMinMagnitude: no automatic simulation
2025/03/14 05:23:16.699138 [Incident:Info:toast@toast-new:Origin updated] Origin updated: OT: 2025-03-13 15:45:41,  Lat/Lon: -7.8272°/127.878°, Depth: 172.845
2025/03/14 05:23:16.701900 [Incident:Info:toast@toast-new:Magnitude updated] Magnitude updated: 5.03 (Mw)
2025/03/14 05:23:16.702085 [Simulation:Info:toast@toast-new:Simulation not generated] Magnitude 5.03 of event bmg2025faxx is smaller than triggerMinMagnitude: no automatic simulation
2025/03/14 05:23:16.710581 [Incident:Info:toast@toast-new:Origin updated] Origin updated: OT: 2025-03-13 15:45:41,  Lat/Lon: -7.8272°/127.878°, Depth: 172.845
2025/03/14 05:23:16.710790 [Simulation:Info:toast@toast-new:Simulation not generated] Magnitude 5.03 of event bmg2025faxx is smaller than triggerMinMagnitude: no automatic simulation
2025/03/14 05:23:28.949105 [Incident:Info:toast@toast-new:Origin updated] Origin updated: OT: 2025-03-13 15:45:41,  Lat/Lon: -7.8272°/127.878°, Depth: 172.845
2025/03/14 05:23:28.949868 [Incident:Info:toast@toast-new:Magnitude updated] Magnitude updated: 5.07 (mb)
2025/03/14 05:23:28.950304 [Simulation:Info:toast@toast-new:Simulation not generated] Magnitude 5.07 of event bmg2025faxx is smaller than triggerMinMagnitude: no automatic simulation
2025/03/16 09:13:22.033794 [Incident:Info:toast@toast-new:Incident removed] Removed incident - Bye
