2025/06/17 15:39:08.339986 [Incident:Info:toast@toast-new:Displacement(s) updated] Added 0 and changed 0 displacements with 0 amplitudes
2025/06/17 15:39:08.381708 [Incident:Info:toast@toast-new:Incident created] Incident created based on event received from messaging: OT: 2025-06-17 08:36:25,  Lat/Lon: 8.08°/126.75°, Depth: 10.00, Mag: 5.46 (M)
2025/06/17 15:39:08.382045 [Simulation:Info:toast@toast-new:Simulation not generated] Magnitude 5.46 of event bmg2025ltub is smaller than triggerMinMagnitude: no automatic simulation
2025/06/17 15:39:08.391284 [Incident:Info:toast@toast-new:Origin updated] Origin updated: OT: 2025-06-17 08:36:25,  Lat/Lon: 8.08153°/126.745°, Depth: 10
2025/06/17 15:39:08.391391 [Simulation:Info:toast@toast-new:Simulation not generated] Magnitude 5.46 of event bmg2025ltub is smaller than triggerMinMagnitude: no automatic simulation
2025/06/17 15:39:14.212797 [Incident:Info:toast@toast-new:Origin updated] Origin updated: OT: 2025-06-17 08:36:25,  Lat/Lon: 8.08153°/126.745°, Depth: 10
2025/06/17 15:39:14.212990 [Incident:Info:toast@toast-new:Magnitude updated] Magnitude updated: 5.43 (M)
2025/06/17 15:39:14.213052 [Simulation:Info:toast@toast-new:Simulation not generated] Magnitude 5.43 of event bmg2025ltub is smaller than triggerMinMagnitude: no automatic simulation
2025/06/17 15:39:17.991476 [Incident:Info:toast@toast-new:Origin updated] Origin updated: OT: 2025-06-17 08:36:25,  Lat/Lon: 8.08153°/126.745°, Depth: 10
2025/06/17 15:39:17.991650 [Incident:Info:toast@toast-new:Magnitude updated] Magnitude updated: 5.45 (M)
2025/06/17 15:39:17.991702 [Simulation:Info:toast@toast-new:Simulation not generated] Magnitude 5.45 of event bmg2025ltub is smaller than triggerMinMagnitude: no automatic simulation
2025/06/17 15:39:18.015102 [Incident:Info:toast@toast-new:Origin updated] Origin updated: OT: 2025-06-17 08:36:28,  Lat/Lon: 7.82409°/126.681°, Depth: 10
2025/06/17 15:39:18.015264 [Incident:Info:toast@toast-new:Magnitude updated] Magnitude updated: 5.45 (M)
2025/06/17 15:39:18.015308 [Simulation:Info:toast@toast-new:Simulation not generated] Magnitude 5.45 of event bmg2025ltub is smaller than triggerMinMagnitude: no automatic simulation
2025/06/17 15:39:19.184901 [Incident:Info:toast@toast-new:Origin updated] Origin updated: OT: 2025-06-17 08:36:28,  Lat/Lon: 7.82409°/126.681°, Depth: 10
2025/06/17 15:39:19.185103 [Incident:Info:toast@toast-new:Magnitude updated] Magnitude updated: 5.45 (M)
2025/06/17 15:39:19.185145 [Simulation:Info:toast@toast-new:Simulation not generated] Magnitude 5.45 of event bmg2025ltub is smaller than triggerMinMagnitude: no automatic simulation
2025/06/17 15:39:24.291641 [Incident:Info:toast@toast-new:Origin updated] Origin updated: OT: 2025-06-17 08:36:28,  Lat/Lon: 7.82409°/126.681°, Depth: 10
2025/06/17 15:39:24.291868 [Incident:Info:toast@toast-new:Magnitude updated] Magnitude updated: 5.44 (M)
2025/06/17 15:39:24.291925 [Simulation:Info:toast@toast-new:Simulation not generated] Magnitude 5.44 of event bmg2025ltub is smaller than triggerMinMagnitude: no automatic simulation
2025/06/17 15:39:29.260218 [Incident:Info:toast@toast-new:Origin updated] Origin updated: OT: 2025-06-17 08:36:28,  Lat/Lon: 7.82409°/126.681°, Depth: 10
2025/06/17 15:39:29.260409 [Incident:Info:toast@toast-new:Magnitude updated] Magnitude updated: 5.45 (M)
2025/06/17 15:39:29.260452 [Simulation:Info:toast@toast-new:Simulation not generated] Magnitude 5.45 of event bmg2025ltub is smaller than triggerMinMagnitude: no automatic simulation
2025/06/17 15:39:31.295686 [Incident:Info:toast@toast-new:Origin updated] Origin updated: OT: 2025-06-17 08:36:28,  Lat/Lon: 7.82409°/126.681°, Depth: 10
2025/06/17 15:39:31.295875 [Incident:Info:toast@toast-new:Magnitude updated] Magnitude updated: 5.43 (M)
2025/06/17 15:39:31.295910 [Simulation:Info:toast@toast-new:Simulation not generated] Magnitude 5.43 of event bmg2025ltub is smaller than triggerMinMagnitude: no automatic simulation
2025/06/17 15:39:31.337433 [Incident:Info:toast@toast-new:Origin updated] Origin updated: OT: 2025-06-17 08:36:25,  Lat/Lon: 8.01986°/126.792°, Depth: 10
2025/06/17 15:39:31.337619 [Incident:Info:toast@toast-new:Magnitude updated] Magnitude updated: 5.46 (M)
2025/06/17 15:39:31.337664 [Simulation:Info:toast@toast-new:Simulation not generated] Magnitude 5.46 of event bmg2025ltub is smaller than triggerMinMagnitude: no automatic simulation
2025/06/17 15:39:34.293622 [Incident:Info:toast@toast-new:Origin updated] Origin updated: OT: 2025-06-17 08:36:25,  Lat/Lon: 8.01986°/126.792°, Depth: 10
2025/06/17 15:39:34.293828 [Incident:Info:toast@toast-new:Magnitude updated] Magnitude updated: 5.45 (M)
2025/06/17 15:39:34.293894 [Simulation:Info:toast@toast-new:Simulation not generated] Magnitude 5.45 of event bmg2025ltub is smaller than triggerMinMagnitude: no automatic simulation
2025/06/17 15:39:39.329243 [Incident:Info:toast@toast-new:Origin updated] Origin updated: OT: 2025-06-17 08:36:25,  Lat/Lon: 8.01986°/126.792°, Depth: 10
2025/06/17 15:39:39.329451 [Incident:Info:toast@toast-new:Magnitude updated] Magnitude updated: 5.44 (M)
2025/06/17 15:39:39.329497 [Simulation:Info:toast@toast-new:Simulation not generated] Magnitude 5.44 of event bmg2025ltub is smaller than triggerMinMagnitude: no automatic simulation
2025/06/17 15:39:44.341091 [Incident:Info:toast@toast-new:Origin updated] Origin updated: OT: 2025-06-17 08:36:25,  Lat/Lon: 8.01986°/126.792°, Depth: 10
2025/06/17 15:39:44.341279 [Incident:Info:toast@toast-new:Magnitude updated] Magnitude updated: 5.43 (M)
2025/06/17 15:39:44.341322 [Simulation:Info:toast@toast-new:Simulation not generated] Magnitude 5.43 of event bmg2025ltub is smaller than triggerMinMagnitude: no automatic simulation
2025/06/17 15:39:47.814681 [Incident:Info:toast@toast-new:Origin updated] Origin updated: OT: 2025-06-17 08:36:25,  Lat/Lon: 8.01986°/126.792°, Depth: 10
2025/06/17 15:39:47.814879 [Incident:Info:toast@toast-new:Magnitude updated] Magnitude updated: 5.40 (M)
2025/06/17 15:39:47.814921 [Simulation:Info:toast@toast-new:Simulation not generated] Magnitude 5.40 of event bmg2025ltub is smaller than triggerMinMagnitude: no automatic simulation
2025/06/17 15:39:47.855063 [Incident:Info:toast@toast-new:Origin updated] Origin updated: OT: 2025-06-17 08:36:27,  Lat/Lon: 7.93358°/126.774°, Depth: 10
2025/06/17 15:39:47.855248 [Incident:Info:toast@toast-new:Magnitude updated] Magnitude updated: 5.39 (M)
2025/06/17 15:39:47.855282 [Simulation:Info:toast@toast-new:Simulation not generated] Magnitude 5.39 of event bmg2025ltub is smaller than triggerMinMagnitude: no automatic simulation
2025/06/17 15:39:49.214459 [Incident:Info:toast@toast-new:Origin updated] Origin updated: OT: 2025-06-17 08:36:27,  Lat/Lon: 7.93358°/126.774°, Depth: 10
2025/06/17 15:39:49.214657 [Incident:Info:toast@toast-new:Magnitude updated] Magnitude updated: 5.37 (M)
2025/06/17 15:39:49.214705 [Simulation:Info:toast@toast-new:Simulation not generated] Magnitude 5.37 of event bmg2025ltub is smaller than triggerMinMagnitude: no automatic simulation
2025/06/17 15:39:54.235175 [Incident:Info:toast@toast-new:Origin updated] Origin updated: OT: 2025-06-17 08:36:27,  Lat/Lon: 7.93358°/126.774°, Depth: 10
2025/06/17 15:39:54.235401 [Incident:Info:toast@toast-new:Magnitude updated] Magnitude updated: 5.36 (M)
2025/06/17 15:39:54.235450 [Simulation:Info:toast@toast-new:Simulation not generated] Magnitude 5.36 of event bmg2025ltub is smaller than triggerMinMagnitude: no automatic simulation
2025/06/17 15:39:59.255545 [Incident:Info:toast@toast-new:Origin updated] Origin updated: OT: 2025-06-17 08:36:27,  Lat/Lon: 7.93358°/126.774°, Depth: 10
2025/06/17 15:39:59.255736 [Incident:Info:toast@toast-new:Magnitude updated] Magnitude updated: 5.33 (M)
2025/06/17 15:39:59.255799 [Simulation:Info:toast@toast-new:Simulation not generated] Magnitude 5.33 of event bmg2025ltub is smaller than triggerMinMagnitude: no automatic simulation
2025/06/17 15:40:04.241978 [Incident:Info:toast@toast-new:Origin updated] Origin updated: OT: 2025-06-17 08:36:27,  Lat/Lon: 7.93358°/126.774°, Depth: 10
2025/06/17 15:40:04.242178 [Incident:Info:toast@toast-new:Magnitude updated] Magnitude updated: 5.30 (M)
2025/06/17 15:40:04.242238 [Simulation:Info:toast@toast-new:Simulation not generated] Magnitude 5.30 of event bmg2025ltub is smaller than triggerMinMagnitude: no automatic simulation
2025/06/17 15:40:09.267367 [Incident:Info:toast@toast-new:Origin updated] Origin updated: OT: 2025-06-17 08:36:27,  Lat/Lon: 7.93358°/126.774°, Depth: 10
2025/06/17 15:40:09.267561 [Incident:Info:toast@toast-new:Magnitude updated] Magnitude updated: 5.28 (M)
2025/06/17 15:40:09.267602 [Simulation:Info:toast@toast-new:Simulation not generated] Magnitude 5.28 of event bmg2025ltub is smaller than triggerMinMagnitude: no automatic simulation
2025/06/17 15:40:10.649114 [Incident:Info:toast@toast-new:Origin updated] Origin updated: OT: 2025-06-17 08:36:27,  Lat/Lon: 7.91324°/126.762°, Depth: 10
2025/06/17 15:40:10.649307 [Incident:Info:toast@toast-new:Magnitude updated] Magnitude updated: 5.26 (M)
2025/06/17 15:40:10.649351 [Simulation:Info:toast@toast-new:Simulation not generated] Magnitude 5.26 of event bmg2025ltub is smaller than triggerMinMagnitude: no automatic simulation
2025/06/17 15:40:14.274301 [Incident:Info:toast@toast-new:Origin updated] Origin updated: OT: 2025-06-17 08:36:27,  Lat/Lon: 7.91324°/126.762°, Depth: 10
2025/06/17 15:40:14.274484 [Incident:Info:toast@toast-new:Magnitude updated] Magnitude updated: 5.27 (M)
2025/06/17 15:40:14.274524 [Simulation:Info:toast@toast-new:Simulation not generated] Magnitude 5.27 of event bmg2025ltub is smaller than triggerMinMagnitude: no automatic simulation
2025/06/17 15:40:19.308111 [Incident:Info:toast@toast-new:Origin updated] Origin updated: OT: 2025-06-17 08:36:27,  Lat/Lon: 7.91324°/126.762°, Depth: 10
2025/06/17 15:40:19.308338 [Incident:Info:toast@toast-new:Magnitude updated] Magnitude updated: 5.24 (M)
2025/06/17 15:40:19.308416 [Simulation:Info:toast@toast-new:Simulation not generated] Magnitude 5.24 of event bmg2025ltub is smaller than triggerMinMagnitude: no automatic simulation
2025/06/17 15:40:19.339542 [Incident:Info:toast@toast-new:Origin updated] Origin updated: OT: 2025-06-17 08:36:27,  Lat/Lon: 7.91324°/126.762°, Depth: 10
2025/06/17 15:40:19.339658 [Incident:Info:toast@toast-new:Magnitude updated] Magnitude updated: 5.17 (Mw(mB))
2025/06/17 15:40:19.339687 [Simulation:Info:toast@toast-new:Simulation not generated] Magnitude 5.17 of event bmg2025ltub is smaller than triggerMinMagnitude: no automatic simulation
2025/06/17 15:40:19.365598 [Incident:Info:toast@toast-new:Origin updated] Origin updated: OT: 2025-06-17 08:36:27,  Lat/Lon: 7.91324°/126.762°, Depth: 10
2025/06/17 15:40:19.365703 [Simulation:Info:toast@toast-new:Simulation not generated] Magnitude 5.17 of event bmg2025ltub is smaller than triggerMinMagnitude: no automatic simulation
2025/06/17 15:40:24.353140 [Incident:Info:toast@toast-new:Origin updated] Origin updated: OT: 2025-06-17 08:36:27,  Lat/Lon: 7.91324°/126.762°, Depth: 10
2025/06/17 15:40:24.353331 [Incident:Info:toast@toast-new:Magnitude updated] Magnitude updated: 5.16 (Mw(mB))
2025/06/17 15:40:24.353374 [Simulation:Info:toast@toast-new:Simulation not generated] Magnitude 5.16 of event bmg2025ltub is smaller than triggerMinMagnitude: no automatic simulation
2025/06/17 15:40:29.340363 [Incident:Info:toast@toast-new:Origin updated] Origin updated: OT: 2025-06-17 08:36:27,  Lat/Lon: 7.91324°/126.762°, Depth: 10
2025/06/17 15:40:29.340529 [Incident:Info:toast@toast-new:Magnitude updated] Magnitude updated: 5.17 (Mw(mB))
2025/06/17 15:40:29.340568 [Simulation:Info:toast@toast-new:Simulation not generated] Magnitude 5.17 of event bmg2025ltub is smaller than triggerMinMagnitude: no automatic simulation
2025/06/17 15:40:34.312385 [Incident:Info:toast@toast-new:Origin updated] Origin updated: OT: 2025-06-17 08:36:27,  Lat/Lon: 7.91324°/126.762°, Depth: 10
2025/06/17 15:40:34.312586 [Incident:Info:toast@toast-new:Magnitude updated] Magnitude updated: 5.18 (Mw(mB))
2025/06/17 15:40:34.312630 [Simulation:Info:toast@toast-new:Simulation not generated] Magnitude 5.18 of event bmg2025ltub is smaller than triggerMinMagnitude: no automatic simulation
2025/06/17 15:40:39.211417 [Incident:Info:toast@toast-new:Origin updated] Origin updated: OT: 2025-06-17 08:36:27,  Lat/Lon: 7.91324°/126.762°, Depth: 10
2025/06/17 15:40:39.211633 [Incident:Info:toast@toast-new:Magnitude updated] Magnitude updated: 5.20 (Mw(mB))
2025/06/17 15:40:39.211683 [Simulation:Info:toast@toast-new:Simulation not generated] Magnitude 5.20 of event bmg2025ltub is smaller than triggerMinMagnitude: no automatic simulation
2025/06/17 15:40:43.727361 [Incident:Info:toast@toast-new:Origin updated] Origin updated: OT: 2025-06-17 08:36:27,  Lat/Lon: 7.91324°/126.762°, Depth: 10
2025/06/17 15:40:43.727547 [Incident:Info:toast@toast-new:Magnitude updated] Magnitude updated: 5.20 (Mw(mB))
2025/06/17 15:40:43.727587 [Simulation:Info:toast@toast-new:Simulation not generated] Magnitude 5.20 of event bmg2025ltub is smaller than triggerMinMagnitude: no automatic simulation
2025/06/17 15:40:43.751172 [Incident:Info:toast@toast-new:Origin updated] Origin updated: OT: 2025-06-17 08:36:27,  Lat/Lon: 7.91083°/126.769°, Depth: 10
2025/06/17 15:40:43.751345 [Incident:Info:toast@toast-new:Magnitude updated] Magnitude updated: 5.21 (Mw(mB))
2025/06/17 15:40:43.751382 [Simulation:Info:toast@toast-new:Simulation not generated] Magnitude 5.21 of event bmg2025ltub is smaller than triggerMinMagnitude: no automatic simulation
2025/06/17 15:40:49.275546 [Incident:Info:toast@toast-new:Origin updated] Origin updated: OT: 2025-06-17 08:36:27,  Lat/Lon: 7.91083°/126.769°, Depth: 10
2025/06/17 15:40:49.275743 [Incident:Info:toast@toast-new:Magnitude updated] Magnitude updated: 5.23 (Mw(mB))
2025/06/17 15:40:49.275784 [Simulation:Info:toast@toast-new:Simulation not generated] Magnitude 5.23 of event bmg2025ltub is smaller than triggerMinMagnitude: no automatic simulation
2025/06/17 15:40:54.216939 [Incident:Info:toast@toast-new:Origin updated] Origin updated: OT: 2025-06-17 08:36:27,  Lat/Lon: 7.91083°/126.769°, Depth: 10
2025/06/17 15:40:54.217139 [Incident:Info:toast@toast-new:Magnitude updated] Magnitude updated: 5.23 (Mw(mB))
2025/06/17 15:40:54.217183 [Simulation:Info:toast@toast-new:Simulation not generated] Magnitude 5.23 of event bmg2025ltub is smaller than triggerMinMagnitude: no automatic simulation
2025/06/17 15:40:59.335032 [Incident:Info:toast@toast-new:Origin updated] Origin updated: OT: 2025-06-17 08:36:27,  Lat/Lon: 7.91083°/126.769°, Depth: 10
2025/06/17 15:40:59.335219 [Incident:Info:toast@toast-new:Magnitude updated] Magnitude updated: 5.22 (Mw(mB))
2025/06/17 15:40:59.335263 [Simulation:Info:toast@toast-new:Simulation not generated] Magnitude 5.22 of event bmg2025ltub is smaller than triggerMinMagnitude: no automatic simulation
2025/06/17 15:41:04.342670 [Incident:Info:toast@toast-new:Origin updated] Origin updated: OT: 2025-06-17 08:36:27,  Lat/Lon: 7.91083°/126.769°, Depth: 10
2025/06/17 15:41:04.342862 [Incident:Info:toast@toast-new:Magnitude updated] Magnitude updated: 5.22 (Mw(mB))
2025/06/17 15:41:04.342908 [Simulation:Info:toast@toast-new:Simulation not generated] Magnitude 5.22 of event bmg2025ltub is smaller than triggerMinMagnitude: no automatic simulation
2025/06/17 15:41:09.341506 [Incident:Info:toast@toast-new:Origin updated] Origin updated: OT: 2025-06-17 08:36:27,  Lat/Lon: 7.91083°/126.769°, Depth: 10
2025/06/17 15:41:09.341705 [Incident:Info:toast@toast-new:Magnitude updated] Magnitude updated: 5.20 (Mw(mB))
2025/06/17 15:41:09.341749 [Simulation:Info:toast@toast-new:Simulation not generated] Magnitude 5.20 of event bmg2025ltub is smaller than triggerMinMagnitude: no automatic simulation
2025/06/17 15:41:14.307220 [Incident:Info:toast@toast-new:Origin updated] Origin updated: OT: 2025-06-17 08:36:27,  Lat/Lon: 7.91083°/126.769°, Depth: 10
2025/06/17 15:41:14.307390 [Incident:Info:toast@toast-new:Magnitude updated] Magnitude updated: 5.20 (Mw(mB))
2025/06/17 15:41:14.307428 [Simulation:Info:toast@toast-new:Simulation not generated] Magnitude 5.20 of event bmg2025ltub is smaller than triggerMinMagnitude: no automatic simulation
2025/06/17 15:41:18.770483 [Incident:Info:toast@toast-new:Origin updated] Origin updated: OT: 2025-06-17 08:36:30,  Lat/Lon: 7.90095°/126.727°, Depth: 68.8552
2025/06/17 15:41:18.770709 [Incident:Info:toast@toast-new:Magnitude updated] Magnitude updated: 5.14 (Mw(mB))
2025/06/17 15:41:18.770757 [Simulation:Info:toast@toast-new:Simulation not generated] Magnitude 5.14 of event bmg2025ltub is smaller than triggerMinMagnitude: no automatic simulation
2025/06/17 15:41:24.288344 [Incident:Info:toast@toast-new:Origin updated] Origin updated: OT: 2025-06-17 08:36:30,  Lat/Lon: 7.90095°/126.727°, Depth: 68.8552
2025/06/17 15:41:24.288526 [Incident:Info:toast@toast-new:Magnitude updated] Magnitude updated: 5.13 (Mw(mB))
2025/06/17 15:41:24.288557 [Simulation:Info:toast@toast-new:Simulation not generated] Magnitude 5.13 of event bmg2025ltub is smaller than triggerMinMagnitude: no automatic simulation
2025/06/17 15:41:29.292870 [Incident:Info:toast@toast-new:Origin updated] Origin updated: OT: 2025-06-17 08:36:30,  Lat/Lon: 7.90095°/126.727°, Depth: 68.8552
2025/06/17 15:41:29.293049 [Incident:Info:toast@toast-new:Magnitude updated] Magnitude updated: 5.13 (Mw(mB))
2025/06/17 15:41:29.293091 [Simulation:Info:toast@toast-new:Simulation not generated] Magnitude 5.13 of event bmg2025ltub is smaller than triggerMinMagnitude: no automatic simulation
2025/06/17 15:41:34.156481 [Incident:Info:toast@toast-new:Origin updated] Origin updated: OT: 2025-06-17 08:36:30,  Lat/Lon: 7.90095°/126.727°, Depth: 68.8552
2025/06/17 15:41:34.156663 [Incident:Info:toast@toast-new:Magnitude updated] Magnitude updated: 5.12 (Mw(mB))
2025/06/17 15:41:34.156696 [Simulation:Info:toast@toast-new:Simulation not generated] Magnitude 5.12 of event bmg2025ltub is smaller than triggerMinMagnitude: no automatic simulation
2025/06/17 15:41:39.338484 [Incident:Info:toast@toast-new:Origin updated] Origin updated: OT: 2025-06-17 08:36:30,  Lat/Lon: 7.90095°/126.727°, Depth: 68.8552
2025/06/17 15:41:39.338713 [Incident:Info:toast@toast-new:Magnitude updated] Magnitude updated: 5.12 (Mw(mB))
2025/06/17 15:41:39.338768 [Simulation:Info:toast@toast-new:Simulation not generated] Magnitude 5.12 of event bmg2025ltub is smaller than triggerMinMagnitude: no automatic simulation
2025/06/17 15:41:49.295055 [Incident:Info:toast@toast-new:Origin updated] Origin updated: OT: 2025-06-17 08:36:30,  Lat/Lon: 7.90095°/126.727°, Depth: 68.8552
2025/06/17 15:41:49.295259 [Incident:Info:toast@toast-new:Magnitude updated] Magnitude updated: 5.13 (Mw(mB))
2025/06/17 15:41:49.295318 [Simulation:Info:toast@toast-new:Simulation not generated] Magnitude 5.13 of event bmg2025ltub is smaller than triggerMinMagnitude: no automatic simulation
2025/06/17 15:42:05.237753 [Incident:Info:toast@toast-new:Origin updated] Origin updated: OT: 2025-06-17 08:36:30,  Lat/Lon: 7.93497°/126.738°, Depth: 66.8392
2025/06/17 15:42:05.237973 [Incident:Info:toast@toast-new:Magnitude updated] Magnitude updated: 5.13 (Mw(mB))
2025/06/17 15:42:05.238015 [Simulation:Info:toast@toast-new:Simulation not generated] Magnitude 5.13 of event bmg2025ltub is smaller than triggerMinMagnitude: no automatic simulation
2025/06/17 15:42:09.301535 [Incident:Info:toast@toast-new:Origin updated] Origin updated: OT: 2025-06-17 08:36:30,  Lat/Lon: 7.93497°/126.738°, Depth: 66.8392
2025/06/17 15:42:09.301733 [Incident:Info:toast@toast-new:Magnitude updated] Magnitude updated: 5.12 (Mw(mB))
2025/06/17 15:42:09.301778 [Simulation:Info:toast@toast-new:Simulation not generated] Magnitude 5.12 of event bmg2025ltub is smaller than triggerMinMagnitude: no automatic simulation
2025/06/17 15:42:14.162313 [Incident:Info:toast@toast-new:Origin updated] Origin updated: OT: 2025-06-17 08:36:30,  Lat/Lon: 7.93497°/126.738°, Depth: 66.8392
2025/06/17 15:42:14.162513 [Incident:Info:toast@toast-new:Magnitude updated] Magnitude updated: 5.10 (Mw(mB))
2025/06/17 15:42:14.162560 [Simulation:Info:toast@toast-new:Simulation not generated] Magnitude 5.10 of event bmg2025ltub is smaller than triggerMinMagnitude: no automatic simulation
2025/06/17 15:42:19.162910 [Incident:Info:toast@toast-new:Origin updated] Origin updated: OT: 2025-06-17 08:36:30,  Lat/Lon: 7.93497°/126.738°, Depth: 66.8392
2025/06/17 15:42:19.163129 [Incident:Info:toast@toast-new:Magnitude updated] Magnitude updated: 5.10 (Mw(mB))
2025/06/17 15:42:19.163174 [Simulation:Info:toast@toast-new:Simulation not generated] Magnitude 5.10 of event bmg2025ltub is smaller than triggerMinMagnitude: no automatic simulation
2025/06/17 15:42:24.160500 [Incident:Info:toast@toast-new:Origin updated] Origin updated: OT: 2025-06-17 08:36:30,  Lat/Lon: 7.93497°/126.738°, Depth: 66.8392
2025/06/17 15:42:24.160670 [Incident:Info:toast@toast-new:Magnitude updated] Magnitude updated: 5.09 (Mw(mB))
2025/06/17 15:42:24.160700 [Simulation:Info:toast@toast-new:Simulation not generated] Magnitude 5.09 of event bmg2025ltub is smaller than triggerMinMagnitude: no automatic simulation
2025/06/17 15:42:29.159520 [Incident:Info:toast@toast-new:Origin updated] Origin updated: OT: 2025-06-17 08:36:30,  Lat/Lon: 7.93497°/126.738°, Depth: 66.8392
2025/06/17 15:42:29.159691 [Incident:Info:toast@toast-new:Magnitude updated] Magnitude updated: 5.09 (Mw(mB))
2025/06/17 15:42:29.159722 [Simulation:Info:toast@toast-new:Simulation not generated] Magnitude 5.09 of event bmg2025ltub is smaller than triggerMinMagnitude: no automatic simulation
2025/06/17 15:42:34.162433 [Incident:Info:toast@toast-new:Origin updated] Origin updated: OT: 2025-06-17 08:36:30,  Lat/Lon: 7.93497°/126.738°, Depth: 66.8392
2025/06/17 15:42:34.162622 [Incident:Info:toast@toast-new:Magnitude updated] Magnitude updated: 5.10 (Mw(mB))
2025/06/17 15:42:34.162665 [Simulation:Info:toast@toast-new:Simulation not generated] Magnitude 5.10 of event bmg2025ltub is smaller than triggerMinMagnitude: no automatic simulation
2025/06/17 15:42:38.555285 [Incident:Info:toast@toast-new:Origin updated] Origin updated: OT: 2025-06-17 08:36:30,  Lat/Lon: 7.93497°/126.738°, Depth: 66.8392
2025/06/17 15:42:38.555481 [Incident:Info:toast@toast-new:Magnitude updated] Magnitude updated: 5.10 (Mw(mB))
2025/06/17 15:42:38.555523 [Simulation:Info:toast@toast-new:Simulation not generated] Magnitude 5.10 of event bmg2025ltub is smaller than triggerMinMagnitude: no automatic simulation
2025/06/17 15:42:38.576814 [Incident:Info:toast@toast-new:Origin updated] Origin updated: OT: 2025-06-17 08:36:27,  Lat/Lon: 8.12152°/126.775°, Depth: 61.4385
2025/06/17 15:42:38.576957 [Incident:Info:toast@toast-new:Magnitude updated] Magnitude updated: 5.11 (Mw(mB))
2025/06/17 15:42:38.576987 [Simulation:Info:toast@toast-new:Simulation not generated] Magnitude 5.11 of event bmg2025ltub is smaller than triggerMinMagnitude: no automatic simulation
2025/06/17 15:42:39.161136 [Incident:Info:toast@toast-new:Origin updated] Origin updated: OT: 2025-06-17 08:36:27,  Lat/Lon: 8.12152°/126.775°, Depth: 61.4385
2025/06/17 15:42:39.161342 [Incident:Info:toast@toast-new:Magnitude updated] Magnitude updated: 5.10 (Mw(mB))
2025/06/17 15:42:39.161396 [Simulation:Info:toast@toast-new:Simulation not generated] Magnitude 5.10 of event bmg2025ltub is smaller than triggerMinMagnitude: no automatic simulation
2025/06/17 15:42:44.171802 [Incident:Info:toast@toast-new:Origin updated] Origin updated: OT: 2025-06-17 08:36:27,  Lat/Lon: 8.12152°/126.775°, Depth: 61.4385
2025/06/17 15:42:44.171987 [Incident:Info:toast@toast-new:Magnitude updated] Magnitude updated: 5.13 (Mw(mB))
2025/06/17 15:42:44.172019 [Simulation:Info:toast@toast-new:Simulation not generated] Magnitude 5.13 of event bmg2025ltub is smaller than triggerMinMagnitude: no automatic simulation
2025/06/17 15:42:49.234443 [Incident:Info:toast@toast-new:Origin updated] Origin updated: OT: 2025-06-17 08:36:27,  Lat/Lon: 8.12152°/126.775°, Depth: 61.4385
2025/06/17 15:42:49.234655 [Incident:Info:toast@toast-new:Magnitude updated] Magnitude updated: 5.15 (Mw(mB))
2025/06/17 15:42:49.234706 [Simulation:Info:toast@toast-new:Simulation not generated] Magnitude 5.15 of event bmg2025ltub is smaller than triggerMinMagnitude: no automatic simulation
2025/06/17 15:42:54.172802 [Incident:Info:toast@toast-new:Origin updated] Origin updated: OT: 2025-06-17 08:36:27,  Lat/Lon: 8.12152°/126.775°, Depth: 61.4385
2025/06/17 15:42:54.173023 [Incident:Info:toast@toast-new:Magnitude updated] Magnitude updated: 5.16 (Mw(mB))
2025/06/17 15:42:54.173089 [Simulation:Info:toast@toast-new:Simulation not generated] Magnitude 5.16 of event bmg2025ltub is smaller than triggerMinMagnitude: no automatic simulation
2025/06/17 15:42:59.171950 [Incident:Info:toast@toast-new:Origin updated] Origin updated: OT: 2025-06-17 08:36:27,  Lat/Lon: 8.12152°/126.775°, Depth: 61.4385
2025/06/17 15:42:59.172141 [Incident:Info:toast@toast-new:Magnitude updated] Magnitude updated: 5.15 (Mw(mB))
2025/06/17 15:42:59.172184 [Simulation:Info:toast@toast-new:Simulation not generated] Magnitude 5.15 of event bmg2025ltub is smaller than triggerMinMagnitude: no automatic simulation
2025/06/17 15:43:04.169670 [Incident:Info:toast@toast-new:Origin updated] Origin updated: OT: 2025-06-17 08:36:27,  Lat/Lon: 8.12152°/126.775°, Depth: 61.4385
2025/06/17 15:43:04.169851 [Incident:Info:toast@toast-new:Magnitude updated] Magnitude updated: 5.16 (Mw(mB))
2025/06/17 15:43:04.169892 [Simulation:Info:toast@toast-new:Simulation not generated] Magnitude 5.16 of event bmg2025ltub is smaller than triggerMinMagnitude: no automatic simulation
2025/06/17 15:43:23.711842 [Incident:Info:toast@toast-new:Origin updated] Origin updated: OT: 2025-06-17 08:36:27,  Lat/Lon: 8.17065°/126.791°, Depth: 63.347
2025/06/17 15:43:23.712042 [Incident:Info:toast@toast-new:Magnitude updated] Magnitude updated: 5.16 (Mw(mB))
2025/06/17 15:43:23.712074 [Simulation:Info:toast@toast-new:Simulation not generated] Magnitude 5.16 of event bmg2025ltub is smaller than triggerMinMagnitude: no automatic simulation
2025/06/17 15:43:39.178588 [Incident:Info:toast@toast-new:Origin updated] Origin updated: OT: 2025-06-17 08:36:27,  Lat/Lon: 8.17065°/126.791°, Depth: 63.347
2025/06/17 15:43:39.178828 [Incident:Info:toast@toast-new:Magnitude updated] Magnitude updated: 5.17 (Mw(mB))
2025/06/17 15:43:39.178896 [Simulation:Info:toast@toast-new:Simulation not generated] Magnitude 5.17 of event bmg2025ltub is smaller than triggerMinMagnitude: no automatic simulation
2025/06/17 15:43:53.757286 [Incident:Info:toast@toast-new:Origin updated] Origin updated: OT: 2025-06-17 08:36:27,  Lat/Lon: 8.1406°/126.803°, Depth: 70.2387
2025/06/17 15:43:53.757498 [Incident:Info:toast@toast-new:Magnitude updated] Magnitude updated: 5.12 (Mw(mB))
2025/06/17 15:43:53.757547 [Simulation:Info:toast@toast-new:Simulation not generated] Magnitude 5.12 of event bmg2025ltub is smaller than triggerMinMagnitude: no automatic simulation
2025/06/17 15:46:30.066040 [Incident:Info:toast@toast-new:Origin updated] Origin updated: OT: 2025-06-17 08:36:27,  Lat/Lon: 8.1406°/126.803°, Depth: 70.2387
2025/06/17 15:46:30.066238 [Incident:Info:toast@toast-new:FM updated] FM updated
2025/06/17 15:46:30.066506 [Simulation:Info:toast@toast-new:Simulation not generated] Magnitude 5.12 of event bmg2025ltub is smaller than triggerMinMagnitude: no automatic simulation
2025/06/17 15:46:33.166319 [Incident:Info:toast@toast-new:Origin updated] Origin updated: OT: 2025-06-17 08:36:27,  Lat/Lon: 8.1406°/126.803°, Depth: 70.2387
2025/06/17 15:46:33.166491 [Incident:Info:toast@toast-new:FM updated] FM updated
2025/06/17 15:46:33.166742 [Simulation:Info:toast@toast-new:Simulation not generated] Magnitude 5.12 of event bmg2025ltub is smaller than triggerMinMagnitude: no automatic simulation
2025/06/17 16:12:56.999125 [Incident:Info:toast@toast-new:Origin updated] Origin updated: OT: 2025-06-17 08:36:27,  Lat/Lon: 8.1406°/126.803°, Depth: 70.2387
2025/06/17 16:12:56.999337 [Incident:Info:toast@toast-new:FM updated] FM updated
2025/06/17 16:12:56.999609 [Simulation:Info:toast@toast-new:Simulation not generated] Magnitude 5.12 of event bmg2025ltub is smaller than triggerMinMagnitude: no automatic simulation
2025/06/17 16:25:45.160448 [Incident:Info:toast@toast-new:Origin updated] Origin updated: OT: 2025-06-17 08:36:27,  Lat/Lon: 8.1406°/126.803°, Depth: 70.2387
2025/06/17 16:25:45.160661 [Simulation:Info:toast@toast-new:Simulation not generated] Magnitude 5.12 of event bmg2025ltub is smaller than triggerMinMagnitude: no automatic simulation
2025/06/17 22:27:04.954411 [Incident:Info:toast@toast-new:Origin updated] Origin updated: OT: 2025-06-17 08:36:27,  Lat/Lon: 8.14692°/126.812°, Depth: 67.9634
2025/06/17 22:27:04.954614 [Incident:Info:toast@toast-new:Magnitude updated] Magnitude updated: 5.13 (Mw(mB))
2025/06/17 22:27:04.954656 [Simulation:Info:toast@toast-new:Simulation not generated] Magnitude 5.13 of event bmg2025ltub is smaller than triggerMinMagnitude: no automatic simulation
2025/06/17 22:27:17.733312 [Incident:Info:toast@toast-new:Origin updated] Origin updated: OT: 2025-06-17 08:36:27,  Lat/Lon: 8.14692°/126.812°, Depth: 67.9634
2025/06/17 22:27:17.733528 [Incident:Info:toast@toast-new:Magnitude updated] Magnitude updated: 5.30 (mb)
2025/06/17 22:27:17.733604 [Simulation:Info:toast@toast-new:Simulation not generated] Magnitude 5.30 of event bmg2025ltub is smaller than triggerMinMagnitude: no automatic simulation
2025/06/17 22:27:26.775942 [Incident:Info:toast@toast-new:Origin updated] Origin updated: OT: 2025-06-17 08:36:27,  Lat/Lon: 8.14692°/126.812°, Depth: 67.9634
2025/06/17 22:27:26.776135 [Simulation:Info:toast@toast-new:Simulation not generated] Magnitude 5.30 of event bmg2025ltub is smaller than triggerMinMagnitude: no automatic simulation
2025/06/17 22:27:26.795451 [Incident:Info:toast@toast-new:Origin updated] Origin updated: OT: 2025-06-17 08:36:27,  Lat/Lon: 8.14692°/126.812°, Depth: 67.9634
2025/06/17 22:27:26.795546 [Simulation:Info:toast@toast-new:Simulation not generated] Magnitude 5.30 of event bmg2025ltub is smaller than triggerMinMagnitude: no automatic simulation
2025/06/17 22:58:58.035085 [Incident:Info:toast@toast-new:Origin updated] Origin updated: OT: 2025-06-17 08:36:27,  Lat/Lon: 8.14692°/126.812°, Depth: 67.9634
2025/06/17 22:58:58.035287 [Incident:Info:toast@toast-new:FM updated] FM updated
2025/06/17 22:58:58.035621 [Simulation:Info:toast@toast-new:Simulation not generated] Magnitude 5.30 of event bmg2025ltub is smaller than triggerMinMagnitude: no automatic simulation
