2025/05/06 05:58:59.828851 [Incident:Info:toast@toast-new:Displacement(s) updated] Added 0 and changed 0 displacements with 0 amplitudes
2025/05/06 05:58:59.830890 [Incident:Info:toast@toast-new:Incident created] Incident created based on event received from messaging: OT: 2025-05-05 22:57:35,  Lat/Lon: -0.16°/123.75°, Depth: 111.30, Mag: 5.40 (M)
2025/05/06 05:58:59.831350 [Simulation:Info:toast@toast-new:Simulation not generated] Magnitude 5.40 of event bmg2025iuhv is smaller than triggerMinMagnitude: no automatic simulation
2025/05/06 05:58:59.861306 [Incident:Info:toast@toast-new:Origin updated] Origin updated: OT: 2025-05-05 22:57:35,  Lat/Lon: -0.164831°/123.75°, Depth: 111.296
2025/05/06 05:58:59.861411 [Simulation:Info:toast@toast-new:Simulation not generated] Magnitude 5.40 of event bmg2025iuhv is smaller than triggerMinMagnitude: no automatic simulation
2025/05/06 05:59:04.885379 [Incident:Info:toast@toast-new:Origin updated] Origin updated: OT: 2025-05-05 22:57:35,  Lat/Lon: -0.164831°/123.75°, Depth: 111.296
2025/05/06 05:59:04.885462 [Incident:Info:toast@toast-new:Magnitude updated] Magnitude updated: 5.40 (M)
2025/05/06 05:59:04.885506 [Simulation:Info:toast@toast-new:Simulation not generated] Magnitude 5.40 of event bmg2025iuhv is smaller than triggerMinMagnitude: no automatic simulation
2025/05/06 05:59:08.677010 [Incident:Info:toast@toast-new:Origin updated] Origin updated: OT: 2025-05-05 22:57:34,  Lat/Lon: -0.160106°/123.779°, Depth: 115.874
2025/05/06 05:59:08.677204 [Incident:Info:toast@toast-new:Magnitude updated] Magnitude updated: 5.41 (M)
2025/05/06 05:59:08.677276 [Simulation:Info:toast@toast-new:Simulation not generated] Magnitude 5.41 of event bmg2025iuhv is smaller than triggerMinMagnitude: no automatic simulation
2025/05/06 05:59:09.843622 [Incident:Info:toast@toast-new:Origin updated] Origin updated: OT: 2025-05-05 22:57:34,  Lat/Lon: -0.160106°/123.779°, Depth: 115.874
2025/05/06 05:59:09.844694 [Incident:Info:toast@toast-new:Magnitude updated] Magnitude updated: 5.43 (M)
2025/05/06 05:59:09.844838 [Simulation:Info:toast@toast-new:Simulation not generated] Magnitude 5.43 of event bmg2025iuhv is smaller than triggerMinMagnitude: no automatic simulation
2025/05/06 05:59:14.854999 [Incident:Info:toast@toast-new:Origin updated] Origin updated: OT: 2025-05-05 22:57:34,  Lat/Lon: -0.160106°/123.779°, Depth: 115.874
2025/05/06 05:59:14.855147 [Incident:Info:toast@toast-new:Magnitude updated] Magnitude updated: 5.49 (M)
2025/05/06 05:59:14.855268 [Simulation:Info:toast@toast-new:Simulation not generated] Magnitude 5.49 of event bmg2025iuhv is smaller than triggerMinMagnitude: no automatic simulation
2025/05/06 05:59:19.846585 [Incident:Info:toast@toast-new:Origin updated] Origin updated: OT: 2025-05-05 22:57:34,  Lat/Lon: -0.160106°/123.779°, Depth: 115.874
2025/05/06 05:59:19.846681 [Incident:Info:toast@toast-new:Magnitude updated] Magnitude updated: 5.51 (M)
2025/05/06 05:59:19.846738 [Simulation:Info:toast@toast-new:Simulation not generated] Magnitude 5.51 of event bmg2025iuhv is smaller than triggerMinMagnitude: no automatic simulation
2025/05/06 05:59:22.600582 [Incident:Info:toast@toast-new:Origin updated] Origin updated: OT: 2025-05-05 22:57:34,  Lat/Lon: -0.148042°/123.79°, Depth: 108.971
2025/05/06 05:59:22.600703 [Incident:Info:toast@toast-new:Magnitude updated] Magnitude updated: 5.45 (M)
2025/05/06 05:59:22.600750 [Simulation:Info:toast@toast-new:Simulation not generated] Magnitude 5.45 of event bmg2025iuhv is smaller than triggerMinMagnitude: no automatic simulation
2025/05/06 05:59:24.832401 [Incident:Info:toast@toast-new:Origin updated] Origin updated: OT: 2025-05-05 22:57:34,  Lat/Lon: -0.148042°/123.79°, Depth: 108.971
2025/05/06 05:59:24.832492 [Incident:Info:toast@toast-new:Magnitude updated] Magnitude updated: 5.48 (M)
2025/05/06 05:59:24.832560 [Simulation:Info:toast@toast-new:Simulation not generated] Magnitude 5.48 of event bmg2025iuhv is smaller than triggerMinMagnitude: no automatic simulation
2025/05/06 05:59:29.831863 [Incident:Info:toast@toast-new:Origin updated] Origin updated: OT: 2025-05-05 22:57:34,  Lat/Lon: -0.148042°/123.79°, Depth: 108.971
2025/05/06 05:59:29.831962 [Incident:Info:toast@toast-new:Magnitude updated] Magnitude updated: 5.48 (M)
2025/05/06 05:59:29.832016 [Simulation:Info:toast@toast-new:Simulation not generated] Magnitude 5.48 of event bmg2025iuhv is smaller than triggerMinMagnitude: no automatic simulation
2025/05/06 05:59:34.801203 [Incident:Info:toast@toast-new:Origin updated] Origin updated: OT: 2025-05-05 22:57:34,  Lat/Lon: -0.148042°/123.79°, Depth: 108.971
2025/05/06 05:59:34.801311 [Incident:Info:toast@toast-new:Magnitude updated] Magnitude updated: 5.49 (M)
2025/05/06 05:59:34.801367 [Simulation:Info:toast@toast-new:Simulation not generated] Magnitude 5.49 of event bmg2025iuhv is smaller than triggerMinMagnitude: no automatic simulation
2025/05/06 05:59:39.816001 [Incident:Info:toast@toast-new:Origin updated] Origin updated: OT: 2025-05-05 22:57:34,  Lat/Lon: -0.148042°/123.79°, Depth: 108.971
2025/05/06 05:59:39.816123 [Incident:Info:toast@toast-new:Magnitude updated] Magnitude updated: 5.52 (M)
2025/05/06 05:59:39.816187 [Simulation:Info:toast@toast-new:Simulation not generated] Magnitude 5.52 of event bmg2025iuhv is smaller than triggerMinMagnitude: no automatic simulation
2025/05/06 05:59:41.614068 [Incident:Info:toast@toast-new:Origin updated] Origin updated: OT: 2025-05-05 22:57:34,  Lat/Lon: -0.148042°/123.79°, Depth: 108.971
2025/05/06 05:59:41.614159 [Incident:Info:toast@toast-new:Magnitude updated] Magnitude updated: 5.52 (M)
2025/05/06 05:59:41.614213 [Simulation:Info:toast@toast-new:Simulation not generated] Magnitude 5.52 of event bmg2025iuhv is smaller than triggerMinMagnitude: no automatic simulation
2025/05/06 05:59:41.636323 [Incident:Info:toast@toast-new:Origin updated] Origin updated: OT: 2025-05-05 22:57:35,  Lat/Lon: -0.114639°/123.781°, Depth: 106.221
2025/05/06 05:59:41.636424 [Incident:Info:toast@toast-new:Magnitude updated] Magnitude updated: 5.46 (M)
2025/05/06 05:59:41.636461 [Simulation:Info:toast@toast-new:Simulation not generated] Magnitude 5.46 of event bmg2025iuhv is smaller than triggerMinMagnitude: no automatic simulation
2025/05/06 05:59:44.858299 [Incident:Info:toast@toast-new:Origin updated] Origin updated: OT: 2025-05-05 22:57:35,  Lat/Lon: -0.114639°/123.781°, Depth: 106.221
2025/05/06 05:59:44.858392 [Incident:Info:toast@toast-new:Magnitude updated] Magnitude updated: 5.46 (M)
2025/05/06 05:59:44.858447 [Simulation:Info:toast@toast-new:Simulation not generated] Magnitude 5.46 of event bmg2025iuhv is smaller than triggerMinMagnitude: no automatic simulation
2025/05/06 05:59:49.884146 [Incident:Info:toast@toast-new:Origin updated] Origin updated: OT: 2025-05-05 22:57:35,  Lat/Lon: -0.114639°/123.781°, Depth: 106.221
2025/05/06 05:59:49.884328 [Incident:Info:toast@toast-new:Magnitude updated] Magnitude updated: 5.47 (M)
2025/05/06 05:59:49.884431 [Simulation:Info:toast@toast-new:Simulation not generated] Magnitude 5.47 of event bmg2025iuhv is smaller than triggerMinMagnitude: no automatic simulation
2025/05/06 05:59:54.884546 [Incident:Info:toast@toast-new:Origin updated] Origin updated: OT: 2025-05-05 22:57:35,  Lat/Lon: -0.114639°/123.781°, Depth: 106.221
2025/05/06 05:59:54.886638 [Incident:Info:toast@toast-new:Magnitude updated] Magnitude updated: 5.43 (M)
2025/05/06 05:59:54.886782 [Simulation:Info:toast@toast-new:Simulation not generated] Magnitude 5.43 of event bmg2025iuhv is smaller than triggerMinMagnitude: no automatic simulation
2025/05/06 05:59:59.858205 [Incident:Info:toast@toast-new:Origin updated] Origin updated: OT: 2025-05-05 22:57:35,  Lat/Lon: -0.114639°/123.781°, Depth: 106.221
2025/05/06 05:59:59.858349 [Incident:Info:toast@toast-new:Magnitude updated] Magnitude updated: 5.40 (M)
2025/05/06 05:59:59.858434 [Simulation:Info:toast@toast-new:Simulation not generated] Magnitude 5.40 of event bmg2025iuhv is smaller than triggerMinMagnitude: no automatic simulation
2025/05/06 06:00:04.846527 [Incident:Info:toast@toast-new:Origin updated] Origin updated: OT: 2025-05-05 22:57:35,  Lat/Lon: -0.114639°/123.781°, Depth: 106.221
2025/05/06 06:00:04.846679 [Incident:Info:toast@toast-new:Magnitude updated] Magnitude updated: 5.33 (M)
2025/05/06 06:00:04.846780 [Simulation:Info:toast@toast-new:Simulation not generated] Magnitude 5.33 of event bmg2025iuhv is smaller than triggerMinMagnitude: no automatic simulation
2025/05/06 06:00:07.543556 [Incident:Info:toast@toast-new:Origin updated] Origin updated: OT: 2025-05-05 22:57:34,  Lat/Lon: -0.111043°/123.785°, Depth: 106.991
2025/05/06 06:00:07.543745 [Incident:Info:toast@toast-new:Magnitude updated] Magnitude updated: 5.30 (M)
2025/05/06 06:00:07.543807 [Simulation:Info:toast@toast-new:Simulation not generated] Magnitude 5.30 of event bmg2025iuhv is smaller than triggerMinMagnitude: no automatic simulation
2025/05/06 06:00:09.906830 [Incident:Info:toast@toast-new:Origin updated] Origin updated: OT: 2025-05-05 22:57:34,  Lat/Lon: -0.111043°/123.785°, Depth: 106.991
2025/05/06 06:00:09.906969 [Incident:Info:toast@toast-new:Magnitude updated] Magnitude updated: 5.26 (M)
2025/05/06 06:00:09.907052 [Simulation:Info:toast@toast-new:Simulation not generated] Magnitude 5.26 of event bmg2025iuhv is smaller than triggerMinMagnitude: no automatic simulation
2025/05/06 06:00:14.876977 [Incident:Info:toast@toast-new:Origin updated] Origin updated: OT: 2025-05-05 22:57:34,  Lat/Lon: -0.111043°/123.785°, Depth: 106.991
2025/05/06 06:00:14.877126 [Incident:Info:toast@toast-new:Magnitude updated] Magnitude updated: 5.28 (M)
2025/05/06 06:00:14.877212 [Simulation:Info:toast@toast-new:Simulation not generated] Magnitude 5.28 of event bmg2025iuhv is smaller than triggerMinMagnitude: no automatic simulation
2025/05/06 06:00:19.881182 [Incident:Info:toast@toast-new:Origin updated] Origin updated: OT: 2025-05-05 22:57:34,  Lat/Lon: -0.111043°/123.785°, Depth: 106.991
2025/05/06 06:00:19.881274 [Incident:Info:toast@toast-new:Magnitude updated] Magnitude updated: 5.27 (M)
2025/05/06 06:00:19.881330 [Simulation:Info:toast@toast-new:Simulation not generated] Magnitude 5.27 of event bmg2025iuhv is smaller than triggerMinMagnitude: no automatic simulation
2025/05/06 06:00:24.893065 [Incident:Info:toast@toast-new:Origin updated] Origin updated: OT: 2025-05-05 22:57:34,  Lat/Lon: -0.111043°/123.785°, Depth: 106.991
2025/05/06 06:00:24.893162 [Incident:Info:toast@toast-new:Magnitude updated] Magnitude updated: 5.28 (M)
2025/05/06 06:00:24.893228 [Simulation:Info:toast@toast-new:Simulation not generated] Magnitude 5.28 of event bmg2025iuhv is smaller than triggerMinMagnitude: no automatic simulation
2025/05/06 06:00:29.915342 [Incident:Info:toast@toast-new:Origin updated] Origin updated: OT: 2025-05-05 22:57:34,  Lat/Lon: -0.111043°/123.785°, Depth: 106.991
2025/05/06 06:00:29.915433 [Incident:Info:toast@toast-new:Magnitude updated] Magnitude updated: 5.19 (M)
2025/05/06 06:00:29.915500 [Simulation:Info:toast@toast-new:Simulation not generated] Magnitude 5.19 of event bmg2025iuhv is smaller than triggerMinMagnitude: no automatic simulation
2025/05/06 06:00:34.606833 [Incident:Info:toast@toast-new:Origin updated] Origin updated: OT: 2025-05-05 22:57:34,  Lat/Lon: -0.111043°/123.785°, Depth: 106.991
2025/05/06 06:00:34.606925 [Incident:Info:toast@toast-new:Magnitude updated] Magnitude updated: 5.19 (M)
2025/05/06 06:00:34.606980 [Simulation:Info:toast@toast-new:Simulation not generated] Magnitude 5.19 of event bmg2025iuhv is smaller than triggerMinMagnitude: no automatic simulation
2025/05/06 06:00:34.623960 [Incident:Info:toast@toast-new:Origin updated] Origin updated: OT: 2025-05-05 22:57:35,  Lat/Lon: -0.123869°/123.799°, Depth: 100.23
2025/05/06 06:00:34.624042 [Incident:Info:toast@toast-new:Magnitude updated] Magnitude updated: 5.19 (M)
2025/05/06 06:00:34.624073 [Simulation:Info:toast@toast-new:Simulation not generated] Magnitude 5.19 of event bmg2025iuhv is smaller than triggerMinMagnitude: no automatic simulation
2025/05/06 06:00:34.827568 [Incident:Info:toast@toast-new:Origin updated] Origin updated: OT: 2025-05-05 22:57:35,  Lat/Lon: -0.123869°/123.799°, Depth: 100.23
2025/05/06 06:00:34.827698 [Incident:Info:toast@toast-new:Magnitude updated] Magnitude updated: 5.18 (M)
2025/05/06 06:00:34.827767 [Simulation:Info:toast@toast-new:Simulation not generated] Magnitude 5.18 of event bmg2025iuhv is smaller than triggerMinMagnitude: no automatic simulation
2025/05/06 06:00:39.947326 [Incident:Info:toast@toast-new:Origin updated] Origin updated: OT: 2025-05-05 22:57:35,  Lat/Lon: -0.123869°/123.799°, Depth: 100.23
2025/05/06 06:00:39.947419 [Incident:Info:toast@toast-new:Magnitude updated] Magnitude updated: 5.16 (M)
2025/05/06 06:00:39.947475 [Simulation:Info:toast@toast-new:Simulation not generated] Magnitude 5.16 of event bmg2025iuhv is smaller than triggerMinMagnitude: no automatic simulation
2025/05/06 06:00:44.819541 [Incident:Info:toast@toast-new:Origin updated] Origin updated: OT: 2025-05-05 22:57:35,  Lat/Lon: -0.123869°/123.799°, Depth: 100.23
2025/05/06 06:00:44.819637 [Incident:Info:toast@toast-new:Magnitude updated] Magnitude updated: 5.15 (M)
2025/05/06 06:00:44.819704 [Simulation:Info:toast@toast-new:Simulation not generated] Magnitude 5.15 of event bmg2025iuhv is smaller than triggerMinMagnitude: no automatic simulation
2025/05/06 06:00:49.853138 [Incident:Info:toast@toast-new:Origin updated] Origin updated: OT: 2025-05-05 22:57:35,  Lat/Lon: -0.123869°/123.799°, Depth: 100.23
2025/05/06 06:00:49.853243 [Incident:Info:toast@toast-new:Magnitude updated] Magnitude updated: 5.11 (M)
2025/05/06 06:00:49.853304 [Simulation:Info:toast@toast-new:Simulation not generated] Magnitude 5.11 of event bmg2025iuhv is smaller than triggerMinMagnitude: no automatic simulation
2025/05/06 06:00:54.820668 [Incident:Info:toast@toast-new:Origin updated] Origin updated: OT: 2025-05-05 22:57:35,  Lat/Lon: -0.123869°/123.799°, Depth: 100.23
2025/05/06 06:00:54.820764 [Incident:Info:toast@toast-new:Magnitude updated] Magnitude updated: 5.10 (M)
2025/05/06 06:00:54.820819 [Simulation:Info:toast@toast-new:Simulation not generated] Magnitude 5.10 of event bmg2025iuhv is smaller than triggerMinMagnitude: no automatic simulation
2025/05/06 06:00:59.853310 [Incident:Info:toast@toast-new:Origin updated] Origin updated: OT: 2025-05-05 22:57:35,  Lat/Lon: -0.123869°/123.799°, Depth: 100.23
2025/05/06 06:00:59.853406 [Incident:Info:toast@toast-new:Magnitude updated] Magnitude updated: 5.08 (M)
2025/05/06 06:00:59.853461 [Simulation:Info:toast@toast-new:Simulation not generated] Magnitude 5.08 of event bmg2025iuhv is smaller than triggerMinMagnitude: no automatic simulation
2025/05/06 06:00:59.875667 [Incident:Info:toast@toast-new:Origin updated] Origin updated: OT: 2025-05-05 22:57:35,  Lat/Lon: -0.123869°/123.799°, Depth: 100.23
2025/05/06 06:00:59.875746 [Incident:Info:toast@toast-new:Magnitude updated] Magnitude updated: 5.03 (Mw(mB))
2025/05/06 06:00:59.875810 [Simulation:Info:toast@toast-new:Simulation not generated] Magnitude 5.03 of event bmg2025iuhv is smaller than triggerMinMagnitude: no automatic simulation
2025/05/06 06:01:09.897804 [Incident:Info:toast@toast-new:Origin updated] Origin updated: OT: 2025-05-05 22:57:35,  Lat/Lon: -0.123869°/123.799°, Depth: 100.23
2025/05/06 06:01:09.897942 [Incident:Info:toast@toast-new:Magnitude updated] Magnitude updated: 5.05 (Mw(mB))
2025/05/06 06:01:09.898036 [Simulation:Info:toast@toast-new:Simulation not generated] Magnitude 5.05 of event bmg2025iuhv is smaller than triggerMinMagnitude: no automatic simulation
2025/05/06 06:01:18.356472 [Incident:Info:toast@toast-new:Origin updated] Origin updated: OT: 2025-05-05 22:57:35,  Lat/Lon: -0.107084°/123.794°, Depth: 103.151
2025/05/06 06:01:18.356610 [Incident:Info:toast@toast-new:Magnitude updated] Magnitude updated: 5.08 (Mw(mB))
2025/05/06 06:01:18.356656 [Simulation:Info:toast@toast-new:Simulation not generated] Magnitude 5.08 of event bmg2025iuhv is smaller than triggerMinMagnitude: no automatic simulation
2025/05/06 06:01:24.826783 [Incident:Info:toast@toast-new:Origin updated] Origin updated: OT: 2025-05-05 22:57:35,  Lat/Lon: -0.107084°/123.794°, Depth: 103.151
2025/05/06 06:01:24.826885 [Incident:Info:toast@toast-new:Magnitude updated] Magnitude updated: 5.09 (Mw(mB))
2025/05/06 06:01:24.826952 [Simulation:Info:toast@toast-new:Simulation not generated] Magnitude 5.09 of event bmg2025iuhv is smaller than triggerMinMagnitude: no automatic simulation
2025/05/06 06:01:29.824649 [Incident:Info:toast@toast-new:Origin updated] Origin updated: OT: 2025-05-05 22:57:35,  Lat/Lon: -0.107084°/123.794°, Depth: 103.151
2025/05/06 06:01:29.824747 [Incident:Info:toast@toast-new:Magnitude updated] Magnitude updated: 5.10 (Mw(mB))
2025/05/06 06:01:29.824803 [Simulation:Info:toast@toast-new:Simulation not generated] Magnitude 5.10 of event bmg2025iuhv is smaller than triggerMinMagnitude: no automatic simulation
2025/05/06 06:01:34.929375 [Incident:Info:toast@toast-new:Origin updated] Origin updated: OT: 2025-05-05 22:57:35,  Lat/Lon: -0.107084°/123.794°, Depth: 103.151
2025/05/06 06:01:34.929475 [Incident:Info:toast@toast-new:Magnitude updated] Magnitude updated: 5.11 (Mw(mB))
2025/05/06 06:01:34.929530 [Simulation:Info:toast@toast-new:Simulation not generated] Magnitude 5.11 of event bmg2025iuhv is smaller than triggerMinMagnitude: no automatic simulation
2025/05/06 06:01:39.829681 [Incident:Info:toast@toast-new:Origin updated] Origin updated: OT: 2025-05-05 22:57:35,  Lat/Lon: -0.107084°/123.794°, Depth: 103.151
2025/05/06 06:01:39.829778 [Incident:Info:toast@toast-new:Magnitude updated] Magnitude updated: 5.13 (Mw(mB))
2025/05/06 06:01:39.829835 [Simulation:Info:toast@toast-new:Simulation not generated] Magnitude 5.13 of event bmg2025iuhv is smaller than triggerMinMagnitude: no automatic simulation
2025/05/06 06:01:44.828435 [Incident:Info:toast@toast-new:Origin updated] Origin updated: OT: 2025-05-05 22:57:35,  Lat/Lon: -0.107084°/123.794°, Depth: 103.151
2025/05/06 06:01:44.828551 [Incident:Info:toast@toast-new:Magnitude updated] Magnitude updated: 5.12 (Mw(mB))
2025/05/06 06:01:44.828615 [Simulation:Info:toast@toast-new:Simulation not generated] Magnitude 5.12 of event bmg2025iuhv is smaller than triggerMinMagnitude: no automatic simulation
2025/05/06 06:01:55.527934 [Incident:Info:toast@toast-new:Origin updated] Origin updated: OT: 2025-05-05 22:57:35,  Lat/Lon: -0.128768°/123.783°, Depth: 107.323
2025/05/06 06:01:55.528059 [Incident:Info:toast@toast-new:Magnitude updated] Magnitude updated: 5.12 (Mw(mB))
2025/05/06 06:01:55.528103 [Simulation:Info:toast@toast-new:Simulation not generated] Magnitude 5.12 of event bmg2025iuhv is smaller than triggerMinMagnitude: no automatic simulation
2025/05/06 06:02:09.933818 [Incident:Info:toast@toast-new:Origin updated] Origin updated: OT: 2025-05-05 22:57:35,  Lat/Lon: -0.128768°/123.783°, Depth: 107.323
2025/05/06 06:02:09.933922 [Incident:Info:toast@toast-new:Magnitude updated] Magnitude updated: 5.35 (mb)
2025/05/06 06:02:09.933996 [Simulation:Info:toast@toast-new:Simulation not generated] Magnitude 5.35 of event bmg2025iuhv is smaller than triggerMinMagnitude: no automatic simulation
2025/05/06 06:02:27.555367 [Incident:Info:toast@toast-new:Origin updated] Origin updated: OT: 2025-05-05 22:57:35,  Lat/Lon: -0.128768°/123.783°, Depth: 107.323
2025/05/06 06:02:27.555462 [Incident:Info:toast@toast-new:FM updated] FM updated
2025/05/06 06:02:27.555684 [Simulation:Info:toast@toast-new:Simulation not generated] Magnitude 5.35 of event bmg2025iuhv is smaller than triggerMinMagnitude: no automatic simulation
2025/05/06 06:02:34.288225 [Incident:Info:toast@toast-new:Origin updated] Origin updated: OT: 2025-05-05 22:57:35,  Lat/Lon: -0.128768°/123.783°, Depth: 107.323
2025/05/06 06:02:34.288315 [Incident:Info:toast@toast-new:FM updated] FM updated
2025/05/06 06:02:34.288523 [Simulation:Info:toast@toast-new:Simulation not generated] Magnitude 5.35 of event bmg2025iuhv is smaller than triggerMinMagnitude: no automatic simulation
2025/05/06 06:02:44.022969 [Incident:Info:toast@toast-new:Origin updated] Origin updated: OT: 2025-05-05 22:57:35,  Lat/Lon: -0.128768°/123.783°, Depth: 107.323
2025/05/06 06:02:44.023089 [Simulation:Info:toast@toast-new:Simulation not generated] Magnitude 5.35 of event bmg2025iuhv is smaller than triggerMinMagnitude: no automatic simulation
2025/05/06 06:02:56.041734 [Incident:Info:toast@toast-new:Origin updated] Origin updated: OT: 2025-05-05 22:57:35,  Lat/Lon: -0.128768°/123.783°, Depth: 107.323
2025/05/06 06:02:56.041839 [Incident:Info:toast@toast-new:FM updated] FM updated
2025/05/06 06:02:56.042092 [Simulation:Info:toast@toast-new:Simulation not generated] Magnitude 5.35 of event bmg2025iuhv is smaller than triggerMinMagnitude: no automatic simulation
2025/05/06 06:03:04.435820 [Incident:Info:toast@toast-new:Origin updated] Origin updated: OT: 2025-05-05 22:57:35,  Lat/Lon: -0.128768°/123.783°, Depth: 107.323
2025/05/06 06:03:04.435921 [Incident:Info:toast@toast-new:FM updated] FM updated
2025/05/06 06:03:04.436117 [Simulation:Info:toast@toast-new:Simulation not generated] Magnitude 5.35 of event bmg2025iuhv is smaller than triggerMinMagnitude: no automatic simulation
2025/05/06 06:03:14.315865 [Incident:Info:toast@toast-new:Origin updated] Origin updated: OT: 2025-05-05 22:57:35,  Lat/Lon: -0.128768°/123.783°, Depth: 107.323
2025/05/06 06:03:14.315963 [Simulation:Info:toast@toast-new:Simulation not generated] Magnitude 5.35 of event bmg2025iuhv is smaller than triggerMinMagnitude: no automatic simulation
2025/05/06 06:03:15.949643 [Incident:Info:toast@toast-new:Origin updated] Origin updated: OT: 2025-05-05 22:57:35,  Lat/Lon: -0.128768°/123.783°, Depth: 107.323
2025/05/06 06:03:15.949751 [Incident:Info:toast@toast-new:FM updated] FM updated
2025/05/06 06:03:15.950008 [Simulation:Info:toast@toast-new:Simulation not generated] Magnitude 5.35 of event bmg2025iuhv is smaller than triggerMinMagnitude: no automatic simulation
2025/05/06 10:31:31.663860 [Incident:Info:toast@toast-new:Origin updated] Origin updated: OT: 2025-05-05 22:57:35,  Lat/Lon: -0.128768°/123.783°, Depth: 107.323
2025/05/06 10:31:31.663950 [Incident:Info:toast@toast-new:FM updated] FM updated
2025/05/06 10:31:31.664098 [Simulation:Info:toast@toast-new:Simulation not generated] Magnitude 5.35 of event bmg2025iuhv is smaller than triggerMinMagnitude: no automatic simulation
2025/05/06 12:23:47.197734 [Incident:Info:toast@toast-new:Origin updated] Origin updated: OT: 2025-05-05 22:57:35,  Lat/Lon: -0.143342°/123.79°, Depth: 107.141
2025/05/06 12:23:47.197885 [Incident:Info:toast@toast-new:Magnitude updated] Magnitude updated: 5.36 (mb)
2025/05/06 12:23:47.197953 [Simulation:Info:toast@toast-new:Simulation not generated] Magnitude 5.36 of event bmg2025iuhv is smaller than triggerMinMagnitude: no automatic simulation
2025/05/06 20:57:06.924150 [Incident:Info:toast@toast-new:Incident removed] Removed incident - Bye
2025/05/14 21:39:22.747584 [Incident:Info:toast@toast-new:Displacement(s) updated] Added 0 and changed 0 displacements with 0 amplitudes
2025/05/14 21:39:22.789359 [Incident:Info:toast@toast-new:Incident created] Incident created based on event received from messaging: OT: 2025-05-05 22:57:34,  Lat/Lon: -0.15°/123.79°, Depth: 107.04, Mag: 5.36 (mb)
2025/05/14 21:39:22.790027 [Simulation:Info:toast@toast-new:Simulation not generated] Magnitude 5.36 of event bmg2025iuhv is smaller than triggerMinMagnitude: no automatic simulation
2025/05/14 21:39:22.810641 [Incident:Info:toast@toast-new:Origin updated] Origin updated: OT: 2025-05-05 22:57:34,  Lat/Lon: -0.145499°/123.789°, Depth: 107.036
2025/05/14 21:39:22.810792 [Simulation:Info:toast@toast-new:Simulation not generated] Magnitude 5.36 of event bmg2025iuhv is smaller than triggerMinMagnitude: no automatic simulation
2025/05/14 21:39:36.406516 [Incident:Info:toast@toast-new:Origin updated] Origin updated: OT: 2025-05-05 22:57:34,  Lat/Lon: -0.145499°/123.789°, Depth: 107.036
2025/05/14 21:39:36.406711 [Incident:Info:toast@toast-new:Magnitude updated] Magnitude updated: 5.15 (Mw(mB))
2025/05/14 21:39:36.406772 [Simulation:Info:toast@toast-new:Simulation not generated] Magnitude 5.15 of event bmg2025iuhv is smaller than triggerMinMagnitude: no automatic simulation
2025/05/14 21:39:54.647958 [Incident:Info:toast@toast-new:Origin updated] Origin updated: OT: 2025-05-05 22:57:34,  Lat/Lon: -0.145499°/123.789°, Depth: 107.036
2025/05/14 21:39:54.648174 [Simulation:Info:toast@toast-new:Simulation not generated] Magnitude 5.15 of event bmg2025iuhv is smaller than triggerMinMagnitude: no automatic simulation
