2025/07/14 12:52:28.242099 [Incident:Info:toast@toast-new:Displacement(s) updated] Added 0 and changed 0 displacements with 0 amplitudes
2025/07/14 12:52:28.242669 [Incident:Info:toast@toast-new:Incident created] Incident created based on event received from messaging: OT: 2025-07-14 05:49:58,  Lat/Lon: -6.23°/131.31°, Depth: 108.42, Mag: 6.87 (M)
2025/07/14 12:52:28.247589 [Simulation:Info:toast@toast-new:Simulation(s) started] No nodal plane available. Starting Simulation(s) with fault plane, Lat/Lon: -6.23°/ 131.31° (MT), Depth: 108.42km (MT), Mag: 6.87 (MT)
2025/07/14 12:52:28.249939 [Simulation:Info:toast@toast-new:Simulation running] TsunAWI: Looking for matching scenarios
2025/07/14 12:52:28.254240 [Simulation:Info:toast@toast-new:Simulation finished] TsunAWI: No matching scenarios
2025/07/14 12:52:28.274017 [Incident:Info:toast@toast-new:Origin updated] Origin updated: OT: 2025-07-14 05:49:58,  Lat/Lon: -6.22613°/131.31°, Depth: 108.419
2025/07/14 12:52:28.277847 [Simulation:Info:toast@toast-new:Simulation(s) started] No nodal plane available. Starting Simulation(s) with fault plane, Lat/Lon: -6.23°/ 131.31° (MT), Depth: 108.42km (MT), Mag: 6.87 (MT)
2025/07/14 12:52:28.280008 [Simulation:Info:toast@toast-new:Simulation running] TsunAWI: Looking for matching scenarios
2025/07/14 12:52:28.282379 [Simulation:Info:toast@toast-new:No simulation returned] TsunAWI simulation backend returned no simulation.
2025/07/14 12:52:28.284211 [Simulation:Info:toast@toast-new:Simulation finished] TsunAWI: No matching scenarios
2025/07/14 12:53:27.899977 [Incident:Info:toast@toast-new:Origin updated] Origin updated: OT: 2025-07-14 05:49:58,  Lat/Lon: -6.22683°/131.309°, Depth: 79.4222
2025/07/14 12:53:27.900218 [Incident:Info:toast@toast-new:Magnitude updated] Magnitude updated: 6.88 (M)
2025/07/14 12:53:27.903695 [Simulation:Info:toast@toast-new:Simulation(s) started] No nodal plane available. Starting Simulation(s) with fault plane, Lat/Lon: -6.23°/ 131.31° (MT), Depth: 79.42km (MT), Mag: 6.88 (MT)
2025/07/14 12:53:27.904615 [Simulation:Info:toast@toast-new:Simulation running] TsunAWI: Looking for matching scenarios
2025/07/14 12:53:27.908533 [Simulation:Info:toast@toast-new:Simulation finished] TsunAWI: No matching scenarios
2025/07/14 12:53:27.950395 [Incident:Info:toast@toast-new:Origin updated] Origin updated: OT: 2025-07-14 05:49:58,  Lat/Lon: -6.22683°/131.309°, Depth: 79.4222
2025/07/14 12:53:27.953873 [Simulation:Info:toast@toast-new:Simulation(s) started] No nodal plane available. Starting Simulation(s) with fault plane, Lat/Lon: -6.23°/ 131.31° (MT), Depth: 79.42km (MT), Mag: 6.88 (MT)
2025/07/14 12:53:27.954678 [Simulation:Info:toast@toast-new:Simulation running] TsunAWI: Looking for matching scenarios
2025/07/14 12:53:27.958054 [Simulation:Info:toast@toast-new:Simulation finished] TsunAWI: No matching scenarios
2025/07/14 12:53:27.984529 [Incident:Info:toast@toast-new:Origin updated] Origin updated: OT: 2025-07-14 05:49:58,  Lat/Lon: -6.22683°/131.309°, Depth: 79.4222
2025/07/14 12:53:27.988117 [Simulation:Info:toast@toast-new:Simulation(s) started] No nodal plane available. Starting Simulation(s) with fault plane, Lat/Lon: -6.23°/ 131.31° (MT), Depth: 79.42km (MT), Mag: 6.88 (MT)
2025/07/14 12:53:27.988867 [Simulation:Info:toast@toast-new:Simulation running] TsunAWI: Looking for matching scenarios
2025/07/14 12:53:27.992094 [Simulation:Info:toast@toast-new:Simulation finished] TsunAWI: No matching scenarios
2025/07/14 12:53:28.022730 [Incident:Info:toast@toast-new:Origin updated] Origin updated: OT: 2025-07-14 05:49:58,  Lat/Lon: -6.22683°/131.309°, Depth: 79.4222
2025/07/14 12:53:28.026641 [Simulation:Info:toast@toast-new:Simulation(s) started] No nodal plane available. Starting Simulation(s) with fault plane, Lat/Lon: -6.23°/ 131.31° (MT), Depth: 79.42km (MT), Mag: 6.88 (MT)
2025/07/14 12:53:28.027550 [Simulation:Info:toast@toast-new:Simulation running] TsunAWI: Looking for matching scenarios
2025/07/14 12:53:28.030818 [Simulation:Info:toast@toast-new:Simulation finished] TsunAWI: No matching scenarios
2025/07/14 12:53:28.056173 [Incident:Info:toast@toast-new:Origin updated] Origin updated: OT: 2025-07-14 05:49:58,  Lat/Lon: -6.22683°/131.309°, Depth: 79.4222
2025/07/14 12:53:28.059879 [Simulation:Info:toast@toast-new:Simulation(s) started] No nodal plane available. Starting Simulation(s) with fault plane, Lat/Lon: -6.23°/ 131.31° (MT), Depth: 79.42km (MT), Mag: 6.88 (MT)
2025/07/14 12:53:28.061066 [Simulation:Info:toast@toast-new:Simulation running] TsunAWI: Looking for matching scenarios
2025/07/14 12:53:28.064171 [Simulation:Info:toast@toast-new:Simulation finished] TsunAWI: No matching scenarios
2025/07/14 12:53:28.141961 [Incident:Info:toast@toast-new:Origin updated] Origin updated: OT: 2025-07-14 05:49:58,  Lat/Lon: -6.22683°/131.309°, Depth: 79.4222
2025/07/14 12:53:28.145906 [Simulation:Info:toast@toast-new:Simulation(s) started] No nodal plane available. Starting Simulation(s) with fault plane, Lat/Lon: -6.23°/ 131.31° (MT), Depth: 79.42km (MT), Mag: 6.88 (MT)
2025/07/14 12:53:28.147185 [Simulation:Info:toast@toast-new:Simulation running] TsunAWI: Looking for matching scenarios
2025/07/14 12:53:28.150803 [Simulation:Info:toast@toast-new:Simulation finished] TsunAWI: No matching scenarios
2025/07/14 12:53:28.191798 [Incident:Info:toast@toast-new:Origin updated] Origin updated: OT: 2025-07-14 05:49:58,  Lat/Lon: -6.22683°/131.309°, Depth: 79.4222
2025/07/14 12:53:28.195449 [Simulation:Info:toast@toast-new:Simulation(s) started] No nodal plane available. Starting Simulation(s) with fault plane, Lat/Lon: -6.23°/ 131.31° (MT), Depth: 79.42km (MT), Mag: 6.88 (MT)
2025/07/14 12:53:28.196481 [Simulation:Info:toast@toast-new:Simulation running] TsunAWI: Looking for matching scenarios
2025/07/14 12:53:28.200020 [Simulation:Info:toast@toast-new:Simulation finished] TsunAWI: No matching scenarios
2025/07/14 12:53:28.339640 [Simulation:Info:toast@toast-new:No simulation returned] TsunAWI simulation backend returned no simulation.
2025/07/14 12:53:28.371156 [Simulation:Info:toast@toast-new:Simulation tracked] Tracking progress of EasyWave2 simulation 68006008S130132E98148ac3cd82bbd30838307ea47387e331b9f6e5
2025/07/14 12:53:28.376098 [Simulation:Info:toast@toast-new:Simulation tracked] Tracking progress of EasyWave2 simulation 68006008S130132E7930170a9dfee614e1e2a9adc40455de800c7a14
2025/07/14 12:53:28.376410 [Simulation:Info:toast@toast-new:No simulation returned] TsunAWI simulation backend returned no simulation.
2025/07/14 12:53:28.376595 [Simulation:Info:toast@toast-new:No simulation returned] TsunAWI simulation backend returned no simulation.
2025/07/14 12:53:28.380593 [Simulation:Info:toast@toast-new:Simulation tracked] Tracking progress of EasyWave2 simulation 68006008S130132E027bf6878443f4ddb70f10895a4f06e55a013812
2025/07/14 12:53:28.384388 [Simulation:Info:toast@toast-new:Simulation tracked] Tracking progress of EasyWave2 simulation 68006008S130132E90a71ecac7c05c4947075d4e28f4c6fde4e9b175
2025/07/14 12:53:28.388377 [Simulation:Info:toast@toast-new:Simulation tracked] Tracking progress of EasyWave2 simulation 68006008S130132E5b9a8b635f2db5493f1ddbcd55ab82d2290290b1
2025/07/14 12:53:28.392201 [Simulation:Info:toast@toast-new:Simulation tracked] Tracking progress of EasyWave2 simulation 68006008S130132E5382d991ad2b3005c521bf59fad35aa793387f5c
2025/07/14 12:53:28.392502 [Simulation:Info:toast@toast-new:No simulation returned] TsunAWI simulation backend returned no simulation.
2025/07/14 12:53:28.396379 [Simulation:Info:toast@toast-new:Simulation tracked] Tracking progress of EasyWave2 simulation 68006008S130132Efb5d25271ed104cdd0e1e3df8b030b6208d2f3bd
2025/07/14 12:53:28.399969 [Simulation:Info:toast@toast-new:Simulation tracked] Tracking progress of EasyWave2 simulation 68006008S130132Ef3050a64abccab945c31494856b01c6b2e45a1a8
2025/07/14 12:53:28.400348 [Simulation:Info:toast@toast-new:No simulation returned] TsunAWI simulation backend returned no simulation.
2025/07/14 12:53:28.404434 [Simulation:Info:toast@toast-new:Simulation tracked] Tracking progress of EasyWave2 simulation 68006008S130132Ec81dc22b9c261e55a52e9ceaffa11b86e241d8f5
2025/07/14 12:53:28.408167 [Simulation:Info:toast@toast-new:Simulation tracked] Tracking progress of EasyWave2 simulation 68006008S130132Ef7126a41bd28e3eb5261e6887d8c5c8bb555e949
2025/07/14 12:53:28.408657 [Simulation:Info:toast@toast-new:No simulation returned] TsunAWI simulation backend returned no simulation.
2025/07/14 12:53:28.413380 [Simulation:Info:toast@toast-new:Simulation tracked] Tracking progress of EasyWave2 simulation 68006008S130132E65b58b707f4f936ef319af14fac2939241b60ab7
2025/07/14 12:53:28.417693 [Simulation:Info:toast@toast-new:Simulation tracked] Tracking progress of EasyWave2 simulation 68006008S130132E39a619ce2411bae3b1f18bfd67a36a238fdbc475
2025/07/14 12:53:28.418149 [Simulation:Info:toast@toast-new:No simulation returned] TsunAWI simulation backend returned no simulation.
2025/07/14 12:53:28.436125 [Simulation:Info:toast@toast-new:Simulation tracked] Tracking progress of EasyWave2 simulation 68006008S130132Ed3463cb195b734eeada063143fc8e2c6830c58f6
2025/07/14 12:53:28.440385 [Simulation:Info:toast@toast-new:Simulation tracked] Tracking progress of EasyWave2 simulation 68006008S130132E59d613910112c7738e1db1dd2ad8880fc68fb007
2025/07/14 12:53:33.864920 [Incident:Info:toast@toast-new:Origin updated] Origin updated: OT: 2025-07-14 05:49:58,  Lat/Lon: -6.22683°/131.309°, Depth: 79.4222
2025/07/14 12:53:33.868062 [Simulation:Info:toast@toast-new:Simulation(s) started] No nodal plane available. Starting Simulation(s) with fault plane, Lat/Lon: -6.23°/ 131.31° (MT), Depth: 79.42km (MT), Mag: 6.88 (MT)
2025/07/14 12:53:33.868259 [Simulation:Info:toast@toast-new:Simulation skipped] EasyWave2 simulation with similar parameters already exists
2025/07/14 12:53:33.868668 [Simulation:Info:toast@toast-new:Simulation running] TsunAWI: Looking for matching scenarios
2025/07/14 12:53:33.871538 [Simulation:Info:toast@toast-new:Simulation finished] TsunAWI: No matching scenarios
2025/07/14 12:53:33.871808 [Simulation:Info:toast@toast-new:No simulation returned] TsunAWI simulation backend returned no simulation.
2025/07/14 12:53:36.076479 [Bulletin:Error:toast@toast-new:Setup failed] Failed to initialize BMKG NTWC template, NotFoundError:  
2025/07/14 12:53:36.198439 [Incident:Info:toast@toast-new:Origin updated] Origin updated: OT: 2025-07-14 05:49:58,  Lat/Lon: -6.22683°/131.309°, Depth: 79.4222
2025/07/14 12:53:36.201747 [Simulation:Info:toast@toast-new:Simulation(s) started] No nodal plane available. Starting Simulation(s) with fault plane, Lat/Lon: -6.23°/ 131.31° (MT), Depth: 79.42km (MT), Mag: 6.88 (MT)
2025/07/14 12:53:36.201938 [Simulation:Info:toast@toast-new:Simulation skipped] EasyWave2 simulation with similar parameters already exists
2025/07/14 12:53:36.202256 [Simulation:Info:toast@toast-new:Simulation running] TsunAWI: Looking for matching scenarios
2025/07/14 12:53:36.205082 [Simulation:Info:toast@toast-new:Simulation finished] TsunAWI: No matching scenarios
2025/07/14 12:53:36.221089 [Simulation:Info:toast@toast-new:No simulation returned] TsunAWI simulation backend returned no simulation.
2025/07/14 12:53:37.075645 [Bulletin:Error:toast@toast-new:Setup failed] Failed to initialize BMKG NTWC template, NotFoundError:  
2025/07/14 12:53:38.073351 [Bulletin:Error:toast@toast-new:Setup failed] Failed to initialize BMKG NTWC template, NotFoundError:  
2025/07/14 12:53:39.071951 [Bulletin:Error:toast@toast-new:Setup failed] Failed to initialize BMKG NTWC template, NotFoundError:  
2025/07/14 12:53:39.605426 [Simulation:Info:toast@toast-new:Simulation finished] Finished EasyWave2 simulation 68006008S130132E98148ac3cd82bbd30838307ea47387e331b9f6e5 in 11 seconds
2025/07/14 12:53:41.204202 [Incident:Info:toast@toast-new:Origin updated] Origin updated: OT: 2025-07-14 05:49:58,  Lat/Lon: -6.22683°/131.309°, Depth: 79.4222
2025/07/14 12:53:41.207645 [Simulation:Info:toast@toast-new:Simulation(s) started] No nodal plane available. Starting Simulation(s) with fault plane, Lat/Lon: -6.23°/ 131.31° (MT), Depth: 79.42km (MT), Mag: 6.88 (MT)
2025/07/14 12:53:41.207995 [Simulation:Info:toast@toast-new:Simulation skipped] EasyWave2 simulation with similar parameters already exists
2025/07/14 12:53:41.208408 [Simulation:Info:toast@toast-new:Simulation running] TsunAWI: Looking for matching scenarios
2025/07/14 12:53:41.210754 [Simulation:Info:toast@toast-new:Simulation finished] TsunAWI: No matching scenarios
2025/07/14 12:53:41.228627 [Simulation:Info:toast@toast-new:No simulation returned] TsunAWI simulation backend returned no simulation.
2025/07/14 12:53:46.176330 [Incident:Info:toast@toast-new:Origin updated] Origin updated: OT: 2025-07-14 05:49:58,  Lat/Lon: -6.22683°/131.309°, Depth: 79.4222
2025/07/14 12:53:46.179616 [Simulation:Info:toast@toast-new:Simulation(s) started] No nodal plane available. Starting Simulation(s) with fault plane, Lat/Lon: -6.23°/ 131.31° (MT), Depth: 79.42km (MT), Mag: 6.88 (MT)
2025/07/14 12:53:46.179817 [Simulation:Info:toast@toast-new:Simulation skipped] EasyWave2 simulation with similar parameters already exists
2025/07/14 12:53:46.180124 [Simulation:Info:toast@toast-new:Simulation running] TsunAWI: Looking for matching scenarios
2025/07/14 12:53:46.183031 [Simulation:Info:toast@toast-new:Simulation finished] TsunAWI: No matching scenarios
2025/07/14 12:53:46.201860 [Simulation:Info:toast@toast-new:No simulation returned] TsunAWI simulation backend returned no simulation.
2025/07/14 12:53:51.190545 [Incident:Info:toast@toast-new:Origin updated] Origin updated: OT: 2025-07-14 05:49:58,  Lat/Lon: -6.22683°/131.309°, Depth: 79.4222
2025/07/14 12:53:51.193984 [Simulation:Info:toast@toast-new:Simulation(s) started] No nodal plane available. Starting Simulation(s) with fault plane, Lat/Lon: -6.23°/ 131.31° (MT), Depth: 79.42km (MT), Mag: 6.88 (MT)
2025/07/14 12:53:51.194263 [Simulation:Info:toast@toast-new:Simulation skipped] EasyWave2 simulation with similar parameters already exists
2025/07/14 12:53:51.194598 [Simulation:Info:toast@toast-new:Simulation running] TsunAWI: Looking for matching scenarios
2025/07/14 12:53:51.197500 [Simulation:Info:toast@toast-new:Simulation finished] TsunAWI: No matching scenarios
2025/07/14 12:53:51.201400 [Simulation:Info:toast@toast-new:No simulation returned] TsunAWI simulation backend returned no simulation.
2025/07/14 12:53:58.070563 [Incident:Info:toast@toast-new:Origin updated] Origin updated: OT: 2025-07-14 05:49:58,  Lat/Lon: -6.25883°/131.337°, Depth: 92.7498
2025/07/14 12:53:58.071048 [Incident:Info:toast@toast-new:Magnitude updated] Magnitude updated: 7.04 (Mw(mB))
2025/07/14 12:53:58.074181 [Simulation:Info:toast@toast-new:Simulation(s) started] No nodal plane available. Starting Simulation(s) with fault plane, Lat/Lon: -6.26°/ 131.34° (MT), Depth: 92.75km (MT), Mag: 7.04 (MT)
2025/07/14 12:53:58.075017 [Simulation:Info:toast@toast-new:Simulation running] TsunAWI: Looking for matching scenarios
2025/07/14 12:53:58.078060 [Simulation:Info:toast@toast-new:Simulation finished] TsunAWI: No matching scenarios
2025/07/14 12:53:58.152477 [Simulation:Info:toast@toast-new:No simulation returned] TsunAWI simulation backend returned no simulation.
2025/07/14 12:53:58.168164 [Simulation:Info:toast@toast-new:Simulation tracked] Tracking progress of EasyWave2 simulation 70006008S130132E696adb008dadd6650561f939c221c8aeaf0291cd
2025/07/14 12:53:58.172243 [Simulation:Info:toast@toast-new:Simulation tracked] Tracking progress of EasyWave2 simulation 70006008S130132E0d8b087a3b210349db9b5440fa5f54b43b645b23
2025/07/14 12:53:58.600865 [Simulation:Info:toast@toast-new:Simulation finished] Finished EasyWave2 simulation 68006008S130132E7930170a9dfee614e1e2a9adc40455de800c7a14 in 30 seconds
2025/07/14 12:54:06.802228 [Incident:Info:toast@toast-new:Origin updated] Origin updated: OT: 2025-07-14 05:49:58,  Lat/Lon: -6.25883°/131.337°, Depth: 92.7498
2025/07/14 12:54:06.802764 [Incident:Info:toast@toast-new:Magnitude updated] Magnitude updated: 6.80 (M)
2025/07/14 12:54:06.806224 [Simulation:Info:toast@toast-new:Simulation(s) started] No nodal plane available. Starting Simulation(s) with fault plane, Lat/Lon: -6.26°/ 131.34° (MT), Depth: 92.75km (MT), Mag: 6.80 (MT)
2025/07/14 12:54:06.806554 [Simulation:Info:toast@toast-new:Simulation skipped] EasyWave2 simulation with similar parameters already exists
2025/07/14 12:54:06.807016 [Simulation:Info:toast@toast-new:Simulation running] TsunAWI: Looking for matching scenarios
2025/07/14 12:54:06.810065 [Simulation:Info:toast@toast-new:Simulation finished] TsunAWI: No matching scenarios
2025/07/14 12:54:06.871708 [Simulation:Info:toast@toast-new:No simulation returned] TsunAWI simulation backend returned no simulation.
2025/07/14 12:54:08.564733 [Simulation:Info:toast@toast-new:Simulation finished] Finished EasyWave2 simulation 68006008S130132E027bf6878443f4ddb70f10895a4f06e55a013812 in 40 seconds
2025/07/14 12:54:28.852928 [Incident:Info:toast@toast-new:Origin updated] Origin updated: OT: 2025-07-14 05:49:58,  Lat/Lon: -6.28151°/131.367°, Depth: 95.7371
2025/07/14 12:54:28.853589 [Incident:Info:toast@toast-new:Magnitude updated] Magnitude updated: 7.11 (Mw(mB))
2025/07/14 12:54:28.856972 [Simulation:Info:toast@toast-new:Simulation(s) started] No nodal plane available. Starting Simulation(s) with fault plane, Lat/Lon: -6.28°/ 131.37° (MT), Depth: 95.74km (MT), Mag: 7.11 (MT)
2025/07/14 12:54:28.857393 [Simulation:Info:toast@toast-new:Simulation skipped] EasyWave2 simulation with similar parameters already exists
2025/07/14 12:54:28.858080 [Simulation:Info:toast@toast-new:Simulation running] TsunAWI: Looking for matching scenarios
2025/07/14 12:54:28.861099 [Simulation:Info:toast@toast-new:Simulation finished] TsunAWI: No matching scenarios
2025/07/14 12:54:28.957947 [Simulation:Info:toast@toast-new:No simulation returned] TsunAWI simulation backend returned no simulation.
2025/07/14 12:54:28.981496 [Incident:Info:toast@toast-new:Origin updated] Origin updated: OT: 2025-07-14 05:49:58,  Lat/Lon: -6.28151°/131.367°, Depth: 95.7371
2025/07/14 12:54:28.981796 [Incident:Info:toast@toast-new:Magnitude updated] Magnitude updated: 6.88 (M)
2025/07/14 12:54:28.984751 [Simulation:Info:toast@toast-new:Simulation(s) started] No nodal plane available. Starting Simulation(s) with fault plane, Lat/Lon: -6.28°/ 131.37° (MT), Depth: 95.74km (MT), Mag: 6.88 (MT)
2025/07/14 12:54:28.984871 [Simulation:Info:toast@toast-new:Simulation skipped] EasyWave2 simulation with similar parameters already exists
2025/07/14 12:54:28.985150 [Simulation:Info:toast@toast-new:Simulation running] TsunAWI: Looking for matching scenarios
2025/07/14 12:54:28.988273 [Simulation:Info:toast@toast-new:Simulation finished] TsunAWI: No matching scenarios
2025/07/14 12:54:29.035254 [Simulation:Info:toast@toast-new:No simulation returned] TsunAWI simulation backend returned no simulation.
2025/07/14 12:54:29.600180 [Simulation:Info:toast@toast-new:Simulation finished] Finished EasyWave2 simulation 68006008S130132E90a71ecac7c05c4947075d4e28f4c6fde4e9b175 in 61 seconds
2025/07/14 12:54:31.117457 [Incident:Info:toast@toast-new:Origin updated] Origin updated: OT: 2025-07-14 05:49:58,  Lat/Lon: -6.28151°/131.367°, Depth: 95.7371
2025/07/14 12:54:31.117916 [Incident:Info:toast@toast-new:Magnitude updated] Magnitude updated: 6.88 (M)
2025/07/14 12:54:31.121201 [Simulation:Info:toast@toast-new:Simulation(s) started] No nodal plane available. Starting Simulation(s) with fault plane, Lat/Lon: -6.28°/ 131.37° (MT), Depth: 95.74km (MT), Mag: 6.88 (MT)
2025/07/14 12:54:31.121566 [Simulation:Info:toast@toast-new:Simulation skipped] EasyWave2 simulation with similar parameters already exists
2025/07/14 12:54:31.121971 [Simulation:Info:toast@toast-new:Simulation running] TsunAWI: Looking for matching scenarios
2025/07/14 12:54:31.124989 [Simulation:Info:toast@toast-new:Simulation finished] TsunAWI: No matching scenarios
2025/07/14 12:54:31.178827 [Simulation:Info:toast@toast-new:No simulation returned] TsunAWI simulation backend returned no simulation.
2025/07/14 12:54:36.167470 [Incident:Info:toast@toast-new:Origin updated] Origin updated: OT: 2025-07-14 05:49:58,  Lat/Lon: -6.28151°/131.367°, Depth: 95.7371
2025/07/14 12:54:36.168008 [Incident:Info:toast@toast-new:Magnitude updated] Magnitude updated: 6.88 (M)
2025/07/14 12:54:36.171359 [Simulation:Info:toast@toast-new:Simulation(s) started] No nodal plane available. Starting Simulation(s) with fault plane, Lat/Lon: -6.28°/ 131.37° (MT), Depth: 95.74km (MT), Mag: 6.88 (MT)
2025/07/14 12:54:36.171607 [Simulation:Info:toast@toast-new:Simulation skipped] EasyWave2 simulation with similar parameters already exists
2025/07/14 12:54:36.171979 [Simulation:Info:toast@toast-new:Simulation running] TsunAWI: Looking for matching scenarios
2025/07/14 12:54:36.175088 [Simulation:Info:toast@toast-new:Simulation finished] TsunAWI: No matching scenarios
2025/07/14 12:54:36.232961 [Simulation:Info:toast@toast-new:No simulation returned] TsunAWI simulation backend returned no simulation.
2025/07/14 12:54:38.580547 [Simulation:Info:toast@toast-new:Simulation finished] Finished EasyWave2 simulation 68006008S130132E5b9a8b635f2db5493f1ddbcd55ab82d2290290b1 in 70 seconds
2025/07/14 12:54:41.005192 [Incident:Info:toast@toast-new:Origin updated] Origin updated: OT: 2025-07-14 05:49:58,  Lat/Lon: -6.28151°/131.367°, Depth: 95.7371
2025/07/14 12:54:41.005740 [Incident:Info:toast@toast-new:Magnitude updated] Magnitude updated: 6.86 (M)
2025/07/14 12:54:41.008981 [Simulation:Info:toast@toast-new:Simulation(s) started] No nodal plane available. Starting Simulation(s) with fault plane, Lat/Lon: -6.28°/ 131.37° (MT), Depth: 95.74km (MT), Mag: 6.86 (MT)
2025/07/14 12:54:41.009299 [Simulation:Info:toast@toast-new:Simulation skipped] EasyWave2 simulation with similar parameters already exists
2025/07/14 12:54:41.009821 [Simulation:Info:toast@toast-new:Simulation running] TsunAWI: Looking for matching scenarios
2025/07/14 12:54:41.012752 [Simulation:Info:toast@toast-new:Simulation finished] TsunAWI: No matching scenarios
2025/07/14 12:54:41.077456 [Simulation:Info:toast@toast-new:No simulation returned] TsunAWI simulation backend returned no simulation.
2025/07/14 12:54:41.108502 [Incident:Info:toast@toast-new:Origin updated] Origin updated: OT: 2025-07-14 05:49:58,  Lat/Lon: -6.28151°/131.367°, Depth: 95.7371
2025/07/14 12:54:41.108925 [Incident:Info:toast@toast-new:Magnitude updated] Magnitude updated: 6.86 (M)
2025/07/14 12:54:41.112143 [Simulation:Info:toast@toast-new:Simulation(s) started] No nodal plane available. Starting Simulation(s) with fault plane, Lat/Lon: -6.28°/ 131.37° (MT), Depth: 95.74km (MT), Mag: 6.86 (MT)
2025/07/14 12:54:41.112288 [Simulation:Info:toast@toast-new:Simulation skipped] EasyWave2 simulation with similar parameters already exists
2025/07/14 12:54:41.112560 [Simulation:Info:toast@toast-new:Simulation running] TsunAWI: Looking for matching scenarios
2025/07/14 12:54:41.115528 [Simulation:Info:toast@toast-new:Simulation finished] TsunAWI: No matching scenarios
2025/07/14 12:54:41.163284 [Simulation:Info:toast@toast-new:No simulation returned] TsunAWI simulation backend returned no simulation.
2025/07/14 12:54:56.168070 [Incident:Info:toast@toast-new:Origin updated] Origin updated: OT: 2025-07-14 05:49:58,  Lat/Lon: -6.28151°/131.367°, Depth: 95.7371
2025/07/14 12:54:56.168873 [Incident:Info:toast@toast-new:Magnitude updated] Magnitude updated: 6.85 (M)
2025/07/14 12:54:56.172436 [Simulation:Info:toast@toast-new:Simulation(s) started] No nodal plane available. Starting Simulation(s) with fault plane, Lat/Lon: -6.28°/ 131.37° (MT), Depth: 95.74km (MT), Mag: 6.85 (MT)
2025/07/14 12:54:56.172665 [Simulation:Info:toast@toast-new:Simulation skipped] EasyWave2 simulation with similar parameters already exists
2025/07/14 12:54:56.173038 [Simulation:Info:toast@toast-new:Simulation running] TsunAWI: Looking for matching scenarios
2025/07/14 12:54:56.176269 [Simulation:Info:toast@toast-new:Simulation finished] TsunAWI: No matching scenarios
2025/07/14 12:54:56.232041 [Simulation:Info:toast@toast-new:No simulation returned] TsunAWI simulation backend returned no simulation.
2025/07/14 12:54:58.571064 [Simulation:Info:toast@toast-new:Simulation finished] Finished EasyWave2 simulation 68006008S130132E5382d991ad2b3005c521bf59fad35aa793387f5c in 90 seconds
2025/07/14 12:55:06.173103 [Incident:Info:toast@toast-new:Origin updated] Origin updated: OT: 2025-07-14 05:49:58,  Lat/Lon: -6.28151°/131.367°, Depth: 95.7371
2025/07/14 12:55:06.173612 [Incident:Info:toast@toast-new:Magnitude updated] Magnitude updated: 6.85 (M)
2025/07/14 12:55:06.176806 [Simulation:Info:toast@toast-new:Simulation(s) started] No nodal plane available. Starting Simulation(s) with fault plane, Lat/Lon: -6.28°/ 131.37° (MT), Depth: 95.74km (MT), Mag: 6.85 (MT)
2025/07/14 12:55:06.177099 [Simulation:Info:toast@toast-new:Simulation skipped] EasyWave2 simulation with similar parameters already exists
2025/07/14 12:55:06.177557 [Simulation:Info:toast@toast-new:Simulation running] TsunAWI: Looking for matching scenarios
2025/07/14 12:55:06.180573 [Simulation:Info:toast@toast-new:Simulation finished] TsunAWI: No matching scenarios
2025/07/14 12:55:06.233461 [Simulation:Info:toast@toast-new:No simulation returned] TsunAWI simulation backend returned no simulation.
2025/07/14 12:55:06.603813 [Simulation:Info:toast@toast-new:Simulation finished] Finished EasyWave2 simulation 68006008S130132Efb5d25271ed104cdd0e1e3df8b030b6208d2f3bd in 98 seconds
2025/07/14 12:55:19.980726 [Simulation:Info:toast@toast-new:Simulation(s) triggered] Automatic simulation(s) triggered manually
2025/07/14 12:55:19.980899 [Simulation:Info:toast@toast-new:Simulation(s) started] No nodal plane available. Starting Simulation(s) with fault plane, Lat/Lon: -6.28°/ 131.37° (MT), Depth: 95.74km (MT), Mag: 6.85 (MT)
2025/07/14 12:55:19.981111 [Simulation:Info:toast@toast-new:Simulation skipped] EasyWave2 simulation with similar parameters already exists
2025/07/14 12:55:19.981407 [Simulation:Info:toast@toast-new:Simulation running] TsunAWI: Looking for matching scenarios
2025/07/14 12:55:19.984297 [Simulation:Info:toast@toast-new:Simulation finished] TsunAWI: No matching scenarios
2025/07/14 12:55:19.990437 [Simulation:Info:toast@toast-new:No simulation returned] TsunAWI simulation backend returned no simulation.
2025/07/14 12:55:26.599257 [Simulation:Info:toast@toast-new:Simulation finished] Finished EasyWave2 simulation 68006008S130132Ef3050a64abccab945c31494856b01c6b2e45a1a8 in 118 seconds
2025/07/14 12:55:36.582768 [Simulation:Info:toast@toast-new:Simulation finished] Finished EasyWave2 simulation 68006008S130132Ec81dc22b9c261e55a52e9ceaffa11b86e241d8f5 in 128 seconds
2025/07/14 12:55:56.596984 [Simulation:Info:toast@toast-new:Simulation finished] Finished EasyWave2 simulation 68006008S130132Ef7126a41bd28e3eb5261e6887d8c5c8bb555e949 in 148 seconds
2025/07/14 12:56:04.524282 [Incident:Info:toast@toast-new:Origin updated] Origin updated: OT: 2025-07-14 05:49:57,  Lat/Lon: -6.28912°/131.353°, Depth: 100.137
2025/07/14 12:56:04.524958 [Incident:Info:toast@toast-new:Magnitude updated] Magnitude updated: 6.98 (Mw(mB))
2025/07/14 12:56:04.527990 [Simulation:Info:toast@toast-new:Simulation(s) started] No nodal plane available. Starting Simulation(s) with fault plane, Lat/Lon: -6.29°/ 131.35° (MT), Depth: 100.14km (MT), Mag: 6.98 (MT)
2025/07/14 12:56:04.528197 [Simulation:Info:toast@toast-new:Simulation skipped] EasyWave2 simulation with similar parameters already exists
2025/07/14 12:56:04.528568 [Simulation:Info:toast@toast-new:Simulation running] TsunAWI: Looking for matching scenarios
2025/07/14 12:56:04.531504 [Simulation:Info:toast@toast-new:Simulation finished] TsunAWI: No matching scenarios
2025/07/14 12:56:04.652830 [Simulation:Info:toast@toast-new:No simulation returned] TsunAWI simulation backend returned no simulation.
2025/07/14 12:56:04.691784 [Incident:Info:toast@toast-new:Origin updated] Origin updated: OT: 2025-07-14 05:49:57,  Lat/Lon: -6.28912°/131.353°, Depth: 100.137
2025/07/14 12:56:04.692182 [Incident:Info:toast@toast-new:Magnitude updated] Magnitude updated: 6.83 (M)
2025/07/14 12:56:04.695121 [Simulation:Info:toast@toast-new:Simulation(s) started] No nodal plane available. Starting Simulation(s) with fault plane, Lat/Lon: -6.29°/ 131.35° (MT), Depth: 100.14km (MT), Mag: 6.83 (MT)
2025/07/14 12:56:04.695302 [Simulation:Info:toast@toast-new:Simulation skipped] EasyWave2 simulation with similar parameters already exists
2025/07/14 12:56:04.695559 [Simulation:Info:toast@toast-new:Simulation running] TsunAWI: Looking for matching scenarios
2025/07/14 12:56:04.698574 [Simulation:Info:toast@toast-new:Simulation finished] TsunAWI: No matching scenarios
2025/07/14 12:56:04.751600 [Simulation:Info:toast@toast-new:No simulation returned] TsunAWI simulation backend returned no simulation.
2025/07/14 12:56:06.595741 [Simulation:Info:toast@toast-new:Simulation finished] Finished EasyWave2 simulation 68006008S130132E65b58b707f4f936ef319af14fac2939241b60ab7 in 158 seconds
2025/07/14 12:56:11.132404 [Incident:Info:toast@toast-new:Origin updated] Origin updated: OT: 2025-07-14 05:49:57,  Lat/Lon: -6.28912°/131.353°, Depth: 100.137
2025/07/14 12:56:11.132952 [Incident:Info:toast@toast-new:Magnitude updated] Magnitude updated: 6.82 (M)
2025/07/14 12:56:11.136429 [Simulation:Info:toast@toast-new:Simulation(s) started] No nodal plane available. Starting Simulation(s) with fault plane, Lat/Lon: -6.29°/ 131.35° (MT), Depth: 100.14km (MT), Mag: 6.82 (MT)
2025/07/14 12:56:11.136723 [Simulation:Info:toast@toast-new:Simulation skipped] EasyWave2 simulation with similar parameters already exists
2025/07/14 12:56:11.137181 [Simulation:Info:toast@toast-new:Simulation running] TsunAWI: Looking for matching scenarios
2025/07/14 12:56:11.140687 [Simulation:Info:toast@toast-new:Simulation finished] TsunAWI: No matching scenarios
2025/07/14 12:56:11.197810 [Simulation:Info:toast@toast-new:No simulation returned] TsunAWI simulation backend returned no simulation.
2025/07/14 12:56:16.121746 [Incident:Info:toast@toast-new:Origin updated] Origin updated: OT: 2025-07-14 05:49:57,  Lat/Lon: -6.28912°/131.353°, Depth: 100.137
2025/07/14 12:56:16.122159 [Incident:Info:toast@toast-new:Magnitude updated] Magnitude updated: 6.82 (M)
2025/07/14 12:56:16.125418 [Simulation:Info:toast@toast-new:Simulation(s) started] No nodal plane available. Starting Simulation(s) with fault plane, Lat/Lon: -6.29°/ 131.35° (MT), Depth: 100.14km (MT), Mag: 6.82 (MT)
2025/07/14 12:56:16.125631 [Simulation:Info:toast@toast-new:Simulation skipped] EasyWave2 simulation with similar parameters already exists
2025/07/14 12:56:16.125940 [Simulation:Info:toast@toast-new:Simulation running] TsunAWI: Looking for matching scenarios
2025/07/14 12:56:16.129190 [Simulation:Info:toast@toast-new:Simulation finished] TsunAWI: No matching scenarios
2025/07/14 12:56:16.186703 [Simulation:Info:toast@toast-new:No simulation returned] TsunAWI simulation backend returned no simulation.
2025/07/14 12:56:21.119757 [Incident:Info:toast@toast-new:Origin updated] Origin updated: OT: 2025-07-14 05:49:57,  Lat/Lon: -6.28912°/131.353°, Depth: 100.137
2025/07/14 12:56:21.120227 [Incident:Info:toast@toast-new:Magnitude updated] Magnitude updated: 6.82 (M)
2025/07/14 12:56:21.123611 [Simulation:Info:toast@toast-new:Simulation(s) started] No nodal plane available. Starting Simulation(s) with fault plane, Lat/Lon: -6.29°/ 131.35° (MT), Depth: 100.14km (MT), Mag: 6.82 (MT)
2025/07/14 12:56:21.123853 [Simulation:Info:toast@toast-new:Simulation skipped] EasyWave2 simulation with similar parameters already exists
2025/07/14 12:56:21.124212 [Simulation:Info:toast@toast-new:Simulation running] TsunAWI: Looking for matching scenarios
2025/07/14 12:56:21.127244 [Simulation:Info:toast@toast-new:Simulation finished] TsunAWI: No matching scenarios
2025/07/14 12:56:21.183514 [Simulation:Info:toast@toast-new:No simulation returned] TsunAWI simulation backend returned no simulation.
2025/07/14 12:56:23.004591 [Incident:Info:toast@toast-new:Origin updated] Origin updated: OT: 2025-07-14 05:49:57,  Lat/Lon: -6.28912°/131.353°, Depth: 100.137
2025/07/14 12:56:23.005034 [Incident:Info:toast@toast-new:Magnitude updated] Magnitude updated: 6.82 (M)
2025/07/14 12:56:23.008366 [Simulation:Info:toast@toast-new:Simulation(s) started] No nodal plane available. Starting Simulation(s) with fault plane, Lat/Lon: -6.29°/ 131.35° (MT), Depth: 100.14km (MT), Mag: 6.82 (MT)
2025/07/14 12:56:23.008571 [Simulation:Info:toast@toast-new:Simulation skipped] EasyWave2 simulation with similar parameters already exists
2025/07/14 12:56:23.008895 [Simulation:Info:toast@toast-new:Simulation running] TsunAWI: Looking for matching scenarios
2025/07/14 12:56:23.011801 [Simulation:Info:toast@toast-new:Simulation finished] TsunAWI: No matching scenarios
2025/07/14 12:56:23.074889 [Simulation:Info:toast@toast-new:No simulation returned] TsunAWI simulation backend returned no simulation.
2025/07/14 12:56:25.565311 [Simulation:Info:toast@toast-new:Simulation finished] Finished EasyWave2 simulation 68006008S130132E39a619ce2411bae3b1f18bfd67a36a238fdbc475 in 177 seconds
2025/07/14 12:56:26.179943 [Incident:Info:toast@toast-new:Origin updated] Origin updated: OT: 2025-07-14 05:49:57,  Lat/Lon: -6.28912°/131.353°, Depth: 100.137
2025/07/14 12:56:26.180578 [Incident:Info:toast@toast-new:Magnitude updated] Magnitude updated: 6.81 (M)
2025/07/14 12:56:26.183976 [Simulation:Info:toast@toast-new:Simulation(s) started] No nodal plane available. Starting Simulation(s) with fault plane, Lat/Lon: -6.29°/ 131.35° (MT), Depth: 100.14km (MT), Mag: 6.81 (MT)
2025/07/14 12:56:26.184570 [Simulation:Info:toast@toast-new:Simulation skipped] EasyWave2 simulation with similar parameters already exists
2025/07/14 12:56:26.185185 [Simulation:Info:toast@toast-new:Simulation running] TsunAWI: Looking for matching scenarios
2025/07/14 12:56:26.188127 [Simulation:Info:toast@toast-new:Simulation finished] TsunAWI: No matching scenarios
2025/07/14 12:56:26.188958 [Simulation:Info:toast@toast-new:No simulation returned] TsunAWI simulation backend returned no simulation.
2025/07/14 12:56:31.231765 [Incident:Info:toast@toast-new:Origin updated] Origin updated: OT: 2025-07-14 05:49:57,  Lat/Lon: -6.28912°/131.353°, Depth: 100.137
2025/07/14 12:56:31.232251 [Incident:Info:toast@toast-new:Magnitude updated] Magnitude updated: 6.80 (M)
2025/07/14 12:56:31.235576 [Simulation:Info:toast@toast-new:Simulation(s) started] No nodal plane available. Starting Simulation(s) with fault plane, Lat/Lon: -6.29°/ 131.35° (MT), Depth: 100.14km (MT), Mag: 6.80 (MT)
2025/07/14 12:56:31.235877 [Simulation:Info:toast@toast-new:Simulation skipped] EasyWave2 simulation with similar parameters already exists
2025/07/14 12:56:31.236398 [Simulation:Info:toast@toast-new:Simulation running] TsunAWI: Looking for matching scenarios
2025/07/14 12:56:31.239582 [Simulation:Info:toast@toast-new:Simulation finished] TsunAWI: No matching scenarios
2025/07/14 12:56:31.241863 [Simulation:Info:toast@toast-new:No simulation returned] TsunAWI simulation backend returned no simulation.
2025/07/14 12:56:35.590197 [Simulation:Info:toast@toast-new:Simulation finished] Finished EasyWave2 simulation 68006008S130132Ed3463cb195b734eeada063143fc8e2c6830c58f6 in 187 seconds
2025/07/14 12:56:36.126136 [Incident:Info:toast@toast-new:Origin updated] Origin updated: OT: 2025-07-14 05:49:57,  Lat/Lon: -6.28912°/131.353°, Depth: 100.137
2025/07/14 12:56:36.126618 [Incident:Info:toast@toast-new:Magnitude updated] Magnitude updated: 6.80 (M)
2025/07/14 12:56:36.129956 [Simulation:Info:toast@toast-new:Simulation(s) started] No nodal plane available. Starting Simulation(s) with fault plane, Lat/Lon: -6.29°/ 131.35° (MT), Depth: 100.14km (MT), Mag: 6.80 (MT)
2025/07/14 12:56:36.130313 [Simulation:Info:toast@toast-new:Simulation skipped] EasyWave2 simulation with similar parameters already exists
2025/07/14 12:56:36.130771 [Simulation:Info:toast@toast-new:Simulation running] TsunAWI: Looking for matching scenarios
2025/07/14 12:56:36.133613 [Simulation:Info:toast@toast-new:Simulation finished] TsunAWI: No matching scenarios
2025/07/14 12:56:36.134386 [Simulation:Info:toast@toast-new:No simulation returned] TsunAWI simulation backend returned no simulation.
2025/07/14 12:56:39.646447 [Incident:Info:toast@toast-new:Origin updated] Origin updated: OT: 2025-07-14 05:49:58,  Lat/Lon: -6.28077°/131.325°, Depth: 97.4858
2025/07/14 12:56:39.647333 [Incident:Info:toast@toast-new:Magnitude updated] Magnitude updated: 7.00 (Mw(mB))
2025/07/14 12:56:39.650943 [Simulation:Info:toast@toast-new:Simulation(s) started] No nodal plane available. Starting Simulation(s) with fault plane, Lat/Lon: -6.28°/ 131.32° (MT), Depth: 97.49km (MT), Mag: 7.00 (MT)
2025/07/14 12:56:39.651255 [Simulation:Info:toast@toast-new:Simulation skipped] EasyWave2 simulation with similar parameters already exists
2025/07/14 12:56:39.651816 [Simulation:Info:toast@toast-new:Simulation running] TsunAWI: Looking for matching scenarios
2025/07/14 12:56:39.654768 [Simulation:Info:toast@toast-new:Simulation finished] TsunAWI: No matching scenarios
2025/07/14 12:56:39.736621 [Simulation:Info:toast@toast-new:No simulation returned] TsunAWI simulation backend returned no simulation.
2025/07/14 12:56:39.993111 [Incident:Info:toast@toast-new:Origin updated] Origin updated: OT: 2025-07-14 05:49:58,  Lat/Lon: -6.28077°/131.325°, Depth: 97.4858
2025/07/14 12:56:39.993605 [Incident:Info:toast@toast-new:Magnitude updated] Magnitude updated: 6.81 (M)
2025/07/14 12:56:39.996881 [Simulation:Info:toast@toast-new:Simulation(s) started] No nodal plane available. Starting Simulation(s) with fault plane, Lat/Lon: -6.28°/ 131.32° (MT), Depth: 97.49km (MT), Mag: 6.81 (MT)
2025/07/14 12:56:39.997159 [Simulation:Info:toast@toast-new:Simulation skipped] EasyWave2 simulation with similar parameters already exists
2025/07/14 12:56:39.997615 [Simulation:Info:toast@toast-new:Simulation running] TsunAWI: Looking for matching scenarios
2025/07/14 12:56:40.000671 [Simulation:Info:toast@toast-new:Simulation finished] TsunAWI: No matching scenarios
2025/07/14 12:56:40.067289 [Simulation:Info:toast@toast-new:No simulation returned] TsunAWI simulation backend returned no simulation.
2025/07/14 12:56:41.140753 [Incident:Info:toast@toast-new:Origin updated] Origin updated: OT: 2025-07-14 05:49:58,  Lat/Lon: -6.28077°/131.325°, Depth: 97.4858
2025/07/14 12:56:41.141287 [Incident:Info:toast@toast-new:Magnitude updated] Magnitude updated: 6.81 (M)
2025/07/14 12:56:41.144560 [Simulation:Info:toast@toast-new:Simulation(s) started] No nodal plane available. Starting Simulation(s) with fault plane, Lat/Lon: -6.28°/ 131.32° (MT), Depth: 97.49km (MT), Mag: 6.81 (MT)
2025/07/14 12:56:41.144824 [Simulation:Info:toast@toast-new:Simulation skipped] EasyWave2 simulation with similar parameters already exists
2025/07/14 12:56:41.145197 [Simulation:Info:toast@toast-new:Simulation running] TsunAWI: Looking for matching scenarios
2025/07/14 12:56:41.148747 [Simulation:Info:toast@toast-new:Simulation finished] TsunAWI: No matching scenarios
2025/07/14 12:56:41.204916 [Simulation:Info:toast@toast-new:No simulation returned] TsunAWI simulation backend returned no simulation.
2025/07/14 12:56:46.252696 [Incident:Info:toast@toast-new:Origin updated] Origin updated: OT: 2025-07-14 05:49:58,  Lat/Lon: -6.28077°/131.325°, Depth: 97.4858
2025/07/14 12:56:46.253171 [Incident:Info:toast@toast-new:Magnitude updated] Magnitude updated: 6.81 (M)
2025/07/14 12:56:46.256401 [Simulation:Info:toast@toast-new:Simulation(s) started] No nodal plane available. Starting Simulation(s) with fault plane, Lat/Lon: -6.28°/ 131.32° (MT), Depth: 97.49km (MT), Mag: 6.81 (MT)
2025/07/14 12:56:46.256628 [Simulation:Info:toast@toast-new:Simulation skipped] EasyWave2 simulation with similar parameters already exists
2025/07/14 12:56:46.256935 [Simulation:Info:toast@toast-new:Simulation running] TsunAWI: Looking for matching scenarios
2025/07/14 12:56:46.259858 [Simulation:Info:toast@toast-new:Simulation finished] TsunAWI: No matching scenarios
2025/07/14 12:56:46.261703 [Simulation:Info:toast@toast-new:No simulation returned] TsunAWI simulation backend returned no simulation.
2025/07/14 12:56:51.146086 [Incident:Info:toast@toast-new:Origin updated] Origin updated: OT: 2025-07-14 05:49:58,  Lat/Lon: -6.28077°/131.325°, Depth: 97.4858
2025/07/14 12:56:51.146592 [Incident:Info:toast@toast-new:Magnitude updated] Magnitude updated: 6.80 (M)
2025/07/14 12:56:51.149807 [Simulation:Info:toast@toast-new:Simulation(s) started] No nodal plane available. Starting Simulation(s) with fault plane, Lat/Lon: -6.28°/ 131.32° (MT), Depth: 97.49km (MT), Mag: 6.80 (MT)
2025/07/14 12:56:51.150047 [Simulation:Info:toast@toast-new:Simulation skipped] EasyWave2 simulation with similar parameters already exists
2025/07/14 12:56:51.150403 [Simulation:Info:toast@toast-new:Simulation running] TsunAWI: Looking for matching scenarios
2025/07/14 12:56:51.153471 [Simulation:Info:toast@toast-new:Simulation finished] TsunAWI: No matching scenarios
2025/07/14 12:56:51.208759 [Simulation:Info:toast@toast-new:No simulation returned] TsunAWI simulation backend returned no simulation.
2025/07/14 12:56:54.564446 [Simulation:Info:toast@toast-new:Simulation finished] Finished EasyWave2 simulation 68006008S130132E59d613910112c7738e1db1dd2ad8880fc68fb007 in 206 seconds
2025/07/14 12:56:56.377619 [Incident:Info:toast@toast-new:Origin updated] Origin updated: OT: 2025-07-14 05:49:58,  Lat/Lon: -6.28077°/131.325°, Depth: 97.4858
2025/07/14 12:56:56.377954 [Incident:Info:toast@toast-new:Magnitude updated] Magnitude updated: 6.80 (M)
2025/07/14 12:56:56.381072 [Simulation:Info:toast@toast-new:Simulation(s) started] No nodal plane available. Starting Simulation(s) with fault plane, Lat/Lon: -6.28°/ 131.32° (MT), Depth: 97.49km (MT), Mag: 6.80 (MT)
2025/07/14 12:56:56.381305 [Simulation:Info:toast@toast-new:Simulation skipped] EasyWave2 simulation with similar parameters already exists
2025/07/14 12:56:56.381690 [Simulation:Info:toast@toast-new:Simulation running] TsunAWI: Looking for matching scenarios
2025/07/14 12:56:56.384474 [Simulation:Info:toast@toast-new:Simulation finished] TsunAWI: No matching scenarios
2025/07/14 12:56:56.419240 [Simulation:Info:toast@toast-new:No simulation returned] TsunAWI simulation backend returned no simulation.
2025/07/14 12:57:05.592608 [Simulation:Info:toast@toast-new:Simulation finished] Finished EasyWave2 simulation 70006008S130132E696adb008dadd6650561f939c221c8aeaf0291cd in 187 seconds
2025/07/14 12:57:10.288597 [Incident:Info:toast@toast-new:Origin updated] Origin updated: OT: 2025-07-14 05:49:58,  Lat/Lon: -6.28077°/131.325°, Depth: 97.4858
2025/07/14 12:57:10.289008 [Incident:Info:toast@toast-new:Magnitude updated] Magnitude updated: 6.80 (M)
2025/07/14 12:57:10.292279 [Simulation:Info:toast@toast-new:Simulation(s) started] No nodal plane available. Starting Simulation(s) with fault plane, Lat/Lon: -6.28°/ 131.32° (MT), Depth: 97.49km (MT), Mag: 6.80 (MT)
2025/07/14 12:57:10.292594 [Simulation:Info:toast@toast-new:Simulation skipped] EasyWave2 simulation with similar parameters already exists
2025/07/14 12:57:10.293037 [Simulation:Info:toast@toast-new:Simulation running] TsunAWI: Looking for matching scenarios
2025/07/14 12:57:10.295830 [Simulation:Info:toast@toast-new:Simulation finished] TsunAWI: No matching scenarios
2025/07/14 12:57:10.336786 [Simulation:Info:toast@toast-new:No simulation returned] TsunAWI simulation backend returned no simulation.
2025/07/14 12:57:21.801181 [Incident:Info:toast@toast-new:Origin updated] Origin updated: OT: 2025-07-14 05:49:58,  Lat/Lon: -6.28077°/131.325°, Depth: 97.4858
2025/07/14 12:57:21.801639 [Incident:Info:toast@toast-new:Magnitude updated] Magnitude updated: 6.80 (M)
2025/07/14 12:57:21.804890 [Simulation:Info:toast@toast-new:Simulation(s) started] No nodal plane available. Starting Simulation(s) with fault plane, Lat/Lon: -6.28°/ 131.32° (MT), Depth: 97.49km (MT), Mag: 6.80 (MT)
2025/07/14 12:57:21.805123 [Simulation:Info:toast@toast-new:Simulation skipped] EasyWave2 simulation with similar parameters already exists
2025/07/14 12:57:21.805567 [Simulation:Info:toast@toast-new:Simulation running] TsunAWI: Looking for matching scenarios
2025/07/14 12:57:21.808357 [Simulation:Info:toast@toast-new:Simulation finished] TsunAWI: No matching scenarios
2025/07/14 12:57:21.852148 [Simulation:Info:toast@toast-new:No simulation returned] TsunAWI simulation backend returned no simulation.
2025/07/14 12:57:26.513359 [Incident:Info:toast@toast-new:Origin updated] Origin updated: OT: 2025-07-14 05:49:58,  Lat/Lon: -6.28077°/131.325°, Depth: 97.4858
2025/07/14 12:57:26.513891 [Incident:Info:toast@toast-new:Magnitude updated] Magnitude updated: 6.80 (M)
2025/07/14 12:57:26.517209 [Simulation:Info:toast@toast-new:Simulation(s) started] No nodal plane available. Starting Simulation(s) with fault plane, Lat/Lon: -6.28°/ 131.32° (MT), Depth: 97.49km (MT), Mag: 6.80 (MT)
2025/07/14 12:57:26.517474 [Simulation:Info:toast@toast-new:Simulation skipped] EasyWave2 simulation with similar parameters already exists
2025/07/14 12:57:26.517827 [Simulation:Info:toast@toast-new:Simulation running] TsunAWI: Looking for matching scenarios
2025/07/14 12:57:26.520824 [Simulation:Info:toast@toast-new:Simulation finished] TsunAWI: No matching scenarios
2025/07/14 12:57:26.536926 [Simulation:Info:toast@toast-new:No simulation returned] TsunAWI simulation backend returned no simulation.
2025/07/14 12:57:28.565204 [Simulation:Info:toast@toast-new:Simulation finished] Finished EasyWave2 simulation 70006008S130132E0d8b087a3b210349db9b5440fa5f54b43b645b23 in 210 seconds
2025/07/14 12:57:31.778026 [Incident:Info:toast@toast-new:Origin updated] Origin updated: OT: 2025-07-14 05:49:58,  Lat/Lon: -6.28077°/131.325°, Depth: 97.4858
2025/07/14 12:57:31.778625 [Incident:Info:toast@toast-new:Magnitude updated] Magnitude updated: 6.80 (M)
2025/07/14 12:57:31.782789 [Simulation:Info:toast@toast-new:Simulation(s) started] No nodal plane available. Starting Simulation(s) with fault plane, Lat/Lon: -6.28°/ 131.32° (MT), Depth: 97.49km (MT), Mag: 6.80 (MT)
2025/07/14 12:57:31.783325 [Simulation:Info:toast@toast-new:Simulation skipped] EasyWave2 simulation with similar parameters already exists
2025/07/14 12:57:31.783881 [Simulation:Info:toast@toast-new:Simulation running] TsunAWI: Looking for matching scenarios
2025/07/14 12:57:31.788104 [Simulation:Info:toast@toast-new:Simulation finished] TsunAWI: No matching scenarios
2025/07/14 12:57:31.823769 [Simulation:Info:toast@toast-new:No simulation returned] TsunAWI simulation backend returned no simulation.
2025/07/14 12:57:55.622220 [Incident:Info:toast@toast-new:Origin updated] Origin updated: OT: 2025-07-14 05:49:58,  Lat/Lon: -6.28077°/131.325°, Depth: 97.4858
2025/07/14 12:57:55.622617 [Incident:Info:toast@toast-new:FM updated] FM updated
2025/07/14 12:57:55.626399 [Simulation:Info:toast@toast-new:Simulation(s) started] No nodal plane available. Starting Simulation(s) with fault plane, Lat/Lon: -6.28°/ 131.32° (MT), Depth: 97.49km (MT), Mag: 6.80 (MT)
2025/07/14 12:57:55.626730 [Simulation:Info:toast@toast-new:Simulation skipped] EasyWave2 simulation with similar parameters already exists
2025/07/14 12:57:55.627099 [Simulation:Info:toast@toast-new:Simulation running] TsunAWI: Looking for matching scenarios
2025/07/14 12:57:55.630679 [Simulation:Info:toast@toast-new:Simulation finished] TsunAWI: No matching scenarios
2025/07/14 12:57:55.683465 [Simulation:Info:toast@toast-new:No simulation returned] TsunAWI simulation backend returned no simulation.
2025/07/14 12:58:07.140364 [Incident:Info:toast@toast-new:Origin updated] Origin updated: OT: 2025-07-14 05:49:58,  Lat/Lon: -6.28077°/131.325°, Depth: 97.4858
2025/07/14 12:58:07.140945 [Incident:Info:toast@toast-new:Magnitude updated] Magnitude updated: 6.63 (Mw)
2025/07/14 12:58:07.144655 [Simulation:Info:toast@toast-new:Simulation(s) started] No nodal plane available. Starting Simulation(s) with fault plane, Lat/Lon: -6.28°/ 131.32° (MT), Depth: 97.49km (MT), Mag: 6.63 (MT)
2025/07/14 12:58:07.145923 [Simulation:Info:toast@toast-new:Simulation running] TsunAWI: Looking for matching scenarios
2025/07/14 12:58:07.150310 [Simulation:Info:toast@toast-new:Simulation finished] TsunAWI: No matching scenarios
2025/07/14 12:58:07.208484 [Simulation:Info:toast@toast-new:No simulation returned] TsunAWI simulation backend returned no simulation.
2025/07/14 12:58:07.252311 [Simulation:Info:toast@toast-new:Simulation tracked] Tracking progress of EasyWave2 simulation 66006008S130132E7d5662edbcf31032a0fbd6174d92f709bd744d99
2025/07/14 12:58:07.258452 [Simulation:Info:toast@toast-new:Simulation tracked] Tracking progress of EasyWave2 simulation 66006008S130132Edc779c0c6dd93884b46f0169f22b654b606775d1
2025/07/14 12:58:18.068499 [Simulation:Info:toast@toast-new:Simulation finished] Finished EasyWave2 simulation 66006008S130132E7d5662edbcf31032a0fbd6174d92f709bd744d99 in 10 seconds
2025/07/14 12:58:35.069424 [Simulation:Info:toast@toast-new:Simulation finished] Finished EasyWave2 simulation 66006008S130132Edc779c0c6dd93884b46f0169f22b654b606775d1 in 27 seconds
2025/07/14 12:58:55.021552 [Incident:Info:toast@toast-new:Origin updated] Origin updated: OT: 2025-07-14 05:49:58,  Lat/Lon: -6.2672°/131.325°, Depth: 98.3362
2025/07/14 12:58:55.025386 [Simulation:Info:toast@toast-new:Simulation(s) started] No nodal plane available. Starting Simulation(s) with fault plane, Lat/Lon: -6.27°/ 131.33° (MT), Depth: 98.34km (MT), Mag: 6.63 (MT)
2025/07/14 12:58:55.025709 [Simulation:Info:toast@toast-new:Simulation skipped] EasyWave2 simulation with similar parameters already exists
2025/07/14 12:58:55.026129 [Simulation:Info:toast@toast-new:Simulation running] TsunAWI: Looking for matching scenarios
2025/07/14 12:58:55.030237 [Simulation:Info:toast@toast-new:Simulation finished] TsunAWI: No matching scenarios
2025/07/14 12:58:55.100158 [Simulation:Info:toast@toast-new:No simulation returned] TsunAWI simulation backend returned no simulation.
2025/07/14 12:59:25.854382 [Incident:Info:toast@toast-new:Origin updated] Origin updated: OT: 2025-07-14 05:49:58,  Lat/Lon: -6.2672°/131.325°, Depth: 98.3362
2025/07/14 12:59:25.855064 [Incident:Info:toast@toast-new:Magnitude updated] Magnitude updated: 6.67 (Mw)
2025/07/14 12:59:25.855374 [Incident:Info:toast@toast-new:FM updated] FM updated
2025/07/14 12:59:25.859448 [Simulation:Info:toast@toast-new:Simulation(s) started] No nodal plane available. Starting Simulation(s) with fault plane, Lat/Lon: -6.27°/ 131.33° (MT), Depth: 98.34km (MT), Mag: 6.67 (MT)
2025/07/14 12:59:25.859761 [Simulation:Info:toast@toast-new:Simulation skipped] EasyWave2 simulation with similar parameters already exists
2025/07/14 12:59:25.860234 [Simulation:Info:toast@toast-new:Simulation running] TsunAWI: Looking for matching scenarios
2025/07/14 12:59:25.864618 [Simulation:Info:toast@toast-new:Simulation finished] TsunAWI: No matching scenarios
2025/07/14 12:59:25.923024 [Simulation:Info:toast@toast-new:No simulation returned] TsunAWI simulation backend returned no simulation.
2025/07/14 13:02:34.125738 [Incident:Info:toast@toast-new:Origin updated] Origin updated: OT: 2025-07-14 05:49:58,  Lat/Lon: -6.24705°/131.311°, Depth: 95.8005
2025/07/14 13:02:34.129813 [Simulation:Info:toast@toast-new:Simulation(s) started] No nodal plane available. Starting Simulation(s) with fault plane, Lat/Lon: -6.25°/ 131.31° (MT), Depth: 95.80km (MT), Mag: 6.67 (MT)
2025/07/14 13:02:34.130042 [Simulation:Info:toast@toast-new:Simulation skipped] EasyWave2 simulation with similar parameters already exists
2025/07/14 13:02:34.130500 [Simulation:Info:toast@toast-new:Simulation running] TsunAWI: Looking for matching scenarios
2025/07/14 13:02:34.134910 [Simulation:Info:toast@toast-new:Simulation finished] TsunAWI: No matching scenarios
2025/07/14 13:02:34.202094 [Simulation:Info:toast@toast-new:No simulation returned] TsunAWI simulation backend returned no simulation.
2025/07/14 13:07:09.214134 [Incident:Info:toast@toast-new:Origin updated] Origin updated: OT: 2025-07-14 05:49:58,  Lat/Lon: -6.24705°/131.311°, Depth: 95.8005
2025/07/14 13:07:09.214755 [Incident:Info:toast@toast-new:Magnitude updated] Magnitude updated: 6.68 (Mw)
2025/07/14 13:07:09.214996 [Incident:Info:toast@toast-new:FM updated] FM updated
2025/07/14 13:07:09.219089 [Simulation:Info:toast@toast-new:Simulation(s) started] No nodal plane available. Starting Simulation(s) with fault plane, Lat/Lon: -6.25°/ 131.31° (MT), Depth: 95.80km (MT), Mag: 6.68 (MT)
2025/07/14 13:07:09.219338 [Simulation:Info:toast@toast-new:Simulation skipped] EasyWave2 simulation with similar parameters already exists
2025/07/14 13:07:09.219813 [Simulation:Info:toast@toast-new:Simulation running] TsunAWI: Looking for matching scenarios
2025/07/14 13:07:09.224173 [Simulation:Info:toast@toast-new:Simulation finished] TsunAWI: No matching scenarios
2025/07/14 13:07:09.275642 [Simulation:Info:toast@toast-new:No simulation returned] TsunAWI simulation backend returned no simulation.
2025/07/14 13:10:22.509545 [Incident:Info:toast@toast-new:Origin updated] Origin updated: OT: 2025-07-14 05:49:58,  Lat/Lon: -6.22319°/131.229°, Depth: 85.5204
2025/07/14 13:10:22.513363 [Simulation:Info:toast@toast-new:Simulation(s) started] No nodal plane available. Starting Simulation(s) with fault plane, Lat/Lon: -6.22°/ 131.23° (MT), Depth: 85.52km (MT), Mag: 6.68 (MT)
2025/07/14 13:10:22.514104 [Simulation:Info:toast@toast-new:Simulation running] TsunAWI: Looking for matching scenarios
2025/07/14 13:10:22.517841 [Simulation:Info:toast@toast-new:Simulation finished] TsunAWI: No matching scenarios
2025/07/14 13:10:22.583141 [Simulation:Info:toast@toast-new:No simulation returned] TsunAWI simulation backend returned no simulation.
2025/07/14 13:10:22.618849 [Simulation:Info:toast@toast-new:Simulation tracked] Tracking progress of EasyWave2 simulation 66006008S130132E5bcdf21f635584ce8797d8feea87b1538f4b51ae
2025/07/14 13:10:22.622603 [Simulation:Info:toast@toast-new:Simulation tracked] Tracking progress of EasyWave2 simulation 66006008S130132Ea2708d8214d40983187bef770bd9e34cb72335e5
2025/07/14 13:10:32.330745 [Incident:Info:toast@toast-new:Origin updated] Origin updated: OT: 2025-07-14 05:49:58,  Lat/Lon: -6.24705°/131.311°, Depth: 95.8005
2025/07/14 13:10:32.334562 [Simulation:Info:toast@toast-new:Simulation(s) started] No nodal plane available. Starting Simulation(s) with fault plane, Lat/Lon: -6.25°/ 131.31° (MT), Depth: 95.80km (MT), Mag: 6.68 (MT)
2025/07/14 13:10:32.334826 [Simulation:Info:toast@toast-new:Simulation skipped] EasyWave2 simulation with similar parameters already exists
2025/07/14 13:10:32.335312 [Simulation:Info:toast@toast-new:Simulation running] TsunAWI: Looking for matching scenarios
2025/07/14 13:10:32.338322 [Simulation:Info:toast@toast-new:Simulation finished] TsunAWI: No matching scenarios
2025/07/14 13:10:32.410590 [Simulation:Info:toast@toast-new:No simulation returned] TsunAWI simulation backend returned no simulation.
2025/07/14 13:10:32.563759 [Simulation:Info:toast@toast-new:Simulation finished] Finished EasyWave2 simulation 66006008S130132E5bcdf21f635584ce8797d8feea87b1538f4b51ae in 9 seconds
2025/07/14 13:10:48.566026 [Simulation:Info:toast@toast-new:Simulation finished] Finished EasyWave2 simulation 66006008S130132Ea2708d8214d40983187bef770bd9e34cb72335e5 in 25 seconds
2025/07/14 13:11:01.251394 [Incident:Info:toast@toast-new:Origin updated] Origin updated: OT: 2025-07-14 05:49:58,  Lat/Lon: -6.2672°/131.325°, Depth: 98.3362
2025/07/14 13:11:01.255578 [Simulation:Info:toast@toast-new:Simulation(s) started] No nodal plane available. Starting Simulation(s) with fault plane, Lat/Lon: -6.27°/ 131.33° (MT), Depth: 98.34km (MT), Mag: 6.68 (MT)
2025/07/14 13:11:01.255958 [Simulation:Info:toast@toast-new:Simulation skipped] EasyWave2 simulation with similar parameters already exists
2025/07/14 13:11:01.256419 [Simulation:Info:toast@toast-new:Simulation running] TsunAWI: Looking for matching scenarios
2025/07/14 13:11:01.260509 [Simulation:Info:toast@toast-new:Simulation finished] TsunAWI: No matching scenarios
2025/07/14 13:11:01.327495 [Simulation:Info:toast@toast-new:No simulation returned] TsunAWI simulation backend returned no simulation.
2025/07/14 15:09:45.482618 [Incident:Info:toast@toast-new:Origin updated] Origin updated: OT: 2025-07-14 05:49:58,  Lat/Lon: -6.2672°/131.325°, Depth: 98.3362
2025/07/14 15:09:45.483018 [Incident:Info:toast@toast-new:Magnitude updated] Magnitude updated: 6.65 (Mw)
2025/07/14 15:09:45.483141 [Incident:Info:toast@toast-new:FM updated] FM updated
2025/07/14 15:09:45.483998 [Simulation:Info:toast@toast-new:Simulation(s) started] Starting simulation(s) with nodal plane 1, Lat/Lon: -6.27°/ 131.33° (MT), Depth: 98.34km (MT), Mag: 6.65 (MT)
2025/07/14 15:09:45.484871 [Simulation:Info:toast@toast-new:Simulation(s) started] Starting simulation(s) with nodal plane 2, Lat/Lon: -6.27°/ 131.33° (MT), Depth: 98.34km (MT), Mag: 6.65 (MT)
2025/07/14 15:09:45.484895 [Simulation:Info:toast@toast-new:Simulation running] TsunAWI: Looking for matching scenarios
2025/07/14 15:09:45.485572 [Simulation:Info:toast@toast-new:Simulation(s) started] Starting simulation(s) with fault plane, Lat/Lon: -6.27°/ 131.33° (MT), Depth: 98.34km (MT), Mag: 6.65 (MT)
2025/07/14 15:09:45.485623 [Simulation:Info:toast@toast-new:Simulation running] TsunAWI: Looking for matching scenarios
2025/07/14 15:09:45.485811 [Simulation:Info:toast@toast-new:Simulation skipped] EasyWave2 simulation with similar parameters already exists
2025/07/14 15:09:45.486155 [Simulation:Info:toast@toast-new:Simulation running] TsunAWI: Looking for matching scenarios
2025/07/14 15:09:45.488184 [Simulation:Info:toast@toast-new:Simulation finished] TsunAWI: No matching scenarios
2025/07/14 15:09:45.488342 [Simulation:Info:toast@toast-new:Simulation finished] TsunAWI: No matching scenarios
2025/07/14 15:09:45.488381 [Simulation:Info:toast@toast-new:Simulation finished] TsunAWI: No matching scenarios
2025/07/14 15:09:45.532727 [Simulation:Info:toast@toast-new:No simulation returned] TsunAWI simulation backend returned no simulation.
2025/07/14 15:09:45.532900 [Simulation:Info:toast@toast-new:No simulation returned] TsunAWI simulation backend returned no simulation.
2025/07/14 15:09:45.533000 [Simulation:Info:toast@toast-new:No simulation returned] TsunAWI simulation backend returned no simulation.
2025/07/14 15:09:45.567173 [Simulation:Info:toast@toast-new:Simulation tracked] Tracking progress of EasyWave2 simulation 66006008S130132E3174d4319e205c3f8f39ae68a930d174a83aafef
2025/07/14 15:09:45.573163 [Simulation:Info:toast@toast-new:Simulation tracked] Tracking progress of EasyWave2 simulation 66006008S130132E7f26b55de9350b402c145601d9f47d5c82808b9d
2025/07/14 15:09:45.578837 [Simulation:Info:toast@toast-new:Simulation tracked] Tracking progress of EasyWave2 simulation 66006008S130132E3ed62f07f61d33d8ee5787735ffa0db3ad81a407
2025/07/14 15:09:45.583633 [Simulation:Info:toast@toast-new:Simulation tracked] Tracking progress of EasyWave2 simulation 66006008S130132Eed6464135efa09ad9863bd1ca1558f39ee9899df
2025/07/14 15:09:54.565199 [Simulation:Info:toast@toast-new:Simulation finished] Finished EasyWave2 simulation 66006008S130132E3174d4319e205c3f8f39ae68a930d174a83aafef in 8 seconds
2025/07/14 15:10:09.589332 [Simulation:Info:toast@toast-new:Simulation finished] Finished EasyWave2 simulation 66006008S130132E7f26b55de9350b402c145601d9f47d5c82808b9d in 24 seconds
2025/07/14 15:10:16.566524 [Simulation:Info:toast@toast-new:Simulation finished] Finished EasyWave2 simulation 66006008S130132E3ed62f07f61d33d8ee5787735ffa0db3ad81a407 in 30 seconds
2025/07/14 15:10:27.565601 [Simulation:Info:toast@toast-new:Simulation finished] Finished EasyWave2 simulation 66006008S130132Eed6464135efa09ad9863bd1ca1558f39ee9899df in 41 seconds
