2025/02/23 11:29:16.003766 [Incident:Info:toast@toast-new:Displacement(s) updated] Added 0 and changed 0 displacements with 0 amplitudes
2025/02/23 11:29:16.039864 [Incident:Info:toast@toast-new:Incident created] Incident created based on event received from messaging: OT: 2025-02-23 04:24:45,  Lat/Lon: -2.24°/92.05°, Depth: 10.00, Mag: 5.60 (M)
2025/02/23 11:29:16.040186 [Simulation:Info:toast@toast-new:Simulation not generated] Magnitude 5.60 of event bmg2025dtek is smaller than triggerMinMagnitude: no automatic simulation
2025/02/23 11:29:16.066676 [Incident:Info:toast@toast-new:Origin updated] Origin updated: OT: 2025-02-23 04:24:45,  Lat/Lon: -2.24046°/92.0545°, Depth: 10
2025/02/23 11:29:16.066760 [Simulation:Info:toast@toast-new:Simulation not generated] Magnitude 5.60 of event bmg2025dtek is smaller than triggerMinMagnitude: no automatic simulation
2025/02/23 11:29:16.158398 [Incident:Info:toast@toast-new:Origin updated] Origin updated: OT: 2025-02-23 04:24:45,  Lat/Lon: -2.24046°/92.0545°, Depth: 10
2025/02/23 11:29:16.158489 [Incident:Info:toast@toast-new:Magnitude updated] Magnitude updated: 5.62 (M)
2025/02/23 11:29:16.158508 [Simulation:Info:toast@toast-new:Simulation not generated] Magnitude 5.62 of event bmg2025dtek is smaller than triggerMinMagnitude: no automatic simulation
2025/02/23 11:29:21.150921 [Incident:Info:toast@toast-new:Origin updated] Origin updated: OT: 2025-02-23 04:24:45,  Lat/Lon: -2.24046°/92.0545°, Depth: 10
2025/02/23 11:29:21.151049 [Incident:Info:toast@toast-new:Magnitude updated] Magnitude updated: 5.65 (M)
2025/02/23 11:29:21.151070 [Simulation:Info:toast@toast-new:Simulation not generated] Magnitude 5.65 of event bmg2025dtek is smaller than triggerMinMagnitude: no automatic simulation
2025/02/23 11:29:26.162364 [Incident:Info:toast@toast-new:Origin updated] Origin updated: OT: 2025-02-23 04:24:45,  Lat/Lon: -2.24046°/92.0545°, Depth: 10
2025/02/23 11:29:26.162493 [Incident:Info:toast@toast-new:Magnitude updated] Magnitude updated: 5.66 (M)
2025/02/23 11:29:26.162525 [Simulation:Info:toast@toast-new:Simulation not generated] Magnitude 5.66 of event bmg2025dtek is smaller than triggerMinMagnitude: no automatic simulation
2025/02/23 11:29:31.217750 [Incident:Info:toast@toast-new:Origin updated] Origin updated: OT: 2025-02-23 04:24:45,  Lat/Lon: -2.24046°/92.0545°, Depth: 10
2025/02/23 11:29:31.217842 [Incident:Info:toast@toast-new:Magnitude updated] Magnitude updated: 5.69 (M)
2025/02/23 11:29:31.217864 [Simulation:Info:toast@toast-new:Simulation not generated] Magnitude 5.69 of event bmg2025dtek is smaller than triggerMinMagnitude: no automatic simulation
2025/02/23 11:29:36.143476 [Incident:Info:toast@toast-new:Origin updated] Origin updated: OT: 2025-02-23 04:24:45,  Lat/Lon: -2.24046°/92.0545°, Depth: 10
2025/02/23 11:29:36.143591 [Incident:Info:toast@toast-new:Magnitude updated] Magnitude updated: 5.69 (M)
2025/02/23 11:29:36.143612 [Simulation:Info:toast@toast-new:Simulation not generated] Magnitude 5.69 of event bmg2025dtek is smaller than triggerMinMagnitude: no automatic simulation
2025/02/23 11:29:41.155306 [Incident:Info:toast@toast-new:Origin updated] Origin updated: OT: 2025-02-23 04:24:45,  Lat/Lon: -2.24046°/92.0545°, Depth: 10
2025/02/23 11:29:41.155447 [Incident:Info:toast@toast-new:Magnitude updated] Magnitude updated: 5.69 (M)
2025/02/23 11:29:41.155470 [Simulation:Info:toast@toast-new:Simulation not generated] Magnitude 5.69 of event bmg2025dtek is smaller than triggerMinMagnitude: no automatic simulation
2025/02/23 11:29:46.147634 [Incident:Info:toast@toast-new:Origin updated] Origin updated: OT: 2025-02-23 04:24:45,  Lat/Lon: -2.24046°/92.0545°, Depth: 10
2025/02/23 11:29:46.147752 [Incident:Info:toast@toast-new:Magnitude updated] Magnitude updated: 5.76 (M)
2025/02/23 11:29:46.147786 [Simulation:Info:toast@toast-new:Simulation not generated] Magnitude 5.76 of event bmg2025dtek is smaller than triggerMinMagnitude: no automatic simulation
2025/02/23 11:29:51.146497 [Incident:Info:toast@toast-new:Origin updated] Origin updated: OT: 2025-02-23 04:24:45,  Lat/Lon: -2.24046°/92.0545°, Depth: 10
2025/02/23 11:29:51.146630 [Incident:Info:toast@toast-new:Magnitude updated] Magnitude updated: 5.77 (M)
2025/02/23 11:29:51.146651 [Simulation:Info:toast@toast-new:Simulation not generated] Magnitude 5.77 of event bmg2025dtek is smaller than triggerMinMagnitude: no automatic simulation
2025/02/23 11:30:10.929795 [Incident:Info:toast@toast-new:Origin updated] Origin updated: OT: 2025-02-23 04:24:45,  Lat/Lon: -2.24046°/92.0545°, Depth: 10
2025/02/23 11:30:10.929910 [Incident:Info:toast@toast-new:Magnitude updated] Magnitude updated: 5.75 (M)
2025/02/23 11:30:10.929942 [Simulation:Info:toast@toast-new:Simulation not generated] Magnitude 5.75 of event bmg2025dtek is smaller than triggerMinMagnitude: no automatic simulation
2025/02/23 11:30:16.145441 [Incident:Info:toast@toast-new:Origin updated] Origin updated: OT: 2025-02-23 04:24:45,  Lat/Lon: -2.24046°/92.0545°, Depth: 10
2025/02/23 11:30:16.145571 [Incident:Info:toast@toast-new:Magnitude updated] Magnitude updated: 5.75 (M)
2025/02/23 11:30:16.145593 [Simulation:Info:toast@toast-new:Simulation not generated] Magnitude 5.75 of event bmg2025dtek is smaller than triggerMinMagnitude: no automatic simulation
2025/02/23 11:30:21.145830 [Incident:Info:toast@toast-new:Origin updated] Origin updated: OT: 2025-02-23 04:24:45,  Lat/Lon: -2.24046°/92.0545°, Depth: 10
2025/02/23 11:30:21.145952 [Incident:Info:toast@toast-new:Magnitude updated] Magnitude updated: 5.75 (M)
2025/02/23 11:30:21.145974 [Simulation:Info:toast@toast-new:Simulation not generated] Magnitude 5.75 of event bmg2025dtek is smaller than triggerMinMagnitude: no automatic simulation
2025/02/23 11:30:26.145247 [Incident:Info:toast@toast-new:Origin updated] Origin updated: OT: 2025-02-23 04:24:45,  Lat/Lon: -2.24046°/92.0545°, Depth: 10
2025/02/23 11:30:26.145367 [Incident:Info:toast@toast-new:Magnitude updated] Magnitude updated: 5.75 (M)
2025/02/23 11:30:26.145389 [Simulation:Info:toast@toast-new:Simulation not generated] Magnitude 5.75 of event bmg2025dtek is smaller than triggerMinMagnitude: no automatic simulation
2025/02/23 11:30:30.379557 [Incident:Info:toast@toast-new:Origin updated] Origin updated: OT: 2025-02-23 04:27:12,  Lat/Lon: -6.59658°/102.185°, Depth: 10
2025/02/23 11:30:30.379787 [Incident:Info:toast@toast-new:Magnitude updated] Magnitude updated: 5.16 (M)
2025/02/23 11:30:30.379836 [Simulation:Info:toast@toast-new:Simulation not generated] Magnitude 5.16 of event bmg2025dtek is smaller than triggerMinMagnitude: no automatic simulation
2025/02/23 11:30:31.111916 [Incident:Info:toast@toast-new:Origin updated] Origin updated: OT: 2025-02-23 04:27:12,  Lat/Lon: -6.59658°/102.185°, Depth: 10
2025/02/23 11:30:31.112057 [Incident:Info:toast@toast-new:Magnitude updated] Magnitude updated: 5.16 (M)
2025/02/23 11:30:31.112080 [Simulation:Info:toast@toast-new:Simulation not generated] Magnitude 5.16 of event bmg2025dtek is smaller than triggerMinMagnitude: no automatic simulation
2025/02/23 11:30:36.190877 [Incident:Info:toast@toast-new:Origin updated] Origin updated: OT: 2025-02-23 04:27:12,  Lat/Lon: -6.59658°/102.185°, Depth: 10
2025/02/23 11:30:36.191061 [Incident:Info:toast@toast-new:Magnitude updated] Magnitude updated: 5.15 (M)
2025/02/23 11:30:36.191107 [Simulation:Info:toast@toast-new:Simulation not generated] Magnitude 5.15 of event bmg2025dtek is smaller than triggerMinMagnitude: no automatic simulation
2025/02/23 11:30:41.177520 [Incident:Info:toast@toast-new:Origin updated] Origin updated: OT: 2025-02-23 04:27:12,  Lat/Lon: -6.59658°/102.185°, Depth: 10
2025/02/23 11:30:41.177695 [Incident:Info:toast@toast-new:Magnitude updated] Magnitude updated: 5.13 (M)
2025/02/23 11:30:41.177751 [Simulation:Info:toast@toast-new:Simulation not generated] Magnitude 5.13 of event bmg2025dtek is smaller than triggerMinMagnitude: no automatic simulation
2025/02/23 11:30:46.228294 [Incident:Info:toast@toast-new:Origin updated] Origin updated: OT: 2025-02-23 04:27:12,  Lat/Lon: -6.59658°/102.185°, Depth: 10
2025/02/23 11:30:46.228489 [Incident:Info:toast@toast-new:Magnitude updated] Magnitude updated: 5.14 (M)
2025/02/23 11:30:46.228548 [Simulation:Info:toast@toast-new:Simulation not generated] Magnitude 5.14 of event bmg2025dtek is smaller than triggerMinMagnitude: no automatic simulation
2025/02/23 11:30:51.164297 [Incident:Info:toast@toast-new:Origin updated] Origin updated: OT: 2025-02-23 04:27:12,  Lat/Lon: -6.59658°/102.185°, Depth: 10
2025/02/23 11:30:51.164465 [Incident:Info:toast@toast-new:Magnitude updated] Magnitude updated: 5.16 (M)
2025/02/23 11:30:51.164517 [Simulation:Info:toast@toast-new:Simulation not generated] Magnitude 5.16 of event bmg2025dtek is smaller than triggerMinMagnitude: no automatic simulation
2025/02/23 11:31:01.208456 [Incident:Info:toast@toast-new:Origin updated] Origin updated: OT: 2025-02-23 04:27:12,  Lat/Lon: -6.59658°/102.185°, Depth: 10
2025/02/23 11:31:01.208658 [Incident:Info:toast@toast-new:Magnitude updated] Magnitude updated: 5.17 (M)
2025/02/23 11:31:01.208701 [Simulation:Info:toast@toast-new:Simulation not generated] Magnitude 5.17 of event bmg2025dtek is smaller than triggerMinMagnitude: no automatic simulation
2025/02/23 11:31:10.894373 [Incident:Info:toast@toast-new:Origin updated] Origin updated: OT: 2025-02-23 04:27:12,  Lat/Lon: -6.59658°/102.185°, Depth: 10
2025/02/23 11:31:10.894576 [Incident:Info:toast@toast-new:Magnitude updated] Magnitude updated: 5.17 (M)
2025/02/23 11:31:10.894624 [Simulation:Info:toast@toast-new:Simulation not generated] Magnitude 5.17 of event bmg2025dtek is smaller than triggerMinMagnitude: no automatic simulation
2025/02/23 11:31:11.284182 [Incident:Info:toast@toast-new:Origin updated] Origin updated: OT: 2025-02-23 04:27:12,  Lat/Lon: -6.61085°/102.187°, Depth: 10
2025/02/23 11:31:11.284291 [Incident:Info:toast@toast-new:Magnitude updated] Magnitude updated: 5.17 (M)
2025/02/23 11:31:11.284310 [Simulation:Info:toast@toast-new:Simulation not generated] Magnitude 5.17 of event bmg2025dtek is smaller than triggerMinMagnitude: no automatic simulation
2025/02/23 11:31:16.261907 [Incident:Info:toast@toast-new:Origin updated] Origin updated: OT: 2025-02-23 04:27:12,  Lat/Lon: -6.61085°/102.187°, Depth: 10
2025/02/23 11:31:16.262100 [Incident:Info:toast@toast-new:Magnitude updated] Magnitude updated: 5.17 (M)
2025/02/23 11:31:16.262141 [Simulation:Info:toast@toast-new:Simulation not generated] Magnitude 5.17 of event bmg2025dtek is smaller than triggerMinMagnitude: no automatic simulation
2025/02/23 11:31:21.259078 [Incident:Info:toast@toast-new:Origin updated] Origin updated: OT: 2025-02-23 04:27:12,  Lat/Lon: -6.61085°/102.187°, Depth: 10
2025/02/23 11:31:21.259273 [Incident:Info:toast@toast-new:Magnitude updated] Magnitude updated: 5.17 (M)
2025/02/23 11:31:21.259319 [Simulation:Info:toast@toast-new:Simulation not generated] Magnitude 5.17 of event bmg2025dtek is smaller than triggerMinMagnitude: no automatic simulation
2025/02/23 11:31:26.204954 [Incident:Info:toast@toast-new:Origin updated] Origin updated: OT: 2025-02-23 04:27:12,  Lat/Lon: -6.61085°/102.187°, Depth: 10
2025/02/23 11:31:26.205175 [Incident:Info:toast@toast-new:Magnitude updated] Magnitude updated: 5.17 (M)
2025/02/23 11:31:26.205231 [Simulation:Info:toast@toast-new:Simulation not generated] Magnitude 5.17 of event bmg2025dtek is smaller than triggerMinMagnitude: no automatic simulation
2025/02/23 11:31:31.130210 [Incident:Info:toast@toast-new:Origin updated] Origin updated: OT: 2025-02-23 04:27:12,  Lat/Lon: -6.61085°/102.187°, Depth: 10
2025/02/23 11:31:31.130382 [Incident:Info:toast@toast-new:Magnitude updated] Magnitude updated: 5.15 (M)
2025/02/23 11:31:31.130439 [Simulation:Info:toast@toast-new:Simulation not generated] Magnitude 5.15 of event bmg2025dtek is smaller than triggerMinMagnitude: no automatic simulation
2025/02/23 11:31:41.216841 [Incident:Info:toast@toast-new:Origin updated] Origin updated: OT: 2025-02-23 04:27:12,  Lat/Lon: -6.61085°/102.187°, Depth: 10
2025/02/23 11:31:41.217034 [Incident:Info:toast@toast-new:Magnitude updated] Magnitude updated: 5.15 (M)
2025/02/23 11:31:41.217096 [Simulation:Info:toast@toast-new:Simulation not generated] Magnitude 5.15 of event bmg2025dtek is smaller than triggerMinMagnitude: no automatic simulation
2025/02/23 11:31:46.221343 [Incident:Info:toast@toast-new:Origin updated] Origin updated: OT: 2025-02-23 04:27:12,  Lat/Lon: -6.61085°/102.187°, Depth: 10
2025/02/23 11:31:46.221569 [Incident:Info:toast@toast-new:Magnitude updated] Magnitude updated: 5.15 (M)
2025/02/23 11:31:46.221647 [Simulation:Info:toast@toast-new:Simulation not generated] Magnitude 5.15 of event bmg2025dtek is smaller than triggerMinMagnitude: no automatic simulation
2025/02/23 11:31:51.133257 [Incident:Info:toast@toast-new:Origin updated] Origin updated: OT: 2025-02-23 04:27:12,  Lat/Lon: -6.61085°/102.187°, Depth: 10
2025/02/23 11:31:51.133440 [Incident:Info:toast@toast-new:Magnitude updated] Magnitude updated: 5.13 (M)
2025/02/23 11:31:51.133479 [Simulation:Info:toast@toast-new:Simulation not generated] Magnitude 5.13 of event bmg2025dtek is smaller than triggerMinMagnitude: no automatic simulation
2025/02/23 11:31:54.450580 [Incident:Info:toast@toast-new:Origin updated] Origin updated: OT: 2025-02-23 04:27:12,  Lat/Lon: -6.62685°/102.188°, Depth: 10
2025/02/23 11:31:54.450779 [Incident:Info:toast@toast-new:Magnitude updated] Magnitude updated: 5.11 (M)
2025/02/23 11:31:54.450820 [Simulation:Info:toast@toast-new:Simulation not generated] Magnitude 5.11 of event bmg2025dtek is smaller than triggerMinMagnitude: no automatic simulation
2025/02/23 11:32:15.050278 [Incident:Info:toast@toast-new:Origin updated] Origin updated: OT: 2025-02-23 04:27:12,  Lat/Lon: -6.64185°/102.179°, Depth: 10
2025/02/23 11:32:15.050463 [Incident:Info:toast@toast-new:Magnitude updated] Magnitude updated: 5.10 (Mw(mB))
2025/02/23 11:32:15.050507 [Simulation:Info:toast@toast-new:Simulation not generated] Magnitude 5.10 of event bmg2025dtek is smaller than triggerMinMagnitude: no automatic simulation
2025/02/23 11:32:16.606293 [Incident:Info:toast@toast-new:Origin updated] Origin updated: OT: 2025-02-23 04:27:12,  Lat/Lon: -6.577°/102.208°, Depth: 5
2025/02/23 11:32:16.606521 [Incident:Info:toast@toast-new:Magnitude updated] Magnitude updated: 5.31 (mb)
2025/02/23 11:32:16.606581 [Simulation:Info:toast@toast-new:Simulation not generated] Magnitude 5.31 of event bmg2025dtek is smaller than triggerMinMagnitude: no automatic simulation
2025/02/23 11:32:16.668666 [Incident:Info:toast@toast-new:Origin updated] Origin updated: OT: 2025-02-23 04:27:12,  Lat/Lon: -6.577°/102.208°, Depth: 5
2025/02/23 11:32:16.668782 [Incident:Info:toast@toast-new:Magnitude updated] Magnitude updated: 5.12 (M)
2025/02/23 11:32:16.668813 [Simulation:Info:toast@toast-new:Simulation not generated] Magnitude 5.12 of event bmg2025dtek is smaller than triggerMinMagnitude: no automatic simulation
2025/02/23 11:36:02.317115 [Incident:Info:toast@toast-new:Origin updated] Origin updated: OT: 2025-02-23 04:27:12,  Lat/Lon: -6.577°/102.208°, Depth: 5
2025/02/23 11:36:02.317316 [Incident:Info:toast@toast-new:FM updated] FM updated
2025/02/23 11:36:02.317582 [Simulation:Info:toast@toast-new:Simulation not generated] Magnitude 5.12 of event bmg2025dtek is smaller than triggerMinMagnitude: no automatic simulation
