2025/02/02 03:26:13.741910 [Incident:Info:toast@toast-new:Displacement(s) updated] Added 0 and changed 0 displacements with 0 amplitudes
2025/02/02 03:26:13.771291 [Incident:Info:toast@toast-new:Incident created] Incident created based on event received from messaging: OT: 2025-02-01 20:24:33,  Lat/Lon: -4.44°/134.51°, Depth: 10.00, Mag: 5.03 (M)
2025/02/02 03:26:13.771656 [Simulation:Info:toast@toast-new:Simulation not generated] Magnitude 5.03 of event bmg2025cgez is smaller than triggerMinMagnitude: no automatic simulation
2025/02/02 03:26:13.782827 [Incident:Info:toast@toast-new:Origin updated] Origin updated: OT: 2025-02-01 20:24:33,  Lat/Lon: -4.43917°/134.508°, Depth: 10
2025/02/02 03:26:13.782920 [Simulation:Info:toast@toast-new:Simulation not generated] Magnitude 5.03 of event bmg2025cgez is smaller than triggerMinMagnitude: no automatic simulation
2025/02/02 03:26:16.408136 [Incident:Info:toast@toast-new:Origin updated] Origin updated: OT: 2025-02-01 20:24:33,  Lat/Lon: -4.43917°/134.508°, Depth: 10
2025/02/02 03:26:16.408309 [Incident:Info:toast@toast-new:Magnitude updated] Magnitude updated: 5.03 (M)
2025/02/02 03:26:16.408342 [Simulation:Info:toast@toast-new:Simulation not generated] Magnitude 5.03 of event bmg2025cgez is smaller than triggerMinMagnitude: no automatic simulation
2025/02/02 03:26:21.432931 [Incident:Info:toast@toast-new:Origin updated] Origin updated: OT: 2025-02-01 20:24:33,  Lat/Lon: -4.43917°/134.508°, Depth: 10
2025/02/02 03:26:21.433113 [Incident:Info:toast@toast-new:Magnitude updated] Magnitude updated: 5.04 (M)
2025/02/02 03:26:21.433158 [Simulation:Info:toast@toast-new:Simulation not generated] Magnitude 5.04 of event bmg2025cgez is smaller than triggerMinMagnitude: no automatic simulation
2025/02/02 03:26:23.086407 [Incident:Info:toast@toast-new:Origin updated] Origin updated: OT: 2025-02-01 20:24:33,  Lat/Lon: -4.49731°/134.515°, Depth: 10
2025/02/02 03:26:23.086618 [Incident:Info:toast@toast-new:Magnitude updated] Magnitude updated: 5.32 (M)
2025/02/02 03:26:23.086697 [Simulation:Info:toast@toast-new:Simulation not generated] Magnitude 5.32 of event bmg2025cgez is smaller than triggerMinMagnitude: no automatic simulation
2025/02/02 03:26:31.423505 [Incident:Info:toast@toast-new:Origin updated] Origin updated: OT: 2025-02-01 20:24:33,  Lat/Lon: -4.49731°/134.515°, Depth: 10
2025/02/02 03:26:31.423694 [Incident:Info:toast@toast-new:Magnitude updated] Magnitude updated: 5.32 (M)
2025/02/02 03:26:31.423729 [Simulation:Info:toast@toast-new:Simulation not generated] Magnitude 5.32 of event bmg2025cgez is smaller than triggerMinMagnitude: no automatic simulation
2025/02/02 03:26:34.724694 [Incident:Info:toast@toast-new:Origin updated] Origin updated: OT: 2025-02-01 20:24:33,  Lat/Lon: -4.49731°/134.515°, Depth: 10
2025/02/02 03:26:34.724876 [Incident:Info:toast@toast-new:Magnitude updated] Magnitude updated: 5.33 (M)
2025/02/02 03:26:34.724917 [Simulation:Info:toast@toast-new:Simulation not generated] Magnitude 5.33 of event bmg2025cgez is smaller than triggerMinMagnitude: no automatic simulation
2025/02/02 03:26:34.743993 [Incident:Info:toast@toast-new:Origin updated] Origin updated: OT: 2025-02-01 20:24:33,  Lat/Lon: -4.51057°/134.515°, Depth: 10
2025/02/02 03:26:34.744147 [Incident:Info:toast@toast-new:Magnitude updated] Magnitude updated: 5.27 (M)
2025/02/02 03:26:34.744172 [Simulation:Info:toast@toast-new:Simulation not generated] Magnitude 5.27 of event bmg2025cgez is smaller than triggerMinMagnitude: no automatic simulation
2025/02/02 03:26:36.430487 [Incident:Info:toast@toast-new:Origin updated] Origin updated: OT: 2025-02-01 20:24:33,  Lat/Lon: -4.51057°/134.515°, Depth: 10
2025/02/02 03:26:36.430680 [Incident:Info:toast@toast-new:Magnitude updated] Magnitude updated: 5.27 (M)
2025/02/02 03:26:36.430728 [Simulation:Info:toast@toast-new:Simulation not generated] Magnitude 5.27 of event bmg2025cgez is smaller than triggerMinMagnitude: no automatic simulation
2025/02/02 03:26:41.445517 [Incident:Info:toast@toast-new:Origin updated] Origin updated: OT: 2025-02-01 20:24:33,  Lat/Lon: -4.51057°/134.515°, Depth: 10
2025/02/02 03:26:41.445739 [Incident:Info:toast@toast-new:Magnitude updated] Magnitude updated: 5.27 (M)
2025/02/02 03:26:41.445781 [Simulation:Info:toast@toast-new:Simulation not generated] Magnitude 5.27 of event bmg2025cgez is smaller than triggerMinMagnitude: no automatic simulation
2025/02/02 03:26:46.437857 [Incident:Info:toast@toast-new:Origin updated] Origin updated: OT: 2025-02-01 20:24:33,  Lat/Lon: -4.51057°/134.515°, Depth: 10
2025/02/02 03:26:46.438030 [Incident:Info:toast@toast-new:Magnitude updated] Magnitude updated: 5.28 (M)
2025/02/02 03:26:46.438063 [Simulation:Info:toast@toast-new:Simulation not generated] Magnitude 5.28 of event bmg2025cgez is smaller than triggerMinMagnitude: no automatic simulation
2025/02/02 03:26:51.218950 [Incident:Info:toast@toast-new:Origin updated] Origin updated: OT: 2025-02-01 20:24:33,  Lat/Lon: -4.5107°/134.527°, Depth: 10
2025/02/02 03:26:51.219147 [Incident:Info:toast@toast-new:Magnitude updated] Magnitude updated: 5.29 (M)
2025/02/02 03:26:51.219192 [Simulation:Info:toast@toast-new:Simulation not generated] Magnitude 5.29 of event bmg2025cgez is smaller than triggerMinMagnitude: no automatic simulation
2025/02/02 03:26:56.484046 [Incident:Info:toast@toast-new:Origin updated] Origin updated: OT: 2025-02-01 20:24:33,  Lat/Lon: -4.5107°/134.527°, Depth: 10
2025/02/02 03:26:56.484229 [Incident:Info:toast@toast-new:Magnitude updated] Magnitude updated: 5.29 (M)
2025/02/02 03:26:56.484270 [Simulation:Info:toast@toast-new:Simulation not generated] Magnitude 5.29 of event bmg2025cgez is smaller than triggerMinMagnitude: no automatic simulation
2025/02/02 03:27:01.474960 [Incident:Info:toast@toast-new:Origin updated] Origin updated: OT: 2025-02-01 20:24:33,  Lat/Lon: -4.5107°/134.527°, Depth: 10
2025/02/02 03:27:01.475129 [Incident:Info:toast@toast-new:Magnitude updated] Magnitude updated: 5.31 (M)
2025/02/02 03:27:01.475159 [Simulation:Info:toast@toast-new:Simulation not generated] Magnitude 5.31 of event bmg2025cgez is smaller than triggerMinMagnitude: no automatic simulation
2025/02/02 03:27:06.495834 [Incident:Info:toast@toast-new:Origin updated] Origin updated: OT: 2025-02-01 20:24:33,  Lat/Lon: -4.5107°/134.527°, Depth: 10
2025/02/02 03:27:06.496033 [Incident:Info:toast@toast-new:Magnitude updated] Magnitude updated: 5.34 (M)
2025/02/02 03:27:06.496073 [Simulation:Info:toast@toast-new:Simulation not generated] Magnitude 5.34 of event bmg2025cgez is smaller than triggerMinMagnitude: no automatic simulation
2025/02/02 03:27:11.327786 [Incident:Info:toast@toast-new:Origin updated] Origin updated: OT: 2025-02-01 20:24:33,  Lat/Lon: -4.49112°/134.522°, Depth: 10
2025/02/02 03:27:11.327967 [Incident:Info:toast@toast-new:Magnitude updated] Magnitude updated: 5.33 (M)
2025/02/02 03:27:11.327998 [Simulation:Info:toast@toast-new:Simulation not generated] Magnitude 5.33 of event bmg2025cgez is smaller than triggerMinMagnitude: no automatic simulation
2025/02/02 03:27:16.589737 [Incident:Info:toast@toast-new:Origin updated] Origin updated: OT: 2025-02-01 20:24:33,  Lat/Lon: -4.49112°/134.522°, Depth: 10
2025/02/02 03:27:16.589929 [Incident:Info:toast@toast-new:Magnitude updated] Magnitude updated: 5.31 (M)
2025/02/02 03:27:16.589972 [Simulation:Info:toast@toast-new:Simulation not generated] Magnitude 5.31 of event bmg2025cgez is smaller than triggerMinMagnitude: no automatic simulation
2025/02/02 03:27:21.534329 [Incident:Info:toast@toast-new:Origin updated] Origin updated: OT: 2025-02-01 20:24:33,  Lat/Lon: -4.49112°/134.522°, Depth: 10
2025/02/02 03:27:21.534501 [Incident:Info:toast@toast-new:Magnitude updated] Magnitude updated: 5.29 (M)
2025/02/02 03:27:21.534535 [Simulation:Info:toast@toast-new:Simulation not generated] Magnitude 5.29 of event bmg2025cgez is smaller than triggerMinMagnitude: no automatic simulation
2025/02/02 03:27:26.493745 [Incident:Info:toast@toast-new:Origin updated] Origin updated: OT: 2025-02-01 20:24:33,  Lat/Lon: -4.49112°/134.522°, Depth: 10
2025/02/02 03:27:26.493933 [Incident:Info:toast@toast-new:Magnitude updated] Magnitude updated: 5.29 (M)
2025/02/02 03:27:26.493982 [Simulation:Info:toast@toast-new:Simulation not generated] Magnitude 5.29 of event bmg2025cgez is smaller than triggerMinMagnitude: no automatic simulation
2025/02/02 03:27:31.385966 [Incident:Info:toast@toast-new:Origin updated] Origin updated: OT: 2025-02-01 20:24:33,  Lat/Lon: -4.49112°/134.522°, Depth: 10
2025/02/02 03:27:31.386146 [Incident:Info:toast@toast-new:Magnitude updated] Magnitude updated: 5.27 (M)
2025/02/02 03:27:31.386180 [Simulation:Info:toast@toast-new:Simulation not generated] Magnitude 5.27 of event bmg2025cgez is smaller than triggerMinMagnitude: no automatic simulation
2025/02/02 03:27:31.429676 [Incident:Info:toast@toast-new:Origin updated] Origin updated: OT: 2025-02-01 20:24:33,  Lat/Lon: -4.5034°/134.517°, Depth: 10
2025/02/02 03:27:31.429821 [Incident:Info:toast@toast-new:Magnitude updated] Magnitude updated: 5.29 (M)
2025/02/02 03:27:31.429855 [Simulation:Info:toast@toast-new:Simulation not generated] Magnitude 5.29 of event bmg2025cgez is smaller than triggerMinMagnitude: no automatic simulation
2025/02/02 03:27:36.577200 [Incident:Info:toast@toast-new:Origin updated] Origin updated: OT: 2025-02-01 20:24:33,  Lat/Lon: -4.5034°/134.517°, Depth: 10
2025/02/02 03:27:36.577388 [Incident:Info:toast@toast-new:Magnitude updated] Magnitude updated: 5.29 (M)
2025/02/02 03:27:36.577420 [Simulation:Info:toast@toast-new:Simulation not generated] Magnitude 5.29 of event bmg2025cgez is smaller than triggerMinMagnitude: no automatic simulation
2025/02/02 03:27:41.578725 [Incident:Info:toast@toast-new:Origin updated] Origin updated: OT: 2025-02-01 20:24:33,  Lat/Lon: -4.5034°/134.517°, Depth: 10
2025/02/02 03:27:41.578944 [Incident:Info:toast@toast-new:Magnitude updated] Magnitude updated: 5.29 (M)
2025/02/02 03:27:41.579001 [Simulation:Info:toast@toast-new:Simulation not generated] Magnitude 5.29 of event bmg2025cgez is smaller than triggerMinMagnitude: no automatic simulation
2025/02/02 03:27:46.438937 [Incident:Info:toast@toast-new:Origin updated] Origin updated: OT: 2025-02-01 20:24:33,  Lat/Lon: -4.5034°/134.517°, Depth: 10
2025/02/02 03:27:46.439161 [Incident:Info:toast@toast-new:Magnitude updated] Magnitude updated: 5.29 (M)
2025/02/02 03:27:46.439216 [Simulation:Info:toast@toast-new:Simulation not generated] Magnitude 5.29 of event bmg2025cgez is smaller than triggerMinMagnitude: no automatic simulation
2025/02/02 03:27:51.519858 [Incident:Info:toast@toast-new:Origin updated] Origin updated: OT: 2025-02-01 20:24:33,  Lat/Lon: -4.5034°/134.517°, Depth: 10
2025/02/02 03:27:51.520031 [Incident:Info:toast@toast-new:Magnitude updated] Magnitude updated: 5.29 (M)
2025/02/02 03:27:51.520063 [Simulation:Info:toast@toast-new:Simulation not generated] Magnitude 5.29 of event bmg2025cgez is smaller than triggerMinMagnitude: no automatic simulation
2025/02/02 03:27:52.545832 [Incident:Info:toast@toast-new:Origin updated] Origin updated: OT: 2025-02-01 20:24:33,  Lat/Lon: -4.5034°/134.517°, Depth: 10
2025/02/02 03:27:52.545981 [Incident:Info:toast@toast-new:Magnitude updated] Magnitude updated: 5.29 (M)
2025/02/02 03:27:52.546009 [Simulation:Info:toast@toast-new:Simulation not generated] Magnitude 5.29 of event bmg2025cgez is smaller than triggerMinMagnitude: no automatic simulation
2025/02/02 03:27:52.560530 [Incident:Info:toast@toast-new:Origin updated] Origin updated: OT: 2025-02-01 20:24:33,  Lat/Lon: -4.50803°/134.516°, Depth: 10
2025/02/02 03:27:52.560646 [Incident:Info:toast@toast-new:Magnitude updated] Magnitude updated: 5.30 (M)
2025/02/02 03:27:52.560667 [Simulation:Info:toast@toast-new:Simulation not generated] Magnitude 5.30 of event bmg2025cgez is smaller than triggerMinMagnitude: no automatic simulation
2025/02/02 03:27:56.486084 [Incident:Info:toast@toast-new:Origin updated] Origin updated: OT: 2025-02-01 20:24:33,  Lat/Lon: -4.50803°/134.516°, Depth: 10
2025/02/02 03:27:56.486258 [Incident:Info:toast@toast-new:Magnitude updated] Magnitude updated: 5.30 (M)
2025/02/02 03:27:56.486294 [Simulation:Info:toast@toast-new:Simulation not generated] Magnitude 5.30 of event bmg2025cgez is smaller than triggerMinMagnitude: no automatic simulation
2025/02/02 03:28:01.541034 [Incident:Info:toast@toast-new:Origin updated] Origin updated: OT: 2025-02-01 20:24:33,  Lat/Lon: -4.50803°/134.516°, Depth: 10
2025/02/02 03:28:01.541259 [Incident:Info:toast@toast-new:Magnitude updated] Magnitude updated: 5.30 (M)
2025/02/02 03:28:01.541314 [Simulation:Info:toast@toast-new:Simulation not generated] Magnitude 5.30 of event bmg2025cgez is smaller than triggerMinMagnitude: no automatic simulation
2025/02/02 03:28:06.553824 [Incident:Info:toast@toast-new:Origin updated] Origin updated: OT: 2025-02-01 20:24:33,  Lat/Lon: -4.50803°/134.516°, Depth: 10
2025/02/02 03:28:06.553997 [Incident:Info:toast@toast-new:Magnitude updated] Magnitude updated: 5.31 (M)
2025/02/02 03:28:06.554028 [Simulation:Info:toast@toast-new:Simulation not generated] Magnitude 5.31 of event bmg2025cgez is smaller than triggerMinMagnitude: no automatic simulation
2025/02/02 03:28:11.521861 [Incident:Info:toast@toast-new:Origin updated] Origin updated: OT: 2025-02-01 20:24:33,  Lat/Lon: -4.50803°/134.516°, Depth: 10
2025/02/02 03:28:11.522032 [Incident:Info:toast@toast-new:Magnitude updated] Magnitude updated: 5.31 (M)
2025/02/02 03:28:11.522062 [Simulation:Info:toast@toast-new:Simulation not generated] Magnitude 5.31 of event bmg2025cgez is smaller than triggerMinMagnitude: no automatic simulation
2025/02/02 03:28:16.467285 [Incident:Info:toast@toast-new:Origin updated] Origin updated: OT: 2025-02-01 20:24:33,  Lat/Lon: -4.50975°/134.515°, Depth: 10
2025/02/02 03:28:16.467487 [Incident:Info:toast@toast-new:Magnitude updated] Magnitude updated: 5.28 (M)
2025/02/02 03:28:16.467530 [Simulation:Info:toast@toast-new:Simulation not generated] Magnitude 5.28 of event bmg2025cgez is smaller than triggerMinMagnitude: no automatic simulation
2025/02/02 03:28:21.572294 [Incident:Info:toast@toast-new:Origin updated] Origin updated: OT: 2025-02-01 20:24:33,  Lat/Lon: -4.50975°/134.515°, Depth: 10
2025/02/02 03:28:21.572495 [Incident:Info:toast@toast-new:Magnitude updated] Magnitude updated: 5.28 (M)
2025/02/02 03:28:21.572539 [Simulation:Info:toast@toast-new:Simulation not generated] Magnitude 5.28 of event bmg2025cgez is smaller than triggerMinMagnitude: no automatic simulation
2025/02/02 03:28:26.576984 [Incident:Info:toast@toast-new:Origin updated] Origin updated: OT: 2025-02-01 20:24:33,  Lat/Lon: -4.50975°/134.515°, Depth: 10
2025/02/02 03:28:26.577162 [Incident:Info:toast@toast-new:Magnitude updated] Magnitude updated: 5.27 (M)
2025/02/02 03:28:26.577196 [Simulation:Info:toast@toast-new:Simulation not generated] Magnitude 5.27 of event bmg2025cgez is smaller than triggerMinMagnitude: no automatic simulation
2025/02/02 03:28:31.494340 [Incident:Info:toast@toast-new:Origin updated] Origin updated: OT: 2025-02-01 20:24:33,  Lat/Lon: -4.50975°/134.515°, Depth: 10
2025/02/02 03:28:31.494536 [Incident:Info:toast@toast-new:Magnitude updated] Magnitude updated: 5.27 (M)
2025/02/02 03:28:31.494580 [Simulation:Info:toast@toast-new:Simulation not generated] Magnitude 5.27 of event bmg2025cgez is smaller than triggerMinMagnitude: no automatic simulation
2025/02/02 03:28:36.571315 [Incident:Info:toast@toast-new:Origin updated] Origin updated: OT: 2025-02-01 20:24:33,  Lat/Lon: -4.50975°/134.515°, Depth: 10
2025/02/02 03:28:36.571490 [Incident:Info:toast@toast-new:Magnitude updated] Magnitude updated: 5.22 (M)
2025/02/02 03:28:36.571548 [Simulation:Info:toast@toast-new:Simulation not generated] Magnitude 5.22 of event bmg2025cgez is smaller than triggerMinMagnitude: no automatic simulation
2025/02/02 03:28:39.418104 [Incident:Info:toast@toast-new:Origin updated] Origin updated: OT: 2025-02-01 20:24:33,  Lat/Lon: -4.51404°/134.51°, Depth: 10
2025/02/02 03:28:39.418295 [Incident:Info:toast@toast-new:Magnitude updated] Magnitude updated: 5.20 (M)
2025/02/02 03:28:39.418327 [Simulation:Info:toast@toast-new:Simulation not generated] Magnitude 5.20 of event bmg2025cgez is smaller than triggerMinMagnitude: no automatic simulation
2025/02/02 03:28:41.530682 [Incident:Info:toast@toast-new:Origin updated] Origin updated: OT: 2025-02-01 20:24:33,  Lat/Lon: -4.51404°/134.51°, Depth: 10
2025/02/02 03:28:41.530870 [Incident:Info:toast@toast-new:Magnitude updated] Magnitude updated: 5.20 (M)
2025/02/02 03:28:41.530913 [Simulation:Info:toast@toast-new:Simulation not generated] Magnitude 5.20 of event bmg2025cgez is smaller than triggerMinMagnitude: no automatic simulation
2025/02/02 03:28:46.560284 [Incident:Info:toast@toast-new:Origin updated] Origin updated: OT: 2025-02-01 20:24:33,  Lat/Lon: -4.51404°/134.51°, Depth: 10
2025/02/02 03:28:46.560493 [Incident:Info:toast@toast-new:Magnitude updated] Magnitude updated: 5.19 (M)
2025/02/02 03:28:46.560539 [Simulation:Info:toast@toast-new:Simulation not generated] Magnitude 5.19 of event bmg2025cgez is smaller than triggerMinMagnitude: no automatic simulation
2025/02/02 03:28:50.399324 [Incident:Info:toast@toast-new:Origin updated] Origin updated: OT: 2025-02-01 20:24:33,  Lat/Lon: -4.47667°/134.52°, Depth: 10
2025/02/02 03:28:50.399511 [Incident:Info:toast@toast-new:Magnitude updated] Magnitude updated: 5.30 (MLv)
2025/02/02 03:28:50.399569 [Simulation:Info:toast@toast-new:Simulation not generated] Magnitude 5.30 of event bmg2025cgez is smaller than triggerMinMagnitude: no automatic simulation
2025/02/02 03:28:50.539767 [Incident:Info:toast@toast-new:Origin updated] Origin updated: OT: 2025-02-01 20:24:33,  Lat/Lon: -4.47667°/134.52°, Depth: 10
2025/02/02 03:28:50.539971 [Incident:Info:toast@toast-new:Magnitude updated] Magnitude updated: 5.33 (M)
2025/02/02 03:28:50.540025 [Simulation:Info:toast@toast-new:Simulation not generated] Magnitude 5.33 of event bmg2025cgez is smaller than triggerMinMagnitude: no automatic simulation
2025/02/02 03:28:56.556371 [Incident:Info:toast@toast-new:Origin updated] Origin updated: OT: 2025-02-01 20:24:33,  Lat/Lon: -4.47667°/134.52°, Depth: 10
2025/02/02 03:28:56.556563 [Incident:Info:toast@toast-new:Magnitude updated] Magnitude updated: 5.33 (M)
2025/02/02 03:28:56.556764 [Simulation:Info:toast@toast-new:Simulation not generated] Magnitude 5.33 of event bmg2025cgez is smaller than triggerMinMagnitude: no automatic simulation
2025/02/02 03:34:37.135433 [Incident:Info:toast@toast-new:Origin updated] Origin updated: OT: 2025-02-01 20:24:33,  Lat/Lon: -4.47667°/134.52°, Depth: 10
2025/02/02 03:34:37.135592 [Incident:Info:toast@toast-new:FM updated] FM updated
2025/02/02 03:34:37.135824 [Simulation:Info:toast@toast-new:Simulation not generated] Magnitude 5.33 of event bmg2025cgez is smaller than triggerMinMagnitude: no automatic simulation
2025/02/02 03:37:28.286825 [Incident:Info:toast@toast-new:Origin updated] Origin updated: OT: 2025-02-01 20:24:33,  Lat/Lon: -4.47667°/134.52°, Depth: 10
2025/02/02 03:37:28.287003 [Incident:Info:toast@toast-new:FM updated] FM updated
2025/02/02 03:37:28.287254 [Simulation:Info:toast@toast-new:Simulation not generated] Magnitude 5.33 of event bmg2025cgez is smaller than triggerMinMagnitude: no automatic simulation
2025/02/02 03:43:01.622019 [Incident:Info:toast@toast-new:Origin updated] Origin updated: OT: 2025-02-01 20:24:35,  Lat/Lon: -4.42126°/134.463°, Depth: 57.5568
2025/02/02 03:43:01.622235 [Incident:Info:toast@toast-new:Magnitude updated] Magnitude updated: 5.30 (MLv)
2025/02/02 03:43:01.622278 [Simulation:Info:toast@toast-new:Simulation not generated] Magnitude 5.30 of event bmg2025cgez is smaller than triggerMinMagnitude: no automatic simulation
2025/02/02 03:43:01.638688 [Incident:Info:toast@toast-new:Origin updated] Origin updated: OT: 2025-02-01 20:24:35,  Lat/Lon: -4.42126°/134.463°, Depth: 57.5568
2025/02/02 03:43:01.638791 [Incident:Info:toast@toast-new:Magnitude updated] Magnitude updated: 5.26 (M)
2025/02/02 03:43:01.638823 [Simulation:Info:toast@toast-new:Simulation not generated] Magnitude 5.26 of event bmg2025cgez is smaller than triggerMinMagnitude: no automatic simulation
2025/02/02 03:44:26.778578 [Incident:Info:toast@toast-new:Origin updated] Origin updated: OT: 2025-02-01 20:24:35,  Lat/Lon: -4.42126°/134.463°, Depth: 57.5568
2025/02/02 03:44:26.778759 [Incident:Info:toast@toast-new:FM updated] FM updated
2025/02/02 03:44:26.779001 [Simulation:Info:toast@toast-new:Simulation not generated] Magnitude 5.26 of event bmg2025cgez is smaller than triggerMinMagnitude: no automatic simulation
2025/02/02 03:50:01.655832 [Incident:Info:toast@toast-new:Origin updated] Origin updated: OT: 2025-02-01 20:24:35,  Lat/Lon: -4.42126°/134.463°, Depth: 57.5568
2025/02/02 03:50:01.656002 [Simulation:Info:toast@toast-new:Simulation not generated] Magnitude 5.26 of event bmg2025cgez is smaller than triggerMinMagnitude: no automatic simulation
2025/02/02 09:22:23.701588 [Incident:Info:toast@toast-new:Origin updated] Origin updated: OT: 2025-02-01 20:24:35,  Lat/Lon: -4.47834°/134.475°, Depth: 39.1547
2025/02/02 09:22:23.701829 [Incident:Info:toast@toast-new:Magnitude updated] Magnitude updated: 5.01 (Mw(mB))
2025/02/02 09:22:23.701891 [Incident:Info:toast@toast-new:FM updated] FM updated
2025/02/02 09:22:23.702188 [Simulation:Info:toast@toast-new:Simulation not generated] Magnitude 5.01 of event bmg2025cgez is smaller than triggerMinMagnitude: no automatic simulation
2025/02/02 09:22:32.342363 [Incident:Info:toast@toast-new:Origin updated] Origin updated: OT: 2025-02-01 20:24:35,  Lat/Lon: -4.47834°/134.475°, Depth: 39.1547
2025/02/02 09:22:32.342540 [Incident:Info:toast@toast-new:Magnitude updated] Magnitude updated: 5.09 (mb)
2025/02/02 09:22:32.342592 [Simulation:Info:toast@toast-new:Simulation not generated] Magnitude 5.09 of event bmg2025cgez is smaller than triggerMinMagnitude: no automatic simulation
2025/02/15 12:44:09.804881 [Incident:Info:toast@toast-new:Origin updated] Origin updated: OT: 2025-02-01 20:24:35,  Lat/Lon: -4.47834°/134.475°, Depth: 39.1547
2025/02/15 12:44:09.806316 [Simulation:Info:toast@toast-new:Simulation not generated] Magnitude 5.09 of event bmg2025cgez is smaller than triggerMinMagnitude: no automatic simulation
2025/02/15 12:44:09.924112 [Incident:Info:toast@toast-new:Origin updated] Origin updated: OT: 2025-02-01 20:24:35,  Lat/Lon: -4.47834°/134.475°, Depth: 39.1547
2025/02/15 12:44:09.924217 [Incident:Info:toast@toast-new:Magnitude updated] Magnitude updated: 5.01 (Mw(mB))
2025/02/15 12:44:09.924249 [Simulation:Info:toast@toast-new:Simulation not generated] Magnitude 5.01 of event bmg2025cgez is smaller than triggerMinMagnitude: no automatic simulation
2025/02/15 12:44:09.935533 [Incident:Info:toast@toast-new:Origin updated] Origin updated: OT: 2025-02-01 20:24:35,  Lat/Lon: -4.47834°/134.475°, Depth: 39.1547
2025/02/15 12:44:09.935597 [Simulation:Info:toast@toast-new:Simulation not generated] Magnitude 5.01 of event bmg2025cgez is smaller than triggerMinMagnitude: no automatic simulation
2025/02/15 12:44:15.805751 [Incident:Info:toast@toast-new:Origin updated] Origin updated: OT: 2025-02-01 20:24:35,  Lat/Lon: -4.47834°/134.475°, Depth: 39.1547
2025/02/15 12:44:15.805937 [Simulation:Info:toast@toast-new:Simulation not generated] Magnitude 5.01 of event bmg2025cgez is smaller than triggerMinMagnitude: no automatic simulation
