2025/03/09 02:00:26.991496 [Incident:Info:toast@toast-new:Displacement(s) updated] Added 0 and changed 0 displacements with 0 amplitudes
2025/03/09 02:00:27.029408 [Incident:Info:toast@toast-new:Incident created] Incident created based on event received from messaging: OT: 2025-03-08 18:54:08,  Lat/Lon: 28.11°/130.51°, Depth: 10.00, Mag: 5.77 (M)
2025/03/09 02:00:27.029707 [Simulation:Info:toast@toast-new:Simulation not generated] Magnitude 5.77 of event bmg2025esaq is smaller than triggerMinMagnitude: no automatic simulation
2025/03/09 02:00:27.039117 [Incident:Info:toast@toast-new:Origin updated] Origin updated: OT: 2025-03-08 18:54:08,  Lat/Lon: 28.1134°/130.508°, Depth: 10
2025/03/09 02:00:27.039211 [Simulation:Info:toast@toast-new:Simulation not generated] Magnitude 5.77 of event bmg2025esaq is smaller than triggerMinMagnitude: no automatic simulation
2025/03/09 02:00:38.758602 [Incident:Info:toast@toast-new:Origin updated] Origin updated: OT: 2025-03-08 18:54:08,  Lat/Lon: 28.0995°/130.509°, Depth: 10
2025/03/09 02:00:38.758831 [Incident:Info:toast@toast-new:Magnitude updated] Magnitude updated: 5.77 (M)
2025/03/09 02:00:38.758877 [Simulation:Info:toast@toast-new:Simulation not generated] Magnitude 5.77 of event bmg2025esaq is smaller than triggerMinMagnitude: no automatic simulation
2025/03/09 02:00:44.371435 [Incident:Info:toast@toast-new:Origin updated] Origin updated: OT: 2025-03-08 18:54:08,  Lat/Lon: 28.0995°/130.509°, Depth: 10
2025/03/09 02:00:44.371619 [Incident:Info:toast@toast-new:Magnitude updated] Magnitude updated: 5.76 (M)
2025/03/09 02:00:44.371662 [Simulation:Info:toast@toast-new:Simulation not generated] Magnitude 5.76 of event bmg2025esaq is smaller than triggerMinMagnitude: no automatic simulation
2025/03/09 02:00:49.403701 [Incident:Info:toast@toast-new:Origin updated] Origin updated: OT: 2025-03-08 18:54:08,  Lat/Lon: 28.0995°/130.509°, Depth: 10
2025/03/09 02:00:49.403865 [Incident:Info:toast@toast-new:Magnitude updated] Magnitude updated: 5.73 (M)
2025/03/09 02:00:49.403910 [Simulation:Info:toast@toast-new:Simulation not generated] Magnitude 5.73 of event bmg2025esaq is smaller than triggerMinMagnitude: no automatic simulation
2025/03/09 02:00:51.122949 [Incident:Info:toast@toast-new:Origin updated] Origin updated: OT: 2025-03-08 18:54:16,  Lat/Lon: 27.2314°/130.225°, Depth: 10
2025/03/09 02:00:51.123130 [Incident:Info:toast@toast-new:Magnitude updated] Magnitude updated: 5.69 (M)
2025/03/09 02:00:51.123160 [Simulation:Info:toast@toast-new:Simulation not generated] Magnitude 5.69 of event bmg2025esaq is smaller than triggerMinMagnitude: no automatic simulation
2025/03/09 02:00:54.394927 [Incident:Info:toast@toast-new:Origin updated] Origin updated: OT: 2025-03-08 18:54:16,  Lat/Lon: 27.2314°/130.225°, Depth: 10
2025/03/09 02:00:54.395118 [Incident:Info:toast@toast-new:Magnitude updated] Magnitude updated: 5.68 (M)
2025/03/09 02:00:54.395163 [Simulation:Info:toast@toast-new:Simulation not generated] Magnitude 5.68 of event bmg2025esaq is smaller than triggerMinMagnitude: no automatic simulation
2025/03/09 02:00:59.444601 [Incident:Info:toast@toast-new:Origin updated] Origin updated: OT: 2025-03-08 18:54:16,  Lat/Lon: 27.2314°/130.225°, Depth: 10
2025/03/09 02:00:59.444796 [Incident:Info:toast@toast-new:Magnitude updated] Magnitude updated: 5.66 (M)
2025/03/09 02:00:59.444841 [Simulation:Info:toast@toast-new:Simulation not generated] Magnitude 5.66 of event bmg2025esaq is smaller than triggerMinMagnitude: no automatic simulation
2025/03/09 02:01:07.486880 [Incident:Info:toast@toast-new:Origin updated] Origin updated: OT: 2025-03-08 18:54:17,  Lat/Lon: 27.0945°/130.126°, Depth: 10
2025/03/09 02:01:07.487106 [Incident:Info:toast@toast-new:Magnitude updated] Magnitude updated: 5.62 (M)
2025/03/09 02:01:07.487157 [Simulation:Info:toast@toast-new:Simulation not generated] Magnitude 5.62 of event bmg2025esaq is smaller than triggerMinMagnitude: no automatic simulation
2025/03/09 02:01:09.355120 [Incident:Info:toast@toast-new:Origin updated] Origin updated: OT: 2025-03-08 18:54:17,  Lat/Lon: 27.0945°/130.126°, Depth: 10
2025/03/09 02:01:09.355331 [Incident:Info:toast@toast-new:Magnitude updated] Magnitude updated: 5.61 (M)
2025/03/09 02:01:09.355376 [Simulation:Info:toast@toast-new:Simulation not generated] Magnitude 5.61 of event bmg2025esaq is smaller than triggerMinMagnitude: no automatic simulation
2025/03/09 02:01:14.386211 [Incident:Info:toast@toast-new:Origin updated] Origin updated: OT: 2025-03-08 18:54:17,  Lat/Lon: 27.0945°/130.126°, Depth: 10
2025/03/09 02:01:14.386398 [Incident:Info:toast@toast-new:Magnitude updated] Magnitude updated: 5.63 (M)
2025/03/09 02:01:14.386440 [Simulation:Info:toast@toast-new:Simulation not generated] Magnitude 5.63 of event bmg2025esaq is smaller than triggerMinMagnitude: no automatic simulation
2025/03/09 02:01:19.387059 [Incident:Info:toast@toast-new:Origin updated] Origin updated: OT: 2025-03-08 18:54:17,  Lat/Lon: 27.0945°/130.126°, Depth: 10
2025/03/09 02:01:19.387264 [Incident:Info:toast@toast-new:Magnitude updated] Magnitude updated: 5.62 (M)
2025/03/09 02:01:19.387306 [Simulation:Info:toast@toast-new:Simulation not generated] Magnitude 5.62 of event bmg2025esaq is smaller than triggerMinMagnitude: no automatic simulation
2025/03/09 02:01:24.381472 [Incident:Info:toast@toast-new:Origin updated] Origin updated: OT: 2025-03-08 18:54:17,  Lat/Lon: 27.0945°/130.126°, Depth: 10
2025/03/09 02:01:24.418964 [Incident:Info:toast@toast-new:Magnitude updated] Magnitude updated: 5.61 (M)
2025/03/09 02:01:24.419058 [Simulation:Info:toast@toast-new:Simulation not generated] Magnitude 5.61 of event bmg2025esaq is smaller than triggerMinMagnitude: no automatic simulation
2025/03/09 02:01:29.465399 [Incident:Info:toast@toast-new:Origin updated] Origin updated: OT: 2025-03-08 18:54:17,  Lat/Lon: 27.0945°/130.126°, Depth: 10
2025/03/09 02:01:29.465611 [Incident:Info:toast@toast-new:Magnitude updated] Magnitude updated: 5.56 (Mw(mB))
2025/03/09 02:01:29.465657 [Simulation:Info:toast@toast-new:Simulation not generated] Magnitude 5.56 of event bmg2025esaq is smaller than triggerMinMagnitude: no automatic simulation
2025/03/09 02:01:29.489017 [Incident:Info:toast@toast-new:Origin updated] Origin updated: OT: 2025-03-08 18:54:17,  Lat/Lon: 27.0945°/130.126°, Depth: 10
2025/03/09 02:01:29.489127 [Simulation:Info:toast@toast-new:Simulation not generated] Magnitude 5.56 of event bmg2025esaq is smaller than triggerMinMagnitude: no automatic simulation
2025/03/09 02:01:31.978556 [Incident:Info:toast@toast-new:Origin updated] Origin updated: OT: 2025-03-08 18:54:17,  Lat/Lon: 27.0945°/130.126°, Depth: 10
2025/03/09 02:01:31.978724 [Incident:Info:toast@toast-new:Magnitude updated] Magnitude updated: 5.57 (Mw(mB))
2025/03/09 02:01:31.978763 [Simulation:Info:toast@toast-new:Simulation not generated] Magnitude 5.57 of event bmg2025esaq is smaller than triggerMinMagnitude: no automatic simulation
2025/03/09 02:01:32.000807 [Incident:Info:toast@toast-new:Origin updated] Origin updated: OT: 2025-03-08 18:54:18,  Lat/Lon: 27.0347°/130.067°, Depth: 10
2025/03/09 02:01:32.000966 [Incident:Info:toast@toast-new:Magnitude updated] Magnitude updated: 5.56 (Mw(mB))
2025/03/09 02:01:32.001000 [Simulation:Info:toast@toast-new:Simulation not generated] Magnitude 5.56 of event bmg2025esaq is smaller than triggerMinMagnitude: no automatic simulation
2025/03/09 02:01:34.472735 [Incident:Info:toast@toast-new:Origin updated] Origin updated: OT: 2025-03-08 18:54:18,  Lat/Lon: 27.0347°/130.067°, Depth: 10
2025/03/09 02:01:34.472913 [Incident:Info:toast@toast-new:Magnitude updated] Magnitude updated: 5.55 (Mw(mB))
2025/03/09 02:01:34.472955 [Simulation:Info:toast@toast-new:Simulation not generated] Magnitude 5.55 of event bmg2025esaq is smaller than triggerMinMagnitude: no automatic simulation
2025/03/09 02:01:39.504681 [Incident:Info:toast@toast-new:Origin updated] Origin updated: OT: 2025-03-08 18:54:18,  Lat/Lon: 27.0347°/130.067°, Depth: 10
2025/03/09 02:01:39.504873 [Incident:Info:toast@toast-new:Magnitude updated] Magnitude updated: 5.55 (Mw(mB))
2025/03/09 02:01:39.504915 [Simulation:Info:toast@toast-new:Simulation not generated] Magnitude 5.55 of event bmg2025esaq is smaller than triggerMinMagnitude: no automatic simulation
2025/03/09 02:01:44.412627 [Incident:Info:toast@toast-new:Origin updated] Origin updated: OT: 2025-03-08 18:54:18,  Lat/Lon: 27.0347°/130.067°, Depth: 10
2025/03/09 02:01:44.412799 [Incident:Info:toast@toast-new:Magnitude updated] Magnitude updated: 5.54 (Mw(mB))
2025/03/09 02:01:44.412856 [Simulation:Info:toast@toast-new:Simulation not generated] Magnitude 5.54 of event bmg2025esaq is smaller than triggerMinMagnitude: no automatic simulation
2025/03/09 02:01:49.435492 [Incident:Info:toast@toast-new:Origin updated] Origin updated: OT: 2025-03-08 18:54:18,  Lat/Lon: 27.0347°/130.067°, Depth: 10
2025/03/09 02:01:49.435694 [Incident:Info:toast@toast-new:Magnitude updated] Magnitude updated: 5.57 (Mw(mB))
2025/03/09 02:01:49.435758 [Simulation:Info:toast@toast-new:Simulation not generated] Magnitude 5.57 of event bmg2025esaq is smaller than triggerMinMagnitude: no automatic simulation
2025/03/09 02:01:53.278008 [Incident:Info:toast@toast-new:Origin updated] Origin updated: OT: 2025-03-08 18:54:18,  Lat/Lon: 27.0347°/130.067°, Depth: 10
2025/03/09 02:01:53.278219 [Incident:Info:toast@toast-new:Magnitude updated] Magnitude updated: 5.59 (Mw(mB))
2025/03/09 02:01:53.278266 [Simulation:Info:toast@toast-new:Simulation not generated] Magnitude 5.59 of event bmg2025esaq is smaller than triggerMinMagnitude: no automatic simulation
2025/03/09 02:01:53.311360 [Incident:Info:toast@toast-new:Origin updated] Origin updated: OT: 2025-03-08 18:54:03,  Lat/Lon: 28.7464°/130.243°, Depth: 10
2025/03/09 02:01:53.311563 [Incident:Info:toast@toast-new:Magnitude updated] Magnitude updated: 5.66 (Mw(mB))
2025/03/09 02:01:53.311600 [Simulation:Info:toast@toast-new:Simulation not generated] Magnitude 5.66 of event bmg2025esaq is smaller than triggerMinMagnitude: no automatic simulation
2025/03/09 02:01:59.478490 [Incident:Info:toast@toast-new:Origin updated] Origin updated: OT: 2025-03-08 18:54:03,  Lat/Lon: 28.7464°/130.243°, Depth: 10
2025/03/09 02:01:59.478673 [Incident:Info:toast@toast-new:Magnitude updated] Magnitude updated: 5.66 (Mw(mB))
2025/03/09 02:01:59.478714 [Simulation:Info:toast@toast-new:Simulation not generated] Magnitude 5.66 of event bmg2025esaq is smaller than triggerMinMagnitude: no automatic simulation
2025/03/09 02:02:04.515017 [Incident:Info:toast@toast-new:Origin updated] Origin updated: OT: 2025-03-08 18:54:03,  Lat/Lon: 28.7464°/130.243°, Depth: 10
2025/03/09 02:02:04.515218 [Incident:Info:toast@toast-new:Magnitude updated] Magnitude updated: 5.65 (Mw(mB))
2025/03/09 02:02:04.515285 [Simulation:Info:toast@toast-new:Simulation not generated] Magnitude 5.65 of event bmg2025esaq is smaller than triggerMinMagnitude: no automatic simulation
2025/03/09 02:02:06.455429 [Incident:Info:toast@toast-new:Origin updated] Origin updated: OT: 2025-03-08 18:54:03,  Lat/Lon: 28.7464°/130.243°, Depth: 10
2025/03/09 02:02:06.455580 [Incident:Info:toast@toast-new:Magnitude updated] Magnitude updated: 5.64 (Mw(mB))
2025/03/09 02:02:06.455615 [Simulation:Info:toast@toast-new:Simulation not generated] Magnitude 5.64 of event bmg2025esaq is smaller than triggerMinMagnitude: no automatic simulation
2025/03/09 02:02:06.476458 [Incident:Info:toast@toast-new:Origin updated] Origin updated: OT: 2025-03-08 18:54:03,  Lat/Lon: 28.7171°/130.25°, Depth: 10
2025/03/09 02:02:06.476569 [Incident:Info:toast@toast-new:Magnitude updated] Magnitude updated: 5.64 (Mw(mB))
2025/03/09 02:02:06.476595 [Simulation:Info:toast@toast-new:Simulation not generated] Magnitude 5.64 of event bmg2025esaq is smaller than triggerMinMagnitude: no automatic simulation
2025/03/09 02:02:09.417217 [Incident:Info:toast@toast-new:Origin updated] Origin updated: OT: 2025-03-08 18:54:03,  Lat/Lon: 28.7171°/130.25°, Depth: 10
2025/03/09 02:02:09.417418 [Incident:Info:toast@toast-new:Magnitude updated] Magnitude updated: 5.65 (Mw(mB))
2025/03/09 02:02:09.417461 [Simulation:Info:toast@toast-new:Simulation not generated] Magnitude 5.65 of event bmg2025esaq is smaller than triggerMinMagnitude: no automatic simulation
2025/03/09 02:02:13.280845 [Incident:Info:toast@toast-new:Origin updated] Origin updated: OT: 2025-03-08 18:54:03,  Lat/Lon: 28.7134°/130.267°, Depth: 10
2025/03/09 02:02:13.281049 [Incident:Info:toast@toast-new:Magnitude updated] Magnitude updated: 5.65 (Mw(mB))
2025/03/09 02:02:13.281093 [Simulation:Info:toast@toast-new:Simulation not generated] Magnitude 5.65 of event bmg2025esaq is smaller than triggerMinMagnitude: no automatic simulation
2025/03/09 02:02:17.820696 [Incident:Info:toast@toast-new:Origin updated] Origin updated: OT: 2025-03-08 18:54:03,  Lat/Lon: 28.678°/130.299°, Depth: 10
2025/03/09 02:02:17.820902 [Incident:Info:toast@toast-new:Magnitude updated] Magnitude updated: 5.65 (Mw(mB))
2025/03/09 02:02:17.820963 [Simulation:Info:toast@toast-new:Simulation not generated] Magnitude 5.65 of event bmg2025esaq is smaller than triggerMinMagnitude: no automatic simulation
2025/03/09 02:02:19.611323 [Incident:Info:toast@toast-new:Origin updated] Origin updated: OT: 2025-03-08 18:54:03,  Lat/Lon: 28.678°/130.299°, Depth: 10
2025/03/09 02:02:19.611507 [Incident:Info:toast@toast-new:Magnitude updated] Magnitude updated: 5.67 (Mw(mB))
2025/03/09 02:02:19.611550 [Simulation:Info:toast@toast-new:Simulation not generated] Magnitude 5.67 of event bmg2025esaq is smaller than triggerMinMagnitude: no automatic simulation
2025/03/09 02:02:23.563698 [Incident:Info:toast@toast-new:Origin updated] Origin updated: OT: 2025-03-08 18:54:03,  Lat/Lon: 28.678°/130.299°, Depth: 10
2025/03/09 02:02:23.563862 [Incident:Info:toast@toast-new:Magnitude updated] Magnitude updated: 5.67 (Mw(mB))
2025/03/09 02:02:23.563898 [Simulation:Info:toast@toast-new:Simulation not generated] Magnitude 5.67 of event bmg2025esaq is smaller than triggerMinMagnitude: no automatic simulation
2025/03/09 02:02:23.590766 [Incident:Info:toast@toast-new:Origin updated] Origin updated: OT: 2025-03-08 18:54:03,  Lat/Lon: 28.6748°/130.325°, Depth: 10
2025/03/09 02:02:23.590912 [Incident:Info:toast@toast-new:Magnitude updated] Magnitude updated: 5.67 (Mw(mB))
2025/03/09 02:02:23.590947 [Simulation:Info:toast@toast-new:Simulation not generated] Magnitude 5.67 of event bmg2025esaq is smaller than triggerMinMagnitude: no automatic simulation
2025/03/09 02:02:24.518992 [Incident:Info:toast@toast-new:Origin updated] Origin updated: OT: 2025-03-08 18:54:03,  Lat/Lon: 28.6748°/130.325°, Depth: 10
2025/03/09 02:02:24.519220 [Incident:Info:toast@toast-new:Magnitude updated] Magnitude updated: 5.67 (Mw(mB))
2025/03/09 02:02:24.519276 [Simulation:Info:toast@toast-new:Simulation not generated] Magnitude 5.67 of event bmg2025esaq is smaller than triggerMinMagnitude: no automatic simulation
2025/03/09 02:02:29.681417 [Incident:Info:toast@toast-new:Origin updated] Origin updated: OT: 2025-03-08 18:54:03,  Lat/Lon: 28.6748°/130.325°, Depth: 10
2025/03/09 02:02:29.681611 [Incident:Info:toast@toast-new:Magnitude updated] Magnitude updated: 5.66 (Mw(mB))
2025/03/09 02:02:29.681656 [Simulation:Info:toast@toast-new:Simulation not generated] Magnitude 5.66 of event bmg2025esaq is smaller than triggerMinMagnitude: no automatic simulation
2025/03/09 02:02:32.642974 [Incident:Info:toast@toast-new:Origin updated] Origin updated: OT: 2025-03-08 18:54:03,  Lat/Lon: 28.6717°/130.312°, Depth: 10
2025/03/09 02:02:32.643159 [Incident:Info:toast@toast-new:Magnitude updated] Magnitude updated: 5.65 (Mw(mB))
2025/03/09 02:02:32.643203 [Simulation:Info:toast@toast-new:Simulation not generated] Magnitude 5.65 of event bmg2025esaq is smaller than triggerMinMagnitude: no automatic simulation
2025/03/09 02:02:34.593137 [Incident:Info:toast@toast-new:Origin updated] Origin updated: OT: 2025-03-08 18:54:03,  Lat/Lon: 28.6717°/130.312°, Depth: 10
2025/03/09 02:02:34.593328 [Incident:Info:toast@toast-new:Magnitude updated] Magnitude updated: 5.67 (Mw(mB))
2025/03/09 02:02:34.593372 [Simulation:Info:toast@toast-new:Simulation not generated] Magnitude 5.67 of event bmg2025esaq is smaller than triggerMinMagnitude: no automatic simulation
2025/03/09 02:02:39.780472 [Incident:Info:toast@toast-new:Origin updated] Origin updated: OT: 2025-03-08 18:54:03,  Lat/Lon: 28.6717°/130.312°, Depth: 10
2025/03/09 02:02:39.780664 [Incident:Info:toast@toast-new:Magnitude updated] Magnitude updated: 5.68 (Mw(mB))
2025/03/09 02:02:39.780707 [Simulation:Info:toast@toast-new:Simulation not generated] Magnitude 5.68 of event bmg2025esaq is smaller than triggerMinMagnitude: no automatic simulation
2025/03/09 02:02:44.812339 [Incident:Info:toast@toast-new:Origin updated] Origin updated: OT: 2025-03-08 18:54:03,  Lat/Lon: 28.6717°/130.312°, Depth: 10
2025/03/09 02:02:44.812529 [Incident:Info:toast@toast-new:Magnitude updated] Magnitude updated: 5.72 (Mw(mB))
2025/03/09 02:02:44.812573 [Simulation:Info:toast@toast-new:Simulation not generated] Magnitude 5.72 of event bmg2025esaq is smaller than triggerMinMagnitude: no automatic simulation
2025/03/09 02:02:49.757663 [Incident:Info:toast@toast-new:Origin updated] Origin updated: OT: 2025-03-08 18:54:03,  Lat/Lon: 28.6717°/130.312°, Depth: 10
2025/03/09 02:02:49.757848 [Incident:Info:toast@toast-new:Magnitude updated] Magnitude updated: 5.75 (Mw(mB))
2025/03/09 02:02:49.757905 [Simulation:Info:toast@toast-new:Simulation not generated] Magnitude 5.75 of event bmg2025esaq is smaller than triggerMinMagnitude: no automatic simulation
2025/03/09 02:02:54.581792 [Incident:Info:toast@toast-new:Origin updated] Origin updated: OT: 2025-03-08 18:54:03,  Lat/Lon: 28.6717°/130.312°, Depth: 10
2025/03/09 02:02:54.581984 [Incident:Info:toast@toast-new:Magnitude updated] Magnitude updated: 5.77 (Mw(mB))
2025/03/09 02:02:54.582028 [Simulation:Info:toast@toast-new:Simulation not generated] Magnitude 5.77 of event bmg2025esaq is smaller than triggerMinMagnitude: no automatic simulation
2025/03/09 02:02:59.617442 [Incident:Info:toast@toast-new:Origin updated] Origin updated: OT: 2025-03-08 18:54:03,  Lat/Lon: 28.6717°/130.312°, Depth: 10
2025/03/09 02:02:59.617634 [Incident:Info:toast@toast-new:Magnitude updated] Magnitude updated: 5.78 (Mw(mB))
2025/03/09 02:02:59.617678 [Simulation:Info:toast@toast-new:Simulation not generated] Magnitude 5.78 of event bmg2025esaq is smaller than triggerMinMagnitude: no automatic simulation
2025/03/09 02:03:04.639902 [Incident:Info:toast@toast-new:Origin updated] Origin updated: OT: 2025-03-08 18:54:03,  Lat/Lon: 28.6717°/130.312°, Depth: 10
2025/03/09 02:03:04.640061 [Incident:Info:toast@toast-new:Magnitude updated] Magnitude updated: 5.78 (Mw(mB))
2025/03/09 02:03:04.640099 [Simulation:Info:toast@toast-new:Simulation not generated] Magnitude 5.78 of event bmg2025esaq is smaller than triggerMinMagnitude: no automatic simulation
2025/03/09 02:04:12.865915 [Incident:Info:toast@toast-new:Origin updated] Origin updated: OT: 2025-03-08 18:54:03,  Lat/Lon: 28.7014°/130.319°, Depth: 10
2025/03/09 02:04:12.866110 [Incident:Info:toast@toast-new:Magnitude updated] Magnitude updated: 5.78 (Mw(mB))
2025/03/09 02:04:12.866152 [Simulation:Info:toast@toast-new:Simulation not generated] Magnitude 5.78 of event bmg2025esaq is smaller than triggerMinMagnitude: no automatic simulation
2025/03/09 02:04:24.431448 [Incident:Info:toast@toast-new:Origin updated] Origin updated: OT: 2025-03-08 18:54:03,  Lat/Lon: 28.7014°/130.319°, Depth: 10
2025/03/09 02:04:24.431641 [Incident:Info:toast@toast-new:Magnitude updated] Magnitude updated: 5.78 (Mw(mB))
2025/03/09 02:04:24.431685 [Simulation:Info:toast@toast-new:Simulation not generated] Magnitude 5.78 of event bmg2025esaq is smaller than triggerMinMagnitude: no automatic simulation
2025/03/09 02:04:39.434048 [Incident:Info:toast@toast-new:Origin updated] Origin updated: OT: 2025-03-08 18:54:03,  Lat/Lon: 28.7014°/130.319°, Depth: 10
2025/03/09 02:04:39.434251 [Incident:Info:toast@toast-new:Magnitude updated] Magnitude updated: 5.78 (Mw(mB))
2025/03/09 02:04:39.434297 [Simulation:Info:toast@toast-new:Simulation not generated] Magnitude 5.78 of event bmg2025esaq is smaller than triggerMinMagnitude: no automatic simulation
2025/03/09 02:05:59.665648 [Incident:Info:toast@toast-new:Origin updated] Origin updated: OT: 2025-03-08 18:54:03,  Lat/Lon: 28.6848°/130.278°, Depth: 10
2025/03/09 02:05:59.665870 [Incident:Info:toast@toast-new:Magnitude updated] Magnitude updated: 5.78 (Mw(mB))
2025/03/09 02:05:59.665918 [Simulation:Info:toast@toast-new:Simulation not generated] Magnitude 5.78 of event bmg2025esaq is smaller than triggerMinMagnitude: no automatic simulation
2025/03/09 02:06:04.436601 [Incident:Info:toast@toast-new:Origin updated] Origin updated: OT: 2025-03-08 18:54:03,  Lat/Lon: 28.6848°/130.278°, Depth: 10
2025/03/09 02:06:04.436780 [Incident:Info:toast@toast-new:Magnitude updated] Magnitude updated: 5.77 (Mw(mB))
2025/03/09 02:06:04.436823 [Simulation:Info:toast@toast-new:Simulation not generated] Magnitude 5.77 of event bmg2025esaq is smaller than triggerMinMagnitude: no automatic simulation
2025/03/09 02:07:54.293296 [Incident:Info:toast@toast-new:Origin updated] Origin updated: OT: 2025-03-08 18:54:03,  Lat/Lon: 28.6842°/130.283°, Depth: 10
2025/03/09 02:07:54.293493 [Incident:Info:toast@toast-new:Magnitude updated] Magnitude updated: 5.78 (Mw(mB))
2025/03/09 02:07:54.293536 [Simulation:Info:toast@toast-new:Simulation not generated] Magnitude 5.78 of event bmg2025esaq is smaller than triggerMinMagnitude: no automatic simulation
2025/03/09 02:08:16.632977 [Incident:Info:toast@toast-new:Origin updated] Origin updated: OT: 2025-03-08 18:54:03,  Lat/Lon: 28.6842°/130.283°, Depth: 10
2025/03/09 02:08:16.633149 [Incident:Info:toast@toast-new:FM updated] FM updated
2025/03/09 02:08:16.633388 [Simulation:Info:toast@toast-new:Simulation not generated] Magnitude 5.78 of event bmg2025esaq is smaller than triggerMinMagnitude: no automatic simulation
2025/03/09 02:08:34.431413 [Incident:Info:toast@toast-new:Origin updated] Origin updated: OT: 2025-03-08 18:54:03,  Lat/Lon: 28.6842°/130.283°, Depth: 10
2025/03/09 02:08:34.431630 [Incident:Info:toast@toast-new:Magnitude updated] Magnitude updated: 5.78 (Mw(mB))
2025/03/09 02:08:34.431681 [Simulation:Info:toast@toast-new:Simulation not generated] Magnitude 5.78 of event bmg2025esaq is smaller than triggerMinMagnitude: no automatic simulation
2025/03/09 02:09:34.133156 [Incident:Info:toast@toast-new:Origin updated] Origin updated: OT: 2025-03-08 18:54:03,  Lat/Lon: 28.6842°/130.283°, Depth: 10
2025/03/09 02:09:34.133362 [Incident:Info:toast@toast-new:FM updated] FM updated
2025/03/09 02:09:34.133671 [Simulation:Info:toast@toast-new:Simulation not generated] Magnitude 5.78 of event bmg2025esaq is smaller than triggerMinMagnitude: no automatic simulation
2025/03/09 02:09:45.317093 [Incident:Info:toast@toast-new:Origin updated] Origin updated: OT: 2025-03-08 18:54:03,  Lat/Lon: 28.6842°/130.283°, Depth: 10
2025/03/09 02:09:45.317273 [Simulation:Info:toast@toast-new:Simulation not generated] Magnitude 5.78 of event bmg2025esaq is smaller than triggerMinMagnitude: no automatic simulation
2025/03/09 02:09:49.589734 [Incident:Info:toast@toast-new:Origin updated] Origin updated: OT: 2025-03-08 18:54:03,  Lat/Lon: 28.6847°/130.281°, Depth: 10
2025/03/09 02:09:49.589909 [Incident:Info:toast@toast-new:Magnitude updated] Magnitude updated: 5.78 (Mw(mB))
2025/03/09 02:09:49.589946 [Simulation:Info:toast@toast-new:Simulation not generated] Magnitude 5.78 of event bmg2025esaq is smaller than triggerMinMagnitude: no automatic simulation
2025/03/09 02:09:52.896567 [Incident:Info:toast@toast-new:Origin updated] Origin updated: OT: 2025-03-08 18:54:03,  Lat/Lon: 28.6847°/130.281°, Depth: 10
2025/03/09 02:09:52.896760 [Simulation:Info:toast@toast-new:Simulation not generated] Magnitude 5.78 of event bmg2025esaq is smaller than triggerMinMagnitude: no automatic simulation
2025/03/09 02:10:03.220117 [Incident:Info:toast@toast-new:Origin updated] Origin updated: OT: 2025-03-08 18:54:03,  Lat/Lon: 28.6847°/130.281°, Depth: 10
2025/03/09 02:10:03.220297 [Incident:Info:toast@toast-new:FM updated] FM updated
2025/03/09 02:10:03.220548 [Simulation:Info:toast@toast-new:Simulation not generated] Magnitude 5.78 of event bmg2025esaq is smaller than triggerMinMagnitude: no automatic simulation
2025/03/09 02:10:12.671388 [Incident:Info:toast@toast-new:Origin updated] Origin updated: OT: 2025-03-08 18:54:03,  Lat/Lon: 28.6847°/130.281°, Depth: 10
2025/03/09 02:10:12.671570 [Simulation:Info:toast@toast-new:Simulation not generated] Magnitude 5.78 of event bmg2025esaq is smaller than triggerMinMagnitude: no automatic simulation
2025/03/09 02:10:24.052963 [Incident:Info:toast@toast-new:Origin updated] Origin updated: OT: 2025-03-08 18:54:03,  Lat/Lon: 28.6847°/130.281°, Depth: 10
2025/03/09 02:10:24.053153 [Incident:Info:toast@toast-new:FM updated] FM updated
2025/03/09 02:10:24.053402 [Simulation:Info:toast@toast-new:Simulation not generated] Magnitude 5.78 of event bmg2025esaq is smaller than triggerMinMagnitude: no automatic simulation
2025/03/09 02:12:35.487820 [Incident:Info:toast@toast-new:Origin updated] Origin updated: OT: 2025-03-08 18:54:03,  Lat/Lon: 28.6847°/130.281°, Depth: 10
2025/03/09 02:12:35.488006 [Incident:Info:toast@toast-new:FM updated] FM updated
2025/03/09 02:12:35.488257 [Simulation:Info:toast@toast-new:Simulation not generated] Magnitude 5.78 of event bmg2025esaq is smaller than triggerMinMagnitude: no automatic simulation
2025/03/09 02:13:07.730421 [Incident:Info:toast@toast-new:Origin updated] Origin updated: OT: 2025-03-08 18:54:03,  Lat/Lon: 28.6847°/130.281°, Depth: 10
2025/03/09 02:13:07.730631 [Simulation:Info:toast@toast-new:Simulation not generated] Magnitude 5.78 of event bmg2025esaq is smaller than triggerMinMagnitude: no automatic simulation
2025/03/09 02:13:19.271209 [Incident:Info:toast@toast-new:Origin updated] Origin updated: OT: 2025-03-08 18:54:03,  Lat/Lon: 28.6847°/130.281°, Depth: 10
2025/03/09 02:13:19.271406 [Simulation:Info:toast@toast-new:Simulation not generated] Magnitude 5.78 of event bmg2025esaq is smaller than triggerMinMagnitude: no automatic simulation
2025/03/09 02:13:31.311583 [Incident:Info:toast@toast-new:Origin updated] Origin updated: OT: 2025-03-08 18:54:03,  Lat/Lon: 28.6847°/130.281°, Depth: 10
2025/03/09 02:13:31.311764 [Simulation:Info:toast@toast-new:Simulation not generated] Magnitude 5.78 of event bmg2025esaq is smaller than triggerMinMagnitude: no automatic simulation
2025/03/09 02:13:38.345125 [Incident:Info:toast@toast-new:Origin updated] Origin updated: OT: 2025-03-08 18:54:03,  Lat/Lon: 28.6847°/130.281°, Depth: 10
2025/03/09 02:13:38.345317 [Simulation:Info:toast@toast-new:Simulation not generated] Magnitude 5.78 of event bmg2025esaq is smaller than triggerMinMagnitude: no automatic simulation
2025/03/09 02:13:58.182043 [Incident:Info:toast@toast-new:Origin updated] Origin updated: OT: 2025-03-08 18:54:03,  Lat/Lon: 28.6847°/130.281°, Depth: 10
2025/03/09 02:13:58.182212 [Incident:Info:toast@toast-new:FM updated] FM updated
2025/03/09 02:13:58.182446 [Simulation:Info:toast@toast-new:Simulation not generated] Magnitude 5.78 of event bmg2025esaq is smaller than triggerMinMagnitude: no automatic simulation
2025/03/09 02:14:18.168869 [Incident:Info:toast@toast-new:Origin updated] Origin updated: OT: 2025-03-08 18:54:03,  Lat/Lon: 28.6847°/130.281°, Depth: 10
2025/03/09 02:14:18.169071 [Simulation:Info:toast@toast-new:Simulation not generated] Magnitude 5.78 of event bmg2025esaq is smaller than triggerMinMagnitude: no automatic simulation
2025/03/09 02:14:38.258559 [Incident:Info:toast@toast-new:Origin updated] Origin updated: OT: 2025-03-08 18:54:03,  Lat/Lon: 28.6847°/130.281°, Depth: 10
2025/03/09 02:14:38.258736 [Simulation:Info:toast@toast-new:Simulation not generated] Magnitude 5.78 of event bmg2025esaq is smaller than triggerMinMagnitude: no automatic simulation
2025/03/09 02:14:48.123993 [Incident:Info:toast@toast-new:Origin updated] Origin updated: OT: 2025-03-08 18:54:03,  Lat/Lon: 28.6847°/130.281°, Depth: 10
2025/03/09 02:14:48.124175 [Simulation:Info:toast@toast-new:Simulation not generated] Magnitude 5.78 of event bmg2025esaq is smaller than triggerMinMagnitude: no automatic simulation
2025/03/09 02:14:58.247373 [Incident:Info:toast@toast-new:Origin updated] Origin updated: OT: 2025-03-08 18:54:03,  Lat/Lon: 28.6847°/130.281°, Depth: 10
2025/03/09 02:14:58.247555 [Simulation:Info:toast@toast-new:Simulation not generated] Magnitude 5.78 of event bmg2025esaq is smaller than triggerMinMagnitude: no automatic simulation
2025/03/09 02:15:08.104085 [Incident:Info:toast@toast-new:Origin updated] Origin updated: OT: 2025-03-08 18:54:03,  Lat/Lon: 28.6847°/130.281°, Depth: 10
2025/03/09 02:15:08.104267 [Incident:Info:toast@toast-new:FM updated] FM updated
2025/03/09 02:15:08.104518 [Simulation:Info:toast@toast-new:Simulation not generated] Magnitude 5.78 of event bmg2025esaq is smaller than triggerMinMagnitude: no automatic simulation
2025/03/09 02:15:27.094189 [Incident:Info:toast@toast-new:Origin updated] Origin updated: OT: 2025-03-08 18:54:03,  Lat/Lon: 28.689°/130.279°, Depth: 10
2025/03/09 02:15:27.094383 [Incident:Info:toast@toast-new:Magnitude updated] Magnitude updated: 5.78 (Mw(mB))
2025/03/09 02:15:27.094421 [Simulation:Info:toast@toast-new:Simulation not generated] Magnitude 5.78 of event bmg2025esaq is smaller than triggerMinMagnitude: no automatic simulation
2025/03/09 02:15:28.300469 [Incident:Info:toast@toast-new:Origin updated] Origin updated: OT: 2025-03-08 18:54:03,  Lat/Lon: 28.689°/130.279°, Depth: 10
2025/03/09 02:15:28.300737 [Incident:Info:toast@toast-new:FM updated] FM updated
2025/03/09 02:15:28.301226 [Simulation:Info:toast@toast-new:Simulation not generated] Magnitude 5.78 of event bmg2025esaq is smaller than triggerMinMagnitude: no automatic simulation
2025/03/09 02:15:38.289334 [Incident:Info:toast@toast-new:Origin updated] Origin updated: OT: 2025-03-08 18:54:03,  Lat/Lon: 28.689°/130.279°, Depth: 10
2025/03/09 02:15:38.289508 [Incident:Info:toast@toast-new:FM updated] FM updated
2025/03/09 02:15:38.289744 [Simulation:Info:toast@toast-new:Simulation not generated] Magnitude 5.78 of event bmg2025esaq is smaller than triggerMinMagnitude: no automatic simulation
2025/03/09 02:16:28.304997 [Incident:Info:toast@toast-new:Origin updated] Origin updated: OT: 2025-03-08 18:54:03,  Lat/Lon: 28.689°/130.279°, Depth: 10
2025/03/09 02:16:28.305195 [Simulation:Info:toast@toast-new:Simulation not generated] Magnitude 5.78 of event bmg2025esaq is smaller than triggerMinMagnitude: no automatic simulation
2025/03/09 02:16:45.274810 [Incident:Info:toast@toast-new:Origin updated] Origin updated: OT: 2025-03-08 18:54:03,  Lat/Lon: 28.689°/130.279°, Depth: 10
2025/03/09 02:16:45.274982 [Incident:Info:toast@toast-new:FM updated] FM updated
2025/03/09 02:16:45.275240 [Simulation:Info:toast@toast-new:Simulation not generated] Magnitude 5.78 of event bmg2025esaq is smaller than triggerMinMagnitude: no automatic simulation
2025/03/09 02:17:04.996707 [Incident:Info:toast@toast-new:Origin updated] Origin updated: OT: 2025-03-08 18:54:03,  Lat/Lon: 28.689°/130.279°, Depth: 10
2025/03/09 02:17:04.996892 [Simulation:Info:toast@toast-new:Simulation not generated] Magnitude 5.78 of event bmg2025esaq is smaller than triggerMinMagnitude: no automatic simulation
2025/03/09 02:17:15.101205 [Incident:Info:toast@toast-new:Origin updated] Origin updated: OT: 2025-03-08 18:54:03,  Lat/Lon: 28.689°/130.279°, Depth: 10
2025/03/09 02:17:15.101411 [Simulation:Info:toast@toast-new:Simulation not generated] Magnitude 5.78 of event bmg2025esaq is smaller than triggerMinMagnitude: no automatic simulation
2025/03/09 02:18:05.061432 [Incident:Info:toast@toast-new:Origin updated] Origin updated: OT: 2025-03-08 18:54:03,  Lat/Lon: 28.689°/130.279°, Depth: 10
2025/03/09 02:18:05.061629 [Simulation:Info:toast@toast-new:Simulation not generated] Magnitude 5.78 of event bmg2025esaq is smaller than triggerMinMagnitude: no automatic simulation
2025/03/09 02:18:35.152777 [Incident:Info:toast@toast-new:Origin updated] Origin updated: OT: 2025-03-08 18:54:03,  Lat/Lon: 28.689°/130.279°, Depth: 10
2025/03/09 02:18:35.152977 [Simulation:Info:toast@toast-new:Simulation not generated] Magnitude 5.78 of event bmg2025esaq is smaller than triggerMinMagnitude: no automatic simulation
2025/03/09 02:18:45.070068 [Incident:Info:toast@toast-new:Origin updated] Origin updated: OT: 2025-03-08 18:54:03,  Lat/Lon: 28.689°/130.279°, Depth: 10
2025/03/09 02:18:45.070258 [Simulation:Info:toast@toast-new:Simulation not generated] Magnitude 5.78 of event bmg2025esaq is smaller than triggerMinMagnitude: no automatic simulation
2025/03/09 02:18:55.020653 [Incident:Info:toast@toast-new:Origin updated] Origin updated: OT: 2025-03-08 18:54:03,  Lat/Lon: 28.689°/130.279°, Depth: 10
2025/03/09 02:18:55.020852 [Simulation:Info:toast@toast-new:Simulation not generated] Magnitude 5.78 of event bmg2025esaq is smaller than triggerMinMagnitude: no automatic simulation
2025/03/09 02:19:08.931840 [Incident:Info:toast@toast-new:Origin updated] Origin updated: OT: 2025-03-08 18:54:03,  Lat/Lon: 28.689°/130.279°, Depth: 10
2025/03/09 02:19:08.932052 [Incident:Info:toast@toast-new:FM updated] FM updated
2025/03/09 02:19:08.932366 [Simulation:Info:toast@toast-new:Simulation not generated] Magnitude 5.78 of event bmg2025esaq is smaller than triggerMinMagnitude: no automatic simulation
2025/03/09 02:19:18.572522 [Incident:Info:toast@toast-new:Origin updated] Origin updated: OT: 2025-03-08 18:54:03,  Lat/Lon: 28.689°/130.279°, Depth: 10
2025/03/09 02:19:18.572693 [Incident:Info:toast@toast-new:FM updated] FM updated
2025/03/09 02:19:18.572925 [Simulation:Info:toast@toast-new:Simulation not generated] Magnitude 5.78 of event bmg2025esaq is smaller than triggerMinMagnitude: no automatic simulation
2025/03/09 02:19:38.564640 [Incident:Info:toast@toast-new:Origin updated] Origin updated: OT: 2025-03-08 18:54:03,  Lat/Lon: 28.689°/130.279°, Depth: 10
2025/03/09 02:19:38.564846 [Simulation:Info:toast@toast-new:Simulation not generated] Magnitude 5.78 of event bmg2025esaq is smaller than triggerMinMagnitude: no automatic simulation
2025/03/09 02:19:58.981081 [Incident:Info:toast@toast-new:Origin updated] Origin updated: OT: 2025-03-08 18:54:03,  Lat/Lon: 28.689°/130.279°, Depth: 10
2025/03/09 02:19:58.981277 [Simulation:Info:toast@toast-new:Simulation not generated] Magnitude 5.78 of event bmg2025esaq is smaller than triggerMinMagnitude: no automatic simulation
2025/03/09 02:20:38.661244 [Incident:Info:toast@toast-new:Origin updated] Origin updated: OT: 2025-03-08 18:54:03,  Lat/Lon: 28.689°/130.279°, Depth: 10
2025/03/09 02:20:38.661425 [Simulation:Info:toast@toast-new:Simulation not generated] Magnitude 5.78 of event bmg2025esaq is smaller than triggerMinMagnitude: no automatic simulation
2025/03/09 02:21:08.857410 [Incident:Info:toast@toast-new:Origin updated] Origin updated: OT: 2025-03-08 18:54:03,  Lat/Lon: 28.689°/130.279°, Depth: 10
2025/03/09 02:21:08.857600 [Incident:Info:toast@toast-new:FM updated] FM updated
2025/03/09 02:21:08.857850 [Simulation:Info:toast@toast-new:Simulation not generated] Magnitude 5.78 of event bmg2025esaq is smaller than triggerMinMagnitude: no automatic simulation
2025/03/09 02:21:39.403380 [Incident:Info:toast@toast-new:Origin updated] Origin updated: OT: 2025-03-08 18:54:03,  Lat/Lon: 28.689°/130.279°, Depth: 10
2025/03/09 02:21:39.403561 [Incident:Info:toast@toast-new:FM updated] FM updated
2025/03/09 02:21:39.403805 [Simulation:Info:toast@toast-new:Simulation not generated] Magnitude 5.78 of event bmg2025esaq is smaller than triggerMinMagnitude: no automatic simulation
2025/03/09 02:22:08.180229 [Incident:Info:toast@toast-new:Origin updated] Origin updated: OT: 2025-03-08 18:54:03,  Lat/Lon: 28.689°/130.279°, Depth: 10
2025/03/09 02:22:08.180421 [Simulation:Info:toast@toast-new:Simulation not generated] Magnitude 5.78 of event bmg2025esaq is smaller than triggerMinMagnitude: no automatic simulation
2025/03/09 02:27:09.389821 [Incident:Info:toast@toast-new:Origin updated] Origin updated: OT: 2025-03-08 18:54:03,  Lat/Lon: 28.689°/130.279°, Depth: 10
2025/03/09 02:27:09.390011 [Simulation:Info:toast@toast-new:Simulation not generated] Magnitude 5.78 of event bmg2025esaq is smaller than triggerMinMagnitude: no automatic simulation
2025/03/09 02:29:35.475571 [Incident:Info:toast@toast-new:Origin updated] Origin updated: OT: 2025-03-08 18:54:03,  Lat/Lon: 28.689°/130.279°, Depth: 10
2025/03/09 02:29:35.475803 [Incident:Info:toast@toast-new:FM updated] FM updated
2025/03/09 02:29:35.476120 [Simulation:Info:toast@toast-new:Simulation not generated] Magnitude 5.78 of event bmg2025esaq is smaller than triggerMinMagnitude: no automatic simulation
2025/03/09 02:29:45.483297 [Incident:Info:toast@toast-new:Origin updated] Origin updated: OT: 2025-03-08 18:54:03,  Lat/Lon: 28.689°/130.279°, Depth: 10
2025/03/09 02:29:45.483499 [Simulation:Info:toast@toast-new:Simulation not generated] Magnitude 5.78 of event bmg2025esaq is smaller than triggerMinMagnitude: no automatic simulation
2025/03/09 02:29:55.540450 [Incident:Info:toast@toast-new:Origin updated] Origin updated: OT: 2025-03-08 18:54:03,  Lat/Lon: 28.689°/130.279°, Depth: 10
2025/03/09 02:29:55.540659 [Simulation:Info:toast@toast-new:Simulation not generated] Magnitude 5.78 of event bmg2025esaq is smaller than triggerMinMagnitude: no automatic simulation
2025/03/09 02:30:07.247639 [Incident:Info:toast@toast-new:Origin updated] Origin updated: OT: 2025-03-08 18:54:03,  Lat/Lon: 28.689°/130.279°, Depth: 10
2025/03/09 02:30:07.247838 [Incident:Info:toast@toast-new:FM updated] FM updated
2025/03/09 02:30:07.248121 [Simulation:Info:toast@toast-new:Simulation not generated] Magnitude 5.78 of event bmg2025esaq is smaller than triggerMinMagnitude: no automatic simulation
2025/03/09 02:30:16.175292 [Incident:Info:toast@toast-new:Origin updated] Origin updated: OT: 2025-03-08 18:54:03,  Lat/Lon: 28.689°/130.279°, Depth: 10
2025/03/09 02:30:16.175481 [Incident:Info:toast@toast-new:FM updated] FM updated
2025/03/09 02:30:16.175734 [Simulation:Info:toast@toast-new:Simulation not generated] Magnitude 5.78 of event bmg2025esaq is smaller than triggerMinMagnitude: no automatic simulation
2025/03/09 02:30:26.433749 [Incident:Info:toast@toast-new:Origin updated] Origin updated: OT: 2025-03-08 18:54:03,  Lat/Lon: 28.689°/130.279°, Depth: 10
2025/03/09 02:30:26.433925 [Incident:Info:toast@toast-new:FM updated] FM updated
2025/03/09 02:30:26.434160 [Simulation:Info:toast@toast-new:Simulation not generated] Magnitude 5.78 of event bmg2025esaq is smaller than triggerMinMagnitude: no automatic simulation
2025/03/09 02:30:36.822929 [Incident:Info:toast@toast-new:Origin updated] Origin updated: OT: 2025-03-08 18:54:03,  Lat/Lon: 28.689°/130.279°, Depth: 10
2025/03/09 02:30:36.823125 [Simulation:Info:toast@toast-new:Simulation not generated] Magnitude 5.78 of event bmg2025esaq is smaller than triggerMinMagnitude: no automatic simulation
2025/03/09 02:30:46.756052 [Incident:Info:toast@toast-new:Origin updated] Origin updated: OT: 2025-03-08 18:54:03,  Lat/Lon: 28.689°/130.279°, Depth: 10
2025/03/09 02:30:46.756258 [Simulation:Info:toast@toast-new:Simulation not generated] Magnitude 5.78 of event bmg2025esaq is smaller than triggerMinMagnitude: no automatic simulation
2025/03/09 02:30:58.227004 [Incident:Info:toast@toast-new:Origin updated] Origin updated: OT: 2025-03-08 18:54:03,  Lat/Lon: 28.689°/130.279°, Depth: 10
2025/03/09 02:30:58.227203 [Simulation:Info:toast@toast-new:Simulation not generated] Magnitude 5.78 of event bmg2025esaq is smaller than triggerMinMagnitude: no automatic simulation
2025/03/09 02:31:08.445983 [Incident:Info:toast@toast-new:Origin updated] Origin updated: OT: 2025-03-08 18:54:03,  Lat/Lon: 28.689°/130.279°, Depth: 10
2025/03/09 02:31:08.446173 [Simulation:Info:toast@toast-new:Simulation not generated] Magnitude 5.78 of event bmg2025esaq is smaller than triggerMinMagnitude: no automatic simulation
2025/03/09 02:31:19.888058 [Incident:Info:toast@toast-new:Origin updated] Origin updated: OT: 2025-03-08 18:54:03,  Lat/Lon: 28.689°/130.279°, Depth: 10
2025/03/09 02:31:19.888271 [Simulation:Info:toast@toast-new:Simulation not generated] Magnitude 5.78 of event bmg2025esaq is smaller than triggerMinMagnitude: no automatic simulation
2025/03/09 02:31:41.181301 [Incident:Info:toast@toast-new:Origin updated] Origin updated: OT: 2025-03-08 18:54:03,  Lat/Lon: 28.689°/130.279°, Depth: 10
2025/03/09 02:31:41.181469 [Simulation:Info:toast@toast-new:Simulation not generated] Magnitude 5.78 of event bmg2025esaq is smaller than triggerMinMagnitude: no automatic simulation
2025/03/09 02:32:00.771407 [Incident:Info:toast@toast-new:Origin updated] Origin updated: OT: 2025-03-08 18:54:03,  Lat/Lon: 28.689°/130.279°, Depth: 10
2025/03/09 02:32:00.771599 [Simulation:Info:toast@toast-new:Simulation not generated] Magnitude 5.78 of event bmg2025esaq is smaller than triggerMinMagnitude: no automatic simulation
2025/03/09 02:32:21.716431 [Incident:Info:toast@toast-new:Origin updated] Origin updated: OT: 2025-03-08 18:54:03,  Lat/Lon: 28.689°/130.279°, Depth: 10
2025/03/09 02:32:21.716623 [Simulation:Info:toast@toast-new:Simulation not generated] Magnitude 5.78 of event bmg2025esaq is smaller than triggerMinMagnitude: no automatic simulation
2025/03/09 02:32:43.271852 [Incident:Info:toast@toast-new:Origin updated] Origin updated: OT: 2025-03-08 18:54:03,  Lat/Lon: 28.689°/130.279°, Depth: 10
2025/03/09 02:32:43.272056 [Incident:Info:toast@toast-new:FM updated] FM updated
2025/03/09 02:32:43.272354 [Simulation:Info:toast@toast-new:Simulation not generated] Magnitude 5.78 of event bmg2025esaq is smaller than triggerMinMagnitude: no automatic simulation
2025/03/09 02:33:03.527761 [Incident:Info:toast@toast-new:Origin updated] Origin updated: OT: 2025-03-08 18:54:03,  Lat/Lon: 28.689°/130.279°, Depth: 10
2025/03/09 02:33:03.527948 [Simulation:Info:toast@toast-new:Simulation not generated] Magnitude 5.78 of event bmg2025esaq is smaller than triggerMinMagnitude: no automatic simulation
2025/03/09 02:33:23.903943 [Incident:Info:toast@toast-new:Origin updated] Origin updated: OT: 2025-03-08 18:54:03,  Lat/Lon: 28.689°/130.279°, Depth: 10
2025/03/09 02:33:23.904139 [Simulation:Info:toast@toast-new:Simulation not generated] Magnitude 5.78 of event bmg2025esaq is smaller than triggerMinMagnitude: no automatic simulation
2025/03/09 02:33:43.008961 [Incident:Info:toast@toast-new:Origin updated] Origin updated: OT: 2025-03-08 18:54:03,  Lat/Lon: 28.689°/130.279°, Depth: 10
2025/03/09 02:33:43.009161 [Simulation:Info:toast@toast-new:Simulation not generated] Magnitude 5.78 of event bmg2025esaq is smaller than triggerMinMagnitude: no automatic simulation
2025/03/09 02:34:18.219946 [Incident:Info:toast@toast-new:Origin updated] Origin updated: OT: 2025-03-08 18:54:03,  Lat/Lon: 28.689°/130.279°, Depth: 10
2025/03/09 02:34:18.220106 [Incident:Info:toast@toast-new:FM updated] FM updated
2025/03/09 02:34:18.220340 [Simulation:Info:toast@toast-new:Simulation not generated] Magnitude 5.78 of event bmg2025esaq is smaller than triggerMinMagnitude: no automatic simulation
2025/03/09 02:34:52.549242 [Incident:Info:toast@toast-new:Origin updated] Origin updated: OT: 2025-03-08 18:54:03,  Lat/Lon: 28.688°/130.279°, Depth: 10
2025/03/09 02:34:52.549416 [Incident:Info:toast@toast-new:Magnitude updated] Magnitude updated: 5.78 (Mw(mB))
2025/03/09 02:34:52.549457 [Simulation:Info:toast@toast-new:Simulation not generated] Magnitude 5.78 of event bmg2025esaq is smaller than triggerMinMagnitude: no automatic simulation
2025/03/09 02:35:03.006909 [Incident:Info:toast@toast-new:Origin updated] Origin updated: OT: 2025-03-08 18:54:03,  Lat/Lon: 28.688°/130.279°, Depth: 10
2025/03/09 02:35:03.007097 [Incident:Info:toast@toast-new:FM updated] FM updated
2025/03/09 02:35:03.007385 [Simulation:Info:toast@toast-new:Simulation not generated] Magnitude 5.78 of event bmg2025esaq is smaller than triggerMinMagnitude: no automatic simulation
2025/03/09 02:36:18.208123 [Incident:Info:toast@toast-new:Origin updated] Origin updated: OT: 2025-03-08 18:54:03,  Lat/Lon: 28.688°/130.279°, Depth: 10
2025/03/09 02:36:18.208311 [Incident:Info:toast@toast-new:FM updated] FM updated
2025/03/09 02:36:18.208567 [Simulation:Info:toast@toast-new:Simulation not generated] Magnitude 5.78 of event bmg2025esaq is smaller than triggerMinMagnitude: no automatic simulation
2025/03/09 02:36:42.830906 [Incident:Info:toast@toast-new:Origin updated] Origin updated: OT: 2025-03-08 18:54:03,  Lat/Lon: 28.688°/130.279°, Depth: 10
2025/03/09 02:36:42.831118 [Incident:Info:toast@toast-new:FM updated] FM updated
2025/03/09 02:36:42.831395 [Simulation:Info:toast@toast-new:Simulation not generated] Magnitude 5.78 of event bmg2025esaq is smaller than triggerMinMagnitude: no automatic simulation
2025/03/09 02:37:42.811216 [Incident:Info:toast@toast-new:Origin updated] Origin updated: OT: 2025-03-08 18:54:03,  Lat/Lon: 28.688°/130.279°, Depth: 10
2025/03/09 02:37:42.811390 [Incident:Info:toast@toast-new:FM updated] FM updated
2025/03/09 02:37:42.811617 [Simulation:Info:toast@toast-new:Simulation not generated] Magnitude 5.78 of event bmg2025esaq is smaller than triggerMinMagnitude: no automatic simulation
2025/03/09 02:38:23.032623 [Incident:Info:toast@toast-new:Origin updated] Origin updated: OT: 2025-03-08 18:54:03,  Lat/Lon: 28.688°/130.279°, Depth: 10
2025/03/09 02:38:23.032832 [Incident:Info:toast@toast-new:FM updated] FM updated
2025/03/09 02:38:23.033138 [Simulation:Info:toast@toast-new:Simulation not generated] Magnitude 5.78 of event bmg2025esaq is smaller than triggerMinMagnitude: no automatic simulation
2025/03/09 02:39:03.080642 [Incident:Info:toast@toast-new:Origin updated] Origin updated: OT: 2025-03-08 18:54:03,  Lat/Lon: 28.688°/130.279°, Depth: 10
2025/03/09 02:39:03.080837 [Incident:Info:toast@toast-new:FM updated] FM updated
2025/03/09 02:39:03.081093 [Simulation:Info:toast@toast-new:Simulation not generated] Magnitude 5.78 of event bmg2025esaq is smaller than triggerMinMagnitude: no automatic simulation
2025/03/09 02:40:38.295732 [Incident:Info:toast@toast-new:Origin updated] Origin updated: OT: 2025-03-08 18:54:03,  Lat/Lon: 28.688°/130.279°, Depth: 10
2025/03/09 02:40:38.295911 [Incident:Info:toast@toast-new:FM updated] FM updated
2025/03/09 02:40:38.296156 [Simulation:Info:toast@toast-new:Simulation not generated] Magnitude 5.78 of event bmg2025esaq is smaller than triggerMinMagnitude: no automatic simulation
2025/03/09 07:04:31.984285 [Incident:Info:toast@toast-new:Origin updated] Origin updated: OT: 2025-03-08 18:54:05,  Lat/Lon: 28.6837°/130.281°, Depth: 17.7997
2025/03/09 07:04:31.984501 [Incident:Info:toast@toast-new:Magnitude updated] Magnitude updated: 5.78 (Mw(mB))
2025/03/09 07:04:31.984548 [Simulation:Info:toast@toast-new:Simulation not generated] Magnitude 5.78 of event bmg2025esaq is smaller than triggerMinMagnitude: no automatic simulation
2025/03/09 07:13:31.022003 [Incident:Info:toast@toast-new:Origin updated] Origin updated: OT: 2025-03-08 18:54:03,  Lat/Lon: 28.6739°/130.26°, Depth: 10.1947
2025/03/09 07:13:31.022233 [Incident:Info:toast@toast-new:Magnitude updated] Magnitude updated: 5.77 (Mw(mB))
2025/03/09 07:13:31.022278 [Simulation:Info:toast@toast-new:Simulation not generated] Magnitude 5.77 of event bmg2025esaq is smaller than triggerMinMagnitude: no automatic simulation
2025/03/09 07:13:31.039084 [Incident:Info:toast@toast-new:Origin updated] Origin updated: OT: 2025-03-08 18:54:03,  Lat/Lon: 28.6739°/130.26°, Depth: 10.1947
2025/03/09 07:13:31.039214 [Incident:Info:toast@toast-new:Magnitude updated] Magnitude updated: 5.89 (mb)
2025/03/09 07:13:31.039264 [Simulation:Info:toast@toast-new:Simulation not generated] Magnitude 5.89 of event bmg2025esaq is smaller than triggerMinMagnitude: no automatic simulation
2025/03/11 09:35:41.205139 [Incident:Info:toast@toast-new:Incident removed] Removed incident - Bye
