2025/06/28 15:40:47.905136 [Incident:Info:toast@toast-new:Displacement(s) updated] Added 0 and changed 0 displacements with 0 amplitudes
2025/06/28 15:40:47.905925 [Incident:Info:toast@toast-new:Incident created] Incident created based on event received from messaging: OT: 2025-06-28 08:32:19,  Lat/Lon: -61.20°/-38.77°, Depth: 10.00, Mag: 6.43 (Mw(mB))
2025/06/28 15:40:47.906528 [Simulation:Info:toast@toast-new:Simulation not generated] Magnitude 6.43 of event bmg2025mnwl is smaller than triggerMinMagnitude: no automatic simulation
2025/06/28 15:40:47.927495 [Incident:Info:toast@toast-new:Origin updated] Origin updated: OT: 2025-06-28 08:32:19,  Lat/Lon: -61.1971°/-38.7657°, Depth: 10
2025/06/28 15:40:47.927629 [Simulation:Info:toast@toast-new:Simulation not generated] Magnitude 6.43 of event bmg2025mnwl is smaller than triggerMinMagnitude: no automatic simulation
2025/06/28 15:40:48.608946 [Incident:Info:toast@toast-new:Origin updated] Origin updated: OT: 2025-06-28 08:32:19,  Lat/Lon: -61.1971°/-38.7657°, Depth: 10
2025/06/28 15:40:48.609094 [Incident:Info:toast@toast-new:Magnitude updated] Magnitude updated: 6.42 (Mw(mB))
2025/06/28 15:40:48.609123 [Simulation:Info:toast@toast-new:Simulation not generated] Magnitude 6.42 of event bmg2025mnwl is smaller than triggerMinMagnitude: no automatic simulation
2025/06/28 15:40:57.374812 [Incident:Info:toast@toast-new:Origin updated] Origin updated: OT: 2025-06-28 08:32:19,  Lat/Lon: -61.1971°/-38.7657°, Depth: 10
2025/06/28 15:40:57.374999 [Incident:Info:toast@toast-new:Magnitude updated] Magnitude updated: 6.43 (Mw(mB))
2025/06/28 15:40:57.375045 [Simulation:Info:toast@toast-new:Simulation not generated] Magnitude 6.43 of event bmg2025mnwl is smaller than triggerMinMagnitude: no automatic simulation
2025/06/28 15:41:03.456148 [Incident:Info:toast@toast-new:Origin updated] Origin updated: OT: 2025-06-28 08:32:20,  Lat/Lon: -61.1643°/-38.7779°, Depth: 10
2025/06/28 15:41:03.456352 [Incident:Info:toast@toast-new:Magnitude updated] Magnitude updated: 6.43 (Mw(mB))
2025/06/28 15:41:03.456397 [Simulation:Info:toast@toast-new:Simulation not generated] Magnitude 6.43 of event bmg2025mnwl is smaller than triggerMinMagnitude: no automatic simulation
2025/06/28 15:41:10.577049 [Incident:Info:toast@toast-new:Origin updated] Origin updated: OT: 2025-06-28 08:32:20,  Lat/Lon: -61.1643°/-38.7779°, Depth: 10
2025/06/28 15:41:10.577234 [Incident:Info:toast@toast-new:Magnitude updated] Magnitude updated: 6.44 (Mw(mB))
2025/06/28 15:41:10.577276 [Simulation:Info:toast@toast-new:Simulation not generated] Magnitude 6.44 of event bmg2025mnwl is smaller than triggerMinMagnitude: no automatic simulation
2025/06/28 15:41:15.593309 [Incident:Info:toast@toast-new:Origin updated] Origin updated: OT: 2025-06-28 08:32:20,  Lat/Lon: -61.1643°/-38.7779°, Depth: 10
2025/06/28 15:41:15.593478 [Incident:Info:toast@toast-new:Magnitude updated] Magnitude updated: 6.45 (Mw(mB))
2025/06/28 15:41:15.593516 [Simulation:Info:toast@toast-new:Simulation not generated] Magnitude 6.45 of event bmg2025mnwl is smaller than triggerMinMagnitude: no automatic simulation
2025/06/28 15:41:16.616291 [Incident:Info:toast@toast-new:Origin updated] Origin updated: OT: 2025-06-28 08:32:20,  Lat/Lon: -61.1643°/-38.7779°, Depth: 10
2025/06/28 15:41:16.616466 [Incident:Info:toast@toast-new:Magnitude updated] Magnitude updated: 6.45 (Mw(mB))
2025/06/28 15:41:16.616509 [Simulation:Info:toast@toast-new:Simulation not generated] Magnitude 6.45 of event bmg2025mnwl is smaller than triggerMinMagnitude: no automatic simulation
2025/06/28 15:41:19.498956 [Incident:Info:toast@toast-new:Origin updated] Origin updated: OT: 2025-06-28 08:32:20,  Lat/Lon: -61.1708°/-38.7641°, Depth: 10
2025/06/28 15:41:19.499152 [Incident:Info:toast@toast-new:Magnitude updated] Magnitude updated: 6.41 (Mw(mB))
2025/06/28 15:41:19.499199 [Simulation:Info:toast@toast-new:Simulation not generated] Magnitude 6.41 of event bmg2025mnwl is smaller than triggerMinMagnitude: no automatic simulation
2025/06/28 15:41:21.917243 [Incident:Info:toast@toast-new:Origin updated] Origin updated: OT: 2025-06-28 08:32:20,  Lat/Lon: -61.1708°/-38.7641°, Depth: 10
2025/06/28 15:41:21.917450 [Incident:Info:toast@toast-new:Magnitude updated] Magnitude updated: 6.41 (Mw(mB))
2025/06/28 15:41:21.917485 [Simulation:Info:toast@toast-new:Simulation not generated] Magnitude 6.41 of event bmg2025mnwl is smaller than triggerMinMagnitude: no automatic simulation
2025/06/28 15:41:22.434659 [Incident:Info:toast@toast-new:Origin updated] Origin updated: OT: 2025-06-28 08:32:20,  Lat/Lon: -61.1708°/-38.7641°, Depth: 10
2025/06/28 15:41:22.434814 [Incident:Info:toast@toast-new:Magnitude updated] Magnitude updated: 6.41 (Mw(mB))
2025/06/28 15:41:22.434850 [Simulation:Info:toast@toast-new:Simulation not generated] Magnitude 6.41 of event bmg2025mnwl is smaller than triggerMinMagnitude: no automatic simulation
2025/06/28 15:41:25.737679 [Incident:Info:toast@toast-new:Origin updated] Origin updated: OT: 2025-06-28 08:32:20,  Lat/Lon: -61.1708°/-38.7641°, Depth: 10
2025/06/28 15:41:25.737864 [Incident:Info:toast@toast-new:Magnitude updated] Magnitude updated: 6.40 (Mw(mB))
2025/06/28 15:41:25.737915 [Simulation:Info:toast@toast-new:Simulation not generated] Magnitude 6.40 of event bmg2025mnwl is smaller than triggerMinMagnitude: no automatic simulation
2025/06/28 15:41:29.446395 [Incident:Info:toast@toast-new:Origin updated] Origin updated: OT: 2025-06-28 08:32:20,  Lat/Lon: -61.1708°/-38.7641°, Depth: 10
2025/06/28 15:41:29.446577 [Incident:Info:toast@toast-new:Magnitude updated] Magnitude updated: 6.40 (Mw(mB))
2025/06/28 15:41:29.446624 [Simulation:Info:toast@toast-new:Simulation not generated] Magnitude 6.40 of event bmg2025mnwl is smaller than triggerMinMagnitude: no automatic simulation
2025/06/28 15:41:31.777612 [Incident:Info:toast@toast-new:Origin updated] Origin updated: OT: 2025-06-28 08:32:20,  Lat/Lon: -61.1708°/-38.7641°, Depth: 10
2025/06/28 15:41:31.777799 [Incident:Info:toast@toast-new:Magnitude updated] Magnitude updated: 6.41 (Mw(mB))
2025/06/28 15:41:31.777846 [Simulation:Info:toast@toast-new:Simulation not generated] Magnitude 6.41 of event bmg2025mnwl is smaller than triggerMinMagnitude: no automatic simulation
2025/06/28 15:41:32.217900 [Incident:Info:toast@toast-new:Origin updated] Origin updated: OT: 2025-06-28 08:32:20,  Lat/Lon: -60.8554°/-38.5246°, Depth: 10
2025/06/28 15:41:32.218058 [Incident:Info:toast@toast-new:Magnitude updated] Magnitude updated: 6.59 (M)
2025/06/28 15:41:32.219348 [Simulation:Info:toast@toast-new:Event outside source region] Simulation setup: Event outside configured source regions.
2025/06/28 15:41:32.220027 [Simulation:Info:toast@toast-new:Simulation(s) started] No nodal plane available. Starting Simulation(s) with fault plane, Lat/Lon: -60.86°/ -38.52° (MT), Depth: 10.00km (MT), Mag: 6.59 (MT)
2025/06/28 15:41:32.220675 [Simulation:Info:toast@toast-new:Simulation running] TsunAWI: Looking for matching scenarios
2025/06/28 15:41:32.220741 [Simulation:Error:toast@toast-new:Simulation] EasyWave2: Failed to find grid file
2025/06/28 15:41:32.222047 [Simulation:Info:toast@toast-new:No simulation returned] EasyWave2 simulation backend returned no simulation.
2025/06/28 15:41:32.224696 [Simulation:Info:toast@toast-new:Simulation finished] TsunAWI: No matching scenarios
2025/06/28 15:41:32.224884 [Simulation:Info:toast@toast-new:No simulation returned] TsunAWI simulation backend returned no simulation.
2025/06/28 15:41:38.669161 [Incident:Info:toast@toast-new:Origin updated] Origin updated: OT: 2025-06-28 08:32:20,  Lat/Lon: -60.8554°/-38.5246°, Depth: 10
2025/06/28 15:41:38.669317 [Incident:Info:toast@toast-new:Magnitude updated] Magnitude updated: 6.56 (M)
2025/06/28 15:41:38.670545 [Simulation:Info:toast@toast-new:Event outside source region] Simulation setup: Event outside configured source regions.
2025/06/28 15:41:38.670943 [Simulation:Info:toast@toast-new:Simulation(s) started] No nodal plane available. Starting Simulation(s) with fault plane, Lat/Lon: -60.86°/ -38.52° (MT), Depth: 10.00km (MT), Mag: 6.56 (MT)
2025/06/28 15:41:38.671645 [Simulation:Error:toast@toast-new:Simulation] EasyWave2: Failed to find grid file
2025/06/28 15:41:38.671714 [Simulation:Info:toast@toast-new:Simulation running] TsunAWI: Looking for matching scenarios
2025/06/28 15:41:38.672926 [Simulation:Info:toast@toast-new:No simulation returned] EasyWave2 simulation backend returned no simulation.
2025/06/28 15:41:38.675653 [Simulation:Info:toast@toast-new:Simulation finished] TsunAWI: No matching scenarios
2025/06/28 15:41:38.675826 [Simulation:Info:toast@toast-new:No simulation returned] TsunAWI simulation backend returned no simulation.
2025/06/28 15:41:58.675744 [Incident:Info:toast@toast-new:Origin updated] Origin updated: OT: 2025-06-28 08:32:20,  Lat/Lon: -60.8554°/-38.5246°, Depth: 10
2025/06/28 15:41:58.675941 [Incident:Info:toast@toast-new:Magnitude updated] Magnitude updated: 6.54 (M)
2025/06/28 15:41:58.677248 [Simulation:Info:toast@toast-new:Event outside source region] Simulation setup: Event outside configured source regions.
2025/06/28 15:41:58.677589 [Simulation:Info:toast@toast-new:Simulation(s) started] No nodal plane available. Starting Simulation(s) with fault plane, Lat/Lon: -60.86°/ -38.52° (MT), Depth: 10.00km (MT), Mag: 6.54 (MT)
2025/06/28 15:41:58.678326 [Simulation:Error:toast@toast-new:Simulation] EasyWave2: Failed to find grid file
2025/06/28 15:41:58.678457 [Simulation:Info:toast@toast-new:Simulation running] TsunAWI: Looking for matching scenarios
2025/06/28 15:41:58.680619 [Simulation:Info:toast@toast-new:No simulation returned] EasyWave2 simulation backend returned no simulation.
2025/06/28 15:41:58.681719 [Simulation:Info:toast@toast-new:Simulation finished] TsunAWI: No matching scenarios
2025/06/28 15:41:58.681838 [Simulation:Info:toast@toast-new:No simulation returned] TsunAWI simulation backend returned no simulation.
2025/06/28 15:42:02.483895 [Incident:Info:toast@toast-new:Origin updated] Origin updated: OT: 2025-06-28 08:32:21,  Lat/Lon: -61.0192°/-38.949°, Depth: 10
2025/06/28 15:42:02.484098 [Incident:Info:toast@toast-new:Magnitude updated] Magnitude updated: 6.55 (M)
2025/06/28 15:42:02.485445 [Simulation:Info:toast@toast-new:Event outside source region] Simulation setup: Event outside configured source regions.
2025/06/28 15:42:02.485851 [Simulation:Info:toast@toast-new:Simulation(s) started] No nodal plane available. Starting Simulation(s) with fault plane, Lat/Lon: -61.02°/ -38.95° (MT), Depth: 10.00km (MT), Mag: 6.55 (MT)
2025/06/28 15:42:02.486692 [Simulation:Error:toast@toast-new:Simulation] EasyWave2: Failed to find grid file
2025/06/28 15:42:02.486781 [Simulation:Info:toast@toast-new:Simulation running] TsunAWI: Looking for matching scenarios
2025/06/28 15:42:02.490950 [Simulation:Info:toast@toast-new:Simulation finished] TsunAWI: No matching scenarios
2025/06/28 15:42:02.491169 [Simulation:Info:toast@toast-new:No simulation returned] EasyWave2 simulation backend returned no simulation.
2025/06/28 15:42:02.491916 [Simulation:Info:toast@toast-new:No simulation returned] TsunAWI simulation backend returned no simulation.
2025/06/28 15:42:18.695557 [Incident:Info:toast@toast-new:Origin updated] Origin updated: OT: 2025-06-28 08:32:21,  Lat/Lon: -61.0192°/-38.949°, Depth: 10
2025/06/28 15:42:18.695739 [Incident:Info:toast@toast-new:Magnitude updated] Magnitude updated: 6.51 (M)
2025/06/28 15:42:18.696997 [Simulation:Info:toast@toast-new:Event outside source region] Simulation setup: Event outside configured source regions.
2025/06/28 15:42:18.697416 [Simulation:Info:toast@toast-new:Simulation(s) started] No nodal plane available. Starting Simulation(s) with fault plane, Lat/Lon: -61.02°/ -38.95° (MT), Depth: 10.00km (MT), Mag: 6.51 (MT)
2025/06/28 15:42:18.698132 [Simulation:Error:toast@toast-new:Simulation] EasyWave2: Failed to find grid file
2025/06/28 15:42:18.698201 [Simulation:Info:toast@toast-new:Simulation running] TsunAWI: Looking for matching scenarios
2025/06/28 15:42:18.700752 [Simulation:Info:toast@toast-new:No simulation returned] EasyWave2 simulation backend returned no simulation.
2025/06/28 15:42:18.702403 [Simulation:Info:toast@toast-new:Simulation finished] TsunAWI: No matching scenarios
2025/06/28 15:42:18.702621 [Simulation:Info:toast@toast-new:No simulation returned] TsunAWI simulation backend returned no simulation.
2025/06/28 15:42:36.712336 [Incident:Info:toast@toast-new:Origin updated] Origin updated: OT: 2025-06-28 08:32:21,  Lat/Lon: -61.0249°/-38.8405°, Depth: 10
2025/06/28 15:42:36.712523 [Incident:Info:toast@toast-new:Magnitude updated] Magnitude updated: 6.47 (M)
2025/06/28 15:42:36.712564 [Simulation:Info:toast@toast-new:Simulation not generated] Magnitude 6.47 of event bmg2025mnwl is smaller than triggerMinMagnitude: no automatic simulation
2025/06/28 15:42:43.713201 [Incident:Info:toast@toast-new:Origin updated] Origin updated: OT: 2025-06-28 08:32:21,  Lat/Lon: -61.0249°/-38.8405°, Depth: 10
2025/06/28 15:42:43.713391 [Incident:Info:toast@toast-new:Magnitude updated] Magnitude updated: 6.49 (M)
2025/06/28 15:42:43.713440 [Simulation:Info:toast@toast-new:Simulation not generated] Magnitude 6.49 of event bmg2025mnwl is smaller than triggerMinMagnitude: no automatic simulation
2025/06/28 15:42:44.382188 [Incident:Info:toast@toast-new:Origin updated] Origin updated: OT: 2025-06-28 08:32:21,  Lat/Lon: -61.0304°/-38.8415°, Depth: 10
2025/06/28 15:42:44.382370 [Incident:Info:toast@toast-new:Magnitude updated] Magnitude updated: 6.47 (Mw(mB))
2025/06/28 15:42:44.382412 [Simulation:Info:toast@toast-new:Simulation not generated] Magnitude 6.47 of event bmg2025mnwl is smaller than triggerMinMagnitude: no automatic simulation
2025/06/28 15:42:53.157925 [Incident:Info:toast@toast-new:Origin updated] Origin updated: OT: 2025-06-28 08:32:21,  Lat/Lon: -61.0526°/-38.8465°, Depth: 10
2025/06/28 15:42:53.158132 [Incident:Info:toast@toast-new:Magnitude updated] Magnitude updated: 6.49 (Mw(mB))
2025/06/28 15:42:53.158179 [Simulation:Info:toast@toast-new:Simulation not generated] Magnitude 6.49 of event bmg2025mnwl is smaller than triggerMinMagnitude: no automatic simulation
2025/06/28 15:43:03.731296 [Incident:Info:toast@toast-new:Origin updated] Origin updated: OT: 2025-06-28 08:32:21,  Lat/Lon: -61.0526°/-38.8465°, Depth: 10
2025/06/28 15:43:03.731489 [Incident:Info:toast@toast-new:Magnitude updated] Magnitude updated: 6.47 (Mw(mB))
2025/06/28 15:43:03.731539 [Simulation:Info:toast@toast-new:Simulation not generated] Magnitude 6.47 of event bmg2025mnwl is smaller than triggerMinMagnitude: no automatic simulation
2025/06/28 15:43:18.635521 [Incident:Info:toast@toast-new:Origin updated] Origin updated: OT: 2025-06-28 08:32:22,  Lat/Lon: -61.0449°/-38.8095°, Depth: 10
2025/06/28 15:43:18.635734 [Incident:Info:toast@toast-new:Magnitude updated] Magnitude updated: 6.47 (Mw(mB))
2025/06/28 15:43:18.635783 [Simulation:Info:toast@toast-new:Simulation not generated] Magnitude 6.47 of event bmg2025mnwl is smaller than triggerMinMagnitude: no automatic simulation
2025/06/28 15:43:28.204390 [Incident:Info:toast@toast-new:Origin updated] Origin updated: OT: 2025-06-28 08:32:22,  Lat/Lon: -61.0505°/-38.829°, Depth: 10
2025/06/28 15:43:28.204589 [Incident:Info:toast@toast-new:Magnitude updated] Magnitude updated: 6.50 (Mw(mB))
2025/06/28 15:43:28.204636 [Simulation:Info:toast@toast-new:Simulation not generated] Magnitude 6.50 of event bmg2025mnwl is smaller than triggerMinMagnitude: no automatic simulation
2025/06/28 15:43:47.645546 [Incident:Info:toast@toast-new:Origin updated] Origin updated: OT: 2025-06-28 08:32:22,  Lat/Lon: -61.0526°/-38.8271°, Depth: 10
2025/06/28 15:43:47.645746 [Incident:Info:toast@toast-new:Magnitude updated] Magnitude updated: 6.50 (Mw(mB))
2025/06/28 15:43:47.645793 [Simulation:Info:toast@toast-new:Simulation not generated] Magnitude 6.50 of event bmg2025mnwl is smaller than triggerMinMagnitude: no automatic simulation
2025/06/28 15:43:48.686205 [Incident:Info:toast@toast-new:Origin updated] Origin updated: OT: 2025-06-28 08:32:22,  Lat/Lon: -61.0526°/-38.8271°, Depth: 10
2025/06/28 15:43:48.686381 [Incident:Info:toast@toast-new:Magnitude updated] Magnitude updated: 6.50 (Mw(mB))
2025/06/28 15:43:48.686427 [Simulation:Info:toast@toast-new:Simulation not generated] Magnitude 6.50 of event bmg2025mnwl is smaller than triggerMinMagnitude: no automatic simulation
2025/06/28 15:44:01.989693 [Incident:Info:toast@toast-new:Origin updated] Origin updated: OT: 2025-06-28 08:32:22,  Lat/Lon: -61.0526°/-38.8271°, Depth: 10
2025/06/28 15:44:01.989882 [Incident:Info:toast@toast-new:Magnitude updated] Magnitude updated: 6.48 (Mw(mB))
2025/06/28 15:44:01.989932 [Simulation:Info:toast@toast-new:Simulation not generated] Magnitude 6.48 of event bmg2025mnwl is smaller than triggerMinMagnitude: no automatic simulation
2025/06/28 15:44:02.015386 [Incident:Info:toast@toast-new:Origin updated] Origin updated: OT: 2025-06-28 08:32:22,  Lat/Lon: -61.071°/-38.9084°, Depth: 10
2025/06/28 15:44:02.015539 [Incident:Info:toast@toast-new:Magnitude updated] Magnitude updated: 6.48 (Mw(mB))
2025/06/28 15:44:02.015581 [Simulation:Info:toast@toast-new:Simulation not generated] Magnitude 6.48 of event bmg2025mnwl is smaller than triggerMinMagnitude: no automatic simulation
2025/06/28 15:44:04.783510 [Incident:Info:toast@toast-new:Origin updated] Origin updated: OT: 2025-06-28 08:32:21,  Lat/Lon: -61.046°/-38.9865°, Depth: 10
2025/06/28 15:44:04.783710 [Incident:Info:toast@toast-new:Magnitude updated] Magnitude updated: 6.51 (Mw(mB))
2025/06/28 15:44:04.784997 [Simulation:Info:toast@toast-new:Event outside source region] Simulation setup: Event outside configured source regions.
2025/06/28 15:44:04.785416 [Simulation:Info:toast@toast-new:Simulation(s) started] No nodal plane available. Starting Simulation(s) with fault plane, Lat/Lon: -61.05°/ -38.99° (MT), Depth: 10.00km (MT), Mag: 6.51 (MT)
2025/06/28 15:44:04.786154 [Simulation:Error:toast@toast-new:Simulation] EasyWave2: Failed to find grid file
2025/06/28 15:44:04.786262 [Simulation:Info:toast@toast-new:Simulation running] TsunAWI: Looking for matching scenarios
2025/06/28 15:44:04.787231 [Simulation:Info:toast@toast-new:No simulation returned] EasyWave2 simulation backend returned no simulation.
2025/06/28 15:44:04.790428 [Simulation:Info:toast@toast-new:Simulation finished] TsunAWI: No matching scenarios
2025/06/28 15:44:04.790576 [Simulation:Info:toast@toast-new:No simulation returned] TsunAWI simulation backend returned no simulation.
2025/06/28 15:45:06.914341 [Incident:Info:toast@toast-new:Origin updated] Origin updated: OT: 2025-06-28 08:32:22,  Lat/Lon: -61.07°/-39.0782°, Depth: 10
2025/06/28 15:45:06.914546 [Incident:Info:toast@toast-new:Magnitude updated] Magnitude updated: 6.47 (Mw(mB))
2025/06/28 15:45:06.914593 [Simulation:Info:toast@toast-new:Simulation not generated] Magnitude 6.47 of event bmg2025mnwl is smaller than triggerMinMagnitude: no automatic simulation
2025/06/28 15:47:17.712011 [Incident:Info:toast@toast-new:Origin updated] Origin updated: OT: 2025-06-28 08:32:22,  Lat/Lon: -61.1303°/-39.1949°, Depth: 10
2025/06/28 15:47:17.712205 [Incident:Info:toast@toast-new:Magnitude updated] Magnitude updated: 6.37 (Mw(mB))
2025/06/28 15:47:17.712253 [Simulation:Info:toast@toast-new:Simulation not generated] Magnitude 6.37 of event bmg2025mnwl is smaller than triggerMinMagnitude: no automatic simulation
2025/06/28 15:50:35.031956 [Incident:Info:toast@toast-new:Origin updated] Origin updated: OT: 2025-06-28 08:32:22,  Lat/Lon: -61.1303°/-39.1949°, Depth: 10
2025/06/28 15:50:35.069978 [Incident:Info:toast@toast-new:Displacement(s) updated] Added 0 and changed 0 displacements with 0 amplitudes
2025/06/28 15:57:05.913282 [Incident:Info:toast@toast-new:Origin updated] Origin updated: OT: 2025-06-28 08:32:22,  Lat/Lon: -61.1303°/-39.1949°, Depth: 10
2025/06/28 15:57:05.913456 [Incident:Info:toast@toast-new:FM updated] FM updated
2025/06/28 15:57:05.913702 [Simulation:Info:toast@toast-new:Simulation not generated] Magnitude 6.37 of event bmg2025mnwl is smaller than triggerMinMagnitude: no automatic simulation
2025/06/28 17:01:31.907597 [Incident:Info:toast@toast-new:Origin updated] Origin updated: OT: 2025-06-28 08:32:21,  Lat/Lon: -61.1333°/-39.1906°, Depth: 10
2025/06/28 17:01:31.907806 [Incident:Info:toast@toast-new:Magnitude updated] Magnitude updated: 6.37 (Mw(mB))
2025/06/28 17:01:31.907844 [Simulation:Info:toast@toast-new:Simulation not generated] Magnitude 6.37 of event bmg2025mnwl is smaller than triggerMinMagnitude: no automatic simulation
2025/06/28 17:01:43.824198 [Incident:Info:toast@toast-new:Origin updated] Origin updated: OT: 2025-06-28 08:32:21,  Lat/Lon: -61.1333°/-39.1906°, Depth: 10
2025/06/28 17:01:43.824365 [Incident:Info:toast@toast-new:Magnitude updated] Magnitude updated: 6.35 (mb)
2025/06/28 17:01:43.824405 [Simulation:Info:toast@toast-new:Simulation not generated] Magnitude 6.35 of event bmg2025mnwl is smaller than triggerMinMagnitude: no automatic simulation
2025/06/29 00:43:44.336883 [Incident:Info:toast@toast-new:Origin updated] Origin updated: OT: 2025-06-28 08:32:22,  Lat/Lon: -61.1333°/-39.1906°, Depth: 10
2025/06/29 00:43:44.338959 [Incident:Info:toast@toast-new:Magnitude updated] Magnitude updated: 6.28 (mb)
2025/06/29 00:43:44.339033 [Simulation:Info:toast@toast-new:Simulation not generated] Magnitude 6.28 of event bmg2025mnwl is smaller than triggerMinMagnitude: no automatic simulation
2025/06/29 00:43:52.723675 [Incident:Info:toast@toast-new:Origin updated] Origin updated: OT: 2025-06-28 08:32:22,  Lat/Lon: -61.1333°/-39.1906°, Depth: 10
2025/06/29 00:43:52.723842 [Simulation:Info:toast@toast-new:Simulation not generated] Magnitude 6.28 of event bmg2025mnwl is smaller than triggerMinMagnitude: no automatic simulation
2025/06/29 00:43:52.814355 [Incident:Info:toast@toast-new:Origin updated] Origin updated: OT: 2025-06-28 08:32:22,  Lat/Lon: -61.1333°/-39.1906°, Depth: 10
2025/06/29 00:43:52.814524 [Incident:Info:toast@toast-new:Magnitude updated] Magnitude updated: 6.35 (Mw(mB))
2025/06/29 00:43:52.814586 [Simulation:Info:toast@toast-new:Simulation not generated] Magnitude 6.35 of event bmg2025mnwl is smaller than triggerMinMagnitude: no automatic simulation
2025/06/29 00:43:59.434854 [Incident:Info:toast@toast-new:Origin updated] Origin updated: OT: 2025-06-28 08:32:22,  Lat/Lon: -61.1333°/-39.1906°, Depth: 10
2025/06/29 00:43:59.435063 [Incident:Info:toast@toast-new:Magnitude updated] Magnitude updated: 6.86 (Mw)
2025/06/29 00:43:59.435946 [Simulation:Info:toast@toast-new:Event outside source region] Simulation setup: Event outside configured source regions.
2025/06/29 00:43:59.436261 [Simulation:Info:toast@toast-new:Simulation(s) started] Starting simulation(s) with nodal plane 1, Lat/Lon: -61.13°/ -39.19° (MT), Depth: 10.00km (MT), Mag: 6.86 (MT)
2025/06/29 00:43:59.438100 [Simulation:Error:toast@toast-new:Simulation] EasyWave2: Failed to find grid file
2025/06/29 00:43:59.438589 [Simulation:Info:toast@toast-new:Simulation running] TsunAWI: Looking for matching scenarios
2025/06/29 00:43:59.439124 [Simulation:Info:toast@toast-new:Simulation(s) started] Starting simulation(s) with nodal plane 2, Lat/Lon: -61.13°/ -39.19° (MT), Depth: 10.00km (MT), Mag: 6.86 (MT)
2025/06/29 00:43:59.440683 [Simulation:Error:toast@toast-new:Simulation] EasyWave2: Failed to find grid file
2025/06/29 00:43:59.441041 [Simulation:Info:toast@toast-new:Simulation running] TsunAWI: Looking for matching scenarios
2025/06/29 00:43:59.441187 [Simulation:Info:toast@toast-new:Simulation(s) skipped] Simulation(s) not created with fault plane because no fault is available.
2025/06/29 00:43:59.442427 [Simulation:Info:toast@toast-new:Simulation finished] TsunAWI: No matching scenarios
2025/06/29 00:43:59.444465 [Simulation:Info:toast@toast-new:Simulation finished] TsunAWI: No matching scenarios
2025/06/29 00:43:59.447882 [Simulation:Info:toast@toast-new:No simulation returned] EasyWave2 simulation backend returned no simulation.
2025/06/29 00:43:59.454058 [Simulation:Info:toast@toast-new:No simulation returned] EasyWave2 simulation backend returned no simulation.
2025/06/29 00:43:59.463476 [Simulation:Info:toast@toast-new:No simulation returned] TsunAWI simulation backend returned no simulation.
2025/06/29 00:43:59.463990 [Simulation:Info:toast@toast-new:No simulation returned] TsunAWI simulation backend returned no simulation.
2025/06/29 00:44:34.757768 [Incident:Info:toast@toast-new:Origin updated] Origin updated: OT: 2025-06-28 08:32:22,  Lat/Lon: -61.1333°/-39.1906°, Depth: 10
2025/06/29 00:44:34.757990 [Incident:Info:toast@toast-new:Magnitude updated] Magnitude updated: 6.35 (Mw(mB))
2025/06/29 00:44:34.758062 [Simulation:Info:toast@toast-new:Simulation not generated] Magnitude 6.35 of event bmg2025mnwl is smaller than triggerMinMagnitude: no automatic simulation
2025/06/29 01:03:25.477170 [Incident:Info:toast@toast-new:Origin updated] Origin updated: OT: 2025-06-28 08:32:21,  Lat/Lon: -61.1136°/-39.1153°, Depth: 5
2025/06/29 01:03:25.477354 [Incident:Info:toast@toast-new:Magnitude updated] Magnitude updated: 6.35 (Mw(mB))
2025/06/29 01:03:25.477383 [Simulation:Info:toast@toast-new:Simulation not generated] Magnitude 6.35 of event bmg2025mnwl is smaller than triggerMinMagnitude: no automatic simulation
2025/06/29 01:04:53.526863 [Incident:Info:toast@toast-new:Origin updated] Origin updated: OT: 2025-06-28 08:32:21,  Lat/Lon: -61.1136°/-39.1153°, Depth: 5
2025/06/29 01:04:53.526994 [Simulation:Info:toast@toast-new:Simulation not generated] Magnitude 6.35 of event bmg2025mnwl is smaller than triggerMinMagnitude: no automatic simulation
2025/06/29 01:37:38.774725 [Incident:Info:toast@toast-new:Origin updated] Origin updated: OT: 2025-06-28 08:32:21,  Lat/Lon: -61.1136°/-39.1153°, Depth: 5
2025/06/29 01:37:38.774895 [Incident:Info:toast@toast-new:FM updated] FM updated
2025/06/29 01:37:38.775124 [Simulation:Info:toast@toast-new:Simulation not generated] Magnitude 6.35 of event bmg2025mnwl is smaller than triggerMinMagnitude: no automatic simulation
