2025/03/22 02:34:21.993400 [Incident:Info:toast@toast-new:Displacement(s) updated] Added 0 and changed 0 displacements with 0 amplitudes
2025/03/22 02:34:22.011234 [Incident:Info:toast@toast-new:Incident created] Incident created based on event received from messaging: OT: 2025-03-21 19:28:12,  Lat/Lon: -8.02°/160.37°, Depth: 10.00, Mag: 5.31 (M)
2025/03/22 02:34:22.011711 [Simulation:Info:toast@toast-new:Simulation not generated] Magnitude 5.31 of event bmg2025fpvh is smaller than triggerMinMagnitude: no automatic simulation
2025/03/22 02:34:22.024576 [Incident:Info:toast@toast-new:Origin updated] Origin updated: OT: 2025-03-21 19:28:12,  Lat/Lon: -8.01742°/160.375°, Depth: 10
2025/03/22 02:34:22.024731 [Simulation:Info:toast@toast-new:Simulation not generated] Magnitude 5.31 of event bmg2025fpvh is smaller than triggerMinMagnitude: no automatic simulation
2025/03/22 02:34:29.359775 [Incident:Info:toast@toast-new:Origin updated] Origin updated: OT: 2025-03-21 19:28:12,  Lat/Lon: -8.01742°/160.375°, Depth: 10
2025/03/22 02:34:29.359973 [Incident:Info:toast@toast-new:Magnitude updated] Magnitude updated: 5.29 (M)
2025/03/22 02:34:29.360016 [Simulation:Info:toast@toast-new:Simulation not generated] Magnitude 5.29 of event bmg2025fpvh is smaller than triggerMinMagnitude: no automatic simulation
2025/03/22 02:34:35.608542 [Incident:Info:toast@toast-new:Origin updated] Origin updated: OT: 2025-03-21 19:28:13,  Lat/Lon: -8.08542°/160.267°, Depth: 10
2025/03/22 02:34:35.608753 [Incident:Info:toast@toast-new:Magnitude updated] Magnitude updated: 5.26 (M)
2025/03/22 02:34:35.608795 [Simulation:Info:toast@toast-new:Simulation not generated] Magnitude 5.26 of event bmg2025fpvh is smaller than triggerMinMagnitude: no automatic simulation
2025/03/22 02:34:39.359658 [Incident:Info:toast@toast-new:Origin updated] Origin updated: OT: 2025-03-21 19:28:13,  Lat/Lon: -8.08542°/160.267°, Depth: 10
2025/03/22 02:34:39.359832 [Incident:Info:toast@toast-new:Magnitude updated] Magnitude updated: 5.24 (M)
2025/03/22 02:34:39.359905 [Simulation:Info:toast@toast-new:Simulation not generated] Magnitude 5.24 of event bmg2025fpvh is smaller than triggerMinMagnitude: no automatic simulation
2025/03/22 02:34:45.822724 [Incident:Info:toast@toast-new:Origin updated] Origin updated: OT: 2025-03-21 19:28:11,  Lat/Lon: -8.05538°/160.446°, Depth: 10
2025/03/22 02:34:45.822935 [Incident:Info:toast@toast-new:Magnitude updated] Magnitude updated: 5.27 (M)
2025/03/22 02:34:45.822981 [Simulation:Info:toast@toast-new:Simulation not generated] Magnitude 5.27 of event bmg2025fpvh is smaller than triggerMinMagnitude: no automatic simulation
2025/03/22 02:34:58.718619 [Incident:Info:toast@toast-new:Origin updated] Origin updated: OT: 2025-03-21 19:28:12,  Lat/Lon: -8.08105°/160.33°, Depth: 10
2025/03/22 02:34:58.718808 [Incident:Info:toast@toast-new:Magnitude updated] Magnitude updated: 5.25 (M)
2025/03/22 02:34:58.718838 [Simulation:Info:toast@toast-new:Simulation not generated] Magnitude 5.25 of event bmg2025fpvh is smaller than triggerMinMagnitude: no automatic simulation
2025/03/22 02:35:09.355339 [Incident:Info:toast@toast-new:Origin updated] Origin updated: OT: 2025-03-21 19:28:12,  Lat/Lon: -8.08105°/160.33°, Depth: 10
2025/03/22 02:35:09.377949 [Incident:Info:toast@toast-new:Magnitude updated] Magnitude updated: 5.25 (M)
2025/03/22 02:35:09.378080 [Simulation:Info:toast@toast-new:Simulation not generated] Magnitude 5.25 of event bmg2025fpvh is smaller than triggerMinMagnitude: no automatic simulation
2025/03/22 02:35:13.728747 [Incident:Info:toast@toast-new:Origin updated] Origin updated: OT: 2025-03-21 19:28:12,  Lat/Lon: -8.09334°/160.314°, Depth: 10
2025/03/22 02:35:13.728944 [Incident:Info:toast@toast-new:Magnitude updated] Magnitude updated: 5.24 (M)
2025/03/22 02:35:13.728988 [Simulation:Info:toast@toast-new:Simulation not generated] Magnitude 5.24 of event bmg2025fpvh is smaller than triggerMinMagnitude: no automatic simulation
2025/03/22 02:35:28.751120 [Incident:Info:toast@toast-new:Origin updated] Origin updated: OT: 2025-03-21 19:28:12,  Lat/Lon: -8.09382°/160.287°, Depth: 10
2025/03/22 02:35:28.751336 [Incident:Info:toast@toast-new:Magnitude updated] Magnitude updated: 5.24 (M)
2025/03/22 02:35:28.751379 [Simulation:Info:toast@toast-new:Simulation not generated] Magnitude 5.24 of event bmg2025fpvh is smaller than triggerMinMagnitude: no automatic simulation
2025/03/22 02:35:39.344081 [Incident:Info:toast@toast-new:Origin updated] Origin updated: OT: 2025-03-21 19:28:12,  Lat/Lon: -8.09382°/160.287°, Depth: 10
2025/03/22 02:35:39.344246 [Incident:Info:toast@toast-new:Magnitude updated] Magnitude updated: 5.22 (M)
2025/03/22 02:35:39.344275 [Simulation:Info:toast@toast-new:Simulation not generated] Magnitude 5.22 of event bmg2025fpvh is smaller than triggerMinMagnitude: no automatic simulation
2025/03/22 02:35:43.752612 [Incident:Info:toast@toast-new:Origin updated] Origin updated: OT: 2025-03-21 19:28:12,  Lat/Lon: -8.08614°/160.296°, Depth: 10
2025/03/22 02:35:43.752804 [Incident:Info:toast@toast-new:Magnitude updated] Magnitude updated: 5.22 (M)
2025/03/22 02:35:43.752847 [Simulation:Info:toast@toast-new:Simulation not generated] Magnitude 5.22 of event bmg2025fpvh is smaller than triggerMinMagnitude: no automatic simulation
2025/03/22 02:35:58.757350 [Incident:Info:toast@toast-new:Origin updated] Origin updated: OT: 2025-03-21 19:28:12,  Lat/Lon: -8.06754°/160.319°, Depth: 10
2025/03/22 02:35:58.757567 [Incident:Info:toast@toast-new:Magnitude updated] Magnitude updated: 5.23 (M)
2025/03/22 02:35:58.757620 [Simulation:Info:toast@toast-new:Simulation not generated] Magnitude 5.23 of event bmg2025fpvh is smaller than triggerMinMagnitude: no automatic simulation
2025/03/22 02:36:12.889280 [Incident:Info:toast@toast-new:Origin updated] Origin updated: OT: 2025-03-21 19:28:12,  Lat/Lon: -8.05544°/160.345°, Depth: 10
2025/03/22 02:36:12.889470 [Incident:Info:toast@toast-new:Magnitude updated] Magnitude updated: 5.23 (M)
2025/03/22 02:36:12.889509 [Simulation:Info:toast@toast-new:Simulation not generated] Magnitude 5.23 of event bmg2025fpvh is smaller than triggerMinMagnitude: no automatic simulation
2025/03/22 02:36:24.357298 [Incident:Info:toast@toast-new:Origin updated] Origin updated: OT: 2025-03-21 19:28:12,  Lat/Lon: -8.05544°/160.345°, Depth: 10
2025/03/22 02:36:24.357472 [Incident:Info:toast@toast-new:Magnitude updated] Magnitude updated: 5.24 (M)
2025/03/22 02:36:24.357504 [Simulation:Info:toast@toast-new:Simulation not generated] Magnitude 5.24 of event bmg2025fpvh is smaller than triggerMinMagnitude: no automatic simulation
2025/03/22 02:36:31.216313 [Incident:Info:toast@toast-new:Origin updated] Origin updated: OT: 2025-03-21 19:28:12,  Lat/Lon: -8.07245°/160.323°, Depth: 10
2025/03/22 02:36:31.216505 [Incident:Info:toast@toast-new:Magnitude updated] Magnitude updated: 5.24 (M)
2025/03/22 02:36:31.216547 [Simulation:Info:toast@toast-new:Simulation not generated] Magnitude 5.24 of event bmg2025fpvh is smaller than triggerMinMagnitude: no automatic simulation
2025/03/22 02:36:39.347635 [Incident:Info:toast@toast-new:Origin updated] Origin updated: OT: 2025-03-21 19:28:12,  Lat/Lon: -8.07245°/160.323°, Depth: 10
2025/03/22 02:36:39.347852 [Incident:Info:toast@toast-new:Magnitude updated] Magnitude updated: 5.25 (M)
2025/03/22 02:36:39.347934 [Simulation:Info:toast@toast-new:Simulation not generated] Magnitude 5.25 of event bmg2025fpvh is smaller than triggerMinMagnitude: no automatic simulation
2025/03/22 02:36:49.346632 [Incident:Info:toast@toast-new:Origin updated] Origin updated: OT: 2025-03-21 19:28:12,  Lat/Lon: -8.07245°/160.323°, Depth: 10
2025/03/22 02:36:49.346813 [Incident:Info:toast@toast-new:Magnitude updated] Magnitude updated: 5.24 (M)
2025/03/22 02:36:49.346873 [Simulation:Info:toast@toast-new:Simulation not generated] Magnitude 5.24 of event bmg2025fpvh is smaller than triggerMinMagnitude: no automatic simulation
2025/03/22 02:36:57.331320 [Incident:Info:toast@toast-new:Origin updated] Origin updated: OT: 2025-03-21 19:28:12,  Lat/Lon: -8.07549°/160.325°, Depth: 10
2025/03/22 02:36:57.331539 [Incident:Info:toast@toast-new:Magnitude updated] Magnitude updated: 5.25 (M)
2025/03/22 02:36:57.331596 [Simulation:Info:toast@toast-new:Simulation not generated] Magnitude 5.25 of event bmg2025fpvh is smaller than triggerMinMagnitude: no automatic simulation
2025/03/22 02:37:24.349011 [Incident:Info:toast@toast-new:Origin updated] Origin updated: OT: 2025-03-21 19:28:12,  Lat/Lon: -8.07549°/160.325°, Depth: 10
2025/03/22 02:37:24.349223 [Incident:Info:toast@toast-new:Magnitude updated] Magnitude updated: 5.25 (M)
2025/03/22 02:37:24.349298 [Simulation:Info:toast@toast-new:Simulation not generated] Magnitude 5.25 of event bmg2025fpvh is smaller than triggerMinMagnitude: no automatic simulation
2025/03/22 02:37:28.361797 [Incident:Info:toast@toast-new:Origin updated] Origin updated: OT: 2025-03-21 19:28:12,  Lat/Lon: -8.07745°/160.33°, Depth: 10
2025/03/22 02:37:28.361991 [Incident:Info:toast@toast-new:Magnitude updated] Magnitude updated: 5.27 (M)
2025/03/22 02:37:28.362033 [Simulation:Info:toast@toast-new:Simulation not generated] Magnitude 5.27 of event bmg2025fpvh is smaller than triggerMinMagnitude: no automatic simulation
2025/03/22 02:38:02.505020 [Incident:Info:toast@toast-new:Origin updated] Origin updated: OT: 2025-03-21 19:28:12,  Lat/Lon: -8.08725°/160.317°, Depth: 10
2025/03/22 02:38:02.505216 [Incident:Info:toast@toast-new:Magnitude updated] Magnitude updated: 5.27 (M)
2025/03/22 02:38:02.505258 [Simulation:Info:toast@toast-new:Simulation not generated] Magnitude 5.27 of event bmg2025fpvh is smaller than triggerMinMagnitude: no automatic simulation
2025/03/22 02:38:19.348787 [Incident:Info:toast@toast-new:Origin updated] Origin updated: OT: 2025-03-21 19:28:12,  Lat/Lon: -8.08725°/160.317°, Depth: 10
2025/03/22 02:38:19.348965 [Incident:Info:toast@toast-new:Magnitude updated] Magnitude updated: 5.30 (M)
2025/03/22 02:38:19.349009 [Simulation:Info:toast@toast-new:Simulation not generated] Magnitude 5.30 of event bmg2025fpvh is smaller than triggerMinMagnitude: no automatic simulation
2025/03/22 02:38:29.349158 [Incident:Info:toast@toast-new:Origin updated] Origin updated: OT: 2025-03-21 19:28:12,  Lat/Lon: -8.08725°/160.317°, Depth: 10
2025/03/22 02:38:29.349351 [Incident:Info:toast@toast-new:Magnitude updated] Magnitude updated: 5.35 (M)
2025/03/22 02:38:29.349415 [Simulation:Info:toast@toast-new:Simulation not generated] Magnitude 5.35 of event bmg2025fpvh is smaller than triggerMinMagnitude: no automatic simulation
2025/03/22 02:38:43.972848 [Incident:Info:toast@toast-new:Origin updated] Origin updated: OT: 2025-03-21 19:28:11,  Lat/Lon: -8.04585°/160.398°, Depth: 10
2025/03/22 02:38:43.973044 [Incident:Info:toast@toast-new:Magnitude updated] Magnitude updated: 5.36 (M)
2025/03/22 02:38:43.973084 [Simulation:Info:toast@toast-new:Simulation not generated] Magnitude 5.36 of event bmg2025fpvh is smaller than triggerMinMagnitude: no automatic simulation
2025/03/22 02:38:49.351000 [Incident:Info:toast@toast-new:Origin updated] Origin updated: OT: 2025-03-21 19:28:11,  Lat/Lon: -8.04585°/160.398°, Depth: 10
2025/03/22 02:38:49.351177 [Incident:Info:toast@toast-new:Magnitude updated] Magnitude updated: 5.38 (M)
2025/03/22 02:38:49.351218 [Simulation:Info:toast@toast-new:Simulation not generated] Magnitude 5.38 of event bmg2025fpvh is smaller than triggerMinMagnitude: no automatic simulation
2025/03/22 02:39:04.351053 [Incident:Info:toast@toast-new:Origin updated] Origin updated: OT: 2025-03-21 19:28:11,  Lat/Lon: -8.04585°/160.398°, Depth: 10
2025/03/22 02:39:04.351247 [Incident:Info:toast@toast-new:Magnitude updated] Magnitude updated: 5.45 (M)
2025/03/22 02:39:04.351312 [Simulation:Info:toast@toast-new:Simulation not generated] Magnitude 5.45 of event bmg2025fpvh is smaller than triggerMinMagnitude: no automatic simulation
2025/03/22 02:39:29.005059 [Incident:Info:toast@toast-new:Origin updated] Origin updated: OT: 2025-03-21 19:28:11,  Lat/Lon: -8.06157°/160.367°, Depth: 10
2025/03/22 02:39:29.005283 [Incident:Info:toast@toast-new:Magnitude updated] Magnitude updated: 5.45 (M)
2025/03/22 02:39:29.005358 [Simulation:Info:toast@toast-new:Simulation not generated] Magnitude 5.45 of event bmg2025fpvh is smaller than triggerMinMagnitude: no automatic simulation
2025/03/22 02:40:14.014669 [Incident:Info:toast@toast-new:Origin updated] Origin updated: OT: 2025-03-21 19:28:12,  Lat/Lon: -8.10114°/160.295°, Depth: 10
2025/03/22 02:40:14.014882 [Incident:Info:toast@toast-new:Magnitude updated] Magnitude updated: 5.44 (M)
2025/03/22 02:40:14.014927 [Simulation:Info:toast@toast-new:Simulation not generated] Magnitude 5.44 of event bmg2025fpvh is smaller than triggerMinMagnitude: no automatic simulation
2025/03/22 02:40:59.012275 [Incident:Info:toast@toast-new:Origin updated] Origin updated: OT: 2025-03-21 19:28:12,  Lat/Lon: -8.1354°/160.233°, Depth: 10
2025/03/22 02:40:59.012459 [Incident:Info:toast@toast-new:Magnitude updated] Magnitude updated: 5.43 (M)
2025/03/22 02:40:59.012491 [Simulation:Info:toast@toast-new:Simulation not generated] Magnitude 5.43 of event bmg2025fpvh is smaller than triggerMinMagnitude: no automatic simulation
2025/03/22 02:45:52.129204 [Incident:Info:toast@toast-new:Origin updated] Origin updated: OT: 2025-03-21 19:28:12,  Lat/Lon: -8.1354°/160.233°, Depth: 10
2025/03/22 02:45:52.129380 [Simulation:Info:toast@toast-new:Simulation not generated] Magnitude 5.43 of event bmg2025fpvh is smaller than triggerMinMagnitude: no automatic simulation
2025/03/22 02:58:58.329434 [Incident:Info:toast@toast-new:Origin updated] Origin updated: OT: 2025-03-21 19:28:22,  Lat/Lon: -8.44437°/159.76°, Depth: 56.5012
2025/03/22 02:58:58.329659 [Incident:Info:toast@toast-new:Magnitude updated] Magnitude updated: 5.35 (mb)
2025/03/22 02:58:58.329701 [Simulation:Info:toast@toast-new:Simulation not generated] Magnitude 5.35 of event bmg2025fpvh is smaller than triggerMinMagnitude: no automatic simulation
2025/03/22 02:58:58.392154 [Incident:Info:toast@toast-new:Origin updated] Origin updated: OT: 2025-03-21 19:28:22,  Lat/Lon: -8.44437°/159.76°, Depth: 56.5012
2025/03/22 02:58:58.392282 [Incident:Info:toast@toast-new:Magnitude updated] Magnitude updated: 5.36 (M)
2025/03/22 02:58:58.392306 [Simulation:Info:toast@toast-new:Simulation not generated] Magnitude 5.36 of event bmg2025fpvh is smaller than triggerMinMagnitude: no automatic simulation
2025/03/22 13:18:26.492035 [Incident:Info:toast@toast-new:Origin updated] Origin updated: OT: 2025-03-21 19:28:20,  Lat/Lon: -8.35736°/159.892°, Depth: 52.8097
2025/03/22 13:18:26.492239 [Incident:Info:toast@toast-new:Magnitude updated] Magnitude updated: 5.36 (mb)
2025/03/22 13:18:26.492285 [Simulation:Info:toast@toast-new:Simulation not generated] Magnitude 5.36 of event bmg2025fpvh is smaller than triggerMinMagnitude: no automatic simulation
2025/03/22 13:18:26.510382 [Incident:Info:toast@toast-new:Origin updated] Origin updated: OT: 2025-03-21 19:28:20,  Lat/Lon: -8.35736°/159.892°, Depth: 52.8097
2025/03/22 13:18:26.510471 [Incident:Info:toast@toast-new:Magnitude updated] Magnitude updated: 5.30 (M)
2025/03/22 13:18:26.510504 [Simulation:Info:toast@toast-new:Simulation not generated] Magnitude 5.30 of event bmg2025fpvh is smaller than triggerMinMagnitude: no automatic simulation
2025/03/22 13:18:26.523778 [Incident:Info:toast@toast-new:Origin updated] Origin updated: OT: 2025-03-21 19:28:20,  Lat/Lon: -8.35736°/159.892°, Depth: 52.8097
2025/03/22 13:18:26.523863 [Incident:Info:toast@toast-new:Magnitude updated] Magnitude updated: 5.36 (mb)
2025/03/22 13:18:26.523895 [Simulation:Info:toast@toast-new:Simulation not generated] Magnitude 5.36 of event bmg2025fpvh is smaller than triggerMinMagnitude: no automatic simulation
