2025/02/23 12:18:56.321487 [Incident:Info:toast@toast-new:Displacement(s) updated] Added 0 and changed 0 displacements with 0 amplitudes
2025/02/23 12:18:56.361515 [Incident:Info:toast@toast-new:Incident created] Incident created based on event received from messaging: OT: 2025-02-23 05:16:21,  Lat/Lon: -6.63°/102.15°, Depth: 10.00, Mag: 5.01 (M)
2025/02/23 12:18:56.361833 [Simulation:Info:toast@toast-new:Simulation not generated] Magnitude 5.01 of event bmg2025dtgc is smaller than triggerMinMagnitude: no automatic simulation
2025/02/23 12:18:56.383026 [Incident:Info:toast@toast-new:Origin updated] Origin updated: OT: 2025-02-23 05:16:21,  Lat/Lon: -6.62748°/102.154°, Depth: 10
2025/02/23 12:18:56.383183 [Simulation:Info:toast@toast-new:Simulation not generated] Magnitude 5.01 of event bmg2025dtgc is smaller than triggerMinMagnitude: no automatic simulation
2025/02/23 12:19:01.242454 [Incident:Info:toast@toast-new:Origin updated] Origin updated: OT: 2025-02-23 05:16:21,  Lat/Lon: -6.62748°/102.154°, Depth: 10
2025/02/23 12:19:01.242655 [Incident:Info:toast@toast-new:Magnitude updated] Magnitude updated: 5.01 (M)
2025/02/23 12:19:01.242702 [Simulation:Info:toast@toast-new:Simulation not generated] Magnitude 5.01 of event bmg2025dtgc is smaller than triggerMinMagnitude: no automatic simulation
2025/02/23 12:19:01.714468 [Incident:Info:toast@toast-new:Origin updated] Origin updated: OT: 2025-02-23 05:16:21,  Lat/Lon: -6.63191°/102.149°, Depth: 10
2025/02/23 12:19:01.714657 [Incident:Info:toast@toast-new:Magnitude updated] Magnitude updated: 5.04 (M)
2025/02/23 12:19:01.714697 [Simulation:Info:toast@toast-new:Simulation not generated] Magnitude 5.04 of event bmg2025dtgc is smaller than triggerMinMagnitude: no automatic simulation
2025/02/23 12:20:23.157085 [Incident:Info:toast@toast-new:Origin updated] Origin updated: OT: 2025-02-23 05:16:22,  Lat/Lon: -6.56293°/102.209°, Depth: 10
2025/02/23 12:20:23.157281 [Incident:Info:toast@toast-new:Magnitude updated] Magnitude updated: 5.00 (MLv)
2025/02/23 12:20:23.157322 [Simulation:Info:toast@toast-new:Simulation not generated] Magnitude 5.00 of event bmg2025dtgc is smaller than triggerMinMagnitude: no automatic simulation
2025/02/23 12:20:23.216298 [Incident:Info:toast@toast-new:Origin updated] Origin updated: OT: 2025-02-23 05:16:22,  Lat/Lon: -6.56293°/102.209°, Depth: 10
2025/02/23 12:20:23.216404 [Incident:Info:toast@toast-new:Magnitude updated] Magnitude updated: 5.02 (M)
2025/02/23 12:20:23.216425 [Simulation:Info:toast@toast-new:Simulation not generated] Magnitude 5.02 of event bmg2025dtgc is smaller than triggerMinMagnitude: no automatic simulation
2025/02/23 12:20:26.317202 [Incident:Info:toast@toast-new:Origin updated] Origin updated: OT: 2025-02-23 05:16:22,  Lat/Lon: -6.56293°/102.209°, Depth: 10
2025/02/23 12:20:26.317400 [Incident:Info:toast@toast-new:Magnitude updated] Magnitude updated: 5.03 (M)
2025/02/23 12:20:26.317436 [Simulation:Info:toast@toast-new:Simulation not generated] Magnitude 5.03 of event bmg2025dtgc is smaller than triggerMinMagnitude: no automatic simulation
2025/02/23 12:20:31.262608 [Incident:Info:toast@toast-new:Origin updated] Origin updated: OT: 2025-02-23 05:16:22,  Lat/Lon: -6.56293°/102.209°, Depth: 10
2025/02/23 12:20:31.262794 [Incident:Info:toast@toast-new:Magnitude updated] Magnitude updated: 5.05 (M)
2025/02/23 12:20:31.262838 [Simulation:Info:toast@toast-new:Simulation not generated] Magnitude 5.05 of event bmg2025dtgc is smaller than triggerMinMagnitude: no automatic simulation
2025/02/23 12:20:35.500322 [Incident:Info:toast@toast-new:Origin updated] Origin updated: OT: 2025-02-23 05:16:22,  Lat/Lon: -6.56293°/102.209°, Depth: 10
2025/02/23 12:20:35.500517 [Incident:Info:toast@toast-new:Magnitude updated] Magnitude updated: 5.05 (M)
2025/02/23 12:20:35.500561 [Simulation:Info:toast@toast-new:Simulation not generated] Magnitude 5.05 of event bmg2025dtgc is smaller than triggerMinMagnitude: no automatic simulation
2025/02/23 12:20:41.273871 [Incident:Info:toast@toast-new:Origin updated] Origin updated: OT: 2025-02-23 05:16:22,  Lat/Lon: -6.56293°/102.209°, Depth: 10
2025/02/23 12:20:41.274087 [Incident:Info:toast@toast-new:Magnitude updated] Magnitude updated: 5.05 (M)
2025/02/23 12:20:41.274130 [Simulation:Info:toast@toast-new:Simulation not generated] Magnitude 5.05 of event bmg2025dtgc is smaller than triggerMinMagnitude: no automatic simulation
2025/02/23 12:20:46.292575 [Incident:Info:toast@toast-new:Origin updated] Origin updated: OT: 2025-02-23 05:16:22,  Lat/Lon: -6.56293°/102.209°, Depth: 10
2025/02/23 12:20:46.292799 [Incident:Info:toast@toast-new:Magnitude updated] Magnitude updated: 5.05 (M)
2025/02/23 12:20:46.292852 [Simulation:Info:toast@toast-new:Simulation not generated] Magnitude 5.05 of event bmg2025dtgc is smaller than triggerMinMagnitude: no automatic simulation
2025/02/23 12:20:51.268232 [Incident:Info:toast@toast-new:Origin updated] Origin updated: OT: 2025-02-23 05:16:22,  Lat/Lon: -6.56293°/102.209°, Depth: 10
2025/02/23 12:20:51.268436 [Incident:Info:toast@toast-new:Magnitude updated] Magnitude updated: 5.05 (M)
2025/02/23 12:20:51.268482 [Simulation:Info:toast@toast-new:Simulation not generated] Magnitude 5.05 of event bmg2025dtgc is smaller than triggerMinMagnitude: no automatic simulation
2025/02/23 12:21:01.245054 [Incident:Info:toast@toast-new:Origin updated] Origin updated: OT: 2025-02-23 05:16:22,  Lat/Lon: -6.56293°/102.209°, Depth: 10
2025/02/23 12:21:01.245276 [Incident:Info:toast@toast-new:Magnitude updated] Magnitude updated: 5.05 (M)
2025/02/23 12:21:01.245321 [Simulation:Info:toast@toast-new:Simulation not generated] Magnitude 5.05 of event bmg2025dtgc is smaller than triggerMinMagnitude: no automatic simulation
