2025/08/12 15:26:20.505619 [Incident:Info:toast@toast-new:Displacement(s) updated] Added 0 and changed 0 displacements with 0 amplitudes
2025/08/12 15:26:20.507039 [Incident:Info:toast@toast-new:Incident created] Incident created based on event received from messaging: OT: 2025-08-12 08:24:24,  Lat/Lon: -1.91°/138.98°, Depth: 10.00, Mag: 6.32 (M)
2025/08/12 15:26:20.507730 [Simulation:Info:toast@toast-new:Simulation not generated] Magnitude 6.32 of event bmg2025psbv is smaller than triggerMinMagnitude: no automatic simulation
2025/08/12 15:26:20.531776 [Incident:Info:toast@toast-new:Origin updated] Origin updated: OT: 2025-08-12 08:24:24,  Lat/Lon: -1.91267°/138.977°, Depth: 10
2025/08/12 15:26:20.531931 [Simulation:Info:toast@toast-new:Simulation not generated] Magnitude 6.32 of event bmg2025psbv is smaller than triggerMinMagnitude: no automatic simulation
2025/08/12 15:26:25.130354 [Incident:Info:toast@toast-new:Origin updated] Origin updated: OT: 2025-08-12 08:24:24,  Lat/Lon: -1.91267°/138.977°, Depth: 10
2025/08/12 15:26:25.130591 [Incident:Info:toast@toast-new:Magnitude updated] Magnitude updated: 6.33 (M)
2025/08/12 15:26:25.130637 [Simulation:Info:toast@toast-new:Simulation not generated] Magnitude 6.33 of event bmg2025psbv is smaller than triggerMinMagnitude: no automatic simulation
2025/08/12 15:26:30.112288 [Incident:Info:toast@toast-new:Origin updated] Origin updated: OT: 2025-08-12 08:24:24,  Lat/Lon: -1.91267°/138.977°, Depth: 10
2025/08/12 15:26:30.112467 [Incident:Info:toast@toast-new:Magnitude updated] Magnitude updated: 6.34 (M)
2025/08/12 15:26:30.112510 [Simulation:Info:toast@toast-new:Simulation not generated] Magnitude 6.34 of event bmg2025psbv is smaller than triggerMinMagnitude: no automatic simulation
2025/08/12 15:26:32.417610 [Incident:Info:toast@toast-new:Origin updated] Origin updated: OT: 2025-08-12 08:24:24,  Lat/Lon: -1.91896°/138.977°, Depth: 10
2025/08/12 15:26:32.417817 [Incident:Info:toast@toast-new:Magnitude updated] Magnitude updated: 6.36 (M)
2025/08/12 15:26:32.417880 [Simulation:Info:toast@toast-new:Simulation not generated] Magnitude 6.36 of event bmg2025psbv is smaller than triggerMinMagnitude: no automatic simulation
2025/08/12 15:26:35.098526 [Incident:Info:toast@toast-new:Origin updated] Origin updated: OT: 2025-08-12 08:24:24,  Lat/Lon: -1.91896°/138.977°, Depth: 10
2025/08/12 15:26:35.098715 [Incident:Info:toast@toast-new:Magnitude updated] Magnitude updated: 6.37 (M)
2025/08/12 15:26:35.098755 [Simulation:Info:toast@toast-new:Simulation not generated] Magnitude 6.37 of event bmg2025psbv is smaller than triggerMinMagnitude: no automatic simulation
2025/08/12 15:26:40.126232 [Incident:Info:toast@toast-new:Origin updated] Origin updated: OT: 2025-08-12 08:24:24,  Lat/Lon: -1.91896°/138.977°, Depth: 10
2025/08/12 15:26:40.126423 [Incident:Info:toast@toast-new:Magnitude updated] Magnitude updated: 6.37 (M)
2025/08/12 15:26:40.126460 [Simulation:Info:toast@toast-new:Simulation not generated] Magnitude 6.37 of event bmg2025psbv is smaller than triggerMinMagnitude: no automatic simulation
2025/08/12 15:26:41.919332 [Incident:Info:toast@toast-new:Origin updated] Origin updated: OT: 2025-08-12 08:24:24,  Lat/Lon: -1.91896°/138.977°, Depth: 10
2025/08/12 15:26:41.919525 [Incident:Info:toast@toast-new:Magnitude updated] Magnitude updated: 6.37 (M)
2025/08/12 15:26:41.919562 [Simulation:Info:toast@toast-new:Simulation not generated] Magnitude 6.37 of event bmg2025psbv is smaller than triggerMinMagnitude: no automatic simulation
2025/08/12 15:26:42.442439 [Incident:Info:toast@toast-new:Origin updated] Origin updated: OT: 2025-08-12 08:24:24,  Lat/Lon: -1.91663°/138.977°, Depth: 10
2025/08/12 15:26:42.442647 [Incident:Info:toast@toast-new:Magnitude updated] Magnitude updated: 6.33 (M)
2025/08/12 15:26:42.442705 [Simulation:Info:toast@toast-new:Simulation not generated] Magnitude 6.33 of event bmg2025psbv is smaller than triggerMinMagnitude: no automatic simulation
2025/08/12 15:26:45.125557 [Incident:Info:toast@toast-new:Origin updated] Origin updated: OT: 2025-08-12 08:24:24,  Lat/Lon: -1.91663°/138.977°, Depth: 10
2025/08/12 15:26:45.125776 [Incident:Info:toast@toast-new:Magnitude updated] Magnitude updated: 6.34 (M)
2025/08/12 15:26:45.125825 [Simulation:Info:toast@toast-new:Simulation not generated] Magnitude 6.34 of event bmg2025psbv is smaller than triggerMinMagnitude: no automatic simulation
2025/08/12 15:26:50.239608 [Incident:Info:toast@toast-new:Origin updated] Origin updated: OT: 2025-08-12 08:24:24,  Lat/Lon: -1.91663°/138.977°, Depth: 10
2025/08/12 15:26:50.239817 [Incident:Info:toast@toast-new:Magnitude updated] Magnitude updated: 6.39 (M)
2025/08/12 15:26:50.239876 [Simulation:Info:toast@toast-new:Simulation not generated] Magnitude 6.39 of event bmg2025psbv is smaller than triggerMinMagnitude: no automatic simulation
2025/08/12 15:26:52.557061 [Incident:Info:toast@toast-new:Origin updated] Origin updated: OT: 2025-08-12 08:24:24,  Lat/Lon: -1.9659°/138.976°, Depth: 10
2025/08/12 15:26:52.557220 [Incident:Info:toast@toast-new:Magnitude updated] Magnitude updated: 6.36 (M)
2025/08/12 15:26:52.557255 [Simulation:Info:toast@toast-new:Simulation not generated] Magnitude 6.36 of event bmg2025psbv is smaller than triggerMinMagnitude: no automatic simulation
2025/08/12 15:26:59.824817 [Incident:Info:toast@toast-new:Origin updated] Origin updated: OT: 2025-08-12 08:24:24,  Lat/Lon: -1.89732°/138.989°, Depth: 13.1498
2025/08/12 15:26:59.825014 [Incident:Info:toast@toast-new:Magnitude updated] Magnitude updated: 6.27 (MLv)
2025/08/12 15:26:59.825051 [Simulation:Info:toast@toast-new:Simulation not generated] Magnitude 6.27 of event bmg2025psbv is smaller than triggerMinMagnitude: no automatic simulation
2025/08/12 15:26:59.972809 [Incident:Info:toast@toast-new:Origin updated] Origin updated: OT: 2025-08-12 08:24:24,  Lat/Lon: -1.89732°/138.989°, Depth: 13.1498
2025/08/12 15:26:59.973037 [Incident:Info:toast@toast-new:Magnitude updated] Magnitude updated: 6.41 (M)
2025/08/12 15:26:59.973127 [Simulation:Info:toast@toast-new:Simulation not generated] Magnitude 6.41 of event bmg2025psbv is smaller than triggerMinMagnitude: no automatic simulation
2025/08/12 15:27:05.252715 [Incident:Info:toast@toast-new:Origin updated] Origin updated: OT: 2025-08-12 08:24:24,  Lat/Lon: -1.89732°/138.989°, Depth: 13.1498
2025/08/12 15:27:05.252930 [Incident:Info:toast@toast-new:Magnitude updated] Magnitude updated: 6.42 (M)
2025/08/12 15:27:05.252980 [Simulation:Info:toast@toast-new:Simulation not generated] Magnitude 6.42 of event bmg2025psbv is smaller than triggerMinMagnitude: no automatic simulation
2025/08/12 15:27:10.269471 [Incident:Info:toast@toast-new:Origin updated] Origin updated: OT: 2025-08-12 08:24:24,  Lat/Lon: -1.89732°/138.989°, Depth: 13.1498
2025/08/12 15:27:10.269675 [Incident:Info:toast@toast-new:Magnitude updated] Magnitude updated: 6.42 (M)
2025/08/12 15:27:10.269723 [Simulation:Info:toast@toast-new:Simulation not generated] Magnitude 6.42 of event bmg2025psbv is smaller than triggerMinMagnitude: no automatic simulation
2025/08/12 15:27:15.278053 [Incident:Info:toast@toast-new:Origin updated] Origin updated: OT: 2025-08-12 08:24:24,  Lat/Lon: -1.89732°/138.989°, Depth: 13.1498
2025/08/12 15:27:15.278286 [Incident:Info:toast@toast-new:Magnitude updated] Magnitude updated: 6.43 (M)
2025/08/12 15:27:15.278341 [Simulation:Info:toast@toast-new:Simulation not generated] Magnitude 6.43 of event bmg2025psbv is smaller than triggerMinMagnitude: no automatic simulation
2025/08/12 15:27:20.190631 [Incident:Info:toast@toast-new:Origin updated] Origin updated: OT: 2025-08-12 08:24:24,  Lat/Lon: -1.89732°/138.989°, Depth: 13.1498
2025/08/12 15:27:20.190817 [Incident:Info:toast@toast-new:Magnitude updated] Magnitude updated: 6.43 (M)
2025/08/12 15:27:20.190852 [Simulation:Info:toast@toast-new:Simulation not generated] Magnitude 6.43 of event bmg2025psbv is smaller than triggerMinMagnitude: no automatic simulation
2025/08/12 15:27:30.228574 [Incident:Info:toast@toast-new:Origin updated] Origin updated: OT: 2025-08-12 08:24:24,  Lat/Lon: -1.89732°/138.989°, Depth: 13.1498
2025/08/12 15:27:30.228762 [Incident:Info:toast@toast-new:Magnitude updated] Magnitude updated: 6.43 (M)
2025/08/12 15:27:30.228823 [Simulation:Info:toast@toast-new:Simulation not generated] Magnitude 6.43 of event bmg2025psbv is smaller than triggerMinMagnitude: no automatic simulation
2025/08/12 15:27:35.276853 [Incident:Info:toast@toast-new:Origin updated] Origin updated: OT: 2025-08-12 08:24:24,  Lat/Lon: -1.89732°/138.989°, Depth: 13.1498
2025/08/12 15:27:35.277075 [Incident:Info:toast@toast-new:Magnitude updated] Magnitude updated: 6.44 (M)
2025/08/12 15:27:35.277136 [Simulation:Info:toast@toast-new:Simulation not generated] Magnitude 6.44 of event bmg2025psbv is smaller than triggerMinMagnitude: no automatic simulation
2025/08/12 15:27:40.287434 [Incident:Info:toast@toast-new:Origin updated] Origin updated: OT: 2025-08-12 08:24:24,  Lat/Lon: -1.89732°/138.989°, Depth: 13.1498
2025/08/12 15:27:40.287630 [Incident:Info:toast@toast-new:Magnitude updated] Magnitude updated: 6.44 (M)
2025/08/12 15:27:40.287665 [Simulation:Info:toast@toast-new:Simulation not generated] Magnitude 6.44 of event bmg2025psbv is smaller than triggerMinMagnitude: no automatic simulation
2025/08/12 15:27:42.863214 [Simulation:Info:toast@toast-new:Simulation(s) triggered] Automatic simulation(s) triggered manually
2025/08/12 15:27:42.863889 [Simulation:Info:toast@toast-new:Simulation(s) started] No nodal plane available. Starting Simulation(s) with fault plane, Lat/Lon: -1.90°/ 138.99° (MT), Depth: 13.15km (MT), Mag: 6.44 (MT)
2025/08/12 15:27:42.867041 [Simulation:Info:toast@toast-new:Simulation running] TsunAWI: Looking for matching scenarios
2025/08/12 15:27:42.871267 [Simulation:Info:toast@toast-new:Simulation finished] TsunAWI: No matching scenarios
2025/08/12 15:27:42.875084 [Simulation:Info:toast@toast-new:No simulation returned] TsunAWI simulation backend returned no simulation.
2025/08/12 15:27:42.973513 [Simulation:Info:toast@toast-new:Simulation tracked] Tracking progress of EasyWave2 simulation 64000002S138140E3d5c2c242387e5652fecb35c84ef9b92bf726647
2025/08/12 15:27:42.979569 [Simulation:Info:toast@toast-new:Simulation tracked] Tracking progress of EasyWave2 simulation 64000002S138140Edae1f63d43676451cebc0c00f15354cae41625df
2025/08/12 15:28:01.055242 [Simulation:Info:toast@toast-new:Simulation finished] Finished EasyWave2 simulation 64000002S138140E3d5c2c242387e5652fecb35c84ef9b92bf726647 in 18 seconds
2025/08/12 15:28:46.368222 [Incident:Info:toast@toast-new:Origin updated] Origin updated: OT: 2025-08-12 08:24:24,  Lat/Lon: -1.89732°/138.989°, Depth: 13.1498
2025/08/12 15:28:46.368400 [Incident:Info:toast@toast-new:FM updated] FM updated
2025/08/12 15:28:46.368715 [Simulation:Info:toast@toast-new:Simulation not generated] Magnitude 6.44 of event bmg2025psbv is smaller than triggerMinMagnitude: no automatic simulation
2025/08/12 15:28:54.055651 [Simulation:Info:toast@toast-new:Simulation finished] Finished EasyWave2 simulation 64000002S138140Edae1f63d43676451cebc0c00f15354cae41625df in 71 seconds
2025/08/12 15:29:06.231840 [Incident:Info:toast@toast-new:Origin updated] Origin updated: OT: 2025-08-12 08:24:24,  Lat/Lon: -1.89732°/138.989°, Depth: 13.1498
2025/08/12 15:29:06.232073 [Incident:Info:toast@toast-new:FM updated] FM updated
2025/08/12 15:29:06.232425 [Simulation:Info:toast@toast-new:Simulation not generated] Magnitude 6.44 of event bmg2025psbv is smaller than triggerMinMagnitude: no automatic simulation
2025/08/12 15:29:26.297545 [Incident:Info:toast@toast-new:Origin updated] Origin updated: OT: 2025-08-12 08:24:24,  Lat/Lon: -1.89732°/138.989°, Depth: 13.1498
2025/08/12 15:29:26.297808 [Incident:Info:toast@toast-new:FM updated] FM updated
2025/08/12 15:29:26.298201 [Simulation:Info:toast@toast-new:Simulation not generated] Magnitude 6.44 of event bmg2025psbv is smaller than triggerMinMagnitude: no automatic simulation
2025/08/12 15:29:56.557799 [Incident:Info:toast@toast-new:Origin updated] Origin updated: OT: 2025-08-12 08:24:24,  Lat/Lon: -1.89732°/138.989°, Depth: 13.1498
2025/08/12 15:29:56.558029 [Incident:Info:toast@toast-new:FM updated] FM updated
2025/08/12 15:29:56.558373 [Simulation:Info:toast@toast-new:Simulation not generated] Magnitude 6.44 of event bmg2025psbv is smaller than triggerMinMagnitude: no automatic simulation
2025/08/12 15:30:06.474883 [Incident:Info:toast@toast-new:Origin updated] Origin updated: OT: 2025-08-12 08:24:24,  Lat/Lon: -1.89732°/138.989°, Depth: 13.1498
2025/08/12 15:30:06.475151 [Incident:Info:toast@toast-new:FM updated] FM updated
2025/08/12 15:30:06.475583 [Simulation:Info:toast@toast-new:Simulation not generated] Magnitude 6.44 of event bmg2025psbv is smaller than triggerMinMagnitude: no automatic simulation
2025/08/12 15:30:26.541188 [Incident:Info:toast@toast-new:Origin updated] Origin updated: OT: 2025-08-12 08:24:24,  Lat/Lon: -1.89732°/138.989°, Depth: 13.1498
2025/08/12 15:30:26.541438 [Simulation:Info:toast@toast-new:Simulation not generated] Magnitude 6.44 of event bmg2025psbv is smaller than triggerMinMagnitude: no automatic simulation
2025/08/12 15:30:53.309438 [Incident:Info:toast@toast-new:Origin updated] Origin updated: OT: 2025-08-12 08:24:24,  Lat/Lon: -1.89732°/138.989°, Depth: 13.1498
2025/08/12 15:30:53.309662 [Incident:Info:toast@toast-new:FM updated] FM updated
2025/08/12 15:30:53.309961 [Simulation:Info:toast@toast-new:Simulation not generated] Magnitude 6.44 of event bmg2025psbv is smaller than triggerMinMagnitude: no automatic simulation
2025/08/12 15:32:29.897864 [Incident:Info:toast@toast-new:Origin updated] Origin updated: OT: 2025-08-12 08:24:24,  Lat/Lon: -1.89732°/138.989°, Depth: 13.1498
2025/08/12 15:32:29.898135 [Incident:Info:toast@toast-new:Magnitude updated] Magnitude updated: 6.32 (Mw)
2025/08/12 15:32:29.898228 [Simulation:Info:toast@toast-new:Simulation not generated] Magnitude 6.32 of event bmg2025psbv is smaller than triggerMinMagnitude: no automatic simulation
2025/08/12 15:33:34.294566 [Incident:Info:toast@toast-new:Origin updated] Origin updated: OT: 2025-08-12 08:24:28,  Lat/Lon: -2.21498°/138.91°, Depth: 37.7214
2025/08/12 15:33:34.294829 [Simulation:Info:toast@toast-new:Simulation not generated] Magnitude 6.32 of event bmg2025psbv is smaller than triggerMinMagnitude: no automatic simulation
2025/08/12 15:42:53.952962 [Incident:Info:toast@toast-new:Origin updated] Origin updated: OT: 2025-08-12 08:24:28,  Lat/Lon: -2.21498°/138.91°, Depth: 37.7214
2025/08/12 15:42:53.953219 [Incident:Info:toast@toast-new:Magnitude updated] Magnitude updated: 6.43 (Mw)
2025/08/12 15:42:53.953291 [Incident:Info:toast@toast-new:FM updated] FM updated
2025/08/12 15:42:53.953573 [Simulation:Info:toast@toast-new:Simulation not generated] Magnitude 6.43 of event bmg2025psbv is smaller than triggerMinMagnitude: no automatic simulation
2025/08/12 15:54:37.586395 [Simulation:Info:toast@toast-new:Simulation(s) triggered] Automatic simulation(s) triggered manually
2025/08/12 15:54:37.586598 [Simulation:Info:toast@toast-new:Simulation(s) started] Starting simulation(s) with nodal plane 1, Lat/Lon: -2.21°/ 138.91° (MT), Depth: 37.72km (MT), Mag: 6.43 (MT)
2025/08/12 15:54:37.588784 [Simulation:Info:toast@toast-new:Simulation running] TsunAWI: Looking for matching scenarios
2025/08/12 15:54:37.588858 [Simulation:Info:toast@toast-new:Simulation(s) started] Starting simulation(s) with nodal plane 2, Lat/Lon: -2.21°/ 138.91° (MT), Depth: 37.72km (MT), Mag: 6.43 (MT)
2025/08/12 15:54:37.591061 [Simulation:Info:toast@toast-new:Simulation(s) started] Starting simulation(s) with fault plane, Lat/Lon: -2.21°/ 138.91° (MT), Depth: 37.72km (MT), Mag: 6.43 (MT)
2025/08/12 15:54:37.591109 [Simulation:Info:toast@toast-new:Simulation running] TsunAWI: Looking for matching scenarios
2025/08/12 15:54:37.593102 [Simulation:Info:toast@toast-new:Simulation running] TsunAWI: Looking for matching scenarios
2025/08/12 15:54:37.593441 [Simulation:Info:toast@toast-new:Simulation finished] TsunAWI: No matching scenarios
2025/08/12 15:54:37.593725 [Simulation:Info:toast@toast-new:No simulation returned] TsunAWI simulation backend returned no simulation.
2025/08/12 15:54:37.594570 [Simulation:Info:toast@toast-new:Simulation finished] TsunAWI: No matching scenarios
2025/08/12 15:54:37.595470 [Simulation:Info:toast@toast-new:No simulation returned] TsunAWI simulation backend returned no simulation.
2025/08/12 15:54:37.596328 [Simulation:Info:toast@toast-new:Simulation finished] TsunAWI: No matching scenarios
2025/08/12 15:54:37.596906 [Simulation:Info:toast@toast-new:No simulation returned] TsunAWI simulation backend returned no simulation.
2025/08/12 15:54:37.690340 [Simulation:Info:toast@toast-new:Simulation tracked] Tracking progress of EasyWave2 simulation 64002004S138140E80a0fa3c12769603c0e015f4296a061c9278a2a9
2025/08/12 15:54:37.696870 [Simulation:Info:toast@toast-new:Simulation tracked] Tracking progress of EasyWave2 simulation 64002004S138140Eb739b4c6a6a49cf10b647449101629db816643de
2025/08/12 15:54:37.703437 [Simulation:Info:toast@toast-new:Simulation tracked] Tracking progress of EasyWave2 simulation 64002004S138140Ea3bd6a786f5fdc04ace7f86304f93fd05d235ccd
2025/08/12 15:54:37.708455 [Simulation:Info:toast@toast-new:Simulation tracked] Tracking progress of EasyWave2 simulation 64002004S138140E99fab2f5ecfe807d27ba4bb2288c7b8b84220927
2025/08/12 15:54:37.714471 [Simulation:Info:toast@toast-new:Simulation tracked] Tracking progress of EasyWave2 simulation 64002004S138140Eaff79ca5d01ac3740293c7622d5ad0f1692af5ab
2025/08/12 15:54:37.719637 [Simulation:Info:toast@toast-new:Simulation tracked] Tracking progress of EasyWave2 simulation 64002004S138140E456f0bad34451cfb45a0cbafcb0f8fc814b8955b
2025/08/12 15:54:49.564725 [Simulation:Info:toast@toast-new:Simulation finished] Finished EasyWave2 simulation 64002004S138140E80a0fa3c12769603c0e015f4296a061c9278a2a9 in 11 seconds
2025/08/12 15:55:10.589522 [Simulation:Info:toast@toast-new:Simulation finished] Finished EasyWave2 simulation 64002004S138140Eb739b4c6a6a49cf10b647449101629db816643de in 32 seconds
2025/08/12 15:55:21.582679 [Simulation:Info:toast@toast-new:Simulation finished] Finished EasyWave2 simulation 64002004S138140Ea3bd6a786f5fdc04ace7f86304f93fd05d235ccd in 43 seconds
2025/08/12 15:55:43.565138 [Simulation:Info:toast@toast-new:Simulation finished] Finished EasyWave2 simulation 64002004S138140E99fab2f5ecfe807d27ba4bb2288c7b8b84220927 in 65 seconds
2025/08/12 15:55:56.578487 [Simulation:Info:toast@toast-new:Simulation finished] Finished EasyWave2 simulation 64002004S138140Eaff79ca5d01ac3740293c7622d5ad0f1692af5ab in 78 seconds
2025/08/12 15:56:25.558267 [Simulation:Info:toast@toast-new:Simulation finished] Finished EasyWave2 simulation 64002004S138140E456f0bad34451cfb45a0cbafcb0f8fc814b8955b in 107 seconds
2025/08/13 00:23:03.405544 [Incident:Info:toast@toast-new:Origin updated] Origin updated: OT: 2025-08-12 08:24:26,  Lat/Lon: -2.18028°/138.924°, Depth: 22.2958
2025/08/13 00:23:03.405991 [Simulation:Info:toast@toast-new:Simulation not generated] Magnitude 6.43 of event bmg2025psbv is smaller than triggerMinMagnitude: no automatic simulation
2025/08/13 00:23:08.904650 [Incident:Info:toast@toast-new:Origin updated] Origin updated: OT: 2025-08-12 08:24:26,  Lat/Lon: -2.18028°/138.924°, Depth: 22.2958
2025/08/13 00:23:08.904968 [Simulation:Info:toast@toast-new:Simulation not generated] Magnitude 6.43 of event bmg2025psbv is smaller than triggerMinMagnitude: no automatic simulation
2025/08/13 00:23:08.944155 [Incident:Info:toast@toast-new:Origin updated] Origin updated: OT: 2025-08-12 08:24:26,  Lat/Lon: -2.18028°/138.924°, Depth: 22.2958
2025/08/13 00:23:08.944368 [Simulation:Info:toast@toast-new:Simulation not generated] Magnitude 6.43 of event bmg2025psbv is smaller than triggerMinMagnitude: no automatic simulation
2025/08/13 00:32:27.817443 [Incident:Info:toast@toast-new:Origin updated] Origin updated: OT: 2025-08-12 08:24:26,  Lat/Lon: -2.18028°/138.924°, Depth: 22.2958
2025/08/13 00:32:27.818031 [Incident:Info:toast@toast-new:Magnitude updated] Magnitude updated: 6.33 (Mw)
2025/08/13 00:32:27.818166 [Incident:Info:toast@toast-new:FM updated] FM updated
2025/08/13 00:32:27.818595 [Simulation:Info:toast@toast-new:Simulation not generated] Magnitude 6.33 of event bmg2025psbv is smaller than triggerMinMagnitude: no automatic simulation
