2025/01/01 11:47:09.195615 [Incident:Info:toast@toast-new:Displacement(s) updated] Added 0 and changed 0 displacements with 0 amplitudes
2025/01/01 11:47:09.235141 [Incident:Info:toast@toast-new:Incident created] Incident created based on event received from messaging: OT: 2025-01-01 04:39:21,  Lat/Lon: -20.42°/168.99°, Depth: 10.00, Mag: 5.57 (M)
2025/01/01 11:47:09.235497 [Simulation:Info:toast@toast-new:Simulation not generated] Magnitude 5.57 of event bmg2025aajf is smaller than triggerMinMagnitude: no automatic simulation
2025/01/01 11:47:09.244899 [Incident:Info:toast@toast-new:Origin updated] Origin updated: OT: 2025-01-01 04:39:21,  Lat/Lon: -20.4168°/168.994°, Depth: 10
2025/01/01 11:47:09.244997 [Simulation:Info:toast@toast-new:Simulation not generated] Magnitude 5.57 of event bmg2025aajf is smaller than triggerMinMagnitude: no automatic simulation
2025/01/01 11:47:21.605730 [Incident:Info:toast@toast-new:Origin updated] Origin updated: OT: 2025-01-01 04:39:21,  Lat/Lon: -20.4071°/168.982°, Depth: 10
2025/01/01 11:47:21.605957 [Incident:Info:toast@toast-new:Magnitude updated] Magnitude updated: 5.57 (M)
2025/01/01 11:47:21.606008 [Simulation:Info:toast@toast-new:Simulation not generated] Magnitude 5.57 of event bmg2025aajf is smaller than triggerMinMagnitude: no automatic simulation
2025/01/01 11:47:31.621672 [Incident:Info:toast@toast-new:Origin updated] Origin updated: OT: 2025-01-01 04:39:21,  Lat/Lon: -20.3989°/168.977°, Depth: 10
2025/01/01 11:47:31.621900 [Incident:Info:toast@toast-new:Magnitude updated] Magnitude updated: 5.57 (M)
2025/01/01 11:47:31.621953 [Simulation:Info:toast@toast-new:Simulation not generated] Magnitude 5.57 of event bmg2025aajf is smaller than triggerMinMagnitude: no automatic simulation
2025/01/01 11:47:41.680806 [Incident:Info:toast@toast-new:Origin updated] Origin updated: OT: 2025-01-01 04:39:21,  Lat/Lon: -20.3941°/168.974°, Depth: 10
2025/01/01 11:47:41.681004 [Incident:Info:toast@toast-new:Magnitude updated] Magnitude updated: 5.57 (M)
2025/01/01 11:47:41.681047 [Simulation:Info:toast@toast-new:Simulation not generated] Magnitude 5.57 of event bmg2025aajf is smaller than triggerMinMagnitude: no automatic simulation
2025/01/01 11:47:52.809062 [Incident:Info:toast@toast-new:Origin updated] Origin updated: OT: 2025-01-01 04:39:21,  Lat/Lon: -20.3897°/168.971°, Depth: 10
2025/01/01 11:47:52.809298 [Incident:Info:toast@toast-new:Magnitude updated] Magnitude updated: 5.59 (M)
2025/01/01 11:47:52.809351 [Simulation:Info:toast@toast-new:Simulation not generated] Magnitude 5.59 of event bmg2025aajf is smaller than triggerMinMagnitude: no automatic simulation
2025/01/01 11:47:57.040191 [Incident:Info:toast@toast-new:Origin updated] Origin updated: OT: 2025-01-01 04:39:21,  Lat/Lon: -20.3897°/168.971°, Depth: 10
2025/01/01 11:47:57.040387 [Incident:Info:toast@toast-new:Magnitude updated] Magnitude updated: 5.62 (M)
2025/01/01 11:47:57.040431 [Simulation:Info:toast@toast-new:Simulation not generated] Magnitude 5.62 of event bmg2025aajf is smaller than triggerMinMagnitude: no automatic simulation
2025/01/01 11:48:06.592119 [Incident:Info:toast@toast-new:Origin updated] Origin updated: OT: 2025-01-01 04:39:20,  Lat/Lon: -20.4139°/168.974°, Depth: 10
2025/01/01 11:48:06.592341 [Incident:Info:toast@toast-new:Magnitude updated] Magnitude updated: 5.60 (M)
2025/01/01 11:48:06.592388 [Simulation:Info:toast@toast-new:Simulation not generated] Magnitude 5.60 of event bmg2025aajf is smaller than triggerMinMagnitude: no automatic simulation
2025/01/01 11:48:21.611043 [Incident:Info:toast@toast-new:Origin updated] Origin updated: OT: 2025-01-01 04:39:21,  Lat/Lon: -20.4199°/168.98°, Depth: 10
2025/01/01 11:48:21.611252 [Incident:Info:toast@toast-new:Magnitude updated] Magnitude updated: 5.60 (M)
2025/01/01 11:48:21.611295 [Simulation:Info:toast@toast-new:Simulation not generated] Magnitude 5.60 of event bmg2025aajf is smaller than triggerMinMagnitude: no automatic simulation
2025/01/01 11:48:32.018288 [Incident:Info:toast@toast-new:Origin updated] Origin updated: OT: 2025-01-01 04:39:21,  Lat/Lon: -20.4199°/168.98°, Depth: 10
2025/01/01 11:48:32.018496 [Incident:Info:toast@toast-new:Magnitude updated] Magnitude updated: 5.61 (M)
2025/01/01 11:48:32.018539 [Simulation:Info:toast@toast-new:Simulation not generated] Magnitude 5.61 of event bmg2025aajf is smaller than triggerMinMagnitude: no automatic simulation
2025/01/01 11:48:36.699636 [Incident:Info:toast@toast-new:Origin updated] Origin updated: OT: 2025-01-01 04:39:20,  Lat/Lon: -20.4284°/168.972°, Depth: 10
2025/01/01 11:48:36.699865 [Incident:Info:toast@toast-new:Magnitude updated] Magnitude updated: 5.62 (M)
2025/01/01 11:48:36.699911 [Simulation:Info:toast@toast-new:Simulation not generated] Magnitude 5.62 of event bmg2025aajf is smaller than triggerMinMagnitude: no automatic simulation
2025/01/01 11:48:42.033221 [Incident:Info:toast@toast-new:Origin updated] Origin updated: OT: 2025-01-01 04:39:20,  Lat/Lon: -20.4284°/168.972°, Depth: 10
2025/01/01 11:48:42.033409 [Incident:Info:toast@toast-new:Magnitude updated] Magnitude updated: 5.62 (M)
2025/01/01 11:48:42.033450 [Simulation:Info:toast@toast-new:Simulation not generated] Magnitude 5.62 of event bmg2025aajf is smaller than triggerMinMagnitude: no automatic simulation
2025/01/01 11:48:47.034960 [Incident:Info:toast@toast-new:Origin updated] Origin updated: OT: 2025-01-01 04:39:20,  Lat/Lon: -20.4284°/168.972°, Depth: 10
2025/01/01 11:48:47.035162 [Incident:Info:toast@toast-new:Magnitude updated] Magnitude updated: 5.63 (M)
2025/01/01 11:48:47.035210 [Simulation:Info:toast@toast-new:Simulation not generated] Magnitude 5.63 of event bmg2025aajf is smaller than triggerMinMagnitude: no automatic simulation
2025/01/01 11:48:55.371433 [Incident:Info:toast@toast-new:Origin updated] Origin updated: OT: 2025-01-01 04:39:20,  Lat/Lon: -20.426°/168.968°, Depth: 10
2025/01/01 11:48:55.371627 [Incident:Info:toast@toast-new:Magnitude updated] Magnitude updated: 5.63 (M)
2025/01/01 11:48:55.371667 [Simulation:Info:toast@toast-new:Simulation not generated] Magnitude 5.63 of event bmg2025aajf is smaller than triggerMinMagnitude: no automatic simulation
2025/01/01 11:48:57.035164 [Incident:Info:toast@toast-new:Origin updated] Origin updated: OT: 2025-01-01 04:39:20,  Lat/Lon: -20.426°/168.968°, Depth: 10
2025/01/01 11:48:57.035369 [Incident:Info:toast@toast-new:Magnitude updated] Magnitude updated: 5.63 (M)
2025/01/01 11:48:57.035419 [Simulation:Info:toast@toast-new:Simulation not generated] Magnitude 5.63 of event bmg2025aajf is smaller than triggerMinMagnitude: no automatic simulation
2025/01/01 11:49:02.036866 [Incident:Info:toast@toast-new:Origin updated] Origin updated: OT: 2025-01-01 04:39:20,  Lat/Lon: -20.426°/168.968°, Depth: 10
2025/01/01 11:49:02.037063 [Incident:Info:toast@toast-new:Magnitude updated] Magnitude updated: 5.62 (M)
2025/01/01 11:49:02.037109 [Simulation:Info:toast@toast-new:Simulation not generated] Magnitude 5.62 of event bmg2025aajf is smaller than triggerMinMagnitude: no automatic simulation
2025/01/01 11:49:07.048442 [Incident:Info:toast@toast-new:Origin updated] Origin updated: OT: 2025-01-01 04:39:20,  Lat/Lon: -20.426°/168.968°, Depth: 10
2025/01/01 11:49:07.048619 [Incident:Info:toast@toast-new:Magnitude updated] Magnitude updated: 5.65 (M)
2025/01/01 11:49:07.048675 [Simulation:Info:toast@toast-new:Simulation not generated] Magnitude 5.65 of event bmg2025aajf is smaller than triggerMinMagnitude: no automatic simulation
2025/01/01 11:49:12.041223 [Incident:Info:toast@toast-new:Origin updated] Origin updated: OT: 2025-01-01 04:39:20,  Lat/Lon: -20.426°/168.968°, Depth: 10
2025/01/01 11:49:12.041436 [Incident:Info:toast@toast-new:Magnitude updated] Magnitude updated: 5.65 (M)
2025/01/01 11:49:12.041508 [Simulation:Info:toast@toast-new:Simulation not generated] Magnitude 5.65 of event bmg2025aajf is smaller than triggerMinMagnitude: no automatic simulation
2025/01/01 11:49:17.036403 [Incident:Info:toast@toast-new:Origin updated] Origin updated: OT: 2025-01-01 04:39:20,  Lat/Lon: -20.426°/168.968°, Depth: 10
2025/01/01 11:49:17.036623 [Incident:Info:toast@toast-new:Magnitude updated] Magnitude updated: 5.66 (M)
2025/01/01 11:49:17.036720 [Simulation:Info:toast@toast-new:Simulation not generated] Magnitude 5.66 of event bmg2025aajf is smaller than triggerMinMagnitude: no automatic simulation
2025/01/01 11:49:22.036576 [Incident:Info:toast@toast-new:Origin updated] Origin updated: OT: 2025-01-01 04:39:20,  Lat/Lon: -20.426°/168.968°, Depth: 10
2025/01/01 11:49:22.036786 [Incident:Info:toast@toast-new:Magnitude updated] Magnitude updated: 5.65 (M)
2025/01/01 11:49:22.036838 [Simulation:Info:toast@toast-new:Simulation not generated] Magnitude 5.65 of event bmg2025aajf is smaller than triggerMinMagnitude: no automatic simulation
2025/01/01 11:49:25.219897 [Incident:Info:toast@toast-new:Origin updated] Origin updated: OT: 2025-01-01 04:39:20,  Lat/Lon: -20.426°/168.968°, Depth: 10
2025/01/01 11:49:25.220092 [Incident:Info:toast@toast-new:Magnitude updated] Magnitude updated: 5.66 (M)
2025/01/01 11:49:25.220136 [Simulation:Info:toast@toast-new:Simulation not generated] Magnitude 5.66 of event bmg2025aajf is smaller than triggerMinMagnitude: no automatic simulation
2025/01/01 11:49:25.243463 [Incident:Info:toast@toast-new:Origin updated] Origin updated: OT: 2025-01-01 04:39:20,  Lat/Lon: -20.4389°/168.967°, Depth: 10
2025/01/01 11:49:25.243580 [Incident:Info:toast@toast-new:Magnitude updated] Magnitude updated: 5.60 (M)
2025/01/01 11:49:25.243623 [Simulation:Info:toast@toast-new:Simulation not generated] Magnitude 5.60 of event bmg2025aajf is smaller than triggerMinMagnitude: no automatic simulation
2025/01/01 11:49:27.064291 [Incident:Info:toast@toast-new:Origin updated] Origin updated: OT: 2025-01-01 04:39:20,  Lat/Lon: -20.4389°/168.967°, Depth: 10
2025/01/01 11:49:27.064490 [Incident:Info:toast@toast-new:Magnitude updated] Magnitude updated: 5.61 (M)
2025/01/01 11:49:27.064537 [Simulation:Info:toast@toast-new:Simulation not generated] Magnitude 5.61 of event bmg2025aajf is smaller than triggerMinMagnitude: no automatic simulation
2025/01/01 11:49:27.084891 [Incident:Info:toast@toast-new:Origin updated] Origin updated: OT: 2025-01-01 04:39:20,  Lat/Lon: -20.4389°/168.967°, Depth: 10
2025/01/01 11:49:27.085009 [Incident:Info:toast@toast-new:Magnitude updated] Magnitude updated: 5.63 (Mw(mB))
2025/01/01 11:49:27.085042 [Simulation:Info:toast@toast-new:Simulation not generated] Magnitude 5.63 of event bmg2025aajf is smaller than triggerMinMagnitude: no automatic simulation
2025/01/01 11:49:32.043851 [Incident:Info:toast@toast-new:Origin updated] Origin updated: OT: 2025-01-01 04:39:20,  Lat/Lon: -20.4389°/168.967°, Depth: 10
2025/01/01 11:49:32.044036 [Incident:Info:toast@toast-new:Magnitude updated] Magnitude updated: 5.68 (Mw(mB))
2025/01/01 11:49:32.044092 [Simulation:Info:toast@toast-new:Simulation not generated] Magnitude 5.68 of event bmg2025aajf is smaller than triggerMinMagnitude: no automatic simulation
2025/01/01 11:49:37.040528 [Incident:Info:toast@toast-new:Origin updated] Origin updated: OT: 2025-01-01 04:39:20,  Lat/Lon: -20.4389°/168.967°, Depth: 10
2025/01/01 11:49:37.040717 [Incident:Info:toast@toast-new:Magnitude updated] Magnitude updated: 5.68 (Mw(mB))
2025/01/01 11:49:37.040757 [Simulation:Info:toast@toast-new:Simulation not generated] Magnitude 5.68 of event bmg2025aajf is smaller than triggerMinMagnitude: no automatic simulation
2025/01/01 11:49:42.036189 [Incident:Info:toast@toast-new:Origin updated] Origin updated: OT: 2025-01-01 04:39:20,  Lat/Lon: -20.4389°/168.967°, Depth: 10
2025/01/01 11:49:42.036384 [Incident:Info:toast@toast-new:Magnitude updated] Magnitude updated: 5.68 (Mw(mB))
2025/01/01 11:49:42.036426 [Simulation:Info:toast@toast-new:Simulation not generated] Magnitude 5.68 of event bmg2025aajf is smaller than triggerMinMagnitude: no automatic simulation
2025/01/01 11:49:47.036867 [Incident:Info:toast@toast-new:Origin updated] Origin updated: OT: 2025-01-01 04:39:20,  Lat/Lon: -20.4389°/168.967°, Depth: 10
2025/01/01 11:49:47.037038 [Incident:Info:toast@toast-new:Magnitude updated] Magnitude updated: 5.69 (Mw(mB))
2025/01/01 11:49:47.037070 [Simulation:Info:toast@toast-new:Simulation not generated] Magnitude 5.69 of event bmg2025aajf is smaller than triggerMinMagnitude: no automatic simulation
2025/01/01 11:49:57.037887 [Incident:Info:toast@toast-new:Origin updated] Origin updated: OT: 2025-01-01 04:39:20,  Lat/Lon: -20.4389°/168.967°, Depth: 10
2025/01/01 11:49:57.038084 [Incident:Info:toast@toast-new:Magnitude updated] Magnitude updated: 5.70 (Mw(mB))
2025/01/01 11:49:57.038129 [Simulation:Info:toast@toast-new:Simulation not generated] Magnitude 5.70 of event bmg2025aajf is smaller than triggerMinMagnitude: no automatic simulation
2025/01/01 11:50:01.892992 [Incident:Info:toast@toast-new:Origin updated] Origin updated: OT: 2025-01-01 04:39:20,  Lat/Lon: -20.4416°/168.967°, Depth: 10
2025/01/01 11:50:01.893188 [Incident:Info:toast@toast-new:Magnitude updated] Magnitude updated: 5.70 (Mw(mB))
2025/01/01 11:50:01.893230 [Simulation:Info:toast@toast-new:Simulation not generated] Magnitude 5.70 of event bmg2025aajf is smaller than triggerMinMagnitude: no automatic simulation
2025/01/01 11:50:07.037959 [Incident:Info:toast@toast-new:Origin updated] Origin updated: OT: 2025-01-01 04:39:20,  Lat/Lon: -20.4416°/168.967°, Depth: 10
2025/01/01 11:50:07.038143 [Incident:Info:toast@toast-new:Magnitude updated] Magnitude updated: 5.70 (Mw(mB))
2025/01/01 11:50:07.038185 [Simulation:Info:toast@toast-new:Simulation not generated] Magnitude 5.70 of event bmg2025aajf is smaller than triggerMinMagnitude: no automatic simulation
2025/01/01 11:50:17.043333 [Incident:Info:toast@toast-new:Origin updated] Origin updated: OT: 2025-01-01 04:39:20,  Lat/Lon: -20.4416°/168.967°, Depth: 10
2025/01/01 11:50:17.043540 [Incident:Info:toast@toast-new:Magnitude updated] Magnitude updated: 5.70 (Mw(mB))
2025/01/01 11:50:17.043580 [Simulation:Info:toast@toast-new:Simulation not generated] Magnitude 5.70 of event bmg2025aajf is smaller than triggerMinMagnitude: no automatic simulation
2025/01/01 11:50:42.039912 [Incident:Info:toast@toast-new:Origin updated] Origin updated: OT: 2025-01-01 04:39:20,  Lat/Lon: -20.4416°/168.967°, Depth: 10
2025/01/01 11:50:42.040097 [Incident:Info:toast@toast-new:Magnitude updated] Magnitude updated: 5.70 (Mw(mB))
2025/01/01 11:50:42.040137 [Simulation:Info:toast@toast-new:Simulation not generated] Magnitude 5.70 of event bmg2025aajf is smaller than triggerMinMagnitude: no automatic simulation
2025/01/01 11:50:46.902500 [Incident:Info:toast@toast-new:Origin updated] Origin updated: OT: 2025-01-01 04:39:19,  Lat/Lon: -20.607°/169.024°, Depth: 10
2025/01/01 11:50:46.902715 [Incident:Info:toast@toast-new:Magnitude updated] Magnitude updated: 5.69 (Mw(mB))
2025/01/01 11:50:46.902757 [Simulation:Info:toast@toast-new:Simulation not generated] Magnitude 5.69 of event bmg2025aajf is smaller than triggerMinMagnitude: no automatic simulation
2025/01/01 11:51:31.934156 [Incident:Info:toast@toast-new:Origin updated] Origin updated: OT: 2025-01-01 04:39:19,  Lat/Lon: -20.6763°/169.058°, Depth: 10
2025/01/01 11:51:31.934358 [Incident:Info:toast@toast-new:Magnitude updated] Magnitude updated: 5.68 (Mw(mB))
2025/01/01 11:51:31.934392 [Simulation:Info:toast@toast-new:Simulation not generated] Magnitude 5.68 of event bmg2025aajf is smaller than triggerMinMagnitude: no automatic simulation
2025/01/01 11:51:37.043107 [Incident:Info:toast@toast-new:Origin updated] Origin updated: OT: 2025-01-01 04:39:19,  Lat/Lon: -20.6763°/169.058°, Depth: 10
2025/01/01 11:51:37.043295 [Incident:Info:toast@toast-new:Magnitude updated] Magnitude updated: 5.69 (Mw(mB))
2025/01/01 11:51:37.043335 [Simulation:Info:toast@toast-new:Simulation not generated] Magnitude 5.69 of event bmg2025aajf is smaller than triggerMinMagnitude: no automatic simulation
2025/01/01 11:51:47.043607 [Incident:Info:toast@toast-new:Origin updated] Origin updated: OT: 2025-01-01 04:39:19,  Lat/Lon: -20.6763°/169.058°, Depth: 10
2025/01/01 11:51:47.043787 [Incident:Info:toast@toast-new:Magnitude updated] Magnitude updated: 5.69 (Mw(mB))
2025/01/01 11:51:47.043818 [Simulation:Info:toast@toast-new:Simulation not generated] Magnitude 5.69 of event bmg2025aajf is smaller than triggerMinMagnitude: no automatic simulation
2025/01/01 11:51:52.044637 [Incident:Info:toast@toast-new:Origin updated] Origin updated: OT: 2025-01-01 04:39:19,  Lat/Lon: -20.6763°/169.058°, Depth: 10
2025/01/01 11:51:52.044837 [Incident:Info:toast@toast-new:Magnitude updated] Magnitude updated: 5.69 (Mw(mB))
2025/01/01 11:51:52.044882 [Simulation:Info:toast@toast-new:Simulation not generated] Magnitude 5.69 of event bmg2025aajf is smaller than triggerMinMagnitude: no automatic simulation
2025/01/01 11:51:57.043169 [Incident:Info:toast@toast-new:Origin updated] Origin updated: OT: 2025-01-01 04:39:19,  Lat/Lon: -20.6763°/169.058°, Depth: 10
2025/01/01 11:51:57.043329 [Incident:Info:toast@toast-new:Magnitude updated] Magnitude updated: 5.68 (Mw(mB))
2025/01/01 11:51:57.043368 [Simulation:Info:toast@toast-new:Simulation not generated] Magnitude 5.68 of event bmg2025aajf is smaller than triggerMinMagnitude: no automatic simulation
2025/01/01 11:52:21.980278 [Incident:Info:toast@toast-new:Origin updated] Origin updated: OT: 2025-01-01 04:39:19,  Lat/Lon: -20.6773°/169.063°, Depth: 10
2025/01/01 11:52:21.980467 [Incident:Info:toast@toast-new:Magnitude updated] Magnitude updated: 5.73 (Mw(mB))
2025/01/01 11:52:21.980508 [Simulation:Info:toast@toast-new:Simulation not generated] Magnitude 5.73 of event bmg2025aajf is smaller than triggerMinMagnitude: no automatic simulation
2025/01/01 11:52:37.051091 [Incident:Info:toast@toast-new:Origin updated] Origin updated: OT: 2025-01-01 04:39:19,  Lat/Lon: -20.6773°/169.063°, Depth: 10
2025/01/01 11:52:37.051296 [Incident:Info:toast@toast-new:Magnitude updated] Magnitude updated: 5.72 (Mw(mB))
2025/01/01 11:52:37.051343 [Simulation:Info:toast@toast-new:Simulation not generated] Magnitude 5.72 of event bmg2025aajf is smaller than triggerMinMagnitude: no automatic simulation
2025/01/01 11:52:42.048925 [Incident:Info:toast@toast-new:Origin updated] Origin updated: OT: 2025-01-01 04:39:19,  Lat/Lon: -20.6773°/169.063°, Depth: 10
2025/01/01 11:52:42.049113 [Incident:Info:toast@toast-new:Magnitude updated] Magnitude updated: 5.71 (Mw(mB))
2025/01/01 11:52:42.049157 [Simulation:Info:toast@toast-new:Simulation not generated] Magnitude 5.71 of event bmg2025aajf is smaller than triggerMinMagnitude: no automatic simulation
2025/01/01 11:53:15.787399 [Incident:Info:toast@toast-new:Origin updated] Origin updated: OT: 2025-01-01 04:39:19,  Lat/Lon: -20.7231°/169.094°, Depth: 10
2025/01/01 11:53:15.787593 [Incident:Info:toast@toast-new:Magnitude updated] Magnitude updated: 5.71 (Mw(mB))
2025/01/01 11:53:15.787632 [Simulation:Info:toast@toast-new:Simulation not generated] Magnitude 5.71 of event bmg2025aajf is smaller than triggerMinMagnitude: no automatic simulation
2025/01/01 11:53:42.049565 [Incident:Info:toast@toast-new:Origin updated] Origin updated: OT: 2025-01-01 04:39:19,  Lat/Lon: -20.7231°/169.094°, Depth: 10
2025/01/01 11:53:42.049767 [Incident:Info:toast@toast-new:Magnitude updated] Magnitude updated: 5.72 (Mw(mB))
2025/01/01 11:53:42.049812 [Simulation:Info:toast@toast-new:Simulation not generated] Magnitude 5.72 of event bmg2025aajf is smaller than triggerMinMagnitude: no automatic simulation
2025/01/01 11:53:57.048952 [Incident:Info:toast@toast-new:Origin updated] Origin updated: OT: 2025-01-01 04:39:19,  Lat/Lon: -20.7231°/169.094°, Depth: 10
2025/01/01 11:53:57.049160 [Incident:Info:toast@toast-new:Magnitude updated] Magnitude updated: 5.71 (Mw(mB))
2025/01/01 11:53:57.049202 [Simulation:Info:toast@toast-new:Simulation not generated] Magnitude 5.71 of event bmg2025aajf is smaller than triggerMinMagnitude: no automatic simulation
2025/01/01 11:54:12.069993 [Incident:Info:toast@toast-new:Origin updated] Origin updated: OT: 2025-01-01 04:39:18,  Lat/Lon: -20.6979°/169.149°, Depth: 10
2025/01/01 11:54:12.070223 [Incident:Info:toast@toast-new:Magnitude updated] Magnitude updated: 5.71 (Mw(mB))
2025/01/01 11:54:12.070269 [Simulation:Info:toast@toast-new:Simulation not generated] Magnitude 5.71 of event bmg2025aajf is smaller than triggerMinMagnitude: no automatic simulation
2025/01/01 11:55:07.030259 [Incident:Info:toast@toast-new:Origin updated] Origin updated: OT: 2025-01-01 04:39:17,  Lat/Lon: -20.6299°/169.421°, Depth: 10
2025/01/01 11:55:07.030487 [Incident:Info:toast@toast-new:Magnitude updated] Magnitude updated: 5.72 (Mw(mB))
2025/01/01 11:55:07.030536 [Simulation:Info:toast@toast-new:Simulation not generated] Magnitude 5.72 of event bmg2025aajf is smaller than triggerMinMagnitude: no automatic simulation
2025/01/01 11:56:07.013211 [Incident:Info:toast@toast-new:Origin updated] Origin updated: OT: 2025-01-01 04:39:17,  Lat/Lon: -20.6288°/169.406°, Depth: 10
2025/01/01 11:56:07.013419 [Incident:Info:toast@toast-new:Magnitude updated] Magnitude updated: 5.72 (Mw(mB))
2025/01/01 11:56:07.013462 [Simulation:Info:toast@toast-new:Simulation not generated] Magnitude 5.72 of event bmg2025aajf is smaller than triggerMinMagnitude: no automatic simulation
2025/01/01 11:59:13.264379 [Incident:Info:toast@toast-new:Origin updated] Origin updated: OT: 2025-01-01 04:39:17,  Lat/Lon: -20.6288°/169.406°, Depth: 10
2025/01/01 11:59:13.264553 [Simulation:Info:toast@toast-new:Simulation not generated] Magnitude 5.72 of event bmg2025aajf is smaller than triggerMinMagnitude: no automatic simulation
2025/01/01 12:03:54.815745 [Incident:Info:toast@toast-new:Origin updated] Origin updated: OT: 2025-01-01 04:39:17,  Lat/Lon: -20.6314°/169.408°, Depth: 10
2025/01/01 12:03:54.815936 [Incident:Info:toast@toast-new:Magnitude updated] Magnitude updated: 5.72 (Mw(mB))
2025/01/01 12:03:54.815975 [Simulation:Info:toast@toast-new:Simulation not generated] Magnitude 5.72 of event bmg2025aajf is smaller than triggerMinMagnitude: no automatic simulation
2025/01/01 12:03:57.049987 [Incident:Info:toast@toast-new:Origin updated] Origin updated: OT: 2025-01-01 04:39:17,  Lat/Lon: -20.6314°/169.408°, Depth: 10
2025/01/01 12:03:57.050175 [Incident:Info:toast@toast-new:Magnitude updated] Magnitude updated: 5.72 (Mw(mB))
2025/01/01 12:03:57.050218 [Simulation:Info:toast@toast-new:Simulation not generated] Magnitude 5.72 of event bmg2025aajf is smaller than triggerMinMagnitude: no automatic simulation
2025/01/01 12:05:27.549473 [Incident:Info:toast@toast-new:Origin updated] Origin updated: OT: 2025-01-01 04:39:17,  Lat/Lon: -20.6318°/169.41°, Depth: 10
2025/01/01 12:05:27.549670 [Incident:Info:toast@toast-new:Magnitude updated] Magnitude updated: 5.72 (Mw(mB))
2025/01/01 12:05:27.549711 [Simulation:Info:toast@toast-new:Simulation not generated] Magnitude 5.72 of event bmg2025aajf is smaller than triggerMinMagnitude: no automatic simulation
2025/01/01 12:06:22.053782 [Incident:Info:toast@toast-new:Origin updated] Origin updated: OT: 2025-01-01 04:39:17,  Lat/Lon: -20.6318°/169.41°, Depth: 10
2025/01/01 12:06:22.053998 [Incident:Info:toast@toast-new:Magnitude updated] Magnitude updated: 5.73 (Mw(mB))
2025/01/01 12:06:22.054042 [Simulation:Info:toast@toast-new:Simulation not generated] Magnitude 5.73 of event bmg2025aajf is smaller than triggerMinMagnitude: no automatic simulation
2025/01/01 12:29:03.375039 [Incident:Info:toast@toast-new:Origin updated] Origin updated: OT: 2025-01-01 04:39:17,  Lat/Lon: -20.632°/169.41°, Depth: 10
2025/01/01 12:29:03.375254 [Incident:Info:toast@toast-new:Magnitude updated] Magnitude updated: 5.73 (Mw(mB))
2025/01/01 12:29:03.375299 [Simulation:Info:toast@toast-new:Simulation not generated] Magnitude 5.73 of event bmg2025aajf is smaller than triggerMinMagnitude: no automatic simulation
2025/01/01 12:29:12.051406 [Incident:Info:toast@toast-new:Origin updated] Origin updated: OT: 2025-01-01 04:39:17,  Lat/Lon: -20.632°/169.41°, Depth: 10
2025/01/01 12:29:12.051602 [Incident:Info:toast@toast-new:Magnitude updated] Magnitude updated: 5.72 (Mw(mB))
2025/01/01 12:29:12.051642 [Simulation:Info:toast@toast-new:Simulation not generated] Magnitude 5.72 of event bmg2025aajf is smaller than triggerMinMagnitude: no automatic simulation
2025/01/01 15:18:32.425597 [Incident:Info:toast@toast-new:Origin updated] Origin updated: OT: 2025-01-01 04:39:19,  Lat/Lon: -20.6764°/169.397°, Depth: 24.4873
2025/01/01 15:18:32.425850 [Incident:Info:toast@toast-new:Magnitude updated] Magnitude updated: 5.71 (Mw(mB))
2025/01/01 15:18:32.425896 [Simulation:Info:toast@toast-new:Simulation not generated] Magnitude 5.71 of event bmg2025aajf is smaller than triggerMinMagnitude: no automatic simulation
2025/01/01 15:18:44.096236 [Incident:Info:toast@toast-new:Origin updated] Origin updated: OT: 2025-01-01 04:39:19,  Lat/Lon: -20.6764°/169.397°, Depth: 24.4873
2025/01/01 15:18:44.096431 [Simulation:Info:toast@toast-new:Simulation not generated] Magnitude 5.71 of event bmg2025aajf is smaller than triggerMinMagnitude: no automatic simulation
2025/01/01 15:18:44.120729 [Incident:Info:toast@toast-new:Origin updated] Origin updated: OT: 2025-01-01 04:39:19,  Lat/Lon: -20.6764°/169.397°, Depth: 24.4873
2025/01/01 15:18:44.120877 [Simulation:Info:toast@toast-new:Simulation not generated] Magnitude 5.71 of event bmg2025aajf is smaller than triggerMinMagnitude: no automatic simulation
2025/01/01 15:18:58.480610 [Incident:Info:toast@toast-new:Origin updated] Origin updated: OT: 2025-01-01 04:39:19,  Lat/Lon: -20.6764°/169.397°, Depth: 24.4873
2025/01/01 15:18:58.480803 [Incident:Info:toast@toast-new:Magnitude updated] Magnitude updated: 5.55 (mb)
2025/01/01 15:18:58.480869 [Simulation:Info:toast@toast-new:Simulation not generated] Magnitude 5.55 of event bmg2025aajf is smaller than triggerMinMagnitude: no automatic simulation
