2025/06/20 20:29:27.350742 [Incident:Info:toast@toast-new:Displacement(s) updated] Added 0 and changed 0 displacements with 0 amplitudes
2025/06/20 20:29:27.391682 [Incident:Info:toast@toast-new:Incident created] Incident created based on event received from messaging: OT: 2025-06-20 13:18:40,  Lat/Lon: -22.35°/171.60°, Depth: 131.28, Mag: 5.36 (M)
2025/06/20 20:29:27.392039 [Simulation:Info:toast@toast-new:Simulation not generated] Magnitude 5.36 of event bmg2025lzpw is smaller than triggerMinMagnitude: no automatic simulation
2025/06/20 20:29:27.603252 [Incident:Info:toast@toast-new:Origin updated] Origin updated: OT: 2025-06-20 13:18:40,  Lat/Lon: -22.3506°/171.604°, Depth: 131.278
2025/06/20 20:29:27.603346 [Simulation:Info:toast@toast-new:Simulation not generated] Magnitude 5.36 of event bmg2025lzpw is smaller than triggerMinMagnitude: no automatic simulation
2025/06/20 20:29:34.126696 [Incident:Info:toast@toast-new:Origin updated] Origin updated: OT: 2025-06-20 13:18:40,  Lat/Lon: -22.3506°/171.604°, Depth: 131.278
2025/06/20 20:29:34.126902 [Incident:Info:toast@toast-new:Magnitude updated] Magnitude updated: 5.34 (M)
2025/06/20 20:29:34.126971 [Simulation:Info:toast@toast-new:Simulation not generated] Magnitude 5.34 of event bmg2025lzpw is smaller than triggerMinMagnitude: no automatic simulation
2025/06/20 20:29:44.125959 [Incident:Info:toast@toast-new:Origin updated] Origin updated: OT: 2025-06-20 13:18:40,  Lat/Lon: -22.3506°/171.604°, Depth: 131.278
2025/06/20 20:29:44.126170 [Incident:Info:toast@toast-new:Magnitude updated] Magnitude updated: 5.40 (M)
2025/06/20 20:29:44.126230 [Simulation:Info:toast@toast-new:Simulation not generated] Magnitude 5.40 of event bmg2025lzpw is smaller than triggerMinMagnitude: no automatic simulation
2025/06/20 20:29:51.708202 [Incident:Info:toast@toast-new:Origin updated] Origin updated: OT: 2025-06-20 13:18:40,  Lat/Lon: -22.3516°/171.61°, Depth: 132.152
2025/06/20 20:29:51.708423 [Incident:Info:toast@toast-new:Magnitude updated] Magnitude updated: 5.40 (M)
2025/06/20 20:29:51.708467 [Simulation:Info:toast@toast-new:Simulation not generated] Magnitude 5.40 of event bmg2025lzpw is smaller than triggerMinMagnitude: no automatic simulation
2025/06/20 20:30:24.126915 [Incident:Info:toast@toast-new:Origin updated] Origin updated: OT: 2025-06-20 13:18:40,  Lat/Lon: -22.3516°/171.61°, Depth: 132.152
2025/06/20 20:30:24.127107 [Incident:Info:toast@toast-new:Magnitude updated] Magnitude updated: 5.42 (M)
2025/06/20 20:30:24.127152 [Simulation:Info:toast@toast-new:Simulation not generated] Magnitude 5.42 of event bmg2025lzpw is smaller than triggerMinMagnitude: no automatic simulation
2025/06/20 20:30:30.083662 [Incident:Info:toast@toast-new:Origin updated] Origin updated: OT: 2025-06-20 13:18:40,  Lat/Lon: -22.3516°/171.61°, Depth: 132.151
2025/06/20 20:30:30.083908 [Incident:Info:toast@toast-new:Magnitude updated] Magnitude updated: 5.42 (M)
2025/06/20 20:30:30.083966 [Simulation:Info:toast@toast-new:Simulation not generated] Magnitude 5.42 of event bmg2025lzpw is smaller than triggerMinMagnitude: no automatic simulation
2025/06/20 20:30:53.279030 [Incident:Info:toast@toast-new:Origin updated] Origin updated: OT: 2025-06-20 13:18:40,  Lat/Lon: -22.3526°/171.625°, Depth: 134.183
2025/06/20 20:30:53.279264 [Incident:Info:toast@toast-new:Magnitude updated] Magnitude updated: 5.42 (M)
2025/06/20 20:30:53.279297 [Simulation:Info:toast@toast-new:Simulation not generated] Magnitude 5.42 of event bmg2025lzpw is smaller than triggerMinMagnitude: no automatic simulation
2025/06/20 20:30:59.126409 [Incident:Info:toast@toast-new:Origin updated] Origin updated: OT: 2025-06-20 13:18:40,  Lat/Lon: -22.3526°/171.625°, Depth: 134.183
2025/06/20 20:30:59.126600 [Incident:Info:toast@toast-new:Magnitude updated] Magnitude updated: 5.44 (M)
2025/06/20 20:30:59.126645 [Simulation:Info:toast@toast-new:Simulation not generated] Magnitude 5.44 of event bmg2025lzpw is smaller than triggerMinMagnitude: no automatic simulation
2025/06/20 20:32:48.829473 [Incident:Info:toast@toast-new:Origin updated] Origin updated: OT: 2025-06-20 13:18:40,  Lat/Lon: -22.3529°/171.633°, Depth: 135.185
2025/06/20 20:32:48.829728 [Incident:Info:toast@toast-new:Magnitude updated] Magnitude updated: 5.44 (M)
2025/06/20 20:32:48.829776 [Simulation:Info:toast@toast-new:Simulation not generated] Magnitude 5.44 of event bmg2025lzpw is smaller than triggerMinMagnitude: no automatic simulation
2025/06/20 20:33:20.102006 [Incident:Info:toast@toast-new:Origin updated] Origin updated: OT: 2025-06-20 13:18:40,  Lat/Lon: -22.327°/171.526°, Depth: 128.314
2025/06/20 20:33:20.102242 [Incident:Info:toast@toast-new:Magnitude updated] Magnitude updated: 5.45 (M)
2025/06/20 20:33:20.102300 [Simulation:Info:toast@toast-new:Simulation not generated] Magnitude 5.45 of event bmg2025lzpw is smaller than triggerMinMagnitude: no automatic simulation
2025/06/20 20:33:44.130784 [Incident:Info:toast@toast-new:Origin updated] Origin updated: OT: 2025-06-20 13:18:40,  Lat/Lon: -22.327°/171.526°, Depth: 128.314
2025/06/20 20:33:44.131034 [Incident:Info:toast@toast-new:Magnitude updated] Magnitude updated: 5.53 (M)
2025/06/20 20:33:44.131093 [Simulation:Info:toast@toast-new:Simulation not generated] Magnitude 5.53 of event bmg2025lzpw is smaller than triggerMinMagnitude: no automatic simulation
2025/06/20 20:36:32.682769 [Incident:Info:toast@toast-new:Origin updated] Origin updated: OT: 2025-06-20 13:18:39,  Lat/Lon: -22.3414°/171.531°, Depth: 126.442
2025/06/20 20:36:32.682998 [Incident:Info:toast@toast-new:Magnitude updated] Magnitude updated: 5.14 (mb)
2025/06/20 20:36:32.683053 [Simulation:Info:toast@toast-new:Simulation not generated] Magnitude 5.14 of event bmg2025lzpw is smaller than triggerMinMagnitude: no automatic simulation
2025/06/20 20:36:32.703456 [Incident:Info:toast@toast-new:Origin updated] Origin updated: OT: 2025-06-20 13:18:39,  Lat/Lon: -22.3414°/171.531°, Depth: 126.442
2025/06/20 20:36:32.703583 [Incident:Info:toast@toast-new:Magnitude updated] Magnitude updated: 5.54 (M)
2025/06/20 20:36:32.703627 [Simulation:Info:toast@toast-new:Simulation not generated] Magnitude 5.54 of event bmg2025lzpw is smaller than triggerMinMagnitude: no automatic simulation
2025/06/21 05:13:52.950887 [Incident:Info:toast@toast-new:Origin updated] Origin updated: OT: 2025-06-20 13:18:39,  Lat/Lon: -22.3229°/171.511°, Depth: 125.559
2025/06/21 05:13:52.951080 [Incident:Info:toast@toast-new:Magnitude updated] Magnitude updated: 5.14 (mb)
2025/06/21 05:13:52.951139 [Simulation:Info:toast@toast-new:Simulation not generated] Magnitude 5.14 of event bmg2025lzpw is smaller than triggerMinMagnitude: no automatic simulation
2025/06/21 05:13:52.970973 [Incident:Info:toast@toast-new:Origin updated] Origin updated: OT: 2025-06-20 13:18:39,  Lat/Lon: -22.3229°/171.511°, Depth: 125.559
2025/06/21 05:13:52.971083 [Incident:Info:toast@toast-new:Magnitude updated] Magnitude updated: 5.54 (M)
2025/06/21 05:13:52.971124 [Simulation:Info:toast@toast-new:Simulation not generated] Magnitude 5.54 of event bmg2025lzpw is smaller than triggerMinMagnitude: no automatic simulation
2025/06/21 05:14:25.100802 [Incident:Info:toast@toast-new:Origin updated] Origin updated: OT: 2025-06-20 13:18:39,  Lat/Lon: -22.3229°/171.511°, Depth: 125.559
2025/06/21 05:14:25.100972 [Incident:Info:toast@toast-new:Magnitude updated] Magnitude updated: 5.14 (mb)
2025/06/21 05:14:25.101034 [Simulation:Info:toast@toast-new:Simulation not generated] Magnitude 5.14 of event bmg2025lzpw is smaller than triggerMinMagnitude: no automatic simulation
