2025/08/31 06:05:50.250298 [Incident:Info:toast@toast-new:Displacement(s) updated] Added 0 and changed 0 displacements with 0 amplitudes
2025/08/31 06:05:50.250816 [Incident:Info:toast@toast-new:Incident created] Incident created based on event received from messaging: OT: 2025-08-30 23:03:58,  Lat/Lon: -5.79°/131.36°, Depth: 99.10, Mag: 5.26 (M)
2025/08/31 06:05:50.251233 [Simulation:Info:toast@toast-new:Simulation not generated] Magnitude 5.26 of event bmg2025rabx is smaller than triggerMinMagnitude: no automatic simulation
2025/08/31 06:05:50.261015 [Incident:Info:toast@toast-new:Origin updated] Origin updated: OT: 2025-08-30 23:03:58,  Lat/Lon: -5.78688°/131.362°, Depth: 99.0984
2025/08/31 06:05:50.261134 [Simulation:Info:toast@toast-new:Simulation not generated] Magnitude 5.26 of event bmg2025rabx is smaller than triggerMinMagnitude: no automatic simulation
2025/08/31 06:05:53.636034 [Incident:Info:toast@toast-new:Origin updated] Origin updated: OT: 2025-08-30 23:03:58,  Lat/Lon: -5.78688°/131.362°, Depth: 99.0984
2025/08/31 06:05:53.636252 [Incident:Info:toast@toast-new:Magnitude updated] Magnitude updated: 5.29 (M)
2025/08/31 06:05:53.636297 [Simulation:Info:toast@toast-new:Simulation not generated] Magnitude 5.29 of event bmg2025rabx is smaller than triggerMinMagnitude: no automatic simulation
2025/08/31 06:05:58.622559 [Incident:Info:toast@toast-new:Origin updated] Origin updated: OT: 2025-08-30 23:03:58,  Lat/Lon: -5.78688°/131.362°, Depth: 99.0984
2025/08/31 06:05:58.622774 [Incident:Info:toast@toast-new:Magnitude updated] Magnitude updated: 5.31 (M)
2025/08/31 06:05:58.622819 [Simulation:Info:toast@toast-new:Simulation not generated] Magnitude 5.31 of event bmg2025rabx is smaller than triggerMinMagnitude: no automatic simulation
2025/08/31 06:06:01.092607 [Incident:Info:toast@toast-new:Origin updated] Origin updated: OT: 2025-08-30 23:03:58,  Lat/Lon: -5.78688°/131.362°, Depth: 99.0984
2025/08/31 06:06:01.092769 [Incident:Info:toast@toast-new:Magnitude updated] Magnitude updated: 5.34 (M)
2025/08/31 06:06:01.092811 [Simulation:Info:toast@toast-new:Simulation not generated] Magnitude 5.34 of event bmg2025rabx is smaller than triggerMinMagnitude: no automatic simulation
2025/08/31 06:06:01.113012 [Incident:Info:toast@toast-new:Origin updated] Origin updated: OT: 2025-08-30 23:03:58,  Lat/Lon: -5.79805°/131.349°, Depth: 91.5014
2025/08/31 06:06:01.113169 [Incident:Info:toast@toast-new:Magnitude updated] Magnitude updated: 5.39 (M)
2025/08/31 06:06:01.113210 [Simulation:Info:toast@toast-new:Simulation not generated] Magnitude 5.39 of event bmg2025rabx is smaller than triggerMinMagnitude: no automatic simulation
2025/08/31 06:06:03.647024 [Incident:Info:toast@toast-new:Origin updated] Origin updated: OT: 2025-08-30 23:03:58,  Lat/Lon: -5.79805°/131.349°, Depth: 91.5014
2025/08/31 06:06:03.647245 [Incident:Info:toast@toast-new:Magnitude updated] Magnitude updated: 5.42 (M)
2025/08/31 06:06:03.647299 [Simulation:Info:toast@toast-new:Simulation not generated] Magnitude 5.42 of event bmg2025rabx is smaller than triggerMinMagnitude: no automatic simulation
2025/08/31 06:06:08.661571 [Incident:Info:toast@toast-new:Origin updated] Origin updated: OT: 2025-08-30 23:03:58,  Lat/Lon: -5.79805°/131.349°, Depth: 91.5014
2025/08/31 06:06:08.661775 [Incident:Info:toast@toast-new:Magnitude updated] Magnitude updated: 5.43 (M)
2025/08/31 06:06:08.661816 [Simulation:Info:toast@toast-new:Simulation not generated] Magnitude 5.43 of event bmg2025rabx is smaller than triggerMinMagnitude: no automatic simulation
2025/08/31 06:06:13.075472 [Incident:Info:toast@toast-new:Origin updated] Origin updated: OT: 2025-08-30 23:03:58,  Lat/Lon: -5.79805°/131.349°, Depth: 91.5014
2025/08/31 06:06:13.075866 [Incident:Info:toast@toast-new:Magnitude updated] Magnitude updated: 5.43 (M)
2025/08/31 06:06:13.075919 [Simulation:Info:toast@toast-new:Simulation not generated] Magnitude 5.43 of event bmg2025rabx is smaller than triggerMinMagnitude: no automatic simulation
2025/08/31 06:06:13.096674 [Incident:Info:toast@toast-new:Origin updated] Origin updated: OT: 2025-08-30 23:03:58,  Lat/Lon: -5.80274°/131.344°, Depth: 94.583
2025/08/31 06:06:13.096855 [Incident:Info:toast@toast-new:Magnitude updated] Magnitude updated: 5.33 (M)
2025/08/31 06:06:13.096897 [Simulation:Info:toast@toast-new:Simulation not generated] Magnitude 5.33 of event bmg2025rabx is smaller than triggerMinMagnitude: no automatic simulation
2025/08/31 06:06:18.686778 [Incident:Info:toast@toast-new:Origin updated] Origin updated: OT: 2025-08-30 23:03:58,  Lat/Lon: -5.80274°/131.344°, Depth: 94.583
2025/08/31 06:06:18.686995 [Incident:Info:toast@toast-new:Magnitude updated] Magnitude updated: 5.36 (M)
2025/08/31 06:06:18.687048 [Simulation:Info:toast@toast-new:Simulation not generated] Magnitude 5.36 of event bmg2025rabx is smaller than triggerMinMagnitude: no automatic simulation
2025/08/31 06:06:23.661308 [Incident:Info:toast@toast-new:Origin updated] Origin updated: OT: 2025-08-30 23:03:58,  Lat/Lon: -5.80274°/131.344°, Depth: 94.583
2025/08/31 06:06:23.661520 [Incident:Info:toast@toast-new:Magnitude updated] Magnitude updated: 5.36 (M)
2025/08/31 06:06:23.661566 [Simulation:Info:toast@toast-new:Simulation not generated] Magnitude 5.36 of event bmg2025rabx is smaller than triggerMinMagnitude: no automatic simulation
2025/08/31 06:06:26.619780 [Incident:Info:toast@toast-new:Origin updated] Origin updated: OT: 2025-08-30 23:03:55,  Lat/Lon: -6.13169°/131.288°, Depth: 96.5167
2025/08/31 06:06:26.620036 [Incident:Info:toast@toast-new:Magnitude updated] Magnitude updated: 5.38 (M)
2025/08/31 06:06:26.620091 [Simulation:Info:toast@toast-new:Simulation not generated] Magnitude 5.38 of event bmg2025rabx is smaller than triggerMinMagnitude: no automatic simulation
2025/08/31 06:06:28.608305 [Incident:Info:toast@toast-new:Origin updated] Origin updated: OT: 2025-08-30 23:03:55,  Lat/Lon: -6.13169°/131.288°, Depth: 96.5167
2025/08/31 06:06:28.608526 [Incident:Info:toast@toast-new:Magnitude updated] Magnitude updated: 5.36 (M)
2025/08/31 06:06:28.608579 [Simulation:Info:toast@toast-new:Simulation not generated] Magnitude 5.36 of event bmg2025rabx is smaller than triggerMinMagnitude: no automatic simulation
2025/08/31 06:06:33.638320 [Incident:Info:toast@toast-new:Origin updated] Origin updated: OT: 2025-08-30 23:03:55,  Lat/Lon: -6.13169°/131.288°, Depth: 96.5167
2025/08/31 06:06:33.638521 [Incident:Info:toast@toast-new:Magnitude updated] Magnitude updated: 5.36 (M)
2025/08/31 06:06:33.638563 [Simulation:Info:toast@toast-new:Simulation not generated] Magnitude 5.36 of event bmg2025rabx is smaller than triggerMinMagnitude: no automatic simulation
2025/08/31 06:06:38.656240 [Incident:Info:toast@toast-new:Origin updated] Origin updated: OT: 2025-08-30 23:03:55,  Lat/Lon: -6.13169°/131.288°, Depth: 96.5167
2025/08/31 06:06:38.656449 [Incident:Info:toast@toast-new:Magnitude updated] Magnitude updated: 5.32 (M)
2025/08/31 06:06:38.656500 [Simulation:Info:toast@toast-new:Simulation not generated] Magnitude 5.32 of event bmg2025rabx is smaller than triggerMinMagnitude: no automatic simulation
2025/08/31 06:06:43.680353 [Incident:Info:toast@toast-new:Origin updated] Origin updated: OT: 2025-08-30 23:03:55,  Lat/Lon: -6.13169°/131.288°, Depth: 96.5167
2025/08/31 06:06:43.680562 [Incident:Info:toast@toast-new:Magnitude updated] Magnitude updated: 5.19 (M)
2025/08/31 06:06:43.680611 [Simulation:Info:toast@toast-new:Simulation not generated] Magnitude 5.19 of event bmg2025rabx is smaller than triggerMinMagnitude: no automatic simulation
2025/08/31 06:06:47.859393 [Incident:Info:toast@toast-new:Origin updated] Origin updated: OT: 2025-08-30 23:03:55,  Lat/Lon: -6.13169°/131.288°, Depth: 96.5167
2025/08/31 06:06:47.859603 [Incident:Info:toast@toast-new:Magnitude updated] Magnitude updated: 5.17 (M)
2025/08/31 06:06:47.859652 [Simulation:Info:toast@toast-new:Simulation not generated] Magnitude 5.17 of event bmg2025rabx is smaller than triggerMinMagnitude: no automatic simulation
2025/08/31 06:06:47.887629 [Incident:Info:toast@toast-new:Origin updated] Origin updated: OT: 2025-08-30 23:03:55,  Lat/Lon: -6.15833°/131.313°, Depth: 94.2527
2025/08/31 06:06:47.887802 [Incident:Info:toast@toast-new:Magnitude updated] Magnitude updated: 5.17 (M)
2025/08/31 06:06:47.887841 [Simulation:Info:toast@toast-new:Simulation not generated] Magnitude 5.17 of event bmg2025rabx is smaller than triggerMinMagnitude: no automatic simulation
2025/08/31 06:06:53.655493 [Incident:Info:toast@toast-new:Origin updated] Origin updated: OT: 2025-08-30 23:03:55,  Lat/Lon: -6.15833°/131.313°, Depth: 94.2527
2025/08/31 06:06:53.655702 [Incident:Info:toast@toast-new:Magnitude updated] Magnitude updated: 5.17 (M)
2025/08/31 06:06:53.655748 [Simulation:Info:toast@toast-new:Simulation not generated] Magnitude 5.17 of event bmg2025rabx is smaller than triggerMinMagnitude: no automatic simulation
2025/08/31 06:06:58.682473 [Incident:Info:toast@toast-new:Origin updated] Origin updated: OT: 2025-08-30 23:03:55,  Lat/Lon: -6.15833°/131.313°, Depth: 94.2527
2025/08/31 06:06:58.682679 [Incident:Info:toast@toast-new:Magnitude updated] Magnitude updated: 5.17 (M)
2025/08/31 06:06:58.682746 [Simulation:Info:toast@toast-new:Simulation not generated] Magnitude 5.17 of event bmg2025rabx is smaller than triggerMinMagnitude: no automatic simulation
2025/08/31 06:07:03.657798 [Incident:Info:toast@toast-new:Origin updated] Origin updated: OT: 2025-08-30 23:03:55,  Lat/Lon: -6.15833°/131.313°, Depth: 94.2527
2025/08/31 06:07:03.658003 [Incident:Info:toast@toast-new:Magnitude updated] Magnitude updated: 5.18 (M)
2025/08/31 06:07:03.658047 [Simulation:Info:toast@toast-new:Simulation not generated] Magnitude 5.18 of event bmg2025rabx is smaller than triggerMinMagnitude: no automatic simulation
2025/08/31 06:07:08.655581 [Incident:Info:toast@toast-new:Origin updated] Origin updated: OT: 2025-08-30 23:03:55,  Lat/Lon: -6.15833°/131.313°, Depth: 94.2527
2025/08/31 06:07:08.655783 [Incident:Info:toast@toast-new:Magnitude updated] Magnitude updated: 5.14 (M)
2025/08/31 06:07:08.655834 [Simulation:Info:toast@toast-new:Simulation not generated] Magnitude 5.14 of event bmg2025rabx is smaller than triggerMinMagnitude: no automatic simulation
2025/08/31 06:07:13.859222 [Incident:Info:toast@toast-new:Origin updated] Origin updated: OT: 2025-08-30 23:03:55,  Lat/Lon: -6.15833°/131.313°, Depth: 94.2527
2025/08/31 06:07:13.859535 [Incident:Info:toast@toast-new:Magnitude updated] Magnitude updated: 5.15 (M)
2025/08/31 06:07:13.859610 [Simulation:Info:toast@toast-new:Simulation not generated] Magnitude 5.15 of event bmg2025rabx is smaller than triggerMinMagnitude: no automatic simulation
2025/08/31 06:07:13.943612 [Incident:Info:toast@toast-new:Origin updated] Origin updated: OT: 2025-08-30 23:03:55,  Lat/Lon: -6.15833°/131.313°, Depth: 94.2527
2025/08/31 06:07:13.943790 [Incident:Info:toast@toast-new:Magnitude updated] Magnitude updated: 5.13 (M)
2025/08/31 06:07:13.943825 [Simulation:Info:toast@toast-new:Simulation not generated] Magnitude 5.13 of event bmg2025rabx is smaller than triggerMinMagnitude: no automatic simulation
2025/08/31 06:07:13.967351 [Incident:Info:toast@toast-new:Origin updated] Origin updated: OT: 2025-08-30 23:03:55,  Lat/Lon: -6.15927°/131.338°, Depth: 77.433
2025/08/31 06:07:13.967480 [Incident:Info:toast@toast-new:Magnitude updated] Magnitude updated: 5.14 (M)
2025/08/31 06:07:13.967505 [Simulation:Info:toast@toast-new:Simulation not generated] Magnitude 5.14 of event bmg2025rabx is smaller than triggerMinMagnitude: no automatic simulation
2025/08/31 06:07:13.989330 [Incident:Info:toast@toast-new:Origin updated] Origin updated: OT: 2025-08-30 23:03:55,  Lat/Lon: -6.15927°/131.338°, Depth: 77.433
2025/08/31 06:07:13.989437 [Simulation:Info:toast@toast-new:Simulation not generated] Magnitude 5.14 of event bmg2025rabx is smaller than triggerMinMagnitude: no automatic simulation
2025/08/31 06:07:18.738337 [Incident:Info:toast@toast-new:Origin updated] Origin updated: OT: 2025-08-30 23:03:55,  Lat/Lon: -6.15927°/131.338°, Depth: 77.433
2025/08/31 06:07:18.738544 [Incident:Info:toast@toast-new:Magnitude updated] Magnitude updated: 5.12 (M)
2025/08/31 06:07:18.738588 [Simulation:Info:toast@toast-new:Simulation not generated] Magnitude 5.12 of event bmg2025rabx is smaller than triggerMinMagnitude: no automatic simulation
2025/08/31 06:07:23.735980 [Incident:Info:toast@toast-new:Origin updated] Origin updated: OT: 2025-08-30 23:03:55,  Lat/Lon: -6.15927°/131.338°, Depth: 77.433
2025/08/31 06:07:23.736204 [Incident:Info:toast@toast-new:Magnitude updated] Magnitude updated: 5.12 (M)
2025/08/31 06:07:23.736248 [Simulation:Info:toast@toast-new:Simulation not generated] Magnitude 5.12 of event bmg2025rabx is smaller than triggerMinMagnitude: no automatic simulation
2025/08/31 06:07:23.757549 [Incident:Info:toast@toast-new:Origin updated] Origin updated: OT: 2025-08-30 23:03:55,  Lat/Lon: -6.15927°/131.338°, Depth: 77.433
2025/08/31 06:07:23.757680 [Incident:Info:toast@toast-new:Magnitude updated] Magnitude updated: 5.10 (Mw(mB))
2025/08/31 06:07:23.757722 [Simulation:Info:toast@toast-new:Simulation not generated] Magnitude 5.10 of event bmg2025rabx is smaller than triggerMinMagnitude: no automatic simulation
2025/08/31 06:07:23.778739 [Incident:Info:toast@toast-new:Origin updated] Origin updated: OT: 2025-08-30 23:03:55,  Lat/Lon: -6.15927°/131.338°, Depth: 77.433
2025/08/31 06:07:23.778859 [Simulation:Info:toast@toast-new:Simulation not generated] Magnitude 5.10 of event bmg2025rabx is smaller than triggerMinMagnitude: no automatic simulation
2025/08/31 06:07:28.640466 [Incident:Info:toast@toast-new:Origin updated] Origin updated: OT: 2025-08-30 23:03:55,  Lat/Lon: -6.15927°/131.338°, Depth: 77.433
2025/08/31 06:07:28.640667 [Incident:Info:toast@toast-new:Magnitude updated] Magnitude updated: 5.07 (Mw(mB))
2025/08/31 06:07:28.640708 [Simulation:Info:toast@toast-new:Simulation not generated] Magnitude 5.07 of event bmg2025rabx is smaller than triggerMinMagnitude: no automatic simulation
2025/08/31 06:07:33.717102 [Incident:Info:toast@toast-new:Origin updated] Origin updated: OT: 2025-08-30 23:03:55,  Lat/Lon: -6.15927°/131.338°, Depth: 77.433
2025/08/31 06:07:33.717283 [Incident:Info:toast@toast-new:Magnitude updated] Magnitude updated: 5.08 (Mw(mB))
2025/08/31 06:07:33.717328 [Simulation:Info:toast@toast-new:Simulation not generated] Magnitude 5.08 of event bmg2025rabx is smaller than triggerMinMagnitude: no automatic simulation
2025/08/31 06:07:38.718258 [Incident:Info:toast@toast-new:Origin updated] Origin updated: OT: 2025-08-30 23:03:55,  Lat/Lon: -6.15927°/131.338°, Depth: 77.433
2025/08/31 06:07:38.718457 [Incident:Info:toast@toast-new:Magnitude updated] Magnitude updated: 5.04 (Mw(mB))
2025/08/31 06:07:38.718501 [Simulation:Info:toast@toast-new:Simulation not generated] Magnitude 5.04 of event bmg2025rabx is smaller than triggerMinMagnitude: no automatic simulation
2025/08/31 06:07:53.602884 [Incident:Info:toast@toast-new:Origin updated] Origin updated: OT: 2025-08-30 23:03:52,  Lat/Lon: -6.16225°/131.358°, Depth: 10
2025/08/31 06:07:53.603116 [Incident:Info:toast@toast-new:Magnitude updated] Magnitude updated: 5.03 (Mw(mB))
2025/08/31 06:07:53.603163 [Simulation:Info:toast@toast-new:Simulation not generated] Magnitude 5.03 of event bmg2025rabx is smaller than triggerMinMagnitude: no automatic simulation
2025/08/31 06:08:46.414916 [Incident:Info:toast@toast-new:Origin updated] Origin updated: OT: 2025-08-30 23:03:55,  Lat/Lon: -6.07542°/131.307°, Depth: 94.5474
2025/08/31 06:08:46.415152 [Incident:Info:toast@toast-new:Magnitude updated] Magnitude updated: 5.09 (mb)
2025/08/31 06:08:46.415206 [Simulation:Info:toast@toast-new:Simulation not generated] Magnitude 5.09 of event bmg2025rabx is smaller than triggerMinMagnitude: no automatic simulation
2025/08/31 06:08:46.505385 [Incident:Info:toast@toast-new:Origin updated] Origin updated: OT: 2025-08-30 23:03:55,  Lat/Lon: -6.07542°/131.307°, Depth: 94.5474
2025/08/31 06:08:46.505548 [Incident:Info:toast@toast-new:Magnitude updated] Magnitude updated: 5.01 (M)
2025/08/31 06:08:46.505587 [Simulation:Info:toast@toast-new:Simulation not generated] Magnitude 5.01 of event bmg2025rabx is smaller than triggerMinMagnitude: no automatic simulation
2025/08/31 06:08:50.203199 [Incident:Info:toast@toast-new:Origin updated] Origin updated: OT: 2025-08-30 23:03:55,  Lat/Lon: -6.07542°/131.307°, Depth: 94.5474
2025/08/31 06:08:50.203418 [Simulation:Info:toast@toast-new:Simulation not generated] Magnitude 5.01 of event bmg2025rabx is smaller than triggerMinMagnitude: no automatic simulation
2025/08/31 06:12:08.585375 [Incident:Info:toast@toast-new:Origin updated] Origin updated: OT: 2025-08-30 23:03:55,  Lat/Lon: -6.10173°/131.316°, Depth: 72.6397
2025/08/31 06:12:08.585603 [Incident:Info:toast@toast-new:Magnitude updated] Magnitude updated: 5.12 (mb)
2025/08/31 06:12:08.585651 [Simulation:Info:toast@toast-new:Simulation not generated] Magnitude 5.12 of event bmg2025rabx is smaller than triggerMinMagnitude: no automatic simulation
2025/08/31 06:12:08.637561 [Incident:Info:toast@toast-new:Origin updated] Origin updated: OT: 2025-08-30 23:03:55,  Lat/Lon: -6.10173°/131.316°, Depth: 72.6397
2025/08/31 06:12:08.637720 [Incident:Info:toast@toast-new:Magnitude updated] Magnitude updated: 5.02 (M)
2025/08/31 06:12:08.637764 [Simulation:Info:toast@toast-new:Simulation not generated] Magnitude 5.02 of event bmg2025rabx is smaller than triggerMinMagnitude: no automatic simulation
2025/08/31 06:13:58.683651 [Incident:Info:toast@toast-new:Origin updated] Origin updated: OT: 2025-08-30 23:03:55,  Lat/Lon: -6.10173°/131.316°, Depth: 72.6397
2025/08/31 06:13:58.683855 [Incident:Info:toast@toast-new:FM updated] FM updated
2025/08/31 06:13:58.684059 [Simulation:Info:toast@toast-new:Simulation not generated] Magnitude 5.02 of event bmg2025rabx is smaller than triggerMinMagnitude: no automatic simulation
2025/08/31 06:16:56.916582 [Incident:Info:toast@toast-new:Origin updated] Origin updated: OT: 2025-08-30 23:03:55,  Lat/Lon: -6.10173°/131.316°, Depth: 72.6397
2025/08/31 06:16:56.916796 [Incident:Info:toast@toast-new:Magnitude updated] Magnitude updated: 5.12 (mb)
2025/08/31 06:16:56.916847 [Simulation:Info:toast@toast-new:Simulation not generated] Magnitude 5.12 of event bmg2025rabx is smaller than triggerMinMagnitude: no automatic simulation
2025/08/31 06:22:56.407186 [Incident:Info:toast@toast-new:Origin updated] Origin updated: OT: 2025-08-30 23:03:55,  Lat/Lon: -6.10173°/131.316°, Depth: 72.6397
2025/08/31 06:22:56.407385 [Incident:Info:toast@toast-new:FM updated] FM updated
2025/08/31 06:22:56.407587 [Simulation:Info:toast@toast-new:Simulation not generated] Magnitude 5.12 of event bmg2025rabx is smaller than triggerMinMagnitude: no automatic simulation
2025/08/31 09:32:23.838554 [Incident:Info:toast@toast-new:Origin updated] Origin updated: OT: 2025-08-30 23:03:54,  Lat/Lon: -6.19039°/131.365°, Depth: 91.7856
2025/08/31 09:32:23.838801 [Incident:Info:toast@toast-new:Magnitude updated] Magnitude updated: 5.11 (mb)
2025/08/31 09:32:23.838858 [Simulation:Info:toast@toast-new:Simulation not generated] Magnitude 5.11 of event bmg2025rabx is smaller than triggerMinMagnitude: no automatic simulation
2025/08/31 09:33:56.245459 [Incident:Info:toast@toast-new:Origin updated] Origin updated: OT: 2025-08-30 23:03:54,  Lat/Lon: -6.15051°/131.367°, Depth: 82.4
2025/08/31 09:33:56.245677 [Incident:Info:toast@toast-new:Magnitude updated] Magnitude updated: 5.12 (mb)
2025/08/31 09:33:56.245727 [Simulation:Info:toast@toast-new:Simulation not generated] Magnitude 5.12 of event bmg2025rabx is smaller than triggerMinMagnitude: no automatic simulation
2025/08/31 12:21:53.149262 [Incident:Info:toast@toast-new:Origin updated] Origin updated: OT: 2025-08-30 23:03:54,  Lat/Lon: -6.15051°/131.367°, Depth: 82.4
2025/08/31 12:21:53.185085 [Incident:Info:toast@toast-new:Magnitude updated] Magnitude updated: 5.12 (mb)
2025/08/31 12:21:53.185162 [Incident:Info:toast@toast-new:FM updated] FM updated
2025/08/31 12:21:53.185452 [Simulation:Info:toast@toast-new:Simulation not generated] Magnitude 5.12 of event bmg2025rabx is smaller than triggerMinMagnitude: no automatic simulation
