2024/09/20 12:21:29.900767 [Incident:Info:toast@toast-new:Displacement(s) updated] Added 0 and changed 0 displacements with 0 amplitudes
2024/09/20 12:21:29.941689 [Incident:Info:toast@toast-new:Incident created] Incident created based on event received from messaging: OT: 2024-09-20 05:13:33,  Lat/Lon: 23.56°/142.75°, Depth: 10.00, Mag: 5.30 (M)
2024/09/20 12:21:29.942046 [Simulation:Info:toast@toast-new:Simulation not generated] Magnitude 5.30 of event bmg2024smxq is smaller than triggerMinMagnitude: no automatic simulation
2024/09/20 12:21:30.156763 [Incident:Info:toast@toast-new:Origin updated] Origin updated: OT: 2024-09-20 05:13:33,  Lat/Lon: 23.558°/142.753°, Depth: 10
2024/09/20 12:21:30.162787 [Simulation:Info:toast@toast-new:Simulation not generated] Magnitude 5.30 of event bmg2024smxq is smaller than triggerMinMagnitude: no automatic simulation
2024/09/20 12:21:37.720631 [Incident:Info:toast@toast-new:Origin updated] Origin updated: OT: 2024-09-20 05:13:33,  Lat/Lon: 23.558°/142.753°, Depth: 10
2024/09/20 12:21:37.731492 [Incident:Info:toast@toast-new:Magnitude updated] Magnitude updated: 5.37 (M)
2024/09/20 12:21:37.739891 [Simulation:Info:toast@toast-new:Simulation not generated] Magnitude 5.37 of event bmg2024smxq is smaller than triggerMinMagnitude: no automatic simulation
2024/09/20 12:21:39.480005 [Incident:Info:toast@toast-new:Origin updated] Origin updated: OT: 2024-09-20 05:14:27,  Lat/Lon: 19.2939°/137.877°, Depth: 10
2024/09/20 12:21:39.486687 [Incident:Info:toast@toast-new:Magnitude updated] Magnitude updated: 5.21 (M)
2024/09/20 12:21:39.492955 [Simulation:Info:toast@toast-new:Simulation not generated] Magnitude 5.21 of event bmg2024smxq is smaller than triggerMinMagnitude: no automatic simulation
2024/09/20 12:21:55.405745 [Incident:Info:toast@toast-new:Origin updated] Origin updated: OT: 2024-09-20 05:13:11,  Lat/Lon: 26.934°/144.659°, Depth: 96.2222
2024/09/20 12:21:55.415879 [Incident:Info:toast@toast-new:Magnitude updated] Magnitude updated: 5.17 (mb)
2024/09/20 12:21:55.424539 [Simulation:Info:toast@toast-new:Simulation not generated] Magnitude 5.17 of event bmg2024smxq is smaller than triggerMinMagnitude: no automatic simulation
2024/09/20 12:21:55.446403 [Incident:Info:toast@toast-new:Origin updated] Origin updated: OT: 2024-09-20 05:13:11,  Lat/Lon: 26.934°/144.659°, Depth: 96.2222
2024/09/20 12:21:55.452550 [Incident:Info:toast@toast-new:Magnitude updated] Magnitude updated: 5.32 (M)
2024/09/20 12:21:55.458210 [Simulation:Info:toast@toast-new:Simulation not generated] Magnitude 5.32 of event bmg2024smxq is smaller than triggerMinMagnitude: no automatic simulation
2024/09/20 12:22:02.742135 [Incident:Info:toast@toast-new:Origin updated] Origin updated: OT: 2024-09-20 05:13:11,  Lat/Lon: 26.934°/144.659°, Depth: 96.2222
2024/09/20 12:22:02.754601 [Incident:Info:toast@toast-new:Magnitude updated] Magnitude updated: 5.39 (M)
2024/09/20 12:22:02.763897 [Simulation:Info:toast@toast-new:Simulation not generated] Magnitude 5.39 of event bmg2024smxq is smaller than triggerMinMagnitude: no automatic simulation
2024/09/20 12:22:23.121619 [Incident:Info:toast@toast-new:Origin updated] Origin updated: OT: 2024-09-20 05:13:40,  Lat/Lon: 23.1572°/142.299°, Depth: 27.2361
2024/09/20 12:22:23.131712 [Incident:Info:toast@toast-new:Magnitude updated] Magnitude updated: 5.25 (mb)
2024/09/20 12:22:23.140154 [Simulation:Info:toast@toast-new:Simulation not generated] Magnitude 5.25 of event bmg2024smxq is smaller than triggerMinMagnitude: no automatic simulation
2024/09/20 12:22:23.160973 [Incident:Info:toast@toast-new:Origin updated] Origin updated: OT: 2024-09-20 05:13:40,  Lat/Lon: 23.1572°/142.299°, Depth: 27.2361
2024/09/20 12:22:23.174101 [Incident:Info:toast@toast-new:Magnitude updated] Magnitude updated: 5.47 (M)
2024/09/20 12:22:23.183755 [Simulation:Info:toast@toast-new:Simulation not generated] Magnitude 5.47 of event bmg2024smxq is smaller than triggerMinMagnitude: no automatic simulation
2024/09/20 12:22:58.527224 [Incident:Info:toast@toast-new:Origin updated] Origin updated: OT: 2024-09-20 05:13:40,  Lat/Lon: 23.1803°/142.319°, Depth: 27.2485
2024/09/20 12:22:58.536787 [Incident:Info:toast@toast-new:Magnitude updated] Magnitude updated: 5.25 (mb)
2024/09/20 12:22:58.544767 [Simulation:Info:toast@toast-new:Simulation not generated] Magnitude 5.25 of event bmg2024smxq is smaller than triggerMinMagnitude: no automatic simulation
2024/09/20 12:22:58.566266 [Incident:Info:toast@toast-new:Origin updated] Origin updated: OT: 2024-09-20 05:13:40,  Lat/Lon: 23.1803°/142.319°, Depth: 27.2485
2024/09/20 12:22:58.573010 [Incident:Info:toast@toast-new:Magnitude updated] Magnitude updated: 5.45 (M)
2024/09/20 12:22:58.579441 [Simulation:Info:toast@toast-new:Simulation not generated] Magnitude 5.45 of event bmg2024smxq is smaller than triggerMinMagnitude: no automatic simulation
2024/09/20 12:37:26.526296 [Incident:Info:toast@toast-new:Origin updated] Origin updated: OT: 2024-09-20 05:14:30,  Lat/Lon: 2.91399°/94.3405°, Depth: 10
2024/09/20 12:37:26.527060 [Incident:Info:toast@toast-new:Magnitude updated] Magnitude updated: 5.63 (M)
2024/09/20 12:37:26.527107 [Simulation:Info:toast@toast-new:Simulation not generated] Magnitude 5.63 of event bmg2024smxq is smaller than triggerMinMagnitude: no automatic simulation
2024/09/20 18:30:41.537337 [Incident:Info:toast@toast-new:Origin updated] Origin updated: OT: 2024-09-20 05:14:30,  Lat/Lon: 2.91399°/94.3405°, Depth: 10
2024/09/20 18:30:41.537504 [Simulation:Info:toast@toast-new:Simulation not generated] Magnitude 5.63 of event bmg2024smxq is smaller than triggerMinMagnitude: no automatic simulation
2024/09/26 05:48:45.261763 [Incident:Info:toast@toast-new:Incident removed] Removed incident - Bye
