2025/05/12 10:11:28.698217 [Incident:Info:toast@toast-new:Displacement(s) updated] Added 0 and changed 0 displacements with 0 amplitudes
2025/05/12 10:11:28.726632 [Incident:Info:toast@toast-new:Incident created] Incident created based on event received from messaging: OT: 2025-05-12 03:09:39,  Lat/Lon: 1.10°/98.81°, Depth: 82.71, Mag: 5.25 (M)
2025/05/12 10:11:28.727097 [Simulation:Info:toast@toast-new:Simulation not generated] Magnitude 5.25 of event bmg2025jfpe is smaller than triggerMinMagnitude: no automatic simulation
2025/05/12 10:11:28.735900 [Incident:Info:toast@toast-new:Origin updated] Origin updated: OT: 2025-05-12 03:09:39,  Lat/Lon: 1.10179°/98.8079°, Depth: 82.7137
2025/05/12 10:11:28.735973 [Simulation:Info:toast@toast-new:Simulation not generated] Magnitude 5.25 of event bmg2025jfpe is smaller than triggerMinMagnitude: no automatic simulation
2025/05/12 10:11:34.863294 [Incident:Info:toast@toast-new:Origin updated] Origin updated: OT: 2025-05-12 03:09:39,  Lat/Lon: 1.10179°/98.8079°, Depth: 82.7137
2025/05/12 10:11:34.863449 [Incident:Info:toast@toast-new:Magnitude updated] Magnitude updated: 5.25 (M)
2025/05/12 10:11:34.863560 [Simulation:Info:toast@toast-new:Simulation not generated] Magnitude 5.25 of event bmg2025jfpe is smaller than triggerMinMagnitude: no automatic simulation
2025/05/12 10:11:44.820969 [Incident:Info:toast@toast-new:Origin updated] Origin updated: OT: 2025-05-12 03:09:39,  Lat/Lon: 1.10179°/98.8079°, Depth: 82.7137
2025/05/12 10:11:44.821092 [Incident:Info:toast@toast-new:Magnitude updated] Magnitude updated: 5.25 (M)
2025/05/12 10:11:44.821167 [Simulation:Info:toast@toast-new:Simulation not generated] Magnitude 5.25 of event bmg2025jfpe is smaller than triggerMinMagnitude: no automatic simulation
2025/05/12 10:11:49.090809 [Incident:Info:toast@toast-new:Origin updated] Origin updated: OT: 2025-05-12 03:09:39,  Lat/Lon: 1.10812°/98.814°, Depth: 87.7871
2025/05/12 10:11:49.090974 [Incident:Info:toast@toast-new:Magnitude updated] Magnitude updated: 5.26 (M)
2025/05/12 10:11:49.091046 [Simulation:Info:toast@toast-new:Simulation not generated] Magnitude 5.26 of event bmg2025jfpe is smaller than triggerMinMagnitude: no automatic simulation
2025/05/12 10:11:54.872063 [Incident:Info:toast@toast-new:Origin updated] Origin updated: OT: 2025-05-12 03:09:39,  Lat/Lon: 1.10812°/98.814°, Depth: 87.7871
2025/05/12 10:11:54.872253 [Incident:Info:toast@toast-new:Magnitude updated] Magnitude updated: 5.26 (M)
2025/05/12 10:11:54.872369 [Simulation:Info:toast@toast-new:Simulation not generated] Magnitude 5.26 of event bmg2025jfpe is smaller than triggerMinMagnitude: no automatic simulation
2025/05/12 10:12:04.879308 [Incident:Info:toast@toast-new:Origin updated] Origin updated: OT: 2025-05-12 03:09:39,  Lat/Lon: 1.10812°/98.814°, Depth: 87.7871
2025/05/12 10:12:04.879456 [Incident:Info:toast@toast-new:Magnitude updated] Magnitude updated: 5.27 (M)
2025/05/12 10:12:04.879567 [Simulation:Info:toast@toast-new:Simulation not generated] Magnitude 5.27 of event bmg2025jfpe is smaller than triggerMinMagnitude: no automatic simulation
2025/05/12 10:12:09.877423 [Incident:Info:toast@toast-new:Origin updated] Origin updated: OT: 2025-05-12 03:09:39,  Lat/Lon: 1.10812°/98.814°, Depth: 87.7871
2025/05/12 10:12:09.877572 [Incident:Info:toast@toast-new:Magnitude updated] Magnitude updated: 5.31 (M)
2025/05/12 10:12:09.877663 [Simulation:Info:toast@toast-new:Simulation not generated] Magnitude 5.31 of event bmg2025jfpe is smaller than triggerMinMagnitude: no automatic simulation
2025/05/12 10:12:12.696333 [Incident:Info:toast@toast-new:Origin updated] Origin updated: OT: 2025-05-12 03:09:38,  Lat/Lon: 1.10794°/98.8173°, Depth: 95.2799
2025/05/12 10:12:12.696497 [Incident:Info:toast@toast-new:Magnitude updated] Magnitude updated: 5.27 (M)
2025/05/12 10:12:12.696568 [Simulation:Info:toast@toast-new:Simulation not generated] Magnitude 5.27 of event bmg2025jfpe is smaller than triggerMinMagnitude: no automatic simulation
2025/05/12 10:12:19.823433 [Incident:Info:toast@toast-new:Origin updated] Origin updated: OT: 2025-05-12 03:09:38,  Lat/Lon: 1.10794°/98.8173°, Depth: 95.2799
2025/05/12 10:12:19.823600 [Incident:Info:toast@toast-new:Magnitude updated] Magnitude updated: 5.19 (M)
2025/05/12 10:12:19.823687 [Simulation:Info:toast@toast-new:Simulation not generated] Magnitude 5.19 of event bmg2025jfpe is smaller than triggerMinMagnitude: no automatic simulation
2025/05/12 10:12:34.867999 [Incident:Info:toast@toast-new:Origin updated] Origin updated: OT: 2025-05-12 03:09:38,  Lat/Lon: 1.10794°/98.8173°, Depth: 95.2799
2025/05/12 10:12:34.868137 [Incident:Info:toast@toast-new:Magnitude updated] Magnitude updated: 5.17 (M)
2025/05/12 10:12:34.868224 [Simulation:Info:toast@toast-new:Simulation not generated] Magnitude 5.17 of event bmg2025jfpe is smaller than triggerMinMagnitude: no automatic simulation
2025/05/12 10:12:38.796122 [Incident:Info:toast@toast-new:Origin updated] Origin updated: OT: 2025-05-12 03:09:38,  Lat/Lon: 1.10794°/98.8173°, Depth: 95.2799
2025/05/12 10:12:38.796260 [Incident:Info:toast@toast-new:Magnitude updated] Magnitude updated: 5.16 (M)
2025/05/12 10:12:38.796344 [Simulation:Info:toast@toast-new:Simulation not generated] Magnitude 5.16 of event bmg2025jfpe is smaller than triggerMinMagnitude: no automatic simulation
2025/05/12 10:12:38.814564 [Incident:Info:toast@toast-new:Origin updated] Origin updated: OT: 2025-05-12 03:09:38,  Lat/Lon: 1.10317°/98.818°, Depth: 107.37
2025/05/12 10:12:38.814709 [Incident:Info:toast@toast-new:Magnitude updated] Magnitude updated: 5.13 (M)
2025/05/12 10:12:38.814775 [Simulation:Info:toast@toast-new:Simulation not generated] Magnitude 5.13 of event bmg2025jfpe is smaller than triggerMinMagnitude: no automatic simulation
2025/05/12 10:12:54.890262 [Incident:Info:toast@toast-new:Origin updated] Origin updated: OT: 2025-05-12 03:09:38,  Lat/Lon: 1.10317°/98.818°, Depth: 107.37
2025/05/12 10:12:54.890409 [Incident:Info:toast@toast-new:Magnitude updated] Magnitude updated: 5.13 (M)
2025/05/12 10:12:54.890498 [Simulation:Info:toast@toast-new:Simulation not generated] Magnitude 5.13 of event bmg2025jfpe is smaller than triggerMinMagnitude: no automatic simulation
2025/05/12 10:13:04.795976 [Incident:Info:toast@toast-new:Origin updated] Origin updated: OT: 2025-05-12 03:09:38,  Lat/Lon: 1.10317°/98.818°, Depth: 107.37
2025/05/12 10:13:04.796101 [Incident:Info:toast@toast-new:Magnitude updated] Magnitude updated: 5.11 (M)
2025/05/12 10:13:04.796179 [Simulation:Info:toast@toast-new:Simulation not generated] Magnitude 5.11 of event bmg2025jfpe is smaller than triggerMinMagnitude: no automatic simulation
2025/05/12 10:13:09.177353 [Incident:Info:toast@toast-new:Origin updated] Origin updated: OT: 2025-05-12 03:09:37,  Lat/Lon: 1.12449°/98.8368°, Depth: 131.557
2025/05/12 10:13:09.177553 [Incident:Info:toast@toast-new:Magnitude updated] Magnitude updated: 5.04 (M)
2025/05/12 10:13:09.177634 [Simulation:Info:toast@toast-new:Simulation not generated] Magnitude 5.04 of event bmg2025jfpe is smaller than triggerMinMagnitude: no automatic simulation
2025/05/12 10:13:14.798399 [Incident:Info:toast@toast-new:Origin updated] Origin updated: OT: 2025-05-12 03:09:37,  Lat/Lon: 1.12449°/98.8368°, Depth: 131.557
2025/05/12 10:13:14.798555 [Incident:Info:toast@toast-new:Magnitude updated] Magnitude updated: 5.08 (M)
2025/05/12 10:13:14.798655 [Simulation:Info:toast@toast-new:Simulation not generated] Magnitude 5.08 of event bmg2025jfpe is smaller than triggerMinMagnitude: no automatic simulation
2025/05/12 10:13:19.880869 [Incident:Info:toast@toast-new:Origin updated] Origin updated: OT: 2025-05-12 03:09:37,  Lat/Lon: 1.12449°/98.8368°, Depth: 131.557
2025/05/12 10:13:19.881007 [Incident:Info:toast@toast-new:Magnitude updated] Magnitude updated: 5.10 (M)
2025/05/12 10:13:19.881093 [Simulation:Info:toast@toast-new:Simulation not generated] Magnitude 5.10 of event bmg2025jfpe is smaller than triggerMinMagnitude: no automatic simulation
2025/05/12 10:13:29.798663 [Incident:Info:toast@toast-new:Origin updated] Origin updated: OT: 2025-05-12 03:09:37,  Lat/Lon: 1.12449°/98.8368°, Depth: 131.557
2025/05/12 10:13:29.798833 [Incident:Info:toast@toast-new:Magnitude updated] Magnitude updated: 5.06 (M)
2025/05/12 10:13:29.798927 [Simulation:Info:toast@toast-new:Simulation not generated] Magnitude 5.06 of event bmg2025jfpe is smaller than triggerMinMagnitude: no automatic simulation
2025/05/12 10:13:39.842984 [Incident:Info:toast@toast-new:Origin updated] Origin updated: OT: 2025-05-12 03:09:37,  Lat/Lon: 1.12449°/98.8368°, Depth: 131.557
2025/05/12 10:13:39.843125 [Incident:Info:toast@toast-new:Magnitude updated] Magnitude updated: 5.06 (M)
2025/05/12 10:13:39.843212 [Simulation:Info:toast@toast-new:Simulation not generated] Magnitude 5.06 of event bmg2025jfpe is smaller than triggerMinMagnitude: no automatic simulation
2025/05/12 10:13:43.047617 [Incident:Info:toast@toast-new:Origin updated] Origin updated: OT: 2025-05-12 03:09:38,  Lat/Lon: 1.11055°/98.8213°, Depth: 96.6294
2025/05/12 10:13:43.047806 [Incident:Info:toast@toast-new:Magnitude updated] Magnitude updated: 5.17 (MLv)
2025/05/12 10:13:43.047892 [Simulation:Info:toast@toast-new:Simulation not generated] Magnitude 5.17 of event bmg2025jfpe is smaller than triggerMinMagnitude: no automatic simulation
2025/05/12 10:13:43.088380 [Incident:Info:toast@toast-new:Origin updated] Origin updated: OT: 2025-05-12 03:09:38,  Lat/Lon: 1.11055°/98.8213°, Depth: 96.6294
2025/05/12 10:13:43.088509 [Incident:Info:toast@toast-new:Magnitude updated] Magnitude updated: 5.12 (M)
2025/05/12 10:13:43.088599 [Simulation:Info:toast@toast-new:Simulation not generated] Magnitude 5.12 of event bmg2025jfpe is smaller than triggerMinMagnitude: no automatic simulation
2025/05/12 10:14:25.851405 [Incident:Info:toast@toast-new:Origin updated] Origin updated: OT: 2025-05-12 03:09:38,  Lat/Lon: 1.11055°/98.8213°, Depth: 96.6294
2025/05/12 10:14:25.851569 [Incident:Info:toast@toast-new:FM updated] FM updated
2025/05/12 10:14:25.851780 [Simulation:Info:toast@toast-new:Simulation not generated] Magnitude 5.12 of event bmg2025jfpe is smaller than triggerMinMagnitude: no automatic simulation
2025/05/12 10:15:18.458924 [Incident:Info:toast@toast-new:Origin updated] Origin updated: OT: 2025-05-12 03:09:38,  Lat/Lon: 1.11055°/98.8213°, Depth: 96.6294
2025/05/12 10:15:18.459076 [Incident:Info:toast@toast-new:FM updated] FM updated
2025/05/12 10:15:18.459294 [Simulation:Info:toast@toast-new:Simulation not generated] Magnitude 5.12 of event bmg2025jfpe is smaller than triggerMinMagnitude: no automatic simulation
2025/05/12 10:17:08.155849 [Incident:Info:toast@toast-new:Origin updated] Origin updated: OT: 2025-05-12 03:09:37,  Lat/Lon: 1.08466°/98.8165°, Depth: 109.959
2025/05/12 10:17:08.156039 [Incident:Info:toast@toast-new:Magnitude updated] Magnitude updated: 5.13 (MLv)
2025/05/12 10:17:08.156129 [Simulation:Info:toast@toast-new:Simulation not generated] Magnitude 5.13 of event bmg2025jfpe is smaller than triggerMinMagnitude: no automatic simulation
2025/05/12 10:17:08.173023 [Incident:Info:toast@toast-new:Origin updated] Origin updated: OT: 2025-05-12 03:09:37,  Lat/Lon: 1.08466°/98.8165°, Depth: 109.959
2025/05/12 10:17:08.173133 [Incident:Info:toast@toast-new:Magnitude updated] Magnitude updated: 5.09 (M)
2025/05/12 10:17:08.173207 [Simulation:Info:toast@toast-new:Simulation not generated] Magnitude 5.09 of event bmg2025jfpe is smaller than triggerMinMagnitude: no automatic simulation
2025/05/12 10:17:09.286734 [Incident:Info:toast@toast-new:Origin updated] Origin updated: OT: 2025-05-12 03:09:37,  Lat/Lon: 1.08466°/98.8165°, Depth: 109.959
2025/05/12 10:17:09.286873 [Incident:Info:toast@toast-new:FM updated] FM updated
2025/05/12 10:17:09.287086 [Simulation:Info:toast@toast-new:Simulation not generated] Magnitude 5.09 of event bmg2025jfpe is smaller than triggerMinMagnitude: no automatic simulation
2025/05/12 10:18:06.936563 [Incident:Info:toast@toast-new:Origin updated] Origin updated: OT: 2025-05-12 03:09:37,  Lat/Lon: 1.08466°/98.8165°, Depth: 109.959
2025/05/12 10:18:06.936718 [Incident:Info:toast@toast-new:Magnitude updated] Magnitude updated: 5.00 (Mw)
2025/05/12 10:18:06.936835 [Simulation:Info:toast@toast-new:Simulation not generated] Magnitude 5.00 of event bmg2025jfpe is smaller than triggerMinMagnitude: no automatic simulation
2025/05/12 10:36:16.704490 [Incident:Info:toast@toast-new:Origin updated] Origin updated: OT: 2025-05-12 03:09:37,  Lat/Lon: 1.08466°/98.8165°, Depth: 109.959
2025/05/12 10:36:16.704662 [Simulation:Info:toast@toast-new:Simulation not generated] Magnitude 5.00 of event bmg2025jfpe is smaller than triggerMinMagnitude: no automatic simulation
2025/05/12 17:58:40.573503 [Incident:Info:toast@toast-new:Origin updated] Origin updated: OT: 2025-05-12 03:09:38,  Lat/Lon: 1.06541°/98.8126°, Depth: 89.3382
2025/05/12 17:58:40.573697 [Simulation:Info:toast@toast-new:Simulation not generated] Magnitude 5.00 of event bmg2025jfpe is smaller than triggerMinMagnitude: no automatic simulation
2025/05/26 23:00:55.276693 [Incident:Info:toast@toast-new:Origin updated] Origin updated: OT: 2025-05-12 03:09:38,  Lat/Lon: 1.06927°/98.8108°, Depth: 90.9779
2025/05/26 23:00:55.278330 [Simulation:Info:toast@toast-new:Simulation not generated] Magnitude 5.00 of event bmg2025jfpe is smaller than triggerMinMagnitude: no automatic simulation
2025/05/26 23:00:59.281173 [Incident:Info:toast@toast-new:Origin updated] Origin updated: OT: 2025-05-12 03:09:38,  Lat/Lon: 1.06927°/98.8108°, Depth: 90.9779
2025/05/26 23:00:59.281401 [Simulation:Info:toast@toast-new:Simulation not generated] Magnitude 5.00 of event bmg2025jfpe is smaller than triggerMinMagnitude: no automatic simulation
2025/05/26 23:00:59.299418 [Incident:Info:toast@toast-new:Origin updated] Origin updated: OT: 2025-05-12 03:09:38,  Lat/Lon: 1.06927°/98.8108°, Depth: 90.9779
2025/05/26 23:00:59.299535 [Simulation:Info:toast@toast-new:Simulation not generated] Magnitude 5.00 of event bmg2025jfpe is smaller than triggerMinMagnitude: no automatic simulation
