2025/04/26 13:35:13.010220 [Incident:Info:toast@toast-new:Displacement(s) updated] Added 0 and changed 0 displacements with 0 amplitudes
2025/04/26 13:35:13.050227 [Incident:Info:toast@toast-new:Incident created] Incident created based on event received from messaging: OT: 2025-04-26 06:33:15,  Lat/Lon: -3.59°/140.73°, Depth: 10.00, Mag: 5.21 (M)
2025/04/26 13:35:13.050551 [Simulation:Info:toast@toast-new:Simulation not generated] Magnitude 5.21 of event bmg2025icpv is smaller than triggerMinMagnitude: no automatic simulation
2025/04/26 13:35:13.058600 [Incident:Info:toast@toast-new:Origin updated] Origin updated: OT: 2025-04-26 06:33:15,  Lat/Lon: -3.58719°/140.728°, Depth: 10
2025/04/26 13:35:13.058702 [Simulation:Info:toast@toast-new:Simulation not generated] Magnitude 5.21 of event bmg2025icpv is smaller than triggerMinMagnitude: no automatic simulation
2025/04/26 13:35:14.892280 [Incident:Info:toast@toast-new:Origin updated] Origin updated: OT: 2025-04-26 06:33:15,  Lat/Lon: -3.58719°/140.728°, Depth: 10
2025/04/26 13:35:14.892454 [Incident:Info:toast@toast-new:Magnitude updated] Magnitude updated: 5.22 (M)
2025/04/26 13:35:14.892485 [Simulation:Info:toast@toast-new:Simulation not generated] Magnitude 5.22 of event bmg2025icpv is smaller than triggerMinMagnitude: no automatic simulation
2025/04/26 13:35:19.911949 [Incident:Info:toast@toast-new:Origin updated] Origin updated: OT: 2025-04-26 06:33:15,  Lat/Lon: -3.58719°/140.728°, Depth: 10
2025/04/26 13:35:19.912120 [Incident:Info:toast@toast-new:Magnitude updated] Magnitude updated: 5.24 (M)
2025/04/26 13:35:19.912149 [Simulation:Info:toast@toast-new:Simulation not generated] Magnitude 5.24 of event bmg2025icpv is smaller than triggerMinMagnitude: no automatic simulation
2025/04/26 13:35:24.851772 [Incident:Info:toast@toast-new:Origin updated] Origin updated: OT: 2025-04-26 06:33:15,  Lat/Lon: -3.58719°/140.728°, Depth: 10
2025/04/26 13:35:24.851964 [Incident:Info:toast@toast-new:Magnitude updated] Magnitude updated: 5.25 (M)
2025/04/26 13:35:24.852022 [Simulation:Info:toast@toast-new:Simulation not generated] Magnitude 5.25 of event bmg2025icpv is smaller than triggerMinMagnitude: no automatic simulation
2025/04/26 13:35:29.865155 [Incident:Info:toast@toast-new:Origin updated] Origin updated: OT: 2025-04-26 06:33:15,  Lat/Lon: -3.58719°/140.728°, Depth: 10
2025/04/26 13:35:29.865349 [Incident:Info:toast@toast-new:Magnitude updated] Magnitude updated: 5.27 (M)
2025/04/26 13:35:29.865394 [Simulation:Info:toast@toast-new:Simulation not generated] Magnitude 5.27 of event bmg2025icpv is smaller than triggerMinMagnitude: no automatic simulation
2025/04/26 13:35:34.388738 [Incident:Info:toast@toast-new:Origin updated] Origin updated: OT: 2025-04-26 06:33:15,  Lat/Lon: -3.58643°/140.717°, Depth: 10
2025/04/26 13:35:34.388937 [Incident:Info:toast@toast-new:Magnitude updated] Magnitude updated: 5.23 (M)
2025/04/26 13:35:34.388995 [Simulation:Info:toast@toast-new:Simulation not generated] Magnitude 5.23 of event bmg2025icpv is smaller than triggerMinMagnitude: no automatic simulation
2025/04/26 13:35:39.928183 [Incident:Info:toast@toast-new:Origin updated] Origin updated: OT: 2025-04-26 06:33:15,  Lat/Lon: -3.58643°/140.717°, Depth: 10
2025/04/26 13:35:39.928376 [Incident:Info:toast@toast-new:Magnitude updated] Magnitude updated: 5.25 (M)
2025/04/26 13:35:39.928439 [Simulation:Info:toast@toast-new:Simulation not generated] Magnitude 5.25 of event bmg2025icpv is smaller than triggerMinMagnitude: no automatic simulation
2025/04/26 13:35:44.857081 [Incident:Info:toast@toast-new:Origin updated] Origin updated: OT: 2025-04-26 06:33:15,  Lat/Lon: -3.58643°/140.717°, Depth: 10
2025/04/26 13:35:44.857267 [Incident:Info:toast@toast-new:Magnitude updated] Magnitude updated: 5.26 (M)
2025/04/26 13:35:44.857311 [Simulation:Info:toast@toast-new:Simulation not generated] Magnitude 5.26 of event bmg2025icpv is smaller than triggerMinMagnitude: no automatic simulation
2025/04/26 13:35:49.884985 [Incident:Info:toast@toast-new:Origin updated] Origin updated: OT: 2025-04-26 06:33:15,  Lat/Lon: -3.58643°/140.717°, Depth: 10
2025/04/26 13:35:49.885202 [Incident:Info:toast@toast-new:Magnitude updated] Magnitude updated: 5.30 (M)
2025/04/26 13:35:49.885244 [Simulation:Info:toast@toast-new:Simulation not generated] Magnitude 5.30 of event bmg2025icpv is smaller than triggerMinMagnitude: no automatic simulation
2025/04/26 13:35:54.893780 [Incident:Info:toast@toast-new:Origin updated] Origin updated: OT: 2025-04-26 06:33:15,  Lat/Lon: -3.58643°/140.717°, Depth: 10
2025/04/26 13:35:54.893970 [Incident:Info:toast@toast-new:Magnitude updated] Magnitude updated: 5.31 (M)
2025/04/26 13:35:54.894015 [Simulation:Info:toast@toast-new:Simulation not generated] Magnitude 5.31 of event bmg2025icpv is smaller than triggerMinMagnitude: no automatic simulation
2025/04/26 13:35:55.438256 [Incident:Info:toast@toast-new:Origin updated] Origin updated: OT: 2025-04-26 06:33:15,  Lat/Lon: -3.58626°/140.72°, Depth: 10
2025/04/26 13:35:55.438444 [Incident:Info:toast@toast-new:Magnitude updated] Magnitude updated: 5.26 (M)
2025/04/26 13:35:55.438486 [Simulation:Info:toast@toast-new:Simulation not generated] Magnitude 5.26 of event bmg2025icpv is smaller than triggerMinMagnitude: no automatic simulation
2025/04/26 13:35:59.913633 [Incident:Info:toast@toast-new:Origin updated] Origin updated: OT: 2025-04-26 06:33:15,  Lat/Lon: -3.58626°/140.72°, Depth: 10
2025/04/26 13:35:59.913825 [Incident:Info:toast@toast-new:Magnitude updated] Magnitude updated: 5.28 (M)
2025/04/26 13:35:59.913868 [Simulation:Info:toast@toast-new:Simulation not generated] Magnitude 5.28 of event bmg2025icpv is smaller than triggerMinMagnitude: no automatic simulation
2025/04/26 13:36:04.913428 [Incident:Info:toast@toast-new:Origin updated] Origin updated: OT: 2025-04-26 06:33:15,  Lat/Lon: -3.58626°/140.72°, Depth: 10
2025/04/26 13:36:04.913608 [Incident:Info:toast@toast-new:Magnitude updated] Magnitude updated: 5.26 (M)
2025/04/26 13:36:04.913641 [Simulation:Info:toast@toast-new:Simulation not generated] Magnitude 5.26 of event bmg2025icpv is smaller than triggerMinMagnitude: no automatic simulation
2025/04/26 13:36:09.088262 [Incident:Info:toast@toast-new:Origin updated] Origin updated: OT: 2025-04-26 06:33:17,  Lat/Lon: -3.53198°/140.794°, Depth: 43.8228
2025/04/26 13:36:09.088473 [Incident:Info:toast@toast-new:Magnitude updated] Magnitude updated: 5.30 (M)
2025/04/26 13:36:09.088504 [Simulation:Info:toast@toast-new:Simulation not generated] Magnitude 5.30 of event bmg2025icpv is smaller than triggerMinMagnitude: no automatic simulation
2025/04/26 13:36:19.921679 [Incident:Info:toast@toast-new:Origin updated] Origin updated: OT: 2025-04-26 06:33:17,  Lat/Lon: -3.53198°/140.794°, Depth: 43.8228
2025/04/26 13:36:19.921866 [Incident:Info:toast@toast-new:Magnitude updated] Magnitude updated: 5.28 (M)
2025/04/26 13:36:19.921898 [Simulation:Info:toast@toast-new:Simulation not generated] Magnitude 5.28 of event bmg2025icpv is smaller than triggerMinMagnitude: no automatic simulation
2025/04/26 13:36:22.390461 [Incident:Info:toast@toast-new:Origin updated] Origin updated: OT: 2025-04-26 06:33:17,  Lat/Lon: -3.54116°/140.77°, Depth: 44.9121
2025/04/26 13:36:22.390685 [Incident:Info:toast@toast-new:Magnitude updated] Magnitude updated: 5.25 (M)
2025/04/26 13:36:22.390735 [Simulation:Info:toast@toast-new:Simulation not generated] Magnitude 5.25 of event bmg2025icpv is smaller than triggerMinMagnitude: no automatic simulation
2025/04/26 13:36:34.812100 [Incident:Info:toast@toast-new:Origin updated] Origin updated: OT: 2025-04-26 06:33:17,  Lat/Lon: -3.54116°/140.77°, Depth: 44.9121
2025/04/26 13:36:34.812274 [Incident:Info:toast@toast-new:Magnitude updated] Magnitude updated: 5.26 (M)
2025/04/26 13:36:34.812320 [Simulation:Info:toast@toast-new:Simulation not generated] Magnitude 5.26 of event bmg2025icpv is smaller than triggerMinMagnitude: no automatic simulation
2025/04/26 13:36:44.836738 [Incident:Info:toast@toast-new:Origin updated] Origin updated: OT: 2025-04-26 06:33:17,  Lat/Lon: -3.54116°/140.77°, Depth: 44.9121
2025/04/26 13:36:44.836959 [Incident:Info:toast@toast-new:Magnitude updated] Magnitude updated: 5.25 (M)
2025/04/26 13:36:44.837026 [Simulation:Info:toast@toast-new:Simulation not generated] Magnitude 5.25 of event bmg2025icpv is smaller than triggerMinMagnitude: no automatic simulation
2025/04/26 13:36:54.811193 [Incident:Info:toast@toast-new:Origin updated] Origin updated: OT: 2025-04-26 06:33:17,  Lat/Lon: -3.54116°/140.77°, Depth: 44.9121
2025/04/26 13:36:54.811388 [Incident:Info:toast@toast-new:Magnitude updated] Magnitude updated: 5.25 (M)
2025/04/26 13:36:54.811428 [Simulation:Info:toast@toast-new:Simulation not generated] Magnitude 5.25 of event bmg2025icpv is smaller than triggerMinMagnitude: no automatic simulation
2025/04/26 13:36:56.198740 [Incident:Info:toast@toast-new:Origin updated] Origin updated: OT: 2025-04-26 06:33:17,  Lat/Lon: -3.54452°/140.781°, Depth: 58.8924
2025/04/26 13:36:56.198940 [Incident:Info:toast@toast-new:Magnitude updated] Magnitude updated: 5.23 (M)
2025/04/26 13:36:56.198987 [Simulation:Info:toast@toast-new:Simulation not generated] Magnitude 5.23 of event bmg2025icpv is smaller than triggerMinMagnitude: no automatic simulation
2025/04/26 13:37:04.894201 [Incident:Info:toast@toast-new:Origin updated] Origin updated: OT: 2025-04-26 06:33:17,  Lat/Lon: -3.54452°/140.781°, Depth: 58.8924
2025/04/26 13:37:04.894406 [Incident:Info:toast@toast-new:Magnitude updated] Magnitude updated: 5.24 (M)
2025/04/26 13:37:04.894450 [Simulation:Info:toast@toast-new:Simulation not generated] Magnitude 5.24 of event bmg2025icpv is smaller than triggerMinMagnitude: no automatic simulation
2025/04/26 13:37:09.823199 [Incident:Info:toast@toast-new:Origin updated] Origin updated: OT: 2025-04-26 06:33:17,  Lat/Lon: -3.54452°/140.781°, Depth: 58.8924
2025/04/26 13:37:09.823417 [Incident:Info:toast@toast-new:Magnitude updated] Magnitude updated: 5.24 (M)
2025/04/26 13:37:09.823461 [Simulation:Info:toast@toast-new:Simulation not generated] Magnitude 5.24 of event bmg2025icpv is smaller than triggerMinMagnitude: no automatic simulation
2025/04/26 13:37:14.838958 [Incident:Info:toast@toast-new:Origin updated] Origin updated: OT: 2025-04-26 06:33:17,  Lat/Lon: -3.54452°/140.781°, Depth: 58.8924
2025/04/26 13:37:14.839179 [Incident:Info:toast@toast-new:Magnitude updated] Magnitude updated: 5.24 (M)
2025/04/26 13:37:14.839223 [Simulation:Info:toast@toast-new:Simulation not generated] Magnitude 5.24 of event bmg2025icpv is smaller than triggerMinMagnitude: no automatic simulation
2025/04/26 13:37:24.784933 [Incident:Info:toast@toast-new:Origin updated] Origin updated: OT: 2025-04-26 06:33:17,  Lat/Lon: -3.54452°/140.781°, Depth: 58.8924
2025/04/26 13:37:24.785103 [Incident:Info:toast@toast-new:Magnitude updated] Magnitude updated: 5.20 (M)
2025/04/26 13:37:24.785136 [Simulation:Info:toast@toast-new:Simulation not generated] Magnitude 5.20 of event bmg2025icpv is smaller than triggerMinMagnitude: no automatic simulation
2025/04/26 13:37:34.839452 [Incident:Info:toast@toast-new:Origin updated] Origin updated: OT: 2025-04-26 06:33:17,  Lat/Lon: -3.54452°/140.781°, Depth: 58.8924
2025/04/26 13:37:34.839644 [Incident:Info:toast@toast-new:Magnitude updated] Magnitude updated: 5.20 (M)
2025/04/26 13:37:34.839675 [Simulation:Info:toast@toast-new:Simulation not generated] Magnitude 5.20 of event bmg2025icpv is smaller than triggerMinMagnitude: no automatic simulation
2025/04/26 13:37:37.107458 [Incident:Info:toast@toast-new:Origin updated] Origin updated: OT: 2025-04-26 06:33:16,  Lat/Lon: -3.61606°/140.561°, Depth: 10
2025/04/26 13:37:37.107652 [Incident:Info:toast@toast-new:Magnitude updated] Magnitude updated: 5.07 (M)
2025/04/26 13:37:37.107688 [Simulation:Info:toast@toast-new:Simulation not generated] Magnitude 5.07 of event bmg2025icpv is smaller than triggerMinMagnitude: no automatic simulation
2025/04/26 13:37:54.093561 [Incident:Info:toast@toast-new:Origin updated] Origin updated: OT: 2025-04-26 06:33:16,  Lat/Lon: -3.61805°/140.541°, Depth: 10
2025/04/26 13:37:54.093785 [Incident:Info:toast@toast-new:Magnitude updated] Magnitude updated: 5.05 (M)
2025/04/26 13:37:54.093857 [Simulation:Info:toast@toast-new:Simulation not generated] Magnitude 5.05 of event bmg2025icpv is smaller than triggerMinMagnitude: no automatic simulation
2025/04/26 13:38:02.781895 [Incident:Info:toast@toast-new:Origin updated] Origin updated: OT: 2025-04-26 06:33:16,  Lat/Lon: -3.61805°/140.541°, Depth: 10
2025/04/26 13:38:02.782089 [Incident:Info:toast@toast-new:FM updated] FM updated
2025/04/26 13:38:02.782353 [Simulation:Info:toast@toast-new:Simulation not generated] Magnitude 5.05 of event bmg2025icpv is smaller than triggerMinMagnitude: no automatic simulation
2025/04/26 13:38:07.025539 [Incident:Info:toast@toast-new:Origin updated] Origin updated: OT: 2025-04-26 06:33:16,  Lat/Lon: -3.61805°/140.541°, Depth: 10
2025/04/26 13:38:07.025725 [Incident:Info:toast@toast-new:FM updated] FM updated
2025/04/26 13:38:07.025984 [Simulation:Info:toast@toast-new:Simulation not generated] Magnitude 5.05 of event bmg2025icpv is smaller than triggerMinMagnitude: no automatic simulation
2025/04/26 13:38:09.128865 [Incident:Info:toast@toast-new:Origin updated] Origin updated: OT: 2025-04-26 06:33:15,  Lat/Lon: -3.62639°/140.633°, Depth: 10
2025/04/26 13:38:09.129096 [Incident:Info:toast@toast-new:Magnitude updated] Magnitude updated: 5.09 (M)
2025/04/26 13:38:09.129154 [Simulation:Info:toast@toast-new:Simulation not generated] Magnitude 5.09 of event bmg2025icpv is smaller than triggerMinMagnitude: no automatic simulation
2025/04/26 13:38:14.829363 [Incident:Info:toast@toast-new:Origin updated] Origin updated: OT: 2025-04-26 06:33:15,  Lat/Lon: -3.62639°/140.633°, Depth: 10
2025/04/26 13:38:14.829573 [Incident:Info:toast@toast-new:Magnitude updated] Magnitude updated: 5.09 (M)
2025/04/26 13:38:14.829622 [Simulation:Info:toast@toast-new:Simulation not generated] Magnitude 5.09 of event bmg2025icpv is smaller than triggerMinMagnitude: no automatic simulation
2025/04/26 13:38:25.743879 [Incident:Info:toast@toast-new:Origin updated] Origin updated: OT: 2025-04-26 06:33:15,  Lat/Lon: -3.63809°/140.613°, Depth: 10
2025/04/26 13:38:25.744097 [Incident:Info:toast@toast-new:Magnitude updated] Magnitude updated: 5.07 (M)
2025/04/26 13:38:25.744143 [Simulation:Info:toast@toast-new:Simulation not generated] Magnitude 5.07 of event bmg2025icpv is smaller than triggerMinMagnitude: no automatic simulation
2025/04/26 13:38:29.814162 [Incident:Info:toast@toast-new:Origin updated] Origin updated: OT: 2025-04-26 06:33:15,  Lat/Lon: -3.63809°/140.613°, Depth: 10
2025/04/26 13:38:29.814367 [Incident:Info:toast@toast-new:Magnitude updated] Magnitude updated: 5.07 (M)
2025/04/26 13:38:29.814416 [Simulation:Info:toast@toast-new:Simulation not generated] Magnitude 5.07 of event bmg2025icpv is smaller than triggerMinMagnitude: no automatic simulation
2025/04/26 13:38:49.188947 [Incident:Info:toast@toast-new:Origin updated] Origin updated: OT: 2025-04-26 06:33:15,  Lat/Lon: -3.64454°/140.612°, Depth: 10
2025/04/26 13:38:49.189141 [Incident:Info:toast@toast-new:Magnitude updated] Magnitude updated: 5.02 (M)
2025/04/26 13:38:49.189195 [Simulation:Info:toast@toast-new:Simulation not generated] Magnitude 5.02 of event bmg2025icpv is smaller than triggerMinMagnitude: no automatic simulation
2025/04/26 13:38:49.810675 [Incident:Info:toast@toast-new:Origin updated] Origin updated: OT: 2025-04-26 06:33:15,  Lat/Lon: -3.64454°/140.612°, Depth: 10
2025/04/26 13:38:49.811468 [Incident:Info:toast@toast-new:Magnitude updated] Magnitude updated: 5.03 (M)
2025/04/26 13:38:49.811539 [Simulation:Info:toast@toast-new:Simulation not generated] Magnitude 5.03 of event bmg2025icpv is smaller than triggerMinMagnitude: no automatic simulation
2025/04/26 13:39:50.126839 [Incident:Info:toast@toast-new:Origin updated] Origin updated: OT: 2025-04-26 06:33:17,  Lat/Lon: -3.5285°/140.768°, Depth: 48.6997
2025/04/26 13:39:50.127054 [Incident:Info:toast@toast-new:Magnitude updated] Magnitude updated: 5.42 (MLv)
2025/04/26 13:39:50.127104 [Simulation:Info:toast@toast-new:Simulation not generated] Magnitude 5.42 of event bmg2025icpv is smaller than triggerMinMagnitude: no automatic simulation
2025/04/26 13:39:50.163881 [Incident:Info:toast@toast-new:Origin updated] Origin updated: OT: 2025-04-26 06:33:17,  Lat/Lon: -3.5285°/140.768°, Depth: 48.6997
2025/04/26 13:39:50.164064 [Incident:Info:toast@toast-new:Magnitude updated] Magnitude updated: 5.36 (M)
2025/04/26 13:39:50.164132 [Simulation:Info:toast@toast-new:Simulation not generated] Magnitude 5.36 of event bmg2025icpv is smaller than triggerMinMagnitude: no automatic simulation
2025/04/26 13:39:55.715024 [Incident:Info:toast@toast-new:Origin updated] Origin updated: OT: 2025-04-26 06:33:17,  Lat/Lon: -3.5285°/140.768°, Depth: 48.6997
2025/04/26 13:39:55.717082 [Incident:Info:toast@toast-new:FM updated] FM updated
2025/04/26 13:39:55.717497 [Simulation:Info:toast@toast-new:Simulation not generated] Magnitude 5.36 of event bmg2025icpv is smaller than triggerMinMagnitude: no automatic simulation
2025/04/26 13:40:54.847718 [Incident:Info:toast@toast-new:Origin updated] Origin updated: OT: 2025-04-26 06:33:17,  Lat/Lon: -3.56778°/140.682°, Depth: 38.8577
2025/04/26 13:40:54.847850 [Incident:Info:toast@toast-new:Magnitude updated] Magnitude updated: 5.01 (M)
2025/04/26 13:40:54.847876 [Simulation:Info:toast@toast-new:Simulation not generated] Magnitude 5.01 of event bmg2025icpv is smaller than triggerMinMagnitude: no automatic simulation
2025/04/26 13:41:04.618926 [Incident:Info:toast@toast-new:Origin updated] Origin updated: OT: 2025-04-26 06:33:17,  Lat/Lon: -3.56778°/140.682°, Depth: 38.8577
2025/04/26 13:41:04.619127 [Incident:Info:toast@toast-new:Magnitude updated] Magnitude updated: 5.02 (Mw)
2025/04/26 13:41:04.619170 [Simulation:Info:toast@toast-new:Simulation not generated] Magnitude 5.02 of event bmg2025icpv is smaller than triggerMinMagnitude: no automatic simulation
2025/04/26 17:39:00.486917 [Incident:Info:toast@toast-new:Origin updated] Origin updated: OT: 2025-04-26 06:33:17,  Lat/Lon: -3.59425°/140.555°, Depth: 24.0147
2025/04/26 17:39:00.487159 [Simulation:Info:toast@toast-new:Simulation not generated] Magnitude 5.02 of event bmg2025icpv is smaller than triggerMinMagnitude: no automatic simulation
2025/04/26 18:03:36.378415 [Incident:Info:toast@toast-new:Origin updated] Origin updated: OT: 2025-04-26 06:33:17,  Lat/Lon: -3.58707°/140.521°, Depth: 24.6577
2025/04/26 18:03:36.378654 [Simulation:Info:toast@toast-new:Simulation not generated] Magnitude 5.02 of event bmg2025icpv is smaller than triggerMinMagnitude: no automatic simulation
