2025/09/25 16:05:13.559800 [Incident:Info:toast@toast-new:Displacement(s) updated] Added 0 and changed 0 displacements with 0 amplitudes
2025/09/25 16:05:13.561597 [Incident:Info:toast@toast-new:Incident created] Incident created based on event received from messaging: OT: 2025-09-25 09:04:12,  Lat/Lon: -7.84°/114.43°, Depth: 9.87, Mag: 5.51 (M)
2025/09/25 16:05:13.562229 [Simulation:Info:toast@toast-new:Simulation not generated] Magnitude 5.51 of event bmg2025sunh is smaller than triggerMinMagnitude: no automatic simulation
2025/09/25 16:05:13.589203 [Incident:Info:toast@toast-new:Origin updated] Origin updated: OT: 2025-09-25 09:04:12,  Lat/Lon: -7.8303°/114.448°, Depth: 10.4968
2025/09/25 16:05:13.589390 [Incident:Info:toast@toast-new:Magnitude updated] Magnitude updated: 5.53 (M)
2025/09/25 16:05:13.589442 [Simulation:Info:toast@toast-new:Simulation not generated] Magnitude 5.53 of event bmg2025sunh is smaller than triggerMinMagnitude: no automatic simulation
2025/09/25 16:05:16.279064 [Incident:Info:toast@toast-new:Origin updated] Origin updated: OT: 2025-09-25 09:04:12,  Lat/Lon: -7.8303°/114.448°, Depth: 10.4968
2025/09/25 16:05:16.279210 [Incident:Info:toast@toast-new:Magnitude updated] Magnitude updated: 5.56 (M)
2025/09/25 16:05:16.279258 [Simulation:Info:toast@toast-new:Simulation not generated] Magnitude 5.56 of event bmg2025sunh is smaller than triggerMinMagnitude: no automatic simulation
2025/09/25 16:05:21.285963 [Incident:Info:toast@toast-new:Origin updated] Origin updated: OT: 2025-09-25 09:04:12,  Lat/Lon: -7.8303°/114.448°, Depth: 10.4968
2025/09/25 16:05:21.286146 [Incident:Info:toast@toast-new:Magnitude updated] Magnitude updated: 5.58 (M)
2025/09/25 16:05:21.286194 [Simulation:Info:toast@toast-new:Simulation not generated] Magnitude 5.58 of event bmg2025sunh is smaller than triggerMinMagnitude: no automatic simulation
2025/09/25 16:05:26.278435 [Incident:Info:toast@toast-new:Origin updated] Origin updated: OT: 2025-09-25 09:04:12,  Lat/Lon: -7.8303°/114.448°, Depth: 10.4968
2025/09/25 16:05:26.278625 [Incident:Info:toast@toast-new:Magnitude updated] Magnitude updated: 5.58 (M)
2025/09/25 16:05:26.278668 [Simulation:Info:toast@toast-new:Simulation not generated] Magnitude 5.58 of event bmg2025sunh is smaller than triggerMinMagnitude: no automatic simulation
2025/09/25 16:05:30.097920 [Incident:Info:toast@toast-new:Origin updated] Origin updated: OT: 2025-09-25 09:04:12,  Lat/Lon: -7.81978°/114.453°, Depth: 10.7076
2025/09/25 16:05:30.098109 [Incident:Info:toast@toast-new:Magnitude updated] Magnitude updated: 5.59 (M)
2025/09/25 16:05:30.098143 [Simulation:Info:toast@toast-new:Simulation not generated] Magnitude 5.59 of event bmg2025sunh is smaller than triggerMinMagnitude: no automatic simulation
2025/09/25 16:05:33.870942 [Incident:Info:toast@toast-new:Origin updated] Origin updated: OT: 2025-09-25 09:04:12,  Lat/Lon: -7.81978°/114.453°, Depth: 10.7076
2025/09/25 16:05:33.871119 [Incident:Info:toast@toast-new:Magnitude updated] Magnitude updated: 5.60 (M)
2025/09/25 16:05:33.871154 [Simulation:Info:toast@toast-new:Simulation not generated] Magnitude 5.60 of event bmg2025sunh is smaller than triggerMinMagnitude: no automatic simulation
2025/09/25 16:05:36.280128 [Incident:Info:toast@toast-new:Origin updated] Origin updated: OT: 2025-09-25 09:04:12,  Lat/Lon: -7.81978°/114.453°, Depth: 10.7076
2025/09/25 16:05:36.281836 [Incident:Info:toast@toast-new:Magnitude updated] Magnitude updated: 5.60 (M)
2025/09/25 16:05:36.281901 [Simulation:Info:toast@toast-new:Simulation not generated] Magnitude 5.60 of event bmg2025sunh is smaller than triggerMinMagnitude: no automatic simulation
2025/09/25 16:05:41.296267 [Incident:Info:toast@toast-new:Origin updated] Origin updated: OT: 2025-09-25 09:04:12,  Lat/Lon: -7.81978°/114.453°, Depth: 10.7076
2025/09/25 16:05:41.297879 [Incident:Info:toast@toast-new:Magnitude updated] Magnitude updated: 5.63 (M)
2025/09/25 16:05:41.297941 [Simulation:Info:toast@toast-new:Simulation not generated] Magnitude 5.63 of event bmg2025sunh is smaller than triggerMinMagnitude: no automatic simulation
2025/09/25 16:05:44.490683 [Incident:Info:toast@toast-new:Origin updated] Origin updated: OT: 2025-09-25 09:04:12,  Lat/Lon: -7.81978°/114.453°, Depth: 10.7076
2025/09/25 16:05:44.490863 [Incident:Info:toast@toast-new:Magnitude updated] Magnitude updated: 5.64 (M)
2025/09/25 16:05:44.490917 [Simulation:Info:toast@toast-new:Simulation not generated] Magnitude 5.64 of event bmg2025sunh is smaller than triggerMinMagnitude: no automatic simulation
2025/09/25 16:05:45.069772 [Incident:Info:toast@toast-new:Origin updated] Origin updated: OT: 2025-09-25 09:04:12,  Lat/Lon: -7.80779°/114.45°, Depth: 9.87772
2025/09/25 16:05:45.069990 [Incident:Info:toast@toast-new:Magnitude updated] Magnitude updated: 5.60 (M)
2025/09/25 16:05:45.070041 [Simulation:Info:toast@toast-new:Simulation not generated] Magnitude 5.60 of event bmg2025sunh is smaller than triggerMinMagnitude: no automatic simulation
2025/09/25 16:05:46.317764 [Incident:Info:toast@toast-new:Origin updated] Origin updated: OT: 2025-09-25 09:04:12,  Lat/Lon: -7.80779°/114.45°, Depth: 9.87772
2025/09/25 16:05:46.319291 [Incident:Info:toast@toast-new:Magnitude updated] Magnitude updated: 5.60 (M)
2025/09/25 16:05:46.319326 [Simulation:Info:toast@toast-new:Simulation not generated] Magnitude 5.60 of event bmg2025sunh is smaller than triggerMinMagnitude: no automatic simulation
2025/09/25 16:05:51.313994 [Incident:Info:toast@toast-new:Origin updated] Origin updated: OT: 2025-09-25 09:04:12,  Lat/Lon: -7.80779°/114.45°, Depth: 9.87772
2025/09/25 16:05:51.314178 [Incident:Info:toast@toast-new:Magnitude updated] Magnitude updated: 5.62 (M)
2025/09/25 16:05:51.314225 [Simulation:Info:toast@toast-new:Simulation not generated] Magnitude 5.62 of event bmg2025sunh is smaller than triggerMinMagnitude: no automatic simulation
2025/09/25 16:05:57.071864 [Incident:Info:toast@toast-new:Origin updated] Origin updated: OT: 2025-09-25 09:04:12,  Lat/Lon: -7.80779°/114.45°, Depth: 9.87772
2025/09/25 16:05:57.073538 [Incident:Info:toast@toast-new:Magnitude updated] Magnitude updated: 5.62 (M)
2025/09/25 16:05:57.073630 [Simulation:Info:toast@toast-new:Simulation not generated] Magnitude 5.62 of event bmg2025sunh is smaller than triggerMinMagnitude: no automatic simulation
2025/09/25 16:05:59.331018 [Incident:Info:toast@toast-new:Origin updated] Origin updated: OT: 2025-09-25 09:04:12,  Lat/Lon: -7.80779°/114.45°, Depth: 9.87772
2025/09/25 16:05:59.331159 [Incident:Info:toast@toast-new:Magnitude updated] Magnitude updated: 5.63 (M)
2025/09/25 16:05:59.331191 [Simulation:Info:toast@toast-new:Simulation not generated] Magnitude 5.63 of event bmg2025sunh is smaller than triggerMinMagnitude: no automatic simulation
2025/09/25 16:06:00.067995 [Incident:Info:toast@toast-new:Origin updated] Origin updated: OT: 2025-09-25 09:04:12,  Lat/Lon: -7.80659°/114.453°, Depth: 10.7304
2025/09/25 16:06:00.068198 [Incident:Info:toast@toast-new:Magnitude updated] Magnitude updated: 5.73 (M)
2025/09/25 16:06:00.068249 [Simulation:Info:toast@toast-new:Simulation not generated] Magnitude 5.73 of event bmg2025sunh is smaller than triggerMinMagnitude: no automatic simulation
2025/09/25 16:06:01.328792 [Incident:Info:toast@toast-new:Origin updated] Origin updated: OT: 2025-09-25 09:04:12,  Lat/Lon: -7.80659°/114.453°, Depth: 10.7304
2025/09/25 16:06:01.328955 [Incident:Info:toast@toast-new:Magnitude updated] Magnitude updated: 5.73 (M)
2025/09/25 16:06:01.328992 [Simulation:Info:toast@toast-new:Simulation not generated] Magnitude 5.73 of event bmg2025sunh is smaller than triggerMinMagnitude: no automatic simulation
2025/09/25 16:06:06.360901 [Incident:Info:toast@toast-new:Origin updated] Origin updated: OT: 2025-09-25 09:04:12,  Lat/Lon: -7.80659°/114.453°, Depth: 10.7304
2025/09/25 16:06:06.361085 [Incident:Info:toast@toast-new:Magnitude updated] Magnitude updated: 5.74 (M)
2025/09/25 16:06:06.361125 [Simulation:Info:toast@toast-new:Simulation not generated] Magnitude 5.74 of event bmg2025sunh is smaller than triggerMinMagnitude: no automatic simulation
2025/09/25 16:06:08.788882 [Incident:Info:toast@toast-new:Origin updated] Origin updated: OT: 2025-09-25 09:04:12,  Lat/Lon: -7.80659°/114.453°, Depth: 10.7304
2025/09/25 16:06:08.790360 [Incident:Info:toast@toast-new:Magnitude updated] Magnitude updated: 5.74 (M)
2025/09/25 16:06:08.790432 [Simulation:Info:toast@toast-new:Simulation not generated] Magnitude 5.74 of event bmg2025sunh is smaller than triggerMinMagnitude: no automatic simulation
2025/09/25 16:06:09.250682 [Incident:Info:toast@toast-new:Origin updated] Origin updated: OT: 2025-09-25 09:04:12,  Lat/Lon: -7.79149°/114.461°, Depth: 10.5203
2025/09/25 16:06:09.250841 [Incident:Info:toast@toast-new:Magnitude updated] Magnitude updated: 5.67 (M)
2025/09/25 16:06:09.250885 [Simulation:Info:toast@toast-new:Simulation not generated] Magnitude 5.67 of event bmg2025sunh is smaller than triggerMinMagnitude: no automatic simulation
2025/09/25 16:06:11.777561 [Incident:Info:toast@toast-new:Origin updated] Origin updated: OT: 2025-09-25 09:04:12,  Lat/Lon: -7.79149°/114.461°, Depth: 10.5203
2025/09/25 16:06:11.777725 [Incident:Info:toast@toast-new:Magnitude updated] Magnitude updated: 5.67 (M)
2025/09/25 16:06:11.777759 [Simulation:Info:toast@toast-new:Simulation not generated] Magnitude 5.67 of event bmg2025sunh is smaller than triggerMinMagnitude: no automatic simulation
2025/09/25 16:06:16.344169 [Incident:Info:toast@toast-new:Origin updated] Origin updated: OT: 2025-09-25 09:04:12,  Lat/Lon: -7.79149°/114.461°, Depth: 10.5203
2025/09/25 16:06:16.344376 [Incident:Info:toast@toast-new:Magnitude updated] Magnitude updated: 5.68 (M)
2025/09/25 16:06:16.344434 [Simulation:Info:toast@toast-new:Simulation not generated] Magnitude 5.68 of event bmg2025sunh is smaller than triggerMinMagnitude: no automatic simulation
2025/09/25 16:06:21.369577 [Incident:Info:toast@toast-new:Origin updated] Origin updated: OT: 2025-09-25 09:04:12,  Lat/Lon: -7.79149°/114.461°, Depth: 10.5203
2025/09/25 16:06:21.369754 [Incident:Info:toast@toast-new:Magnitude updated] Magnitude updated: 5.68 (M)
2025/09/25 16:06:21.369790 [Simulation:Info:toast@toast-new:Simulation not generated] Magnitude 5.68 of event bmg2025sunh is smaller than triggerMinMagnitude: no automatic simulation
2025/09/25 16:06:26.740950 [Incident:Info:toast@toast-new:Origin updated] Origin updated: OT: 2025-09-25 09:04:12,  Lat/Lon: -7.79149°/114.461°, Depth: 10.5203
2025/09/25 16:06:26.741143 [Incident:Info:toast@toast-new:Magnitude updated] Magnitude updated: 5.69 (M)
2025/09/25 16:06:26.741190 [Simulation:Info:toast@toast-new:Simulation not generated] Magnitude 5.69 of event bmg2025sunh is smaller than triggerMinMagnitude: no automatic simulation
2025/09/25 16:06:27.195316 [Incident:Info:toast@toast-new:Origin updated] Origin updated: OT: 2025-09-25 09:04:12,  Lat/Lon: -7.81838°/114.458°, Depth: 10.9609
2025/09/25 16:06:27.195487 [Incident:Info:toast@toast-new:Magnitude updated] Magnitude updated: 5.64 (M)
2025/09/25 16:06:27.195538 [Simulation:Info:toast@toast-new:Simulation not generated] Magnitude 5.64 of event bmg2025sunh is smaller than triggerMinMagnitude: no automatic simulation
2025/09/25 16:06:27.218577 [Incident:Info:toast@toast-new:Origin updated] Origin updated: OT: 2025-09-25 09:04:12,  Lat/Lon: -7.81877°/114.469°, Depth: 11.5317
2025/09/25 16:06:27.218735 [Incident:Info:toast@toast-new:Magnitude updated] Magnitude updated: 5.61 (MLv)
2025/09/25 16:06:27.218766 [Simulation:Info:toast@toast-new:Simulation not generated] Magnitude 5.61 of event bmg2025sunh is smaller than triggerMinMagnitude: no automatic simulation
2025/09/25 16:06:28.837038 [Incident:Info:toast@toast-new:Origin updated] Origin updated: OT: 2025-09-25 09:04:12,  Lat/Lon: -7.81877°/114.469°, Depth: 11.5317
2025/09/25 16:06:28.837205 [Incident:Info:toast@toast-new:Magnitude updated] Magnitude updated: 5.65 (M)
2025/09/25 16:06:28.837261 [Simulation:Info:toast@toast-new:Simulation not generated] Magnitude 5.65 of event bmg2025sunh is smaller than triggerMinMagnitude: no automatic simulation
2025/09/25 16:06:34.660231 [Incident:Info:toast@toast-new:Origin updated] Origin updated: OT: 2025-09-25 09:04:12,  Lat/Lon: -7.81877°/114.469°, Depth: 11.5317
2025/09/25 16:06:34.660451 [Incident:Info:toast@toast-new:Magnitude updated] Magnitude updated: 5.66 (M)
2025/09/25 16:06:34.660500 [Simulation:Info:toast@toast-new:Simulation not generated] Magnitude 5.66 of event bmg2025sunh is smaller than triggerMinMagnitude: no automatic simulation
2025/09/25 16:06:43.924142 [Incident:Info:toast@toast-new:Origin updated] Origin updated: OT: 2025-09-25 09:04:12,  Lat/Lon: -7.81877°/114.469°, Depth: 11.5317
2025/09/25 16:06:43.924401 [Incident:Info:toast@toast-new:Magnitude updated] Magnitude updated: 5.66 (M)
2025/09/25 16:06:43.924443 [Simulation:Info:toast@toast-new:Simulation not generated] Magnitude 5.66 of event bmg2025sunh is smaller than triggerMinMagnitude: no automatic simulation
2025/09/25 16:06:49.895221 [Incident:Info:toast@toast-new:Origin updated] Origin updated: OT: 2025-09-25 09:04:12,  Lat/Lon: -7.81877°/114.469°, Depth: 11.5317
2025/09/25 16:06:49.895407 [Incident:Info:toast@toast-new:FM updated] FM updated
2025/09/25 16:06:49.895673 [Simulation:Info:toast@toast-new:Simulation not generated] Magnitude 5.66 of event bmg2025sunh is smaller than triggerMinMagnitude: no automatic simulation
2025/09/25 16:06:52.134007 [Incident:Info:toast@toast-new:Origin updated] Origin updated: OT: 2025-09-25 09:04:12,  Lat/Lon: -7.81877°/114.469°, Depth: 11.5317
2025/09/25 16:06:52.134165 [Incident:Info:toast@toast-new:FM updated] FM updated
2025/09/25 16:06:52.134397 [Simulation:Info:toast@toast-new:Simulation not generated] Magnitude 5.66 of event bmg2025sunh is smaller than triggerMinMagnitude: no automatic simulation
2025/09/25 16:06:52.361839 [Incident:Info:toast@toast-new:Origin updated] Origin updated: OT: 2025-09-25 09:04:12,  Lat/Lon: -7.81877°/114.469°, Depth: 11.5317
2025/09/25 16:06:52.362012 [Incident:Info:toast@toast-new:FM updated] FM updated
2025/09/25 16:06:52.362257 [Simulation:Info:toast@toast-new:Simulation not generated] Magnitude 5.66 of event bmg2025sunh is smaller than triggerMinMagnitude: no automatic simulation
2025/09/25 16:07:24.391753 [Incident:Info:toast@toast-new:Origin updated] Origin updated: OT: 2025-09-25 09:04:12,  Lat/Lon: -7.81877°/114.469°, Depth: 11.5317
2025/09/25 16:07:24.391933 [Incident:Info:toast@toast-new:Magnitude updated] Magnitude updated: 5.66 (M)
2025/09/25 16:07:24.391975 [Simulation:Info:toast@toast-new:Simulation not generated] Magnitude 5.66 of event bmg2025sunh is smaller than triggerMinMagnitude: no automatic simulation
2025/09/25 16:07:36.114417 [Incident:Info:toast@toast-new:Origin updated] Origin updated: OT: 2025-09-25 09:04:12,  Lat/Lon: -7.81877°/114.469°, Depth: 11.5317
2025/09/25 16:07:36.114565 [Incident:Info:toast@toast-new:Magnitude updated] Magnitude updated: 5.66 (M)
2025/09/25 16:07:36.114595 [Simulation:Info:toast@toast-new:Simulation not generated] Magnitude 5.66 of event bmg2025sunh is smaller than triggerMinMagnitude: no automatic simulation
2025/09/25 16:10:32.825263 [Incident:Info:toast@toast-new:Origin updated] Origin updated: OT: 2025-09-25 09:04:12,  Lat/Lon: -7.86399°/114.454°, Depth: 11.4643
2025/09/25 16:10:32.825487 [Incident:Info:toast@toast-new:Magnitude updated] Magnitude updated: 5.40 (Mw(mB))
2025/09/25 16:10:32.825532 [Simulation:Info:toast@toast-new:Simulation not generated] Magnitude 5.40 of event bmg2025sunh is smaller than triggerMinMagnitude: no automatic simulation
2025/09/25 16:10:46.443264 [Incident:Info:toast@toast-new:Origin updated] Origin updated: OT: 2025-09-25 09:04:12,  Lat/Lon: -7.80234°/114.47°, Depth: 11.291
2025/09/25 16:10:46.443453 [Incident:Info:toast@toast-new:Magnitude updated] Magnitude updated: 5.66 (ML)
2025/09/25 16:10:46.443517 [Simulation:Info:toast@toast-new:Simulation not generated] Magnitude 5.66 of event bmg2025sunh is smaller than triggerMinMagnitude: no automatic simulation
2025/09/25 16:10:47.918889 [Incident:Info:toast@toast-new:Origin updated] Origin updated: OT: 2025-09-25 09:04:12,  Lat/Lon: -7.80234°/114.47°, Depth: 11.291
2025/09/25 16:10:47.919062 [Incident:Info:toast@toast-new:Magnitude updated] Magnitude updated: 5.63 (M)
2025/09/25 16:10:47.919123 [Simulation:Info:toast@toast-new:Simulation not generated] Magnitude 5.63 of event bmg2025sunh is smaller than triggerMinMagnitude: no automatic simulation
2025/09/25 16:12:06.461464 [Incident:Info:toast@toast-new:Origin updated] Origin updated: OT: 2025-09-25 09:04:12,  Lat/Lon: -7.86706°/114.453°, Depth: 12.1943
2025/09/25 16:12:06.461678 [Incident:Info:toast@toast-new:Magnitude updated] Magnitude updated: 5.40 (Mw(mB))
2025/09/25 16:12:06.461728 [Simulation:Info:toast@toast-new:Simulation not generated] Magnitude 5.40 of event bmg2025sunh is smaller than triggerMinMagnitude: no automatic simulation
2025/09/25 16:15:12.625946 [Incident:Info:toast@toast-new:Origin updated] Origin updated: OT: 2025-09-25 09:04:12,  Lat/Lon: -7.86706°/114.453°, Depth: 12.1943
2025/09/25 16:15:12.626122 [Incident:Info:toast@toast-new:Magnitude updated] Magnitude updated: 5.77 (Mw)
2025/09/25 16:15:12.626187 [Simulation:Info:toast@toast-new:Simulation not generated] Magnitude 5.77 of event bmg2025sunh is smaller than triggerMinMagnitude: no automatic simulation
2025/09/25 16:56:33.499197 [Incident:Info:toast@toast-new:Origin updated] Origin updated: OT: 2025-09-25 09:04:12,  Lat/Lon: -7.8689°/114.453°, Depth: 12.6042
2025/09/25 16:56:33.499418 [Simulation:Info:toast@toast-new:Simulation not generated] Magnitude 5.77 of event bmg2025sunh is smaller than triggerMinMagnitude: no automatic simulation
2025/09/25 16:57:10.736286 [Incident:Info:toast@toast-new:Origin updated] Origin updated: OT: 2025-09-25 09:04:12,  Lat/Lon: -7.8689°/114.453°, Depth: 12.6042
2025/09/25 16:57:10.736479 [Simulation:Info:toast@toast-new:Simulation not generated] Magnitude 5.77 of event bmg2025sunh is smaller than triggerMinMagnitude: no automatic simulation
2025/09/25 17:05:01.597502 [Incident:Info:toast@toast-new:Origin updated] Origin updated: OT: 2025-09-25 09:04:12,  Lat/Lon: -7.8689°/114.453°, Depth: 12.6042
2025/09/25 17:05:01.597681 [Incident:Info:toast@toast-new:Magnitude updated] Magnitude updated: 5.40 (Mw(mB))
2025/09/25 17:05:01.597738 [Simulation:Info:toast@toast-new:Simulation not generated] Magnitude 5.40 of event bmg2025sunh is smaller than triggerMinMagnitude: no automatic simulation
2025/09/25 17:12:51.304052 [Incident:Info:toast@toast-new:Origin updated] Origin updated: OT: 2025-09-25 09:04:12,  Lat/Lon: -7.86764°/114.453°, Depth: 12
2025/09/25 17:12:51.304253 [Incident:Info:toast@toast-new:Magnitude updated] Magnitude updated: 5.40 (Mw(mB))
2025/09/25 17:12:51.304298 [Simulation:Info:toast@toast-new:Simulation not generated] Magnitude 5.40 of event bmg2025sunh is smaller than triggerMinMagnitude: no automatic simulation
2025/09/25 20:20:05.556622 [Incident:Info:toast@toast-new:Origin updated] Origin updated: OT: 2025-09-25 09:04:12,  Lat/Lon: -7.86764°/114.453°, Depth: 12
2025/09/25 20:20:05.556805 [Simulation:Info:toast@toast-new:Simulation not generated] Magnitude 5.40 of event bmg2025sunh is smaller than triggerMinMagnitude: no automatic simulation
2025/09/25 20:20:06.633881 [Incident:Info:toast@toast-new:Origin updated] Origin updated: OT: 2025-09-25 09:04:12,  Lat/Lon: -7.86998°/114.452°, Depth: 12.3634
2025/09/25 20:20:06.634096 [Incident:Info:toast@toast-new:Magnitude updated] Magnitude updated: 5.08 (Mw(mB))
2025/09/25 20:20:06.634172 [Simulation:Info:toast@toast-new:Simulation not generated] Magnitude 5.08 of event bmg2025sunh is smaller than triggerMinMagnitude: no automatic simulation
2025/09/25 20:20:12.276828 [Incident:Info:toast@toast-new:Origin updated] Origin updated: OT: 2025-09-25 09:04:12,  Lat/Lon: -7.86998°/114.452°, Depth: 12.3634
2025/09/25 20:20:12.277022 [Incident:Info:toast@toast-new:Magnitude updated] Magnitude updated: 5.13 (Mw(mB))
2025/09/25 20:20:12.277068 [Simulation:Info:toast@toast-new:Simulation not generated] Magnitude 5.13 of event bmg2025sunh is smaller than triggerMinMagnitude: no automatic simulation
2025/09/26 08:13:25.322621 [Incident:Info:toast@toast-new:Origin updated] Origin updated: OT: 2025-09-25 09:04:12,  Lat/Lon: -7.86998°/114.452°, Depth: 12.3634
2025/09/26 08:13:25.322816 [Incident:Info:toast@toast-new:Magnitude updated] Magnitude updated: 5.44 (mb)
2025/09/26 08:13:25.322874 [Simulation:Info:toast@toast-new:Simulation not generated] Magnitude 5.44 of event bmg2025sunh is smaller than triggerMinMagnitude: no automatic simulation
2025/09/26 16:39:26.062845 [Incident:Info:toast@toast-new:Origin updated] Origin updated: OT: 2025-09-25 09:04:12,  Lat/Lon: -7.86998°/114.452°, Depth: 12.3634
2025/09/26 16:39:26.064955 [Incident:Info:toast@toast-new:FM updated] FM updated
2025/09/26 16:39:26.065161 [Simulation:Info:toast@toast-new:Simulation not generated] Magnitude 5.44 of event bmg2025sunh is smaller than triggerMinMagnitude: no automatic simulation
