2025/06/18 19:39:18.293098 [Incident:Info:toast@toast-new:Displacement(s) updated] Added 0 and changed 0 displacements with 0 amplitudes
2025/06/18 19:39:18.298698 [Incident:Info:toast@toast-new:Incident created] Incident created based on event received from messaging: OT: 2025-06-18 12:31:06,  Lat/Lon: 27.24°/125.64°, Depth: 10.00, Mag: 5.46 (M)
2025/06/18 19:39:18.299304 [Simulation:Info:toast@toast-new:Simulation not generated] Magnitude 5.46 of event bmg2025lvxi is smaller than triggerMinMagnitude: no automatic simulation
2025/06/18 19:39:18.319719 [Incident:Info:toast@toast-new:Origin updated] Origin updated: OT: 2025-06-18 12:31:06,  Lat/Lon: 27.2374°/125.642°, Depth: 10
2025/06/18 19:39:18.319867 [Simulation:Info:toast@toast-new:Simulation not generated] Magnitude 5.46 of event bmg2025lvxi is smaller than triggerMinMagnitude: no automatic simulation
2025/06/18 19:39:24.134613 [Incident:Info:toast@toast-new:Origin updated] Origin updated: OT: 2025-06-18 12:31:06,  Lat/Lon: 27.2374°/125.642°, Depth: 10
2025/06/18 19:39:24.134786 [Incident:Info:toast@toast-new:Magnitude updated] Magnitude updated: 5.44 (M)
2025/06/18 19:39:24.134844 [Simulation:Info:toast@toast-new:Simulation not generated] Magnitude 5.44 of event bmg2025lvxi is smaller than triggerMinMagnitude: no automatic simulation
2025/06/18 23:48:08.279027 [Incident:Info:toast@toast-new:Origin updated] Origin updated: OT: 2025-06-18 12:31:04,  Lat/Lon: 27.3519°/125.759°, Depth: 5
2025/06/18 23:48:08.279224 [Incident:Info:toast@toast-new:Magnitude updated] Magnitude updated: 5.30 (mb)
2025/06/18 23:48:08.279269 [Simulation:Info:toast@toast-new:Simulation not generated] Magnitude 5.30 of event bmg2025lvxi is smaller than triggerMinMagnitude: no automatic simulation
2025/06/18 23:48:08.300340 [Incident:Info:toast@toast-new:Origin updated] Origin updated: OT: 2025-06-18 12:31:04,  Lat/Lon: 27.3519°/125.759°, Depth: 5
2025/06/18 23:48:08.300442 [Incident:Info:toast@toast-new:Magnitude updated] Magnitude updated: 5.46 (M)
2025/06/18 23:48:08.300479 [Simulation:Info:toast@toast-new:Simulation not generated] Magnitude 5.46 of event bmg2025lvxi is smaller than triggerMinMagnitude: no automatic simulation
2025/06/18 23:48:19.130531 [Incident:Info:toast@toast-new:Origin updated] Origin updated: OT: 2025-06-18 12:31:04,  Lat/Lon: 27.3519°/125.759°, Depth: 5
2025/06/18 23:48:19.130732 [Simulation:Info:toast@toast-new:Simulation not generated] Magnitude 5.46 of event bmg2025lvxi is smaller than triggerMinMagnitude: no automatic simulation
2025/06/18 23:48:19.151186 [Incident:Info:toast@toast-new:Origin updated] Origin updated: OT: 2025-06-18 12:31:04,  Lat/Lon: 27.3519°/125.759°, Depth: 5
2025/06/18 23:48:19.151339 [Simulation:Info:toast@toast-new:Simulation not generated] Magnitude 5.46 of event bmg2025lvxi is smaller than triggerMinMagnitude: no automatic simulation
2025/06/18 23:48:26.943713 [Incident:Info:toast@toast-new:Origin updated] Origin updated: OT: 2025-06-18 12:31:04,  Lat/Lon: 27.3519°/125.759°, Depth: 5
2025/06/18 23:48:26.943930 [Incident:Info:toast@toast-new:Magnitude updated] Magnitude updated: 5.30 (mb)
2025/06/18 23:48:26.944006 [Simulation:Info:toast@toast-new:Simulation not generated] Magnitude 5.30 of event bmg2025lvxi is smaller than triggerMinMagnitude: no automatic simulation
