2025/05/18 15:05:54.023801 [Incident:Info:toast@toast-new:Displacement(s) updated] Added 0 and changed 0 displacements with 0 amplitudes
2025/05/18 15:05:54.037570 [Incident:Info:toast@toast-new:Incident created] Incident created based on event received from messaging: OT: 2025-05-18 07:54:03,  Lat/Lon: -16.97°/-171.60°, Depth: 10.00, Mag: 5.46 (M)
2025/05/18 15:05:54.038166 [Simulation:Info:toast@toast-new:Simulation not generated] Magnitude 5.46 of event bmg2025jqxo is smaller than triggerMinMagnitude: no automatic simulation
2025/05/18 15:05:54.051731 [Incident:Info:toast@toast-new:Origin updated] Origin updated: OT: 2025-05-18 07:54:03,  Lat/Lon: -16.9703°/-171.603°, Depth: 10
2025/05/18 15:05:54.051808 [Simulation:Info:toast@toast-new:Simulation not generated] Magnitude 5.46 of event bmg2025jqxo is smaller than triggerMinMagnitude: no automatic simulation
2025/05/18 15:06:03.988793 [Incident:Info:toast@toast-new:Origin updated] Origin updated: OT: 2025-05-18 07:54:04,  Lat/Lon: -16.9772°/-171.643°, Depth: 10
2025/05/18 15:06:03.988988 [Incident:Info:toast@toast-new:Magnitude updated] Magnitude updated: 5.46 (M)
2025/05/18 15:06:03.989068 [Simulation:Info:toast@toast-new:Simulation not generated] Magnitude 5.46 of event bmg2025jqxo is smaller than triggerMinMagnitude: no automatic simulation
2025/05/18 15:06:09.814763 [Incident:Info:toast@toast-new:Origin updated] Origin updated: OT: 2025-05-18 07:54:04,  Lat/Lon: -16.9772°/-171.643°, Depth: 10
2025/05/18 15:06:09.814923 [Incident:Info:toast@toast-new:Magnitude updated] Magnitude updated: 5.45 (M)
2025/05/18 15:06:09.815029 [Simulation:Info:toast@toast-new:Simulation not generated] Magnitude 5.45 of event bmg2025jqxo is smaller than triggerMinMagnitude: no automatic simulation
2025/05/18 15:06:19.800021 [Incident:Info:toast@toast-new:Origin updated] Origin updated: OT: 2025-05-18 07:54:04,  Lat/Lon: -16.9772°/-171.643°, Depth: 10
2025/05/18 15:06:19.800163 [Incident:Info:toast@toast-new:Magnitude updated] Magnitude updated: 5.47 (M)
2025/05/18 15:06:19.800259 [Simulation:Info:toast@toast-new:Simulation not generated] Magnitude 5.47 of event bmg2025jqxo is smaller than triggerMinMagnitude: no automatic simulation
2025/05/18 15:06:39.530922 [Incident:Info:toast@toast-new:Origin updated] Origin updated: OT: 2025-05-18 07:54:42,  Lat/Lon: -17.8335°/-174.326°, Depth: 165.519
2025/05/18 15:06:39.531185 [Incident:Info:toast@toast-new:Magnitude updated] Magnitude updated: 5.32 (M)
2025/05/18 15:06:39.531295 [Simulation:Info:toast@toast-new:Simulation not generated] Magnitude 5.32 of event bmg2025jqxo is smaller than triggerMinMagnitude: no automatic simulation
2025/05/18 15:06:44.798218 [Incident:Info:toast@toast-new:Origin updated] Origin updated: OT: 2025-05-18 07:54:42,  Lat/Lon: -17.8335°/-174.326°, Depth: 165.519
2025/05/18 15:06:44.798375 [Incident:Info:toast@toast-new:Magnitude updated] Magnitude updated: 5.30 (M)
2025/05/18 15:06:44.798476 [Simulation:Info:toast@toast-new:Simulation not generated] Magnitude 5.30 of event bmg2025jqxo is smaller than triggerMinMagnitude: no automatic simulation
2025/05/18 15:06:49.800432 [Incident:Info:toast@toast-new:Origin updated] Origin updated: OT: 2025-05-18 07:54:42,  Lat/Lon: -17.8335°/-174.326°, Depth: 165.519
2025/05/18 15:06:49.800561 [Incident:Info:toast@toast-new:Magnitude updated] Magnitude updated: 5.29 (M)
2025/05/18 15:06:49.800643 [Simulation:Info:toast@toast-new:Simulation not generated] Magnitude 5.29 of event bmg2025jqxo is smaller than triggerMinMagnitude: no automatic simulation
2025/05/18 15:07:13.351046 [Incident:Info:toast@toast-new:Origin updated] Origin updated: OT: 2025-05-18 07:54:42,  Lat/Lon: -17.84°/-174.33°, Depth: 164.713
2025/05/18 15:07:13.351225 [Incident:Info:toast@toast-new:Magnitude updated] Magnitude updated: 5.29 (M)
2025/05/18 15:07:13.351295 [Simulation:Info:toast@toast-new:Simulation not generated] Magnitude 5.29 of event bmg2025jqxo is smaller than triggerMinMagnitude: no automatic simulation
2025/05/18 15:07:19.799611 [Incident:Info:toast@toast-new:Origin updated] Origin updated: OT: 2025-05-18 07:54:42,  Lat/Lon: -17.84°/-174.33°, Depth: 164.713
2025/05/18 15:07:19.799790 [Incident:Info:toast@toast-new:Magnitude updated] Magnitude updated: 5.32 (M)
2025/05/18 15:07:19.799888 [Simulation:Info:toast@toast-new:Simulation not generated] Magnitude 5.32 of event bmg2025jqxo is smaller than triggerMinMagnitude: no automatic simulation
2025/05/18 15:07:49.246427 [Incident:Info:toast@toast-new:Origin updated] Origin updated: OT: 2025-05-18 07:54:42,  Lat/Lon: -17.8403°/-174.33°, Depth: 164.698
2025/05/18 15:07:49.246620 [Incident:Info:toast@toast-new:Magnitude updated] Magnitude updated: 5.32 (M)
2025/05/18 15:07:49.246699 [Simulation:Info:toast@toast-new:Simulation not generated] Magnitude 5.32 of event bmg2025jqxo is smaller than triggerMinMagnitude: no automatic simulation
2025/05/18 15:08:23.834587 [Incident:Info:toast@toast-new:Origin updated] Origin updated: OT: 2025-05-18 07:54:42,  Lat/Lon: -17.8403°/-174.33°, Depth: 164.698
2025/05/18 15:08:23.834738 [Incident:Info:toast@toast-new:Magnitude updated] Magnitude updated: 5.29 (M)
2025/05/18 15:08:23.834832 [Simulation:Info:toast@toast-new:Simulation not generated] Magnitude 5.29 of event bmg2025jqxo is smaller than triggerMinMagnitude: no automatic simulation
2025/05/18 15:08:23.853268 [Incident:Info:toast@toast-new:Origin updated] Origin updated: OT: 2025-05-18 07:54:42,  Lat/Lon: -17.8075°/-174.361°, Depth: 161.94
2025/05/18 15:08:23.853377 [Incident:Info:toast@toast-new:Magnitude updated] Magnitude updated: 5.30 (M)
2025/05/18 15:08:23.853423 [Simulation:Info:toast@toast-new:Simulation not generated] Magnitude 5.30 of event bmg2025jqxo is smaller than triggerMinMagnitude: no automatic simulation
2025/05/18 15:08:59.165507 [Incident:Info:toast@toast-new:Origin updated] Origin updated: OT: 2025-05-18 07:54:42,  Lat/Lon: -17.8128°/-174.384°, Depth: 159.143
2025/05/18 15:08:59.165701 [Incident:Info:toast@toast-new:Magnitude updated] Magnitude updated: 5.30 (M)
2025/05/18 15:08:59.165784 [Simulation:Info:toast@toast-new:Simulation not generated] Magnitude 5.30 of event bmg2025jqxo is smaller than triggerMinMagnitude: no automatic simulation
2025/05/18 15:09:39.169805 [Incident:Info:toast@toast-new:Origin updated] Origin updated: OT: 2025-05-18 07:54:42,  Lat/Lon: -17.8143°/-174.385°, Depth: 159.186
2025/05/18 15:09:39.169996 [Incident:Info:toast@toast-new:Magnitude updated] Magnitude updated: 5.30 (M)
2025/05/18 15:09:39.170075 [Simulation:Info:toast@toast-new:Simulation not generated] Magnitude 5.30 of event bmg2025jqxo is smaller than triggerMinMagnitude: no automatic simulation
2025/05/18 15:10:19.237450 [Incident:Info:toast@toast-new:Origin updated] Origin updated: OT: 2025-05-18 07:54:42,  Lat/Lon: -17.8104°/-174.382°, Depth: 159.199
2025/05/18 15:10:19.237654 [Incident:Info:toast@toast-new:Magnitude updated] Magnitude updated: 5.30 (M)
2025/05/18 15:10:19.237739 [Simulation:Info:toast@toast-new:Simulation not generated] Magnitude 5.30 of event bmg2025jqxo is smaller than triggerMinMagnitude: no automatic simulation
2025/05/18 15:10:34.433915 [Incident:Info:toast@toast-new:Origin updated] Origin updated: OT: 2025-05-18 07:54:41,  Lat/Lon: -17.8041°/-174.402°, Depth: 152.777
2025/05/18 15:10:34.434102 [Incident:Info:toast@toast-new:Magnitude updated] Magnitude updated: 5.34 (mb)
2025/05/18 15:10:34.434186 [Simulation:Info:toast@toast-new:Simulation not generated] Magnitude 5.34 of event bmg2025jqxo is smaller than triggerMinMagnitude: no automatic simulation
2025/05/18 15:10:34.487294 [Incident:Info:toast@toast-new:Origin updated] Origin updated: OT: 2025-05-18 07:54:41,  Lat/Lon: -17.8041°/-174.402°, Depth: 152.777
2025/05/18 15:10:34.487406 [Incident:Info:toast@toast-new:Magnitude updated] Magnitude updated: 5.31 (M)
2025/05/18 15:10:34.487489 [Simulation:Info:toast@toast-new:Simulation not generated] Magnitude 5.31 of event bmg2025jqxo is smaller than triggerMinMagnitude: no automatic simulation
2025/05/18 16:56:05.416660 [Incident:Info:toast@toast-new:Origin updated] Origin updated: OT: 2025-05-18 07:54:41,  Lat/Lon: -17.8041°/-174.402°, Depth: 152.777
2025/05/18 16:56:05.416802 [Incident:Info:toast@toast-new:FM updated] FM updated
2025/05/18 16:56:05.416979 [Simulation:Info:toast@toast-new:Simulation not generated] Magnitude 5.31 of event bmg2025jqxo is smaller than triggerMinMagnitude: no automatic simulation
2025/05/18 22:36:35.223441 [Incident:Info:toast@toast-new:Origin updated] Origin updated: OT: 2025-05-18 07:54:42,  Lat/Lon: -17.8425°/-174.436°, Depth: 154.591
2025/05/18 22:36:35.223640 [Incident:Info:toast@toast-new:Magnitude updated] Magnitude updated: 5.42 (mb)
2025/05/18 22:36:35.223728 [Simulation:Info:toast@toast-new:Simulation not generated] Magnitude 5.42 of event bmg2025jqxo is smaller than triggerMinMagnitude: no automatic simulation
2025/05/18 22:36:35.308655 [Incident:Info:toast@toast-new:Origin updated] Origin updated: OT: 2025-05-18 07:54:42,  Lat/Lon: -17.8425°/-174.436°, Depth: 154.591
2025/05/18 22:36:35.308797 [Incident:Info:toast@toast-new:Magnitude updated] Magnitude updated: 5.51 (M)
2025/05/18 22:36:35.308893 [Simulation:Info:toast@toast-new:Simulation not generated] Magnitude 5.51 of event bmg2025jqxo is smaller than triggerMinMagnitude: no automatic simulation
2025/05/18 22:37:00.487286 [Incident:Info:toast@toast-new:Origin updated] Origin updated: OT: 2025-05-18 07:54:42,  Lat/Lon: -17.8425°/-174.436°, Depth: 154.591
2025/05/18 22:37:00.487449 [Incident:Info:toast@toast-new:Magnitude updated] Magnitude updated: 5.42 (mb)
2025/05/18 22:37:00.487556 [Simulation:Info:toast@toast-new:Simulation not generated] Magnitude 5.42 of event bmg2025jqxo is smaller than triggerMinMagnitude: no automatic simulation
2025/05/19 00:46:49.321854 [Incident:Info:toast@toast-new:Origin updated] Origin updated: OT: 2025-05-18 07:54:42,  Lat/Lon: -17.8425°/-174.436°, Depth: 154.591
2025/05/19 00:46:49.322004 [Incident:Info:toast@toast-new:FM updated] FM updated
2025/05/19 00:46:49.322214 [Simulation:Info:toast@toast-new:Simulation not generated] Magnitude 5.42 of event bmg2025jqxo is smaller than triggerMinMagnitude: no automatic simulation
