2026/04/10 18:10:05.059507 [Incident:Info:toast@toast-new:Displacement(s) updated] Added 0 and changed 0 displacements with 0 amplitudes
2026/04/10 18:10:05.060171 [Incident:Info:toast@toast-new:Incident created] Incident created based on event received from messaging: OT: 2026-04-10 11:08:55,  Lat/Lon: -3.46°/102.32°, Depth: 90.58, Mag: 5.13 (M)
2026/04/10 18:10:05.060544 [Simulation:Info:toast@toast-new:Simulation not generated] Magnitude 5.13 of event bmg2026gzsw is smaller than triggerMinMagnitude: no automatic simulation
2026/04/10 18:10:05.076232 [Incident:Info:toast@toast-new:Origin updated] Origin updated: OT: 2026-04-10 11:08:55,  Lat/Lon: -3.45562°/102.315°, Depth: 90.5767
2026/04/10 18:10:05.076360 [Simulation:Info:toast@toast-new:Simulation not generated] Magnitude 5.13 of event bmg2026gzsw is smaller than triggerMinMagnitude: no automatic simulation
2026/04/10 18:10:10.895350 [Incident:Info:toast@toast-new:Origin updated] Origin updated: OT: 2026-04-10 11:08:55,  Lat/Lon: -3.45562°/102.315°, Depth: 90.5767
2026/04/10 18:10:10.895545 [Incident:Info:toast@toast-new:Magnitude updated] Magnitude updated: 5.14 (M)
2026/04/10 18:10:10.895594 [Simulation:Info:toast@toast-new:Simulation not generated] Magnitude 5.14 of event bmg2026gzsw is smaller than triggerMinMagnitude: no automatic simulation
2026/04/10 18:10:15.020082 [Incident:Info:toast@toast-new:Origin updated] Origin updated: OT: 2026-04-10 11:08:55,  Lat/Lon: -3.45562°/102.315°, Depth: 90.5767
2026/04/10 18:10:15.020243 [Incident:Info:toast@toast-new:Magnitude updated] Magnitude updated: 5.15 (M)
2026/04/10 18:10:15.020277 [Simulation:Info:toast@toast-new:Simulation not generated] Magnitude 5.15 of event bmg2026gzsw is smaller than triggerMinMagnitude: no automatic simulation
2026/04/10 18:10:15.039912 [Incident:Info:toast@toast-new:Origin updated] Origin updated: OT: 2026-04-10 11:08:55,  Lat/Lon: -3.45188°/102.315°, Depth: 90.4413
2026/04/10 18:10:15.040067 [Incident:Info:toast@toast-new:Magnitude updated] Magnitude updated: 5.22 (M)
2026/04/10 18:10:15.040098 [Simulation:Info:toast@toast-new:Simulation not generated] Magnitude 5.22 of event bmg2026gzsw is smaller than triggerMinMagnitude: no automatic simulation
2026/04/10 18:10:38.099727 [Incident:Info:toast@toast-new:Origin updated] Origin updated: OT: 2026-04-10 11:08:55,  Lat/Lon: -3.42351°/102.335°, Depth: 87.0599
2026/04/10 18:10:38.099950 [Incident:Info:toast@toast-new:Magnitude updated] Magnitude updated: 5.25 (MLv)
2026/04/10 18:10:38.100006 [Simulation:Info:toast@toast-new:Simulation not generated] Magnitude 5.25 of event bmg2026gzsw is smaller than triggerMinMagnitude: no automatic simulation
2026/04/10 18:10:38.166467 [Incident:Info:toast@toast-new:Origin updated] Origin updated: OT: 2026-04-10 11:08:55,  Lat/Lon: -3.42351°/102.335°, Depth: 87.0599
2026/04/10 18:10:38.166598 [Incident:Info:toast@toast-new:Magnitude updated] Magnitude updated: 5.25 (M)
2026/04/10 18:10:38.166620 [Simulation:Info:toast@toast-new:Simulation not generated] Magnitude 5.25 of event bmg2026gzsw is smaller than triggerMinMagnitude: no automatic simulation
2026/04/10 18:10:45.916637 [Incident:Info:toast@toast-new:Origin updated] Origin updated: OT: 2026-04-10 11:08:55,  Lat/Lon: -3.42351°/102.335°, Depth: 87.0599
2026/04/10 18:10:45.916833 [Incident:Info:toast@toast-new:Magnitude updated] Magnitude updated: 5.28 (M)
2026/04/10 18:10:45.916868 [Simulation:Info:toast@toast-new:Simulation not generated] Magnitude 5.28 of event bmg2026gzsw is smaller than triggerMinMagnitude: no automatic simulation
2026/04/10 18:10:56.710985 [Incident:Info:toast@toast-new:Origin updated] Origin updated: OT: 2026-04-10 11:08:55,  Lat/Lon: -3.42848°/102.328°, Depth: 88.8555
2026/04/10 18:10:56.711208 [Incident:Info:toast@toast-new:Magnitude updated] Magnitude updated: 5.29 (MLv)
2026/04/10 18:10:56.711255 [Simulation:Info:toast@toast-new:Simulation not generated] Magnitude 5.29 of event bmg2026gzsw is smaller than triggerMinMagnitude: no automatic simulation
2026/04/10 18:10:56.779399 [Incident:Info:toast@toast-new:Origin updated] Origin updated: OT: 2026-04-10 11:08:55,  Lat/Lon: -3.42848°/102.328°, Depth: 88.8555
2026/04/10 18:10:56.779540 [Incident:Info:toast@toast-new:Magnitude updated] Magnitude updated: 5.29 (M)
2026/04/10 18:10:56.779560 [Simulation:Info:toast@toast-new:Simulation not generated] Magnitude 5.29 of event bmg2026gzsw is smaller than triggerMinMagnitude: no automatic simulation
2026/04/10 18:11:00.935174 [Incident:Info:toast@toast-new:Origin updated] Origin updated: OT: 2026-04-10 11:08:55,  Lat/Lon: -3.42848°/102.328°, Depth: 88.8555
2026/04/10 18:11:00.935374 [Incident:Info:toast@toast-new:Magnitude updated] Magnitude updated: 5.29 (M)
2026/04/10 18:11:00.935408 [Simulation:Info:toast@toast-new:Simulation not generated] Magnitude 5.29 of event bmg2026gzsw is smaller than triggerMinMagnitude: no automatic simulation
2026/04/10 18:11:40.866102 [Incident:Info:toast@toast-new:Origin updated] Origin updated: OT: 2026-04-10 11:08:55,  Lat/Lon: -3.42848°/102.328°, Depth: 88.8555
2026/04/10 18:11:40.866330 [Incident:Info:toast@toast-new:FM updated] FM updated
2026/04/10 18:11:40.866622 [Simulation:Info:toast@toast-new:Simulation not generated] Magnitude 5.29 of event bmg2026gzsw is smaller than triggerMinMagnitude: no automatic simulation
2026/04/10 18:12:02.724036 [Incident:Info:toast@toast-new:Origin updated] Origin updated: OT: 2026-04-10 11:08:54,  Lat/Lon: -3.45638°/102.306°, Depth: 104.507
2026/04/10 18:12:02.724273 [Incident:Info:toast@toast-new:Magnitude updated] Magnitude updated: 5.46 (MLv)
2026/04/10 18:12:02.724340 [Simulation:Info:toast@toast-new:Simulation not generated] Magnitude 5.46 of event bmg2026gzsw is smaller than triggerMinMagnitude: no automatic simulation
2026/04/10 18:12:02.835666 [Incident:Info:toast@toast-new:Origin updated] Origin updated: OT: 2026-04-10 11:08:54,  Lat/Lon: -3.45638°/102.306°, Depth: 104.507
2026/04/10 18:12:02.835816 [Incident:Info:toast@toast-new:Magnitude updated] Magnitude updated: 5.24 (M)
2026/04/10 18:12:02.835874 [Simulation:Info:toast@toast-new:Simulation not generated] Magnitude 5.24 of event bmg2026gzsw is smaller than triggerMinMagnitude: no automatic simulation
2026/04/10 18:12:06.099930 [Incident:Info:toast@toast-new:Origin updated] Origin updated: OT: 2026-04-10 11:08:54,  Lat/Lon: -3.45638°/102.306°, Depth: 104.507
2026/04/10 18:12:06.100109 [Incident:Info:toast@toast-new:Magnitude updated] Magnitude updated: 5.24 (M)
2026/04/10 18:12:06.100152 [Simulation:Info:toast@toast-new:Simulation not generated] Magnitude 5.24 of event bmg2026gzsw is smaller than triggerMinMagnitude: no automatic simulation
2026/04/10 18:12:10.971428 [Incident:Info:toast@toast-new:Origin updated] Origin updated: OT: 2026-04-10 11:08:54,  Lat/Lon: -3.45638°/102.306°, Depth: 104.507
2026/04/10 18:12:10.971628 [Incident:Info:toast@toast-new:Magnitude updated] Magnitude updated: 5.23 (M)
2026/04/10 18:12:10.971676 [Simulation:Info:toast@toast-new:Simulation not generated] Magnitude 5.23 of event bmg2026gzsw is smaller than triggerMinMagnitude: no automatic simulation
2026/04/10 18:12:20.987380 [Incident:Info:toast@toast-new:Origin updated] Origin updated: OT: 2026-04-10 11:08:54,  Lat/Lon: -3.45638°/102.306°, Depth: 104.507
2026/04/10 18:12:20.987572 [Incident:Info:toast@toast-new:Magnitude updated] Magnitude updated: 5.23 (M)
2026/04/10 18:12:20.987615 [Simulation:Info:toast@toast-new:Simulation not generated] Magnitude 5.23 of event bmg2026gzsw is smaller than triggerMinMagnitude: no automatic simulation
2026/04/10 18:12:41.113021 [Incident:Info:toast@toast-new:Origin updated] Origin updated: OT: 2026-04-10 11:08:54,  Lat/Lon: -3.45638°/102.306°, Depth: 104.507
2026/04/10 18:12:41.113220 [Incident:Info:toast@toast-new:Magnitude updated] Magnitude updated: 5.23 (M)
2026/04/10 18:12:41.113264 [Simulation:Info:toast@toast-new:Simulation not generated] Magnitude 5.23 of event bmg2026gzsw is smaller than triggerMinMagnitude: no automatic simulation
2026/04/10 18:12:51.120609 [Incident:Info:toast@toast-new:Origin updated] Origin updated: OT: 2026-04-10 11:08:54,  Lat/Lon: -3.45638°/102.306°, Depth: 104.507
2026/04/10 18:12:51.120830 [Incident:Info:toast@toast-new:Magnitude updated] Magnitude updated: 5.23 (M)
2026/04/10 18:12:51.120885 [Simulation:Info:toast@toast-new:Simulation not generated] Magnitude 5.23 of event bmg2026gzsw is smaller than triggerMinMagnitude: no automatic simulation
2026/04/10 18:13:10.028514 [Incident:Info:toast@toast-new:Origin updated] Origin updated: OT: 2026-04-10 11:08:54,  Lat/Lon: -3.46068°/102.304°, Depth: 101.247
2026/04/10 18:13:10.028746 [Incident:Info:toast@toast-new:Magnitude updated] Magnitude updated: 5.47 (MLv)
2026/04/10 18:13:10.028809 [Simulation:Info:toast@toast-new:Simulation not generated] Magnitude 5.47 of event bmg2026gzsw is smaller than triggerMinMagnitude: no automatic simulation
2026/04/10 18:13:10.090062 [Incident:Info:toast@toast-new:Origin updated] Origin updated: OT: 2026-04-10 11:08:54,  Lat/Lon: -3.46068°/102.304°, Depth: 101.247
2026/04/10 18:13:10.090176 [Incident:Info:toast@toast-new:Magnitude updated] Magnitude updated: 5.23 (M)
2026/04/10 18:13:10.090213 [Simulation:Info:toast@toast-new:Simulation not generated] Magnitude 5.23 of event bmg2026gzsw is smaller than triggerMinMagnitude: no automatic simulation
2026/04/10 18:13:10.707147 [Incident:Info:toast@toast-new:Origin updated] Origin updated: OT: 2026-04-10 11:08:54,  Lat/Lon: -3.46068°/102.304°, Depth: 101.247
2026/04/10 18:13:10.707346 [Incident:Info:toast@toast-new:FM updated] FM updated
2026/04/10 18:13:10.707586 [Simulation:Info:toast@toast-new:Simulation not generated] Magnitude 5.23 of event bmg2026gzsw is smaller than triggerMinMagnitude: no automatic simulation
2026/04/10 18:13:21.024100 [Incident:Info:toast@toast-new:Origin updated] Origin updated: OT: 2026-04-10 11:08:54,  Lat/Lon: -3.46068°/102.304°, Depth: 101.247
2026/04/10 18:13:21.024323 [Incident:Info:toast@toast-new:Magnitude updated] Magnitude updated: 5.23 (M)
2026/04/10 18:13:21.024378 [Simulation:Info:toast@toast-new:Simulation not generated] Magnitude 5.23 of event bmg2026gzsw is smaller than triggerMinMagnitude: no automatic simulation
2026/04/10 18:13:30.073396 [Incident:Info:toast@toast-new:Origin updated] Origin updated: OT: 2026-04-10 11:08:54,  Lat/Lon: -3.47069°/102.302°, Depth: 100.845
2026/04/10 18:13:30.073581 [Incident:Info:toast@toast-new:Magnitude updated] Magnitude updated: 5.32 (Mw(mB))
2026/04/10 18:13:30.073644 [Simulation:Info:toast@toast-new:Simulation not generated] Magnitude 5.32 of event bmg2026gzsw is smaller than triggerMinMagnitude: no automatic simulation
2026/04/10 18:14:12.304435 [Incident:Info:toast@toast-new:Origin updated] Origin updated: OT: 2026-04-10 11:08:53,  Lat/Lon: -3.50847°/102.241°, Depth: 103.999
2026/04/10 18:14:12.304600 [Incident:Info:toast@toast-new:Magnitude updated] Magnitude updated: 5.18 (Mw(mB))
2026/04/10 18:14:12.304633 [Simulation:Info:toast@toast-new:Simulation not generated] Magnitude 5.18 of event bmg2026gzsw is smaller than triggerMinMagnitude: no automatic simulation
2026/04/10 18:14:12.461692 [Incident:Info:toast@toast-new:Origin updated] Origin updated: OT: 2026-04-10 11:08:53,  Lat/Lon: -3.50847°/102.241°, Depth: 103.999
2026/04/10 18:14:12.461909 [Incident:Info:toast@toast-new:Magnitude updated] Magnitude updated: 5.15 (Mw(mB))
2026/04/10 18:14:12.461964 [Simulation:Info:toast@toast-new:Simulation not generated] Magnitude 5.15 of event bmg2026gzsw is smaller than triggerMinMagnitude: no automatic simulation
2026/04/10 18:14:15.982225 [Incident:Info:toast@toast-new:Origin updated] Origin updated: OT: 2026-04-10 11:08:53,  Lat/Lon: -3.50847°/102.241°, Depth: 103.999
2026/04/10 18:14:15.982415 [Incident:Info:toast@toast-new:Magnitude updated] Magnitude updated: 5.14 (Mw(mB))
2026/04/10 18:14:15.982473 [Simulation:Info:toast@toast-new:Simulation not generated] Magnitude 5.14 of event bmg2026gzsw is smaller than triggerMinMagnitude: no automatic simulation
2026/04/10 18:14:20.941221 [Incident:Info:toast@toast-new:Origin updated] Origin updated: OT: 2026-04-10 11:08:53,  Lat/Lon: -3.50847°/102.241°, Depth: 103.999
2026/04/10 18:14:20.941420 [Incident:Info:toast@toast-new:Magnitude updated] Magnitude updated: 5.13 (Mw(mB))
2026/04/10 18:14:20.941476 [Simulation:Info:toast@toast-new:Simulation not generated] Magnitude 5.13 of event bmg2026gzsw is smaller than triggerMinMagnitude: no automatic simulation
2026/04/10 18:14:59.056053 [Incident:Info:toast@toast-new:Origin updated] Origin updated: OT: 2026-04-10 11:08:53,  Lat/Lon: -3.51169°/102.231°, Depth: 105.587
2026/04/10 18:14:59.056222 [Incident:Info:toast@toast-new:Magnitude updated] Magnitude updated: 5.11 (Mw(mB))
2026/04/10 18:14:59.056252 [Simulation:Info:toast@toast-new:Simulation not generated] Magnitude 5.11 of event bmg2026gzsw is smaller than triggerMinMagnitude: no automatic simulation
2026/04/10 18:15:05.947060 [Incident:Info:toast@toast-new:Origin updated] Origin updated: OT: 2026-04-10 11:08:53,  Lat/Lon: -3.51169°/102.231°, Depth: 105.587
2026/04/10 18:15:05.947240 [Incident:Info:toast@toast-new:Magnitude updated] Magnitude updated: 5.11 (Mw(mB))
2026/04/10 18:15:05.947283 [Simulation:Info:toast@toast-new:Simulation not generated] Magnitude 5.11 of event bmg2026gzsw is smaller than triggerMinMagnitude: no automatic simulation
2026/04/10 18:15:11.001258 [Incident:Info:toast@toast-new:Origin updated] Origin updated: OT: 2026-04-10 11:08:53,  Lat/Lon: -3.51169°/102.231°, Depth: 105.587
2026/04/10 18:15:11.001403 [Incident:Info:toast@toast-new:Magnitude updated] Magnitude updated: 5.10 (Mw(mB))
2026/04/10 18:15:11.001433 [Simulation:Info:toast@toast-new:Simulation not generated] Magnitude 5.10 of event bmg2026gzsw is smaller than triggerMinMagnitude: no automatic simulation
2026/04/10 18:17:40.064138 [Incident:Info:toast@toast-new:Origin updated] Origin updated: OT: 2026-04-10 11:08:53,  Lat/Lon: -3.51169°/102.231°, Depth: 105.587
2026/04/10 18:17:40.064315 [Incident:Info:toast@toast-new:FM updated] FM updated
2026/04/10 18:17:40.064583 [Simulation:Info:toast@toast-new:Simulation not generated] Magnitude 5.10 of event bmg2026gzsw is smaller than triggerMinMagnitude: no automatic simulation
2026/04/10 18:46:36.524868 [Simulation:Info:toast@toast-new:Simulation(s) triggered] Automatic simulation(s) triggered manually
2026/04/10 18:46:36.525620 [Simulation:Info:toast@toast-new:Simulation(s) started] Starting simulation(s) with nodal plane 1, Lat/Lon: -3.51°/ 102.23° (MT), Depth: 105.59km (MT), Mag: 5.10 (MT)
2026/04/10 18:46:36.528601 [Simulation:Info:toast@toast-new:Simulation running] TsunAWI: Looking for matching scenarios
2026/04/10 18:46:36.529366 [Simulation:Info:toast@toast-new:Simulation(s) started] Starting simulation(s) with nodal plane 2, Lat/Lon: -3.51°/ 102.23° (MT), Depth: 105.59km (MT), Mag: 5.10 (MT)
2026/04/10 18:46:36.532346 [Simulation:Info:toast@toast-new:Simulation running] TsunAWI: Looking for matching scenarios
2026/04/10 18:46:36.533041 [Simulation:Info:toast@toast-new:Simulation finished] TsunAWI: No matching scenarios
2026/04/10 18:46:36.533130 [Simulation:Info:toast@toast-new:Simulation(s) started] Starting simulation(s) with fault plane, Lat/Lon: -3.51°/ 102.23° (MT), Depth: 105.59km (MT), Mag: 5.10 (MT)
2026/04/10 18:46:36.535730 [Simulation:Info:toast@toast-new:Simulation running] TsunAWI: Looking for matching scenarios
2026/04/10 18:46:36.536334 [Simulation:Info:toast@toast-new:Simulation finished] TsunAWI: No matching scenarios
2026/04/10 18:46:36.536411 [Simulation:Info:toast@toast-new:No simulation returned] TsunAWI simulation backend returned no simulation.
2026/04/10 18:46:36.539399 [Simulation:Info:toast@toast-new:Simulation finished] TsunAWI: No matching scenarios
2026/04/10 18:46:36.590067 [Simulation:Info:toast@toast-new:No simulation returned] TsunAWI simulation backend returned no simulation.
2026/04/10 18:46:36.590409 [Simulation:Info:toast@toast-new:No simulation returned] TsunAWI simulation backend returned no simulation.
2026/04/10 18:46:36.634595 [Simulation:Info:toast@toast-new:Simulation tracked] Tracking progress of EasyWave2 simulation 51002004S102104E829da11bf813d9916322769afc5c800f3d007486
2026/04/10 18:46:36.640353 [Simulation:Info:toast@toast-new:Simulation tracked] Tracking progress of EasyWave2 simulation 51002004S102104E946f2f580e3fd565011d4cb77db4ee6e4202c1a5
2026/04/10 18:46:36.646687 [Simulation:Info:toast@toast-new:Simulation tracked] Tracking progress of EasyWave2 simulation 51002004S102104E6a5c670e77bef2029e3ed39ea991eeaa6401ce98
2026/04/10 18:46:36.651414 [Simulation:Info:toast@toast-new:Simulation tracked] Tracking progress of EasyWave2 simulation 51002004S102104E38dcc80b932ef9522e92865ee8b3e27904254a28
2026/04/10 18:46:36.657487 [Simulation:Info:toast@toast-new:Simulation tracked] Tracking progress of EasyWave2 simulation 51002004S102104E00dc66604fae0da5514edcf4c7685e86d484af3e
2026/04/10 18:46:36.662074 [Simulation:Info:toast@toast-new:Simulation tracked] Tracking progress of EasyWave2 simulation 51002004S102104E028f563d956d0956f7bffe0a20542c34789b40ea
2026/04/10 18:46:38.729837 [Simulation:Error:toast@toast-new:Simulation failed] Failed to calculate EasyWave2 simulation 51002004S102104E829da11bf813d9916322769afc5c800f3d007486: Zero initial displacement
2026/04/10 18:46:39.731076 [Simulation:Error:toast@toast-new:Simulation failed] Failed to calculate EasyWave2 simulation 51002004S102104E946f2f580e3fd565011d4cb77db4ee6e4202c1a5: Zero initial displacement
2026/04/10 18:46:40.727273 [Simulation:Error:toast@toast-new:Simulation failed] Failed to calculate EasyWave2 simulation 51002004S102104E6a5c670e77bef2029e3ed39ea991eeaa6401ce98: Zero initial displacement
2026/04/10 18:46:41.723680 [Simulation:Error:toast@toast-new:Simulation failed] Failed to calculate EasyWave2 simulation 51002004S102104E38dcc80b932ef9522e92865ee8b3e27904254a28: Zero initial displacement
2026/04/10 18:46:42.708176 [Simulation:Error:toast@toast-new:Simulation failed] Failed to calculate EasyWave2 simulation 51002004S102104E00dc66604fae0da5514edcf4c7685e86d484af3e: Zero initial displacement
2026/04/10 18:46:43.710479 [Simulation:Error:toast@toast-new:Simulation failed] Failed to calculate EasyWave2 simulation 51002004S102104E028f563d956d0956f7bffe0a20542c34789b40ea: Zero initial displacement
