2024/09/05 22:39:39.850095 [Incident:Info:toast@toast-new:Displacement(s) updated] Added 0 and changed 0 displacements with 0 amplitudes
2024/09/05 22:39:39.850783 [Incident:Info:toast@toast-new:Incident created] Incident created based on event received from messaging: OT: 2024-09-05 15:28:55,  Lat/Lon: -32.92°/-178.99°, Depth: 10.00, Mag: 5.56 (M)
2024/09/05 22:39:39.851389 [Simulation:Info:toast@toast-new:Simulation not generated] Magnitude 5.56 of event bmg2024rmhk is smaller than triggerMinMagnitude: no automatic simulation
2024/09/05 22:39:39.889162 [Incident:Info:toast@toast-new:Origin updated] Origin updated: OT: 2024-09-05 15:28:55,  Lat/Lon: -32.9155°/-178.991°, Depth: 10
2024/09/05 22:39:39.889389 [Simulation:Info:toast@toast-new:Simulation not generated] Magnitude 5.56 of event bmg2024rmhk is smaller than triggerMinMagnitude: no automatic simulation
2024/09/05 22:39:52.095727 [Incident:Info:toast@toast-new:Origin updated] Origin updated: OT: 2024-09-05 15:28:55,  Lat/Lon: -32.9398°/-179.057°, Depth: 10
2024/09/05 22:39:52.095930 [Incident:Info:toast@toast-new:Magnitude updated] Magnitude updated: 5.60 (M)
2024/09/05 22:39:52.095970 [Simulation:Info:toast@toast-new:Simulation not generated] Magnitude 5.60 of event bmg2024rmhk is smaller than triggerMinMagnitude: no automatic simulation
2024/09/05 22:40:12.110888 [Incident:Info:toast@toast-new:Origin updated] Origin updated: OT: 2024-09-05 15:28:55,  Lat/Lon: -32.9482°/-179.077°, Depth: 10
2024/09/05 22:40:12.111116 [Incident:Info:toast@toast-new:Magnitude updated] Magnitude updated: 5.60 (M)
2024/09/05 22:40:12.111169 [Simulation:Info:toast@toast-new:Simulation not generated] Magnitude 5.60 of event bmg2024rmhk is smaller than triggerMinMagnitude: no automatic simulation
2024/09/05 22:40:28.175452 [Incident:Info:toast@toast-new:Origin updated] Origin updated: OT: 2024-09-05 15:28:55,  Lat/Lon: -32.9482°/-179.077°, Depth: 10
2024/09/05 22:40:28.175706 [Incident:Info:toast@toast-new:Magnitude updated] Magnitude updated: 5.59 (M)
2024/09/05 22:40:28.175779 [Simulation:Info:toast@toast-new:Simulation not generated] Magnitude 5.59 of event bmg2024rmhk is smaller than triggerMinMagnitude: no automatic simulation
2024/09/05 22:40:47.737270 [Incident:Info:toast@toast-new:Origin updated] Origin updated: OT: 2024-09-05 15:28:54,  Lat/Lon: -32.9441°/-179.059°, Depth: 10
2024/09/05 22:40:47.737484 [Incident:Info:toast@toast-new:Magnitude updated] Magnitude updated: 5.59 (M)
2024/09/05 22:40:47.737530 [Simulation:Info:toast@toast-new:Simulation not generated] Magnitude 5.59 of event bmg2024rmhk is smaller than triggerMinMagnitude: no automatic simulation
2024/09/05 22:41:07.119233 [Incident:Info:toast@toast-new:Origin updated] Origin updated: OT: 2024-09-05 15:28:54,  Lat/Lon: -32.9441°/-179.059°, Depth: 10
2024/09/05 22:41:07.119407 [Incident:Info:toast@toast-new:Magnitude updated] Magnitude updated: 5.58 (M)
2024/09/05 22:41:07.119439 [Simulation:Info:toast@toast-new:Simulation not generated] Magnitude 5.58 of event bmg2024rmhk is smaller than triggerMinMagnitude: no automatic simulation
2024/09/05 22:41:27.126203 [Incident:Info:toast@toast-new:Origin updated] Origin updated: OT: 2024-09-05 15:28:54,  Lat/Lon: -32.9427°/-179.065°, Depth: 10
2024/09/05 22:41:27.126366 [Incident:Info:toast@toast-new:Magnitude updated] Magnitude updated: 5.57 (M)
2024/09/05 22:41:27.126401 [Simulation:Info:toast@toast-new:Simulation not generated] Magnitude 5.57 of event bmg2024rmhk is smaller than triggerMinMagnitude: no automatic simulation
2024/09/05 22:49:32.042070 [Incident:Info:toast@toast-new:Origin updated] Origin updated: OT: 2024-09-05 15:28:54,  Lat/Lon: -32.9412°/-179.06°, Depth: 10
2024/09/05 22:49:32.042347 [Incident:Info:toast@toast-new:Magnitude updated] Magnitude updated: 5.57 (M)
2024/09/05 22:49:32.042414 [Simulation:Info:toast@toast-new:Simulation not generated] Magnitude 5.57 of event bmg2024rmhk is smaller than triggerMinMagnitude: no automatic simulation
2024/09/05 23:20:37.781264 [Incident:Info:toast@toast-new:Origin updated] Origin updated: OT: 2024-09-05 15:28:54,  Lat/Lon: -32.9412°/-179.06°, Depth: 10
2024/09/05 23:20:37.781474 [Incident:Info:toast@toast-new:Magnitude updated] Magnitude updated: 5.57 (M)
2024/09/05 23:20:37.781512 [Simulation:Info:toast@toast-new:Simulation not generated] Magnitude 5.57 of event bmg2024rmhk is smaller than triggerMinMagnitude: no automatic simulation
2024/09/06 00:05:56.035776 [Incident:Info:toast@toast-new:Origin updated] Origin updated: OT: 2024-09-05 15:29:03,  Lat/Lon: -32.7688°/-178.795°, Depth: 94.2139
2024/09/06 00:05:56.036006 [Incident:Info:toast@toast-new:Magnitude updated] Magnitude updated: 5.31 (mb)
2024/09/06 00:05:56.036061 [Simulation:Info:toast@toast-new:Simulation not generated] Magnitude 5.31 of event bmg2024rmhk is smaller than triggerMinMagnitude: no automatic simulation
2024/09/06 00:05:56.059195 [Incident:Info:toast@toast-new:Origin updated] Origin updated: OT: 2024-09-05 15:29:03,  Lat/Lon: -32.7688°/-178.795°, Depth: 94.2139
2024/09/06 00:05:56.059301 [Incident:Info:toast@toast-new:Magnitude updated] Magnitude updated: 5.44 (M)
2024/09/06 00:05:56.059339 [Simulation:Info:toast@toast-new:Simulation not generated] Magnitude 5.44 of event bmg2024rmhk is smaller than triggerMinMagnitude: no automatic simulation
2024/09/06 06:35:31.237083 [Incident:Info:toast@toast-new:Origin updated] Origin updated: OT: 2024-09-05 15:29:05,  Lat/Lon: -32.702°/-178.7°, Depth: 117.914
2024/09/06 06:35:31.237339 [Incident:Info:toast@toast-new:Magnitude updated] Magnitude updated: 5.27 (mb)
2024/09/06 06:35:31.237394 [Simulation:Info:toast@toast-new:Simulation not generated] Magnitude 5.27 of event bmg2024rmhk is smaller than triggerMinMagnitude: no automatic simulation
2024/09/06 06:35:31.265444 [Incident:Info:toast@toast-new:Origin updated] Origin updated: OT: 2024-09-05 15:29:05,  Lat/Lon: -32.702°/-178.7°, Depth: 117.914
2024/09/06 06:35:31.265607 [Incident:Info:toast@toast-new:Magnitude updated] Magnitude updated: 5.38 (M)
2024/09/06 06:35:31.265673 [Simulation:Info:toast@toast-new:Simulation not generated] Magnitude 5.38 of event bmg2024rmhk is smaller than triggerMinMagnitude: no automatic simulation
2024/09/06 06:36:05.682530 [Incident:Info:toast@toast-new:Origin updated] Origin updated: OT: 2024-09-05 15:29:05,  Lat/Lon: -32.7081°/-178.715°, Depth: 115.834
2024/09/06 06:36:05.682764 [Incident:Info:toast@toast-new:Magnitude updated] Magnitude updated: 5.27 (mb)
2024/09/06 06:36:05.682813 [Simulation:Info:toast@toast-new:Simulation not generated] Magnitude 5.27 of event bmg2024rmhk is smaller than triggerMinMagnitude: no automatic simulation
2024/09/06 06:36:05.702650 [Incident:Info:toast@toast-new:Origin updated] Origin updated: OT: 2024-09-05 15:29:05,  Lat/Lon: -32.7081°/-178.715°, Depth: 115.834
2024/09/06 06:36:05.702783 [Incident:Info:toast@toast-new:Magnitude updated] Magnitude updated: 5.39 (M)
2024/09/06 06:36:05.702831 [Simulation:Info:toast@toast-new:Simulation not generated] Magnitude 5.39 of event bmg2024rmhk is smaller than triggerMinMagnitude: no automatic simulation
2024/09/06 06:36:14.063971 [Incident:Info:toast@toast-new:Origin updated] Origin updated: OT: 2024-09-05 15:29:05,  Lat/Lon: -32.7081°/-178.715°, Depth: 115.834
2024/09/06 06:36:14.064165 [Incident:Info:toast@toast-new:Magnitude updated] Magnitude updated: 5.27 (mb)
2024/09/06 06:36:14.064227 [Simulation:Info:toast@toast-new:Simulation not generated] Magnitude 5.27 of event bmg2024rmhk is smaller than triggerMinMagnitude: no automatic simulation
2024/09/07 11:24:36.529799 [Incident:Info:toast@toast-new:Origin updated] Origin updated: OT: 2024-09-05 15:29:05,  Lat/Lon: -32.7084°/-178.716°, Depth: 115.694
2024/09/07 11:24:36.565693 [Incident:Info:toast@toast-new:Magnitude updated] Magnitude updated: 5.27 (mb)
2024/09/07 11:24:36.565775 [Simulation:Info:toast@toast-new:Simulation not generated] Magnitude 5.27 of event bmg2024rmhk is smaller than triggerMinMagnitude: no automatic simulation
2024/09/07 11:24:36.589737 [Incident:Info:toast@toast-new:Origin updated] Origin updated: OT: 2024-09-05 15:29:05,  Lat/Lon: -32.7084°/-178.716°, Depth: 115.694
2024/09/07 11:24:36.589851 [Simulation:Info:toast@toast-new:Simulation not generated] Magnitude 5.27 of event bmg2024rmhk is smaller than triggerMinMagnitude: no automatic simulation
