2025/06/13 09:30:00.578022 [Incident:Info:toast@toast-new:Displacement(s) updated] Added 0 and changed 0 displacements with 0 amplitudes
2025/06/13 09:30:00.614804 [Incident:Info:toast@toast-new:Incident created] Incident created based on event received from messaging: OT: 2025-06-13 02:28:03,  Lat/Lon: -11.07°/119.28°, Depth: 10.00, Mag: 5.13 (M)
2025/06/13 09:30:00.615135 [Simulation:Info:toast@toast-new:Simulation not generated] Magnitude 5.13 of event bmg2025llzx is smaller than triggerMinMagnitude: no automatic simulation
2025/06/13 09:30:00.624409 [Incident:Info:toast@toast-new:Origin updated] Origin updated: OT: 2025-06-13 02:28:03,  Lat/Lon: -11.0738°/119.281°, Depth: 10
2025/06/13 09:30:00.624498 [Simulation:Info:toast@toast-new:Simulation not generated] Magnitude 5.13 of event bmg2025llzx is smaller than triggerMinMagnitude: no automatic simulation
2025/06/13 09:30:04.227980 [Incident:Info:toast@toast-new:Origin updated] Origin updated: OT: 2025-06-13 02:28:03,  Lat/Lon: -11.0738°/119.281°, Depth: 10
2025/06/13 09:30:04.228156 [Incident:Info:toast@toast-new:Magnitude updated] Magnitude updated: 5.14 (M)
2025/06/13 09:30:04.228199 [Simulation:Info:toast@toast-new:Simulation not generated] Magnitude 5.14 of event bmg2025llzx is smaller than triggerMinMagnitude: no automatic simulation
2025/06/13 09:30:09.209221 [Incident:Info:toast@toast-new:Origin updated] Origin updated: OT: 2025-06-13 02:28:03,  Lat/Lon: -11.0738°/119.281°, Depth: 10
2025/06/13 09:30:09.209421 [Incident:Info:toast@toast-new:Magnitude updated] Magnitude updated: 5.16 (M)
2025/06/13 09:30:09.209486 [Simulation:Info:toast@toast-new:Simulation not generated] Magnitude 5.16 of event bmg2025llzx is smaller than triggerMinMagnitude: no automatic simulation
2025/06/13 09:30:14.196152 [Incident:Info:toast@toast-new:Origin updated] Origin updated: OT: 2025-06-13 02:28:03,  Lat/Lon: -11.0738°/119.281°, Depth: 10
2025/06/13 09:30:14.196338 [Incident:Info:toast@toast-new:Magnitude updated] Magnitude updated: 5.16 (M)
2025/06/13 09:30:14.196382 [Simulation:Info:toast@toast-new:Simulation not generated] Magnitude 5.16 of event bmg2025llzx is smaller than triggerMinMagnitude: no automatic simulation
2025/06/13 09:30:16.274053 [Incident:Info:toast@toast-new:Origin updated] Origin updated: OT: 2025-06-13 02:28:02,  Lat/Lon: -11.1499°/119.261°, Depth: 10
2025/06/13 09:30:16.274246 [Incident:Info:toast@toast-new:Magnitude updated] Magnitude updated: 5.20 (M)
2025/06/13 09:30:16.274276 [Simulation:Info:toast@toast-new:Simulation not generated] Magnitude 5.20 of event bmg2025llzx is smaller than triggerMinMagnitude: no automatic simulation
2025/06/13 09:30:19.243501 [Incident:Info:toast@toast-new:Origin updated] Origin updated: OT: 2025-06-13 02:28:02,  Lat/Lon: -11.1499°/119.261°, Depth: 10
2025/06/13 09:30:19.243726 [Incident:Info:toast@toast-new:Magnitude updated] Magnitude updated: 5.21 (M)
2025/06/13 09:30:19.243784 [Simulation:Info:toast@toast-new:Simulation not generated] Magnitude 5.21 of event bmg2025llzx is smaller than triggerMinMagnitude: no automatic simulation
2025/06/13 09:30:24.275130 [Incident:Info:toast@toast-new:Origin updated] Origin updated: OT: 2025-06-13 02:28:02,  Lat/Lon: -11.1499°/119.261°, Depth: 10
2025/06/13 09:30:24.275345 [Incident:Info:toast@toast-new:Magnitude updated] Magnitude updated: 5.21 (M)
2025/06/13 09:30:24.275392 [Simulation:Info:toast@toast-new:Simulation not generated] Magnitude 5.21 of event bmg2025llzx is smaller than triggerMinMagnitude: no automatic simulation
2025/06/13 09:30:29.231808 [Incident:Info:toast@toast-new:Origin updated] Origin updated: OT: 2025-06-13 02:28:02,  Lat/Lon: -11.1499°/119.261°, Depth: 10
2025/06/13 09:30:29.231974 [Incident:Info:toast@toast-new:Magnitude updated] Magnitude updated: 5.25 (M)
2025/06/13 09:30:29.232005 [Simulation:Info:toast@toast-new:Simulation not generated] Magnitude 5.25 of event bmg2025llzx is smaller than triggerMinMagnitude: no automatic simulation
2025/06/13 09:30:34.168960 [Incident:Info:toast@toast-new:Origin updated] Origin updated: OT: 2025-06-13 02:28:02,  Lat/Lon: -11.1499°/119.261°, Depth: 10
2025/06/13 09:30:34.169169 [Incident:Info:toast@toast-new:Magnitude updated] Magnitude updated: 5.26 (M)
2025/06/13 09:30:34.169224 [Simulation:Info:toast@toast-new:Simulation not generated] Magnitude 5.26 of event bmg2025llzx is smaller than triggerMinMagnitude: no automatic simulation
2025/06/13 09:30:34.401927 [Incident:Info:toast@toast-new:Origin updated] Origin updated: OT: 2025-06-13 02:28:06,  Lat/Lon: -10.9425°/119.325°, Depth: 58.9561
2025/06/13 09:30:34.402172 [Incident:Info:toast@toast-new:Magnitude updated] Magnitude updated: 5.00 (MLv)
2025/06/13 09:30:34.402234 [Simulation:Info:toast@toast-new:Simulation not generated] Magnitude 5.00 of event bmg2025llzx is smaller than triggerMinMagnitude: no automatic simulation
2025/06/13 09:30:34.421032 [Incident:Info:toast@toast-new:Origin updated] Origin updated: OT: 2025-06-13 02:28:06,  Lat/Lon: -10.9425°/119.325°, Depth: 58.9561
2025/06/13 09:30:34.421160 [Incident:Info:toast@toast-new:Magnitude updated] Magnitude updated: 5.18 (M)
2025/06/13 09:30:34.421211 [Simulation:Info:toast@toast-new:Simulation not generated] Magnitude 5.18 of event bmg2025llzx is smaller than triggerMinMagnitude: no automatic simulation
2025/06/13 09:30:37.526151 [Incident:Info:toast@toast-new:Origin updated] Origin updated: OT: 2025-06-13 02:28:06,  Lat/Lon: -10.9425°/119.325°, Depth: 58.9561
2025/06/13 09:30:37.526319 [Incident:Info:toast@toast-new:Magnitude updated] Magnitude updated: 5.18 (M)
2025/06/13 09:30:37.526363 [Simulation:Info:toast@toast-new:Simulation not generated] Magnitude 5.18 of event bmg2025llzx is smaller than triggerMinMagnitude: no automatic simulation
2025/06/13 09:30:49.346001 [Incident:Info:toast@toast-new:Origin updated] Origin updated: OT: 2025-06-13 02:28:06,  Lat/Lon: -10.9425°/119.325°, Depth: 58.9561
2025/06/13 09:30:49.346186 [Incident:Info:toast@toast-new:Magnitude updated] Magnitude updated: 5.18 (M)
2025/06/13 09:30:49.346230 [Simulation:Info:toast@toast-new:Simulation not generated] Magnitude 5.18 of event bmg2025llzx is smaller than triggerMinMagnitude: no automatic simulation
2025/06/13 09:31:02.950419 [Incident:Info:toast@toast-new:Origin updated] Origin updated: OT: 2025-06-13 02:28:06,  Lat/Lon: -10.9425°/119.325°, Depth: 58.9561
2025/06/13 09:31:02.950571 [Incident:Info:toast@toast-new:Magnitude updated] Magnitude updated: 5.18 (M)
2025/06/13 09:31:02.950601 [Simulation:Info:toast@toast-new:Simulation not generated] Magnitude 5.18 of event bmg2025llzx is smaller than triggerMinMagnitude: no automatic simulation
2025/06/13 09:31:09.336657 [Incident:Info:toast@toast-new:Origin updated] Origin updated: OT: 2025-06-13 02:28:06,  Lat/Lon: -10.9425°/119.325°, Depth: 58.9561
2025/06/13 09:31:09.336851 [Incident:Info:toast@toast-new:Magnitude updated] Magnitude updated: 5.18 (M)
2025/06/13 09:31:09.336895 [Simulation:Info:toast@toast-new:Simulation not generated] Magnitude 5.18 of event bmg2025llzx is smaller than triggerMinMagnitude: no automatic simulation
2025/06/13 09:31:14.311572 [Incident:Info:toast@toast-new:Origin updated] Origin updated: OT: 2025-06-13 02:28:06,  Lat/Lon: -10.9425°/119.325°, Depth: 58.9561
2025/06/13 09:31:14.311754 [Incident:Info:toast@toast-new:Magnitude updated] Magnitude updated: 5.19 (M)
2025/06/13 09:31:14.311797 [Simulation:Info:toast@toast-new:Simulation not generated] Magnitude 5.19 of event bmg2025llzx is smaller than triggerMinMagnitude: no automatic simulation
2025/06/13 09:37:44.579409 [Incident:Info:toast@toast-new:Origin updated] Origin updated: OT: 2025-06-13 02:28:06,  Lat/Lon: -10.9425°/119.325°, Depth: 58.9561
2025/06/13 09:37:44.579594 [Incident:Info:toast@toast-new:FM updated] FM updated
2025/06/13 09:37:44.579838 [Simulation:Info:toast@toast-new:Simulation not generated] Magnitude 5.19 of event bmg2025llzx is smaller than triggerMinMagnitude: no automatic simulation
2025/06/13 09:38:14.337224 [Incident:Info:toast@toast-new:Origin updated] Origin updated: OT: 2025-06-13 02:28:06,  Lat/Lon: -10.9425°/119.325°, Depth: 58.9561
2025/06/13 09:38:14.337422 [Simulation:Info:toast@toast-new:Simulation not generated] Magnitude 5.19 of event bmg2025llzx is smaller than triggerMinMagnitude: no automatic simulation
2025/06/13 09:38:16.364062 [Incident:Info:toast@toast-new:Origin updated] Origin updated: OT: 2025-06-13 02:28:06,  Lat/Lon: -10.9425°/119.325°, Depth: 58.9561
2025/06/13 09:38:16.364248 [Simulation:Info:toast@toast-new:Simulation not generated] Magnitude 5.19 of event bmg2025llzx is smaller than triggerMinMagnitude: no automatic simulation
2025/06/13 09:39:48.778176 [Incident:Info:toast@toast-new:Origin updated] Origin updated: OT: 2025-06-13 02:28:02,  Lat/Lon: -11.1053°/119.282°, Depth: 10
2025/06/13 09:39:48.778403 [Incident:Info:toast@toast-new:Magnitude updated] Magnitude updated: 5.35 (mb)
2025/06/13 09:39:48.778452 [Simulation:Info:toast@toast-new:Simulation not generated] Magnitude 5.35 of event bmg2025llzx is smaller than triggerMinMagnitude: no automatic simulation
2025/06/13 09:39:48.846942 [Incident:Info:toast@toast-new:Origin updated] Origin updated: OT: 2025-06-13 02:28:02,  Lat/Lon: -11.1053°/119.282°, Depth: 10
2025/06/13 09:39:48.847051 [Incident:Info:toast@toast-new:Magnitude updated] Magnitude updated: 5.27 (M)
2025/06/13 09:39:48.847070 [Simulation:Info:toast@toast-new:Simulation not generated] Magnitude 5.27 of event bmg2025llzx is smaller than triggerMinMagnitude: no automatic simulation
2025/06/13 09:39:56.103029 [Incident:Info:toast@toast-new:Origin updated] Origin updated: OT: 2025-06-13 02:28:02,  Lat/Lon: -11.1053°/119.282°, Depth: 10
2025/06/13 09:39:56.103211 [Incident:Info:toast@toast-new:Magnitude updated] Magnitude updated: 5.34 (Mw(mB))
2025/06/13 09:39:56.103255 [Simulation:Info:toast@toast-new:Simulation not generated] Magnitude 5.34 of event bmg2025llzx is smaller than triggerMinMagnitude: no automatic simulation
2025/06/13 17:24:00.183021 [Incident:Info:toast@toast-new:Origin updated] Origin updated: OT: 2025-06-13 02:28:05,  Lat/Lon: -11.1293°/119.289°, Depth: 38.4863
2025/06/13 17:24:00.183270 [Incident:Info:toast@toast-new:Magnitude updated] Magnitude updated: 5.13 (Mw(mB))
2025/06/13 17:24:00.183337 [Simulation:Info:toast@toast-new:Simulation not generated] Magnitude 5.13 of event bmg2025llzx is smaller than triggerMinMagnitude: no automatic simulation
2025/06/13 17:24:22.650427 [Incident:Info:toast@toast-new:Origin updated] Origin updated: OT: 2025-06-13 02:28:05,  Lat/Lon: -11.1293°/119.289°, Depth: 38.4863
2025/06/13 17:24:22.650629 [Incident:Info:toast@toast-new:Magnitude updated] Magnitude updated: 5.26 (mb)
2025/06/13 17:24:22.650697 [Simulation:Info:toast@toast-new:Simulation not generated] Magnitude 5.26 of event bmg2025llzx is smaller than triggerMinMagnitude: no automatic simulation
