2025/06/30 11:42:00.213476 [Incident:Info:toast@toast-new:Displacement(s) updated] Added 0 and changed 0 displacements with 0 amplitudes
2025/06/30 11:42:00.217030 [Incident:Info:toast@toast-new:Incident created] Incident created based on event received from messaging: OT: 2025-06-30 04:39:03,  Lat/Lon: 9.63°/94.03°, Depth: 5.00, Mag: 5.03 (M)
2025/06/30 11:42:00.217430 [Simulation:Info:toast@toast-new:Simulation not generated] Magnitude 5.03 of event bmg2025mrft is smaller than triggerMinMagnitude: no automatic simulation
2025/06/30 11:42:00.454762 [Incident:Info:toast@toast-new:Origin updated] Origin updated: OT: 2025-06-30 04:39:03,  Lat/Lon: 9.63003°/94.0256°, Depth: 5
2025/06/30 11:42:00.454854 [Simulation:Info:toast@toast-new:Simulation not generated] Magnitude 5.03 of event bmg2025mrft is smaller than triggerMinMagnitude: no automatic simulation
2025/06/30 11:42:08.243340 [Incident:Info:toast@toast-new:Origin updated] Origin updated: OT: 2025-06-30 04:39:05,  Lat/Lon: 9.57741°/94.1681°, Depth: 10
2025/06/30 11:42:08.243565 [Incident:Info:toast@toast-new:Magnitude updated] Magnitude updated: 5.00 (M)
2025/06/30 11:42:08.243622 [Simulation:Info:toast@toast-new:Simulation not generated] Magnitude 5.00 of event bmg2025mrft is smaller than triggerMinMagnitude: no automatic simulation
2025/06/30 11:42:13.750820 [Incident:Info:toast@toast-new:Origin updated] Origin updated: OT: 2025-06-30 04:39:05,  Lat/Lon: 9.57741°/94.1681°, Depth: 10
2025/06/30 11:42:13.751027 [Incident:Info:toast@toast-new:Magnitude updated] Magnitude updated: 5.04 (M)
2025/06/30 11:42:13.751079 [Simulation:Info:toast@toast-new:Simulation not generated] Magnitude 5.04 of event bmg2025mrft is smaller than triggerMinMagnitude: no automatic simulation
2025/06/30 11:42:18.274806 [Incident:Info:toast@toast-new:Origin updated] Origin updated: OT: 2025-06-30 04:39:05,  Lat/Lon: 9.59765°/94.0991°, Depth: 10
2025/06/30 11:42:18.275037 [Incident:Info:toast@toast-new:Magnitude updated] Magnitude updated: 5.04 (M)
2025/06/30 11:42:18.275093 [Simulation:Info:toast@toast-new:Simulation not generated] Magnitude 5.04 of event bmg2025mrft is smaller than triggerMinMagnitude: no automatic simulation
2025/06/30 11:42:23.741361 [Incident:Info:toast@toast-new:Origin updated] Origin updated: OT: 2025-06-30 04:39:05,  Lat/Lon: 9.59765°/94.0991°, Depth: 10
2025/06/30 11:42:23.741551 [Incident:Info:toast@toast-new:Magnitude updated] Magnitude updated: 5.04 (M)
2025/06/30 11:42:23.741583 [Simulation:Info:toast@toast-new:Simulation not generated] Magnitude 5.04 of event bmg2025mrft is smaller than triggerMinMagnitude: no automatic simulation
2025/06/30 11:42:28.737187 [Incident:Info:toast@toast-new:Origin updated] Origin updated: OT: 2025-06-30 04:39:05,  Lat/Lon: 9.59765°/94.0991°, Depth: 10
2025/06/30 11:42:28.737363 [Incident:Info:toast@toast-new:Magnitude updated] Magnitude updated: 5.02 (M)
2025/06/30 11:42:28.737397 [Simulation:Info:toast@toast-new:Simulation not generated] Magnitude 5.02 of event bmg2025mrft is smaller than triggerMinMagnitude: no automatic simulation
2025/06/30 11:42:46.990794 [Incident:Info:toast@toast-new:Origin updated] Origin updated: OT: 2025-06-30 04:39:03,  Lat/Lon: 9.70596°/94.0188°, Depth: 10
2025/06/30 11:42:46.990980 [Incident:Info:toast@toast-new:Magnitude updated] Magnitude updated: 5.23 (mb)
2025/06/30 11:42:46.991027 [Simulation:Info:toast@toast-new:Simulation not generated] Magnitude 5.23 of event bmg2025mrft is smaller than triggerMinMagnitude: no automatic simulation
2025/06/30 11:42:47.135109 [Incident:Info:toast@toast-new:Origin updated] Origin updated: OT: 2025-06-30 04:39:03,  Lat/Lon: 9.70596°/94.0188°, Depth: 10
2025/06/30 11:42:47.135288 [Incident:Info:toast@toast-new:Magnitude updated] Magnitude updated: 5.07 (M)
2025/06/30 11:42:47.135351 [Simulation:Info:toast@toast-new:Simulation not generated] Magnitude 5.07 of event bmg2025mrft is smaller than triggerMinMagnitude: no automatic simulation
2025/06/30 11:42:53.808854 [Incident:Info:toast@toast-new:Origin updated] Origin updated: OT: 2025-06-30 04:39:03,  Lat/Lon: 9.70596°/94.0188°, Depth: 10
2025/06/30 11:42:53.809098 [Incident:Info:toast@toast-new:Magnitude updated] Magnitude updated: 5.07 (M)
2025/06/30 11:42:53.809141 [Simulation:Info:toast@toast-new:Simulation not generated] Magnitude 5.07 of event bmg2025mrft is smaller than triggerMinMagnitude: no automatic simulation
2025/06/30 11:42:57.119703 [Incident:Info:toast@toast-new:Origin updated] Origin updated: OT: 2025-06-30 04:39:03,  Lat/Lon: 9.70596°/94.0188°, Depth: 10
2025/06/30 11:42:57.119926 [Incident:Info:toast@toast-new:Magnitude updated] Magnitude updated: 5.23 (mb)
2025/06/30 11:42:57.120006 [Simulation:Info:toast@toast-new:Simulation not generated] Magnitude 5.23 of event bmg2025mrft is smaller than triggerMinMagnitude: no automatic simulation
2025/06/30 11:42:57.150127 [Incident:Info:toast@toast-new:Origin updated] Origin updated: OT: 2025-06-30 04:39:03,  Lat/Lon: 9.70596°/94.0188°, Depth: 10
2025/06/30 11:42:57.150268 [Incident:Info:toast@toast-new:Magnitude updated] Magnitude updated: 5.06 (M)
2025/06/30 11:42:57.150307 [Simulation:Info:toast@toast-new:Simulation not generated] Magnitude 5.06 of event bmg2025mrft is smaller than triggerMinMagnitude: no automatic simulation
2025/06/30 11:43:00.068228 [Incident:Info:toast@toast-new:Origin updated] Origin updated: OT: 2025-06-30 04:39:03,  Lat/Lon: 9.70596°/94.0188°, Depth: 10
2025/06/30 11:43:00.068449 [Simulation:Info:toast@toast-new:Simulation not generated] Magnitude 5.06 of event bmg2025mrft is smaller than triggerMinMagnitude: no automatic simulation
2025/06/30 11:43:11.929278 [Incident:Info:toast@toast-new:Origin updated] Origin updated: OT: 2025-06-30 04:39:03,  Lat/Lon: 9.70596°/94.0188°, Depth: 10
2025/06/30 11:43:11.929467 [Incident:Info:toast@toast-new:Magnitude updated] Magnitude updated: 5.23 (mb)
2025/06/30 11:43:11.929529 [Simulation:Info:toast@toast-new:Simulation not generated] Magnitude 5.23 of event bmg2025mrft is smaller than triggerMinMagnitude: no automatic simulation
2025/06/30 11:43:11.956489 [Incident:Info:toast@toast-new:Origin updated] Origin updated: OT: 2025-06-30 04:39:03,  Lat/Lon: 9.70596°/94.0188°, Depth: 10
2025/06/30 11:43:11.956653 [Incident:Info:toast@toast-new:Magnitude updated] Magnitude updated: 5.06 (M)
2025/06/30 11:43:11.956703 [Simulation:Info:toast@toast-new:Simulation not generated] Magnitude 5.06 of event bmg2025mrft is smaller than triggerMinMagnitude: no automatic simulation
2025/06/30 11:43:28.372654 [Incident:Info:toast@toast-new:Origin updated] Origin updated: OT: 2025-06-30 04:39:03,  Lat/Lon: 9.70596°/94.0188°, Depth: 10
2025/06/30 11:43:28.372897 [Incident:Info:toast@toast-new:Magnitude updated] Magnitude updated: 5.06 (M)
2025/06/30 11:43:28.372954 [Simulation:Info:toast@toast-new:Simulation not generated] Magnitude 5.06 of event bmg2025mrft is smaller than triggerMinMagnitude: no automatic simulation
2025/06/30 11:43:33.809464 [Incident:Info:toast@toast-new:Origin updated] Origin updated: OT: 2025-06-30 04:39:03,  Lat/Lon: 9.70596°/94.0188°, Depth: 10
2025/06/30 11:43:33.809700 [Incident:Info:toast@toast-new:Magnitude updated] Magnitude updated: 5.06 (M)
2025/06/30 11:43:33.809756 [Simulation:Info:toast@toast-new:Simulation not generated] Magnitude 5.06 of event bmg2025mrft is smaller than triggerMinMagnitude: no automatic simulation
2025/06/30 11:43:38.930322 [Incident:Info:toast@toast-new:Origin updated] Origin updated: OT: 2025-06-30 04:39:03,  Lat/Lon: 9.70596°/94.0188°, Depth: 10
2025/06/30 11:43:38.930528 [Incident:Info:toast@toast-new:Magnitude updated] Magnitude updated: 5.05 (M)
2025/06/30 11:43:38.930566 [Simulation:Info:toast@toast-new:Simulation not generated] Magnitude 5.05 of event bmg2025mrft is smaller than triggerMinMagnitude: no automatic simulation
2025/06/30 11:43:43.435235 [Incident:Info:toast@toast-new:Origin updated] Origin updated: OT: 2025-06-30 04:39:03,  Lat/Lon: 9.70596°/94.0188°, Depth: 10
2025/06/30 11:43:43.435460 [Incident:Info:toast@toast-new:Magnitude updated] Magnitude updated: 5.05 (M)
2025/06/30 11:43:43.435536 [Simulation:Info:toast@toast-new:Simulation not generated] Magnitude 5.05 of event bmg2025mrft is smaller than triggerMinMagnitude: no automatic simulation
2025/06/30 18:46:10.847798 [Incident:Info:toast@toast-new:Origin updated] Origin updated: OT: 2025-06-30 04:39:05,  Lat/Lon: 9.55972°/94.2465°, Depth: 5
2025/06/30 18:46:10.847988 [Incident:Info:toast@toast-new:Magnitude updated] Magnitude updated: 5.02 (Mw(mB))
2025/06/30 18:46:10.848024 [Simulation:Info:toast@toast-new:Simulation not generated] Magnitude 5.02 of event bmg2025mrft is smaller than triggerMinMagnitude: no automatic simulation
