2024/09/05 08:06:21.438542 [Incident:Info:toast@toast-new:Displacement(s) updated] Added 0 and changed 0 displacements with 0 amplitudes
2024/09/05 08:06:21.454450 [Incident:Info:toast@toast-new:Incident created] Incident created based on event received from messaging: OT: 2024-09-05 01:03:15,  Lat/Lon: -3.23°/144.47°, Depth: 10.00, Mag: 6.39 (M)
2024/09/05 08:06:21.454984 [Simulation:Info:toast@toast-new:Simulation not generated] Magnitude 6.39 of event bmg2024rlew is smaller than triggerMinMagnitude: no automatic simulation
2024/09/05 08:06:21.472815 [Incident:Info:toast@toast-new:Origin updated] Origin updated: OT: 2024-09-05 01:03:15,  Lat/Lon: -3.2332°/144.471°, Depth: 10
2024/09/05 08:06:21.472921 [Simulation:Info:toast@toast-new:Simulation not generated] Magnitude 6.39 of event bmg2024rlew is smaller than triggerMinMagnitude: no automatic simulation
2024/09/05 08:06:22.843573 [Incident:Info:toast@toast-new:Origin updated] Origin updated: OT: 2024-09-05 01:03:15,  Lat/Lon: -3.2332°/144.471°, Depth: 10
2024/09/05 08:06:22.843699 [Incident:Info:toast@toast-new:Magnitude updated] Magnitude updated: 6.40 (M)
2024/09/05 08:06:22.843773 [Simulation:Info:toast@toast-new:Simulation not generated] Magnitude 6.40 of event bmg2024rlew is smaller than triggerMinMagnitude: no automatic simulation
2024/09/05 08:06:27.833018 [Incident:Info:toast@toast-new:Origin updated] Origin updated: OT: 2024-09-05 01:03:15,  Lat/Lon: -3.2332°/144.471°, Depth: 10
2024/09/05 08:06:27.835100 [Incident:Info:toast@toast-new:Magnitude updated] Magnitude updated: 6.40 (M)
2024/09/05 08:06:27.835222 [Simulation:Info:toast@toast-new:Simulation not generated] Magnitude 6.40 of event bmg2024rlew is smaller than triggerMinMagnitude: no automatic simulation
2024/09/05 08:06:32.977532 [Incident:Info:toast@toast-new:Origin updated] Origin updated: OT: 2024-09-05 01:03:15,  Lat/Lon: -3.2332°/144.471°, Depth: 10
2024/09/05 08:06:32.978032 [Incident:Info:toast@toast-new:Magnitude updated] Magnitude updated: 6.52 (Mw(mB))
2024/09/05 08:06:32.984130 [Simulation:Info:toast@toast-new:Simulation(s) started] No nodal plane available. Starting Simulation(s) with fault plane, Lat/Lon: -3.23°/ 144.47° (MT), Depth: 10.00km (MT), Mag: 6.52 (MT)
2024/09/05 08:06:32.986484 [Simulation:Info:toast@toast-new:Simulation running] TsunAWI: Looking for matching scenarios
2024/09/05 08:06:32.990833 [Simulation:Info:toast@toast-new:Simulation finished] TsunAWI: No matching scenarios
2024/09/05 08:06:33.057466 [Incident:Info:toast@toast-new:Origin updated] Origin updated: OT: 2024-09-05 01:03:15,  Lat/Lon: -3.2332°/144.471°, Depth: 10
2024/09/05 08:06:33.063900 [Simulation:Info:toast@toast-new:Simulation(s) started] No nodal plane available. Starting Simulation(s) with fault plane, Lat/Lon: -3.23°/ 144.47° (MT), Depth: 10.00km (MT), Mag: 6.52 (MT)
2024/09/05 08:06:33.065867 [Simulation:Info:toast@toast-new:Simulation running] TsunAWI: Looking for matching scenarios
2024/09/05 08:06:33.066590 [Simulation:Info:toast@toast-new:No simulation returned] TsunAWI simulation backend returned no simulation.
2024/09/05 08:06:33.069833 [Simulation:Info:toast@toast-new:Simulation finished] TsunAWI: No matching scenarios
2024/09/05 08:06:33.133144 [Simulation:Info:toast@toast-new:Simulation tracked] Tracking progress of EasyWave2 simulation 65002004S144146Efc31f563023a892b1d69d2fa207130baef6336d9
2024/09/05 08:06:33.139782 [Simulation:Info:toast@toast-new:Simulation tracked] Tracking progress of EasyWave2 simulation 65002004S144146Ec3a0c81417655b245909da293afb3ebfe7eefd10
2024/09/05 08:06:33.181074 [Simulation:Info:toast@toast-new:No simulation returned] TsunAWI simulation backend returned no simulation.
2024/09/05 08:06:33.185219 [Simulation:Info:toast@toast-new:Simulation tracked] Tracking progress of EasyWave2 simulation 65002004S144146E398dd86d28d817f967254106036adc935f5c5287
2024/09/05 08:06:33.189839 [Simulation:Info:toast@toast-new:Simulation tracked] Tracking progress of EasyWave2 simulation 65002004S144146E39ccde6ec22d3270c6d81d05ff65626cb480d259
2024/09/05 08:06:44.897822 [Incident:Info:toast@toast-new:Origin updated] Origin updated: OT: 2024-09-05 01:03:15,  Lat/Lon: -3.24294°/144.478°, Depth: 10
2024/09/05 08:06:44.898354 [Incident:Info:toast@toast-new:Magnitude updated] Magnitude updated: 6.52 (Mw(mB))
2024/09/05 08:06:44.902480 [Simulation:Info:toast@toast-new:Simulation(s) started] No nodal plane available. Starting Simulation(s) with fault plane, Lat/Lon: -3.24°/ 144.48° (MT), Depth: 10.00km (MT), Mag: 6.52 (MT)
2024/09/05 08:06:44.903498 [Simulation:Info:toast@toast-new:Simulation skipped] EasyWave2 simulation with similar parameters already exists
2024/09/05 08:06:44.904709 [Simulation:Info:toast@toast-new:Simulation running] TsunAWI: Looking for matching scenarios
2024/09/05 08:06:44.907711 [Simulation:Info:toast@toast-new:Simulation finished] TsunAWI: No matching scenarios
2024/09/05 08:06:44.951583 [Simulation:Info:toast@toast-new:No simulation returned] TsunAWI simulation backend returned no simulation.
2024/09/05 08:06:45.108362 [Simulation:Info:toast@toast-new:Simulation finished] Finished EasyWave2 simulation 65002004S144146Efc31f563023a892b1d69d2fa207130baef6336d9 in 11 seconds
2024/09/05 08:06:47.803463 [Incident:Info:toast@toast-new:Origin updated] Origin updated: OT: 2024-09-05 01:03:15,  Lat/Lon: -3.24294°/144.478°, Depth: 10
2024/09/05 08:06:47.804245 [Incident:Info:toast@toast-new:Magnitude updated] Magnitude updated: 6.50 (Mw(mB))
2024/09/05 08:06:47.804321 [Simulation:Info:toast@toast-new:Simulation not generated] Magnitude 6.50 of event bmg2024rlew is smaller than triggerMinMagnitude: no automatic simulation
2024/09/05 08:06:52.885105 [Incident:Info:toast@toast-new:Origin updated] Origin updated: OT: 2024-09-05 01:03:15,  Lat/Lon: -3.24294°/144.478°, Depth: 10
2024/09/05 08:06:52.885754 [Incident:Info:toast@toast-new:Magnitude updated] Magnitude updated: 6.46 (Mw(mB))
2024/09/05 08:06:52.885833 [Simulation:Info:toast@toast-new:Simulation not generated] Magnitude 6.46 of event bmg2024rlew is smaller than triggerMinMagnitude: no automatic simulation
2024/09/05 08:06:57.319207 [Incident:Info:toast@toast-new:Origin updated] Origin updated: OT: 2024-09-05 01:03:15,  Lat/Lon: -3.24281°/144.478°, Depth: 10
2024/09/05 08:06:57.320543 [Incident:Info:toast@toast-new:Magnitude updated] Magnitude updated: 6.46 (Mw(mB))
2024/09/05 08:06:57.320645 [Simulation:Info:toast@toast-new:Simulation not generated] Magnitude 6.46 of event bmg2024rlew is smaller than triggerMinMagnitude: no automatic simulation
2024/09/05 08:07:07.460708 [Incident:Info:toast@toast-new:Origin updated] Origin updated: OT: 2024-09-05 01:03:15,  Lat/Lon: -3.26603°/144.467°, Depth: 10
2024/09/05 08:07:07.461829 [Incident:Info:toast@toast-new:Magnitude updated] Magnitude updated: 6.46 (Mw(mB))
2024/09/05 08:07:07.461950 [Simulation:Info:toast@toast-new:Simulation not generated] Magnitude 6.46 of event bmg2024rlew is smaller than triggerMinMagnitude: no automatic simulation
2024/09/05 08:07:15.100767 [Simulation:Info:toast@toast-new:Simulation finished] Finished EasyWave2 simulation 65002004S144146Ec3a0c81417655b245909da293afb3ebfe7eefd10 in 41 seconds
2024/09/05 08:07:17.335846 [Incident:Info:toast@toast-new:Origin updated] Origin updated: OT: 2024-09-05 01:03:15,  Lat/Lon: -3.26876°/144.467°, Depth: 10
2024/09/05 08:07:17.336675 [Incident:Info:toast@toast-new:Magnitude updated] Magnitude updated: 6.38 (Mw(mB))
2024/09/05 08:07:17.336768 [Simulation:Info:toast@toast-new:Simulation not generated] Magnitude 6.38 of event bmg2024rlew is smaller than triggerMinMagnitude: no automatic simulation
2024/09/05 08:07:27.082757 [Simulation:Info:toast@toast-new:Simulation finished] Finished EasyWave2 simulation 65002004S144146E398dd86d28d817f967254106036adc935f5c5287 in 53 seconds
2024/09/05 08:07:32.251565 [Incident:Info:toast@toast-new:Origin updated] Origin updated: OT: 2024-09-05 01:03:15,  Lat/Lon: -3.29388°/144.46°, Depth: 10
2024/09/05 08:07:32.252768 [Incident:Info:toast@toast-new:Magnitude updated] Magnitude updated: 6.38 (Mw(mB))
2024/09/05 08:07:32.252893 [Simulation:Info:toast@toast-new:Simulation not generated] Magnitude 6.38 of event bmg2024rlew is smaller than triggerMinMagnitude: no automatic simulation
2024/09/05 08:07:42.762498 [Incident:Info:toast@toast-new:Origin updated] Origin updated: OT: 2024-09-05 01:03:15,  Lat/Lon: -3.29388°/144.46°, Depth: 10
2024/09/05 08:07:42.763252 [Incident:Info:toast@toast-new:Magnitude updated] Magnitude updated: 6.36 (Mw(mB))
2024/09/05 08:07:42.763337 [Simulation:Info:toast@toast-new:Simulation not generated] Magnitude 6.36 of event bmg2024rlew is smaller than triggerMinMagnitude: no automatic simulation
2024/09/05 08:07:44.156303 [Incident:Info:toast@toast-new:Origin updated] Origin updated: OT: 2024-09-05 01:03:16,  Lat/Lon: -3.35443°/144.426°, Depth: 10
2024/09/05 08:07:44.157055 [Incident:Info:toast@toast-new:Magnitude updated] Magnitude updated: 6.33 (Mw(mB))
2024/09/05 08:07:44.157140 [Simulation:Info:toast@toast-new:Simulation not generated] Magnitude 6.33 of event bmg2024rlew is smaller than triggerMinMagnitude: no automatic simulation
2024/09/05 08:07:52.840304 [Incident:Info:toast@toast-new:Origin updated] Origin updated: OT: 2024-09-05 01:03:16,  Lat/Lon: -3.35443°/144.426°, Depth: 10
2024/09/05 08:07:52.840945 [Incident:Info:toast@toast-new:Magnitude updated] Magnitude updated: 6.30 (Mw(mB))
2024/09/05 08:07:52.841014 [Simulation:Info:toast@toast-new:Simulation not generated] Magnitude 6.30 of event bmg2024rlew is smaller than triggerMinMagnitude: no automatic simulation
2024/09/05 08:07:57.082235 [Simulation:Info:toast@toast-new:Simulation finished] Finished EasyWave2 simulation 65002004S144146E39ccde6ec22d3270c6d81d05ff65626cb480d259 in 83 seconds
2024/09/05 08:07:57.390169 [Incident:Info:toast@toast-new:Origin updated] Origin updated: OT: 2024-09-05 01:03:16,  Lat/Lon: -3.36088°/144.427°, Depth: 10
2024/09/05 08:07:57.390982 [Incident:Info:toast@toast-new:Magnitude updated] Magnitude updated: 6.28 (Mw(mB))
2024/09/05 08:07:57.391066 [Simulation:Info:toast@toast-new:Simulation not generated] Magnitude 6.28 of event bmg2024rlew is smaller than triggerMinMagnitude: no automatic simulation
2024/09/05 08:08:12.814622 [Incident:Info:toast@toast-new:Origin updated] Origin updated: OT: 2024-09-05 01:03:16,  Lat/Lon: -3.36088°/144.427°, Depth: 10
2024/09/05 08:08:12.815414 [Incident:Info:toast@toast-new:Magnitude updated] Magnitude updated: 6.24 (Mw(mB))
2024/09/05 08:08:12.815526 [Simulation:Info:toast@toast-new:Simulation not generated] Magnitude 6.24 of event bmg2024rlew is smaller than triggerMinMagnitude: no automatic simulation
2024/09/05 08:08:14.360003 [Incident:Info:toast@toast-new:Origin updated] Origin updated: OT: 2024-09-05 01:03:17,  Lat/Lon: -3.39651°/144.373°, Depth: 10
2024/09/05 08:08:14.361055 [Incident:Info:toast@toast-new:Magnitude updated] Magnitude updated: 6.24 (Mw(mB))
2024/09/05 08:08:14.361167 [Simulation:Info:toast@toast-new:Simulation not generated] Magnitude 6.24 of event bmg2024rlew is smaller than triggerMinMagnitude: no automatic simulation
2024/09/05 08:08:17.767773 [Incident:Info:toast@toast-new:Origin updated] Origin updated: OT: 2024-09-05 01:03:17,  Lat/Lon: -3.39651°/144.373°, Depth: 10
2024/09/05 08:08:17.769190 [Incident:Info:toast@toast-new:Magnitude updated] Magnitude updated: 6.24 (Mw(mB))
2024/09/05 08:08:17.769306 [Simulation:Info:toast@toast-new:Simulation not generated] Magnitude 6.24 of event bmg2024rlew is smaller than triggerMinMagnitude: no automatic simulation
2024/09/05 08:08:22.758874 [Incident:Info:toast@toast-new:Origin updated] Origin updated: OT: 2024-09-05 01:03:17,  Lat/Lon: -3.39651°/144.373°, Depth: 10
2024/09/05 08:08:22.759968 [Incident:Info:toast@toast-new:Magnitude updated] Magnitude updated: 6.25 (Mw(mB))
2024/09/05 08:08:22.760070 [Simulation:Info:toast@toast-new:Simulation not generated] Magnitude 6.25 of event bmg2024rlew is smaller than triggerMinMagnitude: no automatic simulation
2024/09/05 08:08:27.837974 [Incident:Info:toast@toast-new:Origin updated] Origin updated: OT: 2024-09-05 01:03:17,  Lat/Lon: -3.39651°/144.373°, Depth: 10
2024/09/05 08:08:27.839147 [Incident:Info:toast@toast-new:Magnitude updated] Magnitude updated: 6.28 (Mw(mB))
2024/09/05 08:08:27.839257 [Simulation:Info:toast@toast-new:Simulation not generated] Magnitude 6.28 of event bmg2024rlew is smaller than triggerMinMagnitude: no automatic simulation
2024/09/05 08:08:32.794421 [Incident:Info:toast@toast-new:Origin updated] Origin updated: OT: 2024-09-05 01:03:17,  Lat/Lon: -3.39651°/144.373°, Depth: 10
2024/09/05 08:08:32.795223 [Incident:Info:toast@toast-new:Magnitude updated] Magnitude updated: 6.27 (Mw(mB))
2024/09/05 08:08:32.795314 [Simulation:Info:toast@toast-new:Simulation not generated] Magnitude 6.27 of event bmg2024rlew is smaller than triggerMinMagnitude: no automatic simulation
2024/09/05 08:08:33.512955 [Incident:Info:toast@toast-new:Origin updated] Origin updated: OT: 2024-09-05 01:03:16,  Lat/Lon: -3.43449°/144.393°, Depth: 10
2024/09/05 08:08:33.514005 [Incident:Info:toast@toast-new:Magnitude updated] Magnitude updated: 6.28 (Mw(mB))
2024/09/05 08:08:33.514122 [Simulation:Info:toast@toast-new:Simulation not generated] Magnitude 6.28 of event bmg2024rlew is smaller than triggerMinMagnitude: no automatic simulation
2024/09/05 08:08:42.833614 [Incident:Info:toast@toast-new:Origin updated] Origin updated: OT: 2024-09-05 01:03:16,  Lat/Lon: -3.43449°/144.393°, Depth: 10
2024/09/05 08:08:42.835239 [Incident:Info:toast@toast-new:Magnitude updated] Magnitude updated: 6.28 (Mw(mB))
2024/09/05 08:08:42.835384 [Simulation:Info:toast@toast-new:Simulation not generated] Magnitude 6.28 of event bmg2024rlew is smaller than triggerMinMagnitude: no automatic simulation
2024/09/05 08:08:47.822140 [Incident:Info:toast@toast-new:Origin updated] Origin updated: OT: 2024-09-05 01:03:16,  Lat/Lon: -3.43449°/144.393°, Depth: 10
2024/09/05 08:08:47.823331 [Incident:Info:toast@toast-new:Magnitude updated] Magnitude updated: 6.30 (Mw(mB))
2024/09/05 08:08:47.823433 [Simulation:Info:toast@toast-new:Simulation not generated] Magnitude 6.30 of event bmg2024rlew is smaller than triggerMinMagnitude: no automatic simulation
2024/09/05 08:08:52.825919 [Incident:Info:toast@toast-new:Origin updated] Origin updated: OT: 2024-09-05 01:03:16,  Lat/Lon: -3.43449°/144.393°, Depth: 10
2024/09/05 08:08:52.826729 [Incident:Info:toast@toast-new:Magnitude updated] Magnitude updated: 6.27 (Mw(mB))
2024/09/05 08:08:52.826821 [Simulation:Info:toast@toast-new:Simulation not generated] Magnitude 6.27 of event bmg2024rlew is smaller than triggerMinMagnitude: no automatic simulation
2024/09/05 08:08:57.498981 [Incident:Info:toast@toast-new:Origin updated] Origin updated: OT: 2024-09-05 01:03:16,  Lat/Lon: -3.44966°/144.39°, Depth: 10
2024/09/05 08:08:57.500349 [Incident:Info:toast@toast-new:Magnitude updated] Magnitude updated: 6.27 (Mw(mB))
2024/09/05 08:08:57.500495 [Simulation:Info:toast@toast-new:Simulation not generated] Magnitude 6.27 of event bmg2024rlew is smaller than triggerMinMagnitude: no automatic simulation
2024/09/05 08:09:02.860518 [Incident:Info:toast@toast-new:Origin updated] Origin updated: OT: 2024-09-05 01:03:16,  Lat/Lon: -3.44966°/144.39°, Depth: 10
2024/09/05 08:09:02.862180 [Incident:Info:toast@toast-new:Magnitude updated] Magnitude updated: 6.29 (Mw(mB))
2024/09/05 08:09:02.862309 [Simulation:Info:toast@toast-new:Simulation not generated] Magnitude 6.29 of event bmg2024rlew is smaller than triggerMinMagnitude: no automatic simulation
2024/09/05 08:09:07.815437 [Incident:Info:toast@toast-new:Origin updated] Origin updated: OT: 2024-09-05 01:03:16,  Lat/Lon: -3.44966°/144.39°, Depth: 10
2024/09/05 08:09:07.816173 [Incident:Info:toast@toast-new:Magnitude updated] Magnitude updated: 6.29 (Mw(mB))
2024/09/05 08:09:07.816258 [Simulation:Info:toast@toast-new:Simulation not generated] Magnitude 6.29 of event bmg2024rlew is smaller than triggerMinMagnitude: no automatic simulation
2024/09/05 08:09:09.653010 [Incident:Info:toast@toast-new:Origin updated] Origin updated: OT: 2024-09-05 01:03:16,  Lat/Lon: -3.46001°/144.397°, Depth: 10
2024/09/05 08:09:09.654171 [Incident:Info:toast@toast-new:Magnitude updated] Magnitude updated: 6.29 (Mw(mB))
2024/09/05 08:09:09.654316 [Simulation:Info:toast@toast-new:Simulation not generated] Magnitude 6.29 of event bmg2024rlew is smaller than triggerMinMagnitude: no automatic simulation
2024/09/05 08:09:17.793485 [Incident:Info:toast@toast-new:Origin updated] Origin updated: OT: 2024-09-05 01:03:16,  Lat/Lon: -3.46001°/144.397°, Depth: 10
2024/09/05 08:09:17.794178 [Incident:Info:toast@toast-new:Magnitude updated] Magnitude updated: 6.28 (Mw(mB))
2024/09/05 08:09:17.794269 [Simulation:Info:toast@toast-new:Simulation not generated] Magnitude 6.28 of event bmg2024rlew is smaller than triggerMinMagnitude: no automatic simulation
2024/09/05 08:09:22.880268 [Incident:Info:toast@toast-new:Origin updated] Origin updated: OT: 2024-09-05 01:03:16,  Lat/Lon: -3.46001°/144.397°, Depth: 10
2024/09/05 08:09:22.881435 [Incident:Info:toast@toast-new:Magnitude updated] Magnitude updated: 6.26 (Mw(mB))
2024/09/05 08:09:22.881568 [Simulation:Info:toast@toast-new:Simulation not generated] Magnitude 6.26 of event bmg2024rlew is smaller than triggerMinMagnitude: no automatic simulation
2024/09/05 08:09:23.756076 [Incident:Info:toast@toast-new:Origin updated] Origin updated: OT: 2024-09-05 01:03:16,  Lat/Lon: -3.46001°/144.397°, Depth: 10
2024/09/05 08:09:23.756283 [Incident:Info:toast@toast-new:FM updated] FM updated
2024/09/05 08:09:23.757197 [Simulation:Info:toast@toast-new:Simulation not generated] Magnitude 6.26 of event bmg2024rlew is smaller than triggerMinMagnitude: no automatic simulation
2024/09/05 08:09:27.848434 [Incident:Info:toast@toast-new:Origin updated] Origin updated: OT: 2024-09-05 01:03:16,  Lat/Lon: -3.46001°/144.397°, Depth: 10
2024/09/05 08:09:27.849601 [Incident:Info:toast@toast-new:Magnitude updated] Magnitude updated: 6.27 (Mw(mB))
2024/09/05 08:09:27.849699 [Simulation:Info:toast@toast-new:Simulation not generated] Magnitude 6.27 of event bmg2024rlew is smaller than triggerMinMagnitude: no automatic simulation
2024/09/05 08:09:29.760172 [Incident:Info:toast@toast-new:Origin updated] Origin updated: OT: 2024-09-05 01:03:16,  Lat/Lon: -3.46556°/144.395°, Depth: 10
2024/09/05 08:09:29.761006 [Incident:Info:toast@toast-new:Magnitude updated] Magnitude updated: 6.26 (Mw(mB))
2024/09/05 08:09:29.761090 [Simulation:Info:toast@toast-new:Simulation not generated] Magnitude 6.26 of event bmg2024rlew is smaller than triggerMinMagnitude: no automatic simulation
2024/09/05 08:09:32.898118 [Incident:Info:toast@toast-new:Origin updated] Origin updated: OT: 2024-09-05 01:03:16,  Lat/Lon: -3.46556°/144.395°, Depth: 10
2024/09/05 08:09:32.899168 [Incident:Info:toast@toast-new:Magnitude updated] Magnitude updated: 6.28 (Mw(mB))
2024/09/05 08:09:32.899254 [Simulation:Info:toast@toast-new:Simulation not generated] Magnitude 6.28 of event bmg2024rlew is smaller than triggerMinMagnitude: no automatic simulation
2024/09/05 08:09:32.974087 [Incident:Info:toast@toast-new:Origin updated] Origin updated: OT: 2024-09-05 01:03:16,  Lat/Lon: -3.46556°/144.395°, Depth: 10
2024/09/05 08:09:32.974200 [Incident:Info:toast@toast-new:FM updated] FM updated
2024/09/05 08:09:32.974793 [Simulation:Info:toast@toast-new:Simulation not generated] Magnitude 6.28 of event bmg2024rlew is smaller than triggerMinMagnitude: no automatic simulation
2024/09/05 08:09:37.900769 [Incident:Info:toast@toast-new:Origin updated] Origin updated: OT: 2024-09-05 01:03:16,  Lat/Lon: -3.46556°/144.395°, Depth: 10
2024/09/05 08:09:37.902201 [Incident:Info:toast@toast-new:Magnitude updated] Magnitude updated: 6.30 (Mw(mB))
2024/09/05 08:09:37.902305 [Simulation:Info:toast@toast-new:Simulation not generated] Magnitude 6.30 of event bmg2024rlew is smaller than triggerMinMagnitude: no automatic simulation
2024/09/05 08:09:42.911420 [Incident:Info:toast@toast-new:Origin updated] Origin updated: OT: 2024-09-05 01:03:16,  Lat/Lon: -3.46556°/144.395°, Depth: 10
2024/09/05 08:09:42.914991 [Incident:Info:toast@toast-new:Magnitude updated] Magnitude updated: 6.33 (Mw(mB))
2024/09/05 08:09:42.915172 [Simulation:Info:toast@toast-new:Simulation not generated] Magnitude 6.33 of event bmg2024rlew is smaller than triggerMinMagnitude: no automatic simulation
2024/09/05 08:09:43.146307 [Incident:Info:toast@toast-new:Origin updated] Origin updated: OT: 2024-09-05 01:03:16,  Lat/Lon: -3.46556°/144.395°, Depth: 10
2024/09/05 08:09:43.146533 [Incident:Info:toast@toast-new:FM updated] FM updated
2024/09/05 08:09:43.147636 [Simulation:Info:toast@toast-new:Simulation not generated] Magnitude 6.33 of event bmg2024rlew is smaller than triggerMinMagnitude: no automatic simulation
2024/09/05 08:09:48.111602 [Incident:Info:toast@toast-new:Origin updated] Origin updated: OT: 2024-09-05 01:03:16,  Lat/Lon: -3.46556°/144.395°, Depth: 10
2024/09/05 08:09:48.112453 [Incident:Info:toast@toast-new:Magnitude updated] Magnitude updated: 6.32 (Mw(mB))
2024/09/05 08:09:48.112554 [Simulation:Info:toast@toast-new:Simulation not generated] Magnitude 6.32 of event bmg2024rlew is smaller than triggerMinMagnitude: no automatic simulation
2024/09/05 08:09:52.867082 [Incident:Info:toast@toast-new:Origin updated] Origin updated: OT: 2024-09-05 01:03:16,  Lat/Lon: -3.46556°/144.395°, Depth: 10
2024/09/05 08:09:52.868176 [Incident:Info:toast@toast-new:Magnitude updated] Magnitude updated: 6.32 (Mw(mB))
2024/09/05 08:09:52.868261 [Simulation:Info:toast@toast-new:Simulation not generated] Magnitude 6.32 of event bmg2024rlew is smaller than triggerMinMagnitude: no automatic simulation
2024/09/05 08:09:57.861935 [Incident:Info:toast@toast-new:Origin updated] Origin updated: OT: 2024-09-05 01:03:16,  Lat/Lon: -3.46556°/144.395°, Depth: 10
2024/09/05 08:09:57.862771 [Incident:Info:toast@toast-new:Magnitude updated] Magnitude updated: 6.30 (Mw(mB))
2024/09/05 08:09:57.862867 [Simulation:Info:toast@toast-new:Simulation not generated] Magnitude 6.30 of event bmg2024rlew is smaller than triggerMinMagnitude: no automatic simulation
2024/09/05 08:10:02.873061 [Incident:Info:toast@toast-new:Origin updated] Origin updated: OT: 2024-09-05 01:03:16,  Lat/Lon: -3.46556°/144.395°, Depth: 10
2024/09/05 08:10:02.873908 [Incident:Info:toast@toast-new:Magnitude updated] Magnitude updated: 6.29 (Mw(mB))
2024/09/05 08:10:02.874000 [Simulation:Info:toast@toast-new:Simulation not generated] Magnitude 6.29 of event bmg2024rlew is smaller than triggerMinMagnitude: no automatic simulation
2024/09/05 08:10:02.968859 [Incident:Info:toast@toast-new:Origin updated] Origin updated: OT: 2024-09-05 01:03:16,  Lat/Lon: -3.46556°/144.395°, Depth: 10
2024/09/05 08:10:02.969073 [Simulation:Info:toast@toast-new:Simulation not generated] Magnitude 6.29 of event bmg2024rlew is smaller than triggerMinMagnitude: no automatic simulation
2024/09/05 08:10:04.029491 [Incident:Info:toast@toast-new:Origin updated] Origin updated: OT: 2024-09-05 01:03:16,  Lat/Lon: -3.50071°/144.36°, Depth: 10
2024/09/05 08:10:04.030268 [Incident:Info:toast@toast-new:Magnitude updated] Magnitude updated: 6.30 (Mw(mB))
2024/09/05 08:10:04.030354 [Simulation:Info:toast@toast-new:Simulation not generated] Magnitude 6.30 of event bmg2024rlew is smaller than triggerMinMagnitude: no automatic simulation
2024/09/05 08:10:07.931278 [Incident:Info:toast@toast-new:Origin updated] Origin updated: OT: 2024-09-05 01:03:16,  Lat/Lon: -3.50071°/144.36°, Depth: 10
2024/09/05 08:10:07.932102 [Incident:Info:toast@toast-new:Magnitude updated] Magnitude updated: 6.29 (Mw(mB))
2024/09/05 08:10:07.932191 [Simulation:Info:toast@toast-new:Simulation not generated] Magnitude 6.29 of event bmg2024rlew is smaller than triggerMinMagnitude: no automatic simulation
2024/09/05 08:10:12.887545 [Incident:Info:toast@toast-new:Origin updated] Origin updated: OT: 2024-09-05 01:03:16,  Lat/Lon: -3.50071°/144.36°, Depth: 10
2024/09/05 08:10:12.888729 [Incident:Info:toast@toast-new:Magnitude updated] Magnitude updated: 6.29 (Mw(mB))
2024/09/05 08:10:12.888829 [Simulation:Info:toast@toast-new:Simulation not generated] Magnitude 6.29 of event bmg2024rlew is smaller than triggerMinMagnitude: no automatic simulation
2024/09/05 08:10:17.930920 [Incident:Info:toast@toast-new:Origin updated] Origin updated: OT: 2024-09-05 01:03:16,  Lat/Lon: -3.50071°/144.36°, Depth: 10
2024/09/05 08:10:17.932114 [Incident:Info:toast@toast-new:Magnitude updated] Magnitude updated: 6.29 (Mw(mB))
2024/09/05 08:10:17.932212 [Simulation:Info:toast@toast-new:Simulation not generated] Magnitude 6.29 of event bmg2024rlew is smaller than triggerMinMagnitude: no automatic simulation
2024/09/05 08:10:22.936432 [Incident:Info:toast@toast-new:Origin updated] Origin updated: OT: 2024-09-05 01:03:16,  Lat/Lon: -3.50071°/144.36°, Depth: 10
2024/09/05 08:10:22.937632 [Incident:Info:toast@toast-new:Magnitude updated] Magnitude updated: 6.29 (Mw(mB))
2024/09/05 08:10:22.937733 [Simulation:Info:toast@toast-new:Simulation not generated] Magnitude 6.29 of event bmg2024rlew is smaller than triggerMinMagnitude: no automatic simulation
2024/09/05 08:10:27.865606 [Incident:Info:toast@toast-new:Origin updated] Origin updated: OT: 2024-09-05 01:03:16,  Lat/Lon: -3.50071°/144.36°, Depth: 10
2024/09/05 08:10:27.866354 [Incident:Info:toast@toast-new:Magnitude updated] Magnitude updated: 6.28 (Mw(mB))
2024/09/05 08:10:27.866440 [Simulation:Info:toast@toast-new:Simulation not generated] Magnitude 6.28 of event bmg2024rlew is smaller than triggerMinMagnitude: no automatic simulation
2024/09/05 08:10:32.778804 [Incident:Info:toast@toast-new:Origin updated] Origin updated: OT: 2024-09-05 01:03:16,  Lat/Lon: -3.50071°/144.36°, Depth: 10
2024/09/05 08:10:32.779939 [Incident:Info:toast@toast-new:Magnitude updated] Magnitude updated: 6.28 (Mw(mB))
2024/09/05 08:10:32.780034 [Simulation:Info:toast@toast-new:Simulation not generated] Magnitude 6.28 of event bmg2024rlew is smaller than triggerMinMagnitude: no automatic simulation
2024/09/05 08:10:37.785363 [Incident:Info:toast@toast-new:Origin updated] Origin updated: OT: 2024-09-05 01:03:16,  Lat/Lon: -3.50071°/144.36°, Depth: 10
2024/09/05 08:10:37.786168 [Incident:Info:toast@toast-new:Magnitude updated] Magnitude updated: 6.28 (Mw(mB))
2024/09/05 08:10:37.786255 [Simulation:Info:toast@toast-new:Simulation not generated] Magnitude 6.28 of event bmg2024rlew is smaller than triggerMinMagnitude: no automatic simulation
2024/09/05 08:10:41.529453 [Incident:Info:toast@toast-new:Origin updated] Origin updated: OT: 2024-09-05 01:03:16,  Lat/Lon: -3.49959°/144.344°, Depth: 10
2024/09/05 08:10:41.530293 [Incident:Info:toast@toast-new:Magnitude updated] Magnitude updated: 6.28 (Mw(mB))
2024/09/05 08:10:41.530378 [Simulation:Info:toast@toast-new:Simulation not generated] Magnitude 6.28 of event bmg2024rlew is smaller than triggerMinMagnitude: no automatic simulation
2024/09/05 08:10:43.036500 [Incident:Info:toast@toast-new:Origin updated] Origin updated: OT: 2024-09-05 01:03:16,  Lat/Lon: -3.49959°/144.344°, Depth: 10
2024/09/05 08:10:43.036691 [Incident:Info:toast@toast-new:FM updated] FM updated
2024/09/05 08:10:43.037654 [Simulation:Info:toast@toast-new:Simulation not generated] Magnitude 6.28 of event bmg2024rlew is smaller than triggerMinMagnitude: no automatic simulation
2024/09/05 08:10:47.870268 [Incident:Info:toast@toast-new:Origin updated] Origin updated: OT: 2024-09-05 01:03:16,  Lat/Lon: -3.49959°/144.344°, Depth: 10
2024/09/05 08:10:47.871102 [Incident:Info:toast@toast-new:Magnitude updated] Magnitude updated: 6.26 (Mw(mB))
2024/09/05 08:10:47.871188 [Simulation:Info:toast@toast-new:Simulation not generated] Magnitude 6.26 of event bmg2024rlew is smaller than triggerMinMagnitude: no automatic simulation
2024/09/05 08:10:57.884180 [Incident:Info:toast@toast-new:Origin updated] Origin updated: OT: 2024-09-05 01:03:16,  Lat/Lon: -3.49959°/144.344°, Depth: 10
2024/09/05 08:10:57.885029 [Incident:Info:toast@toast-new:Magnitude updated] Magnitude updated: 6.26 (Mw(mB))
2024/09/05 08:10:57.885117 [Simulation:Info:toast@toast-new:Simulation not generated] Magnitude 6.26 of event bmg2024rlew is smaller than triggerMinMagnitude: no automatic simulation
2024/09/05 08:11:02.884989 [Incident:Info:toast@toast-new:Origin updated] Origin updated: OT: 2024-09-05 01:03:16,  Lat/Lon: -3.49959°/144.344°, Depth: 10
2024/09/05 08:11:02.885735 [Incident:Info:toast@toast-new:Magnitude updated] Magnitude updated: 6.25 (Mw(mB))
2024/09/05 08:11:02.885836 [Simulation:Info:toast@toast-new:Simulation not generated] Magnitude 6.25 of event bmg2024rlew is smaller than triggerMinMagnitude: no automatic simulation
2024/09/05 08:11:07.879317 [Incident:Info:toast@toast-new:Origin updated] Origin updated: OT: 2024-09-05 01:03:16,  Lat/Lon: -3.49959°/144.344°, Depth: 10
2024/09/05 08:11:07.880036 [Incident:Info:toast@toast-new:Magnitude updated] Magnitude updated: 6.24 (Mw(mB))
2024/09/05 08:11:07.880137 [Simulation:Info:toast@toast-new:Simulation not generated] Magnitude 6.24 of event bmg2024rlew is smaller than triggerMinMagnitude: no automatic simulation
2024/09/05 08:11:12.786753 [Incident:Info:toast@toast-new:Origin updated] Origin updated: OT: 2024-09-05 01:03:16,  Lat/Lon: -3.49959°/144.344°, Depth: 10
2024/09/05 08:11:12.787498 [Incident:Info:toast@toast-new:Magnitude updated] Magnitude updated: 6.24 (Mw(mB))
2024/09/05 08:11:12.787579 [Simulation:Info:toast@toast-new:Simulation not generated] Magnitude 6.24 of event bmg2024rlew is smaller than triggerMinMagnitude: no automatic simulation
2024/09/05 08:11:22.789455 [Incident:Info:toast@toast-new:Origin updated] Origin updated: OT: 2024-09-05 01:03:16,  Lat/Lon: -3.49959°/144.344°, Depth: 10
2024/09/05 08:11:22.790237 [Incident:Info:toast@toast-new:Magnitude updated] Magnitude updated: 6.23 (Mw(mB))
2024/09/05 08:11:22.790326 [Simulation:Info:toast@toast-new:Simulation not generated] Magnitude 6.23 of event bmg2024rlew is smaller than triggerMinMagnitude: no automatic simulation
2024/09/05 08:11:32.936170 [Incident:Info:toast@toast-new:Origin updated] Origin updated: OT: 2024-09-05 01:03:19,  Lat/Lon: -3.4368°/144.35°, Depth: 32.0706
2024/09/05 08:11:32.937385 [Incident:Info:toast@toast-new:Magnitude updated] Magnitude updated: 6.28 (Mw(mB))
2024/09/05 08:11:32.937491 [Simulation:Info:toast@toast-new:Simulation not generated] Magnitude 6.28 of event bmg2024rlew is smaller than triggerMinMagnitude: no automatic simulation
2024/09/05 08:11:43.129228 [Incident:Info:toast@toast-new:Origin updated] Origin updated: OT: 2024-09-05 01:03:19,  Lat/Lon: -3.4368°/144.35°, Depth: 32.0706
2024/09/05 08:11:43.129460 [Incident:Info:toast@toast-new:FM updated] FM updated
2024/09/05 08:11:43.130558 [Simulation:Info:toast@toast-new:Simulation not generated] Magnitude 6.28 of event bmg2024rlew is smaller than triggerMinMagnitude: no automatic simulation
2024/09/05 08:11:52.935329 [Incident:Info:toast@toast-new:Origin updated] Origin updated: OT: 2024-09-05 01:03:19,  Lat/Lon: -3.4368°/144.35°, Depth: 32.0706
2024/09/05 08:11:52.936113 [Incident:Info:toast@toast-new:Magnitude updated] Magnitude updated: 6.28 (Mw(mB))
2024/09/05 08:11:52.936201 [Simulation:Info:toast@toast-new:Simulation not generated] Magnitude 6.28 of event bmg2024rlew is smaller than triggerMinMagnitude: no automatic simulation
2024/09/05 08:12:03.014428 [Incident:Info:toast@toast-new:Origin updated] Origin updated: OT: 2024-09-05 01:03:19,  Lat/Lon: -3.4368°/144.35°, Depth: 32.0706
2024/09/05 08:12:03.014623 [Incident:Info:toast@toast-new:FM updated] FM updated
2024/09/05 08:12:03.015864 [Simulation:Info:toast@toast-new:Simulation not generated] Magnitude 6.28 of event bmg2024rlew is smaller than triggerMinMagnitude: no automatic simulation
2024/09/05 08:12:23.303833 [Incident:Info:toast@toast-new:Origin updated] Origin updated: OT: 2024-09-05 01:03:19,  Lat/Lon: -3.4368°/144.35°, Depth: 32.0706
2024/09/05 08:12:23.304063 [Incident:Info:toast@toast-new:FM updated] FM updated
2024/09/05 08:12:23.305731 [Simulation:Info:toast@toast-new:Simulation not generated] Magnitude 6.28 of event bmg2024rlew is smaller than triggerMinMagnitude: no automatic simulation
2024/09/05 08:12:33.202801 [Incident:Info:toast@toast-new:Origin updated] Origin updated: OT: 2024-09-05 01:03:19,  Lat/Lon: -3.4368°/144.35°, Depth: 32.0706
2024/09/05 08:12:33.203030 [Incident:Info:toast@toast-new:FM updated] FM updated
2024/09/05 08:12:33.204631 [Simulation:Info:toast@toast-new:Simulation not generated] Magnitude 6.28 of event bmg2024rlew is smaller than triggerMinMagnitude: no automatic simulation
2024/09/05 08:13:23.015541 [Incident:Info:toast@toast-new:Origin updated] Origin updated: OT: 2024-09-05 01:03:19,  Lat/Lon: -3.4368°/144.35°, Depth: 32.0706
2024/09/05 08:13:23.015760 [Incident:Info:toast@toast-new:FM updated] FM updated
2024/09/05 08:13:23.017004 [Simulation:Info:toast@toast-new:Simulation not generated] Magnitude 6.28 of event bmg2024rlew is smaller than triggerMinMagnitude: no automatic simulation
2024/09/05 08:14:13.387839 [Incident:Info:toast@toast-new:Origin updated] Origin updated: OT: 2024-09-05 01:03:19,  Lat/Lon: -3.4368°/144.35°, Depth: 32.0706
2024/09/05 08:14:13.388073 [Incident:Info:toast@toast-new:FM updated] FM updated
2024/09/05 08:14:13.389410 [Simulation:Info:toast@toast-new:Simulation not generated] Magnitude 6.28 of event bmg2024rlew is smaller than triggerMinMagnitude: no automatic simulation
2024/09/05 08:14:33.110975 [Incident:Info:toast@toast-new:Origin updated] Origin updated: OT: 2024-09-05 01:03:19,  Lat/Lon: -3.4368°/144.35°, Depth: 32.0706
2024/09/05 08:14:33.111220 [Simulation:Info:toast@toast-new:Simulation not generated] Magnitude 6.28 of event bmg2024rlew is smaller than triggerMinMagnitude: no automatic simulation
2024/09/05 08:14:46.251430 [Incident:Info:toast@toast-new:Origin updated] Origin updated: OT: 2024-09-05 01:03:19,  Lat/Lon: -3.4368°/144.35°, Depth: 32.0706
2024/09/05 08:14:46.251663 [Incident:Info:toast@toast-new:FM updated] FM updated
2024/09/05 08:14:46.252592 [Simulation:Info:toast@toast-new:Simulation not generated] Magnitude 6.28 of event bmg2024rlew is smaller than triggerMinMagnitude: no automatic simulation
2024/09/05 08:14:59.546508 [Incident:Info:toast@toast-new:Origin updated] Origin updated: OT: 2024-09-05 01:03:19,  Lat/Lon: -3.4368°/144.35°, Depth: 32.0706
2024/09/05 08:14:59.546748 [Simulation:Info:toast@toast-new:Simulation not generated] Magnitude 6.28 of event bmg2024rlew is smaller than triggerMinMagnitude: no automatic simulation
2024/09/05 08:15:06.987028 [Incident:Info:toast@toast-new:Origin updated] Origin updated: OT: 2024-09-05 01:03:19,  Lat/Lon: -3.4368°/144.35°, Depth: 32.0706
2024/09/05 08:15:06.987221 [Simulation:Info:toast@toast-new:Simulation not generated] Magnitude 6.28 of event bmg2024rlew is smaller than triggerMinMagnitude: no automatic simulation
2024/09/05 08:15:13.224643 [Incident:Info:toast@toast-new:Origin updated] Origin updated: OT: 2024-09-05 01:03:19,  Lat/Lon: -3.4368°/144.35°, Depth: 32.0706
2024/09/05 08:15:13.224879 [Incident:Info:toast@toast-new:FM updated] FM updated
2024/09/05 08:15:13.226274 [Simulation:Info:toast@toast-new:Simulation not generated] Magnitude 6.28 of event bmg2024rlew is smaller than triggerMinMagnitude: no automatic simulation
2024/09/05 08:15:16.589222 [Incident:Info:toast@toast-new:Origin updated] Origin updated: OT: 2024-09-05 01:03:19,  Lat/Lon: -3.4368°/144.35°, Depth: 32.0706
2024/09/05 08:15:16.589458 [Incident:Info:toast@toast-new:FM updated] FM updated
2024/09/05 08:15:16.590454 [Simulation:Info:toast@toast-new:Simulation not generated] Magnitude 6.28 of event bmg2024rlew is smaller than triggerMinMagnitude: no automatic simulation
2024/09/05 08:15:26.154104 [Incident:Info:toast@toast-new:Origin updated] Origin updated: OT: 2024-09-05 01:03:19,  Lat/Lon: -3.4368°/144.35°, Depth: 32.0706
2024/09/05 08:15:26.154344 [Simulation:Info:toast@toast-new:Simulation not generated] Magnitude 6.28 of event bmg2024rlew is smaller than triggerMinMagnitude: no automatic simulation
2024/09/05 08:15:33.132752 [Incident:Info:toast@toast-new:Origin updated] Origin updated: OT: 2024-09-05 01:03:19,  Lat/Lon: -3.4368°/144.35°, Depth: 32.0706
2024/09/05 08:15:33.132995 [Incident:Info:toast@toast-new:FM updated] FM updated
2024/09/05 08:15:33.134302 [Simulation:Info:toast@toast-new:Simulation not generated] Magnitude 6.28 of event bmg2024rlew is smaller than triggerMinMagnitude: no automatic simulation
2024/09/05 08:15:36.114874 [Incident:Info:toast@toast-new:Origin updated] Origin updated: OT: 2024-09-05 01:03:19,  Lat/Lon: -3.4368°/144.35°, Depth: 32.0706
2024/09/05 08:15:36.115122 [Incident:Info:toast@toast-new:FM updated] FM updated
2024/09/05 08:15:36.116036 [Simulation:Info:toast@toast-new:Simulation not generated] Magnitude 6.28 of event bmg2024rlew is smaller than triggerMinMagnitude: no automatic simulation
2024/09/05 08:15:46.672950 [Incident:Info:toast@toast-new:Origin updated] Origin updated: OT: 2024-09-05 01:03:19,  Lat/Lon: -3.4368°/144.35°, Depth: 32.0706
2024/09/05 08:15:46.673219 [Simulation:Info:toast@toast-new:Simulation not generated] Magnitude 6.28 of event bmg2024rlew is smaller than triggerMinMagnitude: no automatic simulation
2024/09/05 08:15:53.090817 [Incident:Info:toast@toast-new:Origin updated] Origin updated: OT: 2024-09-05 01:03:19,  Lat/Lon: -3.4368°/144.35°, Depth: 32.0706
2024/09/05 08:15:53.091018 [Incident:Info:toast@toast-new:FM updated] FM updated
2024/09/05 08:15:53.092166 [Simulation:Info:toast@toast-new:Simulation not generated] Magnitude 6.28 of event bmg2024rlew is smaller than triggerMinMagnitude: no automatic simulation
2024/09/05 08:15:56.544308 [Incident:Info:toast@toast-new:Origin updated] Origin updated: OT: 2024-09-05 01:03:19,  Lat/Lon: -3.4368°/144.35°, Depth: 32.0706
2024/09/05 08:15:56.544575 [Incident:Info:toast@toast-new:FM updated] FM updated
2024/09/05 08:15:56.545658 [Simulation:Info:toast@toast-new:Simulation not generated] Magnitude 6.28 of event bmg2024rlew is smaller than triggerMinMagnitude: no automatic simulation
2024/09/05 08:16:06.802184 [Incident:Info:toast@toast-new:Origin updated] Origin updated: OT: 2024-09-05 01:03:19,  Lat/Lon: -3.4368°/144.35°, Depth: 32.0706
2024/09/05 08:16:06.802412 [Simulation:Info:toast@toast-new:Simulation not generated] Magnitude 6.28 of event bmg2024rlew is smaller than triggerMinMagnitude: no automatic simulation
2024/09/05 08:16:16.249890 [Incident:Info:toast@toast-new:Origin updated] Origin updated: OT: 2024-09-05 01:03:19,  Lat/Lon: -3.4368°/144.35°, Depth: 32.0706
2024/09/05 08:16:16.250126 [Simulation:Info:toast@toast-new:Simulation not generated] Magnitude 6.28 of event bmg2024rlew is smaller than triggerMinMagnitude: no automatic simulation
2024/09/05 08:16:26.798815 [Incident:Info:toast@toast-new:Origin updated] Origin updated: OT: 2024-09-05 01:03:19,  Lat/Lon: -3.4368°/144.35°, Depth: 32.0706
2024/09/05 08:16:26.799024 [Incident:Info:toast@toast-new:FM updated] FM updated
2024/09/05 08:16:26.799352 [Simulation:Info:toast@toast-new:Simulation not generated] Magnitude 6.28 of event bmg2024rlew is smaller than triggerMinMagnitude: no automatic simulation
2024/09/05 08:16:36.952611 [Incident:Info:toast@toast-new:Origin updated] Origin updated: OT: 2024-09-05 01:03:19,  Lat/Lon: -3.4368°/144.35°, Depth: 32.0706
2024/09/05 08:16:36.952830 [Incident:Info:toast@toast-new:FM updated] FM updated
2024/09/05 08:16:36.953165 [Simulation:Info:toast@toast-new:Simulation not generated] Magnitude 6.28 of event bmg2024rlew is smaller than triggerMinMagnitude: no automatic simulation
2024/09/05 08:16:46.933495 [Incident:Info:toast@toast-new:Origin updated] Origin updated: OT: 2024-09-05 01:03:19,  Lat/Lon: -3.4368°/144.35°, Depth: 32.0706
2024/09/05 08:16:46.933709 [Simulation:Info:toast@toast-new:Simulation not generated] Magnitude 6.28 of event bmg2024rlew is smaller than triggerMinMagnitude: no automatic simulation
2024/09/05 08:16:57.823400 [Incident:Info:toast@toast-new:Origin updated] Origin updated: OT: 2024-09-05 01:03:19,  Lat/Lon: -3.4368°/144.35°, Depth: 32.0706
2024/09/05 08:16:57.823609 [Simulation:Info:toast@toast-new:Simulation not generated] Magnitude 6.28 of event bmg2024rlew is smaller than triggerMinMagnitude: no automatic simulation
2024/09/05 08:17:03.354374 [Incident:Info:toast@toast-new:Origin updated] Origin updated: OT: 2024-09-05 01:03:19,  Lat/Lon: -3.4368°/144.35°, Depth: 32.0706
2024/09/05 08:17:03.354603 [Incident:Info:toast@toast-new:FM updated] FM updated
2024/09/05 08:17:03.356068 [Simulation:Info:toast@toast-new:Simulation not generated] Magnitude 6.28 of event bmg2024rlew is smaller than triggerMinMagnitude: no automatic simulation
2024/09/05 08:17:07.417806 [Incident:Info:toast@toast-new:Origin updated] Origin updated: OT: 2024-09-05 01:03:19,  Lat/Lon: -3.4368°/144.35°, Depth: 32.0706
2024/09/05 08:17:07.418034 [Incident:Info:toast@toast-new:FM updated] FM updated
2024/09/05 08:17:07.419097 [Simulation:Info:toast@toast-new:Simulation not generated] Magnitude 6.28 of event bmg2024rlew is smaller than triggerMinMagnitude: no automatic simulation
2024/09/05 08:17:13.158618 [Incident:Info:toast@toast-new:Origin updated] Origin updated: OT: 2024-09-05 01:03:19,  Lat/Lon: -3.4368°/144.35°, Depth: 32.0706
2024/09/05 08:17:13.158854 [Incident:Info:toast@toast-new:FM updated] FM updated
2024/09/05 08:17:13.160315 [Simulation:Info:toast@toast-new:Simulation not generated] Magnitude 6.28 of event bmg2024rlew is smaller than triggerMinMagnitude: no automatic simulation
2024/09/05 08:17:17.130465 [Incident:Info:toast@toast-new:Origin updated] Origin updated: OT: 2024-09-05 01:03:19,  Lat/Lon: -3.4368°/144.35°, Depth: 32.0706
2024/09/05 08:17:17.130697 [Incident:Info:toast@toast-new:FM updated] FM updated
2024/09/05 08:17:17.131698 [Simulation:Info:toast@toast-new:Simulation not generated] Magnitude 6.28 of event bmg2024rlew is smaller than triggerMinMagnitude: no automatic simulation
2024/09/05 08:17:27.243256 [Incident:Info:toast@toast-new:Origin updated] Origin updated: OT: 2024-09-05 01:03:19,  Lat/Lon: -3.4368°/144.35°, Depth: 32.0706
2024/09/05 08:17:27.243489 [Simulation:Info:toast@toast-new:Simulation not generated] Magnitude 6.28 of event bmg2024rlew is smaller than triggerMinMagnitude: no automatic simulation
2024/09/05 08:17:33.166896 [Incident:Info:toast@toast-new:Origin updated] Origin updated: OT: 2024-09-05 01:03:19,  Lat/Lon: -3.4368°/144.35°, Depth: 32.0706
2024/09/05 08:17:33.167124 [Incident:Info:toast@toast-new:FM updated] FM updated
2024/09/05 08:17:33.168571 [Simulation:Info:toast@toast-new:Simulation not generated] Magnitude 6.28 of event bmg2024rlew is smaller than triggerMinMagnitude: no automatic simulation
2024/09/05 08:17:37.088730 [Incident:Info:toast@toast-new:Origin updated] Origin updated: OT: 2024-09-05 01:03:19,  Lat/Lon: -3.4368°/144.35°, Depth: 32.0706
2024/09/05 08:17:37.088918 [Incident:Info:toast@toast-new:FM updated] FM updated
2024/09/05 08:17:37.089875 [Simulation:Info:toast@toast-new:Simulation not generated] Magnitude 6.28 of event bmg2024rlew is smaller than triggerMinMagnitude: no automatic simulation
2024/09/05 08:17:43.173270 [Incident:Info:toast@toast-new:Origin updated] Origin updated: OT: 2024-09-05 01:03:19,  Lat/Lon: -3.4368°/144.35°, Depth: 32.0706
2024/09/05 08:17:43.173536 [Incident:Info:toast@toast-new:FM updated] FM updated
2024/09/05 08:17:43.175112 [Simulation:Info:toast@toast-new:Simulation not generated] Magnitude 6.28 of event bmg2024rlew is smaller than triggerMinMagnitude: no automatic simulation
2024/09/05 08:17:47.460847 [Incident:Info:toast@toast-new:Origin updated] Origin updated: OT: 2024-09-05 01:03:19,  Lat/Lon: -3.4368°/144.35°, Depth: 32.0706
2024/09/05 08:17:47.461072 [Incident:Info:toast@toast-new:FM updated] FM updated
2024/09/05 08:17:47.462161 [Simulation:Info:toast@toast-new:Simulation not generated] Magnitude 6.28 of event bmg2024rlew is smaller than triggerMinMagnitude: no automatic simulation
2024/09/05 08:17:57.208505 [Incident:Info:toast@toast-new:Origin updated] Origin updated: OT: 2024-09-05 01:03:19,  Lat/Lon: -3.4368°/144.35°, Depth: 32.0706
2024/09/05 08:17:57.208760 [Simulation:Info:toast@toast-new:Simulation not generated] Magnitude 6.28 of event bmg2024rlew is smaller than triggerMinMagnitude: no automatic simulation
2024/09/05 08:18:03.395826 [Incident:Info:toast@toast-new:Origin updated] Origin updated: OT: 2024-09-05 01:03:19,  Lat/Lon: -3.4368°/144.35°, Depth: 32.0706
2024/09/05 08:18:03.396069 [Incident:Info:toast@toast-new:FM updated] FM updated
2024/09/05 08:18:03.397554 [Simulation:Info:toast@toast-new:Simulation not generated] Magnitude 6.28 of event bmg2024rlew is smaller than triggerMinMagnitude: no automatic simulation
2024/09/05 08:18:07.093934 [Incident:Info:toast@toast-new:Origin updated] Origin updated: OT: 2024-09-05 01:03:19,  Lat/Lon: -3.4368°/144.35°, Depth: 32.0706
2024/09/05 08:18:07.094118 [Incident:Info:toast@toast-new:FM updated] FM updated
2024/09/05 08:18:07.094994 [Simulation:Info:toast@toast-new:Simulation not generated] Magnitude 6.28 of event bmg2024rlew is smaller than triggerMinMagnitude: no automatic simulation
2024/09/05 08:18:13.137728 [Incident:Info:toast@toast-new:Origin updated] Origin updated: OT: 2024-09-05 01:03:19,  Lat/Lon: -3.4368°/144.35°, Depth: 32.0706
2024/09/05 08:18:13.137954 [Incident:Info:toast@toast-new:FM updated] FM updated
2024/09/05 08:18:13.139364 [Simulation:Info:toast@toast-new:Simulation not generated] Magnitude 6.28 of event bmg2024rlew is smaller than triggerMinMagnitude: no automatic simulation
2024/09/05 08:18:17.866442 [Incident:Info:toast@toast-new:Origin updated] Origin updated: OT: 2024-09-05 01:03:19,  Lat/Lon: -3.4368°/144.35°, Depth: 32.0706
2024/09/05 08:18:17.866661 [Incident:Info:toast@toast-new:FM updated] FM updated
2024/09/05 08:18:17.867636 [Simulation:Info:toast@toast-new:Simulation not generated] Magnitude 6.28 of event bmg2024rlew is smaller than triggerMinMagnitude: no automatic simulation
2024/09/05 08:18:27.681457 [Incident:Info:toast@toast-new:Origin updated] Origin updated: OT: 2024-09-05 01:03:19,  Lat/Lon: -3.4368°/144.35°, Depth: 32.0706
2024/09/05 08:18:27.681713 [Simulation:Info:toast@toast-new:Simulation not generated] Magnitude 6.28 of event bmg2024rlew is smaller than triggerMinMagnitude: no automatic simulation
2024/09/05 08:18:37.801061 [Incident:Info:toast@toast-new:Origin updated] Origin updated: OT: 2024-09-05 01:03:19,  Lat/Lon: -3.4368°/144.35°, Depth: 32.0706
2024/09/05 08:18:37.801274 [Simulation:Info:toast@toast-new:Simulation not generated] Magnitude 6.28 of event bmg2024rlew is smaller than triggerMinMagnitude: no automatic simulation
2024/09/05 08:18:48.956833 [Incident:Info:toast@toast-new:Origin updated] Origin updated: OT: 2024-09-05 01:03:19,  Lat/Lon: -3.4368°/144.35°, Depth: 32.0706
2024/09/05 08:18:48.957029 [Simulation:Info:toast@toast-new:Simulation not generated] Magnitude 6.28 of event bmg2024rlew is smaller than triggerMinMagnitude: no automatic simulation
2024/09/05 08:19:23.263106 [Incident:Info:toast@toast-new:Origin updated] Origin updated: OT: 2024-09-05 01:03:19,  Lat/Lon: -3.4368°/144.35°, Depth: 32.0706
2024/09/05 08:19:23.263335 [Incident:Info:toast@toast-new:FM updated] FM updated
2024/09/05 08:19:23.263719 [Simulation:Info:toast@toast-new:Simulation not generated] Magnitude 6.28 of event bmg2024rlew is smaller than triggerMinMagnitude: no automatic simulation
2024/09/05 08:19:33.213479 [Incident:Info:toast@toast-new:Origin updated] Origin updated: OT: 2024-09-05 01:03:19,  Lat/Lon: -3.4368°/144.35°, Depth: 32.0706
2024/09/05 08:19:33.213678 [Simulation:Info:toast@toast-new:Simulation not generated] Magnitude 6.28 of event bmg2024rlew is smaller than triggerMinMagnitude: no automatic simulation
2024/09/05 08:19:43.219813 [Incident:Info:toast@toast-new:Origin updated] Origin updated: OT: 2024-09-05 01:03:19,  Lat/Lon: -3.4368°/144.35°, Depth: 32.0706
2024/09/05 08:19:43.220043 [Incident:Info:toast@toast-new:FM updated] FM updated
2024/09/05 08:19:43.220421 [Simulation:Info:toast@toast-new:Simulation not generated] Magnitude 6.28 of event bmg2024rlew is smaller than triggerMinMagnitude: no automatic simulation
2024/09/05 08:20:23.660522 [Incident:Info:toast@toast-new:Origin updated] Origin updated: OT: 2024-09-05 01:03:19,  Lat/Lon: -3.4368°/144.35°, Depth: 32.0706
2024/09/05 08:20:23.660710 [Incident:Info:toast@toast-new:FM updated] FM updated
2024/09/05 08:20:23.661012 [Simulation:Info:toast@toast-new:Simulation not generated] Magnitude 6.28 of event bmg2024rlew is smaller than triggerMinMagnitude: no automatic simulation
2024/09/05 08:20:43.617419 [Incident:Info:toast@toast-new:Origin updated] Origin updated: OT: 2024-09-05 01:03:19,  Lat/Lon: -3.4368°/144.35°, Depth: 32.0706
2024/09/05 08:20:43.617642 [Incident:Info:toast@toast-new:FM updated] FM updated
2024/09/05 08:20:43.617984 [Simulation:Info:toast@toast-new:Simulation not generated] Magnitude 6.28 of event bmg2024rlew is smaller than triggerMinMagnitude: no automatic simulation
2024/09/05 08:20:53.235502 [Incident:Info:toast@toast-new:Origin updated] Origin updated: OT: 2024-09-05 01:03:19,  Lat/Lon: -3.4368°/144.35°, Depth: 32.0706
2024/09/05 08:20:53.235741 [Simulation:Info:toast@toast-new:Simulation not generated] Magnitude 6.28 of event bmg2024rlew is smaller than triggerMinMagnitude: no automatic simulation
2024/09/05 08:21:43.300445 [Incident:Info:toast@toast-new:Origin updated] Origin updated: OT: 2024-09-05 01:03:19,  Lat/Lon: -3.4368°/144.35°, Depth: 32.0706
2024/09/05 08:21:43.300687 [Simulation:Info:toast@toast-new:Simulation not generated] Magnitude 6.28 of event bmg2024rlew is smaller than triggerMinMagnitude: no automatic simulation
2024/09/05 08:22:03.199311 [Incident:Info:toast@toast-new:Origin updated] Origin updated: OT: 2024-09-05 01:03:19,  Lat/Lon: -3.4368°/144.35°, Depth: 32.0706
2024/09/05 08:22:03.199559 [Incident:Info:toast@toast-new:FM updated] FM updated
2024/09/05 08:22:03.199933 [Simulation:Info:toast@toast-new:Simulation not generated] Magnitude 6.28 of event bmg2024rlew is smaller than triggerMinMagnitude: no automatic simulation
2024/09/05 08:22:13.266835 [Incident:Info:toast@toast-new:Origin updated] Origin updated: OT: 2024-09-05 01:03:19,  Lat/Lon: -3.4368°/144.35°, Depth: 32.0706
2024/09/05 08:22:13.267074 [Incident:Info:toast@toast-new:FM updated] FM updated
2024/09/05 08:22:13.267464 [Simulation:Info:toast@toast-new:Simulation not generated] Magnitude 6.28 of event bmg2024rlew is smaller than triggerMinMagnitude: no automatic simulation
2024/09/05 08:22:33.275787 [Incident:Info:toast@toast-new:Origin updated] Origin updated: OT: 2024-09-05 01:03:19,  Lat/Lon: -3.4368°/144.35°, Depth: 32.0706
2024/09/05 08:22:33.276026 [Incident:Info:toast@toast-new:FM updated] FM updated
2024/09/05 08:22:33.276430 [Simulation:Info:toast@toast-new:Simulation not generated] Magnitude 6.28 of event bmg2024rlew is smaller than triggerMinMagnitude: no automatic simulation
2024/09/05 08:22:43.302006 [Incident:Info:toast@toast-new:Origin updated] Origin updated: OT: 2024-09-05 01:03:19,  Lat/Lon: -3.4368°/144.35°, Depth: 32.0706
2024/09/05 08:22:43.302307 [Incident:Info:toast@toast-new:FM updated] FM updated
2024/09/05 08:22:43.302848 [Simulation:Info:toast@toast-new:Simulation not generated] Magnitude 6.28 of event bmg2024rlew is smaller than triggerMinMagnitude: no automatic simulation
2024/09/05 08:22:53.352147 [Incident:Info:toast@toast-new:Origin updated] Origin updated: OT: 2024-09-05 01:03:19,  Lat/Lon: -3.4368°/144.35°, Depth: 32.0706
2024/09/05 08:22:53.352388 [Simulation:Info:toast@toast-new:Simulation not generated] Magnitude 6.28 of event bmg2024rlew is smaller than triggerMinMagnitude: no automatic simulation
2024/09/05 08:23:13.299040 [Incident:Info:toast@toast-new:Origin updated] Origin updated: OT: 2024-09-05 01:03:19,  Lat/Lon: -3.4368°/144.35°, Depth: 32.0706
2024/09/05 08:23:13.299266 [Incident:Info:toast@toast-new:FM updated] FM updated
2024/09/05 08:23:13.299638 [Simulation:Info:toast@toast-new:Simulation not generated] Magnitude 6.28 of event bmg2024rlew is smaller than triggerMinMagnitude: no automatic simulation
2024/09/05 08:23:33.481476 [Incident:Info:toast@toast-new:Origin updated] Origin updated: OT: 2024-09-05 01:03:19,  Lat/Lon: -3.4368°/144.35°, Depth: 32.0706
2024/09/05 08:23:33.481730 [Simulation:Info:toast@toast-new:Simulation not generated] Magnitude 6.28 of event bmg2024rlew is smaller than triggerMinMagnitude: no automatic simulation
2024/09/05 08:23:43.325516 [Incident:Info:toast@toast-new:Origin updated] Origin updated: OT: 2024-09-05 01:03:19,  Lat/Lon: -3.4368°/144.35°, Depth: 32.0706
2024/09/05 08:23:43.325751 [Incident:Info:toast@toast-new:FM updated] FM updated
2024/09/05 08:23:43.326132 [Simulation:Info:toast@toast-new:Simulation not generated] Magnitude 6.28 of event bmg2024rlew is smaller than triggerMinMagnitude: no automatic simulation
2024/09/05 08:23:53.505066 [Incident:Info:toast@toast-new:Origin updated] Origin updated: OT: 2024-09-05 01:03:19,  Lat/Lon: -3.4368°/144.35°, Depth: 32.0706
2024/09/05 08:23:53.505331 [Simulation:Info:toast@toast-new:Simulation not generated] Magnitude 6.28 of event bmg2024rlew is smaller than triggerMinMagnitude: no automatic simulation
2024/09/05 08:24:03.576122 [Incident:Info:toast@toast-new:Origin updated] Origin updated: OT: 2024-09-05 01:03:19,  Lat/Lon: -3.4368°/144.35°, Depth: 32.0706
2024/09/05 08:24:03.576372 [Incident:Info:toast@toast-new:FM updated] FM updated
2024/09/05 08:24:03.576800 [Simulation:Info:toast@toast-new:Simulation not generated] Magnitude 6.28 of event bmg2024rlew is smaller than triggerMinMagnitude: no automatic simulation
2024/09/05 08:24:23.420558 [Incident:Info:toast@toast-new:Origin updated] Origin updated: OT: 2024-09-05 01:03:19,  Lat/Lon: -3.4368°/144.35°, Depth: 32.0706
2024/09/05 08:24:23.420791 [Incident:Info:toast@toast-new:FM updated] FM updated
2024/09/05 08:24:23.421173 [Simulation:Info:toast@toast-new:Simulation not generated] Magnitude 6.28 of event bmg2024rlew is smaller than triggerMinMagnitude: no automatic simulation
2024/09/05 08:24:33.364117 [Incident:Info:toast@toast-new:Origin updated] Origin updated: OT: 2024-09-05 01:03:19,  Lat/Lon: -3.4368°/144.35°, Depth: 32.0706
2024/09/05 08:24:33.364357 [Simulation:Info:toast@toast-new:Simulation not generated] Magnitude 6.28 of event bmg2024rlew is smaller than triggerMinMagnitude: no automatic simulation
2024/09/05 08:24:43.486657 [Incident:Info:toast@toast-new:Origin updated] Origin updated: OT: 2024-09-05 01:03:19,  Lat/Lon: -3.4368°/144.35°, Depth: 32.0706
2024/09/05 08:24:43.486898 [Incident:Info:toast@toast-new:FM updated] FM updated
2024/09/05 08:24:43.487300 [Simulation:Info:toast@toast-new:Simulation not generated] Magnitude 6.28 of event bmg2024rlew is smaller than triggerMinMagnitude: no automatic simulation
2024/09/05 08:25:03.628977 [Incident:Info:toast@toast-new:Origin updated] Origin updated: OT: 2024-09-05 01:03:19,  Lat/Lon: -3.4368°/144.35°, Depth: 32.0706
2024/09/05 08:25:03.629175 [Incident:Info:toast@toast-new:FM updated] FM updated
2024/09/05 08:25:03.629523 [Simulation:Info:toast@toast-new:Simulation not generated] Magnitude 6.28 of event bmg2024rlew is smaller than triggerMinMagnitude: no automatic simulation
2024/09/05 08:25:13.571003 [Incident:Info:toast@toast-new:Origin updated] Origin updated: OT: 2024-09-05 01:03:19,  Lat/Lon: -3.4368°/144.35°, Depth: 32.0706
2024/09/05 08:25:13.571241 [Simulation:Info:toast@toast-new:Simulation not generated] Magnitude 6.28 of event bmg2024rlew is smaller than triggerMinMagnitude: no automatic simulation
2024/09/05 08:25:23.399015 [Incident:Info:toast@toast-new:Origin updated] Origin updated: OT: 2024-09-05 01:03:19,  Lat/Lon: -3.4368°/144.35°, Depth: 32.0706
2024/09/05 08:25:23.399256 [Simulation:Info:toast@toast-new:Simulation not generated] Magnitude 6.28 of event bmg2024rlew is smaller than triggerMinMagnitude: no automatic simulation
2024/09/05 08:25:33.554932 [Incident:Info:toast@toast-new:Origin updated] Origin updated: OT: 2024-09-05 01:03:19,  Lat/Lon: -3.4368°/144.35°, Depth: 32.0706
2024/09/05 08:25:33.555249 [Incident:Info:toast@toast-new:FM updated] FM updated
2024/09/05 08:25:33.555829 [Simulation:Info:toast@toast-new:Simulation not generated] Magnitude 6.28 of event bmg2024rlew is smaller than triggerMinMagnitude: no automatic simulation
2024/09/05 08:25:43.419005 [Incident:Info:toast@toast-new:Origin updated] Origin updated: OT: 2024-09-05 01:03:19,  Lat/Lon: -3.4368°/144.35°, Depth: 32.0706
2024/09/05 08:25:43.419226 [Simulation:Info:toast@toast-new:Simulation not generated] Magnitude 6.28 of event bmg2024rlew is smaller than triggerMinMagnitude: no automatic simulation
2024/09/05 08:25:53.742438 [Incident:Info:toast@toast-new:Origin updated] Origin updated: OT: 2024-09-05 01:03:19,  Lat/Lon: -3.4368°/144.35°, Depth: 32.0706
2024/09/05 08:25:53.742668 [Incident:Info:toast@toast-new:FM updated] FM updated
2024/09/05 08:25:53.743006 [Simulation:Info:toast@toast-new:Simulation not generated] Magnitude 6.28 of event bmg2024rlew is smaller than triggerMinMagnitude: no automatic simulation
2024/09/05 08:26:03.454633 [Incident:Info:toast@toast-new:Origin updated] Origin updated: OT: 2024-09-05 01:03:19,  Lat/Lon: -3.4368°/144.35°, Depth: 32.0706
2024/09/05 08:26:03.454863 [Simulation:Info:toast@toast-new:Simulation not generated] Magnitude 6.28 of event bmg2024rlew is smaller than triggerMinMagnitude: no automatic simulation
2024/09/05 08:26:13.714383 [Incident:Info:toast@toast-new:Origin updated] Origin updated: OT: 2024-09-05 01:03:19,  Lat/Lon: -3.4368°/144.35°, Depth: 32.0706
2024/09/05 08:26:13.714578 [Simulation:Info:toast@toast-new:Simulation not generated] Magnitude 6.28 of event bmg2024rlew is smaller than triggerMinMagnitude: no automatic simulation
2024/09/05 08:26:23.545206 [Incident:Info:toast@toast-new:Origin updated] Origin updated: OT: 2024-09-05 01:03:19,  Lat/Lon: -3.4368°/144.35°, Depth: 32.0706
2024/09/05 08:26:23.545436 [Incident:Info:toast@toast-new:FM updated] FM updated
2024/09/05 08:26:23.545808 [Simulation:Info:toast@toast-new:Simulation not generated] Magnitude 6.28 of event bmg2024rlew is smaller than triggerMinMagnitude: no automatic simulation
2024/09/05 08:26:33.857997 [Incident:Info:toast@toast-new:Origin updated] Origin updated: OT: 2024-09-05 01:03:19,  Lat/Lon: -3.4368°/144.35°, Depth: 32.0706
2024/09/05 08:26:33.858205 [Simulation:Info:toast@toast-new:Simulation not generated] Magnitude 6.28 of event bmg2024rlew is smaller than triggerMinMagnitude: no automatic simulation
2024/09/05 08:26:43.557613 [Incident:Info:toast@toast-new:Origin updated] Origin updated: OT: 2024-09-05 01:03:19,  Lat/Lon: -3.4368°/144.35°, Depth: 32.0706
2024/09/05 08:26:43.557838 [Simulation:Info:toast@toast-new:Simulation not generated] Magnitude 6.28 of event bmg2024rlew is smaller than triggerMinMagnitude: no automatic simulation
2024/09/05 08:26:53.775673 [Incident:Info:toast@toast-new:Origin updated] Origin updated: OT: 2024-09-05 01:03:19,  Lat/Lon: -3.4368°/144.35°, Depth: 32.0706
2024/09/05 08:26:53.775866 [Simulation:Info:toast@toast-new:Simulation not generated] Magnitude 6.28 of event bmg2024rlew is smaller than triggerMinMagnitude: no automatic simulation
2024/09/05 08:27:04.253069 [Incident:Info:toast@toast-new:Origin updated] Origin updated: OT: 2024-09-05 01:03:19,  Lat/Lon: -3.4368°/144.35°, Depth: 32.0706
2024/09/05 08:27:04.253313 [Incident:Info:toast@toast-new:FM updated] FM updated
2024/09/05 08:27:04.253699 [Simulation:Info:toast@toast-new:Simulation not generated] Magnitude 6.28 of event bmg2024rlew is smaller than triggerMinMagnitude: no automatic simulation
2024/09/05 08:27:13.811143 [Incident:Info:toast@toast-new:Origin updated] Origin updated: OT: 2024-09-05 01:03:19,  Lat/Lon: -3.4368°/144.35°, Depth: 32.0706
2024/09/05 08:27:13.811309 [Simulation:Info:toast@toast-new:Simulation not generated] Magnitude 6.28 of event bmg2024rlew is smaller than triggerMinMagnitude: no automatic simulation
2024/09/05 08:27:23.885228 [Incident:Info:toast@toast-new:Origin updated] Origin updated: OT: 2024-09-05 01:03:19,  Lat/Lon: -3.4368°/144.35°, Depth: 32.0706
2024/09/05 08:27:23.885429 [Simulation:Info:toast@toast-new:Simulation not generated] Magnitude 6.28 of event bmg2024rlew is smaller than triggerMinMagnitude: no automatic simulation
2024/09/05 08:27:33.861927 [Incident:Info:toast@toast-new:Origin updated] Origin updated: OT: 2024-09-05 01:03:19,  Lat/Lon: -3.4368°/144.35°, Depth: 32.0706
2024/09/05 08:27:33.862131 [Simulation:Info:toast@toast-new:Simulation not generated] Magnitude 6.28 of event bmg2024rlew is smaller than triggerMinMagnitude: no automatic simulation
2024/09/05 08:27:43.676329 [Incident:Info:toast@toast-new:Origin updated] Origin updated: OT: 2024-09-05 01:03:19,  Lat/Lon: -3.4368°/144.35°, Depth: 32.0706
2024/09/05 08:27:43.676496 [Simulation:Info:toast@toast-new:Simulation not generated] Magnitude 6.28 of event bmg2024rlew is smaller than triggerMinMagnitude: no automatic simulation
2024/09/05 08:28:23.653054 [Incident:Info:toast@toast-new:Origin updated] Origin updated: OT: 2024-09-05 01:03:19,  Lat/Lon: -3.4368°/144.35°, Depth: 32.0706
2024/09/05 08:28:23.653295 [Simulation:Info:toast@toast-new:Simulation not generated] Magnitude 6.28 of event bmg2024rlew is smaller than triggerMinMagnitude: no automatic simulation
2024/09/05 08:28:33.722337 [Incident:Info:toast@toast-new:Origin updated] Origin updated: OT: 2024-09-05 01:03:19,  Lat/Lon: -3.4368°/144.35°, Depth: 32.0706
2024/09/05 08:28:33.722529 [Simulation:Info:toast@toast-new:Simulation not generated] Magnitude 6.28 of event bmg2024rlew is smaller than triggerMinMagnitude: no automatic simulation
2024/09/05 08:28:43.696783 [Incident:Info:toast@toast-new:Origin updated] Origin updated: OT: 2024-09-05 01:03:19,  Lat/Lon: -3.4368°/144.35°, Depth: 32.0706
2024/09/05 08:28:43.696974 [Simulation:Info:toast@toast-new:Simulation not generated] Magnitude 6.28 of event bmg2024rlew is smaller than triggerMinMagnitude: no automatic simulation
2024/09/05 08:29:03.639840 [Incident:Info:toast@toast-new:Origin updated] Origin updated: OT: 2024-09-05 01:03:19,  Lat/Lon: -3.4368°/144.35°, Depth: 32.0706
2024/09/05 08:29:03.640010 [Simulation:Info:toast@toast-new:Simulation not generated] Magnitude 6.28 of event bmg2024rlew is smaller than triggerMinMagnitude: no automatic simulation
2024/09/05 08:29:14.082496 [Incident:Info:toast@toast-new:Origin updated] Origin updated: OT: 2024-09-05 01:03:19,  Lat/Lon: -3.4368°/144.35°, Depth: 32.0706
2024/09/05 08:29:14.082716 [Simulation:Info:toast@toast-new:Simulation not generated] Magnitude 6.28 of event bmg2024rlew is smaller than triggerMinMagnitude: no automatic simulation
2024/09/05 08:29:53.578454 [Incident:Info:toast@toast-new:Origin updated] Origin updated: OT: 2024-09-05 01:03:19,  Lat/Lon: -3.4368°/144.35°, Depth: 32.0706
2024/09/05 08:29:53.578746 [Simulation:Info:toast@toast-new:Simulation not generated] Magnitude 6.28 of event bmg2024rlew is smaller than triggerMinMagnitude: no automatic simulation
2024/09/05 08:30:13.848354 [Incident:Info:toast@toast-new:Origin updated] Origin updated: OT: 2024-09-05 01:03:19,  Lat/Lon: -3.4368°/144.35°, Depth: 32.0706
2024/09/05 08:30:13.848573 [Incident:Info:toast@toast-new:FM updated] FM updated
2024/09/05 08:30:13.848931 [Simulation:Info:toast@toast-new:Simulation not generated] Magnitude 6.28 of event bmg2024rlew is smaller than triggerMinMagnitude: no automatic simulation
2024/09/05 08:30:23.762672 [Incident:Info:toast@toast-new:Origin updated] Origin updated: OT: 2024-09-05 01:03:19,  Lat/Lon: -3.4368°/144.35°, Depth: 32.0706
2024/09/05 08:30:23.762863 [Simulation:Info:toast@toast-new:Simulation not generated] Magnitude 6.28 of event bmg2024rlew is smaller than triggerMinMagnitude: no automatic simulation
2024/09/05 08:30:33.585020 [Incident:Info:toast@toast-new:Origin updated] Origin updated: OT: 2024-09-05 01:03:19,  Lat/Lon: -3.4368°/144.35°, Depth: 32.0706
2024/09/05 08:30:33.585260 [Simulation:Info:toast@toast-new:Simulation not generated] Magnitude 6.28 of event bmg2024rlew is smaller than triggerMinMagnitude: no automatic simulation
2024/09/05 08:30:43.671324 [Incident:Info:toast@toast-new:Origin updated] Origin updated: OT: 2024-09-05 01:03:19,  Lat/Lon: -3.4368°/144.35°, Depth: 32.0706
2024/09/05 08:30:43.671520 [Simulation:Info:toast@toast-new:Simulation not generated] Magnitude 6.28 of event bmg2024rlew is smaller than triggerMinMagnitude: no automatic simulation
2024/09/05 08:30:53.712264 [Incident:Info:toast@toast-new:Origin updated] Origin updated: OT: 2024-09-05 01:03:19,  Lat/Lon: -3.4368°/144.35°, Depth: 32.0706
2024/09/05 08:30:53.712468 [Simulation:Info:toast@toast-new:Simulation not generated] Magnitude 6.28 of event bmg2024rlew is smaller than triggerMinMagnitude: no automatic simulation
2024/09/05 08:31:13.729018 [Incident:Info:toast@toast-new:Origin updated] Origin updated: OT: 2024-09-05 01:03:19,  Lat/Lon: -3.4368°/144.35°, Depth: 32.0706
2024/09/05 08:31:13.729278 [Incident:Info:toast@toast-new:FM updated] FM updated
2024/09/05 08:31:13.729610 [Simulation:Info:toast@toast-new:Simulation not generated] Magnitude 6.28 of event bmg2024rlew is smaller than triggerMinMagnitude: no automatic simulation
2024/09/05 08:31:23.714825 [Incident:Info:toast@toast-new:Origin updated] Origin updated: OT: 2024-09-05 01:03:19,  Lat/Lon: -3.4368°/144.35°, Depth: 32.0706
2024/09/05 08:31:23.715021 [Simulation:Info:toast@toast-new:Simulation not generated] Magnitude 6.28 of event bmg2024rlew is smaller than triggerMinMagnitude: no automatic simulation
2024/09/05 08:31:43.755167 [Incident:Info:toast@toast-new:Origin updated] Origin updated: OT: 2024-09-05 01:03:19,  Lat/Lon: -3.4368°/144.35°, Depth: 32.0706
2024/09/05 08:31:43.755389 [Incident:Info:toast@toast-new:FM updated] FM updated
2024/09/05 08:31:43.755749 [Simulation:Info:toast@toast-new:Simulation not generated] Magnitude 6.28 of event bmg2024rlew is smaller than triggerMinMagnitude: no automatic simulation
2024/09/05 08:32:13.979466 [Incident:Info:toast@toast-new:Origin updated] Origin updated: OT: 2024-09-05 01:03:19,  Lat/Lon: -3.4368°/144.35°, Depth: 32.0706
2024/09/05 08:32:13.979665 [Incident:Info:toast@toast-new:FM updated] FM updated
2024/09/05 08:32:13.979983 [Simulation:Info:toast@toast-new:Simulation not generated] Magnitude 6.28 of event bmg2024rlew is smaller than triggerMinMagnitude: no automatic simulation
2024/09/05 08:32:23.801006 [Incident:Info:toast@toast-new:Origin updated] Origin updated: OT: 2024-09-05 01:03:19,  Lat/Lon: -3.4368°/144.35°, Depth: 32.0706
2024/09/05 08:32:23.801210 [Incident:Info:toast@toast-new:FM updated] FM updated
2024/09/05 08:32:23.801530 [Simulation:Info:toast@toast-new:Simulation not generated] Magnitude 6.28 of event bmg2024rlew is smaller than triggerMinMagnitude: no automatic simulation
2024/09/05 08:33:03.807715 [Incident:Info:toast@toast-new:Origin updated] Origin updated: OT: 2024-09-05 01:03:19,  Lat/Lon: -3.4368°/144.35°, Depth: 32.0706
2024/09/05 08:33:03.807910 [Incident:Info:toast@toast-new:FM updated] FM updated
2024/09/05 08:33:03.808217 [Simulation:Info:toast@toast-new:Simulation not generated] Magnitude 6.28 of event bmg2024rlew is smaller than triggerMinMagnitude: no automatic simulation
2024/09/05 08:33:43.830933 [Incident:Info:toast@toast-new:Origin updated] Origin updated: OT: 2024-09-05 01:03:19,  Lat/Lon: -3.4368°/144.35°, Depth: 32.0706
2024/09/05 08:33:43.831123 [Incident:Info:toast@toast-new:FM updated] FM updated
2024/09/05 08:33:43.831426 [Simulation:Info:toast@toast-new:Simulation not generated] Magnitude 6.28 of event bmg2024rlew is smaller than triggerMinMagnitude: no automatic simulation
2024/09/05 08:34:14.091702 [Incident:Info:toast@toast-new:Origin updated] Origin updated: OT: 2024-09-05 01:03:19,  Lat/Lon: -3.4368°/144.35°, Depth: 32.0706
2024/09/05 08:34:14.091896 [Incident:Info:toast@toast-new:FM updated] FM updated
2024/09/05 08:34:14.092216 [Simulation:Info:toast@toast-new:Simulation not generated] Magnitude 6.28 of event bmg2024rlew is smaller than triggerMinMagnitude: no automatic simulation
2024/09/05 08:34:23.678150 [Incident:Info:toast@toast-new:Origin updated] Origin updated: OT: 2024-09-05 01:03:19,  Lat/Lon: -3.4368°/144.35°, Depth: 32.0706
2024/09/05 08:34:23.678347 [Incident:Info:toast@toast-new:FM updated] FM updated
2024/09/05 08:34:23.678665 [Simulation:Info:toast@toast-new:Simulation not generated] Magnitude 6.28 of event bmg2024rlew is smaller than triggerMinMagnitude: no automatic simulation
2024/09/05 08:34:44.187554 [Incident:Info:toast@toast-new:Origin updated] Origin updated: OT: 2024-09-05 01:03:19,  Lat/Lon: -3.4368°/144.35°, Depth: 32.0706
2024/09/05 08:34:44.187782 [Incident:Info:toast@toast-new:FM updated] FM updated
2024/09/05 08:34:44.188157 [Simulation:Info:toast@toast-new:Simulation not generated] Magnitude 6.28 of event bmg2024rlew is smaller than triggerMinMagnitude: no automatic simulation
2024/09/05 08:34:53.970990 [Incident:Info:toast@toast-new:Origin updated] Origin updated: OT: 2024-09-05 01:03:19,  Lat/Lon: -3.4368°/144.35°, Depth: 32.0706
2024/09/05 08:34:53.971198 [Incident:Info:toast@toast-new:FM updated] FM updated
2024/09/05 08:34:53.971519 [Simulation:Info:toast@toast-new:Simulation not generated] Magnitude 6.28 of event bmg2024rlew is smaller than triggerMinMagnitude: no automatic simulation
2024/09/05 08:35:03.922462 [Incident:Info:toast@toast-new:Origin updated] Origin updated: OT: 2024-09-05 01:03:19,  Lat/Lon: -3.4368°/144.35°, Depth: 32.0706
2024/09/05 08:35:03.922663 [Simulation:Info:toast@toast-new:Simulation not generated] Magnitude 6.28 of event bmg2024rlew is smaller than triggerMinMagnitude: no automatic simulation
2024/09/05 08:35:13.925462 [Incident:Info:toast@toast-new:Origin updated] Origin updated: OT: 2024-09-05 01:03:19,  Lat/Lon: -3.4368°/144.35°, Depth: 32.0706
2024/09/05 08:35:13.925663 [Incident:Info:toast@toast-new:FM updated] FM updated
2024/09/05 08:35:13.925981 [Simulation:Info:toast@toast-new:Simulation not generated] Magnitude 6.28 of event bmg2024rlew is smaller than triggerMinMagnitude: no automatic simulation
2024/09/05 08:35:34.199005 [Incident:Info:toast@toast-new:Origin updated] Origin updated: OT: 2024-09-05 01:03:19,  Lat/Lon: -3.4368°/144.35°, Depth: 32.0706
2024/09/05 08:35:34.199224 [Simulation:Info:toast@toast-new:Simulation not generated] Magnitude 6.28 of event bmg2024rlew is smaller than triggerMinMagnitude: no automatic simulation
2024/09/05 08:35:39.312975 [Incident:Info:toast@toast-new:Origin updated] Origin updated: OT: 2024-09-05 01:03:19,  Lat/Lon: -3.4368°/144.35°, Depth: 32.0706
2024/09/05 08:35:39.313231 [Incident:Info:toast@toast-new:FM updated] FM updated
2024/09/05 08:35:39.313664 [Simulation:Info:toast@toast-new:Simulation not generated] Magnitude 6.28 of event bmg2024rlew is smaller than triggerMinMagnitude: no automatic simulation
2024/09/05 08:35:44.132540 [Incident:Info:toast@toast-new:Origin updated] Origin updated: OT: 2024-09-05 01:03:19,  Lat/Lon: -3.4368°/144.35°, Depth: 32.0706
2024/09/05 08:35:44.132761 [Incident:Info:toast@toast-new:FM updated] FM updated
2024/09/05 08:35:44.133131 [Simulation:Info:toast@toast-new:Simulation not generated] Magnitude 6.28 of event bmg2024rlew is smaller than triggerMinMagnitude: no automatic simulation
2024/09/05 08:36:03.990709 [Incident:Info:toast@toast-new:Origin updated] Origin updated: OT: 2024-09-05 01:03:19,  Lat/Lon: -3.4368°/144.35°, Depth: 32.0706
2024/09/05 08:36:03.990939 [Incident:Info:toast@toast-new:FM updated] FM updated
2024/09/05 08:36:03.991298 [Simulation:Info:toast@toast-new:Simulation not generated] Magnitude 6.28 of event bmg2024rlew is smaller than triggerMinMagnitude: no automatic simulation
2024/09/05 08:53:33.990974 [Incident:Info:toast@toast-new:Origin updated] Origin updated: OT: 2024-09-05 01:03:19,  Lat/Lon: -3.4368°/144.35°, Depth: 32.0706
2024/09/05 08:53:33.991173 [Incident:Info:toast@toast-new:FM updated] FM updated
2024/09/05 08:53:33.991495 [Simulation:Info:toast@toast-new:Simulation not generated] Magnitude 6.28 of event bmg2024rlew is smaller than triggerMinMagnitude: no automatic simulation
2024/09/05 09:16:38.000330 [Incident:Info:toast@toast-new:Origin updated] Origin updated: OT: 2024-09-05 01:03:19,  Lat/Lon: -3.4368°/144.35°, Depth: 32.0706
2024/09/05 09:16:38.000987 [Incident:Info:toast@toast-new:FM updated] FM updated
2024/09/05 09:16:38.001304 [Simulation:Info:toast@toast-new:Simulation not generated] Magnitude 6.28 of event bmg2024rlew is smaller than triggerMinMagnitude: no automatic simulation
2024/09/05 19:44:23.810174 [Incident:Info:toast@toast-new:Origin updated] Origin updated: OT: 2024-09-05 01:03:18,  Lat/Lon: -3.40989°/144.406°, Depth: 39.5713
2024/09/05 19:44:23.810632 [Incident:Info:toast@toast-new:Magnitude updated] Magnitude updated: 6.27 (Mw(mB))
2024/09/05 19:44:23.810742 [Incident:Info:toast@toast-new:FM updated] FM updated
2024/09/05 19:44:23.811079 [Simulation:Info:toast@toast-new:Simulation not generated] Magnitude 6.27 of event bmg2024rlew is smaller than triggerMinMagnitude: no automatic simulation
2024/09/05 19:44:23.826792 [Incident:Info:toast@toast-new:Origin updated] Origin updated: OT: 2024-09-05 01:03:18,  Lat/Lon: -3.40989°/144.406°, Depth: 39.5713
2024/09/05 19:44:23.827022 [Simulation:Info:toast@toast-new:Simulation not generated] Magnitude 6.27 of event bmg2024rlew is smaller than triggerMinMagnitude: no automatic simulation
2024/09/05 19:44:50.542508 [Incident:Info:toast@toast-new:Origin updated] Origin updated: OT: 2024-09-05 01:03:18,  Lat/Lon: -3.40989°/144.406°, Depth: 39.5713
2024/09/05 19:44:50.543407 [Incident:Info:toast@toast-new:Magnitude updated] Magnitude updated: 6.05 (mb)
2024/09/05 19:44:50.543602 [Simulation:Info:toast@toast-new:Simulation not generated] Magnitude 6.05 of event bmg2024rlew is smaller than triggerMinMagnitude: no automatic simulation
2024/09/05 19:44:59.821089 [Incident:Info:toast@toast-new:Origin updated] Origin updated: OT: 2024-09-05 01:03:18,  Lat/Lon: -3.40989°/144.406°, Depth: 39.5713
2024/09/05 19:44:59.821554 [Incident:Info:toast@toast-new:Magnitude updated] Magnitude updated: 6.14 (Mw)
2024/09/05 19:44:59.821676 [Simulation:Info:toast@toast-new:Simulation not generated] Magnitude 6.14 of event bmg2024rlew is smaller than triggerMinMagnitude: no automatic simulation
2024/09/08 00:24:09.186567 [Incident:Info:toast@toast-new:Origin updated] Origin updated: OT: 2024-09-05 01:03:18,  Lat/Lon: -3.40989°/144.406°, Depth: 39.5713
2024/09/08 00:24:09.189204 [Incident:Info:toast@toast-new:Magnitude updated] Magnitude updated: 6.26 (Mw)
2024/09/08 00:24:09.189295 [Incident:Info:toast@toast-new:FM updated] FM updated
2024/09/08 00:24:09.189553 [Simulation:Info:toast@toast-new:Simulation not generated] Magnitude 6.26 of event bmg2024rlew is smaller than triggerMinMagnitude: no automatic simulation
