2025/12/21 19:23:26.502382 [Incident:Info:toast@toast-new:Displacement(s) updated] Added 0 and changed 0 displacements with 0 amplitudes
2025/12/21 19:23:26.504279 [Incident:Info:toast@toast-new:Incident created] Incident created based on event received from messaging: OT: 2025-12-21 12:21:46,  Lat/Lon: 1.40°/126.35°, Depth: 34.66, Mag: 5.53 (M)
2025/12/21 19:23:26.504881 [Simulation:Info:toast@toast-new:Simulation not generated] Magnitude 5.53 of event bmg2025yxso is smaller than triggerMinMagnitude: no automatic simulation
2025/12/21 19:23:26.535550 [Incident:Info:toast@toast-new:Origin updated] Origin updated: OT: 2025-12-21 12:21:46,  Lat/Lon: 1.39817°/126.35°, Depth: 34.6602
2025/12/21 19:23:26.535848 [Simulation:Info:toast@toast-new:Simulation not generated] Magnitude 5.53 of event bmg2025yxso is smaller than triggerMinMagnitude: no automatic simulation
2025/12/21 19:23:32.538348 [Incident:Info:toast@toast-new:Origin updated] Origin updated: OT: 2025-12-21 12:21:46,  Lat/Lon: 1.39817°/126.35°, Depth: 34.6602
2025/12/21 19:23:32.538718 [Incident:Info:toast@toast-new:Magnitude updated] Magnitude updated: 5.55 (M)
2025/12/21 19:23:32.538893 [Simulation:Info:toast@toast-new:Simulation not generated] Magnitude 5.55 of event bmg2025yxso is smaller than triggerMinMagnitude: no automatic simulation
2025/12/21 19:23:35.211540 [Incident:Info:toast@toast-new:Origin updated] Origin updated: OT: 2025-12-21 12:21:46,  Lat/Lon: 1.41494°/126.353°, Depth: 31.9335
2025/12/21 19:23:35.211884 [Incident:Info:toast@toast-new:Magnitude updated] Magnitude updated: 5.74 (M)
2025/12/21 19:23:35.212041 [Simulation:Info:toast@toast-new:Simulation not generated] Magnitude 5.74 of event bmg2025yxso is smaller than triggerMinMagnitude: no automatic simulation
2025/12/21 19:23:37.544510 [Incident:Info:toast@toast-new:Origin updated] Origin updated: OT: 2025-12-21 12:21:46,  Lat/Lon: 1.41494°/126.353°, Depth: 31.9335
2025/12/21 19:23:37.544898 [Incident:Info:toast@toast-new:Magnitude updated] Magnitude updated: 5.75 (M)
2025/12/21 19:23:37.545074 [Simulation:Info:toast@toast-new:Simulation not generated] Magnitude 5.75 of event bmg2025yxso is smaller than triggerMinMagnitude: no automatic simulation
2025/12/21 19:23:42.506992 [Incident:Info:toast@toast-new:Origin updated] Origin updated: OT: 2025-12-21 12:21:46,  Lat/Lon: 1.41494°/126.353°, Depth: 31.9335
2025/12/21 19:23:42.507396 [Incident:Info:toast@toast-new:Magnitude updated] Magnitude updated: 5.75 (M)
2025/12/21 19:23:42.507600 [Simulation:Info:toast@toast-new:Simulation not generated] Magnitude 5.75 of event bmg2025yxso is smaller than triggerMinMagnitude: no automatic simulation
2025/12/21 19:23:47.547322 [Incident:Info:toast@toast-new:Origin updated] Origin updated: OT: 2025-12-21 12:21:46,  Lat/Lon: 1.41494°/126.353°, Depth: 31.9335
2025/12/21 19:23:47.547822 [Incident:Info:toast@toast-new:Magnitude updated] Magnitude updated: 5.76 (M)
2025/12/21 19:23:47.548130 [Simulation:Info:toast@toast-new:Simulation not generated] Magnitude 5.76 of event bmg2025yxso is smaller than triggerMinMagnitude: no automatic simulation
2025/12/21 19:23:48.106474 [Incident:Info:toast@toast-new:Origin updated] Origin updated: OT: 2025-12-21 12:21:46,  Lat/Lon: 1.46514°/126.338°, Depth: 27.125
2025/12/21 19:23:48.106792 [Incident:Info:toast@toast-new:Magnitude updated] Magnitude updated: 5.62 (M)
2025/12/21 19:23:48.106971 [Simulation:Info:toast@toast-new:Simulation not generated] Magnitude 5.62 of event bmg2025yxso is smaller than triggerMinMagnitude: no automatic simulation
2025/12/21 19:23:52.567620 [Incident:Info:toast@toast-new:Origin updated] Origin updated: OT: 2025-12-21 12:21:46,  Lat/Lon: 1.46514°/126.338°, Depth: 27.125
2025/12/21 19:23:52.568066 [Incident:Info:toast@toast-new:Magnitude updated] Magnitude updated: 5.63 (M)
2025/12/21 19:23:52.568265 [Simulation:Info:toast@toast-new:Simulation not generated] Magnitude 5.63 of event bmg2025yxso is smaller than triggerMinMagnitude: no automatic simulation
2025/12/21 19:23:57.570370 [Incident:Info:toast@toast-new:Origin updated] Origin updated: OT: 2025-12-21 12:21:46,  Lat/Lon: 1.46514°/126.338°, Depth: 27.125
2025/12/21 19:23:57.570703 [Incident:Info:toast@toast-new:Magnitude updated] Magnitude updated: 5.63 (M)
2025/12/21 19:23:57.570882 [Simulation:Info:toast@toast-new:Simulation not generated] Magnitude 5.63 of event bmg2025yxso is smaller than triggerMinMagnitude: no automatic simulation
2025/12/21 19:24:02.507241 [Incident:Info:toast@toast-new:Origin updated] Origin updated: OT: 2025-12-21 12:21:46,  Lat/Lon: 1.46514°/126.338°, Depth: 27.125
2025/12/21 19:24:02.507693 [Incident:Info:toast@toast-new:Magnitude updated] Magnitude updated: 5.64 (M)
2025/12/21 19:24:02.507898 [Simulation:Info:toast@toast-new:Simulation not generated] Magnitude 5.64 of event bmg2025yxso is smaller than triggerMinMagnitude: no automatic simulation
2025/12/21 19:24:06.139346 [Incident:Info:toast@toast-new:Origin updated] Origin updated: OT: 2025-12-21 12:21:45,  Lat/Lon: 1.47816°/126.353°, Depth: 10
2025/12/21 19:24:06.140127 [Incident:Info:toast@toast-new:Magnitude updated] Magnitude updated: 5.73 (M)
2025/12/21 19:24:06.140552 [Simulation:Info:toast@toast-new:Simulation not generated] Magnitude 5.73 of event bmg2025yxso is smaller than triggerMinMagnitude: no automatic simulation
2025/12/21 19:24:07.609352 [Incident:Info:toast@toast-new:Origin updated] Origin updated: OT: 2025-12-21 12:21:45,  Lat/Lon: 1.47816°/126.353°, Depth: 10
2025/12/21 19:24:07.609837 [Incident:Info:toast@toast-new:Magnitude updated] Magnitude updated: 5.73 (M)
2025/12/21 19:24:07.610072 [Simulation:Info:toast@toast-new:Simulation not generated] Magnitude 5.73 of event bmg2025yxso is smaller than triggerMinMagnitude: no automatic simulation
2025/12/21 19:24:12.546133 [Incident:Info:toast@toast-new:Origin updated] Origin updated: OT: 2025-12-21 12:21:45,  Lat/Lon: 1.47816°/126.353°, Depth: 10
2025/12/21 19:24:12.546671 [Incident:Info:toast@toast-new:Magnitude updated] Magnitude updated: 5.74 (M)
2025/12/21 19:24:12.546995 [Simulation:Info:toast@toast-new:Simulation not generated] Magnitude 5.74 of event bmg2025yxso is smaller than triggerMinMagnitude: no automatic simulation
2025/12/21 19:24:17.645081 [Incident:Info:toast@toast-new:Origin updated] Origin updated: OT: 2025-12-21 12:21:45,  Lat/Lon: 1.47816°/126.353°, Depth: 10
2025/12/21 19:24:17.645593 [Incident:Info:toast@toast-new:Magnitude updated] Magnitude updated: 5.73 (M)
2025/12/21 19:24:17.645835 [Simulation:Info:toast@toast-new:Simulation not generated] Magnitude 5.73 of event bmg2025yxso is smaller than triggerMinMagnitude: no automatic simulation
2025/12/21 19:24:22.652497 [Incident:Info:toast@toast-new:Origin updated] Origin updated: OT: 2025-12-21 12:21:45,  Lat/Lon: 1.47816°/126.353°, Depth: 10
2025/12/21 19:24:22.653047 [Incident:Info:toast@toast-new:Magnitude updated] Magnitude updated: 5.75 (M)
2025/12/21 19:24:22.653339 [Simulation:Info:toast@toast-new:Simulation not generated] Magnitude 5.75 of event bmg2025yxso is smaller than triggerMinMagnitude: no automatic simulation
2025/12/21 19:24:27.644104 [Incident:Info:toast@toast-new:Origin updated] Origin updated: OT: 2025-12-21 12:21:45,  Lat/Lon: 1.47816°/126.353°, Depth: 10
2025/12/21 19:24:27.644641 [Incident:Info:toast@toast-new:Magnitude updated] Magnitude updated: 5.75 (M)
2025/12/21 19:24:27.644885 [Simulation:Info:toast@toast-new:Simulation not generated] Magnitude 5.75 of event bmg2025yxso is smaller than triggerMinMagnitude: no automatic simulation
2025/12/21 19:24:28.438312 [Incident:Info:toast@toast-new:Origin updated] Origin updated: OT: 2025-12-21 12:21:45,  Lat/Lon: 1.43208°/126.343°, Depth: 10
2025/12/21 19:24:28.438890 [Incident:Info:toast@toast-new:Magnitude updated] Magnitude updated: 5.77 (M)
2025/12/21 19:24:28.439179 [Simulation:Info:toast@toast-new:Simulation not generated] Magnitude 5.77 of event bmg2025yxso is smaller than triggerMinMagnitude: no automatic simulation
2025/12/21 19:24:32.708751 [Incident:Info:toast@toast-new:Origin updated] Origin updated: OT: 2025-12-21 12:21:45,  Lat/Lon: 1.43208°/126.343°, Depth: 10
2025/12/21 19:24:32.709293 [Incident:Info:toast@toast-new:Magnitude updated] Magnitude updated: 5.79 (M)
2025/12/21 19:24:32.709580 [Simulation:Info:toast@toast-new:Simulation not generated] Magnitude 5.79 of event bmg2025yxso is smaller than triggerMinMagnitude: no automatic simulation
2025/12/21 19:24:37.719419 [Incident:Info:toast@toast-new:Origin updated] Origin updated: OT: 2025-12-21 12:21:45,  Lat/Lon: 1.43208°/126.343°, Depth: 10
2025/12/21 19:24:37.719972 [Incident:Info:toast@toast-new:Magnitude updated] Magnitude updated: 5.80 (M)
2025/12/21 19:24:37.720255 [Simulation:Info:toast@toast-new:Simulation not generated] Magnitude 5.80 of event bmg2025yxso is smaller than triggerMinMagnitude: no automatic simulation
2025/12/21 19:24:42.566548 [Incident:Info:toast@toast-new:Origin updated] Origin updated: OT: 2025-12-21 12:21:45,  Lat/Lon: 1.43208°/126.343°, Depth: 10
2025/12/21 19:24:42.567111 [Incident:Info:toast@toast-new:Magnitude updated] Magnitude updated: 5.80 (M)
2025/12/21 19:24:42.567486 [Simulation:Info:toast@toast-new:Simulation not generated] Magnitude 5.80 of event bmg2025yxso is smaller than triggerMinMagnitude: no automatic simulation
2025/12/21 19:24:47.565037 [Incident:Info:toast@toast-new:Origin updated] Origin updated: OT: 2025-12-21 12:21:45,  Lat/Lon: 1.43208°/126.343°, Depth: 10
2025/12/21 19:24:47.565535 [Incident:Info:toast@toast-new:Magnitude updated] Magnitude updated: 5.80 (M)
2025/12/21 19:24:47.565864 [Simulation:Info:toast@toast-new:Simulation not generated] Magnitude 5.80 of event bmg2025yxso is smaller than triggerMinMagnitude: no automatic simulation
2025/12/21 19:24:52.717925 [Incident:Info:toast@toast-new:Origin updated] Origin updated: OT: 2025-12-21 12:21:45,  Lat/Lon: 1.43208°/126.343°, Depth: 10
2025/12/21 19:24:52.718574 [Incident:Info:toast@toast-new:Magnitude updated] Magnitude updated: 5.78 (M)
2025/12/21 19:24:52.718970 [Simulation:Info:toast@toast-new:Simulation not generated] Magnitude 5.78 of event bmg2025yxso is smaller than triggerMinMagnitude: no automatic simulation
2025/12/21 19:24:52.748769 [Incident:Info:toast@toast-new:Origin updated] Origin updated: OT: 2025-12-21 12:21:45,  Lat/Lon: 1.43208°/126.343°, Depth: 10
2025/12/21 19:24:52.749349 [Incident:Info:toast@toast-new:Magnitude updated] Magnitude updated: 5.83 (Mw(mB))
2025/12/21 19:24:52.749606 [Simulation:Info:toast@toast-new:Simulation not generated] Magnitude 5.83 of event bmg2025yxso is smaller than triggerMinMagnitude: no automatic simulation
2025/12/21 19:24:54.334003 [Incident:Info:toast@toast-new:Origin updated] Origin updated: OT: 2025-12-21 12:21:46,  Lat/Lon: 1.4155°/126.352°, Depth: 31.6801
2025/12/21 19:24:54.334885 [Incident:Info:toast@toast-new:Magnitude updated] Magnitude updated: 5.64 (MLv)
2025/12/21 19:24:54.335444 [Simulation:Info:toast@toast-new:Simulation not generated] Magnitude 5.64 of event bmg2025yxso is smaller than triggerMinMagnitude: no automatic simulation
2025/12/21 19:24:54.555791 [Incident:Info:toast@toast-new:Origin updated] Origin updated: OT: 2025-12-21 12:21:46,  Lat/Lon: 1.4155°/126.352°, Depth: 31.6801
2025/12/21 19:24:54.556562 [Incident:Info:toast@toast-new:Magnitude updated] Magnitude updated: 5.81 (M)
2025/12/21 19:24:54.557046 [Simulation:Info:toast@toast-new:Simulation not generated] Magnitude 5.81 of event bmg2025yxso is smaller than triggerMinMagnitude: no automatic simulation
2025/12/21 19:24:56.501976 [Incident:Info:toast@toast-new:Origin updated] Origin updated: OT: 2025-12-21 12:21:46,  Lat/Lon: 1.4155°/126.352°, Depth: 31.6801
2025/12/21 19:24:56.502631 [Incident:Info:toast@toast-new:Magnitude updated] Magnitude updated: 5.81 (M)
2025/12/21 19:24:56.503012 [Simulation:Info:toast@toast-new:Simulation not generated] Magnitude 5.81 of event bmg2025yxso is smaller than triggerMinMagnitude: no automatic simulation
2025/12/21 19:25:05.304451 [Incident:Info:toast@toast-new:Origin updated] Origin updated: OT: 2025-12-21 12:21:46,  Lat/Lon: 1.4155°/126.352°, Depth: 31.6801
2025/12/21 19:25:05.305059 [Incident:Info:toast@toast-new:FM updated] FM updated
2025/12/21 19:25:05.305698 [Simulation:Info:toast@toast-new:Simulation not generated] Magnitude 5.81 of event bmg2025yxso is smaller than triggerMinMagnitude: no automatic simulation
2025/12/21 19:25:23.710542 [Incident:Info:toast@toast-new:Origin updated] Origin updated: OT: 2025-12-21 12:21:46,  Lat/Lon: 1.4155°/126.352°, Depth: 31.6801
2025/12/21 19:25:23.711274 [Incident:Info:toast@toast-new:FM updated] FM updated
2025/12/21 19:25:23.711966 [Simulation:Info:toast@toast-new:Simulation not generated] Magnitude 5.81 of event bmg2025yxso is smaller than triggerMinMagnitude: no automatic simulation
2025/12/21 19:25:37.893536 [Incident:Info:toast@toast-new:Origin updated] Origin updated: OT: 2025-12-21 12:21:46,  Lat/Lon: 1.4155°/126.352°, Depth: 31.6801
2025/12/21 19:25:37.894190 [Incident:Info:toast@toast-new:Magnitude updated] Magnitude updated: 5.82 (M)
2025/12/21 19:25:37.894576 [Simulation:Info:toast@toast-new:Simulation not generated] Magnitude 5.82 of event bmg2025yxso is smaller than triggerMinMagnitude: no automatic simulation
2025/12/21 19:25:42.837359 [Incident:Info:toast@toast-new:Origin updated] Origin updated: OT: 2025-12-21 12:21:46,  Lat/Lon: 1.4155°/126.352°, Depth: 31.6801
2025/12/21 19:25:42.837929 [Incident:Info:toast@toast-new:Magnitude updated] Magnitude updated: 5.81 (M)
2025/12/21 19:25:42.838271 [Simulation:Info:toast@toast-new:Simulation not generated] Magnitude 5.81 of event bmg2025yxso is smaller than triggerMinMagnitude: no automatic simulation
2025/12/21 19:25:44.082183 [Incident:Info:toast@toast-new:Origin updated] Origin updated: OT: 2025-12-21 12:21:46,  Lat/Lon: 1.4155°/126.352°, Depth: 31.6801
2025/12/21 19:25:44.082918 [Incident:Info:toast@toast-new:FM updated] FM updated
2025/12/21 19:25:44.083558 [Simulation:Info:toast@toast-new:Simulation not generated] Magnitude 5.81 of event bmg2025yxso is smaller than triggerMinMagnitude: no automatic simulation
2025/12/21 19:25:53.765500 [Incident:Info:toast@toast-new:Origin updated] Origin updated: OT: 2025-12-21 12:21:46,  Lat/Lon: 1.4155°/126.352°, Depth: 31.6801
2025/12/21 19:25:53.766400 [Incident:Info:toast@toast-new:FM updated] FM updated
2025/12/21 19:25:53.767157 [Simulation:Info:toast@toast-new:Simulation not generated] Magnitude 5.81 of event bmg2025yxso is smaller than triggerMinMagnitude: no automatic simulation
2025/12/21 19:26:13.911318 [Incident:Info:toast@toast-new:Origin updated] Origin updated: OT: 2025-12-21 12:21:46,  Lat/Lon: 1.4155°/126.352°, Depth: 31.6801
2025/12/21 19:26:13.912055 [Incident:Info:toast@toast-new:FM updated] FM updated
2025/12/21 19:26:13.912714 [Simulation:Info:toast@toast-new:Simulation not generated] Magnitude 5.81 of event bmg2025yxso is smaller than triggerMinMagnitude: no automatic simulation
2025/12/21 19:26:24.053602 [Incident:Info:toast@toast-new:Origin updated] Origin updated: OT: 2025-12-21 12:21:46,  Lat/Lon: 1.4155°/126.352°, Depth: 31.6801
2025/12/21 19:26:24.054522 [Incident:Info:toast@toast-new:FM updated] FM updated
2025/12/21 19:26:24.055239 [Simulation:Info:toast@toast-new:Simulation not generated] Magnitude 5.81 of event bmg2025yxso is smaller than triggerMinMagnitude: no automatic simulation
2025/12/21 19:26:34.043672 [Incident:Info:toast@toast-new:Origin updated] Origin updated: OT: 2025-12-21 12:21:46,  Lat/Lon: 1.4155°/126.352°, Depth: 31.6801
2025/12/21 19:26:34.044522 [Incident:Info:toast@toast-new:FM updated] FM updated
2025/12/21 19:26:34.045295 [Simulation:Info:toast@toast-new:Simulation not generated] Magnitude 5.81 of event bmg2025yxso is smaller than triggerMinMagnitude: no automatic simulation
2025/12/21 19:26:44.176062 [Incident:Info:toast@toast-new:Origin updated] Origin updated: OT: 2025-12-21 12:21:46,  Lat/Lon: 1.4155°/126.352°, Depth: 31.6801
2025/12/21 19:26:44.176827 [Incident:Info:toast@toast-new:FM updated] FM updated
2025/12/21 19:26:44.177461 [Simulation:Info:toast@toast-new:Simulation not generated] Magnitude 5.81 of event bmg2025yxso is smaller than triggerMinMagnitude: no automatic simulation
2025/12/21 19:26:53.787479 [Incident:Info:toast@toast-new:Origin updated] Origin updated: OT: 2025-12-21 12:21:46,  Lat/Lon: 1.4155°/126.352°, Depth: 31.6801
2025/12/21 19:26:53.788195 [Incident:Info:toast@toast-new:FM updated] FM updated
2025/12/21 19:26:53.788801 [Simulation:Info:toast@toast-new:Simulation not generated] Magnitude 5.81 of event bmg2025yxso is smaller than triggerMinMagnitude: no automatic simulation
2025/12/21 19:26:54.732475 [Incident:Info:toast@toast-new:Origin updated] Origin updated: OT: 2025-12-21 12:21:46,  Lat/Lon: 1.4155°/126.352°, Depth: 31.6801
2025/12/21 19:26:54.733834 [Incident:Info:toast@toast-new:FM updated] FM updated
2025/12/21 19:26:54.735195 [Simulation:Info:toast@toast-new:Simulation not generated] Magnitude 5.81 of event bmg2025yxso is smaller than triggerMinMagnitude: no automatic simulation
2025/12/21 19:27:49.437871 [Incident:Info:toast@toast-new:Origin updated] Origin updated: OT: 2025-12-21 12:21:45,  Lat/Lon: 1.45701°/126.363°, Depth: 10
2025/12/21 19:27:49.438684 [Incident:Info:toast@toast-new:Magnitude updated] Magnitude updated: 5.79 (MLv)
2025/12/21 19:27:49.439230 [Simulation:Info:toast@toast-new:Simulation not generated] Magnitude 5.79 of event bmg2025yxso is smaller than triggerMinMagnitude: no automatic simulation
2025/12/21 19:27:49.512297 [Incident:Info:toast@toast-new:Origin updated] Origin updated: OT: 2025-12-21 12:21:45,  Lat/Lon: 1.45701°/126.363°, Depth: 10
2025/12/21 19:27:49.512814 [Incident:Info:toast@toast-new:Magnitude updated] Magnitude updated: 5.77 (M)
2025/12/21 19:27:49.513148 [Simulation:Info:toast@toast-new:Simulation not generated] Magnitude 5.77 of event bmg2025yxso is smaller than triggerMinMagnitude: no automatic simulation
2025/12/21 19:29:10.387990 [Incident:Info:toast@toast-new:Origin updated] Origin updated: OT: 2025-12-21 12:21:47,  Lat/Lon: 1.46696°/126.351°, Depth: 29.7023
2025/12/21 19:29:10.388947 [Incident:Info:toast@toast-new:Magnitude updated] Magnitude updated: 5.79 (MLv)
2025/12/21 19:29:10.389536 [Simulation:Info:toast@toast-new:Simulation not generated] Magnitude 5.79 of event bmg2025yxso is smaller than triggerMinMagnitude: no automatic simulation
2025/12/21 19:29:10.493313 [Incident:Info:toast@toast-new:Origin updated] Origin updated: OT: 2025-12-21 12:21:47,  Lat/Lon: 1.46696°/126.351°, Depth: 29.7023
2025/12/21 19:29:10.494077 [Incident:Info:toast@toast-new:Magnitude updated] Magnitude updated: 5.76 (M)
2025/12/21 19:29:10.494579 [Simulation:Info:toast@toast-new:Simulation not generated] Magnitude 5.76 of event bmg2025yxso is smaller than triggerMinMagnitude: no automatic simulation
2025/12/21 19:29:12.618954 [Incident:Info:toast@toast-new:Origin updated] Origin updated: OT: 2025-12-21 12:21:47,  Lat/Lon: 1.46696°/126.351°, Depth: 29.7023
2025/12/21 19:29:12.620026 [Simulation:Info:toast@toast-new:Simulation not generated] Magnitude 5.76 of event bmg2025yxso is smaller than triggerMinMagnitude: no automatic simulation
2025/12/21 19:30:50.615970 [Incident:Info:toast@toast-new:Origin updated] Origin updated: OT: 2025-12-21 12:21:47,  Lat/Lon: 1.46696°/126.351°, Depth: 29.7023
2025/12/21 19:30:50.616778 [Incident:Info:toast@toast-new:FM updated] FM updated
2025/12/21 19:30:50.617477 [Simulation:Info:toast@toast-new:Simulation not generated] Magnitude 5.76 of event bmg2025yxso is smaller than triggerMinMagnitude: no automatic simulation
2025/12/21 19:31:36.068233 [Incident:Info:toast@toast-new:Origin updated] Origin updated: OT: 2025-12-21 12:21:47,  Lat/Lon: 1.46696°/126.351°, Depth: 29.7023
2025/12/21 19:31:36.069066 [Incident:Info:toast@toast-new:FM updated] FM updated
2025/12/21 19:31:36.069762 [Simulation:Info:toast@toast-new:Simulation not generated] Magnitude 5.76 of event bmg2025yxso is smaller than triggerMinMagnitude: no automatic simulation
2025/12/21 19:32:06.635143 [Incident:Info:toast@toast-new:Origin updated] Origin updated: OT: 2025-12-21 12:21:47,  Lat/Lon: 1.46696°/126.351°, Depth: 29.7023
2025/12/21 19:32:06.635915 [Simulation:Info:toast@toast-new:Simulation not generated] Magnitude 5.76 of event bmg2025yxso is smaller than triggerMinMagnitude: no automatic simulation
2025/12/21 19:32:06.654374 [Incident:Info:toast@toast-new:Origin updated] Origin updated: OT: 2025-12-21 12:21:47,  Lat/Lon: 1.46696°/126.351°, Depth: 29.7023
2025/12/21 19:32:06.655021 [Incident:Info:toast@toast-new:Magnitude updated] Magnitude updated: 5.61 (Mw)
2025/12/21 19:32:06.655385 [Simulation:Info:toast@toast-new:Simulation not generated] Magnitude 5.61 of event bmg2025yxso is smaller than triggerMinMagnitude: no automatic simulation
2025/12/21 21:36:41.682104 [Incident:Info:toast@toast-new:Origin updated] Origin updated: OT: 2025-12-21 12:21:47,  Lat/Lon: 1.47559°/126.341°, Depth: 27.8918
2025/12/21 21:36:41.682975 [Simulation:Info:toast@toast-new:Simulation not generated] Magnitude 5.61 of event bmg2025yxso is smaller than triggerMinMagnitude: no automatic simulation
2025/12/23 08:35:11.675910 [Incident:Info:toast@toast-new:Displacement(s) updated] Added 0 and changed 0 displacements with 0 amplitudes
2025/12/23 08:35:11.676380 [Incident:Info:toast@toast-new:Incident created] Incident created based on event received from messaging: OT: 2025-12-21 12:21:47,  Lat/Lon: 1.46°/126.34°, Depth: 28.62, Mag: 5.61 (Mw)
2025/12/23 08:35:11.676422 [Simulation:Info:toast@toast-new:Simulation not generated] Magnitude 5.61 of event bmg2025yxso is smaller than triggerMinMagnitude: no automatic simulation
2025/12/23 08:35:11.685219 [Incident:Info:toast@toast-new:Displacement(s) updated] Added 0 and changed 0 displacements with 0 amplitudes
2025/12/23 08:35:11.686493 [Incident:Info:toast@toast-new:Incident created] Incident created based on event received from messaging: OT: 2025-12-21 12:21:47,  Lat/Lon: 1.46°/126.34°, Depth: 28.62, Mag: 5.61 (Mw)
2025/12/23 08:35:11.687223 [Simulation:Info:toast@toast-new:Simulation not generated] Magnitude 5.61 of event bmg2025yxso is smaller than triggerMinMagnitude: no automatic simulation
2025/12/23 08:35:11.690759 [Incident:Info:toast@toast-new:Origin updated] Origin updated: OT: 2025-12-21 12:21:47,  Lat/Lon: 1.46422°/126.337°, Depth: 28.6217
2025/12/23 08:35:11.690951 [Simulation:Info:toast@toast-new:Simulation not generated] Magnitude 5.61 of event bmg2025yxso is smaller than triggerMinMagnitude: no automatic simulation
2025/12/23 08:35:11.707295 [Incident:Info:toast@toast-new:Origin updated] Origin updated: OT: 2025-12-21 12:21:47,  Lat/Lon: 1.46422°/126.337°, Depth: 28.6217
2025/12/23 08:35:11.707442 [Simulation:Info:toast@toast-new:Simulation not generated] Magnitude 5.61 of event bmg2025yxso is smaller than triggerMinMagnitude: no automatic simulation
2025/12/23 08:35:27.525026 [Incident:Info:toast@toast-new:Origin updated] Origin updated: OT: 2025-12-21 12:21:47,  Lat/Lon: 1.46422°/126.337°, Depth: 28.6217
2025/12/23 08:35:27.525279 [Simulation:Info:toast@toast-new:Simulation not generated] Magnitude 5.61 of event bmg2025yxso is smaller than triggerMinMagnitude: no automatic simulation
2025/12/23 08:35:27.531598 [Incident:Info:toast@toast-new:Origin updated] Origin updated: OT: 2025-12-21 12:21:47,  Lat/Lon: 1.46422°/126.337°, Depth: 28.6217
2025/12/23 08:35:27.531736 [Simulation:Info:toast@toast-new:Simulation not generated] Magnitude 5.61 of event bmg2025yxso is smaller than triggerMinMagnitude: no automatic simulation
2025/12/23 08:35:27.567100 [Incident:Info:toast@toast-new:Origin updated] Origin updated: OT: 2025-12-21 12:21:47,  Lat/Lon: 1.46422°/126.337°, Depth: 28.6217
2025/12/23 08:35:27.567313 [Incident:Info:toast@toast-new:Magnitude updated] Magnitude updated: 5.74 (Mw(mB))
2025/12/23 08:35:27.567398 [Simulation:Info:toast@toast-new:Simulation not generated] Magnitude 5.74 of event bmg2025yxso is smaller than triggerMinMagnitude: no automatic simulation
2025/12/23 08:35:27.574365 [Incident:Info:toast@toast-new:Origin updated] Origin updated: OT: 2025-12-21 12:21:47,  Lat/Lon: 1.46422°/126.337°, Depth: 28.6217
2025/12/23 08:35:27.574503 [Incident:Info:toast@toast-new:Magnitude updated] Magnitude updated: 5.74 (Mw(mB))
2025/12/23 08:35:27.574545 [Simulation:Info:toast@toast-new:Simulation not generated] Magnitude 5.74 of event bmg2025yxso is smaller than triggerMinMagnitude: no automatic simulation
2025/12/24 09:45:31.840051 [Incident:Info:toast@toast-new:Incident removed] Removed incident - Bye
