2025/02/11 03:28:20.707044 [Incident:Info:toast@toast-new:Displacement(s) updated] Added 0 and changed 0 displacements with 0 amplitudes
2025/02/11 03:28:20.746165 [Incident:Info:toast@toast-new:Incident created] Incident created based on event received from messaging: OT: 2025-02-10 20:16:29,  Lat/Lon: 36.81°/25.76°, Depth: 10.00, Mag: 5.09 (M)
2025/02/11 03:28:20.746486 [Simulation:Info:toast@toast-new:Simulation not generated] Magnitude 5.09 of event bmg2025cwqg is smaller than triggerMinMagnitude: no automatic simulation
2025/02/11 03:28:20.757644 [Incident:Info:toast@toast-new:Origin updated] Origin updated: OT: 2025-02-10 20:16:29,  Lat/Lon: 36.8119°/25.7564°, Depth: 10
2025/02/11 03:28:20.757738 [Simulation:Info:toast@toast-new:Simulation not generated] Magnitude 5.09 of event bmg2025cwqg is smaller than triggerMinMagnitude: no automatic simulation
2025/02/11 03:28:31.533424 [Incident:Info:toast@toast-new:Origin updated] Origin updated: OT: 2025-02-10 20:16:29,  Lat/Lon: 36.8097°/25.7408°, Depth: 10
2025/02/11 03:28:31.533620 [Incident:Info:toast@toast-new:Magnitude updated] Magnitude updated: 5.09 (M)
2025/02/11 03:28:31.533659 [Simulation:Info:toast@toast-new:Simulation not generated] Magnitude 5.09 of event bmg2025cwqg is smaller than triggerMinMagnitude: no automatic simulation
2025/02/11 03:28:36.408743 [Incident:Info:toast@toast-new:Origin updated] Origin updated: OT: 2025-02-10 20:16:29,  Lat/Lon: 36.8097°/25.7408°, Depth: 10
2025/02/11 03:28:36.408896 [Incident:Info:toast@toast-new:Magnitude updated] Magnitude updated: 5.09 (M)
2025/02/11 03:28:36.408928 [Simulation:Info:toast@toast-new:Simulation not generated] Magnitude 5.09 of event bmg2025cwqg is smaller than triggerMinMagnitude: no automatic simulation
2025/02/11 03:28:41.007606 [Incident:Info:toast@toast-new:Origin updated] Origin updated: OT: 2025-02-10 20:16:29,  Lat/Lon: 36.8259°/25.7565°, Depth: 10
2025/02/11 03:28:41.007804 [Incident:Info:toast@toast-new:Magnitude updated] Magnitude updated: 5.11 (M)
2025/02/11 03:28:41.007846 [Simulation:Info:toast@toast-new:Simulation not generated] Magnitude 5.11 of event bmg2025cwqg is smaller than triggerMinMagnitude: no automatic simulation
2025/02/11 03:28:51.437740 [Incident:Info:toast@toast-new:Origin updated] Origin updated: OT: 2025-02-10 20:16:29,  Lat/Lon: 36.8259°/25.7565°, Depth: 10
2025/02/11 03:28:51.437903 [Incident:Info:toast@toast-new:Magnitude updated] Magnitude updated: 5.20 (M)
2025/02/11 03:28:51.437953 [Simulation:Info:toast@toast-new:Simulation not generated] Magnitude 5.20 of event bmg2025cwqg is smaller than triggerMinMagnitude: no automatic simulation
2025/02/11 03:28:53.390899 [Incident:Info:toast@toast-new:Origin updated] Origin updated: OT: 2025-02-10 20:16:29,  Lat/Lon: 36.8395°/25.7651°, Depth: 10
2025/02/11 03:28:53.391083 [Incident:Info:toast@toast-new:Magnitude updated] Magnitude updated: 5.22 (M)
2025/02/11 03:28:53.391122 [Simulation:Info:toast@toast-new:Simulation not generated] Magnitude 5.22 of event bmg2025cwqg is smaller than triggerMinMagnitude: no automatic simulation
2025/02/11 03:29:06.417240 [Incident:Info:toast@toast-new:Origin updated] Origin updated: OT: 2025-02-10 20:16:29,  Lat/Lon: 36.8395°/25.7651°, Depth: 10
2025/02/11 03:29:06.417406 [Incident:Info:toast@toast-new:Magnitude updated] Magnitude updated: 5.22 (M)
2025/02/11 03:29:06.417440 [Simulation:Info:toast@toast-new:Simulation not generated] Magnitude 5.22 of event bmg2025cwqg is smaller than triggerMinMagnitude: no automatic simulation
2025/02/11 03:29:08.241498 [Incident:Info:toast@toast-new:Origin updated] Origin updated: OT: 2025-02-10 20:16:28,  Lat/Lon: 36.8491°/25.7689°, Depth: 10
2025/02/11 03:29:08.241767 [Incident:Info:toast@toast-new:Magnitude updated] Magnitude updated: 5.23 (M)
2025/02/11 03:29:08.241832 [Simulation:Info:toast@toast-new:Simulation not generated] Magnitude 5.23 of event bmg2025cwqg is smaller than triggerMinMagnitude: no automatic simulation
2025/02/11 03:29:16.399673 [Incident:Info:toast@toast-new:Origin updated] Origin updated: OT: 2025-02-10 20:16:28,  Lat/Lon: 36.8491°/25.7689°, Depth: 10
2025/02/11 03:29:16.399903 [Incident:Info:toast@toast-new:Magnitude updated] Magnitude updated: 5.26 (M)
2025/02/11 03:29:16.399966 [Simulation:Info:toast@toast-new:Simulation not generated] Magnitude 5.26 of event bmg2025cwqg is smaller than triggerMinMagnitude: no automatic simulation
2025/02/11 03:29:27.775946 [Incident:Info:toast@toast-new:Origin updated] Origin updated: OT: 2025-02-10 20:16:28,  Lat/Lon: 36.8511°/25.7846°, Depth: 10
2025/02/11 03:29:27.776162 [Incident:Info:toast@toast-new:Magnitude updated] Magnitude updated: 5.26 (M)
2025/02/11 03:29:27.776212 [Simulation:Info:toast@toast-new:Simulation not generated] Magnitude 5.26 of event bmg2025cwqg is smaller than triggerMinMagnitude: no automatic simulation
2025/02/11 03:29:31.409051 [Incident:Info:toast@toast-new:Origin updated] Origin updated: OT: 2025-02-10 20:16:28,  Lat/Lon: 36.8511°/25.7846°, Depth: 10
2025/02/11 03:29:31.409250 [Incident:Info:toast@toast-new:Magnitude updated] Magnitude updated: 5.29 (M)
2025/02/11 03:29:31.409301 [Simulation:Info:toast@toast-new:Simulation not generated] Magnitude 5.29 of event bmg2025cwqg is smaller than triggerMinMagnitude: no automatic simulation
2025/02/11 03:29:51.384820 [Incident:Info:toast@toast-new:Origin updated] Origin updated: OT: 2025-02-10 20:16:28,  Lat/Lon: 36.8511°/25.7846°, Depth: 10
2025/02/11 03:29:51.385052 [Incident:Info:toast@toast-new:Magnitude updated] Magnitude updated: 5.34 (M)
2025/02/11 03:29:51.385116 [Simulation:Info:toast@toast-new:Simulation not generated] Magnitude 5.34 of event bmg2025cwqg is smaller than triggerMinMagnitude: no automatic simulation
2025/02/11 03:29:55.167312 [Incident:Info:toast@toast-new:Origin updated] Origin updated: OT: 2025-02-10 20:16:29,  Lat/Lon: 36.84°/25.7823°, Depth: 10
2025/02/11 03:29:55.167529 [Incident:Info:toast@toast-new:Magnitude updated] Magnitude updated: 5.34 (M)
2025/02/11 03:29:55.167563 [Simulation:Info:toast@toast-new:Simulation not generated] Magnitude 5.34 of event bmg2025cwqg is smaller than triggerMinMagnitude: no automatic simulation
2025/02/11 03:30:16.384643 [Incident:Info:toast@toast-new:Origin updated] Origin updated: OT: 2025-02-10 20:16:29,  Lat/Lon: 36.84°/25.7823°, Depth: 10
2025/02/11 03:30:16.384823 [Incident:Info:toast@toast-new:Magnitude updated] Magnitude updated: 5.37 (M)
2025/02/11 03:30:16.384875 [Simulation:Info:toast@toast-new:Simulation not generated] Magnitude 5.37 of event bmg2025cwqg is smaller than triggerMinMagnitude: no automatic simulation
2025/02/11 03:30:21.189585 [Incident:Info:toast@toast-new:Origin updated] Origin updated: OT: 2025-02-10 20:16:29,  Lat/Lon: 36.8324°/25.7829°, Depth: 10
2025/02/11 03:30:21.189861 [Incident:Info:toast@toast-new:Magnitude updated] Magnitude updated: 5.37 (M)
2025/02/11 03:30:21.189935 [Simulation:Info:toast@toast-new:Simulation not generated] Magnitude 5.37 of event bmg2025cwqg is smaller than triggerMinMagnitude: no automatic simulation
2025/02/11 03:31:06.686938 [Incident:Info:toast@toast-new:Origin updated] Origin updated: OT: 2025-02-10 20:16:36,  Lat/Lon: 36.742°/26.0279°, Depth: 48.2689
2025/02/11 03:31:06.687242 [Incident:Info:toast@toast-new:Magnitude updated] Magnitude updated: 5.51 (mb)
2025/02/11 03:31:06.687337 [Simulation:Info:toast@toast-new:Simulation not generated] Magnitude 5.51 of event bmg2025cwqg is smaller than triggerMinMagnitude: no automatic simulation
2025/02/11 03:31:06.714291 [Incident:Info:toast@toast-new:Origin updated] Origin updated: OT: 2025-02-10 20:16:36,  Lat/Lon: 36.742°/26.0279°, Depth: 48.2689
2025/02/11 03:31:06.714447 [Incident:Info:toast@toast-new:Magnitude updated] Magnitude updated: 5.36 (M)
2025/02/11 03:31:06.714506 [Simulation:Info:toast@toast-new:Simulation not generated] Magnitude 5.36 of event bmg2025cwqg is smaller than triggerMinMagnitude: no automatic simulation
2025/02/11 10:00:05.009016 [Incident:Info:toast@toast-new:Incident removed] Removed incident - Bye
2025/02/11 11:17:58.063411 [Incident:Info:toast@toast-new:Displacement(s) updated] Added 0 and changed 0 displacements with 0 amplitudes
2025/02/11 11:17:58.103966 [Incident:Info:toast@toast-new:Incident created] Incident created based on event received from messaging: OT: 2025-02-10 20:16:32,  Lat/Lon: 36.79°/25.85°, Depth: 34.20, Mag: 5.55 (mb)
2025/02/11 11:17:58.104337 [Simulation:Info:toast@toast-new:Simulation not generated] Magnitude 5.55 of event bmg2025cwqg is smaller than triggerMinMagnitude: no automatic simulation
2025/02/11 11:17:58.687842 [Incident:Info:toast@toast-new:Origin updated] Origin updated: OT: 2025-02-10 20:16:32,  Lat/Lon: 36.7935°/25.8521°, Depth: 34.2
2025/02/11 11:17:58.687945 [Simulation:Info:toast@toast-new:Simulation not generated] Magnitude 5.55 of event bmg2025cwqg is smaller than triggerMinMagnitude: no automatic simulation
2025/02/11 11:17:58.698633 [Incident:Info:toast@toast-new:Origin updated] Origin updated: OT: 2025-02-10 20:16:32,  Lat/Lon: 36.7935°/25.8521°, Depth: 34.2
2025/02/11 11:17:58.698737 [Incident:Info:toast@toast-new:Magnitude updated] Magnitude updated: 5.39 (M)
2025/02/11 11:17:58.698789 [Simulation:Info:toast@toast-new:Simulation not generated] Magnitude 5.39 of event bmg2025cwqg is smaller than triggerMinMagnitude: no automatic simulation
2025/02/11 11:17:58.715586 [Incident:Info:toast@toast-new:Origin updated] Origin updated: OT: 2025-02-10 20:16:32,  Lat/Lon: 36.7935°/25.8521°, Depth: 34.2
2025/02/11 11:17:58.715682 [Simulation:Info:toast@toast-new:Simulation not generated] Magnitude 5.39 of event bmg2025cwqg is smaller than triggerMinMagnitude: no automatic simulation
2025/02/11 11:18:06.807207 [Incident:Info:toast@toast-new:Origin updated] Origin updated: OT: 2025-02-10 20:16:32,  Lat/Lon: 36.7935°/25.8521°, Depth: 34.2
2025/02/11 11:18:06.807466 [Incident:Info:toast@toast-new:Magnitude updated] Magnitude updated: 5.55 (mb)
2025/02/11 11:18:06.807547 [Simulation:Info:toast@toast-new:Simulation not generated] Magnitude 5.55 of event bmg2025cwqg is smaller than triggerMinMagnitude: no automatic simulation
