2025/04/05 18:42:52.320344 [Incident:Info:toast@toast-new:Displacement(s) updated] Added 0 and changed 0 displacements with 0 amplitudes
2025/04/05 18:42:52.360063 [Incident:Info:toast@toast-new:Incident created] Incident created based on event received from messaging: OT: 2025-04-05 11:29:10,  Lat/Lon: -57.25°/-25.57°, Depth: 10.00, Mag: 5.61 (M)
2025/04/05 18:42:52.360363 [Simulation:Info:toast@toast-new:Simulation not generated] Magnitude 5.61 of event bmg2025gqqa is smaller than triggerMinMagnitude: no automatic simulation
2025/04/05 18:42:52.371512 [Incident:Info:toast@toast-new:Origin updated] Origin updated: OT: 2025-04-05 11:29:10,  Lat/Lon: -57.2516°/-25.5735°, Depth: 10
2025/04/05 18:42:52.371604 [Simulation:Info:toast@toast-new:Simulation not generated] Magnitude 5.61 of event bmg2025gqqa is smaller than triggerMinMagnitude: no automatic simulation
2025/04/05 18:43:18.781438 [Incident:Info:toast@toast-new:Origin updated] Origin updated: OT: 2025-04-05 11:29:10,  Lat/Lon: -57.2516°/-25.5735°, Depth: 10
2025/04/05 18:43:18.781617 [Incident:Info:toast@toast-new:Magnitude updated] Magnitude updated: 5.63 (M)
2025/04/05 18:43:18.781658 [Simulation:Info:toast@toast-new:Simulation not generated] Magnitude 5.63 of event bmg2025gqqa is smaller than triggerMinMagnitude: no automatic simulation
2025/04/05 22:33:50.390188 [Incident:Info:toast@toast-new:Origin updated] Origin updated: OT: 2025-04-05 11:29:12,  Lat/Lon: -57.3174°/-25.6611°, Depth: 28.6515
2025/04/05 22:33:50.390369 [Incident:Info:toast@toast-new:Magnitude updated] Magnitude updated: 5.48 (mb)
2025/04/05 22:33:50.390404 [Simulation:Info:toast@toast-new:Simulation not generated] Magnitude 5.48 of event bmg2025gqqa is smaller than triggerMinMagnitude: no automatic simulation
2025/04/05 22:33:50.408154 [Incident:Info:toast@toast-new:Origin updated] Origin updated: OT: 2025-04-05 11:29:12,  Lat/Lon: -57.3174°/-25.6611°, Depth: 28.6515
2025/04/05 22:33:50.408253 [Incident:Info:toast@toast-new:Magnitude updated] Magnitude updated: 5.62 (M)
2025/04/05 22:33:50.408283 [Simulation:Info:toast@toast-new:Simulation not generated] Magnitude 5.62 of event bmg2025gqqa is smaller than triggerMinMagnitude: no automatic simulation
2025/04/05 22:33:50.422095 [Incident:Info:toast@toast-new:Origin updated] Origin updated: OT: 2025-04-05 11:29:12,  Lat/Lon: -57.3174°/-25.6611°, Depth: 28.6515
2025/04/05 22:33:50.422176 [Simulation:Info:toast@toast-new:Simulation not generated] Magnitude 5.62 of event bmg2025gqqa is smaller than triggerMinMagnitude: no automatic simulation
2025/04/05 22:33:54.428564 [Incident:Info:toast@toast-new:Origin updated] Origin updated: OT: 2025-04-05 11:29:12,  Lat/Lon: -57.3174°/-25.6611°, Depth: 28.6515
2025/04/05 22:33:54.428752 [Incident:Info:toast@toast-new:Magnitude updated] Magnitude updated: 5.48 (mb)
2025/04/05 22:33:54.428808 [Simulation:Info:toast@toast-new:Simulation not generated] Magnitude 5.48 of event bmg2025gqqa is smaller than triggerMinMagnitude: no automatic simulation
2025/04/10 10:05:26.545255 [Incident:Info:toast@toast-new:Incident removed] Removed incident - Bye
