2025/02/23 08:52:21.421249 [Incident:Info:toast@toast-new:Displacement(s) updated] Added 0 and changed 0 displacements with 0 amplitudes
2025/02/23 08:52:21.445142 [Incident:Info:toast@toast-new:Incident created] Incident created based on event received from messaging: OT: 2025-02-23 01:46:25,  Lat/Lon: -7.33°/155.93°, Depth: 10.00, Mag: 5.61 (M)
2025/02/23 08:52:21.445478 [Simulation:Info:toast@toast-new:Simulation not generated] Magnitude 5.61 of event bmg2025dsze is smaller than triggerMinMagnitude: no automatic simulation
2025/02/23 08:52:21.453072 [Incident:Info:toast@toast-new:Origin updated] Origin updated: OT: 2025-02-23 01:46:25,  Lat/Lon: -7.33349°/155.926°, Depth: 10
2025/02/23 08:52:21.453161 [Simulation:Info:toast@toast-new:Simulation not generated] Magnitude 5.61 of event bmg2025dsze is smaller than triggerMinMagnitude: no automatic simulation
2025/02/23 08:52:30.462475 [Incident:Info:toast@toast-new:Origin updated] Origin updated: OT: 2025-02-23 01:46:25,  Lat/Lon: -7.41579°/155.906°, Depth: 10
2025/02/23 08:52:30.462661 [Incident:Info:toast@toast-new:Magnitude updated] Magnitude updated: 5.60 (M)
2025/02/23 08:52:30.462702 [Simulation:Info:toast@toast-new:Simulation not generated] Magnitude 5.60 of event bmg2025dsze is smaller than triggerMinMagnitude: no automatic simulation
2025/02/23 08:52:36.140684 [Incident:Info:toast@toast-new:Origin updated] Origin updated: OT: 2025-02-23 01:46:25,  Lat/Lon: -7.41579°/155.906°, Depth: 10
2025/02/23 08:52:36.140860 [Incident:Info:toast@toast-new:Magnitude updated] Magnitude updated: 5.60 (M)
2025/02/23 08:52:36.140901 [Simulation:Info:toast@toast-new:Simulation not generated] Magnitude 5.60 of event bmg2025dsze is smaller than triggerMinMagnitude: no automatic simulation
2025/02/23 08:52:40.458331 [Incident:Info:toast@toast-new:Origin updated] Origin updated: OT: 2025-02-23 01:46:24,  Lat/Lon: -7.30467°/155.924°, Depth: 10
2025/02/23 08:52:40.458529 [Incident:Info:toast@toast-new:Magnitude updated] Magnitude updated: 5.61 (M)
2025/02/23 08:52:40.458569 [Simulation:Info:toast@toast-new:Simulation not generated] Magnitude 5.61 of event bmg2025dsze is smaller than triggerMinMagnitude: no automatic simulation
2025/02/23 08:52:55.340785 [Incident:Info:toast@toast-new:Origin updated] Origin updated: OT: 2025-02-23 01:46:23,  Lat/Lon: -7.2633°/155.925°, Depth: 10
2025/02/23 08:52:55.340986 [Incident:Info:toast@toast-new:Magnitude updated] Magnitude updated: 5.62 (M)
2025/02/23 08:52:55.341031 [Simulation:Info:toast@toast-new:Simulation not generated] Magnitude 5.62 of event bmg2025dsze is smaller than triggerMinMagnitude: no automatic simulation
2025/02/23 08:53:01.156930 [Incident:Info:toast@toast-new:Origin updated] Origin updated: OT: 2025-02-23 01:46:23,  Lat/Lon: -7.2633°/155.925°, Depth: 10
2025/02/23 08:53:01.157136 [Incident:Info:toast@toast-new:Magnitude updated] Magnitude updated: 5.62 (M)
2025/02/23 08:53:01.157179 [Simulation:Info:toast@toast-new:Simulation not generated] Magnitude 5.62 of event bmg2025dsze is smaller than triggerMinMagnitude: no automatic simulation
2025/02/23 08:53:06.131380 [Incident:Info:toast@toast-new:Origin updated] Origin updated: OT: 2025-02-23 01:46:23,  Lat/Lon: -7.2633°/155.925°, Depth: 10
2025/02/23 08:53:06.131551 [Incident:Info:toast@toast-new:Magnitude updated] Magnitude updated: 5.60 (M)
2025/02/23 08:53:06.131591 [Simulation:Info:toast@toast-new:Simulation not generated] Magnitude 5.60 of event bmg2025dsze is smaller than triggerMinMagnitude: no automatic simulation
2025/02/23 08:53:10.494462 [Incident:Info:toast@toast-new:Origin updated] Origin updated: OT: 2025-02-23 01:46:23,  Lat/Lon: -7.24682°/155.932°, Depth: 10
2025/02/23 08:53:10.494669 [Incident:Info:toast@toast-new:Magnitude updated] Magnitude updated: 5.60 (M)
2025/02/23 08:53:10.494714 [Simulation:Info:toast@toast-new:Simulation not generated] Magnitude 5.60 of event bmg2025dsze is smaller than triggerMinMagnitude: no automatic simulation
2025/02/23 08:53:23.900121 [Incident:Info:toast@toast-new:Origin updated] Origin updated: OT: 2025-02-23 01:46:23,  Lat/Lon: -7.21048°/155.943°, Depth: 10
2025/02/23 08:53:23.900325 [Incident:Info:toast@toast-new:Magnitude updated] Magnitude updated: 5.60 (M)
2025/02/23 08:53:23.900366 [Simulation:Info:toast@toast-new:Simulation not generated] Magnitude 5.60 of event bmg2025dsze is smaller than triggerMinMagnitude: no automatic simulation
2025/02/23 08:53:40.520980 [Incident:Info:toast@toast-new:Origin updated] Origin updated: OT: 2025-02-23 01:46:22,  Lat/Lon: -7.06761°/155.918°, Depth: 10
2025/02/23 08:53:40.521172 [Incident:Info:toast@toast-new:Magnitude updated] Magnitude updated: 5.51 (M)
2025/02/23 08:53:40.521217 [Simulation:Info:toast@toast-new:Simulation not generated] Magnitude 5.51 of event bmg2025dsze is smaller than triggerMinMagnitude: no automatic simulation
2025/02/23 08:53:55.580557 [Incident:Info:toast@toast-new:Origin updated] Origin updated: OT: 2025-02-23 01:46:21,  Lat/Lon: -7.04471°/155.89°, Depth: 10
2025/02/23 08:53:55.580765 [Incident:Info:toast@toast-new:Magnitude updated] Magnitude updated: 5.51 (M)
2025/02/23 08:53:55.580814 [Simulation:Info:toast@toast-new:Simulation not generated] Magnitude 5.51 of event bmg2025dsze is smaller than triggerMinMagnitude: no automatic simulation
2025/02/23 08:54:01.127268 [Incident:Info:toast@toast-new:Origin updated] Origin updated: OT: 2025-02-23 01:46:21,  Lat/Lon: -7.04471°/155.89°, Depth: 10
2025/02/23 08:54:01.127467 [Incident:Info:toast@toast-new:Magnitude updated] Magnitude updated: 5.52 (M)
2025/02/23 08:54:01.127516 [Simulation:Info:toast@toast-new:Simulation not generated] Magnitude 5.52 of event bmg2025dsze is smaller than triggerMinMagnitude: no automatic simulation
2025/02/23 08:54:16.121366 [Incident:Info:toast@toast-new:Origin updated] Origin updated: OT: 2025-02-23 01:46:21,  Lat/Lon: -7.04471°/155.89°, Depth: 10
2025/02/23 08:54:16.121536 [Incident:Info:toast@toast-new:Magnitude updated] Magnitude updated: 5.50 (M)
2025/02/23 08:54:16.121568 [Simulation:Info:toast@toast-new:Simulation not generated] Magnitude 5.50 of event bmg2025dsze is smaller than triggerMinMagnitude: no automatic simulation
2025/02/23 08:54:16.781646 [Incident:Info:toast@toast-new:Origin updated] Origin updated: OT: 2025-02-23 01:46:21,  Lat/Lon: -7.07343°/155.872°, Depth: 10
2025/02/23 08:54:16.781885 [Incident:Info:toast@toast-new:Magnitude updated] Magnitude updated: 5.49 (M)
2025/02/23 08:54:16.781944 [Simulation:Info:toast@toast-new:Simulation not generated] Magnitude 5.49 of event bmg2025dsze is smaller than triggerMinMagnitude: no automatic simulation
2025/02/23 08:54:31.128540 [Incident:Info:toast@toast-new:Origin updated] Origin updated: OT: 2025-02-23 01:46:21,  Lat/Lon: -7.07343°/155.872°, Depth: 10
2025/02/23 08:54:31.128712 [Incident:Info:toast@toast-new:Magnitude updated] Magnitude updated: 5.49 (M)
2025/02/23 08:54:31.128753 [Simulation:Info:toast@toast-new:Simulation not generated] Magnitude 5.49 of event bmg2025dsze is smaller than triggerMinMagnitude: no automatic simulation
2025/02/23 08:54:45.624789 [Incident:Info:toast@toast-new:Origin updated] Origin updated: OT: 2025-02-23 01:46:21,  Lat/Lon: -7.08989°/155.863°, Depth: 10
2025/02/23 08:54:45.624969 [Incident:Info:toast@toast-new:Magnitude updated] Magnitude updated: 5.49 (M)
2025/02/23 08:54:45.625010 [Simulation:Info:toast@toast-new:Simulation not generated] Magnitude 5.49 of event bmg2025dsze is smaller than triggerMinMagnitude: no automatic simulation
2025/02/23 08:55:11.119410 [Incident:Info:toast@toast-new:Origin updated] Origin updated: OT: 2025-02-23 01:46:21,  Lat/Lon: -7.08989°/155.863°, Depth: 10
2025/02/23 08:55:11.119588 [Incident:Info:toast@toast-new:Magnitude updated] Magnitude updated: 5.53 (M)
2025/02/23 08:55:11.119631 [Simulation:Info:toast@toast-new:Simulation not generated] Magnitude 5.53 of event bmg2025dsze is smaller than triggerMinMagnitude: no automatic simulation
2025/02/23 08:55:15.647179 [Incident:Info:toast@toast-new:Origin updated] Origin updated: OT: 2025-02-23 01:46:21,  Lat/Lon: -7.09074°/155.863°, Depth: 10
2025/02/23 08:55:15.647331 [Incident:Info:toast@toast-new:Magnitude updated] Magnitude updated: 5.52 (M)
2025/02/23 08:55:15.647383 [Simulation:Info:toast@toast-new:Simulation not generated] Magnitude 5.52 of event bmg2025dsze is smaller than triggerMinMagnitude: no automatic simulation
2025/02/23 08:55:36.125597 [Incident:Info:toast@toast-new:Origin updated] Origin updated: OT: 2025-02-23 01:46:21,  Lat/Lon: -7.09074°/155.863°, Depth: 10
2025/02/23 08:55:36.125769 [Incident:Info:toast@toast-new:Magnitude updated] Magnitude updated: 5.53 (M)
2025/02/23 08:55:36.125810 [Simulation:Info:toast@toast-new:Simulation not generated] Magnitude 5.53 of event bmg2025dsze is smaller than triggerMinMagnitude: no automatic simulation
2025/02/23 08:55:46.120745 [Incident:Info:toast@toast-new:Origin updated] Origin updated: OT: 2025-02-23 01:46:21,  Lat/Lon: -7.09074°/155.863°, Depth: 10
2025/02/23 08:55:46.120911 [Incident:Info:toast@toast-new:Magnitude updated] Magnitude updated: 5.56 (M)
2025/02/23 08:55:46.120962 [Simulation:Info:toast@toast-new:Simulation not generated] Magnitude 5.56 of event bmg2025dsze is smaller than triggerMinMagnitude: no automatic simulation
2025/02/23 08:55:50.650016 [Incident:Info:toast@toast-new:Origin updated] Origin updated: OT: 2025-02-23 01:46:21,  Lat/Lon: -7.08022°/155.871°, Depth: 10
2025/02/23 08:55:50.650160 [Incident:Info:toast@toast-new:Magnitude updated] Magnitude updated: 5.56 (M)
2025/02/23 08:55:50.650182 [Simulation:Info:toast@toast-new:Simulation not generated] Magnitude 5.56 of event bmg2025dsze is smaller than triggerMinMagnitude: no automatic simulation
2025/02/23 08:56:01.125479 [Incident:Info:toast@toast-new:Origin updated] Origin updated: OT: 2025-02-23 01:46:21,  Lat/Lon: -7.08022°/155.871°, Depth: 10
2025/02/23 08:56:01.125647 [Incident:Info:toast@toast-new:Magnitude updated] Magnitude updated: 5.61 (M)
2025/02/23 08:56:01.125681 [Simulation:Info:toast@toast-new:Simulation not generated] Magnitude 5.61 of event bmg2025dsze is smaller than triggerMinMagnitude: no automatic simulation
2025/02/23 08:57:25.058540 [Incident:Info:toast@toast-new:Origin updated] Origin updated: OT: 2025-02-23 01:46:19,  Lat/Lon: -7.04777°/156.063°, Depth: 10
2025/02/23 08:57:25.058730 [Incident:Info:toast@toast-new:Magnitude updated] Magnitude updated: 5.46 (M)
2025/02/23 08:57:25.058772 [Simulation:Info:toast@toast-new:Simulation not generated] Magnitude 5.46 of event bmg2025dsze is smaller than triggerMinMagnitude: no automatic simulation
2025/02/23 08:58:00.677848 [Incident:Info:toast@toast-new:Origin updated] Origin updated: OT: 2025-02-23 01:46:19,  Lat/Lon: -7.05527°/156.056°, Depth: 10
2025/02/23 08:58:00.678025 [Incident:Info:toast@toast-new:Magnitude updated] Magnitude updated: 5.46 (M)
2025/02/23 08:58:00.678064 [Simulation:Info:toast@toast-new:Simulation not generated] Magnitude 5.46 of event bmg2025dsze is smaller than triggerMinMagnitude: no automatic simulation
2025/02/23 08:58:52.833463 [Incident:Info:toast@toast-new:Origin updated] Origin updated: OT: 2025-02-23 01:46:19,  Lat/Lon: -7.08823°/156.013°, Depth: 10
2025/02/23 08:58:52.833657 [Incident:Info:toast@toast-new:Magnitude updated] Magnitude updated: 5.46 (M)
2025/02/23 08:58:52.833701 [Simulation:Info:toast@toast-new:Simulation not generated] Magnitude 5.46 of event bmg2025dsze is smaller than triggerMinMagnitude: no automatic simulation
2025/02/23 08:59:30.692613 [Incident:Info:toast@toast-new:Origin updated] Origin updated: OT: 2025-02-23 01:46:20,  Lat/Lon: -7.11357°/155.995°, Depth: 10
2025/02/23 08:59:30.692816 [Incident:Info:toast@toast-new:Magnitude updated] Magnitude updated: 5.45 (M)
2025/02/23 08:59:30.692865 [Simulation:Info:toast@toast-new:Simulation not generated] Magnitude 5.45 of event bmg2025dsze is smaller than triggerMinMagnitude: no automatic simulation
2025/02/23 08:59:41.137027 [Incident:Info:toast@toast-new:Origin updated] Origin updated: OT: 2025-02-23 01:46:20,  Lat/Lon: -7.11357°/155.995°, Depth: 10
2025/02/23 08:59:41.137226 [Incident:Info:toast@toast-new:Magnitude updated] Magnitude updated: 5.43 (M)
2025/02/23 08:59:41.137285 [Simulation:Info:toast@toast-new:Simulation not generated] Magnitude 5.43 of event bmg2025dsze is smaller than triggerMinMagnitude: no automatic simulation
2025/02/23 09:00:10.688355 [Incident:Info:toast@toast-new:Origin updated] Origin updated: OT: 2025-02-23 01:46:20,  Lat/Lon: -7.13356°/155.967°, Depth: 10
2025/02/23 09:00:10.688541 [Incident:Info:toast@toast-new:Magnitude updated] Magnitude updated: 5.43 (M)
2025/02/23 09:00:10.688583 [Simulation:Info:toast@toast-new:Simulation not generated] Magnitude 5.43 of event bmg2025dsze is smaller than triggerMinMagnitude: no automatic simulation
2025/02/23 09:00:50.704791 [Incident:Info:toast@toast-new:Origin updated] Origin updated: OT: 2025-02-23 01:46:20,  Lat/Lon: -7.13897°/155.958°, Depth: 10
2025/02/23 09:00:50.704984 [Incident:Info:toast@toast-new:Magnitude updated] Magnitude updated: 5.43 (M)
2025/02/23 09:00:50.705027 [Simulation:Info:toast@toast-new:Simulation not generated] Magnitude 5.43 of event bmg2025dsze is smaller than triggerMinMagnitude: no automatic simulation
2025/02/23 09:06:39.048809 [Incident:Info:toast@toast-new:Origin updated] Origin updated: OT: 2025-02-23 01:46:20,  Lat/Lon: -7.13897°/155.958°, Depth: 10
2025/02/23 09:06:39.048983 [Simulation:Info:toast@toast-new:Simulation not generated] Magnitude 5.43 of event bmg2025dsze is smaller than triggerMinMagnitude: no automatic simulation
2025/02/23 09:07:44.183711 [Incident:Info:toast@toast-new:Origin updated] Origin updated: OT: 2025-02-23 01:46:20,  Lat/Lon: -7.13894°/155.958°, Depth: 10
2025/02/23 09:07:44.183907 [Incident:Info:toast@toast-new:Magnitude updated] Magnitude updated: 5.43 (M)
2025/02/23 09:07:44.183948 [Simulation:Info:toast@toast-new:Simulation not generated] Magnitude 5.43 of event bmg2025dsze is smaller than triggerMinMagnitude: no automatic simulation
2025/02/23 09:07:51.123974 [Incident:Info:toast@toast-new:Origin updated] Origin updated: OT: 2025-02-23 01:46:20,  Lat/Lon: -7.13894°/155.958°, Depth: 10
2025/02/23 09:07:51.124189 [Incident:Info:toast@toast-new:Magnitude updated] Magnitude updated: 5.44 (M)
2025/02/23 09:07:51.124242 [Simulation:Info:toast@toast-new:Simulation not generated] Magnitude 5.44 of event bmg2025dsze is smaller than triggerMinMagnitude: no automatic simulation
2025/02/23 09:10:18.242363 [Incident:Info:toast@toast-new:Origin updated] Origin updated: OT: 2025-02-23 01:46:20,  Lat/Lon: -7.13894°/155.958°, Depth: 10
2025/02/23 09:10:18.242533 [Incident:Info:toast@toast-new:FM updated] FM updated
2025/02/23 09:10:18.242763 [Simulation:Info:toast@toast-new:Simulation not generated] Magnitude 5.44 of event bmg2025dsze is smaller than triggerMinMagnitude: no automatic simulation
2025/02/23 09:10:37.656140 [Incident:Info:toast@toast-new:Origin updated] Origin updated: OT: 2025-02-23 01:46:20,  Lat/Lon: -7.13894°/155.958°, Depth: 10
2025/02/23 09:10:37.656395 [Simulation:Info:toast@toast-new:Simulation not generated] Magnitude 5.44 of event bmg2025dsze is smaller than triggerMinMagnitude: no automatic simulation
2025/02/23 09:10:57.766896 [Incident:Info:toast@toast-new:Origin updated] Origin updated: OT: 2025-02-23 01:46:20,  Lat/Lon: -7.13894°/155.958°, Depth: 10
2025/02/23 09:10:57.767090 [Simulation:Info:toast@toast-new:Simulation not generated] Magnitude 5.44 of event bmg2025dsze is smaller than triggerMinMagnitude: no automatic simulation
2025/02/23 09:11:37.654205 [Incident:Info:toast@toast-new:Origin updated] Origin updated: OT: 2025-02-23 01:46:20,  Lat/Lon: -7.13894°/155.958°, Depth: 10
2025/02/23 09:11:37.654407 [Simulation:Info:toast@toast-new:Simulation not generated] Magnitude 5.44 of event bmg2025dsze is smaller than triggerMinMagnitude: no automatic simulation
2025/02/23 09:11:57.376947 [Incident:Info:toast@toast-new:Origin updated] Origin updated: OT: 2025-02-23 01:46:20,  Lat/Lon: -7.13894°/155.958°, Depth: 10
2025/02/23 09:11:57.377120 [Simulation:Info:toast@toast-new:Simulation not generated] Magnitude 5.44 of event bmg2025dsze is smaller than triggerMinMagnitude: no automatic simulation
2025/02/23 09:13:07.440061 [Incident:Info:toast@toast-new:Origin updated] Origin updated: OT: 2025-02-23 01:46:20,  Lat/Lon: -7.13894°/155.958°, Depth: 10
2025/02/23 09:13:07.440357 [Simulation:Info:toast@toast-new:Simulation not generated] Magnitude 5.44 of event bmg2025dsze is smaller than triggerMinMagnitude: no automatic simulation
2025/02/23 09:13:17.562121 [Incident:Info:toast@toast-new:Origin updated] Origin updated: OT: 2025-02-23 01:46:20,  Lat/Lon: -7.13894°/155.958°, Depth: 10
2025/02/23 09:13:17.562318 [Simulation:Info:toast@toast-new:Simulation not generated] Magnitude 5.44 of event bmg2025dsze is smaller than triggerMinMagnitude: no automatic simulation
2025/02/23 09:14:07.690100 [Incident:Info:toast@toast-new:Origin updated] Origin updated: OT: 2025-02-23 01:46:20,  Lat/Lon: -7.13894°/155.958°, Depth: 10
2025/02/23 09:14:07.690303 [Simulation:Info:toast@toast-new:Simulation not generated] Magnitude 5.44 of event bmg2025dsze is smaller than triggerMinMagnitude: no automatic simulation
2025/02/23 09:14:17.854076 [Incident:Info:toast@toast-new:Origin updated] Origin updated: OT: 2025-02-23 01:46:20,  Lat/Lon: -7.13894°/155.958°, Depth: 10
2025/02/23 09:14:17.854288 [Simulation:Info:toast@toast-new:Simulation not generated] Magnitude 5.44 of event bmg2025dsze is smaller than triggerMinMagnitude: no automatic simulation
2025/02/23 09:16:18.161256 [Incident:Info:toast@toast-new:Origin updated] Origin updated: OT: 2025-02-23 01:46:20,  Lat/Lon: -7.13894°/155.958°, Depth: 10
2025/02/23 09:16:18.161446 [Simulation:Info:toast@toast-new:Simulation not generated] Magnitude 5.44 of event bmg2025dsze is smaller than triggerMinMagnitude: no automatic simulation
2025/02/23 09:17:18.173631 [Incident:Info:toast@toast-new:Origin updated] Origin updated: OT: 2025-02-23 01:46:20,  Lat/Lon: -7.13894°/155.958°, Depth: 10
2025/02/23 09:17:18.173830 [Simulation:Info:toast@toast-new:Simulation not generated] Magnitude 5.44 of event bmg2025dsze is smaller than triggerMinMagnitude: no automatic simulation
2025/02/23 09:17:38.408343 [Incident:Info:toast@toast-new:Origin updated] Origin updated: OT: 2025-02-23 01:46:20,  Lat/Lon: -7.13894°/155.958°, Depth: 10
2025/02/23 09:17:38.408532 [Simulation:Info:toast@toast-new:Simulation not generated] Magnitude 5.44 of event bmg2025dsze is smaller than triggerMinMagnitude: no automatic simulation
2025/02/23 09:18:08.124501 [Incident:Info:toast@toast-new:Origin updated] Origin updated: OT: 2025-02-23 01:46:20,  Lat/Lon: -7.13894°/155.958°, Depth: 10
2025/02/23 09:18:08.124682 [Simulation:Info:toast@toast-new:Simulation not generated] Magnitude 5.44 of event bmg2025dsze is smaller than triggerMinMagnitude: no automatic simulation
2025/02/23 09:18:18.182710 [Incident:Info:toast@toast-new:Origin updated] Origin updated: OT: 2025-02-23 01:46:20,  Lat/Lon: -7.13894°/155.958°, Depth: 10
2025/02/23 09:18:18.182865 [Simulation:Info:toast@toast-new:Simulation not generated] Magnitude 5.44 of event bmg2025dsze is smaller than triggerMinMagnitude: no automatic simulation
2025/02/23 09:18:28.715775 [Incident:Info:toast@toast-new:Origin updated] Origin updated: OT: 2025-02-23 01:46:20,  Lat/Lon: -7.13894°/155.958°, Depth: 10
2025/02/23 09:18:28.715957 [Simulation:Info:toast@toast-new:Simulation not generated] Magnitude 5.44 of event bmg2025dsze is smaller than triggerMinMagnitude: no automatic simulation
2025/02/23 09:18:38.744265 [Incident:Info:toast@toast-new:Origin updated] Origin updated: OT: 2025-02-23 01:46:20,  Lat/Lon: -7.13894°/155.958°, Depth: 10
2025/02/23 09:18:38.744460 [Simulation:Info:toast@toast-new:Simulation not generated] Magnitude 5.44 of event bmg2025dsze is smaller than triggerMinMagnitude: no automatic simulation
2025/02/23 09:18:48.521530 [Incident:Info:toast@toast-new:Origin updated] Origin updated: OT: 2025-02-23 01:46:20,  Lat/Lon: -7.13894°/155.958°, Depth: 10
2025/02/23 09:18:48.521723 [Simulation:Info:toast@toast-new:Simulation not generated] Magnitude 5.44 of event bmg2025dsze is smaller than triggerMinMagnitude: no automatic simulation
2025/02/23 09:19:18.591029 [Incident:Info:toast@toast-new:Origin updated] Origin updated: OT: 2025-02-23 01:46:20,  Lat/Lon: -7.13894°/155.958°, Depth: 10
2025/02/23 09:19:18.591259 [Simulation:Info:toast@toast-new:Simulation not generated] Magnitude 5.44 of event bmg2025dsze is smaller than triggerMinMagnitude: no automatic simulation
2025/02/23 09:19:28.883902 [Incident:Info:toast@toast-new:Origin updated] Origin updated: OT: 2025-02-23 01:46:20,  Lat/Lon: -7.13894°/155.958°, Depth: 10
2025/02/23 09:19:28.884085 [Simulation:Info:toast@toast-new:Simulation not generated] Magnitude 5.44 of event bmg2025dsze is smaller than triggerMinMagnitude: no automatic simulation
2025/02/23 09:19:49.000283 [Incident:Info:toast@toast-new:Origin updated] Origin updated: OT: 2025-02-23 01:46:20,  Lat/Lon: -7.13894°/155.958°, Depth: 10
2025/02/23 09:19:49.000494 [Simulation:Info:toast@toast-new:Simulation not generated] Magnitude 5.44 of event bmg2025dsze is smaller than triggerMinMagnitude: no automatic simulation
2025/02/23 09:19:59.253044 [Incident:Info:toast@toast-new:Origin updated] Origin updated: OT: 2025-02-23 01:46:20,  Lat/Lon: -7.13894°/155.958°, Depth: 10
2025/02/23 09:19:59.253222 [Simulation:Info:toast@toast-new:Simulation not generated] Magnitude 5.44 of event bmg2025dsze is smaller than triggerMinMagnitude: no automatic simulation
2025/02/23 09:20:09.900004 [Incident:Info:toast@toast-new:Origin updated] Origin updated: OT: 2025-02-23 01:46:20,  Lat/Lon: -7.13894°/155.958°, Depth: 10
2025/02/23 09:20:09.900272 [Simulation:Info:toast@toast-new:Simulation not generated] Magnitude 5.44 of event bmg2025dsze is smaller than triggerMinMagnitude: no automatic simulation
2025/02/23 09:20:19.260180 [Incident:Info:toast@toast-new:Origin updated] Origin updated: OT: 2025-02-23 01:46:20,  Lat/Lon: -7.13894°/155.958°, Depth: 10
2025/02/23 09:20:19.260360 [Simulation:Info:toast@toast-new:Simulation not generated] Magnitude 5.44 of event bmg2025dsze is smaller than triggerMinMagnitude: no automatic simulation
2025/02/23 09:20:29.700634 [Incident:Info:toast@toast-new:Origin updated] Origin updated: OT: 2025-02-23 01:46:20,  Lat/Lon: -7.13894°/155.958°, Depth: 10
2025/02/23 09:20:29.700823 [Simulation:Info:toast@toast-new:Simulation not generated] Magnitude 5.44 of event bmg2025dsze is smaller than triggerMinMagnitude: no automatic simulation
2025/02/23 09:20:39.864366 [Incident:Info:toast@toast-new:Origin updated] Origin updated: OT: 2025-02-23 01:46:20,  Lat/Lon: -7.13894°/155.958°, Depth: 10
2025/02/23 09:20:39.864568 [Simulation:Info:toast@toast-new:Simulation not generated] Magnitude 5.44 of event bmg2025dsze is smaller than triggerMinMagnitude: no automatic simulation
2025/02/23 09:20:50.128510 [Incident:Info:toast@toast-new:Origin updated] Origin updated: OT: 2025-02-23 01:46:20,  Lat/Lon: -7.13894°/155.958°, Depth: 10
2025/02/23 09:20:50.128698 [Simulation:Info:toast@toast-new:Simulation not generated] Magnitude 5.44 of event bmg2025dsze is smaller than triggerMinMagnitude: no automatic simulation
2025/02/23 09:21:00.153049 [Incident:Info:toast@toast-new:Origin updated] Origin updated: OT: 2025-02-23 01:46:20,  Lat/Lon: -7.13894°/155.958°, Depth: 10
2025/02/23 09:21:00.153279 [Simulation:Info:toast@toast-new:Simulation not generated] Magnitude 5.44 of event bmg2025dsze is smaller than triggerMinMagnitude: no automatic simulation
2025/02/23 09:21:20.123477 [Incident:Info:toast@toast-new:Origin updated] Origin updated: OT: 2025-02-23 01:46:20,  Lat/Lon: -7.13894°/155.958°, Depth: 10
2025/02/23 09:21:20.123657 [Simulation:Info:toast@toast-new:Simulation not generated] Magnitude 5.44 of event bmg2025dsze is smaller than triggerMinMagnitude: no automatic simulation
2025/02/23 09:21:29.939748 [Incident:Info:toast@toast-new:Origin updated] Origin updated: OT: 2025-02-23 01:46:20,  Lat/Lon: -7.13894°/155.958°, Depth: 10
2025/02/23 09:21:29.939947 [Simulation:Info:toast@toast-new:Simulation not generated] Magnitude 5.44 of event bmg2025dsze is smaller than triggerMinMagnitude: no automatic simulation
2025/02/23 09:21:50.177354 [Incident:Info:toast@toast-new:Origin updated] Origin updated: OT: 2025-02-23 01:46:20,  Lat/Lon: -7.13894°/155.958°, Depth: 10
2025/02/23 09:21:50.177537 [Simulation:Info:toast@toast-new:Simulation not generated] Magnitude 5.44 of event bmg2025dsze is smaller than triggerMinMagnitude: no automatic simulation
2025/02/23 09:22:20.485914 [Incident:Info:toast@toast-new:Origin updated] Origin updated: OT: 2025-02-23 01:46:20,  Lat/Lon: -7.13894°/155.958°, Depth: 10
2025/02/23 09:22:20.486096 [Simulation:Info:toast@toast-new:Simulation not generated] Magnitude 5.44 of event bmg2025dsze is smaller than triggerMinMagnitude: no automatic simulation
2025/02/23 09:23:30.113193 [Incident:Info:toast@toast-new:Origin updated] Origin updated: OT: 2025-02-23 01:46:20,  Lat/Lon: -7.13894°/155.958°, Depth: 10
2025/02/23 09:23:30.113381 [Simulation:Info:toast@toast-new:Simulation not generated] Magnitude 5.44 of event bmg2025dsze is smaller than triggerMinMagnitude: no automatic simulation
2025/02/23 09:23:50.732099 [Incident:Info:toast@toast-new:Origin updated] Origin updated: OT: 2025-02-23 01:46:20,  Lat/Lon: -7.13894°/155.958°, Depth: 10
2025/02/23 09:23:50.732286 [Simulation:Info:toast@toast-new:Simulation not generated] Magnitude 5.44 of event bmg2025dsze is smaller than triggerMinMagnitude: no automatic simulation
2025/02/23 09:24:10.472537 [Incident:Info:toast@toast-new:Origin updated] Origin updated: OT: 2025-02-23 01:46:20,  Lat/Lon: -7.13894°/155.958°, Depth: 10
2025/02/23 09:24:10.472774 [Simulation:Info:toast@toast-new:Simulation not generated] Magnitude 5.44 of event bmg2025dsze is smaller than triggerMinMagnitude: no automatic simulation
2025/02/23 09:24:40.544582 [Incident:Info:toast@toast-new:Origin updated] Origin updated: OT: 2025-02-23 01:46:20,  Lat/Lon: -7.13894°/155.958°, Depth: 10
2025/02/23 09:24:40.544774 [Simulation:Info:toast@toast-new:Simulation not generated] Magnitude 5.44 of event bmg2025dsze is smaller than triggerMinMagnitude: no automatic simulation
2025/02/23 09:25:40.550343 [Incident:Info:toast@toast-new:Origin updated] Origin updated: OT: 2025-02-23 01:46:20,  Lat/Lon: -7.13894°/155.958°, Depth: 10
2025/02/23 09:25:40.550549 [Simulation:Info:toast@toast-new:Simulation not generated] Magnitude 5.44 of event bmg2025dsze is smaller than triggerMinMagnitude: no automatic simulation
2025/02/23 09:26:30.525703 [Incident:Info:toast@toast-new:Origin updated] Origin updated: OT: 2025-02-23 01:46:20,  Lat/Lon: -7.13894°/155.958°, Depth: 10
2025/02/23 09:26:30.525864 [Simulation:Info:toast@toast-new:Simulation not generated] Magnitude 5.44 of event bmg2025dsze is smaller than triggerMinMagnitude: no automatic simulation
2025/02/23 09:26:50.698273 [Incident:Info:toast@toast-new:Origin updated] Origin updated: OT: 2025-02-23 01:46:20,  Lat/Lon: -7.13894°/155.958°, Depth: 10
2025/02/23 09:26:50.698459 [Simulation:Info:toast@toast-new:Simulation not generated] Magnitude 5.44 of event bmg2025dsze is smaller than triggerMinMagnitude: no automatic simulation
2025/02/23 09:27:00.667337 [Incident:Info:toast@toast-new:Origin updated] Origin updated: OT: 2025-02-23 01:46:20,  Lat/Lon: -7.13894°/155.958°, Depth: 10
2025/02/23 09:27:00.667509 [Simulation:Info:toast@toast-new:Simulation not generated] Magnitude 5.44 of event bmg2025dsze is smaller than triggerMinMagnitude: no automatic simulation
2025/02/23 09:27:20.909983 [Incident:Info:toast@toast-new:Origin updated] Origin updated: OT: 2025-02-23 01:46:20,  Lat/Lon: -7.13894°/155.958°, Depth: 10
2025/02/23 09:27:20.910165 [Simulation:Info:toast@toast-new:Simulation not generated] Magnitude 5.44 of event bmg2025dsze is smaller than triggerMinMagnitude: no automatic simulation
2025/02/23 09:27:50.825720 [Incident:Info:toast@toast-new:Origin updated] Origin updated: OT: 2025-02-23 01:46:20,  Lat/Lon: -7.13894°/155.958°, Depth: 10
2025/02/23 09:27:50.825915 [Simulation:Info:toast@toast-new:Simulation not generated] Magnitude 5.44 of event bmg2025dsze is smaller than triggerMinMagnitude: no automatic simulation
2025/02/23 09:28:21.280109 [Incident:Info:toast@toast-new:Origin updated] Origin updated: OT: 2025-02-23 01:46:20,  Lat/Lon: -7.13894°/155.958°, Depth: 10
2025/02/23 09:28:21.280295 [Simulation:Info:toast@toast-new:Simulation not generated] Magnitude 5.44 of event bmg2025dsze is smaller than triggerMinMagnitude: no automatic simulation
2025/02/23 09:28:41.214298 [Incident:Info:toast@toast-new:Origin updated] Origin updated: OT: 2025-02-23 01:46:20,  Lat/Lon: -7.13894°/155.958°, Depth: 10
2025/02/23 09:28:41.214480 [Simulation:Info:toast@toast-new:Simulation not generated] Magnitude 5.44 of event bmg2025dsze is smaller than triggerMinMagnitude: no automatic simulation
2025/02/23 09:29:21.207687 [Incident:Info:toast@toast-new:Origin updated] Origin updated: OT: 2025-02-23 01:46:20,  Lat/Lon: -7.13894°/155.958°, Depth: 10
2025/02/23 09:29:21.207879 [Simulation:Info:toast@toast-new:Simulation not generated] Magnitude 5.44 of event bmg2025dsze is smaller than triggerMinMagnitude: no automatic simulation
2025/02/23 09:30:01.322558 [Incident:Info:toast@toast-new:Origin updated] Origin updated: OT: 2025-02-23 01:46:20,  Lat/Lon: -7.13894°/155.958°, Depth: 10
2025/02/23 09:30:01.322722 [Simulation:Info:toast@toast-new:Simulation not generated] Magnitude 5.44 of event bmg2025dsze is smaller than triggerMinMagnitude: no automatic simulation
2025/02/23 09:34:21.578239 [Incident:Info:toast@toast-new:Origin updated] Origin updated: OT: 2025-02-23 01:46:20,  Lat/Lon: -7.13894°/155.958°, Depth: 10
2025/02/23 09:34:21.578427 [Simulation:Info:toast@toast-new:Simulation not generated] Magnitude 5.44 of event bmg2025dsze is smaller than triggerMinMagnitude: no automatic simulation
2025/02/23 17:14:24.781356 [Incident:Info:toast@toast-new:Origin updated] Origin updated: OT: 2025-02-23 01:46:26,  Lat/Lon: -7.33353°/155.847°, Depth: 57.5957
2025/02/23 17:14:24.781588 [Incident:Info:toast@toast-new:Magnitude updated] Magnitude updated: 5.25 (mb)
2025/02/23 17:14:24.781650 [Simulation:Info:toast@toast-new:Simulation not generated] Magnitude 5.25 of event bmg2025dsze is smaller than triggerMinMagnitude: no automatic simulation
2025/02/23 17:14:24.796167 [Incident:Info:toast@toast-new:Origin updated] Origin updated: OT: 2025-02-23 01:46:26,  Lat/Lon: -7.33353°/155.847°, Depth: 57.5957
2025/02/23 17:14:24.796313 [Incident:Info:toast@toast-new:Magnitude updated] Magnitude updated: 5.61 (M)
2025/02/23 17:14:24.796370 [Simulation:Info:toast@toast-new:Simulation not generated] Magnitude 5.61 of event bmg2025dsze is smaller than triggerMinMagnitude: no automatic simulation
2025/02/23 17:15:24.861828 [Incident:Info:toast@toast-new:Origin updated] Origin updated: OT: 2025-02-23 01:46:25,  Lat/Lon: -7.33308°/155.875°, Depth: 52.7005
2025/02/23 17:15:24.862061 [Incident:Info:toast@toast-new:Magnitude updated] Magnitude updated: 5.26 (mb)
2025/02/23 17:15:24.862119 [Simulation:Info:toast@toast-new:Simulation not generated] Magnitude 5.26 of event bmg2025dsze is smaller than triggerMinMagnitude: no automatic simulation
2025/02/23 17:15:24.879315 [Incident:Info:toast@toast-new:Origin updated] Origin updated: OT: 2025-02-23 01:46:25,  Lat/Lon: -7.33308°/155.875°, Depth: 52.7005
2025/02/23 17:15:24.879420 [Incident:Info:toast@toast-new:Magnitude updated] Magnitude updated: 5.62 (M)
2025/02/23 17:15:24.879457 [Simulation:Info:toast@toast-new:Simulation not generated] Magnitude 5.62 of event bmg2025dsze is smaller than triggerMinMagnitude: no automatic simulation
2025/02/23 17:15:29.149212 [Incident:Info:toast@toast-new:Origin updated] Origin updated: OT: 2025-02-23 01:46:25,  Lat/Lon: -7.33308°/155.875°, Depth: 52.7005
2025/02/23 17:15:29.149408 [Incident:Info:toast@toast-new:Magnitude updated] Magnitude updated: 5.26 (mb)
2025/02/23 17:15:29.149466 [Simulation:Info:toast@toast-new:Simulation not generated] Magnitude 5.26 of event bmg2025dsze is smaller than triggerMinMagnitude: no automatic simulation
2025/02/23 17:18:54.878866 [Incident:Info:toast@toast-new:Origin updated] Origin updated: OT: 2025-02-23 01:46:25,  Lat/Lon: -7.33308°/155.875°, Depth: 52.7005
2025/02/23 17:18:54.879064 [Simulation:Info:toast@toast-new:Simulation not generated] Magnitude 5.26 of event bmg2025dsze is smaller than triggerMinMagnitude: no automatic simulation
2025/02/23 17:18:54.931720 [Incident:Info:toast@toast-new:Origin updated] Origin updated: OT: 2025-02-23 01:46:25,  Lat/Lon: -7.33308°/155.875°, Depth: 52.7005
2025/02/23 17:18:54.931860 [Incident:Info:toast@toast-new:Magnitude updated] Magnitude updated: 5.62 (M)
2025/02/23 17:18:54.931897 [Simulation:Info:toast@toast-new:Simulation not generated] Magnitude 5.62 of event bmg2025dsze is smaller than triggerMinMagnitude: no automatic simulation
2025/02/23 17:18:59.013150 [Incident:Info:toast@toast-new:Origin updated] Origin updated: OT: 2025-02-23 01:46:25,  Lat/Lon: -7.33308°/155.875°, Depth: 52.7005
2025/02/23 17:18:59.013375 [Incident:Info:toast@toast-new:Magnitude updated] Magnitude updated: 5.26 (mb)
2025/02/23 17:18:59.013445 [Simulation:Info:toast@toast-new:Simulation not generated] Magnitude 5.26 of event bmg2025dsze is smaller than triggerMinMagnitude: no automatic simulation
