2025/02/11 05:49:41.825058 [Incident:Info:toast@toast-new:Displacement(s) updated] Added 0 and changed 0 displacements with 0 amplitudes
2025/02/11 05:49:41.863936 [Incident:Info:toast@toast-new:Incident created] Incident created based on event received from messaging: OT: 2025-02-10 22:37:26,  Lat/Lon: 36.83°/25.73°, Depth: 10.00, Mag: 5.04 (M)
2025/02/11 05:49:41.864256 [Simulation:Info:toast@toast-new:Simulation not generated] Magnitude 5.04 of event bmg2025cwux is smaller than triggerMinMagnitude: no automatic simulation
2025/02/11 05:49:41.875329 [Incident:Info:toast@toast-new:Origin updated] Origin updated: OT: 2025-02-10 22:37:26,  Lat/Lon: 36.8311°/25.7267°, Depth: 10
2025/02/11 05:49:41.875422 [Simulation:Info:toast@toast-new:Simulation not generated] Magnitude 5.04 of event bmg2025cwux is smaller than triggerMinMagnitude: no automatic simulation
2025/02/11 05:49:51.033868 [Incident:Info:toast@toast-new:Origin updated] Origin updated: OT: 2025-02-10 22:37:25,  Lat/Lon: 36.8579°/25.7394°, Depth: 10
2025/02/11 05:49:51.034074 [Incident:Info:toast@toast-new:Magnitude updated] Magnitude updated: 5.06 (M)
2025/02/11 05:49:51.034113 [Simulation:Info:toast@toast-new:Simulation not generated] Magnitude 5.06 of event bmg2025cwux is smaller than triggerMinMagnitude: no automatic simulation
2025/02/11 05:50:01.798569 [Incident:Info:toast@toast-new:Origin updated] Origin updated: OT: 2025-02-10 22:37:25,  Lat/Lon: 36.8632°/25.7308°, Depth: 10
2025/02/11 05:50:01.798777 [Incident:Info:toast@toast-new:Magnitude updated] Magnitude updated: 5.06 (M)
2025/02/11 05:50:01.798813 [Simulation:Info:toast@toast-new:Simulation not generated] Magnitude 5.06 of event bmg2025cwux is smaller than triggerMinMagnitude: no automatic simulation
2025/02/11 05:50:06.417421 [Incident:Info:toast@toast-new:Origin updated] Origin updated: OT: 2025-02-10 22:37:25,  Lat/Lon: 36.8632°/25.7308°, Depth: 10
2025/02/11 05:50:06.417589 [Incident:Info:toast@toast-new:Magnitude updated] Magnitude updated: 5.05 (M)
2025/02/11 05:50:06.417639 [Simulation:Info:toast@toast-new:Simulation not generated] Magnitude 5.05 of event bmg2025cwux is smaller than triggerMinMagnitude: no automatic simulation
2025/02/11 05:50:14.476773 [Incident:Info:toast@toast-new:Origin updated] Origin updated: OT: 2025-02-10 22:37:25,  Lat/Lon: 36.8759°/25.7134°, Depth: 10
2025/02/11 05:50:14.476962 [Incident:Info:toast@toast-new:Magnitude updated] Magnitude updated: 5.04 (M)
2025/02/11 05:50:14.477000 [Simulation:Info:toast@toast-new:Simulation not generated] Magnitude 5.04 of event bmg2025cwux is smaller than triggerMinMagnitude: no automatic simulation
2025/02/11 05:50:26.394452 [Incident:Info:toast@toast-new:Origin updated] Origin updated: OT: 2025-02-10 22:37:25,  Lat/Lon: 36.8759°/25.7134°, Depth: 10
2025/02/11 05:50:26.394625 [Incident:Info:toast@toast-new:Magnitude updated] Magnitude updated: 5.03 (M)
2025/02/11 05:50:26.394658 [Simulation:Info:toast@toast-new:Simulation not generated] Magnitude 5.03 of event bmg2025cwux is smaller than triggerMinMagnitude: no automatic simulation
2025/02/11 05:50:28.029923 [Incident:Info:toast@toast-new:Origin updated] Origin updated: OT: 2025-02-10 22:37:25,  Lat/Lon: 36.8758°/25.7131°, Depth: 10
2025/02/11 05:50:28.030072 [Incident:Info:toast@toast-new:Magnitude updated] Magnitude updated: 5.06 (M)
2025/02/11 05:50:28.030116 [Simulation:Info:toast@toast-new:Simulation not generated] Magnitude 5.06 of event bmg2025cwux is smaller than triggerMinMagnitude: no automatic simulation
2025/02/11 05:50:36.410038 [Incident:Info:toast@toast-new:Origin updated] Origin updated: OT: 2025-02-10 22:37:25,  Lat/Lon: 36.8758°/25.7131°, Depth: 10
2025/02/11 05:50:36.410221 [Incident:Info:toast@toast-new:Magnitude updated] Magnitude updated: 5.11 (M)
2025/02/11 05:50:36.410267 [Simulation:Info:toast@toast-new:Simulation not generated] Magnitude 5.11 of event bmg2025cwux is smaller than triggerMinMagnitude: no automatic simulation
2025/02/11 05:50:41.901997 [Incident:Info:toast@toast-new:Origin updated] Origin updated: OT: 2025-02-10 22:37:25,  Lat/Lon: 36.8655°/25.7277°, Depth: 10
2025/02/11 05:50:41.902198 [Incident:Info:toast@toast-new:Magnitude updated] Magnitude updated: 5.10 (M)
2025/02/11 05:50:41.902235 [Simulation:Info:toast@toast-new:Simulation not generated] Magnitude 5.10 of event bmg2025cwux is smaller than triggerMinMagnitude: no automatic simulation
2025/02/11 05:50:58.589610 [Incident:Info:toast@toast-new:Origin updated] Origin updated: OT: 2025-02-10 22:37:25,  Lat/Lon: 36.8638°/25.7257°, Depth: 10
2025/02/11 05:50:58.589805 [Incident:Info:toast@toast-new:Magnitude updated] Magnitude updated: 5.11 (M)
2025/02/11 05:50:58.589839 [Simulation:Info:toast@toast-new:Simulation not generated] Magnitude 5.11 of event bmg2025cwux is smaller than triggerMinMagnitude: no automatic simulation
2025/02/11 05:51:15.227854 [Incident:Info:toast@toast-new:Origin updated] Origin updated: OT: 2025-02-10 22:37:25,  Lat/Lon: 36.7383°/25.7065°, Depth: 10
2025/02/11 05:51:15.228050 [Incident:Info:toast@toast-new:Magnitude updated] Magnitude updated: 5.34 (mb)
2025/02/11 05:51:15.228103 [Simulation:Info:toast@toast-new:Simulation not generated] Magnitude 5.34 of event bmg2025cwux is smaller than triggerMinMagnitude: no automatic simulation
2025/02/11 05:51:15.249514 [Incident:Info:toast@toast-new:Origin updated] Origin updated: OT: 2025-02-10 22:37:25,  Lat/Lon: 36.7383°/25.7065°, Depth: 10
2025/02/11 05:51:15.249655 [Incident:Info:toast@toast-new:Magnitude updated] Magnitude updated: 5.12 (M)
2025/02/11 05:51:15.249699 [Simulation:Info:toast@toast-new:Simulation not generated] Magnitude 5.12 of event bmg2025cwux is smaller than triggerMinMagnitude: no automatic simulation
2025/02/11 05:52:21.413865 [Incident:Info:toast@toast-new:Origin updated] Origin updated: OT: 2025-02-10 22:37:25,  Lat/Lon: 36.7383°/25.7065°, Depth: 10
2025/02/11 05:52:21.414066 [Incident:Info:toast@toast-new:Magnitude updated] Magnitude updated: 5.17 (M)
2025/02/11 05:52:21.414135 [Simulation:Info:toast@toast-new:Simulation not generated] Magnitude 5.17 of event bmg2025cwux is smaller than triggerMinMagnitude: no automatic simulation
2025/02/11 10:00:18.683961 [Incident:Info:toast@toast-new:Incident removed] Removed incident - Bye
2025/02/11 10:07:34.065965 [Incident:Info:toast@toast-new:Displacement(s) updated] Added 0 and changed 0 displacements with 0 amplitudes
2025/02/11 10:07:34.105401 [Incident:Info:toast@toast-new:Incident created] Incident created based on event received from messaging: OT: 2025-02-10 22:37:26,  Lat/Lon: 36.76°/25.77°, Depth: 20.85, Mag: 5.47 (mb)
2025/02/11 10:07:34.105771 [Simulation:Info:toast@toast-new:Simulation not generated] Magnitude 5.47 of event bmg2025cwux is smaller than triggerMinMagnitude: no automatic simulation
2025/02/11 10:07:34.586187 [Incident:Info:toast@toast-new:Origin updated] Origin updated: OT: 2025-02-10 22:37:26,  Lat/Lon: 36.761°/25.7653°, Depth: 20.8456
2025/02/11 10:07:34.586285 [Simulation:Info:toast@toast-new:Simulation not generated] Magnitude 5.47 of event bmg2025cwux is smaller than triggerMinMagnitude: no automatic simulation
2025/02/11 10:07:34.597246 [Incident:Info:toast@toast-new:Origin updated] Origin updated: OT: 2025-02-10 22:37:26,  Lat/Lon: 36.761°/25.7653°, Depth: 20.8456
2025/02/11 10:07:34.597309 [Incident:Info:toast@toast-new:Magnitude updated] Magnitude updated: 5.29 (M)
2025/02/11 10:07:34.597339 [Simulation:Info:toast@toast-new:Simulation not generated] Magnitude 5.29 of event bmg2025cwux is smaller than triggerMinMagnitude: no automatic simulation
2025/02/11 10:07:34.609557 [Incident:Info:toast@toast-new:Origin updated] Origin updated: OT: 2025-02-10 22:37:26,  Lat/Lon: 36.761°/25.7653°, Depth: 20.8456
2025/02/11 10:07:34.609627 [Simulation:Info:toast@toast-new:Simulation not generated] Magnitude 5.29 of event bmg2025cwux is smaller than triggerMinMagnitude: no automatic simulation
2025/02/11 10:07:46.701431 [Incident:Info:toast@toast-new:Origin updated] Origin updated: OT: 2025-02-10 22:37:26,  Lat/Lon: 36.761°/25.7653°, Depth: 20.8456
2025/02/11 10:07:46.701677 [Incident:Info:toast@toast-new:Magnitude updated] Magnitude updated: 5.47 (mb)
2025/02/11 10:07:46.701779 [Simulation:Info:toast@toast-new:Simulation not generated] Magnitude 5.47 of event bmg2025cwux is smaller than triggerMinMagnitude: no automatic simulation
