2025/05/06 16:57:26.797192 [Incident:Info:toast@toast-new:Displacement(s) updated] Added 0 and changed 0 displacements with 0 amplitudes
2025/05/06 16:57:26.798886 [Incident:Info:toast@toast-new:Incident created] Incident created based on event received from messaging: OT: 2025-05-06 09:43:40,  Lat/Lon: -21.28°/-174.63°, Depth: 110.23, Mag: 5.44 (M)
2025/05/06 16:57:26.799220 [Simulation:Info:toast@toast-new:Simulation not generated] Magnitude 5.44 of event bmg2025ivdd is smaller than triggerMinMagnitude: no automatic simulation
2025/05/06 16:57:26.815548 [Incident:Info:toast@toast-new:Origin updated] Origin updated: OT: 2025-05-06 09:43:40,  Lat/Lon: -21.2814°/-174.632°, Depth: 110.23
2025/05/06 16:57:26.815622 [Simulation:Info:toast@toast-new:Simulation not generated] Magnitude 5.44 of event bmg2025ivdd is smaller than triggerMinMagnitude: no automatic simulation
2025/05/06 16:57:34.801112 [Incident:Info:toast@toast-new:Origin updated] Origin updated: OT: 2025-05-06 09:43:40,  Lat/Lon: -21.2814°/-174.632°, Depth: 110.23
2025/05/06 16:57:34.801211 [Incident:Info:toast@toast-new:Magnitude updated] Magnitude updated: 5.52 (M)
2025/05/06 16:57:34.801294 [Simulation:Info:toast@toast-new:Simulation not generated] Magnitude 5.52 of event bmg2025ivdd is smaller than triggerMinMagnitude: no automatic simulation
2025/05/06 16:57:49.141349 [Incident:Info:toast@toast-new:Origin updated] Origin updated: OT: 2025-05-06 09:43:38,  Lat/Lon: -21.2801°/-174.545°, Depth: 100.976
2025/05/06 16:57:49.141489 [Incident:Info:toast@toast-new:Magnitude updated] Magnitude updated: 5.54 (M)
2025/05/06 16:57:49.141538 [Simulation:Info:toast@toast-new:Simulation not generated] Magnitude 5.54 of event bmg2025ivdd is smaller than triggerMinMagnitude: no automatic simulation
2025/05/06 16:58:32.836465 [Incident:Info:toast@toast-new:Origin updated] Origin updated: OT: 2025-05-06 09:43:39,  Lat/Lon: -21.2795°/-174.563°, Depth: 102.157
2025/05/06 16:58:32.836595 [Incident:Info:toast@toast-new:Magnitude updated] Magnitude updated: 5.53 (M)
2025/05/06 16:58:32.836642 [Simulation:Info:toast@toast-new:Simulation not generated] Magnitude 5.53 of event bmg2025ivdd is smaller than triggerMinMagnitude: no automatic simulation
2025/05/06 16:58:34.812917 [Incident:Info:toast@toast-new:Origin updated] Origin updated: OT: 2025-05-06 09:43:39,  Lat/Lon: -21.2795°/-174.563°, Depth: 102.157
2025/05/06 16:58:34.813012 [Incident:Info:toast@toast-new:Magnitude updated] Magnitude updated: 5.60 (M)
2025/05/06 16:58:34.813086 [Simulation:Info:toast@toast-new:Simulation not generated] Magnitude 5.60 of event bmg2025ivdd is smaller than triggerMinMagnitude: no automatic simulation
2025/05/06 16:59:06.991843 [Incident:Info:toast@toast-new:Origin updated] Origin updated: OT: 2025-05-06 09:43:24,  Lat/Lon: -21.086°/-173.867°, Depth: 10
2025/05/06 16:59:06.991988 [Incident:Info:toast@toast-new:Magnitude updated] Magnitude updated: 5.35 (mb)
2025/05/06 16:59:06.992048 [Simulation:Info:toast@toast-new:Simulation not generated] Magnitude 5.35 of event bmg2025ivdd is smaller than triggerMinMagnitude: no automatic simulation
2025/05/06 16:59:07.075545 [Incident:Info:toast@toast-new:Origin updated] Origin updated: OT: 2025-05-06 09:43:24,  Lat/Lon: -21.086°/-173.867°, Depth: 10
2025/05/06 16:59:07.075629 [Incident:Info:toast@toast-new:Magnitude updated] Magnitude updated: 5.86 (M)
2025/05/06 16:59:07.075689 [Simulation:Info:toast@toast-new:Simulation not generated] Magnitude 5.86 of event bmg2025ivdd is smaller than triggerMinMagnitude: no automatic simulation
2025/05/06 20:57:06.890360 [Incident:Info:toast@toast-new:Incident removed] Removed incident - Bye
2025/05/06 21:46:01.595930 [Incident:Info:toast@toast-new:Displacement(s) updated] Added 0 and changed 0 displacements with 0 amplitudes
2025/05/06 21:46:01.597732 [Incident:Info:toast@toast-new:Incident created] Incident created based on event received from messaging: OT: 2025-05-06 09:43:24,  Lat/Lon: -21.11°/-173.69°, Depth: 16.40, Mag: 5.38 (mb)
2025/05/06 21:46:01.597996 [Simulation:Info:toast@toast-new:Simulation not generated] Magnitude 5.38 of event bmg2025ivdd is smaller than triggerMinMagnitude: no automatic simulation
2025/05/06 21:46:01.614006 [Incident:Info:toast@toast-new:Origin updated] Origin updated: OT: 2025-05-06 09:43:24,  Lat/Lon: -21.1098°/-173.691°, Depth: 16.3964
2025/05/06 21:46:01.614093 [Simulation:Info:toast@toast-new:Simulation not generated] Magnitude 5.38 of event bmg2025ivdd is smaller than triggerMinMagnitude: no automatic simulation
2025/05/06 21:46:01.627775 [Incident:Info:toast@toast-new:Origin updated] Origin updated: OT: 2025-05-06 09:43:24,  Lat/Lon: -21.1098°/-173.691°, Depth: 16.3964
2025/05/06 21:46:01.627838 [Incident:Info:toast@toast-new:Magnitude updated] Magnitude updated: 5.58 (M)
2025/05/06 21:46:01.627904 [Simulation:Info:toast@toast-new:Simulation not generated] Magnitude 5.58 of event bmg2025ivdd is smaller than triggerMinMagnitude: no automatic simulation
2025/05/06 21:46:13.212438 [Incident:Info:toast@toast-new:Origin updated] Origin updated: OT: 2025-05-06 09:43:24,  Lat/Lon: -21.1098°/-173.691°, Depth: 16.3964
2025/05/06 21:46:13.212550 [Simulation:Info:toast@toast-new:Simulation not generated] Magnitude 5.58 of event bmg2025ivdd is smaller than triggerMinMagnitude: no automatic simulation
2025/05/06 21:46:13.231437 [Incident:Info:toast@toast-new:Origin updated] Origin updated: OT: 2025-05-06 09:43:24,  Lat/Lon: -21.1098°/-173.691°, Depth: 16.3964
2025/05/06 21:46:13.231516 [Simulation:Info:toast@toast-new:Simulation not generated] Magnitude 5.58 of event bmg2025ivdd is smaller than triggerMinMagnitude: no automatic simulation
2025/05/06 21:46:16.814406 [Incident:Info:toast@toast-new:Origin updated] Origin updated: OT: 2025-05-06 09:43:24,  Lat/Lon: -21.1098°/-173.691°, Depth: 16.3964
2025/05/06 21:46:16.814485 [Incident:Info:toast@toast-new:Magnitude updated] Magnitude updated: 5.38 (mb)
2025/05/06 21:46:16.814549 [Simulation:Info:toast@toast-new:Simulation not generated] Magnitude 5.38 of event bmg2025ivdd is smaller than triggerMinMagnitude: no automatic simulation
