2025/04/11 12:01:35.134163 [Incident:Info:toast@toast-new:Displacement(s) updated] Added 0 and changed 0 displacements with 0 amplitudes
2025/04/11 12:01:35.174879 [Incident:Info:toast@toast-new:Incident created] Incident created based on event received from messaging: OT: 2025-04-11 03:39:06,  Lat/Lon: -5.63°/151.71°, Depth: 93.14, Mag: 5.18 (M)
2025/04/11 12:01:35.175199 [Simulation:Info:toast@toast-new:Simulation not generated] Magnitude 5.18 of event bmg2025hazn is smaller than triggerMinMagnitude: no automatic simulation
2025/04/11 12:01:35.185716 [Incident:Info:toast@toast-new:Origin updated] Origin updated: OT: 2025-04-11 03:39:06,  Lat/Lon: -5.62608°/151.706°, Depth: 93.1402
2025/04/11 12:01:35.185819 [Simulation:Info:toast@toast-new:Simulation not generated] Magnitude 5.18 of event bmg2025hazn is smaller than triggerMinMagnitude: no automatic simulation
2025/04/11 16:11:48.672137 [Incident:Info:toast@toast-new:Origin updated] Origin updated: OT: 2025-04-11 03:39:03,  Lat/Lon: -5.97634°/151.662°, Depth: 53.2004
2025/04/11 16:11:48.672337 [Incident:Info:toast@toast-new:Magnitude updated] Magnitude updated: 5.15 (mb)
2025/04/11 16:11:48.672382 [Simulation:Info:toast@toast-new:Simulation not generated] Magnitude 5.15 of event bmg2025hazn is smaller than triggerMinMagnitude: no automatic simulation
2025/04/11 16:11:48.693286 [Incident:Info:toast@toast-new:Origin updated] Origin updated: OT: 2025-04-11 03:39:03,  Lat/Lon: -5.97634°/151.662°, Depth: 53.2004
2025/04/11 16:11:48.693398 [Incident:Info:toast@toast-new:Magnitude updated] Magnitude updated: 5.17 (M)
2025/04/11 16:11:48.693440 [Simulation:Info:toast@toast-new:Simulation not generated] Magnitude 5.17 of event bmg2025hazn is smaller than triggerMinMagnitude: no automatic simulation
2025/04/11 16:11:53.906910 [Incident:Info:toast@toast-new:Origin updated] Origin updated: OT: 2025-04-11 03:39:03,  Lat/Lon: -5.97634°/151.662°, Depth: 53.2004
2025/04/11 16:11:53.907107 [Incident:Info:toast@toast-new:Magnitude updated] Magnitude updated: 5.15 (mb)
2025/04/11 16:11:53.907177 [Simulation:Info:toast@toast-new:Simulation not generated] Magnitude 5.15 of event bmg2025hazn is smaller than triggerMinMagnitude: no automatic simulation
2025/04/11 16:12:04.486750 [Incident:Info:toast@toast-new:Origin updated] Origin updated: OT: 2025-04-11 03:39:03,  Lat/Lon: -5.97634°/151.662°, Depth: 53.2004
2025/04/11 16:12:04.486939 [Simulation:Info:toast@toast-new:Simulation not generated] Magnitude 5.15 of event bmg2025hazn is smaller than triggerMinMagnitude: no automatic simulation
2025/04/11 16:12:04.509022 [Incident:Info:toast@toast-new:Origin updated] Origin updated: OT: 2025-04-11 03:39:03,  Lat/Lon: -5.97634°/151.662°, Depth: 53.2004
2025/04/11 16:12:04.509135 [Simulation:Info:toast@toast-new:Simulation not generated] Magnitude 5.15 of event bmg2025hazn is smaller than triggerMinMagnitude: no automatic simulation
2025/04/11 16:59:34.628825 [Incident:Info:toast@toast-new:Origin updated] Origin updated: OT: 2025-04-11 03:39:03,  Lat/Lon: -5.97634°/151.662°, Depth: 53.2004
2025/04/11 16:59:34.629001 [Incident:Info:toast@toast-new:FM updated] FM updated
2025/04/11 16:59:34.629232 [Simulation:Info:toast@toast-new:Simulation not generated] Magnitude 5.15 of event bmg2025hazn is smaller than triggerMinMagnitude: no automatic simulation
2025/04/11 17:00:51.887074 [Incident:Info:toast@toast-new:Origin updated] Origin updated: OT: 2025-04-11 03:39:03,  Lat/Lon: -5.97634°/151.662°, Depth: 53.2004
2025/04/11 17:00:51.887237 [Incident:Info:toast@toast-new:FM updated] FM updated
2025/04/11 17:00:51.887470 [Simulation:Info:toast@toast-new:Simulation not generated] Magnitude 5.15 of event bmg2025hazn is smaller than triggerMinMagnitude: no automatic simulation
2025/04/14 21:10:15.281805 [Incident:Info:toast@toast-new:Incident removed] Removed incident - Bye
