2025/06/01 05:35:21.582822 [Incident:Info:toast@toast-new:Displacement(s) updated] Added 0 and changed 0 displacements with 0 amplitudes
2025/06/01 05:35:21.624120 [Incident:Info:toast@toast-new:Incident created] Incident created based on event received from messaging: OT: 2025-05-31 22:26:23,  Lat/Lon: -27.70°/-177.86°, Depth: 10.00, Mag: 5.97 (Mw(mB))
2025/06/01 05:35:21.624433 [Simulation:Info:toast@toast-new:Simulation not generated] Magnitude 5.97 of event bmg2025kptw is smaller than triggerMinMagnitude: no automatic simulation
2025/06/01 05:35:21.633937 [Incident:Info:toast@toast-new:Origin updated] Origin updated: OT: 2025-05-31 22:26:23,  Lat/Lon: -27.7019°/-177.863°, Depth: 10
2025/06/01 05:35:21.634034 [Simulation:Info:toast@toast-new:Simulation not generated] Magnitude 5.97 of event bmg2025kptw is smaller than triggerMinMagnitude: no automatic simulation
2025/06/01 05:35:31.547185 [Incident:Info:toast@toast-new:Origin updated] Origin updated: OT: 2025-05-31 22:26:23,  Lat/Lon: -27.7359°/-177.854°, Depth: 10
2025/06/01 05:35:31.547384 [Incident:Info:toast@toast-new:Magnitude updated] Magnitude updated: 5.97 (Mw(mB))
2025/06/01 05:35:31.547427 [Simulation:Info:toast@toast-new:Simulation not generated] Magnitude 5.97 of event bmg2025kptw is smaller than triggerMinMagnitude: no automatic simulation
2025/06/01 05:35:37.151142 [Incident:Info:toast@toast-new:Origin updated] Origin updated: OT: 2025-05-31 22:26:23,  Lat/Lon: -27.7359°/-177.854°, Depth: 10
2025/06/01 05:35:37.151290 [Incident:Info:toast@toast-new:Magnitude updated] Magnitude updated: 6.00 (Mw(mB))
2025/06/01 05:35:37.151326 [Simulation:Info:toast@toast-new:Simulation not generated] Magnitude 6.00 of event bmg2025kptw is smaller than triggerMinMagnitude: no automatic simulation
2025/06/01 05:35:42.154497 [Incident:Info:toast@toast-new:Origin updated] Origin updated: OT: 2025-05-31 22:26:23,  Lat/Lon: -27.7359°/-177.854°, Depth: 10
2025/06/01 05:35:42.154705 [Incident:Info:toast@toast-new:Magnitude updated] Magnitude updated: 6.08 (Mw(mB))
2025/06/01 05:35:42.154772 [Simulation:Info:toast@toast-new:Simulation not generated] Magnitude 6.08 of event bmg2025kptw is smaller than triggerMinMagnitude: no automatic simulation
2025/06/01 05:35:46.594197 [Incident:Info:toast@toast-new:Origin updated] Origin updated: OT: 2025-05-31 22:26:23,  Lat/Lon: -27.731°/-177.857°, Depth: 10
2025/06/01 05:35:46.594417 [Incident:Info:toast@toast-new:Magnitude updated] Magnitude updated: 6.11 (Mw(mB))
2025/06/01 05:35:46.594460 [Simulation:Info:toast@toast-new:Simulation not generated] Magnitude 6.11 of event bmg2025kptw is smaller than triggerMinMagnitude: no automatic simulation
2025/06/01 05:35:57.135126 [Incident:Info:toast@toast-new:Origin updated] Origin updated: OT: 2025-05-31 22:26:23,  Lat/Lon: -27.731°/-177.857°, Depth: 10
2025/06/01 05:35:57.135327 [Incident:Info:toast@toast-new:Magnitude updated] Magnitude updated: 6.13 (Mw(mB))
2025/06/01 05:35:57.135374 [Simulation:Info:toast@toast-new:Simulation not generated] Magnitude 6.13 of event bmg2025kptw is smaller than triggerMinMagnitude: no automatic simulation
2025/06/01 05:35:57.847994 [Incident:Info:toast@toast-new:Origin updated] Origin updated: OT: 2025-05-31 22:26:23,  Lat/Lon: -27.7402°/-177.862°, Depth: 10
2025/06/01 05:35:57.848179 [Incident:Info:toast@toast-new:Magnitude updated] Magnitude updated: 6.13 (Mw(mB))
2025/06/01 05:35:57.848221 [Simulation:Info:toast@toast-new:Simulation not generated] Magnitude 6.13 of event bmg2025kptw is smaller than triggerMinMagnitude: no automatic simulation
2025/06/01 05:36:02.151997 [Incident:Info:toast@toast-new:Origin updated] Origin updated: OT: 2025-05-31 22:26:23,  Lat/Lon: -27.7402°/-177.862°, Depth: 10
2025/06/01 05:36:02.152207 [Incident:Info:toast@toast-new:Magnitude updated] Magnitude updated: 6.10 (Mw(mB))
2025/06/01 05:36:02.152252 [Simulation:Info:toast@toast-new:Simulation not generated] Magnitude 6.10 of event bmg2025kptw is smaller than triggerMinMagnitude: no automatic simulation
2025/06/01 05:36:07.150068 [Incident:Info:toast@toast-new:Origin updated] Origin updated: OT: 2025-05-31 22:26:23,  Lat/Lon: -27.7402°/-177.862°, Depth: 10
2025/06/01 05:36:07.150277 [Incident:Info:toast@toast-new:Magnitude updated] Magnitude updated: 6.12 (Mw(mB))
2025/06/01 05:36:07.150320 [Simulation:Info:toast@toast-new:Simulation not generated] Magnitude 6.12 of event bmg2025kptw is smaller than triggerMinMagnitude: no automatic simulation
2025/06/01 05:36:11.665417 [Incident:Info:toast@toast-new:Origin updated] Origin updated: OT: 2025-05-31 22:26:22,  Lat/Lon: -27.8095°/-177.822°, Depth: 10
2025/06/01 05:36:11.665589 [Incident:Info:toast@toast-new:Magnitude updated] Magnitude updated: 6.13 (Mw(mB))
2025/06/01 05:36:11.665626 [Simulation:Info:toast@toast-new:Simulation not generated] Magnitude 6.13 of event bmg2025kptw is smaller than triggerMinMagnitude: no automatic simulation
2025/06/01 05:36:22.206536 [Incident:Info:toast@toast-new:Origin updated] Origin updated: OT: 2025-05-31 22:26:22,  Lat/Lon: -27.8095°/-177.822°, Depth: 10
2025/06/01 05:36:22.206718 [Incident:Info:toast@toast-new:Magnitude updated] Magnitude updated: 6.11 (Mw(mB))
2025/06/01 05:36:22.206751 [Simulation:Info:toast@toast-new:Simulation not generated] Magnitude 6.11 of event bmg2025kptw is smaller than triggerMinMagnitude: no automatic simulation
2025/06/01 05:36:26.638442 [Incident:Info:toast@toast-new:Origin updated] Origin updated: OT: 2025-05-31 22:26:22,  Lat/Lon: -27.8095°/-177.822°, Depth: 10
2025/06/01 05:36:26.638609 [Incident:Info:toast@toast-new:Magnitude updated] Magnitude updated: 6.13 (Mw(mB))
2025/06/01 05:36:26.638647 [Simulation:Info:toast@toast-new:Simulation not generated] Magnitude 6.13 of event bmg2025kptw is smaller than triggerMinMagnitude: no automatic simulation
2025/06/01 05:36:26.659799 [Incident:Info:toast@toast-new:Origin updated] Origin updated: OT: 2025-05-31 22:26:22,  Lat/Lon: -27.8081°/-177.823°, Depth: 10
2025/06/01 05:36:26.659952 [Incident:Info:toast@toast-new:Magnitude updated] Magnitude updated: 6.13 (Mw(mB))
2025/06/01 05:36:26.659977 [Simulation:Info:toast@toast-new:Simulation not generated] Magnitude 6.13 of event bmg2025kptw is smaller than triggerMinMagnitude: no automatic simulation
2025/06/01 05:36:37.141447 [Incident:Info:toast@toast-new:Origin updated] Origin updated: OT: 2025-05-31 22:26:22,  Lat/Lon: -27.8081°/-177.823°, Depth: 10
2025/06/01 05:36:37.141663 [Incident:Info:toast@toast-new:Magnitude updated] Magnitude updated: 6.10 (Mw(mB))
2025/06/01 05:36:37.141710 [Simulation:Info:toast@toast-new:Simulation not generated] Magnitude 6.10 of event bmg2025kptw is smaller than triggerMinMagnitude: no automatic simulation
2025/06/01 05:36:40.966714 [Incident:Info:toast@toast-new:Origin updated] Origin updated: OT: 2025-05-31 22:26:29,  Lat/Lon: -27.6429°/-177.861°, Depth: 73.1502
2025/06/01 05:36:40.966923 [Incident:Info:toast@toast-new:Magnitude updated] Magnitude updated: 6.03 (Mw(mB))
2025/06/01 05:36:40.966970 [Simulation:Info:toast@toast-new:Simulation not generated] Magnitude 6.03 of event bmg2025kptw is smaller than triggerMinMagnitude: no automatic simulation
2025/06/01 05:36:42.162030 [Incident:Info:toast@toast-new:Origin updated] Origin updated: OT: 2025-05-31 22:26:29,  Lat/Lon: -27.6429°/-177.861°, Depth: 73.1502
2025/06/01 05:36:42.162238 [Incident:Info:toast@toast-new:Magnitude updated] Magnitude updated: 6.08 (M)
2025/06/01 05:36:42.162317 [Simulation:Info:toast@toast-new:Simulation not generated] Magnitude 6.08 of event bmg2025kptw is smaller than triggerMinMagnitude: no automatic simulation
2025/06/01 05:36:42.191644 [Incident:Info:toast@toast-new:Origin updated] Origin updated: OT: 2025-05-31 22:26:29,  Lat/Lon: -27.6429°/-177.861°, Depth: 73.1502
2025/06/01 05:36:42.191786 [Simulation:Info:toast@toast-new:Simulation not generated] Magnitude 6.08 of event bmg2025kptw is smaller than triggerMinMagnitude: no automatic simulation
2025/06/01 05:36:47.178368 [Incident:Info:toast@toast-new:Origin updated] Origin updated: OT: 2025-05-31 22:26:29,  Lat/Lon: -27.6429°/-177.861°, Depth: 73.1502
2025/06/01 05:36:47.178560 [Incident:Info:toast@toast-new:Magnitude updated] Magnitude updated: 6.13 (Mw(Mwp))
2025/06/01 05:36:47.178616 [Simulation:Info:toast@toast-new:Simulation not generated] Magnitude 6.13 of event bmg2025kptw is smaller than triggerMinMagnitude: no automatic simulation
2025/06/01 05:36:47.201901 [Incident:Info:toast@toast-new:Origin updated] Origin updated: OT: 2025-05-31 22:26:29,  Lat/Lon: -27.6429°/-177.861°, Depth: 73.1502
2025/06/01 05:36:47.202022 [Simulation:Info:toast@toast-new:Simulation not generated] Magnitude 6.13 of event bmg2025kptw is smaller than triggerMinMagnitude: no automatic simulation
2025/06/01 05:37:13.514233 [Incident:Info:toast@toast-new:Origin updated] Origin updated: OT: 2025-05-31 22:26:26,  Lat/Lon: -27.8133°/-177.867°, Depth: 37.7062
2025/06/01 05:37:13.514458 [Incident:Info:toast@toast-new:Magnitude updated] Magnitude updated: 6.05 (Mw(mB))
2025/06/01 05:37:13.514500 [Simulation:Info:toast@toast-new:Simulation not generated] Magnitude 6.05 of event bmg2025kptw is smaller than triggerMinMagnitude: no automatic simulation
2025/06/01 05:37:17.920763 [Incident:Info:toast@toast-new:Origin updated] Origin updated: OT: 2025-05-31 22:26:26,  Lat/Lon: -27.8133°/-177.867°, Depth: 37.7062
2025/06/01 05:37:17.920975 [Incident:Info:toast@toast-new:Magnitude updated] Magnitude updated: 6.04 (Mw(mB))
2025/06/01 05:37:17.921054 [Simulation:Info:toast@toast-new:Simulation not generated] Magnitude 6.04 of event bmg2025kptw is smaller than triggerMinMagnitude: no automatic simulation
2025/06/01 05:37:22.237906 [Incident:Info:toast@toast-new:Origin updated] Origin updated: OT: 2025-05-31 22:26:26,  Lat/Lon: -27.8133°/-177.867°, Depth: 37.7062
2025/06/01 05:37:22.238158 [Incident:Info:toast@toast-new:Magnitude updated] Magnitude updated: 6.04 (Mw(mB))
2025/06/01 05:37:22.238231 [Simulation:Info:toast@toast-new:Simulation not generated] Magnitude 6.04 of event bmg2025kptw is smaller than triggerMinMagnitude: no automatic simulation
2025/06/01 05:37:27.205248 [Incident:Info:toast@toast-new:Origin updated] Origin updated: OT: 2025-05-31 22:26:26,  Lat/Lon: -27.8133°/-177.867°, Depth: 37.7062
2025/06/01 05:37:27.205431 [Incident:Info:toast@toast-new:Magnitude updated] Magnitude updated: 6.03 (Mw(mB))
2025/06/01 05:37:27.205472 [Simulation:Info:toast@toast-new:Simulation not generated] Magnitude 6.03 of event bmg2025kptw is smaller than triggerMinMagnitude: no automatic simulation
2025/06/01 05:37:32.186800 [Incident:Info:toast@toast-new:Origin updated] Origin updated: OT: 2025-05-31 22:26:26,  Lat/Lon: -27.8133°/-177.867°, Depth: 37.7062
2025/06/01 05:37:32.186992 [Incident:Info:toast@toast-new:Magnitude updated] Magnitude updated: 6.02 (Mw(mB))
2025/06/01 05:37:32.187036 [Simulation:Info:toast@toast-new:Simulation not generated] Magnitude 6.02 of event bmg2025kptw is smaller than triggerMinMagnitude: no automatic simulation
2025/06/01 05:38:51.853893 [Incident:Info:toast@toast-new:Origin updated] Origin updated: OT: 2025-05-31 22:26:28,  Lat/Lon: -27.7719°/-177.798°, Depth: 60.1642
2025/06/01 05:38:51.854117 [Incident:Info:toast@toast-new:Magnitude updated] Magnitude updated: 5.89 (Mw(mB))
2025/06/01 05:38:51.854166 [Simulation:Info:toast@toast-new:Simulation not generated] Magnitude 5.89 of event bmg2025kptw is smaller than triggerMinMagnitude: no automatic simulation
2025/06/01 05:38:51.985071 [Incident:Info:toast@toast-new:Origin updated] Origin updated: OT: 2025-05-31 22:26:28,  Lat/Lon: -27.7719°/-177.798°, Depth: 60.1642
2025/06/01 05:38:51.985277 [Incident:Info:toast@toast-new:Magnitude updated] Magnitude updated: 5.89 (Mw(mB))
2025/06/01 05:38:51.985331 [Simulation:Info:toast@toast-new:Simulation not generated] Magnitude 5.89 of event bmg2025kptw is smaller than triggerMinMagnitude: no automatic simulation
2025/06/01 05:38:57.154916 [Incident:Info:toast@toast-new:Origin updated] Origin updated: OT: 2025-05-31 22:26:28,  Lat/Lon: -27.7719°/-177.798°, Depth: 60.1642
2025/06/01 05:38:57.155138 [Incident:Info:toast@toast-new:Magnitude updated] Magnitude updated: 5.88 (Mw(mB))
2025/06/01 05:38:57.155193 [Simulation:Info:toast@toast-new:Simulation not generated] Magnitude 5.88 of event bmg2025kptw is smaller than triggerMinMagnitude: no automatic simulation
2025/06/01 05:41:22.471600 [Incident:Info:toast@toast-new:Origin updated] Origin updated: OT: 2025-05-31 22:26:28,  Lat/Lon: -27.7191°/-177.806°, Depth: 67.8789
2025/06/01 05:41:22.471819 [Incident:Info:toast@toast-new:Magnitude updated] Magnitude updated: 5.86 (Mw(mB))
2025/06/01 05:41:22.471864 [Simulation:Info:toast@toast-new:Simulation not generated] Magnitude 5.86 of event bmg2025kptw is smaller than triggerMinMagnitude: no automatic simulation
2025/06/01 05:47:10.413744 [Incident:Info:toast@toast-new:Origin updated] Origin updated: OT: 2025-05-31 22:26:28,  Lat/Lon: -27.7191°/-177.806°, Depth: 67.8789
2025/06/01 05:47:10.413912 [Incident:Info:toast@toast-new:FM updated] FM updated
2025/06/01 05:47:10.414141 [Simulation:Info:toast@toast-new:Simulation not generated] Magnitude 5.86 of event bmg2025kptw is smaller than triggerMinMagnitude: no automatic simulation
2025/06/01 05:48:38.198455 [Incident:Info:toast@toast-new:Origin updated] Origin updated: OT: 2025-05-31 22:26:28,  Lat/Lon: -27.7191°/-177.806°, Depth: 67.8789
2025/06/01 05:48:38.198646 [Incident:Info:toast@toast-new:FM updated] FM updated
2025/06/01 05:48:38.198906 [Simulation:Info:toast@toast-new:Simulation not generated] Magnitude 5.86 of event bmg2025kptw is smaller than triggerMinMagnitude: no automatic simulation
2025/06/01 12:45:43.512950 [Incident:Info:toast@toast-new:Origin updated] Origin updated: OT: 2025-05-31 22:26:28,  Lat/Lon: -27.7191°/-177.806°, Depth: 67.8789
2025/06/01 12:45:43.513231 [Incident:Info:toast@toast-new:FM updated] FM updated
2025/06/01 12:45:43.513580 [Simulation:Info:toast@toast-new:Simulation not generated] Magnitude 5.86 of event bmg2025kptw is smaller than triggerMinMagnitude: no automatic simulation
2025/06/01 12:50:44.118867 [Incident:Info:toast@toast-new:Origin updated] Origin updated: OT: 2025-05-31 22:26:27,  Lat/Lon: -27.718°/-177.795°, Depth: 56.2231
2025/06/01 12:50:44.119192 [Incident:Info:toast@toast-new:Magnitude updated] Magnitude updated: 5.88 (Mw(mB))
2025/06/01 12:50:44.119279 [Simulation:Info:toast@toast-new:Simulation not generated] Magnitude 5.88 of event bmg2025kptw is smaller than triggerMinMagnitude: no automatic simulation
2025/06/01 12:50:49.058108 [Incident:Info:toast@toast-new:Origin updated] Origin updated: OT: 2025-05-31 22:26:27,  Lat/Lon: -27.718°/-177.795°, Depth: 56.2231
2025/06/01 12:50:49.058437 [Incident:Info:toast@toast-new:Magnitude updated] Magnitude updated: 5.77 (mb)
2025/06/01 12:50:49.058562 [Simulation:Info:toast@toast-new:Simulation not generated] Magnitude 5.77 of event bmg2025kptw is smaller than triggerMinMagnitude: no automatic simulation
2025/06/01 12:50:59.201395 [Incident:Info:toast@toast-new:Origin updated] Origin updated: OT: 2025-05-31 22:26:27,  Lat/Lon: -27.718°/-177.795°, Depth: 56.2231
2025/06/01 12:50:59.201693 [Simulation:Info:toast@toast-new:Simulation not generated] Magnitude 5.77 of event bmg2025kptw is smaller than triggerMinMagnitude: no automatic simulation
2025/06/01 12:50:59.219609 [Incident:Info:toast@toast-new:Origin updated] Origin updated: OT: 2025-05-31 22:26:27,  Lat/Lon: -27.718°/-177.795°, Depth: 56.2231
2025/06/01 12:50:59.219788 [Simulation:Info:toast@toast-new:Simulation not generated] Magnitude 5.77 of event bmg2025kptw is smaller than triggerMinMagnitude: no automatic simulation
2025/06/01 12:56:44.162336 [Incident:Info:toast@toast-new:Origin updated] Origin updated: OT: 2025-05-31 22:26:27,  Lat/Lon: -27.718°/-177.795°, Depth: 56.2231
2025/06/01 12:56:44.162591 [Incident:Info:toast@toast-new:FM updated] FM updated
2025/06/01 12:56:44.162878 [Simulation:Info:toast@toast-new:Simulation not generated] Magnitude 5.77 of event bmg2025kptw is smaller than triggerMinMagnitude: no automatic simulation
