2025/03/14 04:28:05.413617 [Incident:Info:toast@toast-new:Displacement(s) updated] Added 0 and changed 0 displacements with 0 amplitudes
2025/03/14 04:28:05.454888 [Incident:Info:toast@toast-new:Incident created] Incident created based on event received from messaging: OT: 2025-03-13 21:20:07,  Lat/Lon: 33.11°/76.85°, Depth: 10.00, Mag: 5.15 (M)
2025/03/14 04:28:05.455232 [Simulation:Info:toast@toast-new:Simulation not generated] Magnitude 5.15 of event bmg2025fbiy is smaller than triggerMinMagnitude: no automatic simulation
2025/03/14 04:28:05.470647 [Incident:Info:toast@toast-new:Origin updated] Origin updated: OT: 2025-03-13 21:20:07,  Lat/Lon: 33.1129°/76.8465°, Depth: 10
2025/03/14 04:28:05.470846 [Simulation:Info:toast@toast-new:Simulation not generated] Magnitude 5.15 of event bmg2025fbiy is smaller than triggerMinMagnitude: no automatic simulation
2025/03/14 04:28:16.395279 [Incident:Info:toast@toast-new:Origin updated] Origin updated: OT: 2025-03-13 21:20:07,  Lat/Lon: 33.1129°/76.8465°, Depth: 10
2025/03/14 04:28:16.395634 [Incident:Info:toast@toast-new:Magnitude updated] Magnitude updated: 5.10 (M)
2025/03/14 04:28:16.395806 [Simulation:Info:toast@toast-new:Simulation not generated] Magnitude 5.10 of event bmg2025fbiy is smaller than triggerMinMagnitude: no automatic simulation
2025/03/14 04:28:16.414627 [Incident:Info:toast@toast-new:Origin updated] Origin updated: OT: 2025-03-13 21:20:07,  Lat/Lon: 33.1037°/76.8526°, Depth: 10
2025/03/14 04:28:16.414858 [Incident:Info:toast@toast-new:Magnitude updated] Magnitude updated: 5.12 (M)
2025/03/14 04:28:16.414941 [Simulation:Info:toast@toast-new:Simulation not generated] Magnitude 5.12 of event bmg2025fbiy is smaller than triggerMinMagnitude: no automatic simulation
2025/03/14 04:28:28.251876 [Incident:Info:toast@toast-new:Origin updated] Origin updated: OT: 2025-03-13 21:20:07,  Lat/Lon: 33.1037°/76.8526°, Depth: 10
2025/03/14 04:28:28.252241 [Incident:Info:toast@toast-new:Magnitude updated] Magnitude updated: 5.24 (M)
2025/03/14 04:28:28.252432 [Simulation:Info:toast@toast-new:Simulation not generated] Magnitude 5.24 of event bmg2025fbiy is smaller than triggerMinMagnitude: no automatic simulation
2025/03/14 04:28:28.330814 [Incident:Info:toast@toast-new:Origin updated] Origin updated: OT: 2025-03-13 21:20:07,  Lat/Lon: 33.1012°/76.8425°, Depth: 10
2025/03/14 04:28:28.331053 [Incident:Info:toast@toast-new:Magnitude updated] Magnitude updated: 5.24 (M)
2025/03/14 04:28:28.331149 [Simulation:Info:toast@toast-new:Simulation not generated] Magnitude 5.24 of event bmg2025fbiy is smaller than triggerMinMagnitude: no automatic simulation
2025/03/14 04:28:39.441385 [Incident:Info:toast@toast-new:Origin updated] Origin updated: OT: 2025-03-13 21:20:07,  Lat/Lon: 33.1012°/76.8425°, Depth: 10
2025/03/14 04:28:39.441806 [Incident:Info:toast@toast-new:Magnitude updated] Magnitude updated: 5.33 (M)
2025/03/14 04:28:39.442023 [Simulation:Info:toast@toast-new:Simulation not generated] Magnitude 5.33 of event bmg2025fbiy is smaller than triggerMinMagnitude: no automatic simulation
2025/03/14 04:28:43.896409 [Incident:Info:toast@toast-new:Origin updated] Origin updated: OT: 2025-03-13 21:20:07,  Lat/Lon: 33.0994°/76.8447°, Depth: 10
2025/03/14 04:28:43.896682 [Incident:Info:toast@toast-new:Magnitude updated] Magnitude updated: 5.36 (M)
2025/03/14 04:28:43.896815 [Simulation:Info:toast@toast-new:Simulation not generated] Magnitude 5.36 of event bmg2025fbiy is smaller than triggerMinMagnitude: no automatic simulation
2025/03/14 04:28:49.377593 [Incident:Info:toast@toast-new:Origin updated] Origin updated: OT: 2025-03-13 21:20:07,  Lat/Lon: 33.0994°/76.8447°, Depth: 10
2025/03/14 04:28:49.378011 [Incident:Info:toast@toast-new:Magnitude updated] Magnitude updated: 5.32 (M)
2025/03/14 04:28:49.378226 [Simulation:Info:toast@toast-new:Simulation not generated] Magnitude 5.32 of event bmg2025fbiy is smaller than triggerMinMagnitude: no automatic simulation
2025/03/14 04:28:54.477321 [Incident:Info:toast@toast-new:Origin updated] Origin updated: OT: 2025-03-13 21:20:07,  Lat/Lon: 33.0994°/76.8447°, Depth: 10
2025/03/14 04:28:54.477753 [Incident:Info:toast@toast-new:Magnitude updated] Magnitude updated: 5.30 (M)
2025/03/14 04:28:54.477978 [Simulation:Info:toast@toast-new:Simulation not generated] Magnitude 5.30 of event bmg2025fbiy is smaller than triggerMinMagnitude: no automatic simulation
2025/03/14 04:28:59.441873 [Incident:Info:toast@toast-new:Origin updated] Origin updated: OT: 2025-03-13 21:20:07,  Lat/Lon: 33.0994°/76.8447°, Depth: 10
2025/03/14 04:28:59.442237 [Incident:Info:toast@toast-new:Magnitude updated] Magnitude updated: 5.29 (M)
2025/03/14 04:28:59.442405 [Simulation:Info:toast@toast-new:Simulation not generated] Magnitude 5.29 of event bmg2025fbiy is smaller than triggerMinMagnitude: no automatic simulation
2025/03/14 04:29:03.884882 [Incident:Info:toast@toast-new:Origin updated] Origin updated: OT: 2025-03-13 21:20:07,  Lat/Lon: 33.0476°/76.7965°, Depth: 10
2025/03/14 04:29:03.885192 [Incident:Info:toast@toast-new:Magnitude updated] Magnitude updated: 5.32 (M)
2025/03/14 04:29:03.885315 [Simulation:Info:toast@toast-new:Simulation not generated] Magnitude 5.32 of event bmg2025fbiy is smaller than triggerMinMagnitude: no automatic simulation
2025/03/14 04:29:09.403291 [Incident:Info:toast@toast-new:Origin updated] Origin updated: OT: 2025-03-13 21:20:07,  Lat/Lon: 33.0476°/76.7965°, Depth: 10
2025/03/14 04:29:09.403839 [Incident:Info:toast@toast-new:Magnitude updated] Magnitude updated: 5.36 (M)
2025/03/14 04:29:09.404121 [Simulation:Info:toast@toast-new:Simulation not generated] Magnitude 5.36 of event bmg2025fbiy is smaller than triggerMinMagnitude: no automatic simulation
2025/03/14 04:29:14.389078 [Incident:Info:toast@toast-new:Origin updated] Origin updated: OT: 2025-03-13 21:20:07,  Lat/Lon: 33.0476°/76.7965°, Depth: 10
2025/03/14 04:29:14.389565 [Incident:Info:toast@toast-new:Magnitude updated] Magnitude updated: 5.40 (M)
2025/03/14 04:29:14.389785 [Simulation:Info:toast@toast-new:Simulation not generated] Magnitude 5.40 of event bmg2025fbiy is smaller than triggerMinMagnitude: no automatic simulation
2025/03/14 04:29:28.016919 [Incident:Info:toast@toast-new:Origin updated] Origin updated: OT: 2025-03-13 21:20:07,  Lat/Lon: 33.0476°/76.7965°, Depth: 10
2025/03/14 04:29:28.017426 [Incident:Info:toast@toast-new:Magnitude updated] Magnitude updated: 5.37 (M)
2025/03/14 04:29:28.017656 [Simulation:Info:toast@toast-new:Simulation not generated] Magnitude 5.37 of event bmg2025fbiy is smaller than triggerMinMagnitude: no automatic simulation
2025/03/14 04:29:28.035950 [Incident:Info:toast@toast-new:Origin updated] Origin updated: OT: 2025-03-13 21:20:06,  Lat/Lon: 33.0478°/76.7873°, Depth: 10
2025/03/14 04:29:28.036249 [Incident:Info:toast@toast-new:Magnitude updated] Magnitude updated: 5.37 (M)
2025/03/14 04:29:28.036356 [Simulation:Info:toast@toast-new:Simulation not generated] Magnitude 5.37 of event bmg2025fbiy is smaller than triggerMinMagnitude: no automatic simulation
2025/03/14 04:29:34.350117 [Incident:Info:toast@toast-new:Origin updated] Origin updated: OT: 2025-03-13 21:20:06,  Lat/Lon: 33.0478°/76.7873°, Depth: 10
2025/03/14 04:29:34.350612 [Incident:Info:toast@toast-new:Magnitude updated] Magnitude updated: 5.37 (M)
2025/03/14 04:29:34.350832 [Simulation:Info:toast@toast-new:Simulation not generated] Magnitude 5.37 of event bmg2025fbiy is smaller than triggerMinMagnitude: no automatic simulation
2025/03/14 04:29:39.350318 [Incident:Info:toast@toast-new:Origin updated] Origin updated: OT: 2025-03-13 21:20:06,  Lat/Lon: 33.0478°/76.7873°, Depth: 10
2025/03/14 04:29:39.350817 [Incident:Info:toast@toast-new:Magnitude updated] Magnitude updated: 5.41 (M)
2025/03/14 04:29:39.351041 [Simulation:Info:toast@toast-new:Simulation not generated] Magnitude 5.41 of event bmg2025fbiy is smaller than triggerMinMagnitude: no automatic simulation
2025/03/14 04:29:41.534493 [Incident:Info:toast@toast-new:Origin updated] Origin updated: OT: 2025-03-13 21:20:06,  Lat/Lon: 33.0478°/76.7873°, Depth: 10
2025/03/14 04:29:41.534817 [Incident:Info:toast@toast-new:Magnitude updated] Magnitude updated: 5.38 (M)
2025/03/14 04:29:41.534973 [Simulation:Info:toast@toast-new:Simulation not generated] Magnitude 5.38 of event bmg2025fbiy is smaller than triggerMinMagnitude: no automatic simulation
2025/03/14 04:29:49.356739 [Incident:Info:toast@toast-new:Origin updated] Origin updated: OT: 2025-03-13 21:20:06,  Lat/Lon: 33.0478°/76.7873°, Depth: 10
2025/03/14 04:29:49.357253 [Incident:Info:toast@toast-new:Magnitude updated] Magnitude updated: 5.35 (M)
2025/03/14 04:29:49.357492 [Simulation:Info:toast@toast-new:Simulation not generated] Magnitude 5.35 of event bmg2025fbiy is smaller than triggerMinMagnitude: no automatic simulation
2025/03/14 04:29:58.946768 [Incident:Info:toast@toast-new:Origin updated] Origin updated: OT: 2025-03-13 21:20:06,  Lat/Lon: 33.0478°/76.7873°, Depth: 10
2025/03/14 04:29:58.947437 [Incident:Info:toast@toast-new:Magnitude updated] Magnitude updated: 5.35 (M)
2025/03/14 04:29:58.947776 [Simulation:Info:toast@toast-new:Simulation not generated] Magnitude 5.35 of event bmg2025fbiy is smaller than triggerMinMagnitude: no automatic simulation
2025/03/14 04:29:58.971172 [Incident:Info:toast@toast-new:Origin updated] Origin updated: OT: 2025-03-13 21:20:06,  Lat/Lon: 33.0492°/76.8014°, Depth: 10
2025/03/14 04:29:58.971572 [Incident:Info:toast@toast-new:Magnitude updated] Magnitude updated: 5.35 (M)
2025/03/14 04:29:58.971744 [Simulation:Info:toast@toast-new:Simulation not generated] Magnitude 5.35 of event bmg2025fbiy is smaller than triggerMinMagnitude: no automatic simulation
2025/03/14 04:30:09.356863 [Incident:Info:toast@toast-new:Origin updated] Origin updated: OT: 2025-03-13 21:20:06,  Lat/Lon: 33.0492°/76.8014°, Depth: 10
2025/03/14 04:30:09.357427 [Incident:Info:toast@toast-new:Magnitude updated] Magnitude updated: 5.34 (M)
2025/03/14 04:30:09.357707 [Simulation:Info:toast@toast-new:Simulation not generated] Magnitude 5.34 of event bmg2025fbiy is smaller than triggerMinMagnitude: no automatic simulation
2025/03/14 04:30:14.359319 [Incident:Info:toast@toast-new:Origin updated] Origin updated: OT: 2025-03-13 21:20:06,  Lat/Lon: 33.0492°/76.8014°, Depth: 10
2025/03/14 04:30:14.359847 [Incident:Info:toast@toast-new:Magnitude updated] Magnitude updated: 5.38 (M)
2025/03/14 04:30:14.360093 [Simulation:Info:toast@toast-new:Simulation not generated] Magnitude 5.38 of event bmg2025fbiy is smaller than triggerMinMagnitude: no automatic simulation
2025/03/14 04:30:32.635703 [Incident:Info:toast@toast-new:Origin updated] Origin updated: OT: 2025-03-13 21:20:06,  Lat/Lon: 33.054°/76.8126°, Depth: 10
2025/03/14 04:30:32.636274 [Incident:Info:toast@toast-new:Magnitude updated] Magnitude updated: 5.38 (M)
2025/03/14 04:30:32.636504 [Simulation:Info:toast@toast-new:Simulation not generated] Magnitude 5.38 of event bmg2025fbiy is smaller than triggerMinMagnitude: no automatic simulation
2025/03/14 04:30:39.358974 [Incident:Info:toast@toast-new:Origin updated] Origin updated: OT: 2025-03-13 21:20:06,  Lat/Lon: 33.054°/76.8126°, Depth: 10
2025/03/14 04:30:39.359608 [Incident:Info:toast@toast-new:Magnitude updated] Magnitude updated: 5.38 (M)
2025/03/14 04:30:39.359888 [Simulation:Info:toast@toast-new:Simulation not generated] Magnitude 5.38 of event bmg2025fbiy is smaller than triggerMinMagnitude: no automatic simulation
2025/03/14 04:30:44.466449 [Incident:Info:toast@toast-new:Origin updated] Origin updated: OT: 2025-03-13 21:20:07,  Lat/Lon: 33.0595°/76.7923°, Depth: 17.0874
2025/03/14 04:30:44.467042 [Incident:Info:toast@toast-new:Magnitude updated] Magnitude updated: 5.42 (mb)
2025/03/14 04:30:44.467365 [Simulation:Info:toast@toast-new:Simulation not generated] Magnitude 5.42 of event bmg2025fbiy is smaller than triggerMinMagnitude: no automatic simulation
2025/03/14 04:30:44.533679 [Incident:Info:toast@toast-new:Origin updated] Origin updated: OT: 2025-03-13 21:20:07,  Lat/Lon: 33.0595°/76.7923°, Depth: 17.0874
2025/03/14 04:30:44.534028 [Incident:Info:toast@toast-new:Magnitude updated] Magnitude updated: 5.36 (M)
2025/03/14 04:30:44.534188 [Simulation:Info:toast@toast-new:Simulation not generated] Magnitude 5.36 of event bmg2025fbiy is smaller than triggerMinMagnitude: no automatic simulation
2025/03/14 10:44:39.224511 [Incident:Info:toast@toast-new:Incident removed] Removed incident - Bye
2025/03/14 11:12:24.326375 [Incident:Info:toast@toast-new:Displacement(s) updated] Added 0 and changed 0 displacements with 0 amplitudes
2025/03/14 11:12:24.368853 [Incident:Info:toast@toast-new:Incident created] Incident created based on event received from messaging: OT: 2025-03-13 21:20:06,  Lat/Lon: 33.06°/76.76°, Depth: 10.74, Mag: 5.41 (mb)
2025/03/14 11:12:24.369190 [Simulation:Info:toast@toast-new:Simulation not generated] Magnitude 5.41 of event bmg2025fbiy is smaller than triggerMinMagnitude: no automatic simulation
2025/03/14 11:12:24.386515 [Incident:Info:toast@toast-new:Origin updated] Origin updated: OT: 2025-03-13 21:20:06,  Lat/Lon: 33.0605°/76.7644°, Depth: 10.7426
2025/03/14 11:12:24.386953 [Simulation:Info:toast@toast-new:Simulation not generated] Magnitude 5.41 of event bmg2025fbiy is smaller than triggerMinMagnitude: no automatic simulation
2025/03/14 11:12:24.396378 [Incident:Info:toast@toast-new:Origin updated] Origin updated: OT: 2025-03-13 21:20:06,  Lat/Lon: 33.0605°/76.7644°, Depth: 10.7426
2025/03/14 11:12:24.396714 [Incident:Info:toast@toast-new:Magnitude updated] Magnitude updated: 5.38 (M)
2025/03/14 11:12:24.396900 [Simulation:Info:toast@toast-new:Simulation not generated] Magnitude 5.38 of event bmg2025fbiy is smaller than triggerMinMagnitude: no automatic simulation
2025/03/14 11:12:34.898274 [Incident:Info:toast@toast-new:Origin updated] Origin updated: OT: 2025-03-13 21:20:06,  Lat/Lon: 33.0605°/76.7644°, Depth: 10.7426
2025/03/14 11:12:34.899101 [Simulation:Info:toast@toast-new:Simulation not generated] Magnitude 5.38 of event bmg2025fbiy is smaller than triggerMinMagnitude: no automatic simulation
2025/03/14 11:12:34.917075 [Incident:Info:toast@toast-new:Origin updated] Origin updated: OT: 2025-03-13 21:20:06,  Lat/Lon: 33.0605°/76.7644°, Depth: 10.7426
2025/03/14 11:12:34.917716 [Simulation:Info:toast@toast-new:Simulation not generated] Magnitude 5.38 of event bmg2025fbiy is smaller than triggerMinMagnitude: no automatic simulation
2025/03/14 11:12:43.688197 [Incident:Info:toast@toast-new:Origin updated] Origin updated: OT: 2025-03-13 21:20:06,  Lat/Lon: 33.0605°/76.7644°, Depth: 10.7426
2025/03/14 11:12:43.688999 [Incident:Info:toast@toast-new:Magnitude updated] Magnitude updated: 5.41 (mb)
2025/03/14 11:12:43.689442 [Simulation:Info:toast@toast-new:Simulation not generated] Magnitude 5.41 of event bmg2025fbiy is smaller than triggerMinMagnitude: no automatic simulation
2025/03/16 09:12:58.332058 [Incident:Info:toast@toast-new:Incident removed] Removed incident - Bye
