2025/04/08 11:15:36.186069 [Incident:Info:toast@toast-new:Displacement(s) updated] Added 0 and changed 0 displacements with 0 amplitudes
2025/04/08 11:15:36.226890 [Incident:Info:toast@toast-new:Incident created] Incident created based on event received from messaging: OT: 2025-04-08 04:09:24,  Lat/Lon: -1.81°/93.82°, Depth: 10.00, Mag: 5.40 (M)
2025/04/08 11:15:36.227255 [Simulation:Info:toast@toast-new:Simulation not generated] Magnitude 5.40 of event bmg2025gvoa is smaller than triggerMinMagnitude: no automatic simulation
2025/04/08 11:15:36.238859 [Incident:Info:toast@toast-new:Origin updated] Origin updated: OT: 2025-04-08 04:09:24,  Lat/Lon: -1.81339°/93.821°, Depth: 10
2025/04/08 11:15:36.239041 [Simulation:Info:toast@toast-new:Simulation not generated] Magnitude 5.40 of event bmg2025gvoa is smaller than triggerMinMagnitude: no automatic simulation
2025/04/08 11:15:48.741519 [Incident:Info:toast@toast-new:Origin updated] Origin updated: OT: 2025-04-08 04:09:23,  Lat/Lon: -1.58611°/93.7033°, Depth: 10
2025/04/08 11:15:48.741675 [Incident:Info:toast@toast-new:Magnitude updated] Magnitude updated: 5.42 (M)
2025/04/08 11:15:48.741698 [Simulation:Info:toast@toast-new:Simulation not generated] Magnitude 5.42 of event bmg2025gvoa is smaller than triggerMinMagnitude: no automatic simulation
2025/04/08 11:15:59.407104 [Incident:Info:toast@toast-new:Origin updated] Origin updated: OT: 2025-04-08 04:09:23,  Lat/Lon: -1.58611°/93.7033°, Depth: 10
2025/04/08 11:15:59.407238 [Incident:Info:toast@toast-new:Magnitude updated] Magnitude updated: 5.45 (M)
2025/04/08 11:15:59.407260 [Simulation:Info:toast@toast-new:Simulation not generated] Magnitude 5.45 of event bmg2025gvoa is smaller than triggerMinMagnitude: no automatic simulation
2025/04/08 11:16:03.645785 [Incident:Info:toast@toast-new:Origin updated] Origin updated: OT: 2025-04-08 04:09:23,  Lat/Lon: -1.58611°/93.7033°, Depth: 10
2025/04/08 11:16:03.645959 [Simulation:Info:toast@toast-new:Simulation not generated] Magnitude 5.45 of event bmg2025gvoa is smaller than triggerMinMagnitude: no automatic simulation
2025/04/08 11:16:04.384769 [Incident:Info:toast@toast-new:Origin updated] Origin updated: OT: 2025-04-08 04:09:23,  Lat/Lon: -1.58611°/93.7033°, Depth: 10
2025/04/08 11:16:04.384884 [Incident:Info:toast@toast-new:Magnitude updated] Magnitude updated: 5.39 (M)
2025/04/08 11:16:04.384906 [Simulation:Info:toast@toast-new:Simulation not generated] Magnitude 5.39 of event bmg2025gvoa is smaller than triggerMinMagnitude: no automatic simulation
2025/04/08 11:16:09.384502 [Incident:Info:toast@toast-new:Origin updated] Origin updated: OT: 2025-04-08 04:09:23,  Lat/Lon: -1.58611°/93.7033°, Depth: 10
2025/04/08 11:16:09.384618 [Incident:Info:toast@toast-new:Magnitude updated] Magnitude updated: 5.33 (M)
2025/04/08 11:16:09.384650 [Simulation:Info:toast@toast-new:Simulation not generated] Magnitude 5.33 of event bmg2025gvoa is smaller than triggerMinMagnitude: no automatic simulation
2025/04/08 11:18:43.536783 [Incident:Info:toast@toast-new:Origin updated] Origin updated: OT: 2025-04-08 04:09:23,  Lat/Lon: -1.58612°/93.7033°, Depth: 10
2025/04/08 11:18:43.536915 [Incident:Info:toast@toast-new:Magnitude updated] Magnitude updated: 5.33 (M)
2025/04/08 11:18:43.536937 [Simulation:Info:toast@toast-new:Simulation not generated] Magnitude 5.33 of event bmg2025gvoa is smaller than triggerMinMagnitude: no automatic simulation
2025/04/10 10:04:31.371402 [Incident:Info:toast@toast-new:Incident removed] Removed incident - Bye
