2025/06/19 20:13:38.269366 [Incident:Info:toast@toast-new:Displacement(s) updated] Added 0 and changed 0 displacements with 0 amplitudes
2025/06/19 20:13:38.299664 [Incident:Info:toast@toast-new:Incident created] Incident created based on event received from messaging: OT: 2025-06-19 13:07:52,  Lat/Lon: 17.20°/147.00°, Depth: 10.00, Mag: 5.23 (M)
2025/06/19 20:13:38.300098 [Simulation:Info:toast@toast-new:Simulation not generated] Magnitude 5.23 of event bmg2025lxua is smaller than triggerMinMagnitude: no automatic simulation
2025/06/19 20:13:38.311527 [Incident:Info:toast@toast-new:Origin updated] Origin updated: OT: 2025-06-19 13:07:52,  Lat/Lon: 17.2013°/146.996°, Depth: 10
2025/06/19 20:13:38.311674 [Simulation:Info:toast@toast-new:Simulation not generated] Magnitude 5.23 of event bmg2025lxua is smaller than triggerMinMagnitude: no automatic simulation
2025/06/19 20:13:44.151635 [Incident:Info:toast@toast-new:Origin updated] Origin updated: OT: 2025-06-19 13:07:52,  Lat/Lon: 17.2013°/146.996°, Depth: 10
2025/06/19 20:13:44.151825 [Incident:Info:toast@toast-new:Magnitude updated] Magnitude updated: 5.22 (M)
2025/06/19 20:13:44.151859 [Simulation:Info:toast@toast-new:Simulation not generated] Magnitude 5.22 of event bmg2025lxua is smaller than triggerMinMagnitude: no automatic simulation
2025/06/19 20:13:49.162695 [Incident:Info:toast@toast-new:Origin updated] Origin updated: OT: 2025-06-19 13:07:52,  Lat/Lon: 17.2013°/146.996°, Depth: 10
2025/06/19 20:13:49.162873 [Incident:Info:toast@toast-new:Magnitude updated] Magnitude updated: 5.21 (M)
2025/06/19 20:13:49.162916 [Simulation:Info:toast@toast-new:Simulation not generated] Magnitude 5.21 of event bmg2025lxua is smaller than triggerMinMagnitude: no automatic simulation
2025/06/19 20:13:49.430916 [Incident:Info:toast@toast-new:Origin updated] Origin updated: OT: 2025-06-19 13:07:51,  Lat/Lon: 17.2242°/146.81°, Depth: 10
2025/06/19 20:13:49.431116 [Incident:Info:toast@toast-new:Magnitude updated] Magnitude updated: 5.20 (M)
2025/06/19 20:13:49.431148 [Simulation:Info:toast@toast-new:Simulation not generated] Magnitude 5.20 of event bmg2025lxua is smaller than triggerMinMagnitude: no automatic simulation
2025/06/19 20:13:54.205232 [Incident:Info:toast@toast-new:Origin updated] Origin updated: OT: 2025-06-19 13:07:51,  Lat/Lon: 17.2242°/146.81°, Depth: 10
2025/06/19 20:13:54.205420 [Incident:Info:toast@toast-new:Magnitude updated] Magnitude updated: 5.16 (M)
2025/06/19 20:13:54.205467 [Simulation:Info:toast@toast-new:Simulation not generated] Magnitude 5.16 of event bmg2025lxua is smaller than triggerMinMagnitude: no automatic simulation
2025/06/19 20:13:59.160042 [Incident:Info:toast@toast-new:Origin updated] Origin updated: OT: 2025-06-19 13:07:51,  Lat/Lon: 17.2242°/146.81°, Depth: 10
2025/06/19 20:13:59.160227 [Incident:Info:toast@toast-new:Magnitude updated] Magnitude updated: 5.15 (M)
2025/06/19 20:13:59.160270 [Simulation:Info:toast@toast-new:Simulation not generated] Magnitude 5.15 of event bmg2025lxua is smaller than triggerMinMagnitude: no automatic simulation
2025/06/19 20:14:04.161595 [Incident:Info:toast@toast-new:Origin updated] Origin updated: OT: 2025-06-19 13:07:51,  Lat/Lon: 17.2242°/146.81°, Depth: 10
2025/06/19 20:14:04.161765 [Incident:Info:toast@toast-new:Magnitude updated] Magnitude updated: 5.15 (M)
2025/06/19 20:14:04.161823 [Simulation:Info:toast@toast-new:Simulation not generated] Magnitude 5.15 of event bmg2025lxua is smaller than triggerMinMagnitude: no automatic simulation
2025/06/19 20:14:08.331313 [Incident:Info:toast@toast-new:Origin updated] Origin updated: OT: 2025-06-19 13:07:51,  Lat/Lon: 17.2274°/146.8°, Depth: 10
2025/06/19 20:14:08.331509 [Incident:Info:toast@toast-new:Magnitude updated] Magnitude updated: 5.12 (M)
2025/06/19 20:14:08.331550 [Simulation:Info:toast@toast-new:Simulation not generated] Magnitude 5.12 of event bmg2025lxua is smaller than triggerMinMagnitude: no automatic simulation
2025/06/19 20:14:14.172767 [Incident:Info:toast@toast-new:Origin updated] Origin updated: OT: 2025-06-19 13:07:51,  Lat/Lon: 17.2274°/146.8°, Depth: 10
2025/06/19 20:14:14.172988 [Incident:Info:toast@toast-new:Magnitude updated] Magnitude updated: 5.10 (M)
2025/06/19 20:14:14.173038 [Simulation:Info:toast@toast-new:Simulation not generated] Magnitude 5.10 of event bmg2025lxua is smaller than triggerMinMagnitude: no automatic simulation
2025/06/19 20:14:24.135427 [Incident:Info:toast@toast-new:Origin updated] Origin updated: OT: 2025-06-19 13:07:51,  Lat/Lon: 17.2274°/146.8°, Depth: 10
2025/06/19 20:14:24.135599 [Incident:Info:toast@toast-new:Magnitude updated] Magnitude updated: 5.11 (M)
2025/06/19 20:14:24.135639 [Simulation:Info:toast@toast-new:Simulation not generated] Magnitude 5.11 of event bmg2025lxua is smaller than triggerMinMagnitude: no automatic simulation
2025/06/19 20:14:28.325499 [Incident:Info:toast@toast-new:Origin updated] Origin updated: OT: 2025-06-19 13:07:52,  Lat/Lon: 17.1986°/146.795°, Depth: 10
2025/06/19 20:14:28.325730 [Incident:Info:toast@toast-new:Magnitude updated] Magnitude updated: 5.10 (M)
2025/06/19 20:14:28.325786 [Simulation:Info:toast@toast-new:Simulation not generated] Magnitude 5.10 of event bmg2025lxua is smaller than triggerMinMagnitude: no automatic simulation
2025/06/19 20:14:34.163790 [Incident:Info:toast@toast-new:Origin updated] Origin updated: OT: 2025-06-19 13:07:52,  Lat/Lon: 17.1986°/146.795°, Depth: 10
2025/06/19 20:14:34.163971 [Incident:Info:toast@toast-new:Magnitude updated] Magnitude updated: 5.10 (M)
2025/06/19 20:14:34.164009 [Simulation:Info:toast@toast-new:Simulation not generated] Magnitude 5.10 of event bmg2025lxua is smaller than triggerMinMagnitude: no automatic simulation
2025/06/19 20:14:39.200909 [Incident:Info:toast@toast-new:Origin updated] Origin updated: OT: 2025-06-19 13:07:52,  Lat/Lon: 17.1986°/146.795°, Depth: 10
2025/06/19 20:14:39.201114 [Incident:Info:toast@toast-new:Magnitude updated] Magnitude updated: 5.10 (M)
2025/06/19 20:14:39.201170 [Simulation:Info:toast@toast-new:Simulation not generated] Magnitude 5.10 of event bmg2025lxua is smaller than triggerMinMagnitude: no automatic simulation
2025/06/19 20:14:48.373987 [Incident:Info:toast@toast-new:Origin updated] Origin updated: OT: 2025-06-19 13:07:51,  Lat/Lon: 17.2065°/146.833°, Depth: 10
2025/06/19 20:14:48.374191 [Incident:Info:toast@toast-new:Magnitude updated] Magnitude updated: 5.10 (M)
2025/06/19 20:14:48.374232 [Simulation:Info:toast@toast-new:Simulation not generated] Magnitude 5.10 of event bmg2025lxua is smaller than triggerMinMagnitude: no automatic simulation
2025/06/19 20:14:54.136664 [Incident:Info:toast@toast-new:Origin updated] Origin updated: OT: 2025-06-19 13:07:51,  Lat/Lon: 17.2065°/146.833°, Depth: 10
2025/06/19 20:14:54.136818 [Incident:Info:toast@toast-new:Magnitude updated] Magnitude updated: 5.09 (M)
2025/06/19 20:14:54.136855 [Simulation:Info:toast@toast-new:Simulation not generated] Magnitude 5.09 of event bmg2025lxua is smaller than triggerMinMagnitude: no automatic simulation
2025/06/19 20:15:04.140764 [Incident:Info:toast@toast-new:Origin updated] Origin updated: OT: 2025-06-19 13:07:51,  Lat/Lon: 17.2065°/146.833°, Depth: 10
2025/06/19 20:15:04.141004 [Incident:Info:toast@toast-new:Magnitude updated] Magnitude updated: 5.10 (M)
2025/06/19 20:15:04.141062 [Simulation:Info:toast@toast-new:Simulation not generated] Magnitude 5.10 of event bmg2025lxua is smaller than triggerMinMagnitude: no automatic simulation
2025/06/19 20:15:09.137354 [Incident:Info:toast@toast-new:Origin updated] Origin updated: OT: 2025-06-19 13:07:51,  Lat/Lon: 17.2065°/146.833°, Depth: 10
2025/06/19 20:15:09.137515 [Incident:Info:toast@toast-new:Magnitude updated] Magnitude updated: 5.11 (M)
2025/06/19 20:15:09.137553 [Simulation:Info:toast@toast-new:Simulation not generated] Magnitude 5.11 of event bmg2025lxua is smaller than triggerMinMagnitude: no automatic simulation
2025/06/19 20:15:13.454701 [Incident:Info:toast@toast-new:Origin updated] Origin updated: OT: 2025-06-19 13:07:51,  Lat/Lon: 17.2065°/146.833°, Depth: 10
2025/06/19 20:15:13.454873 [Incident:Info:toast@toast-new:Magnitude updated] Magnitude updated: 5.10 (M)
2025/06/19 20:15:13.454924 [Simulation:Info:toast@toast-new:Simulation not generated] Magnitude 5.10 of event bmg2025lxua is smaller than triggerMinMagnitude: no automatic simulation
2025/06/19 20:15:13.475313 [Incident:Info:toast@toast-new:Origin updated] Origin updated: OT: 2025-06-19 13:07:51,  Lat/Lon: 17.1983°/146.864°, Depth: 10
2025/06/19 20:15:13.475406 [Incident:Info:toast@toast-new:Magnitude updated] Magnitude updated: 5.10 (M)
2025/06/19 20:15:13.475427 [Simulation:Info:toast@toast-new:Simulation not generated] Magnitude 5.10 of event bmg2025lxua is smaller than triggerMinMagnitude: no automatic simulation
2025/06/19 20:15:19.167310 [Incident:Info:toast@toast-new:Origin updated] Origin updated: OT: 2025-06-19 13:07:51,  Lat/Lon: 17.1983°/146.864°, Depth: 10
2025/06/19 20:15:19.167503 [Incident:Info:toast@toast-new:Magnitude updated] Magnitude updated: 5.12 (M)
2025/06/19 20:15:19.167548 [Simulation:Info:toast@toast-new:Simulation not generated] Magnitude 5.12 of event bmg2025lxua is smaller than triggerMinMagnitude: no automatic simulation
2025/06/19 20:15:24.177407 [Incident:Info:toast@toast-new:Origin updated] Origin updated: OT: 2025-06-19 13:07:51,  Lat/Lon: 17.1983°/146.864°, Depth: 10
2025/06/19 20:15:24.177565 [Incident:Info:toast@toast-new:Magnitude updated] Magnitude updated: 5.07 (Mw(mB))
2025/06/19 20:15:24.177604 [Simulation:Info:toast@toast-new:Simulation not generated] Magnitude 5.07 of event bmg2025lxua is smaller than triggerMinMagnitude: no automatic simulation
2025/06/19 20:15:29.145086 [Incident:Info:toast@toast-new:Origin updated] Origin updated: OT: 2025-06-19 13:07:51,  Lat/Lon: 17.1983°/146.864°, Depth: 10
2025/06/19 20:15:29.145264 [Incident:Info:toast@toast-new:Magnitude updated] Magnitude updated: 5.08 (Mw(mB))
2025/06/19 20:15:29.145296 [Simulation:Info:toast@toast-new:Simulation not generated] Magnitude 5.08 of event bmg2025lxua is smaller than triggerMinMagnitude: no automatic simulation
2025/06/19 20:15:34.144026 [Incident:Info:toast@toast-new:Origin updated] Origin updated: OT: 2025-06-19 13:07:51,  Lat/Lon: 17.1983°/146.864°, Depth: 10
2025/06/19 20:15:34.144193 [Incident:Info:toast@toast-new:Magnitude updated] Magnitude updated: 5.08 (Mw(mB))
2025/06/19 20:15:34.144224 [Simulation:Info:toast@toast-new:Simulation not generated] Magnitude 5.08 of event bmg2025lxua is smaller than triggerMinMagnitude: no automatic simulation
2025/06/19 20:15:39.143331 [Incident:Info:toast@toast-new:Origin updated] Origin updated: OT: 2025-06-19 13:07:51,  Lat/Lon: 17.1983°/146.864°, Depth: 10
2025/06/19 20:15:39.143494 [Incident:Info:toast@toast-new:Magnitude updated] Magnitude updated: 5.09 (Mw(mB))
2025/06/19 20:15:39.143524 [Simulation:Info:toast@toast-new:Simulation not generated] Magnitude 5.09 of event bmg2025lxua is smaller than triggerMinMagnitude: no automatic simulation
2025/06/19 20:15:48.488686 [Incident:Info:toast@toast-new:Origin updated] Origin updated: OT: 2025-06-19 13:07:51,  Lat/Lon: 17.1978°/146.889°, Depth: 10
2025/06/19 20:15:48.488861 [Incident:Info:toast@toast-new:Magnitude updated] Magnitude updated: 5.09 (Mw(mB))
2025/06/19 20:15:48.488889 [Simulation:Info:toast@toast-new:Simulation not generated] Magnitude 5.09 of event bmg2025lxua is smaller than triggerMinMagnitude: no automatic simulation
2025/06/19 20:16:04.148465 [Incident:Info:toast@toast-new:Origin updated] Origin updated: OT: 2025-06-19 13:07:51,  Lat/Lon: 17.1978°/146.889°, Depth: 10
2025/06/19 20:16:04.148660 [Incident:Info:toast@toast-new:Magnitude updated] Magnitude updated: 5.11 (Mw(mB))
2025/06/19 20:16:04.148701 [Simulation:Info:toast@toast-new:Simulation not generated] Magnitude 5.11 of event bmg2025lxua is smaller than triggerMinMagnitude: no automatic simulation
2025/06/19 20:16:09.147799 [Incident:Info:toast@toast-new:Origin updated] Origin updated: OT: 2025-06-19 13:07:51,  Lat/Lon: 17.1978°/146.889°, Depth: 10
2025/06/19 20:16:09.148014 [Incident:Info:toast@toast-new:Magnitude updated] Magnitude updated: 5.12 (Mw(mB))
2025/06/19 20:16:09.148070 [Simulation:Info:toast@toast-new:Simulation not generated] Magnitude 5.12 of event bmg2025lxua is smaller than triggerMinMagnitude: no automatic simulation
2025/06/19 20:16:14.129990 [Incident:Info:toast@toast-new:Origin updated] Origin updated: OT: 2025-06-19 13:07:51,  Lat/Lon: 17.1978°/146.889°, Depth: 10
2025/06/19 20:16:14.130165 [Incident:Info:toast@toast-new:Magnitude updated] Magnitude updated: 5.12 (Mw(mB))
2025/06/19 20:16:14.130204 [Simulation:Info:toast@toast-new:Simulation not generated] Magnitude 5.12 of event bmg2025lxua is smaller than triggerMinMagnitude: no automatic simulation
2025/06/19 20:16:24.056451 [Incident:Info:toast@toast-new:Origin updated] Origin updated: OT: 2025-06-19 13:07:51,  Lat/Lon: 17.2136°/146.925°, Depth: 10
2025/06/19 20:16:24.056636 [Incident:Info:toast@toast-new:Magnitude updated] Magnitude updated: 5.13 (Mw(mB))
2025/06/19 20:16:24.056667 [Simulation:Info:toast@toast-new:Simulation not generated] Magnitude 5.13 of event bmg2025lxua is smaller than triggerMinMagnitude: no automatic simulation
2025/06/19 20:16:29.148404 [Incident:Info:toast@toast-new:Origin updated] Origin updated: OT: 2025-06-19 13:07:51,  Lat/Lon: 17.2136°/146.925°, Depth: 10
2025/06/19 20:16:29.148581 [Incident:Info:toast@toast-new:Magnitude updated] Magnitude updated: 5.13 (Mw(mB))
2025/06/19 20:16:29.148628 [Simulation:Info:toast@toast-new:Simulation not generated] Magnitude 5.13 of event bmg2025lxua is smaller than triggerMinMagnitude: no automatic simulation
2025/06/19 20:16:34.150910 [Incident:Info:toast@toast-new:Origin updated] Origin updated: OT: 2025-06-19 13:07:51,  Lat/Lon: 17.2136°/146.925°, Depth: 10
2025/06/19 20:16:34.151082 [Incident:Info:toast@toast-new:Magnitude updated] Magnitude updated: 5.15 (Mw(mB))
2025/06/19 20:16:34.151142 [Simulation:Info:toast@toast-new:Simulation not generated] Magnitude 5.15 of event bmg2025lxua is smaller than triggerMinMagnitude: no automatic simulation
2025/06/19 20:16:44.150895 [Incident:Info:toast@toast-new:Origin updated] Origin updated: OT: 2025-06-19 13:07:51,  Lat/Lon: 17.2136°/146.925°, Depth: 10
2025/06/19 20:16:44.151093 [Incident:Info:toast@toast-new:Magnitude updated] Magnitude updated: 5.16 (Mw(mB))
2025/06/19 20:16:44.151139 [Simulation:Info:toast@toast-new:Simulation not generated] Magnitude 5.16 of event bmg2025lxua is smaller than triggerMinMagnitude: no automatic simulation
2025/06/19 20:16:54.154253 [Incident:Info:toast@toast-new:Origin updated] Origin updated: OT: 2025-06-19 13:07:51,  Lat/Lon: 17.2136°/146.925°, Depth: 10
2025/06/19 20:16:54.154447 [Incident:Info:toast@toast-new:Magnitude updated] Magnitude updated: 5.17 (Mw(mB))
2025/06/19 20:16:54.154491 [Simulation:Info:toast@toast-new:Simulation not generated] Magnitude 5.17 of event bmg2025lxua is smaller than triggerMinMagnitude: no automatic simulation
2025/06/19 20:17:07.673699 [Incident:Info:toast@toast-new:Origin updated] Origin updated: OT: 2025-06-19 13:07:51,  Lat/Lon: 17.209°/146.917°, Depth: 10
2025/06/19 20:17:07.673910 [Incident:Info:toast@toast-new:Magnitude updated] Magnitude updated: 5.18 (Mw(mB))
2025/06/19 20:17:07.673955 [Simulation:Info:toast@toast-new:Simulation not generated] Magnitude 5.18 of event bmg2025lxua is smaller than triggerMinMagnitude: no automatic simulation
2025/06/19 20:17:19.134609 [Incident:Info:toast@toast-new:Origin updated] Origin updated: OT: 2025-06-19 13:07:51,  Lat/Lon: 17.209°/146.917°, Depth: 10
2025/06/19 20:17:19.134830 [Incident:Info:toast@toast-new:Magnitude updated] Magnitude updated: 5.18 (Mw(mB))
2025/06/19 20:17:19.134876 [Simulation:Info:toast@toast-new:Simulation not generated] Magnitude 5.18 of event bmg2025lxua is smaller than triggerMinMagnitude: no automatic simulation
2025/06/19 20:17:19.530871 [Incident:Info:toast@toast-new:Origin updated] Origin updated: OT: 2025-06-19 13:07:51,  Lat/Lon: 17.1993°/146.952°, Depth: 10
2025/06/19 20:17:19.531075 [Incident:Info:toast@toast-new:Magnitude updated] Magnitude updated: 5.18 (Mw(mB))
2025/06/19 20:17:19.531118 [Simulation:Info:toast@toast-new:Simulation not generated] Magnitude 5.18 of event bmg2025lxua is smaller than triggerMinMagnitude: no automatic simulation
2025/06/19 20:17:24.190075 [Incident:Info:toast@toast-new:Origin updated] Origin updated: OT: 2025-06-19 13:07:51,  Lat/Lon: 17.1993°/146.952°, Depth: 10
2025/06/19 20:17:24.190256 [Incident:Info:toast@toast-new:Magnitude updated] Magnitude updated: 5.19 (Mw(mB))
2025/06/19 20:17:24.190296 [Simulation:Info:toast@toast-new:Simulation not generated] Magnitude 5.19 of event bmg2025lxua is smaller than triggerMinMagnitude: no automatic simulation
2025/06/19 20:17:29.157899 [Incident:Info:toast@toast-new:Origin updated] Origin updated: OT: 2025-06-19 13:07:51,  Lat/Lon: 17.1993°/146.952°, Depth: 10
2025/06/19 20:17:29.158092 [Incident:Info:toast@toast-new:Magnitude updated] Magnitude updated: 5.18 (Mw(mB))
2025/06/19 20:17:29.158136 [Simulation:Info:toast@toast-new:Simulation not generated] Magnitude 5.18 of event bmg2025lxua is smaller than triggerMinMagnitude: no automatic simulation
2025/06/19 20:17:39.155693 [Incident:Info:toast@toast-new:Origin updated] Origin updated: OT: 2025-06-19 13:07:51,  Lat/Lon: 17.1993°/146.952°, Depth: 10
2025/06/19 20:17:39.155893 [Incident:Info:toast@toast-new:Magnitude updated] Magnitude updated: 5.19 (Mw(mB))
2025/06/19 20:17:39.155935 [Simulation:Info:toast@toast-new:Simulation not generated] Magnitude 5.19 of event bmg2025lxua is smaller than triggerMinMagnitude: no automatic simulation
2025/06/19 20:17:44.197103 [Incident:Info:toast@toast-new:Origin updated] Origin updated: OT: 2025-06-19 13:07:51,  Lat/Lon: 17.1993°/146.952°, Depth: 10
2025/06/19 20:17:44.197293 [Incident:Info:toast@toast-new:Magnitude updated] Magnitude updated: 5.21 (Mw(mB))
2025/06/19 20:17:44.197338 [Simulation:Info:toast@toast-new:Simulation not generated] Magnitude 5.21 of event bmg2025lxua is smaller than triggerMinMagnitude: no automatic simulation
2025/06/19 20:17:49.155509 [Incident:Info:toast@toast-new:Origin updated] Origin updated: OT: 2025-06-19 13:07:51,  Lat/Lon: 17.1993°/146.952°, Depth: 10
2025/06/19 20:17:49.155678 [Incident:Info:toast@toast-new:Magnitude updated] Magnitude updated: 5.21 (Mw(mB))
2025/06/19 20:17:49.155718 [Simulation:Info:toast@toast-new:Simulation not generated] Magnitude 5.21 of event bmg2025lxua is smaller than triggerMinMagnitude: no automatic simulation
2025/06/19 20:18:09.156173 [Incident:Info:toast@toast-new:Origin updated] Origin updated: OT: 2025-06-19 13:07:51,  Lat/Lon: 17.1993°/146.952°, Depth: 10
2025/06/19 20:18:09.156362 [Incident:Info:toast@toast-new:Magnitude updated] Magnitude updated: 5.21 (Mw(mB))
2025/06/19 20:18:09.156394 [Simulation:Info:toast@toast-new:Simulation not generated] Magnitude 5.21 of event bmg2025lxua is smaller than triggerMinMagnitude: no automatic simulation
2025/06/19 20:18:28.759447 [Incident:Info:toast@toast-new:Origin updated] Origin updated: OT: 2025-06-19 13:07:50,  Lat/Lon: 17.1908°/146.981°, Depth: 10
2025/06/19 20:18:28.759693 [Incident:Info:toast@toast-new:Magnitude updated] Magnitude updated: 5.26 (Mw(mB))
2025/06/19 20:18:28.759772 [Simulation:Info:toast@toast-new:Simulation not generated] Magnitude 5.26 of event bmg2025lxua is smaller than triggerMinMagnitude: no automatic simulation
2025/06/19 20:18:49.138808 [Incident:Info:toast@toast-new:Origin updated] Origin updated: OT: 2025-06-19 13:07:50,  Lat/Lon: 17.1908°/146.981°, Depth: 10
2025/06/19 20:18:49.139140 [Incident:Info:toast@toast-new:Magnitude updated] Magnitude updated: 5.25 (Mw(mB))
2025/06/19 20:18:49.139186 [Simulation:Info:toast@toast-new:Simulation not generated] Magnitude 5.25 of event bmg2025lxua is smaller than triggerMinMagnitude: no automatic simulation
2025/06/19 20:19:43.770695 [Incident:Info:toast@toast-new:Origin updated] Origin updated: OT: 2025-06-19 13:07:50,  Lat/Lon: 17.2006°/147.007°, Depth: 10
2025/06/19 20:19:43.770903 [Incident:Info:toast@toast-new:Magnitude updated] Magnitude updated: 5.25 (Mw(mB))
2025/06/19 20:19:43.770945 [Simulation:Info:toast@toast-new:Simulation not generated] Magnitude 5.25 of event bmg2025lxua is smaller than triggerMinMagnitude: no automatic simulation
2025/06/19 20:20:12.675239 [Incident:Info:toast@toast-new:Origin updated] Origin updated: OT: 2025-06-19 13:07:56,  Lat/Lon: 17.1664°/147.022°, Depth: 55.5326
2025/06/19 20:20:12.675462 [Incident:Info:toast@toast-new:Magnitude updated] Magnitude updated: 5.20 (Mw(mB))
2025/06/19 20:20:12.675510 [Simulation:Info:toast@toast-new:Simulation not generated] Magnitude 5.20 of event bmg2025lxua is smaller than triggerMinMagnitude: no automatic simulation
2025/06/20 03:37:31.792184 [Incident:Info:toast@toast-new:Origin updated] Origin updated: OT: 2025-06-19 13:07:56,  Lat/Lon: 17.1707°/147.02°, Depth: 55.6169
2025/06/20 03:37:31.792375 [Incident:Info:toast@toast-new:Magnitude updated] Magnitude updated: 5.20 (Mw(mB))
2025/06/20 03:37:31.792419 [Simulation:Info:toast@toast-new:Simulation not generated] Magnitude 5.20 of event bmg2025lxua is smaller than triggerMinMagnitude: no automatic simulation
2025/06/20 03:37:48.399085 [Incident:Info:toast@toast-new:Origin updated] Origin updated: OT: 2025-06-19 13:07:56,  Lat/Lon: 17.1707°/147.02°, Depth: 55.6169
2025/06/20 03:37:48.399268 [Incident:Info:toast@toast-new:Magnitude updated] Magnitude updated: 5.46 (mb)
2025/06/20 03:37:48.399329 [Simulation:Info:toast@toast-new:Simulation not generated] Magnitude 5.46 of event bmg2025lxua is smaller than triggerMinMagnitude: no automatic simulation
2025/06/20 03:38:07.412059 [Incident:Info:toast@toast-new:Origin updated] Origin updated: OT: 2025-06-19 13:07:56,  Lat/Lon: 17.1707°/147.02°, Depth: 55.6169
2025/06/20 03:38:07.412256 [Simulation:Info:toast@toast-new:Simulation not generated] Magnitude 5.46 of event bmg2025lxua is smaller than triggerMinMagnitude: no automatic simulation
2025/06/20 03:38:21.003058 [Incident:Info:toast@toast-new:Origin updated] Origin updated: OT: 2025-06-19 13:07:56,  Lat/Lon: 17.1707°/147.02°, Depth: 55.6169
2025/06/20 03:38:21.003271 [Simulation:Info:toast@toast-new:Simulation not generated] Magnitude 5.46 of event bmg2025lxua is smaller than triggerMinMagnitude: no automatic simulation
2025/06/20 03:38:21.023273 [Incident:Info:toast@toast-new:Origin updated] Origin updated: OT: 2025-06-19 13:07:56,  Lat/Lon: 17.1707°/147.02°, Depth: 55.6169
2025/06/20 03:38:21.023382 [Simulation:Info:toast@toast-new:Simulation not generated] Magnitude 5.46 of event bmg2025lxua is smaller than triggerMinMagnitude: no automatic simulation
