2025/04/04 21:32:34.409169 [Incident:Info:toast@toast-new:Displacement(s) updated] Added 0 and changed 0 displacements with 0 amplitudes
2025/04/04 21:32:34.437041 [Incident:Info:toast@toast-new:Incident created] Incident created based on event received from messaging: OT: 2025-04-04 14:22:51,  Lat/Lon: 28.98°/82.06°, Depth: 10.00, Mag: 5.03 (M)
2025/04/04 21:32:34.437357 [Simulation:Info:toast@toast-new:Simulation not generated] Magnitude 5.03 of event bmg2025gpag is smaller than triggerMinMagnitude: no automatic simulation
2025/04/04 21:32:34.460643 [Incident:Info:toast@toast-new:Origin updated] Origin updated: OT: 2025-04-04 14:22:51,  Lat/Lon: 28.9829°/82.0629°, Depth: 10
2025/04/04 21:32:34.460795 [Simulation:Info:toast@toast-new:Simulation not generated] Magnitude 5.03 of event bmg2025gpag is smaller than triggerMinMagnitude: no automatic simulation
2025/04/04 21:32:36.365564 [Incident:Info:toast@toast-new:Origin updated] Origin updated: OT: 2025-04-04 14:22:50,  Lat/Lon: 28.9859°/82.0659°, Depth: 10
2025/04/04 21:32:36.365786 [Incident:Info:toast@toast-new:Magnitude updated] Magnitude updated: 5.08 (M)
2025/04/04 21:32:36.365829 [Simulation:Info:toast@toast-new:Simulation not generated] Magnitude 5.08 of event bmg2025gpag is smaller than triggerMinMagnitude: no automatic simulation
2025/04/04 21:32:53.753864 [Incident:Info:toast@toast-new:Origin updated] Origin updated: OT: 2025-04-04 14:22:50,  Lat/Lon: 28.974°/82.054°, Depth: 10
2025/04/04 21:32:53.754058 [Incident:Info:toast@toast-new:Magnitude updated] Magnitude updated: 5.08 (M)
2025/04/04 21:32:53.754101 [Simulation:Info:toast@toast-new:Simulation not generated] Magnitude 5.08 of event bmg2025gpag is smaller than triggerMinMagnitude: no automatic simulation
2025/04/04 21:33:15.520676 [Incident:Info:toast@toast-new:Origin updated] Origin updated: OT: 2025-04-04 14:22:50,  Lat/Lon: 28.9807°/82.0655°, Depth: 10
2025/04/04 21:33:15.520904 [Incident:Info:toast@toast-new:Magnitude updated] Magnitude updated: 5.08 (M)
2025/04/04 21:33:15.520954 [Simulation:Info:toast@toast-new:Simulation not generated] Magnitude 5.08 of event bmg2025gpag is smaller than triggerMinMagnitude: no automatic simulation
2025/04/04 21:33:51.141919 [Incident:Info:toast@toast-new:Origin updated] Origin updated: OT: 2025-04-04 14:22:50,  Lat/Lon: 28.9745°/82.0539°, Depth: 10
2025/04/04 21:33:51.142124 [Incident:Info:toast@toast-new:Magnitude updated] Magnitude updated: 5.07 (M)
2025/04/04 21:33:51.142164 [Simulation:Info:toast@toast-new:Simulation not generated] Magnitude 5.07 of event bmg2025gpag is smaller than triggerMinMagnitude: no automatic simulation
2025/04/04 21:34:15.060656 [Incident:Info:toast@toast-new:Origin updated] Origin updated: OT: 2025-04-04 14:22:50,  Lat/Lon: 29.0193°/82.0532°, Depth: 10
2025/04/04 21:34:15.060896 [Incident:Info:toast@toast-new:Magnitude updated] Magnitude updated: 5.07 (M)
2025/04/04 21:34:15.060953 [Simulation:Info:toast@toast-new:Simulation not generated] Magnitude 5.07 of event bmg2025gpag is smaller than triggerMinMagnitude: no automatic simulation
2025/04/04 21:34:50.852591 [Incident:Info:toast@toast-new:Origin updated] Origin updated: OT: 2025-04-04 14:22:50,  Lat/Lon: 29.0165°/82.0468°, Depth: 10
2025/04/04 21:34:50.852763 [Incident:Info:toast@toast-new:Magnitude updated] Magnitude updated: 5.07 (M)
2025/04/04 21:34:50.852793 [Simulation:Info:toast@toast-new:Simulation not generated] Magnitude 5.07 of event bmg2025gpag is smaller than triggerMinMagnitude: no automatic simulation
2025/04/04 21:35:08.774201 [Incident:Info:toast@toast-new:Origin updated] Origin updated: OT: 2025-04-04 14:22:50,  Lat/Lon: 29.0263°/82.0968°, Depth: 10
2025/04/04 21:35:08.774391 [Incident:Info:toast@toast-new:Magnitude updated] Magnitude updated: 5.07 (M)
2025/04/04 21:35:08.774425 [Simulation:Info:toast@toast-new:Simulation not generated] Magnitude 5.07 of event bmg2025gpag is smaller than triggerMinMagnitude: no automatic simulation
2025/04/04 21:35:28.777694 [Incident:Info:toast@toast-new:Origin updated] Origin updated: OT: 2025-04-04 14:22:50,  Lat/Lon: 29.0192°/82.0752°, Depth: 10
2025/04/04 21:35:28.777906 [Incident:Info:toast@toast-new:Magnitude updated] Magnitude updated: 5.07 (M)
2025/04/04 21:35:28.777941 [Simulation:Info:toast@toast-new:Simulation not generated] Magnitude 5.07 of event bmg2025gpag is smaller than triggerMinMagnitude: no automatic simulation
2025/04/04 21:35:48.763458 [Incident:Info:toast@toast-new:Origin updated] Origin updated: OT: 2025-04-04 14:22:50,  Lat/Lon: 29.0199°/82.0751°, Depth: 10
2025/04/04 21:35:48.763699 [Incident:Info:toast@toast-new:Magnitude updated] Magnitude updated: 5.06 (M)
2025/04/04 21:35:48.763750 [Simulation:Info:toast@toast-new:Simulation not generated] Magnitude 5.06 of event bmg2025gpag is smaller than triggerMinMagnitude: no automatic simulation
2025/04/04 21:36:08.783534 [Incident:Info:toast@toast-new:Origin updated] Origin updated: OT: 2025-04-04 14:22:50,  Lat/Lon: 29.0232°/82.0751°, Depth: 10
2025/04/04 21:36:08.783733 [Incident:Info:toast@toast-new:Magnitude updated] Magnitude updated: 5.06 (M)
2025/04/04 21:36:08.783763 [Simulation:Info:toast@toast-new:Simulation not generated] Magnitude 5.06 of event bmg2025gpag is smaller than triggerMinMagnitude: no automatic simulation
2025/04/04 21:36:37.406809 [Incident:Info:toast@toast-new:Origin updated] Origin updated: OT: 2025-04-04 14:22:54,  Lat/Lon: 29.0505°/82.1098°, Depth: 40.0311
2025/04/04 21:36:37.407048 [Incident:Info:toast@toast-new:Magnitude updated] Magnitude updated: 5.08 (M)
2025/04/04 21:36:37.407099 [Simulation:Info:toast@toast-new:Simulation not generated] Magnitude 5.08 of event bmg2025gpag is smaller than triggerMinMagnitude: no automatic simulation
2025/04/04 21:36:39.405294 [Incident:Info:toast@toast-new:Origin updated] Origin updated: OT: 2025-04-04 14:22:54,  Lat/Lon: 29.0505°/82.1098°, Depth: 40.0311
2025/04/04 21:36:39.405462 [Incident:Info:toast@toast-new:Magnitude updated] Magnitude updated: 5.45 (M)
2025/04/04 21:36:39.405517 [Simulation:Info:toast@toast-new:Simulation not generated] Magnitude 5.45 of event bmg2025gpag is smaller than triggerMinMagnitude: no automatic simulation
2025/04/05 01:47:27.905983 [Incident:Info:toast@toast-new:Origin updated] Origin updated: OT: 2025-04-04 14:22:54,  Lat/Lon: 29.0505°/82.1098°, Depth: 40.0311
2025/04/05 01:47:27.906163 [Incident:Info:toast@toast-new:FM updated] FM updated
2025/04/05 01:47:27.906407 [Simulation:Info:toast@toast-new:Simulation not generated] Magnitude 5.45 of event bmg2025gpag is smaller than triggerMinMagnitude: no automatic simulation
2025/04/05 02:33:03.597202 [Incident:Info:toast@toast-new:Origin updated] Origin updated: OT: 2025-04-04 14:22:54,  Lat/Lon: 29.0505°/82.1098°, Depth: 40.0311
2025/04/05 02:33:03.597356 [Incident:Info:toast@toast-new:FM updated] FM updated
2025/04/05 02:33:03.597574 [Simulation:Info:toast@toast-new:Simulation not generated] Magnitude 5.45 of event bmg2025gpag is smaller than triggerMinMagnitude: no automatic simulation
2025/04/05 05:19:22.758491 [Incident:Info:toast@toast-new:Origin updated] Origin updated: OT: 2025-04-04 14:22:49,  Lat/Lon: 29.0618°/82.1573°, Depth: 10
2025/04/05 05:19:22.758711 [Incident:Info:toast@toast-new:Magnitude updated] Magnitude updated: 5.16 (M)
2025/04/05 05:19:22.758762 [Incident:Info:toast@toast-new:FM updated] FM updated
2025/04/05 05:19:22.759019 [Simulation:Info:toast@toast-new:Simulation not generated] Magnitude 5.16 of event bmg2025gpag is smaller than triggerMinMagnitude: no automatic simulation
2025/04/05 05:19:24.394096 [Incident:Info:toast@toast-new:Origin updated] Origin updated: OT: 2025-04-04 14:22:49,  Lat/Lon: 29.0618°/82.1573°, Depth: 10
2025/04/05 05:19:24.394274 [Incident:Info:toast@toast-new:Magnitude updated] Magnitude updated: 5.52 (M)
2025/04/05 05:19:24.394325 [Simulation:Info:toast@toast-new:Simulation not generated] Magnitude 5.52 of event bmg2025gpag is smaller than triggerMinMagnitude: no automatic simulation
2025/04/05 05:23:26.469878 [Incident:Info:toast@toast-new:Origin updated] Origin updated: OT: 2025-04-04 14:22:51,  Lat/Lon: 29.0444°/82.1073°, Depth: 23.1263
2025/04/05 05:23:26.470018 [Incident:Info:toast@toast-new:Magnitude updated] Magnitude updated: 5.14 (M)
2025/04/05 05:23:26.470053 [Simulation:Info:toast@toast-new:Simulation not generated] Magnitude 5.14 of event bmg2025gpag is smaller than triggerMinMagnitude: no automatic simulation
2025/04/10 10:06:53.441885 [Incident:Info:toast@toast-new:Incident removed] Removed incident - Bye
2025/04/14 23:12:53.539709 [Incident:Info:toast@toast-new:Displacement(s) updated] Added 0 and changed 0 displacements with 0 amplitudes
2025/04/14 23:12:53.618616 [Incident:Info:toast@toast-new:Incident created] Incident created based on event received from messaging: OT: 2025-04-04 14:22:50,  Lat/Lon: 28.99°/82.08°, Depth: 20.16, Mag: 5.13 (M)
2025/04/14 23:12:53.619056 [Simulation:Info:toast@toast-new:Simulation not generated] Magnitude 5.13 of event bmg2025gpag is smaller than triggerMinMagnitude: no automatic simulation
2025/04/14 23:12:53.631466 [Incident:Info:toast@toast-new:Origin updated] Origin updated: OT: 2025-04-04 14:22:50,  Lat/Lon: 28.9922°/82.08°, Depth: 20.1594
2025/04/14 23:12:53.631614 [Simulation:Info:toast@toast-new:Simulation not generated] Magnitude 5.13 of event bmg2025gpag is smaller than triggerMinMagnitude: no automatic simulation
