2024/09/15 18:19:52.670950 [Incident:Info:toast@toast-new:Displacement(s) updated] Added 0 and changed 0 displacements with 0 amplitudes
2024/09/15 18:19:52.693028 [Incident:Info:toast@toast-new:Incident created] Incident created based on event received from messaging: OT: 2024-09-15 11:15:12,  Lat/Lon: -4.03°/142.40°, Depth: 120.05, Mag: 5.08 (M)
2024/09/15 18:19:52.693562 [Simulation:Info:toast@toast-new:Simulation not generated] Magnitude 5.08 of event bmg2024segb is smaller than triggerMinMagnitude: no automatic simulation
2024/09/15 18:19:52.715448 [Incident:Info:toast@toast-new:Origin updated] Origin updated: OT: 2024-09-15 11:15:12,  Lat/Lon: -4.03064°/142.396°, Depth: 120.046
2024/09/15 18:19:52.730051 [Simulation:Info:toast@toast-new:Simulation not generated] Magnitude 5.08 of event bmg2024segb is smaller than triggerMinMagnitude: no automatic simulation
2024/09/15 18:20:01.210239 [Incident:Info:toast@toast-new:Origin updated] Origin updated: OT: 2024-09-15 11:15:13,  Lat/Lon: -4.06324°/142.337°, Depth: 108.665
2024/09/15 18:20:01.223234 [Incident:Info:toast@toast-new:Magnitude updated] Magnitude updated: 5.07 (M)
2024/09/15 18:20:01.232817 [Simulation:Info:toast@toast-new:Simulation not generated] Magnitude 5.07 of event bmg2024segb is smaller than triggerMinMagnitude: no automatic simulation
2024/09/15 18:20:12.044524 [Incident:Info:toast@toast-new:Origin updated] Origin updated: OT: 2024-09-15 11:15:13,  Lat/Lon: -4.05928°/142.385°, Depth: 98.4551
2024/09/15 18:20:12.054035 [Incident:Info:toast@toast-new:Magnitude updated] Magnitude updated: 5.13 (M)
2024/09/15 18:20:12.062283 [Simulation:Info:toast@toast-new:Simulation not generated] Magnitude 5.13 of event bmg2024segb is smaller than triggerMinMagnitude: no automatic simulation
2024/09/15 18:20:21.694872 [Incident:Info:toast@toast-new:Origin updated] Origin updated: OT: 2024-09-15 11:15:13,  Lat/Lon: -4.03733°/142.377°, Depth: 110.57
2024/09/15 18:20:21.704424 [Incident:Info:toast@toast-new:Magnitude updated] Magnitude updated: 5.07 (M)
2024/09/15 18:20:21.712946 [Simulation:Info:toast@toast-new:Simulation not generated] Magnitude 5.07 of event bmg2024segb is smaller than triggerMinMagnitude: no automatic simulation
2024/09/15 18:20:27.751909 [Incident:Info:toast@toast-new:Origin updated] Origin updated: OT: 2024-09-15 11:15:13,  Lat/Lon: -4.03733°/142.377°, Depth: 110.57
2024/09/15 18:20:27.762688 [Incident:Info:toast@toast-new:Magnitude updated] Magnitude updated: 5.11 (M)
2024/09/15 18:20:27.770584 [Simulation:Info:toast@toast-new:Simulation not generated] Magnitude 5.11 of event bmg2024segb is smaller than triggerMinMagnitude: no automatic simulation
2024/09/15 18:20:34.246940 [Incident:Info:toast@toast-new:Origin updated] Origin updated: OT: 2024-09-15 11:15:13,  Lat/Lon: -4.06855°/142.336°, Depth: 106.776
2024/09/15 18:20:34.257983 [Incident:Info:toast@toast-new:Magnitude updated] Magnitude updated: 5.08 (M)
2024/09/15 18:20:34.265802 [Simulation:Info:toast@toast-new:Simulation not generated] Magnitude 5.08 of event bmg2024segb is smaller than triggerMinMagnitude: no automatic simulation
2024/09/15 18:20:42.728622 [Incident:Info:toast@toast-new:Origin updated] Origin updated: OT: 2024-09-15 11:15:13,  Lat/Lon: -4.06855°/142.336°, Depth: 106.776
2024/09/15 18:20:42.738169 [Incident:Info:toast@toast-new:Magnitude updated] Magnitude updated: 5.13 (M)
2024/09/15 18:20:42.746151 [Simulation:Info:toast@toast-new:Simulation not generated] Magnitude 5.13 of event bmg2024segb is smaller than triggerMinMagnitude: no automatic simulation
2024/09/15 18:20:46.951378 [Incident:Info:toast@toast-new:Origin updated] Origin updated: OT: 2024-09-15 11:15:14,  Lat/Lon: -4.10823°/142.285°, Depth: 95.9544
2024/09/15 18:20:46.965436 [Incident:Info:toast@toast-new:Magnitude updated] Magnitude updated: 5.10 (M)
2024/09/15 18:20:46.975243 [Simulation:Info:toast@toast-new:Simulation not generated] Magnitude 5.10 of event bmg2024segb is smaller than triggerMinMagnitude: no automatic simulation
2024/09/15 18:21:02.097808 [Incident:Info:toast@toast-new:Origin updated] Origin updated: OT: 2024-09-15 11:15:14,  Lat/Lon: -4.1236°/142.294°, Depth: 95.0504
2024/09/15 18:21:02.108460 [Incident:Info:toast@toast-new:Magnitude updated] Magnitude updated: 5.09 (M)
2024/09/15 18:21:02.115835 [Simulation:Info:toast@toast-new:Simulation not generated] Magnitude 5.09 of event bmg2024segb is smaller than triggerMinMagnitude: no automatic simulation
2024/09/15 18:21:07.730291 [Incident:Info:toast@toast-new:Origin updated] Origin updated: OT: 2024-09-15 11:15:14,  Lat/Lon: -4.1236°/142.294°, Depth: 95.0504
2024/09/15 18:21:07.743624 [Incident:Info:toast@toast-new:Magnitude updated] Magnitude updated: 5.04 (M)
2024/09/15 18:21:07.753441 [Simulation:Info:toast@toast-new:Simulation not generated] Magnitude 5.04 of event bmg2024segb is smaller than triggerMinMagnitude: no automatic simulation
2024/09/15 18:21:17.728904 [Incident:Info:toast@toast-new:Origin updated] Origin updated: OT: 2024-09-15 11:15:14,  Lat/Lon: -4.1236°/142.294°, Depth: 95.0504
2024/09/15 18:21:17.738252 [Incident:Info:toast@toast-new:Magnitude updated] Magnitude updated: 5.07 (M)
2024/09/15 18:21:17.746105 [Simulation:Info:toast@toast-new:Simulation not generated] Magnitude 5.07 of event bmg2024segb is smaller than triggerMinMagnitude: no automatic simulation
