2025/04/24 19:07:43.403180 [Incident:Info:toast@toast-new:Displacement(s) updated] Added 0 and changed 0 displacements with 0 amplitudes
2025/04/24 19:07:43.422091 [Incident:Info:toast@toast-new:Incident created] Incident created based on event received from messaging: OT: 2025-04-24 11:57:11,  Lat/Lon: 48.71°/157.56°, Depth: 10.00, Mag: 5.05 (M)
2025/04/24 19:07:43.422405 [Simulation:Info:toast@toast-new:Simulation not generated] Magnitude 5.05 of event bmg2025hzjn is smaller than triggerMinMagnitude: no automatic simulation
2025/04/24 19:07:43.431820 [Incident:Info:toast@toast-new:Origin updated] Origin updated: OT: 2025-04-24 11:57:11,  Lat/Lon: 48.7072°/157.558°, Depth: 10
2025/04/24 19:07:43.431916 [Simulation:Info:toast@toast-new:Simulation not generated] Magnitude 5.05 of event bmg2025hzjn is smaller than triggerMinMagnitude: no automatic simulation
2025/04/24 19:07:53.981539 [Incident:Info:toast@toast-new:Origin updated] Origin updated: OT: 2025-04-24 11:57:11,  Lat/Lon: 48.7079°/157.567°, Depth: 10
2025/04/24 19:07:53.981735 [Incident:Info:toast@toast-new:Magnitude updated] Magnitude updated: 5.04 (M)
2025/04/24 19:07:53.981794 [Simulation:Info:toast@toast-new:Simulation not generated] Magnitude 5.04 of event bmg2025hzjn is smaller than triggerMinMagnitude: no automatic simulation
2025/04/24 19:07:59.807965 [Incident:Info:toast@toast-new:Origin updated] Origin updated: OT: 2025-04-24 11:57:11,  Lat/Lon: 48.7079°/157.567°, Depth: 10
2025/04/24 19:07:59.808152 [Incident:Info:toast@toast-new:Magnitude updated] Magnitude updated: 5.08 (M)
2025/04/24 19:07:59.808210 [Simulation:Info:toast@toast-new:Simulation not generated] Magnitude 5.08 of event bmg2025hzjn is smaller than triggerMinMagnitude: no automatic simulation
2025/04/24 19:08:04.808647 [Incident:Info:toast@toast-new:Origin updated] Origin updated: OT: 2025-04-24 11:57:11,  Lat/Lon: 48.7079°/157.567°, Depth: 10
2025/04/24 19:08:04.808821 [Incident:Info:toast@toast-new:Magnitude updated] Magnitude updated: 5.12 (M)
2025/04/24 19:08:04.808849 [Simulation:Info:toast@toast-new:Simulation not generated] Magnitude 5.12 of event bmg2025hzjn is smaller than triggerMinMagnitude: no automatic simulation
2025/04/24 19:08:07.422436 [Incident:Info:toast@toast-new:Origin updated] Origin updated: OT: 2025-04-24 11:57:11,  Lat/Lon: 48.6976°/157.568°, Depth: 10
2025/04/24 19:08:07.422609 [Incident:Info:toast@toast-new:Magnitude updated] Magnitude updated: 5.18 (M)
2025/04/24 19:08:07.422654 [Simulation:Info:toast@toast-new:Simulation not generated] Magnitude 5.18 of event bmg2025hzjn is smaller than triggerMinMagnitude: no automatic simulation
2025/04/24 19:08:14.820810 [Incident:Info:toast@toast-new:Origin updated] Origin updated: OT: 2025-04-24 11:57:11,  Lat/Lon: 48.6976°/157.568°, Depth: 10
2025/04/24 19:08:14.820994 [Incident:Info:toast@toast-new:Magnitude updated] Magnitude updated: 5.21 (M)
2025/04/24 19:08:14.821024 [Simulation:Info:toast@toast-new:Simulation not generated] Magnitude 5.21 of event bmg2025hzjn is smaller than triggerMinMagnitude: no automatic simulation
2025/04/24 19:08:19.821723 [Incident:Info:toast@toast-new:Origin updated] Origin updated: OT: 2025-04-24 11:57:11,  Lat/Lon: 48.6976°/157.568°, Depth: 10
2025/04/24 19:08:19.821890 [Incident:Info:toast@toast-new:Magnitude updated] Magnitude updated: 5.22 (M)
2025/04/24 19:08:19.821919 [Simulation:Info:toast@toast-new:Simulation not generated] Magnitude 5.22 of event bmg2025hzjn is smaller than triggerMinMagnitude: no automatic simulation
2025/04/24 19:08:22.483021 [Incident:Info:toast@toast-new:Origin updated] Origin updated: OT: 2025-04-24 11:57:11,  Lat/Lon: 48.6903°/157.578°, Depth: 10
2025/04/24 19:08:22.483206 [Incident:Info:toast@toast-new:Magnitude updated] Magnitude updated: 5.16 (M)
2025/04/24 19:08:22.483235 [Simulation:Info:toast@toast-new:Simulation not generated] Magnitude 5.16 of event bmg2025hzjn is smaller than triggerMinMagnitude: no automatic simulation
2025/04/24 19:08:24.811916 [Incident:Info:toast@toast-new:Origin updated] Origin updated: OT: 2025-04-24 11:57:11,  Lat/Lon: 48.6903°/157.578°, Depth: 10
2025/04/24 19:08:24.812100 [Incident:Info:toast@toast-new:Magnitude updated] Magnitude updated: 5.19 (M)
2025/04/24 19:08:24.812129 [Simulation:Info:toast@toast-new:Simulation not generated] Magnitude 5.19 of event bmg2025hzjn is smaller than triggerMinMagnitude: no automatic simulation
2025/04/24 19:08:34.821167 [Incident:Info:toast@toast-new:Origin updated] Origin updated: OT: 2025-04-24 11:57:11,  Lat/Lon: 48.6903°/157.578°, Depth: 10
2025/04/24 19:08:34.821353 [Incident:Info:toast@toast-new:Magnitude updated] Magnitude updated: 5.25 (M)
2025/04/24 19:08:34.821402 [Simulation:Info:toast@toast-new:Simulation not generated] Magnitude 5.25 of event bmg2025hzjn is smaller than triggerMinMagnitude: no automatic simulation
2025/04/24 19:08:39.816605 [Incident:Info:toast@toast-new:Origin updated] Origin updated: OT: 2025-04-24 11:57:11,  Lat/Lon: 48.6903°/157.578°, Depth: 10
2025/04/24 19:08:39.816762 [Incident:Info:toast@toast-new:Magnitude updated] Magnitude updated: 5.34 (M)
2025/04/24 19:08:39.816791 [Simulation:Info:toast@toast-new:Simulation not generated] Magnitude 5.34 of event bmg2025hzjn is smaller than triggerMinMagnitude: no automatic simulation
2025/04/24 19:08:42.503582 [Incident:Info:toast@toast-new:Origin updated] Origin updated: OT: 2025-04-24 11:57:11,  Lat/Lon: 48.6499°/157.655°, Depth: 10
2025/04/24 19:08:42.503769 [Incident:Info:toast@toast-new:Magnitude updated] Magnitude updated: 5.40 (M)
2025/04/24 19:08:42.503816 [Simulation:Info:toast@toast-new:Simulation not generated] Magnitude 5.40 of event bmg2025hzjn is smaller than triggerMinMagnitude: no automatic simulation
2025/04/24 19:08:49.822577 [Incident:Info:toast@toast-new:Origin updated] Origin updated: OT: 2025-04-24 11:57:11,  Lat/Lon: 48.6499°/157.655°, Depth: 10
2025/04/24 19:08:49.822768 [Incident:Info:toast@toast-new:Magnitude updated] Magnitude updated: 5.46 (M)
2025/04/24 19:08:49.822828 [Simulation:Info:toast@toast-new:Simulation not generated] Magnitude 5.46 of event bmg2025hzjn is smaller than triggerMinMagnitude: no automatic simulation
2025/04/24 19:08:54.808186 [Incident:Info:toast@toast-new:Origin updated] Origin updated: OT: 2025-04-24 11:57:11,  Lat/Lon: 48.6499°/157.655°, Depth: 10
2025/04/24 19:08:54.808397 [Incident:Info:toast@toast-new:Magnitude updated] Magnitude updated: 5.44 (M)
2025/04/24 19:08:54.808471 [Simulation:Info:toast@toast-new:Simulation not generated] Magnitude 5.44 of event bmg2025hzjn is smaller than triggerMinMagnitude: no automatic simulation
2025/04/24 19:09:09.207299 [Incident:Info:toast@toast-new:Origin updated] Origin updated: OT: 2025-04-24 11:57:11,  Lat/Lon: 48.6674°/157.572°, Depth: 10
2025/04/24 19:09:09.207504 [Incident:Info:toast@toast-new:Magnitude updated] Magnitude updated: 5.47 (M)
2025/04/24 19:09:09.207565 [Simulation:Info:toast@toast-new:Simulation not generated] Magnitude 5.47 of event bmg2025hzjn is smaller than triggerMinMagnitude: no automatic simulation
2025/04/24 19:09:24.808828 [Incident:Info:toast@toast-new:Origin updated] Origin updated: OT: 2025-04-24 11:57:11,  Lat/Lon: 48.6674°/157.572°, Depth: 10
2025/04/24 19:09:24.809002 [Incident:Info:toast@toast-new:Magnitude updated] Magnitude updated: 5.51 (M)
2025/04/24 19:09:24.809032 [Simulation:Info:toast@toast-new:Simulation not generated] Magnitude 5.51 of event bmg2025hzjn is smaller than triggerMinMagnitude: no automatic simulation
2025/04/24 19:09:29.808448 [Incident:Info:toast@toast-new:Origin updated] Origin updated: OT: 2025-04-24 11:57:11,  Lat/Lon: 48.6674°/157.572°, Depth: 10
2025/04/24 19:09:29.808618 [Incident:Info:toast@toast-new:Magnitude updated] Magnitude updated: 5.52 (M)
2025/04/24 19:09:29.808647 [Simulation:Info:toast@toast-new:Simulation not generated] Magnitude 5.52 of event bmg2025hzjn is smaller than triggerMinMagnitude: no automatic simulation
2025/04/24 19:09:44.182965 [Incident:Info:toast@toast-new:Origin updated] Origin updated: OT: 2025-04-24 11:57:11,  Lat/Lon: 48.6613°/157.587°, Depth: 10
2025/04/24 19:09:44.183158 [Incident:Info:toast@toast-new:Magnitude updated] Magnitude updated: 5.52 (M)
2025/04/24 19:09:44.183210 [Simulation:Info:toast@toast-new:Simulation not generated] Magnitude 5.52 of event bmg2025hzjn is smaller than triggerMinMagnitude: no automatic simulation
2025/04/24 19:10:24.195033 [Incident:Info:toast@toast-new:Origin updated] Origin updated: OT: 2025-04-24 11:57:11,  Lat/Lon: 48.6625°/157.584°, Depth: 10
2025/04/24 19:10:24.195194 [Incident:Info:toast@toast-new:Magnitude updated] Magnitude updated: 5.52 (M)
2025/04/24 19:10:24.195221 [Simulation:Info:toast@toast-new:Simulation not generated] Magnitude 5.52 of event bmg2025hzjn is smaller than triggerMinMagnitude: no automatic simulation
2025/04/24 19:11:04.236205 [Incident:Info:toast@toast-new:Origin updated] Origin updated: OT: 2025-04-24 11:57:11,  Lat/Lon: 48.662°/157.585°, Depth: 10
2025/04/24 19:11:04.236411 [Incident:Info:toast@toast-new:Magnitude updated] Magnitude updated: 5.52 (M)
2025/04/24 19:11:04.236453 [Simulation:Info:toast@toast-new:Simulation not generated] Magnitude 5.52 of event bmg2025hzjn is smaller than triggerMinMagnitude: no automatic simulation
2025/04/24 19:15:05.772927 [Incident:Info:toast@toast-new:Origin updated] Origin updated: OT: 2025-04-24 11:57:11,  Lat/Lon: 48.6637°/157.583°, Depth: 10
2025/04/24 19:15:05.773113 [Incident:Info:toast@toast-new:Magnitude updated] Magnitude updated: 5.52 (M)
2025/04/24 19:15:05.773154 [Simulation:Info:toast@toast-new:Simulation not generated] Magnitude 5.52 of event bmg2025hzjn is smaller than triggerMinMagnitude: no automatic simulation
2025/04/24 19:17:51.154688 [Incident:Info:toast@toast-new:Origin updated] Origin updated: OT: 2025-04-24 11:57:11,  Lat/Lon: 48.6637°/157.583°, Depth: 10
2025/04/24 19:17:51.154891 [Simulation:Info:toast@toast-new:Simulation not generated] Magnitude 5.52 of event bmg2025hzjn is smaller than triggerMinMagnitude: no automatic simulation
2025/04/24 20:08:43.400199 [Incident:Info:toast@toast-new:Origin updated] Origin updated: OT: 2025-04-24 11:57:11,  Lat/Lon: 48.6637°/157.583°, Depth: 10
2025/04/24 20:08:43.400433 [Incident:Info:toast@toast-new:Magnitude updated] Magnitude updated: 5.33 (mb)
2025/04/24 20:08:43.400509 [Simulation:Info:toast@toast-new:Simulation not generated] Magnitude 5.33 of event bmg2025hzjn is smaller than triggerMinMagnitude: no automatic simulation
2025/04/24 20:08:43.462930 [Incident:Info:toast@toast-new:Origin updated] Origin updated: OT: 2025-04-24 11:57:11,  Lat/Lon: 48.6637°/157.583°, Depth: 10
2025/04/24 20:08:43.463101 [Incident:Info:toast@toast-new:Magnitude updated] Magnitude updated: 5.52 (M)
2025/04/24 20:08:43.463168 [Simulation:Info:toast@toast-new:Simulation not generated] Magnitude 5.52 of event bmg2025hzjn is smaller than triggerMinMagnitude: no automatic simulation
2025/04/24 20:09:24.356624 [Incident:Info:toast@toast-new:Origin updated] Origin updated: OT: 2025-04-24 11:57:11,  Lat/Lon: 48.664°/157.583°, Depth: 10
2025/04/24 20:09:24.356864 [Incident:Info:toast@toast-new:Magnitude updated] Magnitude updated: 5.33 (mb)
2025/04/24 20:09:24.356949 [Simulation:Info:toast@toast-new:Simulation not generated] Magnitude 5.33 of event bmg2025hzjn is smaller than triggerMinMagnitude: no automatic simulation
2025/04/24 20:09:24.382114 [Incident:Info:toast@toast-new:Origin updated] Origin updated: OT: 2025-04-24 11:57:11,  Lat/Lon: 48.664°/157.583°, Depth: 10
2025/04/24 20:09:24.382254 [Incident:Info:toast@toast-new:Magnitude updated] Magnitude updated: 5.52 (M)
2025/04/24 20:09:24.382305 [Simulation:Info:toast@toast-new:Simulation not generated] Magnitude 5.52 of event bmg2025hzjn is smaller than triggerMinMagnitude: no automatic simulation
2025/04/25 00:43:40.367698 [Incident:Info:toast@toast-new:Origin updated] Origin updated: OT: 2025-04-24 11:57:10,  Lat/Lon: 48.6813°/157.527°, Depth: 5
2025/04/25 00:43:40.367895 [Incident:Info:toast@toast-new:Magnitude updated] Magnitude updated: 5.02 (mb)
2025/04/25 00:43:40.367941 [Simulation:Info:toast@toast-new:Simulation not generated] Magnitude 5.02 of event bmg2025hzjn is smaller than triggerMinMagnitude: no automatic simulation
2025/04/25 00:43:40.430619 [Incident:Info:toast@toast-new:Origin updated] Origin updated: OT: 2025-04-24 11:57:10,  Lat/Lon: 48.6813°/157.527°, Depth: 5
2025/04/25 00:43:40.430738 [Incident:Info:toast@toast-new:Magnitude updated] Magnitude updated: 5.48 (M)
2025/04/25 00:43:40.430768 [Simulation:Info:toast@toast-new:Simulation not generated] Magnitude 5.48 of event bmg2025hzjn is smaller than triggerMinMagnitude: no automatic simulation
2025/04/25 00:43:49.242815 [Incident:Info:toast@toast-new:Origin updated] Origin updated: OT: 2025-04-24 11:57:10,  Lat/Lon: 48.6813°/157.527°, Depth: 5
2025/04/25 00:43:49.242999 [Simulation:Info:toast@toast-new:Simulation not generated] Magnitude 5.48 of event bmg2025hzjn is smaller than triggerMinMagnitude: no automatic simulation
2025/04/25 00:43:49.258663 [Incident:Info:toast@toast-new:Origin updated] Origin updated: OT: 2025-04-24 11:57:10,  Lat/Lon: 48.6813°/157.527°, Depth: 5
2025/04/25 00:43:49.258770 [Incident:Info:toast@toast-new:Magnitude updated] Magnitude updated: 5.02 (mb)
2025/04/25 00:43:49.258813 [Simulation:Info:toast@toast-new:Simulation not generated] Magnitude 5.02 of event bmg2025hzjn is smaller than triggerMinMagnitude: no automatic simulation
