2025/06/19 06:17:09.242771 [Incident:Info:toast@toast-new:Displacement(s) updated] Added 0 and changed 0 displacements with 0 amplitudes
2025/06/19 06:17:09.261671 [Incident:Info:toast@toast-new:Incident created] Incident created based on event received from messaging: OT: 2025-06-18 23:08:17,  Lat/Lon: 41.66°/145.63°, Depth: 10.00, Mag: 5.91 (M)
2025/06/19 06:17:09.262162 [Simulation:Info:toast@toast-new:Simulation not generated] Magnitude 5.91 of event bmg2025lwsi is smaller than triggerMinMagnitude: no automatic simulation
2025/06/19 06:17:09.275430 [Incident:Info:toast@toast-new:Origin updated] Origin updated: OT: 2025-06-18 23:08:17,  Lat/Lon: 41.6561°/145.632°, Depth: 10
2025/06/19 06:17:09.275533 [Simulation:Info:toast@toast-new:Simulation not generated] Magnitude 5.91 of event bmg2025lwsi is smaller than triggerMinMagnitude: no automatic simulation
2025/06/19 06:17:14.123530 [Incident:Info:toast@toast-new:Origin updated] Origin updated: OT: 2025-06-18 23:08:17,  Lat/Lon: 41.6561°/145.632°, Depth: 10
2025/06/19 06:17:14.123712 [Incident:Info:toast@toast-new:Magnitude updated] Magnitude updated: 5.89 (M)
2025/06/19 06:17:14.123757 [Simulation:Info:toast@toast-new:Simulation not generated] Magnitude 5.89 of event bmg2025lwsi is smaller than triggerMinMagnitude: no automatic simulation
2025/06/19 06:17:19.224599 [Incident:Info:toast@toast-new:Origin updated] Origin updated: OT: 2025-06-18 23:08:17,  Lat/Lon: 41.6561°/145.632°, Depth: 10
2025/06/19 06:17:19.224783 [Incident:Info:toast@toast-new:Magnitude updated] Magnitude updated: 5.92 (M)
2025/06/19 06:17:19.224825 [Simulation:Info:toast@toast-new:Simulation not generated] Magnitude 5.92 of event bmg2025lwsi is smaller than triggerMinMagnitude: no automatic simulation
2025/06/19 06:17:19.245392 [Incident:Info:toast@toast-new:Origin updated] Origin updated: OT: 2025-06-18 23:08:05,  Lat/Lon: 43.0404°/146.426°, Depth: 10
2025/06/19 06:17:19.245519 [Incident:Info:toast@toast-new:Magnitude updated] Magnitude updated: 5.89 (M)
2025/06/19 06:17:19.245546 [Simulation:Info:toast@toast-new:Simulation not generated] Magnitude 5.89 of event bmg2025lwsi is smaller than triggerMinMagnitude: no automatic simulation
2025/06/19 06:17:24.162175 [Incident:Info:toast@toast-new:Origin updated] Origin updated: OT: 2025-06-18 23:08:05,  Lat/Lon: 43.0404°/146.426°, Depth: 10
2025/06/19 06:17:24.162344 [Incident:Info:toast@toast-new:Magnitude updated] Magnitude updated: 5.88 (M)
2025/06/19 06:17:24.162385 [Simulation:Info:toast@toast-new:Simulation not generated] Magnitude 5.88 of event bmg2025lwsi is smaller than triggerMinMagnitude: no automatic simulation
2025/06/19 06:17:27.645492 [Simulation:Info:toast@toast-new:Simulation(s) triggered] Automatic simulation(s) triggered manually
2025/06/19 06:17:27.645606 [Simulation:Info:toast@toast-new:Event outside source region] Simulation setup: Event outside configured source regions.
2025/06/19 06:17:27.646212 [Simulation:Info:toast@toast-new:Simulation(s) started] No nodal plane available. Starting Simulation(s) with fault plane, Lat/Lon: 43.04°/ 146.43° (MT), Depth: 10.00km (MT), Mag: 5.88 (MT)
2025/06/19 06:17:27.648331 [Simulation:Warning:toast@toast-new:Simulation] EasyWave2: Failed to find preferred grid file []. Grid [pacific_ptwc] is used instead.
2025/06/19 06:17:27.649067 [Simulation:Info:toast@toast-new:Simulation running] TsunAWI: Looking for matching scenarios
2025/06/19 06:17:27.653271 [Simulation:Info:toast@toast-new:Simulation finished] TsunAWI: No matching scenarios
2025/06/19 06:17:27.653520 [Simulation:Info:toast@toast-new:No simulation returned] TsunAWI simulation backend returned no simulation.
2025/06/19 06:17:27.719264 [Simulation:Info:toast@toast-new:Simulation tracked] Tracking progress of EasyWave2 simulation 58042044N146148Ec16eed87f13195296c7af732a76db0d8cccf484d
2025/06/19 06:17:27.723561 [Simulation:Info:toast@toast-new:Simulation tracked] Tracking progress of EasyWave2 simulation 58042044N146148E235d4529a09b8c9b48aa656ccdafe1a664407691
2025/06/19 06:17:29.166784 [Incident:Info:toast@toast-new:Origin updated] Origin updated: OT: 2025-06-18 23:08:05,  Lat/Lon: 43.0404°/146.426°, Depth: 10
2025/06/19 06:17:29.166975 [Incident:Info:toast@toast-new:Magnitude updated] Magnitude updated: 5.91 (Mw(mB))
2025/06/19 06:17:29.167021 [Simulation:Info:toast@toast-new:Simulation not generated] Magnitude 5.91 of event bmg2025lwsi is smaller than triggerMinMagnitude: no automatic simulation
2025/06/19 06:17:29.184039 [Incident:Info:toast@toast-new:Origin updated] Origin updated: OT: 2025-06-18 23:08:05,  Lat/Lon: 43.0404°/146.426°, Depth: 10
2025/06/19 06:17:29.184168 [Simulation:Info:toast@toast-new:Simulation not generated] Magnitude 5.91 of event bmg2025lwsi is smaller than triggerMinMagnitude: no automatic simulation
2025/06/19 06:17:34.149826 [Incident:Info:toast@toast-new:Origin updated] Origin updated: OT: 2025-06-18 23:08:05,  Lat/Lon: 43.0404°/146.426°, Depth: 10
2025/06/19 06:17:34.149992 [Incident:Info:toast@toast-new:Magnitude updated] Magnitude updated: 5.93 (Mw(mB))
2025/06/19 06:17:34.150034 [Simulation:Info:toast@toast-new:Simulation not generated] Magnitude 5.93 of event bmg2025lwsi is smaller than triggerMinMagnitude: no automatic simulation
2025/06/19 06:17:39.175242 [Incident:Info:toast@toast-new:Origin updated] Origin updated: OT: 2025-06-18 23:08:05,  Lat/Lon: 43.0404°/146.426°, Depth: 10
2025/06/19 06:17:39.175437 [Incident:Info:toast@toast-new:Magnitude updated] Magnitude updated: 5.92 (Mw(mB))
2025/06/19 06:17:39.175493 [Simulation:Info:toast@toast-new:Simulation not generated] Magnitude 5.92 of event bmg2025lwsi is smaller than triggerMinMagnitude: no automatic simulation
2025/06/19 06:17:42.584692 [Incident:Info:toast@toast-new:Origin updated] Origin updated: OT: 2025-06-18 23:08:05,  Lat/Lon: 43.0404°/146.426°, Depth: 10
2025/06/19 06:17:42.584872 [Incident:Info:toast@toast-new:Magnitude updated] Magnitude updated: 5.98 (Mw(mB))
2025/06/19 06:17:42.584928 [Simulation:Info:toast@toast-new:Simulation not generated] Magnitude 5.98 of event bmg2025lwsi is smaller than triggerMinMagnitude: no automatic simulation
2025/06/19 06:17:42.608548 [Incident:Info:toast@toast-new:Origin updated] Origin updated: OT: 2025-06-18 23:08:05,  Lat/Lon: 43.0329°/146.398°, Depth: 10
2025/06/19 06:17:42.608707 [Incident:Info:toast@toast-new:Magnitude updated] Magnitude updated: 5.97 (Mw(mB))
2025/06/19 06:17:42.608745 [Simulation:Info:toast@toast-new:Simulation not generated] Magnitude 5.97 of event bmg2025lwsi is smaller than triggerMinMagnitude: no automatic simulation
2025/06/19 06:17:42.661413 [Simulation:Info:toast@toast-new:Simulation finished] Finished EasyWave2 simulation 58042044N146148Ec16eed87f13195296c7af732a76db0d8cccf484d in 14 seconds
2025/06/19 06:17:49.211706 [Incident:Info:toast@toast-new:Origin updated] Origin updated: OT: 2025-06-18 23:08:05,  Lat/Lon: 43.0329°/146.398°, Depth: 10
2025/06/19 06:17:49.211889 [Incident:Info:toast@toast-new:Magnitude updated] Magnitude updated: 6.01 (Mw(mB))
2025/06/19 06:17:49.211929 [Simulation:Info:toast@toast-new:Simulation not generated] Magnitude 6.01 of event bmg2025lwsi is smaller than triggerMinMagnitude: no automatic simulation
2025/06/19 06:17:54.205950 [Incident:Info:toast@toast-new:Origin updated] Origin updated: OT: 2025-06-18 23:08:05,  Lat/Lon: 43.0329°/146.398°, Depth: 10
2025/06/19 06:17:54.206118 [Incident:Info:toast@toast-new:Magnitude updated] Magnitude updated: 6.03 (Mw(mB))
2025/06/19 06:17:54.206159 [Simulation:Info:toast@toast-new:Simulation not generated] Magnitude 6.03 of event bmg2025lwsi is smaller than triggerMinMagnitude: no automatic simulation
2025/06/19 06:17:59.227462 [Incident:Info:toast@toast-new:Origin updated] Origin updated: OT: 2025-06-18 23:08:05,  Lat/Lon: 43.0329°/146.398°, Depth: 10
2025/06/19 06:17:59.227634 [Incident:Info:toast@toast-new:Magnitude updated] Magnitude updated: 6.02 (Mw(mB))
2025/06/19 06:17:59.227675 [Simulation:Info:toast@toast-new:Simulation not generated] Magnitude 6.02 of event bmg2025lwsi is smaller than triggerMinMagnitude: no automatic simulation
2025/06/19 06:18:00.468249 [Incident:Info:toast@toast-new:Origin updated] Origin updated: OT: 2025-06-18 23:08:05,  Lat/Lon: 43.0329°/146.398°, Depth: 10
2025/06/19 06:18:00.468491 [Incident:Info:toast@toast-new:Magnitude updated] Magnitude updated: 6.02 (Mw(mB))
2025/06/19 06:18:00.468547 [Simulation:Info:toast@toast-new:Simulation not generated] Magnitude 6.02 of event bmg2025lwsi is smaller than triggerMinMagnitude: no automatic simulation
2025/06/19 06:18:00.496042 [Incident:Info:toast@toast-new:Origin updated] Origin updated: OT: 2025-06-18 23:08:05,  Lat/Lon: 43.0205°/146.442°, Depth: 10
2025/06/19 06:18:00.496177 [Incident:Info:toast@toast-new:Magnitude updated] Magnitude updated: 6.02 (Mw(mB))
2025/06/19 06:18:00.496216 [Simulation:Info:toast@toast-new:Simulation not generated] Magnitude 6.02 of event bmg2025lwsi is smaller than triggerMinMagnitude: no automatic simulation
2025/06/19 06:18:04.266600 [Incident:Info:toast@toast-new:Origin updated] Origin updated: OT: 2025-06-18 23:08:05,  Lat/Lon: 43.0205°/146.442°, Depth: 10
2025/06/19 06:18:04.266817 [Incident:Info:toast@toast-new:Magnitude updated] Magnitude updated: 6.00 (Mw(mB))
2025/06/19 06:18:04.266869 [Simulation:Info:toast@toast-new:Simulation not generated] Magnitude 6.00 of event bmg2025lwsi is smaller than triggerMinMagnitude: no automatic simulation
2025/06/19 06:18:04.567601 [Simulation:Info:toast@toast-new:Simulation finished] Finished EasyWave2 simulation 58042044N146148E235d4529a09b8c9b48aa656ccdafe1a664407691 in 36 seconds
2025/06/19 06:18:05.118185 [Incident:Info:toast@toast-new:Origin updated] Origin updated: OT: 2025-06-18 23:08:05,  Lat/Lon: 43.0205°/146.442°, Depth: 10
2025/06/19 06:18:05.118367 [Incident:Info:toast@toast-new:Magnitude updated] Magnitude updated: 5.90 (M)
2025/06/19 06:18:05.118419 [Simulation:Info:toast@toast-new:Simulation not generated] Magnitude 5.90 of event bmg2025lwsi is smaller than triggerMinMagnitude: no automatic simulation
2025/06/19 06:18:09.260017 [Incident:Info:toast@toast-new:Origin updated] Origin updated: OT: 2025-06-18 23:08:05,  Lat/Lon: 43.0205°/146.442°, Depth: 10
2025/06/19 06:18:09.260243 [Incident:Info:toast@toast-new:Magnitude updated] Magnitude updated: 5.88 (M)
2025/06/19 06:18:09.260293 [Simulation:Info:toast@toast-new:Simulation not generated] Magnitude 5.88 of event bmg2025lwsi is smaller than triggerMinMagnitude: no automatic simulation
2025/06/19 06:18:14.259990 [Incident:Info:toast@toast-new:Origin updated] Origin updated: OT: 2025-06-18 23:08:05,  Lat/Lon: 43.0205°/146.442°, Depth: 10
2025/06/19 06:18:14.260219 [Incident:Info:toast@toast-new:Magnitude updated] Magnitude updated: 5.89 (M)
2025/06/19 06:18:14.260270 [Simulation:Info:toast@toast-new:Simulation not generated] Magnitude 5.89 of event bmg2025lwsi is smaller than triggerMinMagnitude: no automatic simulation
2025/06/19 06:18:19.222495 [Incident:Info:toast@toast-new:Origin updated] Origin updated: OT: 2025-06-18 23:08:05,  Lat/Lon: 43.0205°/146.442°, Depth: 10
2025/06/19 06:18:19.222740 [Incident:Info:toast@toast-new:Magnitude updated] Magnitude updated: 5.90 (M)
2025/06/19 06:18:19.222794 [Simulation:Info:toast@toast-new:Simulation not generated] Magnitude 5.90 of event bmg2025lwsi is smaller than triggerMinMagnitude: no automatic simulation
2025/06/19 06:18:23.578153 [Incident:Info:toast@toast-new:Origin updated] Origin updated: OT: 2025-06-18 23:08:05,  Lat/Lon: 42.9873°/146.419°, Depth: 10
2025/06/19 06:18:23.578405 [Incident:Info:toast@toast-new:Magnitude updated] Magnitude updated: 5.88 (M)
2025/06/19 06:18:23.578457 [Simulation:Info:toast@toast-new:Simulation not generated] Magnitude 5.88 of event bmg2025lwsi is smaller than triggerMinMagnitude: no automatic simulation
2025/06/19 06:18:29.194096 [Incident:Info:toast@toast-new:Origin updated] Origin updated: OT: 2025-06-18 23:08:05,  Lat/Lon: 42.9873°/146.419°, Depth: 10
2025/06/19 06:18:29.194292 [Incident:Info:toast@toast-new:Magnitude updated] Magnitude updated: 5.88 (M)
2025/06/19 06:18:29.194346 [Simulation:Info:toast@toast-new:Simulation not generated] Magnitude 5.88 of event bmg2025lwsi is smaller than triggerMinMagnitude: no automatic simulation
2025/06/19 06:18:34.189714 [Incident:Info:toast@toast-new:Origin updated] Origin updated: OT: 2025-06-18 23:08:05,  Lat/Lon: 42.9873°/146.419°, Depth: 10
2025/06/19 06:18:34.189954 [Incident:Info:toast@toast-new:Magnitude updated] Magnitude updated: 5.86 (M)
2025/06/19 06:18:34.190005 [Simulation:Info:toast@toast-new:Simulation not generated] Magnitude 5.86 of event bmg2025lwsi is smaller than triggerMinMagnitude: no automatic simulation
2025/06/19 06:18:36.261790 [Incident:Info:toast@toast-new:Origin updated] Origin updated: OT: 2025-06-18 23:08:05,  Lat/Lon: 42.9679°/146.463°, Depth: 10
2025/06/19 06:18:36.262050 [Incident:Info:toast@toast-new:Magnitude updated] Magnitude updated: 5.87 (M)
2025/06/19 06:18:36.262106 [Simulation:Info:toast@toast-new:Simulation not generated] Magnitude 5.87 of event bmg2025lwsi is smaller than triggerMinMagnitude: no automatic simulation
2025/06/19 06:18:37.629269 [Incident:Info:toast@toast-new:Origin updated] Origin updated: OT: 2025-06-18 23:08:05,  Lat/Lon: 42.9873°/146.419°, Depth: 10
2025/06/19 06:18:37.629481 [Incident:Info:toast@toast-new:Magnitude updated] Magnitude updated: 5.87 (M)
2025/06/19 06:18:37.629528 [Simulation:Info:toast@toast-new:Simulation not generated] Magnitude 5.87 of event bmg2025lwsi is smaller than triggerMinMagnitude: no automatic simulation
2025/06/19 06:18:39.295982 [Incident:Info:toast@toast-new:Origin updated] Origin updated: OT: 2025-06-18 23:08:05,  Lat/Lon: 42.9873°/146.419°, Depth: 10
2025/06/19 06:18:39.297064 [Incident:Info:toast@toast-new:Magnitude updated] Magnitude updated: 5.87 (M)
2025/06/19 06:18:39.297134 [Simulation:Info:toast@toast-new:Simulation not generated] Magnitude 5.87 of event bmg2025lwsi is smaller than triggerMinMagnitude: no automatic simulation
2025/06/19 06:18:40.374512 [Incident:Info:toast@toast-new:Origin updated] Origin updated: OT: 2025-06-18 23:08:05,  Lat/Lon: 42.9679°/146.463°, Depth: 10
2025/06/19 06:18:40.374778 [Incident:Info:toast@toast-new:Magnitude updated] Magnitude updated: 5.87 (M)
2025/06/19 06:18:40.374838 [Simulation:Info:toast@toast-new:Simulation not generated] Magnitude 5.87 of event bmg2025lwsi is smaller than triggerMinMagnitude: no automatic simulation
2025/06/19 06:18:44.272216 [Incident:Info:toast@toast-new:Origin updated] Origin updated: OT: 2025-06-18 23:08:05,  Lat/Lon: 42.9679°/146.463°, Depth: 10
2025/06/19 06:18:44.272457 [Incident:Info:toast@toast-new:Magnitude updated] Magnitude updated: 5.87 (M)
2025/06/19 06:18:44.272503 [Simulation:Info:toast@toast-new:Simulation not generated] Magnitude 5.87 of event bmg2025lwsi is smaller than triggerMinMagnitude: no automatic simulation
2025/06/19 06:18:45.646839 [Incident:Info:toast@toast-new:Origin updated] Origin updated: OT: 2025-06-18 23:08:05,  Lat/Lon: 42.947°/146.509°, Depth: 10
2025/06/19 06:18:45.647092 [Incident:Info:toast@toast-new:Magnitude updated] Magnitude updated: 5.87 (M)
2025/06/19 06:18:45.647149 [Simulation:Info:toast@toast-new:Simulation not generated] Magnitude 5.87 of event bmg2025lwsi is smaller than triggerMinMagnitude: no automatic simulation
2025/06/19 06:18:47.295246 [Incident:Info:toast@toast-new:Origin updated] Origin updated: OT: 2025-06-18 23:08:05,  Lat/Lon: 42.947°/146.509°, Depth: 10
2025/06/19 06:18:47.295485 [Incident:Info:toast@toast-new:Magnitude updated] Magnitude updated: 5.87 (M)
2025/06/19 06:18:47.295542 [Simulation:Info:toast@toast-new:Simulation not generated] Magnitude 5.87 of event bmg2025lwsi is smaller than triggerMinMagnitude: no automatic simulation
2025/06/19 06:18:49.314554 [Incident:Info:toast@toast-new:Origin updated] Origin updated: OT: 2025-06-18 23:08:05,  Lat/Lon: 42.947°/146.509°, Depth: 10
2025/06/19 06:18:49.314771 [Incident:Info:toast@toast-new:Magnitude updated] Magnitude updated: 5.87 (M)
2025/06/19 06:18:49.314818 [Simulation:Info:toast@toast-new:Simulation not generated] Magnitude 5.87 of event bmg2025lwsi is smaller than triggerMinMagnitude: no automatic simulation
2025/06/19 06:18:54.464492 [Incident:Info:toast@toast-new:Origin updated] Origin updated: OT: 2025-06-18 23:08:05,  Lat/Lon: 42.947°/146.509°, Depth: 10
2025/06/19 06:18:54.464757 [Incident:Info:toast@toast-new:Magnitude updated] Magnitude updated: 5.87 (M)
2025/06/19 06:18:54.464810 [Simulation:Info:toast@toast-new:Simulation not generated] Magnitude 5.87 of event bmg2025lwsi is smaller than triggerMinMagnitude: no automatic simulation
2025/06/19 06:18:56.387179 [Incident:Info:toast@toast-new:Origin updated] Origin updated: OT: 2025-06-18 23:08:05,  Lat/Lon: 42.947°/146.509°, Depth: 10
2025/06/19 06:18:56.387417 [Incident:Info:toast@toast-new:Magnitude updated] Magnitude updated: 5.86 (M)
2025/06/19 06:18:56.387474 [Simulation:Info:toast@toast-new:Simulation not generated] Magnitude 5.86 of event bmg2025lwsi is smaller than triggerMinMagnitude: no automatic simulation
2025/06/19 06:18:59.442406 [Incident:Info:toast@toast-new:Origin updated] Origin updated: OT: 2025-06-18 23:08:05,  Lat/Lon: 42.947°/146.509°, Depth: 10
2025/06/19 06:18:59.442643 [Incident:Info:toast@toast-new:Magnitude updated] Magnitude updated: 5.86 (M)
2025/06/19 06:18:59.442692 [Simulation:Info:toast@toast-new:Simulation not generated] Magnitude 5.86 of event bmg2025lwsi is smaller than triggerMinMagnitude: no automatic simulation
2025/06/19 06:19:04.502112 [Incident:Info:toast@toast-new:Origin updated] Origin updated: OT: 2025-06-18 23:08:05,  Lat/Lon: 42.947°/146.509°, Depth: 10
2025/06/19 06:19:04.502736 [Incident:Info:toast@toast-new:Magnitude updated] Magnitude updated: 5.87 (M)
2025/06/19 06:19:04.502837 [Simulation:Info:toast@toast-new:Simulation not generated] Magnitude 5.87 of event bmg2025lwsi is smaller than triggerMinMagnitude: no automatic simulation
2025/06/19 06:19:09.562958 [Incident:Info:toast@toast-new:Origin updated] Origin updated: OT: 2025-06-18 23:08:05,  Lat/Lon: 42.947°/146.509°, Depth: 10
2025/06/19 06:19:09.599625 [Incident:Info:toast@toast-new:Magnitude updated] Magnitude updated: 5.88 (M)
2025/06/19 06:19:09.599766 [Simulation:Info:toast@toast-new:Simulation not generated] Magnitude 5.88 of event bmg2025lwsi is smaller than triggerMinMagnitude: no automatic simulation
2025/06/19 06:19:14.528635 [Incident:Info:toast@toast-new:Origin updated] Origin updated: OT: 2025-06-18 23:08:05,  Lat/Lon: 42.947°/146.509°, Depth: 10
2025/06/19 06:19:14.528880 [Incident:Info:toast@toast-new:Magnitude updated] Magnitude updated: 5.89 (M)
2025/06/19 06:19:14.528937 [Simulation:Info:toast@toast-new:Simulation not generated] Magnitude 5.89 of event bmg2025lwsi is smaller than triggerMinMagnitude: no automatic simulation
2025/06/19 06:19:19.410016 [Incident:Info:toast@toast-new:Origin updated] Origin updated: OT: 2025-06-18 23:08:05,  Lat/Lon: 42.947°/146.509°, Depth: 10
2025/06/19 06:19:19.410229 [Incident:Info:toast@toast-new:Magnitude updated] Magnitude updated: 5.88 (M)
2025/06/19 06:19:19.410274 [Simulation:Info:toast@toast-new:Simulation not generated] Magnitude 5.88 of event bmg2025lwsi is smaller than triggerMinMagnitude: no automatic simulation
2025/06/19 06:19:24.409033 [Incident:Info:toast@toast-new:Origin updated] Origin updated: OT: 2025-06-18 23:08:05,  Lat/Lon: 42.947°/146.509°, Depth: 10
2025/06/19 06:19:24.409263 [Incident:Info:toast@toast-new:Magnitude updated] Magnitude updated: 5.88 (M)
2025/06/19 06:19:24.409314 [Simulation:Info:toast@toast-new:Simulation not generated] Magnitude 5.88 of event bmg2025lwsi is smaller than triggerMinMagnitude: no automatic simulation
2025/06/19 06:19:31.767174 [Incident:Info:toast@toast-new:Origin updated] Origin updated: OT: 2025-06-18 23:08:05,  Lat/Lon: 42.9424°/146.514°, Depth: 10
2025/06/19 06:19:31.767434 [Incident:Info:toast@toast-new:Magnitude updated] Magnitude updated: 5.93 (M)
2025/06/19 06:19:31.767489 [Simulation:Info:toast@toast-new:Simulation not generated] Magnitude 5.93 of event bmg2025lwsi is smaller than triggerMinMagnitude: no automatic simulation
2025/06/19 06:19:34.293202 [Incident:Info:toast@toast-new:Origin updated] Origin updated: OT: 2025-06-18 23:08:05,  Lat/Lon: 42.9424°/146.514°, Depth: 10
2025/06/19 06:19:34.294901 [Incident:Info:toast@toast-new:Magnitude updated] Magnitude updated: 5.93 (M)
2025/06/19 06:19:34.294993 [Simulation:Info:toast@toast-new:Simulation not generated] Magnitude 5.93 of event bmg2025lwsi is smaller than triggerMinMagnitude: no automatic simulation
2025/06/19 06:19:39.290001 [Incident:Info:toast@toast-new:Origin updated] Origin updated: OT: 2025-06-18 23:08:05,  Lat/Lon: 42.9424°/146.514°, Depth: 10
2025/06/19 06:19:39.290237 [Incident:Info:toast@toast-new:Magnitude updated] Magnitude updated: 5.93 (M)
2025/06/19 06:19:39.290290 [Simulation:Info:toast@toast-new:Simulation not generated] Magnitude 5.93 of event bmg2025lwsi is smaller than triggerMinMagnitude: no automatic simulation
2025/06/19 06:19:44.283485 [Incident:Info:toast@toast-new:Origin updated] Origin updated: OT: 2025-06-18 23:08:05,  Lat/Lon: 42.9424°/146.514°, Depth: 10
2025/06/19 06:19:44.283712 [Incident:Info:toast@toast-new:Magnitude updated] Magnitude updated: 5.92 (M)
2025/06/19 06:19:44.283764 [Simulation:Info:toast@toast-new:Simulation not generated] Magnitude 5.92 of event bmg2025lwsi is smaller than triggerMinMagnitude: no automatic simulation
2025/06/19 06:19:49.272690 [Incident:Info:toast@toast-new:Origin updated] Origin updated: OT: 2025-06-18 23:08:05,  Lat/Lon: 42.9424°/146.514°, Depth: 10
2025/06/19 06:19:49.272931 [Incident:Info:toast@toast-new:Magnitude updated] Magnitude updated: 5.92 (M)
2025/06/19 06:19:49.272984 [Simulation:Info:toast@toast-new:Simulation not generated] Magnitude 5.92 of event bmg2025lwsi is smaller than triggerMinMagnitude: no automatic simulation
2025/06/19 06:19:54.208575 [Incident:Info:toast@toast-new:Origin updated] Origin updated: OT: 2025-06-18 23:08:05,  Lat/Lon: 42.9424°/146.514°, Depth: 10
2025/06/19 06:19:54.208806 [Incident:Info:toast@toast-new:Magnitude updated] Magnitude updated: 5.91 (M)
2025/06/19 06:19:54.208858 [Simulation:Info:toast@toast-new:Simulation not generated] Magnitude 5.91 of event bmg2025lwsi is smaller than triggerMinMagnitude: no automatic simulation
2025/06/19 06:20:04.161682 [Incident:Info:toast@toast-new:Origin updated] Origin updated: OT: 2025-06-18 23:08:05,  Lat/Lon: 42.9424°/146.514°, Depth: 10
2025/06/19 06:20:04.161952 [Incident:Info:toast@toast-new:Magnitude updated] Magnitude updated: 5.91 (M)
2025/06/19 06:20:04.162022 [Simulation:Info:toast@toast-new:Simulation not generated] Magnitude 5.91 of event bmg2025lwsi is smaller than triggerMinMagnitude: no automatic simulation
2025/06/19 06:20:09.161691 [Incident:Info:toast@toast-new:Origin updated] Origin updated: OT: 2025-06-18 23:08:05,  Lat/Lon: 42.9424°/146.514°, Depth: 10
2025/06/19 06:20:09.161935 [Incident:Info:toast@toast-new:Magnitude updated] Magnitude updated: 5.91 (M)
2025/06/19 06:20:09.161996 [Simulation:Info:toast@toast-new:Simulation not generated] Magnitude 5.91 of event bmg2025lwsi is smaller than triggerMinMagnitude: no automatic simulation
2025/06/19 06:27:35.707467 [Incident:Info:toast@toast-new:Origin updated] Origin updated: OT: 2025-06-18 23:08:05,  Lat/Lon: 42.9424°/146.514°, Depth: 10
2025/06/19 06:27:35.707690 [Incident:Info:toast@toast-new:FM updated] FM updated
2025/06/19 06:27:35.708114 [Simulation:Info:toast@toast-new:Simulation not generated] Magnitude 5.91 of event bmg2025lwsi is smaller than triggerMinMagnitude: no automatic simulation
2025/06/19 06:28:09.261214 [Incident:Info:toast@toast-new:Origin updated] Origin updated: OT: 2025-06-18 23:08:05,  Lat/Lon: 42.9424°/146.514°, Depth: 10
2025/06/19 06:28:09.261423 [Incident:Info:toast@toast-new:FM updated] FM updated
2025/06/19 06:28:09.261713 [Simulation:Info:toast@toast-new:Simulation not generated] Magnitude 5.91 of event bmg2025lwsi is smaller than triggerMinMagnitude: no automatic simulation
2025/06/19 06:29:36.285943 [Incident:Info:toast@toast-new:Origin updated] Origin updated: OT: 2025-06-18 23:08:05,  Lat/Lon: 42.9424°/146.514°, Depth: 10
2025/06/19 06:29:36.286156 [Incident:Info:toast@toast-new:FM updated] FM updated
2025/06/19 06:29:36.286445 [Simulation:Info:toast@toast-new:Simulation not generated] Magnitude 5.91 of event bmg2025lwsi is smaller than triggerMinMagnitude: no automatic simulation
2025/06/19 06:30:21.103069 [Incident:Info:toast@toast-new:Origin updated] Origin updated: OT: 2025-06-18 23:08:05,  Lat/Lon: 42.9424°/146.514°, Depth: 10
2025/06/19 06:30:21.103269 [Incident:Info:toast@toast-new:FM updated] FM updated
2025/06/19 06:30:21.103563 [Simulation:Info:toast@toast-new:Simulation not generated] Magnitude 5.91 of event bmg2025lwsi is smaller than triggerMinMagnitude: no automatic simulation
2025/06/19 06:30:27.290201 [Incident:Info:toast@toast-new:Origin updated] Origin updated: OT: 2025-06-18 23:08:05,  Lat/Lon: 42.9424°/146.514°, Depth: 10
2025/06/19 06:30:27.290425 [Simulation:Info:toast@toast-new:Simulation not generated] Magnitude 5.91 of event bmg2025lwsi is smaller than triggerMinMagnitude: no automatic simulation
2025/06/19 06:30:37.323779 [Incident:Info:toast@toast-new:Origin updated] Origin updated: OT: 2025-06-18 23:08:05,  Lat/Lon: 42.9424°/146.514°, Depth: 10
2025/06/19 06:30:37.323984 [Simulation:Info:toast@toast-new:Simulation not generated] Magnitude 5.91 of event bmg2025lwsi is smaller than triggerMinMagnitude: no automatic simulation
2025/06/19 06:30:46.079052 [Incident:Info:toast@toast-new:Origin updated] Origin updated: OT: 2025-06-18 23:08:05,  Lat/Lon: 42.9424°/146.514°, Depth: 10
2025/06/19 06:30:46.079257 [Simulation:Info:toast@toast-new:Simulation not generated] Magnitude 5.91 of event bmg2025lwsi is smaller than triggerMinMagnitude: no automatic simulation
2025/06/19 06:30:56.068323 [Incident:Info:toast@toast-new:Origin updated] Origin updated: OT: 2025-06-18 23:08:05,  Lat/Lon: 42.9424°/146.514°, Depth: 10
2025/06/19 06:30:56.068566 [Simulation:Info:toast@toast-new:Simulation not generated] Magnitude 5.91 of event bmg2025lwsi is smaller than triggerMinMagnitude: no automatic simulation
2025/06/19 06:31:07.023756 [Incident:Info:toast@toast-new:Origin updated] Origin updated: OT: 2025-06-18 23:08:05,  Lat/Lon: 42.9424°/146.514°, Depth: 10
2025/06/19 06:31:07.023970 [Incident:Info:toast@toast-new:FM updated] FM updated
2025/06/19 06:31:07.024276 [Simulation:Info:toast@toast-new:Simulation not generated] Magnitude 5.91 of event bmg2025lwsi is smaller than triggerMinMagnitude: no automatic simulation
2025/06/19 06:31:17.103447 [Incident:Info:toast@toast-new:Origin updated] Origin updated: OT: 2025-06-18 23:08:05,  Lat/Lon: 42.9424°/146.514°, Depth: 10
2025/06/19 06:31:17.103665 [Simulation:Info:toast@toast-new:Simulation not generated] Magnitude 5.91 of event bmg2025lwsi is smaller than triggerMinMagnitude: no automatic simulation
2025/06/19 06:31:27.245526 [Incident:Info:toast@toast-new:Origin updated] Origin updated: OT: 2025-06-18 23:08:05,  Lat/Lon: 42.9424°/146.514°, Depth: 10
2025/06/19 06:31:27.245755 [Simulation:Info:toast@toast-new:Simulation not generated] Magnitude 5.91 of event bmg2025lwsi is smaller than triggerMinMagnitude: no automatic simulation
2025/06/19 06:31:36.763783 [Incident:Info:toast@toast-new:Origin updated] Origin updated: OT: 2025-06-18 23:08:05,  Lat/Lon: 42.9424°/146.514°, Depth: 10
2025/06/19 06:31:36.764045 [Simulation:Info:toast@toast-new:Simulation not generated] Magnitude 5.91 of event bmg2025lwsi is smaller than triggerMinMagnitude: no automatic simulation
2025/06/19 06:33:45.152360 [Incident:Info:toast@toast-new:Origin updated] Origin updated: OT: 2025-06-18 23:08:05,  Lat/Lon: 42.9424°/146.514°, Depth: 10
2025/06/19 06:33:45.152575 [Simulation:Info:toast@toast-new:Simulation not generated] Magnitude 5.91 of event bmg2025lwsi is smaller than triggerMinMagnitude: no automatic simulation
2025/06/19 06:34:18.673826 [Incident:Info:toast@toast-new:Origin updated] Origin updated: OT: 2025-06-18 23:08:05,  Lat/Lon: 42.9424°/146.514°, Depth: 10
2025/06/19 06:34:18.674039 [Incident:Info:toast@toast-new:FM updated] FM updated
2025/06/19 06:34:18.674340 [Simulation:Info:toast@toast-new:Simulation not generated] Magnitude 5.91 of event bmg2025lwsi is smaller than triggerMinMagnitude: no automatic simulation
2025/06/19 06:46:09.457849 [Incident:Info:toast@toast-new:Origin updated] Origin updated: OT: 2025-06-18 23:08:05,  Lat/Lon: 42.9424°/146.514°, Depth: 10
2025/06/19 06:46:09.458089 [Incident:Info:toast@toast-new:FM updated] FM updated
2025/06/19 06:46:09.458389 [Simulation:Info:toast@toast-new:Simulation not generated] Magnitude 5.91 of event bmg2025lwsi is smaller than triggerMinMagnitude: no automatic simulation
2025/06/19 06:47:09.584545 [Incident:Info:toast@toast-new:Origin updated] Origin updated: OT: 2025-06-18 23:08:05,  Lat/Lon: 42.9424°/146.514°, Depth: 10
2025/06/19 06:47:09.584759 [Simulation:Info:toast@toast-new:Simulation not generated] Magnitude 5.91 of event bmg2025lwsi is smaller than triggerMinMagnitude: no automatic simulation
2025/06/19 06:47:19.651980 [Incident:Info:toast@toast-new:Origin updated] Origin updated: OT: 2025-06-18 23:08:05,  Lat/Lon: 42.9424°/146.514°, Depth: 10
2025/06/19 06:47:19.652157 [Simulation:Info:toast@toast-new:Simulation not generated] Magnitude 5.91 of event bmg2025lwsi is smaller than triggerMinMagnitude: no automatic simulation
2025/06/19 06:47:29.677514 [Incident:Info:toast@toast-new:Origin updated] Origin updated: OT: 2025-06-18 23:08:05,  Lat/Lon: 42.9424°/146.514°, Depth: 10
2025/06/19 06:47:29.677800 [Incident:Info:toast@toast-new:FM updated] FM updated
2025/06/19 06:47:29.678085 [Simulation:Info:toast@toast-new:Simulation not generated] Magnitude 5.91 of event bmg2025lwsi is smaller than triggerMinMagnitude: no automatic simulation
2025/06/19 06:48:39.762396 [Incident:Info:toast@toast-new:Origin updated] Origin updated: OT: 2025-06-18 23:08:05,  Lat/Lon: 42.9424°/146.514°, Depth: 10
2025/06/19 06:48:39.762624 [Incident:Info:toast@toast-new:FM updated] FM updated
2025/06/19 06:48:39.762925 [Simulation:Info:toast@toast-new:Simulation not generated] Magnitude 5.91 of event bmg2025lwsi is smaller than triggerMinMagnitude: no automatic simulation
2025/06/19 06:48:59.888979 [Incident:Info:toast@toast-new:Origin updated] Origin updated: OT: 2025-06-18 23:08:05,  Lat/Lon: 42.9424°/146.514°, Depth: 10
2025/06/19 06:48:59.889191 [Simulation:Info:toast@toast-new:Simulation not generated] Magnitude 5.91 of event bmg2025lwsi is smaller than triggerMinMagnitude: no automatic simulation
2025/06/19 06:49:10.150940 [Incident:Info:toast@toast-new:Origin updated] Origin updated: OT: 2025-06-18 23:08:05,  Lat/Lon: 42.9424°/146.514°, Depth: 10
2025/06/19 06:49:10.151164 [Simulation:Info:toast@toast-new:Simulation not generated] Magnitude 5.91 of event bmg2025lwsi is smaller than triggerMinMagnitude: no automatic simulation
2025/06/19 06:49:40.358142 [Incident:Info:toast@toast-new:Origin updated] Origin updated: OT: 2025-06-18 23:08:05,  Lat/Lon: 42.9424°/146.514°, Depth: 10
2025/06/19 06:49:40.358358 [Simulation:Info:toast@toast-new:Simulation not generated] Magnitude 5.91 of event bmg2025lwsi is smaller than triggerMinMagnitude: no automatic simulation
2025/06/19 06:49:51.253940 [Incident:Info:toast@toast-new:Origin updated] Origin updated: OT: 2025-06-18 23:08:05,  Lat/Lon: 42.9424°/146.514°, Depth: 10
2025/06/19 06:49:51.254155 [Incident:Info:toast@toast-new:FM updated] FM updated
2025/06/19 06:49:51.254451 [Simulation:Info:toast@toast-new:Simulation not generated] Magnitude 5.91 of event bmg2025lwsi is smaller than triggerMinMagnitude: no automatic simulation
2025/06/19 06:50:00.699234 [Incident:Info:toast@toast-new:Origin updated] Origin updated: OT: 2025-06-18 23:08:05,  Lat/Lon: 42.9424°/146.514°, Depth: 10
2025/06/19 06:50:00.699461 [Simulation:Info:toast@toast-new:Simulation not generated] Magnitude 5.91 of event bmg2025lwsi is smaller than triggerMinMagnitude: no automatic simulation
2025/06/19 06:50:11.644010 [Incident:Info:toast@toast-new:Origin updated] Origin updated: OT: 2025-06-18 23:08:05,  Lat/Lon: 42.9424°/146.514°, Depth: 10
2025/06/19 06:50:11.644177 [Incident:Info:toast@toast-new:FM updated] FM updated
2025/06/19 06:50:11.644446 [Simulation:Info:toast@toast-new:Simulation not generated] Magnitude 5.91 of event bmg2025lwsi is smaller than triggerMinMagnitude: no automatic simulation
2025/06/19 06:50:22.070719 [Incident:Info:toast@toast-new:Origin updated] Origin updated: OT: 2025-06-18 23:08:05,  Lat/Lon: 42.9424°/146.514°, Depth: 10
2025/06/19 06:50:22.070933 [Incident:Info:toast@toast-new:FM updated] FM updated
2025/06/19 06:50:22.071255 [Simulation:Info:toast@toast-new:Simulation not generated] Magnitude 5.91 of event bmg2025lwsi is smaller than triggerMinMagnitude: no automatic simulation
2025/06/19 06:50:31.461232 [Incident:Info:toast@toast-new:Origin updated] Origin updated: OT: 2025-06-18 23:08:05,  Lat/Lon: 42.9424°/146.514°, Depth: 10
2025/06/19 06:50:31.461444 [Simulation:Info:toast@toast-new:Simulation not generated] Magnitude 5.91 of event bmg2025lwsi is smaller than triggerMinMagnitude: no automatic simulation
2025/06/19 06:50:51.482881 [Incident:Info:toast@toast-new:Origin updated] Origin updated: OT: 2025-06-18 23:08:05,  Lat/Lon: 42.9424°/146.514°, Depth: 10
2025/06/19 06:50:51.483093 [Simulation:Info:toast@toast-new:Simulation not generated] Magnitude 5.91 of event bmg2025lwsi is smaller than triggerMinMagnitude: no automatic simulation
2025/06/19 06:51:11.702527 [Incident:Info:toast@toast-new:Origin updated] Origin updated: OT: 2025-06-18 23:08:05,  Lat/Lon: 42.9424°/146.514°, Depth: 10
2025/06/19 06:51:11.702756 [Simulation:Info:toast@toast-new:Simulation not generated] Magnitude 5.91 of event bmg2025lwsi is smaller than triggerMinMagnitude: no automatic simulation
2025/06/19 06:51:21.974252 [Incident:Info:toast@toast-new:Origin updated] Origin updated: OT: 2025-06-18 23:08:05,  Lat/Lon: 42.9424°/146.514°, Depth: 10
2025/06/19 06:51:21.974465 [Simulation:Info:toast@toast-new:Simulation not generated] Magnitude 5.91 of event bmg2025lwsi is smaller than triggerMinMagnitude: no automatic simulation
2025/06/19 06:51:32.663412 [Incident:Info:toast@toast-new:Origin updated] Origin updated: OT: 2025-06-18 23:08:05,  Lat/Lon: 42.9424°/146.514°, Depth: 10
2025/06/19 06:51:32.663656 [Simulation:Info:toast@toast-new:Simulation not generated] Magnitude 5.91 of event bmg2025lwsi is smaller than triggerMinMagnitude: no automatic simulation
2025/06/19 06:51:42.466419 [Incident:Info:toast@toast-new:Origin updated] Origin updated: OT: 2025-06-18 23:08:05,  Lat/Lon: 42.9424°/146.514°, Depth: 10
2025/06/19 06:51:42.466619 [Simulation:Info:toast@toast-new:Simulation not generated] Magnitude 5.91 of event bmg2025lwsi is smaller than triggerMinMagnitude: no automatic simulation
2025/06/19 06:52:02.290267 [Incident:Info:toast@toast-new:Origin updated] Origin updated: OT: 2025-06-18 23:08:05,  Lat/Lon: 42.9424°/146.514°, Depth: 10
2025/06/19 06:52:02.290495 [Simulation:Info:toast@toast-new:Simulation not generated] Magnitude 5.91 of event bmg2025lwsi is smaller than triggerMinMagnitude: no automatic simulation
2025/06/19 06:52:22.367143 [Incident:Info:toast@toast-new:Origin updated] Origin updated: OT: 2025-06-18 23:08:05,  Lat/Lon: 42.9424°/146.514°, Depth: 10
2025/06/19 06:52:22.367353 [Simulation:Info:toast@toast-new:Simulation not generated] Magnitude 5.91 of event bmg2025lwsi is smaller than triggerMinMagnitude: no automatic simulation
2025/06/19 06:52:33.088263 [Incident:Info:toast@toast-new:Origin updated] Origin updated: OT: 2025-06-18 23:08:05,  Lat/Lon: 42.9424°/146.514°, Depth: 10
2025/06/19 06:52:33.088471 [Incident:Info:toast@toast-new:FM updated] FM updated
2025/06/19 06:52:33.088761 [Simulation:Info:toast@toast-new:Simulation not generated] Magnitude 5.91 of event bmg2025lwsi is smaller than triggerMinMagnitude: no automatic simulation
2025/06/19 06:52:43.605312 [Incident:Info:toast@toast-new:Origin updated] Origin updated: OT: 2025-06-18 23:08:05,  Lat/Lon: 42.9424°/146.514°, Depth: 10
2025/06/19 06:52:43.605525 [Incident:Info:toast@toast-new:FM updated] FM updated
2025/06/19 06:52:43.605826 [Simulation:Info:toast@toast-new:Simulation not generated] Magnitude 5.91 of event bmg2025lwsi is smaller than triggerMinMagnitude: no automatic simulation
2025/06/19 06:52:53.574002 [Incident:Info:toast@toast-new:Origin updated] Origin updated: OT: 2025-06-18 23:08:05,  Lat/Lon: 42.9424°/146.514°, Depth: 10
2025/06/19 06:52:53.574254 [Simulation:Info:toast@toast-new:Simulation not generated] Magnitude 5.91 of event bmg2025lwsi is smaller than triggerMinMagnitude: no automatic simulation
2025/06/19 06:53:03.476392 [Incident:Info:toast@toast-new:Origin updated] Origin updated: OT: 2025-06-18 23:08:05,  Lat/Lon: 42.9424°/146.514°, Depth: 10
2025/06/19 06:53:03.476613 [Simulation:Info:toast@toast-new:Simulation not generated] Magnitude 5.91 of event bmg2025lwsi is smaller than triggerMinMagnitude: no automatic simulation
2025/06/19 06:53:14.172027 [Incident:Info:toast@toast-new:Origin updated] Origin updated: OT: 2025-06-18 23:08:05,  Lat/Lon: 42.9424°/146.514°, Depth: 10
2025/06/19 06:53:14.172225 [Incident:Info:toast@toast-new:FM updated] FM updated
2025/06/19 06:53:14.172515 [Simulation:Info:toast@toast-new:Simulation not generated] Magnitude 5.91 of event bmg2025lwsi is smaller than triggerMinMagnitude: no automatic simulation
2025/06/19 06:53:24.524018 [Incident:Info:toast@toast-new:Origin updated] Origin updated: OT: 2025-06-18 23:08:05,  Lat/Lon: 42.9424°/146.514°, Depth: 10
2025/06/19 06:53:24.524234 [Simulation:Info:toast@toast-new:Simulation not generated] Magnitude 5.91 of event bmg2025lwsi is smaller than triggerMinMagnitude: no automatic simulation
2025/06/19 06:53:34.309207 [Incident:Info:toast@toast-new:Origin updated] Origin updated: OT: 2025-06-18 23:08:05,  Lat/Lon: 42.9424°/146.514°, Depth: 10
2025/06/19 06:53:34.309422 [Simulation:Info:toast@toast-new:Simulation not generated] Magnitude 5.91 of event bmg2025lwsi is smaller than triggerMinMagnitude: no automatic simulation
2025/06/19 06:53:42.138785 [Incident:Info:toast@toast-new:Origin updated] Origin updated: OT: 2025-06-18 23:08:05,  Lat/Lon: 42.9424°/146.514°, Depth: 10
2025/06/19 06:53:42.138994 [Incident:Info:toast@toast-new:FM updated] FM updated
2025/06/19 06:53:42.139320 [Simulation:Info:toast@toast-new:Simulation not generated] Magnitude 5.91 of event bmg2025lwsi is smaller than triggerMinMagnitude: no automatic simulation
2025/06/19 06:53:54.199126 [Incident:Info:toast@toast-new:Origin updated] Origin updated: OT: 2025-06-18 23:08:05,  Lat/Lon: 42.9424°/146.514°, Depth: 10
2025/06/19 06:53:54.199332 [Incident:Info:toast@toast-new:FM updated] FM updated
2025/06/19 06:53:54.199625 [Simulation:Info:toast@toast-new:Simulation not generated] Magnitude 5.91 of event bmg2025lwsi is smaller than triggerMinMagnitude: no automatic simulation
2025/06/19 06:56:50.149145 [Incident:Info:toast@toast-new:Origin updated] Origin updated: OT: 2025-06-18 23:08:05,  Lat/Lon: 42.9424°/146.514°, Depth: 10
2025/06/19 06:56:50.149365 [Incident:Info:toast@toast-new:FM updated] FM updated
2025/06/19 06:56:50.149669 [Simulation:Info:toast@toast-new:Simulation not generated] Magnitude 5.91 of event bmg2025lwsi is smaller than triggerMinMagnitude: no automatic simulation
2025/06/19 06:59:00.266582 [Incident:Info:toast@toast-new:Origin updated] Origin updated: OT: 2025-06-18 23:08:05,  Lat/Lon: 42.9424°/146.514°, Depth: 10
2025/06/19 06:59:00.266829 [Simulation:Info:toast@toast-new:Simulation not generated] Magnitude 5.91 of event bmg2025lwsi is smaller than triggerMinMagnitude: no automatic simulation
2025/06/19 11:53:40.605886 [Incident:Info:toast@toast-new:Origin updated] Origin updated: OT: 2025-06-18 23:08:05,  Lat/Lon: 42.9424°/146.514°, Depth: 10
2025/06/19 11:53:40.607951 [Incident:Info:toast@toast-new:Magnitude updated] Magnitude updated: 6.06 (Mw(mB))
2025/06/19 11:53:40.608063 [Simulation:Info:toast@toast-new:Simulation not generated] Magnitude 6.06 of event bmg2025lwsi is smaller than triggerMinMagnitude: no automatic simulation
2025/06/19 11:54:00.987410 [Incident:Info:toast@toast-new:Origin updated] Origin updated: OT: 2025-06-18 23:08:05,  Lat/Lon: 42.9424°/146.514°, Depth: 10
2025/06/19 11:54:00.987753 [Incident:Info:toast@toast-new:Magnitude updated] Magnitude updated: 6.07 (mb)
2025/06/19 11:54:00.987833 [Simulation:Info:toast@toast-new:Simulation not generated] Magnitude 6.07 of event bmg2025lwsi is smaller than triggerMinMagnitude: no automatic simulation
2025/06/19 11:54:26.739463 [Incident:Info:toast@toast-new:Origin updated] Origin updated: OT: 2025-06-18 23:08:11,  Lat/Lon: 42.9319°/146.373°, Depth: 57.7336
2025/06/19 11:54:26.739836 [Incident:Info:toast@toast-new:Magnitude updated] Magnitude updated: 6.05 (mb)
2025/06/19 11:54:26.739921 [Simulation:Info:toast@toast-new:Simulation not generated] Magnitude 6.05 of event bmg2025lwsi is smaller than triggerMinMagnitude: no automatic simulation
2025/06/19 13:40:25.331818 [Incident:Info:toast@toast-new:Origin updated] Origin updated: OT: 2025-06-18 23:08:11,  Lat/Lon: 42.9319°/146.373°, Depth: 57.7336
2025/06/19 13:40:25.332105 [Incident:Info:toast@toast-new:FM updated] FM updated
2025/06/19 13:40:25.332468 [Simulation:Info:toast@toast-new:Simulation not generated] Magnitude 6.05 of event bmg2025lwsi is smaller than triggerMinMagnitude: no automatic simulation
