2025/03/03 22:46:47.981807 [Incident:Info:toast@toast-new:Displacement(s) updated] Added 0 and changed 0 displacements with 0 amplitudes
2025/03/03 22:46:48.009352 [Incident:Info:toast@toast-new:Incident created] Incident created based on event received from messaging: OT: 2025-03-03 15:40:06,  Lat/Lon: 15.30°/148.56°, Depth: 10.00, Mag: 5.56 (M)
2025/03/03 22:46:48.009778 [Simulation:Info:toast@toast-new:Simulation not generated] Magnitude 5.56 of event bmg2025eiqs is smaller than triggerMinMagnitude: no automatic simulation
2025/03/03 22:46:48.020836 [Incident:Info:toast@toast-new:Origin updated] Origin updated: OT: 2025-03-03 15:40:06,  Lat/Lon: 15.299°/148.559°, Depth: 10
2025/03/03 22:46:48.020940 [Simulation:Info:toast@toast-new:Simulation not generated] Magnitude 5.56 of event bmg2025eiqs is smaller than triggerMinMagnitude: no automatic simulation
2025/03/03 22:46:57.230579 [Incident:Info:toast@toast-new:Origin updated] Origin updated: OT: 2025-03-03 15:40:06,  Lat/Lon: 15.299°/148.559°, Depth: 10
2025/03/03 22:46:57.230755 [Incident:Info:toast@toast-new:Magnitude updated] Magnitude updated: 5.57 (M)
2025/03/03 22:46:57.230796 [Simulation:Info:toast@toast-new:Simulation not generated] Magnitude 5.57 of event bmg2025eiqs is smaller than triggerMinMagnitude: no automatic simulation
2025/03/03 22:47:24.343227 [Incident:Info:toast@toast-new:Origin updated] Origin updated: OT: 2025-03-03 15:40:06,  Lat/Lon: 15.299°/148.559°, Depth: 10
2025/03/03 22:47:24.343417 [Incident:Info:toast@toast-new:Magnitude updated] Magnitude updated: 5.55 (M)
2025/03/03 22:47:24.343477 [Simulation:Info:toast@toast-new:Simulation not generated] Magnitude 5.55 of event bmg2025eiqs is smaller than triggerMinMagnitude: no automatic simulation
2025/03/03 22:47:27.481506 [Incident:Info:toast@toast-new:Origin updated] Origin updated: OT: 2025-03-03 15:40:11,  Lat/Lon: 14.8849°/148.307°, Depth: 10
2025/03/03 22:47:27.481749 [Incident:Info:toast@toast-new:Magnitude updated] Magnitude updated: 5.45 (M)
2025/03/03 22:47:27.481813 [Simulation:Info:toast@toast-new:Simulation not generated] Magnitude 5.45 of event bmg2025eiqs is smaller than triggerMinMagnitude: no automatic simulation
2025/03/03 22:48:09.486701 [Incident:Info:toast@toast-new:Origin updated] Origin updated: OT: 2025-03-03 15:40:14,  Lat/Lon: 14.6953°/148.051°, Depth: 10
2025/03/03 22:48:09.486936 [Incident:Info:toast@toast-new:Magnitude updated] Magnitude updated: 5.37 (M)
2025/03/03 22:48:09.486984 [Simulation:Info:toast@toast-new:Simulation not generated] Magnitude 5.37 of event bmg2025eiqs is smaller than triggerMinMagnitude: no automatic simulation
2025/03/03 22:48:19.603658 [Incident:Info:toast@toast-new:Origin updated] Origin updated: OT: 2025-03-03 15:40:12,  Lat/Lon: 14.8313°/148.158°, Depth: 10
2025/03/03 22:48:19.603874 [Incident:Info:toast@toast-new:Magnitude updated] Magnitude updated: 5.42 (M)
2025/03/03 22:48:19.603911 [Simulation:Info:toast@toast-new:Simulation not generated] Magnitude 5.42 of event bmg2025eiqs is smaller than triggerMinMagnitude: no automatic simulation
2025/03/03 22:48:33.732323 [Incident:Info:toast@toast-new:Origin updated] Origin updated: OT: 2025-03-03 15:40:16,  Lat/Lon: 14.5033°/147.912°, Depth: 10
2025/03/03 22:48:33.732576 [Incident:Info:toast@toast-new:Magnitude updated] Magnitude updated: 5.33 (M)
2025/03/03 22:48:33.732641 [Simulation:Info:toast@toast-new:Simulation not generated] Magnitude 5.33 of event bmg2025eiqs is smaller than triggerMinMagnitude: no automatic simulation
2025/03/03 22:48:48.777243 [Incident:Info:toast@toast-new:Origin updated] Origin updated: OT: 2025-03-03 15:40:24,  Lat/Lon: 13.8772°/147.387°, Depth: 10
2025/03/03 22:48:48.777462 [Incident:Info:toast@toast-new:Magnitude updated] Magnitude updated: 5.17 (M)
2025/03/03 22:48:48.777517 [Simulation:Info:toast@toast-new:Simulation not generated] Magnitude 5.17 of event bmg2025eiqs is smaller than triggerMinMagnitude: no automatic simulation
2025/03/03 22:49:30.271011 [Incident:Info:toast@toast-new:Origin updated] Origin updated: OT: 2025-03-03 15:40:26,  Lat/Lon: 13.7146°/147.228°, Depth: 10
2025/03/03 22:49:30.271233 [Incident:Info:toast@toast-new:Magnitude updated] Magnitude updated: 5.13 (M)
2025/03/03 22:49:30.271270 [Simulation:Info:toast@toast-new:Simulation not generated] Magnitude 5.13 of event bmg2025eiqs is smaller than triggerMinMagnitude: no automatic simulation
2025/03/03 22:49:43.783016 [Incident:Info:toast@toast-new:Origin updated] Origin updated: OT: 2025-03-03 15:40:25,  Lat/Lon: 13.7803°/147.294°, Depth: 10
2025/03/03 22:49:43.783239 [Incident:Info:toast@toast-new:Magnitude updated] Magnitude updated: 5.15 (M)
2025/03/03 22:49:43.783286 [Simulation:Info:toast@toast-new:Simulation not generated] Magnitude 5.15 of event bmg2025eiqs is smaller than triggerMinMagnitude: no automatic simulation
