2024/09/23 03:56:27.272620 [Incident:Info:toast@toast-new:Displacement(s) updated] Added 0 and changed 0 displacements with 0 amplitudes
2024/09/23 03:56:27.310864 [Incident:Info:toast@toast-new:Incident created] Incident created based on event received from messaging: OT: 2024-09-22 20:42:38,  Lat/Lon: -17.37°/66.58°, Depth: 10.00, Mag: 5.36 (M)
2024/09/23 03:56:27.311256 [Simulation:Info:toast@toast-new:Simulation not generated] Magnitude 5.36 of event bmg2024srth is smaller than triggerMinMagnitude: no automatic simulation
2024/09/23 03:56:27.338644 [Incident:Info:toast@toast-new:Origin updated] Origin updated: OT: 2024-09-22 20:42:38,  Lat/Lon: -17.3701°/66.5792°, Depth: 10
2024/09/23 03:56:27.338769 [Simulation:Info:toast@toast-new:Simulation not generated] Magnitude 5.36 of event bmg2024srth is smaller than triggerMinMagnitude: no automatic simulation
2024/09/23 03:57:49.467052 [Incident:Info:toast@toast-new:Origin updated] Origin updated: OT: 2024-09-22 20:42:38,  Lat/Lon: -17.389°/66.595°, Depth: 10
2024/09/23 03:57:49.467205 [Incident:Info:toast@toast-new:Magnitude updated] Magnitude updated: 5.42 (M)
2024/09/23 03:57:49.467228 [Simulation:Info:toast@toast-new:Simulation not generated] Magnitude 5.42 of event bmg2024srth is smaller than triggerMinMagnitude: no automatic simulation
2024/09/23 04:00:30.221282 [Incident:Info:toast@toast-new:Origin updated] Origin updated: OT: 2024-09-22 20:42:38,  Lat/Lon: -17.389°/66.595°, Depth: 10
2024/09/23 04:00:30.221438 [Incident:Info:toast@toast-new:Magnitude updated] Magnitude updated: 5.14 (mb)
2024/09/23 04:00:30.221474 [Simulation:Info:toast@toast-new:Simulation not generated] Magnitude 5.14 of event bmg2024srth is smaller than triggerMinMagnitude: no automatic simulation
2024/09/23 04:00:30.253471 [Incident:Info:toast@toast-new:Origin updated] Origin updated: OT: 2024-09-22 20:42:38,  Lat/Lon: -17.389°/66.595°, Depth: 10
2024/09/23 04:00:30.253617 [Incident:Info:toast@toast-new:Magnitude updated] Magnitude updated: 5.42 (M)
2024/09/23 04:00:30.253658 [Simulation:Info:toast@toast-new:Simulation not generated] Magnitude 5.42 of event bmg2024srth is smaller than triggerMinMagnitude: no automatic simulation
2024/09/23 04:01:19.345689 [Incident:Info:toast@toast-new:Origin updated] Origin updated: OT: 2024-09-22 20:42:38,  Lat/Lon: -17.389°/66.595°, Depth: 10
2024/09/23 04:01:19.345825 [Incident:Info:toast@toast-new:FM updated] FM updated
2024/09/23 04:01:19.345982 [Simulation:Info:toast@toast-new:Simulation not generated] Magnitude 5.42 of event bmg2024srth is smaller than triggerMinMagnitude: no automatic simulation
2024/09/23 04:01:24.131880 [Incident:Info:toast@toast-new:Origin updated] Origin updated: OT: 2024-09-22 20:42:38,  Lat/Lon: -17.389°/66.595°, Depth: 10
2024/09/23 04:01:24.132007 [Incident:Info:toast@toast-new:FM updated] FM updated
2024/09/23 04:01:24.132167 [Simulation:Info:toast@toast-new:Simulation not generated] Magnitude 5.42 of event bmg2024srth is smaller than triggerMinMagnitude: no automatic simulation
2024/09/23 04:01:37.443558 [Incident:Info:toast@toast-new:Origin updated] Origin updated: OT: 2024-09-22 20:42:38,  Lat/Lon: -17.389°/66.595°, Depth: 10
2024/09/23 04:01:37.443701 [Simulation:Info:toast@toast-new:Simulation not generated] Magnitude 5.42 of event bmg2024srth is smaller than triggerMinMagnitude: no automatic simulation
2024/09/23 04:01:48.089703 [Incident:Info:toast@toast-new:Origin updated] Origin updated: OT: 2024-09-22 20:42:38,  Lat/Lon: -17.389°/66.595°, Depth: 10
2024/09/23 04:01:48.089838 [Simulation:Info:toast@toast-new:Simulation not generated] Magnitude 5.42 of event bmg2024srth is smaller than triggerMinMagnitude: no automatic simulation
2024/09/23 04:01:58.827491 [Incident:Info:toast@toast-new:Origin updated] Origin updated: OT: 2024-09-22 20:42:38,  Lat/Lon: -17.389°/66.595°, Depth: 10
2024/09/23 04:01:58.827629 [Incident:Info:toast@toast-new:FM updated] FM updated
2024/09/23 04:01:58.827791 [Simulation:Info:toast@toast-new:Simulation not generated] Magnitude 5.42 of event bmg2024srth is smaller than triggerMinMagnitude: no automatic simulation
2024/09/23 04:02:07.735385 [Incident:Info:toast@toast-new:Origin updated] Origin updated: OT: 2024-09-22 20:42:38,  Lat/Lon: -17.389°/66.595°, Depth: 10
2024/09/23 04:02:07.735530 [Incident:Info:toast@toast-new:FM updated] FM updated
2024/09/23 04:02:07.735702 [Simulation:Info:toast@toast-new:Simulation not generated] Magnitude 5.42 of event bmg2024srth is smaller than triggerMinMagnitude: no automatic simulation
2024/09/23 04:02:18.633791 [Incident:Info:toast@toast-new:Origin updated] Origin updated: OT: 2024-09-22 20:42:38,  Lat/Lon: -17.389°/66.595°, Depth: 10
2024/09/23 04:02:18.633924 [Incident:Info:toast@toast-new:FM updated] FM updated
2024/09/23 04:02:18.634086 [Simulation:Info:toast@toast-new:Simulation not generated] Magnitude 5.42 of event bmg2024srth is smaller than triggerMinMagnitude: no automatic simulation
2024/09/23 04:02:27.812219 [Incident:Info:toast@toast-new:Origin updated] Origin updated: OT: 2024-09-22 20:42:38,  Lat/Lon: -17.389°/66.595°, Depth: 10
2024/09/23 04:02:27.812383 [Simulation:Info:toast@toast-new:Simulation not generated] Magnitude 5.42 of event bmg2024srth is smaller than triggerMinMagnitude: no automatic simulation
2024/09/23 04:02:37.966535 [Incident:Info:toast@toast-new:Origin updated] Origin updated: OT: 2024-09-22 20:42:38,  Lat/Lon: -17.389°/66.595°, Depth: 10
2024/09/23 04:02:37.966690 [Simulation:Info:toast@toast-new:Simulation not generated] Magnitude 5.42 of event bmg2024srth is smaller than triggerMinMagnitude: no automatic simulation
2024/09/23 04:02:48.734491 [Incident:Info:toast@toast-new:Origin updated] Origin updated: OT: 2024-09-22 20:42:38,  Lat/Lon: -17.389°/66.595°, Depth: 10
2024/09/23 04:02:48.734631 [Simulation:Info:toast@toast-new:Simulation not generated] Magnitude 5.42 of event bmg2024srth is smaller than triggerMinMagnitude: no automatic simulation
2024/09/23 04:02:58.284678 [Incident:Info:toast@toast-new:Origin updated] Origin updated: OT: 2024-09-22 20:42:38,  Lat/Lon: -17.389°/66.595°, Depth: 10
2024/09/23 04:02:58.284840 [Incident:Info:toast@toast-new:FM updated] FM updated
2024/09/23 04:02:58.285039 [Simulation:Info:toast@toast-new:Simulation not generated] Magnitude 5.42 of event bmg2024srth is smaller than triggerMinMagnitude: no automatic simulation
2024/09/23 04:03:08.218416 [Incident:Info:toast@toast-new:Origin updated] Origin updated: OT: 2024-09-22 20:42:38,  Lat/Lon: -17.389°/66.595°, Depth: 10
2024/09/23 04:03:08.218559 [Simulation:Info:toast@toast-new:Simulation not generated] Magnitude 5.42 of event bmg2024srth is smaller than triggerMinMagnitude: no automatic simulation
2024/09/23 04:03:28.508608 [Incident:Info:toast@toast-new:Origin updated] Origin updated: OT: 2024-09-22 20:42:38,  Lat/Lon: -17.389°/66.595°, Depth: 10
2024/09/23 04:03:28.508760 [Simulation:Info:toast@toast-new:Simulation not generated] Magnitude 5.42 of event bmg2024srth is smaller than triggerMinMagnitude: no automatic simulation
2024/09/23 04:03:38.869719 [Incident:Info:toast@toast-new:Origin updated] Origin updated: OT: 2024-09-22 20:42:38,  Lat/Lon: -17.389°/66.595°, Depth: 10
2024/09/23 04:03:38.869912 [Incident:Info:toast@toast-new:FM updated] FM updated
2024/09/23 04:03:38.870155 [Simulation:Info:toast@toast-new:Simulation not generated] Magnitude 5.42 of event bmg2024srth is smaller than triggerMinMagnitude: no automatic simulation
2024/09/23 04:03:47.545217 [Incident:Info:toast@toast-new:Origin updated] Origin updated: OT: 2024-09-22 20:42:38,  Lat/Lon: -17.389°/66.595°, Depth: 10
2024/09/23 04:03:47.545359 [Incident:Info:toast@toast-new:FM updated] FM updated
2024/09/23 04:03:47.545537 [Simulation:Info:toast@toast-new:Simulation not generated] Magnitude 5.42 of event bmg2024srth is smaller than triggerMinMagnitude: no automatic simulation
2024/09/23 04:03:56.912238 [Incident:Info:toast@toast-new:Origin updated] Origin updated: OT: 2024-09-22 20:42:38,  Lat/Lon: -17.389°/66.595°, Depth: 10
2024/09/23 04:03:56.912395 [Simulation:Info:toast@toast-new:Simulation not generated] Magnitude 5.42 of event bmg2024srth is smaller than triggerMinMagnitude: no automatic simulation
2024/09/23 04:04:07.708121 [Incident:Info:toast@toast-new:Origin updated] Origin updated: OT: 2024-09-22 20:42:38,  Lat/Lon: -17.389°/66.595°, Depth: 10
2024/09/23 04:04:07.708279 [Simulation:Info:toast@toast-new:Simulation not generated] Magnitude 5.42 of event bmg2024srth is smaller than triggerMinMagnitude: no automatic simulation
2024/09/23 04:04:17.009444 [Incident:Info:toast@toast-new:Origin updated] Origin updated: OT: 2024-09-22 20:42:38,  Lat/Lon: -17.389°/66.595°, Depth: 10
2024/09/23 04:04:17.009612 [Simulation:Info:toast@toast-new:Simulation not generated] Magnitude 5.42 of event bmg2024srth is smaller than triggerMinMagnitude: no automatic simulation
2024/09/23 04:04:26.919491 [Incident:Info:toast@toast-new:Origin updated] Origin updated: OT: 2024-09-22 20:42:38,  Lat/Lon: -17.389°/66.595°, Depth: 10
2024/09/23 04:04:26.919669 [Simulation:Info:toast@toast-new:Simulation not generated] Magnitude 5.42 of event bmg2024srth is smaller than triggerMinMagnitude: no automatic simulation
2024/09/23 04:04:37.630035 [Incident:Info:toast@toast-new:Origin updated] Origin updated: OT: 2024-09-22 20:42:38,  Lat/Lon: -17.389°/66.595°, Depth: 10
2024/09/23 04:04:37.630169 [Simulation:Info:toast@toast-new:Simulation not generated] Magnitude 5.42 of event bmg2024srth is smaller than triggerMinMagnitude: no automatic simulation
2024/09/23 04:04:47.133048 [Incident:Info:toast@toast-new:Origin updated] Origin updated: OT: 2024-09-22 20:42:38,  Lat/Lon: -17.389°/66.595°, Depth: 10
2024/09/23 04:04:47.133194 [Simulation:Info:toast@toast-new:Simulation not generated] Magnitude 5.42 of event bmg2024srth is smaller than triggerMinMagnitude: no automatic simulation
2024/09/23 04:04:57.871587 [Incident:Info:toast@toast-new:Origin updated] Origin updated: OT: 2024-09-22 20:42:38,  Lat/Lon: -17.389°/66.595°, Depth: 10
2024/09/23 04:04:57.871730 [Simulation:Info:toast@toast-new:Simulation not generated] Magnitude 5.42 of event bmg2024srth is smaller than triggerMinMagnitude: no automatic simulation
2024/09/23 04:05:07.373353 [Incident:Info:toast@toast-new:Origin updated] Origin updated: OT: 2024-09-22 20:42:38,  Lat/Lon: -17.389°/66.595°, Depth: 10
2024/09/23 04:05:07.373496 [Simulation:Info:toast@toast-new:Simulation not generated] Magnitude 5.42 of event bmg2024srth is smaller than triggerMinMagnitude: no automatic simulation
2024/09/23 04:05:17.475527 [Incident:Info:toast@toast-new:Origin updated] Origin updated: OT: 2024-09-22 20:42:38,  Lat/Lon: -17.389°/66.595°, Depth: 10
2024/09/23 04:05:17.475640 [Incident:Info:toast@toast-new:FM updated] FM updated
2024/09/23 04:05:17.475788 [Simulation:Info:toast@toast-new:Simulation not generated] Magnitude 5.42 of event bmg2024srth is smaller than triggerMinMagnitude: no automatic simulation
2024/09/23 04:05:28.333891 [Incident:Info:toast@toast-new:Origin updated] Origin updated: OT: 2024-09-22 20:42:38,  Lat/Lon: -17.389°/66.595°, Depth: 10
2024/09/23 04:05:28.334011 [Incident:Info:toast@toast-new:FM updated] FM updated
2024/09/23 04:05:28.334165 [Simulation:Info:toast@toast-new:Simulation not generated] Magnitude 5.42 of event bmg2024srth is smaller than triggerMinMagnitude: no automatic simulation
2024/09/23 04:05:38.626977 [Incident:Info:toast@toast-new:Origin updated] Origin updated: OT: 2024-09-22 20:42:38,  Lat/Lon: -17.389°/66.595°, Depth: 10
2024/09/23 04:05:38.627112 [Incident:Info:toast@toast-new:FM updated] FM updated
2024/09/23 04:05:38.627276 [Simulation:Info:toast@toast-new:Simulation not generated] Magnitude 5.42 of event bmg2024srth is smaller than triggerMinMagnitude: no automatic simulation
2024/09/23 04:05:49.875583 [Incident:Info:toast@toast-new:Origin updated] Origin updated: OT: 2024-09-22 20:42:38,  Lat/Lon: -17.389°/66.595°, Depth: 10
2024/09/23 04:05:49.875708 [Incident:Info:toast@toast-new:FM updated] FM updated
2024/09/23 04:05:49.875866 [Simulation:Info:toast@toast-new:Simulation not generated] Magnitude 5.42 of event bmg2024srth is smaller than triggerMinMagnitude: no automatic simulation
2024/09/23 04:05:58.713472 [Incident:Info:toast@toast-new:Origin updated] Origin updated: OT: 2024-09-22 20:42:38,  Lat/Lon: -17.389°/66.595°, Depth: 10
2024/09/23 04:05:58.713617 [Simulation:Info:toast@toast-new:Simulation not generated] Magnitude 5.42 of event bmg2024srth is smaller than triggerMinMagnitude: no automatic simulation
2024/09/23 04:06:08.526072 [Incident:Info:toast@toast-new:Origin updated] Origin updated: OT: 2024-09-22 20:42:38,  Lat/Lon: -17.389°/66.595°, Depth: 10
2024/09/23 04:06:08.526216 [Simulation:Info:toast@toast-new:Simulation not generated] Magnitude 5.42 of event bmg2024srth is smaller than triggerMinMagnitude: no automatic simulation
2024/09/23 04:06:19.082675 [Incident:Info:toast@toast-new:Origin updated] Origin updated: OT: 2024-09-22 20:42:38,  Lat/Lon: -17.389°/66.595°, Depth: 10
2024/09/23 04:06:19.082814 [Incident:Info:toast@toast-new:FM updated] FM updated
2024/09/23 04:06:19.082980 [Simulation:Info:toast@toast-new:Simulation not generated] Magnitude 5.42 of event bmg2024srth is smaller than triggerMinMagnitude: no automatic simulation
2024/09/23 04:06:28.470750 [Incident:Info:toast@toast-new:Origin updated] Origin updated: OT: 2024-09-22 20:42:38,  Lat/Lon: -17.389°/66.595°, Depth: 10
2024/09/23 04:06:28.470882 [Simulation:Info:toast@toast-new:Simulation not generated] Magnitude 5.42 of event bmg2024srth is smaller than triggerMinMagnitude: no automatic simulation
2024/09/23 04:06:39.983784 [Incident:Info:toast@toast-new:Origin updated] Origin updated: OT: 2024-09-22 20:42:38,  Lat/Lon: -17.389°/66.595°, Depth: 10
2024/09/23 04:06:39.983926 [Simulation:Info:toast@toast-new:Simulation not generated] Magnitude 5.42 of event bmg2024srth is smaller than triggerMinMagnitude: no automatic simulation
2024/09/23 04:06:49.465252 [Incident:Info:toast@toast-new:Origin updated] Origin updated: OT: 2024-09-22 20:42:38,  Lat/Lon: -17.389°/66.595°, Depth: 10
2024/09/23 04:06:49.465398 [Simulation:Info:toast@toast-new:Simulation not generated] Magnitude 5.42 of event bmg2024srth is smaller than triggerMinMagnitude: no automatic simulation
2024/09/23 04:06:59.344799 [Incident:Info:toast@toast-new:Origin updated] Origin updated: OT: 2024-09-22 20:42:38,  Lat/Lon: -17.389°/66.595°, Depth: 10
2024/09/23 04:06:59.344938 [Simulation:Info:toast@toast-new:Simulation not generated] Magnitude 5.42 of event bmg2024srth is smaller than triggerMinMagnitude: no automatic simulation
2024/09/23 04:07:08.481557 [Incident:Info:toast@toast-new:Origin updated] Origin updated: OT: 2024-09-22 20:42:38,  Lat/Lon: -17.389°/66.595°, Depth: 10
2024/09/23 04:07:08.481706 [Simulation:Info:toast@toast-new:Simulation not generated] Magnitude 5.42 of event bmg2024srth is smaller than triggerMinMagnitude: no automatic simulation
2024/09/23 04:07:18.816364 [Incident:Info:toast@toast-new:Origin updated] Origin updated: OT: 2024-09-22 20:42:38,  Lat/Lon: -17.389°/66.595°, Depth: 10
2024/09/23 04:07:18.816506 [Simulation:Info:toast@toast-new:Simulation not generated] Magnitude 5.42 of event bmg2024srth is smaller than triggerMinMagnitude: no automatic simulation
2024/09/23 04:07:38.741316 [Incident:Info:toast@toast-new:Origin updated] Origin updated: OT: 2024-09-22 20:42:38,  Lat/Lon: -17.389°/66.595°, Depth: 10
2024/09/23 04:07:38.741457 [Simulation:Info:toast@toast-new:Simulation not generated] Magnitude 5.42 of event bmg2024srth is smaller than triggerMinMagnitude: no automatic simulation
2024/09/23 04:07:48.553845 [Incident:Info:toast@toast-new:Origin updated] Origin updated: OT: 2024-09-22 20:42:38,  Lat/Lon: -17.389°/66.595°, Depth: 10
2024/09/23 04:07:48.553982 [Simulation:Info:toast@toast-new:Simulation not generated] Magnitude 5.42 of event bmg2024srth is smaller than triggerMinMagnitude: no automatic simulation
2024/09/23 04:07:59.117798 [Incident:Info:toast@toast-new:Origin updated] Origin updated: OT: 2024-09-22 20:42:38,  Lat/Lon: -17.389°/66.595°, Depth: 10
2024/09/23 04:07:59.117930 [Simulation:Info:toast@toast-new:Simulation not generated] Magnitude 5.42 of event bmg2024srth is smaller than triggerMinMagnitude: no automatic simulation
2024/09/23 04:08:10.915120 [Incident:Info:toast@toast-new:Origin updated] Origin updated: OT: 2024-09-22 20:42:38,  Lat/Lon: -17.389°/66.595°, Depth: 10
2024/09/23 04:08:10.915255 [Incident:Info:toast@toast-new:FM updated] FM updated
2024/09/23 04:08:10.915418 [Simulation:Info:toast@toast-new:Simulation not generated] Magnitude 5.42 of event bmg2024srth is smaller than triggerMinMagnitude: no automatic simulation
2024/09/23 04:08:40.794769 [Incident:Info:toast@toast-new:Origin updated] Origin updated: OT: 2024-09-22 20:42:38,  Lat/Lon: -17.389°/66.595°, Depth: 10
2024/09/23 04:08:40.794907 [Simulation:Info:toast@toast-new:Simulation not generated] Magnitude 5.42 of event bmg2024srth is smaller than triggerMinMagnitude: no automatic simulation
2024/09/23 04:08:51.985402 [Incident:Info:toast@toast-new:Origin updated] Origin updated: OT: 2024-09-22 20:42:38,  Lat/Lon: -17.389°/66.595°, Depth: 10
2024/09/23 04:08:51.985550 [Simulation:Info:toast@toast-new:Simulation not generated] Magnitude 5.42 of event bmg2024srth is smaller than triggerMinMagnitude: no automatic simulation
2024/09/23 04:09:02.613141 [Incident:Info:toast@toast-new:Origin updated] Origin updated: OT: 2024-09-22 20:42:38,  Lat/Lon: -17.389°/66.595°, Depth: 10
2024/09/23 04:09:02.613294 [Simulation:Info:toast@toast-new:Simulation not generated] Magnitude 5.42 of event bmg2024srth is smaller than triggerMinMagnitude: no automatic simulation
2024/09/23 04:09:12.630640 [Incident:Info:toast@toast-new:Origin updated] Origin updated: OT: 2024-09-22 20:42:38,  Lat/Lon: -17.389°/66.595°, Depth: 10
2024/09/23 04:09:12.630783 [Simulation:Info:toast@toast-new:Simulation not generated] Magnitude 5.42 of event bmg2024srth is smaller than triggerMinMagnitude: no automatic simulation
2024/09/23 04:09:22.736556 [Incident:Info:toast@toast-new:Origin updated] Origin updated: OT: 2024-09-22 20:42:38,  Lat/Lon: -17.389°/66.595°, Depth: 10
2024/09/23 04:09:22.736709 [Simulation:Info:toast@toast-new:Simulation not generated] Magnitude 5.42 of event bmg2024srth is smaller than triggerMinMagnitude: no automatic simulation
2024/09/23 04:09:31.880015 [Incident:Info:toast@toast-new:Origin updated] Origin updated: OT: 2024-09-22 20:42:38,  Lat/Lon: -17.389°/66.595°, Depth: 10
2024/09/23 04:09:31.880156 [Simulation:Info:toast@toast-new:Simulation not generated] Magnitude 5.42 of event bmg2024srth is smaller than triggerMinMagnitude: no automatic simulation
2024/09/23 04:09:39.615795 [Incident:Info:toast@toast-new:Origin updated] Origin updated: OT: 2024-09-22 20:42:38,  Lat/Lon: -17.389°/66.595°, Depth: 10
2024/09/23 04:09:39.615948 [Incident:Info:toast@toast-new:FM updated] FM updated
2024/09/23 04:09:39.616110 [Simulation:Info:toast@toast-new:Simulation not generated] Magnitude 5.42 of event bmg2024srth is smaller than triggerMinMagnitude: no automatic simulation
2024/09/23 04:09:59.401858 [Incident:Info:toast@toast-new:Origin updated] Origin updated: OT: 2024-09-22 20:42:38,  Lat/Lon: -17.389°/66.595°, Depth: 10
2024/09/23 04:09:59.402017 [Simulation:Info:toast@toast-new:Simulation not generated] Magnitude 5.42 of event bmg2024srth is smaller than triggerMinMagnitude: no automatic simulation
2024/09/23 04:10:09.585782 [Incident:Info:toast@toast-new:Origin updated] Origin updated: OT: 2024-09-22 20:42:38,  Lat/Lon: -17.389°/66.595°, Depth: 10
2024/09/23 04:10:09.585961 [Simulation:Info:toast@toast-new:Simulation not generated] Magnitude 5.42 of event bmg2024srth is smaller than triggerMinMagnitude: no automatic simulation
2024/09/23 04:10:19.363082 [Incident:Info:toast@toast-new:Origin updated] Origin updated: OT: 2024-09-22 20:42:38,  Lat/Lon: -17.389°/66.595°, Depth: 10
2024/09/23 04:10:19.363245 [Simulation:Info:toast@toast-new:Simulation not generated] Magnitude 5.42 of event bmg2024srth is smaller than triggerMinMagnitude: no automatic simulation
2024/09/23 04:10:29.650463 [Incident:Info:toast@toast-new:Origin updated] Origin updated: OT: 2024-09-22 20:42:38,  Lat/Lon: -17.389°/66.595°, Depth: 10
2024/09/23 04:10:29.650605 [Simulation:Info:toast@toast-new:Simulation not generated] Magnitude 5.42 of event bmg2024srth is smaller than triggerMinMagnitude: no automatic simulation
2024/09/23 04:10:39.297004 [Incident:Info:toast@toast-new:Origin updated] Origin updated: OT: 2024-09-22 20:42:38,  Lat/Lon: -17.389°/66.595°, Depth: 10
2024/09/23 04:10:39.297143 [Simulation:Info:toast@toast-new:Simulation not generated] Magnitude 5.42 of event bmg2024srth is smaller than triggerMinMagnitude: no automatic simulation
2024/09/23 04:10:49.734815 [Incident:Info:toast@toast-new:Origin updated] Origin updated: OT: 2024-09-22 20:42:38,  Lat/Lon: -17.389°/66.595°, Depth: 10
2024/09/23 04:10:49.734961 [Simulation:Info:toast@toast-new:Simulation not generated] Magnitude 5.42 of event bmg2024srth is smaller than triggerMinMagnitude: no automatic simulation
2024/09/23 04:10:59.725721 [Incident:Info:toast@toast-new:Origin updated] Origin updated: OT: 2024-09-22 20:42:38,  Lat/Lon: -17.389°/66.595°, Depth: 10
2024/09/23 04:10:59.725872 [Simulation:Info:toast@toast-new:Simulation not generated] Magnitude 5.42 of event bmg2024srth is smaller than triggerMinMagnitude: no automatic simulation
2024/09/23 04:11:09.665428 [Incident:Info:toast@toast-new:Origin updated] Origin updated: OT: 2024-09-22 20:42:38,  Lat/Lon: -17.389°/66.595°, Depth: 10
2024/09/23 04:11:09.665578 [Simulation:Info:toast@toast-new:Simulation not generated] Magnitude 5.42 of event bmg2024srth is smaller than triggerMinMagnitude: no automatic simulation
2024/09/23 04:11:19.612167 [Incident:Info:toast@toast-new:Origin updated] Origin updated: OT: 2024-09-22 20:42:38,  Lat/Lon: -17.389°/66.595°, Depth: 10
2024/09/23 04:11:19.612338 [Simulation:Info:toast@toast-new:Simulation not generated] Magnitude 5.42 of event bmg2024srth is smaller than triggerMinMagnitude: no automatic simulation
2024/09/23 04:17:39.848225 [Incident:Info:toast@toast-new:Origin updated] Origin updated: OT: 2024-09-22 20:42:38,  Lat/Lon: -17.389°/66.595°, Depth: 10
2024/09/23 04:17:39.848369 [Simulation:Info:toast@toast-new:Simulation not generated] Magnitude 5.42 of event bmg2024srth is smaller than triggerMinMagnitude: no automatic simulation
2024/09/23 04:35:59.444960 [Incident:Info:toast@toast-new:Origin updated] Origin updated: OT: 2024-09-22 20:42:38,  Lat/Lon: -17.389°/66.595°, Depth: 10
2024/09/23 04:35:59.445110 [Simulation:Info:toast@toast-new:Simulation not generated] Magnitude 5.42 of event bmg2024srth is smaller than triggerMinMagnitude: no automatic simulation
2024/09/23 04:37:29.399653 [Incident:Info:toast@toast-new:Origin updated] Origin updated: OT: 2024-09-22 20:42:38,  Lat/Lon: -17.389°/66.595°, Depth: 10
2024/09/23 04:37:29.399783 [Simulation:Info:toast@toast-new:Simulation not generated] Magnitude 5.42 of event bmg2024srth is smaller than triggerMinMagnitude: no automatic simulation
2024/09/23 04:39:49.483819 [Incident:Info:toast@toast-new:Origin updated] Origin updated: OT: 2024-09-22 20:42:38,  Lat/Lon: -17.389°/66.595°, Depth: 10
2024/09/23 04:39:49.483940 [Simulation:Info:toast@toast-new:Simulation not generated] Magnitude 5.42 of event bmg2024srth is smaller than triggerMinMagnitude: no automatic simulation
2024/09/23 18:08:46.013600 [Incident:Info:toast@toast-new:Origin updated] Origin updated: OT: 2024-09-22 20:42:37,  Lat/Lon: -17.5259°/66.5771°, Depth: 10
2024/09/23 18:08:46.015635 [Incident:Info:toast@toast-new:Magnitude updated] Magnitude updated: 5.11 (mb)
2024/09/23 18:08:46.015706 [Incident:Info:toast@toast-new:FM updated] FM updated
2024/09/23 18:08:46.015866 [Simulation:Info:toast@toast-new:Simulation not generated] Magnitude 5.11 of event bmg2024srth is smaller than triggerMinMagnitude: no automatic simulation
2024/09/23 18:08:54.493890 [Incident:Info:toast@toast-new:Origin updated] Origin updated: OT: 2024-09-22 20:42:37,  Lat/Lon: -17.5259°/66.5771°, Depth: 10
2024/09/23 18:08:54.494050 [Simulation:Info:toast@toast-new:Simulation not generated] Magnitude 5.11 of event bmg2024srth is smaller than triggerMinMagnitude: no automatic simulation
2024/09/23 18:09:04.948551 [Incident:Info:toast@toast-new:Origin updated] Origin updated: OT: 2024-09-22 20:42:37,  Lat/Lon: -17.5259°/66.5771°, Depth: 10
2024/09/23 18:09:04.948733 [Simulation:Info:toast@toast-new:Simulation not generated] Magnitude 5.11 of event bmg2024srth is smaller than triggerMinMagnitude: no automatic simulation
2024/09/23 18:09:05.016965 [Incident:Info:toast@toast-new:Origin updated] Origin updated: OT: 2024-09-22 20:42:37,  Lat/Lon: -17.5259°/66.5771°, Depth: 10
2024/09/23 18:09:05.017085 [Simulation:Info:toast@toast-new:Simulation not generated] Magnitude 5.11 of event bmg2024srth is smaller than triggerMinMagnitude: no automatic simulation
2024/09/26 05:48:44.261802 [Incident:Info:toast@toast-new:Incident removed] Removed incident - Bye
