2025/05/19 13:00:23.533675 [Incident:Info:toast@toast-new:Displacement(s) updated] Added 0 and changed 0 displacements with 0 amplitudes
2025/05/19 13:00:23.564311 [Incident:Info:toast@toast-new:Incident created] Incident created based on event received from messaging: OT: 2025-05-19 05:48:31,  Lat/Lon: -30.17°/-177.09°, Depth: 10.00, Mag: 5.56 (M)
2025/05/19 13:00:23.564612 [Simulation:Info:toast@toast-new:Simulation not generated] Magnitude 5.56 of event bmg2025jsox is smaller than triggerMinMagnitude: no automatic simulation
2025/05/19 13:00:23.572422 [Incident:Info:toast@toast-new:Origin updated] Origin updated: OT: 2025-05-19 05:48:31,  Lat/Lon: -30.1741°/-177.094°, Depth: 10
2025/05/19 13:00:23.572475 [Simulation:Info:toast@toast-new:Simulation not generated] Magnitude 5.56 of event bmg2025jsox is smaller than triggerMinMagnitude: no automatic simulation
2025/05/19 13:00:35.499188 [Incident:Info:toast@toast-new:Origin updated] Origin updated: OT: 2025-05-19 05:48:30,  Lat/Lon: -30.1598°/-177.096°, Depth: 10
2025/05/19 13:00:35.499372 [Incident:Info:toast@toast-new:Magnitude updated] Magnitude updated: 5.57 (M)
2025/05/19 13:00:35.499446 [Simulation:Info:toast@toast-new:Simulation not generated] Magnitude 5.57 of event bmg2025jsox is smaller than triggerMinMagnitude: no automatic simulation
2025/05/19 13:00:53.189079 [Incident:Info:toast@toast-new:Origin updated] Origin updated: OT: 2025-05-19 05:48:30,  Lat/Lon: -29.9357°/-177.111°, Depth: 10
2025/05/19 13:00:53.189288 [Incident:Info:toast@toast-new:Magnitude updated] Magnitude updated: 5.71 (M)
2025/05/19 13:00:53.189366 [Simulation:Info:toast@toast-new:Simulation not generated] Magnitude 5.71 of event bmg2025jsox is smaller than triggerMinMagnitude: no automatic simulation
2025/05/19 13:01:04.865410 [Incident:Info:toast@toast-new:Origin updated] Origin updated: OT: 2025-05-19 05:48:30,  Lat/Lon: -29.9357°/-177.111°, Depth: 10
2025/05/19 13:01:04.865569 [Incident:Info:toast@toast-new:Magnitude updated] Magnitude updated: 5.68 (M)
2025/05/19 13:01:04.865668 [Simulation:Info:toast@toast-new:Simulation not generated] Magnitude 5.68 of event bmg2025jsox is smaller than triggerMinMagnitude: no automatic simulation
2025/05/19 13:01:22.256810 [Incident:Info:toast@toast-new:Origin updated] Origin updated: OT: 2025-05-19 05:48:30,  Lat/Lon: -29.9386°/-177.112°, Depth: 10
2025/05/19 13:01:22.256925 [Incident:Info:toast@toast-new:Magnitude updated] Magnitude updated: 5.68 (M)
2025/05/19 13:01:22.256968 [Simulation:Info:toast@toast-new:Simulation not generated] Magnitude 5.68 of event bmg2025jsox is smaller than triggerMinMagnitude: no automatic simulation
2025/05/19 13:01:34.864599 [Incident:Info:toast@toast-new:Origin updated] Origin updated: OT: 2025-05-19 05:48:30,  Lat/Lon: -29.9289°/-177.114°, Depth: 10
2025/05/19 13:01:34.864731 [Incident:Info:toast@toast-new:Magnitude updated] Magnitude updated: 5.68 (M)
2025/05/19 13:01:34.864778 [Simulation:Info:toast@toast-new:Simulation not generated] Magnitude 5.68 of event bmg2025jsox is smaller than triggerMinMagnitude: no automatic simulation
2025/05/19 13:01:59.460338 [Incident:Info:toast@toast-new:Origin updated] Origin updated: OT: 2025-05-19 05:48:30,  Lat/Lon: -29.9088°/-177.109°, Depth: 10
2025/05/19 13:01:59.460529 [Incident:Info:toast@toast-new:Magnitude updated] Magnitude updated: 5.69 (M)
2025/05/19 13:01:59.460609 [Simulation:Info:toast@toast-new:Simulation not generated] Magnitude 5.69 of event bmg2025jsox is smaller than triggerMinMagnitude: no automatic simulation
2025/05/19 13:02:20.819593 [Incident:Info:toast@toast-new:Origin updated] Origin updated: OT: 2025-05-19 05:48:30,  Lat/Lon: -29.9186°/-177.112°, Depth: 10
2025/05/19 13:02:20.819771 [Incident:Info:toast@toast-new:Magnitude updated] Magnitude updated: 5.69 (M)
2025/05/19 13:02:20.819846 [Simulation:Info:toast@toast-new:Simulation not generated] Magnitude 5.69 of event bmg2025jsox is smaller than triggerMinMagnitude: no automatic simulation
2025/05/19 13:02:39.013943 [Incident:Info:toast@toast-new:Origin updated] Origin updated: OT: 2025-05-19 05:48:30,  Lat/Lon: -29.9183°/-177.112°, Depth: 10
2025/05/19 13:02:39.014143 [Incident:Info:toast@toast-new:Magnitude updated] Magnitude updated: 5.69 (M)
2025/05/19 13:02:39.014226 [Simulation:Info:toast@toast-new:Simulation not generated] Magnitude 5.69 of event bmg2025jsox is smaller than triggerMinMagnitude: no automatic simulation
2025/05/19 13:02:49.857157 [Incident:Info:toast@toast-new:Origin updated] Origin updated: OT: 2025-05-19 05:48:30,  Lat/Lon: -29.9183°/-177.112°, Depth: 10
2025/05/19 13:02:49.857335 [Incident:Info:toast@toast-new:Magnitude updated] Magnitude updated: 5.65 (M)
2025/05/19 13:02:49.857439 [Simulation:Info:toast@toast-new:Simulation not generated] Magnitude 5.65 of event bmg2025jsox is smaller than triggerMinMagnitude: no automatic simulation
2025/05/19 13:08:36.189963 [Incident:Info:toast@toast-new:Origin updated] Origin updated: OT: 2025-05-19 05:48:30,  Lat/Lon: -29.9053°/-177.117°, Depth: 10
2025/05/19 13:08:36.192126 [Incident:Info:toast@toast-new:Magnitude updated] Magnitude updated: 5.66 (M)
2025/05/19 13:08:36.192190 [Simulation:Info:toast@toast-new:Simulation not generated] Magnitude 5.66 of event bmg2025jsox is smaller than triggerMinMagnitude: no automatic simulation
2025/05/19 15:09:59.834467 [Incident:Info:toast@toast-new:Origin updated] Origin updated: OT: 2025-05-19 05:48:30,  Lat/Lon: -29.9053°/-177.117°, Depth: 10
2025/05/19 15:09:59.836521 [Incident:Info:toast@toast-new:Magnitude updated] Magnitude updated: 5.66 (M)
2025/05/19 15:09:59.836555 [Simulation:Info:toast@toast-new:Simulation not generated] Magnitude 5.66 of event bmg2025jsox is smaller than triggerMinMagnitude: no automatic simulation
