2024/09/21 09:41:37.112050 [Incident:Info:toast@toast-new:Displacement(s) updated] Added 0 and changed 0 displacements with 0 amplitudes
2024/09/21 09:41:37.126833 [Incident:Info:toast@toast-new:Incident created] Incident created based on event received from messaging: OT: 2024-09-21 02:32:24,  Lat/Lon: -28.73°/-176.37°, Depth: 80.12, Mag: 5.69 (M)
2024/09/21 09:41:37.162874 [Simulation:Info:toast@toast-new:Simulation not generated] Magnitude 5.69 of event bmg2024sonv is smaller than triggerMinMagnitude: no automatic simulation
2024/09/21 09:41:37.527296 [Incident:Info:toast@toast-new:Origin updated] Origin updated: OT: 2024-09-21 02:32:24,  Lat/Lon: -28.7299°/-176.372°, Depth: 80.1221
2024/09/21 09:41:37.527462 [Simulation:Info:toast@toast-new:Simulation not generated] Magnitude 5.69 of event bmg2024sonv is smaller than triggerMinMagnitude: no automatic simulation
2024/09/21 09:41:53.783999 [Incident:Info:toast@toast-new:Origin updated] Origin updated: OT: 2024-09-21 02:32:24,  Lat/Lon: -28.7237°/-176.362°, Depth: 90.1261
2024/09/21 09:41:53.784170 [Incident:Info:toast@toast-new:Magnitude updated] Magnitude updated: 5.68 (M)
2024/09/21 09:41:53.784200 [Simulation:Info:toast@toast-new:Simulation not generated] Magnitude 5.68 of event bmg2024sonv is smaller than triggerMinMagnitude: no automatic simulation
2024/09/21 09:42:07.057119 [Incident:Info:toast@toast-new:Origin updated] Origin updated: OT: 2024-09-21 02:32:24,  Lat/Lon: -28.7281°/-176.357°, Depth: 90.9677
2024/09/21 09:42:07.057329 [Incident:Info:toast@toast-new:Magnitude updated] Magnitude updated: 5.68 (M)
2024/09/21 09:42:07.057371 [Simulation:Info:toast@toast-new:Simulation not generated] Magnitude 5.68 of event bmg2024sonv is smaller than triggerMinMagnitude: no automatic simulation
2024/09/21 09:42:17.076734 [Incident:Info:toast@toast-new:Origin updated] Origin updated: OT: 2024-09-21 02:32:24,  Lat/Lon: -28.7308°/-176.354°, Depth: 93.1418
2024/09/21 09:42:17.076938 [Incident:Info:toast@toast-new:Magnitude updated] Magnitude updated: 5.68 (M)
2024/09/21 09:42:17.076980 [Simulation:Info:toast@toast-new:Simulation not generated] Magnitude 5.68 of event bmg2024sonv is smaller than triggerMinMagnitude: no automatic simulation
2024/09/21 09:42:28.097834 [Incident:Info:toast@toast-new:Origin updated] Origin updated: OT: 2024-09-21 02:32:24,  Lat/Lon: -28.734°/-176.349°, Depth: 95.787
2024/09/21 09:42:28.098026 [Incident:Info:toast@toast-new:Magnitude updated] Magnitude updated: 5.68 (M)
2024/09/21 09:42:28.098058 [Simulation:Info:toast@toast-new:Simulation not generated] Magnitude 5.68 of event bmg2024sonv is smaller than triggerMinMagnitude: no automatic simulation
2024/09/21 09:42:32.742273 [Incident:Info:toast@toast-new:Origin updated] Origin updated: OT: 2024-09-21 02:32:24,  Lat/Lon: -28.734°/-176.349°, Depth: 95.787
2024/09/21 09:42:32.742439 [Incident:Info:toast@toast-new:Magnitude updated] Magnitude updated: 5.63 (M)
2024/09/21 09:42:32.742497 [Simulation:Info:toast@toast-new:Simulation not generated] Magnitude 5.63 of event bmg2024sonv is smaller than triggerMinMagnitude: no automatic simulation
2024/09/21 09:42:45.395085 [Incident:Info:toast@toast-new:Origin updated] Origin updated: OT: 2024-09-21 02:32:24,  Lat/Lon: -28.7335°/-176.349°, Depth: 96.0633
2024/09/21 09:42:45.395244 [Incident:Info:toast@toast-new:Magnitude updated] Magnitude updated: 5.60 (M)
2024/09/21 09:42:45.395278 [Simulation:Info:toast@toast-new:Simulation not generated] Magnitude 5.60 of event bmg2024sonv is smaller than triggerMinMagnitude: no automatic simulation
2024/09/21 09:42:57.081349 [Incident:Info:toast@toast-new:Origin updated] Origin updated: OT: 2024-09-21 02:32:25,  Lat/Lon: -28.6797°/-176.417°, Depth: 92.5541
2024/09/21 09:42:57.081551 [Incident:Info:toast@toast-new:Magnitude updated] Magnitude updated: 5.61 (M)
2024/09/21 09:42:57.081593 [Simulation:Info:toast@toast-new:Simulation not generated] Magnitude 5.61 of event bmg2024sonv is smaller than triggerMinMagnitude: no automatic simulation
2024/09/21 09:43:17.475063 [Incident:Info:toast@toast-new:Origin updated] Origin updated: OT: 2024-09-21 02:32:25,  Lat/Lon: -28.6764°/-176.417°, Depth: 94.1848
2024/09/21 09:43:17.475274 [Incident:Info:toast@toast-new:Magnitude updated] Magnitude updated: 5.60 (M)
2024/09/21 09:43:17.475308 [Simulation:Info:toast@toast-new:Simulation not generated] Magnitude 5.60 of event bmg2024sonv is smaller than triggerMinMagnitude: no automatic simulation
2024/09/21 09:43:22.734183 [Incident:Info:toast@toast-new:Origin updated] Origin updated: OT: 2024-09-21 02:32:25,  Lat/Lon: -28.6764°/-176.417°, Depth: 94.1848
2024/09/21 09:43:22.734356 [Incident:Info:toast@toast-new:Magnitude updated] Magnitude updated: 5.61 (M)
2024/09/21 09:43:22.734402 [Simulation:Info:toast@toast-new:Simulation not generated] Magnitude 5.61 of event bmg2024sonv is smaller than triggerMinMagnitude: no automatic simulation
2024/09/21 09:43:37.844979 [Incident:Info:toast@toast-new:Origin updated] Origin updated: OT: 2024-09-21 02:32:25,  Lat/Lon: -28.6805°/-176.413°, Depth: 94.6289
2024/09/21 09:43:37.845228 [Incident:Info:toast@toast-new:Magnitude updated] Magnitude updated: 5.61 (M)
2024/09/21 09:43:37.845290 [Simulation:Info:toast@toast-new:Simulation not generated] Magnitude 5.61 of event bmg2024sonv is smaller than triggerMinMagnitude: no automatic simulation
2024/09/21 09:43:52.025509 [Incident:Info:toast@toast-new:Origin updated] Origin updated: OT: 2024-09-21 02:32:25,  Lat/Lon: -28.689°/-176.414°, Depth: 92.5155
2024/09/21 09:43:52.025686 [Incident:Info:toast@toast-new:Magnitude updated] Magnitude updated: 5.62 (M)
2024/09/21 09:43:52.025720 [Simulation:Info:toast@toast-new:Simulation not generated] Magnitude 5.62 of event bmg2024sonv is smaller than triggerMinMagnitude: no automatic simulation
2024/09/21 09:44:12.723156 [Incident:Info:toast@toast-new:Origin updated] Origin updated: OT: 2024-09-21 02:32:25,  Lat/Lon: -28.689°/-176.414°, Depth: 92.5155
2024/09/21 09:44:12.723324 [Incident:Info:toast@toast-new:Magnitude updated] Magnitude updated: 5.60 (M)
2024/09/21 09:44:12.723364 [Simulation:Info:toast@toast-new:Simulation not generated] Magnitude 5.60 of event bmg2024sonv is smaller than triggerMinMagnitude: no automatic simulation
2024/09/21 09:44:14.585559 [Incident:Info:toast@toast-new:Origin updated] Origin updated: OT: 2024-09-21 02:32:24,  Lat/Lon: -28.6999°/-176.417°, Depth: 90.0364
2024/09/21 09:44:14.585763 [Incident:Info:toast@toast-new:Magnitude updated] Magnitude updated: 5.60 (M)
2024/09/21 09:44:14.585810 [Simulation:Info:toast@toast-new:Simulation not generated] Magnitude 5.60 of event bmg2024sonv is smaller than triggerMinMagnitude: no automatic simulation
2024/09/21 09:44:29.565006 [Incident:Info:toast@toast-new:Origin updated] Origin updated: OT: 2024-09-21 02:32:24,  Lat/Lon: -28.7174°/-176.422°, Depth: 86.0553
2024/09/21 09:44:29.565201 [Incident:Info:toast@toast-new:Magnitude updated] Magnitude updated: 5.60 (M)
2024/09/21 09:44:29.565234 [Simulation:Info:toast@toast-new:Simulation not generated] Magnitude 5.60 of event bmg2024sonv is smaller than triggerMinMagnitude: no automatic simulation
2024/09/21 09:44:47.165696 [Incident:Info:toast@toast-new:Origin updated] Origin updated: OT: 2024-09-21 02:32:24,  Lat/Lon: -28.7291°/-176.427°, Depth: 82.971
2024/09/21 09:44:47.165930 [Incident:Info:toast@toast-new:Magnitude updated] Magnitude updated: 5.61 (M)
2024/09/21 09:44:47.165971 [Simulation:Info:toast@toast-new:Simulation not generated] Magnitude 5.61 of event bmg2024sonv is smaller than triggerMinMagnitude: no automatic simulation
2024/09/21 09:44:47.753476 [Incident:Info:toast@toast-new:Origin updated] Origin updated: OT: 2024-09-21 02:32:24,  Lat/Lon: -28.7291°/-176.427°, Depth: 82.971
2024/09/21 09:44:47.753652 [Incident:Info:toast@toast-new:Magnitude updated] Magnitude updated: 5.63 (M)
2024/09/21 09:44:47.753697 [Simulation:Info:toast@toast-new:Simulation not generated] Magnitude 5.63 of event bmg2024sonv is smaller than triggerMinMagnitude: no automatic simulation
2024/09/21 09:44:52.736518 [Incident:Info:toast@toast-new:Origin updated] Origin updated: OT: 2024-09-21 02:32:24,  Lat/Lon: -28.7291°/-176.427°, Depth: 82.971
2024/09/21 09:44:52.736701 [Incident:Info:toast@toast-new:Magnitude updated] Magnitude updated: 5.63 (M)
2024/09/21 09:44:52.736736 [Simulation:Info:toast@toast-new:Simulation not generated] Magnitude 5.63 of event bmg2024sonv is smaller than triggerMinMagnitude: no automatic simulation
2024/09/21 09:44:57.751197 [Incident:Info:toast@toast-new:Origin updated] Origin updated: OT: 2024-09-21 02:32:24,  Lat/Lon: -28.7291°/-176.427°, Depth: 82.971
2024/09/21 09:44:57.751368 [Incident:Info:toast@toast-new:Magnitude updated] Magnitude updated: 5.60 (M)
2024/09/21 09:44:57.751397 [Simulation:Info:toast@toast-new:Simulation not generated] Magnitude 5.60 of event bmg2024sonv is smaller than triggerMinMagnitude: no automatic simulation
2024/09/21 09:45:02.142176 [Incident:Info:toast@toast-new:Origin updated] Origin updated: OT: 2024-09-21 02:32:24,  Lat/Lon: -28.7225°/-176.438°, Depth: 81.8927
2024/09/21 09:45:02.142363 [Incident:Info:toast@toast-new:Magnitude updated] Magnitude updated: 5.59 (M)
2024/09/21 09:45:02.142394 [Simulation:Info:toast@toast-new:Simulation not generated] Magnitude 5.59 of event bmg2024sonv is smaller than triggerMinMagnitude: no automatic simulation
2024/09/21 09:45:07.737086 [Incident:Info:toast@toast-new:Origin updated] Origin updated: OT: 2024-09-21 02:32:24,  Lat/Lon: -28.7225°/-176.438°, Depth: 81.8927
2024/09/21 09:45:07.737250 [Incident:Info:toast@toast-new:Magnitude updated] Magnitude updated: 5.58 (M)
2024/09/21 09:45:07.737281 [Simulation:Info:toast@toast-new:Simulation not generated] Magnitude 5.58 of event bmg2024sonv is smaller than triggerMinMagnitude: no automatic simulation
2024/09/21 09:45:18.420016 [Incident:Info:toast@toast-new:Origin updated] Origin updated: OT: 2024-09-21 02:32:24,  Lat/Lon: -28.7231°/-176.436°, Depth: 82.0089
2024/09/21 09:45:18.420213 [Incident:Info:toast@toast-new:Magnitude updated] Magnitude updated: 5.58 (M)
2024/09/21 09:45:18.420270 [Simulation:Info:toast@toast-new:Simulation not generated] Magnitude 5.58 of event bmg2024sonv is smaller than triggerMinMagnitude: no automatic simulation
2024/09/21 09:45:22.727974 [Incident:Info:toast@toast-new:Origin updated] Origin updated: OT: 2024-09-21 02:32:24,  Lat/Lon: -28.7231°/-176.436°, Depth: 82.0089
2024/09/21 09:45:22.728136 [Incident:Info:toast@toast-new:Magnitude updated] Magnitude updated: 5.55 (M)
2024/09/21 09:45:22.728171 [Simulation:Info:toast@toast-new:Simulation not generated] Magnitude 5.55 of event bmg2024sonv is smaller than triggerMinMagnitude: no automatic simulation
2024/09/21 09:45:27.724289 [Incident:Info:toast@toast-new:Origin updated] Origin updated: OT: 2024-09-21 02:32:24,  Lat/Lon: -28.7231°/-176.436°, Depth: 82.0089
2024/09/21 09:45:27.724459 [Incident:Info:toast@toast-new:Magnitude updated] Magnitude updated: 5.54 (M)
2024/09/21 09:45:27.724509 [Simulation:Info:toast@toast-new:Simulation not generated] Magnitude 5.54 of event bmg2024sonv is smaller than triggerMinMagnitude: no automatic simulation
2024/09/21 09:45:36.852083 [Incident:Info:toast@toast-new:Origin updated] Origin updated: OT: 2024-09-21 02:32:24,  Lat/Lon: -28.728°/-176.438°, Depth: 80.6754
2024/09/21 09:45:36.852288 [Incident:Info:toast@toast-new:Magnitude updated] Magnitude updated: 5.54 (M)
2024/09/21 09:45:36.852327 [Simulation:Info:toast@toast-new:Simulation not generated] Magnitude 5.54 of event bmg2024sonv is smaller than triggerMinMagnitude: no automatic simulation
2024/09/21 09:45:57.259966 [Incident:Info:toast@toast-new:Origin updated] Origin updated: OT: 2024-09-21 02:32:24,  Lat/Lon: -28.7346°/-176.441°, Depth: 78.9135
2024/09/21 09:45:57.260197 [Incident:Info:toast@toast-new:Magnitude updated] Magnitude updated: 5.59 (M)
2024/09/21 09:45:57.260267 [Simulation:Info:toast@toast-new:Simulation not generated] Magnitude 5.59 of event bmg2024sonv is smaller than triggerMinMagnitude: no automatic simulation
2024/09/21 09:45:57.742548 [Incident:Info:toast@toast-new:Origin updated] Origin updated: OT: 2024-09-21 02:32:24,  Lat/Lon: -28.7346°/-176.441°, Depth: 78.9135
2024/09/21 09:45:57.742757 [Incident:Info:toast@toast-new:Magnitude updated] Magnitude updated: 5.59 (M)
2024/09/21 09:45:57.742806 [Simulation:Info:toast@toast-new:Simulation not generated] Magnitude 5.59 of event bmg2024sonv is smaller than triggerMinMagnitude: no automatic simulation
2024/09/21 09:46:07.731340 [Incident:Info:toast@toast-new:Origin updated] Origin updated: OT: 2024-09-21 02:32:24,  Lat/Lon: -28.7346°/-176.441°, Depth: 78.9135
2024/09/21 09:46:07.731519 [Incident:Info:toast@toast-new:Magnitude updated] Magnitude updated: 5.59 (M)
2024/09/21 09:46:07.731549 [Simulation:Info:toast@toast-new:Simulation not generated] Magnitude 5.59 of event bmg2024sonv is smaller than triggerMinMagnitude: no automatic simulation
2024/09/21 09:46:58.477024 [Incident:Info:toast@toast-new:Origin updated] Origin updated: OT: 2024-09-21 02:32:24,  Lat/Lon: -28.7725°/-176.511°, Depth: 73.0815
2024/09/21 09:46:58.477215 [Incident:Info:toast@toast-new:Magnitude updated] Magnitude updated: 5.60 (M)
2024/09/21 09:46:58.477254 [Simulation:Info:toast@toast-new:Simulation not generated] Magnitude 5.60 of event bmg2024sonv is smaller than triggerMinMagnitude: no automatic simulation
2024/09/21 09:52:09.865425 [Incident:Info:toast@toast-new:Origin updated] Origin updated: OT: 2024-09-21 02:32:24,  Lat/Lon: -28.7725°/-176.511°, Depth: 73.0815
2024/09/21 09:52:09.865613 [Simulation:Info:toast@toast-new:Simulation not generated] Magnitude 5.60 of event bmg2024sonv is smaller than triggerMinMagnitude: no automatic simulation
2024/09/21 09:56:51.198481 [Incident:Info:toast@toast-new:Origin updated] Origin updated: OT: 2024-09-21 02:32:24,  Lat/Lon: -28.7725°/-176.511°, Depth: 73.0815
2024/09/21 09:56:51.198680 [Incident:Info:toast@toast-new:FM updated] FM updated
2024/09/21 09:56:51.198952 [Simulation:Info:toast@toast-new:Simulation not generated] Magnitude 5.60 of event bmg2024sonv is smaller than triggerMinMagnitude: no automatic simulation
2024/09/21 09:59:09.190486 [Incident:Info:toast@toast-new:Origin updated] Origin updated: OT: 2024-09-21 02:32:24,  Lat/Lon: -28.7725°/-176.511°, Depth: 73.0815
2024/09/21 09:59:09.190684 [Incident:Info:toast@toast-new:FM updated] FM updated
2024/09/21 09:59:09.190996 [Simulation:Info:toast@toast-new:Simulation not generated] Magnitude 5.60 of event bmg2024sonv is smaller than triggerMinMagnitude: no automatic simulation
2024/09/21 09:59:32.882198 [Incident:Info:toast@toast-new:Origin updated] Origin updated: OT: 2024-09-21 02:32:24,  Lat/Lon: -28.7725°/-176.511°, Depth: 73.0815
2024/09/21 09:59:32.882370 [Simulation:Info:toast@toast-new:Simulation not generated] Magnitude 5.60 of event bmg2024sonv is smaller than triggerMinMagnitude: no automatic simulation
2024/09/21 09:59:40.499770 [Incident:Info:toast@toast-new:Origin updated] Origin updated: OT: 2024-09-21 02:32:24,  Lat/Lon: -28.7725°/-176.511°, Depth: 73.0815
2024/09/21 09:59:40.499934 [Simulation:Info:toast@toast-new:Simulation not generated] Magnitude 5.60 of event bmg2024sonv is smaller than triggerMinMagnitude: no automatic simulation
2024/09/21 09:59:49.919258 [Incident:Info:toast@toast-new:Origin updated] Origin updated: OT: 2024-09-21 02:32:24,  Lat/Lon: -28.7725°/-176.511°, Depth: 73.0815
2024/09/21 09:59:49.919434 [Simulation:Info:toast@toast-new:Simulation not generated] Magnitude 5.60 of event bmg2024sonv is smaller than triggerMinMagnitude: no automatic simulation
2024/09/21 10:00:00.084215 [Incident:Info:toast@toast-new:Origin updated] Origin updated: OT: 2024-09-21 02:32:24,  Lat/Lon: -28.7725°/-176.511°, Depth: 73.0815
2024/09/21 10:00:00.084416 [Simulation:Info:toast@toast-new:Simulation not generated] Magnitude 5.60 of event bmg2024sonv is smaller than triggerMinMagnitude: no automatic simulation
2024/09/21 10:00:30.822521 [Incident:Info:toast@toast-new:Origin updated] Origin updated: OT: 2024-09-21 02:32:24,  Lat/Lon: -28.7725°/-176.511°, Depth: 73.0815
2024/09/21 10:00:30.822623 [Simulation:Info:toast@toast-new:Simulation not generated] Magnitude 5.60 of event bmg2024sonv is smaller than triggerMinMagnitude: no automatic simulation
2024/09/21 10:00:39.874488 [Incident:Info:toast@toast-new:Origin updated] Origin updated: OT: 2024-09-21 02:32:24,  Lat/Lon: -28.7725°/-176.511°, Depth: 73.0815
2024/09/21 10:00:39.874687 [Simulation:Info:toast@toast-new:Simulation not generated] Magnitude 5.60 of event bmg2024sonv is smaller than triggerMinMagnitude: no automatic simulation
2024/09/21 10:00:50.025401 [Incident:Info:toast@toast-new:Origin updated] Origin updated: OT: 2024-09-21 02:32:24,  Lat/Lon: -28.7725°/-176.511°, Depth: 73.0815
2024/09/21 10:00:50.025589 [Simulation:Info:toast@toast-new:Simulation not generated] Magnitude 5.60 of event bmg2024sonv is smaller than triggerMinMagnitude: no automatic simulation
2024/09/21 10:01:01.031669 [Incident:Info:toast@toast-new:Origin updated] Origin updated: OT: 2024-09-21 02:32:24,  Lat/Lon: -28.7725°/-176.511°, Depth: 73.0815
2024/09/21 10:01:01.031868 [Simulation:Info:toast@toast-new:Simulation not generated] Magnitude 5.60 of event bmg2024sonv is smaller than triggerMinMagnitude: no automatic simulation
2024/09/21 10:03:22.938069 [Incident:Info:toast@toast-new:Origin updated] Origin updated: OT: 2024-09-21 02:32:24,  Lat/Lon: -28.7725°/-176.511°, Depth: 73.0815
2024/09/21 10:03:22.938232 [Incident:Info:toast@toast-new:FM updated] FM updated
2024/09/21 10:03:22.938481 [Simulation:Info:toast@toast-new:Simulation not generated] Magnitude 5.60 of event bmg2024sonv is smaller than triggerMinMagnitude: no automatic simulation
2024/09/21 10:03:41.505147 [Incident:Info:toast@toast-new:Origin updated] Origin updated: OT: 2024-09-21 02:32:24,  Lat/Lon: -28.7725°/-176.511°, Depth: 73.0815
2024/09/21 10:03:41.505406 [Incident:Info:toast@toast-new:FM updated] FM updated
2024/09/21 10:03:41.505733 [Simulation:Info:toast@toast-new:Simulation not generated] Magnitude 5.60 of event bmg2024sonv is smaller than triggerMinMagnitude: no automatic simulation
2024/09/21 10:04:50.010016 [Incident:Info:toast@toast-new:Origin updated] Origin updated: OT: 2024-09-21 02:32:24,  Lat/Lon: -28.7725°/-176.511°, Depth: 73.0815
2024/09/21 10:04:50.010192 [Simulation:Info:toast@toast-new:Simulation not generated] Magnitude 5.60 of event bmg2024sonv is smaller than triggerMinMagnitude: no automatic simulation
2024/09/21 10:05:23.183752 [Incident:Info:toast@toast-new:Origin updated] Origin updated: OT: 2024-09-21 02:32:24,  Lat/Lon: -28.7725°/-176.511°, Depth: 73.0815
2024/09/21 10:05:23.183924 [Incident:Info:toast@toast-new:FM updated] FM updated
2024/09/21 10:05:23.184088 [Simulation:Info:toast@toast-new:Simulation not generated] Magnitude 5.60 of event bmg2024sonv is smaller than triggerMinMagnitude: no automatic simulation
2024/09/21 10:05:52.946082 [Incident:Info:toast@toast-new:Origin updated] Origin updated: OT: 2024-09-21 02:32:24,  Lat/Lon: -28.7725°/-176.511°, Depth: 73.0815
2024/09/21 10:05:52.946339 [Simulation:Info:toast@toast-new:Simulation not generated] Magnitude 5.60 of event bmg2024sonv is smaller than triggerMinMagnitude: no automatic simulation
2024/09/21 10:06:12.964886 [Incident:Info:toast@toast-new:Origin updated] Origin updated: OT: 2024-09-21 02:32:24,  Lat/Lon: -28.7725°/-176.511°, Depth: 73.0815
2024/09/21 10:06:12.965085 [Incident:Info:toast@toast-new:FM updated] FM updated
2024/09/21 10:06:12.965237 [Simulation:Info:toast@toast-new:Simulation not generated] Magnitude 5.60 of event bmg2024sonv is smaller than triggerMinMagnitude: no automatic simulation
2024/09/21 10:09:32.911621 [Incident:Info:toast@toast-new:Origin updated] Origin updated: OT: 2024-09-21 02:32:24,  Lat/Lon: -28.7725°/-176.511°, Depth: 73.0815
2024/09/21 10:09:32.911913 [Incident:Info:toast@toast-new:FM updated] FM updated
2024/09/21 10:09:32.912143 [Simulation:Info:toast@toast-new:Simulation not generated] Magnitude 5.60 of event bmg2024sonv is smaller than triggerMinMagnitude: no automatic simulation
2024/09/21 10:14:13.031877 [Incident:Info:toast@toast-new:Origin updated] Origin updated: OT: 2024-09-21 02:32:24,  Lat/Lon: -28.7725°/-176.511°, Depth: 73.0815
2024/09/21 10:14:13.032202 [Incident:Info:toast@toast-new:FM updated] FM updated
2024/09/21 10:14:13.032476 [Simulation:Info:toast@toast-new:Simulation not generated] Magnitude 5.60 of event bmg2024sonv is smaller than triggerMinMagnitude: no automatic simulation
2024/09/21 10:15:13.079326 [Incident:Info:toast@toast-new:Origin updated] Origin updated: OT: 2024-09-21 02:32:24,  Lat/Lon: -28.7725°/-176.511°, Depth: 73.0815
2024/09/21 10:15:13.079598 [Simulation:Info:toast@toast-new:Simulation not generated] Magnitude 5.60 of event bmg2024sonv is smaller than triggerMinMagnitude: no automatic simulation
2024/09/21 10:15:23.115131 [Incident:Info:toast@toast-new:Origin updated] Origin updated: OT: 2024-09-21 02:32:24,  Lat/Lon: -28.7725°/-176.511°, Depth: 73.0815
2024/09/21 10:15:23.115390 [Simulation:Info:toast@toast-new:Simulation not generated] Magnitude 5.60 of event bmg2024sonv is smaller than triggerMinMagnitude: no automatic simulation
2024/09/21 10:15:32.967605 [Incident:Info:toast@toast-new:Origin updated] Origin updated: OT: 2024-09-21 02:32:24,  Lat/Lon: -28.7725°/-176.511°, Depth: 73.0815
2024/09/21 10:15:32.967877 [Simulation:Info:toast@toast-new:Simulation not generated] Magnitude 5.60 of event bmg2024sonv is smaller than triggerMinMagnitude: no automatic simulation
2024/09/21 10:16:13.067335 [Incident:Info:toast@toast-new:Origin updated] Origin updated: OT: 2024-09-21 02:32:24,  Lat/Lon: -28.7725°/-176.511°, Depth: 73.0815
2024/09/21 10:16:13.067602 [Simulation:Info:toast@toast-new:Simulation not generated] Magnitude 5.60 of event bmg2024sonv is smaller than triggerMinMagnitude: no automatic simulation
2024/09/21 10:17:08.666304 [Incident:Info:toast@toast-new:Origin updated] Origin updated: OT: 2024-09-21 02:32:24,  Lat/Lon: -28.7725°/-176.511°, Depth: 73.0815
2024/09/21 10:17:08.666612 [Incident:Info:toast@toast-new:FM updated] FM updated
2024/09/21 10:17:08.666877 [Simulation:Info:toast@toast-new:Simulation not generated] Magnitude 5.60 of event bmg2024sonv is smaller than triggerMinMagnitude: no automatic simulation
2024/09/21 10:20:03.074222 [Incident:Info:toast@toast-new:Origin updated] Origin updated: OT: 2024-09-21 02:32:24,  Lat/Lon: -28.7725°/-176.511°, Depth: 73.0815
2024/09/21 10:20:03.074476 [Incident:Info:toast@toast-new:FM updated] FM updated
2024/09/21 10:20:03.074721 [Simulation:Info:toast@toast-new:Simulation not generated] Magnitude 5.60 of event bmg2024sonv is smaller than triggerMinMagnitude: no automatic simulation
2024/09/21 10:36:59.155671 [Incident:Info:toast@toast-new:Origin updated] Origin updated: OT: 2024-09-21 02:32:24,  Lat/Lon: -28.7725°/-176.511°, Depth: 73.0816
2024/09/21 10:36:59.155993 [Incident:Info:toast@toast-new:Magnitude updated] Magnitude updated: 5.60 (M)
2024/09/21 10:36:59.156074 [Simulation:Info:toast@toast-new:Simulation not generated] Magnitude 5.60 of event bmg2024sonv is smaller than triggerMinMagnitude: no automatic simulation
2024/09/21 18:24:14.308958 [Incident:Info:toast@toast-new:Origin updated] Origin updated: OT: 2024-09-21 02:32:23,  Lat/Lon: -28.8183°/-176.642°, Depth: 66.1975
2024/09/21 18:24:14.309194 [Incident:Info:toast@toast-new:Magnitude updated] Magnitude updated: 5.64 (Mw(mB))
2024/09/21 18:24:14.309252 [Simulation:Info:toast@toast-new:Simulation not generated] Magnitude 5.64 of event bmg2024sonv is smaller than triggerMinMagnitude: no automatic simulation
2024/09/21 18:24:19.250871 [Incident:Info:toast@toast-new:Origin updated] Origin updated: OT: 2024-09-21 02:32:23,  Lat/Lon: -28.8183°/-176.642°, Depth: 66.1975
2024/09/21 18:24:19.251062 [Incident:Info:toast@toast-new:Magnitude updated] Magnitude updated: 5.53 (mb)
2024/09/21 18:24:19.251118 [Simulation:Info:toast@toast-new:Simulation not generated] Magnitude 5.53 of event bmg2024sonv is smaller than triggerMinMagnitude: no automatic simulation
2024/09/21 18:24:29.587796 [Incident:Info:toast@toast-new:Origin updated] Origin updated: OT: 2024-09-21 02:32:23,  Lat/Lon: -28.8183°/-176.642°, Depth: 66.1975
2024/09/21 18:24:29.588007 [Simulation:Info:toast@toast-new:Simulation not generated] Magnitude 5.53 of event bmg2024sonv is smaller than triggerMinMagnitude: no automatic simulation
2024/09/21 18:24:29.603964 [Incident:Info:toast@toast-new:Origin updated] Origin updated: OT: 2024-09-21 02:32:23,  Lat/Lon: -28.8183°/-176.642°, Depth: 66.1975
2024/09/21 18:24:29.604083 [Simulation:Info:toast@toast-new:Simulation not generated] Magnitude 5.53 of event bmg2024sonv is smaller than triggerMinMagnitude: no automatic simulation
2024/09/26 05:48:44.451882 [Incident:Info:toast@toast-new:Incident removed] Removed incident - Bye
