2025/06/24 09:00:53.250719 [Incident:Info:toast@toast-new:Displacement(s) updated] Added 0 and changed 0 displacements with 0 amplitudes
2025/06/24 09:00:53.251240 [Incident:Info:toast@toast-new:Incident created] Incident created based on event received from messaging: OT: 2025-06-24 01:58:03,  Lat/Lon: 8.28°/130.05°, Depth: 10.00, Mag: 6.79 (M)
2025/06/24 09:00:53.253850 [Simulation:Info:toast@toast-new:Simulation(s) started] No nodal plane available. Starting Simulation(s) with fault plane, Lat/Lon: 8.28°/ 130.05° (MT), Depth: 10.00km (MT), Mag: 6.79 (MT)
2025/06/24 09:00:53.255652 [Simulation:Info:toast@toast-new:Simulation running] TsunAWI: Looking for matching scenarios
2025/06/24 09:00:53.259852 [Simulation:Info:toast@toast-new:Simulation finished] TsunAWI: No matching scenarios
2025/06/24 09:00:53.271529 [Simulation:Error:toast@toast-new:Simulation aborted] EasyWave2: No patches have been generated: Distance to fault outside interval [2 deg, 10 deg]
2025/06/24 09:00:53.277329 [Incident:Info:toast@toast-new:Origin updated] Origin updated: OT: 2025-06-24 01:58:03,  Lat/Lon: 8.282°/130.054°, Depth: 10
2025/06/24 09:00:53.279192 [Simulation:Info:toast@toast-new:Simulation(s) started] No nodal plane available. Starting Simulation(s) with fault plane, Lat/Lon: 8.28°/ 130.05° (MT), Depth: 10.00km (MT), Mag: 6.79 (MT)
2025/06/24 09:00:53.280771 [Simulation:Info:toast@toast-new:Simulation running] TsunAWI: Looking for matching scenarios
2025/06/24 09:00:53.281585 [Simulation:Info:toast@toast-new:No simulation returned] TsunAWI simulation backend returned no simulation.
2025/06/24 09:00:53.283290 [Simulation:Info:toast@toast-new:No simulation returned] EasyWave2 simulation backend returned no simulation.
2025/06/24 09:00:53.284529 [Simulation:Info:toast@toast-new:Simulation finished] TsunAWI: No matching scenarios
2025/06/24 09:00:53.293611 [Simulation:Error:toast@toast-new:Simulation aborted] EasyWave2: No patches have been generated: Distance to fault outside interval [2 deg, 10 deg]
2025/06/24 09:00:53.331144 [Simulation:Info:toast@toast-new:No simulation returned] TsunAWI simulation backend returned no simulation.
2025/06/24 09:00:53.331787 [Simulation:Info:toast@toast-new:No simulation returned] EasyWave2 simulation backend returned no simulation.
2025/06/24 09:00:59.212786 [Incident:Info:toast@toast-new:Origin updated] Origin updated: OT: 2025-06-24 01:58:03,  Lat/Lon: 8.282°/130.054°, Depth: 10
2025/06/24 09:00:59.213183 [Incident:Info:toast@toast-new:Magnitude updated] Magnitude updated: 7.04 (Mw(mB))
2025/06/24 09:00:59.215215 [Simulation:Info:toast@toast-new:Simulation(s) started] No nodal plane available. Starting Simulation(s) with fault plane, Lat/Lon: 8.28°/ 130.05° (MT), Depth: 10.00km (MT), Mag: 7.04 (MT)
2025/06/24 09:00:59.217181 [Simulation:Info:toast@toast-new:Simulation running] TsunAWI: Looking for matching scenarios
2025/06/24 09:00:59.221136 [Simulation:Info:toast@toast-new:Simulation finished] TsunAWI: No matching scenarios
2025/06/24 09:00:59.241159 [Simulation:Error:toast@toast-new:Simulation aborted] EasyWave2: No patches have been generated: Distance to fault outside interval [2 deg, 10 deg]
2025/06/24 09:00:59.248283 [Incident:Info:toast@toast-new:Origin updated] Origin updated: OT: 2025-06-24 01:58:03,  Lat/Lon: 8.282°/130.054°, Depth: 10
2025/06/24 09:00:59.251019 [Simulation:Info:toast@toast-new:Simulation(s) started] No nodal plane available. Starting Simulation(s) with fault plane, Lat/Lon: 8.28°/ 130.05° (MT), Depth: 10.00km (MT), Mag: 7.04 (MT)
2025/06/24 09:00:59.253293 [Simulation:Info:toast@toast-new:Simulation running] TsunAWI: Looking for matching scenarios
2025/06/24 09:00:59.254320 [Simulation:Info:toast@toast-new:No simulation returned] TsunAWI simulation backend returned no simulation.
2025/06/24 09:00:59.256001 [Simulation:Info:toast@toast-new:No simulation returned] EasyWave2 simulation backend returned no simulation.
2025/06/24 09:00:59.256893 [Simulation:Info:toast@toast-new:Simulation finished] TsunAWI: No matching scenarios
2025/06/24 09:00:59.263506 [Simulation:Error:toast@toast-new:Simulation aborted] EasyWave2: No patches have been generated: Distance to fault outside interval [2 deg, 10 deg]
2025/06/24 09:00:59.306008 [Simulation:Info:toast@toast-new:No simulation returned] TsunAWI simulation backend returned no simulation.
2025/06/24 09:00:59.306780 [Simulation:Info:toast@toast-new:No simulation returned] EasyWave2 simulation backend returned no simulation.
2025/06/24 09:01:01.738649 [Incident:Info:toast@toast-new:Origin updated] Origin updated: OT: 2025-06-24 01:58:07,  Lat/Lon: 8.07467°/129.827°, Depth: 10
2025/06/24 09:01:01.739078 [Incident:Info:toast@toast-new:Magnitude updated] Magnitude updated: 6.97 (Mw(mB))
2025/06/24 09:01:01.741093 [Simulation:Info:toast@toast-new:Simulation(s) started] No nodal plane available. Starting Simulation(s) with fault plane, Lat/Lon: 8.07°/ 129.83° (MT), Depth: 10.00km (MT), Mag: 6.97 (MT)
2025/06/24 09:01:01.743075 [Simulation:Info:toast@toast-new:Simulation running] TsunAWI: Looking for matching scenarios
2025/06/24 09:01:01.747375 [Simulation:Info:toast@toast-new:Simulation finished] TsunAWI: No matching scenarios
2025/06/24 09:01:01.767047 [Simulation:Error:toast@toast-new:Simulation aborted] EasyWave2: No patches have been generated: Distance to fault outside interval [2 deg, 10 deg]
2025/06/24 09:01:01.794639 [Simulation:Info:toast@toast-new:No simulation returned] TsunAWI simulation backend returned no simulation.
2025/06/24 09:01:01.795514 [Simulation:Info:toast@toast-new:No simulation returned] EasyWave2 simulation backend returned no simulation.
2025/06/24 09:01:09.285386 [Incident:Info:toast@toast-new:Origin updated] Origin updated: OT: 2025-06-24 01:58:07,  Lat/Lon: 8.07467°/129.827°, Depth: 10
2025/06/24 09:01:09.285830 [Incident:Info:toast@toast-new:Magnitude updated] Magnitude updated: 6.94 (Mw(mB))
2025/06/24 09:01:09.287900 [Simulation:Info:toast@toast-new:Simulation(s) started] No nodal plane available. Starting Simulation(s) with fault plane, Lat/Lon: 8.07°/ 129.83° (MT), Depth: 10.00km (MT), Mag: 6.94 (MT)
2025/06/24 09:01:09.289800 [Simulation:Info:toast@toast-new:Simulation running] TsunAWI: Looking for matching scenarios
2025/06/24 09:01:09.293795 [Simulation:Info:toast@toast-new:Simulation finished] TsunAWI: No matching scenarios
2025/06/24 09:01:09.306495 [Simulation:Info:toast@toast-new:No simulation returned] TsunAWI simulation backend returned no simulation.
2025/06/24 09:01:09.312833 [Simulation:Error:toast@toast-new:Simulation aborted] EasyWave2: No patches have been generated: Distance to fault outside interval [2 deg, 10 deg]
2025/06/24 09:01:09.354390 [Simulation:Info:toast@toast-new:No simulation returned] EasyWave2 simulation backend returned no simulation.
2025/06/24 09:01:13.380012 [Incident:Info:toast@toast-new:Origin updated] Origin updated: OT: 2025-06-24 01:58:10,  Lat/Lon: 7.86649°/129.69°, Depth: 10
2025/06/24 09:01:13.380457 [Incident:Info:toast@toast-new:Magnitude updated] Magnitude updated: 6.83 (Mw(mB))
2025/06/24 09:01:13.382717 [Simulation:Info:toast@toast-new:Simulation(s) started] No nodal plane available. Starting Simulation(s) with fault plane, Lat/Lon: 7.87°/ 129.69° (MT), Depth: 10.00km (MT), Mag: 6.83 (MT)
2025/06/24 09:01:13.384737 [Simulation:Info:toast@toast-new:Simulation running] TsunAWI: Looking for matching scenarios
2025/06/24 09:01:13.388904 [Simulation:Info:toast@toast-new:Simulation finished] TsunAWI: No matching scenarios
2025/06/24 09:01:13.407732 [Simulation:Error:toast@toast-new:Simulation aborted] EasyWave2: No patches have been generated: Distance to fault outside interval [2 deg, 10 deg]
2025/06/24 09:01:13.435596 [Simulation:Info:toast@toast-new:No simulation returned] TsunAWI simulation backend returned no simulation.
2025/06/24 09:01:13.436544 [Simulation:Info:toast@toast-new:No simulation returned] EasyWave2 simulation backend returned no simulation.
2025/06/24 09:01:19.269256 [Incident:Info:toast@toast-new:Origin updated] Origin updated: OT: 2025-06-24 01:58:10,  Lat/Lon: 7.86649°/129.69°, Depth: 10
2025/06/24 09:01:19.269677 [Incident:Info:toast@toast-new:Magnitude updated] Magnitude updated: 6.86 (Mw(mB))
2025/06/24 09:01:19.271402 [Simulation:Info:toast@toast-new:Simulation(s) started] No nodal plane available. Starting Simulation(s) with fault plane, Lat/Lon: 7.87°/ 129.69° (MT), Depth: 10.00km (MT), Mag: 6.86 (MT)
2025/06/24 09:01:19.273019 [Simulation:Info:toast@toast-new:Simulation running] TsunAWI: Looking for matching scenarios
2025/06/24 09:01:19.276424 [Simulation:Info:toast@toast-new:Simulation finished] TsunAWI: No matching scenarios
2025/06/24 09:01:19.281076 [Simulation:Info:toast@toast-new:No simulation returned] TsunAWI simulation backend returned no simulation.
2025/06/24 09:01:19.297957 [Simulation:Error:toast@toast-new:Simulation aborted] EasyWave2: No patches have been generated: Distance to fault outside interval [2 deg, 10 deg]
2025/06/24 09:01:19.323625 [Simulation:Info:toast@toast-new:No simulation returned] EasyWave2 simulation backend returned no simulation.
2025/06/24 09:01:25.475170 [Incident:Info:toast@toast-new:Origin updated] Origin updated: OT: 2025-06-24 01:58:11,  Lat/Lon: 7.80147°/129.6°, Depth: 10
2025/06/24 09:01:25.475541 [Incident:Info:toast@toast-new:Magnitude updated] Magnitude updated: 6.63 (M)
2025/06/24 09:01:25.477223 [Simulation:Info:toast@toast-new:Simulation(s) started] No nodal plane available. Starting Simulation(s) with fault plane, Lat/Lon: 7.80°/ 129.60° (MT), Depth: 10.00km (MT), Mag: 6.63 (MT)
2025/06/24 09:01:25.478562 [Simulation:Info:toast@toast-new:Simulation running] TsunAWI: Looking for matching scenarios
2025/06/24 09:01:25.481669 [Simulation:Info:toast@toast-new:Simulation finished] TsunAWI: No matching scenarios
2025/06/24 09:01:25.488639 [Simulation:Error:toast@toast-new:Simulation aborted] EasyWave2: No patches have been generated: Distance to fault outside interval [2 deg, 10 deg]
2025/06/24 09:01:25.528333 [Simulation:Info:toast@toast-new:No simulation returned] TsunAWI simulation backend returned no simulation.
2025/06/24 09:01:25.529217 [Simulation:Info:toast@toast-new:No simulation returned] EasyWave2 simulation backend returned no simulation.
2025/06/24 09:01:29.293683 [Incident:Info:toast@toast-new:Origin updated] Origin updated: OT: 2025-06-24 01:58:11,  Lat/Lon: 7.80147°/129.6°, Depth: 10
2025/06/24 09:01:29.294153 [Incident:Info:toast@toast-new:Magnitude updated] Magnitude updated: 6.67 (Mw(mB))
2025/06/24 09:01:29.296117 [Simulation:Info:toast@toast-new:Simulation(s) started] No nodal plane available. Starting Simulation(s) with fault plane, Lat/Lon: 7.80°/ 129.60° (MT), Depth: 10.00km (MT), Mag: 6.67 (MT)
2025/06/24 09:01:29.297831 [Simulation:Info:toast@toast-new:Simulation running] TsunAWI: Looking for matching scenarios
2025/06/24 09:01:29.301505 [Simulation:Info:toast@toast-new:Simulation finished] TsunAWI: No matching scenarios
2025/06/24 09:01:29.322384 [Simulation:Error:toast@toast-new:Simulation aborted] EasyWave2: No patches have been generated: Distance to fault outside interval [2 deg, 10 deg]
2025/06/24 09:01:29.328681 [Incident:Info:toast@toast-new:Origin updated] Origin updated: OT: 2025-06-24 01:58:11,  Lat/Lon: 7.80147°/129.6°, Depth: 10
2025/06/24 09:01:29.330998 [Simulation:Info:toast@toast-new:Simulation(s) started] No nodal plane available. Starting Simulation(s) with fault plane, Lat/Lon: 7.80°/ 129.60° (MT), Depth: 10.00km (MT), Mag: 6.67 (MT)
2025/06/24 09:01:29.333172 [Simulation:Info:toast@toast-new:Simulation running] TsunAWI: Looking for matching scenarios
2025/06/24 09:01:29.333990 [Simulation:Info:toast@toast-new:No simulation returned] TsunAWI simulation backend returned no simulation.
2025/06/24 09:01:29.335316 [Simulation:Info:toast@toast-new:No simulation returned] EasyWave2 simulation backend returned no simulation.
2025/06/24 09:01:29.337130 [Simulation:Info:toast@toast-new:Simulation finished] TsunAWI: No matching scenarios
2025/06/24 09:01:29.350269 [Simulation:Error:toast@toast-new:Simulation aborted] EasyWave2: No patches have been generated: Distance to fault outside interval [2 deg, 10 deg]
2025/06/24 09:01:29.374543 [Simulation:Info:toast@toast-new:No simulation returned] TsunAWI simulation backend returned no simulation.
2025/06/24 09:01:29.375561 [Simulation:Info:toast@toast-new:No simulation returned] EasyWave2 simulation backend returned no simulation.
2025/06/24 09:01:34.294958 [Incident:Info:toast@toast-new:Origin updated] Origin updated: OT: 2025-06-24 01:58:11,  Lat/Lon: 7.80147°/129.6°, Depth: 10
2025/06/24 09:01:34.295395 [Incident:Info:toast@toast-new:Magnitude updated] Magnitude updated: 6.66 (Mw(mB))
2025/06/24 09:01:34.297194 [Simulation:Info:toast@toast-new:Simulation(s) started] No nodal plane available. Starting Simulation(s) with fault plane, Lat/Lon: 7.80°/ 129.60° (MT), Depth: 10.00km (MT), Mag: 6.66 (MT)
2025/06/24 09:01:34.298718 [Simulation:Info:toast@toast-new:Simulation running] TsunAWI: Looking for matching scenarios
2025/06/24 09:01:34.301361 [Simulation:Info:toast@toast-new:Simulation finished] TsunAWI: No matching scenarios
2025/06/24 09:01:34.303706 [Simulation:Info:toast@toast-new:No simulation returned] TsunAWI simulation backend returned no simulation.
2025/06/24 09:01:34.321783 [Simulation:Error:toast@toast-new:Simulation aborted] EasyWave2: No patches have been generated: Distance to fault outside interval [2 deg, 10 deg]
2025/06/24 09:01:34.347407 [Simulation:Info:toast@toast-new:No simulation returned] EasyWave2 simulation backend returned no simulation.
2025/06/24 09:01:39.278554 [Incident:Info:toast@toast-new:Origin updated] Origin updated: OT: 2025-06-24 01:58:11,  Lat/Lon: 7.80147°/129.6°, Depth: 10
2025/06/24 09:01:39.279161 [Incident:Info:toast@toast-new:Magnitude updated] Magnitude updated: 6.63 (Mw(mB))
2025/06/24 09:01:39.281310 [Simulation:Info:toast@toast-new:Simulation(s) started] No nodal plane available. Starting Simulation(s) with fault plane, Lat/Lon: 7.80°/ 129.60° (MT), Depth: 10.00km (MT), Mag: 6.63 (MT)
2025/06/24 09:01:39.283282 [Simulation:Info:toast@toast-new:Simulation running] TsunAWI: Looking for matching scenarios
2025/06/24 09:01:39.287273 [Simulation:Info:toast@toast-new:Simulation finished] TsunAWI: No matching scenarios
2025/06/24 09:01:39.292818 [Simulation:Info:toast@toast-new:No simulation returned] TsunAWI simulation backend returned no simulation.
2025/06/24 09:01:39.307585 [Simulation:Error:toast@toast-new:Simulation aborted] EasyWave2: No patches have been generated: Distance to fault outside interval [2 deg, 10 deg]
2025/06/24 09:01:39.339493 [Simulation:Info:toast@toast-new:No simulation returned] EasyWave2 simulation backend returned no simulation.
2025/06/24 09:01:42.347515 [Incident:Info:toast@toast-new:Origin updated] Origin updated: OT: 2025-06-24 01:58:11,  Lat/Lon: 7.81107°/129.625°, Depth: 10
2025/06/24 09:01:42.348111 [Incident:Info:toast@toast-new:Magnitude updated] Magnitude updated: 6.64 (Mw(mB))
2025/06/24 09:01:42.350339 [Simulation:Info:toast@toast-new:Simulation(s) started] No nodal plane available. Starting Simulation(s) with fault plane, Lat/Lon: 7.81°/ 129.62° (MT), Depth: 10.00km (MT), Mag: 6.64 (MT)
2025/06/24 09:01:42.352363 [Simulation:Info:toast@toast-new:Simulation running] TsunAWI: Looking for matching scenarios
2025/06/24 09:01:42.356517 [Simulation:Info:toast@toast-new:Simulation finished] TsunAWI: No matching scenarios
2025/06/24 09:01:42.375088 [Simulation:Error:toast@toast-new:Simulation aborted] EasyWave2: No patches have been generated: Distance to fault outside interval [2 deg, 10 deg]
2025/06/24 09:01:42.407859 [Simulation:Info:toast@toast-new:No simulation returned] TsunAWI simulation backend returned no simulation.
2025/06/24 09:01:42.409230 [Simulation:Info:toast@toast-new:No simulation returned] EasyWave2 simulation backend returned no simulation.
2025/06/24 09:01:44.267749 [Incident:Info:toast@toast-new:Origin updated] Origin updated: OT: 2025-06-24 01:58:11,  Lat/Lon: 7.81107°/129.625°, Depth: 10
2025/06/24 09:01:44.268386 [Incident:Info:toast@toast-new:Magnitude updated] Magnitude updated: 6.63 (Mw(mB))
2025/06/24 09:01:44.270319 [Simulation:Info:toast@toast-new:Simulation(s) started] No nodal plane available. Starting Simulation(s) with fault plane, Lat/Lon: 7.81°/ 129.62° (MT), Depth: 10.00km (MT), Mag: 6.63 (MT)
2025/06/24 09:01:44.272462 [Simulation:Info:toast@toast-new:Simulation running] TsunAWI: Looking for matching scenarios
2025/06/24 09:01:44.276386 [Simulation:Info:toast@toast-new:Simulation finished] TsunAWI: No matching scenarios
2025/06/24 09:01:44.283403 [Simulation:Info:toast@toast-new:No simulation returned] TsunAWI simulation backend returned no simulation.
2025/06/24 09:01:44.295582 [Simulation:Error:toast@toast-new:Simulation aborted] EasyWave2: No patches have been generated: Distance to fault outside interval [2 deg, 10 deg]
2025/06/24 09:01:44.328255 [Simulation:Info:toast@toast-new:No simulation returned] EasyWave2 simulation backend returned no simulation.
2025/06/24 09:01:49.240035 [Incident:Info:toast@toast-new:Origin updated] Origin updated: OT: 2025-06-24 01:58:11,  Lat/Lon: 7.81107°/129.625°, Depth: 10
2025/06/24 09:01:49.240697 [Incident:Info:toast@toast-new:Magnitude updated] Magnitude updated: 6.59 (Mw(mB))
2025/06/24 09:01:49.242877 [Simulation:Info:toast@toast-new:Simulation(s) started] No nodal plane available. Starting Simulation(s) with fault plane, Lat/Lon: 7.81°/ 129.62° (MT), Depth: 10.00km (MT), Mag: 6.59 (MT)
2025/06/24 09:01:49.244956 [Simulation:Info:toast@toast-new:Simulation running] TsunAWI: Looking for matching scenarios
2025/06/24 09:01:49.249032 [Simulation:Info:toast@toast-new:Simulation finished] TsunAWI: No matching scenarios
2025/06/24 09:01:49.249900 [Simulation:Info:toast@toast-new:No simulation returned] TsunAWI simulation backend returned no simulation.
2025/06/24 09:01:49.268075 [Simulation:Error:toast@toast-new:Simulation aborted] EasyWave2: No patches have been generated: Distance to fault outside interval [2 deg, 10 deg]
2025/06/24 09:01:49.292154 [Simulation:Info:toast@toast-new:No simulation returned] EasyWave2 simulation backend returned no simulation.
2025/06/24 09:01:54.220984 [Incident:Info:toast@toast-new:Origin updated] Origin updated: OT: 2025-06-24 01:58:11,  Lat/Lon: 7.81107°/129.625°, Depth: 10
2025/06/24 09:01:54.221641 [Incident:Info:toast@toast-new:Magnitude updated] Magnitude updated: 6.61 (Mw(mB))
2025/06/24 09:01:54.223735 [Simulation:Info:toast@toast-new:Simulation(s) started] No nodal plane available. Starting Simulation(s) with fault plane, Lat/Lon: 7.81°/ 129.62° (MT), Depth: 10.00km (MT), Mag: 6.61 (MT)
2025/06/24 09:01:54.225764 [Simulation:Info:toast@toast-new:Simulation running] TsunAWI: Looking for matching scenarios
2025/06/24 09:01:54.229741 [Simulation:Info:toast@toast-new:Simulation finished] TsunAWI: No matching scenarios
2025/06/24 09:01:54.232721 [Simulation:Info:toast@toast-new:No simulation returned] TsunAWI simulation backend returned no simulation.
2025/06/24 09:01:54.248276 [Simulation:Error:toast@toast-new:Simulation aborted] EasyWave2: No patches have been generated: Distance to fault outside interval [2 deg, 10 deg]
2025/06/24 09:01:54.276255 [Simulation:Info:toast@toast-new:No simulation returned] EasyWave2 simulation backend returned no simulation.
2025/06/24 09:01:59.152564 [Incident:Info:toast@toast-new:Origin updated] Origin updated: OT: 2025-06-24 01:58:11,  Lat/Lon: 7.81107°/129.625°, Depth: 10
2025/06/24 09:01:59.153275 [Incident:Info:toast@toast-new:Magnitude updated] Magnitude updated: 6.64 (Mw(mB))
2025/06/24 09:01:59.155478 [Simulation:Info:toast@toast-new:Simulation(s) started] No nodal plane available. Starting Simulation(s) with fault plane, Lat/Lon: 7.81°/ 129.62° (MT), Depth: 10.00km (MT), Mag: 6.64 (MT)
2025/06/24 09:01:59.157672 [Simulation:Info:toast@toast-new:Simulation running] TsunAWI: Looking for matching scenarios
2025/06/24 09:01:59.161999 [Simulation:Info:toast@toast-new:Simulation finished] TsunAWI: No matching scenarios
2025/06/24 09:01:59.180530 [Simulation:Error:toast@toast-new:Simulation aborted] EasyWave2: No patches have been generated: Distance to fault outside interval [2 deg, 10 deg]
2025/06/24 09:01:59.199882 [Simulation:Info:toast@toast-new:No simulation returned] TsunAWI simulation backend returned no simulation.
2025/06/24 09:01:59.201289 [Simulation:Info:toast@toast-new:No simulation returned] EasyWave2 simulation backend returned no simulation.
2025/06/24 09:01:59.586793 [Incident:Info:toast@toast-new:Origin updated] Origin updated: OT: 2025-06-24 01:58:13,  Lat/Lon: 7.656°/129.563°, Depth: 10
2025/06/24 09:01:59.587518 [Incident:Info:toast@toast-new:Magnitude updated] Magnitude updated: 6.63 (Mw(mB))
2025/06/24 09:01:59.589641 [Simulation:Info:toast@toast-new:Simulation(s) started] No nodal plane available. Starting Simulation(s) with fault plane, Lat/Lon: 7.66°/ 129.56° (MT), Depth: 10.00km (MT), Mag: 6.63 (MT)
2025/06/24 09:01:59.591648 [Simulation:Info:toast@toast-new:Simulation running] TsunAWI: Looking for matching scenarios
2025/06/24 09:01:59.595509 [Simulation:Info:toast@toast-new:Simulation finished] TsunAWI: No matching scenarios
2025/06/24 09:01:59.616283 [Simulation:Error:toast@toast-new:Simulation aborted] EasyWave2: No patches have been generated: Distance to fault outside interval [2 deg, 10 deg]
2025/06/24 09:01:59.641648 [Simulation:Info:toast@toast-new:No simulation returned] TsunAWI simulation backend returned no simulation.
2025/06/24 09:01:59.643019 [Simulation:Info:toast@toast-new:No simulation returned] EasyWave2 simulation backend returned no simulation.
2025/06/24 09:02:03.227007 [Incident:Info:toast@toast-new:Origin updated] Origin updated: OT: 2025-06-24 01:58:18,  Lat/Lon: 7.3194°/129.371°, Depth: 10
2025/06/24 09:02:03.227799 [Incident:Info:toast@toast-new:Magnitude updated] Magnitude updated: 6.56 (Mw(mB))
2025/06/24 09:02:03.230068 [Simulation:Info:toast@toast-new:Simulation(s) started] No nodal plane available. Starting Simulation(s) with fault plane, Lat/Lon: 7.32°/ 129.37° (MT), Depth: 10.00km (MT), Mag: 6.56 (MT)
2025/06/24 09:02:03.232281 [Simulation:Info:toast@toast-new:Simulation running] TsunAWI: Looking for matching scenarios
2025/06/24 09:02:03.236566 [Simulation:Info:toast@toast-new:Simulation finished] TsunAWI: No matching scenarios
2025/06/24 09:02:03.254975 [Simulation:Error:toast@toast-new:Simulation aborted] EasyWave2: No patches have been generated: Distance to fault outside interval [2 deg, 10 deg]
2025/06/24 09:02:03.283655 [Simulation:Info:toast@toast-new:No simulation returned] TsunAWI simulation backend returned no simulation.
2025/06/24 09:02:03.285163 [Simulation:Info:toast@toast-new:No simulation returned] EasyWave2 simulation backend returned no simulation.
2025/06/24 09:02:18.514631 [Incident:Info:toast@toast-new:Origin updated] Origin updated: OT: 2025-06-24 01:58:18,  Lat/Lon: 7.46179°/129.469°, Depth: 80.4911
2025/06/24 09:02:18.515555 [Incident:Info:toast@toast-new:Magnitude updated] Magnitude updated: 6.48 (Mw(mB))
2025/06/24 09:02:18.516053 [Simulation:Info:toast@toast-new:Simulation not generated] Magnitude 6.48 of event bmg2025mgbl is smaller than triggerMinMagnitude: no automatic simulation
2025/06/24 09:02:19.248495 [Incident:Info:toast@toast-new:Origin updated] Origin updated: OT: 2025-06-24 01:58:18,  Lat/Lon: 7.46179°/129.469°, Depth: 80.4911
2025/06/24 09:02:19.249405 [Incident:Info:toast@toast-new:Magnitude updated] Magnitude updated: 6.48 (Mw(mB))
2025/06/24 09:02:19.249881 [Simulation:Info:toast@toast-new:Simulation not generated] Magnitude 6.48 of event bmg2025mgbl is smaller than triggerMinMagnitude: no automatic simulation
2025/06/24 09:02:22.588929 [Incident:Info:toast@toast-new:Origin updated] Origin updated: OT: 2025-06-24 01:58:18,  Lat/Lon: 7.46179°/129.469°, Depth: 80.4911
2025/06/24 09:02:22.590611 [Incident:Info:toast@toast-new:Magnitude updated] Magnitude updated: 6.47 (Mw(mB))
2025/06/24 09:02:22.591133 [Simulation:Info:toast@toast-new:Simulation not generated] Magnitude 6.47 of event bmg2025mgbl is smaller than triggerMinMagnitude: no automatic simulation
2025/06/24 09:02:24.360709 [Incident:Info:toast@toast-new:Origin updated] Origin updated: OT: 2025-06-24 01:58:18,  Lat/Lon: 7.46179°/129.469°, Depth: 80.4911
2025/06/24 09:02:24.361515 [Incident:Info:toast@toast-new:Magnitude updated] Magnitude updated: 6.46 (Mw(mB))
2025/06/24 09:02:24.361920 [Simulation:Info:toast@toast-new:Simulation not generated] Magnitude 6.46 of event bmg2025mgbl is smaller than triggerMinMagnitude: no automatic simulation
2025/06/24 09:02:29.454048 [Incident:Info:toast@toast-new:Origin updated] Origin updated: OT: 2025-06-24 01:58:18,  Lat/Lon: 7.46179°/129.469°, Depth: 80.4911
2025/06/24 09:02:29.454728 [Incident:Info:toast@toast-new:Magnitude updated] Magnitude updated: 6.44 (Mw(mB))
2025/06/24 09:02:29.455087 [Simulation:Info:toast@toast-new:Simulation not generated] Magnitude 6.44 of event bmg2025mgbl is smaller than triggerMinMagnitude: no automatic simulation
2025/06/24 09:02:34.422809 [Incident:Info:toast@toast-new:Origin updated] Origin updated: OT: 2025-06-24 01:58:18,  Lat/Lon: 7.46179°/129.469°, Depth: 80.4911
2025/06/24 09:02:34.423559 [Incident:Info:toast@toast-new:Magnitude updated] Magnitude updated: 6.46 (Mw(mB))
2025/06/24 09:02:34.423972 [Simulation:Info:toast@toast-new:Simulation not generated] Magnitude 6.46 of event bmg2025mgbl is smaller than triggerMinMagnitude: no automatic simulation
2025/06/24 09:02:59.315816 [Incident:Info:toast@toast-new:Origin updated] Origin updated: OT: 2025-06-24 01:58:19,  Lat/Lon: 7.43504°/129.455°, Depth: 76.9929
2025/06/24 09:02:59.316709 [Incident:Info:toast@toast-new:Magnitude updated] Magnitude updated: 6.46 (Mw(mB))
2025/06/24 09:02:59.317193 [Simulation:Info:toast@toast-new:Simulation not generated] Magnitude 6.46 of event bmg2025mgbl is smaller than triggerMinMagnitude: no automatic simulation
2025/06/24 09:03:15.043690 [Incident:Info:toast@toast-new:Origin updated] Origin updated: OT: 2025-06-24 01:58:16,  Lat/Lon: 7.58059°/129.601°, Depth: 62.5594
2025/06/24 09:03:15.044485 [Incident:Info:toast@toast-new:Magnitude updated] Magnitude updated: 6.53 (Mw(mB))
2025/06/24 09:03:15.046451 [Simulation:Info:toast@toast-new:Simulation(s) started] No nodal plane available. Starting Simulation(s) with fault plane, Lat/Lon: 7.58°/ 129.60° (MT), Depth: 62.56km (MT), Mag: 6.53 (MT)
2025/06/24 09:03:15.048596 [Simulation:Info:toast@toast-new:Simulation running] TsunAWI: Looking for matching scenarios
2025/06/24 09:03:15.052682 [Simulation:Info:toast@toast-new:Simulation finished] TsunAWI: No matching scenarios
2025/06/24 09:03:15.073581 [Simulation:Error:toast@toast-new:Simulation aborted] EasyWave2: No patches have been generated: Distance to fault outside interval [2 deg, 10 deg]
2025/06/24 09:03:15.106540 [Simulation:Info:toast@toast-new:No simulation returned] TsunAWI simulation backend returned no simulation.
2025/06/24 09:03:15.108198 [Simulation:Info:toast@toast-new:No simulation returned] EasyWave2 simulation backend returned no simulation.
2025/06/24 09:03:15.241716 [Incident:Info:toast@toast-new:Origin updated] Origin updated: OT: 2025-06-24 01:58:16,  Lat/Lon: 7.58059°/129.601°, Depth: 62.5594
2025/06/24 09:03:15.242603 [Incident:Info:toast@toast-new:Magnitude updated] Magnitude updated: 6.53 (Mw(mB))
2025/06/24 09:03:15.244797 [Simulation:Info:toast@toast-new:Simulation(s) started] No nodal plane available. Starting Simulation(s) with fault plane, Lat/Lon: 7.58°/ 129.60° (MT), Depth: 62.56km (MT), Mag: 6.53 (MT)
2025/06/24 09:03:15.246958 [Simulation:Info:toast@toast-new:Simulation running] TsunAWI: Looking for matching scenarios
2025/06/24 09:03:15.251215 [Simulation:Info:toast@toast-new:Simulation finished] TsunAWI: No matching scenarios
2025/06/24 09:03:15.264327 [Simulation:Error:toast@toast-new:Simulation aborted] EasyWave2: No patches have been generated: Distance to fault outside interval [2 deg, 10 deg]
2025/06/24 09:03:15.290550 [Simulation:Info:toast@toast-new:No simulation returned] TsunAWI simulation backend returned no simulation.
2025/06/24 09:03:15.292143 [Simulation:Info:toast@toast-new:No simulation returned] EasyWave2 simulation backend returned no simulation.
2025/06/24 09:03:19.321880 [Incident:Info:toast@toast-new:Origin updated] Origin updated: OT: 2025-06-24 01:58:16,  Lat/Lon: 7.58059°/129.601°, Depth: 62.5594
2025/06/24 09:03:19.322812 [Incident:Info:toast@toast-new:Magnitude updated] Magnitude updated: 6.55 (Mw(mB))
2025/06/24 09:03:19.325140 [Simulation:Info:toast@toast-new:Simulation(s) started] No nodal plane available. Starting Simulation(s) with fault plane, Lat/Lon: 7.58°/ 129.60° (MT), Depth: 62.56km (MT), Mag: 6.55 (MT)
2025/06/24 09:03:19.327312 [Simulation:Info:toast@toast-new:Simulation running] TsunAWI: Looking for matching scenarios
2025/06/24 09:03:19.331296 [Simulation:Info:toast@toast-new:Simulation finished] TsunAWI: No matching scenarios
2025/06/24 09:03:19.333198 [Simulation:Info:toast@toast-new:No simulation returned] TsunAWI simulation backend returned no simulation.
2025/06/24 09:03:19.351354 [Simulation:Error:toast@toast-new:Simulation aborted] EasyWave2: No patches have been generated: Distance to fault outside interval [2 deg, 10 deg]
2025/06/24 09:03:19.377517 [Simulation:Info:toast@toast-new:No simulation returned] EasyWave2 simulation backend returned no simulation.
2025/06/24 09:03:21.380562 [Incident:Info:toast@toast-new:Origin updated] Origin updated: OT: 2025-06-24 01:58:16,  Lat/Lon: 7.58059°/129.601°, Depth: 62.5594
2025/06/24 09:03:21.381533 [Incident:Info:toast@toast-new:Magnitude updated] Magnitude updated: 6.55 (Mw(mB))
2025/06/24 09:03:21.384023 [Simulation:Info:toast@toast-new:Simulation(s) started] No nodal plane available. Starting Simulation(s) with fault plane, Lat/Lon: 7.58°/ 129.60° (MT), Depth: 62.56km (MT), Mag: 6.55 (MT)
2025/06/24 09:03:21.386110 [Simulation:Info:toast@toast-new:Simulation running] TsunAWI: Looking for matching scenarios
2025/06/24 09:03:21.389883 [Simulation:Info:toast@toast-new:Simulation finished] TsunAWI: No matching scenarios
2025/06/24 09:03:21.393372 [Simulation:Info:toast@toast-new:No simulation returned] TsunAWI simulation backend returned no simulation.
2025/06/24 09:03:21.411831 [Simulation:Error:toast@toast-new:Simulation aborted] EasyWave2: No patches have been generated: Distance to fault outside interval [2 deg, 10 deg]
2025/06/24 09:03:21.436584 [Simulation:Info:toast@toast-new:No simulation returned] EasyWave2 simulation backend returned no simulation.
2025/06/24 09:03:24.410029 [Incident:Info:toast@toast-new:Origin updated] Origin updated: OT: 2025-06-24 01:58:16,  Lat/Lon: 7.58059°/129.601°, Depth: 62.5594
2025/06/24 09:03:24.411032 [Incident:Info:toast@toast-new:Magnitude updated] Magnitude updated: 6.56 (Mw(mB))
2025/06/24 09:03:24.413290 [Simulation:Info:toast@toast-new:Simulation(s) started] No nodal plane available. Starting Simulation(s) with fault plane, Lat/Lon: 7.58°/ 129.60° (MT), Depth: 62.56km (MT), Mag: 6.56 (MT)
2025/06/24 09:03:24.415565 [Simulation:Info:toast@toast-new:Simulation running] TsunAWI: Looking for matching scenarios
2025/06/24 09:03:24.419466 [Simulation:Info:toast@toast-new:Simulation finished] TsunAWI: No matching scenarios
2025/06/24 09:03:24.441127 [Simulation:Error:toast@toast-new:Simulation aborted] EasyWave2: No patches have been generated: Distance to fault outside interval [2 deg, 10 deg]
2025/06/24 09:03:24.481293 [Simulation:Info:toast@toast-new:No simulation returned] TsunAWI simulation backend returned no simulation.
2025/06/24 09:03:24.483149 [Simulation:Info:toast@toast-new:No simulation returned] EasyWave2 simulation backend returned no simulation.
2025/06/24 09:03:29.404638 [Incident:Info:toast@toast-new:Origin updated] Origin updated: OT: 2025-06-24 01:58:16,  Lat/Lon: 7.58059°/129.601°, Depth: 62.5594
2025/06/24 09:03:29.405587 [Incident:Info:toast@toast-new:Magnitude updated] Magnitude updated: 6.55 (Mw(mB))
2025/06/24 09:03:29.407860 [Simulation:Info:toast@toast-new:Simulation(s) started] No nodal plane available. Starting Simulation(s) with fault plane, Lat/Lon: 7.58°/ 129.60° (MT), Depth: 62.56km (MT), Mag: 6.55 (MT)
2025/06/24 09:03:29.410078 [Simulation:Info:toast@toast-new:Simulation running] TsunAWI: Looking for matching scenarios
2025/06/24 09:03:29.414124 [Simulation:Info:toast@toast-new:Simulation finished] TsunAWI: No matching scenarios
2025/06/24 09:03:29.417992 [Simulation:Info:toast@toast-new:No simulation returned] TsunAWI simulation backend returned no simulation.
2025/06/24 09:03:29.433585 [Simulation:Error:toast@toast-new:Simulation aborted] EasyWave2: No patches have been generated: Distance to fault outside interval [2 deg, 10 deg]
2025/06/24 09:03:29.463274 [Simulation:Info:toast@toast-new:No simulation returned] EasyWave2 simulation backend returned no simulation.
2025/06/24 09:03:35.049934 [Incident:Info:toast@toast-new:Origin updated] Origin updated: OT: 2025-06-24 01:58:16,  Lat/Lon: 7.60116°/129.62°, Depth: 40.4142
2025/06/24 09:03:35.050824 [Incident:Info:toast@toast-new:Magnitude updated] Magnitude updated: 6.62 (Mw(mB))
2025/06/24 09:03:35.053179 [Simulation:Info:toast@toast-new:Simulation(s) started] No nodal plane available. Starting Simulation(s) with fault plane, Lat/Lon: 7.60°/ 129.62° (MT), Depth: 40.41km (MT), Mag: 6.62 (MT)
2025/06/24 09:03:35.055144 [Simulation:Info:toast@toast-new:Simulation running] TsunAWI: Looking for matching scenarios
2025/06/24 09:03:35.058799 [Simulation:Info:toast@toast-new:Simulation finished] TsunAWI: No matching scenarios
2025/06/24 09:03:35.077764 [Simulation:Error:toast@toast-new:Simulation aborted] EasyWave2: No patches have been generated: Distance to fault outside interval [2 deg, 10 deg]
2025/06/24 09:03:35.113077 [Simulation:Info:toast@toast-new:No simulation returned] TsunAWI simulation backend returned no simulation.
2025/06/24 09:03:35.114942 [Simulation:Info:toast@toast-new:No simulation returned] EasyWave2 simulation backend returned no simulation.
2025/06/24 09:03:35.203824 [Incident:Info:toast@toast-new:Origin updated] Origin updated: OT: 2025-06-24 01:58:16,  Lat/Lon: 7.60116°/129.62°, Depth: 40.4142
2025/06/24 09:03:35.204754 [Incident:Info:toast@toast-new:Magnitude updated] Magnitude updated: 6.61 (Mw(mB))
2025/06/24 09:03:35.207007 [Simulation:Info:toast@toast-new:Simulation(s) started] No nodal plane available. Starting Simulation(s) with fault plane, Lat/Lon: 7.60°/ 129.62° (MT), Depth: 40.41km (MT), Mag: 6.61 (MT)
2025/06/24 09:03:35.208975 [Simulation:Info:toast@toast-new:Simulation running] TsunAWI: Looking for matching scenarios
2025/06/24 09:03:35.212248 [Simulation:Info:toast@toast-new:Simulation finished] TsunAWI: No matching scenarios
2025/06/24 09:03:35.226717 [Simulation:Error:toast@toast-new:Simulation aborted] EasyWave2: No patches have been generated: Distance to fault outside interval [2 deg, 10 deg]
2025/06/24 09:03:35.268378 [Simulation:Info:toast@toast-new:No simulation returned] TsunAWI simulation backend returned no simulation.
2025/06/24 09:03:35.270173 [Simulation:Info:toast@toast-new:No simulation returned] EasyWave2 simulation backend returned no simulation.
2025/06/24 09:03:39.636896 [Incident:Info:toast@toast-new:Origin updated] Origin updated: OT: 2025-06-24 01:58:16,  Lat/Lon: 7.60116°/129.62°, Depth: 40.4142
2025/06/24 09:03:39.637859 [Incident:Info:toast@toast-new:Magnitude updated] Magnitude updated: 6.64 (Mw(mB))
2025/06/24 09:03:39.639959 [Simulation:Info:toast@toast-new:Simulation(s) started] No nodal plane available. Starting Simulation(s) with fault plane, Lat/Lon: 7.60°/ 129.62° (MT), Depth: 40.41km (MT), Mag: 6.64 (MT)
2025/06/24 09:03:39.642227 [Simulation:Info:toast@toast-new:Simulation running] TsunAWI: Looking for matching scenarios
2025/06/24 09:03:39.646150 [Simulation:Info:toast@toast-new:Simulation finished] TsunAWI: No matching scenarios
2025/06/24 09:03:39.654083 [Simulation:Info:toast@toast-new:No simulation returned] TsunAWI simulation backend returned no simulation.
2025/06/24 09:03:39.665876 [Simulation:Error:toast@toast-new:Simulation aborted] EasyWave2: No patches have been generated: Distance to fault outside interval [2 deg, 10 deg]
2025/06/24 09:03:39.699471 [Simulation:Info:toast@toast-new:No simulation returned] EasyWave2 simulation backend returned no simulation.
2025/06/24 09:03:44.693484 [Incident:Info:toast@toast-new:Origin updated] Origin updated: OT: 2025-06-24 01:58:16,  Lat/Lon: 7.60116°/129.62°, Depth: 40.4142
2025/06/24 09:03:44.694394 [Incident:Info:toast@toast-new:Magnitude updated] Magnitude updated: 6.65 (Mw(mB))
2025/06/24 09:03:44.696660 [Simulation:Info:toast@toast-new:Simulation(s) started] No nodal plane available. Starting Simulation(s) with fault plane, Lat/Lon: 7.60°/ 129.62° (MT), Depth: 40.41km (MT), Mag: 6.65 (MT)
2025/06/24 09:03:44.698800 [Simulation:Info:toast@toast-new:Simulation running] TsunAWI: Looking for matching scenarios
2025/06/24 09:03:44.702545 [Simulation:Info:toast@toast-new:Simulation finished] TsunAWI: No matching scenarios
2025/06/24 09:03:44.713006 [Simulation:Info:toast@toast-new:No simulation returned] TsunAWI simulation backend returned no simulation.
2025/06/24 09:03:44.722827 [Simulation:Error:toast@toast-new:Simulation aborted] EasyWave2: No patches have been generated: Distance to fault outside interval [2 deg, 10 deg]
2025/06/24 09:03:44.756973 [Simulation:Info:toast@toast-new:No simulation returned] EasyWave2 simulation backend returned no simulation.
2025/06/24 09:03:49.507081 [Incident:Info:toast@toast-new:Origin updated] Origin updated: OT: 2025-06-24 01:58:16,  Lat/Lon: 7.60116°/129.62°, Depth: 40.4142
2025/06/24 09:03:49.508160 [Incident:Info:toast@toast-new:Magnitude updated] Magnitude updated: 6.66 (Mw(mB))
2025/06/24 09:03:49.510515 [Simulation:Info:toast@toast-new:Simulation(s) started] No nodal plane available. Starting Simulation(s) with fault plane, Lat/Lon: 7.60°/ 129.62° (MT), Depth: 40.41km (MT), Mag: 6.66 (MT)
2025/06/24 09:03:49.512677 [Simulation:Info:toast@toast-new:Simulation running] TsunAWI: Looking for matching scenarios
2025/06/24 09:03:49.516526 [Simulation:Info:toast@toast-new:Simulation finished] TsunAWI: No matching scenarios
2025/06/24 09:03:49.539294 [Simulation:Error:toast@toast-new:Simulation aborted] EasyWave2: No patches have been generated: Distance to fault outside interval [2 deg, 10 deg]
2025/06/24 09:03:49.556404 [Simulation:Info:toast@toast-new:No simulation returned] TsunAWI simulation backend returned no simulation.
2025/06/24 09:03:49.558492 [Simulation:Info:toast@toast-new:No simulation returned] EasyWave2 simulation backend returned no simulation.
2025/06/24 09:03:54.502737 [Incident:Info:toast@toast-new:Origin updated] Origin updated: OT: 2025-06-24 01:58:16,  Lat/Lon: 7.60116°/129.62°, Depth: 40.4142
2025/06/24 09:03:54.503843 [Incident:Info:toast@toast-new:Magnitude updated] Magnitude updated: 6.66 (Mw(mB))
2025/06/24 09:03:54.506293 [Simulation:Info:toast@toast-new:Simulation(s) started] No nodal plane available. Starting Simulation(s) with fault plane, Lat/Lon: 7.60°/ 129.62° (MT), Depth: 40.41km (MT), Mag: 6.66 (MT)
2025/06/24 09:03:54.508597 [Simulation:Info:toast@toast-new:Simulation running] TsunAWI: Looking for matching scenarios
2025/06/24 09:03:54.512531 [Simulation:Info:toast@toast-new:Simulation finished] TsunAWI: No matching scenarios
2025/06/24 09:03:54.520750 [Simulation:Info:toast@toast-new:No simulation returned] TsunAWI simulation backend returned no simulation.
2025/06/24 09:03:54.531499 [Simulation:Error:toast@toast-new:Simulation aborted] EasyWave2: No patches have been generated: Distance to fault outside interval [2 deg, 10 deg]
2025/06/24 09:03:54.577020 [Simulation:Info:toast@toast-new:No simulation returned] EasyWave2 simulation backend returned no simulation.
2025/06/24 09:04:20.421204 [Incident:Info:toast@toast-new:Origin updated] Origin updated: OT: 2025-06-24 01:58:11,  Lat/Lon: 7.83691°/129.697°, Depth: 13.2956
2025/06/24 09:04:20.422223 [Incident:Info:toast@toast-new:Magnitude updated] Magnitude updated: 6.73 (Mw(mB))
2025/06/24 09:04:20.424522 [Simulation:Info:toast@toast-new:Simulation(s) started] No nodal plane available. Starting Simulation(s) with fault plane, Lat/Lon: 7.84°/ 129.70° (MT), Depth: 13.30km (MT), Mag: 6.73 (MT)
2025/06/24 09:04:20.426618 [Simulation:Info:toast@toast-new:Simulation running] TsunAWI: Looking for matching scenarios
2025/06/24 09:04:20.430631 [Simulation:Info:toast@toast-new:Simulation finished] TsunAWI: No matching scenarios
2025/06/24 09:04:20.451838 [Simulation:Error:toast@toast-new:Simulation aborted] EasyWave2: No patches have been generated: Distance to fault outside interval [2 deg, 10 deg]
2025/06/24 09:04:20.481434 [Simulation:Info:toast@toast-new:No simulation returned] TsunAWI simulation backend returned no simulation.
2025/06/24 09:04:20.483666 [Simulation:Info:toast@toast-new:No simulation returned] EasyWave2 simulation backend returned no simulation.
2025/06/24 09:04:20.960330 [Incident:Info:toast@toast-new:Origin updated] Origin updated: OT: 2025-06-24 01:58:11,  Lat/Lon: 7.83691°/129.697°, Depth: 13.2956
2025/06/24 09:04:20.961438 [Incident:Info:toast@toast-new:Magnitude updated] Magnitude updated: 6.72 (Mw(mB))
2025/06/24 09:04:20.963807 [Simulation:Info:toast@toast-new:Simulation(s) started] No nodal plane available. Starting Simulation(s) with fault plane, Lat/Lon: 7.84°/ 129.70° (MT), Depth: 13.30km (MT), Mag: 6.72 (MT)
2025/06/24 09:04:20.965821 [Simulation:Info:toast@toast-new:Simulation running] TsunAWI: Looking for matching scenarios
2025/06/24 09:04:20.969177 [Simulation:Info:toast@toast-new:Simulation finished] TsunAWI: No matching scenarios
2025/06/24 09:04:20.983725 [Simulation:Error:toast@toast-new:Simulation aborted] EasyWave2: No patches have been generated: Distance to fault outside interval [2 deg, 10 deg]
2025/06/24 09:04:21.013087 [Simulation:Info:toast@toast-new:No simulation returned] TsunAWI simulation backend returned no simulation.
2025/06/24 09:04:21.015565 [Simulation:Info:toast@toast-new:No simulation returned] EasyWave2 simulation backend returned no simulation.
2025/06/24 09:04:24.597386 [Incident:Info:toast@toast-new:Origin updated] Origin updated: OT: 2025-06-24 01:58:11,  Lat/Lon: 7.83691°/129.697°, Depth: 13.2956
2025/06/24 09:04:24.598496 [Incident:Info:toast@toast-new:Magnitude updated] Magnitude updated: 6.72 (Mw(mB))
2025/06/24 09:04:24.600862 [Simulation:Info:toast@toast-new:Simulation(s) started] No nodal plane available. Starting Simulation(s) with fault plane, Lat/Lon: 7.84°/ 129.70° (MT), Depth: 13.30km (MT), Mag: 6.72 (MT)
2025/06/24 09:04:24.603015 [Simulation:Info:toast@toast-new:Simulation running] TsunAWI: Looking for matching scenarios
2025/06/24 09:04:24.606653 [Simulation:Info:toast@toast-new:Simulation finished] TsunAWI: No matching scenarios
2025/06/24 09:04:24.627445 [Simulation:Error:toast@toast-new:Simulation aborted] EasyWave2: No patches have been generated: Distance to fault outside interval [2 deg, 10 deg]
2025/06/24 09:04:24.648557 [Simulation:Info:toast@toast-new:No simulation returned] TsunAWI simulation backend returned no simulation.
2025/06/24 09:04:24.650741 [Simulation:Info:toast@toast-new:No simulation returned] EasyWave2 simulation backend returned no simulation.
2025/06/24 09:05:52.901752 [Incident:Info:toast@toast-new:Origin updated] Origin updated: OT: 2025-06-24 01:58:11,  Lat/Lon: 7.83691°/129.697°, Depth: 13.2956
2025/06/24 09:05:52.902621 [Incident:Info:toast@toast-new:FM updated] FM updated
2025/06/24 09:05:52.903618 [Focal mechanism:Info:toast@toast-new:FM ignored] Preferred Focal Mechanism ignored, because it was created automatically and processAutoMT is set to False.
2025/06/24 09:05:52.904511 [Simulation:Info:toast@toast-new:Simulation(s) started] No nodal plane available. Starting Simulation(s) with fault plane, Lat/Lon: 7.84°/ 129.70° (MT), Depth: 13.30km (MT), Mag: 6.72 (MT)
2025/06/24 09:05:52.906057 [Simulation:Info:toast@toast-new:Simulation running] TsunAWI: Looking for matching scenarios
2025/06/24 09:05:52.909442 [Simulation:Info:toast@toast-new:Simulation finished] TsunAWI: No matching scenarios
2025/06/24 09:05:52.922425 [Simulation:Error:toast@toast-new:Simulation aborted] EasyWave2: No patches have been generated: Distance to fault outside interval [2 deg, 10 deg]
2025/06/24 09:05:52.956844 [Simulation:Info:toast@toast-new:No simulation returned] TsunAWI simulation backend returned no simulation.
2025/06/24 09:05:52.958910 [Simulation:Info:toast@toast-new:No simulation returned] EasyWave2 simulation backend returned no simulation.
2025/06/24 09:05:56.342177 [Incident:Info:toast@toast-new:Origin updated] Origin updated: OT: 2025-06-24 01:58:11,  Lat/Lon: 7.83691°/129.697°, Depth: 13.2956
2025/06/24 09:05:56.343372 [Incident:Info:toast@toast-new:FM updated] FM updated
2025/06/24 09:05:56.344872 [Focal mechanism:Info:toast@toast-new:FM ignored] Preferred Focal Mechanism ignored, because it was created automatically and processAutoMT is set to False.
2025/06/24 09:05:56.345901 [Simulation:Info:toast@toast-new:Simulation(s) started] No nodal plane available. Starting Simulation(s) with fault plane, Lat/Lon: 7.84°/ 129.70° (MT), Depth: 13.30km (MT), Mag: 6.72 (MT)
2025/06/24 09:05:56.348167 [Simulation:Info:toast@toast-new:Simulation running] TsunAWI: Looking for matching scenarios
2025/06/24 09:05:56.352308 [Simulation:Info:toast@toast-new:Simulation finished] TsunAWI: No matching scenarios
2025/06/24 09:05:56.363640 [Simulation:Error:toast@toast-new:Simulation aborted] EasyWave2: No patches have been generated: Distance to fault outside interval [2 deg, 10 deg]
2025/06/24 09:05:56.392369 [Simulation:Info:toast@toast-new:No simulation returned] TsunAWI simulation backend returned no simulation.
2025/06/24 09:05:56.395316 [Simulation:Info:toast@toast-new:No simulation returned] EasyWave2 simulation backend returned no simulation.
2025/06/24 09:06:12.336618 [Incident:Info:toast@toast-new:Origin updated] Origin updated: OT: 2025-06-24 01:58:11,  Lat/Lon: 7.83691°/129.697°, Depth: 13.2956
2025/06/24 09:06:12.337786 [Incident:Info:toast@toast-new:FM updated] FM updated
2025/06/24 09:06:12.339546 [Simulation:Info:toast@toast-new:Simulation(s) started] Starting simulation(s) with nodal plane 1, Lat/Lon: 7.84°/ 129.70° (MT), Depth: 13.30km (MT), Mag: 6.72 (MT)
2025/06/24 09:06:12.341710 [Simulation:Info:toast@toast-new:Simulation running] TsunAWI: Looking for matching scenarios
2025/06/24 09:06:12.341934 [Simulation:Info:toast@toast-new:Simulation(s) started] Starting simulation(s) with nodal plane 2, Lat/Lon: 7.84°/ 129.70° (MT), Depth: 13.30km (MT), Mag: 6.72 (MT)
2025/06/24 09:06:12.343404 [Simulation:Info:toast@toast-new:Simulation(s) skipped] Simulation(s) not created with fault plane because no fault is available.
2025/06/24 09:06:12.343518 [Simulation:Info:toast@toast-new:Simulation running] TsunAWI: Looking for matching scenarios
2025/06/24 09:06:12.345504 [Simulation:Info:toast@toast-new:Simulation finished] TsunAWI: No matching scenarios
2025/06/24 09:06:12.346871 [Simulation:Info:toast@toast-new:Simulation finished] TsunAWI: No matching scenarios
2025/06/24 09:06:12.388785 [Simulation:Info:toast@toast-new:No simulation returned] TsunAWI simulation backend returned no simulation.
2025/06/24 09:06:12.389575 [Simulation:Info:toast@toast-new:No simulation returned] TsunAWI simulation backend returned no simulation.
2025/06/24 09:06:12.425839 [Simulation:Info:toast@toast-new:Simulation tracked] Tracking progress of EasyWave2 simulation 67006008N128130E6c5f57720dfa2f57859fce6c9e90bf4fd6e37ce9
2025/06/24 09:06:12.432827 [Simulation:Info:toast@toast-new:Simulation tracked] Tracking progress of EasyWave2 simulation 67006008N128130Eeb4015efb3e0b6d1b916e919046e1203ba5d7c06
2025/06/24 09:06:12.442087 [Simulation:Info:toast@toast-new:Simulation tracked] Tracking progress of EasyWave2 simulation 67006008N128130E06b61c6496537cad9e94ef12d6f30110695d9b2c
2025/06/24 09:06:12.446922 [Simulation:Info:toast@toast-new:Simulation tracked] Tracking progress of EasyWave2 simulation 67006008N128130E0c90dc5acf3d6057fafd82852446225fdcaf24be
2025/06/24 09:06:25.580859 [Simulation:Info:toast@toast-new:Simulation finished] Finished EasyWave2 simulation 67006008N128130E6c5f57720dfa2f57859fce6c9e90bf4fd6e37ce9 in 13 seconds
2025/06/24 09:06:58.591438 [Simulation:Info:toast@toast-new:Simulation finished] Finished EasyWave2 simulation 67006008N128130Eeb4015efb3e0b6d1b916e919046e1203ba5d7c06 in 46 seconds
2025/06/24 09:07:10.565743 [Simulation:Info:toast@toast-new:Simulation finished] Finished EasyWave2 simulation 67006008N128130E06b61c6496537cad9e94ef12d6f30110695d9b2c in 58 seconds
2025/06/24 09:07:13.310493 [Incident:Info:toast@toast-new:Origin updated] Origin updated: OT: 2025-06-24 01:58:11,  Lat/Lon: 7.83691°/129.697°, Depth: 13.2956
2025/06/24 09:07:13.311264 [Incident:Info:toast@toast-new:FM updated] FM updated
2025/06/24 09:07:13.312205 [Simulation:Info:toast@toast-new:Simulation(s) started] Starting simulation(s) with nodal plane 1, Lat/Lon: 7.84°/ 129.70° (MT), Depth: 13.30km (MT), Mag: 6.72 (MT)
2025/06/24 09:07:13.312810 [Simulation:Info:toast@toast-new:Simulation skipped] EasyWave2 simulation with similar parameters already exists
2025/06/24 09:07:13.313363 [Simulation:Info:toast@toast-new:Simulation(s) started] Starting simulation(s) with nodal plane 2, Lat/Lon: 7.84°/ 129.70° (MT), Depth: 13.30km (MT), Mag: 6.72 (MT)
2025/06/24 09:07:13.313479 [Simulation:Info:toast@toast-new:Simulation running] TsunAWI: Looking for matching scenarios
2025/06/24 09:07:13.313883 [Simulation:Info:toast@toast-new:Simulation skipped] EasyWave2 simulation with similar parameters already exists
2025/06/24 09:07:13.314436 [Simulation:Info:toast@toast-new:Simulation(s) skipped] Simulation(s) not created with fault plane because no fault is available.
2025/06/24 09:07:13.314453 [Simulation:Info:toast@toast-new:Simulation running] TsunAWI: Looking for matching scenarios
2025/06/24 09:07:13.316491 [Simulation:Info:toast@toast-new:Simulation finished] TsunAWI: No matching scenarios
2025/06/24 09:07:13.316529 [Simulation:Info:toast@toast-new:Simulation finished] TsunAWI: No matching scenarios
2025/06/24 09:07:13.366567 [Simulation:Info:toast@toast-new:No simulation returned] TsunAWI simulation backend returned no simulation.
2025/06/24 09:07:13.367353 [Simulation:Info:toast@toast-new:No simulation returned] TsunAWI simulation backend returned no simulation.
2025/06/24 09:07:42.568841 [Simulation:Info:toast@toast-new:Simulation finished] Finished EasyWave2 simulation 67006008N128130E0c90dc5acf3d6057fafd82852446225fdcaf24be in 90 seconds
2025/06/24 09:08:15.777197 [Incident:Info:toast@toast-new:Origin updated] Origin updated: OT: 2025-06-24 01:58:11,  Lat/Lon: 7.83691°/129.697°, Depth: 13.2956
2025/06/24 09:08:15.778255 [Incident:Info:toast@toast-new:FM updated] FM updated
2025/06/24 09:08:15.779465 [Simulation:Info:toast@toast-new:Simulation(s) started] Starting simulation(s) with nodal plane 1, Lat/Lon: 7.84°/ 129.70° (MT), Depth: 13.30km (MT), Mag: 6.72 (MT)
2025/06/24 09:08:15.780239 [Simulation:Info:toast@toast-new:Simulation skipped] EasyWave2 simulation with similar parameters already exists
2025/06/24 09:08:15.781063 [Simulation:Info:toast@toast-new:Simulation(s) started] Starting simulation(s) with nodal plane 2, Lat/Lon: 7.84°/ 129.70° (MT), Depth: 13.30km (MT), Mag: 6.72 (MT)
2025/06/24 09:08:15.781144 [Simulation:Info:toast@toast-new:Simulation running] TsunAWI: Looking for matching scenarios
2025/06/24 09:08:15.781713 [Simulation:Info:toast@toast-new:Simulation skipped] EasyWave2 simulation with similar parameters already exists
2025/06/24 09:08:15.782548 [Simulation:Info:toast@toast-new:Simulation(s) skipped] Simulation(s) not created with fault plane because no fault is available.
2025/06/24 09:08:15.782649 [Simulation:Info:toast@toast-new:Simulation running] TsunAWI: Looking for matching scenarios
2025/06/24 09:08:15.784868 [Simulation:Info:toast@toast-new:Simulation finished] TsunAWI: No matching scenarios
2025/06/24 09:08:15.785795 [Simulation:Info:toast@toast-new:Simulation finished] TsunAWI: No matching scenarios
2025/06/24 09:08:15.837022 [Simulation:Info:toast@toast-new:No simulation returned] TsunAWI simulation backend returned no simulation.
2025/06/24 09:08:15.837792 [Simulation:Info:toast@toast-new:No simulation returned] TsunAWI simulation backend returned no simulation.
2025/06/24 09:10:20.671609 [Incident:Info:toast@toast-new:Origin updated] Origin updated: OT: 2025-06-24 01:58:11,  Lat/Lon: 7.83691°/129.697°, Depth: 13.2956
2025/06/24 09:10:20.672620 [Incident:Info:toast@toast-new:FM updated] FM updated
2025/06/24 09:10:20.673702 [Simulation:Info:toast@toast-new:Simulation(s) started] Starting simulation(s) with nodal plane 1, Lat/Lon: 7.84°/ 129.70° (MT), Depth: 13.30km (MT), Mag: 6.72 (MT)
2025/06/24 09:10:20.674634 [Simulation:Info:toast@toast-new:Simulation(s) started] Starting simulation(s) with nodal plane 2, Lat/Lon: 7.84°/ 129.70° (MT), Depth: 13.30km (MT), Mag: 6.72 (MT)
2025/06/24 09:10:20.674735 [Simulation:Info:toast@toast-new:Simulation running] TsunAWI: Looking for matching scenarios
2025/06/24 09:10:20.675446 [Simulation:Info:toast@toast-new:Simulation(s) skipped] Simulation(s) not created with fault plane because no fault is available.
2025/06/24 09:10:20.675548 [Simulation:Info:toast@toast-new:Simulation running] TsunAWI: Looking for matching scenarios
2025/06/24 09:10:20.678382 [Simulation:Info:toast@toast-new:Simulation finished] TsunAWI: No matching scenarios
2025/06/24 09:10:20.678679 [Simulation:Info:toast@toast-new:Simulation finished] TsunAWI: No matching scenarios
2025/06/24 09:10:20.751734 [Simulation:Info:toast@toast-new:No simulation returned] TsunAWI simulation backend returned no simulation.
2025/06/24 09:10:20.752580 [Simulation:Info:toast@toast-new:No simulation returned] TsunAWI simulation backend returned no simulation.
2025/06/24 09:10:20.789137 [Simulation:Info:toast@toast-new:Simulation tracked] Tracking progress of EasyWave2 simulation 67006008N128130Ebf8c1e9b3f3cff072c6db97ed018ccb10f6914a1
2025/06/24 09:10:20.795564 [Simulation:Info:toast@toast-new:Simulation tracked] Tracking progress of EasyWave2 simulation 67006008N128130Ea39c17f09f16c6e31df6cf77e0f6c161a0f97283
2025/06/24 09:10:20.801729 [Simulation:Info:toast@toast-new:Simulation tracked] Tracking progress of EasyWave2 simulation 67006008N128130E987eae1d9052a49bdff400503608483232e8a43a
2025/06/24 09:10:20.806838 [Simulation:Info:toast@toast-new:Simulation tracked] Tracking progress of EasyWave2 simulation 67006008N128130Ef738f733e89dad7dd11677a167750343dc7e0fce
2025/06/24 09:10:24.890450 [Incident:Info:toast@toast-new:Origin updated] Origin updated: OT: 2025-06-24 01:58:11,  Lat/Lon: 7.83691°/129.697°, Depth: 13.2956
2025/06/24 09:10:24.892193 [Simulation:Info:toast@toast-new:Simulation(s) started] Starting simulation(s) with nodal plane 1, Lat/Lon: 7.84°/ 129.70° (MT), Depth: 13.30km (MT), Mag: 6.72 (MT)
2025/06/24 09:10:24.893151 [Simulation:Info:toast@toast-new:Simulation skipped] EasyWave2 simulation with similar parameters already exists
2025/06/24 09:10:24.894161 [Simulation:Info:toast@toast-new:Simulation running] TsunAWI: Looking for matching scenarios
2025/06/24 09:10:24.894211 [Simulation:Info:toast@toast-new:Simulation(s) started] Starting simulation(s) with nodal plane 2, Lat/Lon: 7.84°/ 129.70° (MT), Depth: 13.30km (MT), Mag: 6.72 (MT)
2025/06/24 09:10:24.895117 [Simulation:Info:toast@toast-new:Simulation skipped] EasyWave2 simulation with similar parameters already exists
2025/06/24 09:10:24.896143 [Simulation:Info:toast@toast-new:Simulation(s) skipped] Simulation(s) not created with fault plane because no fault is available.
2025/06/24 09:10:24.896230 [Simulation:Info:toast@toast-new:Simulation running] TsunAWI: Looking for matching scenarios
2025/06/24 09:10:24.897425 [Simulation:Info:toast@toast-new:Simulation finished] TsunAWI: No matching scenarios
2025/06/24 09:10:24.899397 [Simulation:Info:toast@toast-new:Simulation finished] TsunAWI: No matching scenarios
2025/06/24 09:10:24.913399 [Incident:Info:toast@toast-new:Origin updated] Origin updated: OT: 2025-06-24 01:58:11,  Lat/Lon: 7.83691°/129.697°, Depth: 13.2956
2025/06/24 09:10:24.915443 [Incident:Info:toast@toast-new:Magnitude updated] Magnitude updated: 6.26 (Mw)
2025/06/24 09:10:24.916941 [Simulation:Info:toast@toast-new:Simulation not generated] Magnitude 6.26 of event bmg2025mgbl is smaller than triggerMinMagnitude: no automatic simulation
2025/06/24 09:10:24.920537 [Simulation:Info:toast@toast-new:No simulation returned] TsunAWI simulation backend returned no simulation.
2025/06/24 09:10:24.922074 [Simulation:Info:toast@toast-new:No simulation returned] TsunAWI simulation backend returned no simulation.
2025/06/24 09:10:34.592298 [Simulation:Info:toast@toast-new:Simulation finished] Finished EasyWave2 simulation 67006008N128130Ebf8c1e9b3f3cff072c6db97ed018ccb10f6914a1 in 13 seconds
2025/06/24 09:11:05.591632 [Simulation:Info:toast@toast-new:Simulation finished] Finished EasyWave2 simulation 67006008N128130Ea39c17f09f16c6e31df6cf77e0f6c161a0f97283 in 44 seconds
2025/06/24 09:11:08.028001 [Incident:Info:toast@toast-new:Origin updated] Origin updated: OT: 2025-06-24 01:58:11,  Lat/Lon: 7.83691°/129.697°, Depth: 13.2956
2025/06/24 09:11:08.029303 [Incident:Info:toast@toast-new:Magnitude updated] Magnitude updated: 6.72 (Mw(mB))
2025/06/24 09:11:08.030610 [Simulation:Info:toast@toast-new:Simulation(s) started] Starting simulation(s) with nodal plane 1, Lat/Lon: 7.84°/ 129.70° (MT), Depth: 13.30km (MT), Mag: 6.72 (MT)
2025/06/24 09:11:08.031390 [Simulation:Info:toast@toast-new:Simulation skipped] EasyWave2 simulation with similar parameters already exists
2025/06/24 09:11:08.032276 [Simulation:Info:toast@toast-new:Simulation(s) started] Starting simulation(s) with nodal plane 2, Lat/Lon: 7.84°/ 129.70° (MT), Depth: 13.30km (MT), Mag: 6.72 (MT)
2025/06/24 09:11:08.032364 [Simulation:Info:toast@toast-new:Simulation running] TsunAWI: Looking for matching scenarios
2025/06/24 09:11:08.032933 [Simulation:Info:toast@toast-new:Simulation skipped] EasyWave2 simulation with similar parameters already exists
2025/06/24 09:11:08.033737 [Simulation:Info:toast@toast-new:Simulation(s) skipped] Simulation(s) not created with fault plane because no fault is available.
2025/06/24 09:11:08.033826 [Simulation:Info:toast@toast-new:Simulation running] TsunAWI: Looking for matching scenarios
2025/06/24 09:11:08.035401 [Simulation:Info:toast@toast-new:Simulation finished] TsunAWI: No matching scenarios
2025/06/24 09:11:08.036189 [Simulation:Info:toast@toast-new:Simulation finished] TsunAWI: No matching scenarios
2025/06/24 09:11:08.081085 [Simulation:Info:toast@toast-new:No simulation returned] TsunAWI simulation backend returned no simulation.
2025/06/24 09:11:08.081870 [Simulation:Info:toast@toast-new:No simulation returned] TsunAWI simulation backend returned no simulation.
2025/06/24 09:11:17.567330 [Simulation:Info:toast@toast-new:Simulation finished] Finished EasyWave2 simulation 67006008N128130E987eae1d9052a49bdff400503608483232e8a43a in 56 seconds
2025/06/24 09:11:48.568588 [Simulation:Info:toast@toast-new:Simulation finished] Finished EasyWave2 simulation 67006008N128130Ef738f733e89dad7dd11677a167750343dc7e0fce in 87 seconds
2025/06/24 09:14:18.078586 [Incident:Info:toast@toast-new:Origin updated] Origin updated: OT: 2025-06-24 01:58:11,  Lat/Lon: 7.95414°/129.767°, Depth: 29.2512
2025/06/24 09:14:18.080212 [Incident:Info:toast@toast-new:Magnitude updated] Magnitude updated: 6.58 (Mw(mB))
2025/06/24 09:14:18.081763 [Simulation:Info:toast@toast-new:Simulation(s) started] Starting simulation(s) with nodal plane 1, Lat/Lon: 7.95°/ 129.77° (MT), Depth: 29.25km (MT), Mag: 6.58 (MT)
2025/06/24 09:14:18.083055 [Simulation:Info:toast@toast-new:Simulation(s) started] Starting simulation(s) with nodal plane 2, Lat/Lon: 7.95°/ 129.77° (MT), Depth: 29.25km (MT), Mag: 6.58 (MT)
2025/06/24 09:14:18.083146 [Simulation:Info:toast@toast-new:Simulation running] TsunAWI: Looking for matching scenarios
2025/06/24 09:14:18.084226 [Simulation:Info:toast@toast-new:Simulation(s) skipped] Simulation(s) not created with fault plane because no fault is available.
2025/06/24 09:14:18.084350 [Simulation:Info:toast@toast-new:Simulation running] TsunAWI: Looking for matching scenarios
2025/06/24 09:14:18.087486 [Simulation:Info:toast@toast-new:Simulation finished] TsunAWI: No matching scenarios
2025/06/24 09:14:18.088009 [Simulation:Info:toast@toast-new:Simulation finished] TsunAWI: No matching scenarios
2025/06/24 09:14:18.145665 [Simulation:Info:toast@toast-new:No simulation returned] TsunAWI simulation backend returned no simulation.
2025/06/24 09:14:18.146595 [Simulation:Info:toast@toast-new:No simulation returned] TsunAWI simulation backend returned no simulation.
2025/06/24 09:14:18.239060 [Simulation:Info:toast@toast-new:Simulation tracked] Tracking progress of EasyWave2 simulation 65006008N128130Ef77413dddaccb24a9c0815f134f58da9e3626ded
2025/06/24 09:14:18.245485 [Simulation:Info:toast@toast-new:Simulation tracked] Tracking progress of EasyWave2 simulation 65006008N128130Ecd0a9b6df24cb549105610734ee6fb1ba52fef7d
2025/06/24 09:14:18.251299 [Simulation:Info:toast@toast-new:Simulation tracked] Tracking progress of EasyWave2 simulation 65006008N128130E6d9f2230259c9d873418846826a265dab1833bd5
2025/06/24 09:14:18.256494 [Simulation:Info:toast@toast-new:Simulation tracked] Tracking progress of EasyWave2 simulation 65006008N128130E2bf88647daf1271c57e6e84fcecc273687e97af4
2025/06/24 09:14:32.096584 [Simulation:Info:toast@toast-new:Simulation finished] Finished EasyWave2 simulation 65006008N128130Ef77413dddaccb24a9c0815f134f58da9e3626ded in 13 seconds
2025/06/24 09:14:59.086700 [Simulation:Info:toast@toast-new:Simulation finished] Finished EasyWave2 simulation 65006008N128130Ecd0a9b6df24cb549105610734ee6fb1ba52fef7d in 40 seconds
2025/06/24 09:15:11.090588 [Simulation:Info:toast@toast-new:Simulation finished] Finished EasyWave2 simulation 65006008N128130E6d9f2230259c9d873418846826a265dab1833bd5 in 52 seconds
2025/06/24 09:15:41.072900 [Simulation:Info:toast@toast-new:Simulation finished] Finished EasyWave2 simulation 65006008N128130E2bf88647daf1271c57e6e84fcecc273687e97af4 in 82 seconds
2025/06/24 10:19:21.020963 [Incident:Info:toast@toast-new:Origin updated] Origin updated: OT: 2025-06-24 01:58:11,  Lat/Lon: 7.95414°/129.767°, Depth: 29.2512
2025/06/24 10:19:21.024009 [Incident:Info:toast@toast-new:Magnitude updated] Magnitude updated: 6.26 (Mw)
2025/06/24 10:19:21.024897 [Simulation:Info:toast@toast-new:Simulation not generated] Magnitude 6.26 of event bmg2025mgbl is smaller than triggerMinMagnitude: no automatic simulation
2025/06/24 17:41:12.725914 [Incident:Info:toast@toast-new:Origin updated] Origin updated: OT: 2025-06-24 01:58:11,  Lat/Lon: 7.95882°/129.763°, Depth: 31.3197
2025/06/24 17:41:12.727926 [Simulation:Info:toast@toast-new:Simulation not generated] Magnitude 6.26 of event bmg2025mgbl is smaller than triggerMinMagnitude: no automatic simulation
2025/06/24 17:41:16.221352 [Incident:Info:toast@toast-new:Origin updated] Origin updated: OT: 2025-06-24 01:58:11,  Lat/Lon: 7.95882°/129.763°, Depth: 31.3197
2025/06/24 17:41:16.222369 [Incident:Info:toast@toast-new:Magnitude updated] Magnitude updated: 6.44 (mb)
2025/06/24 17:41:16.222973 [Simulation:Info:toast@toast-new:Simulation not generated] Magnitude 6.44 of event bmg2025mgbl is smaller than triggerMinMagnitude: no automatic simulation
2025/06/24 17:41:33.269317 [Incident:Info:toast@toast-new:Origin updated] Origin updated: OT: 2025-06-24 01:58:11,  Lat/Lon: 7.95882°/129.763°, Depth: 31.3197
2025/06/24 17:41:33.271197 [Simulation:Info:toast@toast-new:Simulation not generated] Magnitude 6.44 of event bmg2025mgbl is smaller than triggerMinMagnitude: no automatic simulation
2025/06/24 17:41:33.333095 [Incident:Info:toast@toast-new:Origin updated] Origin updated: OT: 2025-06-24 01:58:11,  Lat/Lon: 7.95882°/129.763°, Depth: 31.3197
2025/06/24 17:41:33.334203 [Simulation:Info:toast@toast-new:Simulation not generated] Magnitude 6.44 of event bmg2025mgbl is smaller than triggerMinMagnitude: no automatic simulation
2025/06/24 19:42:38.227858 [Incident:Info:toast@toast-new:Origin updated] Origin updated: OT: 2025-06-24 01:58:11,  Lat/Lon: 7.95882°/129.763°, Depth: 31.3197
2025/06/24 19:42:38.228942 [Incident:Info:toast@toast-new:Magnitude updated] Magnitude updated: 6.26 (Mw)
2025/06/24 19:42:38.229556 [Simulation:Info:toast@toast-new:Simulation not generated] Magnitude 6.26 of event bmg2025mgbl is smaller than triggerMinMagnitude: no automatic simulation
2025/06/25 16:48:38.259371 [Incident:Info:toast@toast-new:Origin updated] Origin updated: OT: 2025-06-24 01:58:11,  Lat/Lon: 7.95882°/129.763°, Depth: 31.3197
2025/06/25 16:48:38.260132 [Incident:Info:toast@toast-new:Magnitude updated] Magnitude updated: 6.79 (MLv)
2025/06/25 16:48:38.263408 [Simulation:Info:toast@toast-new:Simulation(s) started] Starting simulation(s) with nodal plane 1, Lat/Lon: 7.96°/ 129.76° (MT), Depth: 31.32km (MT), Mag: 6.79 (MT)
2025/06/25 16:48:38.264426 [Simulation:Info:toast@toast-new:Simulation(s) started] Starting simulation(s) with nodal plane 2, Lat/Lon: 7.96°/ 129.76° (MT), Depth: 31.32km (MT), Mag: 6.79 (MT)
2025/06/25 16:48:38.264525 [Simulation:Info:toast@toast-new:Simulation running] TsunAWI: Looking for matching scenarios
2025/06/25 16:48:38.265088 [Simulation:Info:toast@toast-new:Simulation(s) skipped] Simulation(s) not created with fault plane because no fault is available.
2025/06/25 16:48:38.265204 [Simulation:Info:toast@toast-new:Simulation running] TsunAWI: Looking for matching scenarios
2025/06/25 16:48:38.268997 [Simulation:Info:toast@toast-new:Simulation finished] TsunAWI: No matching scenarios
2025/06/25 16:48:38.269090 [Simulation:Info:toast@toast-new:Simulation finished] TsunAWI: No matching scenarios
2025/06/25 16:48:38.380284 [Simulation:Info:toast@toast-new:No simulation returned] TsunAWI simulation backend returned no simulation.
2025/06/25 16:48:38.380418 [Simulation:Info:toast@toast-new:No simulation returned] TsunAWI simulation backend returned no simulation.
2025/06/25 16:48:38.421318 [Simulation:Info:toast@toast-new:Simulation tracked] Tracking progress of EasyWave2 simulation 67006008N128130E6db57482fcd5a501fcc1634d0384267632677d31
2025/06/25 16:48:38.425076 [Simulation:Info:toast@toast-new:Simulation tracked] Tracking progress of EasyWave2 simulation 67006008N128130E1fe34792898c80c07da2ce8a2f8e6992676b0939
2025/06/25 16:48:38.428399 [Simulation:Info:toast@toast-new:Simulation tracked] Tracking progress of EasyWave2 simulation 67006008N128130E55a1a6e262df084641cedffdf92462edf9867fde
2025/06/25 16:48:38.431956 [Simulation:Info:toast@toast-new:Simulation tracked] Tracking progress of EasyWave2 simulation 67006008N128130E5f6ab809d896e0249834b8f42eb3a8af51938279
2025/06/25 16:48:51.664845 [Simulation:Info:toast@toast-new:Simulation finished] Finished EasyWave2 simulation 67006008N128130E6db57482fcd5a501fcc1634d0384267632677d31 in 13 seconds
2025/06/25 16:49:20.636150 [Simulation:Info:toast@toast-new:Simulation finished] Finished EasyWave2 simulation 67006008N128130E1fe34792898c80c07da2ce8a2f8e6992676b0939 in 42 seconds
2025/06/25 16:49:33.636459 [Simulation:Info:toast@toast-new:Simulation finished] Finished EasyWave2 simulation 67006008N128130E55a1a6e262df084641cedffdf92462edf9867fde in 55 seconds
2025/06/25 16:50:04.635771 [Simulation:Info:toast@toast-new:Simulation finished] Finished EasyWave2 simulation 67006008N128130E5f6ab809d896e0249834b8f42eb3a8af51938279 in 86 seconds
