2024/09/28 22:46:40.136195 [Incident:Info:toast@toast-new:Displacement(s) updated] Added 0 and changed 0 displacements with 0 amplitudes
2024/09/28 22:46:40.159193 [Incident:Info:toast@toast-new:Incident created] Incident created based on event received from messaging: OT: 2024-09-28 15:40:48,  Lat/Lon: -11.08°/161.53°, Depth: 10.00, Mag: 5.27 (M)
2024/09/28 22:46:40.159678 [Simulation:Info:toast@toast-new:Simulation not generated] Magnitude 5.27 of event bmg2024tcij is smaller than triggerMinMagnitude: no automatic simulation
2024/09/28 22:46:40.175167 [Incident:Info:toast@toast-new:Origin updated] Origin updated: OT: 2024-09-28 15:40:48,  Lat/Lon: -11.0776°/161.527°, Depth: 10
2024/09/28 22:46:40.175273 [Simulation:Info:toast@toast-new:Simulation not generated] Magnitude 5.27 of event bmg2024tcij is smaller than triggerMinMagnitude: no automatic simulation
2024/09/28 22:46:48.665007 [Incident:Info:toast@toast-new:Origin updated] Origin updated: OT: 2024-09-28 15:40:48,  Lat/Lon: -11.0768°/161.527°, Depth: 10
2024/09/28 22:46:48.665182 [Incident:Info:toast@toast-new:Magnitude updated] Magnitude updated: 5.27 (M)
2024/09/28 22:46:48.665221 [Simulation:Info:toast@toast-new:Simulation not generated] Magnitude 5.27 of event bmg2024tcij is smaller than triggerMinMagnitude: no automatic simulation
2024/09/28 22:46:52.739676 [Incident:Info:toast@toast-new:Origin updated] Origin updated: OT: 2024-09-28 15:40:48,  Lat/Lon: -11.0768°/161.527°, Depth: 10
2024/09/28 22:46:52.741197 [Incident:Info:toast@toast-new:Magnitude updated] Magnitude updated: 5.24 (M)
2024/09/28 22:46:52.741250 [Simulation:Info:toast@toast-new:Simulation not generated] Magnitude 5.24 of event bmg2024tcij is smaller than triggerMinMagnitude: no automatic simulation
2024/09/28 22:46:57.739984 [Incident:Info:toast@toast-new:Origin updated] Origin updated: OT: 2024-09-28 15:40:48,  Lat/Lon: -11.0768°/161.527°, Depth: 10
2024/09/28 22:46:57.777153 [Incident:Info:toast@toast-new:Magnitude updated] Magnitude updated: 5.25 (M)
2024/09/28 22:46:57.777243 [Simulation:Info:toast@toast-new:Simulation not generated] Magnitude 5.25 of event bmg2024tcij is smaller than triggerMinMagnitude: no automatic simulation
2024/09/28 22:47:00.523488 [Incident:Info:toast@toast-new:Origin updated] Origin updated: OT: 2024-09-28 15:40:48,  Lat/Lon: -11.0739°/161.527°, Depth: 10
2024/09/28 22:47:00.523669 [Incident:Info:toast@toast-new:Magnitude updated] Magnitude updated: 5.25 (M)
2024/09/28 22:47:00.523704 [Simulation:Info:toast@toast-new:Simulation not generated] Magnitude 5.25 of event bmg2024tcij is smaller than triggerMinMagnitude: no automatic simulation
2024/09/28 22:47:10.579381 [Incident:Info:toast@toast-new:Origin updated] Origin updated: OT: 2024-09-28 15:40:48,  Lat/Lon: -11.0802°/161.529°, Depth: 10
2024/09/28 22:47:10.579568 [Incident:Info:toast@toast-new:Magnitude updated] Magnitude updated: 5.27 (M)
2024/09/28 22:47:10.579619 [Simulation:Info:toast@toast-new:Simulation not generated] Magnitude 5.27 of event bmg2024tcij is smaller than triggerMinMagnitude: no automatic simulation
2024/09/28 22:47:12.742709 [Incident:Info:toast@toast-new:Origin updated] Origin updated: OT: 2024-09-28 15:40:48,  Lat/Lon: -11.0802°/161.529°, Depth: 10
2024/09/28 22:47:12.742870 [Incident:Info:toast@toast-new:Magnitude updated] Magnitude updated: 5.26 (M)
2024/09/28 22:47:12.742904 [Simulation:Info:toast@toast-new:Simulation not generated] Magnitude 5.26 of event bmg2024tcij is smaller than triggerMinMagnitude: no automatic simulation
2024/09/28 22:47:22.729437 [Incident:Info:toast@toast-new:Origin updated] Origin updated: OT: 2024-09-28 15:40:48,  Lat/Lon: -11.0802°/161.529°, Depth: 10
2024/09/28 22:47:22.729619 [Incident:Info:toast@toast-new:Magnitude updated] Magnitude updated: 5.30 (M)
2024/09/28 22:47:22.729661 [Simulation:Info:toast@toast-new:Simulation not generated] Magnitude 5.30 of event bmg2024tcij is smaller than triggerMinMagnitude: no automatic simulation
2024/09/28 22:47:24.039286 [Incident:Info:toast@toast-new:Origin updated] Origin updated: OT: 2024-09-28 15:40:48,  Lat/Lon: -11.0951°/161.525°, Depth: 10
2024/09/28 22:47:24.039471 [Incident:Info:toast@toast-new:Magnitude updated] Magnitude updated: 5.30 (M)
2024/09/28 22:47:24.039507 [Simulation:Info:toast@toast-new:Simulation not generated] Magnitude 5.30 of event bmg2024tcij is smaller than triggerMinMagnitude: no automatic simulation
2024/09/28 22:47:32.724638 [Incident:Info:toast@toast-new:Origin updated] Origin updated: OT: 2024-09-28 15:40:48,  Lat/Lon: -11.0951°/161.525°, Depth: 10
2024/09/28 22:47:32.724811 [Incident:Info:toast@toast-new:Magnitude updated] Magnitude updated: 5.30 (M)
2024/09/28 22:47:32.724850 [Simulation:Info:toast@toast-new:Simulation not generated] Magnitude 5.30 of event bmg2024tcij is smaller than triggerMinMagnitude: no automatic simulation
2024/09/28 22:47:37.725430 [Incident:Info:toast@toast-new:Origin updated] Origin updated: OT: 2024-09-28 15:40:48,  Lat/Lon: -11.0951°/161.525°, Depth: 10
2024/09/28 22:47:37.727119 [Incident:Info:toast@toast-new:Magnitude updated] Magnitude updated: 5.31 (M)
2024/09/28 22:47:37.727170 [Simulation:Info:toast@toast-new:Simulation not generated] Magnitude 5.31 of event bmg2024tcij is smaller than triggerMinMagnitude: no automatic simulation
2024/09/28 22:47:42.113740 [Incident:Info:toast@toast-new:Origin updated] Origin updated: OT: 2024-09-28 15:40:48,  Lat/Lon: -11.0981°/161.522°, Depth: 10
2024/09/28 22:47:42.113933 [Incident:Info:toast@toast-new:Magnitude updated] Magnitude updated: 5.29 (M)
2024/09/28 22:47:42.113974 [Simulation:Info:toast@toast-new:Simulation not generated] Magnitude 5.29 of event bmg2024tcij is smaller than triggerMinMagnitude: no automatic simulation
2024/09/28 22:47:57.099998 [Incident:Info:toast@toast-new:Origin updated] Origin updated: OT: 2024-09-28 15:40:48,  Lat/Lon: -11.1019°/161.518°, Depth: 10
2024/09/28 22:47:57.100177 [Incident:Info:toast@toast-new:Magnitude updated] Magnitude updated: 5.29 (M)
2024/09/28 22:47:57.100208 [Simulation:Info:toast@toast-new:Simulation not generated] Magnitude 5.29 of event bmg2024tcij is smaller than triggerMinMagnitude: no automatic simulation
2024/09/28 22:48:15.712744 [Incident:Info:toast@toast-new:Origin updated] Origin updated: OT: 2024-09-28 15:40:48,  Lat/Lon: -11.0996°/161.515°, Depth: 10
2024/09/28 22:48:15.712929 [Incident:Info:toast@toast-new:Magnitude updated] Magnitude updated: 5.30 (M)
2024/09/28 22:48:15.712958 [Simulation:Info:toast@toast-new:Simulation not generated] Magnitude 5.30 of event bmg2024tcij is smaller than triggerMinMagnitude: no automatic simulation
2024/09/28 22:48:32.723118 [Incident:Info:toast@toast-new:Origin updated] Origin updated: OT: 2024-09-28 15:40:48,  Lat/Lon: -11.0996°/161.515°, Depth: 10
2024/09/28 22:48:32.723269 [Incident:Info:toast@toast-new:Magnitude updated] Magnitude updated: 5.31 (M)
2024/09/28 22:48:32.723300 [Simulation:Info:toast@toast-new:Simulation not generated] Magnitude 5.31 of event bmg2024tcij is smaller than triggerMinMagnitude: no automatic simulation
2024/09/28 22:48:36.514985 [Incident:Info:toast@toast-new:Origin updated] Origin updated: OT: 2024-09-28 15:40:48,  Lat/Lon: -11.1°/161.515°, Depth: 10
2024/09/28 22:48:36.515159 [Incident:Info:toast@toast-new:Magnitude updated] Magnitude updated: 5.32 (M)
2024/09/28 22:48:36.515198 [Simulation:Info:toast@toast-new:Simulation not generated] Magnitude 5.32 of event bmg2024tcij is smaller than triggerMinMagnitude: no automatic simulation
2024/09/28 22:48:47.724279 [Incident:Info:toast@toast-new:Origin updated] Origin updated: OT: 2024-09-28 15:40:48,  Lat/Lon: -11.1°/161.515°, Depth: 10
2024/09/28 22:48:47.724441 [Incident:Info:toast@toast-new:Magnitude updated] Magnitude updated: 5.30 (M)
2024/09/28 22:48:47.724482 [Simulation:Info:toast@toast-new:Simulation not generated] Magnitude 5.30 of event bmg2024tcij is smaller than triggerMinMagnitude: no automatic simulation
2024/09/28 22:48:56.578423 [Incident:Info:toast@toast-new:Origin updated] Origin updated: OT: 2024-09-28 15:40:48,  Lat/Lon: -11.0999°/161.507°, Depth: 10
2024/09/28 22:48:56.578615 [Incident:Info:toast@toast-new:Magnitude updated] Magnitude updated: 5.31 (M)
2024/09/28 22:48:56.578665 [Simulation:Info:toast@toast-new:Simulation not generated] Magnitude 5.31 of event bmg2024tcij is smaller than triggerMinMagnitude: no automatic simulation
2024/09/28 22:49:12.738194 [Incident:Info:toast@toast-new:Origin updated] Origin updated: OT: 2024-09-28 15:40:48,  Lat/Lon: -11.0999°/161.507°, Depth: 10
2024/09/28 22:49:12.738373 [Incident:Info:toast@toast-new:Magnitude updated] Magnitude updated: 5.33 (M)
2024/09/28 22:49:12.738411 [Simulation:Info:toast@toast-new:Simulation not generated] Magnitude 5.33 of event bmg2024tcij is smaller than triggerMinMagnitude: no automatic simulation
2024/09/28 22:49:17.724758 [Incident:Info:toast@toast-new:Origin updated] Origin updated: OT: 2024-09-28 15:40:48,  Lat/Lon: -11.0999°/161.507°, Depth: 10
2024/09/28 22:49:17.724927 [Incident:Info:toast@toast-new:Magnitude updated] Magnitude updated: 5.32 (M)
2024/09/28 22:49:17.724968 [Simulation:Info:toast@toast-new:Simulation not generated] Magnitude 5.32 of event bmg2024tcij is smaller than triggerMinMagnitude: no automatic simulation
2024/09/28 22:49:18.262363 [Incident:Info:toast@toast-new:Origin updated] Origin updated: OT: 2024-09-28 15:40:48,  Lat/Lon: -11.0811°/161.502°, Depth: 10
2024/09/28 22:49:18.262549 [Incident:Info:toast@toast-new:Magnitude updated] Magnitude updated: 5.31 (M)
2024/09/28 22:49:18.262591 [Simulation:Info:toast@toast-new:Simulation not generated] Magnitude 5.31 of event bmg2024tcij is smaller than triggerMinMagnitude: no automatic simulation
2024/09/28 22:49:22.738527 [Incident:Info:toast@toast-new:Origin updated] Origin updated: OT: 2024-09-28 15:40:48,  Lat/Lon: -11.0811°/161.502°, Depth: 10
2024/09/28 22:49:22.738699 [Incident:Info:toast@toast-new:Magnitude updated] Magnitude updated: 5.31 (M)
2024/09/28 22:49:22.738737 [Simulation:Info:toast@toast-new:Simulation not generated] Magnitude 5.31 of event bmg2024tcij is smaller than triggerMinMagnitude: no automatic simulation
2024/09/28 22:49:27.740555 [Incident:Info:toast@toast-new:Origin updated] Origin updated: OT: 2024-09-28 15:40:48,  Lat/Lon: -11.0811°/161.502°, Depth: 10
2024/09/28 22:49:27.740728 [Incident:Info:toast@toast-new:Magnitude updated] Magnitude updated: 5.28 (M)
2024/09/28 22:49:27.740768 [Simulation:Info:toast@toast-new:Simulation not generated] Magnitude 5.28 of event bmg2024tcij is smaller than triggerMinMagnitude: no automatic simulation
2024/09/28 22:49:32.751164 [Incident:Info:toast@toast-new:Origin updated] Origin updated: OT: 2024-09-28 15:40:48,  Lat/Lon: -11.0811°/161.502°, Depth: 10
2024/09/28 22:49:32.751331 [Incident:Info:toast@toast-new:Magnitude updated] Magnitude updated: 5.24 (M)
2024/09/28 22:49:32.751383 [Simulation:Info:toast@toast-new:Simulation not generated] Magnitude 5.24 of event bmg2024tcij is smaller than triggerMinMagnitude: no automatic simulation
2024/09/28 22:49:37.731782 [Incident:Info:toast@toast-new:Origin updated] Origin updated: OT: 2024-09-28 15:40:48,  Lat/Lon: -11.0811°/161.502°, Depth: 10
2024/09/28 22:49:37.731995 [Incident:Info:toast@toast-new:Magnitude updated] Magnitude updated: 5.24 (M)
2024/09/28 22:49:37.732045 [Simulation:Info:toast@toast-new:Simulation not generated] Magnitude 5.24 of event bmg2024tcij is smaller than triggerMinMagnitude: no automatic simulation
2024/09/28 22:49:42.736309 [Incident:Info:toast@toast-new:Origin updated] Origin updated: OT: 2024-09-28 15:40:48,  Lat/Lon: -11.0811°/161.502°, Depth: 10
2024/09/28 22:49:42.772533 [Incident:Info:toast@toast-new:Magnitude updated] Magnitude updated: 5.23 (M)
2024/09/28 22:49:42.772622 [Simulation:Info:toast@toast-new:Simulation not generated] Magnitude 5.23 of event bmg2024tcij is smaller than triggerMinMagnitude: no automatic simulation
2024/09/28 22:49:47.730265 [Incident:Info:toast@toast-new:Origin updated] Origin updated: OT: 2024-09-28 15:40:48,  Lat/Lon: -11.0811°/161.502°, Depth: 10
2024/09/28 22:49:47.730435 [Incident:Info:toast@toast-new:Magnitude updated] Magnitude updated: 5.23 (M)
2024/09/28 22:49:47.730471 [Simulation:Info:toast@toast-new:Simulation not generated] Magnitude 5.23 of event bmg2024tcij is smaller than triggerMinMagnitude: no automatic simulation
2024/09/28 22:49:52.311318 [Incident:Info:toast@toast-new:Origin updated] Origin updated: OT: 2024-09-28 15:40:48,  Lat/Lon: -11.0811°/161.502°, Depth: 10
2024/09/28 22:49:52.311474 [Incident:Info:toast@toast-new:Magnitude updated] Magnitude updated: 5.22 (M)
2024/09/28 22:49:52.311507 [Simulation:Info:toast@toast-new:Simulation not generated] Magnitude 5.22 of event bmg2024tcij is smaller than triggerMinMagnitude: no automatic simulation
2024/09/28 22:49:52.333780 [Incident:Info:toast@toast-new:Origin updated] Origin updated: OT: 2024-09-28 15:40:48,  Lat/Lon: -11.0849°/161.499°, Depth: 10
2024/09/28 22:49:52.333918 [Incident:Info:toast@toast-new:Magnitude updated] Magnitude updated: 5.19 (M)
2024/09/28 22:49:52.333944 [Simulation:Info:toast@toast-new:Simulation not generated] Magnitude 5.19 of event bmg2024tcij is smaller than triggerMinMagnitude: no automatic simulation
2024/09/28 22:49:52.741211 [Incident:Info:toast@toast-new:Origin updated] Origin updated: OT: 2024-09-28 15:40:48,  Lat/Lon: -11.0849°/161.499°, Depth: 10
2024/09/28 22:49:52.741414 [Incident:Info:toast@toast-new:Magnitude updated] Magnitude updated: 5.15 (Mw(mB))
2024/09/28 22:49:52.741485 [Simulation:Info:toast@toast-new:Simulation not generated] Magnitude 5.15 of event bmg2024tcij is smaller than triggerMinMagnitude: no automatic simulation
2024/09/28 22:50:02.737830 [Incident:Info:toast@toast-new:Origin updated] Origin updated: OT: 2024-09-28 15:40:48,  Lat/Lon: -11.0849°/161.499°, Depth: 10
2024/09/28 22:50:02.738027 [Incident:Info:toast@toast-new:Magnitude updated] Magnitude updated: 5.15 (Mw(mB))
2024/09/28 22:50:02.738074 [Simulation:Info:toast@toast-new:Simulation not generated] Magnitude 5.15 of event bmg2024tcij is smaller than triggerMinMagnitude: no automatic simulation
2024/09/28 22:50:17.735372 [Incident:Info:toast@toast-new:Origin updated] Origin updated: OT: 2024-09-28 15:40:48,  Lat/Lon: -11.0849°/161.499°, Depth: 10
2024/09/28 22:50:17.735562 [Incident:Info:toast@toast-new:Magnitude updated] Magnitude updated: 5.16 (Mw(mB))
2024/09/28 22:50:17.735618 [Simulation:Info:toast@toast-new:Simulation not generated] Magnitude 5.16 of event bmg2024tcij is smaller than triggerMinMagnitude: no automatic simulation
2024/09/28 22:50:22.735203 [Incident:Info:toast@toast-new:Origin updated] Origin updated: OT: 2024-09-28 15:40:48,  Lat/Lon: -11.0849°/161.499°, Depth: 10
2024/09/28 22:50:22.735403 [Incident:Info:toast@toast-new:Magnitude updated] Magnitude updated: 5.18 (Mw(mB))
2024/09/28 22:50:22.735447 [Simulation:Info:toast@toast-new:Simulation not generated] Magnitude 5.18 of event bmg2024tcij is smaller than triggerMinMagnitude: no automatic simulation
2024/09/28 22:50:37.266898 [Incident:Info:toast@toast-new:Origin updated] Origin updated: OT: 2024-09-28 15:40:48,  Lat/Lon: -11.0842°/161.5°, Depth: 10
2024/09/28 22:50:37.267065 [Incident:Info:toast@toast-new:Magnitude updated] Magnitude updated: 5.19 (Mw(mB))
2024/09/28 22:50:37.267100 [Simulation:Info:toast@toast-new:Simulation not generated] Magnitude 5.19 of event bmg2024tcij is smaller than triggerMinMagnitude: no automatic simulation
2024/09/28 22:50:42.737163 [Incident:Info:toast@toast-new:Origin updated] Origin updated: OT: 2024-09-28 15:40:48,  Lat/Lon: -11.0842°/161.5°, Depth: 10
2024/09/28 22:50:42.737352 [Incident:Info:toast@toast-new:Magnitude updated] Magnitude updated: 5.20 (Mw(mB))
2024/09/28 22:50:42.737394 [Simulation:Info:toast@toast-new:Simulation not generated] Magnitude 5.20 of event bmg2024tcij is smaller than triggerMinMagnitude: no automatic simulation
2024/09/28 22:51:17.735876 [Incident:Info:toast@toast-new:Origin updated] Origin updated: OT: 2024-09-28 15:40:48,  Lat/Lon: -11.0842°/161.5°, Depth: 10
2024/09/28 22:51:17.736046 [Incident:Info:toast@toast-new:Magnitude updated] Magnitude updated: 5.19 (Mw(mB))
2024/09/28 22:51:17.736080 [Simulation:Info:toast@toast-new:Simulation not generated] Magnitude 5.19 of event bmg2024tcij is smaller than triggerMinMagnitude: no automatic simulation
2024/09/28 22:51:27.469691 [Incident:Info:toast@toast-new:Origin updated] Origin updated: OT: 2024-09-28 15:40:47,  Lat/Lon: -11.0836°/161.501°, Depth: 10
2024/09/28 22:51:27.469891 [Incident:Info:toast@toast-new:Magnitude updated] Magnitude updated: 5.21 (Mw(mB))
2024/09/28 22:51:27.469927 [Simulation:Info:toast@toast-new:Simulation not generated] Magnitude 5.21 of event bmg2024tcij is smaller than triggerMinMagnitude: no automatic simulation
2024/09/28 22:51:47.738734 [Incident:Info:toast@toast-new:Origin updated] Origin updated: OT: 2024-09-28 15:40:47,  Lat/Lon: -11.0836°/161.501°, Depth: 10
2024/09/28 22:51:47.738909 [Incident:Info:toast@toast-new:Magnitude updated] Magnitude updated: 5.22 (Mw(mB))
2024/09/28 22:51:47.738948 [Simulation:Info:toast@toast-new:Simulation not generated] Magnitude 5.22 of event bmg2024tcij is smaller than triggerMinMagnitude: no automatic simulation
2024/09/28 22:52:17.462470 [Incident:Info:toast@toast-new:Origin updated] Origin updated: OT: 2024-09-28 15:40:47,  Lat/Lon: -11.0798°/161.512°, Depth: 10
2024/09/28 22:52:17.462649 [Incident:Info:toast@toast-new:Magnitude updated] Magnitude updated: 5.28 (Mw(mB))
2024/09/28 22:52:17.462697 [Simulation:Info:toast@toast-new:Simulation not generated] Magnitude 5.28 of event bmg2024tcij is smaller than triggerMinMagnitude: no automatic simulation
2024/09/28 22:52:27.724770 [Incident:Info:toast@toast-new:Origin updated] Origin updated: OT: 2024-09-28 15:40:47,  Lat/Lon: -11.0798°/161.512°, Depth: 10
2024/09/28 22:52:27.724956 [Incident:Info:toast@toast-new:Magnitude updated] Magnitude updated: 5.29 (Mw(mB))
2024/09/28 22:52:27.725004 [Simulation:Info:toast@toast-new:Simulation not generated] Magnitude 5.29 of event bmg2024tcij is smaller than triggerMinMagnitude: no automatic simulation
2024/09/28 22:53:17.474619 [Incident:Info:toast@toast-new:Origin updated] Origin updated: OT: 2024-09-28 15:40:47,  Lat/Lon: -11.0793°/161.513°, Depth: 10
2024/09/28 22:53:17.474841 [Incident:Info:toast@toast-new:Magnitude updated] Magnitude updated: 5.29 (Mw(mB))
2024/09/28 22:53:17.474896 [Simulation:Info:toast@toast-new:Simulation not generated] Magnitude 5.29 of event bmg2024tcij is smaller than triggerMinMagnitude: no automatic simulation
2024/09/28 22:54:17.369380 [Incident:Info:toast@toast-new:Origin updated] Origin updated: OT: 2024-09-28 15:40:47,  Lat/Lon: -11.0609°/161.528°, Depth: 10
2024/09/28 22:54:17.369567 [Incident:Info:toast@toast-new:Magnitude updated] Magnitude updated: 5.29 (Mw(mB))
2024/09/28 22:54:17.369611 [Simulation:Info:toast@toast-new:Simulation not generated] Magnitude 5.29 of event bmg2024tcij is smaller than triggerMinMagnitude: no automatic simulation
2024/09/28 22:55:17.376686 [Incident:Info:toast@toast-new:Origin updated] Origin updated: OT: 2024-09-28 15:40:47,  Lat/Lon: -11.0613°/161.533°, Depth: 10
2024/09/28 22:55:17.376885 [Incident:Info:toast@toast-new:Magnitude updated] Magnitude updated: 5.29 (Mw(mB))
2024/09/28 22:55:17.376927 [Simulation:Info:toast@toast-new:Simulation not generated] Magnitude 5.29 of event bmg2024tcij is smaller than triggerMinMagnitude: no automatic simulation
2024/09/28 22:57:14.680680 [Incident:Info:toast@toast-new:Origin updated] Origin updated: OT: 2024-09-28 15:40:47,  Lat/Lon: -11.0605°/161.533°, Depth: 10
2024/09/28 22:57:14.680856 [Incident:Info:toast@toast-new:Magnitude updated] Magnitude updated: 5.29 (Mw(mB))
2024/09/28 22:57:14.680894 [Simulation:Info:toast@toast-new:Simulation not generated] Magnitude 5.29 of event bmg2024tcij is smaller than triggerMinMagnitude: no automatic simulation
2024/09/28 23:11:55.199824 [Incident:Info:toast@toast-new:Origin updated] Origin updated: OT: 2024-09-28 15:40:47,  Lat/Lon: -11.0605°/161.533°, Depth: 10
2024/09/28 23:11:55.199980 [Simulation:Info:toast@toast-new:Simulation not generated] Magnitude 5.29 of event bmg2024tcij is smaller than triggerMinMagnitude: no automatic simulation
2024/09/29 03:21:45.305401 [Incident:Info:toast@toast-new:Origin updated] Origin updated: OT: 2024-09-28 15:40:50,  Lat/Lon: -11.0863°/161.554°, Depth: 31.7287
2024/09/29 03:21:45.305613 [Incident:Info:toast@toast-new:Magnitude updated] Magnitude updated: 5.30 (Mw(mB))
2024/09/29 03:21:45.305654 [Simulation:Info:toast@toast-new:Simulation not generated] Magnitude 5.30 of event bmg2024tcij is smaller than triggerMinMagnitude: no automatic simulation
2024/09/29 03:22:05.663376 [Incident:Info:toast@toast-new:Origin updated] Origin updated: OT: 2024-09-28 15:40:50,  Lat/Lon: -11.0863°/161.554°, Depth: 31.7287
2024/09/29 03:22:05.663567 [Incident:Info:toast@toast-new:Magnitude updated] Magnitude updated: 5.42 (mb)
2024/09/29 03:22:05.663623 [Simulation:Info:toast@toast-new:Simulation not generated] Magnitude 5.42 of event bmg2024tcij is smaller than triggerMinMagnitude: no automatic simulation
2024/09/29 03:22:13.872239 [Incident:Info:toast@toast-new:Origin updated] Origin updated: OT: 2024-09-28 15:40:50,  Lat/Lon: -11.0863°/161.554°, Depth: 31.7287
2024/09/29 03:22:13.872436 [Simulation:Info:toast@toast-new:Simulation not generated] Magnitude 5.42 of event bmg2024tcij is smaller than triggerMinMagnitude: no automatic simulation
2024/09/29 03:22:13.970722 [Incident:Info:toast@toast-new:Origin updated] Origin updated: OT: 2024-09-28 15:40:50,  Lat/Lon: -11.0863°/161.554°, Depth: 31.7287
2024/09/29 03:22:13.970930 [Simulation:Info:toast@toast-new:Simulation not generated] Magnitude 5.42 of event bmg2024tcij is smaller than triggerMinMagnitude: no automatic simulation
