2025/01/15 00:19:46.737068 [Incident:Info:toast@toast-new:Displacement(s) updated] Added 0 and changed 0 displacements with 0 amplitudes
2025/01/15 00:19:46.780143 [Incident:Info:toast@toast-new:Incident created] Incident created based on event received from messaging: OT: 2025-01-14 17:12:01,  Lat/Lon: 36.21°/132.15°, Depth: 10.00, Mag: 5.44 (M)
2025/01/15 00:19:46.780516 [Simulation:Info:toast@toast-new:Simulation not generated] Magnitude 5.44 of event bmg2025azbp is smaller than triggerMinMagnitude: no automatic simulation
2025/01/15 00:19:47.043021 [Incident:Info:toast@toast-new:Origin updated] Origin updated: OT: 2025-01-14 17:12:01,  Lat/Lon: 36.2102°/132.15°, Depth: 10
2025/01/15 00:19:47.043226 [Simulation:Info:toast@toast-new:Simulation not generated] Magnitude 5.44 of event bmg2025azbp is smaller than triggerMinMagnitude: no automatic simulation
2025/01/15 00:19:56.610132 [Incident:Info:toast@toast-new:Origin updated] Origin updated: OT: 2025-01-14 17:12:00,  Lat/Lon: 36.2112°/132.281°, Depth: 10
2025/01/15 00:19:56.610672 [Incident:Info:toast@toast-new:Magnitude updated] Magnitude updated: 5.45 (M)
2025/01/15 00:19:56.610992 [Simulation:Info:toast@toast-new:Simulation not generated] Magnitude 5.45 of event bmg2025azbp is smaller than triggerMinMagnitude: no automatic simulation
2025/01/15 00:20:07.026503 [Incident:Info:toast@toast-new:Origin updated] Origin updated: OT: 2025-01-14 17:12:00,  Lat/Lon: 36.2112°/132.281°, Depth: 10
2025/01/15 00:20:07.026833 [Incident:Info:toast@toast-new:Magnitude updated] Magnitude updated: 5.40 (M)
2025/01/15 00:20:07.026996 [Simulation:Info:toast@toast-new:Simulation not generated] Magnitude 5.40 of event bmg2025azbp is smaller than triggerMinMagnitude: no automatic simulation
2025/01/15 00:20:22.020971 [Incident:Info:toast@toast-new:Origin updated] Origin updated: OT: 2025-01-14 17:12:00,  Lat/Lon: 36.2112°/132.281°, Depth: 10
2025/01/15 00:20:22.021270 [Incident:Info:toast@toast-new:Magnitude updated] Magnitude updated: 5.38 (M)
2025/01/15 00:20:22.021410 [Simulation:Info:toast@toast-new:Simulation not generated] Magnitude 5.38 of event bmg2025azbp is smaller than triggerMinMagnitude: no automatic simulation
2025/01/15 00:21:19.949630 [Incident:Info:toast@toast-new:Origin updated] Origin updated: OT: 2025-01-14 17:12:55,  Lat/Lon: 31.9631°/131.519°, Depth: 192.577
2025/01/15 00:21:19.950045 [Incident:Info:toast@toast-new:Magnitude updated] Magnitude updated: 5.11 (M)
2025/01/15 00:21:19.950226 [Simulation:Info:toast@toast-new:Simulation not generated] Magnitude 5.11 of event bmg2025azbp is smaller than triggerMinMagnitude: no automatic simulation
2025/01/15 00:21:31.666066 [Incident:Info:toast@toast-new:Origin updated] Origin updated: OT: 2025-01-14 17:12:55,  Lat/Lon: 31.9428°/131.51°, Depth: 192.379
2025/01/15 00:21:31.666538 [Incident:Info:toast@toast-new:Magnitude updated] Magnitude updated: 5.14 (M)
2025/01/15 00:21:31.666765 [Simulation:Info:toast@toast-new:Simulation not generated] Magnitude 5.14 of event bmg2025azbp is smaller than triggerMinMagnitude: no automatic simulation
2025/01/15 00:21:37.055817 [Incident:Info:toast@toast-new:Origin updated] Origin updated: OT: 2025-01-14 17:12:55,  Lat/Lon: 31.9428°/131.51°, Depth: 192.379
2025/01/15 00:21:37.056254 [Incident:Info:toast@toast-new:Magnitude updated] Magnitude updated: 5.12 (M)
2025/01/15 00:21:37.056509 [Simulation:Info:toast@toast-new:Simulation not generated] Magnitude 5.12 of event bmg2025azbp is smaller than triggerMinMagnitude: no automatic simulation
2025/01/15 00:21:42.084768 [Incident:Info:toast@toast-new:Origin updated] Origin updated: OT: 2025-01-14 17:12:55,  Lat/Lon: 31.9428°/131.51°, Depth: 192.379
2025/01/15 00:21:42.085183 [Incident:Info:toast@toast-new:Magnitude updated] Magnitude updated: 5.19 (M)
2025/01/15 00:21:42.085376 [Simulation:Info:toast@toast-new:Simulation not generated] Magnitude 5.19 of event bmg2025azbp is smaller than triggerMinMagnitude: no automatic simulation
2025/01/15 00:21:47.063185 [Incident:Info:toast@toast-new:Origin updated] Origin updated: OT: 2025-01-14 17:12:55,  Lat/Lon: 31.9428°/131.51°, Depth: 192.379
2025/01/15 00:21:47.063698 [Incident:Info:toast@toast-new:Magnitude updated] Magnitude updated: 5.20 (M)
2025/01/15 00:21:47.063926 [Simulation:Info:toast@toast-new:Simulation not generated] Magnitude 5.20 of event bmg2025azbp is smaller than triggerMinMagnitude: no automatic simulation
2025/01/15 00:21:52.035257 [Incident:Info:toast@toast-new:Origin updated] Origin updated: OT: 2025-01-14 17:12:55,  Lat/Lon: 31.9428°/131.51°, Depth: 192.379
2025/01/15 00:21:52.035698 [Incident:Info:toast@toast-new:Magnitude updated] Magnitude updated: 5.21 (M)
2025/01/15 00:21:52.035900 [Simulation:Info:toast@toast-new:Simulation not generated] Magnitude 5.21 of event bmg2025azbp is smaller than triggerMinMagnitude: no automatic simulation
2025/01/15 00:21:57.053921 [Incident:Info:toast@toast-new:Origin updated] Origin updated: OT: 2025-01-14 17:12:55,  Lat/Lon: 31.9428°/131.51°, Depth: 192.379
2025/01/15 00:21:57.054414 [Incident:Info:toast@toast-new:Magnitude updated] Magnitude updated: 5.22 (M)
2025/01/15 00:21:57.054650 [Simulation:Info:toast@toast-new:Simulation not generated] Magnitude 5.22 of event bmg2025azbp is smaller than triggerMinMagnitude: no automatic simulation
2025/01/15 00:22:02.037950 [Incident:Info:toast@toast-new:Origin updated] Origin updated: OT: 2025-01-14 17:12:55,  Lat/Lon: 31.9428°/131.51°, Depth: 192.379
2025/01/15 00:22:02.038445 [Incident:Info:toast@toast-new:Magnitude updated] Magnitude updated: 5.25 (M)
2025/01/15 00:22:02.038717 [Simulation:Info:toast@toast-new:Simulation not generated] Magnitude 5.25 of event bmg2025azbp is smaller than triggerMinMagnitude: no automatic simulation
2025/01/15 00:22:21.901608 [Incident:Info:toast@toast-new:Origin updated] Origin updated: OT: 2025-01-14 17:12:56,  Lat/Lon: 31.9235°/131.507°, Depth: 192.492
2025/01/15 00:22:21.902135 [Incident:Info:toast@toast-new:Magnitude updated] Magnitude updated: 5.25 (M)
2025/01/15 00:22:21.902386 [Simulation:Info:toast@toast-new:Simulation not generated] Magnitude 5.25 of event bmg2025azbp is smaller than triggerMinMagnitude: no automatic simulation
2025/01/15 00:23:11.974507 [Incident:Info:toast@toast-new:Origin updated] Origin updated: OT: 2025-01-14 17:12:56,  Lat/Lon: 31.9173°/131.459°, Depth: 191.343
2025/01/15 00:23:11.975020 [Incident:Info:toast@toast-new:Magnitude updated] Magnitude updated: 5.25 (M)
2025/01/15 00:23:11.975270 [Simulation:Info:toast@toast-new:Simulation not generated] Magnitude 5.25 of event bmg2025azbp is smaller than triggerMinMagnitude: no automatic simulation
2025/01/15 00:24:06.944214 [Incident:Info:toast@toast-new:Origin updated] Origin updated: OT: 2025-01-14 17:12:56,  Lat/Lon: 31.8727°/131.417°, Depth: 192.743
2025/01/15 00:24:06.944756 [Incident:Info:toast@toast-new:Magnitude updated] Magnitude updated: 5.23 (Mw(mB))
2025/01/15 00:24:06.944988 [Simulation:Info:toast@toast-new:Simulation not generated] Magnitude 5.23 of event bmg2025azbp is smaller than triggerMinMagnitude: no automatic simulation
2025/01/15 00:25:01.953233 [Incident:Info:toast@toast-new:Origin updated] Origin updated: OT: 2025-01-14 17:12:56,  Lat/Lon: 31.8464°/131.402°, Depth: 185.151
2025/01/15 00:25:01.953775 [Incident:Info:toast@toast-new:Magnitude updated] Magnitude updated: 5.25 (Mw(mB))
2025/01/15 00:25:01.954022 [Simulation:Info:toast@toast-new:Simulation not generated] Magnitude 5.25 of event bmg2025azbp is smaller than triggerMinMagnitude: no automatic simulation
2025/01/15 00:26:02.004615 [Incident:Info:toast@toast-new:Origin updated] Origin updated: OT: 2025-01-14 17:12:56,  Lat/Lon: 31.8386°/131.409°, Depth: 182.773
2025/01/15 00:26:02.005108 [Incident:Info:toast@toast-new:Magnitude updated] Magnitude updated: 5.26 (Mw(mB))
2025/01/15 00:26:02.005320 [Simulation:Info:toast@toast-new:Simulation not generated] Magnitude 5.26 of event bmg2025azbp is smaller than triggerMinMagnitude: no automatic simulation
2025/01/15 00:27:01.697405 [Incident:Info:toast@toast-new:Origin updated] Origin updated: OT: 2025-01-14 17:12:56,  Lat/Lon: 31.826°/131.399°, Depth: 180.788
2025/01/15 00:27:01.698100 [Incident:Info:toast@toast-new:Magnitude updated] Magnitude updated: 5.26 (Mw(mB))
2025/01/15 00:27:01.698491 [Simulation:Info:toast@toast-new:Simulation not generated] Magnitude 5.26 of event bmg2025azbp is smaller than triggerMinMagnitude: no automatic simulation
2025/01/15 00:29:58.067612 [Incident:Info:toast@toast-new:Origin updated] Origin updated: OT: 2025-01-14 17:12:56,  Lat/Lon: 31.826°/131.399°, Depth: 180.788
2025/01/15 00:29:58.068133 [Simulation:Info:toast@toast-new:Simulation not generated] Magnitude 5.26 of event bmg2025azbp is smaller than triggerMinMagnitude: no automatic simulation
2025/01/15 00:41:08.443697 [Incident:Info:toast@toast-new:Origin updated] Origin updated: OT: 2025-01-14 17:12:56,  Lat/Lon: 31.826°/131.399°, Depth: 180.788
2025/01/15 00:41:08.444259 [Simulation:Info:toast@toast-new:Simulation not generated] Magnitude 5.26 of event bmg2025azbp is smaller than triggerMinMagnitude: no automatic simulation
2025/01/15 20:06:31.706400 [Incident:Info:toast@toast-new:Origin updated] Origin updated: OT: 2025-01-14 17:12:44,  Lat/Lon: 31.8571°/131.412°, Depth: 65.4646
2025/01/15 20:06:31.707187 [Incident:Info:toast@toast-new:Magnitude updated] Magnitude updated: 5.59 (Mw(mB))
2025/01/15 20:06:31.707516 [Simulation:Info:toast@toast-new:Simulation not generated] Magnitude 5.59 of event bmg2025azbp is smaller than triggerMinMagnitude: no automatic simulation
2025/01/15 20:06:47.261776 [Incident:Info:toast@toast-new:Origin updated] Origin updated: OT: 2025-01-14 17:12:44,  Lat/Lon: 31.8571°/131.412°, Depth: 65.4646
2025/01/15 20:06:47.262386 [Simulation:Info:toast@toast-new:Simulation not generated] Magnitude 5.59 of event bmg2025azbp is smaller than triggerMinMagnitude: no automatic simulation
2025/01/15 20:08:28.726660 [Incident:Info:toast@toast-new:Origin updated] Origin updated: OT: 2025-01-14 17:12:44,  Lat/Lon: 31.8571°/131.412°, Depth: 65.4646
2025/01/15 20:08:28.727450 [Simulation:Info:toast@toast-new:Simulation not generated] Magnitude 5.59 of event bmg2025azbp is smaller than triggerMinMagnitude: no automatic simulation
