2025/02/10 02:45:07.734450 [Incident:Info:toast@toast-new:Displacement(s) updated] Added 0 and changed 0 displacements with 0 amplitudes
2025/02/10 02:45:07.759188 [Incident:Info:toast@toast-new:Incident created] Incident created based on event received from messaging: OT: 2025-02-09 19:05:39,  Lat/Lon: 36.76°/25.73°, Depth: 10.00, Mag: 5.12 (M)
2025/02/10 02:45:07.759495 [Simulation:Info:toast@toast-new:Simulation not generated] Magnitude 5.12 of event bmg2025cusr is smaller than triggerMinMagnitude: no automatic simulation
2025/02/10 02:45:07.769615 [Incident:Info:toast@toast-new:Origin updated] Origin updated: OT: 2025-02-09 19:05:39,  Lat/Lon: 36.758°/25.7301°, Depth: 10
2025/02/10 02:45:07.769704 [Simulation:Info:toast@toast-new:Simulation not generated] Magnitude 5.12 of event bmg2025cusr is smaller than triggerMinMagnitude: no automatic simulation
2025/02/10 02:45:20.647684 [Incident:Info:toast@toast-new:Origin updated] Origin updated: OT: 2025-02-09 19:05:39,  Lat/Lon: 36.7575°/25.7313°, Depth: 10
2025/02/10 02:45:20.647843 [Incident:Info:toast@toast-new:Magnitude updated] Magnitude updated: 5.11 (M)
2025/02/10 02:45:20.647868 [Simulation:Info:toast@toast-new:Simulation not generated] Magnitude 5.11 of event bmg2025cusr is smaller than triggerMinMagnitude: no automatic simulation
2025/02/10 02:45:33.292242 [Incident:Info:toast@toast-new:Origin updated] Origin updated: OT: 2025-02-09 19:05:39,  Lat/Lon: 36.7575°/25.7313°, Depth: 10
2025/02/10 02:45:33.292426 [Incident:Info:toast@toast-new:Magnitude updated] Magnitude updated: 5.09 (M)
2025/02/10 02:45:33.292462 [Simulation:Info:toast@toast-new:Simulation not generated] Magnitude 5.09 of event bmg2025cusr is smaller than triggerMinMagnitude: no automatic simulation
2025/02/10 02:45:33.310078 [Incident:Info:toast@toast-new:Origin updated] Origin updated: OT: 2025-02-09 19:05:38,  Lat/Lon: 36.7668°/25.6905°, Depth: 10
2025/02/10 02:45:33.310194 [Incident:Info:toast@toast-new:Magnitude updated] Magnitude updated: 5.17 (M)
2025/02/10 02:45:33.310220 [Simulation:Info:toast@toast-new:Simulation not generated] Magnitude 5.17 of event bmg2025cusr is smaller than triggerMinMagnitude: no automatic simulation
2025/02/10 02:45:56.096412 [Incident:Info:toast@toast-new:Origin updated] Origin updated: OT: 2025-02-09 19:05:38,  Lat/Lon: 36.7628°/25.7205°, Depth: 10
2025/02/10 02:45:56.096598 [Incident:Info:toast@toast-new:Magnitude updated] Magnitude updated: 5.16 (M)
2025/02/10 02:45:56.096633 [Simulation:Info:toast@toast-new:Simulation not generated] Magnitude 5.16 of event bmg2025cusr is smaller than triggerMinMagnitude: no automatic simulation
2025/02/10 09:07:30.704787 [Incident:Info:toast@toast-new:Origin updated] Origin updated: OT: 2025-02-09 19:05:41,  Lat/Lon: 36.7771°/25.764°, Depth: 27.4942
2025/02/10 09:07:30.705132 [Incident:Info:toast@toast-new:Magnitude updated] Magnitude updated: 5.45 (mb)
2025/02/10 09:07:30.705224 [Simulation:Info:toast@toast-new:Simulation not generated] Magnitude 5.45 of event bmg2025cusr is smaller than triggerMinMagnitude: no automatic simulation
2025/02/10 09:07:30.727164 [Incident:Info:toast@toast-new:Origin updated] Origin updated: OT: 2025-02-09 19:05:41,  Lat/Lon: 36.7771°/25.764°, Depth: 27.4942
2025/02/10 09:07:30.727352 [Incident:Info:toast@toast-new:Magnitude updated] Magnitude updated: 5.18 (M)
2025/02/10 09:07:30.727430 [Simulation:Info:toast@toast-new:Simulation not generated] Magnitude 5.18 of event bmg2025cusr is smaller than triggerMinMagnitude: no automatic simulation
2025/02/10 09:07:34.371373 [Incident:Info:toast@toast-new:Origin updated] Origin updated: OT: 2025-02-09 19:05:41,  Lat/Lon: 36.7771°/25.764°, Depth: 27.4942
2025/02/10 09:07:34.371610 [Incident:Info:toast@toast-new:Magnitude updated] Magnitude updated: 5.45 (mb)
2025/02/10 09:07:34.371689 [Simulation:Info:toast@toast-new:Simulation not generated] Magnitude 5.45 of event bmg2025cusr is smaller than triggerMinMagnitude: no automatic simulation
2025/02/10 09:07:45.232508 [Incident:Info:toast@toast-new:Origin updated] Origin updated: OT: 2025-02-09 19:05:41,  Lat/Lon: 36.7771°/25.764°, Depth: 27.4942
2025/02/10 09:07:45.232817 [Simulation:Info:toast@toast-new:Simulation not generated] Magnitude 5.45 of event bmg2025cusr is smaller than triggerMinMagnitude: no automatic simulation
2025/02/10 09:07:45.259593 [Incident:Info:toast@toast-new:Origin updated] Origin updated: OT: 2025-02-09 19:05:41,  Lat/Lon: 36.7771°/25.764°, Depth: 27.4942
2025/02/10 09:07:45.259759 [Incident:Info:toast@toast-new:Magnitude updated] Magnitude updated: 5.17 (Mw(mB))
2025/02/10 09:07:45.259839 [Simulation:Info:toast@toast-new:Simulation not generated] Magnitude 5.17 of event bmg2025cusr is smaller than triggerMinMagnitude: no automatic simulation
2025/02/11 10:00:24.454966 [Incident:Info:toast@toast-new:Incident removed] Removed incident - Bye
