2025/04/06 05:01:46.682117 [Incident:Info:toast@toast-new:Displacement(s) updated] Added 0 and changed 0 displacements with 0 amplitudes
2025/04/06 05:01:46.722458 [Incident:Info:toast@toast-new:Incident created] Incident created based on event received from messaging: OT: 2025-04-05 21:56:05,  Lat/Lon: -6.23°/151.83°, Depth: 10.00, Mag: 5.13 (M)
2025/04/06 05:01:46.722759 [Simulation:Info:toast@toast-new:Simulation not generated] Magnitude 5.13 of event bmg2025grks is smaller than triggerMinMagnitude: no automatic simulation
2025/04/06 05:01:46.733799 [Incident:Info:toast@toast-new:Origin updated] Origin updated: OT: 2025-04-05 21:56:05,  Lat/Lon: -6.2335°/151.831°, Depth: 10
2025/04/06 05:01:46.733905 [Simulation:Info:toast@toast-new:Simulation not generated] Magnitude 5.13 of event bmg2025grks is smaller than triggerMinMagnitude: no automatic simulation
2025/04/06 05:01:57.210778 [Incident:Info:toast@toast-new:Origin updated] Origin updated: OT: 2025-04-05 21:56:05,  Lat/Lon: -6.24981°/151.816°, Depth: 10
2025/04/06 05:01:57.211003 [Incident:Info:toast@toast-new:Magnitude updated] Magnitude updated: 5.15 (M)
2025/04/06 05:01:57.211045 [Simulation:Info:toast@toast-new:Simulation not generated] Magnitude 5.15 of event bmg2025grks is smaller than triggerMinMagnitude: no automatic simulation
2025/04/06 05:01:59.363852 [Incident:Info:toast@toast-new:Origin updated] Origin updated: OT: 2025-04-05 21:56:05,  Lat/Lon: -6.24981°/151.816°, Depth: 10
2025/04/06 05:01:59.364046 [Incident:Info:toast@toast-new:Magnitude updated] Magnitude updated: 5.14 (M)
2025/04/06 05:01:59.364089 [Simulation:Info:toast@toast-new:Simulation not generated] Magnitude 5.14 of event bmg2025grks is smaller than triggerMinMagnitude: no automatic simulation
2025/04/06 05:02:04.368734 [Incident:Info:toast@toast-new:Origin updated] Origin updated: OT: 2025-04-05 21:56:05,  Lat/Lon: -6.24981°/151.816°, Depth: 10
2025/04/06 05:02:04.368931 [Incident:Info:toast@toast-new:Magnitude updated] Magnitude updated: 5.09 (M)
2025/04/06 05:02:04.368973 [Simulation:Info:toast@toast-new:Simulation not generated] Magnitude 5.09 of event bmg2025grks is smaller than triggerMinMagnitude: no automatic simulation
2025/04/06 05:02:08.697394 [Incident:Info:toast@toast-new:Origin updated] Origin updated: OT: 2025-04-05 21:56:05,  Lat/Lon: -6.24435°/151.815°, Depth: 10
2025/04/06 05:02:08.697562 [Incident:Info:toast@toast-new:Magnitude updated] Magnitude updated: 5.09 (M)
2025/04/06 05:02:08.697588 [Simulation:Info:toast@toast-new:Simulation not generated] Magnitude 5.09 of event bmg2025grks is smaller than triggerMinMagnitude: no automatic simulation
2025/04/06 05:02:18.728225 [Incident:Info:toast@toast-new:Origin updated] Origin updated: OT: 2025-04-05 21:56:05,  Lat/Lon: -6.24646°/151.815°, Depth: 10
2025/04/06 05:02:18.728404 [Incident:Info:toast@toast-new:Magnitude updated] Magnitude updated: 5.10 (M)
2025/04/06 05:02:18.728437 [Simulation:Info:toast@toast-new:Simulation not generated] Magnitude 5.10 of event bmg2025grks is smaller than triggerMinMagnitude: no automatic simulation
2025/04/06 05:02:29.375573 [Incident:Info:toast@toast-new:Origin updated] Origin updated: OT: 2025-04-05 21:56:05,  Lat/Lon: -6.24646°/151.815°, Depth: 10
2025/04/06 05:02:29.375770 [Incident:Info:toast@toast-new:Magnitude updated] Magnitude updated: 5.06 (M)
2025/04/06 05:02:29.375817 [Simulation:Info:toast@toast-new:Simulation not generated] Magnitude 5.06 of event bmg2025grks is smaller than triggerMinMagnitude: no automatic simulation
2025/04/06 05:02:30.490565 [Incident:Info:toast@toast-new:Origin updated] Origin updated: OT: 2025-04-05 21:56:05,  Lat/Lon: -6.25652°/151.81°, Depth: 10
2025/04/06 05:02:30.490799 [Incident:Info:toast@toast-new:Magnitude updated] Magnitude updated: 5.07 (M)
2025/04/06 05:02:30.490858 [Simulation:Info:toast@toast-new:Simulation not generated] Magnitude 5.07 of event bmg2025grks is smaller than triggerMinMagnitude: no automatic simulation
2025/04/06 05:02:38.657793 [Incident:Info:toast@toast-new:Origin updated] Origin updated: OT: 2025-04-05 21:56:09,  Lat/Lon: -6.18722°/151.86°, Depth: 56.1891
2025/04/06 05:02:38.658018 [Incident:Info:toast@toast-new:Magnitude updated] Magnitude updated: 5.13 (mb)
2025/04/06 05:02:38.658061 [Simulation:Info:toast@toast-new:Simulation not generated] Magnitude 5.13 of event bmg2025grks is smaller than triggerMinMagnitude: no automatic simulation
2025/04/06 05:02:38.680549 [Incident:Info:toast@toast-new:Origin updated] Origin updated: OT: 2025-04-05 21:56:09,  Lat/Lon: -6.18722°/151.86°, Depth: 56.1891
2025/04/06 05:02:38.680660 [Incident:Info:toast@toast-new:Magnitude updated] Magnitude updated: 5.05 (M)
2025/04/06 05:02:38.680694 [Simulation:Info:toast@toast-new:Simulation not generated] Magnitude 5.05 of event bmg2025grks is smaller than triggerMinMagnitude: no automatic simulation
2025/04/06 05:02:54.388942 [Incident:Info:toast@toast-new:Origin updated] Origin updated: OT: 2025-04-05 21:56:09,  Lat/Lon: -6.18722°/151.86°, Depth: 56.1891
2025/04/06 05:02:54.389141 [Incident:Info:toast@toast-new:Magnitude updated] Magnitude updated: 5.07 (M)
2025/04/06 05:02:54.389190 [Simulation:Info:toast@toast-new:Simulation not generated] Magnitude 5.07 of event bmg2025grks is smaller than triggerMinMagnitude: no automatic simulation
2025/04/06 09:05:03.566678 [Incident:Info:toast@toast-new:Origin updated] Origin updated: OT: 2025-04-05 21:56:09,  Lat/Lon: -6.27291°/151.739°, Depth: 56.9259
2025/04/06 09:05:03.566910 [Incident:Info:toast@toast-new:Magnitude updated] Magnitude updated: 5.36 (Mw(mB))
2025/04/06 09:05:03.566972 [Simulation:Info:toast@toast-new:Simulation not generated] Magnitude 5.36 of event bmg2025grks is smaller than triggerMinMagnitude: no automatic simulation
2025/04/06 09:05:10.641827 [Incident:Info:toast@toast-new:Origin updated] Origin updated: OT: 2025-04-05 21:56:09,  Lat/Lon: -6.27291°/151.739°, Depth: 56.9259
2025/04/06 09:05:10.642021 [Incident:Info:toast@toast-new:Magnitude updated] Magnitude updated: 5.40 (mb)
2025/04/06 09:05:10.642066 [Simulation:Info:toast@toast-new:Simulation not generated] Magnitude 5.40 of event bmg2025grks is smaller than triggerMinMagnitude: no automatic simulation
2025/04/10 10:05:17.430066 [Incident:Info:toast@toast-new:Incident removed] Removed incident - Bye
