2025/03/13 12:15:15.183270 [Incident:Info:toast@toast-new:Displacement(s) updated] Added 0 and changed 0 displacements with 0 amplitudes
2025/03/13 12:15:15.212358 [Incident:Info:toast@toast-new:Incident created] Incident created based on event received from messaging: OT: 2025-03-13 05:09:38,  Lat/Lon: 23.09°/121.58°, Depth: 10.00, Mag: 5.50 (M)
2025/03/13 12:15:15.212728 [Simulation:Info:toast@toast-new:Simulation not generated] Magnitude 5.50 of event bmg2025facy is smaller than triggerMinMagnitude: no automatic simulation
2025/03/13 12:15:15.652881 [Incident:Info:toast@toast-new:Origin updated] Origin updated: OT: 2025-03-13 05:09:38,  Lat/Lon: 23.0936°/121.579°, Depth: 10
2025/03/13 12:15:15.653097 [Simulation:Info:toast@toast-new:Simulation not generated] Magnitude 5.50 of event bmg2025facy is smaller than triggerMinMagnitude: no automatic simulation
2025/03/13 12:15:24.374272 [Incident:Info:toast@toast-new:Origin updated] Origin updated: OT: 2025-03-13 05:09:38,  Lat/Lon: 23.0936°/121.579°, Depth: 10
2025/03/13 12:15:24.374704 [Incident:Info:toast@toast-new:Magnitude updated] Magnitude updated: 5.51 (M)
2025/03/13 12:15:24.374917 [Simulation:Info:toast@toast-new:Simulation not generated] Magnitude 5.51 of event bmg2025facy is smaller than triggerMinMagnitude: no automatic simulation
2025/03/13 12:15:29.885122 [Incident:Info:toast@toast-new:Origin updated] Origin updated: OT: 2025-03-13 05:09:38,  Lat/Lon: 23.0752°/121.602°, Depth: 10
2025/03/13 12:15:29.885491 [Incident:Info:toast@toast-new:Magnitude updated] Magnitude updated: 5.51 (M)
2025/03/13 12:15:29.885660 [Simulation:Info:toast@toast-new:Simulation not generated] Magnitude 5.51 of event bmg2025facy is smaller than triggerMinMagnitude: no automatic simulation
2025/03/13 12:15:34.384820 [Incident:Info:toast@toast-new:Origin updated] Origin updated: OT: 2025-03-13 05:09:38,  Lat/Lon: 23.0752°/121.602°, Depth: 10
2025/03/13 12:15:34.385200 [Incident:Info:toast@toast-new:Magnitude updated] Magnitude updated: 5.55 (M)
2025/03/13 12:15:34.385370 [Simulation:Info:toast@toast-new:Simulation not generated] Magnitude 5.55 of event bmg2025facy is smaller than triggerMinMagnitude: no automatic simulation
2025/03/13 12:15:39.446525 [Incident:Info:toast@toast-new:Origin updated] Origin updated: OT: 2025-03-13 05:09:38,  Lat/Lon: 23.0752°/121.602°, Depth: 10
2025/03/13 12:15:39.446999 [Incident:Info:toast@toast-new:Magnitude updated] Magnitude updated: 5.50 (M)
2025/03/13 12:15:39.447250 [Simulation:Info:toast@toast-new:Simulation not generated] Magnitude 5.50 of event bmg2025facy is smaller than triggerMinMagnitude: no automatic simulation
2025/03/13 12:15:44.380650 [Incident:Info:toast@toast-new:Origin updated] Origin updated: OT: 2025-03-13 05:09:38,  Lat/Lon: 23.0752°/121.602°, Depth: 10
2025/03/13 12:15:44.381081 [Incident:Info:toast@toast-new:Magnitude updated] Magnitude updated: 5.48 (M)
2025/03/13 12:15:44.381267 [Simulation:Info:toast@toast-new:Simulation not generated] Magnitude 5.48 of event bmg2025facy is smaller than triggerMinMagnitude: no automatic simulation
2025/03/13 12:15:45.578268 [Incident:Info:toast@toast-new:Origin updated] Origin updated: OT: 2025-03-13 05:09:38,  Lat/Lon: 23.0707°/121.639°, Depth: 10
2025/03/13 12:15:45.578683 [Incident:Info:toast@toast-new:Magnitude updated] Magnitude updated: 5.47 (M)
2025/03/13 12:15:45.578864 [Simulation:Info:toast@toast-new:Simulation not generated] Magnitude 5.47 of event bmg2025facy is smaller than triggerMinMagnitude: no automatic simulation
2025/03/13 12:15:49.403546 [Incident:Info:toast@toast-new:Origin updated] Origin updated: OT: 2025-03-13 05:09:38,  Lat/Lon: 23.0707°/121.639°, Depth: 10
2025/03/13 12:15:49.403972 [Incident:Info:toast@toast-new:Magnitude updated] Magnitude updated: 5.48 (M)
2025/03/13 12:15:49.404144 [Simulation:Info:toast@toast-new:Simulation not generated] Magnitude 5.48 of event bmg2025facy is smaller than triggerMinMagnitude: no automatic simulation
2025/03/13 12:15:54.388314 [Incident:Info:toast@toast-new:Origin updated] Origin updated: OT: 2025-03-13 05:09:38,  Lat/Lon: 23.0707°/121.639°, Depth: 10
2025/03/13 12:15:54.388797 [Incident:Info:toast@toast-new:Magnitude updated] Magnitude updated: 5.52 (M)
2025/03/13 12:15:54.388996 [Simulation:Info:toast@toast-new:Simulation not generated] Magnitude 5.52 of event bmg2025facy is smaller than triggerMinMagnitude: no automatic simulation
2025/03/13 12:15:59.420329 [Incident:Info:toast@toast-new:Origin updated] Origin updated: OT: 2025-03-13 05:09:38,  Lat/Lon: 23.0707°/121.639°, Depth: 10
2025/03/13 12:15:59.420818 [Incident:Info:toast@toast-new:Magnitude updated] Magnitude updated: 5.53 (M)
2025/03/13 12:15:59.421040 [Simulation:Info:toast@toast-new:Simulation not generated] Magnitude 5.53 of event bmg2025facy is smaller than triggerMinMagnitude: no automatic simulation
2025/03/13 12:16:04.400058 [Incident:Info:toast@toast-new:Origin updated] Origin updated: OT: 2025-03-13 05:09:38,  Lat/Lon: 23.0707°/121.639°, Depth: 10
2025/03/13 12:16:04.400551 [Incident:Info:toast@toast-new:Magnitude updated] Magnitude updated: 5.61 (Mw(mB))
2025/03/13 12:16:04.400778 [Simulation:Info:toast@toast-new:Simulation not generated] Magnitude 5.61 of event bmg2025facy is smaller than triggerMinMagnitude: no automatic simulation
2025/03/13 12:16:04.420577 [Incident:Info:toast@toast-new:Origin updated] Origin updated: OT: 2025-03-13 05:09:38,  Lat/Lon: 23.0707°/121.639°, Depth: 10
2025/03/13 12:16:04.420874 [Simulation:Info:toast@toast-new:Simulation not generated] Magnitude 5.61 of event bmg2025facy is smaller than triggerMinMagnitude: no automatic simulation
2025/03/13 12:16:05.874335 [Incident:Info:toast@toast-new:Origin updated] Origin updated: OT: 2025-03-13 05:09:38,  Lat/Lon: 23.0707°/121.639°, Depth: 10
2025/03/13 12:16:05.874881 [Incident:Info:toast@toast-new:Magnitude updated] Magnitude updated: 5.62 (Mw(mB))
2025/03/13 12:16:05.875131 [Simulation:Info:toast@toast-new:Simulation not generated] Magnitude 5.62 of event bmg2025facy is smaller than triggerMinMagnitude: no automatic simulation
2025/03/13 12:16:05.894500 [Incident:Info:toast@toast-new:Origin updated] Origin updated: OT: 2025-03-13 05:09:38,  Lat/Lon: 23.0582°/121.625°, Depth: 10
2025/03/13 12:16:05.894875 [Incident:Info:toast@toast-new:Magnitude updated] Magnitude updated: 5.62 (Mw(mB))
2025/03/13 12:16:05.895020 [Simulation:Info:toast@toast-new:Simulation not generated] Magnitude 5.62 of event bmg2025facy is smaller than triggerMinMagnitude: no automatic simulation
2025/03/13 12:16:09.418383 [Incident:Info:toast@toast-new:Origin updated] Origin updated: OT: 2025-03-13 05:09:38,  Lat/Lon: 23.0582°/121.625°, Depth: 10
2025/03/13 12:16:09.418913 [Incident:Info:toast@toast-new:Magnitude updated] Magnitude updated: 5.65 (Mw(mB))
2025/03/13 12:16:09.419140 [Simulation:Info:toast@toast-new:Simulation not generated] Magnitude 5.65 of event bmg2025facy is smaller than triggerMinMagnitude: no automatic simulation
2025/03/13 12:16:13.660733 [Incident:Info:toast@toast-new:Origin updated] Origin updated: OT: 2025-03-13 05:09:38,  Lat/Lon: 23.0582°/121.625°, Depth: 10
2025/03/13 12:16:13.661227 [Incident:Info:toast@toast-new:Magnitude updated] Magnitude updated: 5.65 (Mw(mB))
2025/03/13 12:16:13.661447 [Simulation:Info:toast@toast-new:Simulation not generated] Magnitude 5.65 of event bmg2025facy is smaller than triggerMinMagnitude: no automatic simulation
2025/03/13 12:16:14.921594 [Incident:Info:toast@toast-new:Origin updated] Origin updated: OT: 2025-03-13 05:09:38,  Lat/Lon: 23.0954°/121.598°, Depth: 10
2025/03/13 12:16:14.922100 [Incident:Info:toast@toast-new:Magnitude updated] Magnitude updated: 5.64 (Mw(mB))
2025/03/13 12:16:14.922311 [Simulation:Info:toast@toast-new:Simulation not generated] Magnitude 5.64 of event bmg2025facy is smaller than triggerMinMagnitude: no automatic simulation
2025/03/13 12:16:14.991649 [Incident:Info:toast@toast-new:Origin updated] Origin updated: OT: 2025-03-13 05:09:38,  Lat/Lon: 23.0954°/121.598°, Depth: 10
2025/03/13 12:16:14.991976 [Incident:Info:toast@toast-new:Magnitude updated] Magnitude updated: 5.64 (Mw(mB))
2025/03/13 12:16:14.992121 [Simulation:Info:toast@toast-new:Simulation not generated] Magnitude 5.64 of event bmg2025facy is smaller than triggerMinMagnitude: no automatic simulation
2025/03/13 12:16:17.165355 [Incident:Info:toast@toast-new:Origin updated] Origin updated: OT: 2025-03-13 05:09:38,  Lat/Lon: 23.0954°/121.598°, Depth: 10
2025/03/13 12:16:17.165895 [Simulation:Info:toast@toast-new:Simulation not generated] Magnitude 5.64 of event bmg2025facy is smaller than triggerMinMagnitude: no automatic simulation
2025/03/13 12:16:19.429549 [Incident:Info:toast@toast-new:Origin updated] Origin updated: OT: 2025-03-13 05:09:38,  Lat/Lon: 23.0954°/121.598°, Depth: 10
2025/03/13 12:16:19.430146 [Incident:Info:toast@toast-new:Magnitude updated] Magnitude updated: 5.64 (Mw(mB))
2025/03/13 12:16:19.430423 [Simulation:Info:toast@toast-new:Simulation not generated] Magnitude 5.64 of event bmg2025facy is smaller than triggerMinMagnitude: no automatic simulation
2025/03/13 12:16:24.442650 [Incident:Info:toast@toast-new:Origin updated] Origin updated: OT: 2025-03-13 05:09:38,  Lat/Lon: 23.0954°/121.598°, Depth: 10
2025/03/13 12:16:24.443250 [Incident:Info:toast@toast-new:Magnitude updated] Magnitude updated: 5.62 (Mw(mB))
2025/03/13 12:16:24.443483 [Simulation:Info:toast@toast-new:Simulation not generated] Magnitude 5.62 of event bmg2025facy is smaller than triggerMinMagnitude: no automatic simulation
2025/03/13 12:16:27.536208 [Incident:Info:toast@toast-new:Origin updated] Origin updated: OT: 2025-03-13 05:09:38,  Lat/Lon: 23.0954°/121.598°, Depth: 10
2025/03/13 12:16:27.536778 [Incident:Info:toast@toast-new:Magnitude updated] Magnitude updated: 5.61 (Mw(mB))
2025/03/13 12:16:27.537021 [Simulation:Info:toast@toast-new:Simulation not generated] Magnitude 5.61 of event bmg2025facy is smaller than triggerMinMagnitude: no automatic simulation
2025/03/13 15:41:17.664387 [Incident:Info:toast@toast-new:Origin updated] Origin updated: OT: 2025-03-13 05:09:37,  Lat/Lon: 23.0995°/121.606°, Depth: 5
2025/03/13 15:41:17.665032 [Incident:Info:toast@toast-new:Magnitude updated] Magnitude updated: 5.61 (Mw(mB))
2025/03/13 15:41:17.665294 [Simulation:Info:toast@toast-new:Simulation not generated] Magnitude 5.61 of event bmg2025facy is smaller than triggerMinMagnitude: no automatic simulation
2025/03/13 15:41:22.971652 [Incident:Info:toast@toast-new:Origin updated] Origin updated: OT: 2025-03-13 05:09:37,  Lat/Lon: 23.0995°/121.606°, Depth: 5
2025/03/13 15:41:22.972249 [Incident:Info:toast@toast-new:Magnitude updated] Magnitude updated: 5.88 (mb)
2025/03/13 15:41:22.972516 [Simulation:Info:toast@toast-new:Simulation not generated] Magnitude 5.88 of event bmg2025facy is smaller than triggerMinMagnitude: no automatic simulation
2025/03/13 15:41:36.480530 [Incident:Info:toast@toast-new:Origin updated] Origin updated: OT: 2025-03-13 05:09:37,  Lat/Lon: 23.0995°/121.606°, Depth: 5
2025/03/13 15:41:36.481145 [Simulation:Info:toast@toast-new:Simulation not generated] Magnitude 5.88 of event bmg2025facy is smaller than triggerMinMagnitude: no automatic simulation
2025/03/13 15:41:36.537381 [Incident:Info:toast@toast-new:Origin updated] Origin updated: OT: 2025-03-13 05:09:37,  Lat/Lon: 23.0995°/121.606°, Depth: 5
2025/03/13 15:41:36.537772 [Simulation:Info:toast@toast-new:Simulation not generated] Magnitude 5.88 of event bmg2025facy is smaller than triggerMinMagnitude: no automatic simulation
