2024/09/04 06:20:57.235904 [Incident:Info:toast@toast-new:Displacement(s) updated] Added 0 and changed 0 displacements with 0 amplitudes
2024/09/04 06:20:57.250274 [Incident:Info:toast@toast-new:Incident created] Incident created based on event received from messaging: OT: 2024-09-03 23:16:52,  Lat/Lon: 15.16°/122.88°, Depth: 173.16, Mag: 5.10 (M)
2024/09/04 06:20:57.250589 [Simulation:Info:toast@toast-new:Simulation not generated] Magnitude 5.10 of event bmg2024rjfv is smaller than triggerMinMagnitude: no automatic simulation
2024/09/04 06:20:57.661091 [Incident:Info:toast@toast-new:Origin updated] Origin updated: OT: 2024-09-03 23:16:52,  Lat/Lon: 15.1649°/122.884°, Depth: 173.157
2024/09/04 06:20:57.661221 [Simulation:Info:toast@toast-new:Simulation not generated] Magnitude 5.10 of event bmg2024rjfv is smaller than triggerMinMagnitude: no automatic simulation
2024/09/04 06:21:07.143457 [Incident:Info:toast@toast-new:Origin updated] Origin updated: OT: 2024-09-03 23:16:47,  Lat/Lon: 15.0288°/123.089°, Depth: 10
2024/09/04 06:21:07.143636 [Incident:Info:toast@toast-new:Magnitude updated] Magnitude updated: 5.12 (M)
2024/09/04 06:21:07.143702 [Simulation:Info:toast@toast-new:Simulation not generated] Magnitude 5.12 of event bmg2024rjfv is smaller than triggerMinMagnitude: no automatic simulation
2024/09/04 06:21:07.758947 [Incident:Info:toast@toast-new:Origin updated] Origin updated: OT: 2024-09-03 23:16:47,  Lat/Lon: 15.0288°/123.089°, Depth: 10
2024/09/04 06:21:07.759061 [Incident:Info:toast@toast-new:Magnitude updated] Magnitude updated: 5.11 (M)
2024/09/04 06:21:07.759133 [Simulation:Info:toast@toast-new:Simulation not generated] Magnitude 5.11 of event bmg2024rjfv is smaller than triggerMinMagnitude: no automatic simulation
2024/09/04 06:21:12.747219 [Incident:Info:toast@toast-new:Origin updated] Origin updated: OT: 2024-09-03 23:16:47,  Lat/Lon: 15.0288°/123.089°, Depth: 10
2024/09/04 06:21:12.748795 [Incident:Info:toast@toast-new:Magnitude updated] Magnitude updated: 5.14 (M)
2024/09/04 06:21:12.748910 [Simulation:Info:toast@toast-new:Simulation not generated] Magnitude 5.14 of event bmg2024rjfv is smaller than triggerMinMagnitude: no automatic simulation
2024/09/04 06:21:17.799718 [Incident:Info:toast@toast-new:Origin updated] Origin updated: OT: 2024-09-03 23:16:47,  Lat/Lon: 15.0288°/123.089°, Depth: 10
2024/09/04 06:21:17.801339 [Incident:Info:toast@toast-new:Magnitude updated] Magnitude updated: 5.13 (M)
2024/09/04 06:21:17.801452 [Simulation:Info:toast@toast-new:Simulation not generated] Magnitude 5.13 of event bmg2024rjfv is smaller than triggerMinMagnitude: no automatic simulation
2024/09/04 06:21:19.494192 [Incident:Info:toast@toast-new:Origin updated] Origin updated: OT: 2024-09-03 23:16:47,  Lat/Lon: 15.0139°/123.025°, Depth: 10
2024/09/04 06:21:19.494343 [Incident:Info:toast@toast-new:Magnitude updated] Magnitude updated: 5.12 (M)
2024/09/04 06:21:19.494397 [Simulation:Info:toast@toast-new:Simulation not generated] Magnitude 5.12 of event bmg2024rjfv is smaller than triggerMinMagnitude: no automatic simulation
2024/09/04 06:21:22.750553 [Incident:Info:toast@toast-new:Origin updated] Origin updated: OT: 2024-09-03 23:16:47,  Lat/Lon: 15.0139°/123.025°, Depth: 10
2024/09/04 06:21:22.750660 [Incident:Info:toast@toast-new:Magnitude updated] Magnitude updated: 5.12 (M)
2024/09/04 06:21:22.750724 [Simulation:Info:toast@toast-new:Simulation not generated] Magnitude 5.12 of event bmg2024rjfv is smaller than triggerMinMagnitude: no automatic simulation
2024/09/04 06:21:27.808615 [Incident:Info:toast@toast-new:Origin updated] Origin updated: OT: 2024-09-03 23:16:47,  Lat/Lon: 15.0139°/123.025°, Depth: 10
2024/09/04 06:21:27.808742 [Incident:Info:toast@toast-new:Magnitude updated] Magnitude updated: 5.13 (M)
2024/09/04 06:21:27.808814 [Simulation:Info:toast@toast-new:Simulation not generated] Magnitude 5.13 of event bmg2024rjfv is smaller than triggerMinMagnitude: no automatic simulation
2024/09/04 06:21:32.772967 [Incident:Info:toast@toast-new:Origin updated] Origin updated: OT: 2024-09-03 23:16:47,  Lat/Lon: 15.0139°/123.025°, Depth: 10
2024/09/04 06:21:32.773107 [Incident:Info:toast@toast-new:Magnitude updated] Magnitude updated: 5.13 (M)
2024/09/04 06:21:32.773185 [Simulation:Info:toast@toast-new:Simulation not generated] Magnitude 5.13 of event bmg2024rjfv is smaller than triggerMinMagnitude: no automatic simulation
2024/09/04 06:21:35.400736 [Incident:Info:toast@toast-new:Origin updated] Origin updated: OT: 2024-09-03 23:16:46,  Lat/Lon: 15.0061°/122.899°, Depth: 10
2024/09/04 06:21:35.400912 [Incident:Info:toast@toast-new:Magnitude updated] Magnitude updated: 5.12 (M)
2024/09/04 06:21:35.400970 [Simulation:Info:toast@toast-new:Simulation not generated] Magnitude 5.12 of event bmg2024rjfv is smaller than triggerMinMagnitude: no automatic simulation
2024/09/04 06:21:37.764731 [Incident:Info:toast@toast-new:Origin updated] Origin updated: OT: 2024-09-03 23:16:46,  Lat/Lon: 15.0061°/122.899°, Depth: 10
2024/09/04 06:21:37.764852 [Incident:Info:toast@toast-new:Magnitude updated] Magnitude updated: 5.13 (M)
2024/09/04 06:21:37.764920 [Simulation:Info:toast@toast-new:Simulation not generated] Magnitude 5.13 of event bmg2024rjfv is smaller than triggerMinMagnitude: no automatic simulation
2024/09/04 06:21:42.784903 [Incident:Info:toast@toast-new:Origin updated] Origin updated: OT: 2024-09-03 23:16:46,  Lat/Lon: 15.0061°/122.899°, Depth: 10
2024/09/04 06:21:42.786505 [Incident:Info:toast@toast-new:Magnitude updated] Magnitude updated: 5.13 (M)
2024/09/04 06:21:42.786620 [Simulation:Info:toast@toast-new:Simulation not generated] Magnitude 5.13 of event bmg2024rjfv is smaller than triggerMinMagnitude: no automatic simulation
2024/09/04 06:21:47.824240 [Incident:Info:toast@toast-new:Origin updated] Origin updated: OT: 2024-09-03 23:16:46,  Lat/Lon: 15.0061°/122.899°, Depth: 10
2024/09/04 06:21:47.860522 [Incident:Info:toast@toast-new:Magnitude updated] Magnitude updated: 5.14 (M)
2024/09/04 06:21:47.860654 [Simulation:Info:toast@toast-new:Simulation not generated] Magnitude 5.14 of event bmg2024rjfv is smaller than triggerMinMagnitude: no automatic simulation
2024/09/04 06:21:52.830844 [Incident:Info:toast@toast-new:Origin updated] Origin updated: OT: 2024-09-03 23:16:46,  Lat/Lon: 15.0061°/122.899°, Depth: 10
2024/09/04 06:21:52.832255 [Incident:Info:toast@toast-new:Magnitude updated] Magnitude updated: 5.17 (M)
2024/09/04 06:21:52.832334 [Simulation:Info:toast@toast-new:Simulation not generated] Magnitude 5.17 of event bmg2024rjfv is smaller than triggerMinMagnitude: no automatic simulation
2024/09/04 06:21:54.264091 [Incident:Info:toast@toast-new:Origin updated] Origin updated: OT: 2024-09-03 23:16:46,  Lat/Lon: 15.0223°/122.838°, Depth: 10
2024/09/04 06:21:54.264251 [Incident:Info:toast@toast-new:Magnitude updated] Magnitude updated: 5.17 (M)
2024/09/04 06:21:54.264311 [Simulation:Info:toast@toast-new:Simulation not generated] Magnitude 5.17 of event bmg2024rjfv is smaller than triggerMinMagnitude: no automatic simulation
2024/09/04 06:21:57.920999 [Incident:Info:toast@toast-new:Origin updated] Origin updated: OT: 2024-09-03 23:16:46,  Lat/Lon: 15.0223°/122.838°, Depth: 10
2024/09/04 06:21:57.923200 [Incident:Info:toast@toast-new:Magnitude updated] Magnitude updated: 5.15 (M)
2024/09/04 06:21:57.923298 [Simulation:Info:toast@toast-new:Simulation not generated] Magnitude 5.15 of event bmg2024rjfv is smaller than triggerMinMagnitude: no automatic simulation
2024/09/04 06:22:02.890071 [Incident:Info:toast@toast-new:Origin updated] Origin updated: OT: 2024-09-03 23:16:46,  Lat/Lon: 15.0223°/122.838°, Depth: 10
2024/09/04 06:22:02.890196 [Incident:Info:toast@toast-new:Magnitude updated] Magnitude updated: 5.15 (M)
2024/09/04 06:22:02.890281 [Simulation:Info:toast@toast-new:Simulation not generated] Magnitude 5.15 of event bmg2024rjfv is smaller than triggerMinMagnitude: no automatic simulation
2024/09/04 06:22:07.780850 [Incident:Info:toast@toast-new:Origin updated] Origin updated: OT: 2024-09-03 23:16:46,  Lat/Lon: 15.0223°/122.838°, Depth: 10
2024/09/04 06:22:07.780991 [Incident:Info:toast@toast-new:Magnitude updated] Magnitude updated: 5.15 (M)
2024/09/04 06:22:07.781098 [Simulation:Info:toast@toast-new:Simulation not generated] Magnitude 5.15 of event bmg2024rjfv is smaller than triggerMinMagnitude: no automatic simulation
2024/09/04 06:22:12.869525 [Incident:Info:toast@toast-new:Origin updated] Origin updated: OT: 2024-09-03 23:16:46,  Lat/Lon: 15.0223°/122.838°, Depth: 10
2024/09/04 06:22:12.869691 [Incident:Info:toast@toast-new:Magnitude updated] Magnitude updated: 5.16 (M)
2024/09/04 06:22:12.869788 [Simulation:Info:toast@toast-new:Simulation not generated] Magnitude 5.16 of event bmg2024rjfv is smaller than triggerMinMagnitude: no automatic simulation
2024/09/04 06:22:12.912281 [Incident:Info:toast@toast-new:Origin updated] Origin updated: OT: 2024-09-03 23:16:46,  Lat/Lon: 15.0223°/122.838°, Depth: 10
2024/09/04 06:22:12.912384 [Incident:Info:toast@toast-new:Magnitude updated] Magnitude updated: 5.04 (Mw(mB))
2024/09/04 06:22:12.912471 [Simulation:Info:toast@toast-new:Simulation not generated] Magnitude 5.04 of event bmg2024rjfv is smaller than triggerMinMagnitude: no automatic simulation
2024/09/04 06:22:17.869629 [Incident:Info:toast@toast-new:Origin updated] Origin updated: OT: 2024-09-03 23:16:46,  Lat/Lon: 15.0223°/122.838°, Depth: 10
2024/09/04 06:22:17.869751 [Incident:Info:toast@toast-new:Magnitude updated] Magnitude updated: 5.06 (Mw(mB))
2024/09/04 06:22:17.869837 [Simulation:Info:toast@toast-new:Simulation not generated] Magnitude 5.06 of event bmg2024rjfv is smaller than triggerMinMagnitude: no automatic simulation
2024/09/04 06:22:22.220470 [Incident:Info:toast@toast-new:Origin updated] Origin updated: OT: 2024-09-03 23:16:46,  Lat/Lon: 15.0223°/122.838°, Depth: 10
2024/09/04 06:22:22.220632 [Incident:Info:toast@toast-new:Magnitude updated] Magnitude updated: 5.03 (Mw(mB))
2024/09/04 06:22:22.220747 [Simulation:Info:toast@toast-new:Simulation not generated] Magnitude 5.03 of event bmg2024rjfv is smaller than triggerMinMagnitude: no automatic simulation
2024/09/04 06:22:22.769944 [Incident:Info:toast@toast-new:Origin updated] Origin updated: OT: 2024-09-03 23:16:46,  Lat/Lon: 15.0223°/122.838°, Depth: 10
2024/09/04 06:22:22.770086 [Incident:Info:toast@toast-new:Magnitude updated] Magnitude updated: 5.01 (Mw(mB))
2024/09/04 06:22:22.770166 [Simulation:Info:toast@toast-new:Simulation not generated] Magnitude 5.01 of event bmg2024rjfv is smaller than triggerMinMagnitude: no automatic simulation
2024/09/04 06:22:24.420170 [Incident:Info:toast@toast-new:Origin updated] Origin updated: OT: 2024-09-03 23:16:46,  Lat/Lon: 15.0337°/122.83°, Depth: 10
2024/09/04 06:22:24.420337 [Incident:Info:toast@toast-new:Magnitude updated] Magnitude updated: 5.01 (Mw(mB))
2024/09/04 06:22:24.420402 [Simulation:Info:toast@toast-new:Simulation not generated] Magnitude 5.01 of event bmg2024rjfv is smaller than triggerMinMagnitude: no automatic simulation
2024/09/04 06:22:42.867153 [Incident:Info:toast@toast-new:Origin updated] Origin updated: OT: 2024-09-03 23:16:46,  Lat/Lon: 15.0337°/122.83°, Depth: 10
2024/09/04 06:22:42.867285 [Incident:Info:toast@toast-new:Magnitude updated] Magnitude updated: 5.02 (Mw(mB))
2024/09/04 06:22:42.867358 [Simulation:Info:toast@toast-new:Simulation not generated] Magnitude 5.02 of event bmg2024rjfv is smaller than triggerMinMagnitude: no automatic simulation
2024/09/04 06:22:47.854270 [Incident:Info:toast@toast-new:Origin updated] Origin updated: OT: 2024-09-03 23:16:46,  Lat/Lon: 15.0337°/122.83°, Depth: 10
2024/09/04 06:22:47.854399 [Incident:Info:toast@toast-new:Magnitude updated] Magnitude updated: 5.04 (Mw(mB))
2024/09/04 06:22:47.854471 [Simulation:Info:toast@toast-new:Simulation not generated] Magnitude 5.04 of event bmg2024rjfv is smaller than triggerMinMagnitude: no automatic simulation
2024/09/04 06:22:53.016355 [Incident:Info:toast@toast-new:Origin updated] Origin updated: OT: 2024-09-03 23:16:45,  Lat/Lon: 15.0613°/122.686°, Depth: 10
2024/09/04 06:22:53.016533 [Incident:Info:toast@toast-new:Magnitude updated] Magnitude updated: 5.08 (Mw(mB))
2024/09/04 06:22:53.016596 [Simulation:Info:toast@toast-new:Simulation not generated] Magnitude 5.08 of event bmg2024rjfv is smaller than triggerMinMagnitude: no automatic simulation
2024/09/04 06:22:57.872266 [Incident:Info:toast@toast-new:Origin updated] Origin updated: OT: 2024-09-03 23:16:45,  Lat/Lon: 15.0613°/122.686°, Depth: 10
2024/09/04 06:22:57.872392 [Incident:Info:toast@toast-new:Magnitude updated] Magnitude updated: 5.09 (Mw(mB))
2024/09/04 06:22:57.872464 [Simulation:Info:toast@toast-new:Simulation not generated] Magnitude 5.09 of event bmg2024rjfv is smaller than triggerMinMagnitude: no automatic simulation
2024/09/04 06:23:02.808540 [Incident:Info:toast@toast-new:Origin updated] Origin updated: OT: 2024-09-03 23:16:45,  Lat/Lon: 15.0613°/122.686°, Depth: 10
2024/09/04 06:23:02.808671 [Incident:Info:toast@toast-new:Magnitude updated] Magnitude updated: 5.08 (Mw(mB))
2024/09/04 06:23:02.808747 [Simulation:Info:toast@toast-new:Simulation not generated] Magnitude 5.08 of event bmg2024rjfv is smaller than triggerMinMagnitude: no automatic simulation
2024/09/04 06:23:07.798161 [Incident:Info:toast@toast-new:Origin updated] Origin updated: OT: 2024-09-03 23:16:45,  Lat/Lon: 15.0613°/122.686°, Depth: 10
2024/09/04 06:23:07.798289 [Incident:Info:toast@toast-new:Magnitude updated] Magnitude updated: 5.09 (Mw(mB))
2024/09/04 06:23:07.798363 [Simulation:Info:toast@toast-new:Simulation not generated] Magnitude 5.09 of event bmg2024rjfv is smaller than triggerMinMagnitude: no automatic simulation
2024/09/04 06:23:12.753274 [Incident:Info:toast@toast-new:Origin updated] Origin updated: OT: 2024-09-03 23:16:45,  Lat/Lon: 15.0613°/122.686°, Depth: 10
2024/09/04 06:23:12.753440 [Incident:Info:toast@toast-new:Magnitude updated] Magnitude updated: 5.08 (Mw(mB))
2024/09/04 06:23:12.753534 [Simulation:Info:toast@toast-new:Simulation not generated] Magnitude 5.08 of event bmg2024rjfv is smaller than triggerMinMagnitude: no automatic simulation
2024/09/04 06:23:22.803139 [Incident:Info:toast@toast-new:Origin updated] Origin updated: OT: 2024-09-03 23:16:45,  Lat/Lon: 15.0613°/122.686°, Depth: 10
2024/09/04 06:23:22.803259 [Incident:Info:toast@toast-new:Magnitude updated] Magnitude updated: 5.10 (Mw(mB))
2024/09/04 06:23:22.803326 [Simulation:Info:toast@toast-new:Simulation not generated] Magnitude 5.10 of event bmg2024rjfv is smaller than triggerMinMagnitude: no automatic simulation
2024/09/04 06:23:25.023979 [Incident:Info:toast@toast-new:Origin updated] Origin updated: OT: 2024-09-03 23:16:41,  Lat/Lon: 15.4151°/122.69°, Depth: 10
2024/09/04 06:23:25.024159 [Incident:Info:toast@toast-new:Magnitude updated] Magnitude updated: 5.13 (Mw(mB))
2024/09/04 06:23:25.024219 [Simulation:Info:toast@toast-new:Simulation not generated] Magnitude 5.13 of event bmg2024rjfv is smaller than triggerMinMagnitude: no automatic simulation
2024/09/04 06:23:27.753597 [Incident:Info:toast@toast-new:Origin updated] Origin updated: OT: 2024-09-03 23:16:41,  Lat/Lon: 15.4151°/122.69°, Depth: 10
2024/09/04 06:23:27.753727 [Incident:Info:toast@toast-new:Magnitude updated] Magnitude updated: 5.15 (Mw(mB))
2024/09/04 06:23:27.753800 [Simulation:Info:toast@toast-new:Simulation not generated] Magnitude 5.15 of event bmg2024rjfv is smaller than triggerMinMagnitude: no automatic simulation
2024/09/04 06:23:32.756867 [Incident:Info:toast@toast-new:Origin updated] Origin updated: OT: 2024-09-03 23:16:41,  Lat/Lon: 15.4151°/122.69°, Depth: 10
2024/09/04 06:23:32.756998 [Incident:Info:toast@toast-new:Magnitude updated] Magnitude updated: 5.16 (Mw(mB))
2024/09/04 06:23:32.757088 [Simulation:Info:toast@toast-new:Simulation not generated] Magnitude 5.16 of event bmg2024rjfv is smaller than triggerMinMagnitude: no automatic simulation
2024/09/04 06:23:37.763475 [Incident:Info:toast@toast-new:Origin updated] Origin updated: OT: 2024-09-03 23:16:41,  Lat/Lon: 15.4151°/122.69°, Depth: 10
2024/09/04 06:23:37.763604 [Incident:Info:toast@toast-new:Magnitude updated] Magnitude updated: 5.17 (Mw(mB))
2024/09/04 06:23:37.763675 [Simulation:Info:toast@toast-new:Simulation not generated] Magnitude 5.17 of event bmg2024rjfv is smaller than triggerMinMagnitude: no automatic simulation
2024/09/04 06:24:22.627355 [Incident:Info:toast@toast-new:Origin updated] Origin updated: OT: 2024-09-03 23:16:41,  Lat/Lon: 15.4165°/122.693°, Depth: 10
2024/09/04 06:24:22.627497 [Incident:Info:toast@toast-new:Magnitude updated] Magnitude updated: 5.17 (Mw(mB))
2024/09/04 06:24:22.627548 [Simulation:Info:toast@toast-new:Simulation not generated] Magnitude 5.17 of event bmg2024rjfv is smaller than triggerMinMagnitude: no automatic simulation
2024/09/04 06:25:21.998081 [Incident:Info:toast@toast-new:Origin updated] Origin updated: OT: 2024-09-03 23:16:40,  Lat/Lon: 15.4348°/122.707°, Depth: 10
2024/09/04 06:25:21.998290 [Incident:Info:toast@toast-new:Magnitude updated] Magnitude updated: 5.17 (Mw(mB))
2024/09/04 06:25:21.998365 [Simulation:Info:toast@toast-new:Simulation not generated] Magnitude 5.17 of event bmg2024rjfv is smaller than triggerMinMagnitude: no automatic simulation
2024/09/04 06:26:22.642804 [Incident:Info:toast@toast-new:Origin updated] Origin updated: OT: 2024-09-03 23:16:40,  Lat/Lon: 15.4517°/122.718°, Depth: 10
2024/09/04 06:26:22.642973 [Incident:Info:toast@toast-new:Magnitude updated] Magnitude updated: 5.17 (Mw(mB))
2024/09/04 06:26:22.643034 [Simulation:Info:toast@toast-new:Simulation not generated] Magnitude 5.17 of event bmg2024rjfv is smaller than triggerMinMagnitude: no automatic simulation
2024/09/04 06:26:42.855858 [Incident:Info:toast@toast-new:Origin updated] Origin updated: OT: 2024-09-03 23:16:40,  Lat/Lon: 15.4517°/122.718°, Depth: 10
2024/09/04 06:26:42.855988 [Incident:Info:toast@toast-new:FM updated] FM updated
2024/09/04 06:26:42.856253 [Simulation:Info:toast@toast-new:Simulation not generated] Magnitude 5.17 of event bmg2024rjfv is smaller than triggerMinMagnitude: no automatic simulation
2024/09/04 06:26:45.548427 [Incident:Info:toast@toast-new:Origin updated] Origin updated: OT: 2024-09-03 23:16:40,  Lat/Lon: 15.4517°/122.718°, Depth: 10
2024/09/04 06:26:45.548537 [Incident:Info:toast@toast-new:FM updated] FM updated
2024/09/04 06:26:45.548777 [Simulation:Info:toast@toast-new:Simulation not generated] Magnitude 5.17 of event bmg2024rjfv is smaller than triggerMinMagnitude: no automatic simulation
2024/09/04 06:27:22.656346 [Incident:Info:toast@toast-new:Origin updated] Origin updated: OT: 2024-09-03 23:16:40,  Lat/Lon: 15.5011°/122.749°, Depth: 10
2024/09/04 06:27:22.656512 [Incident:Info:toast@toast-new:Magnitude updated] Magnitude updated: 5.18 (Mw(mB))
2024/09/04 06:27:22.656572 [Simulation:Info:toast@toast-new:Simulation not generated] Magnitude 5.18 of event bmg2024rjfv is smaller than triggerMinMagnitude: no automatic simulation
2024/09/04 06:28:27.660115 [Incident:Info:toast@toast-new:Origin updated] Origin updated: OT: 2024-09-03 23:16:40,  Lat/Lon: 15.4998°/122.746°, Depth: 10
2024/09/04 06:28:27.660280 [Incident:Info:toast@toast-new:Magnitude updated] Magnitude updated: 5.18 (Mw(mB))
2024/09/04 06:28:27.660343 [Simulation:Info:toast@toast-new:Simulation not generated] Magnitude 5.18 of event bmg2024rjfv is smaller than triggerMinMagnitude: no automatic simulation
2024/09/04 06:28:42.780252 [Incident:Info:toast@toast-new:Origin updated] Origin updated: OT: 2024-09-03 23:16:40,  Lat/Lon: 15.4998°/122.746°, Depth: 10
2024/09/04 06:28:42.780388 [Incident:Info:toast@toast-new:Magnitude updated] Magnitude updated: 5.17 (Mw(mB))
2024/09/04 06:28:42.780470 [Simulation:Info:toast@toast-new:Simulation not generated] Magnitude 5.17 of event bmg2024rjfv is smaller than triggerMinMagnitude: no automatic simulation
2024/09/04 06:29:07.319838 [Incident:Info:toast@toast-new:Origin updated] Origin updated: OT: 2024-09-03 23:16:40,  Lat/Lon: 15.4998°/122.746°, Depth: 10
2024/09/04 06:29:07.319993 [Incident:Info:toast@toast-new:FM updated] FM updated
2024/09/04 06:29:07.320269 [Simulation:Info:toast@toast-new:Simulation not generated] Magnitude 5.17 of event bmg2024rjfv is smaller than triggerMinMagnitude: no automatic simulation
2024/09/04 06:29:32.694452 [Incident:Info:toast@toast-new:Origin updated] Origin updated: OT: 2024-09-03 23:16:40,  Lat/Lon: 15.4993°/122.746°, Depth: 10
2024/09/04 06:29:32.694703 [Incident:Info:toast@toast-new:Magnitude updated] Magnitude updated: 5.17 (Mw(mB))
2024/09/04 06:29:32.694801 [Simulation:Info:toast@toast-new:Simulation not generated] Magnitude 5.17 of event bmg2024rjfv is smaller than triggerMinMagnitude: no automatic simulation
2024/09/04 06:29:43.563372 [Incident:Info:toast@toast-new:Origin updated] Origin updated: OT: 2024-09-03 23:16:40,  Lat/Lon: 15.4993°/122.746°, Depth: 10
2024/09/04 06:29:43.563501 [Incident:Info:toast@toast-new:FM updated] FM updated
2024/09/04 06:29:43.563776 [Simulation:Info:toast@toast-new:Simulation not generated] Magnitude 5.17 of event bmg2024rjfv is smaller than triggerMinMagnitude: no automatic simulation
2024/09/04 06:30:09.529045 [Incident:Info:toast@toast-new:Origin updated] Origin updated: OT: 2024-09-03 23:16:40,  Lat/Lon: 15.4993°/122.746°, Depth: 10
2024/09/04 06:30:09.529194 [Incident:Info:toast@toast-new:FM updated] FM updated
2024/09/04 06:30:09.529469 [Simulation:Info:toast@toast-new:Simulation not generated] Magnitude 5.17 of event bmg2024rjfv is smaller than triggerMinMagnitude: no automatic simulation
2024/09/04 06:30:21.563839 [Incident:Info:toast@toast-new:Origin updated] Origin updated: OT: 2024-09-03 23:16:40,  Lat/Lon: 15.4993°/122.746°, Depth: 10
2024/09/04 06:30:21.563971 [Simulation:Info:toast@toast-new:Simulation not generated] Magnitude 5.17 of event bmg2024rjfv is smaller than triggerMinMagnitude: no automatic simulation
2024/09/04 06:30:27.202674 [Incident:Info:toast@toast-new:Origin updated] Origin updated: OT: 2024-09-03 23:16:40,  Lat/Lon: 15.4993°/122.746°, Depth: 10
2024/09/04 06:30:27.202794 [Incident:Info:toast@toast-new:FM updated] FM updated
2024/09/04 06:30:27.203042 [Simulation:Info:toast@toast-new:Simulation not generated] Magnitude 5.17 of event bmg2024rjfv is smaller than triggerMinMagnitude: no automatic simulation
2024/09/04 06:30:37.092959 [Incident:Info:toast@toast-new:Origin updated] Origin updated: OT: 2024-09-03 23:16:40,  Lat/Lon: 15.4447°/122.736°, Depth: 10
2024/09/04 06:30:37.093124 [Incident:Info:toast@toast-new:Magnitude updated] Magnitude updated: 5.16 (Mw(mB))
2024/09/04 06:30:37.093197 [Simulation:Info:toast@toast-new:Simulation not generated] Magnitude 5.16 of event bmg2024rjfv is smaller than triggerMinMagnitude: no automatic simulation
2024/09/04 06:30:38.328484 [Incident:Info:toast@toast-new:Origin updated] Origin updated: OT: 2024-09-03 23:16:40,  Lat/Lon: 15.4447°/122.736°, Depth: 10
2024/09/04 06:30:38.328614 [Simulation:Info:toast@toast-new:Simulation not generated] Magnitude 5.16 of event bmg2024rjfv is smaller than triggerMinMagnitude: no automatic simulation
2024/09/04 06:30:48.234160 [Incident:Info:toast@toast-new:Origin updated] Origin updated: OT: 2024-09-03 23:16:40,  Lat/Lon: 15.4447°/122.736°, Depth: 10
2024/09/04 06:30:48.234291 [Incident:Info:toast@toast-new:FM updated] FM updated
2024/09/04 06:30:48.234556 [Simulation:Info:toast@toast-new:Simulation not generated] Magnitude 5.16 of event bmg2024rjfv is smaller than triggerMinMagnitude: no automatic simulation
2024/09/04 06:31:21.216279 [Incident:Info:toast@toast-new:Origin updated] Origin updated: OT: 2024-09-03 23:16:40,  Lat/Lon: 15.4447°/122.736°, Depth: 10
2024/09/04 06:31:21.216417 [Incident:Info:toast@toast-new:FM updated] FM updated
2024/09/04 06:31:21.216688 [Simulation:Info:toast@toast-new:Simulation not generated] Magnitude 5.16 of event bmg2024rjfv is smaller than triggerMinMagnitude: no automatic simulation
2024/09/04 06:32:01.226095 [Incident:Info:toast@toast-new:Origin updated] Origin updated: OT: 2024-09-03 23:16:40,  Lat/Lon: 15.4447°/122.736°, Depth: 10
2024/09/04 06:32:01.226232 [Simulation:Info:toast@toast-new:Simulation not generated] Magnitude 5.16 of event bmg2024rjfv is smaller than triggerMinMagnitude: no automatic simulation
2024/09/04 06:33:01.295609 [Incident:Info:toast@toast-new:Origin updated] Origin updated: OT: 2024-09-03 23:16:40,  Lat/Lon: 15.4447°/122.736°, Depth: 10
2024/09/04 06:33:01.295760 [Simulation:Info:toast@toast-new:Simulation not generated] Magnitude 5.16 of event bmg2024rjfv is smaller than triggerMinMagnitude: no automatic simulation
2024/09/04 06:33:11.168324 [Incident:Info:toast@toast-new:Origin updated] Origin updated: OT: 2024-09-03 23:16:40,  Lat/Lon: 15.4447°/122.736°, Depth: 10
2024/09/04 06:33:11.168457 [Simulation:Info:toast@toast-new:Simulation not generated] Magnitude 5.16 of event bmg2024rjfv is smaller than triggerMinMagnitude: no automatic simulation
2024/09/04 06:33:31.148837 [Incident:Info:toast@toast-new:Origin updated] Origin updated: OT: 2024-09-03 23:16:40,  Lat/Lon: 15.4447°/122.736°, Depth: 10
2024/09/04 06:33:31.148967 [Simulation:Info:toast@toast-new:Simulation not generated] Magnitude 5.16 of event bmg2024rjfv is smaller than triggerMinMagnitude: no automatic simulation
2024/09/04 06:33:41.249312 [Incident:Info:toast@toast-new:Origin updated] Origin updated: OT: 2024-09-03 23:16:40,  Lat/Lon: 15.4447°/122.736°, Depth: 10
2024/09/04 06:33:41.249452 [Simulation:Info:toast@toast-new:Simulation not generated] Magnitude 5.16 of event bmg2024rjfv is smaller than triggerMinMagnitude: no automatic simulation
2024/09/04 06:33:50.483898 [Incident:Info:toast@toast-new:Origin updated] Origin updated: OT: 2024-09-03 23:16:40,  Lat/Lon: 15.4447°/122.736°, Depth: 10
2024/09/04 06:33:50.484038 [Incident:Info:toast@toast-new:FM updated] FM updated
2024/09/04 06:33:50.484325 [Simulation:Info:toast@toast-new:Simulation not generated] Magnitude 5.16 of event bmg2024rjfv is smaller than triggerMinMagnitude: no automatic simulation
2024/09/04 06:34:10.330170 [Incident:Info:toast@toast-new:Origin updated] Origin updated: OT: 2024-09-03 23:16:40,  Lat/Lon: 15.4447°/122.736°, Depth: 10
2024/09/04 06:34:10.330314 [Simulation:Info:toast@toast-new:Simulation not generated] Magnitude 5.16 of event bmg2024rjfv is smaller than triggerMinMagnitude: no automatic simulation
2024/09/04 06:35:30.353027 [Incident:Info:toast@toast-new:Origin updated] Origin updated: OT: 2024-09-03 23:16:40,  Lat/Lon: 15.4447°/122.736°, Depth: 10
2024/09/04 06:35:30.353156 [Simulation:Info:toast@toast-new:Simulation not generated] Magnitude 5.16 of event bmg2024rjfv is smaller than triggerMinMagnitude: no automatic simulation
2024/09/04 06:35:40.372325 [Incident:Info:toast@toast-new:Origin updated] Origin updated: OT: 2024-09-03 23:16:40,  Lat/Lon: 15.4447°/122.736°, Depth: 10
2024/09/04 06:35:40.372453 [Simulation:Info:toast@toast-new:Simulation not generated] Magnitude 5.16 of event bmg2024rjfv is smaller than triggerMinMagnitude: no automatic simulation
2024/09/04 06:36:20.420418 [Incident:Info:toast@toast-new:Origin updated] Origin updated: OT: 2024-09-03 23:16:40,  Lat/Lon: 15.4447°/122.736°, Depth: 10
2024/09/04 06:36:20.420570 [Incident:Info:toast@toast-new:FM updated] FM updated
2024/09/04 06:36:20.420893 [Simulation:Info:toast@toast-new:Simulation not generated] Magnitude 5.16 of event bmg2024rjfv is smaller than triggerMinMagnitude: no automatic simulation
2024/09/04 06:36:50.415836 [Incident:Info:toast@toast-new:Origin updated] Origin updated: OT: 2024-09-03 23:16:40,  Lat/Lon: 15.4447°/122.736°, Depth: 10
2024/09/04 06:36:50.415964 [Incident:Info:toast@toast-new:FM updated] FM updated
2024/09/04 06:36:50.416212 [Simulation:Info:toast@toast-new:Simulation not generated] Magnitude 5.16 of event bmg2024rjfv is smaller than triggerMinMagnitude: no automatic simulation
2024/09/04 06:37:00.437123 [Incident:Info:toast@toast-new:Origin updated] Origin updated: OT: 2024-09-03 23:16:40,  Lat/Lon: 15.4447°/122.736°, Depth: 10
2024/09/04 06:37:00.437273 [Simulation:Info:toast@toast-new:Simulation not generated] Magnitude 5.16 of event bmg2024rjfv is smaller than triggerMinMagnitude: no automatic simulation
2024/09/04 06:37:10.412780 [Incident:Info:toast@toast-new:Origin updated] Origin updated: OT: 2024-09-03 23:16:40,  Lat/Lon: 15.4447°/122.736°, Depth: 10
2024/09/04 06:37:10.412911 [Simulation:Info:toast@toast-new:Simulation not generated] Magnitude 5.16 of event bmg2024rjfv is smaller than triggerMinMagnitude: no automatic simulation
2024/09/04 06:37:20.518132 [Incident:Info:toast@toast-new:Origin updated] Origin updated: OT: 2024-09-03 23:16:40,  Lat/Lon: 15.4447°/122.736°, Depth: 10
2024/09/04 06:37:20.518242 [Simulation:Info:toast@toast-new:Simulation not generated] Magnitude 5.16 of event bmg2024rjfv is smaller than triggerMinMagnitude: no automatic simulation
2024/09/04 06:37:30.485766 [Incident:Info:toast@toast-new:Origin updated] Origin updated: OT: 2024-09-03 23:16:40,  Lat/Lon: 15.4447°/122.736°, Depth: 10
2024/09/04 06:37:30.485902 [Simulation:Info:toast@toast-new:Simulation not generated] Magnitude 5.16 of event bmg2024rjfv is smaller than triggerMinMagnitude: no automatic simulation
2024/09/04 06:37:52.476532 [Incident:Info:toast@toast-new:Origin updated] Origin updated: OT: 2024-09-03 23:16:40,  Lat/Lon: 15.4447°/122.736°, Depth: 10
2024/09/04 06:37:52.476671 [Simulation:Info:toast@toast-new:Simulation not generated] Magnitude 5.16 of event bmg2024rjfv is smaller than triggerMinMagnitude: no automatic simulation
2024/09/04 06:38:00.517566 [Incident:Info:toast@toast-new:Origin updated] Origin updated: OT: 2024-09-03 23:16:40,  Lat/Lon: 15.4447°/122.736°, Depth: 10
2024/09/04 06:38:00.517704 [Simulation:Info:toast@toast-new:Simulation not generated] Magnitude 5.16 of event bmg2024rjfv is smaller than triggerMinMagnitude: no automatic simulation
2024/09/04 06:38:10.425748 [Incident:Info:toast@toast-new:Origin updated] Origin updated: OT: 2024-09-03 23:16:40,  Lat/Lon: 15.4447°/122.736°, Depth: 10
2024/09/04 06:38:10.425909 [Simulation:Info:toast@toast-new:Simulation not generated] Magnitude 5.16 of event bmg2024rjfv is smaller than triggerMinMagnitude: no automatic simulation
2024/09/04 06:38:20.451689 [Incident:Info:toast@toast-new:Origin updated] Origin updated: OT: 2024-09-03 23:16:40,  Lat/Lon: 15.4447°/122.736°, Depth: 10
2024/09/04 06:38:20.451827 [Simulation:Info:toast@toast-new:Simulation not generated] Magnitude 5.16 of event bmg2024rjfv is smaller than triggerMinMagnitude: no automatic simulation
2024/09/04 06:38:30.899417 [Incident:Info:toast@toast-new:Origin updated] Origin updated: OT: 2024-09-03 23:16:40,  Lat/Lon: 15.4447°/122.736°, Depth: 10
2024/09/04 06:38:30.899548 [Simulation:Info:toast@toast-new:Simulation not generated] Magnitude 5.16 of event bmg2024rjfv is smaller than triggerMinMagnitude: no automatic simulation
2024/09/04 06:38:40.634037 [Incident:Info:toast@toast-new:Origin updated] Origin updated: OT: 2024-09-03 23:16:40,  Lat/Lon: 15.4447°/122.736°, Depth: 10
2024/09/04 06:38:40.634166 [Incident:Info:toast@toast-new:FM updated] FM updated
2024/09/04 06:38:40.634423 [Simulation:Info:toast@toast-new:Simulation not generated] Magnitude 5.16 of event bmg2024rjfv is smaller than triggerMinMagnitude: no automatic simulation
2024/09/04 06:38:50.553740 [Incident:Info:toast@toast-new:Origin updated] Origin updated: OT: 2024-09-03 23:16:40,  Lat/Lon: 15.4447°/122.736°, Depth: 10
2024/09/04 06:38:50.553874 [Simulation:Info:toast@toast-new:Simulation not generated] Magnitude 5.16 of event bmg2024rjfv is smaller than triggerMinMagnitude: no automatic simulation
2024/09/04 06:39:02.719782 [Incident:Info:toast@toast-new:Origin updated] Origin updated: OT: 2024-09-03 23:16:40,  Lat/Lon: 15.453°/122.738°, Depth: 10
2024/09/04 06:39:02.719942 [Incident:Info:toast@toast-new:Magnitude updated] Magnitude updated: 5.16 (Mw(mB))
2024/09/04 06:39:02.720004 [Simulation:Info:toast@toast-new:Simulation not generated] Magnitude 5.16 of event bmg2024rjfv is smaller than triggerMinMagnitude: no automatic simulation
2024/09/04 06:39:40.668639 [Incident:Info:toast@toast-new:Origin updated] Origin updated: OT: 2024-09-03 23:16:40,  Lat/Lon: 15.453°/122.738°, Depth: 10
2024/09/04 06:39:40.668768 [Incident:Info:toast@toast-new:FM updated] FM updated
2024/09/04 06:39:40.669032 [Simulation:Info:toast@toast-new:Simulation not generated] Magnitude 5.16 of event bmg2024rjfv is smaller than triggerMinMagnitude: no automatic simulation
2024/09/04 06:40:10.718789 [Incident:Info:toast@toast-new:Origin updated] Origin updated: OT: 2024-09-03 23:16:40,  Lat/Lon: 15.453°/122.738°, Depth: 10
2024/09/04 06:40:10.718925 [Simulation:Info:toast@toast-new:Simulation not generated] Magnitude 5.16 of event bmg2024rjfv is smaller than triggerMinMagnitude: no automatic simulation
2024/09/04 06:40:20.888954 [Incident:Info:toast@toast-new:Origin updated] Origin updated: OT: 2024-09-03 23:16:40,  Lat/Lon: 15.453°/122.738°, Depth: 10
2024/09/04 06:40:20.889110 [Simulation:Info:toast@toast-new:Simulation not generated] Magnitude 5.16 of event bmg2024rjfv is smaller than triggerMinMagnitude: no automatic simulation
2024/09/04 06:40:30.768727 [Incident:Info:toast@toast-new:Origin updated] Origin updated: OT: 2024-09-03 23:16:40,  Lat/Lon: 15.453°/122.738°, Depth: 10
2024/09/04 06:40:30.768857 [Simulation:Info:toast@toast-new:Simulation not generated] Magnitude 5.16 of event bmg2024rjfv is smaller than triggerMinMagnitude: no automatic simulation
2024/09/04 06:40:40.758219 [Incident:Info:toast@toast-new:Origin updated] Origin updated: OT: 2024-09-03 23:16:40,  Lat/Lon: 15.453°/122.738°, Depth: 10
2024/09/04 06:40:40.758357 [Simulation:Info:toast@toast-new:Simulation not generated] Magnitude 5.16 of event bmg2024rjfv is smaller than triggerMinMagnitude: no automatic simulation
2024/09/04 06:40:44.360870 [Incident:Info:toast@toast-new:Origin updated] Origin updated: OT: 2024-09-03 23:16:40,  Lat/Lon: 15.4509°/122.737°, Depth: 10
2024/09/04 06:40:44.361013 [Incident:Info:toast@toast-new:Magnitude updated] Magnitude updated: 5.15 (Mw(mB))
2024/09/04 06:40:44.361072 [Simulation:Info:toast@toast-new:Simulation not generated] Magnitude 5.15 of event bmg2024rjfv is smaller than triggerMinMagnitude: no automatic simulation
2024/09/04 06:40:47.759240 [Incident:Info:toast@toast-new:Origin updated] Origin updated: OT: 2024-09-03 23:16:40,  Lat/Lon: 15.4509°/122.737°, Depth: 10
2024/09/04 06:40:47.759373 [Incident:Info:toast@toast-new:Magnitude updated] Magnitude updated: 5.15 (Mw(mB))
2024/09/04 06:40:47.759471 [Simulation:Info:toast@toast-new:Simulation not generated] Magnitude 5.15 of event bmg2024rjfv is smaller than triggerMinMagnitude: no automatic simulation
2024/09/04 06:40:50.781112 [Incident:Info:toast@toast-new:Origin updated] Origin updated: OT: 2024-09-03 23:16:40,  Lat/Lon: 15.4509°/122.737°, Depth: 10
2024/09/04 06:40:50.781253 [Simulation:Info:toast@toast-new:Simulation not generated] Magnitude 5.15 of event bmg2024rjfv is smaller than triggerMinMagnitude: no automatic simulation
2024/09/04 06:41:00.781952 [Incident:Info:toast@toast-new:Origin updated] Origin updated: OT: 2024-09-03 23:16:40,  Lat/Lon: 15.4509°/122.737°, Depth: 10
2024/09/04 06:41:00.782082 [Incident:Info:toast@toast-new:FM updated] FM updated
2024/09/04 06:41:00.782344 [Simulation:Info:toast@toast-new:Simulation not generated] Magnitude 5.15 of event bmg2024rjfv is smaller than triggerMinMagnitude: no automatic simulation
2024/09/04 06:41:20.851777 [Incident:Info:toast@toast-new:Origin updated] Origin updated: OT: 2024-09-03 23:16:40,  Lat/Lon: 15.4509°/122.737°, Depth: 10
2024/09/04 06:41:20.851926 [Simulation:Info:toast@toast-new:Simulation not generated] Magnitude 5.15 of event bmg2024rjfv is smaller than triggerMinMagnitude: no automatic simulation
2024/09/04 06:41:30.931158 [Incident:Info:toast@toast-new:Origin updated] Origin updated: OT: 2024-09-03 23:16:40,  Lat/Lon: 15.4509°/122.737°, Depth: 10
2024/09/04 06:41:30.931291 [Simulation:Info:toast@toast-new:Simulation not generated] Magnitude 5.15 of event bmg2024rjfv is smaller than triggerMinMagnitude: no automatic simulation
2024/09/04 06:42:51.075235 [Incident:Info:toast@toast-new:Origin updated] Origin updated: OT: 2024-09-03 23:16:40,  Lat/Lon: 15.4509°/122.737°, Depth: 10
2024/09/04 06:42:51.075369 [Simulation:Info:toast@toast-new:Simulation not generated] Magnitude 5.15 of event bmg2024rjfv is smaller than triggerMinMagnitude: no automatic simulation
2024/09/04 06:43:21.918958 [Incident:Info:toast@toast-new:Origin updated] Origin updated: OT: 2024-09-03 23:16:40,  Lat/Lon: 15.4509°/122.737°, Depth: 10
2024/09/04 06:43:21.919089 [Incident:Info:toast@toast-new:FM updated] FM updated
2024/09/04 06:43:21.919330 [Simulation:Info:toast@toast-new:Simulation not generated] Magnitude 5.15 of event bmg2024rjfv is smaller than triggerMinMagnitude: no automatic simulation
2024/09/04 06:48:02.452659 [Incident:Info:toast@toast-new:Origin updated] Origin updated: OT: 2024-09-03 23:16:40,  Lat/Lon: 15.4509°/122.737°, Depth: 10
2024/09/04 06:48:02.452819 [Simulation:Info:toast@toast-new:Simulation not generated] Magnitude 5.15 of event bmg2024rjfv is smaller than triggerMinMagnitude: no automatic simulation
2024/09/04 06:55:31.943639 [Incident:Info:toast@toast-new:Origin updated] Origin updated: OT: 2024-09-03 23:16:40,  Lat/Lon: 15.4509°/122.737°, Depth: 10
2024/09/04 06:55:31.943784 [Simulation:Info:toast@toast-new:Simulation not generated] Magnitude 5.15 of event bmg2024rjfv is smaller than triggerMinMagnitude: no automatic simulation
2024/09/04 06:57:51.971962 [Incident:Info:toast@toast-new:Origin updated] Origin updated: OT: 2024-09-03 23:16:40,  Lat/Lon: 15.4509°/122.737°, Depth: 10
2024/09/04 06:57:51.972108 [Simulation:Info:toast@toast-new:Simulation not generated] Magnitude 5.15 of event bmg2024rjfv is smaller than triggerMinMagnitude: no automatic simulation
2024/09/04 07:03:32.076097 [Incident:Info:toast@toast-new:Origin updated] Origin updated: OT: 2024-09-03 23:16:40,  Lat/Lon: 15.4509°/122.737°, Depth: 10
2024/09/04 07:03:32.076242 [Simulation:Info:toast@toast-new:Simulation not generated] Magnitude 5.15 of event bmg2024rjfv is smaller than triggerMinMagnitude: no automatic simulation
2024/09/04 13:35:33.677584 [Incident:Info:toast@toast-new:Origin updated] Origin updated: OT: 2024-09-03 23:16:52,  Lat/Lon: 14.9992°/122.653°, Depth: 91.9085
2024/09/04 13:35:33.677699 [Incident:Info:toast@toast-new:Magnitude updated] Magnitude updated: 5.05 (Mw(mB))
2024/09/04 13:35:33.677732 [Simulation:Info:toast@toast-new:Simulation not generated] Magnitude 5.05 of event bmg2024rjfv is smaller than triggerMinMagnitude: no automatic simulation
2024/09/04 13:35:39.624197 [Incident:Info:toast@toast-new:Origin updated] Origin updated: OT: 2024-09-03 23:16:52,  Lat/Lon: 14.9992°/122.653°, Depth: 91.9085
2024/09/04 13:35:39.624347 [Incident:Info:toast@toast-new:Magnitude updated] Magnitude updated: 5.12 (mb)
2024/09/04 13:35:39.624468 [Simulation:Info:toast@toast-new:Simulation not generated] Magnitude 5.12 of event bmg2024rjfv is smaller than triggerMinMagnitude: no automatic simulation
2024/09/04 13:35:50.780211 [Incident:Info:toast@toast-new:Origin updated] Origin updated: OT: 2024-09-03 23:16:52,  Lat/Lon: 14.9992°/122.653°, Depth: 91.9085
2024/09/04 13:35:50.780365 [Simulation:Info:toast@toast-new:Simulation not generated] Magnitude 5.12 of event bmg2024rjfv is smaller than triggerMinMagnitude: no automatic simulation
2024/09/04 13:35:50.795959 [Incident:Info:toast@toast-new:Origin updated] Origin updated: OT: 2024-09-03 23:16:52,  Lat/Lon: 14.9992°/122.653°, Depth: 91.9085
2024/09/04 13:35:50.796064 [Simulation:Info:toast@toast-new:Simulation not generated] Magnitude 5.12 of event bmg2024rjfv is smaller than triggerMinMagnitude: no automatic simulation
