2026/04/19 03:08:23.257359 [Incident:Info:toast@toast-new:Displacement(s) updated] Added 0 and changed 0 displacements with 0 amplitudes
2026/04/19 03:08:23.258844 [Incident:Info:toast@toast-new:Incident created] Incident created based on event received from messaging: OT: 2026-04-18 20:06:49,  Lat/Lon: 1.15°/97.05°, Depth: 10.00, Mag: 5.87 (M)
2026/04/19 03:08:23.259458 [Simulation:Info:toast@toast-new:Simulation not generated] Magnitude 5.87 of event bmg2026hpaq is smaller than triggerMinMagnitude: no automatic simulation
2026/04/19 03:08:23.261978 [Incident:Info:toast@toast-new:Displacement(s) updated] Added 0 and changed 0 displacements with 0 amplitudes
2026/04/19 03:08:23.262557 [Incident:Info:toast@toast-new:Incident created] Incident created based on event received from messaging: OT: 2026-04-18 20:06:49,  Lat/Lon: 1.15°/97.05°, Depth: 10.00, Mag: 5.87 (M)
2026/04/19 03:08:23.263152 [Simulation:Info:toast@toast-new:Simulation not generated] Magnitude 5.87 of event bmg2026hpaq is smaller than triggerMinMagnitude: no automatic simulation
2026/04/19 03:08:23.280383 [Incident:Info:toast@toast-new:Origin updated] Origin updated: OT: 2026-04-18 20:06:49,  Lat/Lon: 1.15233°/97.0496°, Depth: 10
2026/04/19 03:08:23.280530 [Simulation:Info:toast@toast-new:Simulation not generated] Magnitude 5.87 of event bmg2026hpaq is smaller than triggerMinMagnitude: no automatic simulation
2026/04/19 03:08:23.283828 [Incident:Info:toast@toast-new:Origin updated] Origin updated: OT: 2026-04-18 20:06:49,  Lat/Lon: 1.15233°/97.0496°, Depth: 10
2026/04/19 03:08:23.283985 [Simulation:Info:toast@toast-new:Simulation not generated] Magnitude 5.87 of event bmg2026hpaq is smaller than triggerMinMagnitude: no automatic simulation
2026/04/19 03:08:25.989465 [Incident:Info:toast@toast-new:Origin updated] Origin updated: OT: 2026-04-18 20:06:49,  Lat/Lon: 1.15233°/97.0496°, Depth: 10
2026/04/19 03:08:25.989512 [Incident:Info:toast@toast-new:Origin updated] Origin updated: OT: 2026-04-18 20:06:49,  Lat/Lon: 1.15233°/97.0496°, Depth: 10
2026/04/19 03:08:25.989660 [Incident:Info:toast@toast-new:Magnitude updated] Magnitude updated: 5.89 (M)
2026/04/19 03:08:25.989694 [Incident:Info:toast@toast-new:Magnitude updated] Magnitude updated: 5.89 (M)
2026/04/19 03:08:25.989711 [Simulation:Info:toast@toast-new:Simulation not generated] Magnitude 5.89 of event bmg2026hpaq is smaller than triggerMinMagnitude: no automatic simulation
2026/04/19 03:08:25.989744 [Simulation:Info:toast@toast-new:Simulation not generated] Magnitude 5.89 of event bmg2026hpaq is smaller than triggerMinMagnitude: no automatic simulation
2026/04/19 03:08:30.990365 [Incident:Info:toast@toast-new:Origin updated] Origin updated: OT: 2026-04-18 20:06:49,  Lat/Lon: 1.15233°/97.0496°, Depth: 10
2026/04/19 03:08:30.990403 [Incident:Info:toast@toast-new:Origin updated] Origin updated: OT: 2026-04-18 20:06:49,  Lat/Lon: 1.15233°/97.0496°, Depth: 10
2026/04/19 03:08:30.992050 [Incident:Info:toast@toast-new:Magnitude updated] Magnitude updated: 5.91 (M)
2026/04/19 03:08:30.992114 [Simulation:Info:toast@toast-new:Simulation not generated] Magnitude 5.91 of event bmg2026hpaq is smaller than triggerMinMagnitude: no automatic simulation
2026/04/19 03:08:30.992104 [Incident:Info:toast@toast-new:Magnitude updated] Magnitude updated: 5.91 (M)
2026/04/19 03:08:30.992172 [Simulation:Info:toast@toast-new:Simulation not generated] Magnitude 5.91 of event bmg2026hpaq is smaller than triggerMinMagnitude: no automatic simulation
2026/04/19 03:08:35.023592 [Incident:Info:toast@toast-new:Origin updated] Origin updated: OT: 2026-04-18 20:06:49,  Lat/Lon: 1.151°/97.0512°, Depth: 10
2026/04/19 03:08:35.023764 [Incident:Info:toast@toast-new:Magnitude updated] Magnitude updated: 5.86 (M)
2026/04/19 03:08:35.023796 [Simulation:Info:toast@toast-new:Simulation not generated] Magnitude 5.86 of event bmg2026hpaq is smaller than triggerMinMagnitude: no automatic simulation
2026/04/19 03:08:35.029107 [Incident:Info:toast@toast-new:Origin updated] Origin updated: OT: 2026-04-18 20:06:49,  Lat/Lon: 1.151°/97.0512°, Depth: 10
2026/04/19 03:08:35.029325 [Incident:Info:toast@toast-new:Magnitude updated] Magnitude updated: 5.86 (M)
2026/04/19 03:08:35.029375 [Simulation:Info:toast@toast-new:Simulation not generated] Magnitude 5.86 of event bmg2026hpaq is smaller than triggerMinMagnitude: no automatic simulation
2026/04/19 03:08:35.917365 [Incident:Info:toast@toast-new:Origin updated] Origin updated: OT: 2026-04-18 20:06:49,  Lat/Lon: 1.151°/97.0512°, Depth: 10
2026/04/19 03:08:35.917397 [Incident:Info:toast@toast-new:Origin updated] Origin updated: OT: 2026-04-18 20:06:49,  Lat/Lon: 1.151°/97.0512°, Depth: 10
2026/04/19 03:08:35.917564 [Incident:Info:toast@toast-new:Magnitude updated] Magnitude updated: 5.86 (M)
2026/04/19 03:08:35.917582 [Incident:Info:toast@toast-new:Magnitude updated] Magnitude updated: 5.86 (M)
2026/04/19 03:08:35.917612 [Simulation:Info:toast@toast-new:Simulation not generated] Magnitude 5.86 of event bmg2026hpaq is smaller than triggerMinMagnitude: no automatic simulation
2026/04/19 03:08:35.917631 [Simulation:Info:toast@toast-new:Simulation not generated] Magnitude 5.86 of event bmg2026hpaq is smaller than triggerMinMagnitude: no automatic simulation
2026/04/19 03:08:40.977653 [Incident:Info:toast@toast-new:Origin updated] Origin updated: OT: 2026-04-18 20:06:49,  Lat/Lon: 1.151°/97.0512°, Depth: 10
2026/04/19 03:08:40.977849 [Incident:Info:toast@toast-new:Magnitude updated] Magnitude updated: 5.89 (M)
2026/04/19 03:08:40.977893 [Simulation:Info:toast@toast-new:Simulation not generated] Magnitude 5.89 of event bmg2026hpaq is smaller than triggerMinMagnitude: no automatic simulation
2026/04/19 03:08:40.978728 [Incident:Info:toast@toast-new:Origin updated] Origin updated: OT: 2026-04-18 20:06:49,  Lat/Lon: 1.151°/97.0512°, Depth: 10
2026/04/19 03:08:40.978921 [Incident:Info:toast@toast-new:Magnitude updated] Magnitude updated: 5.89 (M)
2026/04/19 03:08:40.978965 [Simulation:Info:toast@toast-new:Simulation not generated] Magnitude 5.89 of event bmg2026hpaq is smaller than triggerMinMagnitude: no automatic simulation
2026/04/19 03:08:46.007509 [Incident:Info:toast@toast-new:Origin updated] Origin updated: OT: 2026-04-18 20:06:49,  Lat/Lon: 1.151°/97.0512°, Depth: 10
2026/04/19 03:08:46.007560 [Incident:Info:toast@toast-new:Origin updated] Origin updated: OT: 2026-04-18 20:06:49,  Lat/Lon: 1.151°/97.0512°, Depth: 10
2026/04/19 03:08:46.007711 [Incident:Info:toast@toast-new:Magnitude updated] Magnitude updated: 5.90 (M)
2026/04/19 03:08:46.007752 [Incident:Info:toast@toast-new:Magnitude updated] Magnitude updated: 5.90 (M)
2026/04/19 03:08:46.007758 [Simulation:Info:toast@toast-new:Simulation not generated] Magnitude 5.90 of event bmg2026hpaq is smaller than triggerMinMagnitude: no automatic simulation
2026/04/19 03:08:46.007803 [Simulation:Info:toast@toast-new:Simulation not generated] Magnitude 5.90 of event bmg2026hpaq is smaller than triggerMinMagnitude: no automatic simulation
2026/04/19 03:08:50.270700 [Incident:Info:toast@toast-new:Origin updated] Origin updated: OT: 2026-04-18 20:06:49,  Lat/Lon: 1.151°/97.0512°, Depth: 10
2026/04/19 03:08:50.270912 [Incident:Info:toast@toast-new:Magnitude updated] Magnitude updated: 5.92 (M)
2026/04/19 03:08:50.270959 [Simulation:Info:toast@toast-new:Simulation not generated] Magnitude 5.92 of event bmg2026hpaq is smaller than triggerMinMagnitude: no automatic simulation
2026/04/19 03:08:50.273021 [Incident:Info:toast@toast-new:Origin updated] Origin updated: OT: 2026-04-18 20:06:49,  Lat/Lon: 1.151°/97.0512°, Depth: 10
2026/04/19 03:08:50.273193 [Incident:Info:toast@toast-new:Magnitude updated] Magnitude updated: 5.92 (M)
2026/04/19 03:08:50.273237 [Simulation:Info:toast@toast-new:Simulation not generated] Magnitude 5.92 of event bmg2026hpaq is smaller than triggerMinMagnitude: no automatic simulation
2026/04/19 03:08:50.296273 [Incident:Info:toast@toast-new:Origin updated] Origin updated: OT: 2026-04-18 20:06:49,  Lat/Lon: 1.13965°/97.0436°, Depth: 10
2026/04/19 03:08:50.296417 [Incident:Info:toast@toast-new:Magnitude updated] Magnitude updated: 5.90 (M)
2026/04/19 03:08:50.296462 [Simulation:Info:toast@toast-new:Simulation not generated] Magnitude 5.90 of event bmg2026hpaq is smaller than triggerMinMagnitude: no automatic simulation
2026/04/19 03:08:50.298965 [Incident:Info:toast@toast-new:Origin updated] Origin updated: OT: 2026-04-18 20:06:49,  Lat/Lon: 1.13965°/97.0436°, Depth: 10
2026/04/19 03:08:50.299105 [Incident:Info:toast@toast-new:Magnitude updated] Magnitude updated: 5.90 (M)
2026/04/19 03:08:50.299134 [Simulation:Info:toast@toast-new:Simulation not generated] Magnitude 5.90 of event bmg2026hpaq is smaller than triggerMinMagnitude: no automatic simulation
2026/04/19 03:08:50.999721 [Incident:Info:toast@toast-new:Origin updated] Origin updated: OT: 2026-04-18 20:06:49,  Lat/Lon: 1.13965°/97.0436°, Depth: 10
2026/04/19 03:08:50.999928 [Incident:Info:toast@toast-new:Magnitude updated] Magnitude updated: 5.90 (M)
2026/04/19 03:08:50.999977 [Simulation:Info:toast@toast-new:Simulation not generated] Magnitude 5.90 of event bmg2026hpaq is smaller than triggerMinMagnitude: no automatic simulation
2026/04/19 03:08:50.999970 [Incident:Info:toast@toast-new:Origin updated] Origin updated: OT: 2026-04-18 20:06:49,  Lat/Lon: 1.13965°/97.0436°, Depth: 10
2026/04/19 03:08:51.000164 [Incident:Info:toast@toast-new:Magnitude updated] Magnitude updated: 5.90 (M)
2026/04/19 03:08:51.000209 [Simulation:Info:toast@toast-new:Simulation not generated] Magnitude 5.90 of event bmg2026hpaq is smaller than triggerMinMagnitude: no automatic simulation
2026/04/19 03:08:56.077483 [Incident:Info:toast@toast-new:Origin updated] Origin updated: OT: 2026-04-18 20:06:49,  Lat/Lon: 1.13965°/97.0436°, Depth: 10
2026/04/19 03:08:56.077583 [Incident:Info:toast@toast-new:Origin updated] Origin updated: OT: 2026-04-18 20:06:49,  Lat/Lon: 1.13965°/97.0436°, Depth: 10
2026/04/19 03:08:56.077677 [Incident:Info:toast@toast-new:Magnitude updated] Magnitude updated: 5.92 (M)
2026/04/19 03:08:56.077725 [Simulation:Info:toast@toast-new:Simulation not generated] Magnitude 5.92 of event bmg2026hpaq is smaller than triggerMinMagnitude: no automatic simulation
2026/04/19 03:08:56.077757 [Incident:Info:toast@toast-new:Magnitude updated] Magnitude updated: 5.92 (M)
2026/04/19 03:08:56.077802 [Simulation:Info:toast@toast-new:Simulation not generated] Magnitude 5.92 of event bmg2026hpaq is smaller than triggerMinMagnitude: no automatic simulation
2026/04/19 03:09:01.021729 [Incident:Info:toast@toast-new:Origin updated] Origin updated: OT: 2026-04-18 20:06:49,  Lat/Lon: 1.13965°/97.0436°, Depth: 10
2026/04/19 03:09:01.021988 [Incident:Info:toast@toast-new:Magnitude updated] Magnitude updated: 5.93 (M)
2026/04/19 03:09:01.022069 [Simulation:Info:toast@toast-new:Simulation not generated] Magnitude 5.93 of event bmg2026hpaq is smaller than triggerMinMagnitude: no automatic simulation
2026/04/19 03:09:01.024119 [Incident:Info:toast@toast-new:Origin updated] Origin updated: OT: 2026-04-18 20:06:49,  Lat/Lon: 1.13965°/97.0436°, Depth: 10
2026/04/19 03:09:01.024284 [Incident:Info:toast@toast-new:Magnitude updated] Magnitude updated: 5.93 (M)
2026/04/19 03:09:01.024324 [Simulation:Info:toast@toast-new:Simulation not generated] Magnitude 5.93 of event bmg2026hpaq is smaller than triggerMinMagnitude: no automatic simulation
2026/04/19 03:09:06.024321 [Incident:Info:toast@toast-new:Origin updated] Origin updated: OT: 2026-04-18 20:06:49,  Lat/Lon: 1.13965°/97.0436°, Depth: 10
2026/04/19 03:09:06.024505 [Incident:Info:toast@toast-new:Magnitude updated] Magnitude updated: 5.94 (M)
2026/04/19 03:09:06.024540 [Simulation:Info:toast@toast-new:Simulation not generated] Magnitude 5.94 of event bmg2026hpaq is smaller than triggerMinMagnitude: no automatic simulation
2026/04/19 03:09:06.024751 [Incident:Info:toast@toast-new:Origin updated] Origin updated: OT: 2026-04-18 20:06:49,  Lat/Lon: 1.13965°/97.0436°, Depth: 10
2026/04/19 03:09:06.024910 [Incident:Info:toast@toast-new:Magnitude updated] Magnitude updated: 5.94 (M)
2026/04/19 03:09:06.024943 [Simulation:Info:toast@toast-new:Simulation not generated] Magnitude 5.94 of event bmg2026hpaq is smaller than triggerMinMagnitude: no automatic simulation
2026/04/19 03:09:10.991398 [Incident:Info:toast@toast-new:Origin updated] Origin updated: OT: 2026-04-18 20:06:49,  Lat/Lon: 1.13965°/97.0436°, Depth: 10
2026/04/19 03:09:10.991577 [Incident:Info:toast@toast-new:Origin updated] Origin updated: OT: 2026-04-18 20:06:49,  Lat/Lon: 1.13965°/97.0436°, Depth: 10
2026/04/19 03:09:10.991619 [Incident:Info:toast@toast-new:Magnitude updated] Magnitude updated: 5.96 (M)
2026/04/19 03:09:10.991683 [Simulation:Info:toast@toast-new:Simulation not generated] Magnitude 5.96 of event bmg2026hpaq is smaller than triggerMinMagnitude: no automatic simulation
2026/04/19 03:09:10.991749 [Incident:Info:toast@toast-new:Magnitude updated] Magnitude updated: 5.96 (M)
2026/04/19 03:09:10.991802 [Simulation:Info:toast@toast-new:Simulation not generated] Magnitude 5.96 of event bmg2026hpaq is smaller than triggerMinMagnitude: no automatic simulation
2026/04/19 03:09:12.459222 [Incident:Info:toast@toast-new:Origin updated] Origin updated: OT: 2026-04-18 20:06:49,  Lat/Lon: 1.13965°/97.0436°, Depth: 10
2026/04/19 03:09:12.459397 [Incident:Info:toast@toast-new:Magnitude updated] Magnitude updated: 5.97 (M)
2026/04/19 03:09:12.459431 [Simulation:Info:toast@toast-new:Simulation not generated] Magnitude 5.97 of event bmg2026hpaq is smaller than triggerMinMagnitude: no automatic simulation
2026/04/19 03:09:12.467553 [Incident:Info:toast@toast-new:Origin updated] Origin updated: OT: 2026-04-18 20:06:49,  Lat/Lon: 1.13694°/97.0431°, Depth: 10
2026/04/19 03:09:12.467718 [Incident:Info:toast@toast-new:Magnitude updated] Magnitude updated: 5.93 (M)
2026/04/19 03:09:12.467770 [Simulation:Info:toast@toast-new:Simulation not generated] Magnitude 5.93 of event bmg2026hpaq is smaller than triggerMinMagnitude: no automatic simulation
2026/04/19 03:09:12.483090 [Incident:Info:toast@toast-new:Origin updated] Origin updated: OT: 2026-04-18 20:06:49,  Lat/Lon: 1.13694°/97.0431°, Depth: 10
2026/04/19 03:09:12.483253 [Incident:Info:toast@toast-new:Magnitude updated] Magnitude updated: 5.93 (M)
2026/04/19 03:09:12.483305 [Simulation:Info:toast@toast-new:Simulation not generated] Magnitude 5.93 of event bmg2026hpaq is smaller than triggerMinMagnitude: no automatic simulation
2026/04/19 03:09:16.110718 [Incident:Info:toast@toast-new:Origin updated] Origin updated: OT: 2026-04-18 20:06:49,  Lat/Lon: 1.13694°/97.0431°, Depth: 10
2026/04/19 03:09:16.110943 [Incident:Info:toast@toast-new:Magnitude updated] Magnitude updated: 5.92 (M)
2026/04/19 03:09:16.110995 [Simulation:Info:toast@toast-new:Simulation not generated] Magnitude 5.92 of event bmg2026hpaq is smaller than triggerMinMagnitude: no automatic simulation
2026/04/19 03:09:16.111029 [Incident:Info:toast@toast-new:Origin updated] Origin updated: OT: 2026-04-18 20:06:49,  Lat/Lon: 1.13694°/97.0431°, Depth: 10
2026/04/19 03:09:16.111252 [Incident:Info:toast@toast-new:Magnitude updated] Magnitude updated: 5.92 (M)
2026/04/19 03:09:16.111300 [Simulation:Info:toast@toast-new:Simulation not generated] Magnitude 5.92 of event bmg2026hpaq is smaller than triggerMinMagnitude: no automatic simulation
2026/04/19 03:09:17.686650 [Incident:Info:toast@toast-new:Origin updated] Origin updated: OT: 2026-04-18 20:06:49,  Lat/Lon: 1.13694°/97.0431°, Depth: 10
2026/04/19 03:09:17.686834 [Incident:Info:toast@toast-new:Magnitude updated] Magnitude updated: 5.95 (M)
2026/04/19 03:09:17.686867 [Simulation:Info:toast@toast-new:Simulation not generated] Magnitude 5.95 of event bmg2026hpaq is smaller than triggerMinMagnitude: no automatic simulation
2026/04/19 03:09:17.692790 [Incident:Info:toast@toast-new:Origin updated] Origin updated: OT: 2026-04-18 20:06:49,  Lat/Lon: 1.13694°/97.0431°, Depth: 10
2026/04/19 03:09:17.692946 [Incident:Info:toast@toast-new:Magnitude updated] Magnitude updated: 5.95 (M)
2026/04/19 03:09:17.692982 [Simulation:Info:toast@toast-new:Simulation not generated] Magnitude 5.95 of event bmg2026hpaq is smaller than triggerMinMagnitude: no automatic simulation
2026/04/19 03:09:21.051102 [Incident:Info:toast@toast-new:Origin updated] Origin updated: OT: 2026-04-18 20:06:49,  Lat/Lon: 1.13694°/97.0431°, Depth: 10
2026/04/19 03:09:21.051438 [Incident:Info:toast@toast-new:Magnitude updated] Magnitude updated: 5.97 (M)
2026/04/19 03:09:21.051570 [Simulation:Info:toast@toast-new:Simulation not generated] Magnitude 5.97 of event bmg2026hpaq is smaller than triggerMinMagnitude: no automatic simulation
2026/04/19 03:09:21.052429 [Incident:Info:toast@toast-new:Origin updated] Origin updated: OT: 2026-04-18 20:06:49,  Lat/Lon: 1.13694°/97.0431°, Depth: 10
2026/04/19 03:09:21.052593 [Incident:Info:toast@toast-new:Magnitude updated] Magnitude updated: 5.97 (M)
2026/04/19 03:09:21.052654 [Simulation:Info:toast@toast-new:Simulation not generated] Magnitude 5.97 of event bmg2026hpaq is smaller than triggerMinMagnitude: no automatic simulation
2026/04/19 03:09:26.093712 [Incident:Info:toast@toast-new:Origin updated] Origin updated: OT: 2026-04-18 20:06:49,  Lat/Lon: 1.13694°/97.0431°, Depth: 10
2026/04/19 03:09:26.094227 [Incident:Info:toast@toast-new:Origin updated] Origin updated: OT: 2026-04-18 20:06:49,  Lat/Lon: 1.13694°/97.0431°, Depth: 10
2026/04/19 03:09:26.130232 [Incident:Info:toast@toast-new:Magnitude updated] Magnitude updated: 5.91 (M)
2026/04/19 03:09:26.130299 [Incident:Info:toast@toast-new:Magnitude updated] Magnitude updated: 5.91 (M)
2026/04/19 03:09:26.130353 [Simulation:Info:toast@toast-new:Simulation not generated] Magnitude 5.91 of event bmg2026hpaq is smaller than triggerMinMagnitude: no automatic simulation
2026/04/19 03:09:26.130423 [Simulation:Info:toast@toast-new:Simulation not generated] Magnitude 5.91 of event bmg2026hpaq is smaller than triggerMinMagnitude: no automatic simulation
2026/04/19 03:09:31.059556 [Incident:Info:toast@toast-new:Origin updated] Origin updated: OT: 2026-04-18 20:06:49,  Lat/Lon: 1.13694°/97.0431°, Depth: 10
2026/04/19 03:09:31.059764 [Incident:Info:toast@toast-new:Magnitude updated] Magnitude updated: 5.90 (M)
2026/04/19 03:09:31.059815 [Simulation:Info:toast@toast-new:Simulation not generated] Magnitude 5.90 of event bmg2026hpaq is smaller than triggerMinMagnitude: no automatic simulation
2026/04/19 03:09:31.060226 [Incident:Info:toast@toast-new:Origin updated] Origin updated: OT: 2026-04-18 20:06:49,  Lat/Lon: 1.13694°/97.0431°, Depth: 10
2026/04/19 03:09:31.060378 [Incident:Info:toast@toast-new:Magnitude updated] Magnitude updated: 5.90 (M)
2026/04/19 03:09:31.060415 [Simulation:Info:toast@toast-new:Simulation not generated] Magnitude 5.90 of event bmg2026hpaq is smaller than triggerMinMagnitude: no automatic simulation
2026/04/19 03:09:31.078068 [Incident:Info:toast@toast-new:Origin updated] Origin updated: OT: 2026-04-18 20:06:49,  Lat/Lon: 1.13694°/97.0431°, Depth: 10
2026/04/19 03:09:31.078169 [Incident:Info:toast@toast-new:Magnitude updated] Magnitude updated: 6.05 (Mw(mB))
2026/04/19 03:09:31.078209 [Simulation:Info:toast@toast-new:Simulation not generated] Magnitude 6.05 of event bmg2026hpaq is smaller than triggerMinMagnitude: no automatic simulation
2026/04/19 03:09:31.080303 [Incident:Info:toast@toast-new:Origin updated] Origin updated: OT: 2026-04-18 20:06:49,  Lat/Lon: 1.13694°/97.0431°, Depth: 10
2026/04/19 03:09:31.080420 [Incident:Info:toast@toast-new:Magnitude updated] Magnitude updated: 6.05 (Mw(mB))
2026/04/19 03:09:31.080467 [Simulation:Info:toast@toast-new:Simulation not generated] Magnitude 6.05 of event bmg2026hpaq is smaller than triggerMinMagnitude: no automatic simulation
2026/04/19 03:09:31.097393 [Incident:Info:toast@toast-new:Origin updated] Origin updated: OT: 2026-04-18 20:06:49,  Lat/Lon: 1.13694°/97.0431°, Depth: 10
2026/04/19 03:09:31.097478 [Simulation:Info:toast@toast-new:Simulation not generated] Magnitude 6.05 of event bmg2026hpaq is smaller than triggerMinMagnitude: no automatic simulation
2026/04/19 03:09:31.101504 [Incident:Info:toast@toast-new:Origin updated] Origin updated: OT: 2026-04-18 20:06:49,  Lat/Lon: 1.13694°/97.0431°, Depth: 10
2026/04/19 03:09:31.133858 [Simulation:Info:toast@toast-new:Simulation not generated] Magnitude 6.05 of event bmg2026hpaq is smaller than triggerMinMagnitude: no automatic simulation
2026/04/19 03:09:36.059813 [Incident:Info:toast@toast-new:Origin updated] Origin updated: OT: 2026-04-18 20:06:49,  Lat/Lon: 1.1423°/97.0393°, Depth: 10
2026/04/19 03:09:36.060012 [Incident:Info:toast@toast-new:Magnitude updated] Magnitude updated: 5.87 (M)
2026/04/19 03:09:36.060077 [Simulation:Info:toast@toast-new:Simulation not generated] Magnitude 5.87 of event bmg2026hpaq is smaller than triggerMinMagnitude: no automatic simulation
2026/04/19 03:09:36.062884 [Incident:Info:toast@toast-new:Origin updated] Origin updated: OT: 2026-04-18 20:06:49,  Lat/Lon: 1.1423°/97.0393°, Depth: 10
2026/04/19 03:09:36.063060 [Incident:Info:toast@toast-new:Magnitude updated] Magnitude updated: 5.87 (M)
2026/04/19 03:09:36.063115 [Simulation:Info:toast@toast-new:Simulation not generated] Magnitude 5.87 of event bmg2026hpaq is smaller than triggerMinMagnitude: no automatic simulation
2026/04/19 03:09:41.121922 [Incident:Info:toast@toast-new:Origin updated] Origin updated: OT: 2026-04-18 20:06:49,  Lat/Lon: 1.1423°/97.0393°, Depth: 10
2026/04/19 03:09:41.122113 [Incident:Info:toast@toast-new:Magnitude updated] Magnitude updated: 5.88 (M)
2026/04/19 03:09:41.122161 [Simulation:Info:toast@toast-new:Simulation not generated] Magnitude 5.88 of event bmg2026hpaq is smaller than triggerMinMagnitude: no automatic simulation
2026/04/19 03:09:41.122226 [Incident:Info:toast@toast-new:Origin updated] Origin updated: OT: 2026-04-18 20:06:49,  Lat/Lon: 1.1423°/97.0393°, Depth: 10
2026/04/19 03:09:41.122394 [Incident:Info:toast@toast-new:Magnitude updated] Magnitude updated: 5.88 (M)
2026/04/19 03:09:41.122434 [Simulation:Info:toast@toast-new:Simulation not generated] Magnitude 5.88 of event bmg2026hpaq is smaller than triggerMinMagnitude: no automatic simulation
2026/04/19 03:09:46.104370 [Incident:Info:toast@toast-new:Origin updated] Origin updated: OT: 2026-04-18 20:06:49,  Lat/Lon: 1.1423°/97.0393°, Depth: 10
2026/04/19 03:09:46.104601 [Incident:Info:toast@toast-new:Magnitude updated] Magnitude updated: 5.85 (M)
2026/04/19 03:09:46.104677 [Simulation:Info:toast@toast-new:Simulation not generated] Magnitude 5.85 of event bmg2026hpaq is smaller than triggerMinMagnitude: no automatic simulation
2026/04/19 03:09:46.105394 [Incident:Info:toast@toast-new:Origin updated] Origin updated: OT: 2026-04-18 20:06:49,  Lat/Lon: 1.1423°/97.0393°, Depth: 10
2026/04/19 03:09:46.105540 [Incident:Info:toast@toast-new:Magnitude updated] Magnitude updated: 5.85 (M)
2026/04/19 03:09:46.105576 [Simulation:Info:toast@toast-new:Simulation not generated] Magnitude 5.85 of event bmg2026hpaq is smaller than triggerMinMagnitude: no automatic simulation
2026/04/19 03:09:48.126379 [Incident:Info:toast@toast-new:Origin updated] Origin updated: OT: 2026-04-18 20:06:50,  Lat/Lon: 1.15595°/97.0663°, Depth: 17.4223
2026/04/19 03:09:48.126549 [Incident:Info:toast@toast-new:Magnitude updated] Magnitude updated: 5.99 (MLv)
2026/04/19 03:09:48.126586 [Simulation:Info:toast@toast-new:Simulation not generated] Magnitude 5.99 of event bmg2026hpaq is smaller than triggerMinMagnitude: no automatic simulation
2026/04/19 03:09:48.130363 [Incident:Info:toast@toast-new:Origin updated] Origin updated: OT: 2026-04-18 20:06:50,  Lat/Lon: 1.15595°/97.0663°, Depth: 17.4223
2026/04/19 03:09:48.130538 [Incident:Info:toast@toast-new:Magnitude updated] Magnitude updated: 5.99 (MLv)
2026/04/19 03:09:48.130585 [Simulation:Info:toast@toast-new:Simulation not generated] Magnitude 5.99 of event bmg2026hpaq is smaller than triggerMinMagnitude: no automatic simulation
2026/04/19 03:09:48.244273 [Incident:Info:toast@toast-new:Origin updated] Origin updated: OT: 2026-04-18 20:06:50,  Lat/Lon: 1.15595°/97.0663°, Depth: 17.4223
2026/04/19 03:09:48.244410 [Incident:Info:toast@toast-new:Magnitude updated] Magnitude updated: 6.06 (M)
2026/04/19 03:09:48.244455 [Simulation:Info:toast@toast-new:Simulation not generated] Magnitude 6.06 of event bmg2026hpaq is smaller than triggerMinMagnitude: no automatic simulation
2026/04/19 03:09:48.244979 [Incident:Info:toast@toast-new:Origin updated] Origin updated: OT: 2026-04-18 20:06:50,  Lat/Lon: 1.15595°/97.0663°, Depth: 17.4223
2026/04/19 03:09:48.245109 [Incident:Info:toast@toast-new:Magnitude updated] Magnitude updated: 6.06 (M)
2026/04/19 03:09:48.245155 [Simulation:Info:toast@toast-new:Simulation not generated] Magnitude 6.06 of event bmg2026hpaq is smaller than triggerMinMagnitude: no automatic simulation
2026/04/19 03:09:51.075626 [Incident:Info:toast@toast-new:Origin updated] Origin updated: OT: 2026-04-18 20:06:50,  Lat/Lon: 1.15595°/97.0663°, Depth: 17.4223
2026/04/19 03:09:51.075808 [Incident:Info:toast@toast-new:Magnitude updated] Magnitude updated: 6.06 (M)
2026/04/19 03:09:51.075850 [Simulation:Info:toast@toast-new:Simulation not generated] Magnitude 6.06 of event bmg2026hpaq is smaller than triggerMinMagnitude: no automatic simulation
2026/04/19 03:09:51.080927 [Incident:Info:toast@toast-new:Origin updated] Origin updated: OT: 2026-04-18 20:06:50,  Lat/Lon: 1.15595°/97.0663°, Depth: 17.4223
2026/04/19 03:09:51.081079 [Incident:Info:toast@toast-new:Magnitude updated] Magnitude updated: 6.06 (M)
2026/04/19 03:09:51.081112 [Simulation:Info:toast@toast-new:Simulation not generated] Magnitude 6.06 of event bmg2026hpaq is smaller than triggerMinMagnitude: no automatic simulation
2026/04/19 03:09:52.314337 [Incident:Info:toast@toast-new:Origin updated] Origin updated: OT: 2026-04-18 20:06:50,  Lat/Lon: 1.15595°/97.0663°, Depth: 17.4223
2026/04/19 03:09:52.351095 [Incident:Info:toast@toast-new:Displacement(s) updated] Added 0 and changed 0 displacements with 0 amplitudes
2026/04/19 03:09:56.033562 [Incident:Info:toast@toast-new:Origin updated] Origin updated: OT: 2026-04-18 20:06:50,  Lat/Lon: 1.15595°/97.0663°, Depth: 17.4223
2026/04/19 03:09:56.033606 [Incident:Info:toast@toast-new:Origin updated] Origin updated: OT: 2026-04-18 20:06:50,  Lat/Lon: 1.15595°/97.0663°, Depth: 17.4223
2026/04/19 03:09:56.033747 [Incident:Info:toast@toast-new:Magnitude updated] Magnitude updated: 6.06 (M)
2026/04/19 03:09:56.033786 [Incident:Info:toast@toast-new:Magnitude updated] Magnitude updated: 6.06 (M)
2026/04/19 03:09:56.033791 [Simulation:Info:toast@toast-new:Simulation not generated] Magnitude 6.06 of event bmg2026hpaq is smaller than triggerMinMagnitude: no automatic simulation
2026/04/19 03:09:56.033830 [Simulation:Info:toast@toast-new:Simulation not generated] Magnitude 6.06 of event bmg2026hpaq is smaller than triggerMinMagnitude: no automatic simulation
2026/04/19 03:09:56.296368 [Simulation:Info:toast@toast-new:Simulation(s) triggered] Automatic simulation(s) triggered manually
2026/04/19 03:09:56.297100 [Simulation:Info:toast@toast-new:Simulation(s) started] No nodal plane available. Starting Simulation(s) with fault plane, Lat/Lon: 1.16°/ 97.07° (MT), Depth: 17.42km (MT), Mag: 6.06 (MT)
2026/04/19 03:09:56.299412 [Simulation:Info:toast@toast-new:Simulation running] TsunAWI: Looking for matching scenarios
2026/04/19 03:09:56.303890 [Simulation:Info:toast@toast-new:Simulation finished] TsunAWI: No matching scenarios
2026/04/19 03:09:56.367157 [Simulation:Info:toast@toast-new:No simulation returned] TsunAWI simulation backend returned no simulation.
2026/04/19 03:09:56.406301 [Simulation:Info:toast@toast-new:Simulation tracked] Tracking progress of EasyWave2 simulation 60000002N096098Ed7485d5388482f6dafd618b585203baa9562c0fa
2026/04/19 03:09:56.411903 [Simulation:Info:toast@toast-new:Simulation tracked] Tracking progress of EasyWave2 simulation 60000002N096098Ed777cae8f148c54473b6b3a86d128ba06cb0690f
2026/04/19 03:10:01.111091 [Incident:Info:toast@toast-new:Origin updated] Origin updated: OT: 2026-04-18 20:06:50,  Lat/Lon: 1.15595°/97.0663°, Depth: 17.4223
2026/04/19 03:10:01.111236 [Incident:Info:toast@toast-new:Magnitude updated] Magnitude updated: 6.06 (M)
2026/04/19 03:10:01.111275 [Simulation:Info:toast@toast-new:Simulation not generated] Magnitude 6.06 of event bmg2026hpaq is smaller than triggerMinMagnitude: no automatic simulation
2026/04/19 03:10:01.111472 [Incident:Info:toast@toast-new:Origin updated] Origin updated: OT: 2026-04-18 20:06:50,  Lat/Lon: 1.15595°/97.0663°, Depth: 17.4223
2026/04/19 03:10:01.111658 [Incident:Info:toast@toast-new:Magnitude updated] Magnitude updated: 6.06 (M)
2026/04/19 03:10:01.111712 [Simulation:Info:toast@toast-new:Simulation not generated] Magnitude 6.06 of event bmg2026hpaq is smaller than triggerMinMagnitude: no automatic simulation
2026/04/19 03:10:05.800584 [Incident:Info:toast@toast-new:Origin updated] Origin updated: OT: 2026-04-18 20:06:50,  Lat/Lon: 1.15595°/97.0663°, Depth: 17.4223
2026/04/19 03:10:05.800710 [Incident:Info:toast@toast-new:Magnitude updated] Magnitude updated: 6.06 (M)
2026/04/19 03:10:05.800740 [Simulation:Info:toast@toast-new:Simulation not generated] Magnitude 6.06 of event bmg2026hpaq is smaller than triggerMinMagnitude: no automatic simulation
2026/04/19 03:10:05.817218 [Incident:Info:toast@toast-new:Origin updated] Origin updated: OT: 2026-04-18 20:06:50,  Lat/Lon: 1.15595°/97.0663°, Depth: 17.4223
2026/04/19 03:10:05.817444 [Incident:Info:toast@toast-new:Magnitude updated] Magnitude updated: 6.06 (M)
2026/04/19 03:10:05.817513 [Simulation:Info:toast@toast-new:Simulation not generated] Magnitude 6.06 of event bmg2026hpaq is smaller than triggerMinMagnitude: no automatic simulation
2026/04/19 03:10:10.198842 [Simulation:Info:toast@toast-new:Simulation finished] Finished EasyWave2 simulation 60000002N096098Ed7485d5388482f6dafd618b585203baa9562c0fa in 13 seconds
2026/04/19 03:10:10.991337 [Incident:Info:toast@toast-new:Origin updated] Origin updated: OT: 2026-04-18 20:06:50,  Lat/Lon: 1.15595°/97.0663°, Depth: 17.4223
2026/04/19 03:10:10.991456 [Incident:Info:toast@toast-new:Magnitude updated] Magnitude updated: 6.06 (M)
2026/04/19 03:10:10.991485 [Simulation:Info:toast@toast-new:Simulation not generated] Magnitude 6.06 of event bmg2026hpaq is smaller than triggerMinMagnitude: no automatic simulation
2026/04/19 03:10:10.992202 [Incident:Info:toast@toast-new:Origin updated] Origin updated: OT: 2026-04-18 20:06:50,  Lat/Lon: 1.15595°/97.0663°, Depth: 17.4223
2026/04/19 03:10:10.992460 [Incident:Info:toast@toast-new:Magnitude updated] Magnitude updated: 6.06 (M)
2026/04/19 03:10:10.992543 [Simulation:Info:toast@toast-new:Simulation not generated] Magnitude 6.06 of event bmg2026hpaq is smaller than triggerMinMagnitude: no automatic simulation
2026/04/19 03:10:16.006422 [Incident:Info:toast@toast-new:Origin updated] Origin updated: OT: 2026-04-18 20:06:50,  Lat/Lon: 1.15595°/97.0663°, Depth: 17.4223
2026/04/19 03:10:16.006655 [Incident:Info:toast@toast-new:Magnitude updated] Magnitude updated: 6.06 (M)
2026/04/19 03:10:16.006738 [Simulation:Info:toast@toast-new:Simulation not generated] Magnitude 6.06 of event bmg2026hpaq is smaller than triggerMinMagnitude: no automatic simulation
2026/04/19 03:10:16.013544 [Incident:Info:toast@toast-new:Origin updated] Origin updated: OT: 2026-04-18 20:06:50,  Lat/Lon: 1.15595°/97.0663°, Depth: 17.4223
2026/04/19 03:10:16.013682 [Incident:Info:toast@toast-new:Magnitude updated] Magnitude updated: 6.06 (M)
2026/04/19 03:10:16.013712 [Simulation:Info:toast@toast-new:Simulation not generated] Magnitude 6.06 of event bmg2026hpaq is smaller than triggerMinMagnitude: no automatic simulation
2026/04/19 03:10:21.166210 [Incident:Info:toast@toast-new:Origin updated] Origin updated: OT: 2026-04-18 20:06:50,  Lat/Lon: 1.15595°/97.0663°, Depth: 17.4223
2026/04/19 03:10:21.166348 [Incident:Info:toast@toast-new:Magnitude updated] Magnitude updated: 6.06 (M)
2026/04/19 03:10:21.166382 [Simulation:Info:toast@toast-new:Simulation not generated] Magnitude 6.06 of event bmg2026hpaq is smaller than triggerMinMagnitude: no automatic simulation
2026/04/19 03:10:21.174187 [Incident:Info:toast@toast-new:Origin updated] Origin updated: OT: 2026-04-18 20:06:50,  Lat/Lon: 1.15595°/97.0663°, Depth: 17.4223
2026/04/19 03:10:21.174381 [Incident:Info:toast@toast-new:Magnitude updated] Magnitude updated: 6.06 (M)
2026/04/19 03:10:21.174445 [Simulation:Info:toast@toast-new:Simulation not generated] Magnitude 6.06 of event bmg2026hpaq is smaller than triggerMinMagnitude: no automatic simulation
2026/04/19 03:10:31.064110 [Incident:Info:toast@toast-new:Origin updated] Origin updated: OT: 2026-04-18 20:06:50,  Lat/Lon: 1.15595°/97.0663°, Depth: 17.4223
2026/04/19 03:10:31.064236 [Incident:Info:toast@toast-new:Magnitude updated] Magnitude updated: 6.06 (M)
2026/04/19 03:10:31.064265 [Simulation:Info:toast@toast-new:Simulation not generated] Magnitude 6.06 of event bmg2026hpaq is smaller than triggerMinMagnitude: no automatic simulation
2026/04/19 03:10:31.070533 [Incident:Info:toast@toast-new:Origin updated] Origin updated: OT: 2026-04-18 20:06:50,  Lat/Lon: 1.15595°/97.0663°, Depth: 17.4223
2026/04/19 03:10:31.070774 [Incident:Info:toast@toast-new:Magnitude updated] Magnitude updated: 6.06 (M)
2026/04/19 03:10:31.070871 [Simulation:Info:toast@toast-new:Simulation not generated] Magnitude 6.06 of event bmg2026hpaq is smaller than triggerMinMagnitude: no automatic simulation
2026/04/19 03:10:41.083696 [Incident:Info:toast@toast-new:Origin updated] Origin updated: OT: 2026-04-18 20:06:50,  Lat/Lon: 1.15307°/97.0426°, Depth: 16.7578
2026/04/19 03:10:41.083947 [Incident:Info:toast@toast-new:Magnitude updated] Magnitude updated: 6.00 (MLv)
2026/04/19 03:10:41.084042 [Simulation:Info:toast@toast-new:Simulation not generated] Magnitude 6.00 of event bmg2026hpaq is smaller than triggerMinMagnitude: no automatic simulation
2026/04/19 03:10:41.098031 [Incident:Info:toast@toast-new:Origin updated] Origin updated: OT: 2026-04-18 20:06:50,  Lat/Lon: 1.15307°/97.0426°, Depth: 16.7578
2026/04/19 03:10:41.098159 [Incident:Info:toast@toast-new:Magnitude updated] Magnitude updated: 6.00 (MLv)
2026/04/19 03:10:41.098201 [Simulation:Info:toast@toast-new:Simulation not generated] Magnitude 6.00 of event bmg2026hpaq is smaller than triggerMinMagnitude: no automatic simulation
2026/04/19 03:10:41.100735 [Incident:Info:toast@toast-new:Origin updated] Origin updated: OT: 2026-04-18 20:06:50,  Lat/Lon: 1.15307°/97.0426°, Depth: 16.7578
2026/04/19 03:10:41.100918 [Incident:Info:toast@toast-new:Magnitude updated] Magnitude updated: 5.75 (M)
2026/04/19 03:10:41.100994 [Simulation:Info:toast@toast-new:Simulation not generated] Magnitude 5.75 of event bmg2026hpaq is smaller than triggerMinMagnitude: no automatic simulation
2026/04/19 03:10:41.117659 [Incident:Info:toast@toast-new:Origin updated] Origin updated: OT: 2026-04-18 20:06:50,  Lat/Lon: 1.15307°/97.0426°, Depth: 16.7578
2026/04/19 03:10:41.117765 [Incident:Info:toast@toast-new:Magnitude updated] Magnitude updated: 5.75 (M)
2026/04/19 03:10:41.117796 [Simulation:Info:toast@toast-new:Simulation not generated] Magnitude 5.75 of event bmg2026hpaq is smaller than triggerMinMagnitude: no automatic simulation
2026/04/19 03:10:46.109305 [Incident:Info:toast@toast-new:Origin updated] Origin updated: OT: 2026-04-18 20:06:50,  Lat/Lon: 1.15307°/97.0426°, Depth: 16.7578
2026/04/19 03:10:46.109658 [Incident:Info:toast@toast-new:Magnitude updated] Magnitude updated: 5.75 (M)
2026/04/19 03:10:46.109819 [Simulation:Info:toast@toast-new:Simulation not generated] Magnitude 5.75 of event bmg2026hpaq is smaller than triggerMinMagnitude: no automatic simulation
2026/04/19 03:10:46.112894 [Incident:Info:toast@toast-new:Origin updated] Origin updated: OT: 2026-04-18 20:06:50,  Lat/Lon: 1.15307°/97.0426°, Depth: 16.7578
2026/04/19 03:10:46.113030 [Incident:Info:toast@toast-new:Magnitude updated] Magnitude updated: 5.75 (M)
2026/04/19 03:10:46.113073 [Simulation:Info:toast@toast-new:Simulation not generated] Magnitude 5.75 of event bmg2026hpaq is smaller than triggerMinMagnitude: no automatic simulation
2026/04/19 03:10:47.202636 [Simulation:Info:toast@toast-new:Simulation finished] Finished EasyWave2 simulation 60000002N096098Ed777cae8f148c54473b6b3a86d128ba06cb0690f in 50 seconds
2026/04/19 03:10:51.272438 [Incident:Info:toast@toast-new:Origin updated] Origin updated: OT: 2026-04-18 20:06:50,  Lat/Lon: 1.15307°/97.0426°, Depth: 16.7578
2026/04/19 03:10:51.272543 [Incident:Info:toast@toast-new:Origin updated] Origin updated: OT: 2026-04-18 20:06:50,  Lat/Lon: 1.15307°/97.0426°, Depth: 16.7578
2026/04/19 03:10:51.272661 [Incident:Info:toast@toast-new:Magnitude updated] Magnitude updated: 5.76 (M)
2026/04/19 03:10:51.272716 [Simulation:Info:toast@toast-new:Simulation not generated] Magnitude 5.76 of event bmg2026hpaq is smaller than triggerMinMagnitude: no automatic simulation
2026/04/19 03:10:51.272881 [Incident:Info:toast@toast-new:Magnitude updated] Magnitude updated: 5.76 (M)
2026/04/19 03:10:51.272974 [Simulation:Info:toast@toast-new:Simulation not generated] Magnitude 5.76 of event bmg2026hpaq is smaller than triggerMinMagnitude: no automatic simulation
2026/04/19 03:10:54.876942 [Incident:Info:toast@toast-new:Origin updated] Origin updated: OT: 2026-04-18 20:06:50,  Lat/Lon: 1.15307°/97.0426°, Depth: 16.7578
2026/04/19 03:10:54.876942 [Incident:Info:toast@toast-new:Origin updated] Origin updated: OT: 2026-04-18 20:06:50,  Lat/Lon: 1.15307°/97.0426°, Depth: 16.7578
2026/04/19 03:10:54.877154 [Incident:Info:toast@toast-new:FM updated] FM updated
2026/04/19 03:10:54.877302 [Incident:Info:toast@toast-new:FM updated] FM updated
2026/04/19 03:10:54.877551 [Simulation:Info:toast@toast-new:Simulation not generated] Magnitude 5.76 of event bmg2026hpaq is smaller than triggerMinMagnitude: no automatic simulation
2026/04/19 03:10:54.877805 [Simulation:Info:toast@toast-new:Simulation not generated] Magnitude 5.76 of event bmg2026hpaq is smaller than triggerMinMagnitude: no automatic simulation
2026/04/19 03:10:56.157709 [Incident:Info:toast@toast-new:Origin updated] Origin updated: OT: 2026-04-18 20:06:50,  Lat/Lon: 1.15307°/97.0426°, Depth: 16.7578
2026/04/19 03:10:56.159970 [Incident:Info:toast@toast-new:Magnitude updated] Magnitude updated: 5.74 (M)
2026/04/19 03:10:56.159988 [Incident:Info:toast@toast-new:Origin updated] Origin updated: OT: 2026-04-18 20:06:50,  Lat/Lon: 1.15307°/97.0426°, Depth: 16.7578
2026/04/19 03:10:56.160045 [Simulation:Info:toast@toast-new:Simulation not generated] Magnitude 5.74 of event bmg2026hpaq is smaller than triggerMinMagnitude: no automatic simulation
2026/04/19 03:10:56.160503 [Incident:Info:toast@toast-new:Magnitude updated] Magnitude updated: 5.74 (M)
2026/04/19 03:10:56.160715 [Simulation:Info:toast@toast-new:Simulation not generated] Magnitude 5.74 of event bmg2026hpaq is smaller than triggerMinMagnitude: no automatic simulation
2026/04/19 03:11:01.160101 [Incident:Info:toast@toast-new:Origin updated] Origin updated: OT: 2026-04-18 20:06:50,  Lat/Lon: 1.15307°/97.0426°, Depth: 16.7578
2026/04/19 03:11:01.160503 [Incident:Info:toast@toast-new:Magnitude updated] Magnitude updated: 5.73 (M)
2026/04/19 03:11:01.160547 [Simulation:Info:toast@toast-new:Simulation not generated] Magnitude 5.73 of event bmg2026hpaq is smaller than triggerMinMagnitude: no automatic simulation
2026/04/19 03:11:01.161451 [Incident:Info:toast@toast-new:Origin updated] Origin updated: OT: 2026-04-18 20:06:50,  Lat/Lon: 1.15307°/97.0426°, Depth: 16.7578
2026/04/19 03:11:01.161723 [Incident:Info:toast@toast-new:Magnitude updated] Magnitude updated: 5.73 (M)
2026/04/19 03:11:01.161803 [Simulation:Info:toast@toast-new:Simulation not generated] Magnitude 5.73 of event bmg2026hpaq is smaller than triggerMinMagnitude: no automatic simulation
2026/04/19 03:11:04.425314 [Incident:Info:toast@toast-new:Origin updated] Origin updated: OT: 2026-04-18 20:06:50,  Lat/Lon: 1.15307°/97.0426°, Depth: 16.7578
2026/04/19 03:11:04.425515 [Incident:Info:toast@toast-new:FM updated] FM updated
2026/04/19 03:11:04.425846 [Simulation:Info:toast@toast-new:Simulation not generated] Magnitude 5.73 of event bmg2026hpaq is smaller than triggerMinMagnitude: no automatic simulation
2026/04/19 03:11:04.427851 [Incident:Info:toast@toast-new:Origin updated] Origin updated: OT: 2026-04-18 20:06:50,  Lat/Lon: 1.15307°/97.0426°, Depth: 16.7578
2026/04/19 03:11:04.428131 [Incident:Info:toast@toast-new:FM updated] FM updated
2026/04/19 03:11:04.428532 [Simulation:Info:toast@toast-new:Simulation not generated] Magnitude 5.73 of event bmg2026hpaq is smaller than triggerMinMagnitude: no automatic simulation
2026/04/19 03:11:06.214321 [Incident:Info:toast@toast-new:Origin updated] Origin updated: OT: 2026-04-18 20:06:50,  Lat/Lon: 1.15307°/97.0426°, Depth: 16.7578
2026/04/19 03:11:06.216062 [Incident:Info:toast@toast-new:Magnitude updated] Magnitude updated: 5.73 (M)
2026/04/19 03:11:06.216115 [Simulation:Info:toast@toast-new:Simulation not generated] Magnitude 5.73 of event bmg2026hpaq is smaller than triggerMinMagnitude: no automatic simulation
2026/04/19 03:11:06.217634 [Incident:Info:toast@toast-new:Origin updated] Origin updated: OT: 2026-04-18 20:06:50,  Lat/Lon: 1.15307°/97.0426°, Depth: 16.7578
2026/04/19 03:11:06.217977 [Incident:Info:toast@toast-new:Magnitude updated] Magnitude updated: 5.73 (M)
2026/04/19 03:11:06.218062 [Simulation:Info:toast@toast-new:Simulation not generated] Magnitude 5.73 of event bmg2026hpaq is smaller than triggerMinMagnitude: no automatic simulation
2026/04/19 03:11:11.166400 [Incident:Info:toast@toast-new:Origin updated] Origin updated: OT: 2026-04-18 20:06:50,  Lat/Lon: 1.15307°/97.0426°, Depth: 16.7578
2026/04/19 03:11:11.166590 [Incident:Info:toast@toast-new:Magnitude updated] Magnitude updated: 5.73 (M)
2026/04/19 03:11:11.166638 [Simulation:Info:toast@toast-new:Simulation not generated] Magnitude 5.73 of event bmg2026hpaq is smaller than triggerMinMagnitude: no automatic simulation
2026/04/19 03:11:11.169598 [Incident:Info:toast@toast-new:Origin updated] Origin updated: OT: 2026-04-18 20:06:50,  Lat/Lon: 1.15307°/97.0426°, Depth: 16.7578
2026/04/19 03:11:11.169907 [Incident:Info:toast@toast-new:Magnitude updated] Magnitude updated: 5.73 (M)
2026/04/19 03:11:11.169990 [Simulation:Info:toast@toast-new:Simulation not generated] Magnitude 5.73 of event bmg2026hpaq is smaller than triggerMinMagnitude: no automatic simulation
2026/04/19 03:11:13.785728 [Incident:Info:toast@toast-new:Origin updated] Origin updated: OT: 2026-04-18 20:06:50,  Lat/Lon: 1.15307°/97.0426°, Depth: 16.7578
2026/04/19 03:11:13.785793 [Incident:Info:toast@toast-new:Origin updated] Origin updated: OT: 2026-04-18 20:06:50,  Lat/Lon: 1.15307°/97.0426°, Depth: 16.7578
2026/04/19 03:11:13.785907 [Incident:Info:toast@toast-new:FM updated] FM updated
2026/04/19 03:11:13.786082 [Incident:Info:toast@toast-new:FM updated] FM updated
2026/04/19 03:11:13.786165 [Simulation:Info:toast@toast-new:Simulation not generated] Magnitude 5.73 of event bmg2026hpaq is smaller than triggerMinMagnitude: no automatic simulation
2026/04/19 03:11:13.786442 [Simulation:Info:toast@toast-new:Simulation not generated] Magnitude 5.73 of event bmg2026hpaq is smaller than triggerMinMagnitude: no automatic simulation
2026/04/19 03:11:16.210331 [Incident:Info:toast@toast-new:Origin updated] Origin updated: OT: 2026-04-18 20:06:50,  Lat/Lon: 1.15307°/97.0426°, Depth: 16.7578
2026/04/19 03:11:16.210613 [Incident:Info:toast@toast-new:Magnitude updated] Magnitude updated: 5.72 (M)
2026/04/19 03:11:16.210682 [Simulation:Info:toast@toast-new:Simulation not generated] Magnitude 5.72 of event bmg2026hpaq is smaller than triggerMinMagnitude: no automatic simulation
2026/04/19 03:11:16.211383 [Incident:Info:toast@toast-new:Origin updated] Origin updated: OT: 2026-04-18 20:06:50,  Lat/Lon: 1.15307°/97.0426°, Depth: 16.7578
2026/04/19 03:11:16.211532 [Incident:Info:toast@toast-new:Magnitude updated] Magnitude updated: 5.72 (M)
2026/04/19 03:11:16.211567 [Simulation:Info:toast@toast-new:Simulation not generated] Magnitude 5.72 of event bmg2026hpaq is smaller than triggerMinMagnitude: no automatic simulation
2026/04/19 03:11:18.419382 [Incident:Info:toast@toast-new:Origin updated] Origin updated: OT: 2026-04-18 20:06:50,  Lat/Lon: 1.15307°/97.0426°, Depth: 16.7578
2026/04/19 03:11:18.419690 [Incident:Info:toast@toast-new:Magnitude updated] Magnitude updated: 5.72 (M)
2026/04/19 03:11:18.419796 [Simulation:Info:toast@toast-new:Simulation not generated] Magnitude 5.72 of event bmg2026hpaq is smaller than triggerMinMagnitude: no automatic simulation
2026/04/19 03:11:18.423454 [Incident:Info:toast@toast-new:Origin updated] Origin updated: OT: 2026-04-18 20:06:50,  Lat/Lon: 1.15307°/97.0426°, Depth: 16.7578
2026/04/19 03:11:18.423601 [Incident:Info:toast@toast-new:Magnitude updated] Magnitude updated: 5.72 (M)
2026/04/19 03:11:18.423633 [Simulation:Info:toast@toast-new:Simulation not generated] Magnitude 5.72 of event bmg2026hpaq is smaller than triggerMinMagnitude: no automatic simulation
2026/04/19 03:11:24.442299 [Incident:Info:toast@toast-new:Origin updated] Origin updated: OT: 2026-04-18 20:06:50,  Lat/Lon: 1.15307°/97.0426°, Depth: 16.7578
2026/04/19 03:11:24.442441 [Incident:Info:toast@toast-new:Origin updated] Origin updated: OT: 2026-04-18 20:06:50,  Lat/Lon: 1.15307°/97.0426°, Depth: 16.7578
2026/04/19 03:11:24.442503 [Incident:Info:toast@toast-new:FM updated] FM updated
2026/04/19 03:11:24.442724 [Incident:Info:toast@toast-new:FM updated] FM updated
2026/04/19 03:11:24.443064 [Simulation:Info:toast@toast-new:Simulation not generated] Magnitude 5.72 of event bmg2026hpaq is smaller than triggerMinMagnitude: no automatic simulation
2026/04/19 03:11:24.443147 [Simulation:Info:toast@toast-new:Simulation not generated] Magnitude 5.72 of event bmg2026hpaq is smaller than triggerMinMagnitude: no automatic simulation
2026/04/19 03:11:31.241732 [Incident:Info:toast@toast-new:Origin updated] Origin updated: OT: 2026-04-18 20:06:50,  Lat/Lon: 1.15307°/97.0426°, Depth: 16.7578
2026/04/19 03:11:31.241913 [Incident:Info:toast@toast-new:Magnitude updated] Magnitude updated: 5.72 (M)
2026/04/19 03:11:31.241960 [Simulation:Info:toast@toast-new:Simulation not generated] Magnitude 5.72 of event bmg2026hpaq is smaller than triggerMinMagnitude: no automatic simulation
2026/04/19 03:11:31.243577 [Incident:Info:toast@toast-new:Origin updated] Origin updated: OT: 2026-04-18 20:06:50,  Lat/Lon: 1.15307°/97.0426°, Depth: 16.7578
2026/04/19 03:11:31.243861 [Incident:Info:toast@toast-new:Magnitude updated] Magnitude updated: 5.72 (M)
2026/04/19 03:11:31.243950 [Simulation:Info:toast@toast-new:Simulation not generated] Magnitude 5.72 of event bmg2026hpaq is smaller than triggerMinMagnitude: no automatic simulation
2026/04/19 03:11:44.041797 [Incident:Info:toast@toast-new:Origin updated] Origin updated: OT: 2026-04-18 20:06:50,  Lat/Lon: 1.15307°/97.0426°, Depth: 16.7578
2026/04/19 03:11:44.042110 [Simulation:Info:toast@toast-new:Simulation not generated] Magnitude 5.72 of event bmg2026hpaq is smaller than triggerMinMagnitude: no automatic simulation
2026/04/19 03:11:44.042720 [Incident:Info:toast@toast-new:Origin updated] Origin updated: OT: 2026-04-18 20:06:50,  Lat/Lon: 1.15307°/97.0426°, Depth: 16.7578
2026/04/19 03:11:44.042910 [Simulation:Info:toast@toast-new:Simulation not generated] Magnitude 5.72 of event bmg2026hpaq is smaller than triggerMinMagnitude: no automatic simulation
2026/04/19 03:11:45.108117 [Incident:Info:toast@toast-new:Origin updated] Origin updated: OT: 2026-04-18 20:06:50,  Lat/Lon: 1.15307°/97.0426°, Depth: 16.7578
2026/04/19 03:11:45.108476 [Incident:Info:toast@toast-new:Origin updated] Origin updated: OT: 2026-04-18 20:06:50,  Lat/Lon: 1.15307°/97.0426°, Depth: 16.7578
2026/04/19 03:11:45.139240 [Incident:Info:toast@toast-new:FM updated] FM updated
2026/04/19 03:11:45.139380 [Incident:Info:toast@toast-new:FM updated] FM updated
2026/04/19 03:11:45.139736 [Simulation:Info:toast@toast-new:Simulation not generated] Magnitude 5.72 of event bmg2026hpaq is smaller than triggerMinMagnitude: no automatic simulation
2026/04/19 03:11:45.140069 [Simulation:Info:toast@toast-new:Simulation not generated] Magnitude 5.72 of event bmg2026hpaq is smaller than triggerMinMagnitude: no automatic simulation
2026/04/19 03:11:46.098012 [Incident:Info:toast@toast-new:Origin updated] Origin updated: OT: 2026-04-18 20:06:50,  Lat/Lon: 1.15307°/97.0426°, Depth: 16.7578
2026/04/19 03:11:46.098384 [Incident:Info:toast@toast-new:Magnitude updated] Magnitude updated: 5.72 (M)
2026/04/19 03:11:46.098479 [Simulation:Info:toast@toast-new:Simulation not generated] Magnitude 5.72 of event bmg2026hpaq is smaller than triggerMinMagnitude: no automatic simulation
2026/04/19 03:11:46.103938 [Incident:Info:toast@toast-new:Origin updated] Origin updated: OT: 2026-04-18 20:06:50,  Lat/Lon: 1.15307°/97.0426°, Depth: 16.7578
2026/04/19 03:11:46.104127 [Incident:Info:toast@toast-new:Magnitude updated] Magnitude updated: 5.72 (M)
2026/04/19 03:11:46.104170 [Simulation:Info:toast@toast-new:Simulation not generated] Magnitude 5.72 of event bmg2026hpaq is smaller than triggerMinMagnitude: no automatic simulation
2026/04/19 03:11:49.355622 [Incident:Info:toast@toast-new:Origin updated] Origin updated: OT: 2026-04-18 20:06:50,  Lat/Lon: 1.11265°/97.0202°, Depth: 17.0088
2026/04/19 03:11:49.355677 [Incident:Info:toast@toast-new:Origin updated] Origin updated: OT: 2026-04-18 20:06:50,  Lat/Lon: 1.11265°/97.0202°, Depth: 17.0088
2026/04/19 03:11:49.355827 [Incident:Info:toast@toast-new:Magnitude updated] Magnitude updated: 5.64 (Mw(mB))
2026/04/19 03:11:49.355895 [Simulation:Info:toast@toast-new:Simulation not generated] Magnitude 5.64 of event bmg2026hpaq is smaller than triggerMinMagnitude: no automatic simulation
2026/04/19 03:11:49.356026 [Incident:Info:toast@toast-new:Magnitude updated] Magnitude updated: 5.64 (Mw(mB))
2026/04/19 03:11:49.356158 [Simulation:Info:toast@toast-new:Simulation not generated] Magnitude 5.64 of event bmg2026hpaq is smaller than triggerMinMagnitude: no automatic simulation
2026/04/19 03:12:04.939722 [Incident:Info:toast@toast-new:Origin updated] Origin updated: OT: 2026-04-18 20:06:50,  Lat/Lon: 1.11265°/97.0202°, Depth: 17.0088
2026/04/19 03:12:04.939972 [Incident:Info:toast@toast-new:Origin updated] Origin updated: OT: 2026-04-18 20:06:50,  Lat/Lon: 1.11265°/97.0202°, Depth: 17.0088
2026/04/19 03:12:04.940026 [Simulation:Info:toast@toast-new:Simulation not generated] Magnitude 5.64 of event bmg2026hpaq is smaller than triggerMinMagnitude: no automatic simulation
2026/04/19 03:12:04.940142 [Simulation:Info:toast@toast-new:Simulation not generated] Magnitude 5.64 of event bmg2026hpaq is smaller than triggerMinMagnitude: no automatic simulation
2026/04/19 03:12:04.952564 [Incident:Info:toast@toast-new:Origin updated] Origin updated: OT: 2026-04-18 20:06:50,  Lat/Lon: 1.11265°/97.0202°, Depth: 17.0088
2026/04/19 03:12:04.952777 [Incident:Info:toast@toast-new:Magnitude updated] Magnitude updated: 5.57 (Mw)
2026/04/19 03:12:04.952827 [Simulation:Info:toast@toast-new:Simulation not generated] Magnitude 5.57 of event bmg2026hpaq is smaller than triggerMinMagnitude: no automatic simulation
2026/04/19 03:12:04.957704 [Incident:Info:toast@toast-new:Origin updated] Origin updated: OT: 2026-04-18 20:06:50,  Lat/Lon: 1.11265°/97.0202°, Depth: 17.0088
2026/04/19 03:12:04.957843 [Incident:Info:toast@toast-new:Magnitude updated] Magnitude updated: 5.57 (Mw)
2026/04/19 03:12:04.957872 [Simulation:Info:toast@toast-new:Simulation not generated] Magnitude 5.57 of event bmg2026hpaq is smaller than triggerMinMagnitude: no automatic simulation
2026/04/19 03:12:19.941338 [Incident:Info:toast@toast-new:Origin updated] Origin updated: OT: 2026-04-18 20:06:50,  Lat/Lon: 1.11265°/97.0202°, Depth: 17.0088
2026/04/19 03:12:19.941574 [Incident:Info:toast@toast-new:Origin updated] Origin updated: OT: 2026-04-18 20:06:50,  Lat/Lon: 1.11265°/97.0202°, Depth: 17.0088
2026/04/19 03:12:19.941655 [Simulation:Info:toast@toast-new:Simulation not generated] Magnitude 5.57 of event bmg2026hpaq is smaller than triggerMinMagnitude: no automatic simulation
2026/04/19 03:12:19.941753 [Simulation:Info:toast@toast-new:Simulation not generated] Magnitude 5.57 of event bmg2026hpaq is smaller than triggerMinMagnitude: no automatic simulation
2026/04/19 03:12:32.760454 [Incident:Info:toast@toast-new:Origin updated] Origin updated: OT: 2026-04-18 20:06:50,  Lat/Lon: 1.11265°/97.0202°, Depth: 17.0088
2026/04/19 03:12:32.760649 [Simulation:Info:toast@toast-new:Simulation not generated] Magnitude 5.57 of event bmg2026hpaq is smaller than triggerMinMagnitude: no automatic simulation
2026/04/19 03:12:32.761635 [Incident:Info:toast@toast-new:Origin updated] Origin updated: OT: 2026-04-18 20:06:50,  Lat/Lon: 1.11265°/97.0202°, Depth: 17.0088
2026/04/19 03:12:32.761919 [Simulation:Info:toast@toast-new:Simulation not generated] Magnitude 5.57 of event bmg2026hpaq is smaller than triggerMinMagnitude: no automatic simulation
2026/04/19 03:12:38.363909 [Incident:Info:toast@toast-new:Origin updated] Origin updated: OT: 2026-04-18 20:06:50,  Lat/Lon: 1.11265°/97.0202°, Depth: 17.0088
2026/04/19 03:12:38.364039 [Incident:Info:toast@toast-new:Origin updated] Origin updated: OT: 2026-04-18 20:06:50,  Lat/Lon: 1.11265°/97.0202°, Depth: 17.0088
2026/04/19 03:12:38.364101 [Simulation:Info:toast@toast-new:Simulation not generated] Magnitude 5.57 of event bmg2026hpaq is smaller than triggerMinMagnitude: no automatic simulation
2026/04/19 03:12:38.364325 [Simulation:Info:toast@toast-new:Simulation not generated] Magnitude 5.57 of event bmg2026hpaq is smaller than triggerMinMagnitude: no automatic simulation
2026/04/19 03:18:26.093757 [Incident:Info:toast@toast-new:Origin updated] Origin updated: OT: 2026-04-18 20:06:50,  Lat/Lon: 1.10762°/97.0125°, Depth: 16.6543
2026/04/19 03:18:26.093805 [Incident:Info:toast@toast-new:Origin updated] Origin updated: OT: 2026-04-18 20:06:50,  Lat/Lon: 1.10762°/97.0125°, Depth: 16.6543
2026/04/19 03:18:26.093956 [Simulation:Info:toast@toast-new:Simulation not generated] Magnitude 5.57 of event bmg2026hpaq is smaller than triggerMinMagnitude: no automatic simulation
2026/04/19 03:18:26.094136 [Simulation:Info:toast@toast-new:Simulation not generated] Magnitude 5.57 of event bmg2026hpaq is smaller than triggerMinMagnitude: no automatic simulation
2026/04/19 03:18:34.212673 [Incident:Info:toast@toast-new:Origin updated] Origin updated: OT: 2026-04-18 20:06:50,  Lat/Lon: 1.10762°/97.0125°, Depth: 16.6543
2026/04/19 03:18:34.212877 [Simulation:Info:toast@toast-new:Simulation not generated] Magnitude 5.57 of event bmg2026hpaq is smaller than triggerMinMagnitude: no automatic simulation
2026/04/19 03:18:34.215578 [Incident:Info:toast@toast-new:Origin updated] Origin updated: OT: 2026-04-18 20:06:50,  Lat/Lon: 1.10762°/97.0125°, Depth: 16.6543
2026/04/19 03:18:34.215897 [Simulation:Info:toast@toast-new:Simulation not generated] Magnitude 5.57 of event bmg2026hpaq is smaller than triggerMinMagnitude: no automatic simulation
2026/04/19 03:19:43.503869 [Incident:Info:toast@toast-new:Origin updated] Origin updated: OT: 2026-04-18 20:06:50,  Lat/Lon: 1.10762°/97.0125°, Depth: 16.6543
2026/04/19 03:19:43.504173 [Simulation:Info:toast@toast-new:Simulation not generated] Magnitude 5.57 of event bmg2026hpaq is smaller than triggerMinMagnitude: no automatic simulation
2026/04/19 03:19:43.504691 [Incident:Info:toast@toast-new:Origin updated] Origin updated: OT: 2026-04-18 20:06:50,  Lat/Lon: 1.10762°/97.0125°, Depth: 16.6543
2026/04/19 03:19:43.504862 [Simulation:Info:toast@toast-new:Simulation not generated] Magnitude 5.57 of event bmg2026hpaq is smaller than triggerMinMagnitude: no automatic simulation
2026/04/19 03:28:37.308747 [Simulation:Info:toast@toast-new:Simulation(s) triggered] Automatic simulation(s) triggered manually
2026/04/19 03:28:37.309583 [Simulation:Info:toast@toast-new:Simulation(s) started] Starting simulation(s) with nodal plane 1, Lat/Lon: 1.15°/ 97.05° (MT), Depth: 10.00km (MT), Mag: 5.87 (MT)
2026/04/19 03:28:37.311665 [Simulation:Info:toast@toast-new:Simulation running] TsunAWI: Looking for matching scenarios
2026/04/19 03:28:37.312401 [Simulation:Info:toast@toast-new:Simulation(s) started] Starting simulation(s) with nodal plane 2, Lat/Lon: 1.15°/ 97.05° (MT), Depth: 10.00km (MT), Mag: 5.87 (MT)
2026/04/19 03:28:37.314609 [Simulation:Info:toast@toast-new:Simulation running] TsunAWI: Looking for matching scenarios
2026/04/19 03:28:37.314764 [Simulation:Info:toast@toast-new:Simulation(s) skipped] Simulation(s) not created with fault plane because a nodal plane is similar.
2026/04/19 03:28:37.316190 [Simulation:Info:toast@toast-new:Simulation finished] TsunAWI: No matching scenarios
2026/04/19 03:28:37.318353 [Simulation:Info:toast@toast-new:Simulation finished] TsunAWI: No matching scenarios
2026/04/19 03:28:37.371302 [Simulation:Info:toast@toast-new:No simulation returned] TsunAWI simulation backend returned no simulation.
2026/04/19 03:28:37.371591 [Simulation:Info:toast@toast-new:No simulation returned] TsunAWI simulation backend returned no simulation.
2026/04/19 03:28:37.396675 [Simulation:Info:toast@toast-new:Simulation tracked] Tracking progress of EasyWave2 simulation 58000002N096098E0bd3654557e9a9391850ec2f3fb843d19794b0a3
2026/04/19 03:28:37.402160 [Simulation:Info:toast@toast-new:Simulation tracked] Tracking progress of EasyWave2 simulation 58000002N096098E328c7bfbd63b0c8bb5f63af8f1635456587fad2d
2026/04/19 03:28:37.406616 [Simulation:Info:toast@toast-new:Simulation tracked] Tracking progress of EasyWave2 simulation 58000002N096098E397309edd430f19d1305393abefd0a37ffa50092
2026/04/19 03:28:37.410756 [Simulation:Info:toast@toast-new:Simulation tracked] Tracking progress of EasyWave2 simulation 58000002N096098Efa1bd447b7a153dbde07d01ce851e7795846b5d5
2026/04/19 03:28:51.202896 [Simulation:Info:toast@toast-new:Simulation finished] Finished EasyWave2 simulation 58000002N096098E0bd3654557e9a9391850ec2f3fb843d19794b0a3 in 13 seconds
2026/04/19 03:29:24.201755 [Simulation:Info:toast@toast-new:Simulation finished] Finished EasyWave2 simulation 58000002N096098E328c7bfbd63b0c8bb5f63af8f1635456587fad2d in 46 seconds
2026/04/19 03:29:36.201662 [Simulation:Info:toast@toast-new:Simulation finished] Finished EasyWave2 simulation 58000002N096098E397309edd430f19d1305393abefd0a37ffa50092 in 58 seconds
2026/04/19 03:30:09.203286 [Simulation:Info:toast@toast-new:Simulation finished] Finished EasyWave2 simulation 58000002N096098Efa1bd447b7a153dbde07d01ce851e7795846b5d5 in 91 seconds
2026/04/19 03:52:26.644237 [Simulation:Info:toast@toast-new:Simulation(s) triggered] Automatic simulation(s) triggered manually
2026/04/19 03:52:26.644458 [Simulation:Info:toast@toast-new:Simulation(s) started] Starting simulation(s) with nodal plane 1, Lat/Lon: 1.11°/ 97.01° (MT), Depth: 16.65km (MT), Mag: 5.57 (MT)
2026/04/19 03:52:26.646025 [Simulation:Info:toast@toast-new:Simulation(s) started] Starting simulation(s) with nodal plane 2, Lat/Lon: 1.11°/ 97.01° (MT), Depth: 16.65km (MT), Mag: 5.57 (MT)
2026/04/19 03:52:26.646084 [Simulation:Info:toast@toast-new:Simulation running] TsunAWI: Looking for matching scenarios
2026/04/19 03:52:26.647892 [Simulation:Info:toast@toast-new:Simulation(s) skipped] Simulation(s) not created with fault plane because a nodal plane is similar.
2026/04/19 03:52:26.647954 [Simulation:Info:toast@toast-new:Simulation running] TsunAWI: Looking for matching scenarios
2026/04/19 03:52:26.650378 [Simulation:Info:toast@toast-new:Simulation finished] TsunAWI: No matching scenarios
2026/04/19 03:52:26.651756 [Simulation:Info:toast@toast-new:Simulation finished] TsunAWI: No matching scenarios
2026/04/19 03:52:26.655204 [Simulation:Info:toast@toast-new:No simulation returned] TsunAWI simulation backend returned no simulation.
2026/04/19 03:52:26.655446 [Simulation:Info:toast@toast-new:No simulation returned] TsunAWI simulation backend returned no simulation.
2026/04/19 03:52:26.739249 [Simulation:Info:toast@toast-new:Simulation tracked] Tracking progress of EasyWave2 simulation 55000002N096098E39ca87a6c8f69961495754c51e425d900ae7d05a
2026/04/19 03:52:26.744759 [Simulation:Info:toast@toast-new:Simulation tracked] Tracking progress of EasyWave2 simulation 55000002N096098Ea78654cfc974f0b60c2753a14248dee3be050703
2026/04/19 03:52:26.749678 [Simulation:Info:toast@toast-new:Simulation tracked] Tracking progress of EasyWave2 simulation 55000002N096098E0c336ea504b3c59820331d27b2cd5e61efa3aa32
2026/04/19 03:52:26.753855 [Simulation:Info:toast@toast-new:Simulation tracked] Tracking progress of EasyWave2 simulation 55000002N096098E67a765389ed7296de040c0105956828f30648b72
2026/04/19 03:52:36.704544 [Simulation:Info:toast@toast-new:Simulation finished] Finished EasyWave2 simulation 55000002N096098E39ca87a6c8f69961495754c51e425d900ae7d05a in 9 seconds
2026/04/19 03:52:51.723491 [Simulation:Info:toast@toast-new:Simulation finished] Finished EasyWave2 simulation 55000002N096098Ea78654cfc974f0b60c2753a14248dee3be050703 in 24 seconds
2026/04/19 03:52:59.698832 [Simulation:Info:toast@toast-new:Simulation finished] Finished EasyWave2 simulation 55000002N096098E0c336ea504b3c59820331d27b2cd5e61efa3aa32 in 32 seconds
2026/04/19 03:53:15.859376 [Simulation:Info:toast@toast-new:Simulation finished] Finished EasyWave2 simulation 55000002N096098E67a765389ed7296de040c0105956828f30648b72 in 49 seconds
2026/04/19 08:47:02.464816 [Incident:Info:toast@toast-new:Origin updated] Origin updated: OT: 2026-04-18 20:06:49,  Lat/Lon: 1.0985°/97.0106°, Depth: 15.6937
2026/04/19 08:47:02.465283 [Simulation:Info:toast@toast-new:Simulation not generated] Magnitude 5.57 of event bmg2026hpaq is smaller than triggerMinMagnitude: no automatic simulation
2026/04/19 08:47:49.272489 [Incident:Info:toast@toast-new:Origin updated] Origin updated: OT: 2026-04-18 20:06:49,  Lat/Lon: 1.0985°/97.0106°, Depth: 15.6937
2026/04/19 08:47:49.272836 [Incident:Info:toast@toast-new:Magnitude updated] Magnitude updated: 5.83 (mb)
2026/04/19 08:47:49.272972 [Simulation:Info:toast@toast-new:Simulation not generated] Magnitude 5.83 of event bmg2026hpaq is smaller than triggerMinMagnitude: no automatic simulation
2026/04/19 08:48:03.073448 [Incident:Info:toast@toast-new:Origin updated] Origin updated: OT: 2026-04-18 20:06:49,  Lat/Lon: 1.0985°/97.0106°, Depth: 15.6937
2026/04/19 08:48:03.073817 [Incident:Info:toast@toast-new:Magnitude updated] Magnitude updated: 5.57 (Mw)
2026/04/19 08:48:03.073948 [Simulation:Info:toast@toast-new:Simulation not generated] Magnitude 5.57 of event bmg2026hpaq is smaller than triggerMinMagnitude: no automatic simulation
2026/04/19 11:37:42.917339 [Incident:Info:toast@toast-new:Origin updated] Origin updated: OT: 2026-04-18 20:06:49,  Lat/Lon: 1.0985°/97.0106°, Depth: 15.6937
2026/04/19 11:37:42.920333 [Simulation:Info:toast@toast-new:Simulation not generated] Magnitude 5.57 of event bmg2026hpaq is smaller than triggerMinMagnitude: no automatic simulation
2026/04/19 11:53:15.452971 [Simulation:Info:toast@toast-new:Simulation removed] Removed simulation 60000002N096098Ed777cae8f148c54473b6b3a86d128ba06cb0690f
2026/04/19 11:53:15.523531 [Simulation:Info:toast@toast-new:Simulation removed] Removed simulation 60000002N096098Ed7485d5388482f6dafd618b585203baa9562c0fa
2026/04/19 11:53:15.581356 [Simulation:Info:toast@toast-new:Simulation removed] Removed simulation 55000002N096098Ea78654cfc974f0b60c2753a14248dee3be050703
2026/04/19 11:53:15.638687 [Simulation:Info:toast@toast-new:Simulation removed] Removed simulation 55000002N096098E67a765389ed7296de040c0105956828f30648b72
2026/04/19 11:53:15.676487 [Simulation:Info:toast@toast-new:Simulation removed] Removed simulation 55000002N096098E39ca87a6c8f69961495754c51e425d900ae7d05a
2026/04/19 11:53:15.711044 [Simulation:Info:toast@toast-new:Simulation removed] Removed simulation 55000002N096098E0c336ea504b3c59820331d27b2cd5e61efa3aa32
2026/04/19 11:53:31.100381 [Incident:Info:toast@toast-new:Origin updated] Origin updated: OT: 2026-04-18 20:06:49,  Lat/Lon: 1.0985°/97.0106°, Depth: 15.6936
2026/04/19 11:53:31.100710 [Simulation:Info:toast@toast-new:Simulation not generated] Magnitude 5.57 of event bmg2026hpaq is smaller than triggerMinMagnitude: no automatic simulation
2026/04/19 11:53:38.982228 [Simulation:Info:toast@toast-new:Simulation(s) triggered] Automatic simulation(s) triggered manually
2026/04/19 11:53:38.982974 [Simulation:Info:toast@toast-new:Simulation(s) started] Starting simulation(s) with nodal plane 1, Lat/Lon: 1.10°/ 97.01° (MT), Depth: 15.69km (MT), Mag: 5.57 (MT)
2026/04/19 11:53:39.020902 [Simulation:Info:toast@toast-new:Simulation running] TsunAWI: Looking for matching scenarios
2026/04/19 11:53:39.021254 [Simulation:Info:toast@toast-new:Simulation(s) started] Starting simulation(s) with nodal plane 2, Lat/Lon: 1.10°/ 97.01° (MT), Depth: 15.69km (MT), Mag: 5.57 (MT)
2026/04/19 11:53:39.022864 [Simulation:Info:toast@toast-new:Simulation(s) skipped] Simulation(s) not created with fault plane because a nodal plane is similar.
2026/04/19 11:53:39.022936 [Simulation:Info:toast@toast-new:Simulation running] TsunAWI: Looking for matching scenarios
2026/04/19 11:53:39.025215 [Simulation:Info:toast@toast-new:Simulation finished] TsunAWI: No matching scenarios
2026/04/19 11:53:39.026646 [Simulation:Info:toast@toast-new:Simulation finished] TsunAWI: No matching scenarios
2026/04/19 11:53:39.030839 [Simulation:Info:toast@toast-new:No simulation returned] TsunAWI simulation backend returned no simulation.
2026/04/19 11:53:39.031202 [Simulation:Info:toast@toast-new:No simulation returned] TsunAWI simulation backend returned no simulation.
2026/04/19 11:53:39.098759 [Simulation:Info:toast@toast-new:Simulation tracked] Tracking progress of EasyWave2 simulation 55000002N096098Ea7e06557b3d83340afcc675f5d08209d87bad44c
2026/04/19 11:53:39.103189 [Simulation:Info:toast@toast-new:Simulation tracked] Tracking progress of EasyWave2 simulation 55000002N096098E94b527299853a16c21764f459deb69cec3af972d
2026/04/19 11:53:39.107029 [Simulation:Info:toast@toast-new:Simulation tracked] Tracking progress of EasyWave2 simulation 55000002N096098E0072e29269fd90eceb533fe9099db2075ca458a1
2026/04/19 11:53:39.109889 [Simulation:Info:toast@toast-new:Simulation tracked] Tracking progress of EasyWave2 simulation 55000002N096098E56e0bf253ef05c3b85d8f8038fccccdf81f52bd3
2026/04/19 11:53:48.229279 [Simulation:Info:toast@toast-new:Simulation finished] Finished EasyWave2 simulation 55000002N096098Ea7e06557b3d83340afcc675f5d08209d87bad44c in 9 seconds
2026/04/19 11:54:05.220204 [Simulation:Info:toast@toast-new:Simulation finished] Finished EasyWave2 simulation 55000002N096098E94b527299853a16c21764f459deb69cec3af972d in 26 seconds
2026/04/19 11:54:13.198703 [Simulation:Info:toast@toast-new:Simulation finished] Finished EasyWave2 simulation 55000002N096098E0072e29269fd90eceb533fe9099db2075ca458a1 in 34 seconds
2026/04/19 11:54:29.197638 [Simulation:Info:toast@toast-new:Simulation finished] Finished EasyWave2 simulation 55000002N096098E56e0bf253ef05c3b85d8f8038fccccdf81f52bd3 in 50 seconds
