2025/05/05 17:00:34.463895 [Incident:Info:toast@toast-new:Displacement(s) updated] Added 0 and changed 0 displacements with 0 amplitudes
2025/05/05 17:00:34.472133 [Incident:Info:toast@toast-new:Incident created] Incident created based on event received from messaging: OT: 2025-05-05 09:46:46,  Lat/Lon: -29.64°/-71.94°, Depth: 10.00, Mag: 5.69 (M)
2025/05/05 17:00:34.472507 [Simulation:Info:toast@toast-new:Simulation not generated] Magnitude 5.69 of event bmg2025itht is smaller than triggerMinMagnitude: no automatic simulation
2025/05/05 17:00:34.495754 [Incident:Info:toast@toast-new:Origin updated] Origin updated: OT: 2025-05-05 09:46:46,  Lat/Lon: -29.6386°/-71.942°, Depth: 10
2025/05/05 17:00:34.495825 [Simulation:Info:toast@toast-new:Simulation not generated] Magnitude 5.69 of event bmg2025itht is smaller than triggerMinMagnitude: no automatic simulation
2025/05/05 17:00:42.959865 [Incident:Info:toast@toast-new:Origin updated] Origin updated: OT: 2025-05-05 09:46:46,  Lat/Lon: -29.6435°/-71.9318°, Depth: 10
2025/05/05 17:00:42.959983 [Incident:Info:toast@toast-new:Magnitude updated] Magnitude updated: 5.69 (M)
2025/05/05 17:00:42.960034 [Simulation:Info:toast@toast-new:Simulation not generated] Magnitude 5.69 of event bmg2025itht is smaller than triggerMinMagnitude: no automatic simulation
2025/05/05 17:02:03.844973 [Incident:Info:toast@toast-new:Origin updated] Origin updated: OT: 2025-05-05 09:46:46,  Lat/Lon: -29.6268°/-72.0601°, Depth: 10
2025/05/05 17:02:03.845089 [Incident:Info:toast@toast-new:Magnitude updated] Magnitude updated: 5.74 (M)
2025/05/05 17:02:03.845136 [Simulation:Info:toast@toast-new:Simulation not generated] Magnitude 5.74 of event bmg2025itht is smaller than triggerMinMagnitude: no automatic simulation
2025/05/05 17:06:48.260785 [Incident:Info:toast@toast-new:Origin updated] Origin updated: OT: 2025-05-05 09:46:46,  Lat/Lon: -29.6268°/-72.0601°, Depth: 10
2025/05/05 17:06:48.260852 [Simulation:Info:toast@toast-new:Simulation not generated] Magnitude 5.74 of event bmg2025itht is smaller than triggerMinMagnitude: no automatic simulation
2025/05/05 17:13:28.889615 [Incident:Info:toast@toast-new:Origin updated] Origin updated: OT: 2025-05-05 09:46:46,  Lat/Lon: -29.6268°/-72.0601°, Depth: 10
2025/05/05 17:13:28.889705 [Simulation:Info:toast@toast-new:Simulation not generated] Magnitude 5.74 of event bmg2025itht is smaller than triggerMinMagnitude: no automatic simulation
2025/05/05 17:18:27.239861 [Incident:Info:toast@toast-new:Origin updated] Origin updated: OT: 2025-05-05 09:46:46,  Lat/Lon: -29.6268°/-72.0601°, Depth: 10
2025/05/05 17:18:27.239987 [Simulation:Info:toast@toast-new:Simulation not generated] Magnitude 5.74 of event bmg2025itht is smaller than triggerMinMagnitude: no automatic simulation
2025/05/05 22:54:23.259565 [Incident:Info:toast@toast-new:Origin updated] Origin updated: OT: 2025-05-05 09:46:44,  Lat/Lon: -29.5404°/-71.9508°, Depth: 6
2025/05/05 22:54:23.259794 [Incident:Info:toast@toast-new:Magnitude updated] Magnitude updated: 5.36 (mb)
2025/05/05 22:54:23.259915 [Simulation:Info:toast@toast-new:Simulation not generated] Magnitude 5.36 of event bmg2025itht is smaller than triggerMinMagnitude: no automatic simulation
2025/05/05 22:54:23.285621 [Incident:Info:toast@toast-new:Origin updated] Origin updated: OT: 2025-05-05 09:46:44,  Lat/Lon: -29.5404°/-71.9508°, Depth: 6
2025/05/05 22:54:23.285755 [Incident:Info:toast@toast-new:Magnitude updated] Magnitude updated: 5.69 (M)
2025/05/05 22:54:23.285860 [Simulation:Info:toast@toast-new:Simulation not generated] Magnitude 5.69 of event bmg2025itht is smaller than triggerMinMagnitude: no automatic simulation
2025/05/05 22:54:23.304810 [Incident:Info:toast@toast-new:Origin updated] Origin updated: OT: 2025-05-05 09:46:44,  Lat/Lon: -29.5404°/-71.9508°, Depth: 6
2025/05/05 22:54:23.304902 [Simulation:Info:toast@toast-new:Simulation not generated] Magnitude 5.69 of event bmg2025itht is smaller than triggerMinMagnitude: no automatic simulation
2025/05/05 22:54:30.694917 [Incident:Info:toast@toast-new:Origin updated] Origin updated: OT: 2025-05-05 09:46:44,  Lat/Lon: -29.5404°/-71.9508°, Depth: 6
2025/05/05 22:54:30.695061 [Incident:Info:toast@toast-new:Magnitude updated] Magnitude updated: 5.36 (mb)
2025/05/05 22:54:30.695162 [Simulation:Info:toast@toast-new:Simulation not generated] Magnitude 5.36 of event bmg2025itht is smaller than triggerMinMagnitude: no automatic simulation
