2025/06/03 10:55:54.093219 [Incident:Info:toast@toast-new:Displacement(s) updated] Added 0 and changed 0 displacements with 0 amplitudes
2025/06/03 10:55:54.094997 [Incident:Info:toast@toast-new:Incident created] Incident created based on event received from messaging: OT: 2025-06-03 03:49:58,  Lat/Lon: -7.29°/148.11°, Depth: 10.00, Mag: 5.13 (M)
2025/06/03 10:55:54.095360 [Simulation:Info:toast@toast-new:Simulation not generated] Magnitude 5.13 of event bmg2025ktvo is smaller than triggerMinMagnitude: no automatic simulation
2025/06/03 10:55:54.116076 [Incident:Info:toast@toast-new:Origin updated] Origin updated: OT: 2025-06-03 03:49:58,  Lat/Lon: -7.28975°/148.107°, Depth: 10
2025/06/03 10:55:54.116216 [Simulation:Info:toast@toast-new:Simulation not generated] Magnitude 5.13 of event bmg2025ktvo is smaller than triggerMinMagnitude: no automatic simulation
2025/06/03 10:56:03.773952 [Incident:Info:toast@toast-new:Origin updated] Origin updated: OT: 2025-06-03 03:49:57,  Lat/Lon: -7.17131°/148.149°, Depth: 10
2025/06/03 10:56:03.774163 [Incident:Info:toast@toast-new:Magnitude updated] Magnitude updated: 5.11 (M)
2025/06/03 10:56:03.774205 [Simulation:Info:toast@toast-new:Simulation not generated] Magnitude 5.11 of event bmg2025ktvo is smaller than triggerMinMagnitude: no automatic simulation
2025/06/03 10:56:13.828795 [Incident:Info:toast@toast-new:Origin updated] Origin updated: OT: 2025-06-03 03:49:52,  Lat/Lon: -6.98828°/148.655°, Depth: 10
2025/06/03 10:56:13.829000 [Incident:Info:toast@toast-new:Magnitude updated] Magnitude updated: 5.14 (M)
2025/06/03 10:56:13.829034 [Simulation:Info:toast@toast-new:Simulation not generated] Magnitude 5.14 of event bmg2025ktvo is smaller than triggerMinMagnitude: no automatic simulation
2025/06/03 10:56:24.069084 [Incident:Info:toast@toast-new:Origin updated] Origin updated: OT: 2025-06-03 03:49:52,  Lat/Lon: -6.98757°/148.666°, Depth: 10
2025/06/03 10:56:24.069289 [Incident:Info:toast@toast-new:Magnitude updated] Magnitude updated: 5.18 (M)
2025/06/03 10:56:24.069353 [Simulation:Info:toast@toast-new:Simulation not generated] Magnitude 5.18 of event bmg2025ktvo is smaller than triggerMinMagnitude: no automatic simulation
2025/06/03 10:56:30.463254 [Incident:Info:toast@toast-new:Origin updated] Origin updated: OT: 2025-06-03 03:49:52,  Lat/Lon: -6.98757°/148.666°, Depth: 10
2025/06/03 10:56:30.463467 [Incident:Info:toast@toast-new:Magnitude updated] Magnitude updated: 5.16 (M)
2025/06/03 10:56:30.463522 [Simulation:Info:toast@toast-new:Simulation not generated] Magnitude 5.16 of event bmg2025ktvo is smaller than triggerMinMagnitude: no automatic simulation
2025/06/03 10:56:39.081528 [Incident:Info:toast@toast-new:Origin updated] Origin updated: OT: 2025-06-03 03:49:53,  Lat/Lon: -7.01023°/148.572°, Depth: 10
2025/06/03 10:56:39.081731 [Incident:Info:toast@toast-new:Magnitude updated] Magnitude updated: 5.23 (M)
2025/06/03 10:56:39.081772 [Simulation:Info:toast@toast-new:Simulation not generated] Magnitude 5.23 of event bmg2025ktvo is smaller than triggerMinMagnitude: no automatic simulation
2025/06/03 10:56:45.464429 [Incident:Info:toast@toast-new:Origin updated] Origin updated: OT: 2025-06-03 03:49:53,  Lat/Lon: -7.01023°/148.572°, Depth: 10
2025/06/03 10:56:45.464601 [Incident:Info:toast@toast-new:Magnitude updated] Magnitude updated: 5.19 (M)
2025/06/03 10:56:45.464641 [Simulation:Info:toast@toast-new:Simulation not generated] Magnitude 5.19 of event bmg2025ktvo is smaller than triggerMinMagnitude: no automatic simulation
2025/06/03 10:56:53.391760 [Incident:Info:toast@toast-new:Origin updated] Origin updated: OT: 2025-06-03 03:49:52,  Lat/Lon: -6.98204°/148.603°, Depth: 10
2025/06/03 10:56:53.391980 [Incident:Info:toast@toast-new:Magnitude updated] Magnitude updated: 5.20 (M)
2025/06/03 10:56:53.392024 [Simulation:Info:toast@toast-new:Simulation not generated] Magnitude 5.20 of event bmg2025ktvo is smaller than triggerMinMagnitude: no automatic simulation
2025/06/03 10:57:04.614535 [Incident:Info:toast@toast-new:Origin updated] Origin updated: OT: 2025-06-03 03:50:04,  Lat/Lon: -7.37916°/147.957°, Depth: 67.8419
2025/06/03 10:57:04.614772 [Incident:Info:toast@toast-new:Magnitude updated] Magnitude updated: 5.14 (M)
2025/06/03 10:57:04.614819 [Simulation:Info:toast@toast-new:Simulation not generated] Magnitude 5.14 of event bmg2025ktvo is smaller than triggerMinMagnitude: no automatic simulation
2025/06/03 17:32:59.034051 [Incident:Info:toast@toast-new:Origin updated] Origin updated: OT: 2025-06-03 03:50:04,  Lat/Lon: -7.37916°/147.957°, Depth: 67.8419
2025/06/03 17:32:59.036051 [Incident:Info:toast@toast-new:FM updated] FM updated
2025/06/03 17:32:59.036237 [Simulation:Info:toast@toast-new:Simulation not generated] Magnitude 5.14 of event bmg2025ktvo is smaller than triggerMinMagnitude: no automatic simulation
2025/06/03 21:06:27.842284 [Incident:Info:toast@toast-new:Origin updated] Origin updated: OT: 2025-06-03 03:50:00,  Lat/Lon: -7.24533°/148.14°, Depth: 42.2384
2025/06/03 21:06:27.842504 [Incident:Info:toast@toast-new:Magnitude updated] Magnitude updated: 5.18 (M)
2025/06/03 21:06:27.842560 [Simulation:Info:toast@toast-new:Simulation not generated] Magnitude 5.18 of event bmg2025ktvo is smaller than triggerMinMagnitude: no automatic simulation
2025/06/03 21:06:36.840481 [Incident:Info:toast@toast-new:Origin updated] Origin updated: OT: 2025-06-03 03:50:00,  Lat/Lon: -7.24533°/148.14°, Depth: 42.2384
2025/06/03 21:06:36.840667 [Simulation:Info:toast@toast-new:Simulation not generated] Magnitude 5.18 of event bmg2025ktvo is smaller than triggerMinMagnitude: no automatic simulation
