2025/07/26 05:57:30.325724 [Incident:Info:toast@toast-new:Displacement(s) updated] Added 0 and changed 0 displacements with 0 amplitudes
2025/07/26 05:57:30.326220 [Incident:Info:toast@toast-new:Incident created] Incident created based on event received from messaging: OT: 2025-07-25 22:55:41,  Lat/Lon: 2.05°/126.90°, Depth: 67.58, Mag: 5.05 (M)
2025/07/26 05:57:30.326967 [Simulation:Info:toast@toast-new:Simulation not generated] Magnitude 5.05 of event bmg2025omhn is smaller than triggerMinMagnitude: no automatic simulation
2025/07/26 05:57:30.556938 [Incident:Info:toast@toast-new:Origin updated] Origin updated: OT: 2025-07-25 22:55:41,  Lat/Lon: 2.05107°/126.899°, Depth: 67.5784
2025/07/26 05:57:30.557126 [Simulation:Info:toast@toast-new:Simulation not generated] Magnitude 5.05 of event bmg2025omhn is smaller than triggerMinMagnitude: no automatic simulation
2025/07/26 06:01:10.628406 [Incident:Info:toast@toast-new:Origin updated] Origin updated: OT: 2025-07-25 22:55:41,  Lat/Lon: 2.03528°/126.846°, Depth: 67.0063
2025/07/26 06:01:10.628871 [Incident:Info:toast@toast-new:Magnitude updated] Magnitude updated: 5.08 (MLv)
2025/07/26 06:01:10.629095 [Simulation:Info:toast@toast-new:Simulation not generated] Magnitude 5.08 of event bmg2025omhn is smaller than triggerMinMagnitude: no automatic simulation
2025/07/26 11:32:37.424023 [Incident:Info:toast@toast-new:Origin updated] Origin updated: OT: 2025-07-25 22:55:41,  Lat/Lon: 2.00578°/126.885°, Depth: 90.6115
2025/07/26 11:32:37.424317 [Incident:Info:toast@toast-new:Magnitude updated] Magnitude updated: 5.01 (mb)
2025/07/26 11:32:37.424410 [Incident:Info:toast@toast-new:FM updated] FM updated
2025/07/26 11:32:37.424629 [Simulation:Info:toast@toast-new:Simulation not generated] Magnitude 5.01 of event bmg2025omhn is smaller than triggerMinMagnitude: no automatic simulation
2025/07/26 11:56:49.874791 [Incident:Info:toast@toast-new:Origin updated] Origin updated: OT: 2025-07-25 22:55:41,  Lat/Lon: 2.00578°/126.885°, Depth: 90.6115
2025/07/26 11:56:49.875137 [Incident:Info:toast@toast-new:FM updated] FM updated
2025/07/26 11:56:49.875460 [Simulation:Info:toast@toast-new:Simulation not generated] Magnitude 5.01 of event bmg2025omhn is smaller than triggerMinMagnitude: no automatic simulation
2025/07/26 14:38:47.033822 [Incident:Info:toast@toast-new:Origin updated] Origin updated: OT: 2025-07-25 22:55:41,  Lat/Lon: 2.01347°/126.903°, Depth: 81.1822
2025/07/26 14:38:47.034227 [Incident:Info:toast@toast-new:Magnitude updated] Magnitude updated: 5.01 (mb)
2025/07/26 14:38:47.034382 [Simulation:Info:toast@toast-new:Simulation not generated] Magnitude 5.01 of event bmg2025omhn is smaller than triggerMinMagnitude: no automatic simulation
2025/07/26 14:38:50.509406 [Incident:Info:toast@toast-new:Origin updated] Origin updated: OT: 2025-07-25 22:55:41,  Lat/Lon: 2.01347°/126.903°, Depth: 81.1822
2025/07/26 14:38:50.509963 [Simulation:Info:toast@toast-new:Simulation not generated] Magnitude 5.01 of event bmg2025omhn is smaller than triggerMinMagnitude: no automatic simulation
