2025/01/07 00:10:36.800157 [Incident:Info:toast@toast-new:Displacement(s) updated] Added 0 and changed 0 displacements with 0 amplitudes
2025/01/07 00:10:36.827789 [Incident:Info:toast@toast-new:Incident created] Incident created based on event received from messaging: OT: 2025-01-06 16:59:52,  Lat/Lon: 28.04°/52.35°, Depth: 10.00, Mag: 5.06 (M)
2025/01/07 00:10:36.828165 [Simulation:Info:toast@toast-new:Simulation not generated] Magnitude 5.06 of event bmg2025akle is smaller than triggerMinMagnitude: no automatic simulation
2025/01/07 00:10:36.850845 [Incident:Info:toast@toast-new:Origin updated] Origin updated: OT: 2025-01-06 16:59:52,  Lat/Lon: 28.0386°/52.3454°, Depth: 10
2025/01/07 00:10:36.850929 [Simulation:Info:toast@toast-new:Simulation not generated] Magnitude 5.06 of event bmg2025akle is smaller than triggerMinMagnitude: no automatic simulation
2025/01/07 00:10:52.866064 [Incident:Info:toast@toast-new:Origin updated] Origin updated: OT: 2025-01-06 16:59:52,  Lat/Lon: 28.0386°/52.3454°, Depth: 10
2025/01/07 00:10:52.866189 [Incident:Info:toast@toast-new:Magnitude updated] Magnitude updated: 5.07 (M)
2025/01/07 00:10:52.866213 [Simulation:Info:toast@toast-new:Simulation not generated] Magnitude 5.07 of event bmg2025akle is smaller than triggerMinMagnitude: no automatic simulation
2025/01/07 00:11:06.637783 [Incident:Info:toast@toast-new:Origin updated] Origin updated: OT: 2025-01-06 16:59:52,  Lat/Lon: 28.0408°/52.3371°, Depth: 10
2025/01/07 00:11:06.637913 [Incident:Info:toast@toast-new:Magnitude updated] Magnitude updated: 5.07 (M)
2025/01/07 00:11:06.637936 [Simulation:Info:toast@toast-new:Simulation not generated] Magnitude 5.07 of event bmg2025akle is smaller than triggerMinMagnitude: no automatic simulation
2025/01/07 00:11:17.035929 [Incident:Info:toast@toast-new:Origin updated] Origin updated: OT: 2025-01-06 16:59:52,  Lat/Lon: 28.0408°/52.3371°, Depth: 10
2025/01/07 00:11:17.036062 [Incident:Info:toast@toast-new:Magnitude updated] Magnitude updated: 5.09 (M)
2025/01/07 00:11:17.036086 [Simulation:Info:toast@toast-new:Simulation not generated] Magnitude 5.09 of event bmg2025akle is smaller than triggerMinMagnitude: no automatic simulation
2025/01/07 00:11:21.671099 [Incident:Info:toast@toast-new:Origin updated] Origin updated: OT: 2025-01-06 16:59:52,  Lat/Lon: 28.0408°/52.3371°, Depth: 10
2025/01/07 00:11:21.671226 [Incident:Info:toast@toast-new:Magnitude updated] Magnitude updated: 5.12 (M)
2025/01/07 00:11:21.671251 [Simulation:Info:toast@toast-new:Simulation not generated] Magnitude 5.12 of event bmg2025akle is smaller than triggerMinMagnitude: no automatic simulation
2025/01/07 00:11:21.693693 [Incident:Info:toast@toast-new:Origin updated] Origin updated: OT: 2025-01-06 16:59:52,  Lat/Lon: 28.1193°/52.2994°, Depth: 10
2025/01/07 00:11:21.693779 [Incident:Info:toast@toast-new:Magnitude updated] Magnitude updated: 5.13 (M)
2025/01/07 00:11:21.693800 [Simulation:Info:toast@toast-new:Simulation not generated] Magnitude 5.13 of event bmg2025akle is smaller than triggerMinMagnitude: no automatic simulation
2025/01/07 00:11:27.037932 [Incident:Info:toast@toast-new:Origin updated] Origin updated: OT: 2025-01-06 16:59:52,  Lat/Lon: 28.1193°/52.2994°, Depth: 10
2025/01/07 00:11:27.038062 [Incident:Info:toast@toast-new:Magnitude updated] Magnitude updated: 5.14 (M)
2025/01/07 00:11:27.038083 [Simulation:Info:toast@toast-new:Simulation not generated] Magnitude 5.14 of event bmg2025akle is smaller than triggerMinMagnitude: no automatic simulation
2025/01/07 00:11:53.368016 [Incident:Info:toast@toast-new:Origin updated] Origin updated: OT: 2025-01-06 16:59:52,  Lat/Lon: 28.1226°/52.2998°, Depth: 10
2025/01/07 00:11:53.368146 [Incident:Info:toast@toast-new:Magnitude updated] Magnitude updated: 5.14 (M)
2025/01/07 00:11:53.368167 [Simulation:Info:toast@toast-new:Simulation not generated] Magnitude 5.14 of event bmg2025akle is smaller than triggerMinMagnitude: no automatic simulation
2025/01/07 00:12:11.963393 [Incident:Info:toast@toast-new:Origin updated] Origin updated: OT: 2025-01-06 16:59:52,  Lat/Lon: 28.145°/52.3406°, Depth: 10
2025/01/07 00:12:11.963534 [Incident:Info:toast@toast-new:Magnitude updated] Magnitude updated: 5.14 (M)
2025/01/07 00:12:11.963557 [Simulation:Info:toast@toast-new:Simulation not generated] Magnitude 5.14 of event bmg2025akle is smaller than triggerMinMagnitude: no automatic simulation
2025/01/07 00:12:17.040050 [Incident:Info:toast@toast-new:Origin updated] Origin updated: OT: 2025-01-06 16:59:52,  Lat/Lon: 28.145°/52.3406°, Depth: 10
2025/01/07 00:12:17.040176 [Incident:Info:toast@toast-new:Magnitude updated] Magnitude updated: 5.16 (M)
2025/01/07 00:12:17.040213 [Simulation:Info:toast@toast-new:Simulation not generated] Magnitude 5.16 of event bmg2025akle is smaller than triggerMinMagnitude: no automatic simulation
2025/01/07 00:12:22.030245 [Incident:Info:toast@toast-new:Origin updated] Origin updated: OT: 2025-01-06 16:59:52,  Lat/Lon: 28.145°/52.3406°, Depth: 10
2025/01/07 00:12:22.030434 [Incident:Info:toast@toast-new:Magnitude updated] Magnitude updated: 5.16 (M)
2025/01/07 00:12:22.030484 [Simulation:Info:toast@toast-new:Simulation not generated] Magnitude 5.16 of event bmg2025akle is smaller than triggerMinMagnitude: no automatic simulation
2025/01/07 00:12:27.031623 [Incident:Info:toast@toast-new:Origin updated] Origin updated: OT: 2025-01-06 16:59:52,  Lat/Lon: 28.145°/52.3406°, Depth: 10
2025/01/07 00:12:27.031750 [Incident:Info:toast@toast-new:Magnitude updated] Magnitude updated: 5.19 (M)
2025/01/07 00:12:27.031773 [Simulation:Info:toast@toast-new:Simulation not generated] Magnitude 5.19 of event bmg2025akle is smaller than triggerMinMagnitude: no automatic simulation
2025/01/07 00:12:30.983327 [Incident:Info:toast@toast-new:Origin updated] Origin updated: OT: 2025-01-06 16:59:52,  Lat/Lon: 28.1424°/52.3474°, Depth: 10
2025/01/07 00:12:30.983498 [Incident:Info:toast@toast-new:Magnitude updated] Magnitude updated: 5.19 (M)
2025/01/07 00:12:30.983524 [Simulation:Info:toast@toast-new:Simulation not generated] Magnitude 5.19 of event bmg2025akle is smaller than triggerMinMagnitude: no automatic simulation
2025/01/07 00:12:42.032695 [Incident:Info:toast@toast-new:Origin updated] Origin updated: OT: 2025-01-06 16:59:52,  Lat/Lon: 28.1424°/52.3474°, Depth: 10
2025/01/07 00:12:42.032822 [Incident:Info:toast@toast-new:Magnitude updated] Magnitude updated: 5.20 (M)
2025/01/07 00:12:42.032844 [Simulation:Info:toast@toast-new:Simulation not generated] Magnitude 5.20 of event bmg2025akle is smaller than triggerMinMagnitude: no automatic simulation
2025/01/07 00:12:47.034808 [Incident:Info:toast@toast-new:Origin updated] Origin updated: OT: 2025-01-06 16:59:52,  Lat/Lon: 28.1424°/52.3474°, Depth: 10
2025/01/07 00:12:47.034956 [Incident:Info:toast@toast-new:Magnitude updated] Magnitude updated: 5.22 (M)
2025/01/07 00:12:47.034980 [Simulation:Info:toast@toast-new:Simulation not generated] Magnitude 5.22 of event bmg2025akle is smaller than triggerMinMagnitude: no automatic simulation
2025/01/07 00:12:55.139968 [Incident:Info:toast@toast-new:Origin updated] Origin updated: OT: 2025-01-06 16:59:52,  Lat/Lon: 28.1594°/52.3368°, Depth: 10
2025/01/07 00:12:55.140124 [Incident:Info:toast@toast-new:Magnitude updated] Magnitude updated: 5.22 (M)
2025/01/07 00:12:55.140148 [Simulation:Info:toast@toast-new:Simulation not generated] Magnitude 5.22 of event bmg2025akle is smaller than triggerMinMagnitude: no automatic simulation
2025/01/07 00:14:05.891579 [Incident:Info:toast@toast-new:Origin updated] Origin updated: OT: 2025-01-06 16:59:52,  Lat/Lon: 28.3379°/52.3806°, Depth: 10
2025/01/07 00:14:05.891720 [Incident:Info:toast@toast-new:Magnitude updated] Magnitude updated: 5.36 (M)
2025/01/07 00:14:05.891751 [Simulation:Info:toast@toast-new:Simulation not generated] Magnitude 5.36 of event bmg2025akle is smaller than triggerMinMagnitude: no automatic simulation
2025/01/07 04:16:13.856032 [Incident:Info:toast@toast-new:Origin updated] Origin updated: OT: 2025-01-06 16:59:52,  Lat/Lon: 28.3399°/52.4234°, Depth: 10
2025/01/07 04:16:13.856184 [Incident:Info:toast@toast-new:Magnitude updated] Magnitude updated: 5.36 (mb)
2025/01/07 04:16:13.856221 [Simulation:Info:toast@toast-new:Simulation not generated] Magnitude 5.36 of event bmg2025akle is smaller than triggerMinMagnitude: no automatic simulation
2025/01/07 04:16:13.929141 [Incident:Info:toast@toast-new:Origin updated] Origin updated: OT: 2025-01-06 16:59:52,  Lat/Lon: 28.3399°/52.4234°, Depth: 10
2025/01/07 04:16:13.929243 [Incident:Info:toast@toast-new:Magnitude updated] Magnitude updated: 5.37 (M)
2025/01/07 04:16:13.929264 [Simulation:Info:toast@toast-new:Simulation not generated] Magnitude 5.37 of event bmg2025akle is smaller than triggerMinMagnitude: no automatic simulation
2025/01/07 04:16:19.556117 [Incident:Info:toast@toast-new:Origin updated] Origin updated: OT: 2025-01-06 16:59:52,  Lat/Lon: 28.3399°/52.4234°, Depth: 10
2025/01/07 04:16:19.556242 [Simulation:Info:toast@toast-new:Simulation not generated] Magnitude 5.37 of event bmg2025akle is smaller than triggerMinMagnitude: no automatic simulation
2025/01/07 04:16:19.578294 [Incident:Info:toast@toast-new:Origin updated] Origin updated: OT: 2025-01-06 16:59:52,  Lat/Lon: 28.3399°/52.4234°, Depth: 10
2025/01/07 04:16:19.578374 [Simulation:Info:toast@toast-new:Simulation not generated] Magnitude 5.37 of event bmg2025akle is smaller than triggerMinMagnitude: no automatic simulation
2025/01/07 04:16:34.354926 [Incident:Info:toast@toast-new:Origin updated] Origin updated: OT: 2025-01-06 16:59:52,  Lat/Lon: 28.3399°/52.4234°, Depth: 10
2025/01/07 04:16:34.355068 [Incident:Info:toast@toast-new:Magnitude updated] Magnitude updated: 5.36 (mb)
2025/01/07 04:16:34.355103 [Simulation:Info:toast@toast-new:Simulation not generated] Magnitude 5.36 of event bmg2025akle is smaller than triggerMinMagnitude: no automatic simulation
2025/01/07 10:08:48.095442 [Incident:Info:toast@toast-new:Incident removed] Removed incident - Bye
