2025/06/24 19:59:39.922722 [Incident:Info:toast@toast-new:Displacement(s) updated] Added 0 and changed 0 displacements with 0 amplitudes
2025/06/24 19:59:39.926952 [Incident:Info:toast@toast-new:Incident created] Incident created based on event received from messaging: OT: 2025-06-24 12:51:52,  Lat/Lon: 13.71°/88.45°, Depth: 10.00, Mag: 5.15 (M)
2025/06/24 19:59:39.927598 [Simulation:Info:toast@toast-new:Simulation not generated] Magnitude 5.15 of event bmg2025mgwz is smaller than triggerMinMagnitude: no automatic simulation
2025/06/24 19:59:39.960410 [Incident:Info:toast@toast-new:Origin updated] Origin updated: OT: 2025-06-24 12:51:52,  Lat/Lon: 13.7073°/88.455°, Depth: 10
2025/06/24 19:59:39.960720 [Simulation:Info:toast@toast-new:Simulation not generated] Magnitude 5.15 of event bmg2025mgwz is smaller than triggerMinMagnitude: no automatic simulation
2025/06/24 19:59:48.201301 [Incident:Info:toast@toast-new:Origin updated] Origin updated: OT: 2025-06-24 12:51:53,  Lat/Lon: 13.687°/88.489°, Depth: 10
2025/06/24 19:59:48.201692 [Incident:Info:toast@toast-new:Magnitude updated] Magnitude updated: 5.15 (M)
2025/06/24 19:59:48.201883 [Simulation:Info:toast@toast-new:Simulation not generated] Magnitude 5.15 of event bmg2025mgwz is smaller than triggerMinMagnitude: no automatic simulation
2025/06/24 19:59:54.133247 [Incident:Info:toast@toast-new:Origin updated] Origin updated: OT: 2025-06-24 12:51:53,  Lat/Lon: 13.687°/88.489°, Depth: 10
2025/06/24 19:59:54.133647 [Incident:Info:toast@toast-new:Magnitude updated] Magnitude updated: 5.21 (M)
2025/06/24 19:59:54.133856 [Simulation:Info:toast@toast-new:Simulation not generated] Magnitude 5.21 of event bmg2025mgwz is smaller than triggerMinMagnitude: no automatic simulation
2025/06/24 20:00:09.133534 [Incident:Info:toast@toast-new:Origin updated] Origin updated: OT: 2025-06-24 12:51:53,  Lat/Lon: 13.687°/88.489°, Depth: 10
2025/06/24 20:00:09.133887 [Incident:Info:toast@toast-new:Magnitude updated] Magnitude updated: 5.28 (M)
2025/06/24 20:00:09.134062 [Simulation:Info:toast@toast-new:Simulation not generated] Magnitude 5.28 of event bmg2025mgwz is smaller than triggerMinMagnitude: no automatic simulation
2025/06/24 23:43:00.452827 [Incident:Info:toast@toast-new:Origin updated] Origin updated: OT: 2025-06-24 12:52:14,  Lat/Lon: 13.1372°/89.7689°, Depth: 99.3631
2025/06/24 23:43:00.453286 [Incident:Info:toast@toast-new:Magnitude updated] Magnitude updated: 5.12 (mb)
2025/06/24 23:43:00.453465 [Simulation:Info:toast@toast-new:Simulation not generated] Magnitude 5.12 of event bmg2025mgwz is smaller than triggerMinMagnitude: no automatic simulation
2025/06/24 23:43:00.469037 [Incident:Info:toast@toast-new:Origin updated] Origin updated: OT: 2025-06-24 12:52:14,  Lat/Lon: 13.1372°/89.7689°, Depth: 99.3631
2025/06/24 23:43:00.469437 [Incident:Info:toast@toast-new:Magnitude updated] Magnitude updated: 5.28 (M)
2025/06/24 23:43:00.469595 [Simulation:Info:toast@toast-new:Simulation not generated] Magnitude 5.28 of event bmg2025mgwz is smaller than triggerMinMagnitude: no automatic simulation
2025/06/24 23:43:04.476021 [Incident:Info:toast@toast-new:Origin updated] Origin updated: OT: 2025-06-24 12:52:14,  Lat/Lon: 13.1372°/89.7689°, Depth: 99.3631
2025/06/24 23:43:04.476354 [Incident:Info:toast@toast-new:Magnitude updated] Magnitude updated: 5.12 (mb)
2025/06/24 23:43:04.476537 [Simulation:Info:toast@toast-new:Simulation not generated] Magnitude 5.12 of event bmg2025mgwz is smaller than triggerMinMagnitude: no automatic simulation
