2025/02/10 22:17:01.485157 [Incident:Info:toast@toast-new:Displacement(s) updated] Added 0 and changed 0 displacements with 0 amplitudes
2025/02/10 22:17:01.525179 [Incident:Info:toast@toast-new:Incident created] Incident created based on event received from messaging: OT: 2025-02-10 15:15:06,  Lat/Lon: -9.70°/119.65°, Depth: 36.95, Mag: 5.01 (M)
2025/02/10 22:17:01.525501 [Simulation:Info:toast@toast-new:Simulation not generated] Magnitude 5.01 of event bmg2025cwgi is smaller than triggerMinMagnitude: no automatic simulation
2025/02/10 22:17:01.536519 [Incident:Info:toast@toast-new:Origin updated] Origin updated: OT: 2025-02-10 15:15:06,  Lat/Lon: -9.70065°/119.652°, Depth: 36.9479
2025/02/10 22:17:01.536613 [Simulation:Info:toast@toast-new:Simulation not generated] Magnitude 5.01 of event bmg2025cwgi is smaller than triggerMinMagnitude: no automatic simulation
2025/02/10 22:17:06.429851 [Incident:Info:toast@toast-new:Origin updated] Origin updated: OT: 2025-02-10 15:15:06,  Lat/Lon: -9.70065°/119.652°, Depth: 36.9479
2025/02/10 22:17:06.430035 [Incident:Info:toast@toast-new:Magnitude updated] Magnitude updated: 5.02 (M)
2025/02/10 22:17:06.430080 [Simulation:Info:toast@toast-new:Simulation not generated] Magnitude 5.02 of event bmg2025cwgi is smaller than triggerMinMagnitude: no automatic simulation
2025/02/10 22:17:08.881638 [Incident:Info:toast@toast-new:Origin updated] Origin updated: OT: 2025-02-10 15:15:06,  Lat/Lon: -9.70065°/119.652°, Depth: 36.9479
2025/02/10 22:17:08.881817 [Incident:Info:toast@toast-new:Magnitude updated] Magnitude updated: 5.04 (M)
2025/02/10 22:17:08.881858 [Simulation:Info:toast@toast-new:Simulation not generated] Magnitude 5.04 of event bmg2025cwgi is smaller than triggerMinMagnitude: no automatic simulation
2025/02/10 22:17:08.904098 [Incident:Info:toast@toast-new:Origin updated] Origin updated: OT: 2025-02-10 15:15:06,  Lat/Lon: -9.75837°/119.628°, Depth: 39.1702
2025/02/10 22:17:08.904234 [Incident:Info:toast@toast-new:Magnitude updated] Magnitude updated: 5.10 (M)
2025/02/10 22:17:08.904268 [Simulation:Info:toast@toast-new:Simulation not generated] Magnitude 5.10 of event bmg2025cwgi is smaller than triggerMinMagnitude: no automatic simulation
2025/02/10 22:17:11.484253 [Incident:Info:toast@toast-new:Origin updated] Origin updated: OT: 2025-02-10 15:15:06,  Lat/Lon: -9.75837°/119.628°, Depth: 39.1702
2025/02/10 22:17:11.484414 [Incident:Info:toast@toast-new:Magnitude updated] Magnitude updated: 5.12 (M)
2025/02/10 22:17:11.484445 [Simulation:Info:toast@toast-new:Simulation not generated] Magnitude 5.12 of event bmg2025cwgi is smaller than triggerMinMagnitude: no automatic simulation
2025/02/10 22:17:16.420652 [Incident:Info:toast@toast-new:Origin updated] Origin updated: OT: 2025-02-10 15:15:06,  Lat/Lon: -9.75837°/119.628°, Depth: 39.1702
2025/02/10 22:17:16.420822 [Incident:Info:toast@toast-new:Magnitude updated] Magnitude updated: 5.12 (M)
2025/02/10 22:17:16.420852 [Simulation:Info:toast@toast-new:Simulation not generated] Magnitude 5.12 of event bmg2025cwgi is smaller than triggerMinMagnitude: no automatic simulation
2025/02/10 22:17:21.449853 [Incident:Info:toast@toast-new:Origin updated] Origin updated: OT: 2025-02-10 15:15:06,  Lat/Lon: -9.75837°/119.628°, Depth: 39.1702
2025/02/10 22:17:21.450037 [Incident:Info:toast@toast-new:Magnitude updated] Magnitude updated: 5.12 (M)
2025/02/10 22:17:21.450080 [Simulation:Info:toast@toast-new:Simulation not generated] Magnitude 5.12 of event bmg2025cwgi is smaller than triggerMinMagnitude: no automatic simulation
2025/02/10 22:17:26.486677 [Incident:Info:toast@toast-new:Origin updated] Origin updated: OT: 2025-02-10 15:15:06,  Lat/Lon: -9.75837°/119.628°, Depth: 39.1702
2025/02/10 22:17:26.486858 [Incident:Info:toast@toast-new:Magnitude updated] Magnitude updated: 5.16 (M)
2025/02/10 22:17:26.486914 [Simulation:Info:toast@toast-new:Simulation not generated] Magnitude 5.16 of event bmg2025cwgi is smaller than triggerMinMagnitude: no automatic simulation
2025/02/10 22:17:31.468422 [Incident:Info:toast@toast-new:Origin updated] Origin updated: OT: 2025-02-10 15:15:06,  Lat/Lon: -9.75837°/119.628°, Depth: 39.1702
2025/02/10 22:17:31.468615 [Incident:Info:toast@toast-new:Magnitude updated] Magnitude updated: 5.13 (M)
2025/02/10 22:17:31.468666 [Simulation:Info:toast@toast-new:Simulation not generated] Magnitude 5.13 of event bmg2025cwgi is smaller than triggerMinMagnitude: no automatic simulation
2025/02/10 22:17:36.387660 [Incident:Info:toast@toast-new:Origin updated] Origin updated: OT: 2025-02-10 15:15:06,  Lat/Lon: -9.78941°/119.62°, Depth: 40.3777
2025/02/10 22:17:36.387877 [Incident:Info:toast@toast-new:Magnitude updated] Magnitude updated: 5.07 (M)
2025/02/10 22:17:36.387911 [Simulation:Info:toast@toast-new:Simulation not generated] Magnitude 5.07 of event bmg2025cwgi is smaller than triggerMinMagnitude: no automatic simulation
2025/02/10 22:17:41.565187 [Incident:Info:toast@toast-new:Origin updated] Origin updated: OT: 2025-02-10 15:15:06,  Lat/Lon: -9.78941°/119.62°, Depth: 40.3777
2025/02/10 22:17:41.565399 [Incident:Info:toast@toast-new:Magnitude updated] Magnitude updated: 5.04 (M)
2025/02/10 22:17:41.565480 [Simulation:Info:toast@toast-new:Simulation not generated] Magnitude 5.04 of event bmg2025cwgi is smaller than triggerMinMagnitude: no automatic simulation
2025/02/10 22:17:46.512218 [Incident:Info:toast@toast-new:Origin updated] Origin updated: OT: 2025-02-10 15:15:06,  Lat/Lon: -9.78941°/119.62°, Depth: 40.3777
2025/02/10 22:17:46.512415 [Incident:Info:toast@toast-new:Magnitude updated] Magnitude updated: 5.03 (M)
2025/02/10 22:17:46.512470 [Simulation:Info:toast@toast-new:Simulation not generated] Magnitude 5.03 of event bmg2025cwgi is smaller than triggerMinMagnitude: no automatic simulation
2025/02/10 22:17:51.475574 [Incident:Info:toast@toast-new:Origin updated] Origin updated: OT: 2025-02-10 15:15:06,  Lat/Lon: -9.78941°/119.62°, Depth: 40.3777
2025/02/10 22:17:51.475755 [Incident:Info:toast@toast-new:Magnitude updated] Magnitude updated: 5.02 (M)
2025/02/10 22:17:51.475791 [Simulation:Info:toast@toast-new:Simulation not generated] Magnitude 5.02 of event bmg2025cwgi is smaller than triggerMinMagnitude: no automatic simulation
2025/02/10 22:17:56.529616 [Incident:Info:toast@toast-new:Origin updated] Origin updated: OT: 2025-02-10 15:15:06,  Lat/Lon: -9.78941°/119.62°, Depth: 40.3777
2025/02/10 22:17:56.529810 [Incident:Info:toast@toast-new:Magnitude updated] Magnitude updated: 5.03 (M)
2025/02/10 22:17:56.529853 [Simulation:Info:toast@toast-new:Simulation not generated] Magnitude 5.03 of event bmg2025cwgi is smaller than triggerMinMagnitude: no automatic simulation
2025/02/10 22:18:01.494819 [Incident:Info:toast@toast-new:Origin updated] Origin updated: OT: 2025-02-10 15:15:06,  Lat/Lon: -9.78941°/119.62°, Depth: 40.3777
2025/02/10 22:18:01.495001 [Incident:Info:toast@toast-new:Magnitude updated] Magnitude updated: 5.02 (M)
2025/02/10 22:18:01.495035 [Simulation:Info:toast@toast-new:Simulation not generated] Magnitude 5.02 of event bmg2025cwgi is smaller than triggerMinMagnitude: no automatic simulation
2025/02/10 22:18:03.017753 [Incident:Info:toast@toast-new:Origin updated] Origin updated: OT: 2025-02-10 15:15:06,  Lat/Lon: -9.82415°/119.617°, Depth: 35.3645
2025/02/10 22:18:03.017977 [Incident:Info:toast@toast-new:Magnitude updated] Magnitude updated: 5.02 (M)
2025/02/10 22:18:03.018023 [Simulation:Info:toast@toast-new:Simulation not generated] Magnitude 5.02 of event bmg2025cwgi is smaller than triggerMinMagnitude: no automatic simulation
2025/02/10 22:18:06.411938 [Incident:Info:toast@toast-new:Origin updated] Origin updated: OT: 2025-02-10 15:15:06,  Lat/Lon: -9.82415°/119.617°, Depth: 35.3645
2025/02/10 22:18:06.412115 [Incident:Info:toast@toast-new:Magnitude updated] Magnitude updated: 5.02 (M)
2025/02/10 22:18:06.412147 [Simulation:Info:toast@toast-new:Simulation not generated] Magnitude 5.02 of event bmg2025cwgi is smaller than triggerMinMagnitude: no automatic simulation
2025/02/10 22:18:11.502837 [Incident:Info:toast@toast-new:Origin updated] Origin updated: OT: 2025-02-10 15:15:06,  Lat/Lon: -9.82415°/119.617°, Depth: 35.3645
2025/02/10 22:18:11.503040 [Incident:Info:toast@toast-new:Magnitude updated] Magnitude updated: 5.02 (M)
2025/02/10 22:18:11.503080 [Simulation:Info:toast@toast-new:Simulation not generated] Magnitude 5.02 of event bmg2025cwgi is smaller than triggerMinMagnitude: no automatic simulation
2025/02/10 22:18:16.506992 [Incident:Info:toast@toast-new:Origin updated] Origin updated: OT: 2025-02-10 15:15:06,  Lat/Lon: -9.82415°/119.617°, Depth: 35.3645
2025/02/10 22:18:16.507165 [Incident:Info:toast@toast-new:Magnitude updated] Magnitude updated: 5.03 (M)
2025/02/10 22:18:16.507201 [Simulation:Info:toast@toast-new:Simulation not generated] Magnitude 5.03 of event bmg2025cwgi is smaller than triggerMinMagnitude: no automatic simulation
2025/02/10 22:18:22.026543 [Incident:Info:toast@toast-new:Origin updated] Origin updated: OT: 2025-02-10 15:15:06,  Lat/Lon: -9.82415°/119.617°, Depth: 35.3645
2025/02/10 22:18:22.026735 [Incident:Info:toast@toast-new:Magnitude updated] Magnitude updated: 5.02 (M)
2025/02/10 22:18:22.026772 [Simulation:Info:toast@toast-new:Simulation not generated] Magnitude 5.02 of event bmg2025cwgi is smaller than triggerMinMagnitude: no automatic simulation
2025/02/10 22:18:26.501250 [Incident:Info:toast@toast-new:Origin updated] Origin updated: OT: 2025-02-10 15:15:06,  Lat/Lon: -9.82415°/119.617°, Depth: 35.3645
2025/02/10 22:18:26.501424 [Incident:Info:toast@toast-new:Magnitude updated] Magnitude updated: 5.03 (M)
2025/02/10 22:18:26.501461 [Simulation:Info:toast@toast-new:Simulation not generated] Magnitude 5.03 of event bmg2025cwgi is smaller than triggerMinMagnitude: no automatic simulation
2025/02/10 22:18:31.446730 [Incident:Info:toast@toast-new:Origin updated] Origin updated: OT: 2025-02-10 15:15:06,  Lat/Lon: -9.82415°/119.617°, Depth: 35.3645
2025/02/10 22:18:31.446871 [Incident:Info:toast@toast-new:Magnitude updated] Magnitude updated: 5.03 (M)
2025/02/10 22:18:31.446900 [Simulation:Info:toast@toast-new:Simulation not generated] Magnitude 5.03 of event bmg2025cwgi is smaller than triggerMinMagnitude: no automatic simulation
2025/02/10 22:18:36.478459 [Incident:Info:toast@toast-new:Origin updated] Origin updated: OT: 2025-02-10 15:15:06,  Lat/Lon: -9.82415°/119.617°, Depth: 35.3645
2025/02/10 22:18:36.478643 [Incident:Info:toast@toast-new:Magnitude updated] Magnitude updated: 5.03 (M)
2025/02/10 22:18:36.478687 [Simulation:Info:toast@toast-new:Simulation not generated] Magnitude 5.03 of event bmg2025cwgi is smaller than triggerMinMagnitude: no automatic simulation
2025/02/10 22:18:41.499953 [Incident:Info:toast@toast-new:Origin updated] Origin updated: OT: 2025-02-10 15:15:06,  Lat/Lon: -9.82415°/119.617°, Depth: 35.3645
2025/02/10 22:18:41.500125 [Incident:Info:toast@toast-new:Magnitude updated] Magnitude updated: 5.03 (M)
2025/02/10 22:18:41.500160 [Simulation:Info:toast@toast-new:Simulation not generated] Magnitude 5.03 of event bmg2025cwgi is smaller than triggerMinMagnitude: no automatic simulation
2025/02/10 22:18:44.624288 [Incident:Info:toast@toast-new:Origin updated] Origin updated: OT: 2025-02-10 15:15:06,  Lat/Lon: -9.82415°/119.617°, Depth: 35.3645
2025/02/10 22:18:44.624448 [Incident:Info:toast@toast-new:FM updated] FM updated
2025/02/10 22:18:44.624689 [Simulation:Info:toast@toast-new:Simulation not generated] Magnitude 5.03 of event bmg2025cwgi is smaller than triggerMinMagnitude: no automatic simulation
2025/02/10 22:18:46.427767 [Incident:Info:toast@toast-new:Origin updated] Origin updated: OT: 2025-02-10 15:15:06,  Lat/Lon: -9.82415°/119.617°, Depth: 35.3645
2025/02/10 22:18:46.427885 [Incident:Info:toast@toast-new:Magnitude updated] Magnitude updated: 5.03 (M)
2025/02/10 22:18:46.427904 [Simulation:Info:toast@toast-new:Simulation not generated] Magnitude 5.03 of event bmg2025cwgi is smaller than triggerMinMagnitude: no automatic simulation
2025/02/10 22:18:47.989211 [Incident:Info:toast@toast-new:Origin updated] Origin updated: OT: 2025-02-10 15:15:05,  Lat/Lon: -9.88313°/119.609°, Depth: 41.3349
2025/02/10 22:18:47.989413 [Incident:Info:toast@toast-new:Magnitude updated] Magnitude updated: 5.03 (M)
2025/02/10 22:18:47.989461 [Simulation:Info:toast@toast-new:Simulation not generated] Magnitude 5.03 of event bmg2025cwgi is smaller than triggerMinMagnitude: no automatic simulation
2025/02/10 22:18:51.435419 [Incident:Info:toast@toast-new:Origin updated] Origin updated: OT: 2025-02-10 15:15:05,  Lat/Lon: -9.88313°/119.609°, Depth: 41.3349
2025/02/10 22:18:51.435593 [Incident:Info:toast@toast-new:Magnitude updated] Magnitude updated: 5.02 (M)
2025/02/10 22:18:51.435631 [Simulation:Info:toast@toast-new:Simulation not generated] Magnitude 5.02 of event bmg2025cwgi is smaller than triggerMinMagnitude: no automatic simulation
2025/02/10 22:18:56.462249 [Incident:Info:toast@toast-new:Origin updated] Origin updated: OT: 2025-02-10 15:15:05,  Lat/Lon: -9.88313°/119.609°, Depth: 41.3349
2025/02/10 22:18:56.462429 [Incident:Info:toast@toast-new:Magnitude updated] Magnitude updated: 5.02 (M)
2025/02/10 22:18:56.462468 [Simulation:Info:toast@toast-new:Simulation not generated] Magnitude 5.02 of event bmg2025cwgi is smaller than triggerMinMagnitude: no automatic simulation
2025/02/10 22:19:06.441373 [Incident:Info:toast@toast-new:Origin updated] Origin updated: OT: 2025-02-10 15:15:05,  Lat/Lon: -9.88313°/119.609°, Depth: 41.3349
2025/02/10 22:19:06.441557 [Incident:Info:toast@toast-new:Magnitude updated] Magnitude updated: 5.01 (M)
2025/02/10 22:19:06.441590 [Simulation:Info:toast@toast-new:Simulation not generated] Magnitude 5.01 of event bmg2025cwgi is smaller than triggerMinMagnitude: no automatic simulation
2025/02/10 22:19:09.303899 [Incident:Info:toast@toast-new:Origin updated] Origin updated: OT: 2025-02-10 15:15:05,  Lat/Lon: -9.89531°/119.596°, Depth: 41.5525
2025/02/10 22:19:09.304111 [Incident:Info:toast@toast-new:Magnitude updated] Magnitude updated: 5.23 (MLv)
2025/02/10 22:19:09.304155 [Simulation:Info:toast@toast-new:Simulation not generated] Magnitude 5.23 of event bmg2025cwgi is smaller than triggerMinMagnitude: no automatic simulation
2025/02/10 22:19:09.433355 [Incident:Info:toast@toast-new:Origin updated] Origin updated: OT: 2025-02-10 15:15:05,  Lat/Lon: -9.89531°/119.596°, Depth: 41.5525
2025/02/10 22:19:09.433533 [Incident:Info:toast@toast-new:Magnitude updated] Magnitude updated: 5.04 (M)
2025/02/10 22:19:09.433600 [Simulation:Info:toast@toast-new:Simulation not generated] Magnitude 5.04 of event bmg2025cwgi is smaller than triggerMinMagnitude: no automatic simulation
2025/02/10 22:19:16.581051 [Incident:Info:toast@toast-new:Origin updated] Origin updated: OT: 2025-02-10 15:15:05,  Lat/Lon: -9.89531°/119.596°, Depth: 41.5525
2025/02/10 22:19:16.581245 [Incident:Info:toast@toast-new:Magnitude updated] Magnitude updated: 5.04 (M)
2025/02/10 22:19:16.581282 [Simulation:Info:toast@toast-new:Simulation not generated] Magnitude 5.04 of event bmg2025cwgi is smaller than triggerMinMagnitude: no automatic simulation
2025/02/10 22:19:21.572323 [Incident:Info:toast@toast-new:Origin updated] Origin updated: OT: 2025-02-10 15:15:05,  Lat/Lon: -9.89531°/119.596°, Depth: 41.5525
2025/02/10 22:19:21.572503 [Incident:Info:toast@toast-new:Magnitude updated] Magnitude updated: 5.04 (M)
2025/02/10 22:19:21.572537 [Simulation:Info:toast@toast-new:Simulation not generated] Magnitude 5.04 of event bmg2025cwgi is smaller than triggerMinMagnitude: no automatic simulation
2025/02/10 22:19:36.461153 [Incident:Info:toast@toast-new:Origin updated] Origin updated: OT: 2025-02-10 15:15:05,  Lat/Lon: -9.89531°/119.596°, Depth: 41.5525
2025/02/10 22:19:36.461313 [Incident:Info:toast@toast-new:Magnitude updated] Magnitude updated: 5.04 (M)
2025/02/10 22:19:36.461338 [Simulation:Info:toast@toast-new:Simulation not generated] Magnitude 5.04 of event bmg2025cwgi is smaller than triggerMinMagnitude: no automatic simulation
2025/02/10 22:19:51.539081 [Incident:Info:toast@toast-new:Origin updated] Origin updated: OT: 2025-02-10 15:15:05,  Lat/Lon: -9.89531°/119.596°, Depth: 41.5525
2025/02/10 22:19:51.539266 [Incident:Info:toast@toast-new:Magnitude updated] Magnitude updated: 5.04 (M)
2025/02/10 22:19:51.539320 [Simulation:Info:toast@toast-new:Simulation not generated] Magnitude 5.04 of event bmg2025cwgi is smaller than triggerMinMagnitude: no automatic simulation
2025/02/10 22:20:38.344996 [Incident:Info:toast@toast-new:Origin updated] Origin updated: OT: 2025-02-10 15:15:05,  Lat/Lon: -9.91685°/119.601°, Depth: 55.3711
2025/02/10 22:20:38.345205 [Incident:Info:toast@toast-new:Magnitude updated] Magnitude updated: 5.02 (Mw(mB))
2025/02/10 22:20:38.345243 [Simulation:Info:toast@toast-new:Simulation not generated] Magnitude 5.02 of event bmg2025cwgi is smaller than triggerMinMagnitude: no automatic simulation
2025/02/10 22:26:30.570674 [Incident:Info:toast@toast-new:Origin updated] Origin updated: OT: 2025-02-10 15:15:05,  Lat/Lon: -9.91685°/119.601°, Depth: 55.3711
2025/02/10 22:26:30.570877 [Incident:Info:toast@toast-new:FM updated] FM updated
2025/02/10 22:26:30.571180 [Simulation:Info:toast@toast-new:Simulation not generated] Magnitude 5.02 of event bmg2025cwgi is smaller than triggerMinMagnitude: no automatic simulation
2025/02/10 22:31:32.158515 [Incident:Info:toast@toast-new:Origin updated] Origin updated: OT: 2025-02-10 15:15:05,  Lat/Lon: -9.92292°/119.605°, Depth: 54.4217
2025/02/10 22:31:32.158724 [Incident:Info:toast@toast-new:Magnitude updated] Magnitude updated: 5.02 (Mw(mB))
2025/02/10 22:31:32.158769 [Simulation:Info:toast@toast-new:Simulation not generated] Magnitude 5.02 of event bmg2025cwgi is smaller than triggerMinMagnitude: no automatic simulation
2025/02/11 10:00:07.977470 [Incident:Info:toast@toast-new:Incident removed] Removed incident - Bye
2025/02/16 19:50:41.694790 [Incident:Info:toast@toast-new:Displacement(s) updated] Added 0 and changed 0 displacements with 0 amplitudes
2025/02/16 19:50:41.764243 [Incident:Info:toast@toast-new:Incident created] Incident created based on event received from messaging: OT: 2025-02-10 15:15:05,  Lat/Lon: -9.84°/119.61°, Depth: 44.79, Mag: 5.10 (mb)
2025/02/16 19:50:41.764578 [Simulation:Info:toast@toast-new:Simulation not generated] Magnitude 5.10 of event bmg2025cwgi is smaller than triggerMinMagnitude: no automatic simulation
2025/02/16 19:50:41.772969 [Incident:Info:toast@toast-new:Origin updated] Origin updated: OT: 2025-02-10 15:15:05,  Lat/Lon: -9.83765°/119.608°, Depth: 44.7864
2025/02/16 19:50:41.773051 [Simulation:Info:toast@toast-new:Simulation not generated] Magnitude 5.10 of event bmg2025cwgi is smaller than triggerMinMagnitude: no automatic simulation
2025/02/16 19:50:41.781350 [Incident:Info:toast@toast-new:Origin updated] Origin updated: OT: 2025-02-10 15:15:05,  Lat/Lon: -9.83765°/119.608°, Depth: 44.7864
2025/02/16 19:50:41.781422 [Incident:Info:toast@toast-new:Magnitude updated] Magnitude updated: 5.05 (M)
2025/02/16 19:50:41.781443 [Simulation:Info:toast@toast-new:Simulation not generated] Magnitude 5.05 of event bmg2025cwgi is smaller than triggerMinMagnitude: no automatic simulation
2025/02/16 19:50:51.445402 [Incident:Info:toast@toast-new:Origin updated] Origin updated: OT: 2025-02-10 15:15:05,  Lat/Lon: -9.83765°/119.608°, Depth: 44.7864
2025/02/16 19:50:51.445610 [Incident:Info:toast@toast-new:Magnitude updated] Magnitude updated: 5.10 (mb)
2025/02/16 19:50:51.445658 [Simulation:Info:toast@toast-new:Simulation not generated] Magnitude 5.10 of event bmg2025cwgi is smaller than triggerMinMagnitude: no automatic simulation
2025/02/16 19:51:03.376448 [Incident:Info:toast@toast-new:Origin updated] Origin updated: OT: 2025-02-10 15:15:05,  Lat/Lon: -9.83765°/119.608°, Depth: 44.7864
2025/02/16 19:51:03.376642 [Simulation:Info:toast@toast-new:Simulation not generated] Magnitude 5.10 of event bmg2025cwgi is smaller than triggerMinMagnitude: no automatic simulation
2025/02/16 19:51:03.394098 [Incident:Info:toast@toast-new:Origin updated] Origin updated: OT: 2025-02-10 15:15:05,  Lat/Lon: -9.83765°/119.608°, Depth: 44.7864
2025/02/16 19:51:03.394217 [Simulation:Info:toast@toast-new:Simulation not generated] Magnitude 5.10 of event bmg2025cwgi is smaller than triggerMinMagnitude: no automatic simulation
