2025/05/29 04:40:31.017122 [Incident:Info:toast@toast-new:Displacement(s) updated] Added 0 and changed 0 displacements with 0 amplitudes
2025/05/29 04:40:31.031239 [Incident:Info:toast@toast-new:Incident created] Incident created based on event received from messaging: OT: 2025-05-28 21:30:03,  Lat/Lon: 28.12°/57.49°, Depth: 10.00, Mag: 5.13 (M)
2025/05/29 04:40:31.031713 [Simulation:Info:toast@toast-new:Simulation not generated] Magnitude 5.13 of event bmg2025kkfn is smaller than triggerMinMagnitude: no automatic simulation
2025/05/29 04:40:31.046561 [Incident:Info:toast@toast-new:Origin updated] Origin updated: OT: 2025-05-28 21:30:03,  Lat/Lon: 28.1182°/57.4879°, Depth: 10
2025/05/29 04:40:31.046677 [Simulation:Info:toast@toast-new:Simulation not generated] Magnitude 5.13 of event bmg2025kkfn is smaller than triggerMinMagnitude: no automatic simulation
2025/05/29 04:40:41.532724 [Incident:Info:toast@toast-new:Origin updated] Origin updated: OT: 2025-05-28 21:30:03,  Lat/Lon: 28.1108°/57.4859°, Depth: 10
2025/05/29 04:40:41.532914 [Incident:Info:toast@toast-new:Magnitude updated] Magnitude updated: 5.13 (M)
2025/05/29 04:40:41.532954 [Simulation:Info:toast@toast-new:Simulation not generated] Magnitude 5.13 of event bmg2025kkfn is smaller than triggerMinMagnitude: no automatic simulation
2025/05/29 04:41:03.288282 [Incident:Info:toast@toast-new:Origin updated] Origin updated: OT: 2025-05-28 21:30:03,  Lat/Lon: 28.1786°/57.4652°, Depth: 10
2025/05/29 04:41:03.288468 [Incident:Info:toast@toast-new:Magnitude updated] Magnitude updated: 5.14 (M)
2025/05/29 04:41:03.288508 [Simulation:Info:toast@toast-new:Simulation not generated] Magnitude 5.14 of event bmg2025kkfn is smaller than triggerMinMagnitude: no automatic simulation
2025/05/29 04:41:19.830060 [Incident:Info:toast@toast-new:Origin updated] Origin updated: OT: 2025-05-28 21:30:03,  Lat/Lon: 28.1785°/57.4659°, Depth: 10
2025/05/29 04:41:19.830235 [Incident:Info:toast@toast-new:Magnitude updated] Magnitude updated: 5.14 (M)
2025/05/29 04:41:19.830272 [Simulation:Info:toast@toast-new:Simulation not generated] Magnitude 5.14 of event bmg2025kkfn is smaller than triggerMinMagnitude: no automatic simulation
2025/05/29 04:41:29.822087 [Incident:Info:toast@toast-new:Origin updated] Origin updated: OT: 2025-05-28 21:30:03,  Lat/Lon: 28.1785°/57.4659°, Depth: 10
2025/05/29 04:41:29.822343 [Incident:Info:toast@toast-new:Magnitude updated] Magnitude updated: 5.11 (M)
2025/05/29 04:41:29.822434 [Simulation:Info:toast@toast-new:Simulation not generated] Magnitude 5.11 of event bmg2025kkfn is smaller than triggerMinMagnitude: no automatic simulation
2025/05/29 04:41:34.274315 [Incident:Info:toast@toast-new:Origin updated] Origin updated: OT: 2025-05-28 21:30:03,  Lat/Lon: 28.1786°/57.4346°, Depth: 10
2025/05/29 04:41:34.274500 [Incident:Info:toast@toast-new:Magnitude updated] Magnitude updated: 5.11 (M)
2025/05/29 04:41:34.274532 [Simulation:Info:toast@toast-new:Simulation not generated] Magnitude 5.11 of event bmg2025kkfn is smaller than triggerMinMagnitude: no automatic simulation
2025/05/29 04:41:47.639736 [Incident:Info:toast@toast-new:Origin updated] Origin updated: OT: 2025-05-28 21:30:03,  Lat/Lon: 28.1778°/57.4416°, Depth: 10
2025/05/29 04:41:47.639961 [Incident:Info:toast@toast-new:Magnitude updated] Magnitude updated: 5.11 (M)
2025/05/29 04:41:47.640014 [Simulation:Info:toast@toast-new:Simulation not generated] Magnitude 5.11 of event bmg2025kkfn is smaller than triggerMinMagnitude: no automatic simulation
2025/05/29 04:42:04.230645 [Incident:Info:toast@toast-new:Origin updated] Origin updated: OT: 2025-05-28 21:30:03,  Lat/Lon: 28.1732°/57.4534°, Depth: 10
2025/05/29 04:42:04.230839 [Incident:Info:toast@toast-new:Magnitude updated] Magnitude updated: 5.11 (M)
2025/05/29 04:42:04.230871 [Simulation:Info:toast@toast-new:Simulation not generated] Magnitude 5.11 of event bmg2025kkfn is smaller than triggerMinMagnitude: no automatic simulation
2025/05/29 04:42:20.921857 [Incident:Info:toast@toast-new:Origin updated] Origin updated: OT: 2025-05-28 21:30:03,  Lat/Lon: 28.1956°/57.438°, Depth: 10
2025/05/29 04:42:20.922057 [Incident:Info:toast@toast-new:Magnitude updated] Magnitude updated: 5.12 (M)
2025/05/29 04:42:20.922095 [Simulation:Info:toast@toast-new:Simulation not generated] Magnitude 5.12 of event bmg2025kkfn is smaller than triggerMinMagnitude: no automatic simulation
2025/05/29 04:42:43.993909 [Incident:Info:toast@toast-new:Origin updated] Origin updated: OT: 2025-05-28 21:30:03,  Lat/Lon: 28.1938°/57.4367°, Depth: 10
2025/05/29 04:42:43.994107 [Incident:Info:toast@toast-new:Magnitude updated] Magnitude updated: 5.12 (M)
2025/05/29 04:42:43.994150 [Simulation:Info:toast@toast-new:Simulation not generated] Magnitude 5.12 of event bmg2025kkfn is smaller than triggerMinMagnitude: no automatic simulation
2025/05/29 04:42:54.820755 [Incident:Info:toast@toast-new:Origin updated] Origin updated: OT: 2025-05-28 21:30:03,  Lat/Lon: 28.1938°/57.4367°, Depth: 10
2025/05/29 04:42:54.820939 [Incident:Info:toast@toast-new:Magnitude updated] Magnitude updated: 5.10 (M)
2025/05/29 04:42:54.820981 [Simulation:Info:toast@toast-new:Simulation not generated] Magnitude 5.10 of event bmg2025kkfn is smaller than triggerMinMagnitude: no automatic simulation
2025/05/29 04:43:04.261806 [Incident:Info:toast@toast-new:Origin updated] Origin updated: OT: 2025-05-28 21:30:03,  Lat/Lon: 28.19°/57.4326°, Depth: 10
2025/05/29 04:43:04.262002 [Incident:Info:toast@toast-new:Magnitude updated] Magnitude updated: 5.11 (M)
2025/05/29 04:43:04.262043 [Simulation:Info:toast@toast-new:Simulation not generated] Magnitude 5.11 of event bmg2025kkfn is smaller than triggerMinMagnitude: no automatic simulation
2025/05/29 04:43:09.689536 [Incident:Info:toast@toast-new:Origin updated] Origin updated: OT: 2025-05-28 21:30:07,  Lat/Lon: 28.166°/57.3955°, Depth: 43.6604
2025/05/29 04:43:09.689747 [Incident:Info:toast@toast-new:Magnitude updated] Magnitude updated: 5.18 (mb)
2025/05/29 04:43:09.689796 [Simulation:Info:toast@toast-new:Simulation not generated] Magnitude 5.18 of event bmg2025kkfn is smaller than triggerMinMagnitude: no automatic simulation
2025/05/29 04:43:09.710255 [Incident:Info:toast@toast-new:Origin updated] Origin updated: OT: 2025-05-28 21:30:07,  Lat/Lon: 28.166°/57.3955°, Depth: 43.6604
2025/05/29 04:43:09.710357 [Incident:Info:toast@toast-new:Magnitude updated] Magnitude updated: 5.09 (M)
2025/05/29 04:43:09.710404 [Simulation:Info:toast@toast-new:Simulation not generated] Magnitude 5.09 of event bmg2025kkfn is smaller than triggerMinMagnitude: no automatic simulation
2025/05/29 04:43:14.832165 [Incident:Info:toast@toast-new:Origin updated] Origin updated: OT: 2025-05-28 21:30:07,  Lat/Lon: 28.166°/57.3955°, Depth: 43.6604
2025/05/29 04:43:14.832347 [Incident:Info:toast@toast-new:Magnitude updated] Magnitude updated: 5.08 (M)
2025/05/29 04:43:14.832378 [Simulation:Info:toast@toast-new:Simulation not generated] Magnitude 5.08 of event bmg2025kkfn is smaller than triggerMinMagnitude: no automatic simulation
2025/05/29 04:43:26.420418 [Incident:Info:toast@toast-new:Origin updated] Origin updated: OT: 2025-05-28 21:30:07,  Lat/Lon: 28.152°/57.4237°, Depth: 42.9108
2025/05/29 04:43:26.420619 [Incident:Info:toast@toast-new:Magnitude updated] Magnitude updated: 5.24 (mb)
2025/05/29 04:43:26.420670 [Simulation:Info:toast@toast-new:Simulation not generated] Magnitude 5.24 of event bmg2025kkfn is smaller than triggerMinMagnitude: no automatic simulation
2025/05/29 04:43:26.444440 [Incident:Info:toast@toast-new:Origin updated] Origin updated: OT: 2025-05-28 21:30:07,  Lat/Lon: 28.152°/57.4237°, Depth: 42.9108
2025/05/29 04:43:26.444692 [Incident:Info:toast@toast-new:Magnitude updated] Magnitude updated: 5.10 (M)
2025/05/29 04:43:26.444821 [Simulation:Info:toast@toast-new:Simulation not generated] Magnitude 5.10 of event bmg2025kkfn is smaller than triggerMinMagnitude: no automatic simulation
2025/05/29 04:44:47.549936 [Incident:Info:toast@toast-new:Origin updated] Origin updated: OT: 2025-05-28 21:30:07,  Lat/Lon: 28.1591°/57.4288°, Depth: 45.2396
2025/05/29 04:44:47.550161 [Incident:Info:toast@toast-new:Magnitude updated] Magnitude updated: 5.23 (mb)
2025/05/29 04:44:47.550230 [Simulation:Info:toast@toast-new:Simulation not generated] Magnitude 5.23 of event bmg2025kkfn is smaller than triggerMinMagnitude: no automatic simulation
2025/05/29 04:44:47.570847 [Incident:Info:toast@toast-new:Origin updated] Origin updated: OT: 2025-05-28 21:30:07,  Lat/Lon: 28.1591°/57.4288°, Depth: 45.2396
2025/05/29 04:44:47.570948 [Incident:Info:toast@toast-new:Magnitude updated] Magnitude updated: 5.10 (M)
2025/05/29 04:44:47.570983 [Simulation:Info:toast@toast-new:Simulation not generated] Magnitude 5.10 of event bmg2025kkfn is smaller than triggerMinMagnitude: no automatic simulation
2025/05/29 04:44:49.810131 [Incident:Info:toast@toast-new:Origin updated] Origin updated: OT: 2025-05-28 21:30:07,  Lat/Lon: 28.1591°/57.4288°, Depth: 45.2396
2025/05/29 04:44:49.810345 [Incident:Info:toast@toast-new:Magnitude updated] Magnitude updated: 5.09 (M)
2025/05/29 04:44:49.810401 [Simulation:Info:toast@toast-new:Simulation not generated] Magnitude 5.09 of event bmg2025kkfn is smaller than triggerMinMagnitude: no automatic simulation
2025/05/29 11:47:08.177019 [Incident:Info:toast@toast-new:Origin updated] Origin updated: OT: 2025-05-28 21:30:06,  Lat/Lon: 28.1442°/57.4132°, Depth: 37.2179
2025/05/29 11:47:08.177233 [Incident:Info:toast@toast-new:Magnitude updated] Magnitude updated: 5.23 (mb)
2025/05/29 11:47:08.177283 [Simulation:Info:toast@toast-new:Simulation not generated] Magnitude 5.23 of event bmg2025kkfn is smaller than triggerMinMagnitude: no automatic simulation
2025/05/29 11:47:08.196972 [Incident:Info:toast@toast-new:Origin updated] Origin updated: OT: 2025-05-28 21:30:06,  Lat/Lon: 28.1442°/57.4132°, Depth: 37.2179
2025/05/29 11:47:08.197067 [Incident:Info:toast@toast-new:Magnitude updated] Magnitude updated: 5.12 (M)
2025/05/29 11:47:08.197100 [Simulation:Info:toast@toast-new:Simulation not generated] Magnitude 5.12 of event bmg2025kkfn is smaller than triggerMinMagnitude: no automatic simulation
2025/05/29 11:47:12.483451 [Incident:Info:toast@toast-new:Origin updated] Origin updated: OT: 2025-05-28 21:30:06,  Lat/Lon: 28.1442°/57.4132°, Depth: 37.2179
2025/05/29 11:47:12.483639 [Incident:Info:toast@toast-new:Magnitude updated] Magnitude updated: 5.23 (mb)
2025/05/29 11:47:12.483704 [Simulation:Info:toast@toast-new:Simulation not generated] Magnitude 5.23 of event bmg2025kkfn is smaller than triggerMinMagnitude: no automatic simulation
2025/05/29 11:47:21.636287 [Incident:Info:toast@toast-new:Origin updated] Origin updated: OT: 2025-05-28 21:30:06,  Lat/Lon: 28.1442°/57.4132°, Depth: 37.2179
2025/05/29 11:47:21.636514 [Simulation:Info:toast@toast-new:Simulation not generated] Magnitude 5.23 of event bmg2025kkfn is smaller than triggerMinMagnitude: no automatic simulation
2025/05/29 11:47:21.655922 [Incident:Info:toast@toast-new:Origin updated] Origin updated: OT: 2025-05-28 21:30:06,  Lat/Lon: 28.1442°/57.4132°, Depth: 37.2179
2025/05/29 11:47:21.656052 [Simulation:Info:toast@toast-new:Simulation not generated] Magnitude 5.23 of event bmg2025kkfn is smaller than triggerMinMagnitude: no automatic simulation
