2025/05/28 21:09:10.624485 [Incident:Info:toast@toast-new:Displacement(s) updated] Added 0 and changed 0 displacements with 0 amplitudes
2025/05/28 21:09:10.628632 [Incident:Info:toast@toast-new:Incident created] Incident created based on event received from messaging: OT: 2025-05-28 08:57:49,  Lat/Lon: -14.30°/167.22°, Depth: 188.57, Mag: 5.88 (mb)
2025/05/28 21:09:10.629196 [Simulation:Info:toast@toast-new:Simulation not generated] Magnitude 5.88 of event bmg2025kjgs is smaller than triggerMinMagnitude: no automatic simulation
2025/05/28 21:09:10.649645 [Incident:Info:toast@toast-new:Origin updated] Origin updated: OT: 2025-05-28 08:57:49,  Lat/Lon: -14.2952°/167.217°, Depth: 188.57
2025/05/28 21:09:10.649809 [Simulation:Info:toast@toast-new:Simulation not generated] Magnitude 5.88 of event bmg2025kjgs is smaller than triggerMinMagnitude: no automatic simulation
2025/05/28 21:09:10.664469 [Incident:Info:toast@toast-new:Origin updated] Origin updated: OT: 2025-05-28 08:57:49,  Lat/Lon: -14.2952°/167.217°, Depth: 188.57
2025/05/28 21:09:10.664611 [Incident:Info:toast@toast-new:Magnitude updated] Magnitude updated: 5.79 (M)
2025/05/28 21:09:10.664666 [Simulation:Info:toast@toast-new:Simulation not generated] Magnitude 5.79 of event bmg2025kjgs is smaller than triggerMinMagnitude: no automatic simulation
2025/05/28 21:09:15.302347 [Incident:Info:toast@toast-new:Origin updated] Origin updated: OT: 2025-05-28 08:57:49,  Lat/Lon: -14.2952°/167.217°, Depth: 188.57
2025/05/28 21:09:15.302563 [Incident:Info:toast@toast-new:Magnitude updated] Magnitude updated: 5.62 (MLv)
2025/05/28 21:09:15.302635 [Simulation:Info:toast@toast-new:Simulation not generated] Magnitude 5.62 of event bmg2025kjgs is smaller than triggerMinMagnitude: no automatic simulation
2025/05/28 21:15:00.322624 [Incident:Info:toast@toast-new:Origin updated] Origin updated: OT: 2025-05-28 08:57:49,  Lat/Lon: -14.2952°/167.217°, Depth: 188.57
2025/05/28 21:15:00.322828 [Incident:Info:toast@toast-new:Magnitude updated] Magnitude updated: 5.88 (mb)
2025/05/28 21:15:00.322900 [Simulation:Info:toast@toast-new:Simulation not generated] Magnitude 5.88 of event bmg2025kjgs is smaller than triggerMinMagnitude: no automatic simulation
2025/05/28 21:18:39.860801 [Incident:Info:toast@toast-new:Origin updated] Origin updated: OT: 2025-05-28 08:57:48,  Lat/Lon: -14.2895°/167.339°, Depth: 198.365
2025/05/28 21:18:39.861041 [Incident:Info:toast@toast-new:Magnitude updated] Magnitude updated: 5.94 (Mwp)
2025/05/28 21:18:39.861092 [Simulation:Info:toast@toast-new:Simulation not generated] Magnitude 5.94 of event bmg2025kjgs is smaller than triggerMinMagnitude: no automatic simulation
2025/05/28 23:16:54.909605 [Incident:Info:toast@toast-new:Origin updated] Origin updated: OT: 2025-05-28 08:57:48,  Lat/Lon: -14.2895°/167.339°, Depth: 198.365
2025/05/28 23:16:54.909814 [Incident:Info:toast@toast-new:FM updated] FM updated
2025/05/28 23:16:54.910106 [Simulation:Info:toast@toast-new:Simulation not generated] Magnitude 5.94 of event bmg2025kjgs is smaller than triggerMinMagnitude: no automatic simulation
2025/06/25 11:37:26.630848 [Incident:Info:toast@toast-new:Origin updated] Origin updated: OT: 2025-05-28 08:57:48,  Lat/Lon: -14.2895°/167.339°, Depth: 198.365
2025/06/25 11:37:26.638768 [Simulation:Info:toast@toast-new:Simulation not generated] Magnitude 5.94 of event bmg2025kjgs is smaller than triggerMinMagnitude: no automatic simulation
2025/06/25 11:37:26.774586 [Incident:Info:toast@toast-new:Origin updated] Origin updated: OT: 2025-05-28 08:57:48,  Lat/Lon: -14.2895°/167.339°, Depth: 198.365
2025/06/25 11:37:26.780293 [Incident:Info:toast@toast-new:Magnitude updated] Magnitude updated: 5.86 (Mw(mB))
2025/06/25 11:37:26.785451 [Simulation:Info:toast@toast-new:Simulation not generated] Magnitude 5.86 of event bmg2025kjgs is smaller than triggerMinMagnitude: no automatic simulation
2025/06/25 11:37:26.803679 [Incident:Info:toast@toast-new:Origin updated] Origin updated: OT: 2025-05-28 08:57:48,  Lat/Lon: -14.2895°/167.339°, Depth: 198.365
2025/06/25 11:37:26.808871 [Simulation:Info:toast@toast-new:Simulation not generated] Magnitude 5.86 of event bmg2025kjgs is smaller than triggerMinMagnitude: no automatic simulation
