2025/03/30 22:13:55.316033 [Incident:Info:toast@toast-new:Displacement(s) updated] Added 0 and changed 0 displacements with 0 amplitudes
2025/03/30 22:13:55.352849 [Incident:Info:toast@toast-new:Incident created] Incident created based on event received from messaging: OT: 2025-03-30 15:04:53,  Lat/Lon: -20.69°/-173.83°, Depth: 10.00, Mag: 6.06 (M)
2025/03/30 22:13:55.353213 [Simulation:Info:toast@toast-new:Simulation not generated] Magnitude 6.06 of event bmg2025gfyd is smaller than triggerMinMagnitude: no automatic simulation
2025/03/30 22:13:55.362548 [Incident:Info:toast@toast-new:Origin updated] Origin updated: OT: 2025-03-30 15:04:53,  Lat/Lon: -20.6867°/-173.831°, Depth: 10
2025/03/30 22:13:55.362658 [Simulation:Info:toast@toast-new:Simulation not generated] Magnitude 6.06 of event bmg2025gfyd is smaller than triggerMinMagnitude: no automatic simulation
2025/03/30 22:14:03.322603 [Incident:Info:toast@toast-new:Origin updated] Origin updated: OT: 2025-03-30 15:04:53,  Lat/Lon: -20.6891°/-173.83°, Depth: 10
2025/03/30 22:14:03.322808 [Incident:Info:toast@toast-new:Magnitude updated] Magnitude updated: 6.07 (M)
2025/03/30 22:14:03.322854 [Simulation:Info:toast@toast-new:Simulation not generated] Magnitude 6.07 of event bmg2025gfyd is smaller than triggerMinMagnitude: no automatic simulation
2025/03/30 22:14:13.716695 [Incident:Info:toast@toast-new:Origin updated] Origin updated: OT: 2025-03-30 15:04:53,  Lat/Lon: -20.7096°/-173.821°, Depth: 10
2025/03/30 22:14:13.716897 [Incident:Info:toast@toast-new:Magnitude updated] Magnitude updated: 6.11 (M)
2025/03/30 22:14:13.716938 [Simulation:Info:toast@toast-new:Simulation not generated] Magnitude 6.11 of event bmg2025gfyd is smaller than triggerMinMagnitude: no automatic simulation
2025/03/30 22:14:19.381564 [Incident:Info:toast@toast-new:Origin updated] Origin updated: OT: 2025-03-30 15:04:53,  Lat/Lon: -20.7096°/-173.821°, Depth: 10
2025/03/30 22:14:19.381756 [Incident:Info:toast@toast-new:Magnitude updated] Magnitude updated: 6.14 (M)
2025/03/30 22:14:19.381802 [Simulation:Info:toast@toast-new:Simulation not generated] Magnitude 6.14 of event bmg2025gfyd is smaller than triggerMinMagnitude: no automatic simulation
2025/03/30 22:14:24.367194 [Incident:Info:toast@toast-new:Origin updated] Origin updated: OT: 2025-03-30 15:04:53,  Lat/Lon: -20.7096°/-173.821°, Depth: 10
2025/03/30 22:14:24.367380 [Incident:Info:toast@toast-new:Magnitude updated] Magnitude updated: 6.14 (M)
2025/03/30 22:14:24.367424 [Simulation:Info:toast@toast-new:Simulation not generated] Magnitude 6.14 of event bmg2025gfyd is smaller than triggerMinMagnitude: no automatic simulation
2025/03/30 22:14:28.741272 [Incident:Info:toast@toast-new:Origin updated] Origin updated: OT: 2025-03-30 15:04:53,  Lat/Lon: -20.7198°/-173.828°, Depth: 10
2025/03/30 22:14:28.741492 [Incident:Info:toast@toast-new:Magnitude updated] Magnitude updated: 6.14 (M)
2025/03/30 22:14:28.741535 [Simulation:Info:toast@toast-new:Simulation not generated] Magnitude 6.14 of event bmg2025gfyd is smaller than triggerMinMagnitude: no automatic simulation
2025/03/30 22:14:29.379521 [Incident:Info:toast@toast-new:Origin updated] Origin updated: OT: 2025-03-30 15:04:53,  Lat/Lon: -20.7198°/-173.828°, Depth: 10
2025/03/30 22:14:29.379709 [Incident:Info:toast@toast-new:Magnitude updated] Magnitude updated: 6.13 (M)
2025/03/30 22:14:29.379754 [Simulation:Info:toast@toast-new:Simulation not generated] Magnitude 6.13 of event bmg2025gfyd is smaller than triggerMinMagnitude: no automatic simulation
2025/03/30 22:14:34.363540 [Incident:Info:toast@toast-new:Origin updated] Origin updated: OT: 2025-03-30 15:04:53,  Lat/Lon: -20.7198°/-173.828°, Depth: 10
2025/03/30 22:14:34.363757 [Incident:Info:toast@toast-new:Magnitude updated] Magnitude updated: 6.10 (Mw(mB))
2025/03/30 22:14:34.363811 [Simulation:Info:toast@toast-new:Simulation not generated] Magnitude 6.10 of event bmg2025gfyd is smaller than triggerMinMagnitude: no automatic simulation
2025/03/30 22:14:34.383382 [Incident:Info:toast@toast-new:Origin updated] Origin updated: OT: 2025-03-30 15:04:53,  Lat/Lon: -20.7198°/-173.828°, Depth: 10
2025/03/30 22:14:34.383505 [Simulation:Info:toast@toast-new:Simulation not generated] Magnitude 6.10 of event bmg2025gfyd is smaller than triggerMinMagnitude: no automatic simulation
2025/03/30 22:14:39.369534 [Incident:Info:toast@toast-new:Origin updated] Origin updated: OT: 2025-03-30 15:04:53,  Lat/Lon: -20.7198°/-173.828°, Depth: 10
2025/03/30 22:14:39.369724 [Incident:Info:toast@toast-new:Magnitude updated] Magnitude updated: 6.18 (Mw(mB))
2025/03/30 22:14:39.369789 [Simulation:Info:toast@toast-new:Simulation not generated] Magnitude 6.18 of event bmg2025gfyd is smaller than triggerMinMagnitude: no automatic simulation
2025/03/30 22:14:42.491131 [Incident:Info:toast@toast-new:Origin updated] Origin updated: OT: 2025-03-30 15:04:53,  Lat/Lon: -20.7211°/-173.824°, Depth: 10
2025/03/30 22:14:42.491344 [Incident:Info:toast@toast-new:Magnitude updated] Magnitude updated: 6.22 (Mw(mB))
2025/03/30 22:14:42.491388 [Simulation:Info:toast@toast-new:Simulation not generated] Magnitude 6.22 of event bmg2025gfyd is smaller than triggerMinMagnitude: no automatic simulation
2025/03/30 22:14:54.367529 [Incident:Info:toast@toast-new:Origin updated] Origin updated: OT: 2025-03-30 15:04:53,  Lat/Lon: -20.7211°/-173.824°, Depth: 10
2025/03/30 22:14:54.367721 [Incident:Info:toast@toast-new:Magnitude updated] Magnitude updated: 6.26 (Mw(mB))
2025/03/30 22:14:54.367784 [Simulation:Info:toast@toast-new:Simulation not generated] Magnitude 6.26 of event bmg2025gfyd is smaller than triggerMinMagnitude: no automatic simulation
2025/03/30 22:14:58.792207 [Incident:Info:toast@toast-new:Origin updated] Origin updated: OT: 2025-03-30 15:04:53,  Lat/Lon: -20.7187°/-173.825°, Depth: 10
2025/03/30 22:14:58.792432 [Incident:Info:toast@toast-new:Magnitude updated] Magnitude updated: 6.26 (Mw(mB))
2025/03/30 22:14:58.792486 [Simulation:Info:toast@toast-new:Simulation not generated] Magnitude 6.26 of event bmg2025gfyd is smaller than triggerMinMagnitude: no automatic simulation
2025/03/30 22:15:09.378105 [Incident:Info:toast@toast-new:Origin updated] Origin updated: OT: 2025-03-30 15:04:53,  Lat/Lon: -20.7187°/-173.825°, Depth: 10
2025/03/30 22:15:09.378301 [Incident:Info:toast@toast-new:Magnitude updated] Magnitude updated: 6.30 (Mw(mB))
2025/03/30 22:15:09.378347 [Simulation:Info:toast@toast-new:Simulation not generated] Magnitude 6.30 of event bmg2025gfyd is smaller than triggerMinMagnitude: no automatic simulation
2025/03/30 22:15:14.367546 [Incident:Info:toast@toast-new:Origin updated] Origin updated: OT: 2025-03-30 15:04:53,  Lat/Lon: -20.7187°/-173.825°, Depth: 10
2025/03/30 22:15:14.367744 [Incident:Info:toast@toast-new:Magnitude updated] Magnitude updated: 6.31 (Mw(mB))
2025/03/30 22:15:14.367788 [Simulation:Info:toast@toast-new:Simulation not generated] Magnitude 6.31 of event bmg2025gfyd is smaller than triggerMinMagnitude: no automatic simulation
2025/03/30 22:15:16.522319 [Incident:Info:toast@toast-new:Origin updated] Origin updated: OT: 2025-03-30 15:04:53,  Lat/Lon: -20.7235°/-173.825°, Depth: 10
2025/03/30 22:15:16.522550 [Incident:Info:toast@toast-new:Magnitude updated] Magnitude updated: 6.31 (Mw(mB))
2025/03/30 22:15:16.522605 [Simulation:Info:toast@toast-new:Simulation not generated] Magnitude 6.31 of event bmg2025gfyd is smaller than triggerMinMagnitude: no automatic simulation
2025/03/30 22:15:19.375757 [Incident:Info:toast@toast-new:Origin updated] Origin updated: OT: 2025-03-30 15:04:53,  Lat/Lon: -20.7235°/-173.825°, Depth: 10
2025/03/30 22:15:19.375969 [Incident:Info:toast@toast-new:Magnitude updated] Magnitude updated: 6.29 (Mw(mB))
2025/03/30 22:15:19.376004 [Simulation:Info:toast@toast-new:Simulation not generated] Magnitude 6.29 of event bmg2025gfyd is smaller than triggerMinMagnitude: no automatic simulation
2025/03/30 22:15:34.372260 [Incident:Info:toast@toast-new:Origin updated] Origin updated: OT: 2025-03-30 15:04:53,  Lat/Lon: -20.7235°/-173.825°, Depth: 10
2025/03/30 22:15:34.372438 [Incident:Info:toast@toast-new:Magnitude updated] Magnitude updated: 6.25 (Mw(mB))
2025/03/30 22:15:34.372492 [Simulation:Info:toast@toast-new:Simulation not generated] Magnitude 6.25 of event bmg2025gfyd is smaller than triggerMinMagnitude: no automatic simulation
2025/03/30 22:15:37.282656 [Incident:Info:toast@toast-new:Origin updated] Origin updated: OT: 2025-03-30 15:04:54,  Lat/Lon: -20.6211°/-173.854°, Depth: 10
2025/03/30 22:15:37.282906 [Incident:Info:toast@toast-new:Magnitude updated] Magnitude updated: 6.25 (Mw(mB))
2025/03/30 22:15:37.282962 [Simulation:Info:toast@toast-new:Simulation not generated] Magnitude 6.25 of event bmg2025gfyd is smaller than triggerMinMagnitude: no automatic simulation
2025/03/30 22:15:39.376428 [Incident:Info:toast@toast-new:Origin updated] Origin updated: OT: 2025-03-30 15:04:54,  Lat/Lon: -20.6211°/-173.854°, Depth: 10
2025/03/30 22:15:39.376632 [Incident:Info:toast@toast-new:Magnitude updated] Magnitude updated: 6.25 (Mw(mB))
2025/03/30 22:15:39.376696 [Simulation:Info:toast@toast-new:Simulation not generated] Magnitude 6.25 of event bmg2025gfyd is smaller than triggerMinMagnitude: no automatic simulation
2025/03/30 22:15:49.386287 [Incident:Info:toast@toast-new:Origin updated] Origin updated: OT: 2025-03-30 15:04:54,  Lat/Lon: -20.6211°/-173.854°, Depth: 10
2025/03/30 22:15:49.386454 [Incident:Info:toast@toast-new:Magnitude updated] Magnitude updated: 6.25 (Mw(mB))
2025/03/30 22:15:49.386511 [Simulation:Info:toast@toast-new:Simulation not generated] Magnitude 6.25 of event bmg2025gfyd is smaller than triggerMinMagnitude: no automatic simulation
2025/03/30 22:15:54.360209 [Incident:Info:toast@toast-new:Origin updated] Origin updated: OT: 2025-03-30 15:04:54,  Lat/Lon: -20.6211°/-173.854°, Depth: 10
2025/03/30 22:15:54.360397 [Incident:Info:toast@toast-new:Magnitude updated] Magnitude updated: 6.26 (Mw(mB))
2025/03/30 22:15:54.360440 [Simulation:Info:toast@toast-new:Simulation not generated] Magnitude 6.26 of event bmg2025gfyd is smaller than triggerMinMagnitude: no automatic simulation
2025/03/30 22:15:59.356474 [Incident:Info:toast@toast-new:Origin updated] Origin updated: OT: 2025-03-30 15:04:54,  Lat/Lon: -20.6211°/-173.854°, Depth: 10
2025/03/30 22:15:59.356683 [Incident:Info:toast@toast-new:Magnitude updated] Magnitude updated: 6.25 (Mw(mB))
2025/03/30 22:15:59.356734 [Simulation:Info:toast@toast-new:Simulation not generated] Magnitude 6.25 of event bmg2025gfyd is smaller than triggerMinMagnitude: no automatic simulation
2025/03/30 22:16:03.943550 [Incident:Info:toast@toast-new:Origin updated] Origin updated: OT: 2025-03-30 15:04:54,  Lat/Lon: -20.6211°/-173.854°, Depth: 10
2025/03/30 22:16:03.943742 [Incident:Info:toast@toast-new:Magnitude updated] Magnitude updated: 6.24 (Mw(mB))
2025/03/30 22:16:03.943807 [Simulation:Info:toast@toast-new:Simulation not generated] Magnitude 6.24 of event bmg2025gfyd is smaller than triggerMinMagnitude: no automatic simulation
2025/03/30 22:16:03.963956 [Incident:Info:toast@toast-new:Origin updated] Origin updated: OT: 2025-03-30 15:04:54,  Lat/Lon: -20.6063°/-173.855°, Depth: 10
2025/03/30 22:16:03.964073 [Incident:Info:toast@toast-new:Magnitude updated] Magnitude updated: 6.25 (Mw(mB))
2025/03/30 22:16:03.964096 [Simulation:Info:toast@toast-new:Simulation not generated] Magnitude 6.25 of event bmg2025gfyd is smaller than triggerMinMagnitude: no automatic simulation
2025/03/30 22:16:09.400309 [Incident:Info:toast@toast-new:Origin updated] Origin updated: OT: 2025-03-30 15:04:54,  Lat/Lon: -20.6063°/-173.855°, Depth: 10
2025/03/30 22:16:09.400505 [Incident:Info:toast@toast-new:Magnitude updated] Magnitude updated: 6.22 (Mw(mB))
2025/03/30 22:16:09.400549 [Simulation:Info:toast@toast-new:Simulation not generated] Magnitude 6.22 of event bmg2025gfyd is smaller than triggerMinMagnitude: no automatic simulation
2025/03/30 22:16:14.397206 [Incident:Info:toast@toast-new:Origin updated] Origin updated: OT: 2025-03-30 15:04:54,  Lat/Lon: -20.6063°/-173.855°, Depth: 10
2025/03/30 22:16:14.397433 [Incident:Info:toast@toast-new:Magnitude updated] Magnitude updated: 6.23 (Mw(mB))
2025/03/30 22:16:14.397497 [Simulation:Info:toast@toast-new:Simulation not generated] Magnitude 6.23 of event bmg2025gfyd is smaller than triggerMinMagnitude: no automatic simulation
2025/03/30 22:16:18.722942 [Incident:Info:toast@toast-new:Origin updated] Origin updated: OT: 2025-03-30 15:04:53,  Lat/Lon: -20.6115°/-173.853°, Depth: 10
2025/03/30 22:16:18.723143 [Incident:Info:toast@toast-new:Magnitude updated] Magnitude updated: 6.23 (Mw(mB))
2025/03/30 22:16:18.723182 [Simulation:Info:toast@toast-new:Simulation not generated] Magnitude 6.23 of event bmg2025gfyd is smaller than triggerMinMagnitude: no automatic simulation
2025/03/30 22:16:19.390802 [Incident:Info:toast@toast-new:Origin updated] Origin updated: OT: 2025-03-30 15:04:53,  Lat/Lon: -20.6115°/-173.853°, Depth: 10
2025/03/30 22:16:19.390986 [Incident:Info:toast@toast-new:Magnitude updated] Magnitude updated: 6.23 (Mw(mB))
2025/03/30 22:16:19.391038 [Simulation:Info:toast@toast-new:Simulation not generated] Magnitude 6.23 of event bmg2025gfyd is smaller than triggerMinMagnitude: no automatic simulation
2025/03/30 22:16:24.398856 [Incident:Info:toast@toast-new:Origin updated] Origin updated: OT: 2025-03-30 15:04:53,  Lat/Lon: -20.6115°/-173.853°, Depth: 10
2025/03/30 22:16:24.399049 [Incident:Info:toast@toast-new:Magnitude updated] Magnitude updated: 6.22 (Mw(mB))
2025/03/30 22:16:24.399094 [Simulation:Info:toast@toast-new:Simulation not generated] Magnitude 6.22 of event bmg2025gfyd is smaller than triggerMinMagnitude: no automatic simulation
2025/03/30 22:16:29.410263 [Incident:Info:toast@toast-new:Origin updated] Origin updated: OT: 2025-03-30 15:04:53,  Lat/Lon: -20.6115°/-173.853°, Depth: 10
2025/03/30 22:16:29.410453 [Incident:Info:toast@toast-new:Magnitude updated] Magnitude updated: 6.22 (Mw(mB))
2025/03/30 22:16:29.410498 [Simulation:Info:toast@toast-new:Simulation not generated] Magnitude 6.22 of event bmg2025gfyd is smaller than triggerMinMagnitude: no automatic simulation
2025/03/30 22:16:34.407296 [Incident:Info:toast@toast-new:Origin updated] Origin updated: OT: 2025-03-30 15:04:53,  Lat/Lon: -20.6115°/-173.853°, Depth: 10
2025/03/30 22:16:34.407469 [Incident:Info:toast@toast-new:Magnitude updated] Magnitude updated: 6.19 (Mw(mB))
2025/03/30 22:16:34.407503 [Simulation:Info:toast@toast-new:Simulation not generated] Magnitude 6.19 of event bmg2025gfyd is smaller than triggerMinMagnitude: no automatic simulation
2025/03/30 22:16:37.835980 [Incident:Info:toast@toast-new:Origin updated] Origin updated: OT: 2025-03-30 15:04:53,  Lat/Lon: -20.6115°/-173.853°, Depth: 10
2025/03/30 22:16:37.836173 [Incident:Info:toast@toast-new:Magnitude updated] Magnitude updated: 6.20 (Mw(mB))
2025/03/30 22:16:37.836219 [Simulation:Info:toast@toast-new:Simulation not generated] Magnitude 6.20 of event bmg2025gfyd is smaller than triggerMinMagnitude: no automatic simulation
2025/03/30 22:16:37.856747 [Incident:Info:toast@toast-new:Origin updated] Origin updated: OT: 2025-03-30 15:04:54,  Lat/Lon: -20.4659°/-173.899°, Depth: 10
2025/03/30 22:16:37.856874 [Incident:Info:toast@toast-new:Magnitude updated] Magnitude updated: 6.20 (Mw(mB))
2025/03/30 22:16:37.856898 [Simulation:Info:toast@toast-new:Simulation not generated] Magnitude 6.20 of event bmg2025gfyd is smaller than triggerMinMagnitude: no automatic simulation
2025/03/30 22:16:39.407009 [Incident:Info:toast@toast-new:Origin updated] Origin updated: OT: 2025-03-30 15:04:54,  Lat/Lon: -20.4659°/-173.899°, Depth: 10
2025/03/30 22:16:39.407204 [Incident:Info:toast@toast-new:Magnitude updated] Magnitude updated: 6.19 (Mw(mB))
2025/03/30 22:16:39.407251 [Simulation:Info:toast@toast-new:Simulation not generated] Magnitude 6.19 of event bmg2025gfyd is smaller than triggerMinMagnitude: no automatic simulation
2025/03/30 22:16:44.444258 [Incident:Info:toast@toast-new:Origin updated] Origin updated: OT: 2025-03-30 15:04:54,  Lat/Lon: -20.4659°/-173.899°, Depth: 10
2025/03/30 22:16:44.444471 [Incident:Info:toast@toast-new:Magnitude updated] Magnitude updated: 6.17 (Mw(mB))
2025/03/30 22:16:44.444517 [Simulation:Info:toast@toast-new:Simulation not generated] Magnitude 6.17 of event bmg2025gfyd is smaller than triggerMinMagnitude: no automatic simulation
2025/03/30 22:16:49.432719 [Incident:Info:toast@toast-new:Origin updated] Origin updated: OT: 2025-03-30 15:04:54,  Lat/Lon: -20.4659°/-173.899°, Depth: 10
2025/03/30 22:16:49.432934 [Incident:Info:toast@toast-new:Magnitude updated] Magnitude updated: 6.17 (Mw(mB))
2025/03/30 22:16:49.432996 [Simulation:Info:toast@toast-new:Simulation not generated] Magnitude 6.17 of event bmg2025gfyd is smaller than triggerMinMagnitude: no automatic simulation
2025/03/30 22:16:53.265348 [Incident:Info:toast@toast-new:Origin updated] Origin updated: OT: 2025-03-30 15:04:54,  Lat/Lon: -20.4659°/-173.899°, Depth: 10
2025/03/30 22:16:53.265534 [Incident:Info:toast@toast-new:Magnitude updated] Magnitude updated: 6.15 (Mw(mB))
2025/03/30 22:16:53.265577 [Simulation:Info:toast@toast-new:Simulation not generated] Magnitude 6.15 of event bmg2025gfyd is smaller than triggerMinMagnitude: no automatic simulation
2025/03/30 22:16:54.424505 [Incident:Info:toast@toast-new:Origin updated] Origin updated: OT: 2025-03-30 15:04:54,  Lat/Lon: -20.4659°/-173.899°, Depth: 10
2025/03/30 22:16:54.424700 [Incident:Info:toast@toast-new:Magnitude updated] Magnitude updated: 6.15 (Mw(mB))
2025/03/30 22:16:54.424751 [Simulation:Info:toast@toast-new:Simulation not generated] Magnitude 6.15 of event bmg2025gfyd is smaller than triggerMinMagnitude: no automatic simulation
2025/03/30 22:16:59.434505 [Incident:Info:toast@toast-new:Origin updated] Origin updated: OT: 2025-03-30 15:04:54,  Lat/Lon: -20.4659°/-173.899°, Depth: 10
2025/03/30 22:16:59.434696 [Incident:Info:toast@toast-new:Magnitude updated] Magnitude updated: 6.14 (Mw(mB))
2025/03/30 22:16:59.434765 [Simulation:Info:toast@toast-new:Simulation not generated] Magnitude 6.14 of event bmg2025gfyd is smaller than triggerMinMagnitude: no automatic simulation
2025/03/30 22:17:00.609794 [Incident:Info:toast@toast-new:Origin updated] Origin updated: OT: 2025-03-30 15:04:54,  Lat/Lon: -20.4659°/-173.899°, Depth: 10
2025/03/30 22:17:00.609974 [Incident:Info:toast@toast-new:Magnitude updated] Magnitude updated: 6.14 (Mw(mB))
2025/03/30 22:17:00.610017 [Simulation:Info:toast@toast-new:Simulation not generated] Magnitude 6.14 of event bmg2025gfyd is smaller than triggerMinMagnitude: no automatic simulation
2025/03/30 22:17:00.630320 [Incident:Info:toast@toast-new:Origin updated] Origin updated: OT: 2025-03-30 15:04:54,  Lat/Lon: -20.4309°/-173.918°, Depth: 10
2025/03/30 22:17:00.630422 [Incident:Info:toast@toast-new:Magnitude updated] Magnitude updated: 6.14 (Mw(mB))
2025/03/30 22:17:00.630444 [Simulation:Info:toast@toast-new:Simulation not generated] Magnitude 6.14 of event bmg2025gfyd is smaller than triggerMinMagnitude: no automatic simulation
2025/03/30 22:17:09.436955 [Incident:Info:toast@toast-new:Origin updated] Origin updated: OT: 2025-03-30 15:04:54,  Lat/Lon: -20.4309°/-173.918°, Depth: 10
2025/03/30 22:17:09.437139 [Incident:Info:toast@toast-new:Magnitude updated] Magnitude updated: 6.15 (Mw(mB))
2025/03/30 22:17:09.437182 [Simulation:Info:toast@toast-new:Simulation not generated] Magnitude 6.15 of event bmg2025gfyd is smaller than triggerMinMagnitude: no automatic simulation
2025/03/30 22:17:14.394065 [Incident:Info:toast@toast-new:Origin updated] Origin updated: OT: 2025-03-30 15:04:54,  Lat/Lon: -20.4309°/-173.918°, Depth: 10
2025/03/30 22:17:14.394285 [Incident:Info:toast@toast-new:Magnitude updated] Magnitude updated: 6.15 (Mw(mB))
2025/03/30 22:17:14.394346 [Simulation:Info:toast@toast-new:Simulation not generated] Magnitude 6.15 of event bmg2025gfyd is smaller than triggerMinMagnitude: no automatic simulation
2025/03/30 22:17:19.396897 [Incident:Info:toast@toast-new:Origin updated] Origin updated: OT: 2025-03-30 15:04:54,  Lat/Lon: -20.4309°/-173.918°, Depth: 10
2025/03/30 22:17:19.397095 [Incident:Info:toast@toast-new:Magnitude updated] Magnitude updated: 6.15 (Mw(mB))
2025/03/30 22:17:19.397160 [Simulation:Info:toast@toast-new:Simulation not generated] Magnitude 6.15 of event bmg2025gfyd is smaller than triggerMinMagnitude: no automatic simulation
2025/03/30 22:17:24.386733 [Incident:Info:toast@toast-new:Origin updated] Origin updated: OT: 2025-03-30 15:04:54,  Lat/Lon: -20.4309°/-173.918°, Depth: 10
2025/03/30 22:17:24.386933 [Incident:Info:toast@toast-new:Magnitude updated] Magnitude updated: 6.15 (Mw(mB))
2025/03/30 22:17:24.387001 [Simulation:Info:toast@toast-new:Simulation not generated] Magnitude 6.15 of event bmg2025gfyd is smaller than triggerMinMagnitude: no automatic simulation
2025/03/30 22:17:26.865631 [Incident:Info:toast@toast-new:Origin updated] Origin updated: OT: 2025-03-30 15:04:54,  Lat/Lon: -20.4309°/-173.918°, Depth: 10
2025/03/30 22:17:26.865827 [Incident:Info:toast@toast-new:Magnitude updated] Magnitude updated: 6.15 (Mw(mB))
2025/03/30 22:17:26.865890 [Simulation:Info:toast@toast-new:Simulation not generated] Magnitude 6.15 of event bmg2025gfyd is smaller than triggerMinMagnitude: no automatic simulation
2025/03/30 22:17:26.886085 [Incident:Info:toast@toast-new:Origin updated] Origin updated: OT: 2025-03-30 15:04:56,  Lat/Lon: -20.4525°/-174.288°, Depth: 10
2025/03/30 22:17:26.886204 [Incident:Info:toast@toast-new:Magnitude updated] Magnitude updated: 6.15 (Mw(mB))
2025/03/30 22:17:26.886229 [Simulation:Info:toast@toast-new:Simulation not generated] Magnitude 6.15 of event bmg2025gfyd is smaller than triggerMinMagnitude: no automatic simulation
2025/03/30 22:17:29.452069 [Incident:Info:toast@toast-new:Origin updated] Origin updated: OT: 2025-03-30 15:04:56,  Lat/Lon: -20.4525°/-174.288°, Depth: 10
2025/03/30 22:17:29.452278 [Incident:Info:toast@toast-new:Magnitude updated] Magnitude updated: 6.16 (Mw(mB))
2025/03/30 22:17:29.452332 [Simulation:Info:toast@toast-new:Simulation not generated] Magnitude 6.16 of event bmg2025gfyd is smaller than triggerMinMagnitude: no automatic simulation
2025/03/30 22:17:34.455296 [Incident:Info:toast@toast-new:Origin updated] Origin updated: OT: 2025-03-30 15:04:56,  Lat/Lon: -20.4525°/-174.288°, Depth: 10
2025/03/30 22:17:34.455498 [Incident:Info:toast@toast-new:Magnitude updated] Magnitude updated: 6.16 (Mw(mB))
2025/03/30 22:17:34.455543 [Simulation:Info:toast@toast-new:Simulation not generated] Magnitude 6.16 of event bmg2025gfyd is smaller than triggerMinMagnitude: no automatic simulation
2025/03/30 22:17:39.454406 [Incident:Info:toast@toast-new:Origin updated] Origin updated: OT: 2025-03-30 15:04:56,  Lat/Lon: -20.4525°/-174.288°, Depth: 10
2025/03/30 22:17:39.454595 [Incident:Info:toast@toast-new:Magnitude updated] Magnitude updated: 6.16 (Mw(mB))
2025/03/30 22:17:39.454627 [Simulation:Info:toast@toast-new:Simulation not generated] Magnitude 6.16 of event bmg2025gfyd is smaller than triggerMinMagnitude: no automatic simulation
2025/03/30 22:17:44.403466 [Incident:Info:toast@toast-new:Origin updated] Origin updated: OT: 2025-03-30 15:04:56,  Lat/Lon: -20.4525°/-174.288°, Depth: 10
2025/03/30 22:17:44.403650 [Incident:Info:toast@toast-new:Magnitude updated] Magnitude updated: 6.15 (Mw(mB))
2025/03/30 22:17:44.403683 [Simulation:Info:toast@toast-new:Simulation not generated] Magnitude 6.15 of event bmg2025gfyd is smaller than triggerMinMagnitude: no automatic simulation
2025/03/30 22:17:49.403532 [Incident:Info:toast@toast-new:Origin updated] Origin updated: OT: 2025-03-30 15:04:56,  Lat/Lon: -20.4525°/-174.288°, Depth: 10
2025/03/30 22:17:49.403720 [Incident:Info:toast@toast-new:Magnitude updated] Magnitude updated: 6.17 (Mw(mB))
2025/03/30 22:17:49.403765 [Simulation:Info:toast@toast-new:Simulation not generated] Magnitude 6.17 of event bmg2025gfyd is smaller than triggerMinMagnitude: no automatic simulation
2025/03/30 22:17:54.405363 [Incident:Info:toast@toast-new:Origin updated] Origin updated: OT: 2025-03-30 15:04:56,  Lat/Lon: -20.4525°/-174.288°, Depth: 10
2025/03/30 22:17:54.405602 [Incident:Info:toast@toast-new:Magnitude updated] Magnitude updated: 6.17 (Mw(mB))
2025/03/30 22:17:54.405641 [Simulation:Info:toast@toast-new:Simulation not generated] Magnitude 6.17 of event bmg2025gfyd is smaller than triggerMinMagnitude: no automatic simulation
2025/03/30 22:17:59.404107 [Incident:Info:toast@toast-new:Origin updated] Origin updated: OT: 2025-03-30 15:04:56,  Lat/Lon: -20.4525°/-174.288°, Depth: 10
2025/03/30 22:17:59.404289 [Incident:Info:toast@toast-new:Magnitude updated] Magnitude updated: 6.17 (Mw(mB))
2025/03/30 22:17:59.404334 [Simulation:Info:toast@toast-new:Simulation not generated] Magnitude 6.17 of event bmg2025gfyd is smaller than triggerMinMagnitude: no automatic simulation
2025/03/30 22:18:15.615589 [Incident:Info:toast@toast-new:Origin updated] Origin updated: OT: 2025-03-30 15:04:56,  Lat/Lon: -20.4502°/-174.276°, Depth: 10
2025/03/30 22:18:15.615740 [Incident:Info:toast@toast-new:Magnitude updated] Magnitude updated: 6.18 (Mw(mB))
2025/03/30 22:18:15.615771 [Simulation:Info:toast@toast-new:Simulation not generated] Magnitude 6.18 of event bmg2025gfyd is smaller than triggerMinMagnitude: no automatic simulation
2025/03/30 22:18:19.406760 [Incident:Info:toast@toast-new:Origin updated] Origin updated: OT: 2025-03-30 15:04:56,  Lat/Lon: -20.4502°/-174.276°, Depth: 10
2025/03/30 22:18:19.406955 [Incident:Info:toast@toast-new:Magnitude updated] Magnitude updated: 6.18 (Mw(mB))
2025/03/30 22:18:19.407006 [Simulation:Info:toast@toast-new:Simulation not generated] Magnitude 6.18 of event bmg2025gfyd is smaller than triggerMinMagnitude: no automatic simulation
2025/03/30 22:18:24.410068 [Incident:Info:toast@toast-new:Origin updated] Origin updated: OT: 2025-03-30 15:04:56,  Lat/Lon: -20.4502°/-174.276°, Depth: 10
2025/03/30 22:18:24.410273 [Incident:Info:toast@toast-new:Magnitude updated] Magnitude updated: 6.18 (Mw(mB))
2025/03/30 22:18:24.410319 [Simulation:Info:toast@toast-new:Simulation not generated] Magnitude 6.18 of event bmg2025gfyd is smaller than triggerMinMagnitude: no automatic simulation
2025/03/30 22:18:34.410155 [Incident:Info:toast@toast-new:Origin updated] Origin updated: OT: 2025-03-30 15:04:56,  Lat/Lon: -20.4502°/-174.276°, Depth: 10
2025/03/30 22:18:34.410355 [Incident:Info:toast@toast-new:Magnitude updated] Magnitude updated: 6.18 (Mw(mB))
2025/03/30 22:18:34.410403 [Simulation:Info:toast@toast-new:Simulation not generated] Magnitude 6.18 of event bmg2025gfyd is smaller than triggerMinMagnitude: no automatic simulation
2025/03/30 22:18:39.419220 [Incident:Info:toast@toast-new:Origin updated] Origin updated: OT: 2025-03-30 15:04:56,  Lat/Lon: -20.4502°/-174.276°, Depth: 10
2025/03/30 22:18:39.419420 [Incident:Info:toast@toast-new:Magnitude updated] Magnitude updated: 6.19 (Mw(mB))
2025/03/30 22:18:39.419469 [Simulation:Info:toast@toast-new:Simulation not generated] Magnitude 6.19 of event bmg2025gfyd is smaller than triggerMinMagnitude: no automatic simulation
2025/03/30 22:18:44.410287 [Incident:Info:toast@toast-new:Origin updated] Origin updated: OT: 2025-03-30 15:04:56,  Lat/Lon: -20.4502°/-174.276°, Depth: 10
2025/03/30 22:18:44.410478 [Incident:Info:toast@toast-new:Magnitude updated] Magnitude updated: 6.19 (Mw(mB))
2025/03/30 22:18:44.410520 [Simulation:Info:toast@toast-new:Simulation not generated] Magnitude 6.19 of event bmg2025gfyd is smaller than triggerMinMagnitude: no automatic simulation
2025/03/30 22:18:49.413718 [Incident:Info:toast@toast-new:Origin updated] Origin updated: OT: 2025-03-30 15:04:56,  Lat/Lon: -20.4502°/-174.276°, Depth: 10
2025/03/30 22:18:49.413927 [Incident:Info:toast@toast-new:Magnitude updated] Magnitude updated: 6.19 (Mw(mB))
2025/03/30 22:18:49.413982 [Simulation:Info:toast@toast-new:Simulation not generated] Magnitude 6.19 of event bmg2025gfyd is smaller than triggerMinMagnitude: no automatic simulation
2025/03/30 22:19:24.223972 [Incident:Info:toast@toast-new:Origin updated] Origin updated: OT: 2025-03-30 15:04:56,  Lat/Lon: -20.4375°/-174.257°, Depth: 10
2025/03/30 22:19:24.224150 [Incident:Info:toast@toast-new:Magnitude updated] Magnitude updated: 6.21 (Mw(mB))
2025/03/30 22:19:24.224183 [Simulation:Info:toast@toast-new:Simulation not generated] Magnitude 6.21 of event bmg2025gfyd is smaller than triggerMinMagnitude: no automatic simulation
2025/03/30 22:19:34.416112 [Incident:Info:toast@toast-new:Origin updated] Origin updated: OT: 2025-03-30 15:04:56,  Lat/Lon: -20.4375°/-174.257°, Depth: 10
2025/03/30 22:19:34.416301 [Incident:Info:toast@toast-new:Magnitude updated] Magnitude updated: 6.21 (Mw(mB))
2025/03/30 22:19:34.416346 [Simulation:Info:toast@toast-new:Simulation not generated] Magnitude 6.21 of event bmg2025gfyd is smaller than triggerMinMagnitude: no automatic simulation
2025/03/30 22:19:39.409919 [Incident:Info:toast@toast-new:Origin updated] Origin updated: OT: 2025-03-30 15:04:56,  Lat/Lon: -20.4375°/-174.257°, Depth: 10
2025/03/30 22:19:39.410075 [Incident:Info:toast@toast-new:Magnitude updated] Magnitude updated: 6.21 (Mw(mB))
2025/03/30 22:19:39.410106 [Simulation:Info:toast@toast-new:Simulation not generated] Magnitude 6.21 of event bmg2025gfyd is smaller than triggerMinMagnitude: no automatic simulation
2025/03/30 22:19:45.057644 [Incident:Info:toast@toast-new:Origin updated] Origin updated: OT: 2025-03-30 15:04:56,  Lat/Lon: -20.4375°/-174.257°, Depth: 10
2025/03/30 22:19:45.057843 [Incident:Info:toast@toast-new:Magnitude updated] Magnitude updated: 6.21 (Mw(mB))
2025/03/30 22:19:45.057893 [Simulation:Info:toast@toast-new:Simulation not generated] Magnitude 6.21 of event bmg2025gfyd is smaller than triggerMinMagnitude: no automatic simulation
2025/03/30 22:19:49.423440 [Incident:Info:toast@toast-new:Origin updated] Origin updated: OT: 2025-03-30 15:04:56,  Lat/Lon: -20.4375°/-174.257°, Depth: 10
2025/03/30 22:19:49.423628 [Incident:Info:toast@toast-new:Magnitude updated] Magnitude updated: 6.21 (Mw(mB))
2025/03/30 22:19:49.423675 [Simulation:Info:toast@toast-new:Simulation not generated] Magnitude 6.21 of event bmg2025gfyd is smaller than triggerMinMagnitude: no automatic simulation
2025/03/30 22:20:04.419731 [Incident:Info:toast@toast-new:Origin updated] Origin updated: OT: 2025-03-30 15:04:56,  Lat/Lon: -20.4375°/-174.257°, Depth: 10
2025/03/30 22:20:04.419942 [Incident:Info:toast@toast-new:Magnitude updated] Magnitude updated: 6.21 (Mw(mB))
2025/03/30 22:20:04.419985 [Simulation:Info:toast@toast-new:Simulation not generated] Magnitude 6.21 of event bmg2025gfyd is smaller than triggerMinMagnitude: no automatic simulation
2025/03/30 22:21:04.522605 [Incident:Info:toast@toast-new:Origin updated] Origin updated: OT: 2025-03-30 15:04:57,  Lat/Lon: -20.42°/-174.367°, Depth: 10
2025/03/30 22:21:04.522822 [Incident:Info:toast@toast-new:Magnitude updated] Magnitude updated: 6.21 (Mw(mB))
2025/03/30 22:21:04.522865 [Simulation:Info:toast@toast-new:Simulation not generated] Magnitude 6.21 of event bmg2025gfyd is smaller than triggerMinMagnitude: no automatic simulation
2025/03/30 22:24:51.596346 [Incident:Info:toast@toast-new:Origin updated] Origin updated: OT: 2025-03-30 15:04:57,  Lat/Lon: -20.42°/-174.367°, Depth: 10
2025/03/30 22:24:51.596495 [Simulation:Info:toast@toast-new:Simulation not generated] Magnitude 6.21 of event bmg2025gfyd is smaller than triggerMinMagnitude: no automatic simulation
2025/03/30 22:27:59.234374 [Incident:Info:toast@toast-new:Origin updated] Origin updated: OT: 2025-03-30 15:04:57,  Lat/Lon: -20.42°/-174.367°, Depth: 10
2025/03/30 22:27:59.234564 [Simulation:Info:toast@toast-new:Simulation not generated] Magnitude 6.21 of event bmg2025gfyd is smaller than triggerMinMagnitude: no automatic simulation
2025/03/30 22:34:57.466321 [Incident:Info:toast@toast-new:Origin updated] Origin updated: OT: 2025-03-30 15:04:57,  Lat/Lon: -20.42°/-174.367°, Depth: 10
2025/03/30 22:34:57.466500 [Simulation:Info:toast@toast-new:Simulation not generated] Magnitude 6.21 of event bmg2025gfyd is smaller than triggerMinMagnitude: no automatic simulation
2025/03/30 23:35:02.818827 [Incident:Info:toast@toast-new:Origin updated] Origin updated: OT: 2025-03-30 15:04:56,  Lat/Lon: -20.5408°/-174.171°, Depth: 10
2025/03/30 23:35:02.819026 [Incident:Info:toast@toast-new:Magnitude updated] Magnitude updated: 6.21 (Mw(mB))
2025/03/30 23:35:02.819064 [Simulation:Info:toast@toast-new:Simulation not generated] Magnitude 6.21 of event bmg2025gfyd is smaller than triggerMinMagnitude: no automatic simulation
2025/03/31 03:41:14.635567 [Incident:Info:toast@toast-new:Origin updated] Origin updated: OT: 2025-03-30 15:04:56,  Lat/Lon: -20.5408°/-174.171°, Depth: 10
2025/03/31 03:41:14.635694 [Incident:Info:toast@toast-new:FM updated] FM updated
2025/03/31 03:41:14.635857 [Simulation:Info:toast@toast-new:Simulation not generated] Magnitude 6.21 of event bmg2025gfyd is smaller than triggerMinMagnitude: no automatic simulation
2025/03/31 03:47:46.334777 [Incident:Info:toast@toast-new:Origin updated] Origin updated: OT: 2025-03-30 15:04:56,  Lat/Lon: -20.5408°/-174.171°, Depth: 10
2025/03/31 03:47:46.334979 [Simulation:Info:toast@toast-new:Simulation not generated] Magnitude 6.21 of event bmg2025gfyd is smaller than triggerMinMagnitude: no automatic simulation
2025/03/31 03:51:08.360702 [Incident:Info:toast@toast-new:Origin updated] Origin updated: OT: 2025-03-30 15:04:56,  Lat/Lon: -20.5408°/-174.171°, Depth: 10
2025/03/31 03:51:08.360861 [Simulation:Info:toast@toast-new:Simulation not generated] Magnitude 6.21 of event bmg2025gfyd is smaller than triggerMinMagnitude: no automatic simulation
2025/03/31 03:51:08.375399 [Incident:Info:toast@toast-new:Origin updated] Origin updated: OT: 2025-03-30 15:04:56,  Lat/Lon: -20.5408°/-174.171°, Depth: 10
2025/03/31 03:51:08.375515 [Incident:Info:toast@toast-new:Magnitude updated] Magnitude updated: 6.28 (Mw)
2025/03/31 03:51:08.375573 [Simulation:Info:toast@toast-new:Simulation not generated] Magnitude 6.28 of event bmg2025gfyd is smaller than triggerMinMagnitude: no automatic simulation
2025/03/31 05:27:30.704646 [Incident:Info:toast@toast-new:Origin updated] Origin updated: OT: 2025-03-30 15:04:56,  Lat/Lon: -20.5892°/-174.213°, Depth: 10
2025/03/31 05:27:30.704849 [Incident:Info:toast@toast-new:FM updated] FM updated
2025/03/31 05:27:30.705112 [Simulation:Info:toast@toast-new:Simulation not generated] Magnitude 6.28 of event bmg2025gfyd is smaller than triggerMinMagnitude: no automatic simulation
2025/04/10 10:03:36.482792 [Incident:Info:toast@toast-new:Incident removed] Removed incident - Bye
