2025/07/05 01:23:08.176237 [Incident:Info:toast@toast-new:Displacement(s) updated] Added 0 and changed 0 displacements with 0 amplitudes
2025/07/05 01:23:08.176830 [Incident:Info:toast@toast-new:Incident created] Incident created based on event received from messaging: OT: 2025-07-04 18:14:34,  Lat/Lon: 36.82°/141.84°, Depth: 10.00, Mag: 5.26 (M)
2025/07/05 01:23:08.177453 [Simulation:Info:toast@toast-new:Simulation not generated] Magnitude 5.26 of event bmg2025mzor is smaller than triggerMinMagnitude: no automatic simulation
2025/07/05 01:23:08.198820 [Incident:Info:toast@toast-new:Origin updated] Origin updated: OT: 2025-07-04 18:14:34,  Lat/Lon: 36.8228°/141.839°, Depth: 10
2025/07/05 01:23:08.198975 [Simulation:Info:toast@toast-new:Simulation not generated] Magnitude 5.26 of event bmg2025mzor is smaller than triggerMinMagnitude: no automatic simulation
2025/07/05 01:23:21.861751 [Incident:Info:toast@toast-new:Origin updated] Origin updated: OT: 2025-07-04 18:14:34,  Lat/Lon: 36.8461°/141.709°, Depth: 10
2025/07/05 01:23:21.861952 [Incident:Info:toast@toast-new:Magnitude updated] Magnitude updated: 5.25 (M)
2025/07/05 01:23:21.861995 [Simulation:Info:toast@toast-new:Simulation not generated] Magnitude 5.25 of event bmg2025mzor is smaller than triggerMinMagnitude: no automatic simulation
2025/07/05 01:23:28.679892 [Incident:Info:toast@toast-new:Origin updated] Origin updated: OT: 2025-07-04 18:14:34,  Lat/Lon: 36.8461°/141.709°, Depth: 10
2025/07/05 01:23:28.680079 [Incident:Info:toast@toast-new:Magnitude updated] Magnitude updated: 5.27 (M)
2025/07/05 01:23:28.680122 [Simulation:Info:toast@toast-new:Simulation not generated] Magnitude 5.27 of event bmg2025mzor is smaller than triggerMinMagnitude: no automatic simulation
2025/07/05 01:23:33.682920 [Incident:Info:toast@toast-new:Origin updated] Origin updated: OT: 2025-07-04 18:14:34,  Lat/Lon: 36.8461°/141.709°, Depth: 10
2025/07/05 01:23:33.683093 [Incident:Info:toast@toast-new:Magnitude updated] Magnitude updated: 5.32 (M)
2025/07/05 01:23:33.683123 [Simulation:Info:toast@toast-new:Simulation not generated] Magnitude 5.32 of event bmg2025mzor is smaller than triggerMinMagnitude: no automatic simulation
2025/07/05 01:23:36.155350 [Incident:Info:toast@toast-new:Origin updated] Origin updated: OT: 2025-07-04 18:14:34,  Lat/Lon: 36.8502°/141.714°, Depth: 10
2025/07/05 01:23:36.155534 [Incident:Info:toast@toast-new:Magnitude updated] Magnitude updated: 5.32 (M)
2025/07/05 01:23:36.155564 [Simulation:Info:toast@toast-new:Simulation not generated] Magnitude 5.32 of event bmg2025mzor is smaller than triggerMinMagnitude: no automatic simulation
2025/07/05 01:23:43.675807 [Incident:Info:toast@toast-new:Origin updated] Origin updated: OT: 2025-07-04 18:14:34,  Lat/Lon: 36.8502°/141.714°, Depth: 10
2025/07/05 01:23:43.676023 [Incident:Info:toast@toast-new:Magnitude updated] Magnitude updated: 5.31 (M)
2025/07/05 01:23:43.676067 [Simulation:Info:toast@toast-new:Simulation not generated] Magnitude 5.31 of event bmg2025mzor is smaller than triggerMinMagnitude: no automatic simulation
2025/07/05 01:23:48.676112 [Incident:Info:toast@toast-new:Origin updated] Origin updated: OT: 2025-07-04 18:14:34,  Lat/Lon: 36.8502°/141.714°, Depth: 10
2025/07/05 01:23:48.676305 [Incident:Info:toast@toast-new:Magnitude updated] Magnitude updated: 5.28 (M)
2025/07/05 01:23:48.676351 [Simulation:Info:toast@toast-new:Simulation not generated] Magnitude 5.28 of event bmg2025mzor is smaller than triggerMinMagnitude: no automatic simulation
2025/07/05 01:23:53.265817 [Incident:Info:toast@toast-new:Origin updated] Origin updated: OT: 2025-07-04 18:14:34,  Lat/Lon: 36.8467°/141.744°, Depth: 10
2025/07/05 01:23:53.265991 [Incident:Info:toast@toast-new:Magnitude updated] Magnitude updated: 5.22 (M)
2025/07/05 01:23:53.266050 [Simulation:Info:toast@toast-new:Simulation not generated] Magnitude 5.22 of event bmg2025mzor is smaller than triggerMinMagnitude: no automatic simulation
2025/07/05 01:24:08.685768 [Incident:Info:toast@toast-new:Origin updated] Origin updated: OT: 2025-07-04 18:14:34,  Lat/Lon: 36.8467°/141.744°, Depth: 10
2025/07/05 01:24:08.685981 [Incident:Info:toast@toast-new:Magnitude updated] Magnitude updated: 5.23 (M)
2025/07/05 01:24:08.686026 [Simulation:Info:toast@toast-new:Simulation not generated] Magnitude 5.23 of event bmg2025mzor is smaller than triggerMinMagnitude: no automatic simulation
2025/07/05 01:24:15.593392 [Incident:Info:toast@toast-new:Origin updated] Origin updated: OT: 2025-07-04 18:14:34,  Lat/Lon: 36.8362°/141.76°, Depth: 10
2025/07/05 01:24:15.593593 [Incident:Info:toast@toast-new:Magnitude updated] Magnitude updated: 5.23 (M)
2025/07/05 01:24:15.593625 [Simulation:Info:toast@toast-new:Simulation not generated] Magnitude 5.23 of event bmg2025mzor is smaller than triggerMinMagnitude: no automatic simulation
2025/07/05 01:24:23.684953 [Incident:Info:toast@toast-new:Origin updated] Origin updated: OT: 2025-07-04 18:14:34,  Lat/Lon: 36.8362°/141.76°, Depth: 10
2025/07/05 01:24:23.685154 [Incident:Info:toast@toast-new:Magnitude updated] Magnitude updated: 5.23 (M)
2025/07/05 01:24:23.685199 [Simulation:Info:toast@toast-new:Simulation not generated] Magnitude 5.23 of event bmg2025mzor is smaller than triggerMinMagnitude: no automatic simulation
2025/07/05 01:24:28.684697 [Incident:Info:toast@toast-new:Origin updated] Origin updated: OT: 2025-07-04 18:14:34,  Lat/Lon: 36.8362°/141.76°, Depth: 10
2025/07/05 01:24:28.684905 [Incident:Info:toast@toast-new:Magnitude updated] Magnitude updated: 5.24 (M)
2025/07/05 01:24:28.684951 [Simulation:Info:toast@toast-new:Simulation not generated] Magnitude 5.24 of event bmg2025mzor is smaller than triggerMinMagnitude: no automatic simulation
2025/07/05 01:24:35.181431 [Incident:Info:toast@toast-new:Origin updated] Origin updated: OT: 2025-07-04 18:14:34,  Lat/Lon: 36.8259°/141.746°, Depth: 10
2025/07/05 01:24:35.181648 [Incident:Info:toast@toast-new:Magnitude updated] Magnitude updated: 5.23 (M)
2025/07/05 01:24:35.181684 [Simulation:Info:toast@toast-new:Simulation not generated] Magnitude 5.23 of event bmg2025mzor is smaller than triggerMinMagnitude: no automatic simulation
2025/07/05 01:24:48.697719 [Incident:Info:toast@toast-new:Origin updated] Origin updated: OT: 2025-07-04 18:14:34,  Lat/Lon: 36.8259°/141.746°, Depth: 10
2025/07/05 01:24:48.697906 [Incident:Info:toast@toast-new:Magnitude updated] Magnitude updated: 5.23 (M)
2025/07/05 01:24:48.697949 [Simulation:Info:toast@toast-new:Simulation not generated] Magnitude 5.23 of event bmg2025mzor is smaller than triggerMinMagnitude: no automatic simulation
2025/07/05 01:24:53.683785 [Incident:Info:toast@toast-new:Origin updated] Origin updated: OT: 2025-07-04 18:14:34,  Lat/Lon: 36.8259°/141.746°, Depth: 10
2025/07/05 01:24:53.683968 [Incident:Info:toast@toast-new:Magnitude updated] Magnitude updated: 5.21 (M)
2025/07/05 01:24:53.684011 [Simulation:Info:toast@toast-new:Simulation not generated] Magnitude 5.21 of event bmg2025mzor is smaller than triggerMinMagnitude: no automatic simulation
2025/07/05 01:24:58.684262 [Incident:Info:toast@toast-new:Origin updated] Origin updated: OT: 2025-07-04 18:14:34,  Lat/Lon: 36.8259°/141.746°, Depth: 10
2025/07/05 01:24:58.684450 [Incident:Info:toast@toast-new:Magnitude updated] Magnitude updated: 5.20 (M)
2025/07/05 01:24:58.684496 [Simulation:Info:toast@toast-new:Simulation not generated] Magnitude 5.20 of event bmg2025mzor is smaller than triggerMinMagnitude: no automatic simulation
2025/07/05 01:25:03.688296 [Incident:Info:toast@toast-new:Origin updated] Origin updated: OT: 2025-07-04 18:14:34,  Lat/Lon: 36.8259°/141.746°, Depth: 10
2025/07/05 01:25:03.688487 [Incident:Info:toast@toast-new:Magnitude updated] Magnitude updated: 5.23 (M)
2025/07/05 01:25:03.688531 [Simulation:Info:toast@toast-new:Simulation not generated] Magnitude 5.23 of event bmg2025mzor is smaller than triggerMinMagnitude: no automatic simulation
2025/07/05 01:25:13.404991 [Incident:Info:toast@toast-new:Origin updated] Origin updated: OT: 2025-07-04 18:14:34,  Lat/Lon: 36.8069°/141.89°, Depth: 10
2025/07/05 01:25:13.405194 [Incident:Info:toast@toast-new:Magnitude updated] Magnitude updated: 5.26 (M)
2025/07/05 01:25:13.405266 [Simulation:Info:toast@toast-new:Simulation not generated] Magnitude 5.26 of event bmg2025mzor is smaller than triggerMinMagnitude: no automatic simulation
2025/07/05 01:25:53.401847 [Incident:Info:toast@toast-new:Origin updated] Origin updated: OT: 2025-07-04 18:14:34,  Lat/Lon: 36.7986°/141.868°, Depth: 10
2025/07/05 01:25:53.402055 [Incident:Info:toast@toast-new:Magnitude updated] Magnitude updated: 5.25 (M)
2025/07/05 01:25:53.402097 [Simulation:Info:toast@toast-new:Simulation not generated] Magnitude 5.25 of event bmg2025mzor is smaller than triggerMinMagnitude: no automatic simulation
2025/07/05 01:27:43.215011 [Incident:Info:toast@toast-new:Origin updated] Origin updated: OT: 2025-07-04 18:14:34,  Lat/Lon: 36.7953°/141.868°, Depth: 10
2025/07/05 01:27:43.215208 [Incident:Info:toast@toast-new:Magnitude updated] Magnitude updated: 5.25 (M)
2025/07/05 01:27:43.215249 [Simulation:Info:toast@toast-new:Simulation not generated] Magnitude 5.25 of event bmg2025mzor is smaller than triggerMinMagnitude: no automatic simulation
2025/07/05 01:35:02.381226 [Incident:Info:toast@toast-new:Origin updated] Origin updated: OT: 2025-07-04 18:14:34,  Lat/Lon: 36.7971°/141.867°, Depth: 10
2025/07/05 01:35:02.381462 [Incident:Info:toast@toast-new:Magnitude updated] Magnitude updated: 5.25 (M)
2025/07/05 01:35:02.381518 [Simulation:Info:toast@toast-new:Simulation not generated] Magnitude 5.25 of event bmg2025mzor is smaller than triggerMinMagnitude: no automatic simulation
2025/07/05 05:47:13.814736 [Incident:Info:toast@toast-new:Origin updated] Origin updated: OT: 2025-07-04 18:14:34,  Lat/Lon: 36.8031°/141.843°, Depth: 13.3175
2025/07/05 05:47:13.814961 [Incident:Info:toast@toast-new:Magnitude updated] Magnitude updated: 5.20 (mb)
2025/07/05 05:47:13.815022 [Simulation:Info:toast@toast-new:Simulation not generated] Magnitude 5.20 of event bmg2025mzor is smaller than triggerMinMagnitude: no automatic simulation
2025/07/05 05:47:13.891146 [Incident:Info:toast@toast-new:Origin updated] Origin updated: OT: 2025-07-04 18:14:34,  Lat/Lon: 36.8031°/141.843°, Depth: 13.3175
2025/07/05 05:47:13.891329 [Incident:Info:toast@toast-new:Magnitude updated] Magnitude updated: 5.23 (M)
2025/07/05 05:47:13.891382 [Simulation:Info:toast@toast-new:Simulation not generated] Magnitude 5.23 of event bmg2025mzor is smaller than triggerMinMagnitude: no automatic simulation
2025/07/05 05:47:21.337216 [Incident:Info:toast@toast-new:Origin updated] Origin updated: OT: 2025-07-04 18:14:34,  Lat/Lon: 36.8031°/141.843°, Depth: 13.3175
2025/07/05 05:47:21.337395 [Simulation:Info:toast@toast-new:Simulation not generated] Magnitude 5.23 of event bmg2025mzor is smaller than triggerMinMagnitude: no automatic simulation
2025/07/05 05:47:21.358145 [Incident:Info:toast@toast-new:Origin updated] Origin updated: OT: 2025-07-04 18:14:34,  Lat/Lon: 36.8031°/141.843°, Depth: 13.3175
2025/07/05 05:47:21.358270 [Incident:Info:toast@toast-new:Magnitude updated] Magnitude updated: 5.20 (mb)
2025/07/05 05:47:21.358302 [Simulation:Info:toast@toast-new:Simulation not generated] Magnitude 5.20 of event bmg2025mzor is smaller than triggerMinMagnitude: no automatic simulation
