2025/02/23 11:23:30.465008 [Incident:Info:toast@toast-new:Displacement(s) updated] Added 0 and changed 0 displacements with 0 amplitudes
2025/02/23 11:23:30.502512 [Incident:Info:toast@toast-new:Incident created] Incident created based on event received from messaging: OT: 2025-02-23 04:17:42,  Lat/Lon: -7.46°/155.90°, Depth: 89.07, Mag: 5.64 (M)
2025/02/23 11:23:30.502874 [Simulation:Info:toast@toast-new:Simulation not generated] Magnitude 5.64 of event bmg2025dtee is smaller than triggerMinMagnitude: no automatic simulation
2025/02/23 11:23:30.809091 [Incident:Info:toast@toast-new:Origin updated] Origin updated: OT: 2025-02-23 04:17:42,  Lat/Lon: -7.46125°/155.901°, Depth: 89.0676
2025/02/23 11:23:30.809181 [Simulation:Info:toast@toast-new:Simulation not generated] Magnitude 5.64 of event bmg2025dtee is smaller than triggerMinMagnitude: no automatic simulation
2025/02/23 11:23:40.462214 [Incident:Info:toast@toast-new:Origin updated] Origin updated: OT: 2025-02-23 04:17:42,  Lat/Lon: -7.46125°/155.901°, Depth: 89.0676
2025/02/23 11:23:40.462428 [Incident:Info:toast@toast-new:Magnitude updated] Magnitude updated: 5.61 (M)
2025/02/23 11:23:40.462485 [Simulation:Info:toast@toast-new:Simulation not generated] Magnitude 5.61 of event bmg2025dtee is smaller than triggerMinMagnitude: no automatic simulation
2025/02/23 11:23:40.485623 [Incident:Info:toast@toast-new:Origin updated] Origin updated: OT: 2025-02-23 04:17:42,  Lat/Lon: -7.46001°/155.9°, Depth: 88.7224
2025/02/23 11:23:40.485745 [Incident:Info:toast@toast-new:Magnitude updated] Magnitude updated: 5.60 (M)
2025/02/23 11:23:40.485777 [Simulation:Info:toast@toast-new:Simulation not generated] Magnitude 5.60 of event bmg2025dtee is smaller than triggerMinMagnitude: no automatic simulation
2025/02/23 11:23:51.121760 [Incident:Info:toast@toast-new:Origin updated] Origin updated: OT: 2025-02-23 04:17:42,  Lat/Lon: -7.46001°/155.9°, Depth: 88.7224
2025/02/23 11:23:51.121926 [Incident:Info:toast@toast-new:Magnitude updated] Magnitude updated: 5.57 (M)
2025/02/23 11:23:51.121956 [Simulation:Info:toast@toast-new:Simulation not generated] Magnitude 5.57 of event bmg2025dtee is smaller than triggerMinMagnitude: no automatic simulation
2025/02/23 11:23:55.404545 [Incident:Info:toast@toast-new:Origin updated] Origin updated: OT: 2025-02-23 04:17:41,  Lat/Lon: -7.48177°/155.903°, Depth: 82.4509
2025/02/23 11:23:55.404763 [Incident:Info:toast@toast-new:Magnitude updated] Magnitude updated: 5.56 (M)
2025/02/23 11:23:55.404796 [Simulation:Info:toast@toast-new:Simulation not generated] Magnitude 5.56 of event bmg2025dtee is smaller than triggerMinMagnitude: no automatic simulation
2025/02/23 11:24:06.139890 [Incident:Info:toast@toast-new:Origin updated] Origin updated: OT: 2025-02-23 04:17:41,  Lat/Lon: -7.48177°/155.903°, Depth: 82.4509
2025/02/23 11:24:06.140072 [Incident:Info:toast@toast-new:Magnitude updated] Magnitude updated: 5.54 (M)
2025/02/23 11:24:06.140136 [Simulation:Info:toast@toast-new:Simulation not generated] Magnitude 5.54 of event bmg2025dtee is smaller than triggerMinMagnitude: no automatic simulation
2025/02/23 11:24:09.611342 [Incident:Info:toast@toast-new:Origin updated] Origin updated: OT: 2025-02-23 04:17:41,  Lat/Lon: -7.46062°/155.904°, Depth: 83.5387
2025/02/23 11:24:09.611567 [Incident:Info:toast@toast-new:Magnitude updated] Magnitude updated: 5.55 (M)
2025/02/23 11:24:09.611620 [Simulation:Info:toast@toast-new:Simulation not generated] Magnitude 5.55 of event bmg2025dtee is smaller than triggerMinMagnitude: no automatic simulation
2025/02/23 11:24:16.131517 [Incident:Info:toast@toast-new:Origin updated] Origin updated: OT: 2025-02-23 04:17:41,  Lat/Lon: -7.46062°/155.904°, Depth: 83.5387
2025/02/23 11:24:16.131718 [Incident:Info:toast@toast-new:Magnitude updated] Magnitude updated: 5.50 (M)
2025/02/23 11:24:16.131786 [Simulation:Info:toast@toast-new:Simulation not generated] Magnitude 5.50 of event bmg2025dtee is smaller than triggerMinMagnitude: no automatic simulation
2025/02/23 11:24:21.158067 [Incident:Info:toast@toast-new:Origin updated] Origin updated: OT: 2025-02-23 04:17:41,  Lat/Lon: -7.46062°/155.904°, Depth: 83.5387
2025/02/23 11:24:21.158253 [Incident:Info:toast@toast-new:Magnitude updated] Magnitude updated: 5.45 (M)
2025/02/23 11:24:21.158293 [Simulation:Info:toast@toast-new:Simulation not generated] Magnitude 5.45 of event bmg2025dtee is smaller than triggerMinMagnitude: no automatic simulation
2025/02/23 11:24:25.482873 [Incident:Info:toast@toast-new:Origin updated] Origin updated: OT: 2025-02-23 04:17:41,  Lat/Lon: -7.45735°/155.904°, Depth: 84.16
2025/02/23 11:24:25.483079 [Incident:Info:toast@toast-new:Magnitude updated] Magnitude updated: 5.46 (M)
2025/02/23 11:24:25.483121 [Simulation:Info:toast@toast-new:Simulation not generated] Magnitude 5.46 of event bmg2025dtee is smaller than triggerMinMagnitude: no automatic simulation
2025/02/23 11:24:26.118911 [Incident:Info:toast@toast-new:Origin updated] Origin updated: OT: 2025-02-23 04:17:41,  Lat/Lon: -7.45735°/155.904°, Depth: 84.16
2025/02/23 11:24:26.119073 [Incident:Info:toast@toast-new:Magnitude updated] Magnitude updated: 5.45 (M)
2025/02/23 11:24:26.119112 [Simulation:Info:toast@toast-new:Simulation not generated] Magnitude 5.45 of event bmg2025dtee is smaller than triggerMinMagnitude: no automatic simulation
2025/02/23 11:24:40.598786 [Incident:Info:toast@toast-new:Origin updated] Origin updated: OT: 2025-02-23 04:17:41,  Lat/Lon: -7.45735°/155.904°, Depth: 84.16
2025/02/23 11:24:40.598922 [Incident:Info:toast@toast-new:Magnitude updated] Magnitude updated: 5.45 (M)
2025/02/23 11:24:40.598945 [Simulation:Info:toast@toast-new:Simulation not generated] Magnitude 5.45 of event bmg2025dtee is smaller than triggerMinMagnitude: no automatic simulation
2025/02/23 11:24:41.118554 [Incident:Info:toast@toast-new:Origin updated] Origin updated: OT: 2025-02-23 04:17:41,  Lat/Lon: -7.45735°/155.904°, Depth: 84.16
2025/02/23 11:24:41.118794 [Incident:Info:toast@toast-new:Magnitude updated] Magnitude updated: 5.45 (M)
2025/02/23 11:24:41.118889 [Simulation:Info:toast@toast-new:Simulation not generated] Magnitude 5.45 of event bmg2025dtee is smaller than triggerMinMagnitude: no automatic simulation
2025/02/23 11:24:41.785921 [Incident:Info:toast@toast-new:Origin updated] Origin updated: OT: 2025-02-23 04:17:41,  Lat/Lon: -7.43393°/155.91°, Depth: 80.9671
2025/02/23 11:24:41.786153 [Incident:Info:toast@toast-new:Magnitude updated] Magnitude updated: 5.46 (M)
2025/02/23 11:24:41.786202 [Simulation:Info:toast@toast-new:Simulation not generated] Magnitude 5.46 of event bmg2025dtee is smaller than triggerMinMagnitude: no automatic simulation
2025/02/23 11:24:46.135836 [Incident:Info:toast@toast-new:Origin updated] Origin updated: OT: 2025-02-23 04:17:41,  Lat/Lon: -7.43393°/155.91°, Depth: 80.9671
2025/02/23 11:24:46.136058 [Incident:Info:toast@toast-new:Magnitude updated] Magnitude updated: 5.45 (M)
2025/02/23 11:24:46.136113 [Simulation:Info:toast@toast-new:Simulation not generated] Magnitude 5.45 of event bmg2025dtee is smaller than triggerMinMagnitude: no automatic simulation
2025/02/23 11:25:01.128458 [Incident:Info:toast@toast-new:Origin updated] Origin updated: OT: 2025-02-23 04:17:41,  Lat/Lon: -7.44618°/155.902°, Depth: 83.3178
2025/02/23 11:25:01.128706 [Incident:Info:toast@toast-new:Magnitude updated] Magnitude updated: 5.44 (M)
2025/02/23 11:25:01.128763 [Simulation:Info:toast@toast-new:Simulation not generated] Magnitude 5.44 of event bmg2025dtee is smaller than triggerMinMagnitude: no automatic simulation
2025/02/23 11:25:11.137903 [Incident:Info:toast@toast-new:Origin updated] Origin updated: OT: 2025-02-23 04:17:41,  Lat/Lon: -7.44618°/155.902°, Depth: 83.3178
2025/02/23 11:25:11.138103 [Incident:Info:toast@toast-new:Magnitude updated] Magnitude updated: 5.48 (M)
2025/02/23 11:25:11.138171 [Simulation:Info:toast@toast-new:Simulation not generated] Magnitude 5.48 of event bmg2025dtee is smaller than triggerMinMagnitude: no automatic simulation
2025/02/23 11:25:13.839937 [Incident:Info:toast@toast-new:Origin updated] Origin updated: OT: 2025-02-23 04:17:42,  Lat/Lon: -7.439°/155.899°, Depth: 88.0008
2025/02/23 11:25:13.840205 [Incident:Info:toast@toast-new:Magnitude updated] Magnitude updated: 5.52 (M)
2025/02/23 11:25:13.840258 [Simulation:Info:toast@toast-new:Simulation not generated] Magnitude 5.52 of event bmg2025dtee is smaller than triggerMinMagnitude: no automatic simulation
2025/02/23 11:25:21.180124 [Incident:Info:toast@toast-new:Origin updated] Origin updated: OT: 2025-02-23 04:17:42,  Lat/Lon: -7.439°/155.899°, Depth: 88.0008
2025/02/23 11:25:21.180326 [Incident:Info:toast@toast-new:Magnitude updated] Magnitude updated: 5.45 (M)
2025/02/23 11:25:21.180369 [Simulation:Info:toast@toast-new:Simulation not generated] Magnitude 5.45 of event bmg2025dtee is smaller than triggerMinMagnitude: no automatic simulation
2025/02/23 11:25:26.141279 [Incident:Info:toast@toast-new:Origin updated] Origin updated: OT: 2025-02-23 04:17:42,  Lat/Lon: -7.439°/155.899°, Depth: 88.0008
2025/02/23 11:25:26.141474 [Incident:Info:toast@toast-new:Magnitude updated] Magnitude updated: 5.44 (M)
2025/02/23 11:25:26.141535 [Simulation:Info:toast@toast-new:Simulation not generated] Magnitude 5.44 of event bmg2025dtee is smaller than triggerMinMagnitude: no automatic simulation
2025/02/23 11:25:31.147080 [Incident:Info:toast@toast-new:Origin updated] Origin updated: OT: 2025-02-23 04:17:42,  Lat/Lon: -7.439°/155.899°, Depth: 88.0008
2025/02/23 11:25:31.147284 [Incident:Info:toast@toast-new:Magnitude updated] Magnitude updated: 5.40 (M)
2025/02/23 11:25:31.147328 [Simulation:Info:toast@toast-new:Simulation not generated] Magnitude 5.40 of event bmg2025dtee is smaller than triggerMinMagnitude: no automatic simulation
2025/02/23 11:25:36.122793 [Incident:Info:toast@toast-new:Origin updated] Origin updated: OT: 2025-02-23 04:17:42,  Lat/Lon: -7.439°/155.899°, Depth: 88.0008
2025/02/23 11:25:36.123276 [Incident:Info:toast@toast-new:Magnitude updated] Magnitude updated: 5.37 (M)
2025/02/23 11:25:36.123309 [Simulation:Info:toast@toast-new:Simulation not generated] Magnitude 5.37 of event bmg2025dtee is smaller than triggerMinMagnitude: no automatic simulation
2025/02/23 11:25:41.137176 [Incident:Info:toast@toast-new:Origin updated] Origin updated: OT: 2025-02-23 04:17:42,  Lat/Lon: -7.439°/155.899°, Depth: 88.0008
2025/02/23 11:25:41.137394 [Incident:Info:toast@toast-new:Magnitude updated] Magnitude updated: 5.39 (M)
2025/02/23 11:25:41.137440 [Simulation:Info:toast@toast-new:Simulation not generated] Magnitude 5.39 of event bmg2025dtee is smaller than triggerMinMagnitude: no automatic simulation
2025/02/23 11:25:46.129966 [Incident:Info:toast@toast-new:Origin updated] Origin updated: OT: 2025-02-23 04:17:42,  Lat/Lon: -7.439°/155.899°, Depth: 88.0008
2025/02/23 11:25:46.130149 [Incident:Info:toast@toast-new:Magnitude updated] Magnitude updated: 5.38 (M)
2025/02/23 11:25:46.130195 [Simulation:Info:toast@toast-new:Simulation not generated] Magnitude 5.38 of event bmg2025dtee is smaller than triggerMinMagnitude: no automatic simulation
2025/02/23 11:25:48.854452 [Incident:Info:toast@toast-new:Origin updated] Origin updated: OT: 2025-02-23 04:17:42,  Lat/Lon: -7.44317°/155.894°, Depth: 89.4268
2025/02/23 11:25:48.854683 [Incident:Info:toast@toast-new:Magnitude updated] Magnitude updated: 5.21 (Mw(mB))
2025/02/23 11:25:48.854741 [Simulation:Info:toast@toast-new:Simulation not generated] Magnitude 5.21 of event bmg2025dtee is smaller than triggerMinMagnitude: no automatic simulation
2025/02/23 11:25:51.160287 [Incident:Info:toast@toast-new:Origin updated] Origin updated: OT: 2025-02-23 04:17:42,  Lat/Lon: -7.44317°/155.894°, Depth: 89.4268
2025/02/23 11:25:51.160486 [Incident:Info:toast@toast-new:Magnitude updated] Magnitude updated: 5.21 (Mw(mB))
2025/02/23 11:25:51.160530 [Simulation:Info:toast@toast-new:Simulation not generated] Magnitude 5.21 of event bmg2025dtee is smaller than triggerMinMagnitude: no automatic simulation
2025/02/23 11:26:01.138039 [Incident:Info:toast@toast-new:Origin updated] Origin updated: OT: 2025-02-23 04:17:42,  Lat/Lon: -7.44317°/155.894°, Depth: 89.4268
2025/02/23 11:26:01.138231 [Incident:Info:toast@toast-new:Magnitude updated] Magnitude updated: 5.22 (Mw(mB))
2025/02/23 11:26:01.138291 [Simulation:Info:toast@toast-new:Simulation not generated] Magnitude 5.22 of event bmg2025dtee is smaller than triggerMinMagnitude: no automatic simulation
2025/02/23 11:26:15.419121 [Incident:Info:toast@toast-new:Origin updated] Origin updated: OT: 2025-02-23 04:17:42,  Lat/Lon: -7.44317°/155.894°, Depth: 89.4268
2025/02/23 11:26:15.419254 [Incident:Info:toast@toast-new:Magnitude updated] Magnitude updated: 5.23 (Mw(mB))
2025/02/23 11:26:15.419279 [Simulation:Info:toast@toast-new:Simulation not generated] Magnitude 5.23 of event bmg2025dtee is smaller than triggerMinMagnitude: no automatic simulation
2025/02/23 11:26:21.135299 [Incident:Info:toast@toast-new:Origin updated] Origin updated: OT: 2025-02-23 04:17:42,  Lat/Lon: -7.44317°/155.894°, Depth: 89.4268
2025/02/23 11:26:21.135471 [Incident:Info:toast@toast-new:Magnitude updated] Magnitude updated: 5.22 (Mw(mB))
2025/02/23 11:26:21.135506 [Simulation:Info:toast@toast-new:Simulation not generated] Magnitude 5.22 of event bmg2025dtee is smaller than triggerMinMagnitude: no automatic simulation
2025/02/23 11:26:30.788957 [Incident:Info:toast@toast-new:Origin updated] Origin updated: OT: 2025-02-23 04:17:42,  Lat/Lon: -7.42848°/155.896°, Depth: 87.2018
2025/02/23 11:26:30.789158 [Incident:Info:toast@toast-new:Magnitude updated] Magnitude updated: 5.22 (Mw(mB))
2025/02/23 11:26:30.789197 [Simulation:Info:toast@toast-new:Simulation not generated] Magnitude 5.22 of event bmg2025dtee is smaller than triggerMinMagnitude: no automatic simulation
2025/02/23 11:26:36.122293 [Incident:Info:toast@toast-new:Origin updated] Origin updated: OT: 2025-02-23 04:17:42,  Lat/Lon: -7.42848°/155.896°, Depth: 87.2018
2025/02/23 11:26:36.122489 [Incident:Info:toast@toast-new:Magnitude updated] Magnitude updated: 5.24 (Mw(mB))
2025/02/23 11:26:36.122532 [Simulation:Info:toast@toast-new:Simulation not generated] Magnitude 5.24 of event bmg2025dtee is smaller than triggerMinMagnitude: no automatic simulation
2025/02/23 11:26:51.136557 [Incident:Info:toast@toast-new:Origin updated] Origin updated: OT: 2025-02-23 04:17:42,  Lat/Lon: -7.42848°/155.896°, Depth: 87.2018
2025/02/23 11:26:51.136745 [Incident:Info:toast@toast-new:Magnitude updated] Magnitude updated: 5.24 (Mw(mB))
2025/02/23 11:26:51.136787 [Simulation:Info:toast@toast-new:Simulation not generated] Magnitude 5.24 of event bmg2025dtee is smaller than triggerMinMagnitude: no automatic simulation
2025/02/23 11:26:56.122317 [Incident:Info:toast@toast-new:Origin updated] Origin updated: OT: 2025-02-23 04:17:42,  Lat/Lon: -7.42848°/155.896°, Depth: 87.2018
2025/02/23 11:26:56.122509 [Incident:Info:toast@toast-new:Magnitude updated] Magnitude updated: 5.25 (Mw(mB))
2025/02/23 11:26:56.122553 [Simulation:Info:toast@toast-new:Simulation not generated] Magnitude 5.25 of event bmg2025dtee is smaller than triggerMinMagnitude: no automatic simulation
2025/02/23 11:27:01.140463 [Incident:Info:toast@toast-new:Origin updated] Origin updated: OT: 2025-02-23 04:17:42,  Lat/Lon: -7.42848°/155.896°, Depth: 87.2018
2025/02/23 11:27:01.140660 [Incident:Info:toast@toast-new:Magnitude updated] Magnitude updated: 5.27 (Mw(mB))
2025/02/23 11:27:01.140722 [Simulation:Info:toast@toast-new:Simulation not generated] Magnitude 5.27 of event bmg2025dtee is smaller than triggerMinMagnitude: no automatic simulation
2025/02/23 11:27:20.854556 [Incident:Info:toast@toast-new:Origin updated] Origin updated: OT: 2025-02-23 04:17:42,  Lat/Lon: -7.42625°/155.902°, Depth: 91.1503
2025/02/23 11:27:20.854769 [Incident:Info:toast@toast-new:Magnitude updated] Magnitude updated: 5.26 (Mw(mB))
2025/02/23 11:27:20.854810 [Simulation:Info:toast@toast-new:Simulation not generated] Magnitude 5.26 of event bmg2025dtee is smaller than triggerMinMagnitude: no automatic simulation
2025/02/23 11:27:46.140211 [Incident:Info:toast@toast-new:Origin updated] Origin updated: OT: 2025-02-23 04:17:42,  Lat/Lon: -7.42625°/155.902°, Depth: 91.1503
2025/02/23 11:27:46.140433 [Incident:Info:toast@toast-new:Magnitude updated] Magnitude updated: 5.25 (Mw(mB))
2025/02/23 11:27:46.140511 [Simulation:Info:toast@toast-new:Simulation not generated] Magnitude 5.25 of event bmg2025dtee is smaller than triggerMinMagnitude: no automatic simulation
2025/02/23 11:28:15.841627 [Incident:Info:toast@toast-new:Origin updated] Origin updated: OT: 2025-02-23 04:17:42,  Lat/Lon: -7.42943°/155.896°, Depth: 92.8382
2025/02/23 11:28:15.841834 [Incident:Info:toast@toast-new:Magnitude updated] Magnitude updated: 5.25 (Mw(mB))
2025/02/23 11:28:15.841877 [Simulation:Info:toast@toast-new:Simulation not generated] Magnitude 5.25 of event bmg2025dtee is smaller than triggerMinMagnitude: no automatic simulation
2025/02/23 11:28:26.143111 [Incident:Info:toast@toast-new:Origin updated] Origin updated: OT: 2025-02-23 04:17:42,  Lat/Lon: -7.42943°/155.896°, Depth: 92.8382
2025/02/23 11:28:26.143265 [Incident:Info:toast@toast-new:Magnitude updated] Magnitude updated: 5.26 (Mw(mB))
2025/02/23 11:28:26.143300 [Simulation:Info:toast@toast-new:Simulation not generated] Magnitude 5.26 of event bmg2025dtee is smaller than triggerMinMagnitude: no automatic simulation
2025/02/23 11:29:10.871288 [Incident:Info:toast@toast-new:Origin updated] Origin updated: OT: 2025-02-23 04:17:42,  Lat/Lon: -7.43197°/155.882°, Depth: 91.1203
2025/02/23 11:29:10.871512 [Incident:Info:toast@toast-new:Magnitude updated] Magnitude updated: 5.26 (Mw(mB))
2025/02/23 11:29:10.871559 [Simulation:Info:toast@toast-new:Simulation not generated] Magnitude 5.26 of event bmg2025dtee is smaller than triggerMinMagnitude: no automatic simulation
2025/02/23 11:29:31.173250 [Incident:Info:toast@toast-new:Origin updated] Origin updated: OT: 2025-02-23 04:17:42,  Lat/Lon: -7.43197°/155.882°, Depth: 91.1203
2025/02/23 11:29:31.173422 [Incident:Info:toast@toast-new:Magnitude updated] Magnitude updated: 5.26 (Mw(mB))
2025/02/23 11:29:31.173456 [Simulation:Info:toast@toast-new:Simulation not generated] Magnitude 5.26 of event bmg2025dtee is smaller than triggerMinMagnitude: no automatic simulation
2025/02/23 11:30:10.945853 [Incident:Info:toast@toast-new:Origin updated] Origin updated: OT: 2025-02-23 04:17:42,  Lat/Lon: -7.42776°/155.873°, Depth: 89.1954
2025/02/23 11:30:10.945954 [Incident:Info:toast@toast-new:Magnitude updated] Magnitude updated: 5.26 (Mw(mB))
2025/02/23 11:30:10.945974 [Simulation:Info:toast@toast-new:Simulation not generated] Magnitude 5.26 of event bmg2025dtee is smaller than triggerMinMagnitude: no automatic simulation
2025/02/23 11:30:46.252914 [Incident:Info:toast@toast-new:Origin updated] Origin updated: OT: 2025-02-23 04:17:42,  Lat/Lon: -7.42776°/155.873°, Depth: 89.1954
2025/02/23 11:30:46.253044 [Incident:Info:toast@toast-new:Magnitude updated] Magnitude updated: 5.26 (Mw(mB))
2025/02/23 11:30:46.253079 [Simulation:Info:toast@toast-new:Simulation not generated] Magnitude 5.26 of event bmg2025dtee is smaller than triggerMinMagnitude: no automatic simulation
2025/02/23 11:31:11.217431 [Incident:Info:toast@toast-new:Origin updated] Origin updated: OT: 2025-02-23 04:17:42,  Lat/Lon: -7.42607°/155.874°, Depth: 89.2742
2025/02/23 11:31:11.217614 [Incident:Info:toast@toast-new:Magnitude updated] Magnitude updated: 5.26 (Mw(mB))
2025/02/23 11:31:11.217659 [Simulation:Info:toast@toast-new:Simulation not generated] Magnitude 5.26 of event bmg2025dtee is smaller than triggerMinMagnitude: no automatic simulation
2025/02/23 11:32:12.085380 [Incident:Info:toast@toast-new:Origin updated] Origin updated: OT: 2025-02-23 04:17:42,  Lat/Lon: -7.42475°/155.876°, Depth: 89.4893
2025/02/23 11:32:12.085557 [Incident:Info:toast@toast-new:Magnitude updated] Magnitude updated: 5.26 (Mw(mB))
2025/02/23 11:32:12.085590 [Simulation:Info:toast@toast-new:Simulation not generated] Magnitude 5.26 of event bmg2025dtee is smaller than triggerMinMagnitude: no automatic simulation
2025/02/23 11:34:54.487358 [Incident:Info:toast@toast-new:Origin updated] Origin updated: OT: 2025-02-23 04:17:42,  Lat/Lon: -7.42475°/155.876°, Depth: 89.4893
2025/02/23 11:34:54.487540 [Simulation:Info:toast@toast-new:Simulation not generated] Magnitude 5.26 of event bmg2025dtee is smaller than triggerMinMagnitude: no automatic simulation
2025/02/23 11:37:39.027487 [Incident:Info:toast@toast-new:Origin updated] Origin updated: OT: 2025-02-23 04:17:42,  Lat/Lon: -7.42475°/155.876°, Depth: 89.4893
2025/02/23 11:37:39.027668 [Simulation:Info:toast@toast-new:Simulation not generated] Magnitude 5.26 of event bmg2025dtee is smaller than triggerMinMagnitude: no automatic simulation
2025/02/23 11:59:40.153446 [Incident:Info:toast@toast-new:Origin updated] Origin updated: OT: 2025-02-23 04:17:42,  Lat/Lon: -7.42595°/155.875°, Depth: 89.2627
2025/02/23 11:59:40.153639 [Incident:Info:toast@toast-new:Magnitude updated] Magnitude updated: 5.26 (Mw(mB))
2025/02/23 11:59:40.153680 [Simulation:Info:toast@toast-new:Simulation not generated] Magnitude 5.26 of event bmg2025dtee is smaller than triggerMinMagnitude: no automatic simulation
2025/02/23 12:03:54.537016 [Incident:Info:toast@toast-new:Origin updated] Origin updated: OT: 2025-02-23 04:17:42,  Lat/Lon: -7.42366°/155.876°, Depth: 89.2265
2025/02/23 12:03:54.537231 [Incident:Info:toast@toast-new:Magnitude updated] Magnitude updated: 5.26 (Mw(mB))
2025/02/23 12:03:54.537290 [Simulation:Info:toast@toast-new:Simulation not generated] Magnitude 5.26 of event bmg2025dtee is smaller than triggerMinMagnitude: no automatic simulation
2025/02/23 17:45:34.518987 [Incident:Info:toast@toast-new:Origin updated] Origin updated: OT: 2025-02-23 04:17:41,  Lat/Lon: -7.41582°/155.858°, Depth: 87.4175
2025/02/23 17:45:34.519152 [Incident:Info:toast@toast-new:Magnitude updated] Magnitude updated: 5.31 (Mw(mB))
2025/02/23 17:45:34.519183 [Simulation:Info:toast@toast-new:Simulation not generated] Magnitude 5.31 of event bmg2025dtee is smaller than triggerMinMagnitude: no automatic simulation
2025/02/23 17:45:54.205586 [Incident:Info:toast@toast-new:Origin updated] Origin updated: OT: 2025-02-23 04:17:41,  Lat/Lon: -7.41582°/155.858°, Depth: 87.4175
2025/02/23 17:45:54.205765 [Incident:Info:toast@toast-new:Magnitude updated] Magnitude updated: 5.31 (Mw(mB))
2025/02/23 17:45:54.205795 [Simulation:Info:toast@toast-new:Simulation not generated] Magnitude 5.31 of event bmg2025dtee is smaller than triggerMinMagnitude: no automatic simulation
2025/02/23 17:46:01.683563 [Incident:Info:toast@toast-new:Origin updated] Origin updated: OT: 2025-02-23 04:17:41,  Lat/Lon: -7.41582°/155.858°, Depth: 87.4175
2025/02/23 17:46:01.683756 [Simulation:Info:toast@toast-new:Simulation not generated] Magnitude 5.31 of event bmg2025dtee is smaller than triggerMinMagnitude: no automatic simulation
2025/02/23 17:46:01.702013 [Incident:Info:toast@toast-new:Origin updated] Origin updated: OT: 2025-02-23 04:17:41,  Lat/Lon: -7.41582°/155.858°, Depth: 87.4175
2025/02/23 17:46:01.702128 [Simulation:Info:toast@toast-new:Simulation not generated] Magnitude 5.31 of event bmg2025dtee is smaller than triggerMinMagnitude: no automatic simulation
2025/02/23 17:46:06.578379 [Incident:Info:toast@toast-new:Origin updated] Origin updated: OT: 2025-02-23 04:17:41,  Lat/Lon: -7.41582°/155.858°, Depth: 87.4175
2025/02/23 17:46:06.578561 [Incident:Info:toast@toast-new:Magnitude updated] Magnitude updated: 5.32 (mb)
2025/02/23 17:46:06.578605 [Simulation:Info:toast@toast-new:Simulation not generated] Magnitude 5.32 of event bmg2025dtee is smaller than triggerMinMagnitude: no automatic simulation
