2026/03/03 00:42:24.224513 [Incident:Info:toast@toast-new:Displacement(s) updated] Added 0 and changed 0 displacements with 0 amplitudes
2026/03/03 00:42:24.224771 [Incident:Info:toast@toast-new:Incident created] Incident created based on event received from messaging: OT: 2026-03-02 17:40:15,  Lat/Lon: -7.76°/127.77°, Depth: 95.15, Mag: 5.11 (M)
2026/03/03 00:42:24.225037 [Simulation:Info:toast@toast-new:Simulation not generated] Magnitude 5.11 of event bmg2026egze is smaller than triggerMinMagnitude: no automatic simulation
2026/03/03 00:42:24.243840 [Incident:Info:toast@toast-new:Origin updated] Origin updated: OT: 2026-03-02 17:40:15,  Lat/Lon: -7.76341°/127.775°, Depth: 95.1481
2026/03/03 00:42:24.243984 [Simulation:Info:toast@toast-new:Simulation not generated] Magnitude 5.11 of event bmg2026egze is smaller than triggerMinMagnitude: no automatic simulation
2026/03/03 00:42:28.261768 [Incident:Info:toast@toast-new:Origin updated] Origin updated: OT: 2026-03-02 17:40:15,  Lat/Lon: -7.76341°/127.775°, Depth: 95.1481
2026/03/03 00:42:28.261941 [Incident:Info:toast@toast-new:Magnitude updated] Magnitude updated: 5.12 (M)
2026/03/03 00:42:28.261982 [Simulation:Info:toast@toast-new:Simulation not generated] Magnitude 5.12 of event bmg2026egze is smaller than triggerMinMagnitude: no automatic simulation
2026/03/03 00:42:33.255027 [Incident:Info:toast@toast-new:Origin updated] Origin updated: OT: 2026-03-02 17:40:15,  Lat/Lon: -7.76341°/127.775°, Depth: 95.1481
2026/03/03 00:42:33.255160 [Incident:Info:toast@toast-new:Magnitude updated] Magnitude updated: 5.13 (M)
2026/03/03 00:42:33.255186 [Simulation:Info:toast@toast-new:Simulation not generated] Magnitude 5.13 of event bmg2026egze is smaller than triggerMinMagnitude: no automatic simulation
2026/03/03 00:42:35.361793 [Incident:Info:toast@toast-new:Origin updated] Origin updated: OT: 2026-03-02 17:40:15,  Lat/Lon: -7.75569°/127.769°, Depth: 99.6338
2026/03/03 00:42:35.361974 [Incident:Info:toast@toast-new:Magnitude updated] Magnitude updated: 5.13 (M)
2026/03/03 00:42:35.362015 [Simulation:Info:toast@toast-new:Simulation not generated] Magnitude 5.13 of event bmg2026egze is smaller than triggerMinMagnitude: no automatic simulation
2026/03/03 00:42:43.297632 [Incident:Info:toast@toast-new:Origin updated] Origin updated: OT: 2026-03-02 17:40:15,  Lat/Lon: -7.75569°/127.769°, Depth: 99.6338
2026/03/03 00:42:43.297775 [Incident:Info:toast@toast-new:Magnitude updated] Magnitude updated: 5.13 (M)
2026/03/03 00:42:43.297806 [Simulation:Info:toast@toast-new:Simulation not generated] Magnitude 5.13 of event bmg2026egze is smaller than triggerMinMagnitude: no automatic simulation
2026/03/03 00:42:46.841482 [Incident:Info:toast@toast-new:Origin updated] Origin updated: OT: 2026-03-02 17:40:15,  Lat/Lon: -7.76407°/127.775°, Depth: 91.3365
2026/03/03 00:42:46.841687 [Incident:Info:toast@toast-new:Magnitude updated] Magnitude updated: 5.18 (MLv)
2026/03/03 00:42:46.841737 [Simulation:Info:toast@toast-new:Simulation not generated] Magnitude 5.18 of event bmg2026egze is smaller than triggerMinMagnitude: no automatic simulation
2026/03/03 00:42:46.929600 [Incident:Info:toast@toast-new:Origin updated] Origin updated: OT: 2026-03-02 17:40:15,  Lat/Lon: -7.76407°/127.775°, Depth: 91.3365
2026/03/03 00:42:46.929707 [Incident:Info:toast@toast-new:Magnitude updated] Magnitude updated: 5.11 (M)
2026/03/03 00:42:46.929737 [Simulation:Info:toast@toast-new:Simulation not generated] Magnitude 5.11 of event bmg2026egze is smaller than triggerMinMagnitude: no automatic simulation
2026/03/03 00:42:48.258134 [Incident:Info:toast@toast-new:Origin updated] Origin updated: OT: 2026-03-02 17:40:15,  Lat/Lon: -7.76407°/127.775°, Depth: 91.3365
2026/03/03 00:42:48.258312 [Incident:Info:toast@toast-new:Magnitude updated] Magnitude updated: 5.08 (M)
2026/03/03 00:42:48.258362 [Simulation:Info:toast@toast-new:Simulation not generated] Magnitude 5.08 of event bmg2026egze is smaller than triggerMinMagnitude: no automatic simulation
2026/03/03 00:42:53.343069 [Incident:Info:toast@toast-new:Origin updated] Origin updated: OT: 2026-03-02 17:40:15,  Lat/Lon: -7.76407°/127.775°, Depth: 91.3365
2026/03/03 00:42:53.343260 [Incident:Info:toast@toast-new:Magnitude updated] Magnitude updated: 5.03 (M)
2026/03/03 00:42:53.343330 [Simulation:Info:toast@toast-new:Simulation not generated] Magnitude 5.03 of event bmg2026egze is smaller than triggerMinMagnitude: no automatic simulation
2026/03/03 00:43:18.372661 [Incident:Info:toast@toast-new:Origin updated] Origin updated: OT: 2026-03-02 17:40:15,  Lat/Lon: -7.76407°/127.775°, Depth: 91.3365
2026/03/03 00:43:18.372850 [Incident:Info:toast@toast-new:Magnitude updated] Magnitude updated: 5.00 (M)
2026/03/03 00:43:18.372896 [Simulation:Info:toast@toast-new:Simulation not generated] Magnitude 5.00 of event bmg2026egze is smaller than triggerMinMagnitude: no automatic simulation
2026/03/03 00:44:16.068976 [Incident:Info:toast@toast-new:Origin updated] Origin updated: OT: 2026-03-02 17:40:14,  Lat/Lon: -7.77862°/127.78°, Depth: 101.771
2026/03/03 00:44:16.069243 [Incident:Info:toast@toast-new:Magnitude updated] Magnitude updated: 5.33 (MLv)
2026/03/03 00:44:16.069325 [Simulation:Info:toast@toast-new:Simulation not generated] Magnitude 5.33 of event bmg2026egze is smaller than triggerMinMagnitude: no automatic simulation
2026/03/03 00:44:16.085981 [Incident:Info:toast@toast-new:Origin updated] Origin updated: OT: 2026-03-02 17:40:14,  Lat/Lon: -7.77862°/127.78°, Depth: 101.771
2026/03/03 00:44:16.086102 [Incident:Info:toast@toast-new:Magnitude updated] Magnitude updated: 5.02 (M)
2026/03/03 00:44:16.086136 [Simulation:Info:toast@toast-new:Simulation not generated] Magnitude 5.02 of event bmg2026egze is smaller than triggerMinMagnitude: no automatic simulation
2026/03/03 00:44:58.659901 [Incident:Info:toast@toast-new:Origin updated] Origin updated: OT: 2026-03-02 17:40:13,  Lat/Lon: -7.81226°/127.78°, Depth: 102.826
2026/03/03 00:44:58.660220 [Incident:Info:toast@toast-new:Magnitude updated] Magnitude updated: 5.26 (MLv)
2026/03/03 00:44:58.660306 [Simulation:Info:toast@toast-new:Simulation not generated] Magnitude 5.26 of event bmg2026egze is smaller than triggerMinMagnitude: no automatic simulation
2026/03/03 00:44:58.690827 [Incident:Info:toast@toast-new:Origin updated] Origin updated: OT: 2026-03-02 17:40:13,  Lat/Lon: -7.81226°/127.78°, Depth: 102.826
2026/03/03 00:44:58.690979 [Incident:Info:toast@toast-new:Magnitude updated] Magnitude updated: 5.04 (M)
2026/03/03 00:44:58.691025 [Simulation:Info:toast@toast-new:Simulation not generated] Magnitude 5.04 of event bmg2026egze is smaller than triggerMinMagnitude: no automatic simulation
2026/03/03 00:46:48.063876 [Incident:Info:toast@toast-new:Origin updated] Origin updated: OT: 2026-03-02 17:40:13,  Lat/Lon: -7.80661°/127.773°, Depth: 102.84
2026/03/03 00:46:48.064046 [Incident:Info:toast@toast-new:Magnitude updated] Magnitude updated: 5.26 (MLv)
2026/03/03 00:46:48.064102 [Simulation:Info:toast@toast-new:Simulation not generated] Magnitude 5.26 of event bmg2026egze is smaller than triggerMinMagnitude: no automatic simulation
2026/03/03 00:46:48.078490 [Incident:Info:toast@toast-new:Origin updated] Origin updated: OT: 2026-03-02 17:40:13,  Lat/Lon: -7.80661°/127.773°, Depth: 102.84
2026/03/03 00:46:48.078618 [Incident:Info:toast@toast-new:Magnitude updated] Magnitude updated: 5.04 (M)
2026/03/03 00:46:48.078668 [Simulation:Info:toast@toast-new:Simulation not generated] Magnitude 5.04 of event bmg2026egze is smaller than triggerMinMagnitude: no automatic simulation
2026/03/03 00:47:46.759712 [Incident:Info:toast@toast-new:Origin updated] Origin updated: OT: 2026-03-02 17:40:14,  Lat/Lon: -7.81939°/127.752°, Depth: 101.634
2026/03/03 00:47:46.759930 [Incident:Info:toast@toast-new:Magnitude updated] Magnitude updated: 5.32 (MLv)
2026/03/03 00:47:46.759978 [Simulation:Info:toast@toast-new:Simulation not generated] Magnitude 5.32 of event bmg2026egze is smaller than triggerMinMagnitude: no automatic simulation
2026/03/03 00:47:46.779500 [Incident:Info:toast@toast-new:Origin updated] Origin updated: OT: 2026-03-02 17:40:14,  Lat/Lon: -7.81939°/127.752°, Depth: 101.634
2026/03/03 00:47:46.779648 [Incident:Info:toast@toast-new:Magnitude updated] Magnitude updated: 5.09 (M)
2026/03/03 00:47:46.779688 [Simulation:Info:toast@toast-new:Simulation not generated] Magnitude 5.09 of event bmg2026egze is smaller than triggerMinMagnitude: no automatic simulation
2026/03/03 00:50:52.129286 [Incident:Info:toast@toast-new:Origin updated] Origin updated: OT: 2026-03-02 17:40:14,  Lat/Lon: -7.81939°/127.752°, Depth: 101.634
2026/03/03 00:50:52.129428 [Incident:Info:toast@toast-new:FM updated] FM updated
2026/03/03 00:50:52.129642 [Simulation:Info:toast@toast-new:Simulation not generated] Magnitude 5.09 of event bmg2026egze is smaller than triggerMinMagnitude: no automatic simulation
2026/03/03 00:51:21.184149 [Incident:Info:toast@toast-new:Origin updated] Origin updated: OT: 2026-03-02 17:40:14,  Lat/Lon: -7.81939°/127.752°, Depth: 101.634
2026/03/03 00:51:21.184336 [Simulation:Info:toast@toast-new:Simulation not generated] Magnitude 5.09 of event bmg2026egze is smaller than triggerMinMagnitude: no automatic simulation
2026/03/03 00:51:40.801092 [Incident:Info:toast@toast-new:Origin updated] Origin updated: OT: 2026-03-02 17:40:14,  Lat/Lon: -7.81939°/127.752°, Depth: 101.634
2026/03/03 00:51:40.801311 [Simulation:Info:toast@toast-new:Simulation not generated] Magnitude 5.09 of event bmg2026egze is smaller than triggerMinMagnitude: no automatic simulation
2026/03/03 00:51:40.830005 [Incident:Info:toast@toast-new:Origin updated] Origin updated: OT: 2026-03-02 17:40:14,  Lat/Lon: -7.81939°/127.752°, Depth: 101.634
2026/03/03 00:51:40.830168 [Incident:Info:toast@toast-new:Magnitude updated] Magnitude updated: 5.08 (Mw)
2026/03/03 00:51:40.830208 [Simulation:Info:toast@toast-new:Simulation not generated] Magnitude 5.08 of event bmg2026egze is smaller than triggerMinMagnitude: no automatic simulation
2026/03/03 08:00:04.159219 [Incident:Info:toast@toast-new:Origin updated] Origin updated: OT: 2026-03-02 17:40:14,  Lat/Lon: -7.80662°/127.759°, Depth: 97.5875
2026/03/03 08:00:04.159411 [Incident:Info:toast@toast-new:FM updated] FM updated
2026/03/03 08:00:04.159660 [Simulation:Info:toast@toast-new:Simulation not generated] Magnitude 5.08 of event bmg2026egze is smaller than triggerMinMagnitude: no automatic simulation
2026/03/03 09:52:59.817894 [Simulation:Info:toast@toast-new:Simulation(s) triggered] Automatic simulation(s) triggered manually
2026/03/03 09:52:59.818654 [Simulation:Info:toast@toast-new:Simulation(s) started] Starting simulation(s) with nodal plane 1, Lat/Lon: -7.81°/ 127.76° (MT), Depth: 97.59km (MT), Mag: 5.08 (MT)
2026/03/03 09:52:59.819846 [Simulation:Info:toast@toast-new:Simulation running] TsunAWI: Looking for matching scenarios
2026/03/03 09:52:59.820348 [Simulation:Info:toast@toast-new:Simulation(s) started] Starting simulation(s) with nodal plane 2, Lat/Lon: -7.81°/ 127.76° (MT), Depth: 97.59km (MT), Mag: 5.08 (MT)
2026/03/03 09:52:59.821583 [Simulation:Info:toast@toast-new:Simulation(s) skipped] Simulation(s) not created with fault plane because a nodal plane is similar.
2026/03/03 09:52:59.821636 [Simulation:Info:toast@toast-new:Simulation running] TsunAWI: Looking for matching scenarios
2026/03/03 09:52:59.824546 [Simulation:Info:toast@toast-new:Simulation finished] TsunAWI: No matching scenarios
2026/03/03 09:52:59.825303 [Simulation:Info:toast@toast-new:Simulation finished] TsunAWI: No matching scenarios
2026/03/03 09:52:59.828325 [Simulation:Info:toast@toast-new:No simulation returned] TsunAWI simulation backend returned no simulation.
2026/03/03 09:52:59.828566 [Simulation:Info:toast@toast-new:No simulation returned] TsunAWI simulation backend returned no simulation.
2026/03/03 09:52:59.903361 [Simulation:Info:toast@toast-new:Simulation tracked] Tracking progress of EasyWave2 simulation 50006008S126128E014f179780cb421a3db78ff114299e941403d8b6
2026/03/03 09:52:59.908766 [Simulation:Info:toast@toast-new:Simulation tracked] Tracking progress of EasyWave2 simulation 50006008S126128E7a1f68d8b06687354b970b055d54ff443aa3c15a
2026/03/03 09:52:59.913395 [Simulation:Info:toast@toast-new:Simulation tracked] Tracking progress of EasyWave2 simulation 50006008S126128E8edbdc0cba58733165f1ed66abf030836dfd32ca
2026/03/03 09:52:59.917364 [Simulation:Info:toast@toast-new:Simulation tracked] Tracking progress of EasyWave2 simulation 50006008S126128E3737f1ddaf777beab0f53fa0b3a44d51574e121e
2026/03/03 09:53:02.760857 [Simulation:Error:toast@toast-new:Simulation failed] Failed to calculate EasyWave2 simulation 50006008S126128E014f179780cb421a3db78ff114299e941403d8b6: Zero initial displacement
2026/03/03 09:53:03.735805 [Simulation:Error:toast@toast-new:Simulation failed] Failed to calculate EasyWave2 simulation 50006008S126128E7a1f68d8b06687354b970b055d54ff443aa3c15a: Zero initial displacement
2026/03/03 09:53:04.736137 [Simulation:Error:toast@toast-new:Simulation failed] Failed to calculate EasyWave2 simulation 50006008S126128E8edbdc0cba58733165f1ed66abf030836dfd32ca: Zero initial displacement
2026/03/03 09:53:05.729906 [Simulation:Error:toast@toast-new:Simulation failed] Failed to calculate EasyWave2 simulation 50006008S126128E3737f1ddaf777beab0f53fa0b3a44d51574e121e: Zero initial displacement
