2025/05/02 20:22:54.341865 [Incident:Info:toast@toast-new:Displacement(s) updated] Added 0 and changed 0 displacements with 0 amplitudes
2025/05/02 20:22:54.383388 [Incident:Info:toast@toast-new:Incident created] Incident created based on event received from messaging: OT: 2025-05-02 13:09:41,  Lat/Lon: -57.33°/-67.53°, Depth: 10.00, Mag: 7.10 (M)
2025/05/02 20:22:54.385089 [Simulation:Info:toast@toast-new:Event outside source region] Simulation setup: Event outside configured source regions.
2025/05/02 20:22:54.385781 [Simulation:Info:toast@toast-new:Simulation(s) started] No nodal plane available. Starting Simulation(s) with fault plane, Lat/Lon: -57.33°/ -67.53° (MT), Depth: 10.00km (MT), Mag: 7.10 (MT)
2025/05/02 20:22:54.386892 [Simulation:Error:toast@toast-new:Simulation] EasyWave2: Failed to find grid file
2025/05/02 20:22:54.387090 [Simulation:Info:toast@toast-new:Simulation running] TsunAWI: Looking for matching scenarios
2025/05/02 20:22:54.390844 [Simulation:Info:toast@toast-new:Simulation finished] TsunAWI: No matching scenarios
2025/05/02 20:22:54.403003 [Incident:Info:toast@toast-new:Origin updated] Origin updated: OT: 2025-05-02 13:09:41,  Lat/Lon: -57.3319°/-67.5333°, Depth: 10
2025/05/02 20:22:54.404400 [Simulation:Info:toast@toast-new:Event outside source region] Simulation setup: Event outside configured source regions.
2025/05/02 20:22:54.404855 [Simulation:Info:toast@toast-new:Simulation(s) started] No nodal plane available. Starting Simulation(s) with fault plane, Lat/Lon: -57.33°/ -67.53° (MT), Depth: 10.00km (MT), Mag: 7.10 (MT)
2025/05/02 20:22:54.405791 [Simulation:Error:toast@toast-new:Simulation] EasyWave2: Failed to find grid file
2025/05/02 20:22:54.406020 [Simulation:Info:toast@toast-new:Simulation running] TsunAWI: Looking for matching scenarios
2025/05/02 20:22:54.409542 [Simulation:Info:toast@toast-new:Simulation finished] TsunAWI: No matching scenarios
2025/05/02 20:22:54.432036 [Simulation:Info:toast@toast-new:No simulation returned] EasyWave2 simulation backend returned no simulation.
2025/05/02 20:22:54.432976 [Simulation:Info:toast@toast-new:No simulation returned] TsunAWI simulation backend returned no simulation.
2025/05/02 20:22:54.454386 [Simulation:Info:toast@toast-new:No simulation returned] EasyWave2 simulation backend returned no simulation.
2025/05/02 20:22:54.468705 [Simulation:Info:toast@toast-new:No simulation returned] TsunAWI simulation backend returned no simulation.
2025/05/02 20:23:09.230609 [Incident:Info:toast@toast-new:Origin updated] Origin updated: OT: 2025-05-02 13:09:41,  Lat/Lon: -57.3415°/-67.5695°, Depth: 10
2025/05/02 20:23:09.230986 [Incident:Info:toast@toast-new:Magnitude updated] Magnitude updated: 7.11 (M)
2025/05/02 20:23:09.232412 [Simulation:Info:toast@toast-new:Event outside source region] Simulation setup: Event outside configured source regions.
2025/05/02 20:23:09.232926 [Simulation:Info:toast@toast-new:Simulation(s) started] No nodal plane available. Starting Simulation(s) with fault plane, Lat/Lon: -57.34°/ -67.57° (MT), Depth: 10.00km (MT), Mag: 7.11 (MT)
2025/05/02 20:23:09.234113 [Simulation:Error:toast@toast-new:Simulation] EasyWave2: Failed to find grid file
2025/05/02 20:23:09.234325 [Simulation:Info:toast@toast-new:Simulation running] TsunAWI: Looking for matching scenarios
2025/05/02 20:23:09.238468 [Simulation:Info:toast@toast-new:Simulation finished] TsunAWI: No matching scenarios
2025/05/02 20:23:09.259433 [Simulation:Info:toast@toast-new:No simulation returned] EasyWave2 simulation backend returned no simulation.
2025/05/02 20:23:09.274051 [Simulation:Info:toast@toast-new:No simulation returned] TsunAWI simulation backend returned no simulation.
2025/05/02 20:23:29.249566 [Incident:Info:toast@toast-new:Origin updated] Origin updated: OT: 2025-05-02 13:09:41,  Lat/Lon: -57.342°/-67.556°, Depth: 10
2025/05/02 20:23:29.249746 [Incident:Info:toast@toast-new:Magnitude updated] Magnitude updated: 7.10 (M)
2025/05/02 20:23:29.251137 [Simulation:Info:toast@toast-new:Event outside source region] Simulation setup: Event outside configured source regions.
2025/05/02 20:23:29.251536 [Simulation:Info:toast@toast-new:Simulation(s) started] No nodal plane available. Starting Simulation(s) with fault plane, Lat/Lon: -57.34°/ -67.56° (MT), Depth: 10.00km (MT), Mag: 7.10 (MT)
2025/05/02 20:23:29.252748 [Simulation:Error:toast@toast-new:Simulation] EasyWave2: Failed to find grid file
2025/05/02 20:23:29.252928 [Simulation:Info:toast@toast-new:Simulation running] TsunAWI: Looking for matching scenarios
2025/05/02 20:23:29.256875 [Simulation:Info:toast@toast-new:Simulation finished] TsunAWI: No matching scenarios
2025/05/02 20:23:29.277416 [Simulation:Info:toast@toast-new:No simulation returned] EasyWave2 simulation backend returned no simulation.
2025/05/02 20:23:29.293182 [Simulation:Info:toast@toast-new:No simulation returned] TsunAWI simulation backend returned no simulation.
2025/05/02 20:23:49.260764 [Incident:Info:toast@toast-new:Origin updated] Origin updated: OT: 2025-05-02 13:09:41,  Lat/Lon: -57.3491°/-67.5904°, Depth: 10
2025/05/02 20:23:49.260972 [Incident:Info:toast@toast-new:Magnitude updated] Magnitude updated: 7.10 (M)
2025/05/02 20:23:49.262409 [Simulation:Info:toast@toast-new:Event outside source region] Simulation setup: Event outside configured source regions.
2025/05/02 20:23:49.262855 [Simulation:Info:toast@toast-new:Simulation(s) started] No nodal plane available. Starting Simulation(s) with fault plane, Lat/Lon: -57.35°/ -67.59° (MT), Depth: 10.00km (MT), Mag: 7.10 (MT)
2025/05/02 20:23:49.264185 [Simulation:Error:toast@toast-new:Simulation] EasyWave2: Failed to find grid file
2025/05/02 20:23:49.264492 [Simulation:Info:toast@toast-new:Simulation running] TsunAWI: Looking for matching scenarios
2025/05/02 20:23:49.268681 [Simulation:Info:toast@toast-new:Simulation finished] TsunAWI: No matching scenarios
2025/05/02 20:23:49.298079 [Simulation:Info:toast@toast-new:No simulation returned] EasyWave2 simulation backend returned no simulation.
2025/05/02 20:23:49.312932 [Simulation:Info:toast@toast-new:No simulation returned] TsunAWI simulation backend returned no simulation.
2025/05/02 20:23:50.211312 [Incident:Info:toast@toast-new:Origin updated] Origin updated: OT: 2025-05-02 13:09:41,  Lat/Lon: -57.3491°/-67.5904°, Depth: 10
2025/05/02 20:23:50.211502 [Incident:Info:toast@toast-new:Magnitude updated] Magnitude updated: 7.26 (M)
2025/05/02 20:23:50.213014 [Simulation:Info:toast@toast-new:Event outside source region] Simulation setup: Event outside configured source regions.
2025/05/02 20:23:50.213337 [Simulation:Info:toast@toast-new:Simulation(s) started] No nodal plane available. Starting Simulation(s) with fault plane, Lat/Lon: -57.35°/ -67.59° (MT), Depth: 10.00km (MT), Mag: 7.26 (MT)
2025/05/02 20:23:50.214467 [Simulation:Error:toast@toast-new:Simulation] EasyWave2: Failed to find grid file
2025/05/02 20:23:50.214660 [Simulation:Info:toast@toast-new:Simulation running] TsunAWI: Looking for matching scenarios
2025/05/02 20:23:50.218589 [Simulation:Info:toast@toast-new:Simulation finished] TsunAWI: No matching scenarios
2025/05/02 20:23:50.239046 [Simulation:Info:toast@toast-new:No simulation returned] EasyWave2 simulation backend returned no simulation.
2025/05/02 20:23:50.245395 [Simulation:Info:toast@toast-new:No simulation returned] TsunAWI simulation backend returned no simulation.
2025/05/02 20:24:36.066380 [Incident:Info:toast@toast-new:Origin updated] Origin updated: OT: 2025-05-02 13:09:41,  Lat/Lon: -57.349°/-67.5848°, Depth: 10
2025/05/02 20:24:36.066597 [Incident:Info:toast@toast-new:Magnitude updated] Magnitude updated: 7.26 (M)
2025/05/02 20:24:36.068085 [Simulation:Info:toast@toast-new:Event outside source region] Simulation setup: Event outside configured source regions.
2025/05/02 20:24:36.068490 [Simulation:Info:toast@toast-new:Simulation(s) started] No nodal plane available. Starting Simulation(s) with fault plane, Lat/Lon: -57.35°/ -67.58° (MT), Depth: 10.00km (MT), Mag: 7.26 (MT)
2025/05/02 20:24:36.069645 [Simulation:Error:toast@toast-new:Simulation] EasyWave2: Failed to find grid file
2025/05/02 20:24:36.069885 [Simulation:Info:toast@toast-new:Simulation running] TsunAWI: Looking for matching scenarios
2025/05/02 20:24:36.073862 [Simulation:Info:toast@toast-new:Simulation finished] TsunAWI: No matching scenarios
2025/05/02 20:24:36.094442 [Simulation:Info:toast@toast-new:No simulation returned] EasyWave2 simulation backend returned no simulation.
2025/05/02 20:24:36.114716 [Simulation:Info:toast@toast-new:No simulation returned] TsunAWI simulation backend returned no simulation.
2025/05/02 20:24:36.198321 [Incident:Info:toast@toast-new:Origin updated] Origin updated: OT: 2025-05-02 13:09:41,  Lat/Lon: -57.349°/-67.5848°, Depth: 10
2025/05/02 20:24:36.198483 [Incident:Info:toast@toast-new:Magnitude updated] Magnitude updated: 7.33 (M)
2025/05/02 20:24:36.199813 [Simulation:Info:toast@toast-new:Event outside source region] Simulation setup: Event outside configured source regions.
2025/05/02 20:24:36.200159 [Simulation:Info:toast@toast-new:Simulation(s) started] No nodal plane available. Starting Simulation(s) with fault plane, Lat/Lon: -57.35°/ -67.58° (MT), Depth: 10.00km (MT), Mag: 7.33 (MT)
2025/05/02 20:24:36.201207 [Simulation:Error:toast@toast-new:Simulation] EasyWave2: Failed to find grid file
2025/05/02 20:24:36.201371 [Simulation:Info:toast@toast-new:Simulation running] TsunAWI: Looking for matching scenarios
2025/05/02 20:24:36.205045 [Simulation:Info:toast@toast-new:Simulation finished] TsunAWI: No matching scenarios
2025/05/02 20:24:36.225744 [Simulation:Info:toast@toast-new:No simulation returned] EasyWave2 simulation backend returned no simulation.
2025/05/02 20:24:36.231982 [Simulation:Info:toast@toast-new:No simulation returned] TsunAWI simulation backend returned no simulation.
2025/05/02 20:24:43.296057 [Incident:Info:toast@toast-new:Origin updated] Origin updated: OT: 2025-05-02 13:09:41,  Lat/Lon: -57.349°/-67.5848°, Depth: 10
2025/05/02 20:24:43.296262 [Incident:Info:toast@toast-new:Magnitude updated] Magnitude updated: 7.16 (M)
2025/05/02 20:24:43.297704 [Simulation:Info:toast@toast-new:Event outside source region] Simulation setup: Event outside configured source regions.
2025/05/02 20:24:43.298056 [Simulation:Info:toast@toast-new:Simulation(s) started] No nodal plane available. Starting Simulation(s) with fault plane, Lat/Lon: -57.35°/ -67.58° (MT), Depth: 10.00km (MT), Mag: 7.16 (MT)
2025/05/02 20:24:43.299235 [Simulation:Error:toast@toast-new:Simulation] EasyWave2: Failed to find grid file
2025/05/02 20:24:43.299429 [Simulation:Info:toast@toast-new:Simulation running] TsunAWI: Looking for matching scenarios
2025/05/02 20:24:43.303589 [Simulation:Info:toast@toast-new:Simulation finished] TsunAWI: No matching scenarios
2025/05/02 20:24:43.324558 [Simulation:Info:toast@toast-new:No simulation returned] EasyWave2 simulation backend returned no simulation.
2025/05/02 20:24:43.330803 [Simulation:Info:toast@toast-new:No simulation returned] TsunAWI simulation backend returned no simulation.
2025/05/02 20:28:45.277214 [Incident:Info:toast@toast-new:Origin updated] Origin updated: OT: 2025-05-02 13:09:41,  Lat/Lon: -57.349°/-67.5848°, Depth: 10
2025/05/02 20:28:45.277456 [Incident:Info:toast@toast-new:Magnitude updated] Magnitude updated: 7.24 (M)
2025/05/02 20:28:45.278931 [Simulation:Info:toast@toast-new:Event outside source region] Simulation setup: Event outside configured source regions.
2025/05/02 20:28:45.279358 [Simulation:Info:toast@toast-new:Simulation(s) started] No nodal plane available. Starting Simulation(s) with fault plane, Lat/Lon: -57.35°/ -67.58° (MT), Depth: 10.00km (MT), Mag: 7.24 (MT)
2025/05/02 20:28:45.280560 [Simulation:Error:toast@toast-new:Simulation] EasyWave2: Failed to find grid file
2025/05/02 20:28:45.280718 [Simulation:Info:toast@toast-new:Simulation running] TsunAWI: Looking for matching scenarios
2025/05/02 20:28:45.284636 [Simulation:Info:toast@toast-new:Simulation finished] TsunAWI: No matching scenarios
2025/05/02 20:28:45.306794 [Simulation:Info:toast@toast-new:No simulation returned] EasyWave2 simulation backend returned no simulation.
2025/05/02 20:28:45.313152 [Simulation:Info:toast@toast-new:No simulation returned] TsunAWI simulation backend returned no simulation.
