2025/04/16 08:51:04.977922 [Incident:Info:toast@toast-new:Displacement(s) updated] Added 0 and changed 0 displacements with 0 amplitudes
2025/04/16 08:51:05.018687 [Incident:Info:toast@toast-new:Incident created] Incident created based on event received from messaging: OT: 2025-04-16 01:43:01,  Lat/Lon: -47.86°/99.71°, Depth: 10.00, Mag: 6.10 (M)
2025/04/16 08:51:05.019028 [Simulation:Info:toast@toast-new:Simulation not generated] Magnitude 6.10 of event bmg2025hjzf is smaller than triggerMinMagnitude: no automatic simulation
2025/04/16 08:51:05.050346 [Incident:Info:toast@toast-new:Origin updated] Origin updated: OT: 2025-04-16 01:43:01,  Lat/Lon: -47.859°/99.7103°, Depth: 10
2025/04/16 08:51:05.050436 [Simulation:Info:toast@toast-new:Simulation not generated] Magnitude 6.10 of event bmg2025hjzf is smaller than triggerMinMagnitude: no automatic simulation
2025/04/16 08:51:13.037962 [Incident:Info:toast@toast-new:Origin updated] Origin updated: OT: 2025-04-16 01:43:01,  Lat/Lon: -47.8507°/99.692°, Depth: 10
2025/04/16 08:51:13.038163 [Incident:Info:toast@toast-new:Magnitude updated] Magnitude updated: 6.10 (M)
2025/04/16 08:51:13.038213 [Simulation:Info:toast@toast-new:Simulation not generated] Magnitude 6.10 of event bmg2025hjzf is smaller than triggerMinMagnitude: no automatic simulation
2025/04/16 08:51:16.648505 [Incident:Info:toast@toast-new:Origin updated] Origin updated: OT: 2025-04-16 01:43:01,  Lat/Lon: -47.8507°/99.692°, Depth: 10
2025/04/16 08:51:16.648782 [Incident:Info:toast@toast-new:Magnitude updated] Magnitude updated: 6.14 (M)
2025/04/16 08:51:16.648883 [Simulation:Info:toast@toast-new:Simulation not generated] Magnitude 6.14 of event bmg2025hjzf is smaller than triggerMinMagnitude: no automatic simulation
2025/04/16 08:51:20.422590 [Incident:Info:toast@toast-new:Origin updated] Origin updated: OT: 2025-04-16 01:43:01,  Lat/Lon: -47.8748°/99.7436°, Depth: 10
2025/04/16 08:51:20.422720 [Incident:Info:toast@toast-new:Magnitude updated] Magnitude updated: 6.12 (M)
2025/04/16 08:51:20.422741 [Simulation:Info:toast@toast-new:Simulation not generated] Magnitude 6.12 of event bmg2025hjzf is smaller than triggerMinMagnitude: no automatic simulation
2025/04/16 08:51:26.546733 [Incident:Info:toast@toast-new:Origin updated] Origin updated: OT: 2025-04-16 01:43:01,  Lat/Lon: -47.8748°/99.7436°, Depth: 10
2025/04/16 08:51:26.546878 [Incident:Info:toast@toast-new:Magnitude updated] Magnitude updated: 6.09 (M)
2025/04/16 08:51:26.546901 [Simulation:Info:toast@toast-new:Simulation not generated] Magnitude 6.09 of event bmg2025hjzf is smaller than triggerMinMagnitude: no automatic simulation
2025/04/16 08:51:28.522103 [Incident:Info:toast@toast-new:Origin updated] Origin updated: OT: 2025-04-16 01:43:01,  Lat/Lon: -47.885°/99.7654°, Depth: 10
2025/04/16 08:51:28.522236 [Incident:Info:toast@toast-new:Magnitude updated] Magnitude updated: 6.12 (M)
2025/04/16 08:51:28.522258 [Simulation:Info:toast@toast-new:Simulation not generated] Magnitude 6.12 of event bmg2025hjzf is smaller than triggerMinMagnitude: no automatic simulation
2025/04/16 08:51:39.219731 [Incident:Info:toast@toast-new:Origin updated] Origin updated: OT: 2025-04-16 01:43:01,  Lat/Lon: -47.8915°/99.7948°, Depth: 10
2025/04/16 08:51:39.220035 [Incident:Info:toast@toast-new:Magnitude updated] Magnitude updated: 6.10 (M)
2025/04/16 08:51:39.220067 [Simulation:Info:toast@toast-new:Simulation not generated] Magnitude 6.10 of event bmg2025hjzf is smaller than triggerMinMagnitude: no automatic simulation
2025/04/16 08:51:41.621616 [Incident:Info:toast@toast-new:Origin updated] Origin updated: OT: 2025-04-16 01:43:01,  Lat/Lon: -47.8915°/99.7948°, Depth: 10
2025/04/16 08:51:41.621749 [Incident:Info:toast@toast-new:Magnitude updated] Magnitude updated: 6.10 (M)
2025/04/16 08:51:41.621772 [Simulation:Info:toast@toast-new:Simulation not generated] Magnitude 6.10 of event bmg2025hjzf is smaller than triggerMinMagnitude: no automatic simulation
2025/04/16 08:51:46.663316 [Incident:Info:toast@toast-new:Origin updated] Origin updated: OT: 2025-04-16 01:43:01,  Lat/Lon: -47.8915°/99.7948°, Depth: 10
2025/04/16 08:51:46.663513 [Incident:Info:toast@toast-new:Magnitude updated] Magnitude updated: 6.15 (M)
2025/04/16 08:51:46.663579 [Simulation:Info:toast@toast-new:Simulation not generated] Magnitude 6.15 of event bmg2025hjzf is smaller than triggerMinMagnitude: no automatic simulation
2025/04/16 08:51:51.777904 [Incident:Info:toast@toast-new:Origin updated] Origin updated: OT: 2025-04-16 01:43:01,  Lat/Lon: -47.8915°/99.7948°, Depth: 10
2025/04/16 08:51:51.778031 [Incident:Info:toast@toast-new:Magnitude updated] Magnitude updated: 6.26 (Mw(mB))
2025/04/16 08:51:51.778065 [Simulation:Info:toast@toast-new:Simulation not generated] Magnitude 6.26 of event bmg2025hjzf is smaller than triggerMinMagnitude: no automatic simulation
2025/04/16 08:51:56.636444 [Incident:Info:toast@toast-new:Origin updated] Origin updated: OT: 2025-04-16 01:43:01,  Lat/Lon: -47.8915°/99.7948°, Depth: 10
2025/04/16 08:51:56.636583 [Incident:Info:toast@toast-new:Magnitude updated] Magnitude updated: 6.27 (Mw(mB))
2025/04/16 08:51:56.636606 [Simulation:Info:toast@toast-new:Simulation not generated] Magnitude 6.27 of event bmg2025hjzf is smaller than triggerMinMagnitude: no automatic simulation
2025/04/16 08:52:01.653840 [Incident:Info:toast@toast-new:Origin updated] Origin updated: OT: 2025-04-16 01:43:01,  Lat/Lon: -47.8915°/99.7948°, Depth: 10
2025/04/16 08:52:01.653958 [Incident:Info:toast@toast-new:Magnitude updated] Magnitude updated: 6.27 (Mw(mB))
2025/04/16 08:52:01.653979 [Simulation:Info:toast@toast-new:Simulation not generated] Magnitude 6.27 of event bmg2025hjzf is smaller than triggerMinMagnitude: no automatic simulation
2025/04/16 08:52:02.611442 [Incident:Info:toast@toast-new:Origin updated] Origin updated: OT: 2025-04-16 01:43:01,  Lat/Lon: -47.8925°/99.8121°, Depth: 10
2025/04/16 08:52:02.611652 [Incident:Info:toast@toast-new:Magnitude updated] Magnitude updated: 6.28 (Mw(mB))
2025/04/16 08:52:02.611703 [Simulation:Info:toast@toast-new:Simulation not generated] Magnitude 6.28 of event bmg2025hjzf is smaller than triggerMinMagnitude: no automatic simulation
2025/04/16 08:52:06.692945 [Incident:Info:toast@toast-new:Origin updated] Origin updated: OT: 2025-04-16 01:43:01,  Lat/Lon: -47.8925°/99.8121°, Depth: 10
2025/04/16 08:52:06.693082 [Incident:Info:toast@toast-new:Magnitude updated] Magnitude updated: 6.27 (Mw(mB))
2025/04/16 08:52:06.693104 [Simulation:Info:toast@toast-new:Simulation not generated] Magnitude 6.27 of event bmg2025hjzf is smaller than triggerMinMagnitude: no automatic simulation
2025/04/16 08:52:11.639060 [Incident:Info:toast@toast-new:Origin updated] Origin updated: OT: 2025-04-16 01:43:01,  Lat/Lon: -47.8925°/99.8121°, Depth: 10
2025/04/16 08:52:11.639193 [Incident:Info:toast@toast-new:Magnitude updated] Magnitude updated: 6.26 (Mw(mB))
2025/04/16 08:52:11.639216 [Simulation:Info:toast@toast-new:Simulation not generated] Magnitude 6.26 of event bmg2025hjzf is smaller than triggerMinMagnitude: no automatic simulation
2025/04/16 08:52:16.637259 [Incident:Info:toast@toast-new:Origin updated] Origin updated: OT: 2025-04-16 01:43:01,  Lat/Lon: -47.8925°/99.8121°, Depth: 10
2025/04/16 08:52:16.637401 [Incident:Info:toast@toast-new:Magnitude updated] Magnitude updated: 6.28 (Mw(mB))
2025/04/16 08:52:16.637425 [Simulation:Info:toast@toast-new:Simulation not generated] Magnitude 6.28 of event bmg2025hjzf is smaller than triggerMinMagnitude: no automatic simulation
2025/04/16 08:52:16.987730 [Incident:Info:toast@toast-new:Origin updated] Origin updated: OT: 2025-04-16 01:43:01,  Lat/Lon: -47.8899°/99.8218°, Depth: 10
2025/04/16 08:52:16.987882 [Incident:Info:toast@toast-new:Magnitude updated] Magnitude updated: 6.28 (Mw(mB))
2025/04/16 08:52:16.987906 [Simulation:Info:toast@toast-new:Simulation not generated] Magnitude 6.28 of event bmg2025hjzf is smaller than triggerMinMagnitude: no automatic simulation
2025/04/16 08:52:21.803235 [Incident:Info:toast@toast-new:Origin updated] Origin updated: OT: 2025-04-16 01:43:01,  Lat/Lon: -47.8899°/99.8218°, Depth: 10
2025/04/16 08:52:21.803372 [Incident:Info:toast@toast-new:Magnitude updated] Magnitude updated: 6.28 (Mw(mB))
2025/04/16 08:52:21.803405 [Simulation:Info:toast@toast-new:Simulation not generated] Magnitude 6.28 of event bmg2025hjzf is smaller than triggerMinMagnitude: no automatic simulation
2025/04/16 08:52:26.871098 [Incident:Info:toast@toast-new:Origin updated] Origin updated: OT: 2025-04-16 01:43:01,  Lat/Lon: -47.8899°/99.8218°, Depth: 10
2025/04/16 08:52:26.871299 [Incident:Info:toast@toast-new:Magnitude updated] Magnitude updated: 6.28 (Mw(mB))
2025/04/16 08:52:26.871353 [Simulation:Info:toast@toast-new:Simulation not generated] Magnitude 6.28 of event bmg2025hjzf is smaller than triggerMinMagnitude: no automatic simulation
2025/04/16 08:52:31.837569 [Incident:Info:toast@toast-new:Origin updated] Origin updated: OT: 2025-04-16 01:43:01,  Lat/Lon: -47.8899°/99.8218°, Depth: 10
2025/04/16 08:52:31.837745 [Incident:Info:toast@toast-new:Magnitude updated] Magnitude updated: 6.28 (Mw(mB))
2025/04/16 08:52:31.837796 [Simulation:Info:toast@toast-new:Simulation not generated] Magnitude 6.28 of event bmg2025hjzf is smaller than triggerMinMagnitude: no automatic simulation
2025/04/16 08:52:34.078752 [Incident:Info:toast@toast-new:Origin updated] Origin updated: OT: 2025-04-16 01:43:01,  Lat/Lon: -47.8915°/99.8653°, Depth: 10
2025/04/16 08:52:34.078947 [Incident:Info:toast@toast-new:Magnitude updated] Magnitude updated: 6.29 (Mw(mB))
2025/04/16 08:52:34.078999 [Simulation:Info:toast@toast-new:Simulation not generated] Magnitude 6.29 of event bmg2025hjzf is smaller than triggerMinMagnitude: no automatic simulation
2025/04/16 08:52:36.775343 [Incident:Info:toast@toast-new:Origin updated] Origin updated: OT: 2025-04-16 01:43:01,  Lat/Lon: -47.8915°/99.8653°, Depth: 10
2025/04/16 08:52:36.775504 [Incident:Info:toast@toast-new:Magnitude updated] Magnitude updated: 6.27 (Mw(mB))
2025/04/16 08:52:36.775529 [Simulation:Info:toast@toast-new:Simulation not generated] Magnitude 6.27 of event bmg2025hjzf is smaller than triggerMinMagnitude: no automatic simulation
2025/04/16 08:52:41.851798 [Incident:Info:toast@toast-new:Origin updated] Origin updated: OT: 2025-04-16 01:43:01,  Lat/Lon: -47.8915°/99.8653°, Depth: 10
2025/04/16 08:52:41.852035 [Incident:Info:toast@toast-new:Magnitude updated] Magnitude updated: 6.28 (Mw(mB))
2025/04/16 08:52:41.852096 [Simulation:Info:toast@toast-new:Simulation not generated] Magnitude 6.28 of event bmg2025hjzf is smaller than triggerMinMagnitude: no automatic simulation
2025/04/16 08:52:46.897969 [Incident:Info:toast@toast-new:Origin updated] Origin updated: OT: 2025-04-16 01:43:01,  Lat/Lon: -47.8915°/99.8653°, Depth: 10
2025/04/16 08:52:46.898089 [Incident:Info:toast@toast-new:Magnitude updated] Magnitude updated: 6.28 (Mw(mB))
2025/04/16 08:52:46.898110 [Simulation:Info:toast@toast-new:Simulation not generated] Magnitude 6.28 of event bmg2025hjzf is smaller than triggerMinMagnitude: no automatic simulation
2025/04/16 08:52:47.003848 [Incident:Info:toast@toast-new:Origin updated] Origin updated: OT: 2025-04-16 01:43:01,  Lat/Lon: -47.8864°/99.8242°, Depth: 10
2025/04/16 08:52:47.003971 [Incident:Info:toast@toast-new:Magnitude updated] Magnitude updated: 6.27 (Mw(mB))
2025/04/16 08:52:47.003991 [Simulation:Info:toast@toast-new:Simulation not generated] Magnitude 6.27 of event bmg2025hjzf is smaller than triggerMinMagnitude: no automatic simulation
2025/04/16 08:52:47.045403 [Incident:Info:toast@toast-new:Origin updated] Origin updated: OT: 2025-04-16 01:43:01,  Lat/Lon: -47.8864°/99.8242°, Depth: 10
2025/04/16 08:52:47.045476 [Simulation:Info:toast@toast-new:Simulation not generated] Magnitude 6.27 of event bmg2025hjzf is smaller than triggerMinMagnitude: no automatic simulation
2025/04/16 08:52:51.789582 [Incident:Info:toast@toast-new:Origin updated] Origin updated: OT: 2025-04-16 01:43:01,  Lat/Lon: -47.8864°/99.8242°, Depth: 10
2025/04/16 08:52:51.789708 [Incident:Info:toast@toast-new:Magnitude updated] Magnitude updated: 6.27 (Mw(mB))
2025/04/16 08:52:51.789731 [Simulation:Info:toast@toast-new:Simulation not generated] Magnitude 6.27 of event bmg2025hjzf is smaller than triggerMinMagnitude: no automatic simulation
2025/04/16 08:52:56.818050 [Incident:Info:toast@toast-new:Origin updated] Origin updated: OT: 2025-04-16 01:43:01,  Lat/Lon: -47.8864°/99.8242°, Depth: 10
2025/04/16 08:52:56.818182 [Incident:Info:toast@toast-new:Magnitude updated] Magnitude updated: 6.27 (Mw(mB))
2025/04/16 08:52:56.818203 [Simulation:Info:toast@toast-new:Simulation not generated] Magnitude 6.27 of event bmg2025hjzf is smaller than triggerMinMagnitude: no automatic simulation
2025/04/16 08:53:01.810268 [Incident:Info:toast@toast-new:Origin updated] Origin updated: OT: 2025-04-16 01:43:01,  Lat/Lon: -47.8864°/99.8242°, Depth: 10
2025/04/16 08:53:01.810413 [Incident:Info:toast@toast-new:Magnitude updated] Magnitude updated: 6.26 (Mw(mB))
2025/04/16 08:53:01.810437 [Simulation:Info:toast@toast-new:Simulation not generated] Magnitude 6.26 of event bmg2025hjzf is smaller than triggerMinMagnitude: no automatic simulation
2025/04/16 08:53:04.485472 [Incident:Info:toast@toast-new:Origin updated] Origin updated: OT: 2025-04-16 01:43:01,  Lat/Lon: -47.8864°/99.8312°, Depth: 10
2025/04/16 08:53:04.485688 [Incident:Info:toast@toast-new:Magnitude updated] Magnitude updated: 6.27 (Mw(mB))
2025/04/16 08:53:04.485746 [Simulation:Info:toast@toast-new:Simulation not generated] Magnitude 6.27 of event bmg2025hjzf is smaller than triggerMinMagnitude: no automatic simulation
2025/04/16 08:53:06.752930 [Incident:Info:toast@toast-new:Origin updated] Origin updated: OT: 2025-04-16 01:43:01,  Lat/Lon: -47.8864°/99.8312°, Depth: 10
2025/04/16 08:53:06.753054 [Incident:Info:toast@toast-new:Magnitude updated] Magnitude updated: 6.27 (Mw(mB))
2025/04/16 08:53:06.753077 [Simulation:Info:toast@toast-new:Simulation not generated] Magnitude 6.27 of event bmg2025hjzf is smaller than triggerMinMagnitude: no automatic simulation
2025/04/16 08:53:11.917309 [Incident:Info:toast@toast-new:Origin updated] Origin updated: OT: 2025-04-16 01:43:01,  Lat/Lon: -47.8864°/99.8312°, Depth: 10
2025/04/16 08:53:11.917525 [Incident:Info:toast@toast-new:Magnitude updated] Magnitude updated: 6.27 (Mw(mB))
2025/04/16 08:53:11.917582 [Simulation:Info:toast@toast-new:Simulation not generated] Magnitude 6.27 of event bmg2025hjzf is smaller than triggerMinMagnitude: no automatic simulation
2025/04/16 08:53:16.871098 [Incident:Info:toast@toast-new:Origin updated] Origin updated: OT: 2025-04-16 01:43:01,  Lat/Lon: -47.8864°/99.8312°, Depth: 10
2025/04/16 08:53:16.871239 [Incident:Info:toast@toast-new:Magnitude updated] Magnitude updated: 6.27 (Mw(mB))
2025/04/16 08:53:16.871261 [Simulation:Info:toast@toast-new:Simulation not generated] Magnitude 6.27 of event bmg2025hjzf is smaller than triggerMinMagnitude: no automatic simulation
2025/04/16 08:53:21.841385 [Incident:Info:toast@toast-new:Origin updated] Origin updated: OT: 2025-04-16 01:43:01,  Lat/Lon: -47.8864°/99.8312°, Depth: 10
2025/04/16 08:53:21.841522 [Incident:Info:toast@toast-new:Magnitude updated] Magnitude updated: 6.26 (Mw(mB))
2025/04/16 08:53:21.841544 [Simulation:Info:toast@toast-new:Simulation not generated] Magnitude 6.26 of event bmg2025hjzf is smaller than triggerMinMagnitude: no automatic simulation
2025/04/16 08:53:26.849892 [Incident:Info:toast@toast-new:Origin updated] Origin updated: OT: 2025-04-16 01:43:01,  Lat/Lon: -47.8864°/99.8312°, Depth: 10
2025/04/16 08:53:26.850027 [Incident:Info:toast@toast-new:Magnitude updated] Magnitude updated: 6.26 (Mw(mB))
2025/04/16 08:53:26.850049 [Simulation:Info:toast@toast-new:Simulation not generated] Magnitude 6.26 of event bmg2025hjzf is smaller than triggerMinMagnitude: no automatic simulation
2025/04/16 08:53:31.769930 [Incident:Info:toast@toast-new:Origin updated] Origin updated: OT: 2025-04-16 01:43:01,  Lat/Lon: -47.8864°/99.8312°, Depth: 10
2025/04/16 08:53:31.770168 [Incident:Info:toast@toast-new:Magnitude updated] Magnitude updated: 6.26 (Mw(mB))
2025/04/16 08:53:31.770240 [Simulation:Info:toast@toast-new:Simulation not generated] Magnitude 6.26 of event bmg2025hjzf is smaller than triggerMinMagnitude: no automatic simulation
2025/04/16 08:53:36.764711 [Incident:Info:toast@toast-new:Origin updated] Origin updated: OT: 2025-04-16 01:43:01,  Lat/Lon: -47.8864°/99.8312°, Depth: 10
2025/04/16 08:53:36.764843 [Incident:Info:toast@toast-new:Magnitude updated] Magnitude updated: 6.26 (Mw(mB))
2025/04/16 08:53:36.764866 [Simulation:Info:toast@toast-new:Simulation not generated] Magnitude 6.26 of event bmg2025hjzf is smaller than triggerMinMagnitude: no automatic simulation
2025/04/16 08:54:09.191110 [Incident:Info:toast@toast-new:Origin updated] Origin updated: OT: 2025-04-16 01:43:01,  Lat/Lon: -47.917°/99.788°, Depth: 10
2025/04/16 08:54:09.191251 [Incident:Info:toast@toast-new:Magnitude updated] Magnitude updated: 6.27 (Mw(mB))
2025/04/16 08:54:09.191273 [Simulation:Info:toast@toast-new:Simulation not generated] Magnitude 6.27 of event bmg2025hjzf is smaller than triggerMinMagnitude: no automatic simulation
2025/04/16 09:01:04.507752 [Incident:Info:toast@toast-new:Origin updated] Origin updated: OT: 2025-04-16 01:43:01,  Lat/Lon: -47.917°/99.788°, Depth: 10
2025/04/16 09:01:04.507906 [Incident:Info:toast@toast-new:FM updated] FM updated
2025/04/16 09:01:04.508073 [Simulation:Info:toast@toast-new:Simulation not generated] Magnitude 6.27 of event bmg2025hjzf is smaller than triggerMinMagnitude: no automatic simulation
2025/04/16 09:01:13.700101 [Incident:Info:toast@toast-new:Origin updated] Origin updated: OT: 2025-04-16 01:43:01,  Lat/Lon: -47.917°/99.788°, Depth: 10
2025/04/16 09:01:13.700222 [Incident:Info:toast@toast-new:FM updated] FM updated
2025/04/16 09:01:13.700389 [Simulation:Info:toast@toast-new:Simulation not generated] Magnitude 6.27 of event bmg2025hjzf is smaller than triggerMinMagnitude: no automatic simulation
2025/04/16 09:01:25.133815 [Incident:Info:toast@toast-new:Origin updated] Origin updated: OT: 2025-04-16 01:43:01,  Lat/Lon: -47.917°/99.788°, Depth: 10
2025/04/16 09:01:25.133922 [Incident:Info:toast@toast-new:FM updated] FM updated
2025/04/16 09:01:25.134081 [Simulation:Info:toast@toast-new:Simulation not generated] Magnitude 6.27 of event bmg2025hjzf is smaller than triggerMinMagnitude: no automatic simulation
2025/04/16 09:01:38.982238 [Incident:Info:toast@toast-new:Origin updated] Origin updated: OT: 2025-04-16 01:43:01,  Lat/Lon: -47.917°/99.788°, Depth: 10
2025/04/16 09:01:38.982357 [Incident:Info:toast@toast-new:FM updated] FM updated
2025/04/16 09:01:38.982523 [Simulation:Info:toast@toast-new:Simulation not generated] Magnitude 6.27 of event bmg2025hjzf is smaller than triggerMinMagnitude: no automatic simulation
2025/04/16 09:01:54.342900 [Incident:Info:toast@toast-new:Origin updated] Origin updated: OT: 2025-04-16 01:43:01,  Lat/Lon: -47.917°/99.788°, Depth: 10
2025/04/16 09:01:54.343024 [Incident:Info:toast@toast-new:FM updated] FM updated
2025/04/16 09:01:54.343187 [Simulation:Info:toast@toast-new:Simulation not generated] Magnitude 6.27 of event bmg2025hjzf is smaller than triggerMinMagnitude: no automatic simulation
2025/04/16 09:02:08.056408 [Simulation:Info:toast@toast-new:Simulation(s) triggered] Automatic simulation(s) triggered manually
2025/04/16 09:02:08.057109 [Simulation:Info:toast@toast-new:Simulation(s) started] Starting simulation(s) with nodal plane 1, Lat/Lon: -47.92°/ 99.79° (MT), Depth: 10.00km (MT), Mag: 6.27 (MT)
2025/04/16 09:02:08.059256 [Simulation:Info:toast@toast-new:Simulation running] TsunAWI: Looking for matching scenarios
2025/04/16 09:02:08.059871 [Simulation:Info:toast@toast-new:Simulation(s) started] Starting simulation(s) with nodal plane 2, Lat/Lon: -47.92°/ 99.79° (MT), Depth: 10.00km (MT), Mag: 6.27 (MT)
2025/04/16 09:02:08.061964 [Simulation:Info:toast@toast-new:Simulation(s) skipped] Simulation(s) not created with fault plane because no fault is available.
2025/04/16 09:02:08.062014 [Simulation:Info:toast@toast-new:Simulation running] TsunAWI: Looking for matching scenarios
2025/04/16 09:02:08.063607 [Simulation:Info:toast@toast-new:Simulation finished] TsunAWI: No matching scenarios
2025/04/16 09:02:08.065762 [Simulation:Info:toast@toast-new:Simulation finished] TsunAWI: No matching scenarios
2025/04/16 09:02:08.070793 [Simulation:Info:toast@toast-new:No simulation returned] TsunAWI simulation backend returned no simulation.
2025/04/16 09:02:08.071207 [Simulation:Info:toast@toast-new:No simulation returned] TsunAWI simulation backend returned no simulation.
2025/04/16 09:02:08.241693 [Simulation:Info:toast@toast-new:Simulation tracked] Tracking progress of EasyWave2 simulation 62046048S098100E05d41eccadc26b8c479a1fbf06000dc21c4a9df6
2025/04/16 09:02:08.247331 [Simulation:Info:toast@toast-new:Simulation tracked] Tracking progress of EasyWave2 simulation 62046048S098100E0c80e7397ed689346d1e9c62e805624acdd0d962
2025/04/16 09:02:08.253108 [Simulation:Info:toast@toast-new:Simulation tracked] Tracking progress of EasyWave2 simulation 62046048S098100E1dfd35f497159ac5a0e2772bb810e6a031d03d6b
2025/04/16 09:02:08.257410 [Simulation:Info:toast@toast-new:Simulation tracked] Tracking progress of EasyWave2 simulation 62046048S098100E8b4c4b291d8ce801483232654883fdef17d6aaf3
2025/04/16 09:02:10.496919 [Incident:Info:toast@toast-new:Origin updated] Origin updated: OT: 2025-04-16 01:43:01,  Lat/Lon: -47.917°/99.788°, Depth: 10
2025/04/16 09:02:10.497111 [Incident:Info:toast@toast-new:FM updated] FM updated
2025/04/16 09:02:10.497339 [Simulation:Info:toast@toast-new:Simulation not generated] Magnitude 6.27 of event bmg2025hjzf is smaller than triggerMinMagnitude: no automatic simulation
2025/04/16 09:02:26.068495 [Simulation:Info:toast@toast-new:Simulation finished] Finished EasyWave2 simulation 62046048S098100E05d41eccadc26b8c479a1fbf06000dc21c4a9df6 in 17 seconds
2025/04/16 09:02:28.076592 [Incident:Info:toast@toast-new:Origin updated] Origin updated: OT: 2025-04-16 01:43:01,  Lat/Lon: -47.917°/99.788°, Depth: 10
2025/04/16 09:02:28.076739 [Incident:Info:toast@toast-new:FM updated] FM updated
2025/04/16 09:02:28.076958 [Simulation:Info:toast@toast-new:Simulation not generated] Magnitude 6.27 of event bmg2025hjzf is smaller than triggerMinMagnitude: no automatic simulation
2025/04/16 09:02:46.036164 [Incident:Info:toast@toast-new:Origin updated] Origin updated: OT: 2025-04-16 01:43:01,  Lat/Lon: -47.917°/99.788°, Depth: 10
2025/04/16 09:02:46.036304 [Incident:Info:toast@toast-new:FM updated] FM updated
2025/04/16 09:02:46.036498 [Simulation:Info:toast@toast-new:Simulation not generated] Magnitude 6.27 of event bmg2025hjzf is smaller than triggerMinMagnitude: no automatic simulation
2025/04/16 09:03:05.344800 [Incident:Info:toast@toast-new:Origin updated] Origin updated: OT: 2025-04-16 01:43:01,  Lat/Lon: -47.917°/99.788°, Depth: 10
2025/04/16 09:03:05.344982 [Incident:Info:toast@toast-new:FM updated] FM updated
2025/04/16 09:03:05.345230 [Simulation:Info:toast@toast-new:Simulation not generated] Magnitude 6.27 of event bmg2025hjzf is smaller than triggerMinMagnitude: no automatic simulation
2025/04/16 09:03:06.068178 [Simulation:Info:toast@toast-new:Simulation finished] Finished EasyWave2 simulation 62046048S098100E0c80e7397ed689346d1e9c62e805624acdd0d962 in 57 seconds
2025/04/16 09:03:21.068474 [Simulation:Info:toast@toast-new:Simulation finished] Finished EasyWave2 simulation 62046048S098100E1dfd35f497159ac5a0e2772bb810e6a031d03d6b in 72 seconds
2025/04/16 09:03:25.947146 [Incident:Info:toast@toast-new:Origin updated] Origin updated: OT: 2025-04-16 01:43:01,  Lat/Lon: -47.917°/99.788°, Depth: 10
2025/04/16 09:03:25.947311 [Incident:Info:toast@toast-new:FM updated] FM updated
2025/04/16 09:03:25.947538 [Simulation:Info:toast@toast-new:Simulation not generated] Magnitude 6.27 of event bmg2025hjzf is smaller than triggerMinMagnitude: no automatic simulation
2025/04/16 09:03:47.091259 [Incident:Info:toast@toast-new:Origin updated] Origin updated: OT: 2025-04-16 01:43:01,  Lat/Lon: -47.917°/99.788°, Depth: 10
2025/04/16 09:03:47.091393 [Incident:Info:toast@toast-new:FM updated] FM updated
2025/04/16 09:03:47.091592 [Simulation:Info:toast@toast-new:Simulation not generated] Magnitude 6.27 of event bmg2025hjzf is smaller than triggerMinMagnitude: no automatic simulation
2025/04/16 09:04:01.069038 [Simulation:Info:toast@toast-new:Simulation finished] Finished EasyWave2 simulation 62046048S098100E8b4c4b291d8ce801483232654883fdef17d6aaf3 in 112 seconds
2025/04/16 09:04:05.454768 [Incident:Info:toast@toast-new:Origin updated] Origin updated: OT: 2025-04-16 01:43:01,  Lat/Lon: -47.917°/99.788°, Depth: 10
2025/04/16 09:04:05.454943 [Incident:Info:toast@toast-new:FM updated] FM updated
2025/04/16 09:04:05.455173 [Simulation:Info:toast@toast-new:Simulation not generated] Magnitude 6.27 of event bmg2025hjzf is smaller than triggerMinMagnitude: no automatic simulation
2025/04/16 09:04:10.347106 [Incident:Info:toast@toast-new:Origin updated] Origin updated: OT: 2025-04-16 01:43:01,  Lat/Lon: -47.917°/99.788°, Depth: 10
2025/04/16 09:04:10.347262 [Incident:Info:toast@toast-new:FM updated] FM updated
2025/04/16 09:04:10.347482 [Simulation:Info:toast@toast-new:Simulation not generated] Magnitude 6.27 of event bmg2025hjzf is smaller than triggerMinMagnitude: no automatic simulation
2025/04/16 09:04:32.663705 [Incident:Info:toast@toast-new:Origin updated] Origin updated: OT: 2025-04-16 01:43:01,  Lat/Lon: -47.917°/99.788°, Depth: 10
2025/04/16 09:04:32.663925 [Incident:Info:toast@toast-new:FM updated] FM updated
2025/04/16 09:04:32.664168 [Simulation:Info:toast@toast-new:Simulation not generated] Magnitude 6.27 of event bmg2025hjzf is smaller than triggerMinMagnitude: no automatic simulation
2025/04/16 09:04:54.951519 [Incident:Info:toast@toast-new:Origin updated] Origin updated: OT: 2025-04-16 01:43:01,  Lat/Lon: -47.917°/99.788°, Depth: 10
2025/04/16 09:04:54.951703 [Incident:Info:toast@toast-new:FM updated] FM updated
2025/04/16 09:04:54.951917 [Simulation:Info:toast@toast-new:Simulation not generated] Magnitude 6.27 of event bmg2025hjzf is smaller than triggerMinMagnitude: no automatic simulation
2025/04/16 09:05:17.252972 [Incident:Info:toast@toast-new:Origin updated] Origin updated: OT: 2025-04-16 01:43:01,  Lat/Lon: -47.917°/99.788°, Depth: 10
2025/04/16 09:05:17.253133 [Incident:Info:toast@toast-new:FM updated] FM updated
2025/04/16 09:05:17.253352 [Simulation:Info:toast@toast-new:Simulation not generated] Magnitude 6.27 of event bmg2025hjzf is smaller than triggerMinMagnitude: no automatic simulation
2025/04/16 09:05:33.251459 [Incident:Info:toast@toast-new:Origin updated] Origin updated: OT: 2025-04-16 01:43:01,  Lat/Lon: -47.917°/99.788°, Depth: 10
2025/04/16 09:05:33.251618 [Incident:Info:toast@toast-new:FM updated] FM updated
2025/04/16 09:05:33.251835 [Simulation:Info:toast@toast-new:Simulation not generated] Magnitude 6.27 of event bmg2025hjzf is smaller than triggerMinMagnitude: no automatic simulation
2025/04/16 09:05:41.112042 [Incident:Info:toast@toast-new:Origin updated] Origin updated: OT: 2025-04-16 01:43:01,  Lat/Lon: -47.917°/99.788°, Depth: 10
2025/04/16 09:05:41.112200 [Incident:Info:toast@toast-new:FM updated] FM updated
2025/04/16 09:05:41.112427 [Simulation:Info:toast@toast-new:Simulation not generated] Magnitude 6.27 of event bmg2025hjzf is smaller than triggerMinMagnitude: no automatic simulation
2025/04/16 09:06:03.393407 [Incident:Info:toast@toast-new:Origin updated] Origin updated: OT: 2025-04-16 01:43:01,  Lat/Lon: -47.917°/99.788°, Depth: 10
2025/04/16 09:06:03.393577 [Simulation:Info:toast@toast-new:Simulation not generated] Magnitude 6.27 of event bmg2025hjzf is smaller than triggerMinMagnitude: no automatic simulation
2025/04/16 09:06:25.726206 [Incident:Info:toast@toast-new:Origin updated] Origin updated: OT: 2025-04-16 01:43:01,  Lat/Lon: -47.917°/99.788°, Depth: 10
2025/04/16 09:06:25.726359 [Incident:Info:toast@toast-new:FM updated] FM updated
2025/04/16 09:06:25.726563 [Simulation:Info:toast@toast-new:Simulation not generated] Magnitude 6.27 of event bmg2025hjzf is smaller than triggerMinMagnitude: no automatic simulation
2025/04/16 09:06:48.157720 [Incident:Info:toast@toast-new:Origin updated] Origin updated: OT: 2025-04-16 01:43:01,  Lat/Lon: -47.917°/99.788°, Depth: 10
2025/04/16 09:06:48.157912 [Simulation:Info:toast@toast-new:Simulation not generated] Magnitude 6.27 of event bmg2025hjzf is smaller than triggerMinMagnitude: no automatic simulation
2025/04/16 09:07:09.430715 [Incident:Info:toast@toast-new:Origin updated] Origin updated: OT: 2025-04-16 01:43:01,  Lat/Lon: -47.917°/99.788°, Depth: 10
2025/04/16 09:07:09.430877 [Simulation:Info:toast@toast-new:Simulation not generated] Magnitude 6.27 of event bmg2025hjzf is smaller than triggerMinMagnitude: no automatic simulation
2025/04/16 09:07:31.892393 [Incident:Info:toast@toast-new:Origin updated] Origin updated: OT: 2025-04-16 01:43:01,  Lat/Lon: -47.917°/99.788°, Depth: 10
2025/04/16 09:07:31.892583 [Simulation:Info:toast@toast-new:Simulation not generated] Magnitude 6.27 of event bmg2025hjzf is smaller than triggerMinMagnitude: no automatic simulation
2025/04/16 09:07:54.362013 [Incident:Info:toast@toast-new:Origin updated] Origin updated: OT: 2025-04-16 01:43:01,  Lat/Lon: -47.917°/99.788°, Depth: 10
2025/04/16 09:07:54.362195 [Simulation:Info:toast@toast-new:Simulation not generated] Magnitude 6.27 of event bmg2025hjzf is smaller than triggerMinMagnitude: no automatic simulation
2025/04/16 09:08:16.798507 [Incident:Info:toast@toast-new:Origin updated] Origin updated: OT: 2025-04-16 01:43:01,  Lat/Lon: -47.917°/99.788°, Depth: 10
2025/04/16 09:08:16.798674 [Simulation:Info:toast@toast-new:Simulation not generated] Magnitude 6.27 of event bmg2025hjzf is smaller than triggerMinMagnitude: no automatic simulation
2025/04/16 09:08:39.315068 [Incident:Info:toast@toast-new:Origin updated] Origin updated: OT: 2025-04-16 01:43:01,  Lat/Lon: -47.917°/99.788°, Depth: 10
2025/04/16 09:08:39.315260 [Simulation:Info:toast@toast-new:Simulation not generated] Magnitude 6.27 of event bmg2025hjzf is smaller than triggerMinMagnitude: no automatic simulation
2025/04/16 09:09:01.708338 [Incident:Info:toast@toast-new:Origin updated] Origin updated: OT: 2025-04-16 01:43:01,  Lat/Lon: -47.917°/99.788°, Depth: 10
2025/04/16 09:09:01.708503 [Simulation:Info:toast@toast-new:Simulation not generated] Magnitude 6.27 of event bmg2025hjzf is smaller than triggerMinMagnitude: no automatic simulation
2025/04/16 09:09:24.270311 [Incident:Info:toast@toast-new:Origin updated] Origin updated: OT: 2025-04-16 01:43:01,  Lat/Lon: -47.917°/99.788°, Depth: 10
2025/04/16 09:09:24.270491 [Simulation:Info:toast@toast-new:Simulation not generated] Magnitude 6.27 of event bmg2025hjzf is smaller than triggerMinMagnitude: no automatic simulation
2025/04/16 09:09:46.733184 [Incident:Info:toast@toast-new:Origin updated] Origin updated: OT: 2025-04-16 01:43:01,  Lat/Lon: -47.917°/99.788°, Depth: 10
2025/04/16 09:09:46.733336 [Simulation:Info:toast@toast-new:Simulation not generated] Magnitude 6.27 of event bmg2025hjzf is smaller than triggerMinMagnitude: no automatic simulation
2025/04/16 09:10:09.254338 [Incident:Info:toast@toast-new:Origin updated] Origin updated: OT: 2025-04-16 01:43:01,  Lat/Lon: -47.917°/99.788°, Depth: 10
2025/04/16 09:10:09.254497 [Simulation:Info:toast@toast-new:Simulation not generated] Magnitude 6.27 of event bmg2025hjzf is smaller than triggerMinMagnitude: no automatic simulation
2025/04/16 09:10:31.757891 [Incident:Info:toast@toast-new:Origin updated] Origin updated: OT: 2025-04-16 01:43:01,  Lat/Lon: -47.917°/99.788°, Depth: 10
2025/04/16 09:10:31.758048 [Simulation:Info:toast@toast-new:Simulation not generated] Magnitude 6.27 of event bmg2025hjzf is smaller than triggerMinMagnitude: no automatic simulation
2025/04/16 09:10:54.337300 [Incident:Info:toast@toast-new:Origin updated] Origin updated: OT: 2025-04-16 01:43:01,  Lat/Lon: -47.917°/99.788°, Depth: 10
2025/04/16 09:10:54.337459 [Simulation:Info:toast@toast-new:Simulation not generated] Magnitude 6.27 of event bmg2025hjzf is smaller than triggerMinMagnitude: no automatic simulation
2025/04/16 09:11:16.844735 [Incident:Info:toast@toast-new:Origin updated] Origin updated: OT: 2025-04-16 01:43:01,  Lat/Lon: -47.917°/99.788°, Depth: 10
2025/04/16 09:11:16.844899 [Simulation:Info:toast@toast-new:Simulation not generated] Magnitude 6.27 of event bmg2025hjzf is smaller than triggerMinMagnitude: no automatic simulation
2025/04/16 09:11:38.943869 [Incident:Info:toast@toast-new:Origin updated] Origin updated: OT: 2025-04-16 01:43:01,  Lat/Lon: -47.917°/99.788°, Depth: 10
2025/04/16 09:11:38.944071 [Simulation:Info:toast@toast-new:Simulation not generated] Magnitude 6.27 of event bmg2025hjzf is smaller than triggerMinMagnitude: no automatic simulation
2025/04/16 09:11:42.847295 [Incident:Info:toast@toast-new:Origin updated] Origin updated: OT: 2025-04-16 01:43:01,  Lat/Lon: -47.917°/99.788°, Depth: 10
2025/04/16 09:11:42.847479 [Simulation:Info:toast@toast-new:Simulation not generated] Magnitude 6.27 of event bmg2025hjzf is smaller than triggerMinMagnitude: no automatic simulation
2025/04/16 09:12:05.339834 [Incident:Info:toast@toast-new:Origin updated] Origin updated: OT: 2025-04-16 01:43:01,  Lat/Lon: -47.917°/99.788°, Depth: 10
2025/04/16 09:12:05.340030 [Simulation:Info:toast@toast-new:Simulation not generated] Magnitude 6.27 of event bmg2025hjzf is smaller than triggerMinMagnitude: no automatic simulation
2025/04/16 09:12:27.955322 [Incident:Info:toast@toast-new:Origin updated] Origin updated: OT: 2025-04-16 01:43:01,  Lat/Lon: -47.917°/99.788°, Depth: 10
2025/04/16 09:12:27.955475 [Simulation:Info:toast@toast-new:Simulation not generated] Magnitude 6.27 of event bmg2025hjzf is smaller than triggerMinMagnitude: no automatic simulation
2025/04/16 09:12:49.773866 [Incident:Info:toast@toast-new:Origin updated] Origin updated: OT: 2025-04-16 01:43:01,  Lat/Lon: -47.917°/99.788°, Depth: 10
2025/04/16 09:12:49.774056 [Simulation:Info:toast@toast-new:Simulation not generated] Magnitude 6.27 of event bmg2025hjzf is smaller than triggerMinMagnitude: no automatic simulation
2025/04/16 09:13:12.273893 [Incident:Info:toast@toast-new:Origin updated] Origin updated: OT: 2025-04-16 01:43:01,  Lat/Lon: -47.917°/99.788°, Depth: 10
2025/04/16 09:13:12.274077 [Simulation:Info:toast@toast-new:Simulation not generated] Magnitude 6.27 of event bmg2025hjzf is smaller than triggerMinMagnitude: no automatic simulation
2025/04/16 09:13:34.739426 [Incident:Info:toast@toast-new:Origin updated] Origin updated: OT: 2025-04-16 01:43:01,  Lat/Lon: -47.917°/99.788°, Depth: 10
2025/04/16 09:13:34.739621 [Simulation:Info:toast@toast-new:Simulation not generated] Magnitude 6.27 of event bmg2025hjzf is smaller than triggerMinMagnitude: no automatic simulation
2025/04/16 09:13:57.273097 [Incident:Info:toast@toast-new:Origin updated] Origin updated: OT: 2025-04-16 01:43:01,  Lat/Lon: -47.917°/99.788°, Depth: 10
2025/04/16 09:13:57.273248 [Simulation:Info:toast@toast-new:Simulation not generated] Magnitude 6.27 of event bmg2025hjzf is smaller than triggerMinMagnitude: no automatic simulation
2025/04/16 09:14:11.614805 [Incident:Info:toast@toast-new:Origin updated] Origin updated: OT: 2025-04-16 01:43:01,  Lat/Lon: -47.917°/99.788°, Depth: 10
2025/04/16 09:14:11.614994 [Incident:Info:toast@toast-new:FM updated] FM updated
2025/04/16 09:14:11.615234 [Simulation:Info:toast@toast-new:Simulation not generated] Magnitude 6.27 of event bmg2025hjzf is smaller than triggerMinMagnitude: no automatic simulation
2025/04/16 09:14:21.110634 [Incident:Info:toast@toast-new:Origin updated] Origin updated: OT: 2025-04-16 01:43:01,  Lat/Lon: -47.917°/99.788°, Depth: 10
2025/04/16 09:14:21.110794 [Incident:Info:toast@toast-new:FM updated] FM updated
2025/04/16 09:14:21.111002 [Simulation:Info:toast@toast-new:Simulation not generated] Magnitude 6.27 of event bmg2025hjzf is smaller than triggerMinMagnitude: no automatic simulation
2025/04/16 09:14:43.466242 [Incident:Info:toast@toast-new:Origin updated] Origin updated: OT: 2025-04-16 01:43:01,  Lat/Lon: -47.917°/99.788°, Depth: 10
2025/04/16 09:14:43.466393 [Simulation:Info:toast@toast-new:Simulation not generated] Magnitude 6.27 of event bmg2025hjzf is smaller than triggerMinMagnitude: no automatic simulation
2025/04/16 09:15:05.945617 [Incident:Info:toast@toast-new:Origin updated] Origin updated: OT: 2025-04-16 01:43:01,  Lat/Lon: -47.917°/99.788°, Depth: 10
2025/04/16 09:15:05.945800 [Simulation:Info:toast@toast-new:Simulation not generated] Magnitude 6.27 of event bmg2025hjzf is smaller than triggerMinMagnitude: no automatic simulation
2025/04/16 09:15:28.478395 [Incident:Info:toast@toast-new:Origin updated] Origin updated: OT: 2025-04-16 01:43:01,  Lat/Lon: -47.917°/99.788°, Depth: 10
2025/04/16 09:15:28.478585 [Simulation:Info:toast@toast-new:Simulation not generated] Magnitude 6.27 of event bmg2025hjzf is smaller than triggerMinMagnitude: no automatic simulation
2025/04/16 09:15:50.154560 [Incident:Info:toast@toast-new:Origin updated] Origin updated: OT: 2025-04-16 01:43:01,  Lat/Lon: -47.917°/99.788°, Depth: 10
2025/04/16 09:15:50.154721 [Simulation:Info:toast@toast-new:Simulation not generated] Magnitude 6.27 of event bmg2025hjzf is smaller than triggerMinMagnitude: no automatic simulation
2025/04/16 09:16:12.681489 [Incident:Info:toast@toast-new:Origin updated] Origin updated: OT: 2025-04-16 01:43:01,  Lat/Lon: -47.917°/99.788°, Depth: 10
2025/04/16 09:16:12.681656 [Simulation:Info:toast@toast-new:Simulation not generated] Magnitude 6.27 of event bmg2025hjzf is smaller than triggerMinMagnitude: no automatic simulation
2025/04/16 09:16:35.196496 [Incident:Info:toast@toast-new:Origin updated] Origin updated: OT: 2025-04-16 01:43:01,  Lat/Lon: -47.917°/99.788°, Depth: 10
2025/04/16 09:16:35.196651 [Simulation:Info:toast@toast-new:Simulation not generated] Magnitude 6.27 of event bmg2025hjzf is smaller than triggerMinMagnitude: no automatic simulation
2025/04/16 09:16:57.694988 [Incident:Info:toast@toast-new:Origin updated] Origin updated: OT: 2025-04-16 01:43:01,  Lat/Lon: -47.917°/99.788°, Depth: 10
2025/04/16 09:16:57.695145 [Simulation:Info:toast@toast-new:Simulation not generated] Magnitude 6.27 of event bmg2025hjzf is smaller than triggerMinMagnitude: no automatic simulation
2025/04/16 09:17:07.979418 [Incident:Info:toast@toast-new:Origin updated] Origin updated: OT: 2025-04-16 01:43:01,  Lat/Lon: -47.917°/99.788°, Depth: 10
2025/04/16 09:17:07.979583 [Incident:Info:toast@toast-new:FM updated] FM updated
2025/04/16 09:17:07.979793 [Simulation:Info:toast@toast-new:Simulation not generated] Magnitude 6.27 of event bmg2025hjzf is smaller than triggerMinMagnitude: no automatic simulation
2025/04/16 09:17:20.551694 [Incident:Info:toast@toast-new:Origin updated] Origin updated: OT: 2025-04-16 01:43:01,  Lat/Lon: -47.917°/99.788°, Depth: 10
2025/04/16 09:17:20.551882 [Incident:Info:toast@toast-new:FM updated] FM updated
2025/04/16 09:17:20.552106 [Simulation:Info:toast@toast-new:Simulation not generated] Magnitude 6.27 of event bmg2025hjzf is smaller than triggerMinMagnitude: no automatic simulation
2025/04/16 09:17:43.004868 [Incident:Info:toast@toast-new:Origin updated] Origin updated: OT: 2025-04-16 01:43:01,  Lat/Lon: -47.917°/99.788°, Depth: 10
2025/04/16 09:17:43.005075 [Simulation:Info:toast@toast-new:Simulation not generated] Magnitude 6.27 of event bmg2025hjzf is smaller than triggerMinMagnitude: no automatic simulation
2025/04/16 09:18:05.657103 [Incident:Info:toast@toast-new:Origin updated] Origin updated: OT: 2025-04-16 01:43:01,  Lat/Lon: -47.917°/99.788°, Depth: 10
2025/04/16 09:18:05.657275 [Simulation:Info:toast@toast-new:Simulation not generated] Magnitude 6.27 of event bmg2025hjzf is smaller than triggerMinMagnitude: no automatic simulation
2025/04/16 09:18:28.179104 [Incident:Info:toast@toast-new:Origin updated] Origin updated: OT: 2025-04-16 01:43:01,  Lat/Lon: -47.917°/99.788°, Depth: 10
2025/04/16 09:18:28.179254 [Simulation:Info:toast@toast-new:Simulation not generated] Magnitude 6.27 of event bmg2025hjzf is smaller than triggerMinMagnitude: no automatic simulation
2025/04/16 09:18:49.416279 [Incident:Info:toast@toast-new:Origin updated] Origin updated: OT: 2025-04-16 01:43:01,  Lat/Lon: -47.917°/99.788°, Depth: 10
2025/04/16 09:18:49.416432 [Incident:Info:toast@toast-new:FM updated] FM updated
2025/04/16 09:18:49.416642 [Simulation:Info:toast@toast-new:Simulation not generated] Magnitude 6.27 of event bmg2025hjzf is smaller than triggerMinMagnitude: no automatic simulation
2025/04/16 09:19:11.968343 [Incident:Info:toast@toast-new:Origin updated] Origin updated: OT: 2025-04-16 01:43:01,  Lat/Lon: -47.917°/99.788°, Depth: 10
2025/04/16 09:19:11.968531 [Incident:Info:toast@toast-new:FM updated] FM updated
2025/04/16 09:19:11.968760 [Simulation:Info:toast@toast-new:Simulation not generated] Magnitude 6.27 of event bmg2025hjzf is smaller than triggerMinMagnitude: no automatic simulation
2025/04/16 09:19:34.170813 [Incident:Info:toast@toast-new:Origin updated] Origin updated: OT: 2025-04-16 01:43:01,  Lat/Lon: -47.917°/99.788°, Depth: 10
2025/04/16 09:19:34.170966 [Simulation:Info:toast@toast-new:Simulation not generated] Magnitude 6.27 of event bmg2025hjzf is smaller than triggerMinMagnitude: no automatic simulation
2025/04/16 09:19:56.377092 [Incident:Info:toast@toast-new:Origin updated] Origin updated: OT: 2025-04-16 01:43:01,  Lat/Lon: -47.917°/99.788°, Depth: 10
2025/04/16 09:19:56.377238 [Simulation:Info:toast@toast-new:Simulation not generated] Magnitude 6.27 of event bmg2025hjzf is smaller than triggerMinMagnitude: no automatic simulation
2025/04/16 09:20:18.820806 [Incident:Info:toast@toast-new:Origin updated] Origin updated: OT: 2025-04-16 01:43:01,  Lat/Lon: -47.917°/99.788°, Depth: 10
2025/04/16 09:20:18.820992 [Simulation:Info:toast@toast-new:Simulation not generated] Magnitude 6.27 of event bmg2025hjzf is smaller than triggerMinMagnitude: no automatic simulation
2025/04/16 09:20:41.354854 [Incident:Info:toast@toast-new:Origin updated] Origin updated: OT: 2025-04-16 01:43:01,  Lat/Lon: -47.917°/99.788°, Depth: 10
2025/04/16 09:20:41.355025 [Simulation:Info:toast@toast-new:Simulation not generated] Magnitude 6.27 of event bmg2025hjzf is smaller than triggerMinMagnitude: no automatic simulation
2025/04/16 09:21:03.921815 [Incident:Info:toast@toast-new:Origin updated] Origin updated: OT: 2025-04-16 01:43:01,  Lat/Lon: -47.917°/99.788°, Depth: 10
2025/04/16 09:21:03.921973 [Incident:Info:toast@toast-new:FM updated] FM updated
2025/04/16 09:21:03.922174 [Simulation:Info:toast@toast-new:Simulation not generated] Magnitude 6.27 of event bmg2025hjzf is smaller than triggerMinMagnitude: no automatic simulation
2025/04/16 09:21:26.275369 [Incident:Info:toast@toast-new:Origin updated] Origin updated: OT: 2025-04-16 01:43:01,  Lat/Lon: -47.917°/99.788°, Depth: 10
2025/04/16 09:21:26.275574 [Incident:Info:toast@toast-new:FM updated] FM updated
2025/04/16 09:21:26.275819 [Simulation:Info:toast@toast-new:Simulation not generated] Magnitude 6.27 of event bmg2025hjzf is smaller than triggerMinMagnitude: no automatic simulation
2025/04/16 09:21:48.588116 [Incident:Info:toast@toast-new:Origin updated] Origin updated: OT: 2025-04-16 01:43:01,  Lat/Lon: -47.917°/99.788°, Depth: 10
2025/04/16 09:21:48.588314 [Incident:Info:toast@toast-new:FM updated] FM updated
2025/04/16 09:21:48.588559 [Simulation:Info:toast@toast-new:Simulation not generated] Magnitude 6.27 of event bmg2025hjzf is smaller than triggerMinMagnitude: no automatic simulation
2025/04/16 09:22:10.805976 [Incident:Info:toast@toast-new:Origin updated] Origin updated: OT: 2025-04-16 01:43:01,  Lat/Lon: -47.917°/99.788°, Depth: 10
2025/04/16 09:22:10.806145 [Simulation:Info:toast@toast-new:Simulation not generated] Magnitude 6.27 of event bmg2025hjzf is smaller than triggerMinMagnitude: no automatic simulation
2025/04/16 09:22:32.888776 [Incident:Info:toast@toast-new:Origin updated] Origin updated: OT: 2025-04-16 01:43:01,  Lat/Lon: -47.917°/99.788°, Depth: 10
2025/04/16 09:22:32.888962 [Simulation:Info:toast@toast-new:Simulation not generated] Magnitude 6.27 of event bmg2025hjzf is smaller than triggerMinMagnitude: no automatic simulation
2025/04/16 09:22:55.427548 [Incident:Info:toast@toast-new:Origin updated] Origin updated: OT: 2025-04-16 01:43:01,  Lat/Lon: -47.917°/99.788°, Depth: 10
2025/04/16 09:22:55.427932 [Incident:Info:toast@toast-new:FM updated] FM updated
2025/04/16 09:22:55.428202 [Simulation:Info:toast@toast-new:Simulation not generated] Magnitude 6.27 of event bmg2025hjzf is smaller than triggerMinMagnitude: no automatic simulation
2025/04/16 09:23:18.012284 [Incident:Info:toast@toast-new:Origin updated] Origin updated: OT: 2025-04-16 01:43:01,  Lat/Lon: -47.917°/99.788°, Depth: 10
2025/04/16 09:23:18.012482 [Simulation:Info:toast@toast-new:Simulation not generated] Magnitude 6.27 of event bmg2025hjzf is smaller than triggerMinMagnitude: no automatic simulation
2025/04/16 09:23:39.568857 [Incident:Info:toast@toast-new:Origin updated] Origin updated: OT: 2025-04-16 01:43:01,  Lat/Lon: -47.917°/99.788°, Depth: 10
2025/04/16 09:23:39.569029 [Incident:Info:toast@toast-new:FM updated] FM updated
2025/04/16 09:23:39.569252 [Simulation:Info:toast@toast-new:Simulation not generated] Magnitude 6.27 of event bmg2025hjzf is smaller than triggerMinMagnitude: no automatic simulation
2025/04/16 09:24:01.839222 [Incident:Info:toast@toast-new:Origin updated] Origin updated: OT: 2025-04-16 01:43:01,  Lat/Lon: -47.917°/99.788°, Depth: 10
2025/04/16 09:24:01.839410 [Incident:Info:toast@toast-new:FM updated] FM updated
2025/04/16 09:24:01.839636 [Simulation:Info:toast@toast-new:Simulation not generated] Magnitude 6.27 of event bmg2025hjzf is smaller than triggerMinMagnitude: no automatic simulation
2025/04/16 09:24:23.775254 [Incident:Info:toast@toast-new:Origin updated] Origin updated: OT: 2025-04-16 01:43:01,  Lat/Lon: -47.917°/99.788°, Depth: 10
2025/04/16 09:24:23.775420 [Incident:Info:toast@toast-new:FM updated] FM updated
2025/04/16 09:24:23.775623 [Simulation:Info:toast@toast-new:Simulation not generated] Magnitude 6.27 of event bmg2025hjzf is smaller than triggerMinMagnitude: no automatic simulation
2025/04/16 09:24:45.557281 [Incident:Info:toast@toast-new:Origin updated] Origin updated: OT: 2025-04-16 01:43:01,  Lat/Lon: -47.917°/99.788°, Depth: 10
2025/04/16 09:24:45.557450 [Incident:Info:toast@toast-new:FM updated] FM updated
2025/04/16 09:24:45.557661 [Simulation:Info:toast@toast-new:Simulation not generated] Magnitude 6.27 of event bmg2025hjzf is smaller than triggerMinMagnitude: no automatic simulation
2025/04/16 09:25:07.404711 [Incident:Info:toast@toast-new:Origin updated] Origin updated: OT: 2025-04-16 01:43:01,  Lat/Lon: -47.917°/99.788°, Depth: 10
2025/04/16 09:25:07.404885 [Simulation:Info:toast@toast-new:Simulation not generated] Magnitude 6.27 of event bmg2025hjzf is smaller than triggerMinMagnitude: no automatic simulation
2025/04/16 09:25:15.831573 [Incident:Info:toast@toast-new:Origin updated] Origin updated: OT: 2025-04-16 01:43:01,  Lat/Lon: -47.917°/99.788°, Depth: 10
2025/04/16 09:25:15.831738 [Incident:Info:toast@toast-new:FM updated] FM updated
2025/04/16 09:25:15.831964 [Simulation:Info:toast@toast-new:Simulation not generated] Magnitude 6.27 of event bmg2025hjzf is smaller than triggerMinMagnitude: no automatic simulation
2025/04/16 09:25:28.400357 [Incident:Info:toast@toast-new:Origin updated] Origin updated: OT: 2025-04-16 01:43:01,  Lat/Lon: -47.917°/99.788°, Depth: 10
2025/04/16 09:25:28.400547 [Incident:Info:toast@toast-new:FM updated] FM updated
2025/04/16 09:25:28.400784 [Simulation:Info:toast@toast-new:Simulation not generated] Magnitude 6.27 of event bmg2025hjzf is smaller than triggerMinMagnitude: no automatic simulation
2025/04/16 15:56:33.666421 [Incident:Info:toast@toast-new:Origin updated] Origin updated: OT: 2025-04-16 01:43:01,  Lat/Lon: -47.917°/99.788°, Depth: 10
2025/04/16 15:56:33.666615 [Incident:Info:toast@toast-new:FM updated] FM updated
2025/04/16 15:56:33.666830 [Simulation:Info:toast@toast-new:Simulation not generated] Magnitude 6.27 of event bmg2025hjzf is smaller than triggerMinMagnitude: no automatic simulation
2025/04/17 04:54:16.761589 [Incident:Info:toast@toast-new:Origin updated] Origin updated: OT: 2025-04-16 01:43:00,  Lat/Lon: -47.8823°/99.8025°, Depth: 5
2025/04/17 04:54:16.761785 [Incident:Info:toast@toast-new:Magnitude updated] Magnitude updated: 6.27 (Mw(mB))
2025/04/17 04:54:16.761823 [Simulation:Info:toast@toast-new:Simulation not generated] Magnitude 6.27 of event bmg2025hjzf is smaller than triggerMinMagnitude: no automatic simulation
2025/04/17 04:54:23.808546 [Incident:Info:toast@toast-new:Origin updated] Origin updated: OT: 2025-04-16 01:43:00,  Lat/Lon: -47.8823°/99.8025°, Depth: 5
2025/04/17 04:54:23.808713 [Simulation:Info:toast@toast-new:Simulation not generated] Magnitude 6.27 of event bmg2025hjzf is smaller than triggerMinMagnitude: no automatic simulation
2025/04/17 04:54:23.837499 [Incident:Info:toast@toast-new:Origin updated] Origin updated: OT: 2025-04-16 01:43:00,  Lat/Lon: -47.8823°/99.8025°, Depth: 5
2025/04/17 04:54:23.837608 [Simulation:Info:toast@toast-new:Simulation not generated] Magnitude 6.27 of event bmg2025hjzf is smaller than triggerMinMagnitude: no automatic simulation
2025/04/17 05:05:57.038340 [Incident:Info:toast@toast-new:Origin updated] Origin updated: OT: 2025-04-16 01:43:00,  Lat/Lon: -47.8823°/99.8025°, Depth: 5
2025/04/17 05:05:57.038508 [Incident:Info:toast@toast-new:Magnitude updated] Magnitude updated: 6.05 (mb)
2025/04/17 05:05:57.038556 [Simulation:Info:toast@toast-new:Simulation not generated] Magnitude 6.05 of event bmg2025hjzf is smaller than triggerMinMagnitude: no automatic simulation
2025/04/20 08:08:26.741067 [Simulation:Info:toast@toast-new:Simulation removed] Removed simulation 62046048S098100E05d41eccadc26b8c479a1fbf06000dc21c4a9df6
2025/04/20 08:08:27.089890 [Simulation:Info:toast@toast-new:Simulation removed] Removed simulation 62046048S098100E0c80e7397ed689346d1e9c62e805624acdd0d962
2025/04/20 08:08:27.362185 [Simulation:Info:toast@toast-new:Simulation removed] Removed simulation 62046048S098100E1dfd35f497159ac5a0e2772bb810e6a031d03d6b
2025/04/20 08:08:27.686187 [Simulation:Info:toast@toast-new:Simulation removed] Removed simulation 62046048S098100E8b4c4b291d8ce801483232654883fdef17d6aaf3
2025/04/20 08:08:27.708035 [Incident:Info:toast@toast-new:Incident removed] Removed incident - Bye
