2025/03/21 22:04:30.221281 [Incident:Info:toast@toast-new:Displacement(s) updated] Added 0 and changed 0 displacements with 0 amplitudes
2025/03/21 22:04:30.232634 [Incident:Info:toast@toast-new:Incident created] Incident created based on event received from messaging: OT: 2025-03-21 14:53:41,  Lat/Lon: 51.19°/-176.25°, Depth: 10.00, Mag: 6.21 (Mw(Mwp))
2025/03/21 22:04:30.233174 [Simulation:Info:toast@toast-new:Simulation not generated] Magnitude 6.21 of event bmg2025fpmf is smaller than triggerMinMagnitude: no automatic simulation
2025/03/21 22:04:30.254736 [Incident:Info:toast@toast-new:Origin updated] Origin updated: OT: 2025-03-21 14:53:41,  Lat/Lon: 51.19°/-176.252°, Depth: 10
2025/03/21 22:04:30.254900 [Simulation:Info:toast@toast-new:Simulation not generated] Magnitude 6.21 of event bmg2025fpmf is smaller than triggerMinMagnitude: no automatic simulation
2025/03/21 22:04:42.279497 [Simulation:Info:toast@toast-new:Simulation(s) triggered] Automatic simulation(s) triggered manually
2025/03/21 22:04:42.279606 [Simulation:Info:toast@toast-new:Event outside source region] Simulation setup: Event outside configured source regions.
2025/03/21 22:04:42.280459 [Simulation:Info:toast@toast-new:Simulation(s) started] No nodal plane available. Starting Simulation(s) with fault plane, Lat/Lon: 51.19°/ -176.25° (MT), Depth: 10.00km (MT), Mag: 6.21 (MT)
2025/03/21 22:04:42.282161 [Simulation:Warning:toast@toast-new:Simulation] EasyWave2: Failed to find preferred grid file []. Grid [pacific_ptwc] is used instead.
2025/03/21 22:04:42.282653 [Simulation:Info:toast@toast-new:Simulation running] TsunAWI: Looking for matching scenarios
2025/03/21 22:04:42.286926 [Simulation:Info:toast@toast-new:Simulation finished] TsunAWI: No matching scenarios
2025/03/21 22:04:42.287183 [Simulation:Info:toast@toast-new:No simulation returned] TsunAWI simulation backend returned no simulation.
2025/03/21 22:04:42.365278 [Simulation:Info:toast@toast-new:Simulation tracked] Tracking progress of EasyWave2 simulation 62050052N176178Wba6512417ba04444070f94129a0f353182486423
2025/03/21 22:04:42.371878 [Simulation:Info:toast@toast-new:Simulation tracked] Tracking progress of EasyWave2 simulation 62050052N176178Wa6acfdc735b28a727510d18268f59ec87f4b6af8
2025/03/21 22:04:44.356552 [Incident:Info:toast@toast-new:Origin updated] Origin updated: OT: 2025-03-21 14:53:41,  Lat/Lon: 51.19°/-176.252°, Depth: 10
2025/03/21 22:04:44.356746 [Incident:Info:toast@toast-new:Magnitude updated] Magnitude updated: 6.19 (Mw(Mwp))
2025/03/21 22:04:44.356793 [Simulation:Info:toast@toast-new:Simulation not generated] Magnitude 6.19 of event bmg2025fpmf is smaller than triggerMinMagnitude: no automatic simulation
2025/03/21 22:04:48.647006 [Incident:Info:toast@toast-new:Origin updated] Origin updated: OT: 2025-03-21 14:53:41,  Lat/Lon: 51.2009°/-176.272°, Depth: 10
2025/03/21 22:04:48.647189 [Incident:Info:toast@toast-new:Magnitude updated] Magnitude updated: 6.19 (Mw(Mwp))
2025/03/21 22:04:48.647232 [Simulation:Info:toast@toast-new:Simulation not generated] Magnitude 6.19 of event bmg2025fpmf is smaller than triggerMinMagnitude: no automatic simulation
2025/03/21 22:04:54.361626 [Incident:Info:toast@toast-new:Origin updated] Origin updated: OT: 2025-03-21 14:53:41,  Lat/Lon: 51.2009°/-176.272°, Depth: 10
2025/03/21 22:04:54.361794 [Incident:Info:toast@toast-new:Magnitude updated] Magnitude updated: 6.19 (Mw(Mwp))
2025/03/21 22:04:54.361836 [Simulation:Info:toast@toast-new:Simulation not generated] Magnitude 6.19 of event bmg2025fpmf is smaller than triggerMinMagnitude: no automatic simulation
2025/03/21 22:04:59.617323 [Incident:Info:toast@toast-new:Origin updated] Origin updated: OT: 2025-03-21 14:53:42,  Lat/Lon: 51.2095°/-176.265°, Depth: 10
2025/03/21 22:04:59.617588 [Incident:Info:toast@toast-new:Magnitude updated] Magnitude updated: 6.19 (Mw(Mwp))
2025/03/21 22:04:59.617647 [Simulation:Info:toast@toast-new:Simulation not generated] Magnitude 6.19 of event bmg2025fpmf is smaller than triggerMinMagnitude: no automatic simulation
2025/03/21 22:05:00.574022 [Simulation:Info:toast@toast-new:Simulation finished] Finished EasyWave2 simulation 62050052N176178Wba6512417ba04444070f94129a0f353182486423 in 18 seconds
2025/03/21 22:05:08.782618 [Incident:Info:toast@toast-new:Origin updated] Origin updated: OT: 2025-03-21 14:53:42,  Lat/Lon: 51.2302°/-176.252°, Depth: 10
2025/03/21 22:05:08.782834 [Incident:Info:toast@toast-new:Magnitude updated] Magnitude updated: 6.19 (Mw(Mwp))
2025/03/21 22:05:08.782888 [Simulation:Info:toast@toast-new:Simulation not generated] Magnitude 6.19 of event bmg2025fpmf is smaller than triggerMinMagnitude: no automatic simulation
2025/03/21 22:05:18.797630 [Incident:Info:toast@toast-new:Origin updated] Origin updated: OT: 2025-03-21 14:53:42,  Lat/Lon: 51.231°/-176.251°, Depth: 10
2025/03/21 22:05:18.797854 [Incident:Info:toast@toast-new:Magnitude updated] Magnitude updated: 6.19 (Mw(Mwp))
2025/03/21 22:05:18.797911 [Simulation:Info:toast@toast-new:Simulation not generated] Magnitude 6.19 of event bmg2025fpmf is smaller than triggerMinMagnitude: no automatic simulation
2025/03/21 22:05:29.646226 [Incident:Info:toast@toast-new:Origin updated] Origin updated: OT: 2025-03-21 14:53:42,  Lat/Lon: 51.2522°/-176.26°, Depth: 10
2025/03/21 22:05:29.646401 [Incident:Info:toast@toast-new:Magnitude updated] Magnitude updated: 6.19 (Mw(Mwp))
2025/03/21 22:05:29.646445 [Simulation:Info:toast@toast-new:Simulation not generated] Magnitude 6.19 of event bmg2025fpmf is smaller than triggerMinMagnitude: no automatic simulation
2025/03/21 22:05:34.398603 [Incident:Info:toast@toast-new:Origin updated] Origin updated: OT: 2025-03-21 14:53:42,  Lat/Lon: 51.2522°/-176.26°, Depth: 10
2025/03/21 22:05:34.398764 [Incident:Info:toast@toast-new:Magnitude updated] Magnitude updated: 5.97 (Mw(mB))
2025/03/21 22:05:34.398825 [Simulation:Info:toast@toast-new:Simulation not generated] Magnitude 5.97 of event bmg2025fpmf is smaller than triggerMinMagnitude: no automatic simulation
2025/03/21 22:05:39.413214 [Incident:Info:toast@toast-new:Origin updated] Origin updated: OT: 2025-03-21 14:53:42,  Lat/Lon: 51.2522°/-176.26°, Depth: 10
2025/03/21 22:05:39.413451 [Incident:Info:toast@toast-new:Magnitude updated] Magnitude updated: 6.03 (Mw(mB))
2025/03/21 22:05:39.413504 [Simulation:Info:toast@toast-new:Simulation not generated] Magnitude 6.03 of event bmg2025fpmf is smaller than triggerMinMagnitude: no automatic simulation
2025/03/21 22:05:41.824463 [Incident:Info:toast@toast-new:Origin updated] Origin updated: OT: 2025-03-21 14:53:42,  Lat/Lon: 51.2533°/-176.255°, Depth: 10
2025/03/21 22:05:41.824746 [Incident:Info:toast@toast-new:Magnitude updated] Magnitude updated: 6.03 (Mw(mB))
2025/03/21 22:05:41.824816 [Simulation:Info:toast@toast-new:Simulation not generated] Magnitude 6.03 of event bmg2025fpmf is smaller than triggerMinMagnitude: no automatic simulation
2025/03/21 22:05:42.567531 [Simulation:Info:toast@toast-new:Simulation finished] Finished EasyWave2 simulation 62050052N176178Wa6acfdc735b28a727510d18268f59ec87f4b6af8 in 60 seconds
2025/03/21 22:05:53.865997 [Incident:Info:toast@toast-new:Origin updated] Origin updated: OT: 2025-03-21 14:53:42,  Lat/Lon: 51.2431°/-176.27°, Depth: 10
2025/03/21 22:05:53.866230 [Incident:Info:toast@toast-new:Magnitude updated] Magnitude updated: 6.03 (Mw(mB))
2025/03/21 22:05:53.866282 [Simulation:Info:toast@toast-new:Simulation not generated] Magnitude 6.03 of event bmg2025fpmf is smaller than triggerMinMagnitude: no automatic simulation
2025/03/21 22:06:04.457208 [Incident:Info:toast@toast-new:Origin updated] Origin updated: OT: 2025-03-21 14:53:42,  Lat/Lon: 51.2431°/-176.27°, Depth: 10
2025/03/21 22:06:04.457451 [Incident:Info:toast@toast-new:Magnitude updated] Magnitude updated: 6.02 (Mw(mB))
2025/03/21 22:06:04.457504 [Simulation:Info:toast@toast-new:Simulation not generated] Magnitude 6.02 of event bmg2025fpmf is smaller than triggerMinMagnitude: no automatic simulation
2025/03/21 22:06:08.925042 [Incident:Info:toast@toast-new:Origin updated] Origin updated: OT: 2025-03-21 14:53:42,  Lat/Lon: 51.2431°/-176.27°, Depth: 10
2025/03/21 22:06:08.925267 [Incident:Info:toast@toast-new:Magnitude updated] Magnitude updated: 6.04 (Mw(mB))
2025/03/21 22:06:08.925341 [Simulation:Info:toast@toast-new:Simulation not generated] Magnitude 6.04 of event bmg2025fpmf is smaller than triggerMinMagnitude: no automatic simulation
2025/03/21 22:06:08.946443 [Incident:Info:toast@toast-new:Origin updated] Origin updated: OT: 2025-03-21 14:53:42,  Lat/Lon: 51.2439°/-176.269°, Depth: 10
2025/03/21 22:06:08.946603 [Incident:Info:toast@toast-new:Magnitude updated] Magnitude updated: 6.04 (Mw(mB))
2025/03/21 22:06:08.946646 [Simulation:Info:toast@toast-new:Simulation not generated] Magnitude 6.04 of event bmg2025fpmf is smaller than triggerMinMagnitude: no automatic simulation
2025/03/21 22:06:09.368039 [Incident:Info:toast@toast-new:Origin updated] Origin updated: OT: 2025-03-21 14:53:42,  Lat/Lon: 51.2439°/-176.269°, Depth: 10
2025/03/21 22:06:09.368236 [Incident:Info:toast@toast-new:Magnitude updated] Magnitude updated: 6.03 (Mw(mB))
2025/03/21 22:06:09.368286 [Simulation:Info:toast@toast-new:Simulation not generated] Magnitude 6.03 of event bmg2025fpmf is smaller than triggerMinMagnitude: no automatic simulation
2025/03/21 22:06:19.438893 [Incident:Info:toast@toast-new:Origin updated] Origin updated: OT: 2025-03-21 14:53:42,  Lat/Lon: 51.2439°/-176.269°, Depth: 10
2025/03/21 22:06:19.439128 [Incident:Info:toast@toast-new:Magnitude updated] Magnitude updated: 6.07 (Mw(mB))
2025/03/21 22:06:19.439199 [Simulation:Info:toast@toast-new:Simulation not generated] Magnitude 6.07 of event bmg2025fpmf is smaller than triggerMinMagnitude: no automatic simulation
2025/03/21 22:06:21.984430 [Incident:Info:toast@toast-new:Origin updated] Origin updated: OT: 2025-03-21 14:53:50,  Lat/Lon: 51.3876°/-176.343°, Depth: 81.0785
2025/03/21 22:06:21.984732 [Incident:Info:toast@toast-new:Magnitude updated] Magnitude updated: 5.98 (Mw(mB))
2025/03/21 22:06:21.984800 [Simulation:Info:toast@toast-new:Simulation not generated] Magnitude 5.98 of event bmg2025fpmf is smaller than triggerMinMagnitude: no automatic simulation
2025/03/21 22:06:22.050033 [Incident:Info:toast@toast-new:Origin updated] Origin updated: OT: 2025-03-21 14:53:50,  Lat/Lon: 51.3876°/-176.343°, Depth: 81.0785
2025/03/21 22:06:22.050186 [Incident:Info:toast@toast-new:Magnitude updated] Magnitude updated: 5.98 (Mw(mB))
2025/03/21 22:06:22.050216 [Simulation:Info:toast@toast-new:Simulation not generated] Magnitude 5.98 of event bmg2025fpmf is smaller than triggerMinMagnitude: no automatic simulation
2025/03/21 22:06:24.405054 [Incident:Info:toast@toast-new:Origin updated] Origin updated: OT: 2025-03-21 14:53:50,  Lat/Lon: 51.3876°/-176.343°, Depth: 81.0785
2025/03/21 22:06:24.405302 [Incident:Info:toast@toast-new:Magnitude updated] Magnitude updated: 5.98 (Mw(mB))
2025/03/21 22:06:24.405364 [Simulation:Info:toast@toast-new:Simulation not generated] Magnitude 5.98 of event bmg2025fpmf is smaller than triggerMinMagnitude: no automatic simulation
2025/03/21 22:06:29.407465 [Incident:Info:toast@toast-new:Origin updated] Origin updated: OT: 2025-03-21 14:53:50,  Lat/Lon: 51.3876°/-176.343°, Depth: 81.0785
2025/03/21 22:06:29.407702 [Incident:Info:toast@toast-new:Magnitude updated] Magnitude updated: 5.98 (Mw(mB))
2025/03/21 22:06:29.407758 [Simulation:Info:toast@toast-new:Simulation not generated] Magnitude 5.98 of event bmg2025fpmf is smaller than triggerMinMagnitude: no automatic simulation
2025/03/21 22:06:39.467213 [Incident:Info:toast@toast-new:Origin updated] Origin updated: OT: 2025-03-21 14:53:50,  Lat/Lon: 51.3876°/-176.343°, Depth: 81.0785
2025/03/21 22:06:39.467442 [Incident:Info:toast@toast-new:Magnitude updated] Magnitude updated: 5.98 (Mw(mB))
2025/03/21 22:06:39.467497 [Simulation:Info:toast@toast-new:Simulation not generated] Magnitude 5.98 of event bmg2025fpmf is smaller than triggerMinMagnitude: no automatic simulation
2025/03/21 22:17:55.713761 [Incident:Info:toast@toast-new:Origin updated] Origin updated: OT: 2025-03-21 14:53:50,  Lat/Lon: 51.3876°/-176.343°, Depth: 81.0785
2025/03/21 22:17:55.713975 [Incident:Info:toast@toast-new:FM updated] FM updated
2025/03/21 22:17:55.714287 [Simulation:Info:toast@toast-new:Simulation not generated] Magnitude 5.98 of event bmg2025fpmf is smaller than triggerMinMagnitude: no automatic simulation
2025/03/21 22:17:59.657593 [Incident:Info:toast@toast-new:Origin updated] Origin updated: OT: 2025-03-21 14:53:50,  Lat/Lon: 51.3876°/-176.343°, Depth: 81.0785
2025/03/21 22:17:59.657809 [Incident:Info:toast@toast-new:FM updated] FM updated
2025/03/21 22:17:59.658117 [Simulation:Info:toast@toast-new:Simulation not generated] Magnitude 5.98 of event bmg2025fpmf is smaller than triggerMinMagnitude: no automatic simulation
2025/03/21 22:20:09.631813 [Incident:Info:toast@toast-new:Origin updated] Origin updated: OT: 2025-03-21 14:53:50,  Lat/Lon: 51.3876°/-176.343°, Depth: 81.0785
2025/03/21 22:20:09.632040 [Incident:Info:toast@toast-new:FM updated] FM updated
2025/03/21 22:20:09.632341 [Simulation:Info:toast@toast-new:Simulation not generated] Magnitude 5.98 of event bmg2025fpmf is smaller than triggerMinMagnitude: no automatic simulation
2025/03/21 22:23:29.714449 [Incident:Info:toast@toast-new:Origin updated] Origin updated: OT: 2025-03-21 14:53:50,  Lat/Lon: 51.3876°/-176.343°, Depth: 81.0785
2025/03/21 22:23:29.714660 [Incident:Info:toast@toast-new:FM updated] FM updated
2025/03/21 22:23:29.714953 [Simulation:Info:toast@toast-new:Simulation not generated] Magnitude 5.98 of event bmg2025fpmf is smaller than triggerMinMagnitude: no automatic simulation
2025/03/21 22:27:09.774234 [Incident:Info:toast@toast-new:Origin updated] Origin updated: OT: 2025-03-21 14:53:50,  Lat/Lon: 51.3876°/-176.343°, Depth: 81.0785
2025/03/21 22:27:09.774467 [Incident:Info:toast@toast-new:FM updated] FM updated
2025/03/21 22:27:09.774784 [Simulation:Info:toast@toast-new:Simulation not generated] Magnitude 5.98 of event bmg2025fpmf is smaller than triggerMinMagnitude: no automatic simulation
2025/03/21 22:31:19.765190 [Incident:Info:toast@toast-new:Origin updated] Origin updated: OT: 2025-03-21 14:53:50,  Lat/Lon: 51.3876°/-176.343°, Depth: 81.0785
2025/03/21 22:31:19.765411 [Simulation:Info:toast@toast-new:Simulation not generated] Magnitude 5.98 of event bmg2025fpmf is smaller than triggerMinMagnitude: no automatic simulation
2025/03/21 22:38:09.941347 [Incident:Info:toast@toast-new:Origin updated] Origin updated: OT: 2025-03-21 14:53:50,  Lat/Lon: 51.3876°/-176.343°, Depth: 81.0785
2025/03/21 22:38:09.941579 [Simulation:Info:toast@toast-new:Simulation not generated] Magnitude 5.98 of event bmg2025fpmf is smaller than triggerMinMagnitude: no automatic simulation
2025/03/21 22:38:19.930316 [Incident:Info:toast@toast-new:Origin updated] Origin updated: OT: 2025-03-21 14:53:50,  Lat/Lon: 51.3876°/-176.343°, Depth: 81.0785
2025/03/21 22:38:19.930519 [Incident:Info:toast@toast-new:FM updated] FM updated
2025/03/21 22:38:19.930817 [Simulation:Info:toast@toast-new:Simulation not generated] Magnitude 5.98 of event bmg2025fpmf is smaller than triggerMinMagnitude: no automatic simulation
2025/03/21 22:39:20.083824 [Incident:Info:toast@toast-new:Origin updated] Origin updated: OT: 2025-03-21 14:53:50,  Lat/Lon: 51.3876°/-176.343°, Depth: 81.0785
2025/03/21 22:39:20.084049 [Simulation:Info:toast@toast-new:Simulation not generated] Magnitude 5.98 of event bmg2025fpmf is smaller than triggerMinMagnitude: no automatic simulation
2025/03/22 07:00:33.393807 [Incident:Info:toast@toast-new:Origin updated] Origin updated: OT: 2025-03-21 14:53:47,  Lat/Lon: 51.3263°/-176.133°, Depth: 58.6239
2025/03/22 07:00:33.394094 [Incident:Info:toast@toast-new:Magnitude updated] Magnitude updated: 6.04 (Mw(mB))
2025/03/22 07:00:33.394161 [Incident:Info:toast@toast-new:FM updated] FM updated
2025/03/22 07:00:33.394479 [Simulation:Info:toast@toast-new:Simulation not generated] Magnitude 6.04 of event bmg2025fpmf is smaller than triggerMinMagnitude: no automatic simulation
2025/03/22 07:00:33.409168 [Incident:Info:toast@toast-new:Origin updated] Origin updated: OT: 2025-03-21 14:53:47,  Lat/Lon: 51.3263°/-176.133°, Depth: 58.6239
2025/03/22 07:00:33.409337 [Simulation:Info:toast@toast-new:Simulation not generated] Magnitude 6.04 of event bmg2025fpmf is smaller than triggerMinMagnitude: no automatic simulation
2025/03/22 07:00:48.549708 [Incident:Info:toast@toast-new:Origin updated] Origin updated: OT: 2025-03-21 14:53:47,  Lat/Lon: 51.3263°/-176.133°, Depth: 58.6239
2025/03/22 07:00:48.549953 [Incident:Info:toast@toast-new:Magnitude updated] Magnitude updated: 6.09 (mb)
2025/03/22 07:00:48.550026 [Simulation:Info:toast@toast-new:Simulation not generated] Magnitude 6.09 of event bmg2025fpmf is smaller than triggerMinMagnitude: no automatic simulation
2025/03/22 07:21:55.848026 [Incident:Info:toast@toast-new:Origin updated] Origin updated: OT: 2025-03-21 14:53:47,  Lat/Lon: 51.3263°/-176.133°, Depth: 58.6239
2025/03/22 07:21:55.848259 [Incident:Info:toast@toast-new:FM updated] FM updated
2025/03/22 07:21:55.848620 [Simulation:Info:toast@toast-new:Simulation not generated] Magnitude 6.09 of event bmg2025fpmf is smaller than triggerMinMagnitude: no automatic simulation
