2025/03/11 09:17:30.943657 [Incident:Info:toast@toast-new:Displacement(s) updated] Added 0 and changed 0 displacements with 0 amplitudes
2025/03/11 09:17:30.969206 [Incident:Info:toast@toast-new:Incident created] Incident created based on event received from messaging: OT: 2025-03-11 02:10:48,  Lat/Lon: 28.40°/130.39°, Depth: 10.00, Mag: 5.33 (M)
2025/03/11 09:17:30.969555 [Simulation:Info:toast@toast-new:Simulation not generated] Magnitude 5.33 of event bmg2025ewga is smaller than triggerMinMagnitude: no automatic simulation
2025/03/11 09:17:30.978759 [Incident:Info:toast@toast-new:Origin updated] Origin updated: OT: 2025-03-11 02:10:48,  Lat/Lon: 28.3965°/130.393°, Depth: 10
2025/03/11 09:17:30.978867 [Simulation:Info:toast@toast-new:Simulation not generated] Magnitude 5.33 of event bmg2025ewga is smaller than triggerMinMagnitude: no automatic simulation
2025/03/11 09:17:34.367114 [Incident:Info:toast@toast-new:Origin updated] Origin updated: OT: 2025-03-11 02:10:48,  Lat/Lon: 28.3965°/130.393°, Depth: 10
2025/03/11 09:17:34.367339 [Incident:Info:toast@toast-new:Magnitude updated] Magnitude updated: 5.35 (M)
2025/03/11 09:17:34.367414 [Simulation:Info:toast@toast-new:Simulation not generated] Magnitude 5.35 of event bmg2025ewga is smaller than triggerMinMagnitude: no automatic simulation
2025/03/11 09:17:39.365613 [Incident:Info:toast@toast-new:Origin updated] Origin updated: OT: 2025-03-11 02:10:48,  Lat/Lon: 28.3965°/130.393°, Depth: 10
2025/03/11 09:17:39.365764 [Incident:Info:toast@toast-new:Magnitude updated] Magnitude updated: 5.35 (M)
2025/03/11 09:17:39.365814 [Simulation:Info:toast@toast-new:Simulation not generated] Magnitude 5.35 of event bmg2025ewga is smaller than triggerMinMagnitude: no automatic simulation
2025/03/11 09:17:40.255800 [Incident:Info:toast@toast-new:Origin updated] Origin updated: OT: 2025-03-11 02:10:48,  Lat/Lon: 28.3637°/130.387°, Depth: 10
2025/03/11 09:17:40.255964 [Incident:Info:toast@toast-new:Magnitude updated] Magnitude updated: 5.38 (M)
2025/03/11 09:17:40.256013 [Simulation:Info:toast@toast-new:Simulation not generated] Magnitude 5.38 of event bmg2025ewga is smaller than triggerMinMagnitude: no automatic simulation
2025/03/11 09:17:44.369817 [Incident:Info:toast@toast-new:Origin updated] Origin updated: OT: 2025-03-11 02:10:48,  Lat/Lon: 28.3637°/130.387°, Depth: 10
2025/03/11 09:17:44.369966 [Incident:Info:toast@toast-new:Magnitude updated] Magnitude updated: 5.38 (M)
2025/03/11 09:17:44.369996 [Simulation:Info:toast@toast-new:Simulation not generated] Magnitude 5.38 of event bmg2025ewga is smaller than triggerMinMagnitude: no automatic simulation
2025/03/11 09:17:53.794267 [Incident:Info:toast@toast-new:Origin updated] Origin updated: OT: 2025-03-11 02:10:48,  Lat/Lon: 28.3554°/130.382°, Depth: 10
2025/03/11 09:17:53.794468 [Incident:Info:toast@toast-new:Magnitude updated] Magnitude updated: 5.35 (M)
2025/03/11 09:17:53.794526 [Simulation:Info:toast@toast-new:Simulation not generated] Magnitude 5.35 of event bmg2025ewga is smaller than triggerMinMagnitude: no automatic simulation
2025/03/11 09:18:04.366497 [Incident:Info:toast@toast-new:Origin updated] Origin updated: OT: 2025-03-11 02:10:48,  Lat/Lon: 28.3554°/130.382°, Depth: 10
2025/03/11 09:18:04.366905 [Incident:Info:toast@toast-new:Magnitude updated] Magnitude updated: 5.35 (M)
2025/03/11 09:18:04.366973 [Simulation:Info:toast@toast-new:Simulation not generated] Magnitude 5.35 of event bmg2025ewga is smaller than triggerMinMagnitude: no automatic simulation
2025/03/11 09:18:08.835486 [Incident:Info:toast@toast-new:Origin updated] Origin updated: OT: 2025-03-11 02:10:46,  Lat/Lon: 28.5787°/130.345°, Depth: 10
2025/03/11 09:18:08.835708 [Incident:Info:toast@toast-new:Magnitude updated] Magnitude updated: 5.34 (M)
2025/03/11 09:18:08.835753 [Simulation:Info:toast@toast-new:Simulation not generated] Magnitude 5.34 of event bmg2025ewga is smaller than triggerMinMagnitude: no automatic simulation
2025/03/11 09:18:19.366935 [Incident:Info:toast@toast-new:Origin updated] Origin updated: OT: 2025-03-11 02:10:46,  Lat/Lon: 28.5787°/130.345°, Depth: 10
2025/03/11 09:18:19.367181 [Incident:Info:toast@toast-new:Magnitude updated] Magnitude updated: 5.34 (M)
2025/03/11 09:18:19.367247 [Simulation:Info:toast@toast-new:Simulation not generated] Magnitude 5.34 of event bmg2025ewga is smaller than triggerMinMagnitude: no automatic simulation
2025/03/11 09:18:28.845526 [Incident:Info:toast@toast-new:Origin updated] Origin updated: OT: 2025-03-11 02:10:45,  Lat/Lon: 28.745°/130.356°, Depth: 10
2025/03/11 09:18:28.845734 [Incident:Info:toast@toast-new:Magnitude updated] Magnitude updated: 5.35 (M)
2025/03/11 09:18:28.845773 [Simulation:Info:toast@toast-new:Simulation not generated] Magnitude 5.35 of event bmg2025ewga is smaller than triggerMinMagnitude: no automatic simulation
2025/03/11 09:18:34.373198 [Incident:Info:toast@toast-new:Origin updated] Origin updated: OT: 2025-03-11 02:10:45,  Lat/Lon: 28.745°/130.356°, Depth: 10
2025/03/11 09:18:34.373392 [Incident:Info:toast@toast-new:Magnitude updated] Magnitude updated: 5.36 (M)
2025/03/11 09:18:34.373450 [Simulation:Info:toast@toast-new:Simulation not generated] Magnitude 5.36 of event bmg2025ewga is smaller than triggerMinMagnitude: no automatic simulation
2025/03/11 09:18:44.344635 [Incident:Info:toast@toast-new:Origin updated] Origin updated: OT: 2025-03-11 02:10:45,  Lat/Lon: 28.745°/130.356°, Depth: 10
2025/03/11 09:18:44.344852 [Incident:Info:toast@toast-new:Magnitude updated] Magnitude updated: 5.37 (M)
2025/03/11 09:18:44.344892 [Simulation:Info:toast@toast-new:Simulation not generated] Magnitude 5.37 of event bmg2025ewga is smaller than triggerMinMagnitude: no automatic simulation
2025/03/11 09:18:49.526729 [Incident:Info:toast@toast-new:Origin updated] Origin updated: OT: 2025-03-11 02:10:45,  Lat/Lon: 28.745°/130.356°, Depth: 10
2025/03/11 09:18:49.526926 [Incident:Info:toast@toast-new:Magnitude updated] Magnitude updated: 5.42 (M)
2025/03/11 09:18:49.526960 [Simulation:Info:toast@toast-new:Simulation not generated] Magnitude 5.42 of event bmg2025ewga is smaller than triggerMinMagnitude: no automatic simulation
2025/03/11 09:18:49.550703 [Incident:Info:toast@toast-new:Origin updated] Origin updated: OT: 2025-03-11 02:10:45,  Lat/Lon: 28.6992°/130.352°, Depth: 10
2025/03/11 09:18:49.550847 [Incident:Info:toast@toast-new:Magnitude updated] Magnitude updated: 5.43 (M)
2025/03/11 09:18:49.550880 [Simulation:Info:toast@toast-new:Simulation not generated] Magnitude 5.43 of event bmg2025ewga is smaller than triggerMinMagnitude: no automatic simulation
2025/03/11 09:18:49.566072 [Incident:Info:toast@toast-new:Origin updated] Origin updated: OT: 2025-03-11 02:10:45,  Lat/Lon: 28.6992°/130.352°, Depth: 10
2025/03/11 09:18:49.566151 [Simulation:Info:toast@toast-new:Simulation not generated] Magnitude 5.43 of event bmg2025ewga is smaller than triggerMinMagnitude: no automatic simulation
2025/03/11 09:18:58.215280 [Incident:Info:toast@toast-new:Origin updated] Origin updated: OT: 2025-03-11 02:10:45,  Lat/Lon: 28.6992°/130.352°, Depth: 10
2025/03/11 09:18:58.215462 [Incident:Info:toast@toast-new:Magnitude updated] Magnitude updated: 5.43 (M)
2025/03/11 09:18:58.215495 [Simulation:Info:toast@toast-new:Simulation not generated] Magnitude 5.43 of event bmg2025ewga is smaller than triggerMinMagnitude: no automatic simulation
2025/03/11 09:18:58.233678 [Incident:Info:toast@toast-new:Origin updated] Origin updated: OT: 2025-03-11 02:10:45,  Lat/Lon: 28.6953°/130.355°, Depth: 10
2025/03/11 09:18:58.233820 [Incident:Info:toast@toast-new:Magnitude updated] Magnitude updated: 5.43 (M)
2025/03/11 09:18:58.233844 [Simulation:Info:toast@toast-new:Simulation not generated] Magnitude 5.43 of event bmg2025ewga is smaller than triggerMinMagnitude: no automatic simulation
2025/03/11 09:19:04.384368 [Incident:Info:toast@toast-new:Origin updated] Origin updated: OT: 2025-03-11 02:10:45,  Lat/Lon: 28.6953°/130.355°, Depth: 10
2025/03/11 09:19:04.384582 [Incident:Info:toast@toast-new:Magnitude updated] Magnitude updated: 5.48 (M)
2025/03/11 09:19:04.384653 [Simulation:Info:toast@toast-new:Simulation not generated] Magnitude 5.48 of event bmg2025ewga is smaller than triggerMinMagnitude: no automatic simulation
2025/03/11 09:19:08.434744 [Incident:Info:toast@toast-new:Origin updated] Origin updated: OT: 2025-03-11 02:10:45,  Lat/Lon: 28.6949°/130.362°, Depth: 10
2025/03/11 09:19:08.434950 [Incident:Info:toast@toast-new:Magnitude updated] Magnitude updated: 5.48 (M)
2025/03/11 09:19:08.434992 [Simulation:Info:toast@toast-new:Simulation not generated] Magnitude 5.48 of event bmg2025ewga is smaller than triggerMinMagnitude: no automatic simulation
2025/03/11 09:19:19.414848 [Incident:Info:toast@toast-new:Origin updated] Origin updated: OT: 2025-03-11 02:10:45,  Lat/Lon: 28.6949°/130.362°, Depth: 10
2025/03/11 09:19:19.415046 [Incident:Info:toast@toast-new:Magnitude updated] Magnitude updated: 5.49 (M)
2025/03/11 09:19:19.415090 [Simulation:Info:toast@toast-new:Simulation not generated] Magnitude 5.49 of event bmg2025ewga is smaller than triggerMinMagnitude: no automatic simulation
2025/03/11 09:19:24.368221 [Incident:Info:toast@toast-new:Origin updated] Origin updated: OT: 2025-03-11 02:10:45,  Lat/Lon: 28.6949°/130.362°, Depth: 10
2025/03/11 09:19:24.368405 [Incident:Info:toast@toast-new:Magnitude updated] Magnitude updated: 5.51 (M)
2025/03/11 09:19:24.368448 [Simulation:Info:toast@toast-new:Simulation not generated] Magnitude 5.51 of event bmg2025ewga is smaller than triggerMinMagnitude: no automatic simulation
2025/03/11 09:19:29.366882 [Incident:Info:toast@toast-new:Origin updated] Origin updated: OT: 2025-03-11 02:10:45,  Lat/Lon: 28.6949°/130.362°, Depth: 10
2025/03/11 09:19:29.367077 [Incident:Info:toast@toast-new:Magnitude updated] Magnitude updated: 5.62 (Mw(mB))
2025/03/11 09:19:29.367146 [Simulation:Info:toast@toast-new:Simulation not generated] Magnitude 5.62 of event bmg2025ewga is smaller than triggerMinMagnitude: no automatic simulation
2025/03/11 09:19:29.385907 [Incident:Info:toast@toast-new:Origin updated] Origin updated: OT: 2025-03-11 02:10:45,  Lat/Lon: 28.6949°/130.362°, Depth: 10
2025/03/11 09:19:29.386001 [Simulation:Info:toast@toast-new:Simulation not generated] Magnitude 5.62 of event bmg2025ewga is smaller than triggerMinMagnitude: no automatic simulation
2025/03/11 09:19:34.394172 [Incident:Info:toast@toast-new:Origin updated] Origin updated: OT: 2025-03-11 02:10:45,  Lat/Lon: 28.6949°/130.362°, Depth: 10
2025/03/11 09:19:34.394372 [Incident:Info:toast@toast-new:Magnitude updated] Magnitude updated: 5.68 (Mw(mB))
2025/03/11 09:19:34.394434 [Simulation:Info:toast@toast-new:Simulation not generated] Magnitude 5.68 of event bmg2025ewga is smaller than triggerMinMagnitude: no automatic simulation
2025/03/11 09:19:39.367281 [Incident:Info:toast@toast-new:Origin updated] Origin updated: OT: 2025-03-11 02:10:45,  Lat/Lon: 28.6949°/130.362°, Depth: 10
2025/03/11 09:19:39.367476 [Incident:Info:toast@toast-new:Magnitude updated] Magnitude updated: 5.69 (Mw(mB))
2025/03/11 09:19:39.367517 [Simulation:Info:toast@toast-new:Simulation not generated] Magnitude 5.69 of event bmg2025ewga is smaller than triggerMinMagnitude: no automatic simulation
2025/03/11 09:19:51.001718 [Incident:Info:toast@toast-new:Origin updated] Origin updated: OT: 2025-03-11 02:10:48,  Lat/Lon: 28.7186°/130.369°, Depth: 35.7664
2025/03/11 09:19:51.001946 [Incident:Info:toast@toast-new:Magnitude updated] Magnitude updated: 5.70 (Mw(mB))
2025/03/11 09:19:51.001988 [Simulation:Info:toast@toast-new:Simulation not generated] Magnitude 5.70 of event bmg2025ewga is smaller than triggerMinMagnitude: no automatic simulation
2025/03/11 09:34:58.054207 [Incident:Info:toast@toast-new:Incident removed] Removed incident - Bye
