2024/09/05 17:51:52.105220 [Incident:Info:toast@toast-new:Displacement(s) updated] Added 0 and changed 0 displacements with 0 amplitudes
2024/09/05 17:51:52.105890 [Incident:Info:toast@toast-new:Incident created] Incident created based on event received from messaging: OT: 2024-09-05 10:38:24,  Lat/Lon: -19.05°/-67.29°, Depth: 191.68, Mag: 5.45 (M)
2024/09/05 17:51:52.106481 [Simulation:Info:toast@toast-new:Simulation not generated] Magnitude 5.45 of event bmg2024rlxv is smaller than triggerMinMagnitude: no automatic simulation
2024/09/05 17:51:52.517000 [Incident:Info:toast@toast-new:Origin updated] Origin updated: OT: 2024-09-05 10:38:24,  Lat/Lon: -19.0485°/-67.2887°, Depth: 191.675
2024/09/05 17:51:52.517105 [Simulation:Info:toast@toast-new:Simulation not generated] Magnitude 5.45 of event bmg2024rlxv is smaller than triggerMinMagnitude: no automatic simulation
2024/09/05 17:52:02.052168 [Incident:Info:toast@toast-new:Origin updated] Origin updated: OT: 2024-09-05 10:38:24,  Lat/Lon: -19.0466°/-67.2872°, Depth: 191.34
2024/09/05 17:52:02.052412 [Incident:Info:toast@toast-new:Magnitude updated] Magnitude updated: 5.45 (M)
2024/09/05 17:52:02.052462 [Simulation:Info:toast@toast-new:Simulation not generated] Magnitude 5.45 of event bmg2024rlxv is smaller than triggerMinMagnitude: no automatic simulation
2024/09/05 17:52:07.775112 [Incident:Info:toast@toast-new:Origin updated] Origin updated: OT: 2024-09-05 10:38:24,  Lat/Lon: -19.0466°/-67.2872°, Depth: 191.34
2024/09/05 17:52:07.775299 [Incident:Info:toast@toast-new:Magnitude updated] Magnitude updated: 5.44 (M)
2024/09/05 17:52:07.775340 [Simulation:Info:toast@toast-new:Simulation not generated] Magnitude 5.44 of event bmg2024rlxv is smaller than triggerMinMagnitude: no automatic simulation
2024/09/05 17:52:12.814252 [Incident:Info:toast@toast-new:Origin updated] Origin updated: OT: 2024-09-05 10:38:24,  Lat/Lon: -19.0452°/-67.2749°, Depth: 191.989
2024/09/05 17:52:12.814451 [Incident:Info:toast@toast-new:Magnitude updated] Magnitude updated: 5.44 (M)
2024/09/05 17:52:12.814486 [Simulation:Info:toast@toast-new:Simulation not generated] Magnitude 5.44 of event bmg2024rlxv is smaller than triggerMinMagnitude: no automatic simulation
2024/09/05 17:52:47.558396 [Incident:Info:toast@toast-new:Origin updated] Origin updated: OT: 2024-09-05 10:38:24,  Lat/Lon: -19.048°/-67.2768°, Depth: 192.543
2024/09/05 17:52:47.558590 [Incident:Info:toast@toast-new:Magnitude updated] Magnitude updated: 5.44 (M)
2024/09/05 17:52:47.558627 [Simulation:Info:toast@toast-new:Simulation not generated] Magnitude 5.44 of event bmg2024rlxv is smaller than triggerMinMagnitude: no automatic simulation
2024/09/05 17:53:06.915258 [Incident:Info:toast@toast-new:Origin updated] Origin updated: OT: 2024-09-05 10:38:24,  Lat/Lon: -19.0421°/-67.2754°, Depth: 193.267
2024/09/05 17:53:06.915486 [Incident:Info:toast@toast-new:Magnitude updated] Magnitude updated: 5.44 (M)
2024/09/05 17:53:06.915535 [Simulation:Info:toast@toast-new:Simulation not generated] Magnitude 5.44 of event bmg2024rlxv is smaller than triggerMinMagnitude: no automatic simulation
2024/09/05 17:57:53.948526 [Incident:Info:toast@toast-new:Origin updated] Origin updated: OT: 2024-09-05 10:38:24,  Lat/Lon: -19.0421°/-67.2754°, Depth: 193.267
2024/09/05 17:57:53.948691 [Simulation:Info:toast@toast-new:Simulation not generated] Magnitude 5.44 of event bmg2024rlxv is smaller than triggerMinMagnitude: no automatic simulation
2024/09/05 20:05:46.430544 [Incident:Info:toast@toast-new:Origin updated] Origin updated: OT: 2024-09-05 10:38:23,  Lat/Lon: -19.056°/-67.2913°, Depth: 187.365
2024/09/05 20:05:46.430876 [Incident:Info:toast@toast-new:Magnitude updated] Magnitude updated: 5.72 (mb)
2024/09/05 20:05:46.430974 [Simulation:Info:toast@toast-new:Simulation not generated] Magnitude 5.72 of event bmg2024rlxv is smaller than triggerMinMagnitude: no automatic simulation
2024/09/05 20:05:46.448725 [Incident:Info:toast@toast-new:Origin updated] Origin updated: OT: 2024-09-05 10:38:23,  Lat/Lon: -19.056°/-67.2913°, Depth: 187.365
2024/09/05 20:05:46.448918 [Incident:Info:toast@toast-new:Magnitude updated] Magnitude updated: 5.45 (M)
2024/09/05 20:05:46.449018 [Simulation:Info:toast@toast-new:Simulation not generated] Magnitude 5.45 of event bmg2024rlxv is smaller than triggerMinMagnitude: no automatic simulation
