2025/04/06 13:56:25.438123 [Incident:Info:toast@toast-new:Displacement(s) updated] Added 0 and changed 0 displacements with 0 amplitudes
2025/04/06 13:56:25.479619 [Incident:Info:toast@toast-new:Incident created] Incident created based on event received from messaging: OT: 2025-04-06 06:55:12,  Lat/Lon: -7.88°/106.04°, Depth: 10.00, Mag: 5.12 (M)
2025/04/06 13:56:25.480020 [Simulation:Info:toast@toast-new:Simulation not generated] Magnitude 5.12 of event bmg2025gscm is smaller than triggerMinMagnitude: no automatic simulation
2025/04/06 13:56:25.490213 [Incident:Info:toast@toast-new:Origin updated] Origin updated: OT: 2025-04-06 06:55:12,  Lat/Lon: -7.88482°/106.044°, Depth: 10
2025/04/06 13:56:25.490320 [Simulation:Info:toast@toast-new:Simulation not generated] Magnitude 5.12 of event bmg2025gscm is smaller than triggerMinMagnitude: no automatic simulation
2025/04/06 13:56:29.359027 [Incident:Info:toast@toast-new:Origin updated] Origin updated: OT: 2025-04-06 06:55:12,  Lat/Lon: -7.88482°/106.044°, Depth: 10
2025/04/06 13:56:29.359231 [Incident:Info:toast@toast-new:Magnitude updated] Magnitude updated: 5.13 (M)
2025/04/06 13:56:29.359284 [Simulation:Info:toast@toast-new:Simulation not generated] Magnitude 5.13 of event bmg2025gscm is smaller than triggerMinMagnitude: no automatic simulation
2025/04/06 13:56:34.391871 [Incident:Info:toast@toast-new:Origin updated] Origin updated: OT: 2025-04-06 06:55:12,  Lat/Lon: -7.88482°/106.044°, Depth: 10
2025/04/06 13:56:34.392075 [Incident:Info:toast@toast-new:Magnitude updated] Magnitude updated: 5.14 (M)
2025/04/06 13:56:34.392112 [Simulation:Info:toast@toast-new:Simulation not generated] Magnitude 5.14 of event bmg2025gscm is smaller than triggerMinMagnitude: no automatic simulation
2025/04/06 13:56:37.548157 [Incident:Info:toast@toast-new:Origin updated] Origin updated: OT: 2025-04-06 06:55:13,  Lat/Lon: -7.83667°/106.022°, Depth: 10
2025/04/06 13:56:37.548381 [Incident:Info:toast@toast-new:Magnitude updated] Magnitude updated: 5.06 (M)
2025/04/06 13:56:37.548421 [Simulation:Info:toast@toast-new:Simulation not generated] Magnitude 5.06 of event bmg2025gscm is smaller than triggerMinMagnitude: no automatic simulation
2025/04/06 13:56:39.400101 [Incident:Info:toast@toast-new:Origin updated] Origin updated: OT: 2025-04-06 06:55:13,  Lat/Lon: -7.83667°/106.022°, Depth: 10
2025/04/06 13:56:39.400302 [Incident:Info:toast@toast-new:Magnitude updated] Magnitude updated: 5.06 (M)
2025/04/06 13:56:39.400341 [Simulation:Info:toast@toast-new:Simulation not generated] Magnitude 5.06 of event bmg2025gscm is smaller than triggerMinMagnitude: no automatic simulation
2025/04/06 13:56:44.386157 [Incident:Info:toast@toast-new:Origin updated] Origin updated: OT: 2025-04-06 06:55:13,  Lat/Lon: -7.83667°/106.022°, Depth: 10
2025/04/06 13:56:44.386351 [Incident:Info:toast@toast-new:Magnitude updated] Magnitude updated: 5.08 (M)
2025/04/06 13:56:44.386395 [Simulation:Info:toast@toast-new:Simulation not generated] Magnitude 5.08 of event bmg2025gscm is smaller than triggerMinMagnitude: no automatic simulation
2025/04/06 13:56:49.373693 [Incident:Info:toast@toast-new:Origin updated] Origin updated: OT: 2025-04-06 06:55:13,  Lat/Lon: -7.83667°/106.022°, Depth: 10
2025/04/06 13:56:49.373877 [Incident:Info:toast@toast-new:Magnitude updated] Magnitude updated: 5.09 (M)
2025/04/06 13:56:49.373911 [Simulation:Info:toast@toast-new:Simulation not generated] Magnitude 5.09 of event bmg2025gscm is smaller than triggerMinMagnitude: no automatic simulation
2025/04/06 13:56:52.244917 [Incident:Info:toast@toast-new:Origin updated] Origin updated: OT: 2025-04-06 06:55:12,  Lat/Lon: -7.90886°/105.995°, Depth: 10
2025/04/06 13:56:52.245135 [Incident:Info:toast@toast-new:Magnitude updated] Magnitude updated: 5.03 (M)
2025/04/06 13:56:52.245180 [Simulation:Info:toast@toast-new:Simulation not generated] Magnitude 5.03 of event bmg2025gscm is smaller than triggerMinMagnitude: no automatic simulation
2025/04/06 13:56:59.410159 [Incident:Info:toast@toast-new:Origin updated] Origin updated: OT: 2025-04-06 06:55:12,  Lat/Lon: -7.90886°/105.995°, Depth: 10
2025/04/06 13:56:59.410338 [Incident:Info:toast@toast-new:Magnitude updated] Magnitude updated: 5.04 (M)
2025/04/06 13:56:59.410369 [Simulation:Info:toast@toast-new:Simulation not generated] Magnitude 5.04 of event bmg2025gscm is smaller than triggerMinMagnitude: no automatic simulation
2025/04/06 13:57:03.172399 [Incident:Info:toast@toast-new:Origin updated] Origin updated: OT: 2025-04-06 06:55:12,  Lat/Lon: -7.90886°/105.995°, Depth: 10
2025/04/06 13:57:03.172587 [Incident:Info:toast@toast-new:Magnitude updated] Magnitude updated: 5.05 (M)
2025/04/06 13:57:03.172619 [Simulation:Info:toast@toast-new:Simulation not generated] Magnitude 5.05 of event bmg2025gscm is smaller than triggerMinMagnitude: no automatic simulation
2025/04/06 13:57:04.400043 [Incident:Info:toast@toast-new:Origin updated] Origin updated: OT: 2025-04-06 06:55:12,  Lat/Lon: -7.90886°/105.995°, Depth: 10
2025/04/06 13:57:04.400242 [Incident:Info:toast@toast-new:Magnitude updated] Magnitude updated: 5.05 (M)
2025/04/06 13:57:04.400299 [Simulation:Info:toast@toast-new:Simulation not generated] Magnitude 5.05 of event bmg2025gscm is smaller than triggerMinMagnitude: no automatic simulation
2025/04/06 13:57:09.418003 [Incident:Info:toast@toast-new:Origin updated] Origin updated: OT: 2025-04-06 06:55:12,  Lat/Lon: -7.90886°/105.995°, Depth: 10
2025/04/06 13:57:09.418204 [Incident:Info:toast@toast-new:Magnitude updated] Magnitude updated: 5.06 (M)
2025/04/06 13:57:09.418244 [Simulation:Info:toast@toast-new:Simulation not generated] Magnitude 5.06 of event bmg2025gscm is smaller than triggerMinMagnitude: no automatic simulation
2025/04/06 13:57:13.994712 [Incident:Info:toast@toast-new:Origin updated] Origin updated: OT: 2025-04-06 06:55:12,  Lat/Lon: -7.9099°/105.987°, Depth: 10
2025/04/06 13:57:13.994884 [Incident:Info:toast@toast-new:Magnitude updated] Magnitude updated: 5.17 (M)
2025/04/06 13:57:13.994932 [Simulation:Info:toast@toast-new:Simulation not generated] Magnitude 5.17 of event bmg2025gscm is smaller than triggerMinMagnitude: no automatic simulation
2025/04/06 13:57:14.407948 [Incident:Info:toast@toast-new:Origin updated] Origin updated: OT: 2025-04-06 06:55:12,  Lat/Lon: -7.9099°/105.987°, Depth: 10
2025/04/06 13:57:14.408094 [Incident:Info:toast@toast-new:Magnitude updated] Magnitude updated: 5.17 (M)
2025/04/06 13:57:14.408119 [Simulation:Info:toast@toast-new:Simulation not generated] Magnitude 5.17 of event bmg2025gscm is smaller than triggerMinMagnitude: no automatic simulation
2025/04/06 13:57:19.435491 [Incident:Info:toast@toast-new:Origin updated] Origin updated: OT: 2025-04-06 06:55:12,  Lat/Lon: -7.9099°/105.987°, Depth: 10
2025/04/06 13:57:19.435654 [Incident:Info:toast@toast-new:Magnitude updated] Magnitude updated: 5.17 (M)
2025/04/06 13:57:19.435678 [Simulation:Info:toast@toast-new:Simulation not generated] Magnitude 5.17 of event bmg2025gscm is smaller than triggerMinMagnitude: no automatic simulation
2025/04/06 13:57:24.450494 [Incident:Info:toast@toast-new:Origin updated] Origin updated: OT: 2025-04-06 06:55:12,  Lat/Lon: -7.9099°/105.987°, Depth: 10
2025/04/06 13:57:24.450697 [Incident:Info:toast@toast-new:Magnitude updated] Magnitude updated: 5.18 (M)
2025/04/06 13:57:24.450743 [Simulation:Info:toast@toast-new:Simulation not generated] Magnitude 5.18 of event bmg2025gscm is smaller than triggerMinMagnitude: no automatic simulation
2025/04/06 13:57:29.420313 [Incident:Info:toast@toast-new:Origin updated] Origin updated: OT: 2025-04-06 06:55:12,  Lat/Lon: -7.9099°/105.987°, Depth: 10
2025/04/06 13:57:29.420482 [Incident:Info:toast@toast-new:Magnitude updated] Magnitude updated: 5.19 (M)
2025/04/06 13:57:29.420507 [Simulation:Info:toast@toast-new:Simulation not generated] Magnitude 5.19 of event bmg2025gscm is smaller than triggerMinMagnitude: no automatic simulation
2025/04/06 13:57:34.434866 [Incident:Info:toast@toast-new:Origin updated] Origin updated: OT: 2025-04-06 06:55:12,  Lat/Lon: -7.9099°/105.987°, Depth: 10
2025/04/06 13:57:34.435028 [Incident:Info:toast@toast-new:Magnitude updated] Magnitude updated: 5.18 (M)
2025/04/06 13:57:34.435064 [Simulation:Info:toast@toast-new:Simulation not generated] Magnitude 5.18 of event bmg2025gscm is smaller than triggerMinMagnitude: no automatic simulation
2025/04/06 13:57:39.436928 [Incident:Info:toast@toast-new:Origin updated] Origin updated: OT: 2025-04-06 06:55:12,  Lat/Lon: -7.9099°/105.987°, Depth: 10
2025/04/06 13:57:39.437131 [Incident:Info:toast@toast-new:Magnitude updated] Magnitude updated: 5.26 (M)
2025/04/06 13:57:39.437193 [Simulation:Info:toast@toast-new:Simulation not generated] Magnitude 5.26 of event bmg2025gscm is smaller than triggerMinMagnitude: no automatic simulation
2025/04/06 13:57:39.980108 [Incident:Info:toast@toast-new:Origin updated] Origin updated: OT: 2025-04-06 06:55:12,  Lat/Lon: -7.88051°/105.95°, Depth: 10
2025/04/06 13:57:39.980241 [Incident:Info:toast@toast-new:Magnitude updated] Magnitude updated: 5.26 (M)
2025/04/06 13:57:39.980261 [Simulation:Info:toast@toast-new:Simulation not generated] Magnitude 5.26 of event bmg2025gscm is smaller than triggerMinMagnitude: no automatic simulation
2025/04/06 13:57:44.509863 [Incident:Info:toast@toast-new:Origin updated] Origin updated: OT: 2025-04-06 06:55:12,  Lat/Lon: -7.88051°/105.95°, Depth: 10
2025/04/06 13:57:44.510040 [Incident:Info:toast@toast-new:Magnitude updated] Magnitude updated: 5.28 (M)
2025/04/06 13:57:44.510072 [Simulation:Info:toast@toast-new:Simulation not generated] Magnitude 5.28 of event bmg2025gscm is smaller than triggerMinMagnitude: no automatic simulation
2025/04/06 13:57:49.481063 [Incident:Info:toast@toast-new:Origin updated] Origin updated: OT: 2025-04-06 06:55:12,  Lat/Lon: -7.88051°/105.95°, Depth: 10
2025/04/06 13:57:49.481261 [Incident:Info:toast@toast-new:Magnitude updated] Magnitude updated: 5.28 (M)
2025/04/06 13:57:49.481308 [Simulation:Info:toast@toast-new:Simulation not generated] Magnitude 5.28 of event bmg2025gscm is smaller than triggerMinMagnitude: no automatic simulation
2025/04/06 13:57:54.502699 [Incident:Info:toast@toast-new:Origin updated] Origin updated: OT: 2025-04-06 06:55:12,  Lat/Lon: -7.88051°/105.95°, Depth: 10
2025/04/06 13:57:54.502928 [Incident:Info:toast@toast-new:Magnitude updated] Magnitude updated: 5.35 (M)
2025/04/06 13:57:54.502978 [Simulation:Info:toast@toast-new:Simulation not generated] Magnitude 5.35 of event bmg2025gscm is smaller than triggerMinMagnitude: no automatic simulation
2025/04/06 13:57:59.462006 [Incident:Info:toast@toast-new:Origin updated] Origin updated: OT: 2025-04-06 06:55:12,  Lat/Lon: -7.88051°/105.95°, Depth: 10
2025/04/06 13:57:59.462198 [Incident:Info:toast@toast-new:Magnitude updated] Magnitude updated: 5.32 (M)
2025/04/06 13:57:59.462236 [Simulation:Info:toast@toast-new:Simulation not generated] Magnitude 5.32 of event bmg2025gscm is smaller than triggerMinMagnitude: no automatic simulation
2025/04/06 13:58:04.546861 [Incident:Info:toast@toast-new:Origin updated] Origin updated: OT: 2025-04-06 06:55:12,  Lat/Lon: -7.88051°/105.95°, Depth: 10
2025/04/06 13:58:04.547078 [Incident:Info:toast@toast-new:Magnitude updated] Magnitude updated: 5.35 (M)
2025/04/06 13:58:04.547123 [Simulation:Info:toast@toast-new:Simulation not generated] Magnitude 5.35 of event bmg2025gscm is smaller than triggerMinMagnitude: no automatic simulation
2025/04/06 13:58:07.827920 [Incident:Info:toast@toast-new:Origin updated] Origin updated: OT: 2025-04-06 06:55:12,  Lat/Lon: -7.88051°/105.95°, Depth: 10
2025/04/06 13:58:07.828128 [Incident:Info:toast@toast-new:FM updated] FM updated
2025/04/06 13:58:07.828468 [Simulation:Info:toast@toast-new:Simulation not generated] Magnitude 5.35 of event bmg2025gscm is smaller than triggerMinMagnitude: no automatic simulation
2025/04/06 13:58:09.421684 [Incident:Info:toast@toast-new:Origin updated] Origin updated: OT: 2025-04-06 06:55:12,  Lat/Lon: -7.88051°/105.95°, Depth: 10
2025/04/06 13:58:09.421893 [Incident:Info:toast@toast-new:Magnitude updated] Magnitude updated: 5.37 (M)
2025/04/06 13:58:09.421951 [Simulation:Info:toast@toast-new:Simulation not generated] Magnitude 5.37 of event bmg2025gscm is smaller than triggerMinMagnitude: no automatic simulation
2025/04/06 13:58:11.352054 [Incident:Info:toast@toast-new:Origin updated] Origin updated: OT: 2025-04-06 06:55:12,  Lat/Lon: -7.88051°/105.95°, Depth: 10
2025/04/06 13:58:11.352255 [Incident:Info:toast@toast-new:Magnitude updated] Magnitude updated: 5.37 (M)
2025/04/06 13:58:11.352295 [Simulation:Info:toast@toast-new:Simulation not generated] Magnitude 5.37 of event bmg2025gscm is smaller than triggerMinMagnitude: no automatic simulation
2025/04/06 13:58:11.391279 [Incident:Info:toast@toast-new:Origin updated] Origin updated: OT: 2025-04-06 06:55:11,  Lat/Lon: -7.93837°/105.881°, Depth: 10
2025/04/06 13:58:11.391489 [Incident:Info:toast@toast-new:Magnitude updated] Magnitude updated: 5.39 (M)
2025/04/06 13:58:11.391536 [Simulation:Info:toast@toast-new:Simulation not generated] Magnitude 5.39 of event bmg2025gscm is smaller than triggerMinMagnitude: no automatic simulation
2025/04/06 13:58:14.551633 [Incident:Info:toast@toast-new:Origin updated] Origin updated: OT: 2025-04-06 06:55:11,  Lat/Lon: -7.93837°/105.881°, Depth: 10
2025/04/06 13:58:14.551803 [Incident:Info:toast@toast-new:Magnitude updated] Magnitude updated: 5.41 (M)
2025/04/06 13:58:14.551845 [Simulation:Info:toast@toast-new:Simulation not generated] Magnitude 5.41 of event bmg2025gscm is smaller than triggerMinMagnitude: no automatic simulation
2025/04/06 13:58:19.454209 [Incident:Info:toast@toast-new:Origin updated] Origin updated: OT: 2025-04-06 06:55:11,  Lat/Lon: -7.93837°/105.881°, Depth: 10
2025/04/06 13:58:19.454449 [Incident:Info:toast@toast-new:Magnitude updated] Magnitude updated: 5.39 (M)
2025/04/06 13:58:19.454498 [Simulation:Info:toast@toast-new:Simulation not generated] Magnitude 5.39 of event bmg2025gscm is smaller than triggerMinMagnitude: no automatic simulation
2025/04/06 13:58:24.495508 [Incident:Info:toast@toast-new:Origin updated] Origin updated: OT: 2025-04-06 06:55:11,  Lat/Lon: -7.93837°/105.881°, Depth: 10
2025/04/06 13:58:24.495706 [Incident:Info:toast@toast-new:Magnitude updated] Magnitude updated: 5.43 (M)
2025/04/06 13:58:24.495748 [Simulation:Info:toast@toast-new:Simulation not generated] Magnitude 5.43 of event bmg2025gscm is smaller than triggerMinMagnitude: no automatic simulation
2025/04/06 13:58:29.519745 [Incident:Info:toast@toast-new:Origin updated] Origin updated: OT: 2025-04-06 06:55:11,  Lat/Lon: -7.93837°/105.881°, Depth: 10
2025/04/06 13:58:29.520000 [Incident:Info:toast@toast-new:Magnitude updated] Magnitude updated: 5.45 (M)
2025/04/06 13:58:29.520055 [Simulation:Info:toast@toast-new:Simulation not generated] Magnitude 5.45 of event bmg2025gscm is smaller than triggerMinMagnitude: no automatic simulation
2025/04/06 13:58:34.496823 [Incident:Info:toast@toast-new:Origin updated] Origin updated: OT: 2025-04-06 06:55:11,  Lat/Lon: -7.93837°/105.881°, Depth: 10
2025/04/06 13:58:34.497053 [Incident:Info:toast@toast-new:Magnitude updated] Magnitude updated: 5.47 (M)
2025/04/06 13:58:34.497135 [Simulation:Info:toast@toast-new:Simulation not generated] Magnitude 5.47 of event bmg2025gscm is smaller than triggerMinMagnitude: no automatic simulation
2025/04/06 13:58:39.519070 [Incident:Info:toast@toast-new:Origin updated] Origin updated: OT: 2025-04-06 06:55:11,  Lat/Lon: -7.93837°/105.881°, Depth: 10
2025/04/06 13:58:39.519272 [Incident:Info:toast@toast-new:Magnitude updated] Magnitude updated: 5.53 (Mw(mB))
2025/04/06 13:58:39.519306 [Simulation:Info:toast@toast-new:Simulation not generated] Magnitude 5.53 of event bmg2025gscm is smaller than triggerMinMagnitude: no automatic simulation
2025/04/06 13:58:39.539351 [Incident:Info:toast@toast-new:Origin updated] Origin updated: OT: 2025-04-06 06:55:11,  Lat/Lon: -7.93837°/105.881°, Depth: 10
2025/04/06 13:58:39.539452 [Simulation:Info:toast@toast-new:Simulation not generated] Magnitude 5.53 of event bmg2025gscm is smaller than triggerMinMagnitude: no automatic simulation
2025/04/06 13:58:52.085214 [Incident:Info:toast@toast-new:Origin updated] Origin updated: OT: 2025-04-06 06:55:11,  Lat/Lon: -7.96254°/105.874°, Depth: 10
2025/04/06 13:58:52.085449 [Incident:Info:toast@toast-new:Magnitude updated] Magnitude updated: 5.48 (Mw(mB))
2025/04/06 13:58:52.085496 [Simulation:Info:toast@toast-new:Simulation not generated] Magnitude 5.48 of event bmg2025gscm is smaller than triggerMinMagnitude: no automatic simulation
2025/04/06 13:59:04.599154 [Incident:Info:toast@toast-new:Origin updated] Origin updated: OT: 2025-04-06 06:55:11,  Lat/Lon: -7.96254°/105.874°, Depth: 10
2025/04/06 13:59:04.599421 [Incident:Info:toast@toast-new:Magnitude updated] Magnitude updated: 5.48 (Mw(mB))
2025/04/06 13:59:04.599498 [Simulation:Info:toast@toast-new:Simulation not generated] Magnitude 5.48 of event bmg2025gscm is smaller than triggerMinMagnitude: no automatic simulation
2025/04/06 13:59:09.485100 [Incident:Info:toast@toast-new:Origin updated] Origin updated: OT: 2025-04-06 06:55:11,  Lat/Lon: -7.96254°/105.874°, Depth: 10
2025/04/06 13:59:09.485311 [Incident:Info:toast@toast-new:Magnitude updated] Magnitude updated: 5.45 (Mw(mB))
2025/04/06 13:59:09.485375 [Simulation:Info:toast@toast-new:Simulation not generated] Magnitude 5.45 of event bmg2025gscm is smaller than triggerMinMagnitude: no automatic simulation
2025/04/06 13:59:11.133445 [Incident:Info:toast@toast-new:Origin updated] Origin updated: OT: 2025-04-06 06:55:11,  Lat/Lon: -7.96254°/105.874°, Depth: 10
2025/04/06 13:59:11.133654 [Incident:Info:toast@toast-new:FM updated] FM updated
2025/04/06 13:59:11.133934 [Simulation:Info:toast@toast-new:Simulation not generated] Magnitude 5.45 of event bmg2025gscm is smaller than triggerMinMagnitude: no automatic simulation
2025/04/06 13:59:14.516175 [Incident:Info:toast@toast-new:Origin updated] Origin updated: OT: 2025-04-06 06:55:11,  Lat/Lon: -7.96254°/105.874°, Depth: 10
2025/04/06 13:59:14.516369 [Incident:Info:toast@toast-new:Magnitude updated] Magnitude updated: 5.45 (Mw(mB))
2025/04/06 13:59:14.516426 [Simulation:Info:toast@toast-new:Simulation not generated] Magnitude 5.45 of event bmg2025gscm is smaller than triggerMinMagnitude: no automatic simulation
2025/04/06 13:59:24.580769 [Incident:Info:toast@toast-new:Origin updated] Origin updated: OT: 2025-04-06 06:55:11,  Lat/Lon: -7.96254°/105.874°, Depth: 10
2025/04/06 13:59:24.580980 [Incident:Info:toast@toast-new:Magnitude updated] Magnitude updated: 5.44 (Mw(mB))
2025/04/06 13:59:24.581048 [Simulation:Info:toast@toast-new:Simulation not generated] Magnitude 5.44 of event bmg2025gscm is smaller than triggerMinMagnitude: no automatic simulation
2025/04/06 13:59:30.167814 [Incident:Info:toast@toast-new:Origin updated] Origin updated: OT: 2025-04-06 06:55:10,  Lat/Lon: -8.0586°/105.817°, Depth: 10
2025/04/06 13:59:30.168037 [Incident:Info:toast@toast-new:Magnitude updated] Magnitude updated: 5.45 (Mw(mB))
2025/04/06 13:59:30.168077 [Simulation:Info:toast@toast-new:Simulation not generated] Magnitude 5.45 of event bmg2025gscm is smaller than triggerMinMagnitude: no automatic simulation
2025/04/06 13:59:34.544032 [Incident:Info:toast@toast-new:Origin updated] Origin updated: OT: 2025-04-06 06:55:10,  Lat/Lon: -8.0586°/105.817°, Depth: 10
2025/04/06 13:59:34.544233 [Incident:Info:toast@toast-new:Magnitude updated] Magnitude updated: 5.45 (Mw(mB))
2025/04/06 13:59:34.544276 [Simulation:Info:toast@toast-new:Simulation not generated] Magnitude 5.45 of event bmg2025gscm is smaller than triggerMinMagnitude: no automatic simulation
2025/04/06 13:59:39.678994 [Incident:Info:toast@toast-new:Origin updated] Origin updated: OT: 2025-04-06 06:55:10,  Lat/Lon: -8.0586°/105.817°, Depth: 10
2025/04/06 13:59:39.679185 [Incident:Info:toast@toast-new:Magnitude updated] Magnitude updated: 5.43 (Mw(mB))
2025/04/06 13:59:39.679226 [Simulation:Info:toast@toast-new:Simulation not generated] Magnitude 5.43 of event bmg2025gscm is smaller than triggerMinMagnitude: no automatic simulation
2025/04/06 13:59:44.533075 [Incident:Info:toast@toast-new:Origin updated] Origin updated: OT: 2025-04-06 06:55:10,  Lat/Lon: -8.0586°/105.817°, Depth: 10
2025/04/06 13:59:44.533826 [Incident:Info:toast@toast-new:Magnitude updated] Magnitude updated: 5.44 (Mw(mB))
2025/04/06 13:59:44.533865 [Simulation:Info:toast@toast-new:Simulation not generated] Magnitude 5.44 of event bmg2025gscm is smaller than triggerMinMagnitude: no automatic simulation
2025/04/06 13:59:49.370571 [Incident:Info:toast@toast-new:Origin updated] Origin updated: OT: 2025-04-06 06:55:10,  Lat/Lon: -8.0586°/105.817°, Depth: 10
2025/04/06 13:59:49.370764 [Incident:Info:toast@toast-new:Magnitude updated] Magnitude updated: 5.42 (Mw(mB))
2025/04/06 13:59:49.370806 [Simulation:Info:toast@toast-new:Simulation not generated] Magnitude 5.42 of event bmg2025gscm is smaller than triggerMinMagnitude: no automatic simulation
2025/04/06 13:59:53.881048 [Incident:Info:toast@toast-new:Origin updated] Origin updated: OT: 2025-04-06 06:55:09,  Lat/Lon: -8.10653°/105.804°, Depth: 10
2025/04/06 13:59:53.881271 [Incident:Info:toast@toast-new:Magnitude updated] Magnitude updated: 5.40 (Mw(mB))
2025/04/06 13:59:53.881315 [Simulation:Info:toast@toast-new:Simulation not generated] Magnitude 5.40 of event bmg2025gscm is smaller than triggerMinMagnitude: no automatic simulation
2025/04/06 13:59:54.368926 [Incident:Info:toast@toast-new:Origin updated] Origin updated: OT: 2025-04-06 06:55:09,  Lat/Lon: -8.10653°/105.804°, Depth: 10
2025/04/06 13:59:54.369140 [Incident:Info:toast@toast-new:Magnitude updated] Magnitude updated: 5.39 (Mw(mB))
2025/04/06 13:59:54.369200 [Simulation:Info:toast@toast-new:Simulation not generated] Magnitude 5.39 of event bmg2025gscm is smaller than triggerMinMagnitude: no automatic simulation
2025/04/06 13:59:59.511645 [Incident:Info:toast@toast-new:Origin updated] Origin updated: OT: 2025-04-06 06:55:09,  Lat/Lon: -8.10653°/105.804°, Depth: 10
2025/04/06 13:59:59.511897 [Incident:Info:toast@toast-new:Magnitude updated] Magnitude updated: 5.37 (Mw(mB))
2025/04/06 13:59:59.511948 [Simulation:Info:toast@toast-new:Simulation not generated] Magnitude 5.37 of event bmg2025gscm is smaller than triggerMinMagnitude: no automatic simulation
2025/04/06 14:00:04.488639 [Incident:Info:toast@toast-new:Origin updated] Origin updated: OT: 2025-04-06 06:55:09,  Lat/Lon: -8.10653°/105.804°, Depth: 10
2025/04/06 14:00:04.488841 [Incident:Info:toast@toast-new:Magnitude updated] Magnitude updated: 5.33 (Mw(mB))
2025/04/06 14:00:04.488909 [Simulation:Info:toast@toast-new:Simulation not generated] Magnitude 5.33 of event bmg2025gscm is smaller than triggerMinMagnitude: no automatic simulation
2025/04/06 14:00:09.385078 [Incident:Info:toast@toast-new:Origin updated] Origin updated: OT: 2025-04-06 06:55:09,  Lat/Lon: -8.10653°/105.804°, Depth: 10
2025/04/06 14:00:09.385297 [Incident:Info:toast@toast-new:Magnitude updated] Magnitude updated: 5.32 (Mw(mB))
2025/04/06 14:00:09.385349 [Simulation:Info:toast@toast-new:Simulation not generated] Magnitude 5.32 of event bmg2025gscm is smaller than triggerMinMagnitude: no automatic simulation
2025/04/06 14:00:14.567985 [Incident:Info:toast@toast-new:Origin updated] Origin updated: OT: 2025-04-06 06:55:09,  Lat/Lon: -8.10653°/105.804°, Depth: 10
2025/04/06 14:00:14.568193 [Incident:Info:toast@toast-new:Magnitude updated] Magnitude updated: 5.32 (Mw(mB))
2025/04/06 14:00:14.568235 [Simulation:Info:toast@toast-new:Simulation not generated] Magnitude 5.32 of event bmg2025gscm is smaller than triggerMinMagnitude: no automatic simulation
2025/04/06 14:00:19.566005 [Incident:Info:toast@toast-new:Origin updated] Origin updated: OT: 2025-04-06 06:55:09,  Lat/Lon: -8.10653°/105.804°, Depth: 10
2025/04/06 14:00:19.566208 [Incident:Info:toast@toast-new:Magnitude updated] Magnitude updated: 5.32 (Mw(mB))
2025/04/06 14:00:19.566252 [Simulation:Info:toast@toast-new:Simulation not generated] Magnitude 5.32 of event bmg2025gscm is smaller than triggerMinMagnitude: no automatic simulation
2025/04/06 14:00:21.608300 [Incident:Info:toast@toast-new:Origin updated] Origin updated: OT: 2025-04-06 06:55:09,  Lat/Lon: -8.10653°/105.804°, Depth: 10
2025/04/06 14:00:21.609717 [Incident:Info:toast@toast-new:FM updated] FM updated
2025/04/06 14:00:21.610212 [Simulation:Info:toast@toast-new:Simulation not generated] Magnitude 5.32 of event bmg2025gscm is smaller than triggerMinMagnitude: no automatic simulation
2025/04/06 14:00:24.573174 [Incident:Info:toast@toast-new:Origin updated] Origin updated: OT: 2025-04-06 06:55:09,  Lat/Lon: -8.10653°/105.804°, Depth: 10
2025/04/06 14:00:24.573384 [Incident:Info:toast@toast-new:Magnitude updated] Magnitude updated: 5.28 (Mw(mB))
2025/04/06 14:00:24.573429 [Simulation:Info:toast@toast-new:Simulation not generated] Magnitude 5.28 of event bmg2025gscm is smaller than triggerMinMagnitude: no automatic simulation
2025/04/06 14:00:29.386057 [Incident:Info:toast@toast-new:Origin updated] Origin updated: OT: 2025-04-06 06:55:09,  Lat/Lon: -8.10653°/105.804°, Depth: 10
2025/04/06 14:00:29.386270 [Incident:Info:toast@toast-new:Magnitude updated] Magnitude updated: 5.28 (Mw(mB))
2025/04/06 14:00:29.386324 [Simulation:Info:toast@toast-new:Simulation not generated] Magnitude 5.28 of event bmg2025gscm is smaller than triggerMinMagnitude: no automatic simulation
2025/04/06 14:00:33.302747 [Incident:Info:toast@toast-new:Origin updated] Origin updated: OT: 2025-04-06 06:55:10,  Lat/Lon: -7.94946°/105.888°, Depth: 10
2025/04/06 14:00:33.302962 [Incident:Info:toast@toast-new:Magnitude updated] Magnitude updated: 5.28 (Mw(mB))
2025/04/06 14:00:33.303005 [Simulation:Info:toast@toast-new:Simulation not generated] Magnitude 5.28 of event bmg2025gscm is smaller than triggerMinMagnitude: no automatic simulation
2025/04/06 14:03:34.570399 [Incident:Info:toast@toast-new:Origin updated] Origin updated: OT: 2025-04-06 06:55:12,  Lat/Lon: -7.83205°/105.961°, Depth: 10
2025/04/06 14:03:34.570629 [Incident:Info:toast@toast-new:Magnitude updated] Magnitude updated: 5.28 (Mw(mB))
2025/04/06 14:03:34.570677 [Simulation:Info:toast@toast-new:Simulation not generated] Magnitude 5.28 of event bmg2025gscm is smaller than triggerMinMagnitude: no automatic simulation
2025/04/06 14:05:56.327234 [Incident:Info:toast@toast-new:Origin updated] Origin updated: OT: 2025-04-06 06:55:14,  Lat/Lon: -7.8775°/105.928°, Depth: 46.0803
2025/04/06 14:05:56.327427 [Incident:Info:toast@toast-new:Magnitude updated] Magnitude updated: 5.22 (Mw(mB))
2025/04/06 14:05:56.327455 [Simulation:Info:toast@toast-new:Simulation not generated] Magnitude 5.22 of event bmg2025gscm is smaller than triggerMinMagnitude: no automatic simulation
2025/04/10 10:05:01.011874 [Incident:Info:toast@toast-new:Incident removed] Removed incident - Bye
2025/04/15 02:12:51.093144 [Incident:Info:toast@toast-new:Displacement(s) updated] Added 0 and changed 0 displacements with 0 amplitudes
2025/04/15 02:12:51.134684 [Incident:Info:toast@toast-new:Incident created] Incident created based on event received from messaging: OT: 2025-04-06 06:55:14,  Lat/Lon: -7.85°/105.97°, Depth: 48.14, Mag: 5.03 (mb)
2025/04/15 02:12:51.135105 [Simulation:Info:toast@toast-new:Simulation not generated] Magnitude 5.03 of event bmg2025gscm is smaller than triggerMinMagnitude: no automatic simulation
2025/04/15 02:12:51.144471 [Incident:Info:toast@toast-new:Origin updated] Origin updated: OT: 2025-04-06 06:55:14,  Lat/Lon: -7.8503°/105.974°, Depth: 48.1426
2025/04/15 02:12:51.144585 [Simulation:Info:toast@toast-new:Simulation not generated] Magnitude 5.03 of event bmg2025gscm is smaller than triggerMinMagnitude: no automatic simulation
