2024/09/08 12:43:14.194857 [Incident:Info:toast@toast-new:Displacement(s) updated] Added 0 and changed 0 displacements with 0 amplitudes
2024/09/08 12:43:14.195462 [Incident:Info:toast@toast-new:Incident created] Incident created based on event received from messaging: OT: 2024-09-08 05:29:10,  Lat/Lon: -21.98°/169.88°, Depth: 94.77, Mag: 5.43 (M)
2024/09/08 12:43:14.196050 [Simulation:Info:toast@toast-new:Simulation not generated] Magnitude 5.43 of event bmg2024rrad is smaller than triggerMinMagnitude: no automatic simulation
2024/09/08 12:43:14.217239 [Incident:Info:toast@toast-new:Origin updated] Origin updated: OT: 2024-09-08 05:29:10,  Lat/Lon: -21.9766°/169.875°, Depth: 94.7735
2024/09/08 12:43:14.217389 [Simulation:Info:toast@toast-new:Simulation not generated] Magnitude 5.43 of event bmg2024rrad is smaller than triggerMinMagnitude: no automatic simulation
2024/09/08 12:44:12.862460 [Incident:Info:toast@toast-new:Origin updated] Origin updated: OT: 2024-09-08 05:29:05,  Lat/Lon: -21.7863°/169.833°, Depth: 50.7782
2024/09/08 12:44:12.862625 [Incident:Info:toast@toast-new:Magnitude updated] Magnitude updated: 5.21 (mb)
2024/09/08 12:44:12.862666 [Simulation:Info:toast@toast-new:Simulation not generated] Magnitude 5.21 of event bmg2024rrad is smaller than triggerMinMagnitude: no automatic simulation
2024/09/08 12:44:12.877583 [Incident:Info:toast@toast-new:Origin updated] Origin updated: OT: 2024-09-08 05:29:05,  Lat/Lon: -21.7863°/169.833°, Depth: 50.7782
2024/09/08 12:44:12.877669 [Incident:Info:toast@toast-new:Magnitude updated] Magnitude updated: 5.40 (M)
2024/09/08 12:44:12.877703 [Simulation:Info:toast@toast-new:Simulation not generated] Magnitude 5.40 of event bmg2024rrad is smaller than triggerMinMagnitude: no automatic simulation
2024/09/08 18:34:46.682101 [Incident:Info:toast@toast-new:Origin updated] Origin updated: OT: 2024-09-08 05:29:05,  Lat/Lon: -21.8424°/169.782°, Depth: 44.4864
2024/09/08 18:34:46.682286 [Incident:Info:toast@toast-new:Magnitude updated] Magnitude updated: 5.23 (mb)
2024/09/08 18:34:46.682331 [Simulation:Info:toast@toast-new:Simulation not generated] Magnitude 5.23 of event bmg2024rrad is smaller than triggerMinMagnitude: no automatic simulation
2024/09/08 18:34:46.699594 [Incident:Info:toast@toast-new:Origin updated] Origin updated: OT: 2024-09-08 05:29:05,  Lat/Lon: -21.8424°/169.782°, Depth: 44.4864
2024/09/08 18:34:46.699688 [Incident:Info:toast@toast-new:Magnitude updated] Magnitude updated: 5.37 (M)
2024/09/08 18:34:46.699721 [Simulation:Info:toast@toast-new:Simulation not generated] Magnitude 5.37 of event bmg2024rrad is smaller than triggerMinMagnitude: no automatic simulation
2024/09/08 18:34:46.756700 [Incident:Info:toast@toast-new:Origin updated] Origin updated: OT: 2024-09-08 05:29:05,  Lat/Lon: -21.8424°/169.782°, Depth: 44.4864
2024/09/08 18:34:46.756811 [Simulation:Info:toast@toast-new:Simulation not generated] Magnitude 5.37 of event bmg2024rrad is smaller than triggerMinMagnitude: no automatic simulation
2024/09/08 18:34:52.568538 [Incident:Info:toast@toast-new:Origin updated] Origin updated: OT: 2024-09-08 05:29:05,  Lat/Lon: -21.8424°/169.782°, Depth: 44.4864
2024/09/08 18:34:52.568740 [Incident:Info:toast@toast-new:Magnitude updated] Magnitude updated: 5.23 (mb)
2024/09/08 18:34:52.568815 [Simulation:Info:toast@toast-new:Simulation not generated] Magnitude 5.23 of event bmg2024rrad is smaller than triggerMinMagnitude: no automatic simulation
2024/09/08 23:29:51.075140 [Incident:Info:toast@toast-new:Incident removed] Removed incident - Bye
