2025/01/19 02:51:06.463189 [Incident:Info:toast@toast-new:Displacement(s) updated] Added 0 and changed 0 displacements with 0 amplitudes
2025/01/19 02:51:06.502549 [Incident:Info:toast@toast-new:Incident created] Incident created based on event received from messaging: OT: 2025-01-18 19:44:20,  Lat/Lon: 24.90°/123.38°, Depth: 10.00, Mag: 5.01 (M)
2025/01/19 02:51:06.502856 [Simulation:Info:toast@toast-new:Simulation not generated] Magnitude 5.01 of event bmg2025bgoq is smaller than triggerMinMagnitude: no automatic simulation
2025/01/19 02:51:06.512043 [Incident:Info:toast@toast-new:Origin updated] Origin updated: OT: 2025-01-18 19:44:20,  Lat/Lon: 24.9041°/123.383°, Depth: 10
2025/01/19 02:51:06.512130 [Simulation:Info:toast@toast-new:Simulation not generated] Magnitude 5.01 of event bmg2025bgoq is smaller than triggerMinMagnitude: no automatic simulation
2025/01/19 02:51:11.137369 [Incident:Info:toast@toast-new:Origin updated] Origin updated: OT: 2025-01-18 19:44:20,  Lat/Lon: 24.9041°/123.383°, Depth: 10
2025/01/19 02:51:11.137577 [Incident:Info:toast@toast-new:Magnitude updated] Magnitude updated: 5.03 (M)
2025/01/19 02:51:11.137630 [Simulation:Info:toast@toast-new:Simulation not generated] Magnitude 5.03 of event bmg2025bgoq is smaller than triggerMinMagnitude: no automatic simulation
2025/01/19 02:51:20.797607 [Incident:Info:toast@toast-new:Origin updated] Origin updated: OT: 2025-01-18 19:44:20,  Lat/Lon: 24.8727°/123.363°, Depth: 7.81274
2025/01/19 02:51:20.797808 [Incident:Info:toast@toast-new:Magnitude updated] Magnitude updated: 5.35 (mb)
2025/01/19 02:51:20.797845 [Simulation:Info:toast@toast-new:Simulation not generated] Magnitude 5.35 of event bmg2025bgoq is smaller than triggerMinMagnitude: no automatic simulation
2025/01/19 02:51:20.860435 [Incident:Info:toast@toast-new:Origin updated] Origin updated: OT: 2025-01-18 19:44:20,  Lat/Lon: 24.8727°/123.363°, Depth: 7.81274
2025/01/19 02:51:20.860560 [Incident:Info:toast@toast-new:Magnitude updated] Magnitude updated: 5.01 (M)
2025/01/19 02:51:20.860592 [Simulation:Info:toast@toast-new:Simulation not generated] Magnitude 5.01 of event bmg2025bgoq is smaller than triggerMinMagnitude: no automatic simulation
2025/01/19 02:51:26.428699 [Incident:Info:toast@toast-new:Origin updated] Origin updated: OT: 2025-01-18 19:44:20,  Lat/Lon: 24.8727°/123.363°, Depth: 7.81274
2025/01/19 02:51:26.428896 [Incident:Info:toast@toast-new:Magnitude updated] Magnitude updated: 5.01 (M)
2025/01/19 02:51:26.428936 [Simulation:Info:toast@toast-new:Simulation not generated] Magnitude 5.01 of event bmg2025bgoq is smaller than triggerMinMagnitude: no automatic simulation
2025/01/19 13:59:55.913713 [Incident:Info:toast@toast-new:Origin updated] Origin updated: OT: 2025-01-18 19:44:19,  Lat/Lon: 24.96°/123.39°, Depth: 6.15348
2025/01/19 13:59:55.917091 [Incident:Info:toast@toast-new:Magnitude updated] Magnitude updated: 5.38 (mb)
2025/01/19 13:59:55.917187 [Simulation:Info:toast@toast-new:Simulation not generated] Magnitude 5.38 of event bmg2025bgoq is smaller than triggerMinMagnitude: no automatic simulation
2025/01/19 13:59:55.928533 [Incident:Info:toast@toast-new:Origin updated] Origin updated: OT: 2025-01-18 19:44:19,  Lat/Lon: 24.96°/123.39°, Depth: 6.15348
2025/01/19 13:59:55.928646 [Incident:Info:toast@toast-new:Magnitude updated] Magnitude updated: 5.04 (M)
2025/01/19 13:59:55.928700 [Simulation:Info:toast@toast-new:Simulation not generated] Magnitude 5.04 of event bmg2025bgoq is smaller than triggerMinMagnitude: no automatic simulation
2025/01/19 14:00:01.819564 [Incident:Info:toast@toast-new:Origin updated] Origin updated: OT: 2025-01-18 19:44:19,  Lat/Lon: 24.96°/123.39°, Depth: 6.15348
2025/01/19 14:00:01.819870 [Incident:Info:toast@toast-new:Magnitude updated] Magnitude updated: 5.16 (Mw(mB))
2025/01/19 14:00:01.819993 [Simulation:Info:toast@toast-new:Simulation not generated] Magnitude 5.16 of event bmg2025bgoq is smaller than triggerMinMagnitude: no automatic simulation
2025/01/19 14:00:14.887028 [Incident:Info:toast@toast-new:Origin updated] Origin updated: OT: 2025-01-18 19:44:19,  Lat/Lon: 24.96°/123.39°, Depth: 6.15348
2025/01/19 14:00:14.887368 [Simulation:Info:toast@toast-new:Simulation not generated] Magnitude 5.16 of event bmg2025bgoq is smaller than triggerMinMagnitude: no automatic simulation
2025/01/19 14:00:14.940539 [Incident:Info:toast@toast-new:Origin updated] Origin updated: OT: 2025-01-18 19:44:19,  Lat/Lon: 24.96°/123.39°, Depth: 6.15348
2025/01/19 14:00:14.940701 [Simulation:Info:toast@toast-new:Simulation not generated] Magnitude 5.16 of event bmg2025bgoq is smaller than triggerMinMagnitude: no automatic simulation
