2025/06/25 08:36:17.917876 [Incident:Info:toast@toast-new:Displacement(s) updated] Added 0 and changed 0 displacements with 0 amplitudes
2025/06/25 08:36:17.922296 [Incident:Info:toast@toast-new:Incident created] Incident created based on event received from messaging: OT: 2025-06-25 01:33:32,  Lat/Lon: 9.51°/94.25°, Depth: 10.00, Mag: 5.45 (M)
2025/06/25 08:36:17.922954 [Simulation:Info:toast@toast-new:Simulation not generated] Magnitude 5.45 of event bmg2025mhwd is smaller than triggerMinMagnitude: no automatic simulation
2025/06/25 08:36:17.953620 [Incident:Info:toast@toast-new:Origin updated] Origin updated: OT: 2025-06-25 01:33:32,  Lat/Lon: 9.51049°/94.2507°, Depth: 10
2025/06/25 08:36:17.953939 [Simulation:Info:toast@toast-new:Simulation not generated] Magnitude 5.45 of event bmg2025mhwd is smaller than triggerMinMagnitude: no automatic simulation
2025/06/25 08:36:24.240104 [Incident:Info:toast@toast-new:Origin updated] Origin updated: OT: 2025-06-25 01:33:32,  Lat/Lon: 9.51049°/94.2507°, Depth: 10
2025/06/25 08:36:24.240491 [Incident:Info:toast@toast-new:Magnitude updated] Magnitude updated: 5.44 (M)
2025/06/25 08:36:24.240670 [Simulation:Info:toast@toast-new:Simulation not generated] Magnitude 5.44 of event bmg2025mhwd is smaller than triggerMinMagnitude: no automatic simulation
2025/06/25 08:36:29.257458 [Incident:Info:toast@toast-new:Origin updated] Origin updated: OT: 2025-06-25 01:33:32,  Lat/Lon: 9.51049°/94.2507°, Depth: 10
2025/06/25 08:36:29.257864 [Incident:Info:toast@toast-new:Magnitude updated] Magnitude updated: 5.44 (M)
2025/06/25 08:36:29.258072 [Simulation:Info:toast@toast-new:Simulation not generated] Magnitude 5.44 of event bmg2025mhwd is smaller than triggerMinMagnitude: no automatic simulation
2025/06/25 08:36:31.069777 [Incident:Info:toast@toast-new:Origin updated] Origin updated: OT: 2025-06-25 01:33:33,  Lat/Lon: 9.48706°/94.2837°, Depth: 10
2025/06/25 08:36:31.070196 [Incident:Info:toast@toast-new:Magnitude updated] Magnitude updated: 5.41 (M)
2025/06/25 08:36:31.070379 [Simulation:Info:toast@toast-new:Simulation not generated] Magnitude 5.41 of event bmg2025mhwd is smaller than triggerMinMagnitude: no automatic simulation
2025/06/25 08:36:34.212777 [Incident:Info:toast@toast-new:Origin updated] Origin updated: OT: 2025-06-25 01:33:33,  Lat/Lon: 9.48706°/94.2837°, Depth: 10
2025/06/25 08:36:34.213155 [Incident:Info:toast@toast-new:Magnitude updated] Magnitude updated: 5.39 (M)
2025/06/25 08:36:34.213362 [Simulation:Info:toast@toast-new:Simulation not generated] Magnitude 5.39 of event bmg2025mhwd is smaller than triggerMinMagnitude: no automatic simulation
2025/06/25 08:36:39.268890 [Incident:Info:toast@toast-new:Origin updated] Origin updated: OT: 2025-06-25 01:33:33,  Lat/Lon: 9.48706°/94.2837°, Depth: 10
2025/06/25 08:36:39.306560 [Incident:Info:toast@toast-new:Magnitude updated] Magnitude updated: 5.42 (M)
2025/06/25 08:36:39.306967 [Simulation:Info:toast@toast-new:Simulation not generated] Magnitude 5.42 of event bmg2025mhwd is smaller than triggerMinMagnitude: no automatic simulation
2025/06/25 08:36:43.834526 [Incident:Info:toast@toast-new:Origin updated] Origin updated: OT: 2025-06-25 01:33:33,  Lat/Lon: 9.48706°/94.2837°, Depth: 10
2025/06/25 08:36:43.834970 [Incident:Info:toast@toast-new:Magnitude updated] Magnitude updated: 5.38 (M)
2025/06/25 08:36:43.835232 [Simulation:Info:toast@toast-new:Simulation not generated] Magnitude 5.38 of event bmg2025mhwd is smaller than triggerMinMagnitude: no automatic simulation
2025/06/25 08:36:43.877590 [Incident:Info:toast@toast-new:Origin updated] Origin updated: OT: 2025-06-25 01:33:33,  Lat/Lon: 9.46864°/94.3119°, Depth: 10
2025/06/25 08:36:43.878220 [Incident:Info:toast@toast-new:Magnitude updated] Magnitude updated: 5.38 (M)
2025/06/25 08:36:43.878541 [Simulation:Info:toast@toast-new:Simulation not generated] Magnitude 5.38 of event bmg2025mhwd is smaller than triggerMinMagnitude: no automatic simulation
2025/06/25 08:36:49.384919 [Incident:Info:toast@toast-new:Origin updated] Origin updated: OT: 2025-06-25 01:33:33,  Lat/Lon: 9.46864°/94.3119°, Depth: 10
2025/06/25 08:36:49.385387 [Incident:Info:toast@toast-new:Magnitude updated] Magnitude updated: 5.39 (M)
2025/06/25 08:36:49.385634 [Simulation:Info:toast@toast-new:Simulation not generated] Magnitude 5.39 of event bmg2025mhwd is smaller than triggerMinMagnitude: no automatic simulation
2025/06/25 08:36:53.315122 [Incident:Info:toast@toast-new:Origin updated] Origin updated: OT: 2025-06-25 01:33:35,  Lat/Lon: 9.45011°/94.2805°, Depth: 126.445
2025/06/25 08:36:53.315635 [Incident:Info:toast@toast-new:Magnitude updated] Magnitude updated: 5.35 (M)
2025/06/25 08:36:53.315913 [Simulation:Info:toast@toast-new:Simulation not generated] Magnitude 5.35 of event bmg2025mhwd is smaller than triggerMinMagnitude: no automatic simulation
2025/06/25 08:36:59.323362 [Incident:Info:toast@toast-new:Origin updated] Origin updated: OT: 2025-06-25 01:33:35,  Lat/Lon: 9.45011°/94.2805°, Depth: 126.445
2025/06/25 08:36:59.325803 [Incident:Info:toast@toast-new:Magnitude updated] Magnitude updated: 5.32 (M)
2025/06/25 08:36:59.326028 [Simulation:Info:toast@toast-new:Simulation not generated] Magnitude 5.32 of event bmg2025mhwd is smaller than triggerMinMagnitude: no automatic simulation
2025/06/25 08:37:03.815173 [Incident:Info:toast@toast-new:Origin updated] Origin updated: OT: 2025-06-25 01:33:35,  Lat/Lon: 9.4484°/94.2851°, Depth: 122.531
2025/06/25 08:37:03.815676 [Incident:Info:toast@toast-new:Magnitude updated] Magnitude updated: 5.30 (M)
2025/06/25 08:37:03.815965 [Simulation:Info:toast@toast-new:Simulation not generated] Magnitude 5.30 of event bmg2025mhwd is smaller than triggerMinMagnitude: no automatic simulation
2025/06/25 08:37:14.290364 [Incident:Info:toast@toast-new:Origin updated] Origin updated: OT: 2025-06-25 01:33:35,  Lat/Lon: 9.4484°/94.2851°, Depth: 122.531
2025/06/25 08:37:14.290865 [Incident:Info:toast@toast-new:Magnitude updated] Magnitude updated: 5.31 (M)
2025/06/25 08:37:14.291137 [Simulation:Info:toast@toast-new:Simulation not generated] Magnitude 5.31 of event bmg2025mhwd is smaller than triggerMinMagnitude: no automatic simulation
2025/06/25 08:37:18.154661 [Incident:Info:toast@toast-new:Origin updated] Origin updated: OT: 2025-06-25 01:33:35,  Lat/Lon: 9.44544°/94.2946°, Depth: 118.347
2025/06/25 08:37:18.155200 [Incident:Info:toast@toast-new:Magnitude updated] Magnitude updated: 5.32 (M)
2025/06/25 08:37:18.155497 [Simulation:Info:toast@toast-new:Simulation not generated] Magnitude 5.32 of event bmg2025mhwd is smaller than triggerMinMagnitude: no automatic simulation
2025/06/25 08:37:24.301721 [Incident:Info:toast@toast-new:Origin updated] Origin updated: OT: 2025-06-25 01:33:35,  Lat/Lon: 9.44544°/94.2946°, Depth: 118.347
2025/06/25 08:37:24.302317 [Incident:Info:toast@toast-new:Magnitude updated] Magnitude updated: 5.30 (M)
2025/06/25 08:37:24.302621 [Simulation:Info:toast@toast-new:Simulation not generated] Magnitude 5.30 of event bmg2025mhwd is smaller than triggerMinMagnitude: no automatic simulation
2025/06/25 08:37:26.572476 [Incident:Info:toast@toast-new:Origin updated] Origin updated: OT: 2025-06-25 01:33:32,  Lat/Lon: 9.52497°/94.2079°, Depth: 10
2025/06/25 08:37:26.573146 [Incident:Info:toast@toast-new:Magnitude updated] Magnitude updated: 5.63 (mb)
2025/06/25 08:37:26.573507 [Simulation:Info:toast@toast-new:Simulation not generated] Magnitude 5.63 of event bmg2025mhwd is smaller than triggerMinMagnitude: no automatic simulation
2025/06/25 08:37:26.595027 [Incident:Info:toast@toast-new:Origin updated] Origin updated: OT: 2025-06-25 01:33:32,  Lat/Lon: 9.52497°/94.2079°, Depth: 10
2025/06/25 08:37:26.595946 [Incident:Info:toast@toast-new:Magnitude updated] Magnitude updated: 5.45 (M)
2025/06/25 08:37:26.596581 [Simulation:Info:toast@toast-new:Simulation not generated] Magnitude 5.45 of event bmg2025mhwd is smaller than triggerMinMagnitude: no automatic simulation
2025/06/25 08:37:31.457766 [Incident:Info:toast@toast-new:Origin updated] Origin updated: OT: 2025-06-25 01:33:32,  Lat/Lon: 9.52497°/94.2079°, Depth: 10
2025/06/25 08:37:31.458314 [Incident:Info:toast@toast-new:Magnitude updated] Magnitude updated: 5.45 (M)
2025/06/25 08:37:31.458639 [Simulation:Info:toast@toast-new:Simulation not generated] Magnitude 5.45 of event bmg2025mhwd is smaller than triggerMinMagnitude: no automatic simulation
2025/06/25 08:37:34.260212 [Incident:Info:toast@toast-new:Origin updated] Origin updated: OT: 2025-06-25 01:33:32,  Lat/Lon: 9.52497°/94.2079°, Depth: 10
2025/06/25 08:37:34.260955 [Incident:Info:toast@toast-new:Magnitude updated] Magnitude updated: 5.45 (M)
2025/06/25 08:37:34.261356 [Simulation:Info:toast@toast-new:Simulation not generated] Magnitude 5.45 of event bmg2025mhwd is smaller than triggerMinMagnitude: no automatic simulation
2025/06/25 08:37:44.268590 [Incident:Info:toast@toast-new:Origin updated] Origin updated: OT: 2025-06-25 01:33:32,  Lat/Lon: 9.52497°/94.2079°, Depth: 10
2025/06/25 08:37:44.269182 [Incident:Info:toast@toast-new:Magnitude updated] Magnitude updated: 5.46 (M)
2025/06/25 08:37:44.269493 [Simulation:Info:toast@toast-new:Simulation not generated] Magnitude 5.46 of event bmg2025mhwd is smaller than triggerMinMagnitude: no automatic simulation
2025/06/25 08:37:49.165680 [Incident:Info:toast@toast-new:Origin updated] Origin updated: OT: 2025-06-25 01:33:32,  Lat/Lon: 9.52497°/94.2079°, Depth: 10
2025/06/25 08:37:49.166316 [Incident:Info:toast@toast-new:Magnitude updated] Magnitude updated: 5.46 (M)
2025/06/25 08:37:49.166683 [Simulation:Info:toast@toast-new:Simulation not generated] Magnitude 5.46 of event bmg2025mhwd is smaller than triggerMinMagnitude: no automatic simulation
2025/06/25 08:37:54.302278 [Incident:Info:toast@toast-new:Origin updated] Origin updated: OT: 2025-06-25 01:33:32,  Lat/Lon: 9.52497°/94.2079°, Depth: 10
2025/06/25 08:37:54.302953 [Incident:Info:toast@toast-new:Magnitude updated] Magnitude updated: 5.46 (M)
2025/06/25 08:37:54.303328 [Simulation:Info:toast@toast-new:Simulation not generated] Magnitude 5.46 of event bmg2025mhwd is smaller than triggerMinMagnitude: no automatic simulation
2025/06/25 08:37:59.255852 [Incident:Info:toast@toast-new:Origin updated] Origin updated: OT: 2025-06-25 01:33:32,  Lat/Lon: 9.52497°/94.2079°, Depth: 10
2025/06/25 08:37:59.256466 [Incident:Info:toast@toast-new:Magnitude updated] Magnitude updated: 5.46 (M)
2025/06/25 08:37:59.256755 [Simulation:Info:toast@toast-new:Simulation not generated] Magnitude 5.46 of event bmg2025mhwd is smaller than triggerMinMagnitude: no automatic simulation
2025/06/25 08:38:03.350052 [Incident:Info:toast@toast-new:Origin updated] Origin updated: OT: 2025-06-25 01:33:32,  Lat/Lon: 9.52497°/94.2079°, Depth: 10
2025/06/25 08:38:03.350714 [Incident:Info:toast@toast-new:Magnitude updated] Magnitude updated: 5.47 (M)
2025/06/25 08:38:03.351101 [Simulation:Info:toast@toast-new:Simulation not generated] Magnitude 5.47 of event bmg2025mhwd is smaller than triggerMinMagnitude: no automatic simulation
2025/06/25 08:38:07.492210 [Incident:Info:toast@toast-new:Origin updated] Origin updated: OT: 2025-06-25 01:33:36,  Lat/Lon: 9.41909°/94.3735°, Depth: 90.0082
2025/06/25 08:38:07.492964 [Incident:Info:toast@toast-new:Magnitude updated] Magnitude updated: 5.52 (mb)
2025/06/25 08:38:07.493408 [Simulation:Info:toast@toast-new:Simulation not generated] Magnitude 5.52 of event bmg2025mhwd is smaller than triggerMinMagnitude: no automatic simulation
2025/06/25 08:38:07.566930 [Incident:Info:toast@toast-new:Origin updated] Origin updated: OT: 2025-06-25 01:33:36,  Lat/Lon: 9.41909°/94.3735°, Depth: 90.0082
2025/06/25 08:38:07.567365 [Incident:Info:toast@toast-new:Magnitude updated] Magnitude updated: 5.35 (M)
2025/06/25 08:38:07.567585 [Simulation:Info:toast@toast-new:Simulation not generated] Magnitude 5.35 of event bmg2025mhwd is smaller than triggerMinMagnitude: no automatic simulation
2025/06/25 08:38:59.155034 [Incident:Info:toast@toast-new:Origin updated] Origin updated: OT: 2025-06-25 01:33:36,  Lat/Lon: 9.42818°/94.3563°, Depth: 90.5724
2025/06/25 08:38:59.155791 [Incident:Info:toast@toast-new:Magnitude updated] Magnitude updated: 5.46 (mb)
2025/06/25 08:38:59.156193 [Simulation:Info:toast@toast-new:Simulation not generated] Magnitude 5.46 of event bmg2025mhwd is smaller than triggerMinMagnitude: no automatic simulation
2025/06/25 08:38:59.178375 [Incident:Info:toast@toast-new:Origin updated] Origin updated: OT: 2025-06-25 01:33:36,  Lat/Lon: 9.42818°/94.3563°, Depth: 90.5724
2025/06/25 08:38:59.179188 [Incident:Info:toast@toast-new:Magnitude updated] Magnitude updated: 5.34 (M)
2025/06/25 08:38:59.179758 [Simulation:Info:toast@toast-new:Simulation not generated] Magnitude 5.34 of event bmg2025mhwd is smaller than triggerMinMagnitude: no automatic simulation
2025/06/25 08:39:03.996768 [Incident:Info:toast@toast-new:Origin updated] Origin updated: OT: 2025-06-25 01:33:36,  Lat/Lon: 9.42818°/94.3563°, Depth: 90.5724
2025/06/25 08:39:03.997475 [Incident:Info:toast@toast-new:FM updated] FM updated
2025/06/25 08:39:03.998064 [Simulation:Info:toast@toast-new:Simulation not generated] Magnitude 5.34 of event bmg2025mhwd is smaller than triggerMinMagnitude: no automatic simulation
2025/06/25 08:39:14.135583 [Incident:Info:toast@toast-new:Origin updated] Origin updated: OT: 2025-06-25 01:33:36,  Lat/Lon: 9.42818°/94.3563°, Depth: 90.5724
2025/06/25 08:39:14.136169 [Incident:Info:toast@toast-new:FM updated] FM updated
2025/06/25 08:39:14.136674 [Simulation:Info:toast@toast-new:Simulation not generated] Magnitude 5.34 of event bmg2025mhwd is smaller than triggerMinMagnitude: no automatic simulation
2025/06/25 08:39:24.030889 [Incident:Info:toast@toast-new:Origin updated] Origin updated: OT: 2025-06-25 01:33:36,  Lat/Lon: 9.42818°/94.3563°, Depth: 90.5724
2025/06/25 08:39:24.031652 [Incident:Info:toast@toast-new:FM updated] FM updated
2025/06/25 08:39:24.032340 [Simulation:Info:toast@toast-new:Simulation not generated] Magnitude 5.34 of event bmg2025mhwd is smaller than triggerMinMagnitude: no automatic simulation
2025/06/25 08:39:34.262494 [Incident:Info:toast@toast-new:Origin updated] Origin updated: OT: 2025-06-25 01:33:36,  Lat/Lon: 9.42818°/94.3563°, Depth: 90.5724
2025/06/25 08:39:34.263571 [Incident:Info:toast@toast-new:FM updated] FM updated
2025/06/25 08:39:34.264698 [Simulation:Info:toast@toast-new:Simulation not generated] Magnitude 5.34 of event bmg2025mhwd is smaller than triggerMinMagnitude: no automatic simulation
2025/06/25 08:39:44.200979 [Incident:Info:toast@toast-new:Origin updated] Origin updated: OT: 2025-06-25 01:33:36,  Lat/Lon: 9.42818°/94.3563°, Depth: 90.5724
2025/06/25 08:39:44.201744 [Incident:Info:toast@toast-new:FM updated] FM updated
2025/06/25 08:39:44.202411 [Simulation:Info:toast@toast-new:Simulation not generated] Magnitude 5.34 of event bmg2025mhwd is smaller than triggerMinMagnitude: no automatic simulation
2025/06/25 08:39:54.236332 [Incident:Info:toast@toast-new:Origin updated] Origin updated: OT: 2025-06-25 01:33:36,  Lat/Lon: 9.42818°/94.3563°, Depth: 90.5724
2025/06/25 08:39:54.237101 [Incident:Info:toast@toast-new:FM updated] FM updated
2025/06/25 08:39:54.237757 [Simulation:Info:toast@toast-new:Simulation not generated] Magnitude 5.34 of event bmg2025mhwd is smaller than triggerMinMagnitude: no automatic simulation
2025/06/25 08:40:04.263029 [Incident:Info:toast@toast-new:Origin updated] Origin updated: OT: 2025-06-25 01:33:36,  Lat/Lon: 9.42818°/94.3563°, Depth: 90.5724
2025/06/25 08:40:04.263889 [Incident:Info:toast@toast-new:FM updated] FM updated
2025/06/25 08:40:04.264599 [Simulation:Info:toast@toast-new:Simulation not generated] Magnitude 5.34 of event bmg2025mhwd is smaller than triggerMinMagnitude: no automatic simulation
2025/06/25 08:40:14.294011 [Incident:Info:toast@toast-new:Origin updated] Origin updated: OT: 2025-06-25 01:33:36,  Lat/Lon: 9.42818°/94.3563°, Depth: 90.5724
2025/06/25 08:40:14.295082 [Simulation:Info:toast@toast-new:Simulation not generated] Magnitude 5.34 of event bmg2025mhwd is smaller than triggerMinMagnitude: no automatic simulation
2025/06/25 08:40:34.483642 [Incident:Info:toast@toast-new:Origin updated] Origin updated: OT: 2025-06-25 01:33:36,  Lat/Lon: 9.42818°/94.3563°, Depth: 90.5724
2025/06/25 08:40:34.484496 [Incident:Info:toast@toast-new:FM updated] FM updated
2025/06/25 08:40:34.485139 [Simulation:Info:toast@toast-new:Simulation not generated] Magnitude 5.34 of event bmg2025mhwd is smaller than triggerMinMagnitude: no automatic simulation
2025/06/25 08:40:44.714592 [Incident:Info:toast@toast-new:Origin updated] Origin updated: OT: 2025-06-25 01:33:36,  Lat/Lon: 9.42818°/94.3563°, Depth: 90.5724
2025/06/25 08:40:44.715464 [Incident:Info:toast@toast-new:FM updated] FM updated
2025/06/25 08:40:44.716254 [Simulation:Info:toast@toast-new:Simulation not generated] Magnitude 5.34 of event bmg2025mhwd is smaller than triggerMinMagnitude: no automatic simulation
2025/06/25 08:40:54.465044 [Incident:Info:toast@toast-new:Origin updated] Origin updated: OT: 2025-06-25 01:33:36,  Lat/Lon: 9.42818°/94.3563°, Depth: 90.5724
2025/06/25 08:40:54.466005 [Incident:Info:toast@toast-new:FM updated] FM updated
2025/06/25 08:40:54.466768 [Simulation:Info:toast@toast-new:Simulation not generated] Magnitude 5.34 of event bmg2025mhwd is smaller than triggerMinMagnitude: no automatic simulation
2025/06/25 08:41:24.557594 [Incident:Info:toast@toast-new:Origin updated] Origin updated: OT: 2025-06-25 01:33:36,  Lat/Lon: 9.42818°/94.3563°, Depth: 90.5724
2025/06/25 08:41:24.558416 [Incident:Info:toast@toast-new:FM updated] FM updated
2025/06/25 08:41:24.559052 [Simulation:Info:toast@toast-new:Simulation not generated] Magnitude 5.34 of event bmg2025mhwd is smaller than triggerMinMagnitude: no automatic simulation
2025/06/25 08:41:44.597729 [Incident:Info:toast@toast-new:Origin updated] Origin updated: OT: 2025-06-25 01:33:36,  Lat/Lon: 9.42818°/94.3563°, Depth: 90.5724
2025/06/25 08:41:44.598577 [Incident:Info:toast@toast-new:FM updated] FM updated
2025/06/25 08:41:44.599272 [Simulation:Info:toast@toast-new:Simulation not generated] Magnitude 5.34 of event bmg2025mhwd is smaller than triggerMinMagnitude: no automatic simulation
2025/06/25 08:41:54.848609 [Incident:Info:toast@toast-new:Origin updated] Origin updated: OT: 2025-06-25 01:33:36,  Lat/Lon: 9.42818°/94.3563°, Depth: 90.5724
2025/06/25 08:41:54.849561 [Incident:Info:toast@toast-new:FM updated] FM updated
2025/06/25 08:41:54.850284 [Simulation:Info:toast@toast-new:Simulation not generated] Magnitude 5.34 of event bmg2025mhwd is smaller than triggerMinMagnitude: no automatic simulation
2025/06/25 08:42:14.941513 [Incident:Info:toast@toast-new:Origin updated] Origin updated: OT: 2025-06-25 01:33:36,  Lat/Lon: 9.42818°/94.3563°, Depth: 90.5724
2025/06/25 08:42:14.942430 [Incident:Info:toast@toast-new:FM updated] FM updated
2025/06/25 08:42:14.943201 [Simulation:Info:toast@toast-new:Simulation not generated] Magnitude 5.34 of event bmg2025mhwd is smaller than triggerMinMagnitude: no automatic simulation
2025/06/25 08:42:24.879119 [Incident:Info:toast@toast-new:Origin updated] Origin updated: OT: 2025-06-25 01:33:36,  Lat/Lon: 9.42818°/94.3563°, Depth: 90.5724
2025/06/25 08:42:24.880080 [Incident:Info:toast@toast-new:FM updated] FM updated
2025/06/25 08:42:24.880810 [Simulation:Info:toast@toast-new:Simulation not generated] Magnitude 5.34 of event bmg2025mhwd is smaller than triggerMinMagnitude: no automatic simulation
2025/06/25 08:42:34.836036 [Incident:Info:toast@toast-new:Origin updated] Origin updated: OT: 2025-06-25 01:33:36,  Lat/Lon: 9.42818°/94.3563°, Depth: 90.5724
2025/06/25 08:42:34.836953 [Simulation:Info:toast@toast-new:Simulation not generated] Magnitude 5.34 of event bmg2025mhwd is smaller than triggerMinMagnitude: no automatic simulation
2025/06/25 08:43:04.956503 [Incident:Info:toast@toast-new:Origin updated] Origin updated: OT: 2025-06-25 01:33:36,  Lat/Lon: 9.42818°/94.3563°, Depth: 90.5724
2025/06/25 08:43:04.957437 [Incident:Info:toast@toast-new:FM updated] FM updated
2025/06/25 08:43:04.958209 [Simulation:Info:toast@toast-new:Simulation not generated] Magnitude 5.34 of event bmg2025mhwd is smaller than triggerMinMagnitude: no automatic simulation
2025/06/25 08:44:04.957982 [Incident:Info:toast@toast-new:Origin updated] Origin updated: OT: 2025-06-25 01:33:36,  Lat/Lon: 9.42818°/94.3563°, Depth: 90.5724
2025/06/25 08:44:04.958934 [Simulation:Info:toast@toast-new:Simulation not generated] Magnitude 5.34 of event bmg2025mhwd is smaller than triggerMinMagnitude: no automatic simulation
2025/06/25 08:44:14.945004 [Incident:Info:toast@toast-new:Origin updated] Origin updated: OT: 2025-06-25 01:33:36,  Lat/Lon: 9.42818°/94.3563°, Depth: 90.5724
2025/06/25 08:44:14.946218 [Simulation:Info:toast@toast-new:Simulation not generated] Magnitude 5.34 of event bmg2025mhwd is smaller than triggerMinMagnitude: no automatic simulation
2025/06/25 08:44:44.919541 [Incident:Info:toast@toast-new:Origin updated] Origin updated: OT: 2025-06-25 01:33:36,  Lat/Lon: 9.42818°/94.3563°, Depth: 90.5724
2025/06/25 08:44:44.920550 [Incident:Info:toast@toast-new:FM updated] FM updated
2025/06/25 08:44:44.921345 [Simulation:Info:toast@toast-new:Simulation not generated] Magnitude 5.34 of event bmg2025mhwd is smaller than triggerMinMagnitude: no automatic simulation
2025/06/25 08:44:55.113915 [Incident:Info:toast@toast-new:Origin updated] Origin updated: OT: 2025-06-25 01:33:36,  Lat/Lon: 9.42818°/94.3563°, Depth: 90.5724
2025/06/25 08:44:55.114800 [Incident:Info:toast@toast-new:FM updated] FM updated
2025/06/25 08:44:55.115499 [Simulation:Info:toast@toast-new:Simulation not generated] Magnitude 5.34 of event bmg2025mhwd is smaller than triggerMinMagnitude: no automatic simulation
2025/06/25 08:45:25.233192 [Incident:Info:toast@toast-new:Origin updated] Origin updated: OT: 2025-06-25 01:33:36,  Lat/Lon: 9.42818°/94.3563°, Depth: 90.5724
2025/06/25 08:45:25.234155 [Incident:Info:toast@toast-new:FM updated] FM updated
2025/06/25 08:45:25.235001 [Simulation:Info:toast@toast-new:Simulation not generated] Magnitude 5.34 of event bmg2025mhwd is smaller than triggerMinMagnitude: no automatic simulation
2025/06/25 08:45:35.020576 [Incident:Info:toast@toast-new:Origin updated] Origin updated: OT: 2025-06-25 01:33:36,  Lat/Lon: 9.42818°/94.3563°, Depth: 90.5724
2025/06/25 08:45:35.021473 [Incident:Info:toast@toast-new:FM updated] FM updated
2025/06/25 08:45:35.022227 [Simulation:Info:toast@toast-new:Simulation not generated] Magnitude 5.34 of event bmg2025mhwd is smaller than triggerMinMagnitude: no automatic simulation
2025/06/25 08:45:55.043839 [Incident:Info:toast@toast-new:Origin updated] Origin updated: OT: 2025-06-25 01:33:36,  Lat/Lon: 9.42818°/94.3563°, Depth: 90.5724
2025/06/25 08:45:55.044750 [Simulation:Info:toast@toast-new:Simulation not generated] Magnitude 5.34 of event bmg2025mhwd is smaller than triggerMinMagnitude: no automatic simulation
2025/06/25 08:46:04.978463 [Incident:Info:toast@toast-new:Origin updated] Origin updated: OT: 2025-06-25 01:33:36,  Lat/Lon: 9.42818°/94.3563°, Depth: 90.5724
2025/06/25 08:46:04.979987 [Incident:Info:toast@toast-new:FM updated] FM updated
2025/06/25 08:46:04.981216 [Simulation:Info:toast@toast-new:Simulation not generated] Magnitude 5.34 of event bmg2025mhwd is smaller than triggerMinMagnitude: no automatic simulation
2025/06/25 08:46:15.058040 [Incident:Info:toast@toast-new:Origin updated] Origin updated: OT: 2025-06-25 01:33:36,  Lat/Lon: 9.42818°/94.3563°, Depth: 90.5724
2025/06/25 08:46:15.059092 [Simulation:Info:toast@toast-new:Simulation not generated] Magnitude 5.34 of event bmg2025mhwd is smaller than triggerMinMagnitude: no automatic simulation
2025/06/25 08:46:35.092010 [Incident:Info:toast@toast-new:Origin updated] Origin updated: OT: 2025-06-25 01:33:36,  Lat/Lon: 9.42818°/94.3563°, Depth: 90.5724
2025/06/25 08:46:35.093176 [Simulation:Info:toast@toast-new:Simulation not generated] Magnitude 5.34 of event bmg2025mhwd is smaller than triggerMinMagnitude: no automatic simulation
2025/06/25 08:46:45.270706 [Incident:Info:toast@toast-new:Origin updated] Origin updated: OT: 2025-06-25 01:33:36,  Lat/Lon: 9.42818°/94.3563°, Depth: 90.5724
2025/06/25 08:46:45.271660 [Incident:Info:toast@toast-new:FM updated] FM updated
2025/06/25 08:46:45.272474 [Simulation:Info:toast@toast-new:Simulation not generated] Magnitude 5.34 of event bmg2025mhwd is smaller than triggerMinMagnitude: no automatic simulation
2025/06/25 08:46:55.209490 [Incident:Info:toast@toast-new:Origin updated] Origin updated: OT: 2025-06-25 01:33:36,  Lat/Lon: 9.42818°/94.3563°, Depth: 90.5724
2025/06/25 08:46:55.210473 [Simulation:Info:toast@toast-new:Simulation not generated] Magnitude 5.34 of event bmg2025mhwd is smaller than triggerMinMagnitude: no automatic simulation
2025/06/25 08:47:05.573334 [Incident:Info:toast@toast-new:Origin updated] Origin updated: OT: 2025-06-25 01:33:36,  Lat/Lon: 9.42818°/94.3563°, Depth: 90.5724
2025/06/25 08:47:05.574276 [Incident:Info:toast@toast-new:FM updated] FM updated
2025/06/25 08:47:05.575000 [Simulation:Info:toast@toast-new:Simulation not generated] Magnitude 5.34 of event bmg2025mhwd is smaller than triggerMinMagnitude: no automatic simulation
2025/06/25 08:47:15.487691 [Incident:Info:toast@toast-new:Origin updated] Origin updated: OT: 2025-06-25 01:33:36,  Lat/Lon: 9.42818°/94.3563°, Depth: 90.5724
2025/06/25 08:47:15.488787 [Simulation:Info:toast@toast-new:Simulation not generated] Magnitude 5.34 of event bmg2025mhwd is smaller than triggerMinMagnitude: no automatic simulation
2025/06/25 08:47:25.531268 [Incident:Info:toast@toast-new:Origin updated] Origin updated: OT: 2025-06-25 01:33:36,  Lat/Lon: 9.42818°/94.3563°, Depth: 90.5724
2025/06/25 08:47:25.532354 [Simulation:Info:toast@toast-new:Simulation not generated] Magnitude 5.34 of event bmg2025mhwd is smaller than triggerMinMagnitude: no automatic simulation
2025/06/25 08:47:35.391790 [Incident:Info:toast@toast-new:Origin updated] Origin updated: OT: 2025-06-25 01:33:36,  Lat/Lon: 9.42818°/94.3563°, Depth: 90.5724
2025/06/25 08:47:35.392866 [Incident:Info:toast@toast-new:FM updated] FM updated
2025/06/25 08:47:35.393712 [Simulation:Info:toast@toast-new:Simulation not generated] Magnitude 5.34 of event bmg2025mhwd is smaller than triggerMinMagnitude: no automatic simulation
2025/06/25 08:47:45.474825 [Incident:Info:toast@toast-new:Origin updated] Origin updated: OT: 2025-06-25 01:33:36,  Lat/Lon: 9.42818°/94.3563°, Depth: 90.5724
2025/06/25 08:47:45.475919 [Simulation:Info:toast@toast-new:Simulation not generated] Magnitude 5.34 of event bmg2025mhwd is smaller than triggerMinMagnitude: no automatic simulation
2025/06/25 08:47:55.517379 [Incident:Info:toast@toast-new:Origin updated] Origin updated: OT: 2025-06-25 01:33:36,  Lat/Lon: 9.42818°/94.3563°, Depth: 90.5724
2025/06/25 08:47:55.518581 [Simulation:Info:toast@toast-new:Simulation not generated] Magnitude 5.34 of event bmg2025mhwd is smaller than triggerMinMagnitude: no automatic simulation
2025/06/25 09:15:34.198521 [Incident:Info:toast@toast-new:Origin updated] Origin updated: OT: 2025-06-25 01:33:36,  Lat/Lon: 9.42818°/94.3563°, Depth: 90.5724
2025/06/25 09:15:34.199826 [Incident:Info:toast@toast-new:FM updated] FM updated
2025/06/25 09:15:34.200771 [Simulation:Info:toast@toast-new:Simulation not generated] Magnitude 5.34 of event bmg2025mhwd is smaller than triggerMinMagnitude: no automatic simulation
2025/06/25 19:10:06.945342 [Incident:Info:toast@toast-new:Origin updated] Origin updated: OT: 2025-06-25 01:33:36,  Lat/Lon: 9.4216°/94.3753°, Depth: 83.3703
2025/06/25 19:10:06.947118 [Incident:Info:toast@toast-new:Magnitude updated] Magnitude updated: 5.45 (mb)
2025/06/25 19:10:06.947201 [Simulation:Info:toast@toast-new:Simulation not generated] Magnitude 5.45 of event bmg2025mhwd is smaller than triggerMinMagnitude: no automatic simulation
2025/06/25 19:10:06.962678 [Incident:Info:toast@toast-new:Origin updated] Origin updated: OT: 2025-06-25 01:33:36,  Lat/Lon: 9.4216°/94.3753°, Depth: 83.3703
2025/06/25 19:10:06.962809 [Incident:Info:toast@toast-new:Magnitude updated] Magnitude updated: 5.31 (M)
2025/06/25 19:10:06.962866 [Simulation:Info:toast@toast-new:Simulation not generated] Magnitude 5.31 of event bmg2025mhwd is smaller than triggerMinMagnitude: no automatic simulation
2025/06/25 19:10:09.038009 [Incident:Info:toast@toast-new:Origin updated] Origin updated: OT: 2025-06-25 01:33:36,  Lat/Lon: 9.4216°/94.3753°, Depth: 83.3703
2025/06/25 19:10:09.038203 [Simulation:Info:toast@toast-new:Simulation not generated] Magnitude 5.31 of event bmg2025mhwd is smaller than triggerMinMagnitude: no automatic simulation
2025/06/25 19:10:18.617640 [Incident:Info:toast@toast-new:Origin updated] Origin updated: OT: 2025-06-25 01:33:36,  Lat/Lon: 9.4216°/94.3753°, Depth: 83.3703
2025/06/25 19:10:18.617832 [Simulation:Info:toast@toast-new:Simulation not generated] Magnitude 5.31 of event bmg2025mhwd is smaller than triggerMinMagnitude: no automatic simulation
2025/06/25 19:10:18.637613 [Incident:Info:toast@toast-new:Origin updated] Origin updated: OT: 2025-06-25 01:33:36,  Lat/Lon: 9.4216°/94.3753°, Depth: 83.3703
2025/06/25 19:10:18.637739 [Incident:Info:toast@toast-new:Magnitude updated] Magnitude updated: 5.29 (Mw(mB))
2025/06/25 19:10:18.637765 [Simulation:Info:toast@toast-new:Simulation not generated] Magnitude 5.29 of event bmg2025mhwd is smaller than triggerMinMagnitude: no automatic simulation
2025/06/26 11:19:40.358218 [Incident:Info:toast@toast-new:Incident removed] Removed incident - Bye
