2025/01/13 09:35:26.619707 [Incident:Info:toast@toast-new:Displacement(s) updated] Added 0 and changed 0 displacements with 0 amplitudes
2025/01/13 09:35:26.647259 [Incident:Info:toast@toast-new:Incident created] Incident created based on event received from messaging: OT: 2025-01-13 02:20:56,  Lat/Lon: -2.35°/-79.85°, Depth: 105.11, Mag: 5.04 (M)
2025/01/13 09:35:26.647592 [Simulation:Info:toast@toast-new:Simulation not generated] Magnitude 5.04 of event bmg2025awcr is smaller than triggerMinMagnitude: no automatic simulation
2025/01/13 09:35:26.990099 [Incident:Info:toast@toast-new:Origin updated] Origin updated: OT: 2025-01-13 02:20:56,  Lat/Lon: -2.35039°/-79.8466°, Depth: 105.111
2025/01/13 09:35:26.990290 [Simulation:Info:toast@toast-new:Simulation not generated] Magnitude 5.04 of event bmg2025awcr is smaller than triggerMinMagnitude: no automatic simulation
2025/01/13 09:35:39.696549 [Incident:Info:toast@toast-new:Origin updated] Origin updated: OT: 2025-01-13 02:20:56,  Lat/Lon: -2.32081°/-79.8028°, Depth: 100.191
2025/01/13 09:35:39.696914 [Incident:Info:toast@toast-new:Magnitude updated] Magnitude updated: 5.07 (M)
2025/01/13 09:35:39.697072 [Simulation:Info:toast@toast-new:Simulation not generated] Magnitude 5.07 of event bmg2025awcr is smaller than triggerMinMagnitude: no automatic simulation
2025/01/13 09:40:52.482540 [Incident:Info:toast@toast-new:Origin updated] Origin updated: OT: 2025-01-13 02:20:56,  Lat/Lon: -2.32081°/-79.8028°, Depth: 100.191
2025/01/13 09:40:52.482999 [Simulation:Info:toast@toast-new:Simulation not generated] Magnitude 5.07 of event bmg2025awcr is smaller than triggerMinMagnitude: no automatic simulation
2025/01/13 12:07:46.235937 [Incident:Info:toast@toast-new:Origin updated] Origin updated: OT: 2025-01-13 02:20:56,  Lat/Lon: -2.32081°/-79.8028°, Depth: 100.191
2025/01/13 12:07:46.236218 [Simulation:Info:toast@toast-new:Simulation not generated] Magnitude 5.07 of event bmg2025awcr is smaller than triggerMinMagnitude: no automatic simulation
2025/01/13 23:31:47.635418 [Incident:Info:toast@toast-new:Origin updated] Origin updated: OT: 2025-01-13 02:20:53,  Lat/Lon: -2.29624°/-79.6999°, Depth: 73.9334
2025/01/13 23:31:47.635790 [Incident:Info:toast@toast-new:Magnitude updated] Magnitude updated: 5.31 (mb)
2025/01/13 23:31:47.635919 [Simulation:Info:toast@toast-new:Simulation not generated] Magnitude 5.31 of event bmg2025awcr is smaller than triggerMinMagnitude: no automatic simulation
2025/01/13 23:31:47.647673 [Incident:Info:toast@toast-new:Origin updated] Origin updated: OT: 2025-01-13 02:20:53,  Lat/Lon: -2.29624°/-79.6999°, Depth: 73.9334
2025/01/13 23:31:47.647967 [Incident:Info:toast@toast-new:Magnitude updated] Magnitude updated: 5.12 (M)
2025/01/13 23:31:47.648091 [Simulation:Info:toast@toast-new:Simulation not generated] Magnitude 5.12 of event bmg2025awcr is smaller than triggerMinMagnitude: no automatic simulation
2025/01/13 23:32:08.062413 [Incident:Info:toast@toast-new:Origin updated] Origin updated: OT: 2025-01-13 02:20:53,  Lat/Lon: -2.29624°/-79.6999°, Depth: 73.9334
2025/01/13 23:32:08.062825 [Simulation:Info:toast@toast-new:Simulation not generated] Magnitude 5.12 of event bmg2025awcr is smaller than triggerMinMagnitude: no automatic simulation
2025/01/15 06:56:46.892365 [Incident:Info:toast@toast-new:Origin updated] Origin updated: OT: 2025-01-13 02:20:53,  Lat/Lon: -2.29624°/-79.6999°, Depth: 73.9334
2025/01/15 06:56:46.892779 [Incident:Info:toast@toast-new:Magnitude updated] Magnitude updated: 5.31 (mb)
2025/01/15 06:56:46.892932 [Simulation:Info:toast@toast-new:Simulation not generated] Magnitude 5.31 of event bmg2025awcr is smaller than triggerMinMagnitude: no automatic simulation
