2025/08/30 20:36:53.048223 [Incident:Info:toast@toast-new:Displacement(s) updated] Added 0 and changed 0 displacements with 0 amplitudes
2025/08/30 20:36:53.049000 [Incident:Info:toast@toast-new:Incident created] Incident created based on event received from messaging: OT: 2025-08-30 13:35:34,  Lat/Lon: -4.95°/103.03°, Depth: 27.35, Mag: 5.03 (M)
2025/08/30 20:36:53.049611 [Simulation:Info:toast@toast-new:Simulation not generated] Magnitude 5.03 of event bmg2025qzjd is smaller than triggerMinMagnitude: no automatic simulation
2025/08/30 20:36:53.068052 [Incident:Info:toast@toast-new:Origin updated] Origin updated: OT: 2025-08-30 13:35:34,  Lat/Lon: -4.95398°/103.027°, Depth: 27.3506
2025/08/30 20:36:53.068204 [Simulation:Info:toast@toast-new:Simulation not generated] Magnitude 5.03 of event bmg2025qzjd is smaller than triggerMinMagnitude: no automatic simulation
2025/08/30 20:36:58.608567 [Incident:Info:toast@toast-new:Origin updated] Origin updated: OT: 2025-08-30 13:35:34,  Lat/Lon: -4.95398°/103.027°, Depth: 27.3506
2025/08/30 20:36:58.608785 [Incident:Info:toast@toast-new:Magnitude updated] Magnitude updated: 5.03 (M)
2025/08/30 20:36:58.608828 [Simulation:Info:toast@toast-new:Simulation not generated] Magnitude 5.03 of event bmg2025qzjd is smaller than triggerMinMagnitude: no automatic simulation
2025/08/30 20:37:03.049162 [Incident:Info:toast@toast-new:Origin updated] Origin updated: OT: 2025-08-30 13:35:34,  Lat/Lon: -4.95398°/103.027°, Depth: 27.3506
2025/08/30 20:37:03.049328 [Incident:Info:toast@toast-new:Magnitude updated] Magnitude updated: 5.04 (M)
2025/08/30 20:37:03.049367 [Simulation:Info:toast@toast-new:Simulation not generated] Magnitude 5.04 of event bmg2025qzjd is smaller than triggerMinMagnitude: no automatic simulation
2025/08/30 20:37:23.680503 [Incident:Info:toast@toast-new:Origin updated] Origin updated: OT: 2025-08-30 13:35:34,  Lat/Lon: -4.9408°/103.016°, Depth: 21.9955
2025/08/30 20:37:23.680741 [Incident:Info:toast@toast-new:Magnitude updated] Magnitude updated: 5.01 (M)
2025/08/30 20:37:23.680785 [Simulation:Info:toast@toast-new:Simulation not generated] Magnitude 5.01 of event bmg2025qzjd is smaller than triggerMinMagnitude: no automatic simulation
2025/08/30 20:37:28.660356 [Incident:Info:toast@toast-new:Origin updated] Origin updated: OT: 2025-08-30 13:35:34,  Lat/Lon: -4.9408°/103.016°, Depth: 21.9955
2025/08/30 20:37:28.660567 [Incident:Info:toast@toast-new:Magnitude updated] Magnitude updated: 5.04 (M)
2025/08/30 20:37:28.660609 [Simulation:Info:toast@toast-new:Simulation not generated] Magnitude 5.04 of event bmg2025qzjd is smaller than triggerMinMagnitude: no automatic simulation
2025/08/30 20:37:33.651436 [Incident:Info:toast@toast-new:Origin updated] Origin updated: OT: 2025-08-30 13:35:34,  Lat/Lon: -4.9408°/103.016°, Depth: 21.9955
2025/08/30 20:37:33.651676 [Incident:Info:toast@toast-new:Magnitude updated] Magnitude updated: 5.05 (M)
2025/08/30 20:37:33.651717 [Simulation:Info:toast@toast-new:Simulation not generated] Magnitude 5.05 of event bmg2025qzjd is smaller than triggerMinMagnitude: no automatic simulation
2025/08/30 20:37:38.354619 [Incident:Info:toast@toast-new:Origin updated] Origin updated: OT: 2025-08-30 13:35:34,  Lat/Lon: -4.9408°/103.016°, Depth: 21.9955
2025/08/30 20:37:38.354816 [Incident:Info:toast@toast-new:Magnitude updated] Magnitude updated: 5.06 (M)
2025/08/30 20:37:38.354860 [Simulation:Info:toast@toast-new:Simulation not generated] Magnitude 5.06 of event bmg2025qzjd is smaller than triggerMinMagnitude: no automatic simulation
2025/08/30 20:37:43.712275 [Incident:Info:toast@toast-new:Origin updated] Origin updated: OT: 2025-08-30 13:35:33,  Lat/Lon: -4.92783°/103.013°, Depth: 10
2025/08/30 20:37:43.712474 [Incident:Info:toast@toast-new:Magnitude updated] Magnitude updated: 5.02 (M)
2025/08/30 20:37:43.712506 [Simulation:Info:toast@toast-new:Simulation not generated] Magnitude 5.02 of event bmg2025qzjd is smaller than triggerMinMagnitude: no automatic simulation
2025/08/30 20:37:48.725841 [Incident:Info:toast@toast-new:Origin updated] Origin updated: OT: 2025-08-30 13:35:33,  Lat/Lon: -4.92783°/103.013°, Depth: 10
2025/08/30 20:37:48.726055 [Incident:Info:toast@toast-new:Magnitude updated] Magnitude updated: 5.02 (M)
2025/08/30 20:37:48.726094 [Simulation:Info:toast@toast-new:Simulation not generated] Magnitude 5.02 of event bmg2025qzjd is smaller than triggerMinMagnitude: no automatic simulation
2025/08/30 20:37:53.680204 [Incident:Info:toast@toast-new:Origin updated] Origin updated: OT: 2025-08-30 13:35:33,  Lat/Lon: -4.92783°/103.013°, Depth: 10
2025/08/30 20:37:53.680419 [Incident:Info:toast@toast-new:Magnitude updated] Magnitude updated: 5.03 (M)
2025/08/30 20:37:53.680460 [Simulation:Info:toast@toast-new:Simulation not generated] Magnitude 5.03 of event bmg2025qzjd is smaller than triggerMinMagnitude: no automatic simulation
2025/08/30 20:37:58.689032 [Incident:Info:toast@toast-new:Origin updated] Origin updated: OT: 2025-08-30 13:35:33,  Lat/Lon: -4.92783°/103.013°, Depth: 10
2025/08/30 20:37:58.689238 [Incident:Info:toast@toast-new:Magnitude updated] Magnitude updated: 5.06 (M)
2025/08/30 20:37:58.689284 [Simulation:Info:toast@toast-new:Simulation not generated] Magnitude 5.06 of event bmg2025qzjd is smaller than triggerMinMagnitude: no automatic simulation
2025/08/30 20:38:03.693399 [Incident:Info:toast@toast-new:Origin updated] Origin updated: OT: 2025-08-30 13:35:33,  Lat/Lon: -4.92783°/103.013°, Depth: 10
2025/08/30 20:38:03.693611 [Incident:Info:toast@toast-new:Magnitude updated] Magnitude updated: 5.04 (M)
2025/08/30 20:38:03.693658 [Simulation:Info:toast@toast-new:Simulation not generated] Magnitude 5.04 of event bmg2025qzjd is smaller than triggerMinMagnitude: no automatic simulation
2025/08/30 20:39:03.691600 [Incident:Info:toast@toast-new:Origin updated] Origin updated: OT: 2025-08-30 13:35:34,  Lat/Lon: -4.94246°/102.948°, Depth: 27.186
2025/08/30 20:39:03.691803 [Incident:Info:toast@toast-new:Magnitude updated] Magnitude updated: 5.02 (M)
2025/08/30 20:39:03.691844 [Simulation:Info:toast@toast-new:Simulation not generated] Magnitude 5.02 of event bmg2025qzjd is smaller than triggerMinMagnitude: no automatic simulation
2025/08/30 20:39:08.709067 [Incident:Info:toast@toast-new:Origin updated] Origin updated: OT: 2025-08-30 13:35:34,  Lat/Lon: -4.94246°/102.948°, Depth: 27.186
2025/08/30 20:39:08.709235 [Incident:Info:toast@toast-new:Magnitude updated] Magnitude updated: 5.02 (M)
2025/08/30 20:39:08.709280 [Simulation:Info:toast@toast-new:Simulation not generated] Magnitude 5.02 of event bmg2025qzjd is smaller than triggerMinMagnitude: no automatic simulation
2025/08/30 20:39:13.680219 [Incident:Info:toast@toast-new:Origin updated] Origin updated: OT: 2025-08-30 13:35:34,  Lat/Lon: -4.94246°/102.948°, Depth: 27.186
2025/08/30 20:39:13.680440 [Incident:Info:toast@toast-new:Magnitude updated] Magnitude updated: 5.02 (M)
2025/08/30 20:39:13.680480 [Simulation:Info:toast@toast-new:Simulation not generated] Magnitude 5.02 of event bmg2025qzjd is smaller than triggerMinMagnitude: no automatic simulation
2025/08/30 20:45:21.339366 [Incident:Info:toast@toast-new:Origin updated] Origin updated: OT: 2025-08-30 13:35:34,  Lat/Lon: -4.96513°/102.948°, Depth: 36.5753
2025/08/30 20:45:21.339577 [Incident:Info:toast@toast-new:Magnitude updated] Magnitude updated: 5.15 (MLv)
2025/08/30 20:45:21.339628 [Incident:Info:toast@toast-new:FM updated] FM updated
2025/08/30 20:45:21.339797 [Simulation:Info:toast@toast-new:Simulation not generated] Magnitude 5.15 of event bmg2025qzjd is smaller than triggerMinMagnitude: no automatic simulation
2025/08/30 20:45:21.391273 [Incident:Info:toast@toast-new:Origin updated] Origin updated: OT: 2025-08-30 13:35:34,  Lat/Lon: -4.96513°/102.948°, Depth: 36.5753
2025/08/30 20:45:21.391408 [Incident:Info:toast@toast-new:Magnitude updated] Magnitude updated: 5.01 (M)
2025/08/30 20:45:21.391443 [Simulation:Info:toast@toast-new:Simulation not generated] Magnitude 5.01 of event bmg2025qzjd is smaller than triggerMinMagnitude: no automatic simulation
2025/08/30 20:54:13.133116 [Incident:Info:toast@toast-new:Origin updated] Origin updated: OT: 2025-08-30 13:35:34,  Lat/Lon: -4.9431°/102.979°, Depth: 34.7611
2025/08/30 20:54:13.133335 [Incident:Info:toast@toast-new:Magnitude updated] Magnitude updated: 5.14 (MLv)
2025/08/30 20:54:13.133381 [Simulation:Info:toast@toast-new:Simulation not generated] Magnitude 5.14 of event bmg2025qzjd is smaller than triggerMinMagnitude: no automatic simulation
2025/08/30 20:54:13.188415 [Incident:Info:toast@toast-new:Origin updated] Origin updated: OT: 2025-08-30 13:35:34,  Lat/Lon: -4.9431°/102.979°, Depth: 34.7611
2025/08/30 20:54:13.188573 [Incident:Info:toast@toast-new:Magnitude updated] Magnitude updated: 5.01 (M)
2025/08/30 20:54:13.188617 [Simulation:Info:toast@toast-new:Simulation not generated] Magnitude 5.01 of event bmg2025qzjd is smaller than triggerMinMagnitude: no automatic simulation
2025/08/31 05:33:22.130866 [Incident:Info:toast@toast-new:Origin updated] Origin updated: OT: 2025-08-30 13:35:34,  Lat/Lon: -4.9431°/102.979°, Depth: 34.7611
2025/08/31 05:33:22.131143 [Incident:Info:toast@toast-new:FM updated] FM updated
2025/08/31 05:33:22.131448 [Simulation:Info:toast@toast-new:Simulation not generated] Magnitude 5.01 of event bmg2025qzjd is smaller than triggerMinMagnitude: no automatic simulation
