2025/04/10 15:29:32.329880 [Incident:Info:toast@toast-new:Displacement(s) updated] Added 0 and changed 0 displacements with 0 amplitudes
2025/04/10 15:29:32.369815 [Incident:Info:toast@toast-new:Incident created] Incident created based on event received from messaging: OT: 2025-04-10 08:20:56,  Lat/Lon: -6.36°/151.72°, Depth: 62.48, Mag: 5.11 (mb)
2025/04/10 15:29:32.370155 [Simulation:Info:toast@toast-new:Simulation not generated] Magnitude 5.11 of event bmg2025gzni is smaller than triggerMinMagnitude: no automatic simulation
2025/04/10 15:29:32.380770 [Incident:Info:toast@toast-new:Origin updated] Origin updated: OT: 2025-04-10 08:20:56,  Lat/Lon: -6.36412°/151.716°, Depth: 62.4772
2025/04/10 15:29:32.380872 [Simulation:Info:toast@toast-new:Simulation not generated] Magnitude 5.11 of event bmg2025gzni is smaller than triggerMinMagnitude: no automatic simulation
2025/04/10 15:33:51.460057 [Incident:Info:toast@toast-new:Origin updated] Origin updated: OT: 2025-04-10 08:20:57,  Lat/Lon: -6.21922°/151.459°, Depth: 57.8598
2025/04/10 15:33:51.460349 [Incident:Info:toast@toast-new:Magnitude updated] Magnitude updated: 5.18 (mb)
2025/04/10 15:33:51.460422 [Simulation:Info:toast@toast-new:Simulation not generated] Magnitude 5.18 of event bmg2025gzni is smaller than triggerMinMagnitude: no automatic simulation
2025/04/10 15:33:51.488335 [Incident:Info:toast@toast-new:Origin updated] Origin updated: OT: 2025-04-10 08:20:57,  Lat/Lon: -6.21922°/151.459°, Depth: 57.8598
2025/04/10 15:33:51.488456 [Incident:Info:toast@toast-new:Magnitude updated] Magnitude updated: 5.02 (M)
2025/04/10 15:33:51.488502 [Simulation:Info:toast@toast-new:Simulation not generated] Magnitude 5.02 of event bmg2025gzni is smaller than triggerMinMagnitude: no automatic simulation
2025/04/10 23:56:32.844680 [Incident:Info:toast@toast-new:Origin updated] Origin updated: OT: 2025-04-10 08:20:53,  Lat/Lon: -6.28574°/151.243°, Depth: 11.5176
2025/04/10 23:56:32.844865 [Incident:Info:toast@toast-new:Magnitude updated] Magnitude updated: 5.18 (mb)
2025/04/10 23:56:32.844901 [Simulation:Info:toast@toast-new:Simulation not generated] Magnitude 5.18 of event bmg2025gzni is smaller than triggerMinMagnitude: no automatic simulation
2025/04/10 23:56:32.923936 [Incident:Info:toast@toast-new:Origin updated] Origin updated: OT: 2025-04-10 08:20:53,  Lat/Lon: -6.28574°/151.243°, Depth: 11.5176
2025/04/10 23:56:32.924053 [Incident:Info:toast@toast-new:Magnitude updated] Magnitude updated: 5.06 (M)
2025/04/10 23:56:32.924086 [Simulation:Info:toast@toast-new:Simulation not generated] Magnitude 5.06 of event bmg2025gzni is smaller than triggerMinMagnitude: no automatic simulation
2025/04/10 23:56:38.502463 [Incident:Info:toast@toast-new:Origin updated] Origin updated: OT: 2025-04-10 08:20:53,  Lat/Lon: -6.28574°/151.243°, Depth: 11.5176
2025/04/10 23:56:38.502789 [Incident:Info:toast@toast-new:Magnitude updated] Magnitude updated: 5.18 (mb)
2025/04/10 23:56:38.502858 [Simulation:Info:toast@toast-new:Simulation not generated] Magnitude 5.18 of event bmg2025gzni is smaller than triggerMinMagnitude: no automatic simulation
2025/04/14 21:10:04.824181 [Incident:Info:toast@toast-new:Incident removed] Removed incident - Bye
2025/04/18 21:41:03.402991 [Incident:Info:toast@toast-new:Displacement(s) updated] Added 0 and changed 0 displacements with 0 amplitudes
2025/04/18 21:41:03.446880 [Incident:Info:toast@toast-new:Incident created] Incident created based on event received from messaging: OT: 2025-04-10 08:20:53,  Lat/Lon: -6.29°/151.23°, Depth: 13.92, Mag: 5.18 (mb)
2025/04/18 21:41:03.447204 [Simulation:Info:toast@toast-new:Simulation not generated] Magnitude 5.18 of event bmg2025gzni is smaller than triggerMinMagnitude: no automatic simulation
2025/04/18 21:41:03.459085 [Incident:Info:toast@toast-new:Origin updated] Origin updated: OT: 2025-04-10 08:20:53,  Lat/Lon: -6.29022°/151.231°, Depth: 13.9215
2025/04/18 21:41:03.459187 [Simulation:Info:toast@toast-new:Simulation not generated] Magnitude 5.18 of event bmg2025gzni is smaller than triggerMinMagnitude: no automatic simulation
2025/04/18 21:41:17.284604 [Incident:Info:toast@toast-new:Origin updated] Origin updated: OT: 2025-04-10 08:20:53,  Lat/Lon: -6.29022°/151.231°, Depth: 13.9215
2025/04/18 21:41:17.284791 [Simulation:Info:toast@toast-new:Simulation not generated] Magnitude 5.18 of event bmg2025gzni is smaller than triggerMinMagnitude: no automatic simulation
2025/04/18 21:41:17.307138 [Incident:Info:toast@toast-new:Origin updated] Origin updated: OT: 2025-04-10 08:20:53,  Lat/Lon: -6.29022°/151.231°, Depth: 13.9215
2025/04/18 21:41:17.307252 [Simulation:Info:toast@toast-new:Simulation not generated] Magnitude 5.18 of event bmg2025gzni is smaller than triggerMinMagnitude: no automatic simulation
