2025/06/28 06:43:48.228500 [Incident:Info:toast@toast-new:Displacement(s) updated] Added 0 and changed 0 displacements with 0 amplitudes
2025/06/28 06:43:48.229538 [Incident:Info:toast@toast-new:Incident created] Incident created based on event received from messaging: OT: 2025-06-27 23:41:44,  Lat/Lon: 5.37°/125.99°, Depth: 20.00, Mag: 5.43 (M)
2025/06/28 06:43:48.230185 [Simulation:Info:toast@toast-new:Simulation not generated] Magnitude 5.43 of event bmg2025mney is smaller than triggerMinMagnitude: no automatic simulation
2025/06/28 06:43:48.438762 [Incident:Info:toast@toast-new:Origin updated] Origin updated: OT: 2025-06-27 23:41:44,  Lat/Lon: 5.3657°/125.992°, Depth: 20
2025/06/28 06:43:48.438850 [Simulation:Info:toast@toast-new:Simulation not generated] Magnitude 5.43 of event bmg2025mney is smaller than triggerMinMagnitude: no automatic simulation
2025/06/28 06:43:53.737141 [Incident:Info:toast@toast-new:Origin updated] Origin updated: OT: 2025-06-27 23:41:44,  Lat/Lon: 5.3657°/125.992°, Depth: 20
2025/06/28 06:43:53.737312 [Incident:Info:toast@toast-new:Magnitude updated] Magnitude updated: 5.43 (M)
2025/06/28 06:43:53.737343 [Simulation:Info:toast@toast-new:Simulation not generated] Magnitude 5.43 of event bmg2025mney is smaller than triggerMinMagnitude: no automatic simulation
2025/06/28 06:43:57.774009 [Incident:Info:toast@toast-new:Origin updated] Origin updated: OT: 2025-06-27 23:41:44,  Lat/Lon: 5.3657°/125.992°, Depth: 20
2025/06/28 06:43:57.774206 [Incident:Info:toast@toast-new:Magnitude updated] Magnitude updated: 5.45 (M)
2025/06/28 06:43:57.774255 [Simulation:Info:toast@toast-new:Simulation not generated] Magnitude 5.45 of event bmg2025mney is smaller than triggerMinMagnitude: no automatic simulation
2025/06/28 06:43:57.799473 [Incident:Info:toast@toast-new:Origin updated] Origin updated: OT: 2025-06-27 23:41:44,  Lat/Lon: 5.35431°/126.02°, Depth: 20
2025/06/28 06:43:57.799597 [Incident:Info:toast@toast-new:Magnitude updated] Magnitude updated: 5.37 (M)
2025/06/28 06:43:57.799627 [Simulation:Info:toast@toast-new:Simulation not generated] Magnitude 5.37 of event bmg2025mney is smaller than triggerMinMagnitude: no automatic simulation
2025/06/28 06:43:58.713254 [Incident:Info:toast@toast-new:Origin updated] Origin updated: OT: 2025-06-27 23:41:44,  Lat/Lon: 5.35431°/126.02°, Depth: 20
2025/06/28 06:43:58.713430 [Incident:Info:toast@toast-new:Magnitude updated] Magnitude updated: 5.37 (M)
2025/06/28 06:43:58.713463 [Simulation:Info:toast@toast-new:Simulation not generated] Magnitude 5.37 of event bmg2025mney is smaller than triggerMinMagnitude: no automatic simulation
2025/06/28 06:44:03.784295 [Incident:Info:toast@toast-new:Origin updated] Origin updated: OT: 2025-06-27 23:41:44,  Lat/Lon: 5.35431°/126.02°, Depth: 20
2025/06/28 06:44:03.784488 [Incident:Info:toast@toast-new:Magnitude updated] Magnitude updated: 5.37 (M)
2025/06/28 06:44:03.784531 [Simulation:Info:toast@toast-new:Simulation not generated] Magnitude 5.37 of event bmg2025mney is smaller than triggerMinMagnitude: no automatic simulation
2025/06/28 06:44:08.159354 [Incident:Info:toast@toast-new:Origin updated] Origin updated: OT: 2025-06-27 23:41:44,  Lat/Lon: 5.36247°/126.013°, Depth: 20
2025/06/28 06:44:08.159572 [Incident:Info:toast@toast-new:Magnitude updated] Magnitude updated: 5.39 (M)
2025/06/28 06:44:08.159616 [Simulation:Info:toast@toast-new:Simulation not generated] Magnitude 5.39 of event bmg2025mney is smaller than triggerMinMagnitude: no automatic simulation
2025/06/28 06:44:08.735856 [Incident:Info:toast@toast-new:Origin updated] Origin updated: OT: 2025-06-27 23:41:44,  Lat/Lon: 5.36247°/126.013°, Depth: 20
2025/06/28 06:44:08.736060 [Incident:Info:toast@toast-new:Magnitude updated] Magnitude updated: 5.40 (M)
2025/06/28 06:44:08.736112 [Simulation:Info:toast@toast-new:Simulation not generated] Magnitude 5.40 of event bmg2025mney is smaller than triggerMinMagnitude: no automatic simulation
2025/06/28 06:44:13.692281 [Incident:Info:toast@toast-new:Origin updated] Origin updated: OT: 2025-06-27 23:41:44,  Lat/Lon: 5.36247°/126.013°, Depth: 20
2025/06/28 06:44:13.692488 [Incident:Info:toast@toast-new:Magnitude updated] Magnitude updated: 5.43 (M)
2025/06/28 06:44:13.692533 [Simulation:Info:toast@toast-new:Simulation not generated] Magnitude 5.43 of event bmg2025mney is smaller than triggerMinMagnitude: no automatic simulation
2025/06/28 06:44:14.221715 [Incident:Info:toast@toast-new:Origin updated] Origin updated: OT: 2025-06-27 23:41:45,  Lat/Lon: 5.40252°/126.016°, Depth: 46.8109
2025/06/28 06:44:14.221938 [Incident:Info:toast@toast-new:Magnitude updated] Magnitude updated: 5.42 (MLv)
2025/06/28 06:44:14.221987 [Simulation:Info:toast@toast-new:Simulation not generated] Magnitude 5.42 of event bmg2025mney is smaller than triggerMinMagnitude: no automatic simulation
2025/06/28 06:44:14.244169 [Incident:Info:toast@toast-new:Origin updated] Origin updated: OT: 2025-06-27 23:41:45,  Lat/Lon: 5.40252°/126.016°, Depth: 46.8109
2025/06/28 06:44:14.244287 [Incident:Info:toast@toast-new:Magnitude updated] Magnitude updated: 5.50 (M)
2025/06/28 06:44:14.244333 [Simulation:Info:toast@toast-new:Simulation not generated] Magnitude 5.50 of event bmg2025mney is smaller than triggerMinMagnitude: no automatic simulation
2025/06/28 06:44:28.765776 [Incident:Info:toast@toast-new:Origin updated] Origin updated: OT: 2025-06-27 23:41:45,  Lat/Lon: 5.40252°/126.016°, Depth: 46.8109
2025/06/28 06:44:28.765960 [Incident:Info:toast@toast-new:Magnitude updated] Magnitude updated: 5.50 (M)
2025/06/28 06:44:28.766004 [Simulation:Info:toast@toast-new:Simulation not generated] Magnitude 5.50 of event bmg2025mney is smaller than triggerMinMagnitude: no automatic simulation
2025/06/28 06:44:38.792838 [Incident:Info:toast@toast-new:Origin updated] Origin updated: OT: 2025-06-27 23:41:45,  Lat/Lon: 5.40252°/126.016°, Depth: 46.8109
2025/06/28 06:44:38.793039 [Incident:Info:toast@toast-new:Magnitude updated] Magnitude updated: 5.50 (M)
2025/06/28 06:44:38.793075 [Simulation:Info:toast@toast-new:Simulation not generated] Magnitude 5.50 of event bmg2025mney is smaller than triggerMinMagnitude: no automatic simulation
2025/06/28 06:44:40.431005 [Incident:Info:toast@toast-new:Origin updated] Origin updated: OT: 2025-06-27 23:41:45,  Lat/Lon: 5.40252°/126.016°, Depth: 46.8109
2025/06/28 06:44:40.431194 [Incident:Info:toast@toast-new:Magnitude updated] Magnitude updated: 5.50 (M)
2025/06/28 06:44:40.431238 [Simulation:Info:toast@toast-new:Simulation not generated] Magnitude 5.50 of event bmg2025mney is smaller than triggerMinMagnitude: no automatic simulation
2025/06/28 06:46:33.106189 [Incident:Info:toast@toast-new:Origin updated] Origin updated: OT: 2025-06-27 23:41:45,  Lat/Lon: 5.3796°/126.077°, Depth: 55.5472
2025/06/28 06:46:33.106456 [Incident:Info:toast@toast-new:Magnitude updated] Magnitude updated: 5.16 (mb)
2025/06/28 06:46:33.106529 [Simulation:Info:toast@toast-new:Simulation not generated] Magnitude 5.16 of event bmg2025mney is smaller than triggerMinMagnitude: no automatic simulation
2025/06/28 06:46:33.254572 [Incident:Info:toast@toast-new:Origin updated] Origin updated: OT: 2025-06-27 23:41:45,  Lat/Lon: 5.3796°/126.077°, Depth: 55.5472
2025/06/28 06:46:33.254777 [Incident:Info:toast@toast-new:Magnitude updated] Magnitude updated: 5.25 (M)
2025/06/28 06:46:33.254837 [Simulation:Info:toast@toast-new:Simulation not generated] Magnitude 5.25 of event bmg2025mney is smaller than triggerMinMagnitude: no automatic simulation
2025/06/28 06:46:38.722063 [Incident:Info:toast@toast-new:Origin updated] Origin updated: OT: 2025-06-27 23:41:45,  Lat/Lon: 5.3796°/126.077°, Depth: 55.5472
2025/06/28 06:46:38.722267 [Incident:Info:toast@toast-new:Magnitude updated] Magnitude updated: 5.24 (M)
2025/06/28 06:46:38.722317 [Simulation:Info:toast@toast-new:Simulation not generated] Magnitude 5.24 of event bmg2025mney is smaller than triggerMinMagnitude: no automatic simulation
2025/06/28 06:46:43.767466 [Incident:Info:toast@toast-new:Origin updated] Origin updated: OT: 2025-06-27 23:41:45,  Lat/Lon: 5.3796°/126.077°, Depth: 55.5472
2025/06/28 06:46:43.767650 [Incident:Info:toast@toast-new:Magnitude updated] Magnitude updated: 5.24 (M)
2025/06/28 06:46:43.767699 [Simulation:Info:toast@toast-new:Simulation not generated] Magnitude 5.24 of event bmg2025mney is smaller than triggerMinMagnitude: no automatic simulation
2025/06/28 06:46:48.831536 [Incident:Info:toast@toast-new:Origin updated] Origin updated: OT: 2025-06-27 23:41:45,  Lat/Lon: 5.3796°/126.077°, Depth: 55.5472
2025/06/28 06:46:48.850542 [Incident:Info:toast@toast-new:Magnitude updated] Magnitude updated: 5.26 (M)
2025/06/28 06:46:48.850669 [Simulation:Info:toast@toast-new:Simulation not generated] Magnitude 5.26 of event bmg2025mney is smaller than triggerMinMagnitude: no automatic simulation
2025/06/28 06:47:13.804597 [Incident:Info:toast@toast-new:Origin updated] Origin updated: OT: 2025-06-27 23:41:45,  Lat/Lon: 5.3796°/126.077°, Depth: 55.5472
2025/06/28 06:47:13.804787 [Incident:Info:toast@toast-new:Magnitude updated] Magnitude updated: 5.26 (M)
2025/06/28 06:47:13.804833 [Simulation:Info:toast@toast-new:Simulation not generated] Magnitude 5.26 of event bmg2025mney is smaller than triggerMinMagnitude: no automatic simulation
2025/06/28 06:47:23.837348 [Incident:Info:toast@toast-new:Origin updated] Origin updated: OT: 2025-06-27 23:41:45,  Lat/Lon: 5.3796°/126.077°, Depth: 55.5472
2025/06/28 06:47:23.837529 [Incident:Info:toast@toast-new:Magnitude updated] Magnitude updated: 5.26 (M)
2025/06/28 06:47:23.837562 [Simulation:Info:toast@toast-new:Simulation not generated] Magnitude 5.26 of event bmg2025mney is smaller than triggerMinMagnitude: no automatic simulation
2025/06/28 06:47:28.792078 [Incident:Info:toast@toast-new:Origin updated] Origin updated: OT: 2025-06-27 23:41:45,  Lat/Lon: 5.3796°/126.077°, Depth: 55.5472
2025/06/28 06:47:28.792293 [Incident:Info:toast@toast-new:Magnitude updated] Magnitude updated: 5.26 (M)
2025/06/28 06:47:28.792358 [Simulation:Info:toast@toast-new:Simulation not generated] Magnitude 5.26 of event bmg2025mney is smaller than triggerMinMagnitude: no automatic simulation
2025/06/28 06:47:54.904416 [Incident:Info:toast@toast-new:Origin updated] Origin updated: OT: 2025-06-27 23:41:45,  Lat/Lon: 5.3796°/126.077°, Depth: 55.5472
2025/06/28 06:47:54.904599 [Incident:Info:toast@toast-new:FM updated] FM updated
2025/06/28 06:47:54.904876 [Simulation:Info:toast@toast-new:Simulation not generated] Magnitude 5.26 of event bmg2025mney is smaller than triggerMinMagnitude: no automatic simulation
2025/06/28 06:48:42.480259 [Incident:Info:toast@toast-new:Origin updated] Origin updated: OT: 2025-06-27 23:41:45,  Lat/Lon: 5.3796°/126.077°, Depth: 55.5472
2025/06/28 06:48:42.480482 [Incident:Info:toast@toast-new:FM updated] FM updated
2025/06/28 06:48:42.480809 [Simulation:Info:toast@toast-new:Simulation not generated] Magnitude 5.26 of event bmg2025mney is smaller than triggerMinMagnitude: no automatic simulation
2025/06/28 06:49:47.224885 [Incident:Info:toast@toast-new:Origin updated] Origin updated: OT: 2025-06-27 23:41:45,  Lat/Lon: 5.38968°/126.102°, Depth: 68.3802
2025/06/28 06:49:47.225104 [Incident:Info:toast@toast-new:Magnitude updated] Magnitude updated: 5.27 (M)
2025/06/28 06:49:47.225148 [Simulation:Info:toast@toast-new:Simulation not generated] Magnitude 5.27 of event bmg2025mney is smaller than triggerMinMagnitude: no automatic simulation
2025/06/28 06:50:16.896102 [Incident:Info:toast@toast-new:Origin updated] Origin updated: OT: 2025-06-27 23:41:45,  Lat/Lon: 5.38968°/126.102°, Depth: 68.3802
2025/06/28 06:50:16.896321 [Incident:Info:toast@toast-new:Magnitude updated] Magnitude updated: 5.11 (mb)
2025/06/28 06:50:16.896399 [Simulation:Info:toast@toast-new:Simulation not generated] Magnitude 5.11 of event bmg2025mney is smaller than triggerMinMagnitude: no automatic simulation
2025/06/28 06:50:31.925854 [Incident:Info:toast@toast-new:Origin updated] Origin updated: OT: 2025-06-27 23:41:45,  Lat/Lon: 5.38968°/126.102°, Depth: 68.3802
2025/06/28 06:50:31.926043 [Incident:Info:toast@toast-new:Magnitude updated] Magnitude updated: 5.47 (MLv)
2025/06/28 06:50:31.926112 [Simulation:Info:toast@toast-new:Simulation not generated] Magnitude 5.47 of event bmg2025mney is smaller than triggerMinMagnitude: no automatic simulation
2025/06/28 06:50:38.473078 [Incident:Info:toast@toast-new:Origin updated] Origin updated: OT: 2025-06-27 23:41:45,  Lat/Lon: 5.38968°/126.102°, Depth: 68.3802
2025/06/28 06:50:38.473263 [Incident:Info:toast@toast-new:Magnitude updated] Magnitude updated: 5.28 (Mw(mB))
2025/06/28 06:50:38.473326 [Simulation:Info:toast@toast-new:Simulation not generated] Magnitude 5.28 of event bmg2025mney is smaller than triggerMinMagnitude: no automatic simulation
2025/06/28 12:02:47.327122 [Incident:Info:toast@toast-new:Origin updated] Origin updated: OT: 2025-06-27 23:41:45,  Lat/Lon: 5.38968°/126.102°, Depth: 68.3802
2025/06/28 12:02:47.327337 [Incident:Info:toast@toast-new:FM updated] FM updated
2025/06/28 12:02:47.327743 [Simulation:Info:toast@toast-new:Simulation not generated] Magnitude 5.28 of event bmg2025mney is smaller than triggerMinMagnitude: no automatic simulation
2025/06/28 12:03:13.067861 [Incident:Info:toast@toast-new:Origin updated] Origin updated: OT: 2025-06-27 23:41:45,  Lat/Lon: 5.38968°/126.102°, Depth: 68.3802
2025/06/28 12:03:13.068081 [Simulation:Info:toast@toast-new:Simulation not generated] Magnitude 5.28 of event bmg2025mney is smaller than triggerMinMagnitude: no automatic simulation
2025/06/28 12:03:15.362184 [Incident:Info:toast@toast-new:Origin updated] Origin updated: OT: 2025-06-27 23:41:45,  Lat/Lon: 5.38968°/126.102°, Depth: 68.3802
2025/06/28 12:03:15.362354 [Incident:Info:toast@toast-new:Magnitude updated] Magnitude updated: 5.07 (Mw)
2025/06/28 12:03:15.362393 [Simulation:Info:toast@toast-new:Simulation not generated] Magnitude 5.07 of event bmg2025mney is smaller than triggerMinMagnitude: no automatic simulation
2025/06/28 12:03:23.616246 [Incident:Info:toast@toast-new:Origin updated] Origin updated: OT: 2025-06-27 23:41:45,  Lat/Lon: 5.38968°/126.102°, Depth: 68.3802
2025/06/28 12:03:23.616428 [Incident:Info:toast@toast-new:Magnitude updated] Magnitude updated: 5.27 (M)
2025/06/28 12:03:23.616478 [Simulation:Info:toast@toast-new:Simulation not generated] Magnitude 5.27 of event bmg2025mney is smaller than triggerMinMagnitude: no automatic simulation
2025/06/28 12:03:25.473403 [Incident:Info:toast@toast-new:Origin updated] Origin updated: OT: 2025-06-27 23:41:45,  Lat/Lon: 5.38968°/126.102°, Depth: 68.3802
2025/06/28 12:03:25.473616 [Incident:Info:toast@toast-new:Magnitude updated] Magnitude updated: 5.07 (Mw)
2025/06/28 12:03:25.473675 [Simulation:Info:toast@toast-new:Simulation not generated] Magnitude 5.07 of event bmg2025mney is smaller than triggerMinMagnitude: no automatic simulation
2025/06/28 12:03:45.418428 [Incident:Info:toast@toast-new:Origin updated] Origin updated: OT: 2025-06-27 23:41:45,  Lat/Lon: 5.38968°/126.102°, Depth: 68.3802
2025/06/28 12:03:45.418640 [Incident:Info:toast@toast-new:Magnitude updated] Magnitude updated: 5.28 (Mw(mB))
2025/06/28 12:03:45.418699 [Simulation:Info:toast@toast-new:Simulation not generated] Magnitude 5.28 of event bmg2025mney is smaller than triggerMinMagnitude: no automatic simulation
2025/06/28 12:03:55.203673 [Incident:Info:toast@toast-new:Origin updated] Origin updated: OT: 2025-06-27 23:41:45,  Lat/Lon: 5.38968°/126.102°, Depth: 68.3802
2025/06/28 12:03:55.203877 [Simulation:Info:toast@toast-new:Simulation not generated] Magnitude 5.28 of event bmg2025mney is smaller than triggerMinMagnitude: no automatic simulation
2025/06/28 12:19:45.382638 [Incident:Info:toast@toast-new:Origin updated] Origin updated: OT: 2025-06-27 23:41:44,  Lat/Lon: 5.41623°/126.088°, Depth: 80.8839
2025/06/28 12:19:45.382846 [Incident:Info:toast@toast-new:Magnitude updated] Magnitude updated: 5.07 (Mw(mB))
2025/06/28 12:19:45.382888 [Simulation:Info:toast@toast-new:Simulation not generated] Magnitude 5.07 of event bmg2025mney is smaller than triggerMinMagnitude: no automatic simulation
2025/06/28 12:19:45.458885 [Incident:Info:toast@toast-new:Origin updated] Origin updated: OT: 2025-06-27 23:41:44,  Lat/Lon: 5.41623°/126.088°, Depth: 80.8839
2025/06/28 12:19:45.459034 [Incident:Info:toast@toast-new:Magnitude updated] Magnitude updated: 5.15 (M)
2025/06/28 12:19:45.459066 [Simulation:Info:toast@toast-new:Simulation not generated] Magnitude 5.15 of event bmg2025mney is smaller than triggerMinMagnitude: no automatic simulation
2025/06/28 12:20:15.817078 [Incident:Info:toast@toast-new:Origin updated] Origin updated: OT: 2025-06-27 23:41:44,  Lat/Lon: 5.41623°/126.088°, Depth: 80.8839
2025/06/28 12:20:15.817282 [Incident:Info:toast@toast-new:Magnitude updated] Magnitude updated: 5.12 (mb)
2025/06/28 12:20:15.817337 [Simulation:Info:toast@toast-new:Simulation not generated] Magnitude 5.12 of event bmg2025mney is smaller than triggerMinMagnitude: no automatic simulation
2025/06/28 12:55:04.928777 [Incident:Info:toast@toast-new:Origin updated] Origin updated: OT: 2025-06-27 23:41:44,  Lat/Lon: 5.41623°/126.088°, Depth: 80.8839
2025/06/28 12:55:04.928991 [Incident:Info:toast@toast-new:FM updated] FM updated
2025/06/28 12:55:04.929189 [Simulation:Info:toast@toast-new:Simulation not generated] Magnitude 5.12 of event bmg2025mney is smaller than triggerMinMagnitude: no automatic simulation
