2025/02/19 11:40:01.109148 [Incident:Info:toast@toast-new:Displacement(s) updated] Added 0 and changed 0 displacements with 0 amplitudes
2025/02/19 11:40:01.148293 [Incident:Info:toast@toast-new:Incident created] Incident created based on event received from messaging: OT: 2025-02-19 04:38:10,  Lat/Lon: -3.33°/131.03°, Depth: 90.00, Mag: 5.15 (M)
2025/02/19 11:40:01.148675 [Simulation:Info:toast@toast-new:Simulation not generated] Magnitude 5.15 of event bmg2025dlwv is smaller than triggerMinMagnitude: no automatic simulation
2025/02/19 11:40:01.167944 [Incident:Info:toast@toast-new:Origin updated] Origin updated: OT: 2025-02-19 04:38:10,  Lat/Lon: -3.33205°/131.032°, Depth: 90
2025/02/19 11:40:01.168219 [Simulation:Info:toast@toast-new:Simulation not generated] Magnitude 5.15 of event bmg2025dlwv is smaller than triggerMinMagnitude: no automatic simulation
2025/02/19 11:40:06.370645 [Incident:Info:toast@toast-new:Origin updated] Origin updated: OT: 2025-02-19 04:38:10,  Lat/Lon: -3.33205°/131.032°, Depth: 90
2025/02/19 11:40:06.371004 [Incident:Info:toast@toast-new:Magnitude updated] Magnitude updated: 5.16 (M)
2025/02/19 11:40:06.371157 [Simulation:Info:toast@toast-new:Simulation not generated] Magnitude 5.16 of event bmg2025dlwv is smaller than triggerMinMagnitude: no automatic simulation
2025/02/19 11:40:11.406385 [Incident:Info:toast@toast-new:Origin updated] Origin updated: OT: 2025-02-19 04:38:10,  Lat/Lon: -3.33205°/131.032°, Depth: 90
2025/02/19 11:40:11.406733 [Incident:Info:toast@toast-new:Magnitude updated] Magnitude updated: 5.16 (M)
2025/02/19 11:40:11.406888 [Simulation:Info:toast@toast-new:Simulation not generated] Magnitude 5.16 of event bmg2025dlwv is smaller than triggerMinMagnitude: no automatic simulation
2025/02/19 11:40:16.098197 [Incident:Info:toast@toast-new:Origin updated] Origin updated: OT: 2025-02-19 04:38:10,  Lat/Lon: -3.32685°/131.022°, Depth: 90
2025/02/19 11:40:16.098562 [Incident:Info:toast@toast-new:Magnitude updated] Magnitude updated: 5.11 (M)
2025/02/19 11:40:16.098731 [Simulation:Info:toast@toast-new:Simulation not generated] Magnitude 5.11 of event bmg2025dlwv is smaller than triggerMinMagnitude: no automatic simulation
2025/02/19 11:40:21.422893 [Incident:Info:toast@toast-new:Origin updated] Origin updated: OT: 2025-02-19 04:38:10,  Lat/Lon: -3.32685°/131.022°, Depth: 90
2025/02/19 11:40:21.423286 [Incident:Info:toast@toast-new:Magnitude updated] Magnitude updated: 5.12 (M)
2025/02/19 11:40:21.423468 [Simulation:Info:toast@toast-new:Simulation not generated] Magnitude 5.12 of event bmg2025dlwv is smaller than triggerMinMagnitude: no automatic simulation
2025/02/19 11:40:26.458647 [Incident:Info:toast@toast-new:Origin updated] Origin updated: OT: 2025-02-19 04:38:10,  Lat/Lon: -3.32685°/131.022°, Depth: 90
2025/02/19 11:40:26.459041 [Incident:Info:toast@toast-new:Magnitude updated] Magnitude updated: 5.13 (M)
2025/02/19 11:40:26.459202 [Simulation:Info:toast@toast-new:Simulation not generated] Magnitude 5.13 of event bmg2025dlwv is smaller than triggerMinMagnitude: no automatic simulation
2025/02/19 11:40:31.147116 [Incident:Info:toast@toast-new:Origin updated] Origin updated: OT: 2025-02-19 04:38:10,  Lat/Lon: -3.32389°/131.009°, Depth: 90
2025/02/19 11:40:31.147544 [Incident:Info:toast@toast-new:Magnitude updated] Magnitude updated: 5.08 (M)
2025/02/19 11:40:31.147726 [Simulation:Info:toast@toast-new:Simulation not generated] Magnitude 5.08 of event bmg2025dlwv is smaller than triggerMinMagnitude: no automatic simulation
2025/02/19 11:40:36.390031 [Incident:Info:toast@toast-new:Origin updated] Origin updated: OT: 2025-02-19 04:38:10,  Lat/Lon: -3.32389°/131.009°, Depth: 90
2025/02/19 11:40:36.390468 [Incident:Info:toast@toast-new:Magnitude updated] Magnitude updated: 5.10 (M)
2025/02/19 11:40:36.390665 [Simulation:Info:toast@toast-new:Simulation not generated] Magnitude 5.10 of event bmg2025dlwv is smaller than triggerMinMagnitude: no automatic simulation
2025/02/19 11:40:41.484776 [Incident:Info:toast@toast-new:Origin updated] Origin updated: OT: 2025-02-19 04:38:10,  Lat/Lon: -3.32389°/131.009°, Depth: 90
2025/02/19 11:40:41.485262 [Incident:Info:toast@toast-new:Magnitude updated] Magnitude updated: 5.09 (M)
2025/02/19 11:40:41.485459 [Simulation:Info:toast@toast-new:Simulation not generated] Magnitude 5.09 of event bmg2025dlwv is smaller than triggerMinMagnitude: no automatic simulation
2025/02/19 11:40:46.405818 [Incident:Info:toast@toast-new:Origin updated] Origin updated: OT: 2025-02-19 04:38:10,  Lat/Lon: -3.32389°/131.009°, Depth: 90
2025/02/19 11:40:46.406118 [Incident:Info:toast@toast-new:Magnitude updated] Magnitude updated: 5.10 (M)
2025/02/19 11:40:46.406262 [Simulation:Info:toast@toast-new:Simulation not generated] Magnitude 5.10 of event bmg2025dlwv is smaller than triggerMinMagnitude: no automatic simulation
2025/02/19 11:40:49.027608 [Incident:Info:toast@toast-new:Origin updated] Origin updated: OT: 2025-02-19 04:38:10,  Lat/Lon: -3.32109°/131.034°, Depth: 90
2025/02/19 11:40:49.027932 [Incident:Info:toast@toast-new:Magnitude updated] Magnitude updated: 5.08 (M)
2025/02/19 11:40:49.028088 [Simulation:Info:toast@toast-new:Simulation not generated] Magnitude 5.08 of event bmg2025dlwv is smaller than triggerMinMagnitude: no automatic simulation
2025/02/19 11:40:51.389744 [Incident:Info:toast@toast-new:Origin updated] Origin updated: OT: 2025-02-19 04:38:10,  Lat/Lon: -3.32109°/131.034°, Depth: 90
2025/02/19 11:40:51.390246 [Incident:Info:toast@toast-new:Magnitude updated] Magnitude updated: 5.08 (M)
2025/02/19 11:40:51.390490 [Simulation:Info:toast@toast-new:Simulation not generated] Magnitude 5.08 of event bmg2025dlwv is smaller than triggerMinMagnitude: no automatic simulation
2025/02/19 11:40:56.435898 [Incident:Info:toast@toast-new:Origin updated] Origin updated: OT: 2025-02-19 04:38:10,  Lat/Lon: -3.32109°/131.034°, Depth: 90
2025/02/19 11:40:56.436473 [Incident:Info:toast@toast-new:Magnitude updated] Magnitude updated: 5.08 (M)
2025/02/19 11:40:56.436741 [Simulation:Info:toast@toast-new:Simulation not generated] Magnitude 5.08 of event bmg2025dlwv is smaller than triggerMinMagnitude: no automatic simulation
2025/02/19 11:41:01.445273 [Incident:Info:toast@toast-new:Origin updated] Origin updated: OT: 2025-02-19 04:38:10,  Lat/Lon: -3.32109°/131.034°, Depth: 90
2025/02/19 11:41:01.445764 [Incident:Info:toast@toast-new:Magnitude updated] Magnitude updated: 5.06 (M)
2025/02/19 11:41:01.445976 [Simulation:Info:toast@toast-new:Simulation not generated] Magnitude 5.06 of event bmg2025dlwv is smaller than triggerMinMagnitude: no automatic simulation
2025/02/19 11:41:06.422804 [Incident:Info:toast@toast-new:Origin updated] Origin updated: OT: 2025-02-19 04:38:10,  Lat/Lon: -3.32109°/131.034°, Depth: 90
2025/02/19 11:41:06.423147 [Incident:Info:toast@toast-new:Magnitude updated] Magnitude updated: 5.04 (M)
2025/02/19 11:41:06.423323 [Simulation:Info:toast@toast-new:Simulation not generated] Magnitude 5.04 of event bmg2025dlwv is smaller than triggerMinMagnitude: no automatic simulation
2025/02/19 11:41:08.996607 [Incident:Info:toast@toast-new:Origin updated] Origin updated: OT: 2025-02-19 04:38:11,  Lat/Lon: -3.27536°/131.039°, Depth: 90
2025/02/19 11:41:08.997018 [Incident:Info:toast@toast-new:Magnitude updated] Magnitude updated: 5.02 (M)
2025/02/19 11:41:08.997216 [Simulation:Info:toast@toast-new:Simulation not generated] Magnitude 5.02 of event bmg2025dlwv is smaller than triggerMinMagnitude: no automatic simulation
2025/02/19 11:41:21.396790 [Incident:Info:toast@toast-new:Origin updated] Origin updated: OT: 2025-02-19 04:38:11,  Lat/Lon: -3.27536°/131.039°, Depth: 90
2025/02/19 11:41:21.397317 [Incident:Info:toast@toast-new:Magnitude updated] Magnitude updated: 5.03 (M)
2025/02/19 11:41:21.397527 [Simulation:Info:toast@toast-new:Simulation not generated] Magnitude 5.03 of event bmg2025dlwv is smaller than triggerMinMagnitude: no automatic simulation
2025/02/19 11:44:01.295712 [Incident:Info:toast@toast-new:Origin updated] Origin updated: OT: 2025-02-19 04:38:08,  Lat/Lon: -3.27312°/131.044°, Depth: 10
2025/02/19 11:44:01.296242 [Incident:Info:toast@toast-new:Magnitude updated] Magnitude updated: 5.19 (mb)
2025/02/19 11:44:01.296482 [Simulation:Info:toast@toast-new:Simulation not generated] Magnitude 5.19 of event bmg2025dlwv is smaller than triggerMinMagnitude: no automatic simulation
2025/02/19 11:49:10.248706 [Incident:Info:toast@toast-new:Origin updated] Origin updated: OT: 2025-02-19 04:38:11,  Lat/Lon: -3.28412°/131.036°, Depth: 47.0484
2025/02/19 11:49:10.249067 [Incident:Info:toast@toast-new:Magnitude updated] Magnitude updated: 5.04 (Mw)
2025/02/19 11:49:10.249195 [Incident:Info:toast@toast-new:FM updated] FM updated
2025/02/19 11:49:10.249447 [Simulation:Info:toast@toast-new:Simulation not generated] Magnitude 5.04 of event bmg2025dlwv is smaller than triggerMinMagnitude: no automatic simulation
2025/02/19 11:49:34.690369 [Incident:Info:toast@toast-new:Origin updated] Origin updated: OT: 2025-02-19 04:38:11,  Lat/Lon: -3.28412°/131.036°, Depth: 47.0484
2025/02/19 11:49:34.690864 [Incident:Info:toast@toast-new:Magnitude updated] Magnitude updated: 5.15 (Mw)
2025/02/19 11:49:34.691075 [Incident:Info:toast@toast-new:FM updated] FM updated
2025/02/19 11:49:34.691393 [Simulation:Info:toast@toast-new:Simulation not generated] Magnitude 5.15 of event bmg2025dlwv is smaller than triggerMinMagnitude: no automatic simulation
2025/02/19 11:50:14.475151 [Incident:Info:toast@toast-new:Origin updated] Origin updated: OT: 2025-02-19 04:38:11,  Lat/Lon: -3.28412°/131.036°, Depth: 47.0484
2025/02/19 11:50:14.475749 [Incident:Info:toast@toast-new:Magnitude updated] Magnitude updated: 5.04 (Mw)
2025/02/19 11:50:14.476013 [Incident:Info:toast@toast-new:FM updated] FM updated
2025/02/19 11:50:14.476422 [Simulation:Info:toast@toast-new:Simulation not generated] Magnitude 5.04 of event bmg2025dlwv is smaller than triggerMinMagnitude: no automatic simulation
2025/02/19 11:50:30.465534 [Incident:Info:toast@toast-new:Origin updated] Origin updated: OT: 2025-02-19 04:38:11,  Lat/Lon: -3.28412°/131.036°, Depth: 47.0484
2025/02/19 11:50:30.466077 [Incident:Info:toast@toast-new:Magnitude updated] Magnitude updated: 5.15 (Mw)
2025/02/19 11:50:30.466334 [Incident:Info:toast@toast-new:FM updated] FM updated
2025/02/19 11:50:30.466701 [Simulation:Info:toast@toast-new:Simulation not generated] Magnitude 5.15 of event bmg2025dlwv is smaller than triggerMinMagnitude: no automatic simulation
2025/02/19 11:51:01.141353 [Incident:Info:toast@toast-new:Origin updated] Origin updated: OT: 2025-02-19 04:38:10,  Lat/Lon: -3.30186°/131.028°, Depth: 31
2025/02/19 11:51:01.141956 [Simulation:Info:toast@toast-new:Simulation not generated] Magnitude 5.15 of event bmg2025dlwv is smaller than triggerMinMagnitude: no automatic simulation
