2025/07/03 12:39:24.204819 [Incident:Info:toast@toast-new:Displacement(s) updated] Added 0 and changed 0 displacements with 0 amplitudes
2025/07/03 12:39:24.206109 [Incident:Info:toast@toast-new:Incident created] Incident created based on event received from messaging: OT: 2025-07-03 05:31:35,  Lat/Lon: 26.27°/127.36°, Depth: 10.00, Mag: 5.41 (M)
2025/07/03 12:39:24.207118 [Simulation:Info:toast@toast-new:Simulation not generated] Magnitude 5.41 of event bmg2025mwtz is smaller than triggerMinMagnitude: no automatic simulation
2025/07/03 12:39:24.226120 [Incident:Info:toast@toast-new:Origin updated] Origin updated: OT: 2025-07-03 05:31:35,  Lat/Lon: 26.2721°/127.364°, Depth: 10
2025/07/03 12:39:24.226284 [Simulation:Info:toast@toast-new:Simulation not generated] Magnitude 5.41 of event bmg2025mwtz is smaller than triggerMinMagnitude: no automatic simulation
2025/07/03 12:39:33.115640 [Incident:Info:toast@toast-new:Origin updated] Origin updated: OT: 2025-07-03 05:31:35,  Lat/Lon: 26.2721°/127.364°, Depth: 10
2025/07/03 12:39:33.115825 [Incident:Info:toast@toast-new:Magnitude updated] Magnitude updated: 5.51 (M)
2025/07/03 12:39:33.115869 [Simulation:Info:toast@toast-new:Simulation not generated] Magnitude 5.51 of event bmg2025mwtz is smaller than triggerMinMagnitude: no automatic simulation
2025/07/03 12:39:33.128618 [Incident:Info:toast@toast-new:Origin updated] Origin updated: OT: 2025-07-03 05:31:35,  Lat/Lon: 26.3057°/127.384°, Depth: 10
2025/07/03 12:39:33.128732 [Incident:Info:toast@toast-new:Magnitude updated] Magnitude updated: 5.53 (M)
2025/07/03 12:39:33.128753 [Simulation:Info:toast@toast-new:Simulation not generated] Magnitude 5.53 of event bmg2025mwtz is smaller than triggerMinMagnitude: no automatic simulation
2025/07/03 12:39:43.689895 [Incident:Info:toast@toast-new:Origin updated] Origin updated: OT: 2025-07-03 05:31:35,  Lat/Lon: 26.3057°/127.384°, Depth: 10
2025/07/03 12:39:43.690070 [Incident:Info:toast@toast-new:Magnitude updated] Magnitude updated: 5.58 (M)
2025/07/03 12:39:43.690114 [Simulation:Info:toast@toast-new:Simulation not generated] Magnitude 5.58 of event bmg2025mwtz is smaller than triggerMinMagnitude: no automatic simulation
2025/07/03 12:39:48.698424 [Incident:Info:toast@toast-new:Origin updated] Origin updated: OT: 2025-07-03 05:31:35,  Lat/Lon: 26.3057°/127.384°, Depth: 10
2025/07/03 12:39:48.698600 [Incident:Info:toast@toast-new:Magnitude updated] Magnitude updated: 5.65 (M)
2025/07/03 12:39:48.698643 [Simulation:Info:toast@toast-new:Simulation not generated] Magnitude 5.65 of event bmg2025mwtz is smaller than triggerMinMagnitude: no automatic simulation
2025/07/03 12:40:03.675174 [Incident:Info:toast@toast-new:Origin updated] Origin updated: OT: 2025-07-03 05:31:35,  Lat/Lon: 26.3057°/127.384°, Depth: 10
2025/07/03 12:40:03.675376 [Incident:Info:toast@toast-new:Magnitude updated] Magnitude updated: 5.60 (M)
2025/07/03 12:40:03.675431 [Simulation:Info:toast@toast-new:Simulation not generated] Magnitude 5.60 of event bmg2025mwtz is smaller than triggerMinMagnitude: no automatic simulation
2025/07/03 12:42:13.510254 [Incident:Info:toast@toast-new:Origin updated] Origin updated: OT: 2025-07-03 05:31:31,  Lat/Lon: 26.7394°/127.743°, Depth: 10
2025/07/03 12:42:13.510488 [Incident:Info:toast@toast-new:Magnitude updated] Magnitude updated: 5.23 (mb)
2025/07/03 12:42:13.510547 [Simulation:Info:toast@toast-new:Simulation not generated] Magnitude 5.23 of event bmg2025mwtz is smaller than triggerMinMagnitude: no automatic simulation
2025/07/03 12:42:13.529254 [Incident:Info:toast@toast-new:Origin updated] Origin updated: OT: 2025-07-03 05:31:31,  Lat/Lon: 26.7394°/127.743°, Depth: 10
2025/07/03 12:42:13.529379 [Incident:Info:toast@toast-new:Magnitude updated] Magnitude updated: 5.59 (M)
2025/07/03 12:42:13.529416 [Simulation:Info:toast@toast-new:Simulation not generated] Magnitude 5.59 of event bmg2025mwtz is smaller than triggerMinMagnitude: no automatic simulation
2025/07/03 15:50:39.881282 [Incident:Info:toast@toast-new:Origin updated] Origin updated: OT: 2025-07-03 05:31:31,  Lat/Lon: 26.7394°/127.743°, Depth: 10
2025/07/03 15:50:39.881497 [Incident:Info:toast@toast-new:Magnitude updated] Magnitude updated: 5.23 (mb)
2025/07/03 15:50:39.881544 [Simulation:Info:toast@toast-new:Simulation not generated] Magnitude 5.23 of event bmg2025mwtz is smaller than triggerMinMagnitude: no automatic simulation
2025/07/03 15:52:06.922143 [Incident:Info:toast@toast-new:Origin updated] Origin updated: OT: 2025-07-03 05:31:31,  Lat/Lon: 26.7394°/127.743°, Depth: 10
2025/07/03 15:52:06.922361 [Incident:Info:toast@toast-new:Magnitude updated] Magnitude updated: 5.59 (M)
2025/07/03 15:52:06.922425 [Simulation:Info:toast@toast-new:Simulation not generated] Magnitude 5.59 of event bmg2025mwtz is smaller than triggerMinMagnitude: no automatic simulation
2025/07/03 15:52:08.728554 [Incident:Info:toast@toast-new:Origin updated] Origin updated: OT: 2025-07-03 05:31:30,  Lat/Lon: 26.8134°/127.809°, Depth: 10
2025/07/03 15:52:08.728767 [Incident:Info:toast@toast-new:Magnitude updated] Magnitude updated: 5.58 (M)
2025/07/03 15:52:08.728817 [Simulation:Info:toast@toast-new:Simulation not generated] Magnitude 5.58 of event bmg2025mwtz is smaller than triggerMinMagnitude: no automatic simulation
2025/07/03 15:52:20.995588 [Incident:Info:toast@toast-new:Origin updated] Origin updated: OT: 2025-07-03 05:31:30,  Lat/Lon: 26.8134°/127.809°, Depth: 10
2025/07/03 15:52:20.995806 [Incident:Info:toast@toast-new:Magnitude updated] Magnitude updated: 5.19 (mb)
2025/07/03 15:52:20.995867 [Simulation:Info:toast@toast-new:Simulation not generated] Magnitude 5.19 of event bmg2025mwtz is smaller than triggerMinMagnitude: no automatic simulation
