2025/06/08 16:46:55.430109 [Incident:Info:toast@toast-new:Displacement(s) updated] Added 0 and changed 0 displacements with 0 amplitudes
2025/06/08 16:46:55.471481 [Incident:Info:toast@toast-new:Incident created] Incident created based on event received from messaging: OT: 2025-06-08 09:35:58,  Lat/Lon: -25.41°/-176.91°, Depth: 159.15, Mag: 5.51 (M)
2025/06/08 16:46:55.471785 [Simulation:Info:toast@toast-new:Simulation not generated] Magnitude 5.51 of event bmg2025ldkm is smaller than triggerMinMagnitude: no automatic simulation
2025/06/08 16:46:55.480913 [Incident:Info:toast@toast-new:Origin updated] Origin updated: OT: 2025-06-08 09:35:58,  Lat/Lon: -25.4121°/-176.909°, Depth: 159.145
2025/06/08 16:46:55.481006 [Simulation:Info:toast@toast-new:Simulation not generated] Magnitude 5.51 of event bmg2025ldkm is smaller than triggerMinMagnitude: no automatic simulation
2025/06/08 16:47:00.475183 [Incident:Info:toast@toast-new:Origin updated] Origin updated: OT: 2025-06-08 09:35:58,  Lat/Lon: -25.4121°/-176.909°, Depth: 159.145
2025/06/08 16:47:00.475337 [Incident:Info:toast@toast-new:Magnitude updated] Magnitude updated: 5.50 (M)
2025/06/08 16:47:00.475368 [Simulation:Info:toast@toast-new:Simulation not generated] Magnitude 5.50 of event bmg2025ldkm is smaller than triggerMinMagnitude: no automatic simulation
2025/06/08 16:47:13.343776 [Incident:Info:toast@toast-new:Origin updated] Origin updated: OT: 2025-06-08 09:35:59,  Lat/Lon: -25.3212°/-176.925°, Depth: 166.409
2025/06/08 16:47:13.343962 [Incident:Info:toast@toast-new:Magnitude updated] Magnitude updated: 5.47 (M)
2025/06/08 16:47:13.343995 [Simulation:Info:toast@toast-new:Simulation not generated] Magnitude 5.47 of event bmg2025ldkm is smaller than triggerMinMagnitude: no automatic simulation
2025/06/08 16:47:20.478029 [Incident:Info:toast@toast-new:Origin updated] Origin updated: OT: 2025-06-08 09:35:59,  Lat/Lon: -25.3212°/-176.925°, Depth: 166.409
2025/06/08 16:47:20.478245 [Incident:Info:toast@toast-new:Magnitude updated] Magnitude updated: 5.48 (M)
2025/06/08 16:47:20.478303 [Simulation:Info:toast@toast-new:Simulation not generated] Magnitude 5.48 of event bmg2025ldkm is smaller than triggerMinMagnitude: no automatic simulation
2025/06/08 16:47:24.042539 [Incident:Info:toast@toast-new:Origin updated] Origin updated: OT: 2025-06-08 09:36:00,  Lat/Lon: -25.2837°/-176.927°, Depth: 170.023
2025/06/08 16:47:24.042832 [Incident:Info:toast@toast-new:Magnitude updated] Magnitude updated: 5.47 (M)
2025/06/08 16:47:24.042883 [Simulation:Info:toast@toast-new:Simulation not generated] Magnitude 5.47 of event bmg2025ldkm is smaller than triggerMinMagnitude: no automatic simulation
2025/06/08 16:47:57.191089 [Incident:Info:toast@toast-new:Origin updated] Origin updated: OT: 2025-06-08 09:35:59,  Lat/Lon: -25.2968°/-176.932°, Depth: 166.47
2025/06/08 16:47:57.191316 [Incident:Info:toast@toast-new:Magnitude updated] Magnitude updated: 5.48 (M)
2025/06/08 16:47:57.191361 [Simulation:Info:toast@toast-new:Simulation not generated] Magnitude 5.48 of event bmg2025ldkm is smaller than triggerMinMagnitude: no automatic simulation
2025/06/08 16:48:30.224111 [Incident:Info:toast@toast-new:Origin updated] Origin updated: OT: 2025-06-08 09:35:59,  Lat/Lon: -25.3025°/-176.935°, Depth: 165.026
2025/06/08 16:48:30.224368 [Incident:Info:toast@toast-new:Magnitude updated] Magnitude updated: 5.49 (M)
2025/06/08 16:48:30.224427 [Simulation:Info:toast@toast-new:Simulation not generated] Magnitude 5.49 of event bmg2025ldkm is smaller than triggerMinMagnitude: no automatic simulation
2025/06/08 16:48:42.947607 [Incident:Info:toast@toast-new:Origin updated] Origin updated: OT: 2025-06-08 09:35:59,  Lat/Lon: -25.3155°/-176.952°, Depth: 159.53
2025/06/08 16:48:42.947839 [Incident:Info:toast@toast-new:Magnitude updated] Magnitude updated: 5.49 (M)
2025/06/08 16:48:42.947886 [Simulation:Info:toast@toast-new:Simulation not generated] Magnitude 5.49 of event bmg2025ldkm is smaller than triggerMinMagnitude: no automatic simulation
2025/06/08 16:48:59.113914 [Incident:Info:toast@toast-new:Origin updated] Origin updated: OT: 2025-06-08 09:35:59,  Lat/Lon: -25.3162°/-176.95°, Depth: 159.681
2025/06/08 16:48:59.114114 [Incident:Info:toast@toast-new:Magnitude updated] Magnitude updated: 5.48 (M)
2025/06/08 16:48:59.114145 [Simulation:Info:toast@toast-new:Simulation not generated] Magnitude 5.48 of event bmg2025ldkm is smaller than triggerMinMagnitude: no automatic simulation
2025/06/08 16:49:11.510671 [Incident:Info:toast@toast-new:Origin updated] Origin updated: OT: 2025-06-08 09:35:59,  Lat/Lon: -25.3364°/-176.96°, Depth: 155.242
2025/06/08 16:49:11.510938 [Incident:Info:toast@toast-new:Magnitude updated] Magnitude updated: 5.49 (M)
2025/06/08 16:49:11.510984 [Simulation:Info:toast@toast-new:Simulation not generated] Magnitude 5.49 of event bmg2025ldkm is smaller than triggerMinMagnitude: no automatic simulation
2025/06/08 16:49:50.924984 [Incident:Info:toast@toast-new:Origin updated] Origin updated: OT: 2025-06-08 09:35:58,  Lat/Lon: -25.3756°/-176.986°, Depth: 148.948
2025/06/08 16:49:50.925228 [Incident:Info:toast@toast-new:Magnitude updated] Magnitude updated: 5.50 (M)
2025/06/08 16:49:50.925281 [Simulation:Info:toast@toast-new:Simulation not generated] Magnitude 5.50 of event bmg2025ldkm is smaller than triggerMinMagnitude: no automatic simulation
2025/06/08 16:50:06.846846 [Incident:Info:toast@toast-new:Origin updated] Origin updated: OT: 2025-06-08 09:35:58,  Lat/Lon: -25.4014°/-176.997°, Depth: 143.716
2025/06/08 16:50:06.847066 [Incident:Info:toast@toast-new:Magnitude updated] Magnitude updated: 5.51 (M)
2025/06/08 16:50:06.847111 [Simulation:Info:toast@toast-new:Simulation not generated] Magnitude 5.51 of event bmg2025ldkm is smaller than triggerMinMagnitude: no automatic simulation
2025/06/08 16:50:21.474282 [Incident:Info:toast@toast-new:Origin updated] Origin updated: OT: 2025-06-08 09:35:57,  Lat/Lon: -25.4233°/-177.007°, Depth: 139.386
2025/06/08 16:50:21.474521 [Incident:Info:toast@toast-new:Magnitude updated] Magnitude updated: 5.52 (M)
2025/06/08 16:50:21.474568 [Simulation:Info:toast@toast-new:Simulation not generated] Magnitude 5.52 of event bmg2025ldkm is smaller than triggerMinMagnitude: no automatic simulation
2025/06/08 16:56:12.806853 [Incident:Info:toast@toast-new:Origin updated] Origin updated: OT: 2025-06-08 09:35:57,  Lat/Lon: -25.4233°/-177.007°, Depth: 139.386
2025/06/08 16:56:12.807019 [Simulation:Info:toast@toast-new:Simulation not generated] Magnitude 5.52 of event bmg2025ldkm is smaller than triggerMinMagnitude: no automatic simulation
2025/06/08 23:01:47.007243 [Incident:Info:toast@toast-new:Origin updated] Origin updated: OT: 2025-06-08 09:35:58,  Lat/Lon: -25.3211°/-177.015°, Depth: 153.953
2025/06/08 23:01:47.007475 [Incident:Info:toast@toast-new:Magnitude updated] Magnitude updated: 5.27 (mb)
2025/06/08 23:01:47.007533 [Simulation:Info:toast@toast-new:Simulation not generated] Magnitude 5.27 of event bmg2025ldkm is smaller than triggerMinMagnitude: no automatic simulation
2025/06/08 23:01:47.076164 [Incident:Info:toast@toast-new:Origin updated] Origin updated: OT: 2025-06-08 09:35:58,  Lat/Lon: -25.3211°/-177.015°, Depth: 153.953
2025/06/08 23:01:47.076276 [Incident:Info:toast@toast-new:Magnitude updated] Magnitude updated: 5.23 (M)
2025/06/08 23:01:47.076310 [Simulation:Info:toast@toast-new:Simulation not generated] Magnitude 5.23 of event bmg2025ldkm is smaller than triggerMinMagnitude: no automatic simulation
2025/06/08 23:02:07.587568 [Incident:Info:toast@toast-new:Origin updated] Origin updated: OT: 2025-06-08 09:35:58,  Lat/Lon: -25.3211°/-177.015°, Depth: 153.953
2025/06/08 23:02:07.587739 [Simulation:Info:toast@toast-new:Simulation not generated] Magnitude 5.23 of event bmg2025ldkm is smaller than triggerMinMagnitude: no automatic simulation
2025/06/08 23:02:07.603743 [Incident:Info:toast@toast-new:Origin updated] Origin updated: OT: 2025-06-08 09:35:58,  Lat/Lon: -25.3211°/-177.015°, Depth: 153.953
2025/06/08 23:02:07.603863 [Incident:Info:toast@toast-new:Magnitude updated] Magnitude updated: 5.27 (mb)
2025/06/08 23:02:07.603915 [Simulation:Info:toast@toast-new:Simulation not generated] Magnitude 5.27 of event bmg2025ldkm is smaller than triggerMinMagnitude: no automatic simulation
