2025/01/13 14:12:47.191001 [Incident:Info:toast@toast-new:Displacement(s) updated] Added 0 and changed 0 displacements with 0 amplitudes
2025/01/13 14:12:47.230993 [Incident:Info:toast@toast-new:Incident created] Incident created based on event received from messaging: OT: 2025-01-13 07:08:03,  Lat/Lon: -6.23°/146.98°, Depth: 10.00, Mag: 5.37 (M)
2025/01/13 14:12:47.231403 [Simulation:Info:toast@toast-new:Simulation not generated] Magnitude 5.37 of event bmg2025awme is smaller than triggerMinMagnitude: no automatic simulation
2025/01/13 14:12:47.246241 [Incident:Info:toast@toast-new:Origin updated] Origin updated: OT: 2025-01-13 07:08:03,  Lat/Lon: -6.22908°/146.984°, Depth: 10
2025/01/13 14:12:47.246454 [Simulation:Info:toast@toast-new:Simulation not generated] Magnitude 5.37 of event bmg2025awme is smaller than triggerMinMagnitude: no automatic simulation
2025/01/13 14:12:52.051341 [Incident:Info:toast@toast-new:Origin updated] Origin updated: OT: 2025-01-13 07:08:03,  Lat/Lon: -6.22908°/146.984°, Depth: 10
2025/01/13 14:12:52.051690 [Incident:Info:toast@toast-new:Magnitude updated] Magnitude updated: 5.39 (M)
2025/01/13 14:12:52.051835 [Simulation:Info:toast@toast-new:Simulation not generated] Magnitude 5.39 of event bmg2025awme is smaller than triggerMinMagnitude: no automatic simulation
2025/01/13 14:12:56.661255 [Incident:Info:toast@toast-new:Origin updated] Origin updated: OT: 2025-01-13 07:08:03,  Lat/Lon: -6.24189°/146.987°, Depth: 10
2025/01/13 14:12:56.661650 [Incident:Info:toast@toast-new:Magnitude updated] Magnitude updated: 5.40 (M)
2025/01/13 14:12:56.661835 [Simulation:Info:toast@toast-new:Simulation not generated] Magnitude 5.40 of event bmg2025awme is smaller than triggerMinMagnitude: no automatic simulation
2025/01/13 14:13:02.049886 [Incident:Info:toast@toast-new:Origin updated] Origin updated: OT: 2025-01-13 07:08:03,  Lat/Lon: -6.24189°/146.987°, Depth: 10
2025/01/13 14:13:02.050264 [Incident:Info:toast@toast-new:Magnitude updated] Magnitude updated: 5.37 (M)
2025/01/13 14:13:02.050449 [Simulation:Info:toast@toast-new:Simulation not generated] Magnitude 5.37 of event bmg2025awme is smaller than triggerMinMagnitude: no automatic simulation
2025/01/13 14:13:06.716293 [Incident:Info:toast@toast-new:Origin updated] Origin updated: OT: 2025-01-13 07:08:03,  Lat/Lon: -6.2941°/146.973°, Depth: 10
2025/01/13 14:13:06.716711 [Incident:Info:toast@toast-new:Magnitude updated] Magnitude updated: 5.35 (M)
2025/01/13 14:13:06.716885 [Simulation:Info:toast@toast-new:Simulation not generated] Magnitude 5.35 of event bmg2025awme is smaller than triggerMinMagnitude: no automatic simulation
2025/01/13 14:13:17.072656 [Incident:Info:toast@toast-new:Origin updated] Origin updated: OT: 2025-01-13 07:08:03,  Lat/Lon: -6.2941°/146.973°, Depth: 10
2025/01/13 14:13:17.073070 [Incident:Info:toast@toast-new:Magnitude updated] Magnitude updated: 5.35 (M)
2025/01/13 14:13:17.073226 [Simulation:Info:toast@toast-new:Simulation not generated] Magnitude 5.35 of event bmg2025awme is smaller than triggerMinMagnitude: no automatic simulation
2025/01/13 14:13:18.529616 [Incident:Info:toast@toast-new:Origin updated] Origin updated: OT: 2025-01-13 07:08:02,  Lat/Lon: -6.22084°/146.973°, Depth: 10
2025/01/13 14:13:18.530102 [Incident:Info:toast@toast-new:Magnitude updated] Magnitude updated: 5.36 (M)
2025/01/13 14:13:18.530329 [Simulation:Info:toast@toast-new:Simulation not generated] Magnitude 5.36 of event bmg2025awme is smaller than triggerMinMagnitude: no automatic simulation
2025/01/13 14:13:27.091409 [Incident:Info:toast@toast-new:Origin updated] Origin updated: OT: 2025-01-13 07:08:02,  Lat/Lon: -6.22084°/146.973°, Depth: 10
2025/01/13 14:13:27.091854 [Incident:Info:toast@toast-new:Magnitude updated] Magnitude updated: 5.36 (M)
2025/01/13 14:13:27.092050 [Simulation:Info:toast@toast-new:Simulation not generated] Magnitude 5.36 of event bmg2025awme is smaller than triggerMinMagnitude: no automatic simulation
2025/01/13 14:13:31.749780 [Incident:Info:toast@toast-new:Origin updated] Origin updated: OT: 2025-01-13 07:08:02,  Lat/Lon: -6.23437°/146.999°, Depth: 10
2025/01/13 14:13:31.750185 [Incident:Info:toast@toast-new:Magnitude updated] Magnitude updated: 5.34 (M)
2025/01/13 14:13:31.750360 [Simulation:Info:toast@toast-new:Simulation not generated] Magnitude 5.34 of event bmg2025awme is smaller than triggerMinMagnitude: no automatic simulation
2025/01/13 14:13:32.035873 [Incident:Info:toast@toast-new:Origin updated] Origin updated: OT: 2025-01-13 07:08:02,  Lat/Lon: -6.23437°/146.999°, Depth: 10
2025/01/13 14:13:32.036363 [Incident:Info:toast@toast-new:Magnitude updated] Magnitude updated: 5.33 (M)
2025/01/13 14:13:32.036620 [Simulation:Info:toast@toast-new:Simulation not generated] Magnitude 5.33 of event bmg2025awme is smaller than triggerMinMagnitude: no automatic simulation
2025/01/13 14:13:37.028621 [Incident:Info:toast@toast-new:Origin updated] Origin updated: OT: 2025-01-13 07:08:02,  Lat/Lon: -6.23437°/146.999°, Depth: 10
2025/01/13 14:13:37.029078 [Incident:Info:toast@toast-new:Magnitude updated] Magnitude updated: 5.31 (M)
2025/01/13 14:13:37.029291 [Simulation:Info:toast@toast-new:Simulation not generated] Magnitude 5.31 of event bmg2025awme is smaller than triggerMinMagnitude: no automatic simulation
2025/01/13 14:13:42.030771 [Incident:Info:toast@toast-new:Origin updated] Origin updated: OT: 2025-01-13 07:08:02,  Lat/Lon: -6.23437°/146.999°, Depth: 10
2025/01/13 14:13:42.031222 [Incident:Info:toast@toast-new:Magnitude updated] Magnitude updated: 5.33 (M)
2025/01/13 14:13:42.031412 [Simulation:Info:toast@toast-new:Simulation not generated] Magnitude 5.33 of event bmg2025awme is smaller than triggerMinMagnitude: no automatic simulation
2025/01/13 14:13:47.038000 [Incident:Info:toast@toast-new:Origin updated] Origin updated: OT: 2025-01-13 07:08:02,  Lat/Lon: -6.23437°/146.999°, Depth: 10
2025/01/13 14:13:47.038437 [Incident:Info:toast@toast-new:Magnitude updated] Magnitude updated: 5.28 (M)
2025/01/13 14:13:47.038622 [Simulation:Info:toast@toast-new:Simulation not generated] Magnitude 5.28 of event bmg2025awme is smaller than triggerMinMagnitude: no automatic simulation
2025/01/13 14:13:47.569824 [Incident:Info:toast@toast-new:Origin updated] Origin updated: OT: 2025-01-13 07:08:01,  Lat/Lon: -6.24316°/146.991°, Depth: 10
2025/01/13 14:13:47.570306 [Incident:Info:toast@toast-new:Magnitude updated] Magnitude updated: 5.28 (M)
2025/01/13 14:13:47.570508 [Simulation:Info:toast@toast-new:Simulation not generated] Magnitude 5.28 of event bmg2025awme is smaller than triggerMinMagnitude: no automatic simulation
2025/01/13 14:13:57.037711 [Incident:Info:toast@toast-new:Origin updated] Origin updated: OT: 2025-01-13 07:08:01,  Lat/Lon: -6.24316°/146.991°, Depth: 10
2025/01/13 14:13:57.038242 [Incident:Info:toast@toast-new:Magnitude updated] Magnitude updated: 5.28 (M)
2025/01/13 14:13:57.038484 [Simulation:Info:toast@toast-new:Simulation not generated] Magnitude 5.28 of event bmg2025awme is smaller than triggerMinMagnitude: no automatic simulation
2025/01/13 14:14:05.724844 [Incident:Info:toast@toast-new:Origin updated] Origin updated: OT: 2025-01-13 07:08:01,  Lat/Lon: -6.24316°/146.991°, Depth: 10
2025/01/13 14:14:05.725330 [Incident:Info:toast@toast-new:Magnitude updated] Magnitude updated: 5.27 (M)
2025/01/13 14:14:05.725530 [Simulation:Info:toast@toast-new:Simulation not generated] Magnitude 5.27 of event bmg2025awme is smaller than triggerMinMagnitude: no automatic simulation
2025/01/13 14:14:05.739168 [Incident:Info:toast@toast-new:Origin updated] Origin updated: OT: 2025-01-13 07:08:00,  Lat/Lon: -6.23737°/146.959°, Depth: 10
2025/01/13 14:14:05.739512 [Incident:Info:toast@toast-new:Magnitude updated] Magnitude updated: 5.24 (M)
2025/01/13 14:14:05.739644 [Simulation:Info:toast@toast-new:Simulation not generated] Magnitude 5.24 of event bmg2025awme is smaller than triggerMinMagnitude: no automatic simulation
2025/01/13 14:14:12.043228 [Incident:Info:toast@toast-new:Origin updated] Origin updated: OT: 2025-01-13 07:08:00,  Lat/Lon: -6.23737°/146.959°, Depth: 10
2025/01/13 14:14:12.043860 [Incident:Info:toast@toast-new:Magnitude updated] Magnitude updated: 5.21 (M)
2025/01/13 14:14:12.044252 [Simulation:Info:toast@toast-new:Simulation not generated] Magnitude 5.21 of event bmg2025awme is smaller than triggerMinMagnitude: no automatic simulation
2025/01/13 14:14:22.021645 [Incident:Info:toast@toast-new:Origin updated] Origin updated: OT: 2025-01-13 07:08:00,  Lat/Lon: -6.23737°/146.959°, Depth: 10
2025/01/13 14:14:22.022281 [Incident:Info:toast@toast-new:Magnitude updated] Magnitude updated: 5.24 (M)
2025/01/13 14:14:22.022640 [Simulation:Info:toast@toast-new:Simulation not generated] Magnitude 5.24 of event bmg2025awme is smaller than triggerMinMagnitude: no automatic simulation
2025/01/13 14:14:24.613867 [Incident:Info:toast@toast-new:Origin updated] Origin updated: OT: 2025-01-13 07:08:00,  Lat/Lon: -6.23737°/146.959°, Depth: 10
2025/01/13 14:14:24.614425 [Incident:Info:toast@toast-new:Magnitude updated] Magnitude updated: 5.23 (M)
2025/01/13 14:14:24.614691 [Simulation:Info:toast@toast-new:Simulation not generated] Magnitude 5.23 of event bmg2025awme is smaller than triggerMinMagnitude: no automatic simulation
2025/01/13 14:14:24.630884 [Incident:Info:toast@toast-new:Origin updated] Origin updated: OT: 2025-01-13 07:08:00,  Lat/Lon: -6.26323°/146.917°, Depth: 10
2025/01/13 14:14:24.631255 [Incident:Info:toast@toast-new:Magnitude updated] Magnitude updated: 5.21 (M)
2025/01/13 14:14:24.631410 [Simulation:Info:toast@toast-new:Simulation not generated] Magnitude 5.21 of event bmg2025awme is smaller than triggerMinMagnitude: no automatic simulation
2025/01/13 14:14:27.033198 [Incident:Info:toast@toast-new:Origin updated] Origin updated: OT: 2025-01-13 07:08:00,  Lat/Lon: -6.26323°/146.917°, Depth: 10
2025/01/13 14:14:27.033776 [Incident:Info:toast@toast-new:Magnitude updated] Magnitude updated: 5.20 (M)
2025/01/13 14:14:27.034068 [Simulation:Info:toast@toast-new:Simulation not generated] Magnitude 5.20 of event bmg2025awme is smaller than triggerMinMagnitude: no automatic simulation
2025/01/13 14:14:32.056769 [Incident:Info:toast@toast-new:Origin updated] Origin updated: OT: 2025-01-13 07:08:00,  Lat/Lon: -6.26323°/146.917°, Depth: 10
2025/01/13 14:14:32.057229 [Incident:Info:toast@toast-new:Magnitude updated] Magnitude updated: 5.20 (M)
2025/01/13 14:14:32.057437 [Simulation:Info:toast@toast-new:Simulation not generated] Magnitude 5.20 of event bmg2025awme is smaller than triggerMinMagnitude: no automatic simulation
2025/01/13 14:14:37.049095 [Incident:Info:toast@toast-new:Origin updated] Origin updated: OT: 2025-01-13 07:08:00,  Lat/Lon: -6.26323°/146.917°, Depth: 10
2025/01/13 14:14:37.049700 [Incident:Info:toast@toast-new:Magnitude updated] Magnitude updated: 5.22 (M)
2025/01/13 14:14:37.049956 [Simulation:Info:toast@toast-new:Simulation not generated] Magnitude 5.22 of event bmg2025awme is smaller than triggerMinMagnitude: no automatic simulation
2025/01/13 14:14:42.026637 [Incident:Info:toast@toast-new:Origin updated] Origin updated: OT: 2025-01-13 07:08:00,  Lat/Lon: -6.26323°/146.917°, Depth: 10
2025/01/13 14:14:42.027265 [Incident:Info:toast@toast-new:Magnitude updated] Magnitude updated: 5.21 (M)
2025/01/13 14:14:42.027560 [Simulation:Info:toast@toast-new:Simulation not generated] Magnitude 5.21 of event bmg2025awme is smaller than triggerMinMagnitude: no automatic simulation
2025/01/13 14:14:47.032954 [Incident:Info:toast@toast-new:Origin updated] Origin updated: OT: 2025-01-13 07:08:00,  Lat/Lon: -6.26323°/146.917°, Depth: 10
2025/01/13 14:14:47.033506 [Incident:Info:toast@toast-new:Magnitude updated] Magnitude updated: 5.24 (M)
2025/01/13 14:14:47.033757 [Simulation:Info:toast@toast-new:Simulation not generated] Magnitude 5.24 of event bmg2025awme is smaller than triggerMinMagnitude: no automatic simulation
2025/01/13 14:14:47.050319 [Incident:Info:toast@toast-new:Origin updated] Origin updated: OT: 2025-01-13 07:08:00,  Lat/Lon: -6.26323°/146.917°, Depth: 10
2025/01/13 14:14:47.050781 [Incident:Info:toast@toast-new:Magnitude updated] Magnitude updated: 5.20 (Mw(mB))
2025/01/13 14:14:47.050921 [Simulation:Info:toast@toast-new:Simulation not generated] Magnitude 5.20 of event bmg2025awme is smaller than triggerMinMagnitude: no automatic simulation
2025/01/13 14:14:52.047654 [Incident:Info:toast@toast-new:Origin updated] Origin updated: OT: 2025-01-13 07:08:00,  Lat/Lon: -6.26323°/146.917°, Depth: 10
2025/01/13 14:14:52.048329 [Incident:Info:toast@toast-new:Magnitude updated] Magnitude updated: 5.25 (Mw(mB))
2025/01/13 14:14:52.048708 [Simulation:Info:toast@toast-new:Simulation not generated] Magnitude 5.25 of event bmg2025awme is smaller than triggerMinMagnitude: no automatic simulation
2025/01/13 14:14:55.875975 [Incident:Info:toast@toast-new:Origin updated] Origin updated: OT: 2025-01-13 07:08:07,  Lat/Lon: -6.29813°/147.036°, Depth: 92.8019
2025/01/13 14:14:55.876641 [Incident:Info:toast@toast-new:Magnitude updated] Magnitude updated: 5.17 (Mw(mB))
2025/01/13 14:14:55.876948 [Simulation:Info:toast@toast-new:Simulation not generated] Magnitude 5.17 of event bmg2025awme is smaller than triggerMinMagnitude: no automatic simulation
2025/01/13 14:14:57.141271 [Incident:Info:toast@toast-new:Origin updated] Origin updated: OT: 2025-01-13 07:08:07,  Lat/Lon: -6.29813°/147.036°, Depth: 92.8019
2025/01/13 14:14:57.141903 [Incident:Info:toast@toast-new:Magnitude updated] Magnitude updated: 5.19 (Mw(mB))
2025/01/13 14:14:57.142188 [Simulation:Info:toast@toast-new:Simulation not generated] Magnitude 5.19 of event bmg2025awme is smaller than triggerMinMagnitude: no automatic simulation
2025/01/15 06:51:59.068412 [Incident:Info:toast@toast-new:Origin updated] Origin updated: OT: 2025-01-13 07:08:07,  Lat/Lon: -6.29813°/147.036°, Depth: 92.8019
2025/01/15 06:51:59.068846 [Incident:Info:toast@toast-new:Magnitude updated] Magnitude updated: 5.19 (Mw(mB))
2025/01/15 06:51:59.069008 [Simulation:Info:toast@toast-new:Simulation not generated] Magnitude 5.19 of event bmg2025awme is smaller than triggerMinMagnitude: no automatic simulation
2025/01/15 06:51:59.156702 [Incident:Info:toast@toast-new:Origin updated] Origin updated: OT: 2025-01-13 07:08:07,  Lat/Lon: -6.29813°/147.036°, Depth: 92.8019
2025/01/15 06:51:59.157088 [Simulation:Info:toast@toast-new:Simulation not generated] Magnitude 5.19 of event bmg2025awme is smaller than triggerMinMagnitude: no automatic simulation
2025/01/15 06:55:01.501854 [Incident:Info:toast@toast-new:Origin updated] Origin updated: OT: 2025-01-13 07:08:07,  Lat/Lon: -6.29813°/147.036°, Depth: 92.8019
2025/01/15 06:55:01.502436 [Incident:Info:toast@toast-new:Magnitude updated] Magnitude updated: 5.39 (mb)
2025/01/15 06:55:01.502685 [Simulation:Info:toast@toast-new:Simulation not generated] Magnitude 5.39 of event bmg2025awme is smaller than triggerMinMagnitude: no automatic simulation
