2025/03/10 10:23:17.300241 [Incident:Info:toast@toast-new:Displacement(s) updated] Added 0 and changed 0 displacements with 0 amplitudes
2025/03/10 10:23:17.339758 [Incident:Info:toast@toast-new:Incident created] Incident created based on event received from messaging: OT: 2025-03-10 03:17:38,  Lat/Lon: -5.68°/146.83°, Depth: 124.88, Mag: 5.02 (M)
2025/03/10 10:23:17.340081 [Simulation:Info:toast@toast-new:Simulation not generated] Magnitude 5.02 of event bmg2025eums is smaller than triggerMinMagnitude: no automatic simulation
2025/03/10 10:23:17.348962 [Incident:Info:toast@toast-new:Origin updated] Origin updated: OT: 2025-03-10 03:17:38,  Lat/Lon: -5.6799°/146.827°, Depth: 124.876
2025/03/10 10:23:17.349048 [Simulation:Info:toast@toast-new:Simulation not generated] Magnitude 5.02 of event bmg2025eums is smaller than triggerMinMagnitude: no automatic simulation
2025/03/10 10:23:25.846395 [Incident:Info:toast@toast-new:Origin updated] Origin updated: OT: 2025-03-10 03:17:38,  Lat/Lon: -5.6799°/146.836°, Depth: 132.463
2025/03/10 10:23:25.846597 [Incident:Info:toast@toast-new:Magnitude updated] Magnitude updated: 5.00 (M)
2025/03/10 10:23:25.846638 [Simulation:Info:toast@toast-new:Simulation not generated] Magnitude 5.00 of event bmg2025eums is smaller than triggerMinMagnitude: no automatic simulation
2025/03/10 10:23:44.361585 [Incident:Info:toast@toast-new:Origin updated] Origin updated: OT: 2025-03-10 03:17:38,  Lat/Lon: -5.67293°/146.837°, Depth: 133.719
2025/03/10 10:23:44.361816 [Incident:Info:toast@toast-new:Magnitude updated] Magnitude updated: 5.04 (M)
2025/03/10 10:23:44.361867 [Simulation:Info:toast@toast-new:Simulation not generated] Magnitude 5.04 of event bmg2025eums is smaller than triggerMinMagnitude: no automatic simulation
2025/03/10 10:23:49.353377 [Incident:Info:toast@toast-new:Origin updated] Origin updated: OT: 2025-03-10 03:17:38,  Lat/Lon: -5.67293°/146.837°, Depth: 133.719
2025/03/10 10:23:49.353581 [Incident:Info:toast@toast-new:Magnitude updated] Magnitude updated: 5.06 (M)
2025/03/10 10:23:49.353645 [Simulation:Info:toast@toast-new:Simulation not generated] Magnitude 5.06 of event bmg2025eums is smaller than triggerMinMagnitude: no automatic simulation
2025/03/10 10:23:53.720922 [Incident:Info:toast@toast-new:Origin updated] Origin updated: OT: 2025-03-10 03:17:38,  Lat/Lon: -5.6743°/146.839°, Depth: 134.579
2025/03/10 10:23:53.721167 [Incident:Info:toast@toast-new:Magnitude updated] Magnitude updated: 5.07 (M)
2025/03/10 10:23:53.721221 [Simulation:Info:toast@toast-new:Simulation not generated] Magnitude 5.07 of event bmg2025eums is smaller than triggerMinMagnitude: no automatic simulation
2025/03/10 10:24:08.734587 [Incident:Info:toast@toast-new:Origin updated] Origin updated: OT: 2025-03-10 03:17:38,  Lat/Lon: -5.6743°/146.839°, Depth: 134.579
2025/03/10 10:24:08.734837 [Incident:Info:toast@toast-new:Magnitude updated] Magnitude updated: 5.08 (M)
2025/03/10 10:24:08.734909 [Simulation:Info:toast@toast-new:Simulation not generated] Magnitude 5.08 of event bmg2025eums is smaller than triggerMinMagnitude: no automatic simulation
2025/03/10 10:24:08.752453 [Incident:Info:toast@toast-new:Origin updated] Origin updated: OT: 2025-03-10 03:17:38,  Lat/Lon: -5.67455°/146.842°, Depth: 136.617
2025/03/10 10:24:08.752562 [Incident:Info:toast@toast-new:Magnitude updated] Magnitude updated: 5.08 (M)
2025/03/10 10:24:08.752585 [Simulation:Info:toast@toast-new:Simulation not generated] Magnitude 5.08 of event bmg2025eums is smaller than triggerMinMagnitude: no automatic simulation
2025/03/10 10:24:37.146454 [Incident:Info:toast@toast-new:Origin updated] Origin updated: OT: 2025-03-10 03:17:38,  Lat/Lon: -5.68426°/146.839°, Depth: 134.011
2025/03/10 10:24:37.146680 [Incident:Info:toast@toast-new:Magnitude updated] Magnitude updated: 5.08 (M)
2025/03/10 10:24:37.146725 [Simulation:Info:toast@toast-new:Simulation not generated] Magnitude 5.08 of event bmg2025eums is smaller than triggerMinMagnitude: no automatic simulation
2025/03/10 10:25:08.227421 [Incident:Info:toast@toast-new:Origin updated] Origin updated: OT: 2025-03-10 03:17:38,  Lat/Lon: -5.68159°/146.843°, Depth: 136.033
2025/03/10 10:25:08.227645 [Incident:Info:toast@toast-new:Magnitude updated] Magnitude updated: 5.08 (M)
2025/03/10 10:25:08.227684 [Simulation:Info:toast@toast-new:Simulation not generated] Magnitude 5.08 of event bmg2025eums is smaller than triggerMinMagnitude: no automatic simulation
2025/03/10 10:25:31.465743 [Incident:Info:toast@toast-new:Origin updated] Origin updated: OT: 2025-03-10 03:17:38,  Lat/Lon: -5.67805°/146.846°, Depth: 137.562
2025/03/10 10:25:31.465958 [Incident:Info:toast@toast-new:Magnitude updated] Magnitude updated: 5.08 (M)
2025/03/10 10:25:31.466003 [Simulation:Info:toast@toast-new:Simulation not generated] Magnitude 5.08 of event bmg2025eums is smaller than triggerMinMagnitude: no automatic simulation
2025/03/10 10:26:05.230005 [Incident:Info:toast@toast-new:Origin updated] Origin updated: OT: 2025-03-10 03:17:38,  Lat/Lon: -5.69445°/146.839°, Depth: 134.142
2025/03/10 10:26:05.230215 [Incident:Info:toast@toast-new:Magnitude updated] Magnitude updated: 5.09 (M)
2025/03/10 10:26:05.230250 [Simulation:Info:toast@toast-new:Simulation not generated] Magnitude 5.09 of event bmg2025eums is smaller than triggerMinMagnitude: no automatic simulation
2025/03/10 10:26:34.345552 [Incident:Info:toast@toast-new:Origin updated] Origin updated: OT: 2025-03-10 03:17:38,  Lat/Lon: -5.69445°/146.839°, Depth: 134.142
2025/03/10 10:26:34.345759 [Incident:Info:toast@toast-new:Magnitude updated] Magnitude updated: 5.12 (M)
2025/03/10 10:26:34.345804 [Simulation:Info:toast@toast-new:Simulation not generated] Magnitude 5.12 of event bmg2025eums is smaller than triggerMinMagnitude: no automatic simulation
2025/03/10 10:26:49.319888 [Incident:Info:toast@toast-new:Origin updated] Origin updated: OT: 2025-03-10 03:17:38,  Lat/Lon: -5.57944°/146.776°, Depth: 129.994
2025/03/10 10:26:49.320028 [Incident:Info:toast@toast-new:Magnitude updated] Magnitude updated: 5.07 (M)
2025/03/10 10:26:49.320051 [Simulation:Info:toast@toast-new:Simulation not generated] Magnitude 5.07 of event bmg2025eums is smaller than triggerMinMagnitude: no automatic simulation
2025/03/10 10:27:25.845062 [Incident:Info:toast@toast-new:Origin updated] Origin updated: OT: 2025-03-10 03:17:38,  Lat/Lon: -5.57609°/146.778°, Depth: 131.971
2025/03/10 10:27:25.845188 [Incident:Info:toast@toast-new:Magnitude updated] Magnitude updated: 5.07 (M)
2025/03/10 10:27:25.845211 [Simulation:Info:toast@toast-new:Simulation not generated] Magnitude 5.07 of event bmg2025eums is smaller than triggerMinMagnitude: no automatic simulation
2025/03/10 10:27:39.287655 [Incident:Info:toast@toast-new:Origin updated] Origin updated: OT: 2025-03-10 03:17:38,  Lat/Lon: -5.57609°/146.778°, Depth: 131.971
2025/03/10 10:27:39.287814 [Incident:Info:toast@toast-new:FM updated] FM updated
2025/03/10 10:27:39.288035 [Simulation:Info:toast@toast-new:Simulation not generated] Magnitude 5.07 of event bmg2025eums is smaller than triggerMinMagnitude: no automatic simulation
2025/03/10 17:48:04.561742 [Incident:Info:toast@toast-new:Origin updated] Origin updated: OT: 2025-03-10 03:17:38,  Lat/Lon: -5.63075°/146.804°, Depth: 131.608
2025/03/10 17:48:04.561930 [Incident:Info:toast@toast-new:Magnitude updated] Magnitude updated: 5.04 (M)
2025/03/10 17:48:04.561980 [Incident:Info:toast@toast-new:FM updated] FM updated
2025/03/10 17:48:04.562119 [Simulation:Info:toast@toast-new:Simulation not generated] Magnitude 5.04 of event bmg2025eums is smaller than triggerMinMagnitude: no automatic simulation
2025/03/10 17:48:11.761963 [Incident:Info:toast@toast-new:Origin updated] Origin updated: OT: 2025-03-10 03:17:38,  Lat/Lon: -5.63075°/146.804°, Depth: 131.608
2025/03/10 17:48:11.762261 [Simulation:Info:toast@toast-new:Simulation not generated] Magnitude 5.04 of event bmg2025eums is smaller than triggerMinMagnitude: no automatic simulation
2025/03/11 09:35:18.084187 [Incident:Info:toast@toast-new:Incident removed] Removed incident - Bye
