2025/07/14 12:40:50.119634 [Incident:Info:toast@toast-new:Displacement(s) updated] Added 0 and changed 0 displacements with 0 amplitudes
2025/07/14 12:40:50.120315 [Incident:Info:toast@toast-new:Incident created] Incident created based on event received from messaging: OT: 2025-07-14 05:39:09,  Lat/Lon: 1.32°/126.55°, Depth: 10.00, Mag: 5.03 (M)
2025/07/14 12:40:50.120990 [Simulation:Info:toast@toast-new:Simulation not generated] Magnitude 5.03 of event bmg2025nqwu is smaller than triggerMinMagnitude: no automatic simulation
2025/07/14 12:40:50.273791 [Incident:Info:toast@toast-new:Origin updated] Origin updated: OT: 2025-07-14 05:39:09,  Lat/Lon: 1.32463°/126.554°, Depth: 10
2025/07/14 12:40:50.273942 [Simulation:Info:toast@toast-new:Simulation not generated] Magnitude 5.03 of event bmg2025nqwu is smaller than triggerMinMagnitude: no automatic simulation
2025/07/14 12:40:56.139089 [Incident:Info:toast@toast-new:Origin updated] Origin updated: OT: 2025-07-14 05:39:09,  Lat/Lon: 1.32463°/126.554°, Depth: 10
2025/07/14 12:40:56.139276 [Incident:Info:toast@toast-new:Magnitude updated] Magnitude updated: 5.05 (M)
2025/07/14 12:40:56.139338 [Simulation:Info:toast@toast-new:Simulation not generated] Magnitude 5.05 of event bmg2025nqwu is smaller than triggerMinMagnitude: no automatic simulation
2025/07/14 12:40:59.821779 [Incident:Info:toast@toast-new:Origin updated] Origin updated: OT: 2025-07-14 05:39:09,  Lat/Lon: 1.35124°/126.556°, Depth: 10
2025/07/14 12:40:59.822007 [Incident:Info:toast@toast-new:Magnitude updated] Magnitude updated: 5.10 (M)
2025/07/14 12:40:59.822049 [Simulation:Info:toast@toast-new:Simulation not generated] Magnitude 5.10 of event bmg2025nqwu is smaller than triggerMinMagnitude: no automatic simulation
2025/07/14 12:41:01.085937 [Incident:Info:toast@toast-new:Origin updated] Origin updated: OT: 2025-07-14 05:39:09,  Lat/Lon: 1.35124°/126.556°, Depth: 10
2025/07/14 12:41:01.086115 [Incident:Info:toast@toast-new:Magnitude updated] Magnitude updated: 5.10 (M)
2025/07/14 12:41:01.086158 [Simulation:Info:toast@toast-new:Simulation not generated] Magnitude 5.10 of event bmg2025nqwu is smaller than triggerMinMagnitude: no automatic simulation
2025/07/14 12:41:06.084756 [Incident:Info:toast@toast-new:Origin updated] Origin updated: OT: 2025-07-14 05:39:09,  Lat/Lon: 1.35124°/126.556°, Depth: 10
2025/07/14 12:41:06.084981 [Incident:Info:toast@toast-new:Magnitude updated] Magnitude updated: 5.12 (M)
2025/07/14 12:41:06.085034 [Simulation:Info:toast@toast-new:Simulation not generated] Magnitude 5.12 of event bmg2025nqwu is smaller than triggerMinMagnitude: no automatic simulation
2025/07/14 12:41:11.081125 [Incident:Info:toast@toast-new:Origin updated] Origin updated: OT: 2025-07-14 05:39:09,  Lat/Lon: 1.35124°/126.556°, Depth: 10
2025/07/14 12:41:11.081311 [Incident:Info:toast@toast-new:Magnitude updated] Magnitude updated: 5.12 (M)
2025/07/14 12:41:11.081347 [Simulation:Info:toast@toast-new:Simulation not generated] Magnitude 5.12 of event bmg2025nqwu is smaller than triggerMinMagnitude: no automatic simulation
2025/07/14 12:41:15.420307 [Incident:Info:toast@toast-new:Origin updated] Origin updated: OT: 2025-07-14 05:39:09,  Lat/Lon: 1.36732°/126.558°, Depth: 10
2025/07/14 12:41:15.420498 [Incident:Info:toast@toast-new:Magnitude updated] Magnitude updated: 5.13 (M)
2025/07/14 12:41:15.420527 [Simulation:Info:toast@toast-new:Simulation not generated] Magnitude 5.13 of event bmg2025nqwu is smaller than triggerMinMagnitude: no automatic simulation
2025/07/14 12:41:16.087626 [Incident:Info:toast@toast-new:Origin updated] Origin updated: OT: 2025-07-14 05:39:09,  Lat/Lon: 1.36732°/126.558°, Depth: 10
2025/07/14 12:41:16.087795 [Incident:Info:toast@toast-new:Magnitude updated] Magnitude updated: 5.13 (M)
2025/07/14 12:41:16.087825 [Simulation:Info:toast@toast-new:Simulation not generated] Magnitude 5.13 of event bmg2025nqwu is smaller than triggerMinMagnitude: no automatic simulation
2025/07/14 12:41:21.158113 [Incident:Info:toast@toast-new:Origin updated] Origin updated: OT: 2025-07-14 05:39:09,  Lat/Lon: 1.36732°/126.558°, Depth: 10
2025/07/14 12:41:21.158341 [Incident:Info:toast@toast-new:Magnitude updated] Magnitude updated: 5.14 (M)
2025/07/14 12:41:21.158396 [Simulation:Info:toast@toast-new:Simulation not generated] Magnitude 5.14 of event bmg2025nqwu is smaller than triggerMinMagnitude: no automatic simulation
2025/07/14 12:41:24.209970 [Incident:Info:toast@toast-new:Origin updated] Origin updated: OT: 2025-07-14 05:39:09,  Lat/Lon: 1.31319°/126.526°, Depth: 11.0952
2025/07/14 12:41:24.210162 [Incident:Info:toast@toast-new:Magnitude updated] Magnitude updated: 5.04 (MLv)
2025/07/14 12:41:24.210210 [Simulation:Info:toast@toast-new:Simulation not generated] Magnitude 5.04 of event bmg2025nqwu is smaller than triggerMinMagnitude: no automatic simulation
2025/07/14 12:41:24.328368 [Incident:Info:toast@toast-new:Origin updated] Origin updated: OT: 2025-07-14 05:39:09,  Lat/Lon: 1.31319°/126.526°, Depth: 11.0952
2025/07/14 12:41:24.328555 [Incident:Info:toast@toast-new:Magnitude updated] Magnitude updated: 5.10 (M)
2025/07/14 12:41:24.328623 [Simulation:Info:toast@toast-new:Simulation not generated] Magnitude 5.10 of event bmg2025nqwu is smaller than triggerMinMagnitude: no automatic simulation
2025/07/14 12:41:31.103828 [Incident:Info:toast@toast-new:Origin updated] Origin updated: OT: 2025-07-14 05:39:09,  Lat/Lon: 1.31319°/126.526°, Depth: 11.0952
2025/07/14 12:41:31.104049 [Incident:Info:toast@toast-new:Magnitude updated] Magnitude updated: 5.11 (M)
2025/07/14 12:41:31.104102 [Simulation:Info:toast@toast-new:Simulation not generated] Magnitude 5.11 of event bmg2025nqwu is smaller than triggerMinMagnitude: no automatic simulation
2025/07/14 12:41:36.203480 [Incident:Info:toast@toast-new:Origin updated] Origin updated: OT: 2025-07-14 05:39:09,  Lat/Lon: 1.31319°/126.526°, Depth: 11.0952
2025/07/14 12:41:36.203668 [Incident:Info:toast@toast-new:Magnitude updated] Magnitude updated: 5.11 (M)
2025/07/14 12:41:36.203706 [Simulation:Info:toast@toast-new:Simulation not generated] Magnitude 5.11 of event bmg2025nqwu is smaller than triggerMinMagnitude: no automatic simulation
2025/07/14 12:41:41.258023 [Incident:Info:toast@toast-new:Origin updated] Origin updated: OT: 2025-07-14 05:39:09,  Lat/Lon: 1.31319°/126.526°, Depth: 11.0952
2025/07/14 12:41:41.258208 [Incident:Info:toast@toast-new:Magnitude updated] Magnitude updated: 5.13 (M)
2025/07/14 12:41:41.258251 [Simulation:Info:toast@toast-new:Simulation not generated] Magnitude 5.13 of event bmg2025nqwu is smaller than triggerMinMagnitude: no automatic simulation
2025/07/14 12:42:41.320179 [Incident:Info:toast@toast-new:Origin updated] Origin updated: OT: 2025-07-14 05:39:09,  Lat/Lon: 1.31319°/126.526°, Depth: 11.0952
2025/07/14 12:42:41.320345 [Incident:Info:toast@toast-new:Magnitude updated] Magnitude updated: 5.13 (M)
2025/07/14 12:42:41.320384 [Simulation:Info:toast@toast-new:Simulation not generated] Magnitude 5.13 of event bmg2025nqwu is smaller than triggerMinMagnitude: no automatic simulation
2025/07/14 12:42:45.273476 [Incident:Info:toast@toast-new:Origin updated] Origin updated: OT: 2025-07-14 05:39:09,  Lat/Lon: 1.31319°/126.526°, Depth: 11.0952
2025/07/14 12:42:45.273663 [Incident:Info:toast@toast-new:FM updated] FM updated
2025/07/14 12:42:45.273929 [Simulation:Info:toast@toast-new:Simulation not generated] Magnitude 5.13 of event bmg2025nqwu is smaller than triggerMinMagnitude: no automatic simulation
2025/07/14 12:44:05.467899 [Incident:Info:toast@toast-new:Origin updated] Origin updated: OT: 2025-07-14 05:39:09,  Lat/Lon: 1.31319°/126.526°, Depth: 11.0952
2025/07/14 12:44:05.468102 [Incident:Info:toast@toast-new:FM updated] FM updated
2025/07/14 12:44:05.468391 [Simulation:Info:toast@toast-new:Simulation not generated] Magnitude 5.13 of event bmg2025nqwu is smaller than triggerMinMagnitude: no automatic simulation
2025/07/14 12:44:14.648525 [Incident:Info:toast@toast-new:Origin updated] Origin updated: OT: 2025-07-14 05:39:09,  Lat/Lon: 1.37323°/126.567°, Depth: 11.6382
2025/07/14 12:44:14.648754 [Incident:Info:toast@toast-new:Magnitude updated] Magnitude updated: 5.17 (MLv)
2025/07/14 12:44:14.648822 [Simulation:Info:toast@toast-new:Simulation not generated] Magnitude 5.17 of event bmg2025nqwu is smaller than triggerMinMagnitude: no automatic simulation
2025/07/14 12:44:14.711853 [Incident:Info:toast@toast-new:Origin updated] Origin updated: OT: 2025-07-14 05:39:09,  Lat/Lon: 1.37323°/126.567°, Depth: 11.6382
2025/07/14 12:44:14.711973 [Incident:Info:toast@toast-new:Magnitude updated] Magnitude updated: 5.17 (M)
2025/07/14 12:44:14.711994 [Simulation:Info:toast@toast-new:Simulation not generated] Magnitude 5.17 of event bmg2025nqwu is smaller than triggerMinMagnitude: no automatic simulation
2025/07/14 12:45:09.668371 [Incident:Info:toast@toast-new:Origin updated] Origin updated: OT: 2025-07-14 05:39:09,  Lat/Lon: 1.37323°/126.567°, Depth: 11.6382
2025/07/14 12:45:09.668566 [Simulation:Info:toast@toast-new:Simulation not generated] Magnitude 5.17 of event bmg2025nqwu is smaller than triggerMinMagnitude: no automatic simulation
2025/07/14 12:45:09.687796 [Incident:Info:toast@toast-new:Origin updated] Origin updated: OT: 2025-07-14 05:39:09,  Lat/Lon: 1.37323°/126.567°, Depth: 11.6382
2025/07/14 12:45:09.687930 [Incident:Info:toast@toast-new:Magnitude updated] Magnitude updated: 5.21 (Mw)
2025/07/14 12:45:09.687965 [Simulation:Info:toast@toast-new:Simulation not generated] Magnitude 5.21 of event bmg2025nqwu is smaller than triggerMinMagnitude: no automatic simulation
