2025/03/10 09:44:11.411062 [Incident:Info:toast@toast-new:Displacement(s) updated] Added 0 and changed 0 displacements with 0 amplitudes
2025/03/10 09:44:11.450402 [Incident:Info:toast@toast-new:Incident created] Incident created based on event received from messaging: OT: 2025-03-10 02:33:15,  Lat/Lon: 71.08°/-8.25°, Depth: 10.00, Mag: 6.42 (Mw(mB))
2025/03/10 09:44:11.450697 [Simulation:Info:toast@toast-new:Simulation not generated] Magnitude 6.42 of event bmg2025eulg is smaller than triggerMinMagnitude: no automatic simulation
2025/03/10 09:44:11.478871 [Incident:Info:toast@toast-new:Origin updated] Origin updated: OT: 2025-03-10 02:33:15,  Lat/Lon: 71.0772°/-8.24527°, Depth: 10
2025/03/10 09:44:11.478947 [Simulation:Info:toast@toast-new:Simulation not generated] Magnitude 6.42 of event bmg2025eulg is smaller than triggerMinMagnitude: no automatic simulation
2025/03/10 09:44:27.558431 [Incident:Info:toast@toast-new:Origin updated] Origin updated: OT: 2025-03-10 02:33:15,  Lat/Lon: 71.1187°/-8.25271°, Depth: 10
2025/03/10 09:44:27.558566 [Incident:Info:toast@toast-new:Magnitude updated] Magnitude updated: 6.44 (Mw(mB))
2025/03/10 09:44:27.558588 [Simulation:Info:toast@toast-new:Simulation not generated] Magnitude 6.44 of event bmg2025eulg is smaller than triggerMinMagnitude: no automatic simulation
2025/03/10 09:45:04.397480 [Incident:Info:toast@toast-new:Origin updated] Origin updated: OT: 2025-03-10 02:33:15,  Lat/Lon: 71.1187°/-8.25271°, Depth: 10
2025/03/10 09:45:04.397608 [Incident:Info:toast@toast-new:Magnitude updated] Magnitude updated: 6.46 (Mw(mB))
2025/03/10 09:45:04.397642 [Simulation:Info:toast@toast-new:Simulation not generated] Magnitude 6.46 of event bmg2025eulg is smaller than triggerMinMagnitude: no automatic simulation
2025/03/10 09:45:07.680188 [Incident:Info:toast@toast-new:Origin updated] Origin updated: OT: 2025-03-10 02:33:15,  Lat/Lon: 71.1112°/-8.24867°, Depth: 10
2025/03/10 09:45:07.680336 [Incident:Info:toast@toast-new:Magnitude updated] Magnitude updated: 6.46 (Mw(mB))
2025/03/10 09:45:07.680360 [Simulation:Info:toast@toast-new:Simulation not generated] Magnitude 6.46 of event bmg2025eulg is smaller than triggerMinMagnitude: no automatic simulation
2025/03/10 09:45:09.383189 [Incident:Info:toast@toast-new:Origin updated] Origin updated: OT: 2025-03-10 02:33:15,  Lat/Lon: 71.1112°/-8.24867°, Depth: 10
2025/03/10 09:45:09.383318 [Incident:Info:toast@toast-new:Magnitude updated] Magnitude updated: 6.48 (Mw(mB))
2025/03/10 09:45:09.383351 [Simulation:Info:toast@toast-new:Simulation not generated] Magnitude 6.48 of event bmg2025eulg is smaller than triggerMinMagnitude: no automatic simulation
2025/03/10 09:45:34.035895 [Incident:Info:toast@toast-new:Origin updated] Origin updated: OT: 2025-03-10 02:33:15,  Lat/Lon: 71.1202°/-8.24794°, Depth: 10
2025/03/10 09:45:34.036022 [Incident:Info:toast@toast-new:Magnitude updated] Magnitude updated: 6.49 (Mw(mB))
2025/03/10 09:45:34.036045 [Simulation:Info:toast@toast-new:Simulation not generated] Magnitude 6.49 of event bmg2025eulg is smaller than triggerMinMagnitude: no automatic simulation
2025/03/10 09:45:43.772250 [Incident:Info:toast@toast-new:Origin updated] Origin updated: OT: 2025-03-10 02:33:15,  Lat/Lon: 71.1372°/-8.24146°, Depth: 10
2025/03/10 09:45:43.772369 [Incident:Info:toast@toast-new:Magnitude updated] Magnitude updated: 6.49 (Mw(mB))
2025/03/10 09:45:43.772390 [Simulation:Info:toast@toast-new:Simulation not generated] Magnitude 6.49 of event bmg2025eulg is smaller than triggerMinMagnitude: no automatic simulation
2025/03/10 09:45:59.389882 [Incident:Info:toast@toast-new:Origin updated] Origin updated: OT: 2025-03-10 02:33:15,  Lat/Lon: 71.1372°/-8.24146°, Depth: 10
2025/03/10 09:45:59.390011 [Incident:Info:toast@toast-new:Magnitude updated] Magnitude updated: 6.11 (Mw(Mwp))
2025/03/10 09:45:59.390046 [Simulation:Info:toast@toast-new:Simulation not generated] Magnitude 6.11 of event bmg2025eulg is smaller than triggerMinMagnitude: no automatic simulation
2025/03/10 09:45:59.424883 [Incident:Info:toast@toast-new:Origin updated] Origin updated: OT: 2025-03-10 02:33:15,  Lat/Lon: 71.1372°/-8.24146°, Depth: 10
2025/03/10 09:45:59.425044 [Simulation:Info:toast@toast-new:Simulation not generated] Magnitude 6.11 of event bmg2025eulg is smaller than triggerMinMagnitude: no automatic simulation
2025/03/10 09:46:01.291453 [Incident:Info:toast@toast-new:Origin updated] Origin updated: OT: 2025-03-10 02:33:15,  Lat/Lon: 71.1461°/-8.19068°, Depth: 10
2025/03/10 09:46:01.291581 [Incident:Info:toast@toast-new:Magnitude updated] Magnitude updated: 6.11 (Mw(Mwp))
2025/03/10 09:46:01.291603 [Simulation:Info:toast@toast-new:Simulation not generated] Magnitude 6.11 of event bmg2025eulg is smaller than triggerMinMagnitude: no automatic simulation
2025/03/10 09:46:13.861613 [Incident:Info:toast@toast-new:Origin updated] Origin updated: OT: 2025-03-10 02:33:15,  Lat/Lon: 71.1539°/-8.19372°, Depth: 10
2025/03/10 09:46:13.861737 [Incident:Info:toast@toast-new:Magnitude updated] Magnitude updated: 6.11 (Mw(Mwp))
2025/03/10 09:46:13.861758 [Simulation:Info:toast@toast-new:Simulation not generated] Magnitude 6.11 of event bmg2025eulg is smaller than triggerMinMagnitude: no automatic simulation
2025/03/10 09:46:28.828726 [Incident:Info:toast@toast-new:Origin updated] Origin updated: OT: 2025-03-10 02:33:15,  Lat/Lon: 71.0789°/-8.4261°, Depth: 10
2025/03/10 09:46:28.828863 [Incident:Info:toast@toast-new:Magnitude updated] Magnitude updated: 6.46 (Mw(mB))
2025/03/10 09:46:28.828897 [Simulation:Info:toast@toast-new:Simulation not generated] Magnitude 6.46 of event bmg2025eulg is smaller than triggerMinMagnitude: no automatic simulation
2025/03/10 09:46:34.370207 [Incident:Info:toast@toast-new:Origin updated] Origin updated: OT: 2025-03-10 02:33:15,  Lat/Lon: 71.0789°/-8.4261°, Depth: 10
2025/03/10 09:46:34.370333 [Incident:Info:toast@toast-new:Magnitude updated] Magnitude updated: 6.48 (Mw(mB))
2025/03/10 09:46:34.370355 [Simulation:Info:toast@toast-new:Simulation not generated] Magnitude 6.48 of event bmg2025eulg is smaller than triggerMinMagnitude: no automatic simulation
2025/03/10 09:46:41.371830 [Incident:Info:toast@toast-new:Origin updated] Origin updated: OT: 2025-03-10 02:33:15,  Lat/Lon: 71.0879°/-8.39584°, Depth: 10
2025/03/10 09:46:41.371956 [Incident:Info:toast@toast-new:Magnitude updated] Magnitude updated: 6.48 (Mw(mB))
2025/03/10 09:46:41.371977 [Simulation:Info:toast@toast-new:Simulation not generated] Magnitude 6.48 of event bmg2025eulg is smaller than triggerMinMagnitude: no automatic simulation
2025/03/10 09:46:49.388721 [Incident:Info:toast@toast-new:Origin updated] Origin updated: OT: 2025-03-10 02:33:15,  Lat/Lon: 71.0879°/-8.39584°, Depth: 10
2025/03/10 09:46:49.388843 [Incident:Info:toast@toast-new:Magnitude updated] Magnitude updated: 6.47 (Mw(mB))
2025/03/10 09:46:49.388865 [Simulation:Info:toast@toast-new:Simulation not generated] Magnitude 6.47 of event bmg2025eulg is smaller than triggerMinMagnitude: no automatic simulation
2025/03/10 09:46:54.370704 [Incident:Info:toast@toast-new:Origin updated] Origin updated: OT: 2025-03-10 02:33:15,  Lat/Lon: 71.0911°/-8.37757°, Depth: 10
2025/03/10 09:46:54.370832 [Incident:Info:toast@toast-new:Magnitude updated] Magnitude updated: 6.47 (Mw(mB))
2025/03/10 09:46:54.370853 [Simulation:Info:toast@toast-new:Simulation not generated] Magnitude 6.47 of event bmg2025eulg is smaller than triggerMinMagnitude: no automatic simulation
2025/03/10 09:47:08.848194 [Incident:Info:toast@toast-new:Origin updated] Origin updated: OT: 2025-03-10 02:33:15,  Lat/Lon: 71.1535°/-8.32657°, Depth: 10
2025/03/10 09:47:08.848324 [Incident:Info:toast@toast-new:Magnitude updated] Magnitude updated: 6.46 (Mw(mB))
2025/03/10 09:47:08.848345 [Simulation:Info:toast@toast-new:Simulation not generated] Magnitude 6.46 of event bmg2025eulg is smaller than triggerMinMagnitude: no automatic simulation
2025/03/10 09:47:14.425365 [Incident:Info:toast@toast-new:Origin updated] Origin updated: OT: 2025-03-10 02:33:15,  Lat/Lon: 71.1535°/-8.32657°, Depth: 10
2025/03/10 09:47:14.425482 [Incident:Info:toast@toast-new:Magnitude updated] Magnitude updated: 6.45 (Mw(mB))
2025/03/10 09:47:14.425526 [Simulation:Info:toast@toast-new:Simulation not generated] Magnitude 6.45 of event bmg2025eulg is smaller than triggerMinMagnitude: no automatic simulation
2025/03/10 09:47:17.469534 [Incident:Info:toast@toast-new:Origin updated] Origin updated: OT: 2025-03-10 02:33:15,  Lat/Lon: 71.1147°/-8.28527°, Depth: 10
2025/03/10 09:47:17.469659 [Incident:Info:toast@toast-new:Magnitude updated] Magnitude updated: 6.12 (Mw(Mwp))
2025/03/10 09:47:17.469692 [Simulation:Info:toast@toast-new:Simulation not generated] Magnitude 6.12 of event bmg2025eulg is smaller than triggerMinMagnitude: no automatic simulation
2025/03/10 09:55:54.680685 [Incident:Info:toast@toast-new:Origin updated] Origin updated: OT: 2025-03-10 02:33:15,  Lat/Lon: 71.1147°/-8.28527°, Depth: 10
2025/03/10 09:55:54.680796 [Incident:Info:toast@toast-new:FM updated] FM updated
2025/03/10 09:55:54.680946 [Simulation:Info:toast@toast-new:Simulation not generated] Magnitude 6.12 of event bmg2025eulg is smaller than triggerMinMagnitude: no automatic simulation
2025/03/10 09:56:00.176614 [Incident:Info:toast@toast-new:Origin updated] Origin updated: OT: 2025-03-10 02:33:15,  Lat/Lon: 71.1147°/-8.28527°, Depth: 10
2025/03/10 09:56:00.176748 [Incident:Info:toast@toast-new:FM updated] FM updated
2025/03/10 09:56:00.176917 [Simulation:Info:toast@toast-new:Simulation not generated] Magnitude 6.12 of event bmg2025eulg is smaller than triggerMinMagnitude: no automatic simulation
2025/03/10 09:56:59.997772 [Incident:Info:toast@toast-new:Origin updated] Origin updated: OT: 2025-03-10 02:33:15,  Lat/Lon: 71.1147°/-8.28527°, Depth: 10
2025/03/10 09:56:59.997904 [Simulation:Info:toast@toast-new:Simulation not generated] Magnitude 6.12 of event bmg2025eulg is smaller than triggerMinMagnitude: no automatic simulation
2025/03/10 09:57:49.870217 [Incident:Info:toast@toast-new:Origin updated] Origin updated: OT: 2025-03-10 02:33:15,  Lat/Lon: 71.1147°/-8.28527°, Depth: 10
2025/03/10 09:57:49.870332 [Simulation:Info:toast@toast-new:Simulation not generated] Magnitude 6.12 of event bmg2025eulg is smaller than triggerMinMagnitude: no automatic simulation
2025/03/10 09:57:59.829838 [Incident:Info:toast@toast-new:Origin updated] Origin updated: OT: 2025-03-10 02:33:15,  Lat/Lon: 71.1147°/-8.28527°, Depth: 10
2025/03/10 09:57:59.829952 [Simulation:Info:toast@toast-new:Simulation not generated] Magnitude 6.12 of event bmg2025eulg is smaller than triggerMinMagnitude: no automatic simulation
2025/03/10 09:58:09.817622 [Incident:Info:toast@toast-new:Origin updated] Origin updated: OT: 2025-03-10 02:33:15,  Lat/Lon: 71.1147°/-8.28527°, Depth: 10
2025/03/10 09:58:09.817752 [Simulation:Info:toast@toast-new:Simulation not generated] Magnitude 6.12 of event bmg2025eulg is smaller than triggerMinMagnitude: no automatic simulation
2025/03/10 10:07:00.061371 [Incident:Info:toast@toast-new:Origin updated] Origin updated: OT: 2025-03-10 02:33:15,  Lat/Lon: 71.1147°/-8.28527°, Depth: 10
2025/03/10 10:07:00.061464 [Simulation:Info:toast@toast-new:Simulation not generated] Magnitude 6.12 of event bmg2025eulg is smaller than triggerMinMagnitude: no automatic simulation
2025/03/10 10:16:40.366161 [Incident:Info:toast@toast-new:Origin updated] Origin updated: OT: 2025-03-10 02:33:15,  Lat/Lon: 71.1147°/-8.28527°, Depth: 10
2025/03/10 10:16:40.366287 [Incident:Info:toast@toast-new:FM updated] FM updated
2025/03/10 10:16:40.366446 [Simulation:Info:toast@toast-new:Simulation not generated] Magnitude 6.12 of event bmg2025eulg is smaller than triggerMinMagnitude: no automatic simulation
2025/03/10 10:17:20.333444 [Incident:Info:toast@toast-new:Origin updated] Origin updated: OT: 2025-03-10 02:33:15,  Lat/Lon: 71.1147°/-8.28527°, Depth: 10
2025/03/10 10:17:20.333568 [Incident:Info:toast@toast-new:FM updated] FM updated
2025/03/10 10:17:20.333734 [Simulation:Info:toast@toast-new:Simulation not generated] Magnitude 6.12 of event bmg2025eulg is smaller than triggerMinMagnitude: no automatic simulation
2025/03/10 10:18:00.484715 [Incident:Info:toast@toast-new:Origin updated] Origin updated: OT: 2025-03-10 02:33:15,  Lat/Lon: 71.1147°/-8.28527°, Depth: 10
2025/03/10 10:18:00.484846 [Incident:Info:toast@toast-new:FM updated] FM updated
2025/03/10 10:18:00.485014 [Simulation:Info:toast@toast-new:Simulation not generated] Magnitude 6.12 of event bmg2025eulg is smaller than triggerMinMagnitude: no automatic simulation
2025/03/10 10:19:10.653535 [Incident:Info:toast@toast-new:Origin updated] Origin updated: OT: 2025-03-10 02:33:15,  Lat/Lon: 71.1147°/-8.28527°, Depth: 10
2025/03/10 10:19:10.653651 [Incident:Info:toast@toast-new:FM updated] FM updated
2025/03/10 10:19:10.653814 [Simulation:Info:toast@toast-new:Simulation not generated] Magnitude 6.12 of event bmg2025eulg is smaller than triggerMinMagnitude: no automatic simulation
2025/03/10 13:33:49.589460 [Incident:Info:toast@toast-new:Origin updated] Origin updated: OT: 2025-03-10 02:33:15,  Lat/Lon: 71.1147°/-8.28527°, Depth: 10
2025/03/10 13:33:49.591642 [Incident:Info:toast@toast-new:FM updated] FM updated
2025/03/10 13:33:49.591876 [Simulation:Info:toast@toast-new:Simulation not generated] Magnitude 6.12 of event bmg2025eulg is smaller than triggerMinMagnitude: no automatic simulation
2025/03/10 17:40:01.929428 [Incident:Info:toast@toast-new:Origin updated] Origin updated: OT: 2025-03-10 02:33:15,  Lat/Lon: 71.1623°/-8.16451°, Depth: 11.3203
2025/03/10 17:40:01.931633 [Incident:Info:toast@toast-new:Magnitude updated] Magnitude updated: 6.49 (Mw(mB))
2025/03/10 17:40:01.931721 [Simulation:Info:toast@toast-new:Simulation not generated] Magnitude 6.49 of event bmg2025eulg is smaller than triggerMinMagnitude: no automatic simulation
2025/03/10 17:40:09.732306 [Incident:Info:toast@toast-new:Origin updated] Origin updated: OT: 2025-03-10 02:33:15,  Lat/Lon: 71.1623°/-8.16451°, Depth: 11.3203
2025/03/10 17:40:09.732502 [Simulation:Info:toast@toast-new:Simulation not generated] Magnitude 6.49 of event bmg2025eulg is smaller than triggerMinMagnitude: no automatic simulation
2025/03/10 17:40:09.763949 [Incident:Info:toast@toast-new:Origin updated] Origin updated: OT: 2025-03-10 02:33:15,  Lat/Lon: 71.1623°/-8.16451°, Depth: 11.3203
2025/03/10 17:40:09.764038 [Incident:Info:toast@toast-new:Magnitude updated] Magnitude updated: 6.31 (mb)
2025/03/10 17:40:09.764085 [Simulation:Info:toast@toast-new:Simulation not generated] Magnitude 6.31 of event bmg2025eulg is smaller than triggerMinMagnitude: no automatic simulation
2025/03/11 09:35:21.408114 [Incident:Info:toast@toast-new:Incident removed] Removed incident - Bye
