2025/06/17 13:27:17.865630 [Incident:Info:toast@toast-new:Displacement(s) updated] Added 0 and changed 0 displacements with 0 amplitudes
2025/06/17 13:27:17.889821 [Incident:Info:toast@toast-new:Incident created] Incident created based on event received from messaging: OT: 2025-06-17 06:25:36,  Lat/Lon: 2.23°/126.59°, Depth: 52.63, Mag: 5.11 (M)
2025/06/17 13:27:17.890139 [Simulation:Info:toast@toast-new:Simulation not generated] Magnitude 5.11 of event bmg2025ltpt is smaller than triggerMinMagnitude: no automatic simulation
2025/06/17 13:27:17.902000 [Incident:Info:toast@toast-new:Origin updated] Origin updated: OT: 2025-06-17 06:25:36,  Lat/Lon: 2.22802°/126.592°, Depth: 52.6328
2025/06/17 13:27:17.902120 [Simulation:Info:toast@toast-new:Simulation not generated] Magnitude 5.11 of event bmg2025ltpt is smaller than triggerMinMagnitude: no automatic simulation
2025/06/17 13:27:19.151129 [Incident:Info:toast@toast-new:Origin updated] Origin updated: OT: 2025-06-17 06:25:36,  Lat/Lon: 2.22802°/126.592°, Depth: 52.6328
2025/06/17 13:27:19.151436 [Incident:Info:toast@toast-new:Magnitude updated] Magnitude updated: 5.11 (M)
2025/06/17 13:27:19.151526 [Simulation:Info:toast@toast-new:Simulation not generated] Magnitude 5.11 of event bmg2025ltpt is smaller than triggerMinMagnitude: no automatic simulation
2025/06/17 13:27:24.171540 [Incident:Info:toast@toast-new:Origin updated] Origin updated: OT: 2025-06-17 06:25:36,  Lat/Lon: 2.22802°/126.592°, Depth: 52.6328
2025/06/17 13:27:24.171789 [Incident:Info:toast@toast-new:Magnitude updated] Magnitude updated: 5.12 (M)
2025/06/17 13:27:24.171842 [Simulation:Info:toast@toast-new:Simulation not generated] Magnitude 5.12 of event bmg2025ltpt is smaller than triggerMinMagnitude: no automatic simulation
2025/06/17 13:27:28.333407 [Incident:Info:toast@toast-new:Origin updated] Origin updated: OT: 2025-06-17 06:25:36,  Lat/Lon: 2.23054°/126.593°, Depth: 41.7583
2025/06/17 13:27:28.333699 [Incident:Info:toast@toast-new:Magnitude updated] Magnitude updated: 5.30 (M)
2025/06/17 13:27:28.333776 [Simulation:Info:toast@toast-new:Simulation not generated] Magnitude 5.30 of event bmg2025ltpt is smaller than triggerMinMagnitude: no automatic simulation
2025/06/17 13:27:34.192689 [Incident:Info:toast@toast-new:Origin updated] Origin updated: OT: 2025-06-17 06:25:36,  Lat/Lon: 2.23054°/126.593°, Depth: 41.7583
2025/06/17 13:27:34.192932 [Incident:Info:toast@toast-new:Magnitude updated] Magnitude updated: 5.30 (M)
2025/06/17 13:27:34.192984 [Simulation:Info:toast@toast-new:Simulation not generated] Magnitude 5.30 of event bmg2025ltpt is smaller than triggerMinMagnitude: no automatic simulation
2025/06/17 13:27:39.145818 [Incident:Info:toast@toast-new:Origin updated] Origin updated: OT: 2025-06-17 06:25:36,  Lat/Lon: 2.23054°/126.593°, Depth: 41.7583
2025/06/17 13:27:39.146093 [Incident:Info:toast@toast-new:Magnitude updated] Magnitude updated: 5.31 (M)
2025/06/17 13:27:39.146169 [Simulation:Info:toast@toast-new:Simulation not generated] Magnitude 5.31 of event bmg2025ltpt is smaller than triggerMinMagnitude: no automatic simulation
2025/06/17 13:27:41.723031 [Incident:Info:toast@toast-new:Origin updated] Origin updated: OT: 2025-06-17 06:25:36,  Lat/Lon: 2.22552°/126.582°, Depth: 42.8317
2025/06/17 13:27:41.723320 [Incident:Info:toast@toast-new:Magnitude updated] Magnitude updated: 5.23 (M)
2025/06/17 13:27:41.723408 [Simulation:Info:toast@toast-new:Simulation not generated] Magnitude 5.23 of event bmg2025ltpt is smaller than triggerMinMagnitude: no automatic simulation
2025/06/17 13:27:49.184796 [Incident:Info:toast@toast-new:Origin updated] Origin updated: OT: 2025-06-17 06:25:36,  Lat/Lon: 2.22552°/126.582°, Depth: 42.8317
2025/06/17 13:27:49.185065 [Incident:Info:toast@toast-new:Magnitude updated] Magnitude updated: 5.24 (M)
2025/06/17 13:27:49.185133 [Simulation:Info:toast@toast-new:Simulation not generated] Magnitude 5.24 of event bmg2025ltpt is smaller than triggerMinMagnitude: no automatic simulation
2025/06/17 13:27:54.226654 [Incident:Info:toast@toast-new:Origin updated] Origin updated: OT: 2025-06-17 06:25:36,  Lat/Lon: 2.22552°/126.582°, Depth: 42.8317
2025/06/17 13:27:54.226922 [Incident:Info:toast@toast-new:Magnitude updated] Magnitude updated: 5.24 (M)
2025/06/17 13:27:54.226988 [Simulation:Info:toast@toast-new:Simulation not generated] Magnitude 5.24 of event bmg2025ltpt is smaller than triggerMinMagnitude: no automatic simulation
2025/06/17 13:27:58.456114 [Incident:Info:toast@toast-new:Origin updated] Origin updated: OT: 2025-06-17 06:25:36,  Lat/Lon: 2.20283°/126.595°, Depth: 43.9048
2025/06/17 13:27:58.456480 [Incident:Info:toast@toast-new:Magnitude updated] Magnitude updated: 5.27 (M)
2025/06/17 13:27:58.456603 [Simulation:Info:toast@toast-new:Simulation not generated] Magnitude 5.27 of event bmg2025ltpt is smaller than triggerMinMagnitude: no automatic simulation
2025/06/17 13:28:04.238195 [Incident:Info:toast@toast-new:Origin updated] Origin updated: OT: 2025-06-17 06:25:36,  Lat/Lon: 2.20283°/126.595°, Depth: 43.9048
2025/06/17 13:28:04.238455 [Incident:Info:toast@toast-new:Magnitude updated] Magnitude updated: 5.28 (M)
2025/06/17 13:28:04.238523 [Simulation:Info:toast@toast-new:Simulation not generated] Magnitude 5.28 of event bmg2025ltpt is smaller than triggerMinMagnitude: no automatic simulation
2025/06/17 13:28:05.094548 [Incident:Info:toast@toast-new:Origin updated] Origin updated: OT: 2025-06-17 06:25:35,  Lat/Lon: 2.20515°/126.592°, Depth: 50.3568
2025/06/17 13:28:05.094815 [Incident:Info:toast@toast-new:Magnitude updated] Magnitude updated: 5.18 (MLv)
2025/06/17 13:28:05.094899 [Simulation:Info:toast@toast-new:Simulation not generated] Magnitude 5.18 of event bmg2025ltpt is smaller than triggerMinMagnitude: no automatic simulation
2025/06/17 13:28:05.214039 [Incident:Info:toast@toast-new:Origin updated] Origin updated: OT: 2025-06-17 06:25:35,  Lat/Lon: 2.20515°/126.592°, Depth: 50.3568
2025/06/17 13:28:05.214263 [Incident:Info:toast@toast-new:Magnitude updated] Magnitude updated: 5.13 (M)
2025/06/17 13:28:05.214355 [Simulation:Info:toast@toast-new:Simulation not generated] Magnitude 5.13 of event bmg2025ltpt is smaller than triggerMinMagnitude: no automatic simulation
2025/06/17 13:28:14.226837 [Incident:Info:toast@toast-new:Origin updated] Origin updated: OT: 2025-06-17 06:25:35,  Lat/Lon: 2.20515°/126.592°, Depth: 50.3568
2025/06/17 13:28:14.227105 [Incident:Info:toast@toast-new:Magnitude updated] Magnitude updated: 5.13 (M)
2025/06/17 13:28:14.227176 [Simulation:Info:toast@toast-new:Simulation not generated] Magnitude 5.13 of event bmg2025ltpt is smaller than triggerMinMagnitude: no automatic simulation
2025/06/17 13:28:29.282750 [Incident:Info:toast@toast-new:Origin updated] Origin updated: OT: 2025-06-17 06:25:35,  Lat/Lon: 2.20515°/126.592°, Depth: 50.3568
2025/06/17 13:28:29.282994 [Incident:Info:toast@toast-new:Magnitude updated] Magnitude updated: 5.13 (M)
2025/06/17 13:28:29.283049 [Simulation:Info:toast@toast-new:Simulation not generated] Magnitude 5.13 of event bmg2025ltpt is smaller than triggerMinMagnitude: no automatic simulation
2025/06/17 13:30:49.790772 [Incident:Info:toast@toast-new:Origin updated] Origin updated: OT: 2025-06-17 06:25:35,  Lat/Lon: 2.20515°/126.592°, Depth: 50.3568
2025/06/17 13:30:49.791057 [Incident:Info:toast@toast-new:FM updated] FM updated
2025/06/17 13:30:49.791384 [Simulation:Info:toast@toast-new:Simulation not generated] Magnitude 5.13 of event bmg2025ltpt is smaller than triggerMinMagnitude: no automatic simulation
2025/06/17 13:33:37.823755 [Incident:Info:toast@toast-new:Origin updated] Origin updated: OT: 2025-06-17 06:25:35,  Lat/Lon: 2.20831°/126.601°, Depth: 57.4176
2025/06/17 13:33:37.824037 [Incident:Info:toast@toast-new:Magnitude updated] Magnitude updated: 5.31 (MLv)
2025/06/17 13:33:37.824101 [Simulation:Info:toast@toast-new:Simulation not generated] Magnitude 5.31 of event bmg2025ltpt is smaller than triggerMinMagnitude: no automatic simulation
2025/06/17 13:33:37.887415 [Incident:Info:toast@toast-new:Origin updated] Origin updated: OT: 2025-06-17 06:25:35,  Lat/Lon: 2.20831°/126.601°, Depth: 57.4176
2025/06/17 13:33:37.887596 [Incident:Info:toast@toast-new:Magnitude updated] Magnitude updated: 5.25 (M)
2025/06/17 13:33:37.887665 [Simulation:Info:toast@toast-new:Simulation not generated] Magnitude 5.25 of event bmg2025ltpt is smaller than triggerMinMagnitude: no automatic simulation
