2025/05/06 15:19:13.956535 [Incident:Info:toast@toast-new:Displacement(s) updated] Added 0 and changed 0 displacements with 0 amplitudes
2025/05/06 15:19:13.958114 [Incident:Info:toast@toast-new:Incident created] Incident created based on event received from messaging: OT: 2025-05-06 08:08:36,  Lat/Lon: 38.14°/73.69°, Depth: 10.00, Mag: 5.19 (M)
2025/05/06 15:19:13.958527 [Simulation:Info:toast@toast-new:Simulation not generated] Magnitude 5.19 of event bmg2025ivaa is smaller than triggerMinMagnitude: no automatic simulation
2025/05/06 15:19:13.978686 [Incident:Info:toast@toast-new:Origin updated] Origin updated: OT: 2025-05-06 08:08:36,  Lat/Lon: 38.1436°/73.6868°, Depth: 10
2025/05/06 15:19:13.978775 [Simulation:Info:toast@toast-new:Simulation not generated] Magnitude 5.19 of event bmg2025ivaa is smaller than triggerMinMagnitude: no automatic simulation
2025/05/06 15:19:29.060314 [Incident:Info:toast@toast-new:Origin updated] Origin updated: OT: 2025-05-06 08:08:24,  Lat/Lon: 39.2195°/72.3536°, Depth: 10
2025/05/06 15:19:29.060444 [Incident:Info:toast@toast-new:Magnitude updated] Magnitude updated: 5.39 (M)
2025/05/06 15:19:29.060492 [Simulation:Info:toast@toast-new:Simulation not generated] Magnitude 5.39 of event bmg2025ivaa is smaller than triggerMinMagnitude: no automatic simulation
2025/05/06 15:20:21.452282 [Incident:Info:toast@toast-new:Origin updated] Origin updated: OT: 2025-05-06 08:08:24,  Lat/Lon: 39.211°/72.4087°, Depth: 10
2025/05/06 15:20:21.452411 [Incident:Info:toast@toast-new:Magnitude updated] Magnitude updated: 5.38 (M)
2025/05/06 15:20:21.452457 [Simulation:Info:toast@toast-new:Simulation not generated] Magnitude 5.38 of event bmg2025ivaa is smaller than triggerMinMagnitude: no automatic simulation
2025/05/06 15:20:39.055066 [Incident:Info:toast@toast-new:Origin updated] Origin updated: OT: 2025-05-06 08:08:24,  Lat/Lon: 39.211°/72.4087°, Depth: 10
2025/05/06 15:20:39.055191 [Incident:Info:toast@toast-new:Magnitude updated] Magnitude updated: 5.38 (M)
2025/05/06 15:20:39.055272 [Simulation:Info:toast@toast-new:Simulation not generated] Magnitude 5.38 of event bmg2025ivaa is smaller than triggerMinMagnitude: no automatic simulation
2025/05/06 15:20:59.052420 [Incident:Info:toast@toast-new:Origin updated] Origin updated: OT: 2025-05-06 08:08:25,  Lat/Lon: 39.1985°/72.5983°, Depth: 10
2025/05/06 15:20:59.052573 [Incident:Info:toast@toast-new:Magnitude updated] Magnitude updated: 5.37 (M)
2025/05/06 15:20:59.052630 [Simulation:Info:toast@toast-new:Simulation not generated] Magnitude 5.37 of event bmg2025ivaa is smaller than triggerMinMagnitude: no automatic simulation
2025/05/06 15:21:19.053625 [Incident:Info:toast@toast-new:Origin updated] Origin updated: OT: 2025-05-06 08:08:27,  Lat/Lon: 39.2446°/73.1214°, Depth: 10
2025/05/06 15:21:19.053756 [Incident:Info:toast@toast-new:Magnitude updated] Magnitude updated: 5.34 (M)
2025/05/06 15:21:19.053804 [Simulation:Info:toast@toast-new:Simulation not generated] Magnitude 5.34 of event bmg2025ivaa is smaller than triggerMinMagnitude: no automatic simulation
2025/05/06 15:22:18.058216 [Incident:Info:toast@toast-new:Origin updated] Origin updated: OT: 2025-05-06 08:08:27,  Lat/Lon: 39.2437°/73.1282°, Depth: 10
2025/05/06 15:22:18.058353 [Incident:Info:toast@toast-new:Magnitude updated] Magnitude updated: 5.34 (M)
2025/05/06 15:22:18.058408 [Simulation:Info:toast@toast-new:Simulation not generated] Magnitude 5.34 of event bmg2025ivaa is smaller than triggerMinMagnitude: no automatic simulation
2025/05/06 15:25:01.116804 [Incident:Info:toast@toast-new:Origin updated] Origin updated: OT: 2025-05-06 08:08:28,  Lat/Lon: 39.2809°/73.4123°, Depth: 10
2025/05/06 15:25:01.116931 [Incident:Info:toast@toast-new:Magnitude updated] Magnitude updated: 5.31 (M)
2025/05/06 15:25:01.116974 [Simulation:Info:toast@toast-new:Simulation not generated] Magnitude 5.31 of event bmg2025ivaa is smaller than triggerMinMagnitude: no automatic simulation
2025/05/06 16:45:36.394471 [Incident:Info:toast@toast-new:Origin updated] Origin updated: OT: 2025-05-06 08:08:28,  Lat/Lon: 39.2804°/73.4055°, Depth: 10
2025/05/06 16:45:36.394675 [Incident:Info:toast@toast-new:Magnitude updated] Magnitude updated: 5.31 (M)
2025/05/06 16:45:36.394752 [Simulation:Info:toast@toast-new:Simulation not generated] Magnitude 5.31 of event bmg2025ivaa is smaller than triggerMinMagnitude: no automatic simulation
2025/05/06 17:19:41.340706 [Incident:Info:toast@toast-new:Origin updated] Origin updated: OT: 2025-05-06 08:08:33,  Lat/Lon: 39.2927°/73.4292°, Depth: 42.4795
2025/05/06 17:19:41.340887 [Incident:Info:toast@toast-new:Magnitude updated] Magnitude updated: 5.06 (mb)
2025/05/06 17:19:41.340979 [Simulation:Info:toast@toast-new:Simulation not generated] Magnitude 5.06 of event bmg2025ivaa is smaller than triggerMinMagnitude: no automatic simulation
2025/05/06 17:19:41.404765 [Incident:Info:toast@toast-new:Origin updated] Origin updated: OT: 2025-05-06 08:08:33,  Lat/Lon: 39.2927°/73.4292°, Depth: 42.4795
2025/05/06 17:19:41.404851 [Incident:Info:toast@toast-new:Magnitude updated] Magnitude updated: 5.31 (M)
2025/05/06 17:19:41.404914 [Simulation:Info:toast@toast-new:Simulation not generated] Magnitude 5.31 of event bmg2025ivaa is smaller than triggerMinMagnitude: no automatic simulation
2025/05/06 20:57:06.898765 [Incident:Info:toast@toast-new:Incident removed] Removed incident - Bye
2025/05/06 21:30:13.822258 [Incident:Info:toast@toast-new:Displacement(s) updated] Added 0 and changed 0 displacements with 0 amplitudes
2025/05/06 21:30:13.824350 [Incident:Info:toast@toast-new:Incident created] Incident created based on event received from messaging: OT: 2025-05-06 08:08:31,  Lat/Lon: 39.30°/73.58°, Depth: 32.83, Mag: 5.06 (mb)
2025/05/06 21:30:13.824956 [Simulation:Info:toast@toast-new:Simulation not generated] Magnitude 5.06 of event bmg2025ivaa is smaller than triggerMinMagnitude: no automatic simulation
2025/05/06 21:30:13.849152 [Incident:Info:toast@toast-new:Origin updated] Origin updated: OT: 2025-05-06 08:08:31,  Lat/Lon: 39.3005°/73.5781°, Depth: 32.8303
2025/05/06 21:30:13.849269 [Simulation:Info:toast@toast-new:Simulation not generated] Magnitude 5.06 of event bmg2025ivaa is smaller than triggerMinMagnitude: no automatic simulation
2025/05/06 21:30:13.865196 [Incident:Info:toast@toast-new:Origin updated] Origin updated: OT: 2025-05-06 08:08:31,  Lat/Lon: 39.3005°/73.5781°, Depth: 32.8303
2025/05/06 21:30:13.865299 [Incident:Info:toast@toast-new:Magnitude updated] Magnitude updated: 5.19 (M)
2025/05/06 21:30:13.865394 [Simulation:Info:toast@toast-new:Simulation not generated] Magnitude 5.19 of event bmg2025ivaa is smaller than triggerMinMagnitude: no automatic simulation
2025/05/06 21:30:13.880176 [Incident:Info:toast@toast-new:Origin updated] Origin updated: OT: 2025-05-06 08:08:31,  Lat/Lon: 39.3005°/73.5781°, Depth: 32.8303
2025/05/06 21:30:13.880289 [Simulation:Info:toast@toast-new:Simulation not generated] Magnitude 5.19 of event bmg2025ivaa is smaller than triggerMinMagnitude: no automatic simulation
2025/05/06 21:30:17.909222 [Incident:Info:toast@toast-new:Origin updated] Origin updated: OT: 2025-05-06 08:08:31,  Lat/Lon: 39.3005°/73.5781°, Depth: 32.8303
2025/05/06 21:30:17.909369 [Incident:Info:toast@toast-new:Magnitude updated] Magnitude updated: 5.06 (mb)
2025/05/06 21:30:17.909488 [Simulation:Info:toast@toast-new:Simulation not generated] Magnitude 5.06 of event bmg2025ivaa is smaller than triggerMinMagnitude: no automatic simulation
2025/05/07 00:55:05.672889 [Incident:Info:toast@toast-new:Origin updated] Origin updated: OT: 2025-05-06 08:08:31,  Lat/Lon: 39.3005°/73.5781°, Depth: 32.8303
2025/05/07 00:55:05.673002 [Incident:Info:toast@toast-new:FM updated] FM updated
2025/05/07 00:55:05.673414 [Simulation:Info:toast@toast-new:Simulation not generated] Magnitude 5.06 of event bmg2025ivaa is smaller than triggerMinMagnitude: no automatic simulation
