2025/01/24 20:38:46.242387 [Incident:Info:toast@toast-new:Displacement(s) updated] Added 0 and changed 0 displacements with 0 amplitudes
2025/01/24 20:38:46.245983 [Incident:Info:toast@toast-new:Incident created] Incident created based on event received from messaging: OT: 2025-01-24 13:37:11,  Lat/Lon: -4.09°/121.80°, Depth: 10.00, Mag: 5.02 (M)
2025/01/24 20:38:46.246373 [Simulation:Info:toast@toast-new:Simulation not generated] Magnitude 5.02 of event bmg2025brbn is smaller than triggerMinMagnitude: no automatic simulation
2025/01/24 20:38:46.264236 [Incident:Info:toast@toast-new:Origin updated] Origin updated: OT: 2025-01-24 13:37:11,  Lat/Lon: -4.08687°/121.799°, Depth: 10
2025/01/24 20:38:46.264350 [Simulation:Info:toast@toast-new:Simulation not generated] Magnitude 5.02 of event bmg2025brbn is smaller than triggerMinMagnitude: no automatic simulation
2025/01/24 20:38:51.453544 [Incident:Info:toast@toast-new:Origin updated] Origin updated: OT: 2025-01-24 13:37:11,  Lat/Lon: -4.08687°/121.799°, Depth: 10
2025/01/24 20:38:51.453698 [Incident:Info:toast@toast-new:Magnitude updated] Magnitude updated: 5.03 (M)
2025/01/24 20:38:51.453734 [Simulation:Info:toast@toast-new:Simulation not generated] Magnitude 5.03 of event bmg2025brbn is smaller than triggerMinMagnitude: no automatic simulation
2025/01/24 20:38:56.431986 [Incident:Info:toast@toast-new:Origin updated] Origin updated: OT: 2025-01-24 13:37:11,  Lat/Lon: -4.08687°/121.799°, Depth: 10
2025/01/24 20:38:56.433671 [Incident:Info:toast@toast-new:Magnitude updated] Magnitude updated: 5.03 (M)
2025/01/24 20:38:56.433715 [Simulation:Info:toast@toast-new:Simulation not generated] Magnitude 5.03 of event bmg2025brbn is smaller than triggerMinMagnitude: no automatic simulation
2025/01/24 20:39:01.425308 [Incident:Info:toast@toast-new:Origin updated] Origin updated: OT: 2025-01-24 13:37:11,  Lat/Lon: -4.08687°/121.799°, Depth: 10
2025/01/24 20:39:01.425462 [Incident:Info:toast@toast-new:Magnitude updated] Magnitude updated: 5.04 (M)
2025/01/24 20:39:01.425495 [Simulation:Info:toast@toast-new:Simulation not generated] Magnitude 5.04 of event bmg2025brbn is smaller than triggerMinMagnitude: no automatic simulation
2025/01/24 20:39:02.950068 [Incident:Info:toast@toast-new:Origin updated] Origin updated: OT: 2025-01-24 13:37:11,  Lat/Lon: -4.10864°/121.797°, Depth: 10
2025/01/24 20:39:02.950229 [Incident:Info:toast@toast-new:Magnitude updated] Magnitude updated: 5.14 (M)
2025/01/24 20:39:02.950279 [Simulation:Info:toast@toast-new:Simulation not generated] Magnitude 5.14 of event bmg2025brbn is smaller than triggerMinMagnitude: no automatic simulation
2025/01/24 20:39:06.519012 [Incident:Info:toast@toast-new:Origin updated] Origin updated: OT: 2025-01-24 13:37:11,  Lat/Lon: -4.10864°/121.797°, Depth: 10
2025/01/24 20:39:06.519165 [Incident:Info:toast@toast-new:Magnitude updated] Magnitude updated: 5.15 (M)
2025/01/24 20:39:06.519200 [Simulation:Info:toast@toast-new:Simulation not generated] Magnitude 5.15 of event bmg2025brbn is smaller than triggerMinMagnitude: no automatic simulation
2025/01/24 20:39:11.503081 [Incident:Info:toast@toast-new:Origin updated] Origin updated: OT: 2025-01-24 13:37:11,  Lat/Lon: -4.10864°/121.797°, Depth: 10
2025/01/24 20:39:11.503219 [Incident:Info:toast@toast-new:Magnitude updated] Magnitude updated: 5.15 (M)
2025/01/24 20:39:11.503261 [Simulation:Info:toast@toast-new:Simulation not generated] Magnitude 5.15 of event bmg2025brbn is smaller than triggerMinMagnitude: no automatic simulation
2025/01/24 20:39:16.500154 [Incident:Info:toast@toast-new:Origin updated] Origin updated: OT: 2025-01-24 13:37:11,  Lat/Lon: -4.10864°/121.797°, Depth: 10
2025/01/24 20:39:16.500305 [Incident:Info:toast@toast-new:Magnitude updated] Magnitude updated: 5.16 (M)
2025/01/24 20:39:16.500338 [Simulation:Info:toast@toast-new:Simulation not generated] Magnitude 5.16 of event bmg2025brbn is smaller than triggerMinMagnitude: no automatic simulation
2025/01/24 20:39:21.507576 [Incident:Info:toast@toast-new:Origin updated] Origin updated: OT: 2025-01-24 13:37:11,  Lat/Lon: -4.10864°/121.797°, Depth: 10
2025/01/24 20:39:21.507748 [Incident:Info:toast@toast-new:Magnitude updated] Magnitude updated: 5.17 (M)
2025/01/24 20:39:21.507784 [Simulation:Info:toast@toast-new:Simulation not generated] Magnitude 5.17 of event bmg2025brbn is smaller than triggerMinMagnitude: no automatic simulation
2025/01/24 20:39:25.210377 [Incident:Info:toast@toast-new:Origin updated] Origin updated: OT: 2025-01-24 13:37:11,  Lat/Lon: -4.10864°/121.797°, Depth: 10
2025/01/24 20:39:25.210541 [Incident:Info:toast@toast-new:Magnitude updated] Magnitude updated: 5.17 (M)
2025/01/24 20:39:25.210574 [Simulation:Info:toast@toast-new:Simulation not generated] Magnitude 5.17 of event bmg2025brbn is smaller than triggerMinMagnitude: no automatic simulation
2025/01/24 20:39:25.227754 [Incident:Info:toast@toast-new:Origin updated] Origin updated: OT: 2025-01-24 13:37:12,  Lat/Lon: -4.06847°/121.785°, Depth: 10
2025/01/24 20:39:25.227856 [Incident:Info:toast@toast-new:Magnitude updated] Magnitude updated: 5.08 (M)
2025/01/24 20:39:25.227881 [Simulation:Info:toast@toast-new:Simulation not generated] Magnitude 5.08 of event bmg2025brbn is smaller than triggerMinMagnitude: no automatic simulation
2025/01/24 20:39:26.507926 [Incident:Info:toast@toast-new:Origin updated] Origin updated: OT: 2025-01-24 13:37:12,  Lat/Lon: -4.06847°/121.785°, Depth: 10
2025/01/24 20:39:26.508704 [Incident:Info:toast@toast-new:Magnitude updated] Magnitude updated: 5.08 (M)
2025/01/24 20:39:26.508774 [Simulation:Info:toast@toast-new:Simulation not generated] Magnitude 5.08 of event bmg2025brbn is smaller than triggerMinMagnitude: no automatic simulation
2025/01/24 20:39:31.551938 [Incident:Info:toast@toast-new:Origin updated] Origin updated: OT: 2025-01-24 13:37:12,  Lat/Lon: -4.06847°/121.785°, Depth: 10
2025/01/24 20:39:31.553640 [Incident:Info:toast@toast-new:Magnitude updated] Magnitude updated: 5.08 (M)
2025/01/24 20:39:31.553711 [Simulation:Info:toast@toast-new:Simulation not generated] Magnitude 5.08 of event bmg2025brbn is smaller than triggerMinMagnitude: no automatic simulation
2025/01/24 20:39:36.472972 [Incident:Info:toast@toast-new:Origin updated] Origin updated: OT: 2025-01-24 13:37:12,  Lat/Lon: -4.06847°/121.785°, Depth: 10
2025/01/24 20:39:36.473133 [Incident:Info:toast@toast-new:Magnitude updated] Magnitude updated: 5.08 (M)
2025/01/24 20:39:36.473170 [Simulation:Info:toast@toast-new:Simulation not generated] Magnitude 5.08 of event bmg2025brbn is smaller than triggerMinMagnitude: no automatic simulation
2025/01/24 20:39:41.240843 [Incident:Info:toast@toast-new:Origin updated] Origin updated: OT: 2025-01-24 13:37:12,  Lat/Lon: -4.03982°/121.799°, Depth: 10
2025/01/24 20:39:41.241008 [Incident:Info:toast@toast-new:Magnitude updated] Magnitude updated: 5.07 (M)
2025/01/24 20:39:41.241043 [Simulation:Info:toast@toast-new:Simulation not generated] Magnitude 5.07 of event bmg2025brbn is smaller than triggerMinMagnitude: no automatic simulation
2025/01/24 20:39:41.563431 [Incident:Info:toast@toast-new:Origin updated] Origin updated: OT: 2025-01-24 13:37:12,  Lat/Lon: -4.03982°/121.799°, Depth: 10
2025/01/24 20:39:41.563589 [Incident:Info:toast@toast-new:Magnitude updated] Magnitude updated: 5.06 (M)
2025/01/24 20:39:41.563625 [Simulation:Info:toast@toast-new:Simulation not generated] Magnitude 5.06 of event bmg2025brbn is smaller than triggerMinMagnitude: no automatic simulation
2025/01/24 20:39:47.298465 [Incident:Info:toast@toast-new:Origin updated] Origin updated: OT: 2025-01-24 13:37:12,  Lat/Lon: -4.03982°/121.799°, Depth: 10
2025/01/24 20:39:47.298607 [Incident:Info:toast@toast-new:Magnitude updated] Magnitude updated: 5.02 (M)
2025/01/24 20:39:47.298649 [Simulation:Info:toast@toast-new:Simulation not generated] Magnitude 5.02 of event bmg2025brbn is smaller than triggerMinMagnitude: no automatic simulation
2025/01/24 20:43:30.755663 [Incident:Info:toast@toast-new:Origin updated] Origin updated: OT: 2025-01-24 13:37:11,  Lat/Lon: -4.07477°/121.819°, Depth: 10
2025/01/24 20:43:30.755841 [Incident:Info:toast@toast-new:Magnitude updated] Magnitude updated: 5.07 (MLv)
2025/01/24 20:43:30.755896 [Simulation:Info:toast@toast-new:Simulation not generated] Magnitude 5.07 of event bmg2025brbn is smaller than triggerMinMagnitude: no automatic simulation
2025/01/24 20:43:46.139152 [Incident:Info:toast@toast-new:Origin updated] Origin updated: OT: 2025-01-24 13:37:12,  Lat/Lon: -4.08462°/121.817°, Depth: 10
2025/01/24 20:43:46.139315 [Incident:Info:toast@toast-new:Magnitude updated] Magnitude updated: 5.05 (MLv)
2025/01/24 20:43:46.139346 [Simulation:Info:toast@toast-new:Simulation not generated] Magnitude 5.05 of event bmg2025brbn is smaller than triggerMinMagnitude: no automatic simulation
2025/01/24 20:43:46.269112 [Incident:Info:toast@toast-new:Origin updated] Origin updated: OT: 2025-01-24 13:37:12,  Lat/Lon: -4.08462°/121.817°, Depth: 10
2025/01/24 20:43:46.270328 [Incident:Info:toast@toast-new:Magnitude updated] Magnitude updated: 5.06 (MLv)
2025/01/24 20:43:46.270413 [Simulation:Info:toast@toast-new:Simulation not generated] Magnitude 5.06 of event bmg2025brbn is smaller than triggerMinMagnitude: no automatic simulation
2025/01/25 06:36:02.850942 [Incident:Info:toast@toast-new:Origin updated] Origin updated: OT: 2025-01-24 13:37:11,  Lat/Lon: -4.07067°/121.798°, Depth: 10
2025/01/25 06:36:02.853092 [Incident:Info:toast@toast-new:Magnitude updated] Magnitude updated: 5.05 (MLv)
2025/01/25 06:36:02.853167 [Incident:Info:toast@toast-new:FM updated] FM updated
2025/01/25 06:36:02.853331 [Simulation:Info:toast@toast-new:Simulation not generated] Magnitude 5.05 of event bmg2025brbn is smaller than triggerMinMagnitude: no automatic simulation
