2025/04/23 00:01:34.064785 [Incident:Info:toast@toast-new:Displacement(s) updated] Added 0 and changed 0 displacements with 0 amplitudes
2025/04/23 00:01:34.073826 [Incident:Info:toast@toast-new:Incident created] Incident created based on event received from messaging: OT: 2025-04-22 16:55:03,  Lat/Lon: -32.72°/151.02°, Depth: 10.00, Mag: 5.49 (M)
2025/04/23 00:01:34.074416 [Simulation:Info:toast@toast-new:Simulation not generated] Magnitude 5.49 of event bmg2025hwci is smaller than triggerMinMagnitude: no automatic simulation
2025/04/23 00:01:34.098520 [Incident:Info:toast@toast-new:Origin updated] Origin updated: OT: 2025-04-22 16:55:03,  Lat/Lon: -32.7152°/151.016°, Depth: 10
2025/04/23 00:01:34.098676 [Simulation:Info:toast@toast-new:Simulation not generated] Magnitude 5.49 of event bmg2025hwci is smaller than triggerMinMagnitude: no automatic simulation
2025/04/23 00:01:37.279824 [Incident:Info:toast@toast-new:Origin updated] Origin updated: OT: 2025-04-22 16:55:03,  Lat/Lon: -32.7152°/151.016°, Depth: 10
2025/04/23 00:01:37.279966 [Incident:Info:toast@toast-new:Magnitude updated] Magnitude updated: 5.49 (M)
2025/04/23 00:01:37.279994 [Simulation:Info:toast@toast-new:Simulation not generated] Magnitude 5.49 of event bmg2025hwci is smaller than triggerMinMagnitude: no automatic simulation
2025/04/23 00:01:43.999862 [Incident:Info:toast@toast-new:Origin updated] Origin updated: OT: 2025-04-22 16:55:03,  Lat/Lon: -32.7152°/151.016°, Depth: 10
2025/04/23 00:01:44.000010 [Incident:Info:toast@toast-new:Magnitude updated] Magnitude updated: 5.51 (M)
2025/04/23 00:01:44.000039 [Simulation:Info:toast@toast-new:Simulation not generated] Magnitude 5.51 of event bmg2025hwci is smaller than triggerMinMagnitude: no automatic simulation
2025/04/23 00:01:47.853834 [Incident:Info:toast@toast-new:Origin updated] Origin updated: OT: 2025-04-22 16:55:03,  Lat/Lon: -32.7157°/151.018°, Depth: 10
2025/04/23 00:01:47.855781 [Incident:Info:toast@toast-new:Magnitude updated] Magnitude updated: 5.48 (M)
2025/04/23 00:01:47.855828 [Simulation:Info:toast@toast-new:Simulation not generated] Magnitude 5.48 of event bmg2025hwci is smaller than triggerMinMagnitude: no automatic simulation
2025/04/23 00:01:54.889593 [Incident:Info:toast@toast-new:Origin updated] Origin updated: OT: 2025-04-22 16:55:03,  Lat/Lon: -32.7157°/151.018°, Depth: 10
2025/04/23 00:01:54.889721 [Incident:Info:toast@toast-new:Magnitude updated] Magnitude updated: 5.53 (M)
2025/04/23 00:01:54.889750 [Simulation:Info:toast@toast-new:Simulation not generated] Magnitude 5.53 of event bmg2025hwci is smaller than triggerMinMagnitude: no automatic simulation
2025/04/23 00:01:57.274649 [Incident:Info:toast@toast-new:Origin updated] Origin updated: OT: 2025-04-22 16:55:03,  Lat/Lon: -32.7156°/151.017°, Depth: 10
2025/04/23 00:01:57.274802 [Incident:Info:toast@toast-new:Magnitude updated] Magnitude updated: 5.52 (M)
2025/04/23 00:01:57.274833 [Simulation:Info:toast@toast-new:Simulation not generated] Magnitude 5.52 of event bmg2025hwci is smaller than triggerMinMagnitude: no automatic simulation
2025/04/23 00:01:59.911160 [Incident:Info:toast@toast-new:Origin updated] Origin updated: OT: 2025-04-22 16:55:03,  Lat/Lon: -32.7156°/151.017°, Depth: 10
2025/04/23 00:01:59.911295 [Incident:Info:toast@toast-new:Magnitude updated] Magnitude updated: 5.62 (M)
2025/04/23 00:01:59.911337 [Simulation:Info:toast@toast-new:Simulation not generated] Magnitude 5.62 of event bmg2025hwci is smaller than triggerMinMagnitude: no automatic simulation
2025/04/23 00:02:07.132518 [Incident:Info:toast@toast-new:Origin updated] Origin updated: OT: 2025-04-22 16:55:02,  Lat/Lon: -32.7052°/151.056°, Depth: 10
2025/04/23 00:02:07.132684 [Incident:Info:toast@toast-new:Magnitude updated] Magnitude updated: 5.64 (M)
2025/04/23 00:02:07.132715 [Simulation:Info:toast@toast-new:Simulation not generated] Magnitude 5.64 of event bmg2025hwci is smaller than triggerMinMagnitude: no automatic simulation
2025/04/23 00:02:17.675487 [Incident:Info:toast@toast-new:Origin updated] Origin updated: OT: 2025-04-22 16:55:04,  Lat/Lon: -32.7343°/150.957°, Depth: 10
2025/04/23 00:02:17.675704 [Incident:Info:toast@toast-new:Magnitude updated] Magnitude updated: 5.64 (M)
2025/04/23 00:02:17.675754 [Simulation:Info:toast@toast-new:Simulation not generated] Magnitude 5.64 of event bmg2025hwci is smaller than triggerMinMagnitude: no automatic simulation
2025/04/23 00:02:29.845051 [Incident:Info:toast@toast-new:Origin updated] Origin updated: OT: 2025-04-22 16:55:04,  Lat/Lon: -32.7343°/150.957°, Depth: 10
2025/04/23 00:02:29.845249 [Incident:Info:toast@toast-new:Magnitude updated] Magnitude updated: 5.64 (M)
2025/04/23 00:02:29.845309 [Simulation:Info:toast@toast-new:Simulation not generated] Magnitude 5.64 of event bmg2025hwci is smaller than triggerMinMagnitude: no automatic simulation
2025/04/23 00:02:30.274973 [Incident:Info:toast@toast-new:Origin updated] Origin updated: OT: 2025-04-22 16:55:03,  Lat/Lon: -32.734°/150.988°, Depth: 10
2025/04/23 00:02:30.275156 [Incident:Info:toast@toast-new:Magnitude updated] Magnitude updated: 5.68 (M)
2025/04/23 00:02:30.275194 [Simulation:Info:toast@toast-new:Simulation not generated] Magnitude 5.68 of event bmg2025hwci is smaller than triggerMinMagnitude: no automatic simulation
2025/04/23 00:02:34.892366 [Incident:Info:toast@toast-new:Origin updated] Origin updated: OT: 2025-04-22 16:55:03,  Lat/Lon: -32.734°/150.988°, Depth: 10
2025/04/23 00:02:34.892522 [Incident:Info:toast@toast-new:Magnitude updated] Magnitude updated: 5.68 (M)
2025/04/23 00:02:34.892553 [Simulation:Info:toast@toast-new:Simulation not generated] Magnitude 5.68 of event bmg2025hwci is smaller than triggerMinMagnitude: no automatic simulation
2025/04/23 00:02:44.912766 [Incident:Info:toast@toast-new:Origin updated] Origin updated: OT: 2025-04-22 16:55:03,  Lat/Lon: -32.734°/150.988°, Depth: 10
2025/04/23 00:02:44.912930 [Incident:Info:toast@toast-new:Magnitude updated] Magnitude updated: 5.65 (M)
2025/04/23 00:02:44.912973 [Simulation:Info:toast@toast-new:Simulation not generated] Magnitude 5.65 of event bmg2025hwci is smaller than triggerMinMagnitude: no automatic simulation
2025/04/23 00:02:45.357195 [Incident:Info:toast@toast-new:Origin updated] Origin updated: OT: 2025-04-22 16:55:03,  Lat/Lon: -32.7358°/151.005°, Depth: 10
2025/04/23 00:02:45.357329 [Incident:Info:toast@toast-new:Magnitude updated] Magnitude updated: 5.66 (M)
2025/04/23 00:02:45.357350 [Simulation:Info:toast@toast-new:Simulation not generated] Magnitude 5.66 of event bmg2025hwci is smaller than triggerMinMagnitude: no automatic simulation
2025/04/23 00:02:54.859078 [Incident:Info:toast@toast-new:Origin updated] Origin updated: OT: 2025-04-22 16:55:03,  Lat/Lon: -32.7358°/151.005°, Depth: 10
2025/04/23 00:02:54.859233 [Incident:Info:toast@toast-new:Magnitude updated] Magnitude updated: 5.69 (M)
2025/04/23 00:02:54.859264 [Simulation:Info:toast@toast-new:Simulation not generated] Magnitude 5.69 of event bmg2025hwci is smaller than triggerMinMagnitude: no automatic simulation
2025/04/23 00:02:59.859200 [Incident:Info:toast@toast-new:Origin updated] Origin updated: OT: 2025-04-22 16:55:03,  Lat/Lon: -32.7358°/151.005°, Depth: 10
2025/04/23 00:02:59.859348 [Incident:Info:toast@toast-new:Magnitude updated] Magnitude updated: 5.72 (M)
2025/04/23 00:02:59.859379 [Simulation:Info:toast@toast-new:Simulation not generated] Magnitude 5.72 of event bmg2025hwci is smaller than triggerMinMagnitude: no automatic simulation
2025/04/23 00:03:01.449636 [Incident:Info:toast@toast-new:Origin updated] Origin updated: OT: 2025-04-22 16:55:04,  Lat/Lon: -32.7264°/150.983°, Depth: 10
2025/04/23 00:03:01.449884 [Incident:Info:toast@toast-new:Magnitude updated] Magnitude updated: 5.72 (M)
2025/04/23 00:03:01.449944 [Simulation:Info:toast@toast-new:Simulation not generated] Magnitude 5.72 of event bmg2025hwci is smaller than triggerMinMagnitude: no automatic simulation
2025/04/23 00:03:04.836739 [Incident:Info:toast@toast-new:Origin updated] Origin updated: OT: 2025-04-22 16:55:04,  Lat/Lon: -32.7264°/150.983°, Depth: 10
2025/04/23 00:03:04.836887 [Incident:Info:toast@toast-new:Magnitude updated] Magnitude updated: 5.76 (M)
2025/04/23 00:03:04.836942 [Simulation:Info:toast@toast-new:Simulation not generated] Magnitude 5.76 of event bmg2025hwci is smaller than triggerMinMagnitude: no automatic simulation
2025/04/23 00:03:09.888554 [Incident:Info:toast@toast-new:Origin updated] Origin updated: OT: 2025-04-22 16:55:04,  Lat/Lon: -32.7264°/150.983°, Depth: 10
2025/04/23 00:03:09.888705 [Incident:Info:toast@toast-new:Magnitude updated] Magnitude updated: 5.77 (M)
2025/04/23 00:03:09.888739 [Simulation:Info:toast@toast-new:Simulation not generated] Magnitude 5.77 of event bmg2025hwci is smaller than triggerMinMagnitude: no automatic simulation
2025/04/23 00:03:11.910618 [Incident:Info:toast@toast-new:Origin updated] Origin updated: OT: 2025-04-22 16:55:04,  Lat/Lon: -32.7264°/150.983°, Depth: 10
2025/04/23 00:03:11.910765 [Incident:Info:toast@toast-new:Magnitude updated] Magnitude updated: 5.75 (M)
2025/04/23 00:03:11.910808 [Simulation:Info:toast@toast-new:Simulation not generated] Magnitude 5.75 of event bmg2025hwci is smaller than triggerMinMagnitude: no automatic simulation
2025/04/23 00:03:22.325064 [Incident:Info:toast@toast-new:Origin updated] Origin updated: OT: 2025-04-22 16:55:04,  Lat/Lon: -32.7264°/150.983°, Depth: 10
2025/04/23 00:03:22.325233 [Incident:Info:toast@toast-new:Magnitude updated] Magnitude updated: 5.73 (M)
2025/04/23 00:03:22.325271 [Simulation:Info:toast@toast-new:Simulation not generated] Magnitude 5.73 of event bmg2025hwci is smaller than triggerMinMagnitude: no automatic simulation
2025/04/23 00:03:22.360620 [Incident:Info:toast@toast-new:Origin updated] Origin updated: OT: 2025-04-22 16:55:04,  Lat/Lon: -32.7393°/150.996°, Depth: 10
2025/04/23 00:03:22.360730 [Incident:Info:toast@toast-new:Magnitude updated] Magnitude updated: 5.72 (M)
2025/04/23 00:03:22.360754 [Simulation:Info:toast@toast-new:Simulation not generated] Magnitude 5.72 of event bmg2025hwci is smaller than triggerMinMagnitude: no automatic simulation
2025/04/23 00:03:24.940640 [Incident:Info:toast@toast-new:Origin updated] Origin updated: OT: 2025-04-22 16:55:04,  Lat/Lon: -32.7393°/150.996°, Depth: 10
2025/04/23 00:03:24.940777 [Incident:Info:toast@toast-new:Magnitude updated] Magnitude updated: 5.74 (M)
2025/04/23 00:03:24.940807 [Simulation:Info:toast@toast-new:Simulation not generated] Magnitude 5.74 of event bmg2025hwci is smaller than triggerMinMagnitude: no automatic simulation
2025/04/23 00:03:33.603853 [Incident:Info:toast@toast-new:Origin updated] Origin updated: OT: 2025-04-22 16:55:04,  Lat/Lon: -32.7393°/150.996°, Depth: 10
2025/04/23 00:03:33.604004 [Incident:Info:toast@toast-new:Magnitude updated] Magnitude updated: 5.76 (M)
2025/04/23 00:03:33.604049 [Simulation:Info:toast@toast-new:Simulation not generated] Magnitude 5.76 of event bmg2025hwci is smaller than triggerMinMagnitude: no automatic simulation
2025/04/23 00:03:39.871107 [Incident:Info:toast@toast-new:Origin updated] Origin updated: OT: 2025-04-22 16:55:04,  Lat/Lon: -32.7393°/150.996°, Depth: 10
2025/04/23 00:03:39.871299 [Incident:Info:toast@toast-new:Magnitude updated] Magnitude updated: 5.73 (M)
2025/04/23 00:03:39.871372 [Simulation:Info:toast@toast-new:Simulation not generated] Magnitude 5.73 of event bmg2025hwci is smaller than triggerMinMagnitude: no automatic simulation
2025/04/23 00:03:44.891060 [Incident:Info:toast@toast-new:Origin updated] Origin updated: OT: 2025-04-22 16:55:04,  Lat/Lon: -32.7393°/150.996°, Depth: 10
2025/04/23 00:03:44.891244 [Incident:Info:toast@toast-new:Magnitude updated] Magnitude updated: 5.73 (M)
2025/04/23 00:03:44.891295 [Simulation:Info:toast@toast-new:Simulation not generated] Magnitude 5.73 of event bmg2025hwci is smaller than triggerMinMagnitude: no automatic simulation
2025/04/23 00:03:49.924522 [Incident:Info:toast@toast-new:Origin updated] Origin updated: OT: 2025-04-22 16:55:04,  Lat/Lon: -32.7393°/150.996°, Depth: 10
2025/04/23 00:03:49.924636 [Incident:Info:toast@toast-new:Magnitude updated] Magnitude updated: 5.72 (M)
2025/04/23 00:03:49.924657 [Simulation:Info:toast@toast-new:Simulation not generated] Magnitude 5.72 of event bmg2025hwci is smaller than triggerMinMagnitude: no automatic simulation
2025/04/23 00:03:52.566927 [Incident:Info:toast@toast-new:Origin updated] Origin updated: OT: 2025-04-22 16:55:04,  Lat/Lon: -32.744°/151.019°, Depth: 10
2025/04/23 00:03:52.567106 [Incident:Info:toast@toast-new:Magnitude updated] Magnitude updated: 5.69 (M)
2025/04/23 00:03:52.567134 [Simulation:Info:toast@toast-new:Simulation not generated] Magnitude 5.69 of event bmg2025hwci is smaller than triggerMinMagnitude: no automatic simulation
2025/04/23 00:03:59.878841 [Incident:Info:toast@toast-new:Origin updated] Origin updated: OT: 2025-04-22 16:55:04,  Lat/Lon: -32.744°/151.019°, Depth: 10
2025/04/23 00:03:59.878994 [Incident:Info:toast@toast-new:Magnitude updated] Magnitude updated: 5.68 (M)
2025/04/23 00:03:59.879024 [Simulation:Info:toast@toast-new:Simulation not generated] Magnitude 5.68 of event bmg2025hwci is smaller than triggerMinMagnitude: no automatic simulation
2025/04/23 00:04:04.908572 [Incident:Info:toast@toast-new:Origin updated] Origin updated: OT: 2025-04-22 16:55:04,  Lat/Lon: -32.744°/151.019°, Depth: 10
2025/04/23 00:04:04.908729 [Incident:Info:toast@toast-new:Magnitude updated] Magnitude updated: 5.70 (M)
2025/04/23 00:04:04.908759 [Simulation:Info:toast@toast-new:Simulation not generated] Magnitude 5.70 of event bmg2025hwci is smaller than triggerMinMagnitude: no automatic simulation
2025/04/23 00:04:09.892693 [Incident:Info:toast@toast-new:Origin updated] Origin updated: OT: 2025-04-22 16:55:04,  Lat/Lon: -32.744°/151.019°, Depth: 10
2025/04/23 00:04:09.892835 [Incident:Info:toast@toast-new:Magnitude updated] Magnitude updated: 5.70 (M)
2025/04/23 00:04:09.892862 [Simulation:Info:toast@toast-new:Simulation not generated] Magnitude 5.70 of event bmg2025hwci is smaller than triggerMinMagnitude: no automatic simulation
2025/04/23 00:04:11.596343 [Incident:Info:toast@toast-new:Origin updated] Origin updated: OT: 2025-04-22 16:55:04,  Lat/Lon: -32.744°/151.019°, Depth: 10
2025/04/23 00:04:11.596488 [Incident:Info:toast@toast-new:Magnitude updated] Magnitude updated: 5.70 (M)
2025/04/23 00:04:11.596517 [Simulation:Info:toast@toast-new:Simulation not generated] Magnitude 5.70 of event bmg2025hwci is smaller than triggerMinMagnitude: no automatic simulation
2025/04/23 00:04:14.918270 [Incident:Info:toast@toast-new:Origin updated] Origin updated: OT: 2025-04-22 16:55:04,  Lat/Lon: -32.744°/151.019°, Depth: 10
2025/04/23 00:04:14.918432 [Incident:Info:toast@toast-new:Magnitude updated] Magnitude updated: 5.71 (M)
2025/04/23 00:04:14.918460 [Simulation:Info:toast@toast-new:Simulation not generated] Magnitude 5.71 of event bmg2025hwci is smaller than triggerMinMagnitude: no automatic simulation
2025/04/23 00:04:19.928890 [Incident:Info:toast@toast-new:Origin updated] Origin updated: OT: 2025-04-22 16:55:04,  Lat/Lon: -32.744°/151.019°, Depth: 10
2025/04/23 00:04:19.929082 [Incident:Info:toast@toast-new:Magnitude updated] Magnitude updated: 5.70 (M)
2025/04/23 00:04:19.929131 [Simulation:Info:toast@toast-new:Simulation not generated] Magnitude 5.70 of event bmg2025hwci is smaller than triggerMinMagnitude: no automatic simulation
2025/04/23 00:04:24.817951 [Incident:Info:toast@toast-new:Origin updated] Origin updated: OT: 2025-04-22 16:55:04,  Lat/Lon: -32.744°/151.019°, Depth: 10
2025/04/23 00:04:24.818138 [Incident:Info:toast@toast-new:Magnitude updated] Magnitude updated: 5.69 (M)
2025/04/23 00:04:24.818188 [Simulation:Info:toast@toast-new:Simulation not generated] Magnitude 5.69 of event bmg2025hwci is smaller than triggerMinMagnitude: no automatic simulation
2025/04/23 00:04:30.290727 [Incident:Info:toast@toast-new:Origin updated] Origin updated: OT: 2025-04-22 16:55:04,  Lat/Lon: -32.7398°/151.01°, Depth: 10
2025/04/23 00:04:30.290932 [Incident:Info:toast@toast-new:Magnitude updated] Magnitude updated: 5.69 (M)
2025/04/23 00:04:30.290981 [Simulation:Info:toast@toast-new:Simulation not generated] Magnitude 5.69 of event bmg2025hwci is smaller than triggerMinMagnitude: no automatic simulation
2025/04/23 00:04:34.945899 [Incident:Info:toast@toast-new:Origin updated] Origin updated: OT: 2025-04-22 16:55:04,  Lat/Lon: -32.7398°/151.01°, Depth: 10
2025/04/23 00:04:34.946044 [Incident:Info:toast@toast-new:Magnitude updated] Magnitude updated: 5.69 (M)
2025/04/23 00:04:34.946075 [Simulation:Info:toast@toast-new:Simulation not generated] Magnitude 5.69 of event bmg2025hwci is smaller than triggerMinMagnitude: no automatic simulation
2025/04/23 00:04:40.006919 [Incident:Info:toast@toast-new:Origin updated] Origin updated: OT: 2025-04-22 16:55:04,  Lat/Lon: -32.7398°/151.01°, Depth: 10
2025/04/23 00:04:40.007095 [Incident:Info:toast@toast-new:Magnitude updated] Magnitude updated: 5.85 (Mw(mB))
2025/04/23 00:04:40.007165 [Simulation:Info:toast@toast-new:Simulation not generated] Magnitude 5.85 of event bmg2025hwci is smaller than triggerMinMagnitude: no automatic simulation
2025/04/23 00:04:40.063364 [Incident:Info:toast@toast-new:Origin updated] Origin updated: OT: 2025-04-22 16:55:04,  Lat/Lon: -32.7398°/151.01°, Depth: 10
2025/04/23 00:04:40.063486 [Simulation:Info:toast@toast-new:Simulation not generated] Magnitude 5.85 of event bmg2025hwci is smaller than triggerMinMagnitude: no automatic simulation
2025/04/23 00:04:50.036188 [Incident:Info:toast@toast-new:Origin updated] Origin updated: OT: 2025-04-22 16:55:04,  Lat/Lon: -32.7398°/151.01°, Depth: 10
2025/04/23 00:04:50.036354 [Incident:Info:toast@toast-new:Magnitude updated] Magnitude updated: 5.89 (Mw(mB))
2025/04/23 00:04:50.036395 [Simulation:Info:toast@toast-new:Simulation not generated] Magnitude 5.89 of event bmg2025hwci is smaller than triggerMinMagnitude: no automatic simulation
2025/04/23 00:04:58.633364 [Incident:Info:toast@toast-new:Origin updated] Origin updated: OT: 2025-04-22 16:55:04,  Lat/Lon: -32.7398°/151.01°, Depth: 10
2025/04/23 00:04:58.633523 [Incident:Info:toast@toast-new:Magnitude updated] Magnitude updated: 5.90 (Mw(mB))
2025/04/23 00:04:58.633550 [Simulation:Info:toast@toast-new:Simulation not generated] Magnitude 5.90 of event bmg2025hwci is smaller than triggerMinMagnitude: no automatic simulation
2025/04/23 00:05:04.972787 [Incident:Info:toast@toast-new:Origin updated] Origin updated: OT: 2025-04-22 16:55:04,  Lat/Lon: -32.7398°/151.01°, Depth: 10
2025/04/23 00:05:04.972982 [Incident:Info:toast@toast-new:Magnitude updated] Magnitude updated: 5.91 (Mw(mB))
2025/04/23 00:05:04.973034 [Simulation:Info:toast@toast-new:Simulation not generated] Magnitude 5.91 of event bmg2025hwci is smaller than triggerMinMagnitude: no automatic simulation
2025/04/23 00:05:18.150066 [Incident:Info:toast@toast-new:Origin updated] Origin updated: OT: 2025-04-22 16:55:04,  Lat/Lon: -32.7441°/151.013°, Depth: 10
2025/04/23 00:05:18.150191 [Incident:Info:toast@toast-new:Magnitude updated] Magnitude updated: 5.91 (Mw(mB))
2025/04/23 00:05:18.150212 [Simulation:Info:toast@toast-new:Simulation not generated] Magnitude 5.91 of event bmg2025hwci is smaller than triggerMinMagnitude: no automatic simulation
2025/04/23 00:05:30.166625 [Incident:Info:toast@toast-new:Origin updated] Origin updated: OT: 2025-04-22 16:55:04,  Lat/Lon: -32.7441°/151.013°, Depth: 10
2025/04/23 00:05:30.166776 [Incident:Info:toast@toast-new:Magnitude updated] Magnitude updated: 5.90 (Mw(mB))
2025/04/23 00:05:30.166806 [Simulation:Info:toast@toast-new:Simulation not generated] Magnitude 5.90 of event bmg2025hwci is smaller than triggerMinMagnitude: no automatic simulation
2025/04/23 00:05:35.169252 [Incident:Info:toast@toast-new:Origin updated] Origin updated: OT: 2025-04-22 16:55:04,  Lat/Lon: -32.7441°/151.013°, Depth: 10
2025/04/23 00:05:35.169391 [Incident:Info:toast@toast-new:Magnitude updated] Magnitude updated: 5.88 (Mw(mB))
2025/04/23 00:05:35.169416 [Simulation:Info:toast@toast-new:Simulation not generated] Magnitude 5.88 of event bmg2025hwci is smaller than triggerMinMagnitude: no automatic simulation
2025/04/23 00:06:09.206958 [Incident:Info:toast@toast-new:Origin updated] Origin updated: OT: 2025-04-22 16:55:04,  Lat/Lon: -32.7486°/151.025°, Depth: 10
2025/04/23 00:06:09.207112 [Incident:Info:toast@toast-new:Magnitude updated] Magnitude updated: 5.88 (Mw(mB))
2025/04/23 00:06:09.207135 [Simulation:Info:toast@toast-new:Simulation not generated] Magnitude 5.88 of event bmg2025hwci is smaller than triggerMinMagnitude: no automatic simulation
2025/04/23 00:06:34.932850 [Incident:Info:toast@toast-new:Origin updated] Origin updated: OT: 2025-04-22 16:55:04,  Lat/Lon: -32.7486°/151.025°, Depth: 10
2025/04/23 00:06:34.933008 [Incident:Info:toast@toast-new:Magnitude updated] Magnitude updated: 5.88 (Mw(mB))
2025/04/23 00:06:34.933036 [Simulation:Info:toast@toast-new:Simulation not generated] Magnitude 5.88 of event bmg2025hwci is smaller than triggerMinMagnitude: no automatic simulation
2025/04/23 00:07:07.515394 [Incident:Info:toast@toast-new:Origin updated] Origin updated: OT: 2025-04-22 16:55:04,  Lat/Lon: -32.7436°/151.015°, Depth: 10
2025/04/23 00:07:07.515520 [Incident:Info:toast@toast-new:Magnitude updated] Magnitude updated: 5.91 (Mw(mB))
2025/04/23 00:07:07.515543 [Simulation:Info:toast@toast-new:Simulation not generated] Magnitude 5.91 of event bmg2025hwci is smaller than triggerMinMagnitude: no automatic simulation
2025/04/23 00:07:34.968250 [Incident:Info:toast@toast-new:Origin updated] Origin updated: OT: 2025-04-22 16:55:04,  Lat/Lon: -32.7436°/151.015°, Depth: 10
2025/04/23 00:07:34.968376 [Incident:Info:toast@toast-new:Magnitude updated] Magnitude updated: 5.92 (Mw(mB))
2025/04/23 00:07:34.968401 [Simulation:Info:toast@toast-new:Simulation not generated] Magnitude 5.92 of event bmg2025hwci is smaller than triggerMinMagnitude: no automatic simulation
2025/04/23 00:08:05.708158 [Incident:Info:toast@toast-new:Origin updated] Origin updated: OT: 2025-04-22 16:55:04,  Lat/Lon: -32.7436°/151.015°, Depth: 10
2025/04/23 00:08:05.708313 [Incident:Info:toast@toast-new:Magnitude updated] Magnitude updated: 5.93 (Mw(mB))
2025/04/23 00:08:05.708341 [Simulation:Info:toast@toast-new:Simulation not generated] Magnitude 5.93 of event bmg2025hwci is smaller than triggerMinMagnitude: no automatic simulation
2025/04/23 00:08:14.872212 [Incident:Info:toast@toast-new:Origin updated] Origin updated: OT: 2025-04-22 16:55:04,  Lat/Lon: -32.7436°/151.015°, Depth: 10
2025/04/23 00:08:14.872356 [Incident:Info:toast@toast-new:Magnitude updated] Magnitude updated: 5.94 (Mw(mB))
2025/04/23 00:08:14.872382 [Simulation:Info:toast@toast-new:Simulation not generated] Magnitude 5.94 of event bmg2025hwci is smaller than triggerMinMagnitude: no automatic simulation
2025/04/23 00:09:04.475290 [Incident:Info:toast@toast-new:Origin updated] Origin updated: OT: 2025-04-22 16:55:04,  Lat/Lon: -32.7389°/151.003°, Depth: 10
2025/04/23 00:09:04.475453 [Incident:Info:toast@toast-new:Magnitude updated] Magnitude updated: 5.94 (Mw(mB))
2025/04/23 00:09:04.475483 [Simulation:Info:toast@toast-new:Simulation not generated] Magnitude 5.94 of event bmg2025hwci is smaller than triggerMinMagnitude: no automatic simulation
2025/04/23 00:12:43.853348 [Incident:Info:toast@toast-new:Origin updated] Origin updated: OT: 2025-04-22 16:55:04,  Lat/Lon: -32.7322°/151.007°, Depth: 10
2025/04/23 00:12:43.853496 [Incident:Info:toast@toast-new:Magnitude updated] Magnitude updated: 5.96 (Mw(mB))
2025/04/23 00:12:43.853529 [Simulation:Info:toast@toast-new:Simulation not generated] Magnitude 5.96 of event bmg2025hwci is smaller than triggerMinMagnitude: no automatic simulation
2025/04/23 00:21:33.007949 [Incident:Info:toast@toast-new:Origin updated] Origin updated: OT: 2025-04-22 16:55:04,  Lat/Lon: -32.7322°/151.007°, Depth: 10
2025/04/23 00:21:33.008080 [Incident:Info:toast@toast-new:FM updated] FM updated
2025/04/23 00:21:33.008242 [Simulation:Info:toast@toast-new:Simulation not generated] Magnitude 5.96 of event bmg2025hwci is smaller than triggerMinMagnitude: no automatic simulation
2025/04/23 00:21:33.453990 [Incident:Info:toast@toast-new:Origin updated] Origin updated: OT: 2025-04-22 16:55:04,  Lat/Lon: -32.7322°/151.007°, Depth: 10
2025/04/23 00:21:33.454123 [Incident:Info:toast@toast-new:FM updated] FM updated
2025/04/23 00:21:33.454314 [Simulation:Info:toast@toast-new:Simulation not generated] Magnitude 5.96 of event bmg2025hwci is smaller than triggerMinMagnitude: no automatic simulation
2025/04/23 00:22:03.471907 [Incident:Info:toast@toast-new:Origin updated] Origin updated: OT: 2025-04-22 16:55:04,  Lat/Lon: -32.7322°/151.007°, Depth: 10
2025/04/23 00:22:03.472071 [Incident:Info:toast@toast-new:FM updated] FM updated
2025/04/23 00:22:03.472267 [Simulation:Info:toast@toast-new:Simulation not generated] Magnitude 5.96 of event bmg2025hwci is smaller than triggerMinMagnitude: no automatic simulation
2025/04/23 00:22:13.440200 [Incident:Info:toast@toast-new:Origin updated] Origin updated: OT: 2025-04-22 16:55:04,  Lat/Lon: -32.7322°/151.007°, Depth: 10
2025/04/23 00:22:13.440316 [Incident:Info:toast@toast-new:FM updated] FM updated
2025/04/23 00:22:13.440485 [Simulation:Info:toast@toast-new:Simulation not generated] Magnitude 5.96 of event bmg2025hwci is smaller than triggerMinMagnitude: no automatic simulation
2025/04/23 00:22:53.922139 [Incident:Info:toast@toast-new:Origin updated] Origin updated: OT: 2025-04-22 16:55:04,  Lat/Lon: -32.7322°/151.007°, Depth: 10
2025/04/23 00:22:53.922264 [Incident:Info:toast@toast-new:FM updated] FM updated
2025/04/23 00:22:53.922435 [Simulation:Info:toast@toast-new:Simulation not generated] Magnitude 5.96 of event bmg2025hwci is smaller than triggerMinMagnitude: no automatic simulation
2025/04/23 00:24:33.771573 [Incident:Info:toast@toast-new:Origin updated] Origin updated: OT: 2025-04-22 16:55:04,  Lat/Lon: -32.7322°/151.007°, Depth: 10
2025/04/23 00:24:33.771717 [Incident:Info:toast@toast-new:FM updated] FM updated
2025/04/23 00:24:33.771928 [Simulation:Info:toast@toast-new:Simulation not generated] Magnitude 5.96 of event bmg2025hwci is smaller than triggerMinMagnitude: no automatic simulation
2025/04/23 00:25:54.060529 [Incident:Info:toast@toast-new:Origin updated] Origin updated: OT: 2025-04-22 16:55:04,  Lat/Lon: -32.7322°/151.007°, Depth: 10
2025/04/23 00:25:54.060649 [Incident:Info:toast@toast-new:FM updated] FM updated
2025/04/23 00:25:54.060808 [Simulation:Info:toast@toast-new:Simulation not generated] Magnitude 5.96 of event bmg2025hwci is smaller than triggerMinMagnitude: no automatic simulation
2025/04/23 00:26:04.064933 [Incident:Info:toast@toast-new:Origin updated] Origin updated: OT: 2025-04-22 16:55:04,  Lat/Lon: -32.7322°/151.007°, Depth: 10
2025/04/23 00:26:04.065094 [Simulation:Info:toast@toast-new:Simulation not generated] Magnitude 5.96 of event bmg2025hwci is smaller than triggerMinMagnitude: no automatic simulation
2025/04/23 00:26:23.959688 [Incident:Info:toast@toast-new:Origin updated] Origin updated: OT: 2025-04-22 16:55:04,  Lat/Lon: -32.7322°/151.007°, Depth: 10
2025/04/23 00:26:23.959814 [Simulation:Info:toast@toast-new:Simulation not generated] Magnitude 5.96 of event bmg2025hwci is smaller than triggerMinMagnitude: no automatic simulation
2025/04/23 00:26:54.047391 [Incident:Info:toast@toast-new:Origin updated] Origin updated: OT: 2025-04-22 16:55:04,  Lat/Lon: -32.7322°/151.007°, Depth: 10
2025/04/23 00:26:54.047520 [Simulation:Info:toast@toast-new:Simulation not generated] Magnitude 5.96 of event bmg2025hwci is smaller than triggerMinMagnitude: no automatic simulation
2025/04/23 00:27:04.174571 [Incident:Info:toast@toast-new:Origin updated] Origin updated: OT: 2025-04-22 16:55:04,  Lat/Lon: -32.7322°/151.007°, Depth: 10
2025/04/23 00:27:04.174729 [Incident:Info:toast@toast-new:FM updated] FM updated
2025/04/23 00:27:04.174918 [Simulation:Info:toast@toast-new:Simulation not generated] Magnitude 5.96 of event bmg2025hwci is smaller than triggerMinMagnitude: no automatic simulation
2025/04/23 00:27:14.245257 [Incident:Info:toast@toast-new:Origin updated] Origin updated: OT: 2025-04-22 16:55:04,  Lat/Lon: -32.7322°/151.007°, Depth: 10
2025/04/23 00:27:14.245394 [Simulation:Info:toast@toast-new:Simulation not generated] Magnitude 5.96 of event bmg2025hwci is smaller than triggerMinMagnitude: no automatic simulation
2025/04/23 00:27:24.184343 [Incident:Info:toast@toast-new:Origin updated] Origin updated: OT: 2025-04-22 16:55:04,  Lat/Lon: -32.7322°/151.007°, Depth: 10
2025/04/23 00:27:24.184475 [Incident:Info:toast@toast-new:FM updated] FM updated
2025/04/23 00:27:24.184647 [Simulation:Info:toast@toast-new:Simulation not generated] Magnitude 5.96 of event bmg2025hwci is smaller than triggerMinMagnitude: no automatic simulation
2025/04/23 00:27:54.586005 [Incident:Info:toast@toast-new:Origin updated] Origin updated: OT: 2025-04-22 16:55:04,  Lat/Lon: -32.7322°/151.007°, Depth: 10
2025/04/23 00:27:54.586126 [Incident:Info:toast@toast-new:FM updated] FM updated
2025/04/23 00:27:54.586298 [Simulation:Info:toast@toast-new:Simulation not generated] Magnitude 5.96 of event bmg2025hwci is smaller than triggerMinMagnitude: no automatic simulation
2025/04/23 00:28:14.556209 [Incident:Info:toast@toast-new:Origin updated] Origin updated: OT: 2025-04-22 16:55:04,  Lat/Lon: -32.7322°/151.007°, Depth: 10
2025/04/23 00:28:14.556336 [Incident:Info:toast@toast-new:FM updated] FM updated
2025/04/23 00:28:14.556508 [Simulation:Info:toast@toast-new:Simulation not generated] Magnitude 5.96 of event bmg2025hwci is smaller than triggerMinMagnitude: no automatic simulation
2025/04/23 00:28:34.896031 [Incident:Info:toast@toast-new:Origin updated] Origin updated: OT: 2025-04-22 16:55:04,  Lat/Lon: -32.7322°/151.007°, Depth: 10
2025/04/23 00:28:34.896147 [Incident:Info:toast@toast-new:FM updated] FM updated
2025/04/23 00:28:34.896302 [Simulation:Info:toast@toast-new:Simulation not generated] Magnitude 5.96 of event bmg2025hwci is smaller than triggerMinMagnitude: no automatic simulation
2025/04/23 00:28:54.782523 [Incident:Info:toast@toast-new:Origin updated] Origin updated: OT: 2025-04-22 16:55:04,  Lat/Lon: -32.7322°/151.007°, Depth: 10
2025/04/23 00:28:54.782648 [Simulation:Info:toast@toast-new:Simulation not generated] Magnitude 5.96 of event bmg2025hwci is smaller than triggerMinMagnitude: no automatic simulation
2025/04/23 00:29:04.963447 [Incident:Info:toast@toast-new:Origin updated] Origin updated: OT: 2025-04-22 16:55:04,  Lat/Lon: -32.7322°/151.007°, Depth: 10
2025/04/23 00:29:04.963572 [Simulation:Info:toast@toast-new:Simulation not generated] Magnitude 5.96 of event bmg2025hwci is smaller than triggerMinMagnitude: no automatic simulation
2025/04/23 00:29:15.004187 [Incident:Info:toast@toast-new:Origin updated] Origin updated: OT: 2025-04-22 16:55:04,  Lat/Lon: -32.7322°/151.007°, Depth: 10
2025/04/23 00:29:15.004325 [Simulation:Info:toast@toast-new:Simulation not generated] Magnitude 5.96 of event bmg2025hwci is smaller than triggerMinMagnitude: no automatic simulation
2025/04/23 00:29:35.077715 [Incident:Info:toast@toast-new:Origin updated] Origin updated: OT: 2025-04-22 16:55:04,  Lat/Lon: -32.7322°/151.007°, Depth: 10
2025/04/23 00:29:35.077842 [Simulation:Info:toast@toast-new:Simulation not generated] Magnitude 5.96 of event bmg2025hwci is smaller than triggerMinMagnitude: no automatic simulation
2025/04/23 00:29:45.132669 [Incident:Info:toast@toast-new:Origin updated] Origin updated: OT: 2025-04-22 16:55:04,  Lat/Lon: -32.7322°/151.007°, Depth: 10
2025/04/23 00:29:45.132813 [Simulation:Info:toast@toast-new:Simulation not generated] Magnitude 5.96 of event bmg2025hwci is smaller than triggerMinMagnitude: no automatic simulation
2025/04/23 00:29:55.415931 [Incident:Info:toast@toast-new:Origin updated] Origin updated: OT: 2025-04-22 16:55:04,  Lat/Lon: -32.7322°/151.007°, Depth: 10
2025/04/23 00:29:55.416069 [Simulation:Info:toast@toast-new:Simulation not generated] Magnitude 5.96 of event bmg2025hwci is smaller than triggerMinMagnitude: no automatic simulation
2025/04/23 00:30:15.373164 [Incident:Info:toast@toast-new:Origin updated] Origin updated: OT: 2025-04-22 16:55:04,  Lat/Lon: -32.7322°/151.007°, Depth: 10
2025/04/23 00:30:15.373301 [Simulation:Info:toast@toast-new:Simulation not generated] Magnitude 5.96 of event bmg2025hwci is smaller than triggerMinMagnitude: no automatic simulation
2025/04/23 00:30:25.465935 [Incident:Info:toast@toast-new:Origin updated] Origin updated: OT: 2025-04-22 16:55:04,  Lat/Lon: -32.7322°/151.007°, Depth: 10
2025/04/23 00:30:25.466080 [Incident:Info:toast@toast-new:FM updated] FM updated
2025/04/23 00:30:25.466256 [Simulation:Info:toast@toast-new:Simulation not generated] Magnitude 5.96 of event bmg2025hwci is smaller than triggerMinMagnitude: no automatic simulation
2025/04/23 00:30:45.560399 [Incident:Info:toast@toast-new:Origin updated] Origin updated: OT: 2025-04-22 16:55:04,  Lat/Lon: -32.7322°/151.007°, Depth: 10
2025/04/23 00:30:45.560529 [Simulation:Info:toast@toast-new:Simulation not generated] Magnitude 5.96 of event bmg2025hwci is smaller than triggerMinMagnitude: no automatic simulation
2025/04/23 00:30:55.630311 [Incident:Info:toast@toast-new:Origin updated] Origin updated: OT: 2025-04-22 16:55:04,  Lat/Lon: -32.7322°/151.007°, Depth: 10
2025/04/23 00:30:55.630452 [Simulation:Info:toast@toast-new:Simulation not generated] Magnitude 5.96 of event bmg2025hwci is smaller than triggerMinMagnitude: no automatic simulation
2025/04/23 00:31:05.613976 [Incident:Info:toast@toast-new:Origin updated] Origin updated: OT: 2025-04-22 16:55:04,  Lat/Lon: -32.7322°/151.007°, Depth: 10
2025/04/23 00:31:05.614135 [Simulation:Info:toast@toast-new:Simulation not generated] Magnitude 5.96 of event bmg2025hwci is smaller than triggerMinMagnitude: no automatic simulation
2025/04/23 00:31:15.752400 [Incident:Info:toast@toast-new:Origin updated] Origin updated: OT: 2025-04-22 16:55:04,  Lat/Lon: -32.7322°/151.007°, Depth: 10
2025/04/23 00:31:15.752520 [Simulation:Info:toast@toast-new:Simulation not generated] Magnitude 5.96 of event bmg2025hwci is smaller than triggerMinMagnitude: no automatic simulation
2025/04/23 00:31:26.648020 [Incident:Info:toast@toast-new:Origin updated] Origin updated: OT: 2025-04-22 16:55:04,  Lat/Lon: -32.7322°/151.007°, Depth: 10
2025/04/23 00:31:26.648142 [Simulation:Info:toast@toast-new:Simulation not generated] Magnitude 5.96 of event bmg2025hwci is smaller than triggerMinMagnitude: no automatic simulation
2025/04/23 00:31:46.126345 [Incident:Info:toast@toast-new:Origin updated] Origin updated: OT: 2025-04-22 16:55:04,  Lat/Lon: -32.7322°/151.007°, Depth: 10
2025/04/23 00:31:46.126473 [Simulation:Info:toast@toast-new:Simulation not generated] Magnitude 5.96 of event bmg2025hwci is smaller than triggerMinMagnitude: no automatic simulation
2025/04/23 00:31:56.218116 [Incident:Info:toast@toast-new:Origin updated] Origin updated: OT: 2025-04-22 16:55:04,  Lat/Lon: -32.7322°/151.007°, Depth: 10
2025/04/23 00:31:56.218249 [Simulation:Info:toast@toast-new:Simulation not generated] Magnitude 5.96 of event bmg2025hwci is smaller than triggerMinMagnitude: no automatic simulation
2025/04/23 00:32:06.298053 [Incident:Info:toast@toast-new:Origin updated] Origin updated: OT: 2025-04-22 16:55:04,  Lat/Lon: -32.7322°/151.007°, Depth: 10
2025/04/23 00:32:06.298174 [Simulation:Info:toast@toast-new:Simulation not generated] Magnitude 5.96 of event bmg2025hwci is smaller than triggerMinMagnitude: no automatic simulation
2025/04/23 00:32:26.284628 [Incident:Info:toast@toast-new:Origin updated] Origin updated: OT: 2025-04-22 16:55:04,  Lat/Lon: -32.7322°/151.007°, Depth: 10
2025/04/23 00:32:26.284749 [Simulation:Info:toast@toast-new:Simulation not generated] Magnitude 5.96 of event bmg2025hwci is smaller than triggerMinMagnitude: no automatic simulation
2025/04/23 00:32:36.869528 [Incident:Info:toast@toast-new:Origin updated] Origin updated: OT: 2025-04-22 16:55:04,  Lat/Lon: -32.7322°/151.007°, Depth: 10
2025/04/23 00:32:36.869642 [Simulation:Info:toast@toast-new:Simulation not generated] Magnitude 5.96 of event bmg2025hwci is smaller than triggerMinMagnitude: no automatic simulation
2025/04/23 00:32:46.644913 [Incident:Info:toast@toast-new:Origin updated] Origin updated: OT: 2025-04-22 16:55:04,  Lat/Lon: -32.7322°/151.007°, Depth: 10
2025/04/23 00:32:46.645035 [Simulation:Info:toast@toast-new:Simulation not generated] Magnitude 5.96 of event bmg2025hwci is smaller than triggerMinMagnitude: no automatic simulation
2025/04/23 00:32:56.890815 [Incident:Info:toast@toast-new:Origin updated] Origin updated: OT: 2025-04-22 16:55:04,  Lat/Lon: -32.7322°/151.007°, Depth: 10
2025/04/23 00:32:56.890958 [Simulation:Info:toast@toast-new:Simulation not generated] Magnitude 5.96 of event bmg2025hwci is smaller than triggerMinMagnitude: no automatic simulation
2025/04/23 00:33:06.865751 [Incident:Info:toast@toast-new:Origin updated] Origin updated: OT: 2025-04-22 16:55:04,  Lat/Lon: -32.7322°/151.007°, Depth: 10
2025/04/23 00:33:06.865880 [Incident:Info:toast@toast-new:FM updated] FM updated
2025/04/23 00:33:06.866045 [Simulation:Info:toast@toast-new:Simulation not generated] Magnitude 5.96 of event bmg2025hwci is smaller than triggerMinMagnitude: no automatic simulation
2025/04/23 00:33:16.998119 [Incident:Info:toast@toast-new:Origin updated] Origin updated: OT: 2025-04-22 16:55:04,  Lat/Lon: -32.7322°/151.007°, Depth: 10
2025/04/23 00:33:16.998247 [Simulation:Info:toast@toast-new:Simulation not generated] Magnitude 5.96 of event bmg2025hwci is smaller than triggerMinMagnitude: no automatic simulation
2025/04/23 00:33:47.126318 [Incident:Info:toast@toast-new:Origin updated] Origin updated: OT: 2025-04-22 16:55:04,  Lat/Lon: -32.7322°/151.007°, Depth: 10
2025/04/23 00:33:47.126470 [Simulation:Info:toast@toast-new:Simulation not generated] Magnitude 5.96 of event bmg2025hwci is smaller than triggerMinMagnitude: no automatic simulation
2025/04/23 00:33:57.174348 [Incident:Info:toast@toast-new:Origin updated] Origin updated: OT: 2025-04-22 16:55:04,  Lat/Lon: -32.7322°/151.007°, Depth: 10
2025/04/23 00:33:57.174489 [Simulation:Info:toast@toast-new:Simulation not generated] Magnitude 5.96 of event bmg2025hwci is smaller than triggerMinMagnitude: no automatic simulation
2025/04/23 00:34:07.186095 [Incident:Info:toast@toast-new:Origin updated] Origin updated: OT: 2025-04-22 16:55:04,  Lat/Lon: -32.7322°/151.007°, Depth: 10
2025/04/23 00:34:07.186221 [Simulation:Info:toast@toast-new:Simulation not generated] Magnitude 5.96 of event bmg2025hwci is smaller than triggerMinMagnitude: no automatic simulation
2025/04/23 00:34:17.481781 [Incident:Info:toast@toast-new:Origin updated] Origin updated: OT: 2025-04-22 16:55:04,  Lat/Lon: -32.7322°/151.007°, Depth: 10
2025/04/23 00:34:17.481910 [Simulation:Info:toast@toast-new:Simulation not generated] Magnitude 5.96 of event bmg2025hwci is smaller than triggerMinMagnitude: no automatic simulation
2025/04/23 00:34:27.400630 [Incident:Info:toast@toast-new:Origin updated] Origin updated: OT: 2025-04-22 16:55:04,  Lat/Lon: -32.7322°/151.007°, Depth: 10
2025/04/23 00:34:27.400741 [Simulation:Info:toast@toast-new:Simulation not generated] Magnitude 5.96 of event bmg2025hwci is smaller than triggerMinMagnitude: no automatic simulation
2025/04/23 00:34:37.506606 [Incident:Info:toast@toast-new:Origin updated] Origin updated: OT: 2025-04-22 16:55:04,  Lat/Lon: -32.7322°/151.007°, Depth: 10
2025/04/23 00:34:37.506730 [Simulation:Info:toast@toast-new:Simulation not generated] Magnitude 5.96 of event bmg2025hwci is smaller than triggerMinMagnitude: no automatic simulation
2025/04/23 00:34:47.885910 [Incident:Info:toast@toast-new:Origin updated] Origin updated: OT: 2025-04-22 16:55:04,  Lat/Lon: -32.7322°/151.007°, Depth: 10
2025/04/23 00:34:47.886052 [Simulation:Info:toast@toast-new:Simulation not generated] Magnitude 5.96 of event bmg2025hwci is smaller than triggerMinMagnitude: no automatic simulation
2025/04/23 00:35:07.753744 [Incident:Info:toast@toast-new:Origin updated] Origin updated: OT: 2025-04-22 16:55:04,  Lat/Lon: -32.7322°/151.007°, Depth: 10
2025/04/23 00:35:07.753860 [Incident:Info:toast@toast-new:FM updated] FM updated
2025/04/23 00:35:07.754023 [Simulation:Info:toast@toast-new:Simulation not generated] Magnitude 5.96 of event bmg2025hwci is smaller than triggerMinMagnitude: no automatic simulation
2025/04/23 00:35:17.866416 [Incident:Info:toast@toast-new:Origin updated] Origin updated: OT: 2025-04-22 16:55:04,  Lat/Lon: -32.7322°/151.007°, Depth: 10
2025/04/23 00:35:17.866548 [Simulation:Info:toast@toast-new:Simulation not generated] Magnitude 5.96 of event bmg2025hwci is smaller than triggerMinMagnitude: no automatic simulation
2025/04/23 00:35:38.072339 [Incident:Info:toast@toast-new:Origin updated] Origin updated: OT: 2025-04-22 16:55:04,  Lat/Lon: -32.7322°/151.007°, Depth: 10
2025/04/23 00:35:38.072460 [Simulation:Info:toast@toast-new:Simulation not generated] Magnitude 5.96 of event bmg2025hwci is smaller than triggerMinMagnitude: no automatic simulation
2025/04/23 00:35:48.016686 [Incident:Info:toast@toast-new:Origin updated] Origin updated: OT: 2025-04-22 16:55:04,  Lat/Lon: -32.7322°/151.007°, Depth: 10
2025/04/23 00:35:48.016819 [Simulation:Info:toast@toast-new:Simulation not generated] Magnitude 5.96 of event bmg2025hwci is smaller than triggerMinMagnitude: no automatic simulation
2025/04/23 00:36:08.707341 [Incident:Info:toast@toast-new:Origin updated] Origin updated: OT: 2025-04-22 16:55:04,  Lat/Lon: -32.7322°/151.007°, Depth: 10
2025/04/23 00:36:08.707454 [Incident:Info:toast@toast-new:FM updated] FM updated
2025/04/23 00:36:08.707606 [Simulation:Info:toast@toast-new:Simulation not generated] Magnitude 5.96 of event bmg2025hwci is smaller than triggerMinMagnitude: no automatic simulation
2025/04/23 00:36:18.665664 [Incident:Info:toast@toast-new:Origin updated] Origin updated: OT: 2025-04-22 16:55:04,  Lat/Lon: -32.7322°/151.007°, Depth: 10
2025/04/23 00:36:18.665785 [Simulation:Info:toast@toast-new:Simulation not generated] Magnitude 5.96 of event bmg2025hwci is smaller than triggerMinMagnitude: no automatic simulation
2025/04/23 00:36:58.837252 [Incident:Info:toast@toast-new:Origin updated] Origin updated: OT: 2025-04-22 16:55:04,  Lat/Lon: -32.7322°/151.007°, Depth: 10
2025/04/23 00:36:58.837371 [Simulation:Info:toast@toast-new:Simulation not generated] Magnitude 5.96 of event bmg2025hwci is smaller than triggerMinMagnitude: no automatic simulation
2025/04/23 00:37:08.737812 [Incident:Info:toast@toast-new:Origin updated] Origin updated: OT: 2025-04-22 16:55:04,  Lat/Lon: -32.7322°/151.007°, Depth: 10
2025/04/23 00:37:08.737926 [Simulation:Info:toast@toast-new:Simulation not generated] Magnitude 5.96 of event bmg2025hwci is smaller than triggerMinMagnitude: no automatic simulation
2025/04/23 00:37:19.427178 [Incident:Info:toast@toast-new:Origin updated] Origin updated: OT: 2025-04-22 16:55:04,  Lat/Lon: -32.7322°/151.007°, Depth: 10
2025/04/23 00:37:19.427298 [Simulation:Info:toast@toast-new:Simulation not generated] Magnitude 5.96 of event bmg2025hwci is smaller than triggerMinMagnitude: no automatic simulation
2025/04/23 00:37:59.495454 [Incident:Info:toast@toast-new:Origin updated] Origin updated: OT: 2025-04-22 16:55:04,  Lat/Lon: -32.7322°/151.007°, Depth: 10
2025/04/23 00:37:59.495561 [Simulation:Info:toast@toast-new:Simulation not generated] Magnitude 5.96 of event bmg2025hwci is smaller than triggerMinMagnitude: no automatic simulation
2025/04/23 00:38:49.360486 [Incident:Info:toast@toast-new:Origin updated] Origin updated: OT: 2025-04-22 16:55:04,  Lat/Lon: -32.7322°/151.007°, Depth: 10
2025/04/23 00:38:49.360617 [Simulation:Info:toast@toast-new:Simulation not generated] Magnitude 5.96 of event bmg2025hwci is smaller than triggerMinMagnitude: no automatic simulation
2025/04/23 00:39:19.382743 [Incident:Info:toast@toast-new:Origin updated] Origin updated: OT: 2025-04-22 16:55:04,  Lat/Lon: -32.7322°/151.007°, Depth: 10
2025/04/23 00:39:19.382865 [Simulation:Info:toast@toast-new:Simulation not generated] Magnitude 5.96 of event bmg2025hwci is smaller than triggerMinMagnitude: no automatic simulation
2025/04/23 00:39:29.611091 [Incident:Info:toast@toast-new:Origin updated] Origin updated: OT: 2025-04-22 16:55:04,  Lat/Lon: -32.7322°/151.007°, Depth: 10
2025/04/23 00:39:29.611209 [Simulation:Info:toast@toast-new:Simulation not generated] Magnitude 5.96 of event bmg2025hwci is smaller than triggerMinMagnitude: no automatic simulation
2025/04/23 00:39:39.715728 [Incident:Info:toast@toast-new:Origin updated] Origin updated: OT: 2025-04-22 16:55:04,  Lat/Lon: -32.7322°/151.007°, Depth: 10
2025/04/23 00:39:39.715845 [Simulation:Info:toast@toast-new:Simulation not generated] Magnitude 5.96 of event bmg2025hwci is smaller than triggerMinMagnitude: no automatic simulation
2025/04/23 00:39:49.787578 [Incident:Info:toast@toast-new:Origin updated] Origin updated: OT: 2025-04-22 16:55:04,  Lat/Lon: -32.7322°/151.007°, Depth: 10
2025/04/23 00:39:49.787723 [Simulation:Info:toast@toast-new:Simulation not generated] Magnitude 5.96 of event bmg2025hwci is smaller than triggerMinMagnitude: no automatic simulation
2025/04/23 00:39:59.776790 [Incident:Info:toast@toast-new:Origin updated] Origin updated: OT: 2025-04-22 16:55:04,  Lat/Lon: -32.7322°/151.007°, Depth: 10
2025/04/23 00:39:59.776906 [Simulation:Info:toast@toast-new:Simulation not generated] Magnitude 5.96 of event bmg2025hwci is smaller than triggerMinMagnitude: no automatic simulation
2025/04/23 00:40:09.935264 [Incident:Info:toast@toast-new:Origin updated] Origin updated: OT: 2025-04-22 16:55:04,  Lat/Lon: -32.7322°/151.007°, Depth: 10
2025/04/23 00:40:09.935379 [Simulation:Info:toast@toast-new:Simulation not generated] Magnitude 5.96 of event bmg2025hwci is smaller than triggerMinMagnitude: no automatic simulation
2025/04/23 00:40:20.122402 [Incident:Info:toast@toast-new:Origin updated] Origin updated: OT: 2025-04-22 16:55:04,  Lat/Lon: -32.7322°/151.007°, Depth: 10
2025/04/23 00:40:20.122527 [Simulation:Info:toast@toast-new:Simulation not generated] Magnitude 5.96 of event bmg2025hwci is smaller than triggerMinMagnitude: no automatic simulation
2025/04/23 00:43:00.126190 [Incident:Info:toast@toast-new:Origin updated] Origin updated: OT: 2025-04-22 16:55:04,  Lat/Lon: -32.7322°/151.007°, Depth: 10
2025/04/23 00:43:00.126315 [Simulation:Info:toast@toast-new:Simulation not generated] Magnitude 5.96 of event bmg2025hwci is smaller than triggerMinMagnitude: no automatic simulation
2025/04/23 02:49:38.942578 [Incident:Info:toast@toast-new:Origin updated] Origin updated: OT: 2025-04-22 16:55:04,  Lat/Lon: -32.7322°/151.007°, Depth: 10
2025/04/23 02:49:38.942726 [Incident:Info:toast@toast-new:FM updated] FM updated
2025/04/23 02:49:38.942920 [Simulation:Info:toast@toast-new:Simulation not generated] Magnitude 5.96 of event bmg2025hwci is smaller than triggerMinMagnitude: no automatic simulation
2025/04/23 02:52:53.848002 [Incident:Info:toast@toast-new:Origin updated] Origin updated: OT: 2025-04-22 16:55:04,  Lat/Lon: -32.7322°/151.007°, Depth: 10
2025/04/23 02:52:53.848132 [Incident:Info:toast@toast-new:FM updated] FM updated
2025/04/23 02:52:53.848308 [Simulation:Info:toast@toast-new:Simulation not generated] Magnitude 5.96 of event bmg2025hwci is smaller than triggerMinMagnitude: no automatic simulation
2025/04/23 03:01:19.643480 [Incident:Info:toast@toast-new:Origin updated] Origin updated: OT: 2025-04-22 16:55:04,  Lat/Lon: -32.7322°/151.007°, Depth: 10
2025/04/23 03:01:19.643597 [Incident:Info:toast@toast-new:FM updated] FM updated
2025/04/23 03:01:19.643756 [Simulation:Info:toast@toast-new:Simulation not generated] Magnitude 5.96 of event bmg2025hwci is smaller than triggerMinMagnitude: no automatic simulation
2025/04/23 03:14:56.323769 [Incident:Info:toast@toast-new:Origin updated] Origin updated: OT: 2025-04-22 16:55:03,  Lat/Lon: -32.7392°/151.045°, Depth: 10
2025/04/23 03:14:56.323927 [Incident:Info:toast@toast-new:Magnitude updated] Magnitude updated: 5.93 (Mw(mB))
2025/04/23 03:14:56.323956 [Simulation:Info:toast@toast-new:Simulation not generated] Magnitude 5.93 of event bmg2025hwci is smaller than triggerMinMagnitude: no automatic simulation
2025/04/23 03:14:59.677217 [Incident:Info:toast@toast-new:Origin updated] Origin updated: OT: 2025-04-22 16:55:03,  Lat/Lon: -32.7392°/151.045°, Depth: 10
2025/04/23 03:14:59.677337 [Incident:Info:toast@toast-new:Magnitude updated] Magnitude updated: 5.42 (mb)
2025/04/23 03:14:59.677375 [Simulation:Info:toast@toast-new:Simulation not generated] Magnitude 5.42 of event bmg2025hwci is smaller than triggerMinMagnitude: no automatic simulation
2025/04/23 08:19:41.432734 [Incident:Info:toast@toast-new:Origin updated] Origin updated: OT: 2025-04-22 16:55:03,  Lat/Lon: -32.7392°/151.045°, Depth: 10
2025/04/23 08:19:41.432870 [Incident:Info:toast@toast-new:FM updated] FM updated
2025/04/23 08:19:41.433041 [Simulation:Info:toast@toast-new:Simulation not generated] Magnitude 5.42 of event bmg2025hwci is smaller than triggerMinMagnitude: no automatic simulation
2025/04/23 09:56:55.089188 [Simulation:Info:toast@toast-new:Simulation(s) triggered] Automatic simulation(s) triggered manually
2025/04/23 09:56:55.089280 [Simulation:Info:toast@toast-new:Event outside source region] Simulation setup: Event outside configured source regions.
2025/04/23 09:56:55.089773 [Simulation:Info:toast@toast-new:Simulation(s) started] Starting simulation(s) with nodal plane 1, Lat/Lon: -32.74°/ 151.04° (MT), Depth: 10.00km (MT), Mag: 5.42 (MT)
2025/04/23 09:56:55.090928 [Simulation:Warning:toast@toast-new:Simulation] EasyWave2: Failed to find preferred grid file []. Grid [pacific_ptwc] is used instead.
2025/04/23 09:56:55.091254 [Simulation:Info:toast@toast-new:Simulation running] TsunAWI: Looking for matching scenarios
2025/04/23 09:56:55.091721 [Simulation:Info:toast@toast-new:Simulation(s) started] Starting simulation(s) with nodal plane 2, Lat/Lon: -32.74°/ 151.04° (MT), Depth: 10.00km (MT), Mag: 5.42 (MT)
2025/04/23 09:56:55.092723 [Simulation:Warning:toast@toast-new:Simulation] EasyWave2: Failed to find preferred grid file []. Grid [pacific_ptwc] is used instead.
2025/04/23 09:56:55.093010 [Simulation:Info:toast@toast-new:Simulation running] TsunAWI: Looking for matching scenarios
2025/04/23 09:56:55.093094 [Simulation:Info:toast@toast-new:Simulation(s) skipped] Simulation(s) not created with fault plane because no fault is available.
2025/04/23 09:56:55.094159 [Simulation:Info:toast@toast-new:Simulation finished] TsunAWI: No matching scenarios
2025/04/23 09:56:55.095643 [Simulation:Info:toast@toast-new:Simulation finished] TsunAWI: No matching scenarios
2025/04/23 09:56:55.098947 [Simulation:Info:toast@toast-new:No simulation returned] TsunAWI simulation backend returned no simulation.
2025/04/23 09:56:55.099237 [Simulation:Info:toast@toast-new:No simulation returned] TsunAWI simulation backend returned no simulation.
2025/04/23 09:56:55.130468 [Simulation:Info:toast@toast-new:Simulation tracked] Tracking progress of EasyWave2 simulation 54032034S150152E6a3090d747341b3d6b38be5b6c5b3c566aebb740
2025/04/23 09:56:55.133919 [Simulation:Info:toast@toast-new:Simulation tracked] Tracking progress of EasyWave2 simulation 54032034S150152E5eba47815fb75714a6d86b3ed1344cbf547ace1b
2025/04/23 09:56:55.137305 [Simulation:Info:toast@toast-new:Simulation tracked] Tracking progress of EasyWave2 simulation 54032034S150152E750f70cccecf46c1d984f8273933654e77a749ff
2025/04/23 09:56:55.140437 [Simulation:Info:toast@toast-new:Simulation tracked] Tracking progress of EasyWave2 simulation 54032034S150152E723f76edff6717766b44c3b6bfcd1125cf060abf
2025/04/23 09:57:33.577820 [Simulation:Error:toast@toast-new:Simulation failed] Failed to calculate EasyWave2 simulation 54032034S150152E6a3090d747341b3d6b38be5b6c5b3c566aebb740: Zero initial displacement
2025/04/23 09:57:38.571640 [Simulation:Error:toast@toast-new:Simulation failed] Failed to calculate EasyWave2 simulation 54032034S150152E5eba47815fb75714a6d86b3ed1344cbf547ace1b: Zero initial displacement
2025/04/23 09:57:43.578208 [Simulation:Error:toast@toast-new:Simulation failed] Failed to calculate EasyWave2 simulation 54032034S150152E750f70cccecf46c1d984f8273933654e77a749ff: Zero initial displacement
2025/04/23 09:57:47.571678 [Simulation:Error:toast@toast-new:Simulation failed] Failed to calculate EasyWave2 simulation 54032034S150152E723f76edff6717766b44c3b6bfcd1125cf060abf: Zero initial displacement
2025/04/25 06:34:24.846232 [Incident:Info:toast@toast-new:Origin updated] Origin updated: OT: 2025-04-22 16:55:03,  Lat/Lon: -32.7308°/151.035°, Depth: 10
2025/04/25 06:34:24.847913 [Incident:Info:toast@toast-new:Magnitude updated] Magnitude updated: 5.42 (mb)
2025/04/25 06:34:24.847970 [Simulation:Info:toast@toast-new:Simulation not generated] Magnitude 5.42 of event bmg2025hwci is smaller than triggerMinMagnitude: no automatic simulation
2025/04/25 06:34:24.878246 [Incident:Info:toast@toast-new:Origin updated] Origin updated: OT: 2025-04-22 16:55:03,  Lat/Lon: -32.7308°/151.035°, Depth: 10
2025/04/25 06:34:24.878353 [Simulation:Info:toast@toast-new:Simulation not generated] Magnitude 5.42 of event bmg2025hwci is smaller than triggerMinMagnitude: no automatic simulation
