2025/01/26 06:44:26.042337 [Incident:Info:toast@toast-new:Displacement(s) updated] Added 0 and changed 0 displacements with 0 amplitudes
2025/01/26 06:44:26.066537 [Incident:Info:toast@toast-new:Incident created] Incident created based on event received from messaging: OT: 2025-01-25 23:38:53,  Lat/Lon: 23.16°/120.49°, Depth: 10.00, Mag: 5.47 (M)
2025/01/26 06:44:26.066806 [Simulation:Info:toast@toast-new:Simulation not generated] Magnitude 5.47 of event bmg2025btqw is smaller than triggerMinMagnitude: no automatic simulation
2025/01/26 06:44:26.075900 [Incident:Info:toast@toast-new:Origin updated] Origin updated: OT: 2025-01-25 23:38:53,  Lat/Lon: 23.163°/120.489°, Depth: 10
2025/01/26 06:44:26.075978 [Simulation:Info:toast@toast-new:Simulation not generated] Magnitude 5.47 of event bmg2025btqw is smaller than triggerMinMagnitude: no automatic simulation
2025/01/26 06:44:34.814612 [Incident:Info:toast@toast-new:Origin updated] Origin updated: OT: 2025-01-25 23:38:53,  Lat/Lon: 23.1651°/120.521°, Depth: 10
2025/01/26 06:44:34.815039 [Incident:Info:toast@toast-new:Magnitude updated] Magnitude updated: 5.46 (M)
2025/01/26 06:44:34.815085 [Simulation:Info:toast@toast-new:Simulation not generated] Magnitude 5.46 of event bmg2025btqw is smaller than triggerMinMagnitude: no automatic simulation
2025/01/26 06:44:41.388858 [Incident:Info:toast@toast-new:Origin updated] Origin updated: OT: 2025-01-25 23:38:53,  Lat/Lon: 23.1651°/120.521°, Depth: 10
2025/01/26 06:44:41.389037 [Incident:Info:toast@toast-new:Magnitude updated] Magnitude updated: 5.43 (M)
2025/01/26 06:44:41.389094 [Simulation:Info:toast@toast-new:Simulation not generated] Magnitude 5.43 of event bmg2025btqw is smaller than triggerMinMagnitude: no automatic simulation
2025/01/26 06:44:46.407084 [Incident:Info:toast@toast-new:Origin updated] Origin updated: OT: 2025-01-25 23:38:53,  Lat/Lon: 23.1651°/120.521°, Depth: 10
2025/01/26 06:44:46.407260 [Incident:Info:toast@toast-new:Magnitude updated] Magnitude updated: 5.41 (M)
2025/01/26 06:44:46.407293 [Simulation:Info:toast@toast-new:Simulation not generated] Magnitude 5.41 of event bmg2025btqw is smaller than triggerMinMagnitude: no automatic simulation
2025/01/26 06:44:48.232753 [Incident:Info:toast@toast-new:Origin updated] Origin updated: OT: 2025-01-25 23:38:53,  Lat/Lon: 23.1438°/120.593°, Depth: 10
2025/01/26 06:44:48.232940 [Incident:Info:toast@toast-new:Magnitude updated] Magnitude updated: 5.41 (M)
2025/01/26 06:44:48.232977 [Simulation:Info:toast@toast-new:Simulation not generated] Magnitude 5.41 of event bmg2025btqw is smaller than triggerMinMagnitude: no automatic simulation
2025/01/26 06:44:51.392453 [Incident:Info:toast@toast-new:Origin updated] Origin updated: OT: 2025-01-25 23:38:53,  Lat/Lon: 23.1438°/120.593°, Depth: 10
2025/01/26 06:44:51.394792 [Incident:Info:toast@toast-new:Magnitude updated] Magnitude updated: 5.41 (M)
2025/01/26 06:44:51.394849 [Simulation:Info:toast@toast-new:Simulation not generated] Magnitude 5.41 of event bmg2025btqw is smaller than triggerMinMagnitude: no automatic simulation
2025/01/26 06:44:56.448056 [Incident:Info:toast@toast-new:Origin updated] Origin updated: OT: 2025-01-25 23:38:53,  Lat/Lon: 23.1438°/120.593°, Depth: 10
2025/01/26 06:44:56.448241 [Incident:Info:toast@toast-new:Magnitude updated] Magnitude updated: 5.35 (M)
2025/01/26 06:44:56.448301 [Simulation:Info:toast@toast-new:Simulation not generated] Magnitude 5.35 of event bmg2025btqw is smaller than triggerMinMagnitude: no automatic simulation
2025/01/26 06:45:01.405844 [Incident:Info:toast@toast-new:Origin updated] Origin updated: OT: 2025-01-25 23:38:53,  Lat/Lon: 23.1438°/120.593°, Depth: 10
2025/01/26 06:45:01.406035 [Incident:Info:toast@toast-new:Magnitude updated] Magnitude updated: 5.34 (M)
2025/01/26 06:45:01.406075 [Simulation:Info:toast@toast-new:Simulation not generated] Magnitude 5.34 of event bmg2025btqw is smaller than triggerMinMagnitude: no automatic simulation
2025/01/26 06:45:06.416464 [Incident:Info:toast@toast-new:Origin updated] Origin updated: OT: 2025-01-25 23:38:53,  Lat/Lon: 23.1438°/120.593°, Depth: 10
2025/01/26 06:45:06.416695 [Incident:Info:toast@toast-new:Magnitude updated] Magnitude updated: 5.24 (M)
2025/01/26 06:45:06.416767 [Simulation:Info:toast@toast-new:Simulation not generated] Magnitude 5.24 of event bmg2025btqw is smaller than triggerMinMagnitude: no automatic simulation
2025/01/26 06:45:07.746500 [Incident:Info:toast@toast-new:Origin updated] Origin updated: OT: 2025-01-25 23:38:53,  Lat/Lon: 23.1402°/120.634°, Depth: 10
2025/01/26 06:45:07.746729 [Incident:Info:toast@toast-new:Magnitude updated] Magnitude updated: 5.22 (M)
2025/01/26 06:45:07.746775 [Simulation:Info:toast@toast-new:Simulation not generated] Magnitude 5.22 of event bmg2025btqw is smaller than triggerMinMagnitude: no automatic simulation
2025/01/26 06:45:11.415032 [Incident:Info:toast@toast-new:Origin updated] Origin updated: OT: 2025-01-25 23:38:53,  Lat/Lon: 23.1402°/120.634°, Depth: 10
2025/01/26 06:45:11.415223 [Incident:Info:toast@toast-new:Magnitude updated] Magnitude updated: 5.23 (M)
2025/01/26 06:45:11.415266 [Simulation:Info:toast@toast-new:Simulation not generated] Magnitude 5.23 of event bmg2025btqw is smaller than triggerMinMagnitude: no automatic simulation
2025/01/26 06:45:16.418596 [Incident:Info:toast@toast-new:Origin updated] Origin updated: OT: 2025-01-25 23:38:53,  Lat/Lon: 23.1402°/120.634°, Depth: 10
2025/01/26 06:45:16.418792 [Incident:Info:toast@toast-new:Magnitude updated] Magnitude updated: 5.27 (M)
2025/01/26 06:45:16.418859 [Simulation:Info:toast@toast-new:Simulation not generated] Magnitude 5.27 of event bmg2025btqw is smaller than triggerMinMagnitude: no automatic simulation
2025/01/26 06:45:21.432563 [Incident:Info:toast@toast-new:Origin updated] Origin updated: OT: 2025-01-25 23:38:53,  Lat/Lon: 23.1402°/120.634°, Depth: 10
2025/01/26 06:45:21.432751 [Incident:Info:toast@toast-new:Magnitude updated] Magnitude updated: 5.30 (M)
2025/01/26 06:45:21.432793 [Simulation:Info:toast@toast-new:Simulation not generated] Magnitude 5.30 of event bmg2025btqw is smaller than triggerMinMagnitude: no automatic simulation
2025/01/26 06:45:21.452354 [Incident:Info:toast@toast-new:Origin updated] Origin updated: OT: 2025-01-25 23:38:53,  Lat/Lon: 23.1402°/120.634°, Depth: 10
2025/01/26 06:45:21.452447 [Incident:Info:toast@toast-new:Magnitude updated] Magnitude updated: 5.24 (Mw(mB))
2025/01/26 06:45:21.452487 [Simulation:Info:toast@toast-new:Simulation not generated] Magnitude 5.24 of event bmg2025btqw is smaller than triggerMinMagnitude: no automatic simulation
2025/01/26 06:45:23.516668 [Incident:Info:toast@toast-new:Origin updated] Origin updated: OT: 2025-01-25 23:38:53,  Lat/Lon: 23.1402°/120.634°, Depth: 10
2025/01/26 06:45:23.516885 [Incident:Info:toast@toast-new:Magnitude updated] Magnitude updated: 5.25 (Mw(mB))
2025/01/26 06:45:23.516941 [Simulation:Info:toast@toast-new:Simulation not generated] Magnitude 5.25 of event bmg2025btqw is smaller than triggerMinMagnitude: no automatic simulation
2025/01/26 06:45:23.541252 [Incident:Info:toast@toast-new:Origin updated] Origin updated: OT: 2025-01-25 23:38:53,  Lat/Lon: 23.1412°/120.651°, Depth: 10
2025/01/26 06:45:23.541400 [Incident:Info:toast@toast-new:Magnitude updated] Magnitude updated: 5.23 (Mw(mB))
2025/01/26 06:45:23.541434 [Simulation:Info:toast@toast-new:Simulation not generated] Magnitude 5.23 of event bmg2025btqw is smaller than triggerMinMagnitude: no automatic simulation
2025/01/26 06:45:26.431581 [Incident:Info:toast@toast-new:Origin updated] Origin updated: OT: 2025-01-25 23:38:53,  Lat/Lon: 23.1412°/120.651°, Depth: 10
2025/01/26 06:45:26.431769 [Incident:Info:toast@toast-new:Magnitude updated] Magnitude updated: 5.26 (Mw(mB))
2025/01/26 06:45:26.431833 [Simulation:Info:toast@toast-new:Simulation not generated] Magnitude 5.26 of event bmg2025btqw is smaller than triggerMinMagnitude: no automatic simulation
2025/01/26 06:45:31.471456 [Incident:Info:toast@toast-new:Origin updated] Origin updated: OT: 2025-01-25 23:38:53,  Lat/Lon: 23.1412°/120.651°, Depth: 10
2025/01/26 06:45:31.471649 [Incident:Info:toast@toast-new:Magnitude updated] Magnitude updated: 5.21 (Mw(mB))
2025/01/26 06:45:31.471728 [Simulation:Info:toast@toast-new:Simulation not generated] Magnitude 5.21 of event bmg2025btqw is smaller than triggerMinMagnitude: no automatic simulation
2025/01/26 06:45:36.473259 [Incident:Info:toast@toast-new:Origin updated] Origin updated: OT: 2025-01-25 23:38:53,  Lat/Lon: 23.1412°/120.651°, Depth: 10
2025/01/26 06:45:36.473458 [Incident:Info:toast@toast-new:Magnitude updated] Magnitude updated: 5.22 (Mw(mB))
2025/01/26 06:45:36.473505 [Simulation:Info:toast@toast-new:Simulation not generated] Magnitude 5.22 of event bmg2025btqw is smaller than triggerMinMagnitude: no automatic simulation
2025/01/26 06:45:46.616107 [Incident:Info:toast@toast-new:Origin updated] Origin updated: OT: 2025-01-25 23:38:53,  Lat/Lon: 23.1412°/120.651°, Depth: 10
2025/01/26 06:45:46.616301 [Incident:Info:toast@toast-new:Magnitude updated] Magnitude updated: 5.22 (Mw(mB))
2025/01/26 06:45:46.616345 [Simulation:Info:toast@toast-new:Simulation not generated] Magnitude 5.22 of event bmg2025btqw is smaller than triggerMinMagnitude: no automatic simulation
2025/01/26 06:45:46.649204 [Incident:Info:toast@toast-new:Origin updated] Origin updated: OT: 2025-01-25 23:38:53,  Lat/Lon: 23.1384°/120.657°, Depth: 10
2025/01/26 06:45:46.649342 [Incident:Info:toast@toast-new:Magnitude updated] Magnitude updated: 5.22 (Mw(mB))
2025/01/26 06:45:46.649372 [Simulation:Info:toast@toast-new:Simulation not generated] Magnitude 5.22 of event bmg2025btqw is smaller than triggerMinMagnitude: no automatic simulation
2025/01/26 06:45:51.513389 [Incident:Info:toast@toast-new:Origin updated] Origin updated: OT: 2025-01-25 23:38:53,  Lat/Lon: 23.1384°/120.657°, Depth: 10
2025/01/26 06:45:51.550478 [Incident:Info:toast@toast-new:Magnitude updated] Magnitude updated: 5.22 (Mw(mB))
2025/01/26 06:45:51.550567 [Simulation:Info:toast@toast-new:Simulation not generated] Magnitude 5.22 of event bmg2025btqw is smaller than triggerMinMagnitude: no automatic simulation
2025/01/26 06:45:53.493867 [Incident:Info:toast@toast-new:Origin updated] Origin updated: OT: 2025-01-25 23:38:53,  Lat/Lon: 23.1426°/120.651°, Depth: 10
2025/01/26 06:45:53.494062 [Incident:Info:toast@toast-new:Magnitude updated] Magnitude updated: 5.23 (Mw(mB))
2025/01/26 06:45:53.494096 [Simulation:Info:toast@toast-new:Simulation not generated] Magnitude 5.23 of event bmg2025btqw is smaller than triggerMinMagnitude: no automatic simulation
2025/01/26 06:45:56.448668 [Incident:Info:toast@toast-new:Origin updated] Origin updated: OT: 2025-01-25 23:38:53,  Lat/Lon: 23.1426°/120.651°, Depth: 10
2025/01/26 06:45:56.448877 [Incident:Info:toast@toast-new:Magnitude updated] Magnitude updated: 5.22 (Mw(mB))
2025/01/26 06:45:56.448933 [Simulation:Info:toast@toast-new:Simulation not generated] Magnitude 5.22 of event bmg2025btqw is smaller than triggerMinMagnitude: no automatic simulation
2025/01/26 06:46:01.491626 [Incident:Info:toast@toast-new:Origin updated] Origin updated: OT: 2025-01-25 23:38:53,  Lat/Lon: 23.1426°/120.651°, Depth: 10
2025/01/26 06:46:01.527885 [Incident:Info:toast@toast-new:Magnitude updated] Magnitude updated: 5.23 (Mw(mB))
2025/01/26 06:46:01.527983 [Simulation:Info:toast@toast-new:Simulation not generated] Magnitude 5.23 of event bmg2025btqw is smaller than triggerMinMagnitude: no automatic simulation
2025/01/26 06:46:02.709621 [Incident:Info:toast@toast-new:Origin updated] Origin updated: OT: 2025-01-25 23:38:53,  Lat/Lon: 23.1425°/120.663°, Depth: 10
2025/01/26 06:46:02.709782 [Incident:Info:toast@toast-new:Magnitude updated] Magnitude updated: 5.23 (Mw(mB))
2025/01/26 06:46:02.709811 [Simulation:Info:toast@toast-new:Simulation not generated] Magnitude 5.23 of event bmg2025btqw is smaller than triggerMinMagnitude: no automatic simulation
2025/01/26 06:46:06.499990 [Incident:Info:toast@toast-new:Origin updated] Origin updated: OT: 2025-01-25 23:38:53,  Lat/Lon: 23.1425°/120.663°, Depth: 10
2025/01/26 06:46:06.500175 [Incident:Info:toast@toast-new:Magnitude updated] Magnitude updated: 5.20 (Mw(mB))
2025/01/26 06:46:06.500232 [Simulation:Info:toast@toast-new:Simulation not generated] Magnitude 5.20 of event bmg2025btqw is smaller than triggerMinMagnitude: no automatic simulation
2025/01/26 06:46:11.549822 [Incident:Info:toast@toast-new:Origin updated] Origin updated: OT: 2025-01-25 23:38:53,  Lat/Lon: 23.1425°/120.663°, Depth: 10
2025/01/26 06:46:11.550010 [Incident:Info:toast@toast-new:Magnitude updated] Magnitude updated: 5.25 (Mw(mB))
2025/01/26 06:46:11.550063 [Simulation:Info:toast@toast-new:Simulation not generated] Magnitude 5.25 of event bmg2025btqw is smaller than triggerMinMagnitude: no automatic simulation
2025/01/26 06:46:16.556808 [Incident:Info:toast@toast-new:Origin updated] Origin updated: OT: 2025-01-25 23:38:53,  Lat/Lon: 23.1425°/120.663°, Depth: 10
2025/01/26 06:46:16.557003 [Incident:Info:toast@toast-new:Magnitude updated] Magnitude updated: 5.29 (Mw(mB))
2025/01/26 06:46:16.557050 [Simulation:Info:toast@toast-new:Simulation not generated] Magnitude 5.29 of event bmg2025btqw is smaller than triggerMinMagnitude: no automatic simulation
2025/01/26 06:46:21.528581 [Incident:Info:toast@toast-new:Origin updated] Origin updated: OT: 2025-01-25 23:38:53,  Lat/Lon: 23.1425°/120.663°, Depth: 10
2025/01/26 06:46:21.565032 [Incident:Info:toast@toast-new:Magnitude updated] Magnitude updated: 5.30 (Mw(mB))
2025/01/26 06:46:21.565129 [Simulation:Info:toast@toast-new:Simulation not generated] Magnitude 5.30 of event bmg2025btqw is smaller than triggerMinMagnitude: no automatic simulation
2025/01/26 06:46:26.485081 [Incident:Info:toast@toast-new:Origin updated] Origin updated: OT: 2025-01-25 23:38:53,  Lat/Lon: 23.1425°/120.663°, Depth: 10
2025/01/26 06:46:26.485245 [Incident:Info:toast@toast-new:Magnitude updated] Magnitude updated: 5.30 (Mw(mB))
2025/01/26 06:46:26.485288 [Simulation:Info:toast@toast-new:Simulation not generated] Magnitude 5.30 of event bmg2025btqw is smaller than triggerMinMagnitude: no automatic simulation
2025/01/26 06:46:31.482068 [Incident:Info:toast@toast-new:Origin updated] Origin updated: OT: 2025-01-25 23:38:53,  Lat/Lon: 23.1425°/120.663°, Depth: 10
2025/01/26 06:46:31.518462 [Incident:Info:toast@toast-new:Magnitude updated] Magnitude updated: 5.33 (Mw(mB))
2025/01/26 06:46:31.518564 [Simulation:Info:toast@toast-new:Simulation not generated] Magnitude 5.33 of event bmg2025btqw is smaller than triggerMinMagnitude: no automatic simulation
2025/01/26 06:46:41.422766 [Incident:Info:toast@toast-new:Origin updated] Origin updated: OT: 2025-01-25 23:38:53,  Lat/Lon: 23.1425°/120.663°, Depth: 10
2025/01/26 06:46:41.422933 [Incident:Info:toast@toast-new:Magnitude updated] Magnitude updated: 5.33 (Mw(mB))
2025/01/26 06:46:41.422969 [Simulation:Info:toast@toast-new:Simulation not generated] Magnitude 5.33 of event bmg2025btqw is smaller than triggerMinMagnitude: no automatic simulation
2025/01/26 06:47:16.637750 [Incident:Info:toast@toast-new:Origin updated] Origin updated: OT: 2025-01-25 23:38:53,  Lat/Lon: 23.1446°/120.666°, Depth: 10
2025/01/26 06:47:16.637921 [Incident:Info:toast@toast-new:Magnitude updated] Magnitude updated: 5.32 (Mw(mB))
2025/01/26 06:47:16.637949 [Simulation:Info:toast@toast-new:Simulation not generated] Magnitude 5.32 of event bmg2025btqw is smaller than triggerMinMagnitude: no automatic simulation
2025/01/26 06:48:30.885252 [Incident:Info:toast@toast-new:Origin updated] Origin updated: OT: 2025-01-25 23:38:53,  Lat/Lon: 23.1521°/120.672°, Depth: 10
2025/01/26 06:48:30.885448 [Incident:Info:toast@toast-new:Magnitude updated] Magnitude updated: 5.32 (Mw(mB))
2025/01/26 06:48:30.885484 [Simulation:Info:toast@toast-new:Simulation not generated] Magnitude 5.32 of event bmg2025btqw is smaller than triggerMinMagnitude: no automatic simulation
2025/01/26 06:49:51.670331 [Incident:Info:toast@toast-new:Origin updated] Origin updated: OT: 2025-01-25 23:38:53,  Lat/Lon: 23.1568°/120.675°, Depth: 10
2025/01/26 06:49:51.670532 [Incident:Info:toast@toast-new:Magnitude updated] Magnitude updated: 5.32 (Mw(mB))
2025/01/26 06:49:51.670569 [Simulation:Info:toast@toast-new:Simulation not generated] Magnitude 5.32 of event bmg2025btqw is smaller than triggerMinMagnitude: no automatic simulation
2025/01/26 06:51:11.682981 [Incident:Info:toast@toast-new:Origin updated] Origin updated: OT: 2025-01-25 23:38:53,  Lat/Lon: 23.1551°/120.671°, Depth: 10
2025/01/26 06:51:11.683179 [Incident:Info:toast@toast-new:Magnitude updated] Magnitude updated: 5.32 (Mw(mB))
2025/01/26 06:51:11.683219 [Simulation:Info:toast@toast-new:Simulation not generated] Magnitude 5.32 of event bmg2025btqw is smaller than triggerMinMagnitude: no automatic simulation
2025/01/26 06:52:36.698998 [Incident:Info:toast@toast-new:Origin updated] Origin updated: OT: 2025-01-25 23:38:53,  Lat/Lon: 23.1503°/120.673°, Depth: 10
2025/01/26 06:52:36.699190 [Incident:Info:toast@toast-new:Magnitude updated] Magnitude updated: 5.32 (Mw(mB))
2025/01/26 06:52:36.699229 [Simulation:Info:toast@toast-new:Simulation not generated] Magnitude 5.32 of event bmg2025btqw is smaller than triggerMinMagnitude: no automatic simulation
2025/01/26 06:54:02.114638 [Incident:Info:toast@toast-new:Origin updated] Origin updated: OT: 2025-01-25 23:38:53,  Lat/Lon: 23.1473°/120.67°, Depth: 10
2025/01/26 06:54:02.114816 [Incident:Info:toast@toast-new:Magnitude updated] Magnitude updated: 5.32 (Mw(mB))
2025/01/26 06:54:02.114847 [Simulation:Info:toast@toast-new:Simulation not generated] Magnitude 5.32 of event bmg2025btqw is smaller than triggerMinMagnitude: no automatic simulation
2025/01/26 06:55:31.551125 [Incident:Info:toast@toast-new:Origin updated] Origin updated: OT: 2025-01-25 23:38:53,  Lat/Lon: 23.1488°/120.668°, Depth: 10
2025/01/26 06:55:31.551327 [Incident:Info:toast@toast-new:Magnitude updated] Magnitude updated: 5.32 (Mw(mB))
2025/01/26 06:55:31.551368 [Simulation:Info:toast@toast-new:Simulation not generated] Magnitude 5.32 of event bmg2025btqw is smaller than triggerMinMagnitude: no automatic simulation
2025/01/26 06:59:45.923085 [Incident:Info:toast@toast-new:Origin updated] Origin updated: OT: 2025-01-25 23:38:53,  Lat/Lon: 23.1488°/120.668°, Depth: 10
2025/01/26 06:59:45.923274 [Simulation:Info:toast@toast-new:Simulation not generated] Magnitude 5.32 of event bmg2025btqw is smaller than triggerMinMagnitude: no automatic simulation
2025/01/26 08:47:57.063712 [Incident:Info:toast@toast-new:Origin updated] Origin updated: OT: 2025-01-25 23:38:53,  Lat/Lon: 23.1485°/120.669°, Depth: 10
2025/01/26 08:47:57.063893 [Incident:Info:toast@toast-new:Magnitude updated] Magnitude updated: 5.32 (Mw(mB))
2025/01/26 08:47:57.063924 [Simulation:Info:toast@toast-new:Simulation not generated] Magnitude 5.32 of event bmg2025btqw is smaller than triggerMinMagnitude: no automatic simulation
2025/01/26 08:47:57.082695 [Incident:Info:toast@toast-new:Origin updated] Origin updated: OT: 2025-01-25 23:38:53,  Lat/Lon: 23.1485°/120.669°, Depth: 10
2025/01/26 08:47:57.082808 [Simulation:Info:toast@toast-new:Simulation not generated] Magnitude 5.32 of event bmg2025btqw is smaller than triggerMinMagnitude: no automatic simulation
2025/01/26 12:46:35.350714 [Incident:Info:toast@toast-new:Origin updated] Origin updated: OT: 2025-01-25 23:38:55,  Lat/Lon: 23.1663°/120.695°, Depth: 24.6785
2025/01/26 12:46:35.350844 [Incident:Info:toast@toast-new:Magnitude updated] Magnitude updated: 5.34 (Mw(mB))
2025/01/26 12:46:35.350863 [Simulation:Info:toast@toast-new:Simulation not generated] Magnitude 5.34 of event bmg2025btqw is smaller than triggerMinMagnitude: no automatic simulation
2025/01/26 12:46:41.081832 [Incident:Info:toast@toast-new:Origin updated] Origin updated: OT: 2025-01-25 23:38:55,  Lat/Lon: 23.1663°/120.695°, Depth: 24.6785
2025/01/26 12:46:41.082025 [Incident:Info:toast@toast-new:Magnitude updated] Magnitude updated: 5.45 (mb)
2025/01/26 12:46:41.082083 [Simulation:Info:toast@toast-new:Simulation not generated] Magnitude 5.45 of event bmg2025btqw is smaller than triggerMinMagnitude: no automatic simulation
