2025/03/01 05:00:34.480789 [Incident:Info:toast@toast-new:Displacement(s) updated] Added 0 and changed 0 displacements with 0 amplitudes
2025/03/01 05:00:34.508875 [Incident:Info:toast@toast-new:Incident created] Incident created based on event received from messaging: OT: 2025-02-28 21:58:41,  Lat/Lon: -5.81°/130.68°, Depth: 160.82, Mag: 6.58 (M)
2025/03/01 05:00:34.511274 [Simulation:Info:toast@toast-new:Simulation(s) started] No nodal plane available. Starting Simulation(s) with fault plane, Lat/Lon: -5.81°/ 130.68° (MT), Depth: 160.82km (MT), Mag: 6.58 (MT)
2025/03/01 05:00:34.512151 [Simulation:Info:toast@toast-new:Simulation running] TsunAWI: Looking for matching scenarios
2025/03/01 05:00:34.516088 [Simulation:Info:toast@toast-new:Simulation finished] TsunAWI: No matching scenarios
2025/03/01 05:00:34.522768 [Incident:Info:toast@toast-new:Origin updated] Origin updated: OT: 2025-02-28 21:58:41,  Lat/Lon: -5.80937°/130.683°, Depth: 160.815
2025/03/01 05:00:34.524233 [Simulation:Info:toast@toast-new:Simulation(s) started] No nodal plane available. Starting Simulation(s) with fault plane, Lat/Lon: -5.81°/ 130.68° (MT), Depth: 160.82km (MT), Mag: 6.58 (MT)
2025/03/01 05:00:34.524927 [Simulation:Info:toast@toast-new:Simulation running] TsunAWI: Looking for matching scenarios
2025/03/01 05:00:34.525752 [Simulation:Info:toast@toast-new:No simulation returned] TsunAWI simulation backend returned no simulation.
2025/03/01 05:00:34.528703 [Simulation:Info:toast@toast-new:Simulation finished] TsunAWI: No matching scenarios
2025/03/01 05:00:34.665913 [Simulation:Info:toast@toast-new:No simulation returned] TsunAWI simulation backend returned no simulation.
2025/03/01 05:00:34.687388 [Simulation:Info:toast@toast-new:Simulation tracked] Tracking progress of EasyWave2 simulation 65004006S130132Ecc9f835bb2ecfea7af79d7c69a86c160197af977
2025/03/01 05:00:34.690758 [Simulation:Info:toast@toast-new:Simulation tracked] Tracking progress of EasyWave2 simulation 65004006S130132Ebbcf806b8ff41eb812285449c1db0abe71f94638
2025/03/01 05:00:34.693963 [Simulation:Info:toast@toast-new:Simulation tracked] Tracking progress of EasyWave2 simulation 65004006S130132Ee7587ddb13f957453faef5ae01bf7ff562967dcd
2025/03/01 05:00:34.696774 [Simulation:Info:toast@toast-new:Simulation tracked] Tracking progress of EasyWave2 simulation 65004006S130132E27c5671da8ccf392cbf276bd97dbfe42faa20674
2025/03/01 05:00:41.106117 [Incident:Info:toast@toast-new:Origin updated] Origin updated: OT: 2025-02-28 21:58:41,  Lat/Lon: -5.80937°/130.683°, Depth: 160.815
2025/03/01 05:00:41.106320 [Incident:Info:toast@toast-new:Magnitude updated] Magnitude updated: 6.01 (M)
2025/03/01 05:00:41.106384 [Simulation:Info:toast@toast-new:Simulation not generated] Magnitude 6.01 of event gfz2025edqr is smaller than triggerMinMagnitude: no automatic simulation
2025/03/01 05:00:44.682051 [Simulation:Info:toast@toast-new:Simulation finished] Finished EasyWave2 simulation 65004006S130132Ecc9f835bb2ecfea7af79d7c69a86c160197af977 in 9 seconds
2025/03/01 05:00:45.010038 [Incident:Info:toast@toast-new:Origin updated] Origin updated: OT: 2025-02-28 21:58:41,  Lat/Lon: -5.81283°/130.683°, Depth: 158.488
2025/03/01 05:00:45.010308 [Incident:Info:toast@toast-new:Magnitude updated] Magnitude updated: 6.03 (M)
2025/03/01 05:00:45.010380 [Simulation:Info:toast@toast-new:Simulation not generated] Magnitude 6.03 of event gfz2025edqr is smaller than triggerMinMagnitude: no automatic simulation
2025/03/01 05:00:55.845338 [Incident:Info:toast@toast-new:Origin updated] Origin updated: OT: 2025-02-28 21:58:40,  Lat/Lon: -5.92013°/130.667°, Depth: 160.422
2025/03/01 05:00:55.845625 [Incident:Info:toast@toast-new:Magnitude updated] Magnitude updated: 6.00 (M)
2025/03/01 05:00:55.845702 [Simulation:Info:toast@toast-new:Simulation not generated] Magnitude 6.00 of event gfz2025edqr is smaller than triggerMinMagnitude: no automatic simulation
2025/03/01 05:01:00.674176 [Simulation:Info:toast@toast-new:Simulation finished] Finished EasyWave2 simulation 65004006S130132Ebbcf806b8ff41eb812285449c1db0abe71f94638 in 25 seconds
2025/03/01 05:01:06.133620 [Incident:Info:toast@toast-new:Origin updated] Origin updated: OT: 2025-02-28 21:58:40,  Lat/Lon: -5.92013°/130.667°, Depth: 160.422
2025/03/01 05:01:06.133878 [Incident:Info:toast@toast-new:Magnitude updated] Magnitude updated: 6.23 (M)
2025/03/01 05:01:06.133973 [Simulation:Info:toast@toast-new:Simulation not generated] Magnitude 6.23 of event gfz2025edqr is smaller than triggerMinMagnitude: no automatic simulation
2025/03/01 05:01:09.692434 [Simulation:Info:toast@toast-new:Simulation finished] Finished EasyWave2 simulation 65004006S130132Ee7587ddb13f957453faef5ae01bf7ff562967dcd in 34 seconds
2025/03/01 05:01:11.140456 [Incident:Info:toast@toast-new:Origin updated] Origin updated: OT: 2025-02-28 21:58:40,  Lat/Lon: -5.92013°/130.667°, Depth: 160.422
2025/03/01 05:01:11.140750 [Incident:Info:toast@toast-new:Magnitude updated] Magnitude updated: 6.43 (M)
2025/03/01 05:01:11.140857 [Simulation:Info:toast@toast-new:Simulation not generated] Magnitude 6.43 of event gfz2025edqr is smaller than triggerMinMagnitude: no automatic simulation
2025/03/01 05:01:12.139001 [Incident:Info:toast@toast-new:Origin updated] Origin updated: OT: 2025-02-28 21:58:41,  Lat/Lon: -5.92248°/130.705°, Depth: 138.995
2025/03/01 05:01:12.139276 [Incident:Info:toast@toast-new:Magnitude updated] Magnitude updated: 6.42 (M)
2025/03/01 05:01:12.139348 [Simulation:Info:toast@toast-new:Simulation not generated] Magnitude 6.42 of event gfz2025edqr is smaller than triggerMinMagnitude: no automatic simulation
2025/03/01 05:01:16.131280 [Incident:Info:toast@toast-new:Origin updated] Origin updated: OT: 2025-02-28 21:58:41,  Lat/Lon: -5.92248°/130.705°, Depth: 138.995
2025/03/01 05:01:16.131542 [Incident:Info:toast@toast-new:Magnitude updated] Magnitude updated: 6.35 (M)
2025/03/01 05:01:16.131639 [Simulation:Info:toast@toast-new:Simulation not generated] Magnitude 6.35 of event gfz2025edqr is smaller than triggerMinMagnitude: no automatic simulation
2025/03/01 05:01:21.154881 [Incident:Info:toast@toast-new:Origin updated] Origin updated: OT: 2025-02-28 21:58:41,  Lat/Lon: -5.92248°/130.705°, Depth: 138.995
2025/03/01 05:01:21.155145 [Incident:Info:toast@toast-new:Magnitude updated] Magnitude updated: 6.36 (M)
2025/03/01 05:01:21.155242 [Simulation:Info:toast@toast-new:Simulation not generated] Magnitude 6.36 of event gfz2025edqr is smaller than triggerMinMagnitude: no automatic simulation
2025/03/01 05:01:25.667019 [Simulation:Info:toast@toast-new:Simulation finished] Finished EasyWave2 simulation 65004006S130132E27c5671da8ccf392cbf276bd97dbfe42faa20674 in 50 seconds
2025/03/01 05:01:26.142339 [Incident:Info:toast@toast-new:Origin updated] Origin updated: OT: 2025-02-28 21:58:41,  Lat/Lon: -5.92248°/130.705°, Depth: 138.995
2025/03/01 05:01:26.142654 [Incident:Info:toast@toast-new:Magnitude updated] Magnitude updated: 6.25 (M)
2025/03/01 05:01:26.142758 [Simulation:Info:toast@toast-new:Simulation not generated] Magnitude 6.25 of event gfz2025edqr is smaller than triggerMinMagnitude: no automatic simulation
2025/03/01 05:01:31.149990 [Incident:Info:toast@toast-new:Origin updated] Origin updated: OT: 2025-02-28 21:58:41,  Lat/Lon: -5.92248°/130.705°, Depth: 138.995
2025/03/01 05:01:31.150283 [Incident:Info:toast@toast-new:Magnitude updated] Magnitude updated: 6.29 (M)
2025/03/01 05:01:31.150355 [Simulation:Info:toast@toast-new:Simulation not generated] Magnitude 6.29 of event gfz2025edqr is smaller than triggerMinMagnitude: no automatic simulation
2025/03/01 05:01:32.755939 [Incident:Info:toast@toast-new:Origin updated] Origin updated: OT: 2025-02-28 21:58:40,  Lat/Lon: -5.9602°/130.739°, Depth: 139.322
2025/03/01 05:01:32.756222 [Incident:Info:toast@toast-new:Magnitude updated] Magnitude updated: 6.24 (M)
2025/03/01 05:01:32.756292 [Simulation:Info:toast@toast-new:Simulation not generated] Magnitude 6.24 of event gfz2025edqr is smaller than triggerMinMagnitude: no automatic simulation
2025/03/01 05:01:36.153413 [Incident:Info:toast@toast-new:Origin updated] Origin updated: OT: 2025-02-28 21:58:40,  Lat/Lon: -5.9602°/130.739°, Depth: 139.322
2025/03/01 05:01:36.153734 [Incident:Info:toast@toast-new:Magnitude updated] Magnitude updated: 6.19 (M)
2025/03/01 05:01:36.153806 [Simulation:Info:toast@toast-new:Simulation not generated] Magnitude 6.19 of event gfz2025edqr is smaller than triggerMinMagnitude: no automatic simulation
2025/03/01 05:01:41.200852 [Incident:Info:toast@toast-new:Origin updated] Origin updated: OT: 2025-02-28 21:58:40,  Lat/Lon: -5.9602°/130.739°, Depth: 139.322
2025/03/01 05:01:41.201135 [Incident:Info:toast@toast-new:Magnitude updated] Magnitude updated: 6.08 (M)
2025/03/01 05:01:41.201233 [Simulation:Info:toast@toast-new:Simulation not generated] Magnitude 6.08 of event gfz2025edqr is smaller than triggerMinMagnitude: no automatic simulation
2025/03/01 05:01:46.169062 [Incident:Info:toast@toast-new:Origin updated] Origin updated: OT: 2025-02-28 21:58:40,  Lat/Lon: -5.9602°/130.739°, Depth: 139.322
2025/03/01 05:01:46.169345 [Incident:Info:toast@toast-new:Magnitude updated] Magnitude updated: 6.10 (M)
2025/03/01 05:01:46.169410 [Simulation:Info:toast@toast-new:Simulation not generated] Magnitude 6.10 of event gfz2025edqr is smaller than triggerMinMagnitude: no automatic simulation
2025/03/01 05:01:47.648989 [Incident:Info:toast@toast-new:Origin updated] Origin updated: OT: 2025-02-28 21:58:40,  Lat/Lon: -5.96791°/130.733°, Depth: 134.589
2025/03/01 05:01:47.649373 [Incident:Info:toast@toast-new:Magnitude updated] Magnitude updated: 6.08 (M)
2025/03/01 05:01:47.649467 [Simulation:Info:toast@toast-new:Simulation not generated] Magnitude 6.08 of event gfz2025edqr is smaller than triggerMinMagnitude: no automatic simulation
2025/03/01 05:01:51.171670 [Incident:Info:toast@toast-new:Origin updated] Origin updated: OT: 2025-02-28 21:58:40,  Lat/Lon: -5.96791°/130.733°, Depth: 134.589
2025/03/01 05:01:51.172005 [Incident:Info:toast@toast-new:Magnitude updated] Magnitude updated: 6.03 (M)
2025/03/01 05:01:51.172115 [Simulation:Info:toast@toast-new:Simulation not generated] Magnitude 6.03 of event gfz2025edqr is smaller than triggerMinMagnitude: no automatic simulation
2025/03/01 05:01:56.190666 [Incident:Info:toast@toast-new:Origin updated] Origin updated: OT: 2025-02-28 21:58:40,  Lat/Lon: -5.96791°/130.733°, Depth: 134.589
2025/03/01 05:01:56.191007 [Incident:Info:toast@toast-new:Magnitude updated] Magnitude updated: 5.98 (M)
2025/03/01 05:01:56.191099 [Simulation:Info:toast@toast-new:Simulation not generated] Magnitude 5.98 of event gfz2025edqr is smaller than triggerMinMagnitude: no automatic simulation
2025/03/01 05:02:01.215805 [Incident:Info:toast@toast-new:Origin updated] Origin updated: OT: 2025-02-28 21:58:40,  Lat/Lon: -5.96791°/130.733°, Depth: 134.589
2025/03/01 05:02:01.216092 [Incident:Info:toast@toast-new:Magnitude updated] Magnitude updated: 5.99 (M)
2025/03/01 05:02:01.216175 [Simulation:Info:toast@toast-new:Simulation not generated] Magnitude 5.99 of event gfz2025edqr is smaller than triggerMinMagnitude: no automatic simulation
2025/03/01 05:02:04.469182 [Incident:Info:toast@toast-new:Origin updated] Origin updated: OT: 2025-02-28 21:58:40,  Lat/Lon: -5.97522°/130.737°, Depth: 134.055
2025/03/01 05:02:04.469519 [Incident:Info:toast@toast-new:Magnitude updated] Magnitude updated: 5.97 (M)
2025/03/01 05:02:04.469594 [Simulation:Info:toast@toast-new:Simulation not generated] Magnitude 5.97 of event gfz2025edqr is smaller than triggerMinMagnitude: no automatic simulation
2025/03/01 05:02:06.202270 [Incident:Info:toast@toast-new:Origin updated] Origin updated: OT: 2025-02-28 21:58:40,  Lat/Lon: -5.97522°/130.737°, Depth: 134.055
2025/03/01 05:02:06.202549 [Incident:Info:toast@toast-new:Magnitude updated] Magnitude updated: 5.99 (M)
2025/03/01 05:02:06.202626 [Simulation:Info:toast@toast-new:Simulation not generated] Magnitude 5.99 of event gfz2025edqr is smaller than triggerMinMagnitude: no automatic simulation
2025/03/01 05:02:11.307710 [Incident:Info:toast@toast-new:Origin updated] Origin updated: OT: 2025-02-28 21:58:40,  Lat/Lon: -5.97522°/130.737°, Depth: 134.055
2025/03/01 05:02:11.308024 [Incident:Info:toast@toast-new:Magnitude updated] Magnitude updated: 5.91 (M)
2025/03/01 05:02:11.308126 [Simulation:Info:toast@toast-new:Simulation not generated] Magnitude 5.91 of event gfz2025edqr is smaller than triggerMinMagnitude: no automatic simulation
2025/03/01 05:02:16.269404 [Incident:Info:toast@toast-new:Origin updated] Origin updated: OT: 2025-02-28 21:58:40,  Lat/Lon: -5.97522°/130.737°, Depth: 134.055
2025/03/01 05:02:16.269697 [Incident:Info:toast@toast-new:Magnitude updated] Magnitude updated: 5.90 (M)
2025/03/01 05:02:16.269780 [Simulation:Info:toast@toast-new:Simulation not generated] Magnitude 5.90 of event gfz2025edqr is smaller than triggerMinMagnitude: no automatic simulation
2025/03/01 05:02:21.305523 [Incident:Info:toast@toast-new:Origin updated] Origin updated: OT: 2025-02-28 21:58:40,  Lat/Lon: -5.97522°/130.737°, Depth: 134.055
2025/03/01 05:02:21.305850 [Incident:Info:toast@toast-new:Magnitude updated] Magnitude updated: 5.85 (M)
2025/03/01 05:02:21.305946 [Simulation:Info:toast@toast-new:Simulation not generated] Magnitude 5.85 of event gfz2025edqr is smaller than triggerMinMagnitude: no automatic simulation
2025/03/01 05:02:26.307904 [Incident:Info:toast@toast-new:Origin updated] Origin updated: OT: 2025-02-28 21:58:40,  Lat/Lon: -5.97522°/130.737°, Depth: 134.055
2025/03/01 05:02:26.308223 [Incident:Info:toast@toast-new:Magnitude updated] Magnitude updated: 5.83 (M)
2025/03/01 05:02:26.308331 [Simulation:Info:toast@toast-new:Simulation not generated] Magnitude 5.83 of event gfz2025edqr is smaller than triggerMinMagnitude: no automatic simulation
2025/03/01 05:02:31.237895 [Incident:Info:toast@toast-new:Origin updated] Origin updated: OT: 2025-02-28 21:58:40,  Lat/Lon: -5.97522°/130.737°, Depth: 134.055
2025/03/01 05:02:31.238203 [Incident:Info:toast@toast-new:Magnitude updated] Magnitude updated: 5.81 (M)
2025/03/01 05:02:31.238287 [Simulation:Info:toast@toast-new:Simulation not generated] Magnitude 5.81 of event gfz2025edqr is smaller than triggerMinMagnitude: no automatic simulation
2025/03/01 05:02:36.295702 [Incident:Info:toast@toast-new:Origin updated] Origin updated: OT: 2025-02-28 21:58:40,  Lat/Lon: -5.97522°/130.737°, Depth: 134.055
2025/03/01 05:02:36.332246 [Incident:Info:toast@toast-new:Magnitude updated] Magnitude updated: 5.81 (M)
2025/03/01 05:02:36.332389 [Simulation:Info:toast@toast-new:Simulation not generated] Magnitude 5.81 of event gfz2025edqr is smaller than triggerMinMagnitude: no automatic simulation
2025/03/01 05:02:41.189157 [Incident:Info:toast@toast-new:Origin updated] Origin updated: OT: 2025-02-28 21:58:40,  Lat/Lon: -5.97522°/130.737°, Depth: 134.055
2025/03/01 05:02:41.189441 [Incident:Info:toast@toast-new:Magnitude updated] Magnitude updated: 5.80 (M)
2025/03/01 05:02:41.189517 [Simulation:Info:toast@toast-new:Simulation not generated] Magnitude 5.80 of event gfz2025edqr is smaller than triggerMinMagnitude: no automatic simulation
2025/03/01 05:02:44.835980 [Incident:Info:toast@toast-new:Origin updated] Origin updated: OT: 2025-02-28 21:58:40,  Lat/Lon: -5.99818°/130.736°, Depth: 141.201
2025/03/01 05:02:44.836257 [Incident:Info:toast@toast-new:Magnitude updated] Magnitude updated: 5.79 (M)
2025/03/01 05:02:44.836315 [Simulation:Info:toast@toast-new:Simulation not generated] Magnitude 5.79 of event gfz2025edqr is smaller than triggerMinMagnitude: no automatic simulation
2025/03/01 05:02:46.287040 [Incident:Info:toast@toast-new:Origin updated] Origin updated: OT: 2025-02-28 21:58:40,  Lat/Lon: -5.99818°/130.736°, Depth: 141.201
2025/03/01 05:02:46.287334 [Incident:Info:toast@toast-new:Magnitude updated] Magnitude updated: 5.77 (M)
2025/03/01 05:02:46.287419 [Simulation:Info:toast@toast-new:Simulation not generated] Magnitude 5.77 of event gfz2025edqr is smaller than triggerMinMagnitude: no automatic simulation
2025/03/01 05:02:48.018337 [Incident:Info:toast@toast-new:Origin updated] Origin updated: OT: 2025-02-28 21:58:40,  Lat/Lon: -5.99818°/130.736°, Depth: 141.201
2025/03/01 05:02:48.018600 [Incident:Info:toast@toast-new:FM updated] FM updated
2025/03/01 05:02:48.018982 [Simulation:Info:toast@toast-new:Simulation not generated] Magnitude 5.77 of event gfz2025edqr is smaller than triggerMinMagnitude: no automatic simulation
2025/03/01 05:02:51.320728 [Incident:Info:toast@toast-new:Origin updated] Origin updated: OT: 2025-02-28 21:58:40,  Lat/Lon: -5.99818°/130.736°, Depth: 141.201
2025/03/01 05:02:51.321023 [Incident:Info:toast@toast-new:Magnitude updated] Magnitude updated: 5.77 (M)
2025/03/01 05:02:51.321105 [Simulation:Info:toast@toast-new:Simulation not generated] Magnitude 5.77 of event gfz2025edqr is smaller than triggerMinMagnitude: no automatic simulation
2025/03/01 05:02:56.272725 [Incident:Info:toast@toast-new:Origin updated] Origin updated: OT: 2025-02-28 21:58:40,  Lat/Lon: -5.99818°/130.736°, Depth: 141.201
2025/03/01 05:02:56.273008 [Incident:Info:toast@toast-new:Magnitude updated] Magnitude updated: 5.76 (M)
2025/03/01 05:02:56.273085 [Simulation:Info:toast@toast-new:Simulation not generated] Magnitude 5.76 of event gfz2025edqr is smaller than triggerMinMagnitude: no automatic simulation
2025/03/01 05:02:57.515915 [Incident:Info:toast@toast-new:Origin updated] Origin updated: OT: 2025-02-28 21:58:40,  Lat/Lon: -5.99818°/130.736°, Depth: 141.201
2025/03/01 05:02:57.516168 [Incident:Info:toast@toast-new:FM updated] FM updated
2025/03/01 05:02:57.516538 [Simulation:Info:toast@toast-new:Simulation not generated] Magnitude 5.76 of event gfz2025edqr is smaller than triggerMinMagnitude: no automatic simulation
2025/03/01 05:03:01.442091 [Incident:Info:toast@toast-new:Origin updated] Origin updated: OT: 2025-02-28 21:58:40,  Lat/Lon: -5.99818°/130.736°, Depth: 141.201
2025/03/01 05:03:01.442388 [Incident:Info:toast@toast-new:Magnitude updated] Magnitude updated: 5.73 (M)
2025/03/01 05:03:01.442491 [Simulation:Info:toast@toast-new:Simulation not generated] Magnitude 5.73 of event gfz2025edqr is smaller than triggerMinMagnitude: no automatic simulation
2025/03/01 05:03:06.294387 [Incident:Info:toast@toast-new:Origin updated] Origin updated: OT: 2025-02-28 21:58:40,  Lat/Lon: -5.99818°/130.736°, Depth: 141.201
2025/03/01 05:03:06.294718 [Incident:Info:toast@toast-new:Magnitude updated] Magnitude updated: 5.72 (M)
2025/03/01 05:03:06.294815 [Simulation:Info:toast@toast-new:Simulation not generated] Magnitude 5.72 of event gfz2025edqr is smaller than triggerMinMagnitude: no automatic simulation
2025/03/01 05:03:11.627449 [Incident:Info:toast@toast-new:Origin updated] Origin updated: OT: 2025-02-28 21:58:40,  Lat/Lon: -6.00234°/130.74°, Depth: 146.573
2025/03/01 05:03:11.628587 [Incident:Info:toast@toast-new:Magnitude updated] Magnitude updated: 5.63 (M)
2025/03/01 05:03:11.628676 [Simulation:Info:toast@toast-new:Simulation not generated] Magnitude 5.63 of event gfz2025edqr is smaller than triggerMinMagnitude: no automatic simulation
2025/03/01 05:03:16.516710 [Incident:Info:toast@toast-new:Origin updated] Origin updated: OT: 2025-02-28 21:58:40,  Lat/Lon: -6.00234°/130.74°, Depth: 146.573
2025/03/01 05:03:16.517023 [Incident:Info:toast@toast-new:Magnitude updated] Magnitude updated: 5.61 (M)
2025/03/01 05:03:16.517107 [Simulation:Info:toast@toast-new:Simulation not generated] Magnitude 5.61 of event gfz2025edqr is smaller than triggerMinMagnitude: no automatic simulation
2025/03/01 05:03:17.587308 [Incident:Info:toast@toast-new:Origin updated] Origin updated: OT: 2025-02-28 21:58:40,  Lat/Lon: -6.00234°/130.74°, Depth: 146.573
2025/03/01 05:03:17.587548 [Incident:Info:toast@toast-new:FM updated] FM updated
2025/03/01 05:03:17.587900 [Simulation:Info:toast@toast-new:Simulation not generated] Magnitude 5.61 of event gfz2025edqr is smaller than triggerMinMagnitude: no automatic simulation
2025/03/01 05:03:21.365006 [Incident:Info:toast@toast-new:Origin updated] Origin updated: OT: 2025-02-28 21:58:40,  Lat/Lon: -6.00234°/130.74°, Depth: 146.573
2025/03/01 05:03:21.401620 [Incident:Info:toast@toast-new:Magnitude updated] Magnitude updated: 5.61 (M)
2025/03/01 05:03:21.401765 [Simulation:Info:toast@toast-new:Simulation not generated] Magnitude 5.61 of event gfz2025edqr is smaller than triggerMinMagnitude: no automatic simulation
2025/03/01 05:03:26.304297 [Incident:Info:toast@toast-new:Origin updated] Origin updated: OT: 2025-02-28 21:58:40,  Lat/Lon: -6.00234°/130.74°, Depth: 146.573
2025/03/01 05:03:26.304612 [Incident:Info:toast@toast-new:Magnitude updated] Magnitude updated: 5.61 (M)
2025/03/01 05:03:26.304691 [Simulation:Info:toast@toast-new:Simulation not generated] Magnitude 5.61 of event gfz2025edqr is smaller than triggerMinMagnitude: no automatic simulation
2025/03/01 05:03:27.597643 [Incident:Info:toast@toast-new:Origin updated] Origin updated: OT: 2025-02-28 21:58:40,  Lat/Lon: -6.00234°/130.74°, Depth: 146.573
2025/03/01 05:03:27.597920 [Simulation:Info:toast@toast-new:Simulation not generated] Magnitude 5.61 of event gfz2025edqr is smaller than triggerMinMagnitude: no automatic simulation
2025/03/01 05:03:31.178335 [Incident:Info:toast@toast-new:Origin updated] Origin updated: OT: 2025-02-28 21:58:40,  Lat/Lon: -6.00234°/130.74°, Depth: 146.573
2025/03/01 05:03:31.178611 [Incident:Info:toast@toast-new:Magnitude updated] Magnitude updated: 5.61 (M)
2025/03/01 05:03:31.178680 [Simulation:Info:toast@toast-new:Simulation not generated] Magnitude 5.61 of event gfz2025edqr is smaller than triggerMinMagnitude: no automatic simulation
2025/03/01 05:03:36.275091 [Incident:Info:toast@toast-new:Origin updated] Origin updated: OT: 2025-02-28 21:58:40,  Lat/Lon: -6.00432°/130.742°, Depth: 151.79
2025/03/01 05:03:36.275407 [Incident:Info:toast@toast-new:Magnitude updated] Magnitude updated: 5.60 (M)
2025/03/01 05:03:36.275477 [Simulation:Info:toast@toast-new:Simulation not generated] Magnitude 5.60 of event gfz2025edqr is smaller than triggerMinMagnitude: no automatic simulation
2025/03/01 05:03:37.574396 [Incident:Info:toast@toast-new:Origin updated] Origin updated: OT: 2025-02-28 21:58:40,  Lat/Lon: -6.00432°/130.742°, Depth: 151.79
2025/03/01 05:03:37.574663 [Incident:Info:toast@toast-new:FM updated] FM updated
2025/03/01 05:03:37.575218 [Simulation:Info:toast@toast-new:Simulation not generated] Magnitude 5.60 of event gfz2025edqr is smaller than triggerMinMagnitude: no automatic simulation
2025/03/01 05:03:41.256628 [Incident:Info:toast@toast-new:Origin updated] Origin updated: OT: 2025-02-28 21:58:40,  Lat/Lon: -6.00432°/130.742°, Depth: 151.79
2025/03/01 05:03:41.256897 [Incident:Info:toast@toast-new:Magnitude updated] Magnitude updated: 5.60 (M)
2025/03/01 05:03:41.256977 [Simulation:Info:toast@toast-new:Simulation not generated] Magnitude 5.60 of event gfz2025edqr is smaller than triggerMinMagnitude: no automatic simulation
2025/03/01 05:03:46.353359 [Incident:Info:toast@toast-new:Origin updated] Origin updated: OT: 2025-02-28 21:58:40,  Lat/Lon: -6.00432°/130.742°, Depth: 151.79
2025/03/01 05:03:46.353674 [Incident:Info:toast@toast-new:Magnitude updated] Magnitude updated: 5.60 (M)
2025/03/01 05:03:46.353762 [Simulation:Info:toast@toast-new:Simulation not generated] Magnitude 5.60 of event gfz2025edqr is smaller than triggerMinMagnitude: no automatic simulation
2025/03/01 05:03:51.302941 [Incident:Info:toast@toast-new:Origin updated] Origin updated: OT: 2025-02-28 21:58:40,  Lat/Lon: -6.00432°/130.742°, Depth: 151.79
2025/03/01 05:03:51.305488 [Incident:Info:toast@toast-new:Magnitude updated] Magnitude updated: 5.60 (M)
2025/03/01 05:03:51.305637 [Simulation:Info:toast@toast-new:Simulation not generated] Magnitude 5.60 of event gfz2025edqr is smaller than triggerMinMagnitude: no automatic simulation
2025/03/01 05:03:56.278637 [Incident:Info:toast@toast-new:Origin updated] Origin updated: OT: 2025-02-28 21:58:40,  Lat/Lon: -6.00432°/130.742°, Depth: 151.79
2025/03/01 05:03:56.278889 [Incident:Info:toast@toast-new:Magnitude updated] Magnitude updated: 5.60 (M)
2025/03/01 05:03:56.278967 [Simulation:Info:toast@toast-new:Simulation not generated] Magnitude 5.60 of event gfz2025edqr is smaller than triggerMinMagnitude: no automatic simulation
2025/03/01 05:03:57.684740 [Incident:Info:toast@toast-new:Origin updated] Origin updated: OT: 2025-02-28 21:58:40,  Lat/Lon: -6.00432°/130.742°, Depth: 151.79
2025/03/01 05:03:57.685028 [Incident:Info:toast@toast-new:FM updated] FM updated
2025/03/01 05:03:57.685411 [Simulation:Info:toast@toast-new:Simulation not generated] Magnitude 5.60 of event gfz2025edqr is smaller than triggerMinMagnitude: no automatic simulation
2025/03/01 05:04:01.436464 [Incident:Info:toast@toast-new:Origin updated] Origin updated: OT: 2025-02-28 21:58:40,  Lat/Lon: -6.01487°/130.76°, Depth: 155.473
2025/03/01 05:04:01.436818 [Incident:Info:toast@toast-new:Magnitude updated] Magnitude updated: 5.59 (M)
2025/03/01 05:04:01.436901 [Simulation:Info:toast@toast-new:Simulation not generated] Magnitude 5.59 of event gfz2025edqr is smaller than triggerMinMagnitude: no automatic simulation
2025/03/01 05:04:06.392155 [Incident:Info:toast@toast-new:Origin updated] Origin updated: OT: 2025-02-28 21:58:40,  Lat/Lon: -6.01487°/130.76°, Depth: 155.473
2025/03/01 05:04:06.392497 [Incident:Info:toast@toast-new:Magnitude updated] Magnitude updated: 5.58 (M)
2025/03/01 05:04:06.392572 [Simulation:Info:toast@toast-new:Simulation not generated] Magnitude 5.58 of event gfz2025edqr is smaller than triggerMinMagnitude: no automatic simulation
2025/03/01 05:04:07.729119 [Incident:Info:toast@toast-new:Origin updated] Origin updated: OT: 2025-02-28 21:58:40,  Lat/Lon: -6.01487°/130.76°, Depth: 155.473
2025/03/01 05:04:07.729376 [Incident:Info:toast@toast-new:FM updated] FM updated
2025/03/01 05:04:07.729757 [Simulation:Info:toast@toast-new:Simulation not generated] Magnitude 5.58 of event gfz2025edqr is smaller than triggerMinMagnitude: no automatic simulation
2025/03/01 05:04:11.388889 [Incident:Info:toast@toast-new:Origin updated] Origin updated: OT: 2025-02-28 21:58:40,  Lat/Lon: -6.01487°/130.76°, Depth: 155.473
2025/03/01 05:04:11.389176 [Incident:Info:toast@toast-new:Magnitude updated] Magnitude updated: 5.57 (M)
2025/03/01 05:04:11.389257 [Simulation:Info:toast@toast-new:Simulation not generated] Magnitude 5.57 of event gfz2025edqr is smaller than triggerMinMagnitude: no automatic simulation
2025/03/01 05:04:16.388920 [Incident:Info:toast@toast-new:Origin updated] Origin updated: OT: 2025-02-28 21:58:40,  Lat/Lon: -6.01487°/130.76°, Depth: 155.473
2025/03/01 05:04:16.389228 [Incident:Info:toast@toast-new:Magnitude updated] Magnitude updated: 5.56 (M)
2025/03/01 05:04:16.389315 [Simulation:Info:toast@toast-new:Simulation not generated] Magnitude 5.56 of event gfz2025edqr is smaller than triggerMinMagnitude: no automatic simulation
2025/03/01 05:04:17.835005 [Incident:Info:toast@toast-new:Origin updated] Origin updated: OT: 2025-02-28 21:58:40,  Lat/Lon: -6.01487°/130.76°, Depth: 155.473
2025/03/01 05:04:17.835211 [Incident:Info:toast@toast-new:FM updated] FM updated
2025/03/01 05:04:17.835527 [Simulation:Info:toast@toast-new:Simulation not generated] Magnitude 5.56 of event gfz2025edqr is smaller than triggerMinMagnitude: no automatic simulation
2025/03/01 05:04:21.482839 [Incident:Info:toast@toast-new:Origin updated] Origin updated: OT: 2025-02-28 21:58:40,  Lat/Lon: -6.01487°/130.76°, Depth: 155.473
2025/03/01 05:04:21.483352 [Incident:Info:toast@toast-new:Magnitude updated] Magnitude updated: 5.56 (M)
2025/03/01 05:04:21.483525 [Simulation:Info:toast@toast-new:Simulation not generated] Magnitude 5.56 of event gfz2025edqr is smaller than triggerMinMagnitude: no automatic simulation
2025/03/01 05:04:26.294309 [Incident:Info:toast@toast-new:Origin updated] Origin updated: OT: 2025-02-28 21:58:40,  Lat/Lon: -6.01487°/130.76°, Depth: 155.473
2025/03/01 05:04:26.294572 [Incident:Info:toast@toast-new:Magnitude updated] Magnitude updated: 5.56 (M)
2025/03/01 05:04:26.294647 [Simulation:Info:toast@toast-new:Simulation not generated] Magnitude 5.56 of event gfz2025edqr is smaller than triggerMinMagnitude: no automatic simulation
2025/03/01 05:04:28.052631 [Incident:Info:toast@toast-new:Origin updated] Origin updated: OT: 2025-02-28 21:58:40,  Lat/Lon: -6.01487°/130.76°, Depth: 155.473
2025/03/01 05:04:28.052855 [Incident:Info:toast@toast-new:FM updated] FM updated
2025/03/01 05:04:28.053195 [Simulation:Info:toast@toast-new:Simulation not generated] Magnitude 5.56 of event gfz2025edqr is smaller than triggerMinMagnitude: no automatic simulation
2025/03/01 05:04:31.308841 [Incident:Info:toast@toast-new:Origin updated] Origin updated: OT: 2025-02-28 21:58:40,  Lat/Lon: -6.01487°/130.76°, Depth: 155.473
2025/03/01 05:04:31.309134 [Incident:Info:toast@toast-new:Magnitude updated] Magnitude updated: 5.57 (M)
2025/03/01 05:04:31.309221 [Simulation:Info:toast@toast-new:Simulation not generated] Magnitude 5.57 of event gfz2025edqr is smaller than triggerMinMagnitude: no automatic simulation
2025/03/01 05:04:34.355505 [Incident:Info:toast@toast-new:Origin updated] Origin updated: OT: 2025-02-28 21:58:40,  Lat/Lon: -6.00001°/130.754°, Depth: 157.642
2025/03/01 05:04:34.355796 [Incident:Info:toast@toast-new:Magnitude updated] Magnitude updated: 5.56 (M)
2025/03/01 05:04:34.355862 [Simulation:Info:toast@toast-new:Simulation not generated] Magnitude 5.56 of event gfz2025edqr is smaller than triggerMinMagnitude: no automatic simulation
2025/03/01 05:04:36.199922 [Incident:Info:toast@toast-new:Origin updated] Origin updated: OT: 2025-02-28 21:58:40,  Lat/Lon: -6.00001°/130.754°, Depth: 157.642
2025/03/01 05:04:36.200217 [Incident:Info:toast@toast-new:Magnitude updated] Magnitude updated: 5.56 (M)
2025/03/01 05:04:36.200303 [Simulation:Info:toast@toast-new:Simulation not generated] Magnitude 5.56 of event gfz2025edqr is smaller than triggerMinMagnitude: no automatic simulation
2025/03/01 05:04:37.914542 [Incident:Info:toast@toast-new:Origin updated] Origin updated: OT: 2025-02-28 21:58:40,  Lat/Lon: -6.00001°/130.754°, Depth: 157.642
2025/03/01 05:04:37.914721 [Incident:Info:toast@toast-new:FM updated] FM updated
2025/03/01 05:04:37.914973 [Simulation:Info:toast@toast-new:Simulation not generated] Magnitude 5.56 of event gfz2025edqr is smaller than triggerMinMagnitude: no automatic simulation
2025/03/01 05:04:41.314958 [Incident:Info:toast@toast-new:Origin updated] Origin updated: OT: 2025-02-28 21:58:40,  Lat/Lon: -6.00001°/130.754°, Depth: 157.642
2025/03/01 05:04:41.315229 [Incident:Info:toast@toast-new:Magnitude updated] Magnitude updated: 5.57 (M)
2025/03/01 05:04:41.315306 [Simulation:Info:toast@toast-new:Simulation not generated] Magnitude 5.57 of event gfz2025edqr is smaller than triggerMinMagnitude: no automatic simulation
2025/03/01 05:04:46.359028 [Incident:Info:toast@toast-new:Origin updated] Origin updated: OT: 2025-02-28 21:58:40,  Lat/Lon: -6.00001°/130.754°, Depth: 157.642
2025/03/01 05:04:46.359303 [Incident:Info:toast@toast-new:Magnitude updated] Magnitude updated: 5.57 (M)
2025/03/01 05:04:46.359379 [Simulation:Info:toast@toast-new:Simulation not generated] Magnitude 5.57 of event gfz2025edqr is smaller than triggerMinMagnitude: no automatic simulation
2025/03/01 05:04:51.315912 [Incident:Info:toast@toast-new:Origin updated] Origin updated: OT: 2025-02-28 21:58:40,  Lat/Lon: -6.00001°/130.754°, Depth: 157.642
2025/03/01 05:04:51.316233 [Incident:Info:toast@toast-new:Magnitude updated] Magnitude updated: 5.57 (M)
2025/03/01 05:04:51.316328 [Simulation:Info:toast@toast-new:Simulation not generated] Magnitude 5.57 of event gfz2025edqr is smaller than triggerMinMagnitude: no automatic simulation
2025/03/01 05:04:56.318000 [Incident:Info:toast@toast-new:Origin updated] Origin updated: OT: 2025-02-28 21:58:40,  Lat/Lon: -6.00001°/130.754°, Depth: 157.642
2025/03/01 05:04:56.318292 [Incident:Info:toast@toast-new:Magnitude updated] Magnitude updated: 5.56 (M)
2025/03/01 05:04:56.318376 [Simulation:Info:toast@toast-new:Simulation not generated] Magnitude 5.56 of event gfz2025edqr is smaller than triggerMinMagnitude: no automatic simulation
2025/03/01 05:04:57.875354 [Incident:Info:toast@toast-new:Origin updated] Origin updated: OT: 2025-02-28 21:58:40,  Lat/Lon: -6.00001°/130.754°, Depth: 157.642
2025/03/01 05:04:57.875626 [Incident:Info:toast@toast-new:FM updated] FM updated
2025/03/01 05:04:57.875962 [Simulation:Info:toast@toast-new:Simulation not generated] Magnitude 5.56 of event gfz2025edqr is smaller than triggerMinMagnitude: no automatic simulation
2025/03/01 05:05:01.363834 [Incident:Info:toast@toast-new:Origin updated] Origin updated: OT: 2025-02-28 21:58:40,  Lat/Lon: -6.00001°/130.754°, Depth: 157.642
2025/03/01 05:05:01.364116 [Incident:Info:toast@toast-new:Magnitude updated] Magnitude updated: 5.56 (M)
2025/03/01 05:05:01.364199 [Simulation:Info:toast@toast-new:Simulation not generated] Magnitude 5.56 of event gfz2025edqr is smaller than triggerMinMagnitude: no automatic simulation
2025/03/01 05:05:06.319084 [Incident:Info:toast@toast-new:Origin updated] Origin updated: OT: 2025-02-28 21:58:40,  Lat/Lon: -6.00001°/130.754°, Depth: 157.642
2025/03/01 05:05:06.319351 [Incident:Info:toast@toast-new:Magnitude updated] Magnitude updated: 5.56 (M)
2025/03/01 05:05:06.319419 [Simulation:Info:toast@toast-new:Simulation not generated] Magnitude 5.56 of event gfz2025edqr is smaller than triggerMinMagnitude: no automatic simulation
2025/03/01 05:05:07.961774 [Incident:Info:toast@toast-new:Origin updated] Origin updated: OT: 2025-02-28 21:58:40,  Lat/Lon: -6.00001°/130.754°, Depth: 157.642
2025/03/01 05:05:07.962004 [Incident:Info:toast@toast-new:FM updated] FM updated
2025/03/01 05:05:07.962330 [Simulation:Info:toast@toast-new:Simulation not generated] Magnitude 5.56 of event gfz2025edqr is smaller than triggerMinMagnitude: no automatic simulation
2025/03/01 05:05:11.289463 [Incident:Info:toast@toast-new:Origin updated] Origin updated: OT: 2025-02-28 21:58:40,  Lat/Lon: -6.00001°/130.754°, Depth: 157.642
2025/03/01 05:05:11.289764 [Incident:Info:toast@toast-new:Magnitude updated] Magnitude updated: 5.56 (M)
2025/03/01 05:05:11.289855 [Simulation:Info:toast@toast-new:Simulation not generated] Magnitude 5.56 of event gfz2025edqr is smaller than triggerMinMagnitude: no automatic simulation
2025/03/01 05:05:15.060221 [Incident:Info:toast@toast-new:Origin updated] Origin updated: OT: 2025-02-28 21:58:40,  Lat/Lon: -5.99983°/130.752°, Depth: 156.501
2025/03/01 05:05:15.060508 [Incident:Info:toast@toast-new:Magnitude updated] Magnitude updated: 5.56 (M)
2025/03/01 05:05:15.060569 [Simulation:Info:toast@toast-new:Simulation not generated] Magnitude 5.56 of event gfz2025edqr is smaller than triggerMinMagnitude: no automatic simulation
2025/03/01 05:05:16.248700 [Incident:Info:toast@toast-new:Origin updated] Origin updated: OT: 2025-02-28 21:58:40,  Lat/Lon: -5.99983°/130.752°, Depth: 156.501
2025/03/01 05:05:16.248962 [Incident:Info:toast@toast-new:Magnitude updated] Magnitude updated: 5.56 (M)
2025/03/01 05:05:16.249041 [Simulation:Info:toast@toast-new:Simulation not generated] Magnitude 5.56 of event gfz2025edqr is smaller than triggerMinMagnitude: no automatic simulation
2025/03/01 05:05:18.703343 [Incident:Info:toast@toast-new:Origin updated] Origin updated: OT: 2025-02-28 21:58:40,  Lat/Lon: -5.99983°/130.752°, Depth: 156.501
2025/03/01 05:05:18.703587 [Incident:Info:toast@toast-new:Magnitude updated] Magnitude updated: 5.56 (M)
2025/03/01 05:05:18.703647 [Simulation:Info:toast@toast-new:Simulation not generated] Magnitude 5.56 of event gfz2025edqr is smaller than triggerMinMagnitude: no automatic simulation
2025/03/01 05:05:18.906322 [Incident:Info:toast@toast-new:Origin updated] Origin updated: OT: 2025-02-28 21:58:40,  Lat/Lon: -5.99925°/130.753°, Depth: 157.507
2025/03/01 05:05:18.906660 [Incident:Info:toast@toast-new:Magnitude updated] Magnitude updated: 5.56 (M)
2025/03/01 05:05:18.906749 [Simulation:Info:toast@toast-new:Simulation not generated] Magnitude 5.56 of event gfz2025edqr is smaller than triggerMinMagnitude: no automatic simulation
2025/03/01 05:05:18.921426 [Incident:Info:toast@toast-new:Origin updated] Origin updated: OT: 2025-02-28 21:58:40,  Lat/Lon: -5.99925°/130.753°, Depth: 157.507
2025/03/01 05:05:18.921583 [Incident:Info:toast@toast-new:FM updated] FM updated
2025/03/01 05:05:18.921855 [Simulation:Info:toast@toast-new:Simulation not generated] Magnitude 5.56 of event gfz2025edqr is smaller than triggerMinMagnitude: no automatic simulation
2025/03/01 05:05:21.394942 [Incident:Info:toast@toast-new:Origin updated] Origin updated: OT: 2025-02-28 21:58:40,  Lat/Lon: -5.99925°/130.753°, Depth: 157.507
2025/03/01 05:05:21.395260 [Incident:Info:toast@toast-new:Magnitude updated] Magnitude updated: 5.56 (M)
2025/03/01 05:05:21.395341 [Simulation:Info:toast@toast-new:Simulation not generated] Magnitude 5.56 of event gfz2025edqr is smaller than triggerMinMagnitude: no automatic simulation
2025/03/01 05:05:23.287064 [Incident:Info:toast@toast-new:Origin updated] Origin updated: OT: 2025-02-28 21:58:40,  Lat/Lon: -5.99925°/130.753°, Depth: 157.507
2025/03/01 05:05:23.287327 [Simulation:Info:toast@toast-new:Simulation not generated] Magnitude 5.56 of event gfz2025edqr is smaller than triggerMinMagnitude: no automatic simulation
2025/03/01 05:05:28.006533 [Incident:Info:toast@toast-new:Origin updated] Origin updated: OT: 2025-02-28 21:58:40,  Lat/Lon: -5.99925°/130.753°, Depth: 157.507
2025/03/01 05:05:28.006762 [Incident:Info:toast@toast-new:FM updated] FM updated
2025/03/01 05:05:28.007099 [Simulation:Info:toast@toast-new:Simulation not generated] Magnitude 5.56 of event gfz2025edqr is smaller than triggerMinMagnitude: no automatic simulation
2025/03/01 05:05:31.394411 [Incident:Info:toast@toast-new:Origin updated] Origin updated: OT: 2025-02-28 21:58:40,  Lat/Lon: -5.99925°/130.753°, Depth: 157.507
2025/03/01 05:05:31.394721 [Incident:Info:toast@toast-new:Magnitude updated] Magnitude updated: 5.55 (M)
2025/03/01 05:05:31.394804 [Simulation:Info:toast@toast-new:Simulation not generated] Magnitude 5.55 of event gfz2025edqr is smaller than triggerMinMagnitude: no automatic simulation
2025/03/01 05:05:36.391200 [Incident:Info:toast@toast-new:Origin updated] Origin updated: OT: 2025-02-28 21:58:40,  Lat/Lon: -5.99925°/130.753°, Depth: 157.507
2025/03/01 05:05:36.391529 [Incident:Info:toast@toast-new:Magnitude updated] Magnitude updated: 5.55 (M)
2025/03/01 05:05:36.391618 [Simulation:Info:toast@toast-new:Simulation not generated] Magnitude 5.55 of event gfz2025edqr is smaller than triggerMinMagnitude: no automatic simulation
2025/03/01 05:05:38.237412 [Incident:Info:toast@toast-new:Origin updated] Origin updated: OT: 2025-02-28 21:58:40,  Lat/Lon: -5.99925°/130.753°, Depth: 157.507
2025/03/01 05:05:38.237671 [Incident:Info:toast@toast-new:FM updated] FM updated
2025/03/01 05:05:38.238048 [Simulation:Info:toast@toast-new:Simulation not generated] Magnitude 5.55 of event gfz2025edqr is smaller than triggerMinMagnitude: no automatic simulation
2025/03/01 05:05:48.389787 [Incident:Info:toast@toast-new:Origin updated] Origin updated: OT: 2025-02-28 21:58:40,  Lat/Lon: -5.99925°/130.753°, Depth: 157.507
2025/03/01 05:05:48.390050 [Incident:Info:toast@toast-new:FM updated] FM updated
2025/03/01 05:05:48.390437 [Simulation:Info:toast@toast-new:Simulation not generated] Magnitude 5.55 of event gfz2025edqr is smaller than triggerMinMagnitude: no automatic simulation
2025/03/01 05:05:58.266051 [Incident:Info:toast@toast-new:Origin updated] Origin updated: OT: 2025-02-28 21:58:40,  Lat/Lon: -5.99925°/130.753°, Depth: 157.507
2025/03/01 05:05:58.266301 [Incident:Info:toast@toast-new:FM updated] FM updated
2025/03/01 05:05:58.266679 [Simulation:Info:toast@toast-new:Simulation not generated] Magnitude 5.55 of event gfz2025edqr is smaller than triggerMinMagnitude: no automatic simulation
2025/03/01 05:06:08.383878 [Incident:Info:toast@toast-new:Origin updated] Origin updated: OT: 2025-02-28 21:58:40,  Lat/Lon: -5.99925°/130.753°, Depth: 157.507
2025/03/01 05:06:08.384144 [Incident:Info:toast@toast-new:FM updated] FM updated
2025/03/01 05:06:08.384543 [Simulation:Info:toast@toast-new:Simulation not generated] Magnitude 5.55 of event gfz2025edqr is smaller than triggerMinMagnitude: no automatic simulation
2025/03/01 05:06:18.533486 [Incident:Info:toast@toast-new:Origin updated] Origin updated: OT: 2025-02-28 21:58:40,  Lat/Lon: -5.99925°/130.753°, Depth: 157.507
2025/03/01 05:06:18.533761 [Incident:Info:toast@toast-new:FM updated] FM updated
2025/03/01 05:06:18.534188 [Simulation:Info:toast@toast-new:Simulation not generated] Magnitude 5.55 of event gfz2025edqr is smaller than triggerMinMagnitude: no automatic simulation
2025/03/01 05:06:28.601965 [Incident:Info:toast@toast-new:Origin updated] Origin updated: OT: 2025-02-28 21:58:40,  Lat/Lon: -5.99925°/130.753°, Depth: 157.507
2025/03/01 05:06:28.602241 [Incident:Info:toast@toast-new:FM updated] FM updated
2025/03/01 05:06:28.602638 [Simulation:Info:toast@toast-new:Simulation not generated] Magnitude 5.55 of event gfz2025edqr is smaller than triggerMinMagnitude: no automatic simulation
2025/03/01 05:06:31.216298 [Incident:Info:toast@toast-new:Origin updated] Origin updated: OT: 2025-02-28 21:58:40,  Lat/Lon: -5.99925°/130.753°, Depth: 157.507
2025/03/01 05:06:31.216581 [Incident:Info:toast@toast-new:Magnitude updated] Magnitude updated: 5.55 (M)
2025/03/01 05:06:31.216661 [Simulation:Info:toast@toast-new:Simulation not generated] Magnitude 5.55 of event gfz2025edqr is smaller than triggerMinMagnitude: no automatic simulation
2025/03/01 05:06:36.436406 [Incident:Info:toast@toast-new:Origin updated] Origin updated: OT: 2025-02-28 21:58:40,  Lat/Lon: -5.99925°/130.753°, Depth: 157.507
2025/03/01 05:06:36.436665 [Incident:Info:toast@toast-new:FM updated] FM updated
2025/03/01 05:06:36.437041 [Simulation:Info:toast@toast-new:Simulation not generated] Magnitude 5.55 of event gfz2025edqr is smaller than triggerMinMagnitude: no automatic simulation
2025/03/01 05:06:46.823206 [Incident:Info:toast@toast-new:Origin updated] Origin updated: OT: 2025-02-28 21:58:40,  Lat/Lon: -5.99925°/130.753°, Depth: 157.507
2025/03/01 05:06:46.823444 [Simulation:Info:toast@toast-new:Simulation not generated] Magnitude 5.55 of event gfz2025edqr is smaller than triggerMinMagnitude: no automatic simulation
2025/03/01 05:07:16.417947 [Incident:Info:toast@toast-new:Origin updated] Origin updated: OT: 2025-02-28 21:58:40,  Lat/Lon: -5.99925°/130.753°, Depth: 157.507
2025/03/01 05:07:16.418293 [Incident:Info:toast@toast-new:Magnitude updated] Magnitude updated: 5.78 (mb)
2025/03/01 05:07:16.418410 [Simulation:Info:toast@toast-new:Simulation not generated] Magnitude 5.78 of event gfz2025edqr is smaller than triggerMinMagnitude: no automatic simulation
2025/03/01 05:08:28.334629 [Incident:Info:toast@toast-new:Origin updated] Origin updated: OT: 2025-02-28 21:58:40,  Lat/Lon: -6.00207°/130.752°, Depth: 156.279
2025/03/01 05:08:28.335059 [Incident:Info:toast@toast-new:Magnitude updated] Magnitude updated: 5.79 (mb)
2025/03/01 05:08:28.335181 [Simulation:Info:toast@toast-new:Simulation not generated] Magnitude 5.79 of event gfz2025edqr is smaller than triggerMinMagnitude: no automatic simulation
2025/03/01 09:24:02.671562 [Incident:Info:toast@toast-new:Origin updated] Origin updated: OT: 2025-02-28 21:58:40,  Lat/Lon: -5.99918°/130.736°, Depth: 159.116
2025/03/01 09:24:02.671935 [Incident:Info:toast@toast-new:Magnitude updated] Magnitude updated: 5.77 (mb)
2025/03/01 09:24:02.672015 [Simulation:Info:toast@toast-new:Simulation not generated] Magnitude 5.77 of event gfz2025edqr is smaller than triggerMinMagnitude: no automatic simulation
2025/03/01 09:24:21.081168 [Incident:Info:toast@toast-new:Origin updated] Origin updated: OT: 2025-02-28 21:58:40,  Lat/Lon: -5.99918°/130.736°, Depth: 159.116
2025/03/01 09:24:21.081504 [Incident:Info:toast@toast-new:Magnitude updated] Magnitude updated: 5.61 (Mw)
2025/03/01 09:24:21.081621 [Simulation:Info:toast@toast-new:Simulation not generated] Magnitude 5.61 of event gfz2025edqr is smaller than triggerMinMagnitude: no automatic simulation
2025/03/09 23:32:16.958503 [Incident:Info:toast@toast-new:Origin updated] Origin updated: OT: 2025-02-28 21:58:40,  Lat/Lon: -5.96247°/130.735°, Depth: 154.142
2025/03/09 23:32:16.960575 [Simulation:Info:toast@toast-new:Simulation not generated] Magnitude 5.61 of event gfz2025edqr is smaller than triggerMinMagnitude: no automatic simulation
2025/03/09 23:32:26.102635 [Incident:Info:toast@toast-new:Origin updated] Origin updated: OT: 2025-02-28 21:58:40,  Lat/Lon: -5.96247°/130.735°, Depth: 154.142
2025/03/09 23:32:26.102924 [Incident:Info:toast@toast-new:Magnitude updated] Magnitude updated: 5.58 (Mw(mB))
2025/03/09 23:32:26.102988 [Simulation:Info:toast@toast-new:Simulation not generated] Magnitude 5.58 of event gfz2025edqr is smaller than triggerMinMagnitude: no automatic simulation
2025/03/09 23:32:44.426904 [Incident:Info:toast@toast-new:Origin updated] Origin updated: OT: 2025-02-28 21:58:40,  Lat/Lon: -5.96252°/130.735°, Depth: 154.293
2025/03/09 23:32:44.427172 [Incident:Info:toast@toast-new:Magnitude updated] Magnitude updated: 5.57 (Mw(mB))
2025/03/09 23:32:44.427242 [Simulation:Info:toast@toast-new:Simulation not generated] Magnitude 5.57 of event gfz2025edqr is smaller than triggerMinMagnitude: no automatic simulation
2025/03/09 23:32:54.498820 [Incident:Info:toast@toast-new:Origin updated] Origin updated: OT: 2025-02-28 21:58:40,  Lat/Lon: -5.96252°/130.735°, Depth: 154.293
2025/03/09 23:32:54.499076 [Simulation:Info:toast@toast-new:Simulation not generated] Magnitude 5.57 of event gfz2025edqr is smaller than triggerMinMagnitude: no automatic simulation
2025/03/09 23:32:54.551390 [Incident:Info:toast@toast-new:Origin updated] Origin updated: OT: 2025-02-28 21:58:40,  Lat/Lon: -5.96252°/130.735°, Depth: 154.293
2025/03/09 23:32:54.551547 [Simulation:Info:toast@toast-new:Simulation not generated] Magnitude 5.57 of event gfz2025edqr is smaller than triggerMinMagnitude: no automatic simulation
