2025/11/21 11:43:56.977666 [Incident:Info:toast@toast-new:Displacement(s) updated] Added 0 and changed 0 displacements with 0 amplitudes
2025/11/21 11:43:56.978370 [Incident:Info:toast@toast-new:Incident created] Incident created based on event received from messaging: OT: 2025-11-21 04:38:23,  Lat/Lon: 24.24°/90.66°, Depth: 10.00, Mag: 5.61 (M)
2025/11/21 11:43:56.978959 [Simulation:Info:toast@toast-new:Simulation not generated] Magnitude 5.61 of event bmg2025wuie is smaller than triggerMinMagnitude: no automatic simulation
2025/11/21 11:43:56.999740 [Incident:Info:toast@toast-new:Origin updated] Origin updated: OT: 2025-11-21 04:38:23,  Lat/Lon: 24.2354°/90.6559°, Depth: 10
2025/11/21 11:43:56.999878 [Simulation:Info:toast@toast-new:Simulation not generated] Magnitude 5.61 of event bmg2025wuie is smaller than triggerMinMagnitude: no automatic simulation
2025/11/21 11:44:03.697587 [Incident:Info:toast@toast-new:Origin updated] Origin updated: OT: 2025-11-21 04:38:23,  Lat/Lon: 24.2354°/90.6559°, Depth: 10
2025/11/21 11:44:03.697763 [Incident:Info:toast@toast-new:Magnitude updated] Magnitude updated: 5.56 (M)
2025/11/21 11:44:03.697799 [Simulation:Info:toast@toast-new:Simulation not generated] Magnitude 5.56 of event bmg2025wuie is smaller than triggerMinMagnitude: no automatic simulation
2025/11/21 11:44:06.981516 [Incident:Info:toast@toast-new:Origin updated] Origin updated: OT: 2025-11-21 04:38:23,  Lat/Lon: 24.2405°/90.6358°, Depth: 10
2025/11/21 11:44:06.981724 [Incident:Info:toast@toast-new:Magnitude updated] Magnitude updated: 5.56 (M)
2025/11/21 11:44:06.981764 [Simulation:Info:toast@toast-new:Simulation not generated] Magnitude 5.56 of event bmg2025wuie is smaller than triggerMinMagnitude: no automatic simulation
2025/11/21 11:44:13.719650 [Incident:Info:toast@toast-new:Origin updated] Origin updated: OT: 2025-11-21 04:38:23,  Lat/Lon: 24.2405°/90.6358°, Depth: 10
2025/11/21 11:44:13.719891 [Incident:Info:toast@toast-new:Magnitude updated] Magnitude updated: 5.52 (M)
2025/11/21 11:44:13.719973 [Simulation:Info:toast@toast-new:Simulation not generated] Magnitude 5.52 of event bmg2025wuie is smaller than triggerMinMagnitude: no automatic simulation
2025/11/21 11:44:18.714928 [Incident:Info:toast@toast-new:Origin updated] Origin updated: OT: 2025-11-21 04:38:23,  Lat/Lon: 24.2405°/90.6358°, Depth: 10
2025/11/21 11:44:18.715162 [Incident:Info:toast@toast-new:Magnitude updated] Magnitude updated: 5.48 (M)
2025/11/21 11:44:18.715215 [Simulation:Info:toast@toast-new:Simulation not generated] Magnitude 5.48 of event bmg2025wuie is smaller than triggerMinMagnitude: no automatic simulation
2025/11/21 11:44:19.931368 [Incident:Info:toast@toast-new:Origin updated] Origin updated: OT: 2025-11-21 04:38:26,  Lat/Lon: 23.9677°/90.7699°, Depth: 10
2025/11/21 11:44:19.931583 [Incident:Info:toast@toast-new:Magnitude updated] Magnitude updated: 5.47 (M)
2025/11/21 11:44:19.931624 [Simulation:Info:toast@toast-new:Simulation not generated] Magnitude 5.47 of event bmg2025wuie is smaller than triggerMinMagnitude: no automatic simulation
2025/11/21 11:44:23.671757 [Incident:Info:toast@toast-new:Origin updated] Origin updated: OT: 2025-11-21 04:38:26,  Lat/Lon: 23.9677°/90.7699°, Depth: 10
2025/11/21 11:44:23.671927 [Incident:Info:toast@toast-new:Magnitude updated] Magnitude updated: 5.46 (M)
2025/11/21 11:44:23.671960 [Simulation:Info:toast@toast-new:Simulation not generated] Magnitude 5.46 of event bmg2025wuie is smaller than triggerMinMagnitude: no automatic simulation
2025/11/21 11:44:33.664697 [Incident:Info:toast@toast-new:Origin updated] Origin updated: OT: 2025-11-21 04:38:26,  Lat/Lon: 23.9677°/90.7699°, Depth: 10
2025/11/21 11:44:33.664883 [Incident:Info:toast@toast-new:Magnitude updated] Magnitude updated: 5.45 (M)
2025/11/21 11:44:33.664939 [Simulation:Info:toast@toast-new:Simulation not generated] Magnitude 5.45 of event bmg2025wuie is smaller than triggerMinMagnitude: no automatic simulation
2025/11/21 11:44:34.243436 [Incident:Info:toast@toast-new:Origin updated] Origin updated: OT: 2025-11-21 04:38:25,  Lat/Lon: 24.0131°/90.7596°, Depth: 10
2025/11/21 11:44:34.243659 [Incident:Info:toast@toast-new:Magnitude updated] Magnitude updated: 5.46 (M)
2025/11/21 11:44:34.243698 [Simulation:Info:toast@toast-new:Simulation not generated] Magnitude 5.46 of event bmg2025wuie is smaller than triggerMinMagnitude: no automatic simulation
2025/11/21 11:44:38.742921 [Incident:Info:toast@toast-new:Origin updated] Origin updated: OT: 2025-11-21 04:38:25,  Lat/Lon: 24.0131°/90.7596°, Depth: 10
2025/11/21 11:44:38.743092 [Incident:Info:toast@toast-new:Magnitude updated] Magnitude updated: 5.48 (M)
2025/11/21 11:44:38.743126 [Simulation:Info:toast@toast-new:Simulation not generated] Magnitude 5.48 of event bmg2025wuie is smaller than triggerMinMagnitude: no automatic simulation
2025/11/21 11:44:43.727479 [Incident:Info:toast@toast-new:Origin updated] Origin updated: OT: 2025-11-21 04:38:25,  Lat/Lon: 24.0131°/90.7596°, Depth: 10
2025/11/21 11:44:43.727700 [Incident:Info:toast@toast-new:Magnitude updated] Magnitude updated: 5.46 (M)
2025/11/21 11:44:43.727751 [Simulation:Info:toast@toast-new:Simulation not generated] Magnitude 5.46 of event bmg2025wuie is smaller than triggerMinMagnitude: no automatic simulation
2025/11/21 11:44:48.711598 [Incident:Info:toast@toast-new:Origin updated] Origin updated: OT: 2025-11-21 04:38:25,  Lat/Lon: 24.0131°/90.7596°, Depth: 10
2025/11/21 11:44:48.711732 [Incident:Info:toast@toast-new:Magnitude updated] Magnitude updated: 5.44 (M)
2025/11/21 11:44:48.711776 [Simulation:Info:toast@toast-new:Simulation not generated] Magnitude 5.44 of event bmg2025wuie is smaller than triggerMinMagnitude: no automatic simulation
2025/11/21 11:44:49.988506 [Incident:Info:toast@toast-new:Origin updated] Origin updated: OT: 2025-11-21 04:38:27,  Lat/Lon: 23.9105°/90.7845°, Depth: 10
2025/11/21 11:44:49.988711 [Incident:Info:toast@toast-new:Magnitude updated] Magnitude updated: 5.45 (M)
2025/11/21 11:44:49.988754 [Simulation:Info:toast@toast-new:Simulation not generated] Magnitude 5.45 of event bmg2025wuie is smaller than triggerMinMagnitude: no automatic simulation
2025/11/21 11:44:53.703644 [Incident:Info:toast@toast-new:Origin updated] Origin updated: OT: 2025-11-21 04:38:27,  Lat/Lon: 23.9105°/90.7845°, Depth: 10
2025/11/21 11:44:53.703827 [Incident:Info:toast@toast-new:Magnitude updated] Magnitude updated: 5.46 (M)
2025/11/21 11:44:53.703868 [Simulation:Info:toast@toast-new:Simulation not generated] Magnitude 5.46 of event bmg2025wuie is smaller than triggerMinMagnitude: no automatic simulation
2025/11/21 11:44:58.722081 [Incident:Info:toast@toast-new:Origin updated] Origin updated: OT: 2025-11-21 04:38:27,  Lat/Lon: 23.9105°/90.7845°, Depth: 10
2025/11/21 11:44:58.722264 [Incident:Info:toast@toast-new:Magnitude updated] Magnitude updated: 5.45 (M)
2025/11/21 11:44:58.722320 [Simulation:Info:toast@toast-new:Simulation not generated] Magnitude 5.45 of event bmg2025wuie is smaller than triggerMinMagnitude: no automatic simulation
2025/11/21 11:45:03.722825 [Incident:Info:toast@toast-new:Origin updated] Origin updated: OT: 2025-11-21 04:38:27,  Lat/Lon: 23.9105°/90.7845°, Depth: 10
2025/11/21 11:45:03.723026 [Incident:Info:toast@toast-new:Magnitude updated] Magnitude updated: 5.45 (M)
2025/11/21 11:45:03.723068 [Simulation:Info:toast@toast-new:Simulation not generated] Magnitude 5.45 of event bmg2025wuie is smaller than triggerMinMagnitude: no automatic simulation
2025/11/21 11:45:08.761098 [Incident:Info:toast@toast-new:Origin updated] Origin updated: OT: 2025-11-21 04:38:27,  Lat/Lon: 23.9105°/90.7845°, Depth: 10
2025/11/21 11:45:08.761270 [Incident:Info:toast@toast-new:Magnitude updated] Magnitude updated: 5.45 (M)
2025/11/21 11:45:08.761319 [Simulation:Info:toast@toast-new:Simulation not generated] Magnitude 5.45 of event bmg2025wuie is smaller than triggerMinMagnitude: no automatic simulation
2025/11/21 11:45:12.060911 [Incident:Info:toast@toast-new:Origin updated] Origin updated: OT: 2025-11-21 04:38:27,  Lat/Lon: 23.9105°/90.7845°, Depth: 10
2025/11/21 11:45:12.061068 [Incident:Info:toast@toast-new:Magnitude updated] Magnitude updated: 5.45 (M)
2025/11/21 11:45:12.061113 [Simulation:Info:toast@toast-new:Simulation not generated] Magnitude 5.45 of event bmg2025wuie is smaller than triggerMinMagnitude: no automatic simulation
2025/11/21 11:45:12.080688 [Incident:Info:toast@toast-new:Origin updated] Origin updated: OT: 2025-11-21 04:38:26,  Lat/Lon: 23.9154°/90.7854°, Depth: 10
2025/11/21 11:45:12.080822 [Incident:Info:toast@toast-new:Magnitude updated] Magnitude updated: 5.46 (M)
2025/11/21 11:45:12.080847 [Simulation:Info:toast@toast-new:Simulation not generated] Magnitude 5.46 of event bmg2025wuie is smaller than triggerMinMagnitude: no automatic simulation
2025/11/21 11:45:13.692514 [Incident:Info:toast@toast-new:Origin updated] Origin updated: OT: 2025-11-21 04:38:26,  Lat/Lon: 23.9154°/90.7854°, Depth: 10
2025/11/21 11:45:13.692677 [Incident:Info:toast@toast-new:Magnitude updated] Magnitude updated: 5.46 (M)
2025/11/21 11:45:13.692714 [Simulation:Info:toast@toast-new:Simulation not generated] Magnitude 5.46 of event bmg2025wuie is smaller than triggerMinMagnitude: no automatic simulation
2025/11/21 11:45:18.703217 [Incident:Info:toast@toast-new:Origin updated] Origin updated: OT: 2025-11-21 04:38:26,  Lat/Lon: 23.9154°/90.7854°, Depth: 10
2025/11/21 11:45:18.703375 [Incident:Info:toast@toast-new:Magnitude updated] Magnitude updated: 5.48 (M)
2025/11/21 11:45:18.703406 [Simulation:Info:toast@toast-new:Simulation not generated] Magnitude 5.48 of event bmg2025wuie is smaller than triggerMinMagnitude: no automatic simulation
2025/11/21 11:45:33.685971 [Incident:Info:toast@toast-new:Origin updated] Origin updated: OT: 2025-11-21 04:38:26,  Lat/Lon: 23.9154°/90.7854°, Depth: 10
2025/11/21 11:45:33.686132 [Incident:Info:toast@toast-new:Magnitude updated] Magnitude updated: 5.52 (M)
2025/11/21 11:45:33.686166 [Simulation:Info:toast@toast-new:Simulation not generated] Magnitude 5.52 of event bmg2025wuie is smaller than triggerMinMagnitude: no automatic simulation
2025/11/21 11:45:42.231743 [Incident:Info:toast@toast-new:Origin updated] Origin updated: OT: 2025-11-21 04:38:27,  Lat/Lon: 23.8324°/90.6581°, Depth: 10
2025/11/21 11:45:42.231918 [Incident:Info:toast@toast-new:Magnitude updated] Magnitude updated: 5.52 (M)
2025/11/21 11:45:42.231948 [Simulation:Info:toast@toast-new:Simulation not generated] Magnitude 5.52 of event bmg2025wuie is smaller than triggerMinMagnitude: no automatic simulation
2025/11/21 11:45:48.706072 [Incident:Info:toast@toast-new:Origin updated] Origin updated: OT: 2025-11-21 04:38:27,  Lat/Lon: 23.8324°/90.6581°, Depth: 10
2025/11/21 11:45:48.706215 [Incident:Info:toast@toast-new:Magnitude updated] Magnitude updated: 5.53 (M)
2025/11/21 11:45:48.706246 [Simulation:Info:toast@toast-new:Simulation not generated] Magnitude 5.53 of event bmg2025wuie is smaller than triggerMinMagnitude: no automatic simulation
2025/11/21 11:45:53.689169 [Incident:Info:toast@toast-new:Origin updated] Origin updated: OT: 2025-11-21 04:38:27,  Lat/Lon: 23.8324°/90.6581°, Depth: 10
2025/11/21 11:45:53.689339 [Incident:Info:toast@toast-new:Magnitude updated] Magnitude updated: 5.55 (Mw(mB))
2025/11/21 11:45:53.689373 [Simulation:Info:toast@toast-new:Simulation not generated] Magnitude 5.55 of event bmg2025wuie is smaller than triggerMinMagnitude: no automatic simulation
2025/11/21 11:45:58.686787 [Incident:Info:toast@toast-new:Origin updated] Origin updated: OT: 2025-11-21 04:38:27,  Lat/Lon: 23.8324°/90.6581°, Depth: 10
2025/11/21 11:45:58.687034 [Incident:Info:toast@toast-new:Magnitude updated] Magnitude updated: 5.55 (Mw(mB))
2025/11/21 11:45:58.687096 [Simulation:Info:toast@toast-new:Simulation not generated] Magnitude 5.55 of event bmg2025wuie is smaller than triggerMinMagnitude: no automatic simulation
2025/11/21 11:46:03.682295 [Incident:Info:toast@toast-new:Origin updated] Origin updated: OT: 2025-11-21 04:38:27,  Lat/Lon: 23.8324°/90.6581°, Depth: 10
2025/11/21 11:46:03.682422 [Incident:Info:toast@toast-new:Magnitude updated] Magnitude updated: 5.54 (Mw(mB))
2025/11/21 11:46:03.682453 [Simulation:Info:toast@toast-new:Simulation not generated] Magnitude 5.54 of event bmg2025wuie is smaller than triggerMinMagnitude: no automatic simulation
2025/11/21 11:46:13.678878 [Incident:Info:toast@toast-new:Origin updated] Origin updated: OT: 2025-11-21 04:38:27,  Lat/Lon: 23.8324°/90.6581°, Depth: 10
2025/11/21 11:46:13.679064 [Incident:Info:toast@toast-new:Magnitude updated] Magnitude updated: 5.52 (Mw(mB))
2025/11/21 11:46:13.679098 [Simulation:Info:toast@toast-new:Simulation not generated] Magnitude 5.52 of event bmg2025wuie is smaller than triggerMinMagnitude: no automatic simulation
2025/11/21 11:46:15.536765 [Incident:Info:toast@toast-new:Origin updated] Origin updated: OT: 2025-11-21 04:38:27,  Lat/Lon: 23.7945°/90.6081°, Depth: 10
2025/11/21 11:46:15.536953 [Incident:Info:toast@toast-new:Magnitude updated] Magnitude updated: 5.53 (Mw(mB))
2025/11/21 11:46:15.536988 [Simulation:Info:toast@toast-new:Simulation not generated] Magnitude 5.53 of event bmg2025wuie is smaller than triggerMinMagnitude: no automatic simulation
2025/11/21 11:46:18.716077 [Incident:Info:toast@toast-new:Origin updated] Origin updated: OT: 2025-11-21 04:38:27,  Lat/Lon: 23.7945°/90.6081°, Depth: 10
2025/11/21 11:46:18.716234 [Incident:Info:toast@toast-new:Magnitude updated] Magnitude updated: 5.55 (Mw(mB))
2025/11/21 11:46:18.716266 [Simulation:Info:toast@toast-new:Simulation not generated] Magnitude 5.55 of event bmg2025wuie is smaller than triggerMinMagnitude: no automatic simulation
2025/11/21 11:46:23.732981 [Incident:Info:toast@toast-new:Origin updated] Origin updated: OT: 2025-11-21 04:38:27,  Lat/Lon: 23.7945°/90.6081°, Depth: 10
2025/11/21 11:46:23.733151 [Incident:Info:toast@toast-new:Magnitude updated] Magnitude updated: 5.55 (Mw(mB))
2025/11/21 11:46:23.733182 [Simulation:Info:toast@toast-new:Simulation not generated] Magnitude 5.55 of event bmg2025wuie is smaller than triggerMinMagnitude: no automatic simulation
2025/11/21 11:46:27.011704 [Incident:Info:toast@toast-new:Origin updated] Origin updated: OT: 2025-11-21 04:38:27,  Lat/Lon: 23.7744°/90.5833°, Depth: 10
2025/11/21 11:46:27.011890 [Incident:Info:toast@toast-new:Magnitude updated] Magnitude updated: 5.55 (Mw(mB))
2025/11/21 11:46:27.011927 [Simulation:Info:toast@toast-new:Simulation not generated] Magnitude 5.55 of event bmg2025wuie is smaller than triggerMinMagnitude: no automatic simulation
2025/11/21 11:46:28.718438 [Incident:Info:toast@toast-new:Origin updated] Origin updated: OT: 2025-11-21 04:38:27,  Lat/Lon: 23.7744°/90.5833°, Depth: 10
2025/11/21 11:46:28.718621 [Incident:Info:toast@toast-new:Magnitude updated] Magnitude updated: 5.55 (Mw(mB))
2025/11/21 11:46:28.718656 [Simulation:Info:toast@toast-new:Simulation not generated] Magnitude 5.55 of event bmg2025wuie is smaller than triggerMinMagnitude: no automatic simulation
2025/11/21 11:46:33.730514 [Incident:Info:toast@toast-new:Origin updated] Origin updated: OT: 2025-11-21 04:38:27,  Lat/Lon: 23.7744°/90.5833°, Depth: 10
2025/11/21 11:46:33.730675 [Incident:Info:toast@toast-new:Magnitude updated] Magnitude updated: 5.59 (Mw(mB))
2025/11/21 11:46:33.730720 [Simulation:Info:toast@toast-new:Simulation not generated] Magnitude 5.59 of event bmg2025wuie is smaller than triggerMinMagnitude: no automatic simulation
2025/11/21 11:46:37.659919 [Incident:Info:toast@toast-new:Origin updated] Origin updated: OT: 2025-11-21 04:38:27,  Lat/Lon: 23.7682°/90.5741°, Depth: 10
2025/11/21 11:46:37.660101 [Incident:Info:toast@toast-new:Magnitude updated] Magnitude updated: 5.60 (Mw(mB))
2025/11/21 11:46:37.660137 [Simulation:Info:toast@toast-new:Simulation not generated] Magnitude 5.60 of event bmg2025wuie is smaller than triggerMinMagnitude: no automatic simulation
2025/11/21 11:46:43.780004 [Incident:Info:toast@toast-new:Origin updated] Origin updated: OT: 2025-11-21 04:38:27,  Lat/Lon: 23.7682°/90.5741°, Depth: 10
2025/11/21 11:46:43.780194 [Incident:Info:toast@toast-new:Magnitude updated] Magnitude updated: 5.63 (Mw(mB))
2025/11/21 11:46:43.780237 [Simulation:Info:toast@toast-new:Simulation not generated] Magnitude 5.63 of event bmg2025wuie is smaller than triggerMinMagnitude: no automatic simulation
2025/11/21 11:46:48.783636 [Incident:Info:toast@toast-new:Origin updated] Origin updated: OT: 2025-11-21 04:38:27,  Lat/Lon: 23.7682°/90.5741°, Depth: 10
2025/11/21 11:46:48.783816 [Incident:Info:toast@toast-new:Magnitude updated] Magnitude updated: 5.65 (Mw(mB))
2025/11/21 11:46:48.783867 [Simulation:Info:toast@toast-new:Simulation not generated] Magnitude 5.65 of event bmg2025wuie is smaller than triggerMinMagnitude: no automatic simulation
2025/11/21 11:46:53.768601 [Incident:Info:toast@toast-new:Origin updated] Origin updated: OT: 2025-11-21 04:38:27,  Lat/Lon: 23.7682°/90.5741°, Depth: 10
2025/11/21 11:46:53.768814 [Incident:Info:toast@toast-new:Magnitude updated] Magnitude updated: 5.68 (Mw(mB))
2025/11/21 11:46:53.768863 [Simulation:Info:toast@toast-new:Simulation not generated] Magnitude 5.68 of event bmg2025wuie is smaller than triggerMinMagnitude: no automatic simulation
2025/11/21 11:46:58.309978 [Incident:Info:toast@toast-new:Origin updated] Origin updated: OT: 2025-11-21 04:38:27,  Lat/Lon: 23.7818°/90.5857°, Depth: 10
2025/11/21 11:46:58.310151 [Incident:Info:toast@toast-new:Magnitude updated] Magnitude updated: 5.69 (Mw(mB))
2025/11/21 11:46:58.310183 [Simulation:Info:toast@toast-new:Simulation not generated] Magnitude 5.69 of event bmg2025wuie is smaller than triggerMinMagnitude: no automatic simulation
2025/11/21 11:46:58.741364 [Incident:Info:toast@toast-new:Origin updated] Origin updated: OT: 2025-11-21 04:38:27,  Lat/Lon: 23.7818°/90.5857°, Depth: 10
2025/11/21 11:46:58.741530 [Incident:Info:toast@toast-new:Magnitude updated] Magnitude updated: 5.69 (Mw(mB))
2025/11/21 11:46:58.741564 [Simulation:Info:toast@toast-new:Simulation not generated] Magnitude 5.69 of event bmg2025wuie is smaller than triggerMinMagnitude: no automatic simulation
2025/11/21 11:47:03.774951 [Incident:Info:toast@toast-new:Origin updated] Origin updated: OT: 2025-11-21 04:38:27,  Lat/Lon: 23.7818°/90.5857°, Depth: 10
2025/11/21 11:47:03.775138 [Incident:Info:toast@toast-new:Magnitude updated] Magnitude updated: 5.69 (Mw(mB))
2025/11/21 11:47:03.775175 [Simulation:Info:toast@toast-new:Simulation not generated] Magnitude 5.69 of event bmg2025wuie is smaller than triggerMinMagnitude: no automatic simulation
2025/11/21 11:47:08.811770 [Incident:Info:toast@toast-new:Origin updated] Origin updated: OT: 2025-11-21 04:38:27,  Lat/Lon: 23.7818°/90.5857°, Depth: 10
2025/11/21 11:47:08.811931 [Incident:Info:toast@toast-new:Magnitude updated] Magnitude updated: 5.72 (Mw(mB))
2025/11/21 11:47:08.811963 [Simulation:Info:toast@toast-new:Simulation not generated] Magnitude 5.72 of event bmg2025wuie is smaller than triggerMinMagnitude: no automatic simulation
2025/11/21 11:47:13.814675 [Incident:Info:toast@toast-new:Origin updated] Origin updated: OT: 2025-11-21 04:38:27,  Lat/Lon: 23.7818°/90.5857°, Depth: 10
2025/11/21 11:47:13.814809 [Incident:Info:toast@toast-new:Magnitude updated] Magnitude updated: 5.71 (Mw(mB))
2025/11/21 11:47:13.814840 [Simulation:Info:toast@toast-new:Simulation not generated] Magnitude 5.71 of event bmg2025wuie is smaller than triggerMinMagnitude: no automatic simulation
2025/11/21 11:47:17.790373 [Incident:Info:toast@toast-new:Origin updated] Origin updated: OT: 2025-11-21 04:38:27,  Lat/Lon: 23.7818°/90.5857°, Depth: 10
2025/11/21 11:47:17.790551 [Incident:Info:toast@toast-new:Magnitude updated] Magnitude updated: 5.70 (Mw(mB))
2025/11/21 11:47:17.790584 [Simulation:Info:toast@toast-new:Simulation not generated] Magnitude 5.70 of event bmg2025wuie is smaller than triggerMinMagnitude: no automatic simulation
2025/11/21 11:47:17.812002 [Incident:Info:toast@toast-new:Origin updated] Origin updated: OT: 2025-11-21 04:38:27,  Lat/Lon: 23.7912°/90.5914°, Depth: 10
2025/11/21 11:47:17.812132 [Incident:Info:toast@toast-new:Magnitude updated] Magnitude updated: 5.70 (Mw(mB))
2025/11/21 11:47:17.812157 [Simulation:Info:toast@toast-new:Simulation not generated] Magnitude 5.70 of event bmg2025wuie is smaller than triggerMinMagnitude: no automatic simulation
2025/11/21 11:47:18.759227 [Incident:Info:toast@toast-new:Origin updated] Origin updated: OT: 2025-11-21 04:38:27,  Lat/Lon: 23.7912°/90.5914°, Depth: 10
2025/11/21 11:47:18.759355 [Incident:Info:toast@toast-new:Magnitude updated] Magnitude updated: 5.70 (Mw(mB))
2025/11/21 11:47:18.759385 [Simulation:Info:toast@toast-new:Simulation not generated] Magnitude 5.70 of event bmg2025wuie is smaller than triggerMinMagnitude: no automatic simulation
2025/11/21 11:47:23.792967 [Incident:Info:toast@toast-new:Origin updated] Origin updated: OT: 2025-11-21 04:38:27,  Lat/Lon: 23.7912°/90.5914°, Depth: 10
2025/11/21 11:47:23.793185 [Incident:Info:toast@toast-new:Magnitude updated] Magnitude updated: 5.69 (Mw(mB))
2025/11/21 11:47:23.793231 [Simulation:Info:toast@toast-new:Simulation not generated] Magnitude 5.69 of event bmg2025wuie is smaller than triggerMinMagnitude: no automatic simulation
2025/11/21 11:47:28.801156 [Incident:Info:toast@toast-new:Origin updated] Origin updated: OT: 2025-11-21 04:38:27,  Lat/Lon: 23.7912°/90.5914°, Depth: 10
2025/11/21 11:47:28.801345 [Incident:Info:toast@toast-new:Magnitude updated] Magnitude updated: 5.68 (Mw(mB))
2025/11/21 11:47:28.801384 [Simulation:Info:toast@toast-new:Simulation not generated] Magnitude 5.68 of event bmg2025wuie is smaller than triggerMinMagnitude: no automatic simulation
2025/11/21 11:47:33.844726 [Incident:Info:toast@toast-new:Origin updated] Origin updated: OT: 2025-11-21 04:38:27,  Lat/Lon: 23.7912°/90.5914°, Depth: 10
2025/11/21 11:47:33.844918 [Incident:Info:toast@toast-new:Magnitude updated] Magnitude updated: 5.70 (Mw(mB))
2025/11/21 11:47:33.844949 [Simulation:Info:toast@toast-new:Simulation not generated] Magnitude 5.70 of event bmg2025wuie is smaller than triggerMinMagnitude: no automatic simulation
2025/11/21 11:47:38.780158 [Incident:Info:toast@toast-new:Origin updated] Origin updated: OT: 2025-11-21 04:38:27,  Lat/Lon: 23.7912°/90.5914°, Depth: 10
2025/11/21 11:47:38.780350 [Incident:Info:toast@toast-new:Magnitude updated] Magnitude updated: 5.69 (Mw(mB))
2025/11/21 11:47:38.780394 [Simulation:Info:toast@toast-new:Simulation not generated] Magnitude 5.69 of event bmg2025wuie is smaller than triggerMinMagnitude: no automatic simulation
2025/11/21 11:47:43.713989 [Incident:Info:toast@toast-new:Origin updated] Origin updated: OT: 2025-11-21 04:38:27,  Lat/Lon: 23.7912°/90.5914°, Depth: 10
2025/11/21 11:47:43.714228 [Incident:Info:toast@toast-new:Magnitude updated] Magnitude updated: 5.69 (Mw(mB))
2025/11/21 11:47:43.714294 [Simulation:Info:toast@toast-new:Simulation not generated] Magnitude 5.69 of event bmg2025wuie is smaller than triggerMinMagnitude: no automatic simulation
2025/11/21 11:47:48.731275 [Incident:Info:toast@toast-new:Origin updated] Origin updated: OT: 2025-11-21 04:38:27,  Lat/Lon: 23.7912°/90.5914°, Depth: 10
2025/11/21 11:47:48.731463 [Incident:Info:toast@toast-new:Magnitude updated] Magnitude updated: 5.70 (Mw(mB))
2025/11/21 11:47:48.731503 [Simulation:Info:toast@toast-new:Simulation not generated] Magnitude 5.70 of event bmg2025wuie is smaller than triggerMinMagnitude: no automatic simulation
2025/11/21 11:48:00.639469 [Incident:Info:toast@toast-new:Origin updated] Origin updated: OT: 2025-11-21 04:38:27,  Lat/Lon: 23.7993°/90.5968°, Depth: 10
2025/11/21 11:48:00.639655 [Incident:Info:toast@toast-new:Magnitude updated] Magnitude updated: 5.72 (Mw(mB))
2025/11/21 11:48:00.639689 [Simulation:Info:toast@toast-new:Simulation not generated] Magnitude 5.72 of event bmg2025wuie is smaller than triggerMinMagnitude: no automatic simulation
2025/11/21 11:48:03.839823 [Incident:Info:toast@toast-new:Origin updated] Origin updated: OT: 2025-11-21 04:38:27,  Lat/Lon: 23.7993°/90.5968°, Depth: 10
2025/11/21 11:48:03.839998 [Incident:Info:toast@toast-new:Magnitude updated] Magnitude updated: 5.73 (Mw(mB))
2025/11/21 11:48:03.840035 [Simulation:Info:toast@toast-new:Simulation not generated] Magnitude 5.73 of event bmg2025wuie is smaller than triggerMinMagnitude: no automatic simulation
2025/11/21 11:48:08.778988 [Incident:Info:toast@toast-new:Origin updated] Origin updated: OT: 2025-11-21 04:38:27,  Lat/Lon: 23.7993°/90.5968°, Depth: 10
2025/11/21 11:48:08.779206 [Incident:Info:toast@toast-new:Magnitude updated] Magnitude updated: 5.73 (Mw(mB))
2025/11/21 11:48:08.779248 [Simulation:Info:toast@toast-new:Simulation not generated] Magnitude 5.73 of event bmg2025wuie is smaller than triggerMinMagnitude: no automatic simulation
2025/11/21 11:48:13.762901 [Incident:Info:toast@toast-new:Origin updated] Origin updated: OT: 2025-11-21 04:38:27,  Lat/Lon: 23.7993°/90.5968°, Depth: 10
2025/11/21 11:48:13.763100 [Incident:Info:toast@toast-new:Magnitude updated] Magnitude updated: 5.73 (Mw(mB))
2025/11/21 11:48:13.763142 [Simulation:Info:toast@toast-new:Simulation not generated] Magnitude 5.73 of event bmg2025wuie is smaller than triggerMinMagnitude: no automatic simulation
2025/11/21 11:48:18.735436 [Incident:Info:toast@toast-new:Origin updated] Origin updated: OT: 2025-11-21 04:38:27,  Lat/Lon: 23.7993°/90.5968°, Depth: 10
2025/11/21 11:48:18.735583 [Incident:Info:toast@toast-new:Magnitude updated] Magnitude updated: 5.73 (Mw(mB))
2025/11/21 11:48:18.735616 [Simulation:Info:toast@toast-new:Simulation not generated] Magnitude 5.73 of event bmg2025wuie is smaller than triggerMinMagnitude: no automatic simulation
2025/11/21 11:48:23.734953 [Incident:Info:toast@toast-new:Origin updated] Origin updated: OT: 2025-11-21 04:38:27,  Lat/Lon: 23.7993°/90.5968°, Depth: 10
2025/11/21 11:48:23.735114 [Incident:Info:toast@toast-new:Magnitude updated] Magnitude updated: 5.73 (Mw(mB))
2025/11/21 11:48:23.735149 [Simulation:Info:toast@toast-new:Simulation not generated] Magnitude 5.73 of event bmg2025wuie is smaller than triggerMinMagnitude: no automatic simulation
2025/11/21 11:48:28.736203 [Incident:Info:toast@toast-new:Origin updated] Origin updated: OT: 2025-11-21 04:38:27,  Lat/Lon: 23.7993°/90.5968°, Depth: 10
2025/11/21 11:48:28.736398 [Incident:Info:toast@toast-new:Magnitude updated] Magnitude updated: 5.74 (Mw(mB))
2025/11/21 11:48:28.736440 [Simulation:Info:toast@toast-new:Simulation not generated] Magnitude 5.74 of event bmg2025wuie is smaller than triggerMinMagnitude: no automatic simulation
2025/11/21 11:48:43.736606 [Incident:Info:toast@toast-new:Origin updated] Origin updated: OT: 2025-11-21 04:38:27,  Lat/Lon: 23.7993°/90.5968°, Depth: 10
2025/11/21 11:48:43.736803 [Incident:Info:toast@toast-new:Magnitude updated] Magnitude updated: 5.74 (Mw(mB))
2025/11/21 11:48:43.736843 [Simulation:Info:toast@toast-new:Simulation not generated] Magnitude 5.74 of event bmg2025wuie is smaller than triggerMinMagnitude: no automatic simulation
2025/11/21 11:49:33.993238 [Incident:Info:toast@toast-new:Origin updated] Origin updated: OT: 2025-11-21 04:38:27,  Lat/Lon: 23.7982°/90.5871°, Depth: 10
2025/11/21 11:49:33.993424 [Incident:Info:toast@toast-new:Magnitude updated] Magnitude updated: 5.75 (Mw(mB))
2025/11/21 11:49:33.993477 [Simulation:Info:toast@toast-new:Simulation not generated] Magnitude 5.75 of event bmg2025wuie is smaller than triggerMinMagnitude: no automatic simulation
2025/11/21 11:49:48.743938 [Incident:Info:toast@toast-new:Origin updated] Origin updated: OT: 2025-11-21 04:38:27,  Lat/Lon: 23.7982°/90.5871°, Depth: 10
2025/11/21 11:49:48.744130 [Incident:Info:toast@toast-new:Magnitude updated] Magnitude updated: 5.75 (Mw(mB))
2025/11/21 11:49:48.744170 [Simulation:Info:toast@toast-new:Simulation not generated] Magnitude 5.75 of event bmg2025wuie is smaller than triggerMinMagnitude: no automatic simulation
2025/11/21 11:49:58.741952 [Incident:Info:toast@toast-new:Origin updated] Origin updated: OT: 2025-11-21 04:38:27,  Lat/Lon: 23.7982°/90.5871°, Depth: 10
2025/11/21 11:49:58.742140 [Incident:Info:toast@toast-new:Magnitude updated] Magnitude updated: 5.75 (Mw(mB))
2025/11/21 11:49:58.742179 [Simulation:Info:toast@toast-new:Simulation not generated] Magnitude 5.75 of event bmg2025wuie is smaller than triggerMinMagnitude: no automatic simulation
2025/11/21 11:50:26.678413 [Incident:Info:toast@toast-new:Origin updated] Origin updated: OT: 2025-11-21 04:38:27,  Lat/Lon: 23.7938°/90.5844°, Depth: 10
2025/11/21 11:50:26.678626 [Incident:Info:toast@toast-new:Magnitude updated] Magnitude updated: 5.75 (Mw(mB))
2025/11/21 11:50:26.678662 [Simulation:Info:toast@toast-new:Simulation not generated] Magnitude 5.75 of event bmg2025wuie is smaller than triggerMinMagnitude: no automatic simulation
2025/11/21 11:56:45.047977 [Incident:Info:toast@toast-new:Origin updated] Origin updated: OT: 2025-11-21 04:38:27,  Lat/Lon: 23.7938°/90.5844°, Depth: 10
2025/11/21 11:56:45.048163 [Incident:Info:toast@toast-new:FM updated] FM updated
2025/11/21 11:56:45.048403 [Simulation:Info:toast@toast-new:Simulation not generated] Magnitude 5.75 of event bmg2025wuie is smaller than triggerMinMagnitude: no automatic simulation
2025/11/21 11:56:55.435573 [Incident:Info:toast@toast-new:Origin updated] Origin updated: OT: 2025-11-21 04:38:27,  Lat/Lon: 23.7938°/90.5844°, Depth: 10
2025/11/21 11:56:55.435705 [Simulation:Info:toast@toast-new:Simulation not generated] Magnitude 5.75 of event bmg2025wuie is smaller than triggerMinMagnitude: no automatic simulation
2025/11/21 11:57:04.832358 [Incident:Info:toast@toast-new:Origin updated] Origin updated: OT: 2025-11-21 04:38:27,  Lat/Lon: 23.7938°/90.5844°, Depth: 10
2025/11/21 11:57:04.832557 [Simulation:Info:toast@toast-new:Simulation not generated] Magnitude 5.75 of event bmg2025wuie is smaller than triggerMinMagnitude: no automatic simulation
2025/11/21 11:57:16.529630 [Incident:Info:toast@toast-new:Origin updated] Origin updated: OT: 2025-11-21 04:38:27,  Lat/Lon: 23.7938°/90.5844°, Depth: 10
2025/11/21 11:57:16.529827 [Simulation:Info:toast@toast-new:Simulation not generated] Magnitude 5.75 of event bmg2025wuie is smaller than triggerMinMagnitude: no automatic simulation
2025/11/21 11:57:25.499507 [Incident:Info:toast@toast-new:Origin updated] Origin updated: OT: 2025-11-21 04:38:27,  Lat/Lon: 23.7938°/90.5844°, Depth: 10
2025/11/21 11:57:25.499709 [Simulation:Info:toast@toast-new:Simulation not generated] Magnitude 5.75 of event bmg2025wuie is smaller than triggerMinMagnitude: no automatic simulation
2025/11/21 11:57:35.016842 [Incident:Info:toast@toast-new:Origin updated] Origin updated: OT: 2025-11-21 04:38:27,  Lat/Lon: 23.7938°/90.5844°, Depth: 10
2025/11/21 11:57:35.017033 [Simulation:Info:toast@toast-new:Simulation not generated] Magnitude 5.75 of event bmg2025wuie is smaller than triggerMinMagnitude: no automatic simulation
2025/11/21 11:57:45.522351 [Incident:Info:toast@toast-new:Origin updated] Origin updated: OT: 2025-11-21 04:38:27,  Lat/Lon: 23.7938°/90.5844°, Depth: 10
2025/11/21 11:57:45.522500 [Simulation:Info:toast@toast-new:Simulation not generated] Magnitude 5.75 of event bmg2025wuie is smaller than triggerMinMagnitude: no automatic simulation
2025/11/21 11:57:55.775462 [Incident:Info:toast@toast-new:Origin updated] Origin updated: OT: 2025-11-21 04:38:27,  Lat/Lon: 23.7938°/90.5844°, Depth: 10
2025/11/21 11:57:55.775645 [Simulation:Info:toast@toast-new:Simulation not generated] Magnitude 5.75 of event bmg2025wuie is smaller than triggerMinMagnitude: no automatic simulation
2025/11/21 11:58:05.303151 [Incident:Info:toast@toast-new:Origin updated] Origin updated: OT: 2025-11-21 04:38:27,  Lat/Lon: 23.7938°/90.5844°, Depth: 10
2025/11/21 11:58:05.303349 [Simulation:Info:toast@toast-new:Simulation not generated] Magnitude 5.75 of event bmg2025wuie is smaller than triggerMinMagnitude: no automatic simulation
2025/11/21 11:58:15.968166 [Incident:Info:toast@toast-new:Origin updated] Origin updated: OT: 2025-11-21 04:38:27,  Lat/Lon: 23.7938°/90.5844°, Depth: 10
2025/11/21 11:58:15.968371 [Simulation:Info:toast@toast-new:Simulation not generated] Magnitude 5.75 of event bmg2025wuie is smaller than triggerMinMagnitude: no automatic simulation
2025/11/21 11:58:25.435790 [Incident:Info:toast@toast-new:Origin updated] Origin updated: OT: 2025-11-21 04:38:27,  Lat/Lon: 23.7938°/90.5844°, Depth: 10
2025/11/21 11:58:25.435992 [Simulation:Info:toast@toast-new:Simulation not generated] Magnitude 5.75 of event bmg2025wuie is smaller than triggerMinMagnitude: no automatic simulation
2025/11/21 11:58:36.184153 [Incident:Info:toast@toast-new:Origin updated] Origin updated: OT: 2025-11-21 04:38:27,  Lat/Lon: 23.7938°/90.5844°, Depth: 10
2025/11/21 11:58:36.184355 [Simulation:Info:toast@toast-new:Simulation not generated] Magnitude 5.75 of event bmg2025wuie is smaller than triggerMinMagnitude: no automatic simulation
2025/11/21 11:58:46.113505 [Incident:Info:toast@toast-new:Origin updated] Origin updated: OT: 2025-11-21 04:38:27,  Lat/Lon: 23.7938°/90.5844°, Depth: 10
2025/11/21 11:58:46.113693 [Simulation:Info:toast@toast-new:Simulation not generated] Magnitude 5.75 of event bmg2025wuie is smaller than triggerMinMagnitude: no automatic simulation
2025/11/21 11:58:56.305108 [Incident:Info:toast@toast-new:Origin updated] Origin updated: OT: 2025-11-21 04:38:27,  Lat/Lon: 23.7938°/90.5844°, Depth: 10
2025/11/21 11:58:56.305371 [Simulation:Info:toast@toast-new:Simulation not generated] Magnitude 5.75 of event bmg2025wuie is smaller than triggerMinMagnitude: no automatic simulation
2025/11/21 11:59:06.311564 [Incident:Info:toast@toast-new:Origin updated] Origin updated: OT: 2025-11-21 04:38:27,  Lat/Lon: 23.7938°/90.5844°, Depth: 10
2025/11/21 11:59:06.311751 [Simulation:Info:toast@toast-new:Simulation not generated] Magnitude 5.75 of event bmg2025wuie is smaller than triggerMinMagnitude: no automatic simulation
2025/11/21 11:59:15.943467 [Incident:Info:toast@toast-new:Origin updated] Origin updated: OT: 2025-11-21 04:38:27,  Lat/Lon: 23.7938°/90.5844°, Depth: 10
2025/11/21 11:59:15.943624 [Simulation:Info:toast@toast-new:Simulation not generated] Magnitude 5.75 of event bmg2025wuie is smaller than triggerMinMagnitude: no automatic simulation
2025/11/21 11:59:26.159797 [Incident:Info:toast@toast-new:Origin updated] Origin updated: OT: 2025-11-21 04:38:27,  Lat/Lon: 23.7938°/90.5844°, Depth: 10
2025/11/21 11:59:26.159991 [Simulation:Info:toast@toast-new:Simulation not generated] Magnitude 5.75 of event bmg2025wuie is smaller than triggerMinMagnitude: no automatic simulation
2025/11/21 11:59:35.880702 [Incident:Info:toast@toast-new:Origin updated] Origin updated: OT: 2025-11-21 04:38:27,  Lat/Lon: 23.7938°/90.5844°, Depth: 10
2025/11/21 11:59:35.880911 [Simulation:Info:toast@toast-new:Simulation not generated] Magnitude 5.75 of event bmg2025wuie is smaller than triggerMinMagnitude: no automatic simulation
2025/11/21 11:59:45.936567 [Incident:Info:toast@toast-new:Origin updated] Origin updated: OT: 2025-11-21 04:38:27,  Lat/Lon: 23.7938°/90.5844°, Depth: 10
2025/11/21 11:59:45.936825 [Simulation:Info:toast@toast-new:Simulation not generated] Magnitude 5.75 of event bmg2025wuie is smaller than triggerMinMagnitude: no automatic simulation
2025/11/21 11:59:56.376112 [Incident:Info:toast@toast-new:Origin updated] Origin updated: OT: 2025-11-21 04:38:27,  Lat/Lon: 23.7938°/90.5844°, Depth: 10
2025/11/21 11:59:56.376303 [Simulation:Info:toast@toast-new:Simulation not generated] Magnitude 5.75 of event bmg2025wuie is smaller than triggerMinMagnitude: no automatic simulation
2025/11/21 12:00:15.743966 [Incident:Info:toast@toast-new:Origin updated] Origin updated: OT: 2025-11-21 04:38:27,  Lat/Lon: 23.7938°/90.5844°, Depth: 10
2025/11/21 12:00:15.744157 [Simulation:Info:toast@toast-new:Simulation not generated] Magnitude 5.75 of event bmg2025wuie is smaller than triggerMinMagnitude: no automatic simulation
2025/11/21 12:00:26.484042 [Incident:Info:toast@toast-new:Origin updated] Origin updated: OT: 2025-11-21 04:38:27,  Lat/Lon: 23.7938°/90.5844°, Depth: 10
2025/11/21 12:00:26.484230 [Simulation:Info:toast@toast-new:Simulation not generated] Magnitude 5.75 of event bmg2025wuie is smaller than triggerMinMagnitude: no automatic simulation
2025/11/21 12:00:35.946405 [Incident:Info:toast@toast-new:Origin updated] Origin updated: OT: 2025-11-21 04:38:27,  Lat/Lon: 23.7938°/90.5844°, Depth: 10
2025/11/21 12:00:35.946600 [Simulation:Info:toast@toast-new:Simulation not generated] Magnitude 5.75 of event bmg2025wuie is smaller than triggerMinMagnitude: no automatic simulation
2025/11/21 12:00:46.645387 [Incident:Info:toast@toast-new:Origin updated] Origin updated: OT: 2025-11-21 04:38:27,  Lat/Lon: 23.7938°/90.5844°, Depth: 10
2025/11/21 12:00:46.645573 [Simulation:Info:toast@toast-new:Simulation not generated] Magnitude 5.75 of event bmg2025wuie is smaller than triggerMinMagnitude: no automatic simulation
2025/11/21 12:00:56.297114 [Incident:Info:toast@toast-new:Origin updated] Origin updated: OT: 2025-11-21 04:38:27,  Lat/Lon: 23.7938°/90.5844°, Depth: 10
2025/11/21 12:00:56.297302 [Simulation:Info:toast@toast-new:Simulation not generated] Magnitude 5.75 of event bmg2025wuie is smaller than triggerMinMagnitude: no automatic simulation
2025/11/21 12:01:16.181206 [Incident:Info:toast@toast-new:Origin updated] Origin updated: OT: 2025-11-21 04:38:27,  Lat/Lon: 23.7938°/90.5844°, Depth: 10
2025/11/21 12:01:16.181404 [Simulation:Info:toast@toast-new:Simulation not generated] Magnitude 5.75 of event bmg2025wuie is smaller than triggerMinMagnitude: no automatic simulation
2025/11/21 12:01:26.432538 [Incident:Info:toast@toast-new:Origin updated] Origin updated: OT: 2025-11-21 04:38:27,  Lat/Lon: 23.7938°/90.5844°, Depth: 10
2025/11/21 12:01:26.432745 [Simulation:Info:toast@toast-new:Simulation not generated] Magnitude 5.75 of event bmg2025wuie is smaller than triggerMinMagnitude: no automatic simulation
2025/11/21 12:01:36.139525 [Incident:Info:toast@toast-new:Origin updated] Origin updated: OT: 2025-11-21 04:38:27,  Lat/Lon: 23.7938°/90.5844°, Depth: 10
2025/11/21 12:01:36.139703 [Simulation:Info:toast@toast-new:Simulation not generated] Magnitude 5.75 of event bmg2025wuie is smaller than triggerMinMagnitude: no automatic simulation
2025/11/21 12:01:46.123106 [Incident:Info:toast@toast-new:Origin updated] Origin updated: OT: 2025-11-21 04:38:27,  Lat/Lon: 23.7938°/90.5844°, Depth: 10
2025/11/21 12:01:46.123277 [Simulation:Info:toast@toast-new:Simulation not generated] Magnitude 5.75 of event bmg2025wuie is smaller than triggerMinMagnitude: no automatic simulation
2025/11/21 12:01:56.643800 [Incident:Info:toast@toast-new:Origin updated] Origin updated: OT: 2025-11-21 04:38:27,  Lat/Lon: 23.7938°/90.5844°, Depth: 10
2025/11/21 12:01:56.643997 [Simulation:Info:toast@toast-new:Simulation not generated] Magnitude 5.75 of event bmg2025wuie is smaller than triggerMinMagnitude: no automatic simulation
2025/11/21 12:02:06.363460 [Incident:Info:toast@toast-new:Origin updated] Origin updated: OT: 2025-11-21 04:38:27,  Lat/Lon: 23.7938°/90.5844°, Depth: 10
2025/11/21 12:02:06.363651 [Simulation:Info:toast@toast-new:Simulation not generated] Magnitude 5.75 of event bmg2025wuie is smaller than triggerMinMagnitude: no automatic simulation
2025/11/21 12:02:16.496073 [Incident:Info:toast@toast-new:Origin updated] Origin updated: OT: 2025-11-21 04:38:27,  Lat/Lon: 23.7938°/90.5844°, Depth: 10
2025/11/21 12:02:16.496227 [Incident:Info:toast@toast-new:FM updated] FM updated
2025/11/21 12:02:16.496444 [Simulation:Info:toast@toast-new:Simulation not generated] Magnitude 5.75 of event bmg2025wuie is smaller than triggerMinMagnitude: no automatic simulation
2025/11/21 12:02:26.308957 [Incident:Info:toast@toast-new:Origin updated] Origin updated: OT: 2025-11-21 04:38:27,  Lat/Lon: 23.7938°/90.5844°, Depth: 10
2025/11/21 12:02:26.309149 [Simulation:Info:toast@toast-new:Simulation not generated] Magnitude 5.75 of event bmg2025wuie is smaller than triggerMinMagnitude: no automatic simulation
2025/11/21 12:02:36.422474 [Incident:Info:toast@toast-new:Origin updated] Origin updated: OT: 2025-11-21 04:38:27,  Lat/Lon: 23.7938°/90.5844°, Depth: 10
2025/11/21 12:02:36.422652 [Simulation:Info:toast@toast-new:Simulation not generated] Magnitude 5.75 of event bmg2025wuie is smaller than triggerMinMagnitude: no automatic simulation
2025/11/21 12:02:46.656336 [Incident:Info:toast@toast-new:Origin updated] Origin updated: OT: 2025-11-21 04:38:27,  Lat/Lon: 23.7938°/90.5844°, Depth: 10
2025/11/21 12:02:46.656541 [Simulation:Info:toast@toast-new:Simulation not generated] Magnitude 5.75 of event bmg2025wuie is smaller than triggerMinMagnitude: no automatic simulation
2025/11/21 12:12:34.035941 [Incident:Info:toast@toast-new:Origin updated] Origin updated: OT: 2025-11-21 04:38:27,  Lat/Lon: 23.7938°/90.5844°, Depth: 10
2025/11/21 12:12:34.036114 [Incident:Info:toast@toast-new:FM updated] FM updated
2025/11/21 12:12:34.036351 [Simulation:Info:toast@toast-new:Simulation not generated] Magnitude 5.75 of event bmg2025wuie is smaller than triggerMinMagnitude: no automatic simulation
2025/11/21 12:14:15.457657 [Incident:Info:toast@toast-new:Origin updated] Origin updated: OT: 2025-11-21 04:38:27,  Lat/Lon: 23.7938°/90.5844°, Depth: 10
2025/11/21 12:14:15.457806 [Incident:Info:toast@toast-new:FM updated] FM updated
2025/11/21 12:14:15.458072 [Simulation:Info:toast@toast-new:Simulation not generated] Magnitude 5.75 of event bmg2025wuie is smaller than triggerMinMagnitude: no automatic simulation
2025/11/21 12:14:25.447192 [Incident:Info:toast@toast-new:Origin updated] Origin updated: OT: 2025-11-21 04:38:27,  Lat/Lon: 23.7938°/90.5844°, Depth: 10
2025/11/21 12:14:25.447384 [Simulation:Info:toast@toast-new:Simulation not generated] Magnitude 5.75 of event bmg2025wuie is smaller than triggerMinMagnitude: no automatic simulation
2025/11/21 12:14:35.162456 [Incident:Info:toast@toast-new:Origin updated] Origin updated: OT: 2025-11-21 04:38:27,  Lat/Lon: 23.7938°/90.5844°, Depth: 10
2025/11/21 12:14:35.162668 [Simulation:Info:toast@toast-new:Simulation not generated] Magnitude 5.75 of event bmg2025wuie is smaller than triggerMinMagnitude: no automatic simulation
2025/11/21 12:14:46.536698 [Incident:Info:toast@toast-new:Origin updated] Origin updated: OT: 2025-11-21 04:38:27,  Lat/Lon: 23.7938°/90.5844°, Depth: 10
2025/11/21 12:14:46.536905 [Simulation:Info:toast@toast-new:Simulation not generated] Magnitude 5.75 of event bmg2025wuie is smaller than triggerMinMagnitude: no automatic simulation
2025/11/21 12:14:56.352040 [Incident:Info:toast@toast-new:Origin updated] Origin updated: OT: 2025-11-21 04:38:27,  Lat/Lon: 23.7938°/90.5844°, Depth: 10
2025/11/21 12:14:56.352189 [Incident:Info:toast@toast-new:FM updated] FM updated
2025/11/21 12:14:56.352414 [Simulation:Info:toast@toast-new:Simulation not generated] Magnitude 5.75 of event bmg2025wuie is smaller than triggerMinMagnitude: no automatic simulation
2025/11/21 12:15:06.259076 [Incident:Info:toast@toast-new:Origin updated] Origin updated: OT: 2025-11-21 04:38:27,  Lat/Lon: 23.7938°/90.5844°, Depth: 10
2025/11/21 12:15:06.259316 [Incident:Info:toast@toast-new:FM updated] FM updated
2025/11/21 12:15:06.259768 [Simulation:Info:toast@toast-new:Simulation not generated] Magnitude 5.75 of event bmg2025wuie is smaller than triggerMinMagnitude: no automatic simulation
2025/11/21 12:15:16.138531 [Incident:Info:toast@toast-new:Origin updated] Origin updated: OT: 2025-11-21 04:38:27,  Lat/Lon: 23.7938°/90.5844°, Depth: 10
2025/11/21 12:15:16.138724 [Simulation:Info:toast@toast-new:Simulation not generated] Magnitude 5.75 of event bmg2025wuie is smaller than triggerMinMagnitude: no automatic simulation
2025/11/21 12:15:26.614592 [Incident:Info:toast@toast-new:Origin updated] Origin updated: OT: 2025-11-21 04:38:27,  Lat/Lon: 23.7938°/90.5844°, Depth: 10
2025/11/21 12:15:26.614764 [Incident:Info:toast@toast-new:FM updated] FM updated
2025/11/21 12:15:26.615058 [Simulation:Info:toast@toast-new:Simulation not generated] Magnitude 5.75 of event bmg2025wuie is smaller than triggerMinMagnitude: no automatic simulation
2025/11/21 12:15:36.418192 [Incident:Info:toast@toast-new:Origin updated] Origin updated: OT: 2025-11-21 04:38:27,  Lat/Lon: 23.7938°/90.5844°, Depth: 10
2025/11/21 12:15:36.418394 [Simulation:Info:toast@toast-new:Simulation not generated] Magnitude 5.75 of event bmg2025wuie is smaller than triggerMinMagnitude: no automatic simulation
2025/11/21 12:15:46.694058 [Incident:Info:toast@toast-new:Origin updated] Origin updated: OT: 2025-11-21 04:38:27,  Lat/Lon: 23.7938°/90.5844°, Depth: 10
2025/11/21 12:15:46.694259 [Simulation:Info:toast@toast-new:Simulation not generated] Magnitude 5.75 of event bmg2025wuie is smaller than triggerMinMagnitude: no automatic simulation
2025/11/21 12:15:57.233921 [Incident:Info:toast@toast-new:Origin updated] Origin updated: OT: 2025-11-21 04:38:27,  Lat/Lon: 23.7938°/90.5844°, Depth: 10
2025/11/21 12:15:57.234101 [Simulation:Info:toast@toast-new:Simulation not generated] Magnitude 5.75 of event bmg2025wuie is smaller than triggerMinMagnitude: no automatic simulation
2025/11/21 12:16:07.076101 [Incident:Info:toast@toast-new:Origin updated] Origin updated: OT: 2025-11-21 04:38:27,  Lat/Lon: 23.7938°/90.5844°, Depth: 10
2025/11/21 12:16:07.076296 [Simulation:Info:toast@toast-new:Simulation not generated] Magnitude 5.75 of event bmg2025wuie is smaller than triggerMinMagnitude: no automatic simulation
2025/11/21 12:16:27.537288 [Incident:Info:toast@toast-new:Origin updated] Origin updated: OT: 2025-11-21 04:38:27,  Lat/Lon: 23.7938°/90.5844°, Depth: 10
2025/11/21 12:16:27.537480 [Incident:Info:toast@toast-new:FM updated] FM updated
2025/11/21 12:16:27.537734 [Simulation:Info:toast@toast-new:Simulation not generated] Magnitude 5.75 of event bmg2025wuie is smaller than triggerMinMagnitude: no automatic simulation
2025/11/21 12:16:37.578033 [Incident:Info:toast@toast-new:Origin updated] Origin updated: OT: 2025-11-21 04:38:27,  Lat/Lon: 23.7938°/90.5844°, Depth: 10
2025/11/21 12:16:37.578195 [Simulation:Info:toast@toast-new:Simulation not generated] Magnitude 5.75 of event bmg2025wuie is smaller than triggerMinMagnitude: no automatic simulation
2025/11/21 12:16:57.602512 [Incident:Info:toast@toast-new:Origin updated] Origin updated: OT: 2025-11-21 04:38:27,  Lat/Lon: 23.7938°/90.5844°, Depth: 10
2025/11/21 12:16:57.602717 [Simulation:Info:toast@toast-new:Simulation not generated] Magnitude 5.75 of event bmg2025wuie is smaller than triggerMinMagnitude: no automatic simulation
2025/11/21 12:17:07.535301 [Incident:Info:toast@toast-new:Origin updated] Origin updated: OT: 2025-11-21 04:38:27,  Lat/Lon: 23.7938°/90.5844°, Depth: 10
2025/11/21 12:17:07.535490 [Simulation:Info:toast@toast-new:Simulation not generated] Magnitude 5.75 of event bmg2025wuie is smaller than triggerMinMagnitude: no automatic simulation
2025/11/21 12:17:27.815441 [Incident:Info:toast@toast-new:Origin updated] Origin updated: OT: 2025-11-21 04:38:27,  Lat/Lon: 23.7938°/90.5844°, Depth: 10
2025/11/21 12:17:27.815620 [Simulation:Info:toast@toast-new:Simulation not generated] Magnitude 5.75 of event bmg2025wuie is smaller than triggerMinMagnitude: no automatic simulation
2025/11/21 12:17:37.968829 [Incident:Info:toast@toast-new:Origin updated] Origin updated: OT: 2025-11-21 04:38:27,  Lat/Lon: 23.7938°/90.5844°, Depth: 10
2025/11/21 12:17:37.969020 [Simulation:Info:toast@toast-new:Simulation not generated] Magnitude 5.75 of event bmg2025wuie is smaller than triggerMinMagnitude: no automatic simulation
2025/11/21 12:17:48.744239 [Incident:Info:toast@toast-new:Origin updated] Origin updated: OT: 2025-11-21 04:38:27,  Lat/Lon: 23.7938°/90.5844°, Depth: 10
2025/11/21 12:17:48.744435 [Simulation:Info:toast@toast-new:Simulation not generated] Magnitude 5.75 of event bmg2025wuie is smaller than triggerMinMagnitude: no automatic simulation
2025/11/21 12:18:09.120606 [Incident:Info:toast@toast-new:Origin updated] Origin updated: OT: 2025-11-21 04:38:27,  Lat/Lon: 23.7938°/90.5844°, Depth: 10
2025/11/21 12:18:09.120789 [Simulation:Info:toast@toast-new:Simulation not generated] Magnitude 5.75 of event bmg2025wuie is smaller than triggerMinMagnitude: no automatic simulation
2025/11/21 12:18:28.809313 [Incident:Info:toast@toast-new:Origin updated] Origin updated: OT: 2025-11-21 04:38:27,  Lat/Lon: 23.7938°/90.5844°, Depth: 10
2025/11/21 12:18:28.809506 [Simulation:Info:toast@toast-new:Simulation not generated] Magnitude 5.75 of event bmg2025wuie is smaller than triggerMinMagnitude: no automatic simulation
2025/11/21 12:18:49.767468 [Incident:Info:toast@toast-new:Origin updated] Origin updated: OT: 2025-11-21 04:38:27,  Lat/Lon: 23.7938°/90.5844°, Depth: 10
2025/11/21 12:18:49.767669 [Simulation:Info:toast@toast-new:Simulation not generated] Magnitude 5.75 of event bmg2025wuie is smaller than triggerMinMagnitude: no automatic simulation
2025/11/21 12:19:09.232216 [Incident:Info:toast@toast-new:Origin updated] Origin updated: OT: 2025-11-21 04:38:27,  Lat/Lon: 23.7938°/90.5844°, Depth: 10
2025/11/21 12:19:09.232400 [Simulation:Info:toast@toast-new:Simulation not generated] Magnitude 5.75 of event bmg2025wuie is smaller than triggerMinMagnitude: no automatic simulation
2025/11/21 12:19:29.438467 [Incident:Info:toast@toast-new:Origin updated] Origin updated: OT: 2025-11-21 04:38:27,  Lat/Lon: 23.7938°/90.5844°, Depth: 10
2025/11/21 12:19:29.438663 [Simulation:Info:toast@toast-new:Simulation not generated] Magnitude 5.75 of event bmg2025wuie is smaller than triggerMinMagnitude: no automatic simulation
2025/11/21 12:19:49.389554 [Incident:Info:toast@toast-new:Origin updated] Origin updated: OT: 2025-11-21 04:38:27,  Lat/Lon: 23.7938°/90.5844°, Depth: 10
2025/11/21 12:19:49.389749 [Simulation:Info:toast@toast-new:Simulation not generated] Magnitude 5.75 of event bmg2025wuie is smaller than triggerMinMagnitude: no automatic simulation
2025/11/21 12:20:09.371995 [Incident:Info:toast@toast-new:Origin updated] Origin updated: OT: 2025-11-21 04:38:27,  Lat/Lon: 23.7938°/90.5844°, Depth: 10
2025/11/21 12:20:09.372183 [Simulation:Info:toast@toast-new:Simulation not generated] Magnitude 5.75 of event bmg2025wuie is smaller than triggerMinMagnitude: no automatic simulation
2025/11/21 12:20:29.668821 [Incident:Info:toast@toast-new:Origin updated] Origin updated: OT: 2025-11-21 04:38:27,  Lat/Lon: 23.7938°/90.5844°, Depth: 10
2025/11/21 12:20:29.669020 [Simulation:Info:toast@toast-new:Simulation not generated] Magnitude 5.75 of event bmg2025wuie is smaller than triggerMinMagnitude: no automatic simulation
2025/11/21 12:20:49.870047 [Incident:Info:toast@toast-new:Origin updated] Origin updated: OT: 2025-11-21 04:38:27,  Lat/Lon: 23.7938°/90.5844°, Depth: 10
2025/11/21 12:20:49.870275 [Simulation:Info:toast@toast-new:Simulation not generated] Magnitude 5.75 of event bmg2025wuie is smaller than triggerMinMagnitude: no automatic simulation
2025/11/21 12:21:10.229927 [Incident:Info:toast@toast-new:Origin updated] Origin updated: OT: 2025-11-21 04:38:27,  Lat/Lon: 23.7938°/90.5844°, Depth: 10
2025/11/21 12:21:10.230124 [Simulation:Info:toast@toast-new:Simulation not generated] Magnitude 5.75 of event bmg2025wuie is smaller than triggerMinMagnitude: no automatic simulation
2025/11/21 12:21:30.105869 [Incident:Info:toast@toast-new:Origin updated] Origin updated: OT: 2025-11-21 04:38:27,  Lat/Lon: 23.7938°/90.5844°, Depth: 10
2025/11/21 12:21:30.106032 [Simulation:Info:toast@toast-new:Simulation not generated] Magnitude 5.75 of event bmg2025wuie is smaller than triggerMinMagnitude: no automatic simulation
2025/11/21 12:21:50.270974 [Incident:Info:toast@toast-new:Origin updated] Origin updated: OT: 2025-11-21 04:38:27,  Lat/Lon: 23.7938°/90.5844°, Depth: 10
2025/11/21 12:21:50.271217 [Simulation:Info:toast@toast-new:Simulation not generated] Magnitude 5.75 of event bmg2025wuie is smaller than triggerMinMagnitude: no automatic simulation
2025/11/21 12:22:10.866134 [Incident:Info:toast@toast-new:Origin updated] Origin updated: OT: 2025-11-21 04:38:27,  Lat/Lon: 23.7938°/90.5844°, Depth: 10
2025/11/21 12:22:10.866324 [Simulation:Info:toast@toast-new:Simulation not generated] Magnitude 5.75 of event bmg2025wuie is smaller than triggerMinMagnitude: no automatic simulation
2025/11/21 12:22:30.320463 [Incident:Info:toast@toast-new:Origin updated] Origin updated: OT: 2025-11-21 04:38:27,  Lat/Lon: 23.7938°/90.5844°, Depth: 10
2025/11/21 12:22:30.320676 [Simulation:Info:toast@toast-new:Simulation not generated] Magnitude 5.75 of event bmg2025wuie is smaller than triggerMinMagnitude: no automatic simulation
2025/11/21 12:22:50.287744 [Incident:Info:toast@toast-new:Origin updated] Origin updated: OT: 2025-11-21 04:38:27,  Lat/Lon: 23.7938°/90.5844°, Depth: 10
2025/11/21 12:22:50.287938 [Simulation:Info:toast@toast-new:Simulation not generated] Magnitude 5.75 of event bmg2025wuie is smaller than triggerMinMagnitude: no automatic simulation
2025/11/21 12:23:10.653452 [Incident:Info:toast@toast-new:Origin updated] Origin updated: OT: 2025-11-21 04:38:27,  Lat/Lon: 23.7938°/90.5844°, Depth: 10
2025/11/21 12:23:10.653643 [Simulation:Info:toast@toast-new:Simulation not generated] Magnitude 5.75 of event bmg2025wuie is smaller than triggerMinMagnitude: no automatic simulation
2025/11/21 12:23:40.837207 [Incident:Info:toast@toast-new:Origin updated] Origin updated: OT: 2025-11-21 04:38:27,  Lat/Lon: 23.7938°/90.5844°, Depth: 10
2025/11/21 12:23:40.837395 [Simulation:Info:toast@toast-new:Simulation not generated] Magnitude 5.75 of event bmg2025wuie is smaller than triggerMinMagnitude: no automatic simulation
2025/11/21 12:43:40.918327 [Incident:Info:toast@toast-new:Origin updated] Origin updated: OT: 2025-11-21 04:38:27,  Lat/Lon: 23.7938°/90.5844°, Depth: 10
2025/11/21 12:43:40.918526 [Simulation:Info:toast@toast-new:Simulation not generated] Magnitude 5.75 of event bmg2025wuie is smaller than triggerMinMagnitude: no automatic simulation
2025/11/21 15:55:30.110698 [Incident:Info:toast@toast-new:Displacement(s) updated] Added 0 and changed 0 displacements with 0 amplitudes
2025/11/21 15:55:30.127723 [Incident:Info:toast@toast-new:Incident created] Incident created based on event received from messaging: OT: 2025-11-21 04:38:26,  Lat/Lon: 23.81°/90.56°, Depth: 10.00, Mag: 5.76 (Mw(mB))
2025/11/21 15:55:30.128389 [Simulation:Info:toast@toast-new:Simulation not generated] Magnitude 5.76 of event bmg2025wuie is smaller than triggerMinMagnitude: no automatic simulation
2025/11/21 15:55:30.145392 [Incident:Info:toast@toast-new:Origin updated] Origin updated: OT: 2025-11-21 04:38:26,  Lat/Lon: 23.8117°/90.5626°, Depth: 10
2025/11/21 15:55:30.145523 [Simulation:Info:toast@toast-new:Simulation not generated] Magnitude 5.76 of event bmg2025wuie is smaller than triggerMinMagnitude: no automatic simulation
2025/11/21 15:55:53.720146 [Incident:Info:toast@toast-new:Origin updated] Origin updated: OT: 2025-11-21 04:38:26,  Lat/Lon: 23.8117°/90.5626°, Depth: 10
2025/11/21 15:55:53.720431 [Incident:Info:toast@toast-new:Magnitude updated] Magnitude updated: 5.87 (mb)
2025/11/21 15:55:53.720532 [Simulation:Info:toast@toast-new:Simulation not generated] Magnitude 5.87 of event bmg2025wuie is smaller than triggerMinMagnitude: no automatic simulation
