2025/11/19 23:33:05.270897 [Incident:Info:toast@toast-new:Displacement(s) updated] Added 0 and changed 0 displacements with 0 amplitudes
2025/11/19 23:33:05.271648 [Incident:Info:toast@toast-new:Incident created] Incident created based on event received from messaging: OT: 2025-11-19 16:23:01,  Lat/Lon: -22.82°/171.27°, Depth: 10.00, Mag: 5.24 (M)
2025/11/19 23:33:05.272205 [Simulation:Info:toast@toast-new:Simulation not generated] Magnitude 5.24 of event bmg2025wroo is smaller than triggerMinMagnitude: no automatic simulation
2025/11/19 23:33:05.292683 [Incident:Info:toast@toast-new:Origin updated] Origin updated: OT: 2025-11-19 16:23:01,  Lat/Lon: -22.8234°/171.274°, Depth: 10
2025/11/19 23:33:05.292818 [Simulation:Info:toast@toast-new:Simulation not generated] Magnitude 5.24 of event bmg2025wroo is smaller than triggerMinMagnitude: no automatic simulation
2025/11/19 23:33:13.663193 [Incident:Info:toast@toast-new:Origin updated] Origin updated: OT: 2025-11-19 16:23:01,  Lat/Lon: -22.8234°/171.274°, Depth: 10
2025/11/19 23:33:13.663360 [Incident:Info:toast@toast-new:Magnitude updated] Magnitude updated: 5.26 (M)
2025/11/19 23:33:13.663406 [Simulation:Info:toast@toast-new:Simulation not generated] Magnitude 5.26 of event bmg2025wroo is smaller than triggerMinMagnitude: no automatic simulation
2025/11/19 23:33:21.942940 [Incident:Info:toast@toast-new:Origin updated] Origin updated: OT: 2025-11-19 16:23:01,  Lat/Lon: -22.8231°/171.274°, Depth: 10
2025/11/19 23:33:21.943131 [Incident:Info:toast@toast-new:Magnitude updated] Magnitude updated: 5.25 (M)
2025/11/19 23:33:21.943177 [Simulation:Info:toast@toast-new:Simulation not generated] Magnitude 5.25 of event bmg2025wroo is smaller than triggerMinMagnitude: no automatic simulation
2025/11/19 23:33:28.663706 [Incident:Info:toast@toast-new:Origin updated] Origin updated: OT: 2025-11-19 16:23:01,  Lat/Lon: -22.8231°/171.274°, Depth: 10
2025/11/19 23:33:28.663895 [Incident:Info:toast@toast-new:Magnitude updated] Magnitude updated: 5.29 (M)
2025/11/19 23:33:28.663929 [Simulation:Info:toast@toast-new:Simulation not generated] Magnitude 5.29 of event bmg2025wroo is smaller than triggerMinMagnitude: no automatic simulation
2025/11/19 23:33:56.649832 [Incident:Info:toast@toast-new:Origin updated] Origin updated: OT: 2025-11-19 16:23:01,  Lat/Lon: -22.8232°/171.274°, Depth: 10
2025/11/19 23:33:56.649987 [Incident:Info:toast@toast-new:Magnitude updated] Magnitude updated: 5.29 (M)
2025/11/19 23:33:56.650016 [Simulation:Info:toast@toast-new:Simulation not generated] Magnitude 5.29 of event bmg2025wroo is smaller than triggerMinMagnitude: no automatic simulation
2025/11/19 23:34:16.975752 [Incident:Info:toast@toast-new:Origin updated] Origin updated: OT: 2025-11-19 16:23:00,  Lat/Lon: -22.8366°/171.297°, Depth: 10
2025/11/19 23:34:16.976003 [Incident:Info:toast@toast-new:Magnitude updated] Magnitude updated: 5.29 (M)
2025/11/19 23:34:16.976058 [Simulation:Info:toast@toast-new:Simulation not generated] Magnitude 5.29 of event bmg2025wroo is smaller than triggerMinMagnitude: no automatic simulation
2025/11/19 23:34:36.996344 [Incident:Info:toast@toast-new:Origin updated] Origin updated: OT: 2025-11-19 16:23:00,  Lat/Lon: -22.8363°/171.297°, Depth: 10
2025/11/19 23:34:36.996556 [Incident:Info:toast@toast-new:Magnitude updated] Magnitude updated: 5.29 (M)
2025/11/19 23:34:36.996609 [Simulation:Info:toast@toast-new:Simulation not generated] Magnitude 5.29 of event bmg2025wroo is smaller than triggerMinMagnitude: no automatic simulation
2025/11/19 23:34:57.657455 [Incident:Info:toast@toast-new:Origin updated] Origin updated: OT: 2025-11-19 16:23:00,  Lat/Lon: -22.8366°/171.297°, Depth: 10
2025/11/19 23:34:57.657624 [Incident:Info:toast@toast-new:Magnitude updated] Magnitude updated: 5.29 (M)
2025/11/19 23:34:57.657652 [Simulation:Info:toast@toast-new:Simulation not generated] Magnitude 5.29 of event bmg2025wroo is smaller than triggerMinMagnitude: no automatic simulation
2025/11/19 23:35:16.993072 [Incident:Info:toast@toast-new:Origin updated] Origin updated: OT: 2025-11-19 16:23:00,  Lat/Lon: -22.8375°/171.302°, Depth: 10
2025/11/19 23:35:16.993252 [Incident:Info:toast@toast-new:Magnitude updated] Magnitude updated: 5.28 (M)
2025/11/19 23:35:16.993285 [Simulation:Info:toast@toast-new:Simulation not generated] Magnitude 5.28 of event bmg2025wroo is smaller than triggerMinMagnitude: no automatic simulation
2025/11/19 23:35:25.821635 [Incident:Info:toast@toast-new:Origin updated] Origin updated: OT: 2025-11-19 16:23:04,  Lat/Lon: -22.7661°/171.382°, Depth: 42.0397
2025/11/19 23:35:25.821840 [Incident:Info:toast@toast-new:Magnitude updated] Magnitude updated: 5.20 (mb)
2025/11/19 23:35:25.821887 [Simulation:Info:toast@toast-new:Simulation not generated] Magnitude 5.20 of event bmg2025wroo is smaller than triggerMinMagnitude: no automatic simulation
2025/11/19 23:35:25.840714 [Incident:Info:toast@toast-new:Origin updated] Origin updated: OT: 2025-11-19 16:23:04,  Lat/Lon: -22.7661°/171.382°, Depth: 42.0397
2025/11/19 23:35:25.840861 [Incident:Info:toast@toast-new:Magnitude updated] Magnitude updated: 5.34 (M)
2025/11/19 23:35:25.840909 [Simulation:Info:toast@toast-new:Simulation not generated] Magnitude 5.34 of event bmg2025wroo is smaller than triggerMinMagnitude: no automatic simulation
2025/11/20 02:36:50.699428 [Incident:Info:toast@toast-new:Origin updated] Origin updated: OT: 2025-11-19 16:23:04,  Lat/Lon: -22.7543°/171.348°, Depth: 40.1971
2025/11/20 02:36:50.699617 [Incident:Info:toast@toast-new:Magnitude updated] Magnitude updated: 5.25 (mb)
2025/11/20 02:36:50.699656 [Simulation:Info:toast@toast-new:Simulation not generated] Magnitude 5.25 of event bmg2025wroo is smaller than triggerMinMagnitude: no automatic simulation
2025/11/20 02:36:50.718793 [Incident:Info:toast@toast-new:Origin updated] Origin updated: OT: 2025-11-19 16:23:04,  Lat/Lon: -22.7543°/171.348°, Depth: 40.1971
2025/11/20 02:36:50.718924 [Incident:Info:toast@toast-new:Magnitude updated] Magnitude updated: 5.30 (M)
2025/11/20 02:36:50.718959 [Simulation:Info:toast@toast-new:Simulation not generated] Magnitude 5.30 of event bmg2025wroo is smaller than triggerMinMagnitude: no automatic simulation
2025/11/20 02:36:55.883183 [Incident:Info:toast@toast-new:Origin updated] Origin updated: OT: 2025-11-19 16:23:04,  Lat/Lon: -22.7543°/171.348°, Depth: 40.1971
2025/11/20 02:36:55.883369 [Incident:Info:toast@toast-new:Magnitude updated] Magnitude updated: 5.25 (mb)
2025/11/20 02:36:55.883431 [Simulation:Info:toast@toast-new:Simulation not generated] Magnitude 5.25 of event bmg2025wroo is smaller than triggerMinMagnitude: no automatic simulation
2025/11/21 02:45:57.338419 [Incident:Info:toast@toast-new:Incident removed] Removed incident - Bye
2025/11/22 06:41:15.732628 [Incident:Info:toast@toast-new:Displacement(s) updated] Added 0 and changed 0 displacements with 0 amplitudes
2025/11/22 06:41:15.751082 [Incident:Info:toast@toast-new:Incident created] Incident created based on event received from messaging: OT: 2025-11-19 16:22:59,  Lat/Lon: -22.82°/171.30°, Depth: 3.00, Mag: 5.20 (mb)
2025/11/22 06:41:15.751614 [Simulation:Info:toast@toast-new:Simulation not generated] Magnitude 5.20 of event bmg2025wroo is smaller than triggerMinMagnitude: no automatic simulation
2025/11/22 06:41:15.765980 [Incident:Info:toast@toast-new:Origin updated] Origin updated: OT: 2025-11-19 16:22:59,  Lat/Lon: -22.8243°/171.302°, Depth: 3
2025/11/22 06:41:15.766127 [Simulation:Info:toast@toast-new:Simulation not generated] Magnitude 5.20 of event bmg2025wroo is smaller than triggerMinMagnitude: no automatic simulation
2025/11/22 06:41:15.778906 [Incident:Info:toast@toast-new:Origin updated] Origin updated: OT: 2025-11-19 16:22:59,  Lat/Lon: -22.8243°/171.302°, Depth: 3
2025/11/22 06:41:15.779060 [Simulation:Info:toast@toast-new:Simulation not generated] Magnitude 5.20 of event bmg2025wroo is smaller than triggerMinMagnitude: no automatic simulation
