2025/11/12 10:27:45.578592 [Incident:Info:toast@toast-new:Displacement(s) updated] Added 0 and changed 0 displacements with 0 amplitudes
2025/11/12 10:27:45.579087 [Incident:Info:toast@toast-new:Incident created] Incident created based on event received from messaging: OT: 2025-11-12 03:23:32,  Lat/Lon: -5.90°/145.60°, Depth: 10.00, Mag: 5.35 (M)
2025/11/12 10:27:45.579806 [Simulation:Info:toast@toast-new:Simulation not generated] Magnitude 5.35 of event bmg2025wdue is smaller than triggerMinMagnitude: no automatic simulation
2025/11/12 10:27:45.598514 [Incident:Info:toast@toast-new:Origin updated] Origin updated: OT: 2025-11-12 03:23:32,  Lat/Lon: -5.90302°/145.604°, Depth: 10
2025/11/12 10:27:45.598651 [Simulation:Info:toast@toast-new:Simulation not generated] Magnitude 5.35 of event bmg2025wdue is smaller than triggerMinMagnitude: no automatic simulation
2025/11/12 10:27:53.658199 [Incident:Info:toast@toast-new:Origin updated] Origin updated: OT: 2025-11-12 03:23:32,  Lat/Lon: -5.90302°/145.604°, Depth: 10
2025/11/12 10:27:53.658384 [Incident:Info:toast@toast-new:Magnitude updated] Magnitude updated: 5.35 (M)
2025/11/12 10:27:53.658415 [Simulation:Info:toast@toast-new:Simulation not generated] Magnitude 5.35 of event bmg2025wdue is smaller than triggerMinMagnitude: no automatic simulation
2025/11/12 10:27:56.975965 [Incident:Info:toast@toast-new:Origin updated] Origin updated: OT: 2025-11-12 03:23:32,  Lat/Lon: -5.90302°/145.604°, Depth: 10
2025/11/12 10:27:56.976146 [Incident:Info:toast@toast-new:Magnitude updated] Magnitude updated: 5.36 (M)
2025/11/12 10:27:56.976179 [Simulation:Info:toast@toast-new:Simulation not generated] Magnitude 5.36 of event bmg2025wdue is smaller than triggerMinMagnitude: no automatic simulation
2025/11/12 10:27:56.995735 [Incident:Info:toast@toast-new:Origin updated] Origin updated: OT: 2025-11-12 03:23:32,  Lat/Lon: -5.94133°/145.585°, Depth: 10
2025/11/12 10:27:56.995879 [Incident:Info:toast@toast-new:Magnitude updated] Magnitude updated: 5.35 (M)
2025/11/12 10:27:56.995902 [Simulation:Info:toast@toast-new:Simulation not generated] Magnitude 5.35 of event bmg2025wdue is smaller than triggerMinMagnitude: no automatic simulation
2025/11/12 10:27:58.656011 [Incident:Info:toast@toast-new:Origin updated] Origin updated: OT: 2025-11-12 03:23:32,  Lat/Lon: -5.94133°/145.585°, Depth: 10
2025/11/12 10:27:58.656212 [Incident:Info:toast@toast-new:Magnitude updated] Magnitude updated: 5.33 (M)
2025/11/12 10:27:58.656253 [Simulation:Info:toast@toast-new:Simulation not generated] Magnitude 5.33 of event bmg2025wdue is smaller than triggerMinMagnitude: no automatic simulation
2025/11/12 10:28:03.683301 [Incident:Info:toast@toast-new:Origin updated] Origin updated: OT: 2025-11-12 03:23:32,  Lat/Lon: -5.94133°/145.585°, Depth: 10
2025/11/12 10:28:03.683492 [Incident:Info:toast@toast-new:Magnitude updated] Magnitude updated: 5.31 (M)
2025/11/12 10:28:03.683528 [Simulation:Info:toast@toast-new:Simulation not generated] Magnitude 5.31 of event bmg2025wdue is smaller than triggerMinMagnitude: no automatic simulation
2025/11/12 10:28:08.676976 [Incident:Info:toast@toast-new:Origin updated] Origin updated: OT: 2025-11-12 03:23:32,  Lat/Lon: -5.94133°/145.585°, Depth: 10
2025/11/12 10:28:08.677155 [Incident:Info:toast@toast-new:Magnitude updated] Magnitude updated: 5.31 (M)
2025/11/12 10:28:08.677186 [Simulation:Info:toast@toast-new:Simulation not generated] Magnitude 5.31 of event bmg2025wdue is smaller than triggerMinMagnitude: no automatic simulation
2025/11/12 10:28:11.549180 [Incident:Info:toast@toast-new:Origin updated] Origin updated: OT: 2025-11-12 03:23:32,  Lat/Lon: -5.93155°/145.58°, Depth: 10
2025/11/12 10:28:11.549368 [Incident:Info:toast@toast-new:Magnitude updated] Magnitude updated: 5.31 (M)
2025/11/12 10:28:11.549398 [Simulation:Info:toast@toast-new:Simulation not generated] Magnitude 5.31 of event bmg2025wdue is smaller than triggerMinMagnitude: no automatic simulation
2025/11/12 10:28:13.711241 [Incident:Info:toast@toast-new:Origin updated] Origin updated: OT: 2025-11-12 03:23:32,  Lat/Lon: -5.93155°/145.58°, Depth: 10
2025/11/12 10:28:13.711430 [Incident:Info:toast@toast-new:Magnitude updated] Magnitude updated: 5.30 (M)
2025/11/12 10:28:13.711461 [Simulation:Info:toast@toast-new:Simulation not generated] Magnitude 5.30 of event bmg2025wdue is smaller than triggerMinMagnitude: no automatic simulation
2025/11/12 10:28:18.658116 [Incident:Info:toast@toast-new:Origin updated] Origin updated: OT: 2025-11-12 03:23:32,  Lat/Lon: -5.93155°/145.58°, Depth: 10
2025/11/12 10:28:18.658314 [Incident:Info:toast@toast-new:Magnitude updated] Magnitude updated: 5.30 (M)
2025/11/12 10:28:18.658355 [Simulation:Info:toast@toast-new:Simulation not generated] Magnitude 5.30 of event bmg2025wdue is smaller than triggerMinMagnitude: no automatic simulation
2025/11/12 10:28:23.721016 [Incident:Info:toast@toast-new:Origin updated] Origin updated: OT: 2025-11-12 03:23:32,  Lat/Lon: -5.93155°/145.58°, Depth: 10
2025/11/12 10:28:23.721179 [Incident:Info:toast@toast-new:Magnitude updated] Magnitude updated: 5.28 (M)
2025/11/12 10:28:23.721208 [Simulation:Info:toast@toast-new:Simulation not generated] Magnitude 5.28 of event bmg2025wdue is smaller than triggerMinMagnitude: no automatic simulation
2025/11/12 10:28:24.293380 [Incident:Info:toast@toast-new:Origin updated] Origin updated: OT: 2025-11-12 03:23:31,  Lat/Lon: -5.98165°/145.587°, Depth: 10
2025/11/12 10:28:24.293583 [Incident:Info:toast@toast-new:Magnitude updated] Magnitude updated: 5.28 (M)
2025/11/12 10:28:24.293618 [Simulation:Info:toast@toast-new:Simulation not generated] Magnitude 5.28 of event bmg2025wdue is smaller than triggerMinMagnitude: no automatic simulation
2025/11/12 10:28:28.676400 [Incident:Info:toast@toast-new:Origin updated] Origin updated: OT: 2025-11-12 03:23:31,  Lat/Lon: -5.98165°/145.587°, Depth: 10
2025/11/12 10:28:28.676566 [Incident:Info:toast@toast-new:Magnitude updated] Magnitude updated: 5.28 (M)
2025/11/12 10:28:28.676594 [Simulation:Info:toast@toast-new:Simulation not generated] Magnitude 5.28 of event bmg2025wdue is smaller than triggerMinMagnitude: no automatic simulation
2025/11/12 10:28:33.681721 [Incident:Info:toast@toast-new:Origin updated] Origin updated: OT: 2025-11-12 03:23:31,  Lat/Lon: -5.98165°/145.587°, Depth: 10
2025/11/12 10:28:33.681902 [Incident:Info:toast@toast-new:Magnitude updated] Magnitude updated: 5.26 (M)
2025/11/12 10:28:33.681931 [Simulation:Info:toast@toast-new:Simulation not generated] Magnitude 5.26 of event bmg2025wdue is smaller than triggerMinMagnitude: no automatic simulation
2025/11/12 10:28:37.114437 [Incident:Info:toast@toast-new:Origin updated] Origin updated: OT: 2025-11-12 03:23:30,  Lat/Lon: -5.83374°/145.6°, Depth: 10
2025/11/12 10:28:37.114585 [Incident:Info:toast@toast-new:Magnitude updated] Magnitude updated: 5.22 (M)
2025/11/12 10:28:37.114610 [Simulation:Info:toast@toast-new:Simulation not generated] Magnitude 5.22 of event bmg2025wdue is smaller than triggerMinMagnitude: no automatic simulation
2025/11/12 10:28:43.642116 [Incident:Info:toast@toast-new:Origin updated] Origin updated: OT: 2025-11-12 03:23:30,  Lat/Lon: -5.83374°/145.6°, Depth: 10
2025/11/12 10:28:43.642295 [Incident:Info:toast@toast-new:Magnitude updated] Magnitude updated: 5.22 (M)
2025/11/12 10:28:43.642331 [Simulation:Info:toast@toast-new:Simulation not generated] Magnitude 5.22 of event bmg2025wdue is smaller than triggerMinMagnitude: no automatic simulation
2025/11/12 10:28:48.644774 [Incident:Info:toast@toast-new:Origin updated] Origin updated: OT: 2025-11-12 03:23:30,  Lat/Lon: -5.83374°/145.6°, Depth: 10
2025/11/12 10:28:48.644955 [Incident:Info:toast@toast-new:Magnitude updated] Magnitude updated: 5.22 (M)
2025/11/12 10:28:48.644987 [Simulation:Info:toast@toast-new:Simulation not generated] Magnitude 5.22 of event bmg2025wdue is smaller than triggerMinMagnitude: no automatic simulation
2025/11/12 10:28:53.713005 [Incident:Info:toast@toast-new:Origin updated] Origin updated: OT: 2025-11-12 03:23:30,  Lat/Lon: -5.83374°/145.6°, Depth: 10
2025/11/12 10:28:53.713172 [Incident:Info:toast@toast-new:Magnitude updated] Magnitude updated: 5.17 (M)
2025/11/12 10:28:53.713221 [Simulation:Info:toast@toast-new:Simulation not generated] Magnitude 5.17 of event bmg2025wdue is smaller than triggerMinMagnitude: no automatic simulation
2025/11/12 10:28:54.937745 [Incident:Info:toast@toast-new:Origin updated] Origin updated: OT: 2025-11-12 03:23:30,  Lat/Lon: -5.83454°/145.603°, Depth: 10
2025/11/12 10:28:54.937908 [Incident:Info:toast@toast-new:Magnitude updated] Magnitude updated: 5.17 (M)
2025/11/12 10:28:54.937937 [Simulation:Info:toast@toast-new:Simulation not generated] Magnitude 5.17 of event bmg2025wdue is smaller than triggerMinMagnitude: no automatic simulation
2025/11/12 10:28:58.697114 [Incident:Info:toast@toast-new:Origin updated] Origin updated: OT: 2025-11-12 03:23:30,  Lat/Lon: -5.83454°/145.603°, Depth: 10
2025/11/12 10:28:58.697285 [Incident:Info:toast@toast-new:Magnitude updated] Magnitude updated: 5.13 (M)
2025/11/12 10:28:58.697317 [Simulation:Info:toast@toast-new:Simulation not generated] Magnitude 5.13 of event bmg2025wdue is smaller than triggerMinMagnitude: no automatic simulation
2025/11/12 10:29:08.711332 [Incident:Info:toast@toast-new:Origin updated] Origin updated: OT: 2025-11-12 03:23:30,  Lat/Lon: -5.83454°/145.603°, Depth: 10
2025/11/12 10:29:08.711490 [Incident:Info:toast@toast-new:Magnitude updated] Magnitude updated: 5.11 (M)
2025/11/12 10:29:08.711520 [Simulation:Info:toast@toast-new:Simulation not generated] Magnitude 5.11 of event bmg2025wdue is smaller than triggerMinMagnitude: no automatic simulation
2025/11/12 10:29:12.114079 [Incident:Info:toast@toast-new:Origin updated] Origin updated: OT: 2025-11-12 03:23:29,  Lat/Lon: -5.85642°/145.599°, Depth: 10
2025/11/12 10:29:12.114258 [Incident:Info:toast@toast-new:Magnitude updated] Magnitude updated: 5.09 (M)
2025/11/12 10:29:12.114292 [Simulation:Info:toast@toast-new:Simulation not generated] Magnitude 5.09 of event bmg2025wdue is smaller than triggerMinMagnitude: no automatic simulation
2025/11/12 10:29:23.658086 [Incident:Info:toast@toast-new:Origin updated] Origin updated: OT: 2025-11-12 03:23:29,  Lat/Lon: -5.85642°/145.599°, Depth: 10
2025/11/12 10:29:23.658235 [Incident:Info:toast@toast-new:Magnitude updated] Magnitude updated: 5.09 (M)
2025/11/12 10:29:23.658265 [Simulation:Info:toast@toast-new:Simulation not generated] Magnitude 5.09 of event bmg2025wdue is smaller than triggerMinMagnitude: no automatic simulation
2025/11/12 10:29:28.644746 [Incident:Info:toast@toast-new:Origin updated] Origin updated: OT: 2025-11-12 03:23:29,  Lat/Lon: -5.85642°/145.599°, Depth: 10
2025/11/12 10:29:28.644941 [Incident:Info:toast@toast-new:Magnitude updated] Magnitude updated: 5.09 (M)
2025/11/12 10:29:28.644979 [Simulation:Info:toast@toast-new:Simulation not generated] Magnitude 5.09 of event bmg2025wdue is smaller than triggerMinMagnitude: no automatic simulation
2025/11/12 10:29:29.915275 [Incident:Info:toast@toast-new:Origin updated] Origin updated: OT: 2025-11-12 03:23:08,  Lat/Lon: -5.8379°/147.464°, Depth: 10
2025/11/12 10:29:29.915478 [Incident:Info:toast@toast-new:Magnitude updated] Magnitude updated: 5.24 (M)
2025/11/12 10:29:29.915512 [Simulation:Info:toast@toast-new:Simulation not generated] Magnitude 5.24 of event bmg2025wdue is smaller than triggerMinMagnitude: no automatic simulation
2025/11/12 10:29:30.296419 [Incident:Info:toast@toast-new:Origin updated] Origin updated: OT: 2025-11-12 03:23:32,  Lat/Lon: -5.9576°/145.586°, Depth: 10
2025/11/12 10:29:30.296582 [Incident:Info:toast@toast-new:Magnitude updated] Magnitude updated: 5.32 (mb)
2025/11/12 10:29:30.296614 [Simulation:Info:toast@toast-new:Simulation not generated] Magnitude 5.32 of event bmg2025wdue is smaller than triggerMinMagnitude: no automatic simulation
2025/11/12 10:29:30.315683 [Incident:Info:toast@toast-new:Origin updated] Origin updated: OT: 2025-11-12 03:23:32,  Lat/Lon: -5.9576°/145.586°, Depth: 10
2025/11/12 10:29:30.315806 [Incident:Info:toast@toast-new:Magnitude updated] Magnitude updated: 5.26 (M)
2025/11/12 10:29:30.315829 [Simulation:Info:toast@toast-new:Simulation not generated] Magnitude 5.26 of event bmg2025wdue is smaller than triggerMinMagnitude: no automatic simulation
2025/11/12 16:34:14.033662 [Incident:Info:toast@toast-new:Origin updated] Origin updated: OT: 2025-11-12 03:23:32,  Lat/Lon: -5.9576°/145.586°, Depth: 10
2025/11/12 16:34:14.033844 [Incident:Info:toast@toast-new:Magnitude updated] Magnitude updated: 5.32 (mb)
2025/11/12 16:34:14.033879 [Simulation:Info:toast@toast-new:Simulation not generated] Magnitude 5.32 of event bmg2025wdue is smaller than triggerMinMagnitude: no automatic simulation
2025/11/12 16:34:17.776845 [Incident:Info:toast@toast-new:Origin updated] Origin updated: OT: 2025-11-12 03:23:35,  Lat/Lon: -5.95763°/145.65°, Depth: 119.847
2025/11/12 16:34:17.777049 [Incident:Info:toast@toast-new:Magnitude updated] Magnitude updated: 5.19 (mb)
2025/11/12 16:34:17.777096 [Simulation:Info:toast@toast-new:Simulation not generated] Magnitude 5.19 of event bmg2025wdue is smaller than triggerMinMagnitude: no automatic simulation
2025/11/14 23:12:34.398639 [Incident:Info:toast@toast-new:Displacement(s) updated] Added 0 and changed 0 displacements with 0 amplitudes
2025/11/14 23:12:34.437208 [Incident:Info:toast@toast-new:Incident created] Incident created based on event received from messaging: OT: 2025-11-12 03:23:35,  Lat/Lon: -5.95°/145.63°, Depth: 119.75, Mag: 5.19 (mb)
2025/11/14 23:12:34.437830 [Simulation:Info:toast@toast-new:Simulation not generated] Magnitude 5.19 of event bmg2025wdue is smaller than triggerMinMagnitude: no automatic simulation
2025/11/14 23:12:34.459167 [Incident:Info:toast@toast-new:Origin updated] Origin updated: OT: 2025-11-12 03:23:35,  Lat/Lon: -5.95457°/145.632°, Depth: 119.754
2025/11/14 23:12:34.459312 [Simulation:Info:toast@toast-new:Simulation not generated] Magnitude 5.19 of event bmg2025wdue is smaller than triggerMinMagnitude: no automatic simulation
2025/11/14 23:12:39.323051 [Incident:Info:toast@toast-new:Origin updated] Origin updated: OT: 2025-11-12 03:23:35,  Lat/Lon: -5.95457°/145.632°, Depth: 119.754
2025/11/14 23:12:39.323235 [Simulation:Info:toast@toast-new:Simulation not generated] Magnitude 5.19 of event bmg2025wdue is smaller than triggerMinMagnitude: no automatic simulation
2025/11/14 23:12:39.376251 [Incident:Info:toast@toast-new:Origin updated] Origin updated: OT: 2025-11-12 03:23:35,  Lat/Lon: -5.95457°/145.632°, Depth: 119.754
2025/11/14 23:12:39.376371 [Incident:Info:toast@toast-new:Magnitude updated] Magnitude updated: 5.05 (Mw(mB))
2025/11/14 23:12:39.376402 [Simulation:Info:toast@toast-new:Simulation not generated] Magnitude 5.05 of event bmg2025wdue is smaller than triggerMinMagnitude: no automatic simulation
2025/11/15 10:07:19.755282 [Incident:Info:toast@toast-new:Incident removed] Removed incident - Bye
