2025/11/28 15:35:07.896380 [Incident:Info:toast@toast-new:Displacement(s) updated] Added 0 and changed 0 displacements with 0 amplitudes
2025/11/28 15:35:07.897057 [Incident:Info:toast@toast-new:Incident created] Incident created based on event received from messaging: OT: 2025-11-28 08:32:54,  Lat/Lon: -7.16°/129.87°, Depth: 196.98, Mag: 5.17 (M)
2025/11/28 15:35:07.897676 [Simulation:Info:toast@toast-new:Simulation not generated] Magnitude 5.17 of event bmg2025xhkl is smaller than triggerMinMagnitude: no automatic simulation
2025/11/28 15:35:07.923356 [Incident:Info:toast@toast-new:Origin updated] Origin updated: OT: 2025-11-28 08:32:54,  Lat/Lon: -7.15759°/129.868°, Depth: 196.976
2025/11/28 15:35:07.923518 [Simulation:Info:toast@toast-new:Simulation not generated] Magnitude 5.17 of event bmg2025xhkl is smaller than triggerMinMagnitude: no automatic simulation
2025/11/28 15:35:13.734168 [Incident:Info:toast@toast-new:Origin updated] Origin updated: OT: 2025-11-28 08:32:54,  Lat/Lon: -7.15759°/129.868°, Depth: 196.976
2025/11/28 15:35:13.734425 [Incident:Info:toast@toast-new:Magnitude updated] Magnitude updated: 5.17 (M)
2025/11/28 15:35:13.734483 [Simulation:Info:toast@toast-new:Simulation not generated] Magnitude 5.17 of event bmg2025xhkl is smaller than triggerMinMagnitude: no automatic simulation
2025/11/28 15:35:18.705872 [Incident:Info:toast@toast-new:Origin updated] Origin updated: OT: 2025-11-28 08:32:54,  Lat/Lon: -7.15759°/129.868°, Depth: 196.976
2025/11/28 15:35:18.706174 [Incident:Info:toast@toast-new:Magnitude updated] Magnitude updated: 5.17 (M)
2025/11/28 15:35:18.706249 [Simulation:Info:toast@toast-new:Simulation not generated] Magnitude 5.17 of event bmg2025xhkl is smaller than triggerMinMagnitude: no automatic simulation
2025/11/28 15:35:20.513364 [Incident:Info:toast@toast-new:Origin updated] Origin updated: OT: 2025-11-28 08:32:54,  Lat/Lon: -7.15759°/129.868°, Depth: 196.976
2025/11/28 15:35:20.513620 [Incident:Info:toast@toast-new:Magnitude updated] Magnitude updated: 5.18 (M)
2025/11/28 15:35:20.513677 [Simulation:Info:toast@toast-new:Simulation not generated] Magnitude 5.18 of event bmg2025xhkl is smaller than triggerMinMagnitude: no automatic simulation
2025/11/28 15:35:20.533848 [Incident:Info:toast@toast-new:Origin updated] Origin updated: OT: 2025-11-28 08:32:54,  Lat/Lon: -7.15879°/129.887°, Depth: 183.667
2025/11/28 15:35:20.534103 [Incident:Info:toast@toast-new:Magnitude updated] Magnitude updated: 5.19 (M)
2025/11/28 15:35:20.534180 [Simulation:Info:toast@toast-new:Simulation not generated] Magnitude 5.19 of event bmg2025xhkl is smaller than triggerMinMagnitude: no automatic simulation
2025/11/28 15:35:23.733892 [Incident:Info:toast@toast-new:Origin updated] Origin updated: OT: 2025-11-28 08:32:54,  Lat/Lon: -7.15879°/129.887°, Depth: 183.667
2025/11/28 15:35:23.734179 [Incident:Info:toast@toast-new:Magnitude updated] Magnitude updated: 5.19 (M)
2025/11/28 15:35:23.734246 [Simulation:Info:toast@toast-new:Simulation not generated] Magnitude 5.19 of event bmg2025xhkl is smaller than triggerMinMagnitude: no automatic simulation
2025/11/28 15:35:28.769444 [Incident:Info:toast@toast-new:Origin updated] Origin updated: OT: 2025-11-28 08:32:54,  Lat/Lon: -7.15879°/129.887°, Depth: 183.667
2025/11/28 15:35:28.769754 [Incident:Info:toast@toast-new:Magnitude updated] Magnitude updated: 5.03 (M)
2025/11/28 15:35:28.769871 [Simulation:Info:toast@toast-new:Simulation not generated] Magnitude 5.03 of event bmg2025xhkl is smaller than triggerMinMagnitude: no automatic simulation
2025/11/28 15:35:33.748093 [Incident:Info:toast@toast-new:Origin updated] Origin updated: OT: 2025-11-28 08:32:54,  Lat/Lon: -7.15879°/129.887°, Depth: 183.667
2025/11/28 15:35:33.748351 [Incident:Info:toast@toast-new:Magnitude updated] Magnitude updated: 5.07 (M)
2025/11/28 15:35:33.748446 [Simulation:Info:toast@toast-new:Simulation not generated] Magnitude 5.07 of event bmg2025xhkl is smaller than triggerMinMagnitude: no automatic simulation
2025/11/28 15:36:50.863624 [Incident:Info:toast@toast-new:Origin updated] Origin updated: OT: 2025-11-28 08:32:54,  Lat/Lon: -7.16385°/129.887°, Depth: 192.622
2025/11/28 15:36:50.863894 [Incident:Info:toast@toast-new:Magnitude updated] Magnitude updated: 5.48 (MLv)
2025/11/28 15:36:50.863962 [Simulation:Info:toast@toast-new:Simulation not generated] Magnitude 5.48 of event bmg2025xhkl is smaller than triggerMinMagnitude: no automatic simulation
2025/11/28 15:36:52.721553 [Incident:Info:toast@toast-new:Origin updated] Origin updated: OT: 2025-11-28 08:32:54,  Lat/Lon: -7.16385°/129.887°, Depth: 192.622
2025/11/28 15:36:52.721891 [Incident:Info:toast@toast-new:Magnitude updated] Magnitude updated: 5.05 (M)
2025/11/28 15:36:52.722053 [Simulation:Info:toast@toast-new:Simulation not generated] Magnitude 5.05 of event bmg2025xhkl is smaller than triggerMinMagnitude: no automatic simulation
2025/11/28 15:37:30.443717 [Incident:Info:toast@toast-new:Origin updated] Origin updated: OT: 2025-11-28 08:32:54,  Lat/Lon: -7.16385°/129.887°, Depth: 192.621
2025/11/28 15:37:30.443986 [Incident:Info:toast@toast-new:Magnitude updated] Magnitude updated: 5.48 (MLv)
2025/11/28 15:37:30.444082 [Simulation:Info:toast@toast-new:Simulation not generated] Magnitude 5.48 of event bmg2025xhkl is smaller than triggerMinMagnitude: no automatic simulation
2025/11/28 15:37:31.724909 [Incident:Info:toast@toast-new:Origin updated] Origin updated: OT: 2025-11-28 08:32:54,  Lat/Lon: -7.16385°/129.887°, Depth: 192.621
2025/11/28 15:37:31.725171 [Incident:Info:toast@toast-new:Magnitude updated] Magnitude updated: 5.05 (M)
2025/11/28 15:37:31.725256 [Simulation:Info:toast@toast-new:Simulation not generated] Magnitude 5.05 of event bmg2025xhkl is smaller than triggerMinMagnitude: no automatic simulation
