2025/11/26 23:54:09.299279 [Incident:Info:toast@toast-new:Displacement(s) updated] Added 0 and changed 0 displacements with 0 amplitudes
2025/11/26 23:54:09.299696 [Incident:Info:toast@toast-new:Incident created] Incident created based on event received from messaging: OT: 2025-11-26 16:43:49,  Lat/Lon: 42.58°/144.42°, Depth: 10.00, Mag: 5.36 (M)
2025/11/26 23:54:09.300141 [Simulation:Info:toast@toast-new:Simulation not generated] Magnitude 5.36 of event bmg2025xejq is smaller than triggerMinMagnitude: no automatic simulation
2025/11/26 23:54:09.320109 [Incident:Info:toast@toast-new:Origin updated] Origin updated: OT: 2025-11-26 16:43:49,  Lat/Lon: 42.579°/144.415°, Depth: 10
2025/11/26 23:54:09.320272 [Simulation:Info:toast@toast-new:Simulation not generated] Magnitude 5.36 of event bmg2025xejq is smaller than triggerMinMagnitude: no automatic simulation
2025/11/26 23:54:18.643257 [Incident:Info:toast@toast-new:Origin updated] Origin updated: OT: 2025-11-26 16:43:49,  Lat/Lon: 42.579°/144.415°, Depth: 10
2025/11/26 23:54:18.643442 [Incident:Info:toast@toast-new:Magnitude updated] Magnitude updated: 5.38 (M)
2025/11/26 23:54:18.643475 [Simulation:Info:toast@toast-new:Simulation not generated] Magnitude 5.38 of event bmg2025xejq is smaller than triggerMinMagnitude: no automatic simulation
2025/11/26 23:54:23.641905 [Incident:Info:toast@toast-new:Origin updated] Origin updated: OT: 2025-11-26 16:43:49,  Lat/Lon: 42.579°/144.415°, Depth: 10
2025/11/26 23:54:23.642091 [Incident:Info:toast@toast-new:Magnitude updated] Magnitude updated: 5.31 (M)
2025/11/26 23:54:23.642142 [Simulation:Info:toast@toast-new:Simulation not generated] Magnitude 5.31 of event bmg2025xejq is smaller than triggerMinMagnitude: no automatic simulation
2025/11/26 23:54:31.996851 [Incident:Info:toast@toast-new:Origin updated] Origin updated: OT: 2025-11-26 16:43:49,  Lat/Lon: 42.564°/144.366°, Depth: 10
2025/11/26 23:54:31.997062 [Incident:Info:toast@toast-new:Magnitude updated] Magnitude updated: 5.31 (M)
2025/11/26 23:54:31.997100 [Simulation:Info:toast@toast-new:Simulation not generated] Magnitude 5.31 of event bmg2025xejq is smaller than triggerMinMagnitude: no automatic simulation
2025/11/26 23:55:08.500564 [Incident:Info:toast@toast-new:Origin updated] Origin updated: OT: 2025-11-26 16:43:49,  Lat/Lon: 42.564°/144.366°, Depth: 10
2025/11/26 23:55:08.500726 [Incident:Info:toast@toast-new:Magnitude updated] Magnitude updated: 5.31 (M)
2025/11/26 23:55:08.500758 [Simulation:Info:toast@toast-new:Simulation not generated] Magnitude 5.31 of event bmg2025xejq is smaller than triggerMinMagnitude: no automatic simulation
2025/11/26 23:59:38.359203 [Incident:Info:toast@toast-new:Origin updated] Origin updated: OT: 2025-11-26 16:43:49,  Lat/Lon: 42.5437°/144.351°, Depth: 10
2025/11/26 23:59:38.359348 [Incident:Info:toast@toast-new:Magnitude updated] Magnitude updated: 5.31 (M)
2025/11/26 23:59:38.359378 [Simulation:Info:toast@toast-new:Simulation not generated] Magnitude 5.31 of event bmg2025xejq is smaller than triggerMinMagnitude: no automatic simulation
2025/11/27 00:04:11.490570 [Incident:Info:toast@toast-new:Origin updated] Origin updated: OT: 2025-11-26 16:43:49,  Lat/Lon: 42.5437°/144.351°, Depth: 10
2025/11/27 00:04:11.490716 [Simulation:Info:toast@toast-new:Simulation not generated] Magnitude 5.31 of event bmg2025xejq is smaller than triggerMinMagnitude: no automatic simulation
2025/11/27 06:51:23.224043 [Incident:Info:toast@toast-new:Origin updated] Origin updated: OT: 2025-11-26 16:43:48,  Lat/Lon: 42.5651°/144.385°, Depth: 5
2025/11/27 06:51:23.224261 [Incident:Info:toast@toast-new:Magnitude updated] Magnitude updated: 5.19 (mb)
2025/11/27 06:51:23.224306 [Simulation:Info:toast@toast-new:Simulation not generated] Magnitude 5.19 of event bmg2025xejq is smaller than triggerMinMagnitude: no automatic simulation
2025/11/27 06:51:23.243990 [Incident:Info:toast@toast-new:Origin updated] Origin updated: OT: 2025-11-26 16:43:48,  Lat/Lon: 42.5651°/144.385°, Depth: 5
2025/11/27 06:51:23.244125 [Incident:Info:toast@toast-new:Magnitude updated] Magnitude updated: 5.31 (M)
2025/11/27 06:51:23.244190 [Simulation:Info:toast@toast-new:Simulation not generated] Magnitude 5.31 of event bmg2025xejq is smaller than triggerMinMagnitude: no automatic simulation
2025/11/27 06:51:27.314685 [Incident:Info:toast@toast-new:Origin updated] Origin updated: OT: 2025-11-26 16:43:48,  Lat/Lon: 42.5651°/144.385°, Depth: 5
2025/11/27 06:51:27.314859 [Incident:Info:toast@toast-new:Magnitude updated] Magnitude updated: 5.19 (mb)
2025/11/27 06:51:27.314916 [Simulation:Info:toast@toast-new:Simulation not generated] Magnitude 5.19 of event bmg2025xejq is smaller than triggerMinMagnitude: no automatic simulation
