2025/11/28 00:22:51.919098 [Incident:Info:toast@toast-new:Displacement(s) updated] Added 0 and changed 0 displacements with 0 amplitudes
2025/11/28 00:22:51.919492 [Incident:Info:toast@toast-new:Incident created] Incident created based on event received from messaging: OT: 2025-11-27 17:11:22,  Lat/Lon: 61.53°/-150.69°, Depth: 10.00, Mag: 6.24 (Mw(mB))
2025/11/28 00:22:51.919944 [Simulation:Info:toast@toast-new:Simulation not generated] Magnitude 6.24 of event bmg2025xgga is smaller than triggerMinMagnitude: no automatic simulation
2025/11/28 00:22:51.936469 [Incident:Info:toast@toast-new:Origin updated] Origin updated: OT: 2025-11-27 17:11:22,  Lat/Lon: 61.532°/-150.693°, Depth: 10
2025/11/28 00:22:51.936680 [Simulation:Info:toast@toast-new:Simulation not generated] Magnitude 6.24 of event bmg2025xgga is smaller than triggerMinMagnitude: no automatic simulation
2025/11/28 00:23:01.979144 [Incident:Info:toast@toast-new:Origin updated] Origin updated: OT: 2025-11-27 17:11:22,  Lat/Lon: 61.5174°/-150.761°, Depth: 10
2025/11/28 00:23:01.979522 [Incident:Info:toast@toast-new:Magnitude updated] Magnitude updated: 6.24 (Mw(mB))
2025/11/28 00:23:01.979750 [Simulation:Info:toast@toast-new:Simulation not generated] Magnitude 6.24 of event bmg2025xgga is smaller than triggerMinMagnitude: no automatic simulation
2025/11/28 00:23:33.721235 [Incident:Info:toast@toast-new:Origin updated] Origin updated: OT: 2025-11-27 17:11:22,  Lat/Lon: 61.5174°/-150.761°, Depth: 10
2025/11/28 00:23:33.721584 [Incident:Info:toast@toast-new:Magnitude updated] Magnitude updated: 6.22 (Mw(mB))
2025/11/28 00:23:33.721733 [Simulation:Info:toast@toast-new:Simulation not generated] Magnitude 6.22 of event bmg2025xgga is smaller than triggerMinMagnitude: no automatic simulation
2025/11/28 00:23:35.317527 [Incident:Info:toast@toast-new:Origin updated] Origin updated: OT: 2025-11-27 17:11:21,  Lat/Lon: 61.5154°/-151.053°, Depth: 10
2025/11/28 00:23:35.317909 [Incident:Info:toast@toast-new:Magnitude updated] Magnitude updated: 6.23 (Mw(mB))
2025/11/28 00:23:35.318083 [Simulation:Info:toast@toast-new:Simulation not generated] Magnitude 6.23 of event bmg2025xgga is smaller than triggerMinMagnitude: no automatic simulation
2025/11/28 00:23:46.977488 [Incident:Info:toast@toast-new:Origin updated] Origin updated: OT: 2025-11-27 17:11:21,  Lat/Lon: 61.514°/-151.038°, Depth: 10
2025/11/28 00:23:46.977888 [Incident:Info:toast@toast-new:Magnitude updated] Magnitude updated: 6.23 (Mw(mB))
2025/11/28 00:23:46.978066 [Simulation:Info:toast@toast-new:Simulation not generated] Magnitude 6.23 of event bmg2025xgga is smaller than triggerMinMagnitude: no automatic simulation
2025/11/28 00:24:03.681319 [Incident:Info:toast@toast-new:Origin updated] Origin updated: OT: 2025-11-27 17:11:21,  Lat/Lon: 61.514°/-151.038°, Depth: 10
2025/11/28 00:24:03.681747 [Incident:Info:toast@toast-new:Magnitude updated] Magnitude updated: 6.20 (Mw(mB))
2025/11/28 00:24:03.681936 [Simulation:Info:toast@toast-new:Simulation not generated] Magnitude 6.20 of event bmg2025xgga is smaller than triggerMinMagnitude: no automatic simulation
2025/11/28 00:24:32.287040 [Incident:Info:toast@toast-new:Origin updated] Origin updated: OT: 2025-11-27 17:11:20,  Lat/Lon: 61.5755°/-151.184°, Depth: 10
2025/11/28 00:24:32.287451 [Incident:Info:toast@toast-new:Magnitude updated] Magnitude updated: 6.23 (Mw(mB))
2025/11/28 00:24:32.287636 [Simulation:Info:toast@toast-new:Simulation not generated] Magnitude 6.23 of event bmg2025xgga is smaller than triggerMinMagnitude: no automatic simulation
2025/11/28 00:24:33.700137 [Incident:Info:toast@toast-new:Origin updated] Origin updated: OT: 2025-11-27 17:11:20,  Lat/Lon: 61.5755°/-151.184°, Depth: 10
2025/11/28 00:24:33.700741 [Incident:Info:toast@toast-new:Magnitude updated] Magnitude updated: 6.21 (Mw(mB))
2025/11/28 00:24:33.701096 [Simulation:Info:toast@toast-new:Simulation not generated] Magnitude 6.21 of event bmg2025xgga is smaller than triggerMinMagnitude: no automatic simulation
2025/11/28 00:24:43.680642 [Incident:Info:toast@toast-new:Origin updated] Origin updated: OT: 2025-11-27 17:11:20,  Lat/Lon: 61.492°/-151.284°, Depth: 10
2025/11/28 00:24:43.681066 [Incident:Info:toast@toast-new:Magnitude updated] Magnitude updated: 6.21 (Mw(mB))
2025/11/28 00:24:43.681258 [Simulation:Info:toast@toast-new:Simulation not generated] Magnitude 6.21 of event bmg2025xgga is smaller than triggerMinMagnitude: no automatic simulation
2025/11/28 00:24:55.998634 [Incident:Info:toast@toast-new:Origin updated] Origin updated: OT: 2025-11-27 17:11:19,  Lat/Lon: 61.4995°/-151.359°, Depth: 10
2025/11/28 00:24:55.999215 [Incident:Info:toast@toast-new:Magnitude updated] Magnitude updated: 6.21 (Mw(mB))
2025/11/28 00:24:55.999558 [Simulation:Info:toast@toast-new:Simulation not generated] Magnitude 6.21 of event bmg2025xgga is smaller than triggerMinMagnitude: no automatic simulation
2025/11/28 00:25:03.664371 [Incident:Info:toast@toast-new:Origin updated] Origin updated: OT: 2025-11-27 17:11:19,  Lat/Lon: 61.4995°/-151.359°, Depth: 10
2025/11/28 00:25:03.664853 [Incident:Info:toast@toast-new:Magnitude updated] Magnitude updated: 6.20 (Mw(mB))
2025/11/28 00:25:03.665068 [Simulation:Info:toast@toast-new:Simulation not generated] Magnitude 6.20 of event bmg2025xgga is smaller than triggerMinMagnitude: no automatic simulation
2025/11/28 00:25:08.661985 [Incident:Info:toast@toast-new:Origin updated] Origin updated: OT: 2025-11-27 17:11:19,  Lat/Lon: 61.4995°/-151.359°, Depth: 10
2025/11/28 00:25:08.662465 [Incident:Info:toast@toast-new:Magnitude updated] Magnitude updated: 6.13 (Mw(mB))
2025/11/28 00:25:08.662715 [Simulation:Info:toast@toast-new:Simulation not generated] Magnitude 6.13 of event bmg2025xgga is smaller than triggerMinMagnitude: no automatic simulation
2025/11/28 00:25:12.150067 [Incident:Info:toast@toast-new:Origin updated] Origin updated: OT: 2025-11-27 17:11:19,  Lat/Lon: 61.5165°/-151.397°, Depth: 10
2025/11/28 00:25:12.150571 [Incident:Info:toast@toast-new:Magnitude updated] Magnitude updated: 6.13 (Mw(mB))
2025/11/28 00:25:12.150790 [Simulation:Info:toast@toast-new:Simulation not generated] Magnitude 6.13 of event bmg2025xgga is smaller than triggerMinMagnitude: no automatic simulation
2025/11/28 00:25:18.666600 [Incident:Info:toast@toast-new:Origin updated] Origin updated: OT: 2025-11-27 17:11:19,  Lat/Lon: 61.5165°/-151.397°, Depth: 10
2025/11/28 00:25:18.667126 [Incident:Info:toast@toast-new:Magnitude updated] Magnitude updated: 6.12 (Mw(mB))
2025/11/28 00:25:18.667380 [Simulation:Info:toast@toast-new:Simulation not generated] Magnitude 6.12 of event bmg2025xgga is smaller than triggerMinMagnitude: no automatic simulation
2025/11/28 00:25:23.716741 [Incident:Info:toast@toast-new:Origin updated] Origin updated: OT: 2025-11-27 17:11:19,  Lat/Lon: 61.5165°/-151.397°, Depth: 10
2025/11/28 00:25:23.753330 [Incident:Info:toast@toast-new:Magnitude updated] Magnitude updated: 6.10 (Mw(mB))
2025/11/28 00:25:23.753857 [Simulation:Info:toast@toast-new:Simulation not generated] Magnitude 6.10 of event bmg2025xgga is smaller than triggerMinMagnitude: no automatic simulation
2025/11/28 00:25:28.714592 [Incident:Info:toast@toast-new:Origin updated] Origin updated: OT: 2025-11-27 17:11:19,  Lat/Lon: 61.5165°/-151.397°, Depth: 10
2025/11/28 00:25:28.715275 [Incident:Info:toast@toast-new:Magnitude updated] Magnitude updated: 6.09 (Mw(mB))
2025/11/28 00:25:28.715705 [Simulation:Info:toast@toast-new:Simulation not generated] Magnitude 6.09 of event bmg2025xgga is smaller than triggerMinMagnitude: no automatic simulation
2025/11/28 00:25:32.249977 [Incident:Info:toast@toast-new:Origin updated] Origin updated: OT: 2025-11-27 17:11:19,  Lat/Lon: 61.5162°/-151.401°, Depth: 10
2025/11/28 00:25:32.250579 [Incident:Info:toast@toast-new:Magnitude updated] Magnitude updated: 6.08 (Mw(mB))
2025/11/28 00:25:32.250881 [Simulation:Info:toast@toast-new:Simulation not generated] Magnitude 6.08 of event bmg2025xgga is smaller than triggerMinMagnitude: no automatic simulation
2025/11/28 00:25:33.714204 [Incident:Info:toast@toast-new:Origin updated] Origin updated: OT: 2025-11-27 17:11:19,  Lat/Lon: 61.5162°/-151.401°, Depth: 10
2025/11/28 00:25:33.714789 [Incident:Info:toast@toast-new:Magnitude updated] Magnitude updated: 6.09 (Mw(mB))
2025/11/28 00:25:33.715114 [Simulation:Info:toast@toast-new:Simulation not generated] Magnitude 6.09 of event bmg2025xgga is smaller than triggerMinMagnitude: no automatic simulation
2025/11/28 00:25:38.696725 [Incident:Info:toast@toast-new:Origin updated] Origin updated: OT: 2025-11-27 17:11:19,  Lat/Lon: 61.5162°/-151.401°, Depth: 10
2025/11/28 00:25:38.697322 [Incident:Info:toast@toast-new:Magnitude updated] Magnitude updated: 6.08 (Mw(mB))
2025/11/28 00:25:38.697621 [Simulation:Info:toast@toast-new:Simulation not generated] Magnitude 6.08 of event bmg2025xgga is smaller than triggerMinMagnitude: no automatic simulation
2025/11/28 00:25:43.737319 [Incident:Info:toast@toast-new:Origin updated] Origin updated: OT: 2025-11-27 17:11:19,  Lat/Lon: 61.5162°/-151.401°, Depth: 10
2025/11/28 00:25:43.737894 [Incident:Info:toast@toast-new:Magnitude updated] Magnitude updated: 6.06 (Mw(mB))
2025/11/28 00:25:43.738185 [Simulation:Info:toast@toast-new:Simulation not generated] Magnitude 6.06 of event bmg2025xgga is smaller than triggerMinMagnitude: no automatic simulation
2025/11/28 00:25:48.727068 [Incident:Info:toast@toast-new:Origin updated] Origin updated: OT: 2025-11-27 17:11:19,  Lat/Lon: 61.5162°/-151.401°, Depth: 10
2025/11/28 00:25:48.727877 [Incident:Info:toast@toast-new:Magnitude updated] Magnitude updated: 6.05 (Mw(mB))
2025/11/28 00:25:48.728436 [Simulation:Info:toast@toast-new:Simulation not generated] Magnitude 6.05 of event bmg2025xgga is smaller than triggerMinMagnitude: no automatic simulation
2025/11/28 00:25:54.339723 [Incident:Info:toast@toast-new:Origin updated] Origin updated: OT: 2025-11-27 17:11:19,  Lat/Lon: 61.5121°/-151.409°, Depth: 10
2025/11/28 00:25:54.340262 [Incident:Info:toast@toast-new:Magnitude updated] Magnitude updated: 6.05 (Mw(mB))
2025/11/28 00:25:54.340549 [Simulation:Info:toast@toast-new:Simulation not generated] Magnitude 6.05 of event bmg2025xgga is smaller than triggerMinMagnitude: no automatic simulation
2025/11/28 00:26:17.220080 [Incident:Info:toast@toast-new:Origin updated] Origin updated: OT: 2025-11-27 17:11:19,  Lat/Lon: 61.5105°/-151.387°, Depth: 10
2025/11/28 00:26:17.220880 [Incident:Info:toast@toast-new:Magnitude updated] Magnitude updated: 6.05 (Mw(mB))
2025/11/28 00:26:17.221327 [Simulation:Info:toast@toast-new:Simulation not generated] Magnitude 6.05 of event bmg2025xgga is smaller than triggerMinMagnitude: no automatic simulation
2025/11/28 00:26:28.697945 [Incident:Info:toast@toast-new:Origin updated] Origin updated: OT: 2025-11-27 17:11:19,  Lat/Lon: 61.5105°/-151.387°, Depth: 10
2025/11/28 00:26:28.698696 [Incident:Info:toast@toast-new:Magnitude updated] Magnitude updated: 6.05 (Mw(mB))
2025/11/28 00:26:28.699202 [Simulation:Info:toast@toast-new:Simulation not generated] Magnitude 6.05 of event bmg2025xgga is smaller than triggerMinMagnitude: no automatic simulation
2025/11/28 00:29:16.299996 [Incident:Info:toast@toast-new:Origin updated] Origin updated: OT: 2025-11-27 17:11:19,  Lat/Lon: 61.5089°/-151.392°, Depth: 10
2025/11/28 00:29:16.300857 [Incident:Info:toast@toast-new:Magnitude updated] Magnitude updated: 6.05 (Mw(mB))
2025/11/28 00:29:16.301402 [Simulation:Info:toast@toast-new:Simulation not generated] Magnitude 6.05 of event bmg2025xgga is smaller than triggerMinMagnitude: no automatic simulation
2025/11/28 00:29:18.807710 [Incident:Info:toast@toast-new:Origin updated] Origin updated: OT: 2025-11-27 17:11:19,  Lat/Lon: 61.5089°/-151.392°, Depth: 10
2025/11/28 00:29:18.808265 [Incident:Info:toast@toast-new:FM updated] FM updated
2025/11/28 00:29:18.808769 [Simulation:Info:toast@toast-new:Simulation not generated] Magnitude 6.05 of event bmg2025xgga is smaller than triggerMinMagnitude: no automatic simulation
2025/11/28 00:29:48.800788 [Incident:Info:toast@toast-new:Origin updated] Origin updated: OT: 2025-11-27 17:11:19,  Lat/Lon: 61.5089°/-151.392°, Depth: 10
2025/11/28 00:29:48.801404 [Simulation:Info:toast@toast-new:Simulation not generated] Magnitude 6.05 of event bmg2025xgga is smaller than triggerMinMagnitude: no automatic simulation
2025/11/28 00:30:38.860694 [Incident:Info:toast@toast-new:Origin updated] Origin updated: OT: 2025-11-27 17:11:19,  Lat/Lon: 61.5089°/-151.392°, Depth: 10
2025/11/28 00:30:38.861364 [Incident:Info:toast@toast-new:FM updated] FM updated
2025/11/28 00:30:38.861901 [Simulation:Info:toast@toast-new:Simulation not generated] Magnitude 6.05 of event bmg2025xgga is smaller than triggerMinMagnitude: no automatic simulation
2025/11/28 00:31:09.804867 [Incident:Info:toast@toast-new:Origin updated] Origin updated: OT: 2025-11-27 17:11:27,  Lat/Lon: 61.6479°/-150.928°, Depth: 88.5242
2025/11/28 00:31:09.805553 [Incident:Info:toast@toast-new:Magnitude updated] Magnitude updated: 5.88 (Mw(mB))
2025/11/28 00:31:09.805943 [Simulation:Info:toast@toast-new:Simulation not generated] Magnitude 5.88 of event bmg2025xgga is smaller than triggerMinMagnitude: no automatic simulation
2025/11/28 00:32:08.805672 [Incident:Info:toast@toast-new:Origin updated] Origin updated: OT: 2025-11-27 17:11:27,  Lat/Lon: 61.6479°/-150.928°, Depth: 88.5242
2025/11/28 00:32:08.806232 [Incident:Info:toast@toast-new:FM updated] FM updated
2025/11/28 00:32:08.806738 [Simulation:Info:toast@toast-new:Simulation not generated] Magnitude 5.88 of event bmg2025xgga is smaller than triggerMinMagnitude: no automatic simulation
2025/11/28 00:34:58.935694 [Incident:Info:toast@toast-new:Origin updated] Origin updated: OT: 2025-11-27 17:11:27,  Lat/Lon: 61.6479°/-150.928°, Depth: 88.5242
2025/11/28 00:34:58.936411 [Incident:Info:toast@toast-new:FM updated] FM updated
2025/11/28 00:34:58.937043 [Simulation:Info:toast@toast-new:Simulation not generated] Magnitude 5.88 of event bmg2025xgga is smaller than triggerMinMagnitude: no automatic simulation
2025/11/28 00:35:18.818527 [Incident:Info:toast@toast-new:Origin updated] Origin updated: OT: 2025-11-27 17:11:27,  Lat/Lon: 61.6479°/-150.928°, Depth: 88.5242
2025/11/28 00:35:18.819723 [Incident:Info:toast@toast-new:FM updated] FM updated
2025/11/28 00:35:18.820914 [Simulation:Info:toast@toast-new:Simulation not generated] Magnitude 5.88 of event bmg2025xgga is smaller than triggerMinMagnitude: no automatic simulation
2025/11/28 00:35:38.838086 [Incident:Info:toast@toast-new:Origin updated] Origin updated: OT: 2025-11-27 17:11:27,  Lat/Lon: 61.6479°/-150.928°, Depth: 88.5242
2025/11/28 00:35:38.838814 [Simulation:Info:toast@toast-new:Simulation not generated] Magnitude 5.88 of event bmg2025xgga is smaller than triggerMinMagnitude: no automatic simulation
2025/11/28 00:36:08.862054 [Incident:Info:toast@toast-new:Origin updated] Origin updated: OT: 2025-11-27 17:11:27,  Lat/Lon: 61.6479°/-150.928°, Depth: 88.5242
2025/11/28 00:36:08.862806 [Simulation:Info:toast@toast-new:Simulation not generated] Magnitude 5.88 of event bmg2025xgga is smaller than triggerMinMagnitude: no automatic simulation
2025/11/28 00:37:18.967736 [Incident:Info:toast@toast-new:Origin updated] Origin updated: OT: 2025-11-27 17:11:27,  Lat/Lon: 61.6479°/-150.928°, Depth: 88.5242
2025/11/28 00:37:18.969037 [Simulation:Info:toast@toast-new:Simulation not generated] Magnitude 5.88 of event bmg2025xgga is smaller than triggerMinMagnitude: no automatic simulation
2025/11/28 00:38:48.906685 [Incident:Info:toast@toast-new:Origin updated] Origin updated: OT: 2025-11-27 17:11:27,  Lat/Lon: 61.6479°/-150.928°, Depth: 88.5242
2025/11/28 00:38:48.907487 [Incident:Info:toast@toast-new:FM updated] FM updated
2025/11/28 00:38:48.908137 [Simulation:Info:toast@toast-new:Simulation not generated] Magnitude 5.88 of event bmg2025xgga is smaller than triggerMinMagnitude: no automatic simulation
2025/11/28 00:39:39.093218 [Incident:Info:toast@toast-new:Origin updated] Origin updated: OT: 2025-11-27 17:11:27,  Lat/Lon: 61.6479°/-150.928°, Depth: 88.5242
2025/11/28 00:39:39.094055 [Simulation:Info:toast@toast-new:Simulation not generated] Magnitude 5.88 of event bmg2025xgga is smaller than triggerMinMagnitude: no automatic simulation
2025/11/28 00:39:49.108621 [Incident:Info:toast@toast-new:Origin updated] Origin updated: OT: 2025-11-27 17:11:27,  Lat/Lon: 61.6479°/-150.928°, Depth: 88.5242
2025/11/28 00:39:49.109471 [Simulation:Info:toast@toast-new:Simulation not generated] Magnitude 5.88 of event bmg2025xgga is smaller than triggerMinMagnitude: no automatic simulation
2025/11/28 00:42:49.033575 [Incident:Info:toast@toast-new:Origin updated] Origin updated: OT: 2025-11-27 17:11:27,  Lat/Lon: 61.6479°/-150.928°, Depth: 88.5242
2025/11/28 00:42:49.034495 [Incident:Info:toast@toast-new:FM updated] FM updated
2025/11/28 00:42:49.035309 [Simulation:Info:toast@toast-new:Simulation not generated] Magnitude 5.88 of event bmg2025xgga is smaller than triggerMinMagnitude: no automatic simulation
2025/11/28 00:42:49.603844 [Incident:Info:toast@toast-new:Origin updated] Origin updated: OT: 2025-11-27 17:11:27,  Lat/Lon: 61.6479°/-150.928°, Depth: 88.5242
2025/11/28 00:42:49.604870 [Incident:Info:toast@toast-new:FM updated] FM updated
2025/11/28 00:42:49.605787 [Simulation:Info:toast@toast-new:Simulation not generated] Magnitude 5.88 of event bmg2025xgga is smaller than triggerMinMagnitude: no automatic simulation
2025/11/28 00:45:29.122055 [Incident:Info:toast@toast-new:Origin updated] Origin updated: OT: 2025-11-27 17:11:27,  Lat/Lon: 61.6479°/-150.928°, Depth: 88.5242
2025/11/28 00:45:29.122885 [Incident:Info:toast@toast-new:FM updated] FM updated
2025/11/28 00:45:29.123623 [Simulation:Info:toast@toast-new:Simulation not generated] Magnitude 5.88 of event bmg2025xgga is smaller than triggerMinMagnitude: no automatic simulation
2025/11/28 00:49:09.234545 [Incident:Info:toast@toast-new:Origin updated] Origin updated: OT: 2025-11-27 17:11:27,  Lat/Lon: 61.6479°/-150.928°, Depth: 88.5242
2025/11/28 00:49:09.235321 [Incident:Info:toast@toast-new:FM updated] FM updated
2025/11/28 00:49:09.235984 [Simulation:Info:toast@toast-new:Simulation not generated] Magnitude 5.88 of event bmg2025xgga is smaller than triggerMinMagnitude: no automatic simulation
2025/11/28 00:50:19.322299 [Incident:Info:toast@toast-new:Origin updated] Origin updated: OT: 2025-11-27 17:11:27,  Lat/Lon: 61.6479°/-150.928°, Depth: 88.5242
2025/11/28 00:50:19.323243 [Incident:Info:toast@toast-new:FM updated] FM updated
2025/11/28 00:50:19.324075 [Simulation:Info:toast@toast-new:Simulation not generated] Magnitude 5.88 of event bmg2025xgga is smaller than triggerMinMagnitude: no automatic simulation
2025/11/28 00:53:19.330124 [Incident:Info:toast@toast-new:Origin updated] Origin updated: OT: 2025-11-27 17:11:27,  Lat/Lon: 61.6479°/-150.928°, Depth: 88.5242
2025/11/28 00:53:19.331039 [Incident:Info:toast@toast-new:FM updated] FM updated
2025/11/28 00:53:19.331810 [Simulation:Info:toast@toast-new:Simulation not generated] Magnitude 5.88 of event bmg2025xgga is smaller than triggerMinMagnitude: no automatic simulation
2025/11/28 01:10:49.355867 [Incident:Info:toast@toast-new:Origin updated] Origin updated: OT: 2025-11-27 17:11:27,  Lat/Lon: 61.6479°/-150.928°, Depth: 88.5242
2025/11/28 01:10:49.356826 [Incident:Info:toast@toast-new:FM updated] FM updated
2025/11/28 01:10:49.357586 [Simulation:Info:toast@toast-new:Simulation not generated] Magnitude 5.88 of event bmg2025xgga is smaller than triggerMinMagnitude: no automatic simulation
2025/11/28 06:31:28.673878 [Incident:Info:toast@toast-new:Origin updated] Origin updated: OT: 2025-11-27 17:11:27,  Lat/Lon: 61.6329°/-150.928°, Depth: 89.5108
2025/11/28 06:31:28.674777 [Incident:Info:toast@toast-new:Magnitude updated] Magnitude updated: 5.87 (Mw(mB))
2025/11/28 06:31:28.675339 [Simulation:Info:toast@toast-new:Simulation not generated] Magnitude 5.87 of event bmg2025xgga is smaller than triggerMinMagnitude: no automatic simulation
2025/11/28 06:31:28.745858 [Incident:Info:toast@toast-new:Origin updated] Origin updated: OT: 2025-11-27 17:11:27,  Lat/Lon: 61.6329°/-150.928°, Depth: 89.5108
2025/11/28 06:31:28.746462 [Incident:Info:toast@toast-new:Magnitude updated] Magnitude updated: 5.93 (mb)
2025/11/28 06:31:28.746817 [Simulation:Info:toast@toast-new:Simulation not generated] Magnitude 5.93 of event bmg2025xgga is smaller than triggerMinMagnitude: no automatic simulation
2025/11/28 06:35:03.288783 [Incident:Info:toast@toast-new:Origin updated] Origin updated: OT: 2025-11-27 17:11:27,  Lat/Lon: 61.6329°/-150.928°, Depth: 89.5108
2025/11/28 06:35:03.289801 [Incident:Info:toast@toast-new:FM updated] FM updated
2025/11/28 06:35:03.290670 [Simulation:Info:toast@toast-new:Simulation not generated] Magnitude 5.93 of event bmg2025xgga is smaller than triggerMinMagnitude: no automatic simulation
2025/11/28 06:35:26.389429 [Incident:Info:toast@toast-new:Origin updated] Origin updated: OT: 2025-11-27 17:11:27,  Lat/Lon: 61.6329°/-150.928°, Depth: 89.5108
2025/11/28 06:35:26.391048 [Incident:Info:toast@toast-new:FM updated] FM updated
2025/11/28 06:35:26.392501 [Simulation:Info:toast@toast-new:Simulation not generated] Magnitude 5.93 of event bmg2025xgga is smaller than triggerMinMagnitude: no automatic simulation
2025/11/28 06:35:26.406044 [Incident:Info:toast@toast-new:Origin updated] Origin updated: OT: 2025-11-27 17:11:27,  Lat/Lon: 61.6329°/-150.928°, Depth: 89.5108
2025/11/28 06:35:26.406690 [Incident:Info:toast@toast-new:Magnitude updated] Magnitude updated: 5.94 (Mw)
2025/11/28 06:35:26.407189 [Simulation:Info:toast@toast-new:Simulation not generated] Magnitude 5.94 of event bmg2025xgga is smaller than triggerMinMagnitude: no automatic simulation
2025/11/28 06:35:33.857978 [Incident:Info:toast@toast-new:Origin updated] Origin updated: OT: 2025-11-27 17:11:27,  Lat/Lon: 61.6329°/-150.928°, Depth: 89.5108
2025/11/28 06:35:33.858970 [Incident:Info:toast@toast-new:Magnitude updated] Magnitude updated: 5.97 (Mw)
2025/11/28 06:35:33.859621 [Incident:Info:toast@toast-new:FM updated] FM updated
2025/11/28 06:35:33.860316 [Simulation:Info:toast@toast-new:Simulation not generated] Magnitude 5.97 of event bmg2025xgga is smaller than triggerMinMagnitude: no automatic simulation
