2025/11/29 13:10:32.138699 [Incident:Info:toast@toast-new:Displacement(s) updated] Added 0 and changed 0 displacements with 0 amplitudes
2025/11/29 13:10:32.139602 [Incident:Info:toast@toast-new:Incident created] Incident created based on event received from messaging: OT: 2025-11-29 06:04:30,  Lat/Lon: -6.29°/158.08°, Depth: 10.00, Mag: 5.87 (M)
2025/11/29 13:10:32.140223 [Simulation:Info:toast@toast-new:Simulation not generated] Magnitude 5.87 of event bmg2025xjbb is smaller than triggerMinMagnitude: no automatic simulation
2025/11/29 13:10:32.159793 [Incident:Info:toast@toast-new:Origin updated] Origin updated: OT: 2025-11-29 06:04:30,  Lat/Lon: -6.28835°/158.084°, Depth: 10
2025/11/29 13:10:32.159941 [Simulation:Info:toast@toast-new:Simulation not generated] Magnitude 5.87 of event bmg2025xjbb is smaller than triggerMinMagnitude: no automatic simulation
2025/11/29 13:10:33.659219 [Incident:Info:toast@toast-new:Origin updated] Origin updated: OT: 2025-11-29 06:04:30,  Lat/Lon: -6.28835°/158.084°, Depth: 10
2025/11/29 13:10:33.659426 [Incident:Info:toast@toast-new:Magnitude updated] Magnitude updated: 5.87 (M)
2025/11/29 13:10:33.659474 [Simulation:Info:toast@toast-new:Simulation not generated] Magnitude 5.87 of event bmg2025xjbb is smaller than triggerMinMagnitude: no automatic simulation
2025/11/29 13:10:38.659939 [Incident:Info:toast@toast-new:Origin updated] Origin updated: OT: 2025-11-29 06:04:30,  Lat/Lon: -6.28835°/158.084°, Depth: 10
2025/11/29 13:10:38.660129 [Incident:Info:toast@toast-new:Magnitude updated] Magnitude updated: 5.83 (M)
2025/11/29 13:10:38.660173 [Simulation:Info:toast@toast-new:Simulation not generated] Magnitude 5.83 of event bmg2025xjbb is smaller than triggerMinMagnitude: no automatic simulation
2025/11/29 13:10:41.941591 [Incident:Info:toast@toast-new:Origin updated] Origin updated: OT: 2025-11-29 06:04:30,  Lat/Lon: -6.33121°/158.148°, Depth: 10
2025/11/29 13:10:41.941803 [Incident:Info:toast@toast-new:Magnitude updated] Magnitude updated: 5.83 (M)
2025/11/29 13:10:41.941839 [Simulation:Info:toast@toast-new:Simulation not generated] Magnitude 5.83 of event bmg2025xjbb is smaller than triggerMinMagnitude: no automatic simulation
2025/11/29 13:10:51.951627 [Incident:Info:toast@toast-new:Origin updated] Origin updated: OT: 2025-11-29 06:04:27,  Lat/Lon: -6.43265°/158.369°, Depth: 10
2025/11/29 13:10:51.951834 [Incident:Info:toast@toast-new:Magnitude updated] Magnitude updated: 5.83 (M)
2025/11/29 13:10:51.951876 [Simulation:Info:toast@toast-new:Simulation not generated] Magnitude 5.83 of event bmg2025xjbb is smaller than triggerMinMagnitude: no automatic simulation
2025/11/29 13:11:03.669407 [Incident:Info:toast@toast-new:Origin updated] Origin updated: OT: 2025-11-29 06:04:26,  Lat/Lon: -6.50106°/158.502°, Depth: 10
2025/11/29 13:11:03.669612 [Incident:Info:toast@toast-new:Magnitude updated] Magnitude updated: 5.86 (M)
2025/11/29 13:11:03.669656 [Simulation:Info:toast@toast-new:Simulation not generated] Magnitude 5.86 of event bmg2025xjbb is smaller than triggerMinMagnitude: no automatic simulation
2025/11/29 13:11:08.681522 [Incident:Info:toast@toast-new:Origin updated] Origin updated: OT: 2025-11-29 06:04:26,  Lat/Lon: -6.50106°/158.502°, Depth: 10
2025/11/29 13:11:08.681711 [Incident:Info:toast@toast-new:Magnitude updated] Magnitude updated: 5.84 (M)
2025/11/29 13:11:08.681757 [Simulation:Info:toast@toast-new:Simulation not generated] Magnitude 5.84 of event bmg2025xjbb is smaller than triggerMinMagnitude: no automatic simulation
2025/11/29 13:11:13.666864 [Incident:Info:toast@toast-new:Origin updated] Origin updated: OT: 2025-11-29 06:04:26,  Lat/Lon: -6.50106°/158.502°, Depth: 10
2025/11/29 13:11:13.667047 [Incident:Info:toast@toast-new:Magnitude updated] Magnitude updated: 5.79 (M)
2025/11/29 13:11:13.667087 [Simulation:Info:toast@toast-new:Simulation not generated] Magnitude 5.79 of event bmg2025xjbb is smaller than triggerMinMagnitude: no automatic simulation
2025/11/29 13:11:18.665519 [Incident:Info:toast@toast-new:Origin updated] Origin updated: OT: 2025-11-29 06:04:26,  Lat/Lon: -6.50106°/158.502°, Depth: 10
2025/11/29 13:11:18.665707 [Incident:Info:toast@toast-new:Magnitude updated] Magnitude updated: 5.78 (M)
2025/11/29 13:11:18.665747 [Simulation:Info:toast@toast-new:Simulation not generated] Magnitude 5.78 of event bmg2025xjbb is smaller than triggerMinMagnitude: no automatic simulation
2025/11/29 13:11:22.009753 [Incident:Info:toast@toast-new:Origin updated] Origin updated: OT: 2025-11-29 06:04:26,  Lat/Lon: -6.52745°/158.485°, Depth: 10
2025/11/29 13:11:22.009955 [Incident:Info:toast@toast-new:Magnitude updated] Magnitude updated: 5.78 (M)
2025/11/29 13:11:22.009997 [Simulation:Info:toast@toast-new:Simulation not generated] Magnitude 5.78 of event bmg2025xjbb is smaller than triggerMinMagnitude: no automatic simulation
2025/11/29 13:11:28.670877 [Incident:Info:toast@toast-new:Origin updated] Origin updated: OT: 2025-11-29 06:04:26,  Lat/Lon: -6.52745°/158.485°, Depth: 10
2025/11/29 13:11:28.671076 [Incident:Info:toast@toast-new:Magnitude updated] Magnitude updated: 5.72 (M)
2025/11/29 13:11:28.671122 [Simulation:Info:toast@toast-new:Simulation not generated] Magnitude 5.72 of event bmg2025xjbb is smaller than triggerMinMagnitude: no automatic simulation
2025/11/29 13:11:33.671747 [Incident:Info:toast@toast-new:Origin updated] Origin updated: OT: 2025-11-29 06:04:26,  Lat/Lon: -6.52745°/158.485°, Depth: 10
2025/11/29 13:11:33.671912 [Incident:Info:toast@toast-new:Magnitude updated] Magnitude updated: 5.72 (M)
2025/11/29 13:11:33.671953 [Simulation:Info:toast@toast-new:Simulation not generated] Magnitude 5.72 of event bmg2025xjbb is smaller than triggerMinMagnitude: no automatic simulation
2025/11/29 13:11:39.188405 [Incident:Info:toast@toast-new:Origin updated] Origin updated: OT: 2025-11-29 06:04:25,  Lat/Lon: -6.59674°/158.514°, Depth: 10
2025/11/29 13:11:39.188618 [Incident:Info:toast@toast-new:Magnitude updated] Magnitude updated: 5.72 (M)
2025/11/29 13:11:39.188659 [Simulation:Info:toast@toast-new:Simulation not generated] Magnitude 5.72 of event bmg2025xjbb is smaller than triggerMinMagnitude: no automatic simulation
2025/11/29 13:11:43.674581 [Incident:Info:toast@toast-new:Origin updated] Origin updated: OT: 2025-11-29 06:04:25,  Lat/Lon: -6.59674°/158.514°, Depth: 10
2025/11/29 13:11:43.674766 [Incident:Info:toast@toast-new:Magnitude updated] Magnitude updated: 5.76 (M)
2025/11/29 13:11:43.674811 [Simulation:Info:toast@toast-new:Simulation not generated] Magnitude 5.76 of event bmg2025xjbb is smaller than triggerMinMagnitude: no automatic simulation
2025/11/29 13:11:48.684603 [Incident:Info:toast@toast-new:Origin updated] Origin updated: OT: 2025-11-29 06:04:25,  Lat/Lon: -6.59674°/158.514°, Depth: 10
2025/11/29 13:11:48.684810 [Incident:Info:toast@toast-new:Magnitude updated] Magnitude updated: 5.76 (M)
2025/11/29 13:11:48.684870 [Simulation:Info:toast@toast-new:Simulation not generated] Magnitude 5.76 of event bmg2025xjbb is smaller than triggerMinMagnitude: no automatic simulation
2025/11/29 13:11:53.654268 [Incident:Info:toast@toast-new:Origin updated] Origin updated: OT: 2025-11-29 06:04:25,  Lat/Lon: -6.59674°/158.514°, Depth: 10
2025/11/29 13:11:53.654470 [Incident:Info:toast@toast-new:Magnitude updated] Magnitude updated: 5.76 (M)
2025/11/29 13:11:53.654521 [Simulation:Info:toast@toast-new:Simulation not generated] Magnitude 5.76 of event bmg2025xjbb is smaller than triggerMinMagnitude: no automatic simulation
2025/11/29 13:11:59.320397 [Incident:Info:toast@toast-new:Origin updated] Origin updated: OT: 2025-11-29 06:04:26,  Lat/Lon: -6.61856°/158.499°, Depth: 10
2025/11/29 13:11:59.320617 [Incident:Info:toast@toast-new:Magnitude updated] Magnitude updated: 5.76 (M)
2025/11/29 13:11:59.320666 [Simulation:Info:toast@toast-new:Simulation not generated] Magnitude 5.76 of event bmg2025xjbb is smaller than triggerMinMagnitude: no automatic simulation
2025/11/29 13:12:03.687505 [Incident:Info:toast@toast-new:Origin updated] Origin updated: OT: 2025-11-29 06:04:26,  Lat/Lon: -6.61856°/158.499°, Depth: 10
2025/11/29 13:12:03.687711 [Incident:Info:toast@toast-new:Magnitude updated] Magnitude updated: 5.74 (M)
2025/11/29 13:12:03.687767 [Simulation:Info:toast@toast-new:Simulation not generated] Magnitude 5.74 of event bmg2025xjbb is smaller than triggerMinMagnitude: no automatic simulation
2025/11/29 13:12:08.676136 [Incident:Info:toast@toast-new:Origin updated] Origin updated: OT: 2025-11-29 06:04:26,  Lat/Lon: -6.61856°/158.499°, Depth: 10
2025/11/29 13:12:08.676340 [Incident:Info:toast@toast-new:Magnitude updated] Magnitude updated: 5.74 (M)
2025/11/29 13:12:08.676382 [Simulation:Info:toast@toast-new:Simulation not generated] Magnitude 5.74 of event bmg2025xjbb is smaller than triggerMinMagnitude: no automatic simulation
2025/11/29 13:12:18.649061 [Incident:Info:toast@toast-new:Origin updated] Origin updated: OT: 2025-11-29 06:04:26,  Lat/Lon: -6.61856°/158.499°, Depth: 10
2025/11/29 13:12:18.649270 [Incident:Info:toast@toast-new:Magnitude updated] Magnitude updated: 5.74 (M)
2025/11/29 13:12:18.649310 [Simulation:Info:toast@toast-new:Simulation not generated] Magnitude 5.74 of event bmg2025xjbb is smaller than triggerMinMagnitude: no automatic simulation
2025/11/29 13:12:21.316850 [Incident:Info:toast@toast-new:Origin updated] Origin updated: OT: 2025-11-29 06:04:26,  Lat/Lon: -6.53489°/158.438°, Depth: 10
2025/11/29 13:12:21.317021 [Incident:Info:toast@toast-new:Magnitude updated] Magnitude updated: 5.73 (M)
2025/11/29 13:12:21.317053 [Simulation:Info:toast@toast-new:Simulation not generated] Magnitude 5.73 of event bmg2025xjbb is smaller than triggerMinMagnitude: no automatic simulation
2025/11/29 13:12:23.681536 [Incident:Info:toast@toast-new:Origin updated] Origin updated: OT: 2025-11-29 06:04:26,  Lat/Lon: -6.53489°/158.438°, Depth: 10
2025/11/29 13:12:23.681741 [Incident:Info:toast@toast-new:Magnitude updated] Magnitude updated: 5.74 (M)
2025/11/29 13:12:23.681797 [Simulation:Info:toast@toast-new:Simulation not generated] Magnitude 5.74 of event bmg2025xjbb is smaller than triggerMinMagnitude: no automatic simulation
2025/11/29 13:12:28.691828 [Incident:Info:toast@toast-new:Origin updated] Origin updated: OT: 2025-11-29 06:04:26,  Lat/Lon: -6.53489°/158.438°, Depth: 10
2025/11/29 13:12:28.692026 [Incident:Info:toast@toast-new:Magnitude updated] Magnitude updated: 5.73 (M)
2025/11/29 13:12:28.692067 [Simulation:Info:toast@toast-new:Simulation not generated] Magnitude 5.73 of event bmg2025xjbb is smaller than triggerMinMagnitude: no automatic simulation
2025/11/29 13:12:31.700642 [Incident:Info:toast@toast-new:Origin updated] Origin updated: OT: 2025-11-29 06:04:26,  Lat/Lon: -6.58227°/158.44°, Depth: 10
2025/11/29 13:12:31.700839 [Incident:Info:toast@toast-new:Magnitude updated] Magnitude updated: 5.73 (M)
2025/11/29 13:12:31.700884 [Simulation:Info:toast@toast-new:Simulation not generated] Magnitude 5.73 of event bmg2025xjbb is smaller than triggerMinMagnitude: no automatic simulation
2025/11/29 13:12:33.691397 [Incident:Info:toast@toast-new:Origin updated] Origin updated: OT: 2025-11-29 06:04:26,  Lat/Lon: -6.58227°/158.44°, Depth: 10
2025/11/29 13:12:33.691575 [Incident:Info:toast@toast-new:Magnitude updated] Magnitude updated: 5.75 (M)
2025/11/29 13:12:33.691616 [Simulation:Info:toast@toast-new:Simulation not generated] Magnitude 5.75 of event bmg2025xjbb is smaller than triggerMinMagnitude: no automatic simulation
2025/11/29 13:12:38.701769 [Incident:Info:toast@toast-new:Origin updated] Origin updated: OT: 2025-11-29 06:04:26,  Lat/Lon: -6.58227°/158.44°, Depth: 10
2025/11/29 13:12:38.701964 [Incident:Info:toast@toast-new:Magnitude updated] Magnitude updated: 5.72 (Mw(mB))
2025/11/29 13:12:38.702006 [Simulation:Info:toast@toast-new:Simulation not generated] Magnitude 5.72 of event bmg2025xjbb is smaller than triggerMinMagnitude: no automatic simulation
2025/11/29 13:12:38.719920 [Incident:Info:toast@toast-new:Origin updated] Origin updated: OT: 2025-11-29 06:04:26,  Lat/Lon: -6.58227°/158.44°, Depth: 10
2025/11/29 13:12:38.720058 [Simulation:Info:toast@toast-new:Simulation not generated] Magnitude 5.72 of event bmg2025xjbb is smaller than triggerMinMagnitude: no automatic simulation
2025/11/29 13:12:43.716350 [Incident:Info:toast@toast-new:Origin updated] Origin updated: OT: 2025-11-29 06:04:26,  Lat/Lon: -6.58227°/158.44°, Depth: 10
2025/11/29 13:12:43.716540 [Incident:Info:toast@toast-new:Magnitude updated] Magnitude updated: 5.66 (Mw(mB))
2025/11/29 13:12:43.716581 [Simulation:Info:toast@toast-new:Simulation not generated] Magnitude 5.66 of event bmg2025xjbb is smaller than triggerMinMagnitude: no automatic simulation
2025/11/29 13:12:48.707301 [Incident:Info:toast@toast-new:Origin updated] Origin updated: OT: 2025-11-29 06:04:26,  Lat/Lon: -6.58227°/158.44°, Depth: 10
2025/11/29 13:12:48.707519 [Incident:Info:toast@toast-new:Magnitude updated] Magnitude updated: 5.65 (Mw(mB))
2025/11/29 13:12:48.707562 [Simulation:Info:toast@toast-new:Simulation not generated] Magnitude 5.65 of event bmg2025xjbb is smaller than triggerMinMagnitude: no automatic simulation
2025/11/29 13:12:53.719012 [Incident:Info:toast@toast-new:Origin updated] Origin updated: OT: 2025-11-29 06:04:26,  Lat/Lon: -6.58227°/158.44°, Depth: 10
2025/11/29 13:12:53.719213 [Incident:Info:toast@toast-new:Magnitude updated] Magnitude updated: 5.65 (Mw(mB))
2025/11/29 13:12:53.719258 [Simulation:Info:toast@toast-new:Simulation not generated] Magnitude 5.65 of event bmg2025xjbb is smaller than triggerMinMagnitude: no automatic simulation
2025/11/29 13:12:58.681042 [Incident:Info:toast@toast-new:Origin updated] Origin updated: OT: 2025-11-29 06:04:26,  Lat/Lon: -6.58227°/158.44°, Depth: 10
2025/11/29 13:12:58.681254 [Incident:Info:toast@toast-new:Magnitude updated] Magnitude updated: 5.66 (Mw(mB))
2025/11/29 13:12:58.681311 [Simulation:Info:toast@toast-new:Simulation not generated] Magnitude 5.66 of event bmg2025xjbb is smaller than triggerMinMagnitude: no automatic simulation
2025/11/29 13:13:03.684283 [Incident:Info:toast@toast-new:Origin updated] Origin updated: OT: 2025-11-29 06:04:26,  Lat/Lon: -6.58227°/158.44°, Depth: 10
2025/11/29 13:13:03.684479 [Incident:Info:toast@toast-new:Magnitude updated] Magnitude updated: 5.64 (Mw(mB))
2025/11/29 13:13:03.684526 [Simulation:Info:toast@toast-new:Simulation not generated] Magnitude 5.64 of event bmg2025xjbb is smaller than triggerMinMagnitude: no automatic simulation
2025/11/29 13:13:04.723734 [Incident:Info:toast@toast-new:Origin updated] Origin updated: OT: 2025-11-29 06:04:26,  Lat/Lon: -6.75365°/158.444°, Depth: 10
2025/11/29 13:13:04.723934 [Incident:Info:toast@toast-new:Magnitude updated] Magnitude updated: 5.65 (Mw(mB))
2025/11/29 13:13:04.723976 [Simulation:Info:toast@toast-new:Simulation not generated] Magnitude 5.65 of event bmg2025xjbb is smaller than triggerMinMagnitude: no automatic simulation
2025/11/29 13:13:08.680840 [Incident:Info:toast@toast-new:Origin updated] Origin updated: OT: 2025-11-29 06:04:26,  Lat/Lon: -6.75365°/158.444°, Depth: 10
2025/11/29 13:13:08.681035 [Incident:Info:toast@toast-new:Magnitude updated] Magnitude updated: 5.64 (Mw(mB))
2025/11/29 13:13:08.681079 [Simulation:Info:toast@toast-new:Simulation not generated] Magnitude 5.64 of event bmg2025xjbb is smaller than triggerMinMagnitude: no automatic simulation
2025/11/29 13:13:13.676947 [Incident:Info:toast@toast-new:Origin updated] Origin updated: OT: 2025-11-29 06:04:26,  Lat/Lon: -6.75365°/158.444°, Depth: 10
2025/11/29 13:13:13.677152 [Incident:Info:toast@toast-new:Magnitude updated] Magnitude updated: 5.64 (Mw(mB))
2025/11/29 13:13:13.677198 [Simulation:Info:toast@toast-new:Simulation not generated] Magnitude 5.64 of event bmg2025xjbb is smaller than triggerMinMagnitude: no automatic simulation
2025/11/29 13:13:18.678232 [Incident:Info:toast@toast-new:Origin updated] Origin updated: OT: 2025-11-29 06:04:26,  Lat/Lon: -6.75365°/158.444°, Depth: 10
2025/11/29 13:13:18.678422 [Incident:Info:toast@toast-new:Magnitude updated] Magnitude updated: 5.63 (Mw(mB))
2025/11/29 13:13:18.678467 [Simulation:Info:toast@toast-new:Simulation not generated] Magnitude 5.63 of event bmg2025xjbb is smaller than triggerMinMagnitude: no automatic simulation
2025/11/29 13:13:23.679904 [Incident:Info:toast@toast-new:Origin updated] Origin updated: OT: 2025-11-29 06:04:26,  Lat/Lon: -6.75365°/158.444°, Depth: 10
2025/11/29 13:13:23.680108 [Incident:Info:toast@toast-new:Magnitude updated] Magnitude updated: 5.64 (Mw(mB))
2025/11/29 13:13:23.680155 [Simulation:Info:toast@toast-new:Simulation not generated] Magnitude 5.64 of event bmg2025xjbb is smaller than triggerMinMagnitude: no automatic simulation
2025/11/29 13:13:33.684164 [Incident:Info:toast@toast-new:Origin updated] Origin updated: OT: 2025-11-29 06:04:26,  Lat/Lon: -6.75365°/158.444°, Depth: 10
2025/11/29 13:13:33.684366 [Incident:Info:toast@toast-new:Magnitude updated] Magnitude updated: 5.66 (Mw(mB))
2025/11/29 13:13:33.684416 [Simulation:Info:toast@toast-new:Simulation not generated] Magnitude 5.66 of event bmg2025xjbb is smaller than triggerMinMagnitude: no automatic simulation
2025/11/29 13:13:38.684267 [Incident:Info:toast@toast-new:Origin updated] Origin updated: OT: 2025-11-29 06:04:26,  Lat/Lon: -6.75365°/158.444°, Depth: 10
2025/11/29 13:13:38.684483 [Incident:Info:toast@toast-new:Magnitude updated] Magnitude updated: 5.65 (Mw(mB))
2025/11/29 13:13:38.684540 [Simulation:Info:toast@toast-new:Simulation not generated] Magnitude 5.65 of event bmg2025xjbb is smaller than triggerMinMagnitude: no automatic simulation
2025/11/29 13:13:44.857660 [Incident:Info:toast@toast-new:Origin updated] Origin updated: OT: 2025-11-29 06:04:29,  Lat/Lon: -6.96116°/158.137°, Depth: 10
2025/11/29 13:13:44.857789 [Incident:Info:toast@toast-new:Magnitude updated] Magnitude updated: 5.67 (Mw(mB))
2025/11/29 13:13:44.857810 [Simulation:Info:toast@toast-new:Simulation not generated] Magnitude 5.67 of event bmg2025xjbb is smaller than triggerMinMagnitude: no automatic simulation
2025/11/29 13:13:48.683118 [Incident:Info:toast@toast-new:Origin updated] Origin updated: OT: 2025-11-29 06:04:29,  Lat/Lon: -6.96116°/158.137°, Depth: 10
2025/11/29 13:13:48.683301 [Incident:Info:toast@toast-new:Magnitude updated] Magnitude updated: 5.68 (Mw(mB))
2025/11/29 13:13:48.683355 [Simulation:Info:toast@toast-new:Simulation not generated] Magnitude 5.68 of event bmg2025xjbb is smaller than triggerMinMagnitude: no automatic simulation
2025/11/29 13:14:03.683331 [Incident:Info:toast@toast-new:Origin updated] Origin updated: OT: 2025-11-29 06:04:29,  Lat/Lon: -6.96116°/158.137°, Depth: 10
2025/11/29 13:14:03.683543 [Incident:Info:toast@toast-new:Magnitude updated] Magnitude updated: 5.71 (Mw(mB))
2025/11/29 13:14:03.683585 [Simulation:Info:toast@toast-new:Simulation not generated] Magnitude 5.71 of event bmg2025xjbb is smaller than triggerMinMagnitude: no automatic simulation
2025/11/29 13:14:05.195673 [Incident:Info:toast@toast-new:Origin updated] Origin updated: OT: 2025-11-29 06:04:29,  Lat/Lon: -6.96116°/158.137°, Depth: 10
2025/11/29 13:14:05.195864 [Incident:Info:toast@toast-new:Magnitude updated] Magnitude updated: 5.70 (Mw(mB))
2025/11/29 13:14:05.195904 [Simulation:Info:toast@toast-new:Simulation not generated] Magnitude 5.70 of event bmg2025xjbb is smaller than triggerMinMagnitude: no automatic simulation
2025/11/29 13:14:05.213402 [Incident:Info:toast@toast-new:Origin updated] Origin updated: OT: 2025-11-29 06:04:29,  Lat/Lon: -6.81354°/158.042°, Depth: 10
2025/11/29 13:14:05.213527 [Incident:Info:toast@toast-new:Magnitude updated] Magnitude updated: 5.70 (Mw(mB))
2025/11/29 13:14:05.213553 [Simulation:Info:toast@toast-new:Simulation not generated] Magnitude 5.70 of event bmg2025xjbb is smaller than triggerMinMagnitude: no automatic simulation
2025/11/29 13:14:08.751532 [Incident:Info:toast@toast-new:Origin updated] Origin updated: OT: 2025-11-29 06:04:29,  Lat/Lon: -6.81354°/158.042°, Depth: 10
2025/11/29 13:14:08.751725 [Incident:Info:toast@toast-new:Magnitude updated] Magnitude updated: 5.70 (Mw(mB))
2025/11/29 13:14:08.751766 [Simulation:Info:toast@toast-new:Simulation not generated] Magnitude 5.70 of event bmg2025xjbb is smaller than triggerMinMagnitude: no automatic simulation
2025/11/29 13:14:13.737137 [Incident:Info:toast@toast-new:Origin updated] Origin updated: OT: 2025-11-29 06:04:29,  Lat/Lon: -6.81354°/158.042°, Depth: 10
2025/11/29 13:14:13.737349 [Incident:Info:toast@toast-new:Magnitude updated] Magnitude updated: 5.72 (Mw(mB))
2025/11/29 13:14:13.737389 [Simulation:Info:toast@toast-new:Simulation not generated] Magnitude 5.72 of event bmg2025xjbb is smaller than triggerMinMagnitude: no automatic simulation
2025/11/29 13:14:18.738152 [Incident:Info:toast@toast-new:Origin updated] Origin updated: OT: 2025-11-29 06:04:29,  Lat/Lon: -6.81354°/158.042°, Depth: 10
2025/11/29 13:14:18.738348 [Incident:Info:toast@toast-new:Magnitude updated] Magnitude updated: 5.73 (Mw(mB))
2025/11/29 13:14:18.738394 [Simulation:Info:toast@toast-new:Simulation not generated] Magnitude 5.73 of event bmg2025xjbb is smaller than triggerMinMagnitude: no automatic simulation
2025/11/29 13:14:23.687791 [Incident:Info:toast@toast-new:Origin updated] Origin updated: OT: 2025-11-29 06:04:29,  Lat/Lon: -6.81354°/158.042°, Depth: 10
2025/11/29 13:14:23.687981 [Incident:Info:toast@toast-new:Magnitude updated] Magnitude updated: 5.73 (Mw(mB))
2025/11/29 13:14:23.688022 [Simulation:Info:toast@toast-new:Simulation not generated] Magnitude 5.73 of event bmg2025xjbb is smaller than triggerMinMagnitude: no automatic simulation
2025/11/29 13:14:28.691562 [Incident:Info:toast@toast-new:Origin updated] Origin updated: OT: 2025-11-29 06:04:29,  Lat/Lon: -6.81354°/158.042°, Depth: 10
2025/11/29 13:14:28.691746 [Incident:Info:toast@toast-new:Magnitude updated] Magnitude updated: 5.74 (Mw(mB))
2025/11/29 13:14:28.691786 [Simulation:Info:toast@toast-new:Simulation not generated] Magnitude 5.74 of event bmg2025xjbb is smaller than triggerMinMagnitude: no automatic simulation
2025/11/29 13:14:33.692255 [Incident:Info:toast@toast-new:Origin updated] Origin updated: OT: 2025-11-29 06:04:29,  Lat/Lon: -6.81354°/158.042°, Depth: 10
2025/11/29 13:14:33.692442 [Incident:Info:toast@toast-new:Magnitude updated] Magnitude updated: 5.74 (Mw(mB))
2025/11/29 13:14:33.692483 [Simulation:Info:toast@toast-new:Simulation not generated] Magnitude 5.74 of event bmg2025xjbb is smaller than triggerMinMagnitude: no automatic simulation
2025/11/29 13:14:38.689786 [Incident:Info:toast@toast-new:Origin updated] Origin updated: OT: 2025-11-29 06:04:29,  Lat/Lon: -6.81354°/158.042°, Depth: 10
2025/11/29 13:14:38.689959 [Incident:Info:toast@toast-new:Magnitude updated] Magnitude updated: 5.76 (Mw(mB))
2025/11/29 13:14:38.690003 [Simulation:Info:toast@toast-new:Simulation not generated] Magnitude 5.76 of event bmg2025xjbb is smaller than triggerMinMagnitude: no automatic simulation
2025/11/29 13:15:06.357193 [Incident:Info:toast@toast-new:Origin updated] Origin updated: OT: 2025-11-29 06:04:29,  Lat/Lon: -6.80986°/158.087°, Depth: 10
2025/11/29 13:15:06.357418 [Incident:Info:toast@toast-new:Magnitude updated] Magnitude updated: 5.77 (Mw(mB))
2025/11/29 13:15:06.357463 [Simulation:Info:toast@toast-new:Simulation not generated] Magnitude 5.77 of event bmg2025xjbb is smaller than triggerMinMagnitude: no automatic simulation
2025/11/29 13:15:23.691078 [Incident:Info:toast@toast-new:Origin updated] Origin updated: OT: 2025-11-29 06:04:29,  Lat/Lon: -6.80986°/158.087°, Depth: 10
2025/11/29 13:15:23.691275 [Incident:Info:toast@toast-new:Magnitude updated] Magnitude updated: 5.78 (Mw(mB))
2025/11/29 13:15:23.691329 [Simulation:Info:toast@toast-new:Simulation not generated] Magnitude 5.78 of event bmg2025xjbb is smaller than triggerMinMagnitude: no automatic simulation
2025/11/29 13:15:33.692655 [Incident:Info:toast@toast-new:Origin updated] Origin updated: OT: 2025-11-29 06:04:29,  Lat/Lon: -6.80986°/158.087°, Depth: 10
2025/11/29 13:15:33.692845 [Incident:Info:toast@toast-new:Magnitude updated] Magnitude updated: 5.78 (Mw(mB))
2025/11/29 13:15:33.692885 [Simulation:Info:toast@toast-new:Simulation not generated] Magnitude 5.78 of event bmg2025xjbb is smaller than triggerMinMagnitude: no automatic simulation
2025/11/29 13:16:32.618576 [Incident:Info:toast@toast-new:Origin updated] Origin updated: OT: 2025-11-29 06:04:31,  Lat/Lon: -6.92889°/157.909°, Depth: 10
2025/11/29 13:16:32.618791 [Incident:Info:toast@toast-new:Magnitude updated] Magnitude updated: 5.78 (Mw(mB))
2025/11/29 13:16:32.618833 [Simulation:Info:toast@toast-new:Simulation not generated] Magnitude 5.78 of event bmg2025xjbb is smaller than triggerMinMagnitude: no automatic simulation
2025/11/29 13:18:07.346424 [Incident:Info:toast@toast-new:Origin updated] Origin updated: OT: 2025-11-29 06:04:30,  Lat/Lon: -6.93115°/157.922°, Depth: 10
2025/11/29 13:18:07.346597 [Incident:Info:toast@toast-new:Magnitude updated] Magnitude updated: 5.78 (Mw(mB))
2025/11/29 13:18:07.346634 [Simulation:Info:toast@toast-new:Simulation not generated] Magnitude 5.78 of event bmg2025xjbb is smaller than triggerMinMagnitude: no automatic simulation
2025/11/29 13:18:20.701321 [Incident:Info:toast@toast-new:Origin updated] Origin updated: OT: 2025-11-29 06:04:58,  Lat/Lon: -6.92236°/156.596°, Depth: 166.353
2025/11/29 13:18:20.701511 [Incident:Info:toast@toast-new:Magnitude updated] Magnitude updated: 5.45 (Mw(mB))
2025/11/29 13:18:20.701544 [Simulation:Info:toast@toast-new:Simulation not generated] Magnitude 5.45 of event bmg2025xjbb is smaller than triggerMinMagnitude: no automatic simulation
2025/11/29 16:40:08.084249 [Incident:Info:toast@toast-new:Origin updated] Origin updated: OT: 2025-11-29 06:04:55,  Lat/Lon: -6.91403°/156.731°, Depth: 149.555
2025/11/29 16:40:08.084477 [Incident:Info:toast@toast-new:Magnitude updated] Magnitude updated: 5.50 (Mw(mB))
2025/11/29 16:40:08.084520 [Simulation:Info:toast@toast-new:Simulation not generated] Magnitude 5.50 of event bmg2025xjbb is smaller than triggerMinMagnitude: no automatic simulation
