2025/11/05 06:41:39.326186 [Incident:Info:toast@toast-new:Displacement(s) updated] Added 0 and changed 0 displacements with 0 amplitudes
2025/11/05 06:41:39.326884 [Incident:Info:toast@toast-new:Incident created] Incident created based on event received from messaging: OT: 2025-11-04 23:28:58,  Lat/Lon: 52.20°/159.93°, Depth: 10.00, Mag: 5.92 (M)
2025/11/05 06:41:39.327548 [Simulation:Info:toast@toast-new:Simulation not generated] Magnitude 5.92 of event bmg2025vqrx is smaller than triggerMinMagnitude: no automatic simulation
2025/11/05 06:41:39.530521 [Incident:Info:toast@toast-new:Origin updated] Origin updated: OT: 2025-11-04 23:28:58,  Lat/Lon: 52.1997°/159.932°, Depth: 10
2025/11/05 06:41:39.530623 [Simulation:Info:toast@toast-new:Simulation not generated] Magnitude 5.92 of event bmg2025vqrx is smaller than triggerMinMagnitude: no automatic simulation
2025/11/05 06:41:48.314747 [Incident:Info:toast@toast-new:Origin updated] Origin updated: OT: 2025-11-04 23:28:58,  Lat/Lon: 52.1995°/159.927°, Depth: 10
2025/11/05 06:41:48.314931 [Incident:Info:toast@toast-new:Magnitude updated] Magnitude updated: 5.93 (M)
2025/11/05 06:41:48.315022 [Simulation:Info:toast@toast-new:Simulation not generated] Magnitude 5.93 of event bmg2025vqrx is smaller than triggerMinMagnitude: no automatic simulation
2025/11/05 06:41:57.713876 [Incident:Info:toast@toast-new:Origin updated] Origin updated: OT: 2025-11-04 23:28:58,  Lat/Lon: 52.2091°/159.914°, Depth: 10
2025/11/05 06:41:57.714038 [Incident:Info:toast@toast-new:Magnitude updated] Magnitude updated: 5.93 (M)
2025/11/05 06:41:57.714070 [Simulation:Info:toast@toast-new:Simulation not generated] Magnitude 5.93 of event bmg2025vqrx is smaller than triggerMinMagnitude: no automatic simulation
2025/11/05 06:42:13.665116 [Incident:Info:toast@toast-new:Origin updated] Origin updated: OT: 2025-11-04 23:28:58,  Lat/Lon: 52.2091°/159.914°, Depth: 10
2025/11/05 06:42:13.665359 [Incident:Info:toast@toast-new:Magnitude updated] Magnitude updated: 5.94 (M)
2025/11/05 06:42:13.665427 [Simulation:Info:toast@toast-new:Simulation not generated] Magnitude 5.94 of event bmg2025vqrx is smaller than triggerMinMagnitude: no automatic simulation
2025/11/05 06:42:18.669053 [Incident:Info:toast@toast-new:Origin updated] Origin updated: OT: 2025-11-04 23:28:58,  Lat/Lon: 52.2091°/159.914°, Depth: 10
2025/11/05 06:42:18.669224 [Incident:Info:toast@toast-new:Magnitude updated] Magnitude updated: 5.95 (M)
2025/11/05 06:42:18.669315 [Simulation:Info:toast@toast-new:Simulation not generated] Magnitude 5.95 of event bmg2025vqrx is smaller than triggerMinMagnitude: no automatic simulation
2025/11/05 06:42:33.512635 [Incident:Info:toast@toast-new:Origin updated] Origin updated: OT: 2025-11-04 23:28:58,  Lat/Lon: 52.2193°/159.914°, Depth: 10
2025/11/05 06:42:33.512804 [Incident:Info:toast@toast-new:Magnitude updated] Magnitude updated: 5.95 (M)
2025/11/05 06:42:33.512856 [Simulation:Info:toast@toast-new:Simulation not generated] Magnitude 5.95 of event bmg2025vqrx is smaller than triggerMinMagnitude: no automatic simulation
2025/11/05 06:42:47.735396 [Incident:Info:toast@toast-new:Origin updated] Origin updated: OT: 2025-11-04 23:28:58,  Lat/Lon: 52.2118°/159.867°, Depth: 10
2025/11/05 06:42:47.735771 [Incident:Info:toast@toast-new:Magnitude updated] Magnitude updated: 5.94 (M)
2025/11/05 06:42:47.735832 [Simulation:Info:toast@toast-new:Simulation not generated] Magnitude 5.94 of event bmg2025vqrx is smaller than triggerMinMagnitude: no automatic simulation
2025/11/05 06:42:58.673500 [Incident:Info:toast@toast-new:Origin updated] Origin updated: OT: 2025-11-04 23:28:58,  Lat/Lon: 52.2118°/159.867°, Depth: 10
2025/11/05 06:42:58.673707 [Incident:Info:toast@toast-new:Magnitude updated] Magnitude updated: 5.95 (M)
2025/11/05 06:42:58.673773 [Simulation:Info:toast@toast-new:Simulation not generated] Magnitude 5.95 of event bmg2025vqrx is smaller than triggerMinMagnitude: no automatic simulation
2025/11/05 06:43:03.683229 [Incident:Info:toast@toast-new:Origin updated] Origin updated: OT: 2025-11-04 23:28:58,  Lat/Lon: 52.2118°/159.867°, Depth: 10
2025/11/05 06:43:03.683449 [Incident:Info:toast@toast-new:Magnitude updated] Magnitude updated: 5.97 (M)
2025/11/05 06:43:03.683580 [Simulation:Info:toast@toast-new:Simulation not generated] Magnitude 5.97 of event bmg2025vqrx is smaller than triggerMinMagnitude: no automatic simulation
2025/11/05 06:43:18.666445 [Incident:Info:toast@toast-new:Origin updated] Origin updated: OT: 2025-11-04 23:28:58,  Lat/Lon: 52.2118°/159.867°, Depth: 10
2025/11/05 06:43:18.666660 [Incident:Info:toast@toast-new:Magnitude updated] Magnitude updated: 5.98 (M)
2025/11/05 06:43:18.666723 [Simulation:Info:toast@toast-new:Simulation not generated] Magnitude 5.98 of event bmg2025vqrx is smaller than triggerMinMagnitude: no automatic simulation
2025/11/05 06:51:08.900743 [Incident:Info:toast@toast-new:Origin updated] Origin updated: OT: 2025-11-04 23:28:58,  Lat/Lon: 52.2118°/159.867°, Depth: 10
2025/11/05 06:51:08.900930 [Incident:Info:toast@toast-new:FM updated] FM updated
2025/11/05 06:51:08.901172 [Simulation:Info:toast@toast-new:Simulation not generated] Magnitude 5.98 of event bmg2025vqrx is smaller than triggerMinMagnitude: no automatic simulation
2025/11/05 06:53:23.292263 [Incident:Info:toast@toast-new:Origin updated] Origin updated: OT: 2025-11-04 23:28:58,  Lat/Lon: 52.2118°/159.867°, Depth: 10
2025/11/05 06:53:23.292440 [Incident:Info:toast@toast-new:FM updated] FM updated
2025/11/05 06:53:23.292671 [Simulation:Info:toast@toast-new:Simulation not generated] Magnitude 5.98 of event bmg2025vqrx is smaller than triggerMinMagnitude: no automatic simulation
2025/11/05 06:54:27.820877 [Incident:Info:toast@toast-new:Origin updated] Origin updated: OT: 2025-11-04 23:28:58,  Lat/Lon: 52.2118°/159.867°, Depth: 10
2025/11/05 06:54:27.821010 [Incident:Info:toast@toast-new:FM updated] FM updated
2025/11/05 06:54:27.821207 [Simulation:Info:toast@toast-new:Simulation not generated] Magnitude 5.98 of event bmg2025vqrx is smaller than triggerMinMagnitude: no automatic simulation
2025/11/05 06:56:02.923243 [Incident:Info:toast@toast-new:Origin updated] Origin updated: OT: 2025-11-04 23:28:58,  Lat/Lon: 52.2118°/159.867°, Depth: 10
2025/11/05 06:56:02.923422 [Incident:Info:toast@toast-new:FM updated] FM updated
2025/11/05 06:56:02.923667 [Simulation:Info:toast@toast-new:Simulation not generated] Magnitude 5.98 of event bmg2025vqrx is smaller than triggerMinMagnitude: no automatic simulation
2025/11/05 06:56:14.253995 [Incident:Info:toast@toast-new:Origin updated] Origin updated: OT: 2025-11-04 23:28:58,  Lat/Lon: 52.2118°/159.867°, Depth: 10
2025/11/05 06:56:14.254192 [Simulation:Info:toast@toast-new:Simulation not generated] Magnitude 5.98 of event bmg2025vqrx is smaller than triggerMinMagnitude: no automatic simulation
2025/11/05 06:56:22.971601 [Incident:Info:toast@toast-new:Origin updated] Origin updated: OT: 2025-11-04 23:28:58,  Lat/Lon: 52.2118°/159.867°, Depth: 10
2025/11/05 06:56:22.971795 [Simulation:Info:toast@toast-new:Simulation not generated] Magnitude 5.98 of event bmg2025vqrx is smaller than triggerMinMagnitude: no automatic simulation
2025/11/05 06:56:32.077108 [Incident:Info:toast@toast-new:Origin updated] Origin updated: OT: 2025-11-04 23:28:58,  Lat/Lon: 52.2118°/159.867°, Depth: 10
2025/11/05 06:56:32.077328 [Simulation:Info:toast@toast-new:Simulation not generated] Magnitude 5.98 of event bmg2025vqrx is smaller than triggerMinMagnitude: no automatic simulation
2025/11/05 06:56:42.909108 [Incident:Info:toast@toast-new:Origin updated] Origin updated: OT: 2025-11-04 23:28:58,  Lat/Lon: 52.2118°/159.867°, Depth: 10
2025/11/05 06:56:42.909310 [Simulation:Info:toast@toast-new:Simulation not generated] Magnitude 5.98 of event bmg2025vqrx is smaller than triggerMinMagnitude: no automatic simulation
2025/11/05 06:56:53.491875 [Incident:Info:toast@toast-new:Origin updated] Origin updated: OT: 2025-11-04 23:28:58,  Lat/Lon: 52.2118°/159.867°, Depth: 10
2025/11/05 06:56:53.492068 [Simulation:Info:toast@toast-new:Simulation not generated] Magnitude 5.98 of event bmg2025vqrx is smaller than triggerMinMagnitude: no automatic simulation
2025/11/05 06:57:02.361310 [Incident:Info:toast@toast-new:Origin updated] Origin updated: OT: 2025-11-04 23:28:58,  Lat/Lon: 52.2118°/159.867°, Depth: 10
2025/11/05 06:57:02.361503 [Simulation:Info:toast@toast-new:Simulation not generated] Magnitude 5.98 of event bmg2025vqrx is smaller than triggerMinMagnitude: no automatic simulation
2025/11/05 06:57:13.139173 [Incident:Info:toast@toast-new:Origin updated] Origin updated: OT: 2025-11-04 23:28:58,  Lat/Lon: 52.2118°/159.867°, Depth: 10
2025/11/05 06:57:13.139357 [Simulation:Info:toast@toast-new:Simulation not generated] Magnitude 5.98 of event bmg2025vqrx is smaller than triggerMinMagnitude: no automatic simulation
2025/11/05 06:57:23.437101 [Incident:Info:toast@toast-new:Origin updated] Origin updated: OT: 2025-11-04 23:28:58,  Lat/Lon: 52.2118°/159.867°, Depth: 10
2025/11/05 06:57:23.437305 [Simulation:Info:toast@toast-new:Simulation not generated] Magnitude 5.98 of event bmg2025vqrx is smaller than triggerMinMagnitude: no automatic simulation
2025/11/05 06:57:33.339421 [Incident:Info:toast@toast-new:Origin updated] Origin updated: OT: 2025-11-04 23:28:58,  Lat/Lon: 52.2118°/159.867°, Depth: 10
2025/11/05 06:57:33.339630 [Simulation:Info:toast@toast-new:Simulation not generated] Magnitude 5.98 of event bmg2025vqrx is smaller than triggerMinMagnitude: no automatic simulation
2025/11/05 06:57:43.859399 [Incident:Info:toast@toast-new:Origin updated] Origin updated: OT: 2025-11-04 23:28:58,  Lat/Lon: 52.2118°/159.867°, Depth: 10
2025/11/05 06:57:43.859578 [Simulation:Info:toast@toast-new:Simulation not generated] Magnitude 5.98 of event bmg2025vqrx is smaller than triggerMinMagnitude: no automatic simulation
2025/11/05 07:01:28.900346 [Incident:Info:toast@toast-new:Origin updated] Origin updated: OT: 2025-11-04 23:28:58,  Lat/Lon: 52.2118°/159.867°, Depth: 10
2025/11/05 07:01:28.900536 [Incident:Info:toast@toast-new:FM updated] FM updated
2025/11/05 07:01:28.900854 [Simulation:Info:toast@toast-new:Simulation not generated] Magnitude 5.98 of event bmg2025vqrx is smaller than triggerMinMagnitude: no automatic simulation
2025/11/05 07:02:19.075603 [Incident:Info:toast@toast-new:Origin updated] Origin updated: OT: 2025-11-04 23:28:58,  Lat/Lon: 52.2118°/159.867°, Depth: 10
2025/11/05 07:02:19.075792 [Incident:Info:toast@toast-new:FM updated] FM updated
2025/11/05 07:02:19.076070 [Simulation:Info:toast@toast-new:Simulation not generated] Magnitude 5.98 of event bmg2025vqrx is smaller than triggerMinMagnitude: no automatic simulation
2025/11/05 07:03:09.181985 [Incident:Info:toast@toast-new:Origin updated] Origin updated: OT: 2025-11-04 23:28:58,  Lat/Lon: 52.2118°/159.867°, Depth: 10
2025/11/05 07:03:09.182201 [Incident:Info:toast@toast-new:FM updated] FM updated
2025/11/05 07:03:09.182529 [Simulation:Info:toast@toast-new:Simulation not generated] Magnitude 5.98 of event bmg2025vqrx is smaller than triggerMinMagnitude: no automatic simulation
2025/11/05 07:08:19.220558 [Incident:Info:toast@toast-new:Origin updated] Origin updated: OT: 2025-11-04 23:28:58,  Lat/Lon: 52.2118°/159.867°, Depth: 10
2025/11/05 07:08:19.220763 [Simulation:Info:toast@toast-new:Simulation not generated] Magnitude 5.98 of event bmg2025vqrx is smaller than triggerMinMagnitude: no automatic simulation
2025/11/05 07:12:39.388356 [Incident:Info:toast@toast-new:Origin updated] Origin updated: OT: 2025-11-04 23:28:58,  Lat/Lon: 52.2118°/159.867°, Depth: 10
2025/11/05 07:12:39.388540 [Incident:Info:toast@toast-new:FM updated] FM updated
2025/11/05 07:12:39.388792 [Simulation:Info:toast@toast-new:Simulation not generated] Magnitude 5.98 of event bmg2025vqrx is smaller than triggerMinMagnitude: no automatic simulation
2025/11/05 07:14:49.545475 [Incident:Info:toast@toast-new:Origin updated] Origin updated: OT: 2025-11-04 23:28:58,  Lat/Lon: 52.2118°/159.867°, Depth: 10
2025/11/05 07:14:49.545681 [Incident:Info:toast@toast-new:FM updated] FM updated
2025/11/05 07:14:49.545962 [Simulation:Info:toast@toast-new:Simulation not generated] Magnitude 5.98 of event bmg2025vqrx is smaller than triggerMinMagnitude: no automatic simulation
2025/11/05 07:19:45.490472 [Incident:Info:toast@toast-new:Origin updated] Origin updated: OT: 2025-11-04 23:28:58,  Lat/Lon: 52.2118°/159.867°, Depth: 10
2025/11/05 07:19:45.490655 [Incident:Info:toast@toast-new:FM updated] FM updated
2025/11/05 07:19:45.490892 [Simulation:Info:toast@toast-new:Simulation not generated] Magnitude 5.98 of event bmg2025vqrx is smaller than triggerMinMagnitude: no automatic simulation
2025/11/05 07:22:32.665830 [Incident:Info:toast@toast-new:Origin updated] Origin updated: OT: 2025-11-04 23:28:58,  Lat/Lon: 52.2118°/159.867°, Depth: 10
2025/11/05 07:22:32.666009 [Simulation:Info:toast@toast-new:Simulation not generated] Magnitude 5.98 of event bmg2025vqrx is smaller than triggerMinMagnitude: no automatic simulation
2025/11/05 07:23:12.778505 [Incident:Info:toast@toast-new:Origin updated] Origin updated: OT: 2025-11-04 23:28:58,  Lat/Lon: 52.2118°/159.867°, Depth: 10
2025/11/05 07:23:12.778671 [Simulation:Info:toast@toast-new:Simulation not generated] Magnitude 5.98 of event bmg2025vqrx is smaller than triggerMinMagnitude: no automatic simulation
2025/11/05 12:17:15.380111 [Incident:Info:toast@toast-new:Origin updated] Origin updated: OT: 2025-11-04 23:28:58,  Lat/Lon: 52.2118°/159.867°, Depth: 10
2025/11/05 12:17:15.383760 [Incident:Info:toast@toast-new:FM updated] FM updated
2025/11/05 12:17:15.384103 [Simulation:Info:toast@toast-new:Simulation not generated] Magnitude 5.98 of event bmg2025vqrx is smaller than triggerMinMagnitude: no automatic simulation
2025/11/05 14:26:13.442537 [Incident:Info:toast@toast-new:Origin updated] Origin updated: OT: 2025-11-04 23:29:01,  Lat/Lon: 52.2617°/159.908°, Depth: 33.8554
2025/11/05 14:26:13.442886 [Incident:Info:toast@toast-new:Magnitude updated] Magnitude updated: 5.94 (mb)
2025/11/05 14:26:13.443018 [Incident:Info:toast@toast-new:FM updated] FM updated
2025/11/05 14:26:13.443379 [Simulation:Info:toast@toast-new:Simulation not generated] Magnitude 5.94 of event bmg2025vqrx is smaller than triggerMinMagnitude: no automatic simulation
2025/11/05 14:26:13.455708 [Incident:Info:toast@toast-new:Origin updated] Origin updated: OT: 2025-11-04 23:29:01,  Lat/Lon: 52.2617°/159.908°, Depth: 33.8554
2025/11/05 14:26:13.455842 [Incident:Info:toast@toast-new:Magnitude updated] Magnitude updated: 5.98 (M)
2025/11/05 14:26:13.455896 [Simulation:Info:toast@toast-new:Simulation not generated] Magnitude 5.98 of event bmg2025vqrx is smaller than triggerMinMagnitude: no automatic simulation
2025/11/05 14:26:20.111349 [Incident:Info:toast@toast-new:Origin updated] Origin updated: OT: 2025-11-04 23:29:01,  Lat/Lon: 52.2617°/159.908°, Depth: 33.8554
2025/11/05 14:26:20.111546 [Incident:Info:toast@toast-new:Magnitude updated] Magnitude updated: 5.94 (mb)
2025/11/05 14:26:20.111623 [Simulation:Info:toast@toast-new:Simulation not generated] Magnitude 5.94 of event bmg2025vqrx is smaller than triggerMinMagnitude: no automatic simulation
2025/11/07 04:36:29.252476 [Incident:Info:toast@toast-new:Origin updated] Origin updated: OT: 2025-11-04 23:28:58,  Lat/Lon: 52.1902°/159.888°, Depth: 12.055
2025/11/07 04:36:29.252667 [Incident:Info:toast@toast-new:Magnitude updated] Magnitude updated: 5.95 (mb)
2025/11/07 04:36:29.252713 [Incident:Info:toast@toast-new:FM updated] FM updated
2025/11/07 04:36:29.252912 [Simulation:Info:toast@toast-new:Simulation not generated] Magnitude 5.95 of event bmg2025vqrx is smaller than triggerMinMagnitude: no automatic simulation
2025/11/07 04:36:29.318626 [Incident:Info:toast@toast-new:Origin updated] Origin updated: OT: 2025-11-04 23:28:58,  Lat/Lon: 52.1902°/159.888°, Depth: 12.055
2025/11/07 04:36:29.318741 [Simulation:Info:toast@toast-new:Simulation not generated] Magnitude 5.95 of event bmg2025vqrx is smaller than triggerMinMagnitude: no automatic simulation
