2025/11/03 11:23:32.892612 [Incident:Info:toast@toast-new:Displacement(s) updated] Added 0 and changed 0 displacements with 0 amplitudes
2025/11/03 11:23:32.894061 [Incident:Info:toast@toast-new:Incident created] Incident created based on event received from messaging: OT: 2025-11-03 04:21:24,  Lat/Lon: 5.13°/125.37°, Depth: 10.00, Mag: 5.29 (M)
2025/11/03 11:23:32.894749 [Simulation:Info:toast@toast-new:Simulation not generated] Magnitude 5.29 of event bmg2025vnko is smaller than triggerMinMagnitude: no automatic simulation
2025/11/03 11:23:32.916146 [Incident:Info:toast@toast-new:Origin updated] Origin updated: OT: 2025-11-03 04:21:24,  Lat/Lon: 5.12892°/125.367°, Depth: 10
2025/11/03 11:23:32.916310 [Simulation:Info:toast@toast-new:Simulation not generated] Magnitude 5.29 of event bmg2025vnko is smaller than triggerMinMagnitude: no automatic simulation
2025/11/03 11:23:38.036983 [Incident:Info:toast@toast-new:Origin updated] Origin updated: OT: 2025-11-03 04:21:24,  Lat/Lon: 5.12892°/125.367°, Depth: 10
2025/11/03 11:23:38.037135 [Incident:Info:toast@toast-new:Magnitude updated] Magnitude updated: 5.30 (M)
2025/11/03 11:23:38.037161 [Simulation:Info:toast@toast-new:Simulation not generated] Magnitude 5.30 of event bmg2025vnko is smaller than triggerMinMagnitude: no automatic simulation
2025/11/03 11:23:41.333789 [Incident:Info:toast@toast-new:Origin updated] Origin updated: OT: 2025-11-03 04:21:24,  Lat/Lon: 5.10779°/125.371°, Depth: 10
2025/11/03 11:23:41.333986 [Incident:Info:toast@toast-new:Magnitude updated] Magnitude updated: 5.32 (M)
2025/11/03 11:23:41.334094 [Simulation:Info:toast@toast-new:Simulation not generated] Magnitude 5.32 of event bmg2025vnko is smaller than triggerMinMagnitude: no automatic simulation
2025/11/03 11:23:43.761832 [Incident:Info:toast@toast-new:Origin updated] Origin updated: OT: 2025-11-03 04:21:24,  Lat/Lon: 5.10779°/125.371°, Depth: 10
2025/11/03 11:23:43.762014 [Incident:Info:toast@toast-new:Magnitude updated] Magnitude updated: 5.32 (M)
2025/11/03 11:23:43.762050 [Simulation:Info:toast@toast-new:Simulation not generated] Magnitude 5.32 of event bmg2025vnko is smaller than triggerMinMagnitude: no automatic simulation
2025/11/03 11:23:48.794103 [Incident:Info:toast@toast-new:Origin updated] Origin updated: OT: 2025-11-03 04:21:24,  Lat/Lon: 5.10779°/125.371°, Depth: 10
2025/11/03 11:23:48.794291 [Incident:Info:toast@toast-new:Magnitude updated] Magnitude updated: 5.34 (M)
2025/11/03 11:23:48.794333 [Simulation:Info:toast@toast-new:Simulation not generated] Magnitude 5.34 of event bmg2025vnko is smaller than triggerMinMagnitude: no automatic simulation
2025/11/03 11:23:52.869341 [Incident:Info:toast@toast-new:Origin updated] Origin updated: OT: 2025-11-03 04:21:24,  Lat/Lon: 5.10779°/125.371°, Depth: 10
2025/11/03 11:23:52.869514 [Incident:Info:toast@toast-new:Magnitude updated] Magnitude updated: 5.34 (M)
2025/11/03 11:23:52.869547 [Simulation:Info:toast@toast-new:Simulation not generated] Magnitude 5.34 of event bmg2025vnko is smaller than triggerMinMagnitude: no automatic simulation
2025/11/03 11:23:52.905716 [Incident:Info:toast@toast-new:Origin updated] Origin updated: OT: 2025-11-03 04:21:24,  Lat/Lon: 5.12994°/125.377°, Depth: 10
2025/11/03 11:23:52.905874 [Incident:Info:toast@toast-new:Magnitude updated] Magnitude updated: 5.30 (M)
2025/11/03 11:23:52.905976 [Simulation:Info:toast@toast-new:Simulation not generated] Magnitude 5.30 of event bmg2025vnko is smaller than triggerMinMagnitude: no automatic simulation
2025/11/03 11:23:53.728024 [Incident:Info:toast@toast-new:Origin updated] Origin updated: OT: 2025-11-03 04:21:24,  Lat/Lon: 5.12994°/125.377°, Depth: 10
2025/11/03 11:23:53.728194 [Incident:Info:toast@toast-new:Magnitude updated] Magnitude updated: 5.31 (M)
2025/11/03 11:23:53.728230 [Simulation:Info:toast@toast-new:Simulation not generated] Magnitude 5.31 of event bmg2025vnko is smaller than triggerMinMagnitude: no automatic simulation
2025/11/03 11:23:58.819968 [Incident:Info:toast@toast-new:Origin updated] Origin updated: OT: 2025-11-03 04:21:24,  Lat/Lon: 5.12994°/125.377°, Depth: 10
2025/11/03 11:23:58.820194 [Incident:Info:toast@toast-new:Magnitude updated] Magnitude updated: 5.33 (M)
2025/11/03 11:23:58.820315 [Simulation:Info:toast@toast-new:Simulation not generated] Magnitude 5.33 of event bmg2025vnko is smaller than triggerMinMagnitude: no automatic simulation
2025/11/03 11:24:03.835059 [Incident:Info:toast@toast-new:Origin updated] Origin updated: OT: 2025-11-03 04:21:24,  Lat/Lon: 5.12994°/125.377°, Depth: 10
2025/11/03 11:24:03.835236 [Incident:Info:toast@toast-new:Magnitude updated] Magnitude updated: 5.34 (M)
2025/11/03 11:24:03.835270 [Simulation:Info:toast@toast-new:Simulation not generated] Magnitude 5.34 of event bmg2025vnko is smaller than triggerMinMagnitude: no automatic simulation
2025/11/03 11:24:07.168608 [Incident:Info:toast@toast-new:Origin updated] Origin updated: OT: 2025-11-03 04:21:24,  Lat/Lon: 5.12994°/125.377°, Depth: 10
2025/11/03 11:24:07.168793 [Incident:Info:toast@toast-new:Magnitude updated] Magnitude updated: 5.36 (M)
2025/11/03 11:24:07.168845 [Simulation:Info:toast@toast-new:Simulation not generated] Magnitude 5.36 of event bmg2025vnko is smaller than triggerMinMagnitude: no automatic simulation
2025/11/03 11:24:07.208944 [Incident:Info:toast@toast-new:Origin updated] Origin updated: OT: 2025-11-03 04:21:26,  Lat/Lon: 5.00104°/125.426°, Depth: 10
2025/11/03 11:24:07.209100 [Incident:Info:toast@toast-new:Magnitude updated] Magnitude updated: 5.30 (M)
2025/11/03 11:24:07.209202 [Simulation:Info:toast@toast-new:Simulation not generated] Magnitude 5.30 of event bmg2025vnko is smaller than triggerMinMagnitude: no automatic simulation
2025/11/03 11:24:08.708532 [Incident:Info:toast@toast-new:Origin updated] Origin updated: OT: 2025-11-03 04:21:26,  Lat/Lon: 5.00104°/125.426°, Depth: 10
2025/11/03 11:24:08.708681 [Incident:Info:toast@toast-new:Magnitude updated] Magnitude updated: 5.32 (M)
2025/11/03 11:24:08.708775 [Simulation:Info:toast@toast-new:Simulation not generated] Magnitude 5.32 of event bmg2025vnko is smaller than triggerMinMagnitude: no automatic simulation
2025/11/03 11:24:13.820766 [Incident:Info:toast@toast-new:Origin updated] Origin updated: OT: 2025-11-03 04:21:26,  Lat/Lon: 5.00104°/125.426°, Depth: 10
2025/11/03 11:24:13.820969 [Incident:Info:toast@toast-new:Magnitude updated] Magnitude updated: 5.29 (M)
2025/11/03 11:24:13.821077 [Simulation:Info:toast@toast-new:Simulation not generated] Magnitude 5.29 of event bmg2025vnko is smaller than triggerMinMagnitude: no automatic simulation
2025/11/03 11:24:18.836977 [Incident:Info:toast@toast-new:Origin updated] Origin updated: OT: 2025-11-03 04:21:26,  Lat/Lon: 5.00104°/125.426°, Depth: 10
2025/11/03 11:24:18.837163 [Incident:Info:toast@toast-new:Magnitude updated] Magnitude updated: 5.32 (M)
2025/11/03 11:24:18.837262 [Simulation:Info:toast@toast-new:Simulation not generated] Magnitude 5.32 of event bmg2025vnko is smaller than triggerMinMagnitude: no automatic simulation
2025/11/03 11:24:23.346736 [Incident:Info:toast@toast-new:Origin updated] Origin updated: OT: 2025-11-03 04:21:26,  Lat/Lon: 5.00104°/125.426°, Depth: 10
2025/11/03 11:24:23.346946 [Incident:Info:toast@toast-new:Magnitude updated] Magnitude updated: 5.32 (M)
2025/11/03 11:24:23.346985 [Simulation:Info:toast@toast-new:Simulation not generated] Magnitude 5.32 of event bmg2025vnko is smaller than triggerMinMagnitude: no automatic simulation
2025/11/03 11:24:23.677004 [Incident:Info:toast@toast-new:Origin updated] Origin updated: OT: 2025-11-03 04:21:26,  Lat/Lon: 5.00104°/125.426°, Depth: 10
2025/11/03 11:24:23.677156 [Incident:Info:toast@toast-new:Magnitude updated] Magnitude updated: 5.32 (M)
2025/11/03 11:24:23.677187 [Simulation:Info:toast@toast-new:Simulation not generated] Magnitude 5.32 of event bmg2025vnko is smaller than triggerMinMagnitude: no automatic simulation
2025/11/03 11:24:28.137311 [Incident:Info:toast@toast-new:Origin updated] Origin updated: OT: 2025-11-03 04:21:27,  Lat/Lon: 4.93026°/125.451°, Depth: 10
2025/11/03 11:24:28.137531 [Incident:Info:toast@toast-new:Magnitude updated] Magnitude updated: 5.27 (M)
2025/11/03 11:24:28.137650 [Simulation:Info:toast@toast-new:Simulation not generated] Magnitude 5.27 of event bmg2025vnko is smaller than triggerMinMagnitude: no automatic simulation
2025/11/03 11:24:28.749369 [Incident:Info:toast@toast-new:Origin updated] Origin updated: OT: 2025-11-03 04:21:27,  Lat/Lon: 4.93026°/125.451°, Depth: 10
2025/11/03 11:24:28.749591 [Incident:Info:toast@toast-new:Magnitude updated] Magnitude updated: 5.27 (M)
2025/11/03 11:24:28.749642 [Simulation:Info:toast@toast-new:Simulation not generated] Magnitude 5.27 of event bmg2025vnko is smaller than triggerMinMagnitude: no automatic simulation
2025/11/03 11:24:33.864572 [Incident:Info:toast@toast-new:Origin updated] Origin updated: OT: 2025-11-03 04:21:27,  Lat/Lon: 4.93026°/125.451°, Depth: 10
2025/11/03 11:24:33.864759 [Incident:Info:toast@toast-new:Magnitude updated] Magnitude updated: 5.28 (M)
2025/11/03 11:24:33.864791 [Simulation:Info:toast@toast-new:Simulation not generated] Magnitude 5.28 of event bmg2025vnko is smaller than triggerMinMagnitude: no automatic simulation
2025/11/03 11:24:38.877264 [Incident:Info:toast@toast-new:Origin updated] Origin updated: OT: 2025-11-03 04:21:27,  Lat/Lon: 4.93026°/125.451°, Depth: 10
2025/11/03 11:24:38.877446 [Incident:Info:toast@toast-new:Magnitude updated] Magnitude updated: 5.27 (M)
2025/11/03 11:24:38.877484 [Simulation:Info:toast@toast-new:Simulation not generated] Magnitude 5.27 of event bmg2025vnko is smaller than triggerMinMagnitude: no automatic simulation
2025/11/03 11:24:43.857530 [Incident:Info:toast@toast-new:Origin updated] Origin updated: OT: 2025-11-03 04:21:27,  Lat/Lon: 4.93026°/125.451°, Depth: 10
2025/11/03 11:24:43.857725 [Incident:Info:toast@toast-new:Magnitude updated] Magnitude updated: 5.23 (M)
2025/11/03 11:24:43.857845 [Simulation:Info:toast@toast-new:Simulation not generated] Magnitude 5.23 of event bmg2025vnko is smaller than triggerMinMagnitude: no automatic simulation
2025/11/03 11:24:48.880621 [Incident:Info:toast@toast-new:Origin updated] Origin updated: OT: 2025-11-03 04:21:27,  Lat/Lon: 4.93026°/125.451°, Depth: 10
2025/11/03 11:24:48.880820 [Incident:Info:toast@toast-new:Magnitude updated] Magnitude updated: 5.20 (M)
2025/11/03 11:24:48.880925 [Simulation:Info:toast@toast-new:Simulation not generated] Magnitude 5.20 of event bmg2025vnko is smaller than triggerMinMagnitude: no automatic simulation
2025/11/03 11:24:53.862396 [Incident:Info:toast@toast-new:Origin updated] Origin updated: OT: 2025-11-03 04:21:27,  Lat/Lon: 4.93026°/125.451°, Depth: 10
2025/11/03 11:24:53.862574 [Incident:Info:toast@toast-new:Magnitude updated] Magnitude updated: 5.05 (Mw(mB))
2025/11/03 11:24:53.862688 [Simulation:Info:toast@toast-new:Simulation not generated] Magnitude 5.05 of event bmg2025vnko is smaller than triggerMinMagnitude: no automatic simulation
2025/11/03 11:24:53.883313 [Incident:Info:toast@toast-new:Origin updated] Origin updated: OT: 2025-11-03 04:21:27,  Lat/Lon: 4.93026°/125.451°, Depth: 10
2025/11/03 11:24:53.883416 [Simulation:Info:toast@toast-new:Simulation not generated] Magnitude 5.05 of event bmg2025vnko is smaller than triggerMinMagnitude: no automatic simulation
2025/11/03 11:24:58.208145 [Incident:Info:toast@toast-new:Origin updated] Origin updated: OT: 2025-11-03 04:21:27,  Lat/Lon: 4.90607°/125.455°, Depth: 10
2025/11/03 11:24:58.208327 [Incident:Info:toast@toast-new:Magnitude updated] Magnitude updated: 5.04 (Mw(mB))
2025/11/03 11:24:58.208361 [Simulation:Info:toast@toast-new:Simulation not generated] Magnitude 5.04 of event bmg2025vnko is smaller than triggerMinMagnitude: no automatic simulation
2025/11/03 11:25:02.043398 [Incident:Info:toast@toast-new:Origin updated] Origin updated: OT: 2025-11-03 04:21:27,  Lat/Lon: 4.90607°/125.455°, Depth: 10
2025/11/03 11:25:02.043591 [Incident:Info:toast@toast-new:Magnitude updated] Magnitude updated: 5.05 (Mw(mB))
2025/11/03 11:25:02.043627 [Simulation:Info:toast@toast-new:Simulation not generated] Magnitude 5.05 of event bmg2025vnko is smaller than triggerMinMagnitude: no automatic simulation
2025/11/03 11:25:03.403202 [Incident:Info:toast@toast-new:Origin updated] Origin updated: OT: 2025-11-03 04:21:23,  Lat/Lon: 5.15175°/125.354°, Depth: 10
2025/11/03 11:25:03.403413 [Incident:Info:toast@toast-new:Magnitude updated] Magnitude updated: 5.62 (mb)
2025/11/03 11:25:03.403525 [Simulation:Info:toast@toast-new:Simulation not generated] Magnitude 5.62 of event bmg2025vnko is smaller than triggerMinMagnitude: no automatic simulation
2025/11/03 11:25:03.541224 [Incident:Info:toast@toast-new:Origin updated] Origin updated: OT: 2025-11-03 04:21:23,  Lat/Lon: 5.15175°/125.354°, Depth: 10
2025/11/03 11:25:03.541409 [Incident:Info:toast@toast-new:Magnitude updated] Magnitude updated: 5.41 (M)
2025/11/03 11:25:03.541540 [Simulation:Info:toast@toast-new:Simulation not generated] Magnitude 5.41 of event bmg2025vnko is smaller than triggerMinMagnitude: no automatic simulation
2025/11/03 11:25:53.951997 [Incident:Info:toast@toast-new:Origin updated] Origin updated: OT: 2025-11-03 04:21:23,  Lat/Lon: 5.15175°/125.354°, Depth: 10
2025/11/03 11:25:53.952175 [Incident:Info:toast@toast-new:Magnitude updated] Magnitude updated: 5.38 (M)
2025/11/03 11:25:53.952209 [Simulation:Info:toast@toast-new:Simulation not generated] Magnitude 5.38 of event bmg2025vnko is smaller than triggerMinMagnitude: no automatic simulation
2025/11/03 11:32:32.950244 [Incident:Info:toast@toast-new:Origin updated] Origin updated: OT: 2025-11-03 04:21:25,  Lat/Lon: 5.05145°/125.397°, Depth: 10
2025/11/03 11:32:32.950456 [Incident:Info:toast@toast-new:Magnitude updated] Magnitude updated: 5.24 (Mw)
2025/11/03 11:32:32.950572 [Incident:Info:toast@toast-new:FM updated] FM updated
2025/11/03 11:32:32.950811 [Simulation:Info:toast@toast-new:Simulation not generated] Magnitude 5.24 of event bmg2025vnko is smaller than triggerMinMagnitude: no automatic simulation
2025/11/03 17:53:51.203722 [Incident:Info:toast@toast-new:Origin updated] Origin updated: OT: 2025-11-03 04:21:24,  Lat/Lon: 5.10276°/125.41°, Depth: 10
2025/11/03 17:53:51.203891 [Incident:Info:toast@toast-new:Magnitude updated] Magnitude updated: 5.24 (Mw)
2025/11/03 17:53:51.203912 [Simulation:Info:toast@toast-new:Simulation not generated] Magnitude 5.24 of event bmg2025vnko is smaller than triggerMinMagnitude: no automatic simulation
2025/11/03 19:05:16.012398 [Incident:Info:toast@toast-new:Origin updated] Origin updated: OT: 2025-11-03 04:21:24,  Lat/Lon: 5.10276°/125.41°, Depth: 10
2025/11/03 19:05:16.012588 [Incident:Info:toast@toast-new:Magnitude updated] Magnitude updated: 5.36 (Mw)
2025/11/03 19:05:16.012703 [Incident:Info:toast@toast-new:FM updated] FM updated
2025/11/03 19:05:16.012945 [Simulation:Info:toast@toast-new:Simulation not generated] Magnitude 5.36 of event bmg2025vnko is smaller than triggerMinMagnitude: no automatic simulation
2025/11/05 13:55:00.066091 [Incident:Info:toast@toast-new:Origin updated] Origin updated: OT: 2025-11-03 04:21:24,  Lat/Lon: 5.10273°/125.41°, Depth: 9.97319
2025/11/05 13:55:00.066362 [Simulation:Info:toast@toast-new:Simulation not generated] Magnitude 5.36 of event bmg2025vnko is smaller than triggerMinMagnitude: no automatic simulation
2025/11/05 14:06:13.221318 [Incident:Info:toast@toast-new:Origin updated] Origin updated: OT: 2025-11-03 04:21:24,  Lat/Lon: 5.0956°/125.42°, Depth: 10.4735
2025/11/05 14:06:13.221532 [Simulation:Info:toast@toast-new:Simulation not generated] Magnitude 5.36 of event bmg2025vnko is smaller than triggerMinMagnitude: no automatic simulation
2025/11/05 14:10:05.324518 [Incident:Info:toast@toast-new:Origin updated] Origin updated: OT: 2025-11-03 04:21:24,  Lat/Lon: 5.09098°/125.414°, Depth: 8.24092
2025/11/05 14:10:05.324753 [Simulation:Info:toast@toast-new:Simulation not generated] Magnitude 5.36 of event bmg2025vnko is smaller than triggerMinMagnitude: no automatic simulation
2025/11/05 14:10:16.598750 [Incident:Info:toast@toast-new:Origin updated] Origin updated: OT: 2025-11-03 04:21:24,  Lat/Lon: 5.09098°/125.414°, Depth: 8.24092
2025/11/05 14:10:16.598977 [Simulation:Info:toast@toast-new:Simulation not generated] Magnitude 5.36 of event bmg2025vnko is smaller than triggerMinMagnitude: no automatic simulation
2025/11/05 14:10:16.669090 [Incident:Info:toast@toast-new:Origin updated] Origin updated: OT: 2025-11-03 04:21:24,  Lat/Lon: 5.09098°/125.414°, Depth: 8.24092
2025/11/05 14:10:16.669242 [Simulation:Info:toast@toast-new:Simulation not generated] Magnitude 5.36 of event bmg2025vnko is smaller than triggerMinMagnitude: no automatic simulation
