2025/11/18 14:25:38.444318 [Incident:Info:toast@toast-new:Displacement(s) updated] Added 0 and changed 0 displacements with 0 amplitudes
2025/11/18 14:25:38.445178 [Incident:Info:toast@toast-new:Incident created] Incident created based on event received from messaging: OT: 2025-11-18 07:11:31,  Lat/Lon: -24.15°/-66.97°, Depth: 164.04, Mag: 5.17 (M)
2025/11/18 14:25:38.445949 [Simulation:Info:toast@toast-new:Simulation not generated] Magnitude 5.17 of event bmg2025wpas is smaller than triggerMinMagnitude: no automatic simulation
2025/11/18 14:25:38.466577 [Incident:Info:toast@toast-new:Origin updated] Origin updated: OT: 2025-11-18 07:11:31,  Lat/Lon: -24.1515°/-66.9671°, Depth: 164.042
2025/11/18 14:25:38.466731 [Simulation:Info:toast@toast-new:Simulation not generated] Magnitude 5.17 of event bmg2025wpas is smaller than triggerMinMagnitude: no automatic simulation
2025/11/18 14:31:06.938540 [Incident:Info:toast@toast-new:Origin updated] Origin updated: OT: 2025-11-18 07:11:31,  Lat/Lon: -24.1515°/-66.9671°, Depth: 164.042
2025/11/18 14:31:06.938747 [Simulation:Info:toast@toast-new:Simulation not generated] Magnitude 5.17 of event bmg2025wpas is smaller than triggerMinMagnitude: no automatic simulation
2025/11/18 14:36:36.705147 [Incident:Info:toast@toast-new:Origin updated] Origin updated: OT: 2025-11-18 07:11:30,  Lat/Lon: -24.1499°/-66.9088°, Depth: 156.693
2025/11/18 14:36:36.705324 [Incident:Info:toast@toast-new:Magnitude updated] Magnitude updated: 5.04 (mb)
2025/11/18 14:36:36.705368 [Simulation:Info:toast@toast-new:Simulation not generated] Magnitude 5.04 of event bmg2025wpas is smaller than triggerMinMagnitude: no automatic simulation
2025/11/18 14:36:36.721047 [Incident:Info:toast@toast-new:Origin updated] Origin updated: OT: 2025-11-18 07:11:30,  Lat/Lon: -24.1499°/-66.9088°, Depth: 156.693
2025/11/18 14:36:36.721148 [Incident:Info:toast@toast-new:Magnitude updated] Magnitude updated: 5.25 (M)
2025/11/18 14:36:36.721177 [Simulation:Info:toast@toast-new:Simulation not generated] Magnitude 5.25 of event bmg2025wpas is smaller than triggerMinMagnitude: no automatic simulation
2025/11/18 21:02:32.852842 [Incident:Info:toast@toast-new:Origin updated] Origin updated: OT: 2025-11-18 07:11:29,  Lat/Lon: -24.2022°/-67.1277°, Depth: 160.196
2025/11/18 21:02:32.853063 [Incident:Info:toast@toast-new:Magnitude updated] Magnitude updated: 5.03 (mb)
2025/11/18 21:02:32.853107 [Simulation:Info:toast@toast-new:Simulation not generated] Magnitude 5.03 of event bmg2025wpas is smaller than triggerMinMagnitude: no automatic simulation
2025/11/18 21:02:32.889262 [Incident:Info:toast@toast-new:Origin updated] Origin updated: OT: 2025-11-18 07:11:29,  Lat/Lon: -24.2022°/-67.1277°, Depth: 160.196
2025/11/18 21:02:32.889482 [Incident:Info:toast@toast-new:Magnitude updated] Magnitude updated: 5.24 (M)
2025/11/18 21:02:32.889555 [Simulation:Info:toast@toast-new:Simulation not generated] Magnitude 5.24 of event bmg2025wpas is smaller than triggerMinMagnitude: no automatic simulation
2025/11/18 21:02:36.897241 [Incident:Info:toast@toast-new:Origin updated] Origin updated: OT: 2025-11-18 07:11:29,  Lat/Lon: -24.2022°/-67.1277°, Depth: 160.196
2025/11/18 21:02:36.897451 [Incident:Info:toast@toast-new:Magnitude updated] Magnitude updated: 5.03 (mb)
2025/11/18 21:02:36.897496 [Simulation:Info:toast@toast-new:Simulation not generated] Magnitude 5.03 of event bmg2025wpas is smaller than triggerMinMagnitude: no automatic simulation
2025/11/18 21:07:02.102040 [Incident:Info:toast@toast-new:Origin updated] Origin updated: OT: 2025-11-18 07:11:30,  Lat/Lon: -24.2026°/-67.0967°, Depth: 166.839
2025/11/18 21:07:02.102260 [Incident:Info:toast@toast-new:Magnitude updated] Magnitude updated: 5.02 (mb)
2025/11/18 21:07:02.102308 [Simulation:Info:toast@toast-new:Simulation not generated] Magnitude 5.02 of event bmg2025wpas is smaller than triggerMinMagnitude: no automatic simulation
2025/11/20 22:02:17.356862 [Incident:Info:toast@toast-new:Origin updated] Origin updated: OT: 2025-11-18 07:11:30,  Lat/Lon: -24.2097°/-67.1015°, Depth: 167.021
2025/11/20 22:02:17.357104 [Incident:Info:toast@toast-new:Magnitude updated] Magnitude updated: 5.02 (mb)
2025/11/20 22:02:17.357155 [Simulation:Info:toast@toast-new:Simulation not generated] Magnitude 5.02 of event bmg2025wpas is smaller than triggerMinMagnitude: no automatic simulation
2025/11/20 22:02:22.475285 [Incident:Info:toast@toast-new:Origin updated] Origin updated: OT: 2025-11-18 07:11:30,  Lat/Lon: -24.2097°/-67.1015°, Depth: 167.021
2025/11/20 22:02:22.475434 [Simulation:Info:toast@toast-new:Simulation not generated] Magnitude 5.02 of event bmg2025wpas is smaller than triggerMinMagnitude: no automatic simulation
2025/11/20 22:02:22.489746 [Incident:Info:toast@toast-new:Origin updated] Origin updated: OT: 2025-11-18 07:11:30,  Lat/Lon: -24.2097°/-67.1015°, Depth: 167.021
2025/11/20 22:02:22.489855 [Incident:Info:toast@toast-new:Magnitude updated] Magnitude updated: 5.12 (Mw(mB))
2025/11/20 22:02:22.489892 [Simulation:Info:toast@toast-new:Simulation not generated] Magnitude 5.12 of event bmg2025wpas is smaller than triggerMinMagnitude: no automatic simulation
2025/11/21 02:46:07.499239 [Incident:Info:toast@toast-new:Incident removed] Removed incident - Bye
