2025/11/24 03:41:33.471846 [Incident:Info:toast@toast-new:Displacement(s) updated] Added 0 and changed 0 displacements with 0 amplitudes
2025/11/24 03:41:33.472550 [Incident:Info:toast@toast-new:Incident created] Incident created based on event received from messaging: OT: 2025-11-23 20:40:20,  Lat/Lon: -9.40°/111.84°, Depth: 10.00, Mag: 5.27 (M)
2025/11/24 03:41:33.473166 [Simulation:Info:toast@toast-new:Simulation not generated] Magnitude 5.27 of event bmg2025wzex is smaller than triggerMinMagnitude: no automatic simulation
2025/11/24 03:41:33.494565 [Incident:Info:toast@toast-new:Origin updated] Origin updated: OT: 2025-11-23 20:40:20,  Lat/Lon: -9.39819°/111.844°, Depth: 10
2025/11/24 03:41:33.494737 [Simulation:Info:toast@toast-new:Simulation not generated] Magnitude 5.27 of event bmg2025wzex is smaller than triggerMinMagnitude: no automatic simulation
2025/11/24 03:41:38.681383 [Incident:Info:toast@toast-new:Origin updated] Origin updated: OT: 2025-11-23 20:40:20,  Lat/Lon: -9.39819°/111.844°, Depth: 10
2025/11/24 03:41:38.681548 [Incident:Info:toast@toast-new:Magnitude updated] Magnitude updated: 5.29 (M)
2025/11/24 03:41:38.681581 [Simulation:Info:toast@toast-new:Simulation not generated] Magnitude 5.29 of event bmg2025wzex is smaller than triggerMinMagnitude: no automatic simulation
2025/11/24 03:41:43.677121 [Incident:Info:toast@toast-new:Origin updated] Origin updated: OT: 2025-11-23 20:40:20,  Lat/Lon: -9.39819°/111.844°, Depth: 10
2025/11/24 03:41:43.677302 [Incident:Info:toast@toast-new:Magnitude updated] Magnitude updated: 5.32 (M)
2025/11/24 03:41:43.677337 [Simulation:Info:toast@toast-new:Simulation not generated] Magnitude 5.32 of event bmg2025wzex is smaller than triggerMinMagnitude: no automatic simulation
2025/11/24 03:41:44.563352 [Incident:Info:toast@toast-new:Origin updated] Origin updated: OT: 2025-11-23 20:40:21,  Lat/Lon: -9.34722°/111.845°, Depth: 10
2025/11/24 03:41:44.563562 [Incident:Info:toast@toast-new:Magnitude updated] Magnitude updated: 5.22 (M)
2025/11/24 03:41:44.563606 [Simulation:Info:toast@toast-new:Simulation not generated] Magnitude 5.22 of event bmg2025wzex is smaller than triggerMinMagnitude: no automatic simulation
2025/11/24 03:41:48.722568 [Incident:Info:toast@toast-new:Origin updated] Origin updated: OT: 2025-11-23 20:40:21,  Lat/Lon: -9.34722°/111.845°, Depth: 10
2025/11/24 03:41:48.722746 [Incident:Info:toast@toast-new:Magnitude updated] Magnitude updated: 5.23 (M)
2025/11/24 03:41:48.722780 [Simulation:Info:toast@toast-new:Simulation not generated] Magnitude 5.23 of event bmg2025wzex is smaller than triggerMinMagnitude: no automatic simulation
2025/11/24 03:41:53.091097 [Incident:Info:toast@toast-new:Origin updated] Origin updated: OT: 2025-11-23 20:40:21,  Lat/Lon: -9.34722°/111.845°, Depth: 10
2025/11/24 03:41:53.091290 [Incident:Info:toast@toast-new:Magnitude updated] Magnitude updated: 5.23 (M)
2025/11/24 03:41:53.091332 [Simulation:Info:toast@toast-new:Simulation not generated] Magnitude 5.23 of event bmg2025wzex is smaller than triggerMinMagnitude: no automatic simulation
2025/11/24 03:41:58.701311 [Incident:Info:toast@toast-new:Origin updated] Origin updated: OT: 2025-11-23 20:40:21,  Lat/Lon: -9.34722°/111.845°, Depth: 10
2025/11/24 03:41:58.701509 [Incident:Info:toast@toast-new:Magnitude updated] Magnitude updated: 5.23 (M)
2025/11/24 03:41:58.701551 [Simulation:Info:toast@toast-new:Simulation not generated] Magnitude 5.23 of event bmg2025wzex is smaller than triggerMinMagnitude: no automatic simulation
2025/11/24 03:42:01.589057 [Incident:Info:toast@toast-new:Origin updated] Origin updated: OT: 2025-11-23 20:40:22,  Lat/Lon: -9.29054°/111.861°, Depth: 10
2025/11/24 03:42:01.589270 [Incident:Info:toast@toast-new:Magnitude updated] Magnitude updated: 5.17 (M)
2025/11/24 03:42:01.589305 [Simulation:Info:toast@toast-new:Simulation not generated] Magnitude 5.17 of event bmg2025wzex is smaller than triggerMinMagnitude: no automatic simulation
2025/11/24 03:42:03.774053 [Incident:Info:toast@toast-new:Origin updated] Origin updated: OT: 2025-11-23 20:40:22,  Lat/Lon: -9.29054°/111.861°, Depth: 10
2025/11/24 03:42:03.774251 [Incident:Info:toast@toast-new:Magnitude updated] Magnitude updated: 5.18 (M)
2025/11/24 03:42:03.774288 [Simulation:Info:toast@toast-new:Simulation not generated] Magnitude 5.18 of event bmg2025wzex is smaller than triggerMinMagnitude: no automatic simulation
2025/11/24 03:42:08.734272 [Incident:Info:toast@toast-new:Origin updated] Origin updated: OT: 2025-11-23 20:40:22,  Lat/Lon: -9.29054°/111.861°, Depth: 10
2025/11/24 03:42:08.734422 [Incident:Info:toast@toast-new:Magnitude updated] Magnitude updated: 5.21 (M)
2025/11/24 03:42:08.734453 [Simulation:Info:toast@toast-new:Simulation not generated] Magnitude 5.21 of event bmg2025wzex is smaller than triggerMinMagnitude: no automatic simulation
2025/11/24 03:42:13.754023 [Incident:Info:toast@toast-new:Origin updated] Origin updated: OT: 2025-11-23 20:40:22,  Lat/Lon: -9.29054°/111.861°, Depth: 10
2025/11/24 03:42:13.754204 [Incident:Info:toast@toast-new:Magnitude updated] Magnitude updated: 5.23 (M)
2025/11/24 03:42:13.754239 [Simulation:Info:toast@toast-new:Simulation not generated] Magnitude 5.23 of event bmg2025wzex is smaller than triggerMinMagnitude: no automatic simulation
2025/11/24 03:42:18.752900 [Incident:Info:toast@toast-new:Origin updated] Origin updated: OT: 2025-11-23 20:40:22,  Lat/Lon: -9.29054°/111.861°, Depth: 10
2025/11/24 03:42:18.753093 [Incident:Info:toast@toast-new:Magnitude updated] Magnitude updated: 5.24 (M)
2025/11/24 03:42:18.753132 [Simulation:Info:toast@toast-new:Simulation not generated] Magnitude 5.24 of event bmg2025wzex is smaller than triggerMinMagnitude: no automatic simulation
2025/11/24 03:42:19.057706 [Incident:Info:toast@toast-new:Origin updated] Origin updated: OT: 2025-11-23 20:40:21,  Lat/Lon: -9.34543°/111.845°, Depth: 10
2025/11/24 03:42:19.057917 [Incident:Info:toast@toast-new:Magnitude updated] Magnitude updated: 5.28 (MLv)
2025/11/24 03:42:19.057964 [Simulation:Info:toast@toast-new:Simulation not generated] Magnitude 5.28 of event bmg2025wzex is smaller than triggerMinMagnitude: no automatic simulation
2025/11/24 03:42:19.077255 [Incident:Info:toast@toast-new:Origin updated] Origin updated: OT: 2025-11-23 20:40:21,  Lat/Lon: -9.34543°/111.845°, Depth: 10
2025/11/24 03:42:19.077386 [Incident:Info:toast@toast-new:Magnitude updated] Magnitude updated: 5.24 (M)
2025/11/24 03:42:19.077430 [Simulation:Info:toast@toast-new:Simulation not generated] Magnitude 5.24 of event bmg2025wzex is smaller than triggerMinMagnitude: no automatic simulation
2025/11/24 03:42:23.766268 [Incident:Info:toast@toast-new:Origin updated] Origin updated: OT: 2025-11-23 20:40:21,  Lat/Lon: -9.34543°/111.845°, Depth: 10
2025/11/24 03:42:23.766422 [Incident:Info:toast@toast-new:Magnitude updated] Magnitude updated: 5.24 (M)
2025/11/24 03:42:23.766454 [Simulation:Info:toast@toast-new:Simulation not generated] Magnitude 5.24 of event bmg2025wzex is smaller than triggerMinMagnitude: no automatic simulation
2025/11/24 03:42:48.820722 [Incident:Info:toast@toast-new:Origin updated] Origin updated: OT: 2025-11-23 20:40:21,  Lat/Lon: -9.34543°/111.845°, Depth: 10
2025/11/24 03:42:48.820882 [Incident:Info:toast@toast-new:Magnitude updated] Magnitude updated: 5.24 (M)
2025/11/24 03:42:48.820911 [Simulation:Info:toast@toast-new:Simulation not generated] Magnitude 5.24 of event bmg2025wzex is smaller than triggerMinMagnitude: no automatic simulation
2025/11/24 03:45:09.213419 [Incident:Info:toast@toast-new:Origin updated] Origin updated: OT: 2025-11-23 20:40:21,  Lat/Lon: -9.34543°/111.845°, Depth: 10
2025/11/24 03:45:09.213594 [Incident:Info:toast@toast-new:FM updated] FM updated
2025/11/24 03:45:09.213827 [Simulation:Info:toast@toast-new:Simulation not generated] Magnitude 5.24 of event bmg2025wzex is smaller than triggerMinMagnitude: no automatic simulation
2025/11/24 10:07:44.413847 [Incident:Info:toast@toast-new:Origin updated] Origin updated: OT: 2025-11-23 20:40:24,  Lat/Lon: -9.23115°/111.861°, Depth: 40.1565
2025/11/24 10:07:44.413970 [Incident:Info:toast@toast-new:Magnitude updated] Magnitude updated: 5.41 (MLv)
2025/11/24 10:07:44.414003 [Incident:Info:toast@toast-new:FM updated] FM updated
2025/11/24 10:07:44.414142 [Simulation:Info:toast@toast-new:Simulation not generated] Magnitude 5.41 of event bmg2025wzex is smaller than triggerMinMagnitude: no automatic simulation
2025/11/24 10:07:44.450207 [Incident:Info:toast@toast-new:Origin updated] Origin updated: OT: 2025-11-23 20:40:24,  Lat/Lon: -9.23115°/111.861°, Depth: 40.1565
2025/11/24 10:07:44.450365 [Incident:Info:toast@toast-new:Magnitude updated] Magnitude updated: 5.40 (M)
2025/11/24 10:07:44.450431 [Simulation:Info:toast@toast-new:Simulation not generated] Magnitude 5.40 of event bmg2025wzex is smaller than triggerMinMagnitude: no automatic simulation
2025/11/24 10:09:41.372212 [Incident:Info:toast@toast-new:Origin updated] Origin updated: OT: 2025-11-23 20:40:24,  Lat/Lon: -9.23115°/111.861°, Depth: 40.1551
2025/11/24 10:09:41.372414 [Incident:Info:toast@toast-new:Magnitude updated] Magnitude updated: 5.02 (MLv)
2025/11/24 10:09:41.372475 [Simulation:Info:toast@toast-new:Simulation not generated] Magnitude 5.02 of event bmg2025wzex is smaller than triggerMinMagnitude: no automatic simulation
2025/11/24 10:09:41.387899 [Incident:Info:toast@toast-new:Origin updated] Origin updated: OT: 2025-11-23 20:40:24,  Lat/Lon: -9.23115°/111.861°, Depth: 40.1551
2025/11/24 10:09:41.388013 [Incident:Info:toast@toast-new:Magnitude updated] Magnitude updated: 5.30 (M)
2025/11/24 10:09:41.388055 [Simulation:Info:toast@toast-new:Simulation not generated] Magnitude 5.30 of event bmg2025wzex is smaller than triggerMinMagnitude: no automatic simulation
2025/11/24 10:09:51.860235 [Incident:Info:toast@toast-new:Origin updated] Origin updated: OT: 2025-11-23 20:40:24,  Lat/Lon: -9.23115°/111.861°, Depth: 40.1551
2025/11/24 10:09:51.860424 [Simulation:Info:toast@toast-new:Simulation not generated] Magnitude 5.30 of event bmg2025wzex is smaller than triggerMinMagnitude: no automatic simulation
2025/11/24 10:09:51.913648 [Incident:Info:toast@toast-new:Origin updated] Origin updated: OT: 2025-11-23 20:40:24,  Lat/Lon: -9.23115°/111.861°, Depth: 40.1551
2025/11/24 10:09:51.913765 [Incident:Info:toast@toast-new:Magnitude updated] Magnitude updated: 5.02 (MLv)
2025/11/24 10:09:51.913799 [Simulation:Info:toast@toast-new:Simulation not generated] Magnitude 5.02 of event bmg2025wzex is smaller than triggerMinMagnitude: no automatic simulation
