2025/11/09 04:13:25.176962 [Incident:Info:toast@toast-new:Displacement(s) updated] Added 0 and changed 0 displacements with 0 amplitudes
2025/11/09 04:13:25.177494 [Incident:Info:toast@toast-new:Incident created] Incident created based on event received from messaging: OT: 2025-11-08 21:04:17,  Lat/Lon: 39.47°/143.27°, Depth: 10.00, Mag: 5.55 (M)
2025/11/09 04:13:25.178072 [Simulation:Info:toast@toast-new:Simulation not generated] Magnitude 5.55 of event bmg2025vxve is smaller than triggerMinMagnitude: no automatic simulation
2025/11/09 04:13:25.198907 [Incident:Info:toast@toast-new:Origin updated] Origin updated: OT: 2025-11-08 21:04:17,  Lat/Lon: 39.4661°/143.273°, Depth: 10
2025/11/09 04:13:25.199050 [Simulation:Info:toast@toast-new:Simulation not generated] Magnitude 5.55 of event bmg2025vxve is smaller than triggerMinMagnitude: no automatic simulation
2025/11/09 04:13:36.565089 [Incident:Info:toast@toast-new:Origin updated] Origin updated: OT: 2025-11-08 21:04:17,  Lat/Lon: 39.4438°/143.233°, Depth: 10
2025/11/09 04:13:36.565293 [Incident:Info:toast@toast-new:Magnitude updated] Magnitude updated: 5.46 (M)
2025/11/09 04:13:36.565329 [Simulation:Info:toast@toast-new:Simulation not generated] Magnitude 5.46 of event bmg2025vxve is smaller than triggerMinMagnitude: no automatic simulation
2025/11/09 04:13:38.631931 [Incident:Info:toast@toast-new:Origin updated] Origin updated: OT: 2025-11-08 21:04:17,  Lat/Lon: 39.4438°/143.233°, Depth: 10
2025/11/09 04:13:38.632111 [Incident:Info:toast@toast-new:Magnitude updated] Magnitude updated: 5.44 (M)
2025/11/09 04:13:38.632160 [Simulation:Info:toast@toast-new:Simulation not generated] Magnitude 5.44 of event bmg2025vxve is smaller than triggerMinMagnitude: no automatic simulation
2025/11/09 04:13:50.128549 [Incident:Info:toast@toast-new:Origin updated] Origin updated: OT: 2025-11-08 21:04:17,  Lat/Lon: 39.4428°/143.262°, Depth: 10
2025/11/09 04:13:50.128732 [Incident:Info:toast@toast-new:Magnitude updated] Magnitude updated: 5.44 (M)
2025/11/09 04:13:50.128768 [Simulation:Info:toast@toast-new:Simulation not generated] Magnitude 5.44 of event bmg2025vxve is smaller than triggerMinMagnitude: no automatic simulation
2025/11/09 04:13:58.621614 [Incident:Info:toast@toast-new:Origin updated] Origin updated: OT: 2025-11-08 21:04:17,  Lat/Lon: 39.4428°/143.262°, Depth: 10
2025/11/09 04:13:58.621759 [Incident:Info:toast@toast-new:Magnitude updated] Magnitude updated: 5.42 (M)
2025/11/09 04:13:58.621789 [Simulation:Info:toast@toast-new:Simulation not generated] Magnitude 5.42 of event bmg2025vxve is smaller than triggerMinMagnitude: no automatic simulation
2025/11/09 04:14:06.962496 [Incident:Info:toast@toast-new:Origin updated] Origin updated: OT: 2025-11-08 21:04:17,  Lat/Lon: 39.4279°/143.294°, Depth: 10
2025/11/09 04:14:06.962699 [Incident:Info:toast@toast-new:Magnitude updated] Magnitude updated: 5.42 (M)
2025/11/09 04:14:06.962737 [Simulation:Info:toast@toast-new:Simulation not generated] Magnitude 5.42 of event bmg2025vxve is smaller than triggerMinMagnitude: no automatic simulation
2025/11/09 04:14:13.640526 [Incident:Info:toast@toast-new:Origin updated] Origin updated: OT: 2025-11-08 21:04:17,  Lat/Lon: 39.4279°/143.294°, Depth: 10
2025/11/09 04:14:13.640693 [Incident:Info:toast@toast-new:Magnitude updated] Magnitude updated: 5.42 (M)
2025/11/09 04:14:13.640724 [Simulation:Info:toast@toast-new:Simulation not generated] Magnitude 5.42 of event bmg2025vxve is smaller than triggerMinMagnitude: no automatic simulation
2025/11/09 04:14:18.635313 [Incident:Info:toast@toast-new:Origin updated] Origin updated: OT: 2025-11-08 21:04:17,  Lat/Lon: 39.4279°/143.294°, Depth: 10
2025/11/09 04:14:18.635495 [Incident:Info:toast@toast-new:Magnitude updated] Magnitude updated: 5.47 (M)
2025/11/09 04:14:18.635545 [Simulation:Info:toast@toast-new:Simulation not generated] Magnitude 5.47 of event bmg2025vxve is smaller than triggerMinMagnitude: no automatic simulation
2025/11/09 04:14:23.628312 [Incident:Info:toast@toast-new:Origin updated] Origin updated: OT: 2025-11-08 21:04:17,  Lat/Lon: 39.4279°/143.294°, Depth: 10
2025/11/09 04:14:23.628551 [Incident:Info:toast@toast-new:Magnitude updated] Magnitude updated: 5.49 (M)
2025/11/09 04:14:23.628602 [Simulation:Info:toast@toast-new:Simulation not generated] Magnitude 5.49 of event bmg2025vxve is smaller than triggerMinMagnitude: no automatic simulation
2025/11/09 04:14:26.792448 [Incident:Info:toast@toast-new:Origin updated] Origin updated: OT: 2025-11-08 21:04:17,  Lat/Lon: 39.4233°/143.294°, Depth: 10
2025/11/09 04:14:26.792657 [Incident:Info:toast@toast-new:Magnitude updated] Magnitude updated: 5.48 (M)
2025/11/09 04:14:26.792698 [Simulation:Info:toast@toast-new:Simulation not generated] Magnitude 5.48 of event bmg2025vxve is smaller than triggerMinMagnitude: no automatic simulation
2025/11/09 04:14:28.641808 [Incident:Info:toast@toast-new:Origin updated] Origin updated: OT: 2025-11-08 21:04:17,  Lat/Lon: 39.4233°/143.294°, Depth: 10
2025/11/09 04:14:28.641984 [Incident:Info:toast@toast-new:Magnitude updated] Magnitude updated: 5.47 (M)
2025/11/09 04:14:28.642020 [Simulation:Info:toast@toast-new:Simulation not generated] Magnitude 5.47 of event bmg2025vxve is smaller than triggerMinMagnitude: no automatic simulation
2025/11/09 04:14:43.626984 [Incident:Info:toast@toast-new:Origin updated] Origin updated: OT: 2025-11-08 21:04:17,  Lat/Lon: 39.4233°/143.294°, Depth: 10
2025/11/09 04:14:43.627169 [Incident:Info:toast@toast-new:Magnitude updated] Magnitude updated: 5.44 (M)
2025/11/09 04:14:43.627216 [Simulation:Info:toast@toast-new:Simulation not generated] Magnitude 5.44 of event bmg2025vxve is smaller than triggerMinMagnitude: no automatic simulation
2025/11/09 04:14:48.631328 [Incident:Info:toast@toast-new:Origin updated] Origin updated: OT: 2025-11-08 21:04:17,  Lat/Lon: 39.4233°/143.294°, Depth: 10
2025/11/09 04:14:48.631502 [Incident:Info:toast@toast-new:Magnitude updated] Magnitude updated: 5.46 (M)
2025/11/09 04:14:48.631551 [Simulation:Info:toast@toast-new:Simulation not generated] Magnitude 5.46 of event bmg2025vxve is smaller than triggerMinMagnitude: no automatic simulation
2025/11/09 04:14:52.066930 [Incident:Info:toast@toast-new:Origin updated] Origin updated: OT: 2025-11-08 21:04:17,  Lat/Lon: 39.4061°/143.286°, Depth: 10
2025/11/09 04:14:52.067149 [Incident:Info:toast@toast-new:Magnitude updated] Magnitude updated: 5.46 (M)
2025/11/09 04:14:52.067189 [Simulation:Info:toast@toast-new:Simulation not generated] Magnitude 5.46 of event bmg2025vxve is smaller than triggerMinMagnitude: no automatic simulation
2025/11/09 04:14:58.627859 [Incident:Info:toast@toast-new:Origin updated] Origin updated: OT: 2025-11-08 21:04:17,  Lat/Lon: 39.4061°/143.286°, Depth: 10
2025/11/09 04:14:58.628031 [Incident:Info:toast@toast-new:Magnitude updated] Magnitude updated: 5.51 (M)
2025/11/09 04:14:58.628081 [Simulation:Info:toast@toast-new:Simulation not generated] Magnitude 5.51 of event bmg2025vxve is smaller than triggerMinMagnitude: no automatic simulation
2025/11/09 04:15:03.628865 [Incident:Info:toast@toast-new:Origin updated] Origin updated: OT: 2025-11-08 21:04:17,  Lat/Lon: 39.4061°/143.286°, Depth: 10
2025/11/09 04:15:03.629051 [Incident:Info:toast@toast-new:Magnitude updated] Magnitude updated: 5.54 (M)
2025/11/09 04:15:03.629085 [Simulation:Info:toast@toast-new:Simulation not generated] Magnitude 5.54 of event bmg2025vxve is smaller than triggerMinMagnitude: no automatic simulation
2025/11/09 04:15:21.147922 [Incident:Info:toast@toast-new:Origin updated] Origin updated: OT: 2025-11-08 21:04:17,  Lat/Lon: 39.3875°/143.237°, Depth: 10
2025/11/09 04:15:21.148122 [Incident:Info:toast@toast-new:Magnitude updated] Magnitude updated: 5.34 (mb)
2025/11/09 04:15:21.148168 [Simulation:Info:toast@toast-new:Simulation not generated] Magnitude 5.34 of event bmg2025vxve is smaller than triggerMinMagnitude: no automatic simulation
2025/11/09 04:15:21.221719 [Incident:Info:toast@toast-new:Origin updated] Origin updated: OT: 2025-11-08 21:04:17,  Lat/Lon: 39.3875°/143.237°, Depth: 10
2025/11/09 04:15:21.221881 [Incident:Info:toast@toast-new:Magnitude updated] Magnitude updated: 5.54 (M)
2025/11/09 04:15:21.221951 [Simulation:Info:toast@toast-new:Simulation not generated] Magnitude 5.54 of event bmg2025vxve is smaller than triggerMinMagnitude: no automatic simulation
2025/11/09 09:10:30.999063 [Incident:Info:toast@toast-new:Origin updated] Origin updated: OT: 2025-11-08 21:04:28,  Lat/Lon: 39.4433°/143.236°, Depth: 112.987
2025/11/09 09:10:30.999276 [Incident:Info:toast@toast-new:Magnitude updated] Magnitude updated: 5.19 (mb)
2025/11/09 09:10:30.999324 [Simulation:Info:toast@toast-new:Simulation not generated] Magnitude 5.19 of event bmg2025vxve is smaller than triggerMinMagnitude: no automatic simulation
2025/11/09 09:10:31.017880 [Incident:Info:toast@toast-new:Origin updated] Origin updated: OT: 2025-11-08 21:04:28,  Lat/Lon: 39.4433°/143.236°, Depth: 112.987
2025/11/09 09:10:31.017993 [Incident:Info:toast@toast-new:Magnitude updated] Magnitude updated: 5.38 (M)
2025/11/09 09:10:31.018034 [Simulation:Info:toast@toast-new:Simulation not generated] Magnitude 5.38 of event bmg2025vxve is smaller than triggerMinMagnitude: no automatic simulation
2025/11/09 09:10:37.225906 [Incident:Info:toast@toast-new:Origin updated] Origin updated: OT: 2025-11-08 21:04:28,  Lat/Lon: 39.4433°/143.236°, Depth: 112.987
2025/11/09 09:10:37.226094 [Incident:Info:toast@toast-new:Magnitude updated] Magnitude updated: 5.19 (mb)
2025/11/09 09:10:37.226151 [Simulation:Info:toast@toast-new:Simulation not generated] Magnitude 5.19 of event bmg2025vxve is smaller than triggerMinMagnitude: no automatic simulation
2025/11/09 10:19:43.435025 [Incident:Info:toast@toast-new:Incident removed] Removed incident - Bye
2025/11/11 07:52:38.148771 [Incident:Info:toast@toast-new:Displacement(s) updated] Added 0 and changed 0 displacements with 0 amplitudes
2025/11/11 07:52:38.152639 [Incident:Info:toast@toast-new:Incident created] Incident created based on event received from messaging: OT: 2025-11-08 21:04:21,  Lat/Lon: 39.45°/143.23°, Depth: 40.60, Mag: 5.31 (mb)
2025/11/11 07:52:38.153273 [Simulation:Info:toast@toast-new:Simulation not generated] Magnitude 5.31 of event bmg2025vxve is smaller than triggerMinMagnitude: no automatic simulation
2025/11/11 07:52:38.173726 [Incident:Info:toast@toast-new:Origin updated] Origin updated: OT: 2025-11-08 21:04:21,  Lat/Lon: 39.4453°/143.23°, Depth: 40.6008
2025/11/11 07:52:38.173873 [Simulation:Info:toast@toast-new:Simulation not generated] Magnitude 5.31 of event bmg2025vxve is smaller than triggerMinMagnitude: no automatic simulation
2025/11/11 07:52:45.957929 [Incident:Info:toast@toast-new:Origin updated] Origin updated: OT: 2025-11-08 21:04:21,  Lat/Lon: 39.4453°/143.23°, Depth: 40.6008
2025/11/11 07:52:45.958144 [Simulation:Info:toast@toast-new:Simulation not generated] Magnitude 5.31 of event bmg2025vxve is smaller than triggerMinMagnitude: no automatic simulation
2025/11/11 07:52:46.015895 [Incident:Info:toast@toast-new:Origin updated] Origin updated: OT: 2025-11-08 21:04:21,  Lat/Lon: 39.4453°/143.23°, Depth: 40.6008
2025/11/11 07:52:46.016021 [Incident:Info:toast@toast-new:Magnitude updated] Magnitude updated: 5.49 (M)
2025/11/11 07:52:46.016056 [Simulation:Info:toast@toast-new:Simulation not generated] Magnitude 5.49 of event bmg2025vxve is smaller than triggerMinMagnitude: no automatic simulation
2025/11/11 07:52:52.966675 [Incident:Info:toast@toast-new:Origin updated] Origin updated: OT: 2025-11-08 21:04:21,  Lat/Lon: 39.4453°/143.23°, Depth: 40.6008
2025/11/11 07:52:52.966895 [Incident:Info:toast@toast-new:Magnitude updated] Magnitude updated: 5.31 (mb)
2025/11/11 07:52:52.966964 [Simulation:Info:toast@toast-new:Simulation not generated] Magnitude 5.31 of event bmg2025vxve is smaller than triggerMinMagnitude: no automatic simulation
