2025/12/26 15:47:34.808092 [Incident:Info:toast@toast-new:Displacement(s) updated] Added 0 and changed 0 displacements with 0 amplitudes
2025/12/26 15:47:34.808455 [Incident:Info:toast@toast-new:Incident created] Incident created based on event received from messaging: OT: 2025-12-26 08:36:06,  Lat/Lon: -14.34°/-176.41°, Depth: 10.00, Mag: 5.56 (M)
2025/12/26 15:47:34.808913 [Simulation:Info:toast@toast-new:Simulation not generated] Magnitude 5.56 of event bmg2025zgoq is smaller than triggerMinMagnitude: no automatic simulation
2025/12/26 15:47:34.829308 [Incident:Info:toast@toast-new:Origin updated] Origin updated: OT: 2025-12-26 08:36:06,  Lat/Lon: -14.3425°/-176.406°, Depth: 10
2025/12/26 15:47:34.829448 [Simulation:Info:toast@toast-new:Simulation not generated] Magnitude 5.56 of event bmg2025zgoq is smaller than triggerMinMagnitude: no automatic simulation
2025/12/26 15:47:37.478325 [Incident:Info:toast@toast-new:Origin updated] Origin updated: OT: 2025-12-26 08:36:06,  Lat/Lon: -14.3425°/-176.406°, Depth: 10
2025/12/26 15:47:37.478550 [Incident:Info:toast@toast-new:Magnitude updated] Magnitude updated: 5.54 (M)
2025/12/26 15:47:37.478675 [Simulation:Info:toast@toast-new:Simulation not generated] Magnitude 5.54 of event bmg2025zgoq is smaller than triggerMinMagnitude: no automatic simulation
2025/12/26 15:47:47.480522 [Incident:Info:toast@toast-new:Origin updated] Origin updated: OT: 2025-12-26 08:36:06,  Lat/Lon: -14.3425°/-176.406°, Depth: 10
2025/12/26 15:47:47.480644 [Incident:Info:toast@toast-new:Magnitude updated] Magnitude updated: 5.54 (M)
2025/12/26 15:47:47.480671 [Simulation:Info:toast@toast-new:Simulation not generated] Magnitude 5.54 of event bmg2025zgoq is smaller than triggerMinMagnitude: no automatic simulation
2025/12/26 15:47:52.479432 [Incident:Info:toast@toast-new:Origin updated] Origin updated: OT: 2025-12-26 08:36:06,  Lat/Lon: -14.3425°/-176.406°, Depth: 10
2025/12/26 15:47:52.479605 [Incident:Info:toast@toast-new:Magnitude updated] Magnitude updated: 5.54 (M)
2025/12/26 15:47:52.479659 [Simulation:Info:toast@toast-new:Simulation not generated] Magnitude 5.54 of event bmg2025zgoq is smaller than triggerMinMagnitude: no automatic simulation
2025/12/26 15:47:55.228018 [Incident:Info:toast@toast-new:Origin updated] Origin updated: OT: 2025-12-26 08:36:06,  Lat/Lon: -14.3425°/-176.406°, Depth: 10
2025/12/26 15:47:55.228177 [Incident:Info:toast@toast-new:Magnitude updated] Magnitude updated: 5.54 (M)
2025/12/26 15:47:55.228221 [Simulation:Info:toast@toast-new:Simulation not generated] Magnitude 5.54 of event bmg2025zgoq is smaller than triggerMinMagnitude: no automatic simulation
2025/12/26 15:48:10.003467 [Incident:Info:toast@toast-new:Origin updated] Origin updated: OT: 2025-12-26 08:36:05,  Lat/Lon: -14.3509°/-176.392°, Depth: 10
2025/12/26 15:48:10.003611 [Incident:Info:toast@toast-new:Magnitude updated] Magnitude updated: 5.54 (M)
2025/12/26 15:48:10.003639 [Simulation:Info:toast@toast-new:Simulation not generated] Magnitude 5.54 of event bmg2025zgoq is smaller than triggerMinMagnitude: no automatic simulation
2025/12/26 15:48:21.553744 [Incident:Info:toast@toast-new:Origin updated] Origin updated: OT: 2025-12-26 08:36:05,  Lat/Lon: -14.3509°/-176.392°, Depth: 10
2025/12/26 15:48:21.553868 [Incident:Info:toast@toast-new:Magnitude updated] Magnitude updated: 5.54 (M)
2025/12/26 15:48:21.553897 [Simulation:Info:toast@toast-new:Simulation not generated] Magnitude 5.54 of event bmg2025zgoq is smaller than triggerMinMagnitude: no automatic simulation
2025/12/26 15:48:27.481965 [Incident:Info:toast@toast-new:Origin updated] Origin updated: OT: 2025-12-26 08:36:05,  Lat/Lon: -14.3509°/-176.392°, Depth: 10
2025/12/26 15:48:27.482088 [Incident:Info:toast@toast-new:Magnitude updated] Magnitude updated: 5.53 (M)
2025/12/26 15:48:27.482117 [Simulation:Info:toast@toast-new:Simulation not generated] Magnitude 5.53 of event bmg2025zgoq is smaller than triggerMinMagnitude: no automatic simulation
2025/12/26 15:49:16.970914 [Incident:Info:toast@toast-new:Origin updated] Origin updated: OT: 2025-12-26 08:36:05,  Lat/Lon: -14.3489°/-176.392°, Depth: 10
2025/12/26 15:49:16.971056 [Incident:Info:toast@toast-new:Magnitude updated] Magnitude updated: 5.53 (M)
2025/12/26 15:49:16.971084 [Simulation:Info:toast@toast-new:Simulation not generated] Magnitude 5.53 of event bmg2025zgoq is smaller than triggerMinMagnitude: no automatic simulation
2025/12/26 15:49:31.559113 [Incident:Info:toast@toast-new:Origin updated] Origin updated: OT: 2025-12-26 08:36:07,  Lat/Lon: -14.4135°/-176.542°, Depth: 10
2025/12/26 15:49:31.559247 [Incident:Info:toast@toast-new:Magnitude updated] Magnitude updated: 5.52 (M)
2025/12/26 15:49:31.559275 [Simulation:Info:toast@toast-new:Simulation not generated] Magnitude 5.52 of event bmg2025zgoq is smaller than triggerMinMagnitude: no automatic simulation
2025/12/26 15:49:52.495970 [Incident:Info:toast@toast-new:Origin updated] Origin updated: OT: 2025-12-26 08:36:07,  Lat/Lon: -14.4135°/-176.542°, Depth: 10
2025/12/26 15:49:52.496146 [Incident:Info:toast@toast-new:Magnitude updated] Magnitude updated: 5.53 (M)
2025/12/26 15:49:52.496177 [Simulation:Info:toast@toast-new:Simulation not generated] Magnitude 5.53 of event bmg2025zgoq is smaller than triggerMinMagnitude: no automatic simulation
2025/12/26 15:49:54.423170 [Incident:Info:toast@toast-new:Origin updated] Origin updated: OT: 2025-12-26 08:36:07,  Lat/Lon: -14.4205°/-176.557°, Depth: 10
2025/12/26 15:49:54.423348 [Incident:Info:toast@toast-new:Magnitude updated] Magnitude updated: 5.53 (M)
2025/12/26 15:49:54.423382 [Simulation:Info:toast@toast-new:Simulation not generated] Magnitude 5.53 of event bmg2025zgoq is smaller than triggerMinMagnitude: no automatic simulation
2025/12/26 15:50:11.543086 [Incident:Info:toast@toast-new:Origin updated] Origin updated: OT: 2025-12-26 08:36:07,  Lat/Lon: -14.3966°/-176.629°, Depth: 10
2025/12/26 15:50:11.543207 [Incident:Info:toast@toast-new:Magnitude updated] Magnitude updated: 5.53 (M)
2025/12/26 15:50:11.543233 [Simulation:Info:toast@toast-new:Simulation not generated] Magnitude 5.53 of event bmg2025zgoq is smaller than triggerMinMagnitude: no automatic simulation
2025/12/26 15:50:26.525339 [Incident:Info:toast@toast-new:Origin updated] Origin updated: OT: 2025-12-26 08:36:07,  Lat/Lon: -14.3968°/-176.678°, Depth: 10
2025/12/26 15:50:26.525473 [Incident:Info:toast@toast-new:Magnitude updated] Magnitude updated: 5.52 (M)
2025/12/26 15:50:26.525501 [Simulation:Info:toast@toast-new:Simulation not generated] Magnitude 5.52 of event bmg2025zgoq is smaller than triggerMinMagnitude: no automatic simulation
2025/12/26 15:50:44.035380 [Incident:Info:toast@toast-new:Origin updated] Origin updated: OT: 2025-12-26 08:36:08,  Lat/Lon: -14.4326°/-176.705°, Depth: 10
2025/12/26 15:50:44.035613 [Incident:Info:toast@toast-new:Magnitude updated] Magnitude updated: 5.52 (M)
2025/12/26 15:50:44.035677 [Simulation:Info:toast@toast-new:Simulation not generated] Magnitude 5.52 of event bmg2025zgoq is smaller than triggerMinMagnitude: no automatic simulation
2025/12/26 15:56:45.328771 [Incident:Info:toast@toast-new:Origin updated] Origin updated: OT: 2025-12-26 08:36:08,  Lat/Lon: -14.4326°/-176.705°, Depth: 10
2025/12/26 15:56:45.328894 [Simulation:Info:toast@toast-new:Simulation not generated] Magnitude 5.52 of event bmg2025zgoq is smaller than triggerMinMagnitude: no automatic simulation
2025/12/26 16:23:43.816114 [Incident:Info:toast@toast-new:Origin updated] Origin updated: OT: 2025-12-26 08:36:08,  Lat/Lon: -14.4326°/-176.705°, Depth: 10
2025/12/26 16:23:43.816248 [Incident:Info:toast@toast-new:FM updated] FM updated
2025/12/26 16:23:43.816498 [Simulation:Info:toast@toast-new:Simulation not generated] Magnitude 5.52 of event bmg2025zgoq is smaller than triggerMinMagnitude: no automatic simulation
2025/12/26 18:47:32.111637 [Incident:Info:toast@toast-new:Origin updated] Origin updated: OT: 2025-12-26 08:36:08,  Lat/Lon: -14.4255°/-176.713°, Depth: 10
2025/12/26 18:47:32.111793 [Incident:Info:toast@toast-new:Magnitude updated] Magnitude updated: 5.52 (M)
2025/12/26 18:47:32.111832 [Simulation:Info:toast@toast-new:Simulation not generated] Magnitude 5.52 of event bmg2025zgoq is smaller than triggerMinMagnitude: no automatic simulation
2025/12/26 20:42:54.197589 [Incident:Info:toast@toast-new:Origin updated] Origin updated: OT: 2025-12-26 08:36:08,  Lat/Lon: -14.4255°/-176.713°, Depth: 10
2025/12/26 20:42:54.197728 [Incident:Info:toast@toast-new:Magnitude updated] Magnitude updated: 5.50 (mb)
2025/12/26 20:42:54.197772 [Simulation:Info:toast@toast-new:Simulation not generated] Magnitude 5.50 of event bmg2025zgoq is smaller than triggerMinMagnitude: no automatic simulation
2025/12/26 20:42:57.588542 [Incident:Info:toast@toast-new:Origin updated] Origin updated: OT: 2025-12-26 08:36:06,  Lat/Lon: -14.4255°/-176.713°, Depth: 10
2025/12/26 20:42:57.588678 [Incident:Info:toast@toast-new:Magnitude updated] Magnitude updated: 5.53 (mb)
2025/12/26 20:42:57.588707 [Simulation:Info:toast@toast-new:Simulation not generated] Magnitude 5.53 of event bmg2025zgoq is smaller than triggerMinMagnitude: no automatic simulation
2025/12/26 23:31:21.903162 [Incident:Info:toast@toast-new:Origin updated] Origin updated: OT: 2025-12-26 08:36:06,  Lat/Lon: -14.4255°/-176.713°, Depth: 10
2025/12/26 23:31:21.903303 [Incident:Info:toast@toast-new:FM updated] FM updated
2025/12/26 23:31:21.903554 [Simulation:Info:toast@toast-new:Simulation not generated] Magnitude 5.53 of event bmg2025zgoq is smaller than triggerMinMagnitude: no automatic simulation
2025/12/28 11:49:03.352272 [Incident:Info:toast@toast-new:Origin updated] Origin updated: OT: 2025-12-26 08:36:11,  Lat/Lon: -14.4968°/-176.91°, Depth: 38.0212
2025/12/28 11:49:03.356420 [Incident:Info:toast@toast-new:Magnitude updated] Magnitude updated: 5.49 (mb)
2025/12/28 11:49:03.356545 [Simulation:Info:toast@toast-new:Simulation not generated] Magnitude 5.49 of event bmg2025zgoq is smaller than triggerMinMagnitude: no automatic simulation
2025/12/28 11:49:08.926751 [Incident:Info:toast@toast-new:Origin updated] Origin updated: OT: 2025-12-26 08:36:11,  Lat/Lon: -14.4968°/-176.91°, Depth: 38.0212
2025/12/28 11:49:08.926985 [Simulation:Info:toast@toast-new:Simulation not generated] Magnitude 5.49 of event bmg2025zgoq is smaller than triggerMinMagnitude: no automatic simulation
2025/12/28 11:49:08.945668 [Incident:Info:toast@toast-new:Origin updated] Origin updated: OT: 2025-12-26 08:36:11,  Lat/Lon: -14.4968°/-176.91°, Depth: 38.0212
2025/12/28 11:49:08.945829 [Incident:Info:toast@toast-new:Magnitude updated] Magnitude updated: 5.50 (Mw(mB))
2025/12/28 11:49:08.945874 [Simulation:Info:toast@toast-new:Simulation not generated] Magnitude 5.50 of event bmg2025zgoq is smaller than triggerMinMagnitude: no automatic simulation
