2025/12/20 17:34:41.602734 [Incident:Info:toast@toast-new:Displacement(s) updated] Added 0 and changed 0 displacements with 0 amplitudes
2025/12/20 17:34:41.618661 [Incident:Info:toast@toast-new:Incident created] Incident created based on event received from messaging: OT: 2025-12-20 10:33:26,  Lat/Lon: 0.51°/121.95°, Depth: 116.57, Mag: 5.14 (M)
2025/12/20 17:34:41.619029 [Simulation:Info:toast@toast-new:Simulation not generated] Magnitude 5.14 of event bmg2025yvtm is smaller than triggerMinMagnitude: no automatic simulation
2025/12/20 17:34:41.637568 [Incident:Info:toast@toast-new:Origin updated] Origin updated: OT: 2025-12-20 10:33:26,  Lat/Lon: 0.505976°/121.946°, Depth: 116.57
2025/12/20 17:34:41.637777 [Simulation:Info:toast@toast-new:Simulation not generated] Magnitude 5.14 of event bmg2025yvtm is smaller than triggerMinMagnitude: no automatic simulation
2025/12/20 17:34:42.486505 [Incident:Info:toast@toast-new:Origin updated] Origin updated: OT: 2025-12-20 10:33:26,  Lat/Lon: 0.505976°/121.946°, Depth: 116.57
2025/12/20 17:34:42.486941 [Incident:Info:toast@toast-new:Magnitude updated] Magnitude updated: 5.16 (M)
2025/12/20 17:34:42.487177 [Simulation:Info:toast@toast-new:Simulation not generated] Magnitude 5.16 of event bmg2025yvtm is smaller than triggerMinMagnitude: no automatic simulation
2025/12/20 17:34:47.490715 [Incident:Info:toast@toast-new:Origin updated] Origin updated: OT: 2025-12-20 10:33:26,  Lat/Lon: 0.505976°/121.946°, Depth: 116.57
2025/12/20 17:34:47.491001 [Incident:Info:toast@toast-new:Magnitude updated] Magnitude updated: 5.19 (M)
2025/12/20 17:34:47.491138 [Simulation:Info:toast@toast-new:Simulation not generated] Magnitude 5.19 of event bmg2025yvtm is smaller than triggerMinMagnitude: no automatic simulation
2025/12/20 17:35:15.238238 [Incident:Info:toast@toast-new:Origin updated] Origin updated: OT: 2025-12-20 10:33:27,  Lat/Lon: 0.474297°/121.956°, Depth: 102.096
2025/12/20 17:35:15.238626 [Incident:Info:toast@toast-new:Magnitude updated] Magnitude updated: 5.18 (M)
2025/12/20 17:35:15.238841 [Simulation:Info:toast@toast-new:Simulation not generated] Magnitude 5.18 of event bmg2025yvtm is smaller than triggerMinMagnitude: no automatic simulation
2025/12/20 17:35:20.873358 [Incident:Info:toast@toast-new:Origin updated] Origin updated: OT: 2025-12-20 10:33:27,  Lat/Lon: 0.474297°/121.956°, Depth: 102.096
2025/12/20 17:35:20.873693 [Incident:Info:toast@toast-new:Magnitude updated] Magnitude updated: 5.19 (M)
2025/12/20 17:35:20.873949 [Simulation:Info:toast@toast-new:Simulation not generated] Magnitude 5.19 of event bmg2025yvtm is smaller than triggerMinMagnitude: no automatic simulation
2025/12/20 17:36:51.282635 [Incident:Info:toast@toast-new:Origin updated] Origin updated: OT: 2025-12-20 10:33:26,  Lat/Lon: 0.510476°/121.93°, Depth: 111.913
2025/12/20 17:36:51.283126 [Incident:Info:toast@toast-new:Magnitude updated] Magnitude updated: 5.22 (M)
2025/12/20 17:36:51.283322 [Simulation:Info:toast@toast-new:Simulation not generated] Magnitude 5.22 of event bmg2025yvtm is smaller than triggerMinMagnitude: no automatic simulation
2025/12/20 17:42:11.710224 [Incident:Info:toast@toast-new:Origin updated] Origin updated: OT: 2025-12-20 10:33:26,  Lat/Lon: 0.502223°/121.963°, Depth: 107.561
2025/12/20 17:42:11.710572 [Incident:Info:toast@toast-new:Magnitude updated] Magnitude updated: 5.20 (mb)
2025/12/20 17:42:11.710750 [Incident:Info:toast@toast-new:FM updated] FM updated
2025/12/20 17:42:11.711051 [Simulation:Info:toast@toast-new:Simulation not generated] Magnitude 5.20 of event bmg2025yvtm is smaller than triggerMinMagnitude: no automatic simulation
2025/12/21 11:30:27.376656 [Incident:Info:toast@toast-new:Origin updated] Origin updated: OT: 2025-12-20 10:33:26,  Lat/Lon: 0.502223°/121.963°, Depth: 107.561
2025/12/21 11:30:27.415434 [Incident:Info:toast@toast-new:Displacement(s) updated] Added 0 and changed 0 displacements with 0 amplitudes
2025/12/21 11:30:53.996894 [Incident:Info:toast@toast-new:Origin updated] Origin updated: OT: 2025-12-20 10:33:26,  Lat/Lon: 0.502223°/121.963°, Depth: 107.561
2025/12/21 11:30:54.036383 [Incident:Info:toast@toast-new:Displacement(s) updated] Added 0 and changed 0 displacements with 0 amplitudes
2025/12/26 16:08:07.985169 [Incident:Info:toast@toast-new:Displacement(s) updated] Added 0 and changed 0 displacements with 0 amplitudes
2025/12/26 16:08:07.985620 [Incident:Info:toast@toast-new:Incident created] Incident created based on event received from messaging: OT: 2025-12-20 10:33:26,  Lat/Lon: 0.50°/121.96°, Depth: 107.56, Mag: 5.20 (mb)
2025/12/26 16:08:07.986388 [Simulation:Info:toast@toast-new:Simulation not generated] Magnitude 5.20 of event bmg2025yvtm is smaller than triggerMinMagnitude: no automatic simulation
2025/12/26 16:08:08.007361 [Incident:Info:toast@toast-new:Origin updated] Origin updated: OT: 2025-12-20 10:33:26,  Lat/Lon: 0.502223°/121.963°, Depth: 107.561
2025/12/26 16:08:08.007512 [Simulation:Info:toast@toast-new:Simulation not generated] Magnitude 5.20 of event bmg2025yvtm is smaller than triggerMinMagnitude: no automatic simulation
2025/12/26 16:08:12.760233 [Incident:Info:toast@toast-new:Origin updated] Origin updated: OT: 2025-12-20 10:33:26,  Lat/Lon: 0.517308°/121.946°, Depth: 112.58
2025/12/26 16:08:12.760571 [Incident:Info:toast@toast-new:Magnitude updated] Magnitude updated: 5.18 (mb)
2025/12/26 16:08:12.760654 [Simulation:Info:toast@toast-new:Simulation not generated] Magnitude 5.18 of event bmg2025yvtm is smaller than triggerMinMagnitude: no automatic simulation
