2025/12/16 12:48:44.127482 [Incident:Info:toast@toast-new:Displacement(s) updated] Added 0 and changed 0 displacements with 0 amplitudes
2025/12/16 12:48:44.175970 [Incident:Info:toast@toast-new:Incident created] Incident created based on event received from messaging: OT: 2025-12-16 05:38:48,  Lat/Lon: 41.00°/142.93°, Depth: 10.00, Mag: 5.61 (mb)
2025/12/16 12:48:44.176260 [Simulation:Info:toast@toast-new:Simulation not generated] Magnitude 5.61 of event bmg2025yobt is smaller than triggerMinMagnitude: no automatic simulation
2025/12/16 12:48:48.042187 [Incident:Info:toast@toast-new:Origin updated] Origin updated: OT: 2025-12-16 05:38:48,  Lat/Lon: 40.9965°/142.927°, Depth: 10
2025/12/16 12:48:48.042382 [Incident:Info:toast@toast-new:Magnitude updated] Magnitude updated: 5.64 (M)
2025/12/16 12:48:48.042440 [Simulation:Info:toast@toast-new:Simulation not generated] Magnitude 5.64 of event bmg2025yobt is smaller than triggerMinMagnitude: no automatic simulation
2025/12/16 12:48:49.281118 [Incident:Info:toast@toast-new:Origin updated] Origin updated: OT: 2025-12-16 05:38:48,  Lat/Lon: 40.9965°/142.927°, Depth: 10
2025/12/16 12:48:49.281280 [Incident:Info:toast@toast-new:Magnitude updated] Magnitude updated: 5.61 (mb)
2025/12/16 12:48:49.281325 [Simulation:Info:toast@toast-new:Simulation not generated] Magnitude 5.61 of event bmg2025yobt is smaller than triggerMinMagnitude: no automatic simulation
2025/12/16 12:49:57.136817 [Incident:Info:toast@toast-new:Origin updated] Origin updated: OT: 2025-12-16 05:38:47,  Lat/Lon: 41.0195°/142.876°, Depth: 10
2025/12/16 12:49:57.137034 [Incident:Info:toast@toast-new:Magnitude updated] Magnitude updated: 5.62 (mb)
2025/12/16 12:49:57.137077 [Simulation:Info:toast@toast-new:Simulation not generated] Magnitude 5.62 of event bmg2025yobt is smaller than triggerMinMagnitude: no automatic simulation
2025/12/16 12:50:11.128127 [Incident:Info:toast@toast-new:Origin updated] Origin updated: OT: 2025-12-16 05:38:48,  Lat/Lon: 40.9515°/142.927°, Depth: 10
2025/12/16 12:50:11.128333 [Incident:Info:toast@toast-new:Magnitude updated] Magnitude updated: 5.71 (mb)
2025/12/16 12:50:11.128376 [Simulation:Info:toast@toast-new:Simulation not generated] Magnitude 5.71 of event bmg2025yobt is smaller than triggerMinMagnitude: no automatic simulation
2025/12/16 12:50:29.959561 [Incident:Info:toast@toast-new:Origin updated] Origin updated: OT: 2025-12-16 05:38:48,  Lat/Lon: 40.9453°/142.951°, Depth: 10
2025/12/16 12:50:29.959744 [Incident:Info:toast@toast-new:Magnitude updated] Magnitude updated: 5.74 (mb)
2025/12/16 12:50:29.959784 [Simulation:Info:toast@toast-new:Simulation not generated] Magnitude 5.74 of event bmg2025yobt is smaller than triggerMinMagnitude: no automatic simulation
2025/12/23 20:52:14.600237 [Incident:Info:toast@toast-new:Displacement(s) updated] Added 0 and changed 0 displacements with 0 amplitudes
2025/12/23 20:52:14.638266 [Incident:Info:toast@toast-new:Incident created] Incident created based on event received from messaging: OT: 2025-12-16 05:38:53,  Lat/Lon: 40.97°/142.98°, Depth: 50.00, Mag: 5.73 (mb)
2025/12/23 20:52:14.638845 [Simulation:Info:toast@toast-new:Simulation not generated] Magnitude 5.73 of event bmg2025yobt is smaller than triggerMinMagnitude: no automatic simulation
2025/12/23 20:52:15.057802 [Incident:Info:toast@toast-new:Origin updated] Origin updated: OT: 2025-12-16 05:38:53,  Lat/Lon: 40.9654°/142.981°, Depth: 50
2025/12/23 20:52:15.057908 [Simulation:Info:toast@toast-new:Simulation not generated] Magnitude 5.73 of event bmg2025yobt is smaller than triggerMinMagnitude: no automatic simulation
2025/12/23 20:52:22.310058 [Incident:Info:toast@toast-new:Origin updated] Origin updated: OT: 2025-12-16 05:38:53,  Lat/Lon: 40.9654°/142.981°, Depth: 50
2025/12/23 20:52:22.310245 [Simulation:Info:toast@toast-new:Simulation not generated] Magnitude 5.73 of event bmg2025yobt is smaller than triggerMinMagnitude: no automatic simulation
2025/12/23 20:52:22.330198 [Incident:Info:toast@toast-new:Origin updated] Origin updated: OT: 2025-12-16 05:38:53,  Lat/Lon: 40.9654°/142.981°, Depth: 50
2025/12/23 20:52:22.330343 [Incident:Info:toast@toast-new:Magnitude updated] Magnitude updated: 5.73 (Mw(mB))
2025/12/23 20:52:22.330376 [Simulation:Info:toast@toast-new:Simulation not generated] Magnitude 5.73 of event bmg2025yobt is smaller than triggerMinMagnitude: no automatic simulation
2025/12/24 09:45:33.365324 [Incident:Info:toast@toast-new:Incident removed] Removed incident - Bye
