2025/12/19 11:05:42.268517 [Incident:Info:toast@toast-new:Displacement(s) updated] Added 0 and changed 0 displacements with 0 amplitudes
2025/12/19 11:05:42.307141 [Incident:Info:toast@toast-new:Incident created] Incident created based on event received from messaging: OT: 2025-12-19 04:01:45,  Lat/Lon: 12.38°/127.73°, Depth: 10.00, Mag: 5.95 (M)
2025/12/19 11:05:42.307582 [Simulation:Info:toast@toast-new:Simulation not generated] Magnitude 5.95 of event bmg2025ytlb is smaller than triggerMinMagnitude: no automatic simulation
2025/12/19 11:05:42.570181 [Incident:Info:toast@toast-new:Origin updated] Origin updated: OT: 2025-12-19 04:01:45,  Lat/Lon: 12.3792°/127.726°, Depth: 10
2025/12/19 11:05:42.570385 [Simulation:Info:toast@toast-new:Simulation not generated] Magnitude 5.95 of event bmg2025ytlb is smaller than triggerMinMagnitude: no automatic simulation
2025/12/19 11:05:48.373087 [Incident:Info:toast@toast-new:Origin updated] Origin updated: OT: 2025-12-19 04:01:45,  Lat/Lon: 12.3792°/127.726°, Depth: 10
2025/12/19 11:05:48.373452 [Incident:Info:toast@toast-new:Magnitude updated] Magnitude updated: 5.88 (M)
2025/12/19 11:05:48.373603 [Simulation:Info:toast@toast-new:Simulation not generated] Magnitude 5.88 of event bmg2025ytlb is smaller than triggerMinMagnitude: no automatic simulation
2025/12/19 11:05:51.058438 [Incident:Info:toast@toast-new:Origin updated] Origin updated: OT: 2025-12-19 04:02:39,  Lat/Lon: 8.47077°/127.122°, Depth: 78.0003
2025/12/19 11:05:51.058827 [Incident:Info:toast@toast-new:Magnitude updated] Magnitude updated: 5.25 (M)
2025/12/19 11:05:51.059026 [Simulation:Info:toast@toast-new:Simulation not generated] Magnitude 5.25 of event bmg2025ytlb is smaller than triggerMinMagnitude: no automatic simulation
2025/12/19 11:05:58.374464 [Incident:Info:toast@toast-new:Origin updated] Origin updated: OT: 2025-12-19 04:02:39,  Lat/Lon: 8.47077°/127.122°, Depth: 78.0003
2025/12/19 11:05:58.374763 [Incident:Info:toast@toast-new:Magnitude updated] Magnitude updated: 5.22 (M)
2025/12/19 11:05:58.374929 [Simulation:Info:toast@toast-new:Simulation not generated] Magnitude 5.22 of event bmg2025ytlb is smaller than triggerMinMagnitude: no automatic simulation
2025/12/19 11:06:07.078553 [Incident:Info:toast@toast-new:Origin updated] Origin updated: OT: 2025-12-19 04:02:39,  Lat/Lon: 8.47077°/127.122°, Depth: 78.0003
2025/12/19 11:06:07.078893 [Incident:Info:toast@toast-new:Magnitude updated] Magnitude updated: 5.20 (M)
2025/12/19 11:06:07.079073 [Simulation:Info:toast@toast-new:Simulation not generated] Magnitude 5.20 of event bmg2025ytlb is smaller than triggerMinMagnitude: no automatic simulation
2025/12/19 11:06:07.099261 [Incident:Info:toast@toast-new:Origin updated] Origin updated: OT: 2025-12-19 04:02:37,  Lat/Lon: 8.44321°/127.069°, Depth: 10
2025/12/19 11:06:07.099668 [Incident:Info:toast@toast-new:Magnitude updated] Magnitude updated: 5.24 (M)
2025/12/19 11:06:07.099832 [Simulation:Info:toast@toast-new:Simulation not generated] Magnitude 5.24 of event bmg2025ytlb is smaller than triggerMinMagnitude: no automatic simulation
2025/12/19 11:06:13.396089 [Incident:Info:toast@toast-new:Origin updated] Origin updated: OT: 2025-12-19 04:02:37,  Lat/Lon: 8.44321°/127.069°, Depth: 10
2025/12/19 11:06:13.396509 [Incident:Info:toast@toast-new:Magnitude updated] Magnitude updated: 5.22 (M)
2025/12/19 11:06:13.396694 [Simulation:Info:toast@toast-new:Simulation not generated] Magnitude 5.22 of event bmg2025ytlb is smaller than triggerMinMagnitude: no automatic simulation
2025/12/19 11:06:18.295685 [Incident:Info:toast@toast-new:Origin updated] Origin updated: OT: 2025-12-19 04:02:37,  Lat/Lon: 8.44321°/127.069°, Depth: 10
2025/12/19 11:06:18.296141 [Incident:Info:toast@toast-new:Magnitude updated] Magnitude updated: 5.19 (M)
2025/12/19 11:06:18.296352 [Simulation:Info:toast@toast-new:Simulation not generated] Magnitude 5.19 of event bmg2025ytlb is smaller than triggerMinMagnitude: no automatic simulation
2025/12/19 11:06:23.543121 [Incident:Info:toast@toast-new:Origin updated] Origin updated: OT: 2025-12-19 04:02:37,  Lat/Lon: 8.44321°/127.069°, Depth: 10
2025/12/19 11:06:23.543576 [Incident:Info:toast@toast-new:Magnitude updated] Magnitude updated: 5.18 (M)
2025/12/19 11:06:23.543772 [Simulation:Info:toast@toast-new:Simulation not generated] Magnitude 5.18 of event bmg2025ytlb is smaller than triggerMinMagnitude: no automatic simulation
2025/12/19 11:06:27.134134 [Incident:Info:toast@toast-new:Origin updated] Origin updated: OT: 2025-12-19 04:02:38,  Lat/Lon: 8.36194°/127.012°, Depth: 10
2025/12/19 11:06:27.134814 [Incident:Info:toast@toast-new:Magnitude updated] Magnitude updated: 5.18 (M)
2025/12/19 11:06:27.135245 [Simulation:Info:toast@toast-new:Simulation not generated] Magnitude 5.18 of event bmg2025ytlb is smaller than triggerMinMagnitude: no automatic simulation
2025/12/19 11:06:33.439936 [Incident:Info:toast@toast-new:Origin updated] Origin updated: OT: 2025-12-19 04:02:38,  Lat/Lon: 8.36194°/127.012°, Depth: 10
2025/12/19 11:06:33.440523 [Incident:Info:toast@toast-new:Magnitude updated] Magnitude updated: 5.13 (M)
2025/12/19 11:06:33.440781 [Simulation:Info:toast@toast-new:Simulation not generated] Magnitude 5.13 of event bmg2025ytlb is smaller than triggerMinMagnitude: no automatic simulation
2025/12/19 11:06:43.449477 [Incident:Info:toast@toast-new:Origin updated] Origin updated: OT: 2025-12-19 04:02:38,  Lat/Lon: 8.36194°/127.012°, Depth: 10
2025/12/19 11:06:43.450217 [Incident:Info:toast@toast-new:Magnitude updated] Magnitude updated: 5.13 (M)
2025/12/19 11:06:43.450660 [Simulation:Info:toast@toast-new:Simulation not generated] Magnitude 5.13 of event bmg2025ytlb is smaller than triggerMinMagnitude: no automatic simulation
2025/12/19 11:06:52.147311 [Incident:Info:toast@toast-new:Origin updated] Origin updated: OT: 2025-12-19 04:02:38,  Lat/Lon: 8.35629°/127.032°, Depth: 10
2025/12/19 11:06:52.147997 [Incident:Info:toast@toast-new:Magnitude updated] Magnitude updated: 5.13 (M)
2025/12/19 11:06:52.148396 [Simulation:Info:toast@toast-new:Simulation not generated] Magnitude 5.13 of event bmg2025ytlb is smaller than triggerMinMagnitude: no automatic simulation
2025/12/19 11:06:53.495943 [Incident:Info:toast@toast-new:Origin updated] Origin updated: OT: 2025-12-19 04:02:38,  Lat/Lon: 8.35629°/127.032°, Depth: 10
2025/12/19 11:06:53.496491 [Incident:Info:toast@toast-new:Magnitude updated] Magnitude updated: 5.11 (M)
2025/12/19 11:06:53.496719 [Simulation:Info:toast@toast-new:Simulation not generated] Magnitude 5.11 of event bmg2025ytlb is smaller than triggerMinMagnitude: no automatic simulation
2025/12/19 11:06:58.301025 [Incident:Info:toast@toast-new:Origin updated] Origin updated: OT: 2025-12-19 04:02:38,  Lat/Lon: 8.35629°/127.032°, Depth: 10
2025/12/19 11:06:58.301459 [Incident:Info:toast@toast-new:Magnitude updated] Magnitude updated: 5.12 (M)
2025/12/19 11:06:58.301687 [Simulation:Info:toast@toast-new:Simulation not generated] Magnitude 5.12 of event bmg2025ytlb is smaller than triggerMinMagnitude: no automatic simulation
2025/12/19 11:07:18.484863 [Incident:Info:toast@toast-new:Origin updated] Origin updated: OT: 2025-12-19 04:02:38,  Lat/Lon: 8.34309°/127.025°, Depth: 10
2025/12/19 11:07:18.485328 [Incident:Info:toast@toast-new:Magnitude updated] Magnitude updated: 5.02 (Mw(mB))
2025/12/19 11:07:18.485574 [Simulation:Info:toast@toast-new:Simulation not generated] Magnitude 5.02 of event bmg2025ytlb is smaller than triggerMinMagnitude: no automatic simulation
