2025/12/09 18:28:13.695151 [Incident:Info:toast@toast-new:Displacement(s) updated] Added 0 and changed 0 displacements with 0 amplitudes
2025/12/09 18:28:13.697947 [Incident:Info:toast@toast-new:Incident created] Incident created based on event received from messaging: OT: 2025-12-09 11:15:20,  Lat/Lon: -26.50°/-175.90°, Depth: 111.37, Mag: 5.05 (M)
2025/12/09 18:28:13.698562 [Simulation:Info:toast@toast-new:Simulation not generated] Magnitude 5.05 of event bmg2025ybsi is smaller than triggerMinMagnitude: no automatic simulation
2025/12/09 18:28:13.717167 [Incident:Info:toast@toast-new:Origin updated] Origin updated: OT: 2025-12-09 11:15:20,  Lat/Lon: -26.4989°/-175.901°, Depth: 111.371
2025/12/09 18:28:13.717310 [Simulation:Info:toast@toast-new:Simulation not generated] Magnitude 5.05 of event bmg2025ybsi is smaller than triggerMinMagnitude: no automatic simulation
2025/12/09 18:28:18.643906 [Incident:Info:toast@toast-new:Origin updated] Origin updated: OT: 2025-12-09 11:15:20,  Lat/Lon: -26.4989°/-175.901°, Depth: 111.371
2025/12/09 18:28:18.644092 [Incident:Info:toast@toast-new:Magnitude updated] Magnitude updated: 5.09 (M)
2025/12/09 18:28:18.644135 [Simulation:Info:toast@toast-new:Simulation not generated] Magnitude 5.09 of event bmg2025ybsi is smaller than triggerMinMagnitude: no automatic simulation
2025/12/09 18:28:33.101907 [Incident:Info:toast@toast-new:Origin updated] Origin updated: OT: 2025-12-09 11:15:20,  Lat/Lon: -26.4934°/-175.922°, Depth: 113.545
2025/12/09 18:28:33.102127 [Incident:Info:toast@toast-new:Magnitude updated] Magnitude updated: 5.06 (M)
2025/12/09 18:28:33.102176 [Simulation:Info:toast@toast-new:Simulation not generated] Magnitude 5.06 of event bmg2025ybsi is smaller than triggerMinMagnitude: no automatic simulation
2025/12/09 18:28:46.892318 [Incident:Info:toast@toast-new:Origin updated] Origin updated: OT: 2025-12-09 11:15:20,  Lat/Lon: -26.4934°/-175.927°, Depth: 114.647
2025/12/09 18:28:46.892536 [Incident:Info:toast@toast-new:Magnitude updated] Magnitude updated: 5.06 (M)
2025/12/09 18:28:46.892578 [Simulation:Info:toast@toast-new:Simulation not generated] Magnitude 5.06 of event bmg2025ybsi is smaller than triggerMinMagnitude: no automatic simulation
2025/12/09 18:29:06.811202 [Incident:Info:toast@toast-new:Origin updated] Origin updated: OT: 2025-12-09 11:15:20,  Lat/Lon: -26.5463°/-176.047°, Depth: 111.236
2025/12/09 18:29:06.811441 [Incident:Info:toast@toast-new:Magnitude updated] Magnitude updated: 5.06 (M)
2025/12/09 18:29:06.811486 [Simulation:Info:toast@toast-new:Simulation not generated] Magnitude 5.06 of event bmg2025ybsi is smaller than triggerMinMagnitude: no automatic simulation
2025/12/09 18:29:40.106487 [Incident:Info:toast@toast-new:Origin updated] Origin updated: OT: 2025-12-09 11:15:20,  Lat/Lon: -26.5463°/-176.047°, Depth: 111.236
2025/12/09 18:29:40.106693 [Incident:Info:toast@toast-new:Magnitude updated] Magnitude updated: 5.07 (M)
2025/12/09 18:29:40.106738 [Simulation:Info:toast@toast-new:Simulation not generated] Magnitude 5.07 of event bmg2025ybsi is smaller than triggerMinMagnitude: no automatic simulation
2025/12/09 18:29:51.917491 [Incident:Info:toast@toast-new:Origin updated] Origin updated: OT: 2025-12-09 11:15:22,  Lat/Lon: -26.6544°/-176.337°, Depth: 108.94
2025/12/09 18:29:51.917706 [Incident:Info:toast@toast-new:Magnitude updated] Magnitude updated: 5.09 (M)
2025/12/09 18:29:51.917748 [Simulation:Info:toast@toast-new:Simulation not generated] Magnitude 5.09 of event bmg2025ybsi is smaller than triggerMinMagnitude: no automatic simulation
2025/12/09 18:29:53.521570 [Incident:Info:toast@toast-new:Origin updated] Origin updated: OT: 2025-12-09 11:15:20,  Lat/Lon: -26.6301°/-176.181°, Depth: 104.359
2025/12/09 18:29:53.521740 [Incident:Info:toast@toast-new:Magnitude updated] Magnitude updated: 5.29 (M)
2025/12/09 18:29:53.521772 [Simulation:Info:toast@toast-new:Simulation not generated] Magnitude 5.29 of event bmg2025ybsi is smaller than triggerMinMagnitude: no automatic simulation
2025/12/09 22:50:20.743757 [Incident:Info:toast@toast-new:Origin updated] Origin updated: OT: 2025-12-09 11:15:19,  Lat/Lon: -26.6496°/-176.15°, Depth: 94.6698
2025/12/09 22:50:20.743965 [Incident:Info:toast@toast-new:Magnitude updated] Magnitude updated: 5.09 (M)
2025/12/09 22:50:20.744005 [Simulation:Info:toast@toast-new:Simulation not generated] Magnitude 5.09 of event bmg2025ybsi is smaller than triggerMinMagnitude: no automatic simulation
2025/12/12 07:08:47.445378 [Incident:Info:toast@toast-new:Origin updated] Origin updated: OT: 2025-12-09 11:15:11,  Lat/Lon: -26.5538°/-175.644°, Depth: 47.3963
2025/12/12 07:08:47.445648 [Incident:Info:toast@toast-new:Magnitude updated] Magnitude updated: 5.42 (mb)
2025/12/12 07:08:47.445700 [Simulation:Info:toast@toast-new:Simulation not generated] Magnitude 5.42 of event bmg2025ybsi is smaller than triggerMinMagnitude: no automatic simulation
2025/12/12 07:08:47.492578 [Incident:Info:toast@toast-new:Origin updated] Origin updated: OT: 2025-12-09 11:15:11,  Lat/Lon: -26.5538°/-175.644°, Depth: 47.3963
2025/12/12 07:08:47.492831 [Simulation:Info:toast@toast-new:Simulation not generated] Magnitude 5.42 of event bmg2025ybsi is smaller than triggerMinMagnitude: no automatic simulation
