2025/12/16 01:16:15.471829 [Incident:Info:toast@toast-new:Displacement(s) updated] Added 0 and changed 0 displacements with 0 amplitudes
2025/12/16 01:16:15.472787 [Incident:Info:toast@toast-new:Incident created] Incident created based on event received from messaging: OT: 2025-12-15 18:03:49,  Lat/Lon: 51.39°/-176.66°, Depth: 10.00, Mag: 5.19 (M)
2025/12/16 01:16:15.473343 [Simulation:Info:toast@toast-new:Simulation not generated] Magnitude 5.19 of event bmg2025ynev is smaller than triggerMinMagnitude: no automatic simulation
2025/12/16 01:16:15.491165 [Incident:Info:toast@toast-new:Origin updated] Origin updated: OT: 2025-12-15 18:03:49,  Lat/Lon: 51.3886°/-176.663°, Depth: 10
2025/12/16 01:16:15.491291 [Simulation:Info:toast@toast-new:Simulation not generated] Magnitude 5.19 of event bmg2025ynev is smaller than triggerMinMagnitude: no automatic simulation
2025/12/16 01:16:20.766722 [Incident:Info:toast@toast-new:Origin updated] Origin updated: OT: 2025-12-15 18:03:49,  Lat/Lon: 51.3886°/-176.663°, Depth: 10
2025/12/16 01:16:20.766942 [Incident:Info:toast@toast-new:Magnitude updated] Magnitude updated: 5.12 (M)
2025/12/16 01:16:20.766997 [Simulation:Info:toast@toast-new:Simulation not generated] Magnitude 5.12 of event bmg2025ynev is smaller than triggerMinMagnitude: no automatic simulation
2025/12/16 01:16:24.250321 [Incident:Info:toast@toast-new:Origin updated] Origin updated: OT: 2025-12-15 18:03:49,  Lat/Lon: 51.3886°/-176.667°, Depth: 10
2025/12/16 01:16:24.250476 [Incident:Info:toast@toast-new:Magnitude updated] Magnitude updated: 5.12 (M)
2025/12/16 01:16:24.250514 [Simulation:Info:toast@toast-new:Simulation not generated] Magnitude 5.12 of event bmg2025ynev is smaller than triggerMinMagnitude: no automatic simulation
2025/12/16 01:16:25.762064 [Incident:Info:toast@toast-new:Origin updated] Origin updated: OT: 2025-12-15 18:03:49,  Lat/Lon: 51.3886°/-176.667°, Depth: 10
2025/12/16 01:16:25.762268 [Incident:Info:toast@toast-new:Magnitude updated] Magnitude updated: 5.11 (M)
2025/12/16 01:16:25.762318 [Simulation:Info:toast@toast-new:Simulation not generated] Magnitude 5.11 of event bmg2025ynev is smaller than triggerMinMagnitude: no automatic simulation
2025/12/16 01:16:34.273563 [Incident:Info:toast@toast-new:Origin updated] Origin updated: OT: 2025-12-15 18:03:49,  Lat/Lon: 51.3812°/-176.657°, Depth: 10
2025/12/16 01:16:34.273771 [Incident:Info:toast@toast-new:Magnitude updated] Magnitude updated: 5.11 (M)
2025/12/16 01:16:34.273822 [Simulation:Info:toast@toast-new:Simulation not generated] Magnitude 5.11 of event bmg2025ynev is smaller than triggerMinMagnitude: no automatic simulation
2025/12/16 01:16:40.761267 [Incident:Info:toast@toast-new:Origin updated] Origin updated: OT: 2025-12-15 18:03:49,  Lat/Lon: 51.3812°/-176.657°, Depth: 10
2025/12/16 01:16:40.761456 [Incident:Info:toast@toast-new:Magnitude updated] Magnitude updated: 5.10 (M)
2025/12/16 01:16:40.761497 [Simulation:Info:toast@toast-new:Simulation not generated] Magnitude 5.10 of event bmg2025ynev is smaller than triggerMinMagnitude: no automatic simulation
2025/12/16 01:17:01.642970 [Incident:Info:toast@toast-new:Origin updated] Origin updated: OT: 2025-12-15 18:03:49,  Lat/Lon: 51.375°/-176.66°, Depth: 10
2025/12/16 01:17:01.643163 [Incident:Info:toast@toast-new:Magnitude updated] Magnitude updated: 5.10 (M)
2025/12/16 01:17:01.643201 [Simulation:Info:toast@toast-new:Simulation not generated] Magnitude 5.10 of event bmg2025ynev is smaller than triggerMinMagnitude: no automatic simulation
2025/12/16 01:17:14.257874 [Incident:Info:toast@toast-new:Origin updated] Origin updated: OT: 2025-12-15 18:03:49,  Lat/Lon: 51.3594°/-176.653°, Depth: 10
2025/12/16 01:17:14.258030 [Incident:Info:toast@toast-new:Magnitude updated] Magnitude updated: 5.10 (M)
2025/12/16 01:17:14.258067 [Simulation:Info:toast@toast-new:Simulation not generated] Magnitude 5.10 of event bmg2025ynev is smaller than triggerMinMagnitude: no automatic simulation
2025/12/16 01:20:37.635604 [Incident:Info:toast@toast-new:Origin updated] Origin updated: OT: 2025-12-15 18:03:49,  Lat/Lon: 51.3605°/-176.654°, Depth: 10
2025/12/16 01:20:37.635808 [Incident:Info:toast@toast-new:Magnitude updated] Magnitude updated: 5.10 (M)
2025/12/16 01:20:37.635852 [Simulation:Info:toast@toast-new:Simulation not generated] Magnitude 5.10 of event bmg2025ynev is smaller than triggerMinMagnitude: no automatic simulation
2025/12/16 01:24:19.665369 [Incident:Info:toast@toast-new:Origin updated] Origin updated: OT: 2025-12-15 18:03:49,  Lat/Lon: 51.3605°/-176.654°, Depth: 10
2025/12/16 01:24:19.665552 [Simulation:Info:toast@toast-new:Simulation not generated] Magnitude 5.10 of event bmg2025ynev is smaller than triggerMinMagnitude: no automatic simulation
2025/12/16 01:27:29.111769 [Incident:Info:toast@toast-new:Origin updated] Origin updated: OT: 2025-12-15 18:03:49,  Lat/Lon: 51.3605°/-176.654°, Depth: 10
2025/12/16 01:27:29.111963 [Simulation:Info:toast@toast-new:Simulation not generated] Magnitude 5.10 of event bmg2025ynev is smaller than triggerMinMagnitude: no automatic simulation
2025/12/16 02:01:04.011105 [Incident:Info:toast@toast-new:Origin updated] Origin updated: OT: 2025-12-15 18:03:49,  Lat/Lon: 51.359°/-176.655°, Depth: 10
2025/12/16 02:01:04.011275 [Incident:Info:toast@toast-new:Magnitude updated] Magnitude updated: 5.10 (M)
2025/12/16 02:01:04.011315 [Simulation:Info:toast@toast-new:Simulation not generated] Magnitude 5.10 of event bmg2025ynev is smaller than triggerMinMagnitude: no automatic simulation
2025/12/16 02:32:54.547847 [Incident:Info:toast@toast-new:Origin updated] Origin updated: OT: 2025-12-15 18:03:48,  Lat/Lon: 51.3209°/-176.557°, Depth: 10
2025/12/16 02:32:54.547992 [Incident:Info:toast@toast-new:Magnitude updated] Magnitude updated: 5.10 (M)
2025/12/16 02:32:54.548019 [Simulation:Info:toast@toast-new:Simulation not generated] Magnitude 5.10 of event bmg2025ynev is smaller than triggerMinMagnitude: no automatic simulation
2025/12/19 14:22:57.094599 [Incident:Info:toast@toast-new:Origin updated] Origin updated: OT: 2025-12-15 18:03:48,  Lat/Lon: 51.3209°/-176.557°, Depth: 10
2025/12/19 14:22:57.095097 [Incident:Info:toast@toast-new:Magnitude updated] Magnitude updated: 5.18 (mb)
2025/12/19 14:22:57.095315 [Simulation:Info:toast@toast-new:Simulation not generated] Magnitude 5.18 of event bmg2025ynev is smaller than triggerMinMagnitude: no automatic simulation
2025/12/19 14:23:05.116507 [Incident:Info:toast@toast-new:Origin updated] Origin updated: OT: 2025-12-15 18:03:52,  Lat/Lon: 51.3184°/-176.07°, Depth: 51.5974
2025/12/19 14:23:05.116976 [Incident:Info:toast@toast-new:Magnitude updated] Magnitude updated: 5.16 (mb)
2025/12/19 14:23:05.117194 [Simulation:Info:toast@toast-new:Simulation not generated] Magnitude 5.16 of event bmg2025ynev is smaller than triggerMinMagnitude: no automatic simulation
