2025/11/10 17:09:15.422225 [Incident:Info:toast@toast-new:Displacement(s) updated] Added 0 and changed 0 displacements with 0 amplitudes
2025/11/10 17:09:15.433625 [Incident:Info:toast@toast-new:Incident created] Incident created based on event received from messaging: OT: 2025-11-10 09:58:58,  Lat/Lon: 39.65°/143.39°, Depth: 10.00, Mag: 5.21 (M)
2025/11/10 17:09:15.434163 [Simulation:Info:toast@toast-new:Simulation not generated] Magnitude 5.21 of event bmg2025waqf is smaller than triggerMinMagnitude: no automatic simulation
2025/11/10 17:09:15.450329 [Incident:Info:toast@toast-new:Origin updated] Origin updated: OT: 2025-11-10 09:58:58,  Lat/Lon: 39.6483°/143.389°, Depth: 10
2025/11/10 17:09:15.450471 [Simulation:Info:toast@toast-new:Simulation not generated] Magnitude 5.21 of event bmg2025waqf is smaller than triggerMinMagnitude: no automatic simulation
2025/11/10 17:09:26.994427 [Incident:Info:toast@toast-new:Origin updated] Origin updated: OT: 2025-11-10 09:58:59,  Lat/Lon: 39.6398°/143.271°, Depth: 10
2025/11/10 17:09:26.994622 [Incident:Info:toast@toast-new:Magnitude updated] Magnitude updated: 5.21 (M)
2025/11/10 17:09:26.994663 [Simulation:Info:toast@toast-new:Simulation not generated] Magnitude 5.21 of event bmg2025waqf is smaller than triggerMinMagnitude: no automatic simulation
2025/11/10 17:09:38.672316 [Incident:Info:toast@toast-new:Origin updated] Origin updated: OT: 2025-11-10 09:58:59,  Lat/Lon: 39.6398°/143.271°, Depth: 10
2025/11/10 17:09:38.672506 [Incident:Info:toast@toast-new:Magnitude updated] Magnitude updated: 5.33 (M)
2025/11/10 17:09:38.672555 [Simulation:Info:toast@toast-new:Simulation not generated] Magnitude 5.33 of event bmg2025waqf is smaller than triggerMinMagnitude: no automatic simulation
2025/11/10 17:09:41.927697 [Incident:Info:toast@toast-new:Origin updated] Origin updated: OT: 2025-11-10 09:58:59,  Lat/Lon: 39.6393°/143.271°, Depth: 10
2025/11/10 17:09:41.927884 [Incident:Info:toast@toast-new:Magnitude updated] Magnitude updated: 5.33 (M)
2025/11/10 17:09:41.927915 [Simulation:Info:toast@toast-new:Simulation not generated] Magnitude 5.33 of event bmg2025waqf is smaller than triggerMinMagnitude: no automatic simulation
2025/11/10 17:09:48.672264 [Incident:Info:toast@toast-new:Origin updated] Origin updated: OT: 2025-11-10 09:58:59,  Lat/Lon: 39.6393°/143.271°, Depth: 10
2025/11/10 17:09:48.672457 [Incident:Info:toast@toast-new:Magnitude updated] Magnitude updated: 5.38 (M)
2025/11/10 17:09:48.672508 [Simulation:Info:toast@toast-new:Simulation not generated] Magnitude 5.38 of event bmg2025waqf is smaller than triggerMinMagnitude: no automatic simulation
2025/11/10 17:09:55.662587 [Incident:Info:toast@toast-new:Origin updated] Origin updated: OT: 2025-11-10 09:58:59,  Lat/Lon: 39.6273°/143.3°, Depth: 10
2025/11/10 17:09:55.662799 [Incident:Info:toast@toast-new:Magnitude updated] Magnitude updated: 5.37 (M)
2025/11/10 17:09:55.662842 [Simulation:Info:toast@toast-new:Simulation not generated] Magnitude 5.37 of event bmg2025waqf is smaller than triggerMinMagnitude: no automatic simulation
2025/11/10 17:10:03.671294 [Incident:Info:toast@toast-new:Origin updated] Origin updated: OT: 2025-11-10 09:58:59,  Lat/Lon: 39.6273°/143.3°, Depth: 10
2025/11/10 17:10:03.671478 [Incident:Info:toast@toast-new:Magnitude updated] Magnitude updated: 5.52 (M)
2025/11/10 17:10:03.671528 [Simulation:Info:toast@toast-new:Simulation not generated] Magnitude 5.52 of event bmg2025waqf is smaller than triggerMinMagnitude: no automatic simulation
2025/11/10 17:10:53.309592 [Incident:Info:toast@toast-new:Origin updated] Origin updated: OT: 2025-11-10 09:58:59,  Lat/Lon: 39.6815°/143.197°, Depth: 10
2025/11/10 17:10:53.309785 [Incident:Info:toast@toast-new:Magnitude updated] Magnitude updated: 5.21 (mb)
2025/11/10 17:10:53.309838 [Simulation:Info:toast@toast-new:Simulation not generated] Magnitude 5.21 of event bmg2025waqf is smaller than triggerMinMagnitude: no automatic simulation
2025/11/10 17:10:53.329005 [Incident:Info:toast@toast-new:Origin updated] Origin updated: OT: 2025-11-10 09:58:59,  Lat/Lon: 39.6815°/143.197°, Depth: 10
2025/11/10 17:10:53.329123 [Incident:Info:toast@toast-new:Magnitude updated] Magnitude updated: 5.53 (M)
2025/11/10 17:10:53.329158 [Simulation:Info:toast@toast-new:Simulation not generated] Magnitude 5.53 of event bmg2025waqf is smaller than triggerMinMagnitude: no automatic simulation
2025/11/10 23:25:52.110496 [Incident:Info:toast@toast-new:Origin updated] Origin updated: OT: 2025-11-10 09:58:59,  Lat/Lon: 39.6815°/143.197°, Depth: 10
2025/11/10 23:25:52.110667 [Incident:Info:toast@toast-new:Magnitude updated] Magnitude updated: 5.21 (mb)
2025/11/10 23:25:52.110714 [Simulation:Info:toast@toast-new:Simulation not generated] Magnitude 5.21 of event bmg2025waqf is smaller than triggerMinMagnitude: no automatic simulation
2025/11/10 23:25:55.892979 [Incident:Info:toast@toast-new:Origin updated] Origin updated: OT: 2025-11-10 09:59:10,  Lat/Lon: 39.5905°/143.125°, Depth: 129.917
2025/11/10 23:25:55.893233 [Incident:Info:toast@toast-new:Magnitude updated] Magnitude updated: 5.01 (mb)
2025/11/10 23:25:55.893290 [Simulation:Info:toast@toast-new:Simulation not generated] Magnitude 5.01 of event bmg2025waqf is smaller than triggerMinMagnitude: no automatic simulation
2025/11/12 13:38:56.951935 [Incident:Info:toast@toast-new:Origin updated] Origin updated: OT: 2025-11-10 09:59:10,  Lat/Lon: 39.5903°/143.125°, Depth: 129.538
2025/11/12 13:38:56.952147 [Incident:Info:toast@toast-new:Magnitude updated] Magnitude updated: 5.01 (mb)
2025/11/12 13:38:56.952180 [Simulation:Info:toast@toast-new:Simulation not generated] Magnitude 5.01 of event bmg2025waqf is smaller than triggerMinMagnitude: no automatic simulation
2025/11/12 13:38:57.280414 [Incident:Info:toast@toast-new:Origin updated] Origin updated: OT: 2025-11-10 09:59:10,  Lat/Lon: 39.5903°/143.125°, Depth: 129.538
2025/11/12 13:38:57.280620 [Simulation:Info:toast@toast-new:Simulation not generated] Magnitude 5.01 of event bmg2025waqf is smaller than triggerMinMagnitude: no automatic simulation
