2025/12/02 06:19:17.855158 [Incident:Info:toast@toast-new:Displacement(s) updated] Added 0 and changed 0 displacements with 0 amplitudes
2025/12/02 06:19:17.855833 [Incident:Info:toast@toast-new:Incident created] Incident created based on event received from messaging: OT: 2025-12-01 23:08:02,  Lat/Lon: -26.96°/-176.35°, Depth: 10.00, Mag: 5.46 (M)
2025/12/02 06:19:17.856435 [Simulation:Info:toast@toast-new:Simulation not generated] Magnitude 5.46 of event bmg2025xnzv is smaller than triggerMinMagnitude: no automatic simulation
2025/12/02 06:19:17.888104 [Incident:Info:toast@toast-new:Origin updated] Origin updated: OT: 2025-12-01 23:08:02,  Lat/Lon: -26.9561°/-176.348°, Depth: 10
2025/12/02 06:19:17.888372 [Simulation:Info:toast@toast-new:Simulation not generated] Magnitude 5.46 of event bmg2025xnzv is smaller than triggerMinMagnitude: no automatic simulation
2025/12/02 06:19:29.184982 [Incident:Info:toast@toast-new:Origin updated] Origin updated: OT: 2025-12-01 23:08:02,  Lat/Lon: -27.1655°/-176.308°, Depth: 10
2025/12/02 06:19:29.185361 [Incident:Info:toast@toast-new:Magnitude updated] Magnitude updated: 5.52 (M)
2025/12/02 06:19:29.185536 [Simulation:Info:toast@toast-new:Simulation not generated] Magnitude 5.52 of event bmg2025xnzv is smaller than triggerMinMagnitude: no automatic simulation
2025/12/02 06:19:33.669015 [Incident:Info:toast@toast-new:Origin updated] Origin updated: OT: 2025-12-01 23:08:02,  Lat/Lon: -27.1655°/-176.308°, Depth: 10
2025/12/02 06:19:33.669378 [Incident:Info:toast@toast-new:Magnitude updated] Magnitude updated: 5.60 (M)
2025/12/02 06:19:33.669547 [Simulation:Info:toast@toast-new:Simulation not generated] Magnitude 5.60 of event bmg2025xnzv is smaller than triggerMinMagnitude: no automatic simulation
2025/12/02 06:19:42.109953 [Incident:Info:toast@toast-new:Origin updated] Origin updated: OT: 2025-12-01 23:07:59,  Lat/Lon: -27.057°/-175.856°, Depth: 10
2025/12/02 06:19:42.110333 [Incident:Info:toast@toast-new:Magnitude updated] Magnitude updated: 5.73 (M)
2025/12/02 06:19:42.110509 [Simulation:Info:toast@toast-new:Simulation not generated] Magnitude 5.73 of event bmg2025xnzv is smaller than triggerMinMagnitude: no automatic simulation
2025/12/02 06:19:48.683891 [Incident:Info:toast@toast-new:Origin updated] Origin updated: OT: 2025-12-01 23:07:59,  Lat/Lon: -27.057°/-175.856°, Depth: 10
2025/12/02 06:19:48.684326 [Incident:Info:toast@toast-new:Magnitude updated] Magnitude updated: 5.81 (M)
2025/12/02 06:19:48.684567 [Simulation:Info:toast@toast-new:Simulation not generated] Magnitude 5.81 of event bmg2025xnzv is smaller than triggerMinMagnitude: no automatic simulation
2025/12/02 06:19:56.969516 [Incident:Info:toast@toast-new:Origin updated] Origin updated: OT: 2025-12-01 23:07:59,  Lat/Lon: -27.0575°/-175.859°, Depth: 10
2025/12/02 06:19:56.969903 [Incident:Info:toast@toast-new:Magnitude updated] Magnitude updated: 5.81 (M)
2025/12/02 06:19:56.970077 [Simulation:Info:toast@toast-new:Simulation not generated] Magnitude 5.81 of event bmg2025xnzv is smaller than triggerMinMagnitude: no automatic simulation
2025/12/02 06:19:58.667957 [Incident:Info:toast@toast-new:Origin updated] Origin updated: OT: 2025-12-01 23:07:59,  Lat/Lon: -27.0575°/-175.859°, Depth: 10
2025/12/02 06:19:58.668351 [Incident:Info:toast@toast-new:Magnitude updated] Magnitude updated: 5.79 (M)
2025/12/02 06:19:58.668530 [Simulation:Info:toast@toast-new:Simulation not generated] Magnitude 5.79 of event bmg2025xnzv is smaller than triggerMinMagnitude: no automatic simulation
2025/12/02 06:20:16.980829 [Incident:Info:toast@toast-new:Origin updated] Origin updated: OT: 2025-12-01 23:07:59,  Lat/Lon: -27.0587°/-175.859°, Depth: 10
2025/12/02 06:20:16.981272 [Incident:Info:toast@toast-new:Magnitude updated] Magnitude updated: 5.78 (M)
2025/12/02 06:20:16.981500 [Simulation:Info:toast@toast-new:Simulation not generated] Magnitude 5.78 of event bmg2025xnzv is smaller than triggerMinMagnitude: no automatic simulation
2025/12/02 06:20:33.603310 [Incident:Info:toast@toast-new:Origin updated] Origin updated: OT: 2025-12-01 23:07:59,  Lat/Lon: -27.0589°/-175.859°, Depth: 10
2025/12/02 06:20:33.603759 [Incident:Info:toast@toast-new:Magnitude updated] Magnitude updated: 5.78 (M)
2025/12/02 06:20:33.603952 [Simulation:Info:toast@toast-new:Simulation not generated] Magnitude 5.78 of event bmg2025xnzv is smaller than triggerMinMagnitude: no automatic simulation
2025/12/02 06:20:38.668179 [Incident:Info:toast@toast-new:Origin updated] Origin updated: OT: 2025-12-01 23:07:59,  Lat/Lon: -27.0589°/-175.859°, Depth: 10
2025/12/02 06:20:38.668624 [Incident:Info:toast@toast-new:Magnitude updated] Magnitude updated: 5.76 (M)
2025/12/02 06:20:38.668844 [Simulation:Info:toast@toast-new:Simulation not generated] Magnitude 5.76 of event bmg2025xnzv is smaller than triggerMinMagnitude: no automatic simulation
2025/12/02 06:20:53.658894 [Incident:Info:toast@toast-new:Origin updated] Origin updated: OT: 2025-12-01 23:07:59,  Lat/Lon: -27.0589°/-175.859°, Depth: 10
2025/12/02 06:20:53.659364 [Incident:Info:toast@toast-new:Magnitude updated] Magnitude updated: 5.78 (M)
2025/12/02 06:20:53.659594 [Simulation:Info:toast@toast-new:Simulation not generated] Magnitude 5.78 of event bmg2025xnzv is smaller than triggerMinMagnitude: no automatic simulation
2025/12/02 06:20:56.810633 [Incident:Info:toast@toast-new:Origin updated] Origin updated: OT: 2025-12-01 23:08:00,  Lat/Lon: -27.0372°/-175.881°, Depth: 10
2025/12/02 06:20:56.811098 [Incident:Info:toast@toast-new:Magnitude updated] Magnitude updated: 5.74 (M)
2025/12/02 06:20:56.811320 [Simulation:Info:toast@toast-new:Simulation not generated] Magnitude 5.74 of event bmg2025xnzv is smaller than triggerMinMagnitude: no automatic simulation
2025/12/02 06:21:13.504740 [Incident:Info:toast@toast-new:Origin updated] Origin updated: OT: 2025-12-01 23:08:04,  Lat/Lon: -27.0944°/-175.828°, Depth: 42.548
2025/12/02 06:21:13.505216 [Incident:Info:toast@toast-new:Magnitude updated] Magnitude updated: 5.73 (M)
2025/12/02 06:21:13.505433 [Simulation:Info:toast@toast-new:Simulation not generated] Magnitude 5.73 of event bmg2025xnzv is smaller than triggerMinMagnitude: no automatic simulation
2025/12/02 06:21:18.734756 [Incident:Info:toast@toast-new:Origin updated] Origin updated: OT: 2025-12-01 23:08:04,  Lat/Lon: -27.0944°/-175.828°, Depth: 42.548
2025/12/02 06:21:18.735227 [Incident:Info:toast@toast-new:Magnitude updated] Magnitude updated: 5.76 (M)
2025/12/02 06:21:18.735488 [Simulation:Info:toast@toast-new:Simulation not generated] Magnitude 5.76 of event bmg2025xnzv is smaller than triggerMinMagnitude: no automatic simulation
2025/12/02 10:29:00.989696 [Incident:Info:toast@toast-new:Origin updated] Origin updated: OT: 2025-12-01 23:08:04,  Lat/Lon: -27.0944°/-175.828°, Depth: 42.548
2025/12/02 10:29:00.991915 [Incident:Info:toast@toast-new:Magnitude updated] Magnitude updated: 5.29 (mb)
2025/12/02 10:29:00.992153 [Simulation:Info:toast@toast-new:Simulation not generated] Magnitude 5.29 of event bmg2025xnzv is smaller than triggerMinMagnitude: no automatic simulation
2025/12/02 10:29:10.272783 [Incident:Info:toast@toast-new:Origin updated] Origin updated: OT: 2025-12-01 23:08:04,  Lat/Lon: -27.0944°/-175.828°, Depth: 42.5466
2025/12/02 10:29:10.273363 [Incident:Info:toast@toast-new:Magnitude updated] Magnitude updated: 5.29 (mb)
2025/12/02 10:29:10.273670 [Simulation:Info:toast@toast-new:Simulation not generated] Magnitude 5.29 of event bmg2025xnzv is smaller than triggerMinMagnitude: no automatic simulation
2025/12/08 14:12:43.513928 [Incident:Info:toast@toast-new:Displacement(s) updated] Added 0 and changed 0 displacements with 0 amplitudes
2025/12/08 14:12:43.549752 [Incident:Info:toast@toast-new:Incident created] Incident created based on event received from messaging: OT: 2025-12-01 23:08:02,  Lat/Lon: -27.09°/-175.81°, Depth: 29.92, Mag: 5.31 (mb)
2025/12/08 14:12:43.550360 [Simulation:Info:toast@toast-new:Simulation not generated] Magnitude 5.31 of event bmg2025xnzv is smaller than triggerMinMagnitude: no automatic simulation
2025/12/08 14:12:43.571667 [Incident:Info:toast@toast-new:Origin updated] Origin updated: OT: 2025-12-01 23:08:02,  Lat/Lon: -27.0868°/-175.814°, Depth: 29.9178
2025/12/08 14:12:43.571814 [Simulation:Info:toast@toast-new:Simulation not generated] Magnitude 5.31 of event bmg2025xnzv is smaller than triggerMinMagnitude: no automatic simulation
2025/12/08 14:12:57.350992 [Incident:Info:toast@toast-new:Origin updated] Origin updated: OT: 2025-12-01 23:08:02,  Lat/Lon: -27.0868°/-175.814°, Depth: 29.9178
2025/12/08 14:12:57.351225 [Simulation:Info:toast@toast-new:Simulation not generated] Magnitude 5.31 of event bmg2025xnzv is smaller than triggerMinMagnitude: no automatic simulation
2025/12/08 14:12:57.369688 [Incident:Info:toast@toast-new:Origin updated] Origin updated: OT: 2025-12-01 23:08:02,  Lat/Lon: -27.0868°/-175.814°, Depth: 29.9178
2025/12/08 14:12:57.369812 [Incident:Info:toast@toast-new:Magnitude updated] Magnitude updated: 5.56 (Mw(Mwp))
2025/12/08 14:12:57.369855 [Simulation:Info:toast@toast-new:Simulation not generated] Magnitude 5.56 of event bmg2025xnzv is smaller than triggerMinMagnitude: no automatic simulation
