2025/12/25 17:08:02.187229 [Incident:Info:toast@toast-new:Displacement(s) updated] Added 0 and changed 0 displacements with 0 amplitudes
2025/12/25 17:08:02.187868 [Incident:Info:toast@toast-new:Incident created] Incident created based on event received from messaging: OT: 2025-12-25 09:57:13,  Lat/Lon: -26.25°/-175.73°, Depth: 10.00, Mag: 5.42 (M)
2025/12/25 17:08:02.188155 [Simulation:Info:toast@toast-new:Simulation not generated] Magnitude 5.42 of event bmg2025zevu is smaller than triggerMinMagnitude: no automatic simulation
2025/12/25 17:08:02.201510 [Incident:Info:toast@toast-new:Origin updated] Origin updated: OT: 2025-12-25 09:57:13,  Lat/Lon: -26.2527°/-175.731°, Depth: 10
2025/12/25 17:08:02.201637 [Simulation:Info:toast@toast-new:Simulation not generated] Magnitude 5.42 of event bmg2025zevu is smaller than triggerMinMagnitude: no automatic simulation
2025/12/25 17:08:14.262622 [Incident:Info:toast@toast-new:Origin updated] Origin updated: OT: 2025-12-25 09:57:13,  Lat/Lon: -26.2477°/-175.735°, Depth: 10
2025/12/25 17:08:14.262773 [Incident:Info:toast@toast-new:Magnitude updated] Magnitude updated: 5.43 (M)
2025/12/25 17:08:14.262803 [Simulation:Info:toast@toast-new:Simulation not generated] Magnitude 5.43 of event bmg2025zevu is smaller than triggerMinMagnitude: no automatic simulation
2025/12/25 17:08:25.663784 [Incident:Info:toast@toast-new:Origin updated] Origin updated: OT: 2025-12-25 09:57:13,  Lat/Lon: -26.2477°/-175.742°, Depth: 10
2025/12/25 17:08:25.663929 [Incident:Info:toast@toast-new:Magnitude updated] Magnitude updated: 5.42 (M)
2025/12/25 17:08:25.663958 [Simulation:Info:toast@toast-new:Simulation not generated] Magnitude 5.42 of event bmg2025zevu is smaller than triggerMinMagnitude: no automatic simulation
2025/12/25 17:08:40.728368 [Incident:Info:toast@toast-new:Origin updated] Origin updated: OT: 2025-12-25 09:57:13,  Lat/Lon: -26.2465°/-175.742°, Depth: 10
2025/12/25 17:08:40.728506 [Incident:Info:toast@toast-new:Magnitude updated] Magnitude updated: 5.41 (M)
2025/12/25 17:08:40.728534 [Simulation:Info:toast@toast-new:Simulation not generated] Magnitude 5.41 of event bmg2025zevu is smaller than triggerMinMagnitude: no automatic simulation
2025/12/25 17:08:51.499606 [Incident:Info:toast@toast-new:Origin updated] Origin updated: OT: 2025-12-25 09:57:13,  Lat/Lon: -26.2508°/-175.738°, Depth: 10
2025/12/25 17:08:51.499758 [Incident:Info:toast@toast-new:Magnitude updated] Magnitude updated: 5.42 (M)
2025/12/25 17:08:51.499791 [Simulation:Info:toast@toast-new:Simulation not generated] Magnitude 5.42 of event bmg2025zevu is smaller than triggerMinMagnitude: no automatic simulation
2025/12/25 17:09:07.482846 [Incident:Info:toast@toast-new:Origin updated] Origin updated: OT: 2025-12-25 09:57:13,  Lat/Lon: -26.2508°/-175.738°, Depth: 10
2025/12/25 17:09:07.483030 [Incident:Info:toast@toast-new:Magnitude updated] Magnitude updated: 5.40 (M)
2025/12/25 17:09:07.483076 [Simulation:Info:toast@toast-new:Simulation not generated] Magnitude 5.40 of event bmg2025zevu is smaller than triggerMinMagnitude: no automatic simulation
2025/12/25 17:09:17.473220 [Incident:Info:toast@toast-new:Origin updated] Origin updated: OT: 2025-12-25 09:57:13,  Lat/Lon: -26.2508°/-175.738°, Depth: 10
2025/12/25 17:09:17.473355 [Incident:Info:toast@toast-new:Magnitude updated] Magnitude updated: 5.46 (M)
2025/12/25 17:09:17.473398 [Simulation:Info:toast@toast-new:Simulation not generated] Magnitude 5.46 of event bmg2025zevu is smaller than triggerMinMagnitude: no automatic simulation
2025/12/25 17:09:19.092744 [Incident:Info:toast@toast-new:Origin updated] Origin updated: OT: 2025-12-25 09:57:21,  Lat/Lon: -26.086°/-175.522°, Depth: 94.0775
2025/12/25 17:09:19.092911 [Incident:Info:toast@toast-new:Magnitude updated] Magnitude updated: 5.23 (mb)
2025/12/25 17:09:19.092955 [Simulation:Info:toast@toast-new:Simulation not generated] Magnitude 5.23 of event bmg2025zevu is smaller than triggerMinMagnitude: no automatic simulation
2025/12/25 17:09:19.108718 [Incident:Info:toast@toast-new:Origin updated] Origin updated: OT: 2025-12-25 09:57:21,  Lat/Lon: -26.086°/-175.522°, Depth: 94.0775
2025/12/25 17:09:19.108832 [Incident:Info:toast@toast-new:Magnitude updated] Magnitude updated: 5.21 (M)
2025/12/25 17:09:19.108854 [Simulation:Info:toast@toast-new:Simulation not generated] Magnitude 5.21 of event bmg2025zevu is smaller than triggerMinMagnitude: no automatic simulation
2025/12/25 20:44:49.318552 [Incident:Info:toast@toast-new:Origin updated] Origin updated: OT: 2025-12-25 09:57:18,  Lat/Lon: -26.248°/-175.706°, Depth: 63.3927
2025/12/25 20:44:49.318703 [Incident:Info:toast@toast-new:Magnitude updated] Magnitude updated: 5.31 (mb)
2025/12/25 20:44:49.318738 [Simulation:Info:toast@toast-new:Simulation not generated] Magnitude 5.31 of event bmg2025zevu is smaller than triggerMinMagnitude: no automatic simulation
2025/12/25 20:44:49.336702 [Incident:Info:toast@toast-new:Origin updated] Origin updated: OT: 2025-12-25 09:57:18,  Lat/Lon: -26.248°/-175.706°, Depth: 63.3927
2025/12/25 20:44:49.336784 [Incident:Info:toast@toast-new:Magnitude updated] Magnitude updated: 5.53 (M)
2025/12/25 20:44:49.336816 [Simulation:Info:toast@toast-new:Simulation not generated] Magnitude 5.53 of event bmg2025zevu is smaller than triggerMinMagnitude: no automatic simulation
2025/12/25 20:44:55.768906 [Incident:Info:toast@toast-new:Origin updated] Origin updated: OT: 2025-12-25 09:57:18,  Lat/Lon: -26.248°/-175.706°, Depth: 63.3927
2025/12/25 20:44:55.769045 [Incident:Info:toast@toast-new:Magnitude updated] Magnitude updated: 5.31 (mb)
2025/12/25 20:44:55.769087 [Simulation:Info:toast@toast-new:Simulation not generated] Magnitude 5.31 of event bmg2025zevu is smaller than triggerMinMagnitude: no automatic simulation
2025/12/27 13:11:23.212130 [Incident:Info:toast@toast-new:Origin updated] Origin updated: OT: 2025-12-25 09:57:18,  Lat/Lon: -26.248°/-175.706°, Depth: 63.3926
2025/12/27 13:11:23.212274 [Incident:Info:toast@toast-new:Magnitude updated] Magnitude updated: 5.31 (mb)
2025/12/27 13:11:23.212306 [Simulation:Info:toast@toast-new:Simulation not generated] Magnitude 5.31 of event bmg2025zevu is smaller than triggerMinMagnitude: no automatic simulation
2025/12/27 13:11:28.509714 [Incident:Info:toast@toast-new:Origin updated] Origin updated: OT: 2025-12-25 09:57:18,  Lat/Lon: -26.248°/-175.706°, Depth: 63.3926
2025/12/27 13:11:28.509835 [Simulation:Info:toast@toast-new:Simulation not generated] Magnitude 5.31 of event bmg2025zevu is smaller than triggerMinMagnitude: no automatic simulation
2025/12/27 13:11:28.560336 [Incident:Info:toast@toast-new:Origin updated] Origin updated: OT: 2025-12-25 09:57:18,  Lat/Lon: -26.248°/-175.706°, Depth: 63.3926
2025/12/27 13:11:28.560450 [Incident:Info:toast@toast-new:Magnitude updated] Magnitude updated: 5.60 (Mw(mB))
2025/12/27 13:11:28.560485 [Simulation:Info:toast@toast-new:Simulation not generated] Magnitude 5.60 of event bmg2025zevu is smaller than triggerMinMagnitude: no automatic simulation
