2025/11/05 06:33:44.896940 [Incident:Info:toast@toast-new:Displacement(s) updated] Added 0 and changed 0 displacements with 0 amplitudes
2025/11/05 06:33:44.897616 [Incident:Info:toast@toast-new:Incident created] Incident created based on event received from messaging: OT: 2025-11-04 23:32:24,  Lat/Lon: -0.12°/123.10°, Depth: 113.05, Mag: 6.36 (M)
2025/11/05 06:33:44.898237 [Simulation:Info:toast@toast-new:Simulation not generated] Magnitude 6.36 of event bmg2025vqsa is smaller than triggerMinMagnitude: no automatic simulation
2025/11/05 06:33:44.919795 [Incident:Info:toast@toast-new:Origin updated] Origin updated: OT: 2025-11-04 23:32:24,  Lat/Lon: -0.123434°/123.099°, Depth: 113.046
2025/11/05 06:33:44.919923 [Simulation:Info:toast@toast-new:Simulation not generated] Magnitude 6.36 of event bmg2025vqsa is smaller than triggerMinMagnitude: no automatic simulation
2025/11/05 06:33:48.660716 [Incident:Info:toast@toast-new:Origin updated] Origin updated: OT: 2025-11-04 23:32:24,  Lat/Lon: -0.123434°/123.099°, Depth: 113.046
2025/11/05 06:33:48.697006 [Incident:Info:toast@toast-new:Magnitude updated] Magnitude updated: 6.42 (M)
2025/11/05 06:33:48.697110 [Simulation:Info:toast@toast-new:Simulation not generated] Magnitude 6.42 of event bmg2025vqsa is smaller than triggerMinMagnitude: no automatic simulation
2025/11/05 06:33:53.657849 [Incident:Info:toast@toast-new:Origin updated] Origin updated: OT: 2025-11-04 23:32:24,  Lat/Lon: -0.123434°/123.099°, Depth: 113.046
2025/11/05 06:33:53.658035 [Incident:Info:toast@toast-new:Magnitude updated] Magnitude updated: 6.43 (M)
2025/11/05 06:33:53.658072 [Simulation:Info:toast@toast-new:Simulation not generated] Magnitude 6.43 of event bmg2025vqsa is smaller than triggerMinMagnitude: no automatic simulation
2025/11/05 06:33:53.968412 [Incident:Info:toast@toast-new:Origin updated] Origin updated: OT: 2025-11-04 23:32:24,  Lat/Lon: -0.1311°/123.103°, Depth: 102.058
2025/11/05 06:33:53.968577 [Incident:Info:toast@toast-new:Magnitude updated] Magnitude updated: 6.26 (M)
2025/11/05 06:33:53.968662 [Simulation:Info:toast@toast-new:Simulation not generated] Magnitude 6.26 of event bmg2025vqsa is smaller than triggerMinMagnitude: no automatic simulation
2025/11/05 06:33:58.680648 [Incident:Info:toast@toast-new:Origin updated] Origin updated: OT: 2025-11-04 23:32:24,  Lat/Lon: -0.1311°/123.103°, Depth: 102.058
2025/11/05 06:33:58.680850 [Incident:Info:toast@toast-new:Magnitude updated] Magnitude updated: 6.31 (M)
2025/11/05 06:33:58.680969 [Simulation:Info:toast@toast-new:Simulation not generated] Magnitude 6.31 of event bmg2025vqsa is smaller than triggerMinMagnitude: no automatic simulation
2025/11/05 06:34:00.397050 [Simulation:Info:toast@toast-new:Simulation(s) triggered] Automatic simulation(s) triggered manually
2025/11/05 06:34:00.397753 [Simulation:Info:toast@toast-new:Simulation(s) started] No nodal plane available. Starting Simulation(s) with fault plane, Lat/Lon: -0.13°/ 123.10° (MT), Depth: 102.06km (MT), Mag: 6.31 (MT)
2025/11/05 06:34:00.400003 [Simulation:Info:toast@toast-new:Simulation running] TsunAWI: Looking for matching scenarios
2025/11/05 06:34:00.404461 [Simulation:Info:toast@toast-new:Simulation finished] TsunAWI: No matching scenarios
2025/11/05 06:34:00.460705 [Simulation:Info:toast@toast-new:No simulation returned] TsunAWI simulation backend returned no simulation.
2025/11/05 06:34:00.508883 [Simulation:Info:toast@toast-new:Simulation tracked] Tracking progress of EasyWave2 simulation 63000002S122124E5107408ebe5c587a4addc6498a18d04ad9e93460
2025/11/05 06:34:00.517651 [Simulation:Info:toast@toast-new:Simulation tracked] Tracking progress of EasyWave2 simulation 63000002S122124E7039bb1cc6051cde735b3f918c2bd9ff7356aff1
2025/11/05 06:34:03.661869 [Incident:Info:toast@toast-new:Origin updated] Origin updated: OT: 2025-11-04 23:32:24,  Lat/Lon: -0.1311°/123.103°, Depth: 102.058
2025/11/05 06:34:03.662116 [Incident:Info:toast@toast-new:Magnitude updated] Magnitude updated: 6.35 (M)
2025/11/05 06:34:03.662208 [Simulation:Info:toast@toast-new:Simulation not generated] Magnitude 6.35 of event bmg2025vqsa is smaller than triggerMinMagnitude: no automatic simulation
2025/11/05 06:34:06.298536 [Incident:Info:toast@toast-new:Origin updated] Origin updated: OT: 2025-11-04 23:32:24,  Lat/Lon: -0.141812°/123.125°, Depth: 103.254
2025/11/05 06:34:06.298770 [Incident:Info:toast@toast-new:Magnitude updated] Magnitude updated: 6.32 (M)
2025/11/05 06:34:06.298846 [Simulation:Info:toast@toast-new:Simulation not generated] Magnitude 6.32 of event bmg2025vqsa is smaller than triggerMinMagnitude: no automatic simulation
2025/11/05 06:34:08.688809 [Incident:Info:toast@toast-new:Origin updated] Origin updated: OT: 2025-11-04 23:32:24,  Lat/Lon: -0.141812°/123.125°, Depth: 103.254
2025/11/05 06:34:08.689079 [Incident:Info:toast@toast-new:Magnitude updated] Magnitude updated: 6.33 (M)
2025/11/05 06:34:08.689173 [Simulation:Info:toast@toast-new:Simulation not generated] Magnitude 6.33 of event bmg2025vqsa is smaller than triggerMinMagnitude: no automatic simulation
2025/11/05 06:34:08.735360 [Simulation:Info:toast@toast-new:Simulation finished] Finished EasyWave2 simulation 63000002S122124E5107408ebe5c587a4addc6498a18d04ad9e93460 in 8 seconds
2025/11/05 06:34:13.689387 [Incident:Info:toast@toast-new:Origin updated] Origin updated: OT: 2025-11-04 23:32:24,  Lat/Lon: -0.141812°/123.125°, Depth: 103.254
2025/11/05 06:34:13.689654 [Incident:Info:toast@toast-new:Magnitude updated] Magnitude updated: 6.35 (M)
2025/11/05 06:34:13.689824 [Simulation:Info:toast@toast-new:Simulation not generated] Magnitude 6.35 of event bmg2025vqsa is smaller than triggerMinMagnitude: no automatic simulation
2025/11/05 06:34:18.691016 [Incident:Info:toast@toast-new:Origin updated] Origin updated: OT: 2025-11-04 23:32:24,  Lat/Lon: -0.141812°/123.125°, Depth: 103.254
2025/11/05 06:34:18.691220 [Incident:Info:toast@toast-new:Magnitude updated] Magnitude updated: 6.37 (M)
2025/11/05 06:34:18.691289 [Simulation:Info:toast@toast-new:Simulation not generated] Magnitude 6.37 of event bmg2025vqsa is smaller than triggerMinMagnitude: no automatic simulation
2025/11/05 06:34:20.670366 [Simulation:Info:toast@toast-new:Simulation finished] Finished EasyWave2 simulation 63000002S122124E7039bb1cc6051cde735b3f918c2bd9ff7356aff1 in 20 seconds
2025/11/05 06:34:21.636272 [Incident:Info:toast@toast-new:Origin updated] Origin updated: OT: 2025-11-04 23:32:24,  Lat/Lon: -0.115662°/123.123°, Depth: 102.55
2025/11/05 06:34:21.636588 [Incident:Info:toast@toast-new:Magnitude updated] Magnitude updated: 6.36 (M)
2025/11/05 06:34:21.636675 [Simulation:Info:toast@toast-new:Simulation not generated] Magnitude 6.36 of event bmg2025vqsa is smaller than triggerMinMagnitude: no automatic simulation
2025/11/05 06:34:23.325809 [Incident:Info:toast@toast-new:Origin updated] Origin updated: OT: 2025-11-04 23:32:23,  Lat/Lon: -0.0950728°/123.159°, Depth: 108.463
2025/11/05 06:34:23.326075 [Incident:Info:toast@toast-new:Magnitude updated] Magnitude updated: 6.45 (MLv)
2025/11/05 06:34:23.326133 [Simulation:Info:toast@toast-new:Simulation not generated] Magnitude 6.45 of event bmg2025vqsa is smaller than triggerMinMagnitude: no automatic simulation
2025/11/05 06:34:23.410973 [Incident:Info:toast@toast-new:Origin updated] Origin updated: OT: 2025-11-04 23:32:23,  Lat/Lon: -0.0950728°/123.159°, Depth: 108.463
2025/11/05 06:34:23.411123 [Incident:Info:toast@toast-new:Magnitude updated] Magnitude updated: 6.45 (M)
2025/11/05 06:34:23.411156 [Simulation:Info:toast@toast-new:Simulation not generated] Magnitude 6.45 of event bmg2025vqsa is smaller than triggerMinMagnitude: no automatic simulation
2025/11/05 06:34:24.954987 [Incident:Info:toast@toast-new:Origin updated] Origin updated: OT: 2025-11-04 23:32:23,  Lat/Lon: -0.0950728°/123.159°, Depth: 108.463
2025/11/05 06:34:24.955216 [Simulation:Info:toast@toast-new:Simulation not generated] Magnitude 6.45 of event bmg2025vqsa is smaller than triggerMinMagnitude: no automatic simulation
2025/11/05 06:34:25.067837 [Incident:Info:toast@toast-new:Origin updated] Origin updated: OT: 2025-11-04 23:32:23,  Lat/Lon: -0.0950728°/123.159°, Depth: 108.463
2025/11/05 06:34:25.068071 [Incident:Info:toast@toast-new:Magnitude updated] Magnitude updated: 6.45 (M)
2025/11/05 06:34:25.068120 [Simulation:Info:toast@toast-new:Simulation not generated] Magnitude 6.45 of event bmg2025vqsa is smaller than triggerMinMagnitude: no automatic simulation
2025/11/05 06:34:38.752205 [Incident:Info:toast@toast-new:Origin updated] Origin updated: OT: 2025-11-04 23:32:23,  Lat/Lon: -0.0950728°/123.159°, Depth: 108.463
2025/11/05 06:34:38.752447 [Incident:Info:toast@toast-new:Magnitude updated] Magnitude updated: 6.45 (M)
2025/11/05 06:34:38.752517 [Simulation:Info:toast@toast-new:Simulation not generated] Magnitude 6.45 of event bmg2025vqsa is smaller than triggerMinMagnitude: no automatic simulation
2025/11/05 06:34:42.077824 [Incident:Info:toast@toast-new:Origin updated] Origin updated: OT: 2025-11-04 23:32:24,  Lat/Lon: -0.106434°/123.131°, Depth: 102.582
2025/11/05 06:34:42.078133 [Incident:Info:toast@toast-new:Magnitude updated] Magnitude updated: 6.34 (MLv)
2025/11/05 06:34:42.078234 [Simulation:Info:toast@toast-new:Simulation not generated] Magnitude 6.34 of event bmg2025vqsa is smaller than triggerMinMagnitude: no automatic simulation
2025/11/05 06:34:42.228437 [Incident:Info:toast@toast-new:Origin updated] Origin updated: OT: 2025-11-04 23:32:24,  Lat/Lon: -0.106434°/123.131°, Depth: 102.582
2025/11/05 06:34:42.228609 [Incident:Info:toast@toast-new:Magnitude updated] Magnitude updated: 6.26 (M)
2025/11/05 06:34:42.228644 [Simulation:Info:toast@toast-new:Simulation not generated] Magnitude 6.26 of event bmg2025vqsa is smaller than triggerMinMagnitude: no automatic simulation
2025/11/05 06:34:43.764757 [Incident:Info:toast@toast-new:Origin updated] Origin updated: OT: 2025-11-04 23:32:24,  Lat/Lon: -0.106434°/123.131°, Depth: 102.582
2025/11/05 06:34:43.765028 [Incident:Info:toast@toast-new:Magnitude updated] Magnitude updated: 6.25 (M)
2025/11/05 06:34:43.765189 [Simulation:Info:toast@toast-new:Simulation not generated] Magnitude 6.25 of event bmg2025vqsa is smaller than triggerMinMagnitude: no automatic simulation
2025/11/05 06:34:46.127334 [Incident:Info:toast@toast-new:Origin updated] Origin updated: OT: 2025-11-04 23:32:24,  Lat/Lon: -0.106434°/123.131°, Depth: 102.582
2025/11/05 06:34:46.127620 [Incident:Info:toast@toast-new:FM updated] FM updated
2025/11/05 06:34:46.128089 [Simulation:Info:toast@toast-new:Simulation not generated] Magnitude 6.25 of event bmg2025vqsa is smaller than triggerMinMagnitude: no automatic simulation
2025/11/05 06:34:48.802483 [Incident:Info:toast@toast-new:Origin updated] Origin updated: OT: 2025-11-04 23:32:24,  Lat/Lon: -0.106434°/123.131°, Depth: 102.582
2025/11/05 06:34:48.802739 [Incident:Info:toast@toast-new:Magnitude updated] Magnitude updated: 6.38 (Mw(mB))
2025/11/05 06:34:48.802896 [Simulation:Info:toast@toast-new:Simulation not generated] Magnitude 6.38 of event bmg2025vqsa is smaller than triggerMinMagnitude: no automatic simulation
2025/11/05 06:34:48.821658 [Incident:Info:toast@toast-new:Origin updated] Origin updated: OT: 2025-11-04 23:32:24,  Lat/Lon: -0.106434°/123.131°, Depth: 102.582
2025/11/05 06:34:48.821957 [Simulation:Info:toast@toast-new:Simulation not generated] Magnitude 6.38 of event bmg2025vqsa is smaller than triggerMinMagnitude: no automatic simulation
2025/11/05 06:34:50.651792 [Incident:Info:toast@toast-new:Origin updated] Origin updated: OT: 2025-11-04 23:32:24,  Lat/Lon: -0.106434°/123.131°, Depth: 102.582
2025/11/05 06:34:50.652030 [Incident:Info:toast@toast-new:Magnitude updated] Magnitude updated: 6.46 (Mw(mB))
2025/11/05 06:34:50.652105 [Simulation:Info:toast@toast-new:Simulation not generated] Magnitude 6.46 of event bmg2025vqsa is smaller than triggerMinMagnitude: no automatic simulation
2025/11/05 06:34:53.849993 [Incident:Info:toast@toast-new:Origin updated] Origin updated: OT: 2025-11-04 23:32:24,  Lat/Lon: -0.106434°/123.131°, Depth: 102.582
2025/11/05 06:34:53.850290 [Incident:Info:toast@toast-new:Magnitude updated] Magnitude updated: 6.44 (Mw(mB))
2025/11/05 06:34:53.850408 [Simulation:Info:toast@toast-new:Simulation not generated] Magnitude 6.44 of event bmg2025vqsa is smaller than triggerMinMagnitude: no automatic simulation
2025/11/05 06:35:05.135877 [Incident:Info:toast@toast-new:Origin updated] Origin updated: OT: 2025-11-04 23:32:24,  Lat/Lon: -0.0959639°/123.135°, Depth: 104.312
2025/11/05 06:35:05.136165 [Incident:Info:toast@toast-new:Magnitude updated] Magnitude updated: 6.34 (Mw(mB))
2025/11/05 06:35:05.136229 [Simulation:Info:toast@toast-new:Simulation not generated] Magnitude 6.34 of event bmg2025vqsa is smaller than triggerMinMagnitude: no automatic simulation
2025/11/05 06:35:05.331427 [Incident:Info:toast@toast-new:Origin updated] Origin updated: OT: 2025-11-04 23:32:24,  Lat/Lon: -0.0959639°/123.135°, Depth: 104.312
2025/11/05 06:35:05.331673 [Incident:Info:toast@toast-new:Magnitude updated] Magnitude updated: 6.31 (Mw(mB))
2025/11/05 06:35:05.331737 [Simulation:Info:toast@toast-new:Simulation not generated] Magnitude 6.31 of event bmg2025vqsa is smaller than triggerMinMagnitude: no automatic simulation
2025/11/05 06:35:08.869410 [Incident:Info:toast@toast-new:Origin updated] Origin updated: OT: 2025-11-04 23:32:24,  Lat/Lon: -0.0959639°/123.135°, Depth: 104.312
2025/11/05 06:35:08.869693 [Incident:Info:toast@toast-new:Magnitude updated] Magnitude updated: 6.27 (Mw(mB))
2025/11/05 06:35:08.869778 [Simulation:Info:toast@toast-new:Simulation not generated] Magnitude 6.27 of event bmg2025vqsa is smaller than triggerMinMagnitude: no automatic simulation
2025/11/05 06:35:10.499924 [Incident:Info:toast@toast-new:Origin updated] Origin updated: OT: 2025-11-04 23:32:24,  Lat/Lon: -0.0959639°/123.135°, Depth: 104.312
2025/11/05 06:35:10.500160 [Incident:Info:toast@toast-new:Magnitude updated] Magnitude updated: 6.28 (Mw(mB))
2025/11/05 06:35:10.500211 [Simulation:Info:toast@toast-new:Simulation not generated] Magnitude 6.28 of event bmg2025vqsa is smaller than triggerMinMagnitude: no automatic simulation
2025/11/05 06:35:13.869608 [Incident:Info:toast@toast-new:Origin updated] Origin updated: OT: 2025-11-04 23:32:24,  Lat/Lon: -0.0959639°/123.135°, Depth: 104.312
2025/11/05 06:35:13.869850 [Incident:Info:toast@toast-new:Magnitude updated] Magnitude updated: 6.24 (Mw(mB))
2025/11/05 06:35:13.869986 [Simulation:Info:toast@toast-new:Simulation not generated] Magnitude 6.24 of event bmg2025vqsa is smaller than triggerMinMagnitude: no automatic simulation
2025/11/05 06:35:23.917682 [Incident:Info:toast@toast-new:Origin updated] Origin updated: OT: 2025-11-04 23:32:24,  Lat/Lon: -0.0959639°/123.135°, Depth: 104.312
2025/11/05 06:35:23.917922 [Incident:Info:toast@toast-new:Magnitude updated] Magnitude updated: 6.23 (Mw(mB))
2025/11/05 06:35:23.917973 [Simulation:Info:toast@toast-new:Simulation not generated] Magnitude 6.23 of event bmg2025vqsa is smaller than triggerMinMagnitude: no automatic simulation
2025/11/05 06:35:25.064804 [Incident:Info:toast@toast-new:Origin updated] Origin updated: OT: 2025-11-04 23:32:24,  Lat/Lon: -0.114166°/123.143°, Depth: 101.307
2025/11/05 06:35:25.065038 [Incident:Info:toast@toast-new:Magnitude updated] Magnitude updated: 6.22 (Mw(mB))
2025/11/05 06:35:25.065088 [Simulation:Info:toast@toast-new:Simulation not generated] Magnitude 6.22 of event bmg2025vqsa is smaller than triggerMinMagnitude: no automatic simulation
2025/11/05 06:35:25.350196 [Incident:Info:toast@toast-new:Origin updated] Origin updated: OT: 2025-11-04 23:32:24,  Lat/Lon: -0.114166°/123.143°, Depth: 101.307
2025/11/05 06:35:25.350444 [Incident:Info:toast@toast-new:Magnitude updated] Magnitude updated: 6.22 (Mw(mB))
2025/11/05 06:35:25.350502 [Simulation:Info:toast@toast-new:Simulation not generated] Magnitude 6.22 of event bmg2025vqsa is smaller than triggerMinMagnitude: no automatic simulation
2025/11/05 06:35:27.553747 [Incident:Info:toast@toast-new:Origin updated] Origin updated: OT: 2025-11-04 23:32:24,  Lat/Lon: -0.114166°/123.143°, Depth: 101.307
2025/11/05 06:35:27.554037 [Incident:Info:toast@toast-new:Magnitude updated] Magnitude updated: 6.22 (Mw(mB))
2025/11/05 06:35:27.554118 [Simulation:Info:toast@toast-new:Simulation not generated] Magnitude 6.22 of event bmg2025vqsa is smaller than triggerMinMagnitude: no automatic simulation
2025/11/05 06:35:33.934456 [Incident:Info:toast@toast-new:Origin updated] Origin updated: OT: 2025-11-04 23:32:24,  Lat/Lon: -0.114166°/123.143°, Depth: 101.307
2025/11/05 06:35:33.934693 [Incident:Info:toast@toast-new:Magnitude updated] Magnitude updated: 6.20 (Mw(mB))
2025/11/05 06:35:33.934745 [Simulation:Info:toast@toast-new:Simulation not generated] Magnitude 6.20 of event bmg2025vqsa is smaller than triggerMinMagnitude: no automatic simulation
2025/11/05 06:35:38.944276 [Incident:Info:toast@toast-new:Origin updated] Origin updated: OT: 2025-11-04 23:32:24,  Lat/Lon: -0.114166°/123.143°, Depth: 101.307
2025/11/05 06:35:38.944510 [Incident:Info:toast@toast-new:Magnitude updated] Magnitude updated: 6.17 (Mw(mB))
2025/11/05 06:35:38.944623 [Simulation:Info:toast@toast-new:Simulation not generated] Magnitude 6.17 of event bmg2025vqsa is smaller than triggerMinMagnitude: no automatic simulation
2025/11/05 06:35:44.000888 [Incident:Info:toast@toast-new:Origin updated] Origin updated: OT: 2025-11-04 23:32:24,  Lat/Lon: -0.114166°/123.143°, Depth: 101.307
2025/11/05 06:35:44.001160 [Incident:Info:toast@toast-new:Magnitude updated] Magnitude updated: 6.16 (Mw(mB))
2025/11/05 06:35:44.001245 [Simulation:Info:toast@toast-new:Simulation not generated] Magnitude 6.16 of event bmg2025vqsa is smaller than triggerMinMagnitude: no automatic simulation
2025/11/05 06:36:25.268708 [Incident:Info:toast@toast-new:Origin updated] Origin updated: OT: 2025-11-04 23:32:24,  Lat/Lon: -0.112488°/123.147°, Depth: 99.6451
2025/11/05 06:36:25.268933 [Incident:Info:toast@toast-new:Magnitude updated] Magnitude updated: 6.18 (Mw(mB))
2025/11/05 06:36:25.268987 [Simulation:Info:toast@toast-new:Simulation not generated] Magnitude 6.18 of event bmg2025vqsa is smaller than triggerMinMagnitude: no automatic simulation
2025/11/05 06:36:52.622626 [Incident:Info:toast@toast-new:Origin updated] Origin updated: OT: 2025-11-04 23:32:24,  Lat/Lon: -0.0980932°/123.154°, Depth: 95.6847
2025/11/05 06:36:52.622897 [Incident:Info:toast@toast-new:Magnitude updated] Magnitude updated: 6.21 (Mw(mB))
2025/11/05 06:36:52.623012 [Simulation:Info:toast@toast-new:Simulation not generated] Magnitude 6.21 of event bmg2025vqsa is smaller than triggerMinMagnitude: no automatic simulation
2025/11/05 06:36:53.018977 [Incident:Info:toast@toast-new:Origin updated] Origin updated: OT: 2025-11-04 23:32:24,  Lat/Lon: -0.0980932°/123.154°, Depth: 95.6847
2025/11/05 06:36:53.019273 [Incident:Info:toast@toast-new:Magnitude updated] Magnitude updated: 6.20 (Mw(mB))
2025/11/05 06:36:53.019357 [Simulation:Info:toast@toast-new:Simulation not generated] Magnitude 6.20 of event bmg2025vqsa is smaller than triggerMinMagnitude: no automatic simulation
2025/11/05 06:36:59.301422 [Incident:Info:toast@toast-new:Origin updated] Origin updated: OT: 2025-11-04 23:32:24,  Lat/Lon: -0.0980932°/123.154°, Depth: 95.6847
2025/11/05 06:36:59.301671 [Incident:Info:toast@toast-new:Magnitude updated] Magnitude updated: 6.19 (Mw(mB))
2025/11/05 06:36:59.301797 [Simulation:Info:toast@toast-new:Simulation not generated] Magnitude 6.19 of event bmg2025vqsa is smaller than triggerMinMagnitude: no automatic simulation
2025/11/05 06:37:04.025571 [Incident:Info:toast@toast-new:Origin updated] Origin updated: OT: 2025-11-04 23:32:24,  Lat/Lon: -0.0980932°/123.154°, Depth: 95.6847
2025/11/05 06:37:04.025772 [Incident:Info:toast@toast-new:Magnitude updated] Magnitude updated: 6.19 (Mw(mB))
2025/11/05 06:37:04.025820 [Simulation:Info:toast@toast-new:Simulation not generated] Magnitude 6.19 of event bmg2025vqsa is smaller than triggerMinMagnitude: no automatic simulation
2025/11/05 06:38:23.030028 [Incident:Info:toast@toast-new:Origin updated] Origin updated: OT: 2025-11-04 23:32:24,  Lat/Lon: -0.0876259°/123.142°, Depth: 100.368
2025/11/05 06:38:23.030310 [Incident:Info:toast@toast-new:Magnitude updated] Magnitude updated: 6.15 (Mw(mB))
2025/11/05 06:38:23.030442 [Simulation:Info:toast@toast-new:Simulation not generated] Magnitude 6.15 of event bmg2025vqsa is smaller than triggerMinMagnitude: no automatic simulation
2025/11/05 06:38:23.358569 [Incident:Info:toast@toast-new:Origin updated] Origin updated: OT: 2025-11-04 23:32:24,  Lat/Lon: -0.0876259°/123.142°, Depth: 100.368
2025/11/05 06:38:23.358822 [Incident:Info:toast@toast-new:Magnitude updated] Magnitude updated: 6.15 (Mw(mB))
2025/11/05 06:38:23.358889 [Simulation:Info:toast@toast-new:Simulation not generated] Magnitude 6.15 of event bmg2025vqsa is smaller than triggerMinMagnitude: no automatic simulation
2025/11/05 06:39:10.057256 [Incident:Info:toast@toast-new:Origin updated] Origin updated: OT: 2025-11-04 23:32:24,  Lat/Lon: -0.0618237°/123.14°, Depth: 107.152
2025/11/05 06:39:10.057613 [Incident:Info:toast@toast-new:Magnitude updated] Magnitude updated: 6.14 (Mw(mB))
2025/11/05 06:39:10.057700 [Simulation:Info:toast@toast-new:Simulation not generated] Magnitude 6.14 of event bmg2025vqsa is smaller than triggerMinMagnitude: no automatic simulation
2025/11/05 06:40:13.799207 [Incident:Info:toast@toast-new:Origin updated] Origin updated: OT: 2025-11-04 23:32:24,  Lat/Lon: -0.0537874°/123.138°, Depth: 108.853
2025/11/05 06:40:13.799457 [Incident:Info:toast@toast-new:Magnitude updated] Magnitude updated: 6.14 (Mw(mB))
2025/11/05 06:40:13.799506 [Simulation:Info:toast@toast-new:Simulation not generated] Magnitude 6.14 of event bmg2025vqsa is smaller than triggerMinMagnitude: no automatic simulation
2025/11/05 06:41:13.626026 [Incident:Info:toast@toast-new:Origin updated] Origin updated: OT: 2025-11-04 23:32:24,  Lat/Lon: -0.0537874°/123.138°, Depth: 108.853
2025/11/05 06:41:13.626261 [Incident:Info:toast@toast-new:FM updated] FM updated
2025/11/05 06:41:13.626558 [Simulation:Info:toast@toast-new:Simulation not generated] Magnitude 6.14 of event bmg2025vqsa is smaller than triggerMinMagnitude: no automatic simulation
2025/11/05 06:41:50.142859 [Incident:Info:toast@toast-new:Origin updated] Origin updated: OT: 2025-11-04 23:32:24,  Lat/Lon: -0.0537874°/123.138°, Depth: 108.853
2025/11/05 06:41:50.143109 [Incident:Info:toast@toast-new:Magnitude updated] Magnitude updated: 6.00 (Mw)
2025/11/05 06:41:50.143228 [Simulation:Info:toast@toast-new:Simulation not generated] Magnitude 6.00 of event bmg2025vqsa is smaller than triggerMinMagnitude: no automatic simulation
2025/11/05 12:21:07.521307 [Incident:Info:toast@toast-new:Origin updated] Origin updated: OT: 2025-11-04 23:32:24,  Lat/Lon: -0.0537874°/123.138°, Depth: 108.853
2025/11/05 12:21:07.525984 [Incident:Info:toast@toast-new:Magnitude updated] Magnitude updated: 5.97 (Mw)
2025/11/05 12:21:07.526135 [Incident:Info:toast@toast-new:FM updated] FM updated
2025/11/05 12:21:07.526584 [Simulation:Info:toast@toast-new:Simulation not generated] Magnitude 5.97 of event bmg2025vqsa is smaller than triggerMinMagnitude: no automatic simulation
2025/11/05 14:28:19.121306 [Incident:Info:toast@toast-new:Origin updated] Origin updated: OT: 2025-11-04 23:32:24,  Lat/Lon: -0.0684476°/123.142°, Depth: 109.116
2025/11/05 14:28:19.121672 [Simulation:Info:toast@toast-new:Simulation not generated] Magnitude 5.97 of event bmg2025vqsa is smaller than triggerMinMagnitude: no automatic simulation
2025/11/05 20:37:34.477277 [Simulation:Info:toast@toast-new:Simulation(s) triggered] Automatic simulation(s) triggered manually
2025/11/05 20:37:34.477496 [Simulation:Info:toast@toast-new:Simulation(s) started] Starting simulation(s) with nodal plane 1, Lat/Lon: -0.07°/ 123.14° (MT), Depth: 109.12km (MT), Mag: 5.97 (MT)
2025/11/05 20:37:34.480563 [Simulation:Info:toast@toast-new:Simulation running] TsunAWI: Looking for matching scenarios
2025/11/05 20:37:34.480795 [Simulation:Info:toast@toast-new:Simulation(s) started] Starting simulation(s) with nodal plane 2, Lat/Lon: -0.07°/ 123.14° (MT), Depth: 109.12km (MT), Mag: 5.97 (MT)
2025/11/05 20:37:34.483531 [Simulation:Info:toast@toast-new:Simulation running] TsunAWI: Looking for matching scenarios
2025/11/05 20:37:34.483669 [Simulation:Info:toast@toast-new:Simulation(s) skipped] Simulation(s) not created with fault plane because a nodal plane is similar.
2025/11/05 20:37:34.484884 [Simulation:Info:toast@toast-new:Simulation finished] TsunAWI: No matching scenarios
2025/11/05 20:37:34.487099 [Simulation:Info:toast@toast-new:Simulation finished] TsunAWI: No matching scenarios
2025/11/05 20:37:34.491656 [Simulation:Info:toast@toast-new:No simulation returned] TsunAWI simulation backend returned no simulation.
2025/11/05 20:37:34.492153 [Simulation:Info:toast@toast-new:No simulation returned] TsunAWI simulation backend returned no simulation.
2025/11/05 20:37:34.585689 [Simulation:Info:toast@toast-new:Simulation tracked] Tracking progress of EasyWave2 simulation 59000002S122124Ec9bd2d8c467f61f09eeca062702a292c1fba84d9
2025/11/05 20:37:34.592056 [Simulation:Info:toast@toast-new:Simulation tracked] Tracking progress of EasyWave2 simulation 59000002S122124Ec3883d0b46115d1d944df911a0e2ea4c1940d994
2025/11/05 20:37:34.599127 [Simulation:Info:toast@toast-new:Simulation tracked] Tracking progress of EasyWave2 simulation 59000002S122124Eadb6b954a5f4cf7dc3a5bbeaf4f56e93fc604ac6
2025/11/05 20:37:34.603103 [Simulation:Info:toast@toast-new:Simulation tracked] Tracking progress of EasyWave2 simulation 59000002S122124E8eb447ca75767dca7ceb686168b87b3b93422a24
2025/11/05 20:37:42.704346 [Simulation:Info:toast@toast-new:Simulation finished] Finished EasyWave2 simulation 59000002S122124Ec9bd2d8c467f61f09eeca062702a292c1fba84d9 in 8 seconds
2025/11/05 20:37:53.700851 [Simulation:Info:toast@toast-new:Simulation finished] Finished EasyWave2 simulation 59000002S122124Ec3883d0b46115d1d944df911a0e2ea4c1940d994 in 19 seconds
2025/11/05 20:37:59.695489 [Simulation:Info:toast@toast-new:Simulation finished] Finished EasyWave2 simulation 59000002S122124Eadb6b954a5f4cf7dc3a5bbeaf4f56e93fc604ac6 in 25 seconds
2025/11/05 20:38:10.670848 [Simulation:Info:toast@toast-new:Simulation finished] Finished EasyWave2 simulation 59000002S122124E8eb447ca75767dca7ceb686168b87b3b93422a24 in 36 seconds
2025/11/06 16:12:29.781104 [Incident:Info:toast@toast-new:Origin updated] Origin updated: OT: 2025-11-04 23:32:24,  Lat/Lon: -0.0684476°/123.142°, Depth: 109.116
2025/11/06 16:12:29.781322 [Incident:Info:toast@toast-new:Magnitude updated] Magnitude updated: 6.00 (mb)
2025/11/06 16:12:29.781372 [Simulation:Info:toast@toast-new:Simulation not generated] Magnitude 6.00 of event bmg2025vqsa is smaller than triggerMinMagnitude: no automatic simulation
2025/11/06 16:12:38.879868 [Incident:Info:toast@toast-new:Origin updated] Origin updated: OT: 2025-11-04 23:32:24,  Lat/Lon: -0.0684476°/123.142°, Depth: 109.116
2025/11/06 16:12:38.880391 [Incident:Info:toast@toast-new:Magnitude updated] Magnitude updated: 5.97 (Mw)
2025/11/06 16:12:38.880555 [Simulation:Info:toast@toast-new:Simulation not generated] Magnitude 5.97 of event bmg2025vqsa is smaller than triggerMinMagnitude: no automatic simulation
2025/11/06 16:12:51.570420 [Incident:Info:toast@toast-new:Origin updated] Origin updated: OT: 2025-11-04 23:32:24,  Lat/Lon: -0.0780244°/123.144°, Depth: 111.763
2025/11/06 16:12:51.570942 [Simulation:Info:toast@toast-new:Simulation not generated] Magnitude 5.97 of event bmg2025vqsa is smaller than triggerMinMagnitude: no automatic simulation
2025/11/06 17:34:00.585652 [Incident:Info:toast@toast-new:Origin updated] Origin updated: OT: 2025-11-04 23:32:24,  Lat/Lon: -0.0684476°/123.142°, Depth: 109.116
2025/11/06 17:34:00.586053 [Simulation:Info:toast@toast-new:Simulation not generated] Magnitude 5.97 of event bmg2025vqsa is smaller than triggerMinMagnitude: no automatic simulation
2025/11/06 17:34:51.110890 [Incident:Info:toast@toast-new:Origin updated] Origin updated: OT: 2025-11-04 23:32:23,  Lat/Lon: -0.0950728°/123.159°, Depth: 108.463
2025/11/06 17:34:51.111324 [Simulation:Info:toast@toast-new:Simulation not generated] Magnitude 5.97 of event bmg2025vqsa is smaller than triggerMinMagnitude: no automatic simulation
2025/11/06 17:39:42.088108 [Incident:Info:toast@toast-new:Origin updated] Origin updated: OT: 2025-11-04 23:32:24,  Lat/Lon: -0.0780244°/123.144°, Depth: 111.763
2025/11/06 17:39:42.088476 [Simulation:Info:toast@toast-new:Simulation not generated] Magnitude 5.97 of event bmg2025vqsa is smaller than triggerMinMagnitude: no automatic simulation
