2025/11/09 17:03:00.327215 [Incident:Info:toast@toast-new:Displacement(s) updated] Added 0 and changed 0 displacements with 0 amplitudes
2025/11/09 17:03:00.349071 [Incident:Info:toast@toast-new:Incident created] Incident created based on event received from messaging: OT: 2025-11-09 09:52:44,  Lat/Lon: 39.55°/143.30°, Depth: 10.00, Mag: 5.06 (M)
2025/11/09 17:03:00.349535 [Simulation:Info:toast@toast-new:Simulation not generated] Magnitude 5.06 of event bmg2025vyun is smaller than triggerMinMagnitude: no automatic simulation
2025/11/09 17:03:00.361378 [Incident:Info:toast@toast-new:Origin updated] Origin updated: OT: 2025-11-09 09:52:44,  Lat/Lon: 39.5549°/143.297°, Depth: 10
2025/11/09 17:03:00.361484 [Simulation:Info:toast@toast-new:Simulation not generated] Magnitude 5.06 of event bmg2025vyun is smaller than triggerMinMagnitude: no automatic simulation
2025/11/09 17:03:11.886490 [Incident:Info:toast@toast-new:Origin updated] Origin updated: OT: 2025-11-09 09:52:44,  Lat/Lon: 39.5103°/143.356°, Depth: 10
2025/11/09 17:03:11.886684 [Incident:Info:toast@toast-new:Magnitude updated] Magnitude updated: 5.09 (M)
2025/11/09 17:03:11.886726 [Simulation:Info:toast@toast-new:Simulation not generated] Magnitude 5.09 of event bmg2025vyun is smaller than triggerMinMagnitude: no automatic simulation
2025/11/09 17:03:33.617185 [Incident:Info:toast@toast-new:Origin updated] Origin updated: OT: 2025-11-09 09:52:44,  Lat/Lon: 39.5103°/143.356°, Depth: 10
2025/11/09 17:03:33.617404 [Incident:Info:toast@toast-new:Magnitude updated] Magnitude updated: 5.57 (M)
2025/11/09 17:03:33.617455 [Simulation:Info:toast@toast-new:Simulation not generated] Magnitude 5.57 of event bmg2025vyun is smaller than triggerMinMagnitude: no automatic simulation
2025/11/09 17:03:36.334965 [Incident:Info:toast@toast-new:Origin updated] Origin updated: OT: 2025-11-09 09:52:44,  Lat/Lon: 39.4754°/143.433°, Depth: 10
2025/11/09 17:03:36.335125 [Incident:Info:toast@toast-new:Magnitude updated] Magnitude updated: 5.56 (M)
2025/11/09 17:03:36.335188 [Simulation:Info:toast@toast-new:Simulation not generated] Magnitude 5.56 of event bmg2025vyun is smaller than triggerMinMagnitude: no automatic simulation
2025/11/09 17:04:59.949244 [Incident:Info:toast@toast-new:Origin updated] Origin updated: OT: 2025-11-09 09:52:44,  Lat/Lon: 39.4754°/143.433°, Depth: 10
2025/11/09 17:04:59.949417 [Incident:Info:toast@toast-new:Magnitude updated] Magnitude updated: 5.56 (M)
2025/11/09 17:04:59.949457 [Simulation:Info:toast@toast-new:Simulation not generated] Magnitude 5.56 of event bmg2025vyun is smaller than triggerMinMagnitude: no automatic simulation
2025/11/09 17:05:59.928021 [Incident:Info:toast@toast-new:Origin updated] Origin updated: OT: 2025-11-09 09:52:44,  Lat/Lon: 39.4788°/143.428°, Depth: 10
2025/11/09 17:05:59.928212 [Incident:Info:toast@toast-new:Magnitude updated] Magnitude updated: 5.57 (M)
2025/11/09 17:05:59.928255 [Simulation:Info:toast@toast-new:Simulation not generated] Magnitude 5.57 of event bmg2025vyun is smaller than triggerMinMagnitude: no automatic simulation
2025/11/09 17:06:11.857904 [Incident:Info:toast@toast-new:Origin updated] Origin updated: OT: 2025-11-09 09:52:44,  Lat/Lon: 39.4788°/143.426°, Depth: 10
2025/11/09 17:06:11.858097 [Incident:Info:toast@toast-new:Magnitude updated] Magnitude updated: 5.57 (M)
2025/11/09 17:06:11.858138 [Simulation:Info:toast@toast-new:Simulation not generated] Magnitude 5.57 of event bmg2025vyun is smaller than triggerMinMagnitude: no automatic simulation
2025/11/09 17:06:55.814293 [Incident:Info:toast@toast-new:Origin updated] Origin updated: OT: 2025-11-09 09:52:44,  Lat/Lon: 39.4683°/143.44°, Depth: 10
2025/11/09 17:06:55.814512 [Incident:Info:toast@toast-new:Magnitude updated] Magnitude updated: 5.56 (M)
2025/11/09 17:06:55.814554 [Simulation:Info:toast@toast-new:Simulation not generated] Magnitude 5.56 of event bmg2025vyun is smaller than triggerMinMagnitude: no automatic simulation
2025/11/09 17:12:49.583290 [Incident:Info:toast@toast-new:Origin updated] Origin updated: OT: 2025-11-09 09:52:44,  Lat/Lon: 39.4683°/143.44°, Depth: 10
2025/11/09 17:12:49.583482 [Simulation:Info:toast@toast-new:Simulation not generated] Magnitude 5.56 of event bmg2025vyun is smaller than triggerMinMagnitude: no automatic simulation
2025/11/09 18:14:20.495759 [Incident:Info:toast@toast-new:Origin updated] Origin updated: OT: 2025-11-09 09:52:44,  Lat/Lon: 39.4683°/143.44°, Depth: 10
2025/11/09 18:14:20.495935 [Simulation:Info:toast@toast-new:Simulation not generated] Magnitude 5.56 of event bmg2025vyun is smaller than triggerMinMagnitude: no automatic simulation
2025/11/10 00:16:27.516700 [Incident:Info:toast@toast-new:Origin updated] Origin updated: OT: 2025-11-09 09:52:43,  Lat/Lon: 39.4208°/143.433°, Depth: 10
2025/11/10 00:16:27.516890 [Incident:Info:toast@toast-new:Magnitude updated] Magnitude updated: 5.05 (mb)
2025/11/10 00:16:27.516944 [Simulation:Info:toast@toast-new:Simulation not generated] Magnitude 5.05 of event bmg2025vyun is smaller than triggerMinMagnitude: no automatic simulation
2025/11/10 00:16:27.530856 [Incident:Info:toast@toast-new:Origin updated] Origin updated: OT: 2025-11-09 09:52:43,  Lat/Lon: 39.4208°/143.433°, Depth: 10
2025/11/10 00:16:27.530967 [Incident:Info:toast@toast-new:Magnitude updated] Magnitude updated: 5.24 (M)
2025/11/10 00:16:27.530999 [Simulation:Info:toast@toast-new:Simulation not generated] Magnitude 5.24 of event bmg2025vyun is smaller than triggerMinMagnitude: no automatic simulation
2025/11/10 00:16:30.641375 [Incident:Info:toast@toast-new:Origin updated] Origin updated: OT: 2025-11-09 09:52:43,  Lat/Lon: 39.4208°/143.433°, Depth: 10
2025/11/10 00:16:30.641567 [Incident:Info:toast@toast-new:Magnitude updated] Magnitude updated: 5.05 (mb)
2025/11/10 00:16:30.641616 [Simulation:Info:toast@toast-new:Simulation not generated] Magnitude 5.05 of event bmg2025vyun is smaller than triggerMinMagnitude: no automatic simulation
2025/11/11 15:07:17.415190 [Incident:Info:toast@toast-new:Origin updated] Origin updated: OT: 2025-11-09 09:52:42,  Lat/Lon: 39.3825°/143.468°, Depth: 5
2025/11/11 15:07:17.415449 [Incident:Info:toast@toast-new:Magnitude updated] Magnitude updated: 5.09 (mb)
2025/11/11 15:07:17.415496 [Simulation:Info:toast@toast-new:Simulation not generated] Magnitude 5.09 of event bmg2025vyun is smaller than triggerMinMagnitude: no automatic simulation
2025/11/11 15:07:24.976471 [Incident:Info:toast@toast-new:Origin updated] Origin updated: OT: 2025-11-09 09:52:42,  Lat/Lon: 39.3825°/143.468°, Depth: 5
2025/11/11 15:07:24.976666 [Simulation:Info:toast@toast-new:Simulation not generated] Magnitude 5.09 of event bmg2025vyun is smaller than triggerMinMagnitude: no automatic simulation
2025/11/11 15:07:25.027511 [Incident:Info:toast@toast-new:Origin updated] Origin updated: OT: 2025-11-09 09:52:42,  Lat/Lon: 39.3825°/143.468°, Depth: 5
2025/11/11 15:07:25.027635 [Simulation:Info:toast@toast-new:Simulation not generated] Magnitude 5.09 of event bmg2025vyun is smaller than triggerMinMagnitude: no automatic simulation
