2025/12/08 20:28:17.460290 [Incident:Info:toast@toast-new:Displacement(s) updated] Added 0 and changed 0 displacements with 0 amplitudes
2025/12/08 20:28:17.461622 [Incident:Info:toast@toast-new:Incident created] Incident created based on event received from messaging: OT: 2025-12-08 13:18:28,  Lat/Lon: -24.33°/69.48°, Depth: 10.00, Mag: 5.43 (M)
2025/12/08 20:28:17.462060 [Simulation:Info:toast@toast-new:Simulation not generated] Magnitude 5.43 of event bmg2025yaax is smaller than triggerMinMagnitude: no automatic simulation
2025/12/08 20:28:17.484746 [Incident:Info:toast@toast-new:Origin updated] Origin updated: OT: 2025-12-08 13:18:28,  Lat/Lon: -24.3305°/69.4766°, Depth: 10
2025/12/08 20:28:17.484863 [Simulation:Info:toast@toast-new:Simulation not generated] Magnitude 5.43 of event bmg2025yaax is smaller than triggerMinMagnitude: no automatic simulation
2025/12/08 20:28:26.777490 [Incident:Info:toast@toast-new:Origin updated] Origin updated: OT: 2025-12-08 13:18:27,  Lat/Lon: -24.3494°/69.5064°, Depth: 10
2025/12/08 20:28:26.777650 [Incident:Info:toast@toast-new:Magnitude updated] Magnitude updated: 5.42 (M)
2025/12/08 20:28:26.777682 [Simulation:Info:toast@toast-new:Simulation not generated] Magnitude 5.42 of event bmg2025yaax is smaller than triggerMinMagnitude: no automatic simulation
2025/12/08 20:28:40.612225 [Incident:Info:toast@toast-new:Origin updated] Origin updated: OT: 2025-12-08 13:18:28,  Lat/Lon: -24.173°/69.4833°, Depth: 10
2025/12/08 20:28:40.612419 [Incident:Info:toast@toast-new:Magnitude updated] Magnitude updated: 5.43 (M)
2025/12/08 20:28:40.612455 [Simulation:Info:toast@toast-new:Simulation not generated] Magnitude 5.43 of event bmg2025yaax is smaller than triggerMinMagnitude: no automatic simulation
2025/12/08 20:28:53.663068 [Incident:Info:toast@toast-new:Origin updated] Origin updated: OT: 2025-12-08 13:18:28,  Lat/Lon: -24.173°/69.4833°, Depth: 10
2025/12/08 20:28:53.663226 [Incident:Info:toast@toast-new:Magnitude updated] Magnitude updated: 5.44 (M)
2025/12/08 20:28:53.663262 [Simulation:Info:toast@toast-new:Simulation not generated] Magnitude 5.44 of event bmg2025yaax is smaller than triggerMinMagnitude: no automatic simulation
2025/12/08 20:28:55.908453 [Incident:Info:toast@toast-new:Origin updated] Origin updated: OT: 2025-12-08 13:18:28,  Lat/Lon: -24.1413°/69.4922°, Depth: 10
2025/12/08 20:28:55.908579 [Incident:Info:toast@toast-new:Magnitude updated] Magnitude updated: 5.46 (M)
2025/12/08 20:28:55.908618 [Simulation:Info:toast@toast-new:Simulation not generated] Magnitude 5.46 of event bmg2025yaax is smaller than triggerMinMagnitude: no automatic simulation
2025/12/08 20:29:03.664499 [Incident:Info:toast@toast-new:Origin updated] Origin updated: OT: 2025-12-08 13:18:28,  Lat/Lon: -24.1413°/69.4922°, Depth: 10
2025/12/08 20:29:03.664665 [Incident:Info:toast@toast-new:Magnitude updated] Magnitude updated: 5.39 (M)
2025/12/08 20:29:03.664716 [Simulation:Info:toast@toast-new:Simulation not generated] Magnitude 5.39 of event bmg2025yaax is smaller than triggerMinMagnitude: no automatic simulation
2025/12/08 20:29:13.060059 [Incident:Info:toast@toast-new:Origin updated] Origin updated: OT: 2025-12-08 13:18:28,  Lat/Lon: -24.1862°/69.4984°, Depth: 10
2025/12/08 20:29:13.060223 [Incident:Info:toast@toast-new:Magnitude updated] Magnitude updated: 5.39 (M)
2025/12/08 20:29:13.060254 [Simulation:Info:toast@toast-new:Simulation not generated] Magnitude 5.39 of event bmg2025yaax is smaller than triggerMinMagnitude: no automatic simulation
2025/12/08 20:29:23.668487 [Incident:Info:toast@toast-new:Origin updated] Origin updated: OT: 2025-12-08 13:18:28,  Lat/Lon: -24.1862°/69.4984°, Depth: 10
2025/12/08 20:29:23.668643 [Incident:Info:toast@toast-new:Magnitude updated] Magnitude updated: 5.43 (M)
2025/12/08 20:29:23.668674 [Simulation:Info:toast@toast-new:Simulation not generated] Magnitude 5.43 of event bmg2025yaax is smaller than triggerMinMagnitude: no automatic simulation
2025/12/08 20:29:28.676579 [Incident:Info:toast@toast-new:Origin updated] Origin updated: OT: 2025-12-08 13:18:28,  Lat/Lon: -24.1862°/69.4984°, Depth: 10
2025/12/08 20:29:28.676765 [Incident:Info:toast@toast-new:Magnitude updated] Magnitude updated: 5.38 (M)
2025/12/08 20:29:28.676801 [Simulation:Info:toast@toast-new:Simulation not generated] Magnitude 5.38 of event bmg2025yaax is smaller than triggerMinMagnitude: no automatic simulation
2025/12/08 20:29:31.987337 [Incident:Info:toast@toast-new:Origin updated] Origin updated: OT: 2025-12-08 13:18:28,  Lat/Lon: -24.1311°/69.4934°, Depth: 10
2025/12/08 20:29:31.987503 [Incident:Info:toast@toast-new:Magnitude updated] Magnitude updated: 5.39 (M)
2025/12/08 20:29:31.987533 [Simulation:Info:toast@toast-new:Simulation not generated] Magnitude 5.39 of event bmg2025yaax is smaller than triggerMinMagnitude: no automatic simulation
2025/12/08 20:29:52.028161 [Incident:Info:toast@toast-new:Origin updated] Origin updated: OT: 2025-12-08 13:18:28,  Lat/Lon: -24.1279°/69.4907°, Depth: 10
2025/12/08 20:29:52.028315 [Incident:Info:toast@toast-new:Magnitude updated] Magnitude updated: 5.40 (M)
2025/12/08 20:29:52.028344 [Simulation:Info:toast@toast-new:Simulation not generated] Magnitude 5.40 of event bmg2025yaax is smaller than triggerMinMagnitude: no automatic simulation
2025/12/08 20:30:13.659748 [Incident:Info:toast@toast-new:Origin updated] Origin updated: OT: 2025-12-08 13:18:28,  Lat/Lon: -24.1279°/69.4907°, Depth: 10
2025/12/08 20:30:13.659912 [Incident:Info:toast@toast-new:Magnitude updated] Magnitude updated: 5.40 (M)
2025/12/08 20:30:13.659944 [Simulation:Info:toast@toast-new:Simulation not generated] Magnitude 5.40 of event bmg2025yaax is smaller than triggerMinMagnitude: no automatic simulation
2025/12/08 20:30:17.004310 [Incident:Info:toast@toast-new:Origin updated] Origin updated: OT: 2025-12-08 13:18:28,  Lat/Lon: -24.1291°/69.4914°, Depth: 10
2025/12/08 20:30:17.004493 [Incident:Info:toast@toast-new:Magnitude updated] Magnitude updated: 5.41 (M)
2025/12/08 20:30:17.004532 [Simulation:Info:toast@toast-new:Simulation not generated] Magnitude 5.41 of event bmg2025yaax is smaller than triggerMinMagnitude: no automatic simulation
2025/12/08 20:30:42.010305 [Incident:Info:toast@toast-new:Origin updated] Origin updated: OT: 2025-12-08 13:18:28,  Lat/Lon: -24.1368°/69.4923°, Depth: 10
2025/12/08 20:30:42.010475 [Incident:Info:toast@toast-new:Magnitude updated] Magnitude updated: 5.42 (M)
2025/12/08 20:30:42.010506 [Simulation:Info:toast@toast-new:Simulation not generated] Magnitude 5.42 of event bmg2025yaax is smaller than triggerMinMagnitude: no automatic simulation
2025/12/08 20:31:07.037547 [Incident:Info:toast@toast-new:Origin updated] Origin updated: OT: 2025-12-08 13:18:28,  Lat/Lon: -24.1268°/69.4928°, Depth: 10
2025/12/08 20:31:07.037710 [Incident:Info:toast@toast-new:Magnitude updated] Magnitude updated: 5.42 (M)
2025/12/08 20:31:07.037743 [Simulation:Info:toast@toast-new:Simulation not generated] Magnitude 5.42 of event bmg2025yaax is smaller than triggerMinMagnitude: no automatic simulation
2025/12/08 20:31:32.502467 [Incident:Info:toast@toast-new:Origin updated] Origin updated: OT: 2025-12-08 13:18:28,  Lat/Lon: -24.1239°/69.4927°, Depth: 10
2025/12/08 20:31:32.502654 [Incident:Info:toast@toast-new:Magnitude updated] Magnitude updated: 5.42 (M)
2025/12/08 20:31:32.502695 [Simulation:Info:toast@toast-new:Simulation not generated] Magnitude 5.42 of event bmg2025yaax is smaller than triggerMinMagnitude: no automatic simulation
2025/12/08 20:31:57.041835 [Incident:Info:toast@toast-new:Origin updated] Origin updated: OT: 2025-12-08 13:18:28,  Lat/Lon: -24.1194°/69.4886°, Depth: 10
2025/12/08 20:31:57.041993 [Incident:Info:toast@toast-new:Magnitude updated] Magnitude updated: 5.41 (M)
2025/12/08 20:31:57.042023 [Simulation:Info:toast@toast-new:Simulation not generated] Magnitude 5.41 of event bmg2025yaax is smaller than triggerMinMagnitude: no automatic simulation
2025/12/08 20:32:36.353399 [Incident:Info:toast@toast-new:Origin updated] Origin updated: OT: 2025-12-08 13:18:38,  Lat/Lon: -24.0329°/69.3518°, Depth: 105.184
2025/12/08 20:32:36.353653 [Incident:Info:toast@toast-new:Magnitude updated] Magnitude updated: 5.06 (mb)
2025/12/08 20:32:36.353766 [Simulation:Info:toast@toast-new:Simulation not generated] Magnitude 5.06 of event bmg2025yaax is smaller than triggerMinMagnitude: no automatic simulation
2025/12/08 20:32:36.383322 [Incident:Info:toast@toast-new:Origin updated] Origin updated: OT: 2025-12-08 13:18:38,  Lat/Lon: -24.0329°/69.3518°, Depth: 105.184
2025/12/08 20:32:36.383449 [Incident:Info:toast@toast-new:Magnitude updated] Magnitude updated: 5.26 (M)
2025/12/08 20:32:36.383499 [Simulation:Info:toast@toast-new:Simulation not generated] Magnitude 5.26 of event bmg2025yaax is smaller than triggerMinMagnitude: no automatic simulation
2025/12/09 06:53:24.048935 [Incident:Info:toast@toast-new:Origin updated] Origin updated: OT: 2025-12-08 13:18:38,  Lat/Lon: -24.0482°/69.365°, Depth: 103.232
2025/12/09 06:53:24.084579 [Incident:Info:toast@toast-new:Magnitude updated] Magnitude updated: 5.07 (mb)
2025/12/09 06:53:24.084694 [Simulation:Info:toast@toast-new:Simulation not generated] Magnitude 5.07 of event bmg2025yaax is smaller than triggerMinMagnitude: no automatic simulation
2025/12/09 06:53:24.108738 [Incident:Info:toast@toast-new:Origin updated] Origin updated: OT: 2025-12-08 13:18:38,  Lat/Lon: -24.0482°/69.365°, Depth: 103.232
2025/12/09 06:53:24.108873 [Incident:Info:toast@toast-new:Magnitude updated] Magnitude updated: 5.26 (M)
2025/12/09 06:53:24.108919 [Simulation:Info:toast@toast-new:Simulation not generated] Magnitude 5.26 of event bmg2025yaax is smaller than triggerMinMagnitude: no automatic simulation
2025/12/09 06:53:28.600985 [Incident:Info:toast@toast-new:Origin updated] Origin updated: OT: 2025-12-08 13:18:38,  Lat/Lon: -24.0482°/69.365°, Depth: 103.232
2025/12/09 06:53:28.601170 [Incident:Info:toast@toast-new:Magnitude updated] Magnitude updated: 5.07 (mb)
2025/12/09 06:53:28.601219 [Simulation:Info:toast@toast-new:Simulation not generated] Magnitude 5.07 of event bmg2025yaax is smaller than triggerMinMagnitude: no automatic simulation
2025/12/09 10:16:31.633099 [Incident:Info:toast@toast-new:Incident removed] Removed incident - Bye
2025/12/10 11:55:52.317009 [Incident:Info:toast@toast-new:Displacement(s) updated] Added 0 and changed 0 displacements with 0 amplitudes
2025/12/10 11:55:52.318298 [Incident:Info:toast@toast-new:Displacement(s) updated] Added 0 and changed 0 displacements with 0 amplitudes
2025/12/10 11:55:52.318948 [Incident:Info:toast@toast-new:Incident created] Incident created based on event received from messaging: OT: 2025-12-08 13:18:38,  Lat/Lon: -24.05°/69.37°, Depth: 109.22, Mag: 5.04 (mb)
2025/12/10 11:55:52.319764 [Simulation:Info:toast@toast-new:Simulation not generated] Magnitude 5.04 of event bmg2025yaax is smaller than triggerMinMagnitude: no automatic simulation
2025/12/10 11:55:52.320775 [Incident:Info:toast@toast-new:Incident created] Incident created based on event received from messaging: OT: 2025-12-08 13:18:38,  Lat/Lon: -24.05°/69.37°, Depth: 109.22, Mag: 5.04 (mb)
2025/12/10 11:55:52.321561 [Simulation:Info:toast@toast-new:Simulation not generated] Magnitude 5.04 of event bmg2025yaax is smaller than triggerMinMagnitude: no automatic simulation
2025/12/10 11:55:52.346666 [Incident:Info:toast@toast-new:Origin updated] Origin updated: OT: 2025-12-08 13:18:38,  Lat/Lon: -24.0508°/69.3712°, Depth: 109.222
2025/12/10 11:55:52.346790 [Simulation:Info:toast@toast-new:Simulation not generated] Magnitude 5.04 of event bmg2025yaax is smaller than triggerMinMagnitude: no automatic simulation
2025/12/10 11:55:52.597485 [Incident:Info:toast@toast-new:Origin updated] Origin updated: OT: 2025-12-08 13:18:38,  Lat/Lon: -24.0508°/69.3712°, Depth: 109.222
2025/12/10 11:55:52.597561 [Simulation:Info:toast@toast-new:Simulation not generated] Magnitude 5.04 of event bmg2025yaax is smaller than triggerMinMagnitude: no automatic simulation
2025/12/10 11:56:08.336534 [Incident:Info:toast@toast-new:Origin updated] Origin updated: OT: 2025-12-08 13:18:27,  Lat/Lon: -24.1156°/69.444°, Depth: 11
2025/12/10 11:56:08.336749 [Incident:Info:toast@toast-new:Magnitude updated] Magnitude updated: 5.18 (mb)
2025/12/10 11:56:08.336820 [Simulation:Info:toast@toast-new:Simulation not generated] Magnitude 5.18 of event bmg2025yaax is smaller than triggerMinMagnitude: no automatic simulation
2025/12/10 11:56:08.343194 [Incident:Info:toast@toast-new:Origin updated] Origin updated: OT: 2025-12-08 13:18:27,  Lat/Lon: -24.1156°/69.444°, Depth: 11
2025/12/10 11:56:08.343381 [Incident:Info:toast@toast-new:Magnitude updated] Magnitude updated: 5.18 (mb)
2025/12/10 11:56:08.343422 [Simulation:Info:toast@toast-new:Simulation not generated] Magnitude 5.18 of event bmg2025yaax is smaller than triggerMinMagnitude: no automatic simulation
2025/12/10 11:56:16.589604 [Incident:Info:toast@toast-new:Origin updated] Origin updated: OT: 2025-12-08 13:18:27,  Lat/Lon: -24.1156°/69.444°, Depth: 11
2025/12/10 11:56:16.589822 [Simulation:Info:toast@toast-new:Simulation not generated] Magnitude 5.18 of event bmg2025yaax is smaller than triggerMinMagnitude: no automatic simulation
2025/12/10 11:56:16.593538 [Incident:Info:toast@toast-new:Origin updated] Origin updated: OT: 2025-12-08 13:18:27,  Lat/Lon: -24.1156°/69.444°, Depth: 11
2025/12/10 11:56:16.593691 [Simulation:Info:toast@toast-new:Simulation not generated] Magnitude 5.18 of event bmg2025yaax is smaller than triggerMinMagnitude: no automatic simulation
2025/12/10 11:56:16.608062 [Incident:Info:toast@toast-new:Origin updated] Origin updated: OT: 2025-12-08 13:18:27,  Lat/Lon: -24.1156°/69.444°, Depth: 11
2025/12/10 11:56:16.608186 [Simulation:Info:toast@toast-new:Simulation not generated] Magnitude 5.18 of event bmg2025yaax is smaller than triggerMinMagnitude: no automatic simulation
2025/12/10 11:56:16.612588 [Incident:Info:toast@toast-new:Origin updated] Origin updated: OT: 2025-12-08 13:18:27,  Lat/Lon: -24.1156°/69.444°, Depth: 11
2025/12/10 11:56:16.612691 [Simulation:Info:toast@toast-new:Simulation not generated] Magnitude 5.18 of event bmg2025yaax is smaller than triggerMinMagnitude: no automatic simulation
