2025/05/31 22:22:59.512635 [Incident:Info:toast@toast-new:Displacement(s) updated] Added 0 and changed 0 displacements with 0 amplitudes
2025/05/31 22:22:59.552805 [Incident:Info:toast@toast-new:Incident created] Incident created based on event received from messaging: OT: 2025-05-31 15:21:18,  Lat/Lon: -9.18°/124.06°, Depth: 69.19, Mag: 5.11 (M)
2025/05/31 22:22:59.553103 [Simulation:Info:toast@toast-new:Simulation not generated] Magnitude 5.11 of event bmg2025kpfw is smaller than triggerMinMagnitude: no automatic simulation
2025/05/31 22:22:59.574016 [Incident:Info:toast@toast-new:Origin updated] Origin updated: OT: 2025-05-31 15:21:18,  Lat/Lon: -9.17957°/124.06°, Depth: 69.193
2025/05/31 22:22:59.574172 [Simulation:Info:toast@toast-new:Simulation not generated] Magnitude 5.11 of event bmg2025kpfw is smaller than triggerMinMagnitude: no automatic simulation
2025/05/31 22:23:02.140233 [Incident:Info:toast@toast-new:Origin updated] Origin updated: OT: 2025-05-31 15:21:18,  Lat/Lon: -9.17957°/124.06°, Depth: 69.193
2025/05/31 22:23:02.140390 [Incident:Info:toast@toast-new:Magnitude updated] Magnitude updated: 5.11 (M)
2025/05/31 22:23:02.140426 [Simulation:Info:toast@toast-new:Simulation not generated] Magnitude 5.11 of event bmg2025kpfw is smaller than triggerMinMagnitude: no automatic simulation
2025/05/31 22:23:07.181398 [Incident:Info:toast@toast-new:Origin updated] Origin updated: OT: 2025-05-31 15:21:18,  Lat/Lon: -9.17957°/124.06°, Depth: 69.193
2025/05/31 22:23:07.181580 [Incident:Info:toast@toast-new:Magnitude updated] Magnitude updated: 5.11 (M)
2025/05/31 22:23:07.181624 [Simulation:Info:toast@toast-new:Simulation not generated] Magnitude 5.11 of event bmg2025kpfw is smaller than triggerMinMagnitude: no automatic simulation
2025/05/31 22:23:10.010066 [Incident:Info:toast@toast-new:Origin updated] Origin updated: OT: 2025-05-31 15:21:18,  Lat/Lon: -9.1922°/124.058°, Depth: 66.9998
2025/05/31 22:23:10.010272 [Incident:Info:toast@toast-new:Magnitude updated] Magnitude updated: 5.14 (M)
2025/05/31 22:23:10.010315 [Simulation:Info:toast@toast-new:Simulation not generated] Magnitude 5.14 of event bmg2025kpfw is smaller than triggerMinMagnitude: no automatic simulation
2025/05/31 22:23:12.159012 [Incident:Info:toast@toast-new:Origin updated] Origin updated: OT: 2025-05-31 15:21:18,  Lat/Lon: -9.1922°/124.058°, Depth: 66.9998
2025/05/31 22:23:12.159210 [Incident:Info:toast@toast-new:Magnitude updated] Magnitude updated: 5.14 (M)
2025/05/31 22:23:12.159256 [Simulation:Info:toast@toast-new:Simulation not generated] Magnitude 5.14 of event bmg2025kpfw is smaller than triggerMinMagnitude: no automatic simulation
2025/05/31 22:23:17.159431 [Incident:Info:toast@toast-new:Origin updated] Origin updated: OT: 2025-05-31 15:21:18,  Lat/Lon: -9.1922°/124.058°, Depth: 66.9998
2025/05/31 22:23:17.159587 [Incident:Info:toast@toast-new:Magnitude updated] Magnitude updated: 5.14 (M)
2025/05/31 22:23:17.159616 [Simulation:Info:toast@toast-new:Simulation not generated] Magnitude 5.14 of event bmg2025kpfw is smaller than triggerMinMagnitude: no automatic simulation
2025/05/31 22:23:22.152293 [Incident:Info:toast@toast-new:Origin updated] Origin updated: OT: 2025-05-31 15:21:18,  Lat/Lon: -9.1922°/124.058°, Depth: 66.9998
2025/05/31 22:23:22.152476 [Incident:Info:toast@toast-new:Magnitude updated] Magnitude updated: 5.15 (M)
2025/05/31 22:23:22.152519 [Simulation:Info:toast@toast-new:Simulation not generated] Magnitude 5.15 of event bmg2025kpfw is smaller than triggerMinMagnitude: no automatic simulation
2025/05/31 22:23:23.350220 [Incident:Info:toast@toast-new:Origin updated] Origin updated: OT: 2025-05-31 15:21:18,  Lat/Lon: -9.1922°/124.058°, Depth: 66.9998
2025/05/31 22:23:23.350401 [Incident:Info:toast@toast-new:Magnitude updated] Magnitude updated: 5.15 (M)
2025/05/31 22:23:23.350436 [Simulation:Info:toast@toast-new:Simulation not generated] Magnitude 5.15 of event bmg2025kpfw is smaller than triggerMinMagnitude: no automatic simulation
2025/05/31 22:23:23.373776 [Incident:Info:toast@toast-new:Origin updated] Origin updated: OT: 2025-05-31 15:21:18,  Lat/Lon: -9.21696°/124.056°, Depth: 68.785
2025/05/31 22:23:23.373933 [Incident:Info:toast@toast-new:Magnitude updated] Magnitude updated: 5.17 (M)
2025/05/31 22:23:23.373969 [Simulation:Info:toast@toast-new:Simulation not generated] Magnitude 5.17 of event bmg2025kpfw is smaller than triggerMinMagnitude: no automatic simulation
2025/05/31 22:23:27.234192 [Incident:Info:toast@toast-new:Origin updated] Origin updated: OT: 2025-05-31 15:21:18,  Lat/Lon: -9.21696°/124.056°, Depth: 68.785
2025/05/31 22:23:27.234423 [Incident:Info:toast@toast-new:Magnitude updated] Magnitude updated: 5.19 (M)
2025/05/31 22:23:27.234480 [Simulation:Info:toast@toast-new:Simulation not generated] Magnitude 5.19 of event bmg2025kpfw is smaller than triggerMinMagnitude: no automatic simulation
2025/05/31 22:23:32.069377 [Incident:Info:toast@toast-new:Origin updated] Origin updated: OT: 2025-05-31 15:21:18,  Lat/Lon: -9.13246°/124.041°, Depth: 60.0323
2025/05/31 22:23:32.069586 [Incident:Info:toast@toast-new:Magnitude updated] Magnitude updated: 5.12 (MLv)
2025/05/31 22:23:32.069633 [Simulation:Info:toast@toast-new:Simulation not generated] Magnitude 5.12 of event bmg2025kpfw is smaller than triggerMinMagnitude: no automatic simulation
2025/05/31 22:23:32.169582 [Incident:Info:toast@toast-new:Origin updated] Origin updated: OT: 2025-05-31 15:21:18,  Lat/Lon: -9.13246°/124.041°, Depth: 60.0323
2025/05/31 22:23:32.169733 [Incident:Info:toast@toast-new:Magnitude updated] Magnitude updated: 5.13 (M)
2025/05/31 22:23:32.169771 [Simulation:Info:toast@toast-new:Simulation not generated] Magnitude 5.13 of event bmg2025kpfw is smaller than triggerMinMagnitude: no automatic simulation
2025/05/31 22:23:37.174880 [Incident:Info:toast@toast-new:Origin updated] Origin updated: OT: 2025-05-31 15:21:18,  Lat/Lon: -9.13246°/124.041°, Depth: 60.0323
2025/05/31 22:23:37.175062 [Incident:Info:toast@toast-new:Magnitude updated] Magnitude updated: 5.14 (M)
2025/05/31 22:23:37.175097 [Simulation:Info:toast@toast-new:Simulation not generated] Magnitude 5.14 of event bmg2025kpfw is smaller than triggerMinMagnitude: no automatic simulation
2025/05/31 22:23:41.229519 [Incident:Info:toast@toast-new:Origin updated] Origin updated: OT: 2025-05-31 15:21:18,  Lat/Lon: -9.13246°/124.041°, Depth: 60.0323
2025/05/31 22:23:41.231412 [Incident:Info:toast@toast-new:Magnitude updated] Magnitude updated: 5.14 (M)
2025/05/31 22:23:41.231503 [Simulation:Info:toast@toast-new:Simulation not generated] Magnitude 5.14 of event bmg2025kpfw is smaller than triggerMinMagnitude: no automatic simulation
2025/05/31 22:24:24.823965 [Incident:Info:toast@toast-new:Origin updated] Origin updated: OT: 2025-05-31 15:21:18,  Lat/Lon: -9.23453°/124.044°, Depth: 68.546
2025/05/31 22:24:24.824170 [Incident:Info:toast@toast-new:Magnitude updated] Magnitude updated: 5.28 (MLv)
2025/05/31 22:24:24.824217 [Simulation:Info:toast@toast-new:Simulation not generated] Magnitude 5.28 of event bmg2025kpfw is smaller than triggerMinMagnitude: no automatic simulation
2025/05/31 22:24:24.933490 [Incident:Info:toast@toast-new:Origin updated] Origin updated: OT: 2025-05-31 15:21:18,  Lat/Lon: -9.23453°/124.044°, Depth: 68.546
2025/05/31 22:24:24.933689 [Incident:Info:toast@toast-new:Magnitude updated] Magnitude updated: 5.17 (M)
2025/05/31 22:24:24.933763 [Simulation:Info:toast@toast-new:Simulation not generated] Magnitude 5.17 of event bmg2025kpfw is smaller than triggerMinMagnitude: no automatic simulation
2025/05/31 22:24:32.287911 [Incident:Info:toast@toast-new:Origin updated] Origin updated: OT: 2025-05-31 15:21:18,  Lat/Lon: -9.23453°/124.044°, Depth: 68.546
2025/05/31 22:24:32.288108 [Incident:Info:toast@toast-new:Magnitude updated] Magnitude updated: 5.16 (M)
2025/05/31 22:24:32.288153 [Simulation:Info:toast@toast-new:Simulation not generated] Magnitude 5.16 of event bmg2025kpfw is smaller than triggerMinMagnitude: no automatic simulation
2025/05/31 22:24:37.338564 [Incident:Info:toast@toast-new:Origin updated] Origin updated: OT: 2025-05-31 15:21:18,  Lat/Lon: -9.23453°/124.044°, Depth: 68.546
2025/05/31 22:24:37.338776 [Incident:Info:toast@toast-new:Magnitude updated] Magnitude updated: 5.16 (M)
2025/05/31 22:24:37.338819 [Simulation:Info:toast@toast-new:Simulation not generated] Magnitude 5.16 of event bmg2025kpfw is smaller than triggerMinMagnitude: no automatic simulation
2025/05/31 22:24:42.291080 [Incident:Info:toast@toast-new:Origin updated] Origin updated: OT: 2025-05-31 15:21:18,  Lat/Lon: -9.23453°/124.044°, Depth: 68.546
2025/05/31 22:24:42.291277 [Incident:Info:toast@toast-new:Magnitude updated] Magnitude updated: 5.16 (M)
2025/05/31 22:24:42.291319 [Simulation:Info:toast@toast-new:Simulation not generated] Magnitude 5.16 of event bmg2025kpfw is smaller than triggerMinMagnitude: no automatic simulation
2025/05/31 22:24:57.245193 [Incident:Info:toast@toast-new:Origin updated] Origin updated: OT: 2025-05-31 15:21:18,  Lat/Lon: -9.23453°/124.044°, Depth: 68.546
2025/05/31 22:24:57.245403 [Incident:Info:toast@toast-new:Magnitude updated] Magnitude updated: 5.16 (M)
2025/05/31 22:24:57.245453 [Simulation:Info:toast@toast-new:Simulation not generated] Magnitude 5.16 of event bmg2025kpfw is smaller than triggerMinMagnitude: no automatic simulation
2025/05/31 22:25:12.247757 [Incident:Info:toast@toast-new:Origin updated] Origin updated: OT: 2025-05-31 15:21:18,  Lat/Lon: -9.23453°/124.044°, Depth: 68.546
2025/05/31 22:25:12.247947 [Incident:Info:toast@toast-new:Magnitude updated] Magnitude updated: 5.16 (M)
2025/05/31 22:25:12.247988 [Simulation:Info:toast@toast-new:Simulation not generated] Magnitude 5.16 of event bmg2025kpfw is smaller than triggerMinMagnitude: no automatic simulation
2025/05/31 22:25:59.940050 [Incident:Info:toast@toast-new:Origin updated] Origin updated: OT: 2025-05-31 15:21:18,  Lat/Lon: -9.30395°/124.031°, Depth: 77.9888
2025/05/31 22:25:59.940264 [Incident:Info:toast@toast-new:Magnitude updated] Magnitude updated: 5.14 (Mw(mB))
2025/05/31 22:25:59.940303 [Simulation:Info:toast@toast-new:Simulation not generated] Magnitude 5.14 of event bmg2025kpfw is smaller than triggerMinMagnitude: no automatic simulation
2025/05/31 22:26:59.704965 [Incident:Info:toast@toast-new:Origin updated] Origin updated: OT: 2025-05-31 15:21:18,  Lat/Lon: -9.30395°/124.031°, Depth: 77.9888
2025/05/31 22:26:59.705162 [Incident:Info:toast@toast-new:FM updated] FM updated
2025/05/31 22:26:59.705417 [Simulation:Info:toast@toast-new:Simulation not generated] Magnitude 5.14 of event bmg2025kpfw is smaller than triggerMinMagnitude: no automatic simulation
2025/05/31 22:28:17.192252 [Incident:Info:toast@toast-new:Origin updated] Origin updated: OT: 2025-05-31 15:21:17,  Lat/Lon: -9.33227°/124.023°, Depth: 96.7451
2025/05/31 22:28:17.192461 [Incident:Info:toast@toast-new:Magnitude updated] Magnitude updated: 5.08 (Mw(mB))
2025/05/31 22:28:17.192505 [Simulation:Info:toast@toast-new:Simulation not generated] Magnitude 5.08 of event bmg2025kpfw is smaller than triggerMinMagnitude: no automatic simulation
2025/05/31 22:29:18.115306 [Incident:Info:toast@toast-new:Origin updated] Origin updated: OT: 2025-05-31 15:21:17,  Lat/Lon: -9.33227°/124.023°, Depth: 96.7451
2025/05/31 22:29:18.115492 [Incident:Info:toast@toast-new:FM updated] FM updated
2025/05/31 22:29:18.115738 [Simulation:Info:toast@toast-new:Simulation not generated] Magnitude 5.08 of event bmg2025kpfw is smaller than triggerMinMagnitude: no automatic simulation
2025/05/31 22:29:48.581085 [Incident:Info:toast@toast-new:Origin updated] Origin updated: OT: 2025-05-31 15:21:17,  Lat/Lon: -9.33227°/124.023°, Depth: 96.7451
2025/05/31 22:29:48.581283 [Incident:Info:toast@toast-new:FM updated] FM updated
2025/05/31 22:29:48.581537 [Simulation:Info:toast@toast-new:Simulation not generated] Magnitude 5.08 of event bmg2025kpfw is smaller than triggerMinMagnitude: no automatic simulation
2025/05/31 22:30:47.282714 [Incident:Info:toast@toast-new:Origin updated] Origin updated: OT: 2025-05-31 15:21:17,  Lat/Lon: -9.33227°/124.023°, Depth: 96.7451
2025/05/31 22:30:47.282867 [Incident:Info:toast@toast-new:FM updated] FM updated
2025/05/31 22:30:47.283142 [Simulation:Info:toast@toast-new:Simulation not generated] Magnitude 5.08 of event bmg2025kpfw is smaller than triggerMinMagnitude: no automatic simulation
2025/05/31 22:31:07.629712 [Incident:Info:toast@toast-new:Origin updated] Origin updated: OT: 2025-05-31 15:21:17,  Lat/Lon: -9.33227°/124.023°, Depth: 96.7451
2025/05/31 22:31:07.629896 [Incident:Info:toast@toast-new:FM updated] FM updated
2025/05/31 22:31:07.630152 [Simulation:Info:toast@toast-new:Simulation not generated] Magnitude 5.08 of event bmg2025kpfw is smaller than triggerMinMagnitude: no automatic simulation
2025/05/31 22:31:10.711809 [Incident:Info:toast@toast-new:Origin updated] Origin updated: OT: 2025-05-31 15:21:17,  Lat/Lon: -9.32683°/124.019°, Depth: 96.5514
2025/05/31 22:31:10.712009 [Incident:Info:toast@toast-new:Magnitude updated] Magnitude updated: 5.08 (Mw(mB))
2025/05/31 22:31:10.712045 [Simulation:Info:toast@toast-new:Simulation not generated] Magnitude 5.08 of event bmg2025kpfw is smaller than triggerMinMagnitude: no automatic simulation
2025/05/31 22:33:34.210820 [Incident:Info:toast@toast-new:Origin updated] Origin updated: OT: 2025-05-31 15:21:17,  Lat/Lon: -9.32683°/124.019°, Depth: 96.5512
2025/05/31 22:33:34.211020 [Incident:Info:toast@toast-new:Magnitude updated] Magnitude updated: 5.08 (Mw(mB))
2025/05/31 22:33:34.211063 [Simulation:Info:toast@toast-new:Simulation not generated] Magnitude 5.08 of event bmg2025kpfw is smaller than triggerMinMagnitude: no automatic simulation
2025/05/31 22:33:38.450485 [Incident:Info:toast@toast-new:Origin updated] Origin updated: OT: 2025-05-31 15:21:17,  Lat/Lon: -9.32683°/124.019°, Depth: 96.5512
2025/05/31 22:33:38.450662 [Incident:Info:toast@toast-new:Magnitude updated] Magnitude updated: 5.14 (mb)
2025/05/31 22:33:38.450702 [Simulation:Info:toast@toast-new:Simulation not generated] Magnitude 5.14 of event bmg2025kpfw is smaller than triggerMinMagnitude: no automatic simulation
2025/06/01 04:18:42.876012 [Incident:Info:toast@toast-new:Origin updated] Origin updated: OT: 2025-05-31 15:21:17,  Lat/Lon: -9.32683°/124.019°, Depth: 96.5512
2025/06/01 04:18:42.876259 [Incident:Info:toast@toast-new:FM updated] FM updated
2025/06/01 04:18:42.876535 [Simulation:Info:toast@toast-new:Simulation not generated] Magnitude 5.14 of event bmg2025kpfw is smaller than triggerMinMagnitude: no automatic simulation
2025/06/01 07:27:10.382753 [Incident:Info:toast@toast-new:Origin updated] Origin updated: OT: 2025-05-31 15:21:17,  Lat/Lon: -9.33324°/124.008°, Depth: 89.6202
2025/06/01 07:27:10.382981 [Incident:Info:toast@toast-new:Magnitude updated] Magnitude updated: 5.17 (mb)
2025/06/01 07:27:10.383040 [Simulation:Info:toast@toast-new:Simulation not generated] Magnitude 5.17 of event bmg2025kpfw is smaller than triggerMinMagnitude: no automatic simulation
2025/06/25 10:15:06.891610 [Incident:Info:toast@toast-new:Origin updated] Origin updated: OT: 2025-05-31 15:21:16,  Lat/Lon: -9.37332°/124.038°, Depth: 90.1585
2025/06/25 10:15:06.897167 [Incident:Info:toast@toast-new:Magnitude updated] Magnitude updated: 5.20 (mb)
2025/06/25 10:15:06.902219 [Simulation:Info:toast@toast-new:Simulation not generated] Magnitude 5.20 of event bmg2025kpfw is smaller than triggerMinMagnitude: no automatic simulation
2025/06/25 10:15:14.194194 [Incident:Info:toast@toast-new:Origin updated] Origin updated: OT: 2025-05-31 15:21:16,  Lat/Lon: -9.37332°/124.038°, Depth: 90.1585
2025/06/25 10:15:14.205063 [Simulation:Info:toast@toast-new:Simulation not generated] Magnitude 5.20 of event bmg2025kpfw is smaller than triggerMinMagnitude: no automatic simulation
2025/06/25 10:15:14.225027 [Incident:Info:toast@toast-new:Origin updated] Origin updated: OT: 2025-05-31 15:21:16,  Lat/Lon: -9.37332°/124.038°, Depth: 90.1585
2025/06/25 10:15:14.231761 [Incident:Info:toast@toast-new:Magnitude updated] Magnitude updated: 5.09 (Mw(mB))
2025/06/25 10:15:14.237469 [Simulation:Info:toast@toast-new:Simulation not generated] Magnitude 5.09 of event bmg2025kpfw is smaller than triggerMinMagnitude: no automatic simulation
