2025/04/10 14:55:08.822356 [Incident:Info:toast@toast-new:Displacement(s) updated] Added 0 and changed 0 displacements with 0 amplitudes
2025/04/10 14:55:08.865590 [Incident:Info:toast@toast-new:Incident created] Incident created based on event received from messaging: OT: 2025-04-10 07:53:26,  Lat/Lon: -5.93°/138.75°, Depth: 62.73, Mag: 5.98 (M)
2025/04/10 14:55:08.865941 [Simulation:Info:toast@toast-new:Simulation not generated] Magnitude 5.98 of event bmg2025gzmk is smaller than triggerMinMagnitude: no automatic simulation
2025/04/10 14:55:09.198328 [Incident:Info:toast@toast-new:Origin updated] Origin updated: OT: 2025-04-10 07:53:26,  Lat/Lon: -5.93342°/138.754°, Depth: 62.7292
2025/04/10 14:55:09.198427 [Simulation:Info:toast@toast-new:Simulation not generated] Magnitude 5.98 of event bmg2025gzmk is smaller than triggerMinMagnitude: no automatic simulation
2025/04/10 14:55:09.380697 [Incident:Info:toast@toast-new:Origin updated] Origin updated: OT: 2025-04-10 07:53:26,  Lat/Lon: -5.93342°/138.754°, Depth: 62.7292
2025/04/10 14:55:09.380873 [Incident:Info:toast@toast-new:Magnitude updated] Magnitude updated: 6.00 (M)
2025/04/10 14:55:09.380918 [Simulation:Info:toast@toast-new:Simulation not generated] Magnitude 6.00 of event bmg2025gzmk is smaller than triggerMinMagnitude: no automatic simulation
2025/04/10 14:55:14.429749 [Incident:Info:toast@toast-new:Origin updated] Origin updated: OT: 2025-04-10 07:53:26,  Lat/Lon: -5.93342°/138.754°, Depth: 62.7292
2025/04/10 14:55:14.429956 [Incident:Info:toast@toast-new:Magnitude updated] Magnitude updated: 6.05 (M)
2025/04/10 14:55:14.430003 [Simulation:Info:toast@toast-new:Simulation not generated] Magnitude 6.05 of event bmg2025gzmk is smaller than triggerMinMagnitude: no automatic simulation
2025/04/10 14:55:18.259722 [Incident:Info:toast@toast-new:Origin updated] Origin updated: OT: 2025-04-10 07:53:26,  Lat/Lon: -5.9451°/138.757°, Depth: 62.2463
2025/04/10 14:55:18.259959 [Incident:Info:toast@toast-new:Magnitude updated] Magnitude updated: 5.91 (M)
2025/04/10 14:55:18.260014 [Simulation:Info:toast@toast-new:Simulation not generated] Magnitude 5.91 of event bmg2025gzmk is smaller than triggerMinMagnitude: no automatic simulation
2025/04/10 14:55:19.416661 [Incident:Info:toast@toast-new:Origin updated] Origin updated: OT: 2025-04-10 07:53:26,  Lat/Lon: -5.9451°/138.757°, Depth: 62.2463
2025/04/10 14:55:19.416848 [Incident:Info:toast@toast-new:Magnitude updated] Magnitude updated: 5.94 (M)
2025/04/10 14:55:19.416883 [Simulation:Info:toast@toast-new:Simulation not generated] Magnitude 5.94 of event bmg2025gzmk is smaller than triggerMinMagnitude: no automatic simulation
2025/04/10 14:55:24.426131 [Incident:Info:toast@toast-new:Origin updated] Origin updated: OT: 2025-04-10 07:53:26,  Lat/Lon: -5.9451°/138.757°, Depth: 62.2463
2025/04/10 14:55:24.426337 [Incident:Info:toast@toast-new:Magnitude updated] Magnitude updated: 5.94 (M)
2025/04/10 14:55:24.426382 [Simulation:Info:toast@toast-new:Simulation not generated] Magnitude 5.94 of event bmg2025gzmk is smaller than triggerMinMagnitude: no automatic simulation
2025/04/10 14:55:28.205385 [Incident:Info:toast@toast-new:Origin updated] Origin updated: OT: 2025-04-10 07:53:26,  Lat/Lon: -5.92176°/138.781°, Depth: 51.6837
2025/04/10 14:55:28.205634 [Incident:Info:toast@toast-new:Magnitude updated] Magnitude updated: 5.90 (M)
2025/04/10 14:55:28.205690 [Simulation:Info:toast@toast-new:Simulation not generated] Magnitude 5.90 of event bmg2025gzmk is smaller than triggerMinMagnitude: no automatic simulation
2025/04/10 14:55:29.383706 [Incident:Info:toast@toast-new:Origin updated] Origin updated: OT: 2025-04-10 07:53:26,  Lat/Lon: -5.92176°/138.781°, Depth: 51.6837
2025/04/10 14:55:29.383944 [Incident:Info:toast@toast-new:Magnitude updated] Magnitude updated: 5.90 (M)
2025/04/10 14:55:29.384001 [Simulation:Info:toast@toast-new:Simulation not generated] Magnitude 5.90 of event bmg2025gzmk is smaller than triggerMinMagnitude: no automatic simulation
2025/04/10 14:55:34.455638 [Incident:Info:toast@toast-new:Origin updated] Origin updated: OT: 2025-04-10 07:53:26,  Lat/Lon: -5.92176°/138.781°, Depth: 51.6837
2025/04/10 14:55:34.455824 [Incident:Info:toast@toast-new:Magnitude updated] Magnitude updated: 5.91 (M)
2025/04/10 14:55:34.455865 [Simulation:Info:toast@toast-new:Simulation not generated] Magnitude 5.91 of event bmg2025gzmk is smaller than triggerMinMagnitude: no automatic simulation
2025/04/10 14:55:38.823506 [Incident:Info:toast@toast-new:Origin updated] Origin updated: OT: 2025-04-10 07:53:26,  Lat/Lon: -5.93005°/138.768°, Depth: 59.6797
2025/04/10 14:55:38.823726 [Incident:Info:toast@toast-new:Magnitude updated] Magnitude updated: 5.85 (M)
2025/04/10 14:55:38.823768 [Simulation:Info:toast@toast-new:Simulation not generated] Magnitude 5.85 of event bmg2025gzmk is smaller than triggerMinMagnitude: no automatic simulation
2025/04/10 14:55:44.463550 [Incident:Info:toast@toast-new:Origin updated] Origin updated: OT: 2025-04-10 07:53:26,  Lat/Lon: -5.93005°/138.768°, Depth: 59.6797
2025/04/10 14:55:44.463781 [Incident:Info:toast@toast-new:Magnitude updated] Magnitude updated: 5.86 (M)
2025/04/10 14:55:44.463835 [Simulation:Info:toast@toast-new:Simulation not generated] Magnitude 5.86 of event bmg2025gzmk is smaller than triggerMinMagnitude: no automatic simulation
2025/04/10 14:55:49.451044 [Incident:Info:toast@toast-new:Origin updated] Origin updated: OT: 2025-04-10 07:53:26,  Lat/Lon: -5.93005°/138.768°, Depth: 59.6797
2025/04/10 14:55:49.451193 [Incident:Info:toast@toast-new:Magnitude updated] Magnitude updated: 5.87 (M)
2025/04/10 14:55:49.451215 [Simulation:Info:toast@toast-new:Simulation not generated] Magnitude 5.87 of event bmg2025gzmk is smaller than triggerMinMagnitude: no automatic simulation
2025/04/10 14:55:53.837176 [Incident:Info:toast@toast-new:Origin updated] Origin updated: OT: 2025-04-10 07:53:26,  Lat/Lon: -5.93112°/138.767°, Depth: 60.3798
2025/04/10 14:55:53.837377 [Incident:Info:toast@toast-new:Magnitude updated] Magnitude updated: 5.91 (M)
2025/04/10 14:55:53.837419 [Simulation:Info:toast@toast-new:Simulation not generated] Magnitude 5.91 of event bmg2025gzmk is smaller than triggerMinMagnitude: no automatic simulation
2025/04/10 14:55:59.484494 [Incident:Info:toast@toast-new:Origin updated] Origin updated: OT: 2025-04-10 07:53:26,  Lat/Lon: -5.93112°/138.767°, Depth: 60.3798
2025/04/10 14:55:59.484697 [Incident:Info:toast@toast-new:Magnitude updated] Magnitude updated: 5.85 (M)
2025/04/10 14:55:59.484748 [Simulation:Info:toast@toast-new:Simulation not generated] Magnitude 5.85 of event bmg2025gzmk is smaller than triggerMinMagnitude: no automatic simulation
2025/04/10 14:56:04.489237 [Incident:Info:toast@toast-new:Origin updated] Origin updated: OT: 2025-04-10 07:53:26,  Lat/Lon: -5.93112°/138.767°, Depth: 60.3798
2025/04/10 14:56:04.489425 [Incident:Info:toast@toast-new:Magnitude updated] Magnitude updated: 5.80 (M)
2025/04/10 14:56:04.489458 [Simulation:Info:toast@toast-new:Simulation not generated] Magnitude 5.80 of event bmg2025gzmk is smaller than triggerMinMagnitude: no automatic simulation
2025/04/10 14:56:08.894946 [Incident:Info:toast@toast-new:Origin updated] Origin updated: OT: 2025-04-10 07:53:26,  Lat/Lon: -5.93476°/138.759°, Depth: 68.0881
2025/04/10 14:56:08.895156 [Incident:Info:toast@toast-new:Magnitude updated] Magnitude updated: 5.74 (M)
2025/04/10 14:56:08.895206 [Simulation:Info:toast@toast-new:Simulation not generated] Magnitude 5.74 of event bmg2025gzmk is smaller than triggerMinMagnitude: no automatic simulation
2025/04/10 14:56:09.423815 [Incident:Info:toast@toast-new:Origin updated] Origin updated: OT: 2025-04-10 07:53:26,  Lat/Lon: -5.93476°/138.759°, Depth: 68.0881
2025/04/10 14:56:09.424046 [Incident:Info:toast@toast-new:Magnitude updated] Magnitude updated: 5.74 (M)
2025/04/10 14:56:09.424100 [Simulation:Info:toast@toast-new:Simulation not generated] Magnitude 5.74 of event bmg2025gzmk is smaller than triggerMinMagnitude: no automatic simulation
2025/04/10 14:56:14.418470 [Incident:Info:toast@toast-new:Origin updated] Origin updated: OT: 2025-04-10 07:53:26,  Lat/Lon: -5.93476°/138.759°, Depth: 68.0881
2025/04/10 14:56:14.418663 [Incident:Info:toast@toast-new:Magnitude updated] Magnitude updated: 5.74 (M)
2025/04/10 14:56:14.418696 [Simulation:Info:toast@toast-new:Simulation not generated] Magnitude 5.74 of event bmg2025gzmk is smaller than triggerMinMagnitude: no automatic simulation
2025/04/10 14:56:19.474650 [Incident:Info:toast@toast-new:Origin updated] Origin updated: OT: 2025-04-10 07:53:26,  Lat/Lon: -5.93476°/138.759°, Depth: 68.0881
2025/04/10 14:56:19.474820 [Incident:Info:toast@toast-new:Magnitude updated] Magnitude updated: 5.76 (M)
2025/04/10 14:56:19.474872 [Simulation:Info:toast@toast-new:Simulation not generated] Magnitude 5.76 of event bmg2025gzmk is smaller than triggerMinMagnitude: no automatic simulation
2025/04/10 14:56:23.901842 [Incident:Info:toast@toast-new:Origin updated] Origin updated: OT: 2025-04-10 07:53:25,  Lat/Lon: -5.95663°/138.751°, Depth: 83.6258
2025/04/10 14:56:23.902083 [Incident:Info:toast@toast-new:Magnitude updated] Magnitude updated: 5.67 (M)
2025/04/10 14:56:23.902142 [Simulation:Info:toast@toast-new:Simulation not generated] Magnitude 5.67 of event bmg2025gzmk is smaller than triggerMinMagnitude: no automatic simulation
2025/04/10 14:56:29.500663 [Incident:Info:toast@toast-new:Origin updated] Origin updated: OT: 2025-04-10 07:53:25,  Lat/Lon: -5.95663°/138.751°, Depth: 83.6258
2025/04/10 14:56:29.500843 [Incident:Info:toast@toast-new:Magnitude updated] Magnitude updated: 5.64 (M)
2025/04/10 14:56:29.500898 [Simulation:Info:toast@toast-new:Simulation not generated] Magnitude 5.64 of event bmg2025gzmk is smaller than triggerMinMagnitude: no automatic simulation
2025/04/10 14:56:34.478853 [Incident:Info:toast@toast-new:Origin updated] Origin updated: OT: 2025-04-10 07:53:25,  Lat/Lon: -5.95663°/138.751°, Depth: 83.6258
2025/04/10 14:56:34.478995 [Incident:Info:toast@toast-new:Magnitude updated] Magnitude updated: 5.60 (M)
2025/04/10 14:56:34.479025 [Simulation:Info:toast@toast-new:Simulation not generated] Magnitude 5.60 of event bmg2025gzmk is smaller than triggerMinMagnitude: no automatic simulation
2025/04/10 14:56:39.496939 [Incident:Info:toast@toast-new:Origin updated] Origin updated: OT: 2025-04-10 07:53:25,  Lat/Lon: -5.95663°/138.751°, Depth: 83.6258
2025/04/10 14:56:39.497124 [Incident:Info:toast@toast-new:Magnitude updated] Magnitude updated: 5.57 (M)
2025/04/10 14:56:39.497166 [Simulation:Info:toast@toast-new:Simulation not generated] Magnitude 5.57 of event bmg2025gzmk is smaller than triggerMinMagnitude: no automatic simulation
2025/04/10 14:56:43.940661 [Incident:Info:toast@toast-new:Origin updated] Origin updated: OT: 2025-04-10 07:53:25,  Lat/Lon: -5.95041°/138.755°, Depth: 79.0018
2025/04/10 14:56:43.940878 [Incident:Info:toast@toast-new:Magnitude updated] Magnitude updated: 5.63 (M)
2025/04/10 14:56:43.940915 [Simulation:Info:toast@toast-new:Simulation not generated] Magnitude 5.63 of event bmg2025gzmk is smaller than triggerMinMagnitude: no automatic simulation
2025/04/10 14:56:49.379319 [Incident:Info:toast@toast-new:Origin updated] Origin updated: OT: 2025-04-10 07:53:25,  Lat/Lon: -5.95041°/138.755°, Depth: 79.0018
2025/04/10 14:56:49.379510 [Incident:Info:toast@toast-new:Magnitude updated] Magnitude updated: 5.59 (M)
2025/04/10 14:56:49.379553 [Simulation:Info:toast@toast-new:Simulation not generated] Magnitude 5.59 of event bmg2025gzmk is smaller than triggerMinMagnitude: no automatic simulation
2025/04/10 14:56:54.440766 [Incident:Info:toast@toast-new:Origin updated] Origin updated: OT: 2025-04-10 07:53:25,  Lat/Lon: -5.95041°/138.755°, Depth: 79.0018
2025/04/10 14:56:54.441001 [Incident:Info:toast@toast-new:Magnitude updated] Magnitude updated: 5.58 (M)
2025/04/10 14:56:54.441060 [Simulation:Info:toast@toast-new:Simulation not generated] Magnitude 5.58 of event bmg2025gzmk is smaller than triggerMinMagnitude: no automatic simulation
2025/04/10 14:56:59.429824 [Incident:Info:toast@toast-new:Origin updated] Origin updated: OT: 2025-04-10 07:53:25,  Lat/Lon: -5.95041°/138.755°, Depth: 79.0018
2025/04/10 14:56:59.430029 [Incident:Info:toast@toast-new:Magnitude updated] Magnitude updated: 5.56 (M)
2025/04/10 14:56:59.430096 [Simulation:Info:toast@toast-new:Simulation not generated] Magnitude 5.56 of event bmg2025gzmk is smaller than triggerMinMagnitude: no automatic simulation
2025/04/10 14:57:01.144146 [Incident:Info:toast@toast-new:Origin updated] Origin updated: OT: 2025-04-10 07:53:25,  Lat/Lon: -5.95191°/138.751°, Depth: 79.1823
2025/04/10 14:57:01.144334 [Incident:Info:toast@toast-new:Magnitude updated] Magnitude updated: 5.54 (M)
2025/04/10 14:57:01.144391 [Simulation:Info:toast@toast-new:Simulation not generated] Magnitude 5.54 of event bmg2025gzmk is smaller than triggerMinMagnitude: no automatic simulation
2025/04/10 14:57:04.452312 [Incident:Info:toast@toast-new:Origin updated] Origin updated: OT: 2025-04-10 07:53:25,  Lat/Lon: -5.95191°/138.751°, Depth: 79.1823
2025/04/10 14:57:04.452516 [Incident:Info:toast@toast-new:Magnitude updated] Magnitude updated: 5.58 (M)
2025/04/10 14:57:04.452574 [Simulation:Info:toast@toast-new:Simulation not generated] Magnitude 5.58 of event bmg2025gzmk is smaller than triggerMinMagnitude: no automatic simulation
2025/04/10 14:57:08.205160 [Incident:Info:toast@toast-new:Origin updated] Origin updated: OT: 2025-04-10 07:53:26,  Lat/Lon: -5.93962°/138.766°, Depth: 57.3024
2025/04/10 14:57:08.205393 [Incident:Info:toast@toast-new:Magnitude updated] Magnitude updated: 6.10 (MLv)
2025/04/10 14:57:08.205452 [Simulation:Info:toast@toast-new:Simulation not generated] Magnitude 6.10 of event bmg2025gzmk is smaller than triggerMinMagnitude: no automatic simulation
2025/04/10 14:57:08.324949 [Incident:Info:toast@toast-new:Origin updated] Origin updated: OT: 2025-04-10 07:53:26,  Lat/Lon: -5.93962°/138.766°, Depth: 57.3024
2025/04/10 14:57:08.325135 [Incident:Info:toast@toast-new:Magnitude updated] Magnitude updated: 5.60 (M)
2025/04/10 14:57:08.325204 [Simulation:Info:toast@toast-new:Simulation not generated] Magnitude 5.60 of event bmg2025gzmk is smaller than triggerMinMagnitude: no automatic simulation
2025/04/10 14:57:11.942979 [Incident:Info:toast@toast-new:Origin updated] Origin updated: OT: 2025-04-10 07:53:26,  Lat/Lon: -5.93962°/138.766°, Depth: 57.3024
2025/04/10 14:57:11.943209 [Simulation:Info:toast@toast-new:Simulation not generated] Magnitude 5.60 of event bmg2025gzmk is smaller than triggerMinMagnitude: no automatic simulation
2025/04/10 14:57:15.432073 [Incident:Info:toast@toast-new:Origin updated] Origin updated: OT: 2025-04-10 07:53:26,  Lat/Lon: -5.93962°/138.766°, Depth: 57.3024
2025/04/10 14:57:15.432249 [Incident:Info:toast@toast-new:FM updated] FM updated
2025/04/10 14:57:15.432511 [Simulation:Info:toast@toast-new:Simulation not generated] Magnitude 5.60 of event bmg2025gzmk is smaller than triggerMinMagnitude: no automatic simulation
2025/04/10 14:57:19.469328 [Incident:Info:toast@toast-new:Origin updated] Origin updated: OT: 2025-04-10 07:53:26,  Lat/Lon: -5.93962°/138.766°, Depth: 57.3024
2025/04/10 14:57:19.469540 [Incident:Info:toast@toast-new:Magnitude updated] Magnitude updated: 5.61 (M)
2025/04/10 14:57:19.469596 [Simulation:Info:toast@toast-new:Simulation not generated] Magnitude 5.61 of event bmg2025gzmk is smaller than triggerMinMagnitude: no automatic simulation
2025/04/10 14:57:24.554527 [Incident:Info:toast@toast-new:Origin updated] Origin updated: OT: 2025-04-10 07:53:26,  Lat/Lon: -5.93962°/138.766°, Depth: 57.3024
2025/04/10 14:57:24.554733 [Incident:Info:toast@toast-new:Magnitude updated] Magnitude updated: 5.59 (M)
2025/04/10 14:57:24.554780 [Simulation:Info:toast@toast-new:Simulation not generated] Magnitude 5.59 of event bmg2025gzmk is smaller than triggerMinMagnitude: no automatic simulation
2025/04/10 14:57:30.137871 [Incident:Info:toast@toast-new:Origin updated] Origin updated: OT: 2025-04-10 07:53:26,  Lat/Lon: -5.93962°/138.766°, Depth: 57.3024
2025/04/10 14:57:30.138069 [Incident:Info:toast@toast-new:FM updated] FM updated
2025/04/10 14:57:30.138334 [Simulation:Info:toast@toast-new:Simulation not generated] Magnitude 5.59 of event bmg2025gzmk is smaller than triggerMinMagnitude: no automatic simulation
2025/04/10 14:57:33.847117 [Incident:Info:toast@toast-new:Origin updated] Origin updated: OT: 2025-04-10 07:53:26,  Lat/Lon: -5.93962°/138.766°, Depth: 57.3024
2025/04/10 14:57:33.847316 [Incident:Info:toast@toast-new:Magnitude updated] Magnitude updated: 5.70 (mb)
2025/04/10 14:57:33.847393 [Simulation:Info:toast@toast-new:Simulation not generated] Magnitude 5.70 of event bmg2025gzmk is smaller than triggerMinMagnitude: no automatic simulation
2025/04/10 14:57:39.840898 [Incident:Info:toast@toast-new:Origin updated] Origin updated: OT: 2025-04-10 07:53:26,  Lat/Lon: -5.93962°/138.766°, Depth: 57.3024
2025/04/10 14:57:39.841085 [Incident:Info:toast@toast-new:FM updated] FM updated
2025/04/10 14:57:39.841348 [Simulation:Info:toast@toast-new:Simulation not generated] Magnitude 5.70 of event bmg2025gzmk is smaller than triggerMinMagnitude: no automatic simulation
2025/04/10 14:57:49.959226 [Incident:Info:toast@toast-new:Origin updated] Origin updated: OT: 2025-04-10 07:53:26,  Lat/Lon: -5.93962°/138.766°, Depth: 57.3024
2025/04/10 14:57:49.959417 [Incident:Info:toast@toast-new:FM updated] FM updated
2025/04/10 14:57:49.959692 [Simulation:Info:toast@toast-new:Simulation not generated] Magnitude 5.70 of event bmg2025gzmk is smaller than triggerMinMagnitude: no automatic simulation
2025/04/10 14:57:59.830628 [Incident:Info:toast@toast-new:Origin updated] Origin updated: OT: 2025-04-10 07:53:26,  Lat/Lon: -5.93962°/138.766°, Depth: 57.3024
2025/04/10 14:57:59.830813 [Incident:Info:toast@toast-new:FM updated] FM updated
2025/04/10 14:57:59.831145 [Simulation:Info:toast@toast-new:Simulation not generated] Magnitude 5.70 of event bmg2025gzmk is smaller than triggerMinMagnitude: no automatic simulation
2025/04/10 14:58:09.817925 [Incident:Info:toast@toast-new:Origin updated] Origin updated: OT: 2025-04-10 07:53:26,  Lat/Lon: -5.93962°/138.766°, Depth: 57.3024
2025/04/10 14:58:09.818128 [Incident:Info:toast@toast-new:FM updated] FM updated
2025/04/10 14:58:09.818417 [Simulation:Info:toast@toast-new:Simulation not generated] Magnitude 5.70 of event bmg2025gzmk is smaller than triggerMinMagnitude: no automatic simulation
2025/04/10 14:58:39.867464 [Incident:Info:toast@toast-new:Origin updated] Origin updated: OT: 2025-04-10 07:53:26,  Lat/Lon: -5.93962°/138.766°, Depth: 57.3024
2025/04/10 14:58:39.867720 [Incident:Info:toast@toast-new:FM updated] FM updated
2025/04/10 14:58:39.868207 [Simulation:Info:toast@toast-new:Simulation not generated] Magnitude 5.70 of event bmg2025gzmk is smaller than triggerMinMagnitude: no automatic simulation
2025/04/10 14:59:09.893827 [Incident:Info:toast@toast-new:Origin updated] Origin updated: OT: 2025-04-10 07:53:26,  Lat/Lon: -5.93962°/138.766°, Depth: 57.3024
2025/04/10 14:59:09.894022 [Incident:Info:toast@toast-new:FM updated] FM updated
2025/04/10 14:59:09.894305 [Simulation:Info:toast@toast-new:Simulation not generated] Magnitude 5.70 of event bmg2025gzmk is smaller than triggerMinMagnitude: no automatic simulation
2025/04/10 14:59:19.842027 [Incident:Info:toast@toast-new:Origin updated] Origin updated: OT: 2025-04-10 07:53:26,  Lat/Lon: -5.93962°/138.766°, Depth: 57.3024
2025/04/10 14:59:19.842216 [Incident:Info:toast@toast-new:FM updated] FM updated
2025/04/10 14:59:19.842487 [Simulation:Info:toast@toast-new:Simulation not generated] Magnitude 5.70 of event bmg2025gzmk is smaller than triggerMinMagnitude: no automatic simulation
2025/04/10 14:59:40.099692 [Incident:Info:toast@toast-new:Origin updated] Origin updated: OT: 2025-04-10 07:53:26,  Lat/Lon: -5.93962°/138.766°, Depth: 57.3024
2025/04/10 14:59:40.099891 [Incident:Info:toast@toast-new:FM updated] FM updated
2025/04/10 14:59:40.100153 [Simulation:Info:toast@toast-new:Simulation not generated] Magnitude 5.70 of event bmg2025gzmk is smaller than triggerMinMagnitude: no automatic simulation
2025/04/10 14:59:42.432443 [Incident:Info:toast@toast-new:Origin updated] Origin updated: OT: 2025-04-10 07:53:25,  Lat/Lon: -6.03449°/138.719°, Depth: 42.5873
2025/04/10 14:59:42.432662 [Incident:Info:toast@toast-new:Magnitude updated] Magnitude updated: 5.60 (mb)
2025/04/10 14:59:42.432708 [Simulation:Info:toast@toast-new:Simulation not generated] Magnitude 5.60 of event bmg2025gzmk is smaller than triggerMinMagnitude: no automatic simulation
2025/04/10 14:59:49.988141 [Incident:Info:toast@toast-new:Origin updated] Origin updated: OT: 2025-04-10 07:53:25,  Lat/Lon: -6.03449°/138.719°, Depth: 42.5873
2025/04/10 14:59:49.988341 [Incident:Info:toast@toast-new:FM updated] FM updated
2025/04/10 14:59:49.988625 [Simulation:Info:toast@toast-new:Simulation not generated] Magnitude 5.60 of event bmg2025gzmk is smaller than triggerMinMagnitude: no automatic simulation
2025/04/10 15:00:10.095129 [Incident:Info:toast@toast-new:Origin updated] Origin updated: OT: 2025-04-10 07:53:25,  Lat/Lon: -6.03449°/138.719°, Depth: 42.5873
2025/04/10 15:00:10.095283 [Incident:Info:toast@toast-new:FM updated] FM updated
2025/04/10 15:00:10.095530 [Simulation:Info:toast@toast-new:Simulation not generated] Magnitude 5.60 of event bmg2025gzmk is smaller than triggerMinMagnitude: no automatic simulation
2025/04/10 15:00:30.143571 [Incident:Info:toast@toast-new:Origin updated] Origin updated: OT: 2025-04-10 07:53:25,  Lat/Lon: -6.03449°/138.719°, Depth: 42.5873
2025/04/10 15:00:30.143777 [Incident:Info:toast@toast-new:FM updated] FM updated
2025/04/10 15:00:30.144076 [Simulation:Info:toast@toast-new:Simulation not generated] Magnitude 5.60 of event bmg2025gzmk is smaller than triggerMinMagnitude: no automatic simulation
2025/04/10 15:00:50.362829 [Incident:Info:toast@toast-new:Origin updated] Origin updated: OT: 2025-04-10 07:53:25,  Lat/Lon: -6.03449°/138.719°, Depth: 42.5873
2025/04/10 15:00:50.363020 [Incident:Info:toast@toast-new:FM updated] FM updated
2025/04/10 15:00:50.363285 [Simulation:Info:toast@toast-new:Simulation not generated] Magnitude 5.60 of event bmg2025gzmk is smaller than triggerMinMagnitude: no automatic simulation
2025/04/10 15:01:00.156355 [Incident:Info:toast@toast-new:Origin updated] Origin updated: OT: 2025-04-10 07:53:25,  Lat/Lon: -6.03449°/138.719°, Depth: 42.5873
2025/04/10 15:01:00.156539 [Simulation:Info:toast@toast-new:Simulation not generated] Magnitude 5.60 of event bmg2025gzmk is smaller than triggerMinMagnitude: no automatic simulation
2025/04/10 15:01:20.421788 [Incident:Info:toast@toast-new:Origin updated] Origin updated: OT: 2025-04-10 07:53:25,  Lat/Lon: -6.03449°/138.719°, Depth: 42.5873
2025/04/10 15:01:20.421962 [Incident:Info:toast@toast-new:FM updated] FM updated
2025/04/10 15:01:20.422213 [Simulation:Info:toast@toast-new:Simulation not generated] Magnitude 5.60 of event bmg2025gzmk is smaller than triggerMinMagnitude: no automatic simulation
2025/04/10 15:01:40.227371 [Incident:Info:toast@toast-new:Origin updated] Origin updated: OT: 2025-04-10 07:53:25,  Lat/Lon: -6.03449°/138.719°, Depth: 42.5873
2025/04/10 15:01:40.227565 [Simulation:Info:toast@toast-new:Simulation not generated] Magnitude 5.60 of event bmg2025gzmk is smaller than triggerMinMagnitude: no automatic simulation
2025/04/10 15:01:44.856945 [Incident:Info:toast@toast-new:Origin updated] Origin updated: OT: 2025-04-10 07:53:25,  Lat/Lon: -6.02843°/138.725°, Depth: 48.8778
2025/04/10 15:01:44.857142 [Incident:Info:toast@toast-new:Magnitude updated] Magnitude updated: 5.60 (mb)
2025/04/10 15:01:44.857173 [Simulation:Info:toast@toast-new:Simulation not generated] Magnitude 5.60 of event bmg2025gzmk is smaller than triggerMinMagnitude: no automatic simulation
2025/04/10 15:02:00.325865 [Incident:Info:toast@toast-new:Origin updated] Origin updated: OT: 2025-04-10 07:53:25,  Lat/Lon: -6.02843°/138.725°, Depth: 48.8778
2025/04/10 15:02:00.326045 [Incident:Info:toast@toast-new:FM updated] FM updated
2025/04/10 15:02:00.326297 [Simulation:Info:toast@toast-new:Simulation not generated] Magnitude 5.60 of event bmg2025gzmk is smaller than triggerMinMagnitude: no automatic simulation
2025/04/10 15:02:20.310823 [Incident:Info:toast@toast-new:Origin updated] Origin updated: OT: 2025-04-10 07:53:25,  Lat/Lon: -6.02843°/138.725°, Depth: 48.8778
2025/04/10 15:02:20.311030 [Incident:Info:toast@toast-new:FM updated] FM updated
2025/04/10 15:02:20.311303 [Simulation:Info:toast@toast-new:Simulation not generated] Magnitude 5.60 of event bmg2025gzmk is smaller than triggerMinMagnitude: no automatic simulation
2025/04/10 15:02:30.181908 [Incident:Info:toast@toast-new:Origin updated] Origin updated: OT: 2025-04-10 07:53:25,  Lat/Lon: -6.02843°/138.725°, Depth: 48.8778
2025/04/10 15:02:30.182114 [Incident:Info:toast@toast-new:FM updated] FM updated
2025/04/10 15:02:30.182437 [Simulation:Info:toast@toast-new:Simulation not generated] Magnitude 5.60 of event bmg2025gzmk is smaller than triggerMinMagnitude: no automatic simulation
2025/04/10 15:02:45.856780 [Incident:Info:toast@toast-new:Origin updated] Origin updated: OT: 2025-04-10 07:53:25,  Lat/Lon: -6.02843°/138.725°, Depth: 48.8778
2025/04/10 15:02:45.856999 [Simulation:Info:toast@toast-new:Simulation not generated] Magnitude 5.60 of event bmg2025gzmk is smaller than triggerMinMagnitude: no automatic simulation
2025/04/10 16:14:21.933481 [Incident:Info:toast@toast-new:Origin updated] Origin updated: OT: 2025-04-10 07:53:25,  Lat/Lon: -6.04425°/138.703°, Depth: 48.3042
2025/04/10 16:14:21.933630 [Incident:Info:toast@toast-new:Magnitude updated] Magnitude updated: 5.60 (mb)
2025/04/10 16:14:21.933662 [Simulation:Info:toast@toast-new:Simulation not generated] Magnitude 5.60 of event bmg2025gzmk is smaller than triggerMinMagnitude: no automatic simulation
2025/04/14 21:10:02.352391 [Incident:Info:toast@toast-new:Incident removed] Removed incident - Bye
2025/04/19 05:20:10.857325 [Incident:Info:toast@toast-new:Displacement(s) updated] Added 0 and changed 0 displacements with 0 amplitudes
2025/04/19 05:20:10.899068 [Incident:Info:toast@toast-new:Incident created] Incident created based on event received from messaging: OT: 2025-04-10 07:53:25,  Lat/Lon: -5.99°/138.72°, Depth: 48.74, Mag: 5.59 (mb)
2025/04/19 05:20:10.899444 [Simulation:Info:toast@toast-new:Simulation not generated] Magnitude 5.59 of event bmg2025gzmk is smaller than triggerMinMagnitude: no automatic simulation
2025/04/19 05:20:10.908083 [Incident:Info:toast@toast-new:Origin updated] Origin updated: OT: 2025-04-10 07:53:25,  Lat/Lon: -5.98722°/138.724°, Depth: 48.7421
2025/04/19 05:20:10.908174 [Simulation:Info:toast@toast-new:Simulation not generated] Magnitude 5.59 of event bmg2025gzmk is smaller than triggerMinMagnitude: no automatic simulation
2025/04/19 05:20:56.551453 [Incident:Info:toast@toast-new:Origin updated] Origin updated: OT: 2025-04-10 07:53:25,  Lat/Lon: -5.98722°/138.724°, Depth: 48.7421
2025/04/19 05:20:56.551654 [Simulation:Info:toast@toast-new:Simulation not generated] Magnitude 5.59 of event bmg2025gzmk is smaller than triggerMinMagnitude: no automatic simulation
2025/04/19 05:20:56.587552 [Incident:Info:toast@toast-new:Origin updated] Origin updated: OT: 2025-04-10 07:53:25,  Lat/Lon: -5.98722°/138.724°, Depth: 48.7421
2025/04/19 05:20:56.587686 [Simulation:Info:toast@toast-new:Simulation not generated] Magnitude 5.59 of event bmg2025gzmk is smaller than triggerMinMagnitude: no automatic simulation
