2025/04/09 02:28:03.812662 [Incident:Info:toast@toast-new:Displacement(s) updated] Added 0 and changed 0 displacements with 0 amplitudes
2025/04/09 02:28:03.853463 [Incident:Info:toast@toast-new:Incident created] Incident created based on event received from messaging: OT: 2025-04-08 19:25:55,  Lat/Lon: 4.63°/125.05°, Depth: 10.00, Mag: 5.03 (M)
2025/04/09 02:28:03.853810 [Simulation:Info:toast@toast-new:Simulation not generated] Magnitude 5.03 of event bmg2025gwsg is smaller than triggerMinMagnitude: no automatic simulation
2025/04/09 02:28:03.864972 [Incident:Info:toast@toast-new:Origin updated] Origin updated: OT: 2025-04-08 19:25:55,  Lat/Lon: 4.63377°/125.055°, Depth: 10
2025/04/09 02:28:03.865080 [Simulation:Info:toast@toast-new:Simulation not generated] Magnitude 5.03 of event bmg2025gwsg is smaller than triggerMinMagnitude: no automatic simulation
2025/04/09 02:28:04.419059 [Incident:Info:toast@toast-new:Origin updated] Origin updated: OT: 2025-04-08 19:25:55,  Lat/Lon: 4.63377°/125.055°, Depth: 10
2025/04/09 02:28:04.419262 [Incident:Info:toast@toast-new:Magnitude updated] Magnitude updated: 5.04 (M)
2025/04/09 02:28:04.419305 [Simulation:Info:toast@toast-new:Simulation not generated] Magnitude 5.04 of event bmg2025gwsg is smaller than triggerMinMagnitude: no automatic simulation
2025/04/09 02:28:09.411652 [Incident:Info:toast@toast-new:Origin updated] Origin updated: OT: 2025-04-08 19:25:55,  Lat/Lon: 4.63377°/125.055°, Depth: 10
2025/04/09 02:28:09.411835 [Incident:Info:toast@toast-new:Magnitude updated] Magnitude updated: 5.05 (M)
2025/04/09 02:28:09.411903 [Simulation:Info:toast@toast-new:Simulation not generated] Magnitude 5.05 of event bmg2025gwsg is smaller than triggerMinMagnitude: no automatic simulation
2025/04/09 02:28:27.241705 [Incident:Info:toast@toast-new:Origin updated] Origin updated: OT: 2025-04-08 19:25:56,  Lat/Lon: 4.61424°/125.154°, Depth: 10
2025/04/09 02:28:27.241927 [Incident:Info:toast@toast-new:Magnitude updated] Magnitude updated: 5.03 (M)
2025/04/09 02:28:27.241977 [Simulation:Info:toast@toast-new:Simulation not generated] Magnitude 5.03 of event bmg2025gwsg is smaller than triggerMinMagnitude: no automatic simulation
2025/04/09 02:28:29.474070 [Incident:Info:toast@toast-new:Origin updated] Origin updated: OT: 2025-04-08 19:25:56,  Lat/Lon: 4.61424°/125.154°, Depth: 10
2025/04/09 02:28:29.474269 [Incident:Info:toast@toast-new:Magnitude updated] Magnitude updated: 5.05 (M)
2025/04/09 02:28:29.474316 [Simulation:Info:toast@toast-new:Simulation not generated] Magnitude 5.05 of event bmg2025gwsg is smaller than triggerMinMagnitude: no automatic simulation
2025/04/09 02:28:34.535717 [Incident:Info:toast@toast-new:Origin updated] Origin updated: OT: 2025-04-08 19:25:56,  Lat/Lon: 4.61424°/125.154°, Depth: 10
2025/04/09 02:28:34.535923 [Incident:Info:toast@toast-new:Magnitude updated] Magnitude updated: 5.04 (M)
2025/04/09 02:28:34.535966 [Simulation:Info:toast@toast-new:Simulation not generated] Magnitude 5.04 of event bmg2025gwsg is smaller than triggerMinMagnitude: no automatic simulation
2025/04/09 02:28:44.514694 [Incident:Info:toast@toast-new:Origin updated] Origin updated: OT: 2025-04-08 19:25:56,  Lat/Lon: 4.61424°/125.154°, Depth: 10
2025/04/09 02:28:44.514898 [Incident:Info:toast@toast-new:Magnitude updated] Magnitude updated: 5.00 (M)
2025/04/09 02:28:44.514946 [Simulation:Info:toast@toast-new:Simulation not generated] Magnitude 5.00 of event bmg2025gwsg is smaller than triggerMinMagnitude: no automatic simulation
2025/04/09 02:28:49.513685 [Incident:Info:toast@toast-new:Origin updated] Origin updated: OT: 2025-04-08 19:25:56,  Lat/Lon: 4.65621°/125.119°, Depth: 10
2025/04/09 02:28:49.514043 [Incident:Info:toast@toast-new:Magnitude updated] Magnitude updated: 5.02 (M)
2025/04/09 02:28:49.514146 [Simulation:Info:toast@toast-new:Simulation not generated] Magnitude 5.02 of event bmg2025gwsg is smaller than triggerMinMagnitude: no automatic simulation
2025/04/09 02:30:17.108835 [Incident:Info:toast@toast-new:Origin updated] Origin updated: OT: 2025-04-08 19:25:55,  Lat/Lon: 4.63541°/125.089°, Depth: 11.7318
2025/04/09 02:30:17.109061 [Incident:Info:toast@toast-new:Magnitude updated] Magnitude updated: 5.08 (MLv)
2025/04/09 02:30:17.109104 [Simulation:Info:toast@toast-new:Simulation not generated] Magnitude 5.08 of event bmg2025gwsg is smaller than triggerMinMagnitude: no automatic simulation
2025/04/09 02:30:17.179641 [Incident:Info:toast@toast-new:Origin updated] Origin updated: OT: 2025-04-08 19:25:55,  Lat/Lon: 4.63541°/125.089°, Depth: 11.7318
2025/04/09 02:30:17.179758 [Incident:Info:toast@toast-new:Magnitude updated] Magnitude updated: 5.07 (M)
2025/04/09 02:30:17.179780 [Simulation:Info:toast@toast-new:Simulation not generated] Magnitude 5.07 of event bmg2025gwsg is smaller than triggerMinMagnitude: no automatic simulation
2025/04/09 02:32:11.794255 [Incident:Info:toast@toast-new:Origin updated] Origin updated: OT: 2025-04-08 19:25:55,  Lat/Lon: 4.63541°/125.089°, Depth: 11.7318
2025/04/09 02:32:11.794454 [Incident:Info:toast@toast-new:FM updated] FM updated
2025/04/09 02:32:11.794741 [Simulation:Info:toast@toast-new:Simulation not generated] Magnitude 5.07 of event bmg2025gwsg is smaller than triggerMinMagnitude: no automatic simulation
2025/04/09 02:34:14.818121 [Incident:Info:toast@toast-new:Origin updated] Origin updated: OT: 2025-04-08 19:25:55,  Lat/Lon: 4.63541°/125.089°, Depth: 11.7318
2025/04/09 02:34:14.818312 [Incident:Info:toast@toast-new:FM updated] FM updated
2025/04/09 02:34:14.818586 [Simulation:Info:toast@toast-new:Simulation not generated] Magnitude 5.07 of event bmg2025gwsg is smaller than triggerMinMagnitude: no automatic simulation
2025/04/09 02:34:40.480871 [Incident:Info:toast@toast-new:Origin updated] Origin updated: OT: 2025-04-08 19:25:56,  Lat/Lon: 4.63701°/125.112°, Depth: 12.8518
2025/04/09 02:34:40.481072 [Incident:Info:toast@toast-new:Magnitude updated] Magnitude updated: 5.13 (MLv)
2025/04/09 02:34:40.481106 [Simulation:Info:toast@toast-new:Simulation not generated] Magnitude 5.13 of event bmg2025gwsg is smaller than triggerMinMagnitude: no automatic simulation
2025/04/09 02:34:40.493567 [Incident:Info:toast@toast-new:Origin updated] Origin updated: OT: 2025-04-08 19:25:56,  Lat/Lon: 4.63701°/125.112°, Depth: 12.8518
2025/04/09 02:34:40.493668 [Incident:Info:toast@toast-new:Magnitude updated] Magnitude updated: 5.11 (M)
2025/04/09 02:34:40.493689 [Simulation:Info:toast@toast-new:Simulation not generated] Magnitude 5.11 of event bmg2025gwsg is smaller than triggerMinMagnitude: no automatic simulation
2025/04/09 02:48:29.585377 [Incident:Info:toast@toast-new:Origin updated] Origin updated: OT: 2025-04-08 19:25:55,  Lat/Lon: 4.64762°/125.106°, Depth: 12.6868
2025/04/09 02:48:29.585609 [Incident:Info:toast@toast-new:Magnitude updated] Magnitude updated: 5.08 (Mw)
2025/04/09 02:48:29.585659 [Incident:Info:toast@toast-new:FM updated] FM updated
2025/04/09 02:48:29.585920 [Simulation:Info:toast@toast-new:Simulation not generated] Magnitude 5.08 of event bmg2025gwsg is smaller than triggerMinMagnitude: no automatic simulation
2025/04/09 02:50:44.434309 [Incident:Info:toast@toast-new:Origin updated] Origin updated: OT: 2025-04-08 19:25:56,  Lat/Lon: 4.68578°/125.138°, Depth: 24
2025/04/09 02:50:44.434521 [Simulation:Info:toast@toast-new:Simulation not generated] Magnitude 5.08 of event bmg2025gwsg is smaller than triggerMinMagnitude: no automatic simulation
2025/04/09 11:21:17.541339 [Incident:Info:toast@toast-new:Origin updated] Origin updated: OT: 2025-04-08 19:25:58,  Lat/Lon: 4.59227°/125.239°, Depth: 14.9326
2025/04/09 11:21:17.541528 [Simulation:Info:toast@toast-new:Simulation not generated] Magnitude 5.08 of event bmg2025gwsg is smaller than triggerMinMagnitude: no automatic simulation
2025/04/09 11:21:32.388500 [Incident:Info:toast@toast-new:Origin updated] Origin updated: OT: 2025-04-08 19:25:58,  Lat/Lon: 4.59227°/125.239°, Depth: 14.9326
2025/04/09 11:21:32.388727 [Simulation:Info:toast@toast-new:Simulation not generated] Magnitude 5.08 of event bmg2025gwsg is smaller than triggerMinMagnitude: no automatic simulation
2025/04/09 11:21:32.431861 [Incident:Info:toast@toast-new:Origin updated] Origin updated: OT: 2025-04-08 19:25:58,  Lat/Lon: 4.59227°/125.239°, Depth: 14.9326
2025/04/09 11:21:32.432043 [Incident:Info:toast@toast-new:Magnitude updated] Magnitude updated: 5.09 (mb)
2025/04/09 11:21:32.432080 [Simulation:Info:toast@toast-new:Simulation not generated] Magnitude 5.09 of event bmg2025gwsg is smaller than triggerMinMagnitude: no automatic simulation
2025/04/09 13:20:23.312535 [Incident:Info:toast@toast-new:Origin updated] Origin updated: OT: 2025-04-08 19:25:58,  Lat/Lon: 4.59227°/125.239°, Depth: 14.9326
2025/04/09 13:20:23.312749 [Incident:Info:toast@toast-new:FM updated] FM updated
2025/04/09 13:20:23.312989 [Simulation:Info:toast@toast-new:Simulation not generated] Magnitude 5.09 of event bmg2025gwsg is smaller than triggerMinMagnitude: no automatic simulation
2025/04/09 13:20:32.251394 [Incident:Info:toast@toast-new:Origin updated] Origin updated: OT: 2025-04-08 19:25:58,  Lat/Lon: 4.59227°/125.239°, Depth: 14.9326
2025/04/09 13:20:32.251622 [Incident:Info:toast@toast-new:Magnitude updated] Magnitude updated: 5.19 (Mw)
2025/04/09 13:20:32.251694 [Simulation:Info:toast@toast-new:Simulation not generated] Magnitude 5.19 of event bmg2025gwsg is smaller than triggerMinMagnitude: no automatic simulation
2025/04/09 13:20:33.749100 [Incident:Info:toast@toast-new:Origin updated] Origin updated: OT: 2025-04-08 19:25:58,  Lat/Lon: 4.59227°/125.239°, Depth: 14.9326
2025/04/09 13:20:33.749288 [Simulation:Info:toast@toast-new:Simulation not generated] Magnitude 5.19 of event bmg2025gwsg is smaller than triggerMinMagnitude: no automatic simulation
2025/04/10 10:05:59.310277 [Incident:Info:toast@toast-new:Incident removed] Removed incident - Bye
