2025/01/28 02:34:16.138848 [Incident:Info:toast@toast-new:Displacement(s) updated] Added 0 and changed 0 displacements with 0 amplitudes
2025/01/28 02:34:16.179028 [Incident:Info:toast@toast-new:Incident created] Incident created based on event received from messaging: OT: 2025-01-27 19:25:04,  Lat/Lon: -18.13°/-175.84°, Depth: 10.00, Mag: 5.79 (M)
2025/01/28 02:34:16.179361 [Simulation:Info:toast@toast-new:Simulation not generated] Magnitude 5.79 of event bmg2025bwzn is smaller than triggerMinMagnitude: no automatic simulation
2025/01/28 02:34:16.188464 [Incident:Info:toast@toast-new:Origin updated] Origin updated: OT: 2025-01-27 19:25:04,  Lat/Lon: -18.1263°/-175.839°, Depth: 10
2025/01/28 02:34:16.188551 [Simulation:Info:toast@toast-new:Simulation not generated] Magnitude 5.79 of event bmg2025bwzn is smaller than triggerMinMagnitude: no automatic simulation
2025/01/28 02:34:21.394631 [Incident:Info:toast@toast-new:Origin updated] Origin updated: OT: 2025-01-27 19:25:04,  Lat/Lon: -18.1263°/-175.839°, Depth: 10
2025/01/28 02:34:21.394821 [Incident:Info:toast@toast-new:Magnitude updated] Magnitude updated: 5.92 (M)
2025/01/28 02:34:21.394884 [Simulation:Info:toast@toast-new:Simulation not generated] Magnitude 5.92 of event bmg2025bwzn is smaller than triggerMinMagnitude: no automatic simulation
2025/01/28 02:34:25.987627 [Incident:Info:toast@toast-new:Origin updated] Origin updated: OT: 2025-01-27 19:25:04,  Lat/Lon: -18.1384°/-175.911°, Depth: 10
2025/01/28 02:34:25.987806 [Incident:Info:toast@toast-new:Magnitude updated] Magnitude updated: 5.90 (M)
2025/01/28 02:34:25.987847 [Simulation:Info:toast@toast-new:Simulation not generated] Magnitude 5.90 of event bmg2025bwzn is smaller than triggerMinMagnitude: no automatic simulation
2025/01/28 02:34:31.408511 [Incident:Info:toast@toast-new:Origin updated] Origin updated: OT: 2025-01-27 19:25:04,  Lat/Lon: -18.1384°/-175.911°, Depth: 10
2025/01/28 02:34:31.408708 [Incident:Info:toast@toast-new:Magnitude updated] Magnitude updated: 5.89 (M)
2025/01/28 02:34:31.408753 [Simulation:Info:toast@toast-new:Simulation not generated] Magnitude 5.89 of event bmg2025bwzn is smaller than triggerMinMagnitude: no automatic simulation
2025/01/28 02:34:36.029073 [Incident:Info:toast@toast-new:Origin updated] Origin updated: OT: 2025-01-27 19:25:03,  Lat/Lon: -18.0963°/-175.722°, Depth: 10
2025/01/28 02:34:36.029310 [Incident:Info:toast@toast-new:Magnitude updated] Magnitude updated: 5.91 (M)
2025/01/28 02:34:36.029364 [Simulation:Info:toast@toast-new:Simulation not generated] Magnitude 5.91 of event bmg2025bwzn is smaller than triggerMinMagnitude: no automatic simulation
2025/01/28 02:34:50.260853 [Incident:Info:toast@toast-new:Origin updated] Origin updated: OT: 2025-01-27 19:24:59,  Lat/Lon: -18.1012°/-175.232°, Depth: 10
2025/01/28 02:34:50.261066 [Incident:Info:toast@toast-new:Magnitude updated] Magnitude updated: 5.89 (M)
2025/01/28 02:34:50.261109 [Simulation:Info:toast@toast-new:Simulation not generated] Magnitude 5.89 of event bmg2025bwzn is smaller than triggerMinMagnitude: no automatic simulation
2025/01/28 02:34:51.398446 [Incident:Info:toast@toast-new:Origin updated] Origin updated: OT: 2025-01-27 19:24:59,  Lat/Lon: -18.1012°/-175.232°, Depth: 10
2025/01/28 02:34:51.398630 [Incident:Info:toast@toast-new:Magnitude updated] Magnitude updated: 5.86 (M)
2025/01/28 02:34:51.398676 [Simulation:Info:toast@toast-new:Simulation not generated] Magnitude 5.86 of event bmg2025bwzn is smaller than triggerMinMagnitude: no automatic simulation
2025/01/28 02:34:56.385793 [Incident:Info:toast@toast-new:Origin updated] Origin updated: OT: 2025-01-27 19:24:59,  Lat/Lon: -18.1012°/-175.232°, Depth: 10
2025/01/28 02:34:56.385981 [Incident:Info:toast@toast-new:Magnitude updated] Magnitude updated: 5.85 (M)
2025/01/28 02:34:56.386016 [Simulation:Info:toast@toast-new:Simulation not generated] Magnitude 5.85 of event bmg2025bwzn is smaller than triggerMinMagnitude: no automatic simulation
2025/01/28 02:35:04.226285 [Incident:Info:toast@toast-new:Origin updated] Origin updated: OT: 2025-01-27 19:24:56,  Lat/Lon: -18.0431°/-174.814°, Depth: 10
2025/01/28 02:35:04.226508 [Incident:Info:toast@toast-new:Magnitude updated] Magnitude updated: 5.85 (M)
2025/01/28 02:35:04.226556 [Simulation:Info:toast@toast-new:Simulation not generated] Magnitude 5.85 of event bmg2025bwzn is smaller than triggerMinMagnitude: no automatic simulation
2025/01/28 02:35:11.394349 [Incident:Info:toast@toast-new:Origin updated] Origin updated: OT: 2025-01-27 19:24:56,  Lat/Lon: -18.0431°/-174.814°, Depth: 10
2025/01/28 02:35:11.394545 [Incident:Info:toast@toast-new:Magnitude updated] Magnitude updated: 5.79 (M)
2025/01/28 02:35:11.394588 [Simulation:Info:toast@toast-new:Simulation not generated] Magnitude 5.79 of event bmg2025bwzn is smaller than triggerMinMagnitude: no automatic simulation
2025/01/28 02:35:20.392130 [Incident:Info:toast@toast-new:Origin updated] Origin updated: OT: 2025-01-27 19:24:54,  Lat/Lon: -17.9938°/-174.517°, Depth: 10
2025/01/28 02:35:20.392366 [Incident:Info:toast@toast-new:Magnitude updated] Magnitude updated: 5.79 (M)
2025/01/28 02:35:20.392417 [Simulation:Info:toast@toast-new:Simulation not generated] Magnitude 5.79 of event bmg2025bwzn is smaller than triggerMinMagnitude: no automatic simulation
2025/01/28 02:35:21.404753 [Incident:Info:toast@toast-new:Origin updated] Origin updated: OT: 2025-01-27 19:24:54,  Lat/Lon: -17.9938°/-174.517°, Depth: 10
2025/01/28 02:35:21.404942 [Incident:Info:toast@toast-new:Magnitude updated] Magnitude updated: 5.74 (M)
2025/01/28 02:35:21.405007 [Simulation:Info:toast@toast-new:Simulation not generated] Magnitude 5.74 of event bmg2025bwzn is smaller than triggerMinMagnitude: no automatic simulation
2025/01/28 02:35:26.393956 [Incident:Info:toast@toast-new:Origin updated] Origin updated: OT: 2025-01-27 19:24:54,  Lat/Lon: -17.9938°/-174.517°, Depth: 10
2025/01/28 02:35:26.394150 [Incident:Info:toast@toast-new:Magnitude updated] Magnitude updated: 5.71 (M)
2025/01/28 02:35:26.394194 [Simulation:Info:toast@toast-new:Simulation not generated] Magnitude 5.71 of event bmg2025bwzn is smaller than triggerMinMagnitude: no automatic simulation
2025/01/28 02:35:31.395141 [Incident:Info:toast@toast-new:Origin updated] Origin updated: OT: 2025-01-27 19:24:54,  Lat/Lon: -17.9938°/-174.517°, Depth: 10
2025/01/28 02:35:31.395347 [Incident:Info:toast@toast-new:Magnitude updated] Magnitude updated: 5.70 (M)
2025/01/28 02:35:31.395395 [Simulation:Info:toast@toast-new:Simulation not generated] Magnitude 5.70 of event bmg2025bwzn is smaller than triggerMinMagnitude: no automatic simulation
2025/01/28 02:35:37.127602 [Incident:Info:toast@toast-new:Origin updated] Origin updated: OT: 2025-01-27 19:24:49,  Lat/Lon: -17.9992°/-173.857°, Depth: 10
2025/01/28 02:35:37.127850 [Incident:Info:toast@toast-new:Magnitude updated] Magnitude updated: 5.70 (M)
2025/01/28 02:35:37.127906 [Simulation:Info:toast@toast-new:Simulation not generated] Magnitude 5.70 of event bmg2025bwzn is smaller than triggerMinMagnitude: no automatic simulation
2025/01/28 02:35:41.380788 [Incident:Info:toast@toast-new:Origin updated] Origin updated: OT: 2025-01-27 19:24:49,  Lat/Lon: -17.9992°/-173.857°, Depth: 10
2025/01/28 02:35:41.380986 [Incident:Info:toast@toast-new:Magnitude updated] Magnitude updated: 5.71 (M)
2025/01/28 02:35:41.381033 [Simulation:Info:toast@toast-new:Simulation not generated] Magnitude 5.71 of event bmg2025bwzn is smaller than triggerMinMagnitude: no automatic simulation
2025/01/28 02:35:46.394431 [Incident:Info:toast@toast-new:Origin updated] Origin updated: OT: 2025-01-27 19:24:49,  Lat/Lon: -17.9992°/-173.857°, Depth: 10
2025/01/28 02:35:46.394612 [Incident:Info:toast@toast-new:Magnitude updated] Magnitude updated: 5.73 (M)
2025/01/28 02:35:46.394646 [Simulation:Info:toast@toast-new:Simulation not generated] Magnitude 5.73 of event bmg2025bwzn is smaller than triggerMinMagnitude: no automatic simulation
2025/01/28 02:35:51.382479 [Incident:Info:toast@toast-new:Origin updated] Origin updated: OT: 2025-01-27 19:24:49,  Lat/Lon: -17.9992°/-173.857°, Depth: 10
2025/01/28 02:35:51.382687 [Incident:Info:toast@toast-new:Magnitude updated] Magnitude updated: 5.72 (M)
2025/01/28 02:35:51.382754 [Simulation:Info:toast@toast-new:Simulation not generated] Magnitude 5.72 of event bmg2025bwzn is smaller than triggerMinMagnitude: no automatic simulation
2025/01/28 02:35:56.382432 [Incident:Info:toast@toast-new:Origin updated] Origin updated: OT: 2025-01-27 19:24:49,  Lat/Lon: -17.9992°/-173.857°, Depth: 10
2025/01/28 02:35:56.382633 [Incident:Info:toast@toast-new:Magnitude updated] Magnitude updated: 5.71 (M)
2025/01/28 02:35:56.382682 [Simulation:Info:toast@toast-new:Simulation not generated] Magnitude 5.71 of event bmg2025bwzn is smaller than triggerMinMagnitude: no automatic simulation
2025/01/28 02:35:58.954371 [Incident:Info:toast@toast-new:Origin updated] Origin updated: OT: 2025-01-27 19:24:47,  Lat/Lon: -17.9458°/-173.623°, Depth: 10
2025/01/28 02:35:58.954621 [Incident:Info:toast@toast-new:Magnitude updated] Magnitude updated: 5.70 (M)
2025/01/28 02:35:58.954679 [Simulation:Info:toast@toast-new:Simulation not generated] Magnitude 5.70 of event bmg2025bwzn is smaller than triggerMinMagnitude: no automatic simulation
2025/01/28 02:36:01.405030 [Incident:Info:toast@toast-new:Origin updated] Origin updated: OT: 2025-01-27 19:24:47,  Lat/Lon: -17.9458°/-173.623°, Depth: 10
2025/01/28 02:36:01.405230 [Incident:Info:toast@toast-new:Magnitude updated] Magnitude updated: 5.71 (M)
2025/01/28 02:36:01.405275 [Simulation:Info:toast@toast-new:Simulation not generated] Magnitude 5.71 of event bmg2025bwzn is smaller than triggerMinMagnitude: no automatic simulation
2025/01/28 02:36:11.405457 [Incident:Info:toast@toast-new:Origin updated] Origin updated: OT: 2025-01-27 19:24:47,  Lat/Lon: -17.9458°/-173.623°, Depth: 10
2025/01/28 02:36:11.405644 [Incident:Info:toast@toast-new:Magnitude updated] Magnitude updated: 5.71 (M)
2025/01/28 02:36:11.405688 [Simulation:Info:toast@toast-new:Simulation not generated] Magnitude 5.71 of event bmg2025bwzn is smaller than triggerMinMagnitude: no automatic simulation
2025/01/28 02:36:21.385479 [Incident:Info:toast@toast-new:Origin updated] Origin updated: OT: 2025-01-27 19:24:47,  Lat/Lon: -17.9458°/-173.623°, Depth: 10
2025/01/28 02:36:21.385655 [Incident:Info:toast@toast-new:Magnitude updated] Magnitude updated: 5.71 (M)
2025/01/28 02:36:21.385688 [Simulation:Info:toast@toast-new:Simulation not generated] Magnitude 5.71 of event bmg2025bwzn is smaller than triggerMinMagnitude: no automatic simulation
2025/01/28 02:36:26.086821 [Incident:Info:toast@toast-new:Origin updated] Origin updated: OT: 2025-01-27 19:24:48,  Lat/Lon: -18.0006°/-173.698°, Depth: 10
2025/01/28 02:36:26.087020 [Incident:Info:toast@toast-new:Magnitude updated] Magnitude updated: 5.69 (M)
2025/01/28 02:36:26.087053 [Simulation:Info:toast@toast-new:Simulation not generated] Magnitude 5.69 of event bmg2025bwzn is smaller than triggerMinMagnitude: no automatic simulation
2025/01/28 02:36:31.418909 [Incident:Info:toast@toast-new:Origin updated] Origin updated: OT: 2025-01-27 19:24:48,  Lat/Lon: -18.0006°/-173.698°, Depth: 10
2025/01/28 02:36:31.419126 [Incident:Info:toast@toast-new:Magnitude updated] Magnitude updated: 5.66 (M)
2025/01/28 02:36:31.419182 [Simulation:Info:toast@toast-new:Simulation not generated] Magnitude 5.66 of event bmg2025bwzn is smaller than triggerMinMagnitude: no automatic simulation
2025/01/28 02:36:36.392602 [Incident:Info:toast@toast-new:Origin updated] Origin updated: OT: 2025-01-27 19:24:48,  Lat/Lon: -18.0006°/-173.698°, Depth: 10
2025/01/28 02:36:36.392797 [Incident:Info:toast@toast-new:Magnitude updated] Magnitude updated: 5.64 (M)
2025/01/28 02:36:36.392860 [Simulation:Info:toast@toast-new:Simulation not generated] Magnitude 5.64 of event bmg2025bwzn is smaller than triggerMinMagnitude: no automatic simulation
2025/01/28 02:36:41.393465 [Incident:Info:toast@toast-new:Origin updated] Origin updated: OT: 2025-01-27 19:24:48,  Lat/Lon: -18.0006°/-173.698°, Depth: 10
2025/01/28 02:36:41.393619 [Incident:Info:toast@toast-new:Magnitude updated] Magnitude updated: 5.66 (M)
2025/01/28 02:36:41.393675 [Simulation:Info:toast@toast-new:Simulation not generated] Magnitude 5.66 of event bmg2025bwzn is smaller than triggerMinMagnitude: no automatic simulation
2025/01/28 02:36:46.386047 [Incident:Info:toast@toast-new:Origin updated] Origin updated: OT: 2025-01-27 19:24:48,  Lat/Lon: -18.0006°/-173.698°, Depth: 10
2025/01/28 02:36:46.386243 [Incident:Info:toast@toast-new:Magnitude updated] Magnitude updated: 5.65 (M)
2025/01/28 02:36:46.386306 [Simulation:Info:toast@toast-new:Simulation not generated] Magnitude 5.65 of event bmg2025bwzn is smaller than triggerMinMagnitude: no automatic simulation
2025/01/28 02:36:46.403205 [Incident:Info:toast@toast-new:Origin updated] Origin updated: OT: 2025-01-27 19:24:48,  Lat/Lon: -18.0006°/-173.698°, Depth: 10
2025/01/28 02:36:46.403290 [Incident:Info:toast@toast-new:Magnitude updated] Magnitude updated: 5.63 (Mw(mB))
2025/01/28 02:36:46.403311 [Simulation:Info:toast@toast-new:Simulation not generated] Magnitude 5.63 of event bmg2025bwzn is smaller than triggerMinMagnitude: no automatic simulation
2025/01/28 02:36:51.390819 [Incident:Info:toast@toast-new:Origin updated] Origin updated: OT: 2025-01-27 19:24:48,  Lat/Lon: -18.0006°/-173.698°, Depth: 10
2025/01/28 02:36:51.391031 [Incident:Info:toast@toast-new:Magnitude updated] Magnitude updated: 5.63 (Mw(mB))
2025/01/28 02:36:51.391084 [Simulation:Info:toast@toast-new:Simulation not generated] Magnitude 5.63 of event bmg2025bwzn is smaller than triggerMinMagnitude: no automatic simulation
2025/01/28 02:36:56.376787 [Incident:Info:toast@toast-new:Origin updated] Origin updated: OT: 2025-01-27 19:24:48,  Lat/Lon: -18.0006°/-173.698°, Depth: 10
2025/01/28 02:36:56.376951 [Incident:Info:toast@toast-new:Magnitude updated] Magnitude updated: 5.64 (Mw(mB))
2025/01/28 02:36:56.376982 [Simulation:Info:toast@toast-new:Simulation not generated] Magnitude 5.64 of event bmg2025bwzn is smaller than triggerMinMagnitude: no automatic simulation
2025/01/28 02:37:01.346440 [Incident:Info:toast@toast-new:Origin updated] Origin updated: OT: 2025-01-27 19:24:48,  Lat/Lon: -18.0338°/-173.789°, Depth: 10
2025/01/28 02:37:01.346675 [Incident:Info:toast@toast-new:Magnitude updated] Magnitude updated: 5.63 (Mw(mB))
2025/01/28 02:37:01.346731 [Simulation:Info:toast@toast-new:Simulation not generated] Magnitude 5.63 of event bmg2025bwzn is smaller than triggerMinMagnitude: no automatic simulation
2025/01/28 02:37:16.389889 [Incident:Info:toast@toast-new:Origin updated] Origin updated: OT: 2025-01-27 19:24:48,  Lat/Lon: -18.0338°/-173.789°, Depth: 10
2025/01/28 02:37:16.390072 [Incident:Info:toast@toast-new:Magnitude updated] Magnitude updated: 5.62 (Mw(mB))
2025/01/28 02:37:16.390116 [Simulation:Info:toast@toast-new:Simulation not generated] Magnitude 5.62 of event bmg2025bwzn is smaller than triggerMinMagnitude: no automatic simulation
2025/01/28 02:37:41.317610 [Incident:Info:toast@toast-new:Origin updated] Origin updated: OT: 2025-01-27 19:24:48,  Lat/Lon: -18.0345°/-173.798°, Depth: 10
2025/01/28 02:37:41.317842 [Incident:Info:toast@toast-new:Magnitude updated] Magnitude updated: 5.62 (Mw(mB))
2025/01/28 02:37:41.317894 [Simulation:Info:toast@toast-new:Simulation not generated] Magnitude 5.62 of event bmg2025bwzn is smaller than triggerMinMagnitude: no automatic simulation
2025/01/28 02:38:21.329813 [Incident:Info:toast@toast-new:Origin updated] Origin updated: OT: 2025-01-27 19:24:49,  Lat/Lon: -18.0525°/-173.929°, Depth: 10
2025/01/28 02:38:21.330069 [Incident:Info:toast@toast-new:Magnitude updated] Magnitude updated: 5.62 (Mw(mB))
2025/01/28 02:38:21.330125 [Simulation:Info:toast@toast-new:Simulation not generated] Magnitude 5.62 of event bmg2025bwzn is smaller than triggerMinMagnitude: no automatic simulation
2025/01/28 02:38:31.392163 [Incident:Info:toast@toast-new:Origin updated] Origin updated: OT: 2025-01-27 19:24:49,  Lat/Lon: -18.0525°/-173.929°, Depth: 10
2025/01/28 02:38:31.392340 [Incident:Info:toast@toast-new:Magnitude updated] Magnitude updated: 5.63 (Mw(mB))
2025/01/28 02:38:31.392371 [Simulation:Info:toast@toast-new:Simulation not generated] Magnitude 5.63 of event bmg2025bwzn is smaller than triggerMinMagnitude: no automatic simulation
2025/01/28 02:38:46.391749 [Incident:Info:toast@toast-new:Origin updated] Origin updated: OT: 2025-01-27 19:24:49,  Lat/Lon: -18.0525°/-173.929°, Depth: 10
2025/01/28 02:38:46.391960 [Incident:Info:toast@toast-new:Magnitude updated] Magnitude updated: 5.64 (Mw(mB))
2025/01/28 02:38:46.392013 [Simulation:Info:toast@toast-new:Simulation not generated] Magnitude 5.64 of event bmg2025bwzn is smaller than triggerMinMagnitude: no automatic simulation
2025/01/28 02:39:01.296253 [Incident:Info:toast@toast-new:Origin updated] Origin updated: OT: 2025-01-27 19:24:52,  Lat/Lon: -18.0674°/-174.28°, Depth: 10
2025/01/28 02:39:01.296470 [Incident:Info:toast@toast-new:Magnitude updated] Magnitude updated: 5.64 (Mw(mB))
2025/01/28 02:39:01.296511 [Simulation:Info:toast@toast-new:Simulation not generated] Magnitude 5.64 of event bmg2025bwzn is smaller than triggerMinMagnitude: no automatic simulation
