2025/01/12 15:43:19.719437 [Incident:Info:toast@toast-new:Displacement(s) updated] Added 0 and changed 0 displacements with 0 amplitudes
2025/01/12 15:43:19.758809 [Incident:Info:toast@toast-new:Incident created] Incident created based on event received from messaging: OT: 2025-01-12 08:32:55,  Lat/Lon: 18.78°/-103.13°, Depth: 74.94, Mag: 6.41 (Mw(mB))
2025/01/12 15:43:19.759143 [Simulation:Info:toast@toast-new:Simulation not generated] Magnitude 6.41 of event bmg2025autl is smaller than triggerMinMagnitude: no automatic simulation
2025/01/12 15:43:19.774025 [Incident:Info:toast@toast-new:Origin updated] Origin updated: OT: 2025-01-12 08:32:55,  Lat/Lon: 18.775°/-103.13°, Depth: 74.9369
2025/01/12 15:43:19.774225 [Simulation:Info:toast@toast-new:Simulation not generated] Magnitude 6.41 of event bmg2025autl is smaller than triggerMinMagnitude: no automatic simulation
2025/01/12 15:43:35.694666 [Incident:Info:toast@toast-new:Origin updated] Origin updated: OT: 2025-01-12 08:32:55,  Lat/Lon: 18.775°/-103.13°, Depth: 74.9369
2025/01/12 15:43:35.695029 [Incident:Info:toast@toast-new:Magnitude updated] Magnitude updated: 6.37 (Mw(mB))
2025/01/12 15:43:35.695208 [Simulation:Info:toast@toast-new:Simulation not generated] Magnitude 6.37 of event bmg2025autl is smaller than triggerMinMagnitude: no automatic simulation
2025/01/12 15:43:35.713849 [Incident:Info:toast@toast-new:Origin updated] Origin updated: OT: 2025-01-12 08:32:55,  Lat/Lon: 18.7747°/-103.13°, Depth: 74.9566
2025/01/12 15:43:35.714093 [Incident:Info:toast@toast-new:Magnitude updated] Magnitude updated: 6.37 (Mw(mB))
2025/01/12 15:43:35.714317 [Simulation:Info:toast@toast-new:Simulation not generated] Magnitude 6.37 of event bmg2025autl is smaller than triggerMinMagnitude: no automatic simulation
2025/01/12 15:44:10.108073 [Incident:Info:toast@toast-new:Origin updated] Origin updated: OT: 2025-01-12 08:32:55,  Lat/Lon: 18.7676°/-103.133°, Depth: 73.9046
2025/01/12 15:44:10.108459 [Incident:Info:toast@toast-new:Magnitude updated] Magnitude updated: 6.37 (Mw(mB))
2025/01/12 15:44:10.108630 [Simulation:Info:toast@toast-new:Simulation not generated] Magnitude 6.37 of event bmg2025autl is smaller than triggerMinMagnitude: no automatic simulation
2025/01/12 15:44:12.143556 [Incident:Info:toast@toast-new:Origin updated] Origin updated: OT: 2025-01-12 08:32:55,  Lat/Lon: 18.7655°/-103.142°, Depth: 74.8589
2025/01/12 15:44:12.144028 [Incident:Info:toast@toast-new:Magnitude updated] Magnitude updated: 6.37 (Mw(mB))
2025/01/12 15:44:12.144265 [Simulation:Info:toast@toast-new:Simulation not generated] Magnitude 6.37 of event bmg2025autl is smaller than triggerMinMagnitude: no automatic simulation
2025/01/12 15:44:17.117616 [Incident:Info:toast@toast-new:Origin updated] Origin updated: OT: 2025-01-12 08:32:55,  Lat/Lon: 18.7655°/-103.142°, Depth: 74.8589
2025/01/12 15:44:17.117993 [Incident:Info:toast@toast-new:Magnitude updated] Magnitude updated: 6.39 (Mw(mB))
2025/01/12 15:44:17.118161 [Simulation:Info:toast@toast-new:Simulation not generated] Magnitude 6.39 of event bmg2025autl is smaller than triggerMinMagnitude: no automatic simulation
2025/01/12 15:44:31.221492 [Incident:Info:toast@toast-new:Origin updated] Origin updated: OT: 2025-01-12 08:32:54,  Lat/Lon: 18.7477°/-103.161°, Depth: 69.3567
2025/01/12 15:44:31.221907 [Incident:Info:toast@toast-new:Magnitude updated] Magnitude updated: 6.37 (Mw(mB))
2025/01/12 15:44:31.222089 [Simulation:Info:toast@toast-new:Simulation not generated] Magnitude 6.37 of event bmg2025autl is smaller than triggerMinMagnitude: no automatic simulation
2025/01/12 15:44:38.214972 [Incident:Info:toast@toast-new:Origin updated] Origin updated: OT: 2025-01-12 08:32:54,  Lat/Lon: 18.7477°/-103.161°, Depth: 69.3567
2025/01/12 15:44:38.215405 [Incident:Info:toast@toast-new:Magnitude updated] Magnitude updated: 6.41 (Mw(mB))
2025/01/12 15:44:38.215618 [Simulation:Info:toast@toast-new:Simulation not generated] Magnitude 6.41 of event bmg2025autl is smaller than triggerMinMagnitude: no automatic simulation
2025/01/12 20:48:29.334667 [Incident:Info:toast@toast-new:Origin updated] Origin updated: OT: 2025-01-12 08:32:54,  Lat/Lon: 18.7477°/-103.161°, Depth: 69.3567
2025/01/12 20:48:29.335048 [Incident:Info:toast@toast-new:Magnitude updated] Magnitude updated: 6.44 (mb)
2025/01/12 20:48:29.335179 [Simulation:Info:toast@toast-new:Simulation not generated] Magnitude 6.44 of event bmg2025autl is smaller than triggerMinMagnitude: no automatic simulation
2025/01/12 20:51:26.064280 [Incident:Info:toast@toast-new:Origin updated] Origin updated: OT: 2025-01-12 08:32:48,  Lat/Lon: 18.5406°/-103.488°, Depth: 19.8941
2025/01/12 20:51:26.064790 [Incident:Info:toast@toast-new:Magnitude updated] Magnitude updated: 6.63 (mb)
2025/01/12 20:51:26.066425 [Simulation:Info:toast@toast-new:Event outside source region] Simulation setup: Event outside configured source regions.
2025/01/12 20:51:26.067277 [Simulation:Info:toast@toast-new:Simulation(s) started] No nodal plane available. Starting Simulation(s) with fault plane, Lat/Lon: 18.54°/ -103.49° (MT), Depth: 19.89km (MT), Mag: 6.63 (MT)
2025/01/12 20:51:26.068800 [Simulation:Warning:toast@toast-new:Simulation] EasyWave2: Failed to find preferred grid file []. Grid [pacific_ptwc] is used instead.
2025/01/12 20:51:26.069149 [Simulation:Info:toast@toast-new:Simulation running] TsunAWI: Looking for matching scenarios
2025/01/12 20:51:26.073417 [Simulation:Info:toast@toast-new:Simulation finished] TsunAWI: No matching scenarios
2025/01/12 20:51:26.135967 [Simulation:Info:toast@toast-new:No simulation returned] TsunAWI simulation backend returned no simulation.
2025/01/12 20:51:26.208486 [Simulation:Info:toast@toast-new:Simulation tracked] Tracking progress of EasyWave2 simulation 66018020N102104W38a4f7fa63361c7e9400e685357d5303ba49c3bf
2025/01/12 20:51:26.213789 [Simulation:Info:toast@toast-new:Simulation tracked] Tracking progress of EasyWave2 simulation 66018020N102104W6c5c3e1a63a0b465f17617e2058c6324c9c0e2f3
2025/01/12 20:51:41.076867 [Simulation:Info:toast@toast-new:Simulation finished] Finished EasyWave2 simulation 66018020N102104W38a4f7fa63361c7e9400e685357d5303ba49c3bf in 14 seconds
2025/01/12 20:52:16.077956 [Simulation:Info:toast@toast-new:Simulation finished] Finished EasyWave2 simulation 66018020N102104W6c5c3e1a63a0b465f17617e2058c6324c9c0e2f3 in 49 seconds
2025/01/12 20:52:27.517030 [Incident:Info:toast@toast-new:Origin updated] Origin updated: OT: 2025-01-12 08:32:48,  Lat/Lon: 18.5406°/-103.488°, Depth: 19.8941
2025/01/12 20:52:27.517626 [Incident:Info:toast@toast-new:Magnitude updated] Magnitude updated: 6.26 (Mw(Mwp))
2025/01/12 20:52:27.517942 [Simulation:Info:toast@toast-new:Simulation not generated] Magnitude 6.26 of event bmg2025autl is smaller than triggerMinMagnitude: no automatic simulation
2025/01/12 20:52:34.295386 [Incident:Info:toast@toast-new:Origin updated] Origin updated: OT: 2025-01-12 08:32:48,  Lat/Lon: 18.541°/-103.487°, Depth: 20.1202
2025/01/12 20:52:34.295887 [Incident:Info:toast@toast-new:Magnitude updated] Magnitude updated: 6.26 (Mw(Mwp))
2025/01/12 20:52:34.296113 [Simulation:Info:toast@toast-new:Simulation not generated] Magnitude 6.26 of event bmg2025autl is smaller than triggerMinMagnitude: no automatic simulation
2025/01/15 07:04:44.850031 [Incident:Info:toast@toast-new:Origin updated] Origin updated: OT: 2025-01-12 08:32:48,  Lat/Lon: 18.541°/-103.487°, Depth: 20.1202
2025/01/15 07:04:44.850656 [Incident:Info:toast@toast-new:Magnitude updated] Magnitude updated: 6.63 (mb)
2025/01/15 07:04:44.852270 [Simulation:Info:toast@toast-new:Event outside source region] Simulation setup: Event outside configured source regions.
2025/01/15 07:04:44.852824 [Simulation:Info:toast@toast-new:Simulation(s) started] No nodal plane available. Starting Simulation(s) with fault plane, Lat/Lon: 18.54°/ -103.49° (MT), Depth: 20.12km (MT), Mag: 6.63 (MT)
2025/01/15 07:04:44.853605 [Simulation:Info:toast@toast-new:Simulation skipped] EasyWave2 simulation with similar parameters already exists
2025/01/15 07:04:44.854698 [Simulation:Info:toast@toast-new:Simulation running] TsunAWI: Looking for matching scenarios
2025/01/15 07:04:44.858160 [Simulation:Info:toast@toast-new:Simulation finished] TsunAWI: No matching scenarios
2025/01/15 07:04:44.938529 [Simulation:Info:toast@toast-new:No simulation returned] TsunAWI simulation backend returned no simulation.
2025/01/15 07:04:53.023430 [Incident:Info:toast@toast-new:Origin updated] Origin updated: OT: 2025-01-12 08:32:48,  Lat/Lon: 18.541°/-103.487°, Depth: 20.1202
2025/01/15 07:04:53.024016 [Incident:Info:toast@toast-new:Magnitude updated] Magnitude updated: 6.65 (Mw(mB))
2025/01/15 07:04:53.025620 [Simulation:Info:toast@toast-new:Event outside source region] Simulation setup: Event outside configured source regions.
2025/01/15 07:04:53.026195 [Simulation:Info:toast@toast-new:Simulation(s) started] No nodal plane available. Starting Simulation(s) with fault plane, Lat/Lon: 18.54°/ -103.49° (MT), Depth: 20.12km (MT), Mag: 6.65 (MT)
2025/01/15 07:04:53.026871 [Simulation:Info:toast@toast-new:Simulation skipped] EasyWave2 simulation with similar parameters already exists
2025/01/15 07:04:53.028116 [Simulation:Info:toast@toast-new:Simulation running] TsunAWI: Looking for matching scenarios
2025/01/15 07:04:53.032106 [Simulation:Info:toast@toast-new:Simulation finished] TsunAWI: No matching scenarios
2025/01/15 07:04:53.073509 [Simulation:Info:toast@toast-new:No simulation returned] TsunAWI simulation backend returned no simulation.
2025/01/15 07:04:53.384025 [Incident:Info:toast@toast-new:Origin updated] Origin updated: OT: 2025-01-12 08:32:53,  Lat/Lon: 18.647°/-103.291°, Depth: 58.4622
2025/01/15 07:04:53.384581 [Incident:Info:toast@toast-new:Magnitude updated] Magnitude updated: 6.43 (Mw(mB))
2025/01/15 07:04:53.384847 [Simulation:Info:toast@toast-new:Simulation not generated] Magnitude 6.43 of event bmg2025autl is smaller than triggerMinMagnitude: no automatic simulation
2025/01/15 07:05:05.703280 [Incident:Info:toast@toast-new:Origin updated] Origin updated: OT: 2025-01-12 08:32:53,  Lat/Lon: 18.647°/-103.291°, Depth: 58.4622
2025/01/15 07:05:05.703886 [Incident:Info:toast@toast-new:Magnitude updated] Magnitude updated: 6.53 (mb)
2025/01/15 07:05:05.705562 [Simulation:Info:toast@toast-new:Event outside source region] Simulation setup: Event outside configured source regions.
2025/01/15 07:05:05.706164 [Simulation:Info:toast@toast-new:Simulation(s) started] No nodal plane available. Starting Simulation(s) with fault plane, Lat/Lon: 18.65°/ -103.29° (MT), Depth: 58.46km (MT), Mag: 6.53 (MT)
2025/01/15 07:05:05.707955 [Simulation:Warning:toast@toast-new:Simulation] EasyWave2: Failed to find preferred grid file []. Grid [pacific_ptwc] is used instead.
2025/01/15 07:05:05.708601 [Simulation:Info:toast@toast-new:Simulation running] TsunAWI: Looking for matching scenarios
2025/01/15 07:05:05.712814 [Simulation:Info:toast@toast-new:Simulation finished] TsunAWI: No matching scenarios
2025/01/15 07:05:05.755419 [Simulation:Info:toast@toast-new:No simulation returned] TsunAWI simulation backend returned no simulation.
2025/01/15 07:05:05.841605 [Simulation:Info:toast@toast-new:Simulation tracked] Tracking progress of EasyWave2 simulation 65018020N102104Wbc049290e7d0902f0ef6994845a0698266f924b4
2025/01/15 07:05:05.848008 [Simulation:Info:toast@toast-new:Simulation tracked] Tracking progress of EasyWave2 simulation 65018020N102104Wbef993848c2c3fcbf6aee92aa5595ed657b1a172
2025/01/15 07:05:18.072071 [Simulation:Info:toast@toast-new:Simulation finished] Finished EasyWave2 simulation 65018020N102104Wbc049290e7d0902f0ef6994845a0698266f924b4 in 12 seconds
2025/01/15 07:05:37.072552 [Simulation:Info:toast@toast-new:Simulation finished] Finished EasyWave2 simulation 65018020N102104Wbef993848c2c3fcbf6aee92aa5595ed657b1a172 in 31 seconds
