2025/01/22 03:51:08.663314 [Incident:Info:toast@toast-new:Displacement(s) updated] Added 0 and changed 0 displacements with 0 amplitudes
2025/01/22 03:51:08.692745 [Incident:Info:toast@toast-new:Incident created] Incident created based on event received from messaging: OT: 2025-01-21 20:38:44,  Lat/Lon: 39.60°/26.33°, Depth: 10.00, Mag: 5.01 (M)
2025/01/22 03:51:08.693038 [Simulation:Info:toast@toast-new:Simulation not generated] Magnitude 5.01 of event bmg2025bmcy is smaller than triggerMinMagnitude: no automatic simulation
2025/01/22 03:51:08.702439 [Incident:Info:toast@toast-new:Origin updated] Origin updated: OT: 2025-01-21 20:38:44,  Lat/Lon: 39.6005°/26.3293°, Depth: 10
2025/01/22 03:51:08.702530 [Simulation:Info:toast@toast-new:Simulation not generated] Magnitude 5.01 of event bmg2025bmcy is smaller than triggerMinMagnitude: no automatic simulation
2025/01/22 03:51:16.382177 [Incident:Info:toast@toast-new:Origin updated] Origin updated: OT: 2025-01-21 20:38:44,  Lat/Lon: 39.6005°/26.3293°, Depth: 10
2025/01/22 03:51:16.382363 [Incident:Info:toast@toast-new:Magnitude updated] Magnitude updated: 5.03 (M)
2025/01/22 03:51:16.382403 [Simulation:Info:toast@toast-new:Simulation not generated] Magnitude 5.03 of event bmg2025bmcy is smaller than triggerMinMagnitude: no automatic simulation
2025/01/22 03:51:21.018583 [Incident:Info:toast@toast-new:Origin updated] Origin updated: OT: 2025-01-21 20:38:44,  Lat/Lon: 39.5986°/26.3633°, Depth: 10
2025/01/22 03:51:21.018791 [Incident:Info:toast@toast-new:Magnitude updated] Magnitude updated: 5.04 (M)
2025/01/22 03:51:21.018837 [Simulation:Info:toast@toast-new:Simulation not generated] Magnitude 5.04 of event bmg2025bmcy is smaller than triggerMinMagnitude: no automatic simulation
2025/01/22 03:51:26.393000 [Incident:Info:toast@toast-new:Origin updated] Origin updated: OT: 2025-01-21 20:38:44,  Lat/Lon: 39.5986°/26.3633°, Depth: 10
2025/01/22 03:51:26.393167 [Incident:Info:toast@toast-new:Magnitude updated] Magnitude updated: 5.11 (M)
2025/01/22 03:51:26.393221 [Simulation:Info:toast@toast-new:Simulation not generated] Magnitude 5.11 of event bmg2025bmcy is smaller than triggerMinMagnitude: no automatic simulation
2025/01/22 03:51:31.404797 [Incident:Info:toast@toast-new:Origin updated] Origin updated: OT: 2025-01-21 20:38:44,  Lat/Lon: 39.5986°/26.3633°, Depth: 10
2025/01/22 03:51:31.404988 [Incident:Info:toast@toast-new:Magnitude updated] Magnitude updated: 5.09 (M)
2025/01/22 03:51:31.405035 [Simulation:Info:toast@toast-new:Simulation not generated] Magnitude 5.09 of event bmg2025bmcy is smaller than triggerMinMagnitude: no automatic simulation
2025/01/22 03:51:36.040475 [Incident:Info:toast@toast-new:Origin updated] Origin updated: OT: 2025-01-21 20:38:44,  Lat/Lon: 39.584°/26.3797°, Depth: 10
2025/01/22 03:51:36.040682 [Incident:Info:toast@toast-new:Magnitude updated] Magnitude updated: 5.09 (M)
2025/01/22 03:51:36.040725 [Simulation:Info:toast@toast-new:Simulation not generated] Magnitude 5.09 of event bmg2025bmcy is smaller than triggerMinMagnitude: no automatic simulation
2025/01/22 03:51:56.047100 [Incident:Info:toast@toast-new:Origin updated] Origin updated: OT: 2025-01-21 20:38:44,  Lat/Lon: 39.5755°/26.4018°, Depth: 10
2025/01/22 03:51:56.047301 [Incident:Info:toast@toast-new:Magnitude updated] Magnitude updated: 5.09 (M)
2025/01/22 03:51:56.047346 [Simulation:Info:toast@toast-new:Simulation not generated] Magnitude 5.09 of event bmg2025bmcy is smaller than triggerMinMagnitude: no automatic simulation
2025/01/22 03:52:20.350467 [Incident:Info:toast@toast-new:Origin updated] Origin updated: OT: 2025-01-21 20:38:47,  Lat/Lon: 39.5144°/26.459°, Depth: 27.6336
2025/01/22 03:52:20.350684 [Incident:Info:toast@toast-new:Magnitude updated] Magnitude updated: 5.34 (mb)
2025/01/22 03:52:20.350740 [Simulation:Info:toast@toast-new:Simulation not generated] Magnitude 5.34 of event bmg2025bmcy is smaller than triggerMinMagnitude: no automatic simulation
2025/01/22 03:52:20.368034 [Incident:Info:toast@toast-new:Origin updated] Origin updated: OT: 2025-01-21 20:38:47,  Lat/Lon: 39.5144°/26.459°, Depth: 27.6336
2025/01/22 03:52:20.368135 [Incident:Info:toast@toast-new:Magnitude updated] Magnitude updated: 5.08 (M)
2025/01/22 03:52:20.368166 [Simulation:Info:toast@toast-new:Simulation not generated] Magnitude 5.08 of event bmg2025bmcy is smaller than triggerMinMagnitude: no automatic simulation
2025/01/22 12:47:50.186410 [Incident:Info:toast@toast-new:Origin updated] Origin updated: OT: 2025-01-21 20:38:50,  Lat/Lon: 39.4705°/26.4517°, Depth: 50.5222
2025/01/22 12:47:50.186532 [Incident:Info:toast@toast-new:Magnitude updated] Magnitude updated: 5.29 (mb)
2025/01/22 12:47:50.186554 [Simulation:Info:toast@toast-new:Simulation not generated] Magnitude 5.29 of event bmg2025bmcy is smaller than triggerMinMagnitude: no automatic simulation
2025/01/22 12:47:50.196291 [Incident:Info:toast@toast-new:Origin updated] Origin updated: OT: 2025-01-21 20:38:50,  Lat/Lon: 39.4705°/26.4517°, Depth: 50.5222
2025/01/22 12:47:50.196360 [Incident:Info:toast@toast-new:Magnitude updated] Magnitude updated: 5.00 (M)
2025/01/22 12:47:50.196383 [Simulation:Info:toast@toast-new:Simulation not generated] Magnitude 5.00 of event bmg2025bmcy is smaller than triggerMinMagnitude: no automatic simulation
2025/01/22 12:48:08.870251 [Incident:Info:toast@toast-new:Origin updated] Origin updated: OT: 2025-01-21 20:38:50,  Lat/Lon: 39.4705°/26.4517°, Depth: 50.5222
2025/01/22 12:48:08.870447 [Simulation:Info:toast@toast-new:Simulation not generated] Magnitude 5.00 of event bmg2025bmcy is smaller than triggerMinMagnitude: no automatic simulation
2025/01/22 12:48:08.925734 [Incident:Info:toast@toast-new:Origin updated] Origin updated: OT: 2025-01-21 20:38:50,  Lat/Lon: 39.4705°/26.4517°, Depth: 50.5222
2025/01/22 12:48:08.925860 [Incident:Info:toast@toast-new:Magnitude updated] Magnitude updated: 5.29 (mb)
2025/01/22 12:48:08.925896 [Simulation:Info:toast@toast-new:Simulation not generated] Magnitude 5.29 of event bmg2025bmcy is smaller than triggerMinMagnitude: no automatic simulation
