2025/01/21 12:52:53.665554 [Incident:Info:toast@toast-new:Displacement(s) updated] Added 0 and changed 0 displacements with 0 amplitudes
2025/01/21 12:52:53.708226 [Incident:Info:toast@toast-new:Incident created] Incident created based on event received from messaging: OT: 2025-01-21 05:47:48,  Lat/Lon: 14.08°/144.58°, Depth: 153.27, Mag: 5.56 (M)
2025/01/21 12:52:53.708565 [Simulation:Info:toast@toast-new:Simulation not generated] Magnitude 5.56 of event bmg2025bkzn is smaller than triggerMinMagnitude: no automatic simulation
2025/01/21 12:52:53.729609 [Incident:Info:toast@toast-new:Origin updated] Origin updated: OT: 2025-01-21 05:47:48,  Lat/Lon: 14.08°/144.576°, Depth: 153.266
2025/01/21 12:52:53.729788 [Simulation:Info:toast@toast-new:Simulation not generated] Magnitude 5.56 of event bmg2025bkzn is smaller than triggerMinMagnitude: no automatic simulation
2025/01/21 12:52:56.410893 [Incident:Info:toast@toast-new:Origin updated] Origin updated: OT: 2025-01-21 05:47:48,  Lat/Lon: 14.08°/144.576°, Depth: 153.266
2025/01/21 12:52:56.411110 [Incident:Info:toast@toast-new:Magnitude updated] Magnitude updated: 5.51 (M)
2025/01/21 12:52:56.411173 [Simulation:Info:toast@toast-new:Simulation not generated] Magnitude 5.51 of event bmg2025bkzn is smaller than triggerMinMagnitude: no automatic simulation
2025/01/21 12:53:01.402663 [Incident:Info:toast@toast-new:Origin updated] Origin updated: OT: 2025-01-21 05:47:48,  Lat/Lon: 14.08°/144.576°, Depth: 153.266
2025/01/21 12:53:01.402862 [Incident:Info:toast@toast-new:Magnitude updated] Magnitude updated: 5.50 (M)
2025/01/21 12:53:01.402908 [Simulation:Info:toast@toast-new:Simulation not generated] Magnitude 5.50 of event bmg2025bkzn is smaller than triggerMinMagnitude: no automatic simulation
2025/01/21 12:53:06.042719 [Incident:Info:toast@toast-new:Origin updated] Origin updated: OT: 2025-01-21 05:47:47,  Lat/Lon: 14.2375°/144.657°, Depth: 161.9
2025/01/21 12:53:06.042930 [Incident:Info:toast@toast-new:Magnitude updated] Magnitude updated: 5.51 (M)
2025/01/21 12:53:06.042975 [Simulation:Info:toast@toast-new:Simulation not generated] Magnitude 5.51 of event bmg2025bkzn is smaller than triggerMinMagnitude: no automatic simulation
2025/01/21 12:53:06.388015 [Incident:Info:toast@toast-new:Origin updated] Origin updated: OT: 2025-01-21 05:47:47,  Lat/Lon: 14.2375°/144.657°, Depth: 161.9
2025/01/21 12:53:06.388232 [Incident:Info:toast@toast-new:Magnitude updated] Magnitude updated: 5.47 (M)
2025/01/21 12:53:06.388285 [Simulation:Info:toast@toast-new:Simulation not generated] Magnitude 5.47 of event bmg2025bkzn is smaller than triggerMinMagnitude: no automatic simulation
2025/01/21 12:53:11.421173 [Incident:Info:toast@toast-new:Origin updated] Origin updated: OT: 2025-01-21 05:47:47,  Lat/Lon: 14.2375°/144.657°, Depth: 161.9
2025/01/21 12:53:11.421387 [Incident:Info:toast@toast-new:Magnitude updated] Magnitude updated: 5.49 (M)
2025/01/21 12:53:11.421433 [Simulation:Info:toast@toast-new:Simulation not generated] Magnitude 5.49 of event bmg2025bkzn is smaller than triggerMinMagnitude: no automatic simulation
2025/01/21 12:53:16.432782 [Incident:Info:toast@toast-new:Origin updated] Origin updated: OT: 2025-01-21 05:47:47,  Lat/Lon: 14.2375°/144.657°, Depth: 161.9
2025/01/21 12:53:16.432981 [Incident:Info:toast@toast-new:Magnitude updated] Magnitude updated: 5.44 (M)
2025/01/21 12:53:16.433046 [Simulation:Info:toast@toast-new:Simulation not generated] Magnitude 5.44 of event bmg2025bkzn is smaller than triggerMinMagnitude: no automatic simulation
2025/01/21 12:53:21.451244 [Incident:Info:toast@toast-new:Origin updated] Origin updated: OT: 2025-01-21 05:47:47,  Lat/Lon: 14.2375°/144.657°, Depth: 161.9
2025/01/21 12:53:21.451438 [Incident:Info:toast@toast-new:Magnitude updated] Magnitude updated: 5.43 (M)
2025/01/21 12:53:21.451481 [Simulation:Info:toast@toast-new:Simulation not generated] Magnitude 5.43 of event bmg2025bkzn is smaller than triggerMinMagnitude: no automatic simulation
2025/01/21 12:53:26.114201 [Incident:Info:toast@toast-new:Origin updated] Origin updated: OT: 2025-01-21 05:47:48,  Lat/Lon: 14.1169°/144.575°, Depth: 154.278
2025/01/21 12:53:26.114433 [Incident:Info:toast@toast-new:Magnitude updated] Magnitude updated: 5.42 (M)
2025/01/21 12:53:26.114473 [Simulation:Info:toast@toast-new:Simulation not generated] Magnitude 5.42 of event bmg2025bkzn is smaller than triggerMinMagnitude: no automatic simulation
2025/01/21 12:53:31.411865 [Incident:Info:toast@toast-new:Origin updated] Origin updated: OT: 2025-01-21 05:47:48,  Lat/Lon: 14.1169°/144.575°, Depth: 154.278
2025/01/21 12:53:31.412074 [Incident:Info:toast@toast-new:Magnitude updated] Magnitude updated: 5.41 (M)
2025/01/21 12:53:31.412121 [Simulation:Info:toast@toast-new:Simulation not generated] Magnitude 5.41 of event bmg2025bkzn is smaller than triggerMinMagnitude: no automatic simulation
2025/01/21 12:53:36.428964 [Incident:Info:toast@toast-new:Origin updated] Origin updated: OT: 2025-01-21 05:47:48,  Lat/Lon: 14.1169°/144.575°, Depth: 154.278
2025/01/21 12:53:36.429176 [Incident:Info:toast@toast-new:Magnitude updated] Magnitude updated: 5.40 (M)
2025/01/21 12:53:36.429218 [Simulation:Info:toast@toast-new:Simulation not generated] Magnitude 5.40 of event bmg2025bkzn is smaller than triggerMinMagnitude: no automatic simulation
2025/01/21 12:53:41.409157 [Incident:Info:toast@toast-new:Origin updated] Origin updated: OT: 2025-01-21 05:47:48,  Lat/Lon: 14.1169°/144.575°, Depth: 154.278
2025/01/21 12:53:41.409396 [Incident:Info:toast@toast-new:Magnitude updated] Magnitude updated: 5.39 (M)
2025/01/21 12:53:41.409447 [Simulation:Info:toast@toast-new:Simulation not generated] Magnitude 5.39 of event bmg2025bkzn is smaller than triggerMinMagnitude: no automatic simulation
2025/01/21 12:53:46.208879 [Incident:Info:toast@toast-new:Origin updated] Origin updated: OT: 2025-01-21 05:47:48,  Lat/Lon: 14.1169°/144.575°, Depth: 154.278
2025/01/21 12:53:46.209062 [Incident:Info:toast@toast-new:Magnitude updated] Magnitude updated: 5.41 (M)
2025/01/21 12:53:46.209103 [Simulation:Info:toast@toast-new:Simulation not generated] Magnitude 5.41 of event bmg2025bkzn is smaller than triggerMinMagnitude: no automatic simulation
2025/01/21 12:53:46.233438 [Incident:Info:toast@toast-new:Origin updated] Origin updated: OT: 2025-01-21 05:47:48,  Lat/Lon: 14.0462°/144.534°, Depth: 150.529
2025/01/21 12:53:46.233573 [Incident:Info:toast@toast-new:Magnitude updated] Magnitude updated: 5.41 (M)
2025/01/21 12:53:46.233602 [Simulation:Info:toast@toast-new:Simulation not generated] Magnitude 5.41 of event bmg2025bkzn is smaller than triggerMinMagnitude: no automatic simulation
2025/01/21 12:53:51.487326 [Incident:Info:toast@toast-new:Origin updated] Origin updated: OT: 2025-01-21 05:47:48,  Lat/Lon: 14.0462°/144.534°, Depth: 150.529
2025/01/21 12:53:51.487613 [Incident:Info:toast@toast-new:Magnitude updated] Magnitude updated: 5.42 (M)
2025/01/21 12:53:51.487688 [Simulation:Info:toast@toast-new:Simulation not generated] Magnitude 5.42 of event bmg2025bkzn is smaller than triggerMinMagnitude: no automatic simulation
2025/01/21 12:53:56.454787 [Incident:Info:toast@toast-new:Origin updated] Origin updated: OT: 2025-01-21 05:47:48,  Lat/Lon: 14.0462°/144.534°, Depth: 150.529
2025/01/21 12:53:56.454996 [Incident:Info:toast@toast-new:Magnitude updated] Magnitude updated: 5.42 (M)
2025/01/21 12:53:56.455048 [Simulation:Info:toast@toast-new:Simulation not generated] Magnitude 5.42 of event bmg2025bkzn is smaller than triggerMinMagnitude: no automatic simulation
2025/01/21 12:54:01.454426 [Incident:Info:toast@toast-new:Origin updated] Origin updated: OT: 2025-01-21 05:47:48,  Lat/Lon: 14.0462°/144.534°, Depth: 150.529
2025/01/21 12:54:01.454642 [Incident:Info:toast@toast-new:Magnitude updated] Magnitude updated: 5.43 (M)
2025/01/21 12:54:01.454695 [Simulation:Info:toast@toast-new:Simulation not generated] Magnitude 5.43 of event bmg2025bkzn is smaller than triggerMinMagnitude: no automatic simulation
2025/01/21 12:54:06.425206 [Incident:Info:toast@toast-new:Origin updated] Origin updated: OT: 2025-01-21 05:47:48,  Lat/Lon: 14.0462°/144.534°, Depth: 150.529
2025/01/21 12:54:06.425418 [Incident:Info:toast@toast-new:Magnitude updated] Magnitude updated: 5.42 (M)
2025/01/21 12:54:06.425450 [Simulation:Info:toast@toast-new:Simulation not generated] Magnitude 5.42 of event bmg2025bkzn is smaller than triggerMinMagnitude: no automatic simulation
2025/01/21 12:54:09.187997 [Incident:Info:toast@toast-new:Origin updated] Origin updated: OT: 2025-01-21 05:47:50,  Lat/Lon: 13.8475°/144.445°, Depth: 145.476
2025/01/21 12:54:09.188229 [Incident:Info:toast@toast-new:Magnitude updated] Magnitude updated: 5.38 (Mw(mB))
2025/01/21 12:54:09.188277 [Simulation:Info:toast@toast-new:Simulation not generated] Magnitude 5.38 of event bmg2025bkzn is smaller than triggerMinMagnitude: no automatic simulation
2025/01/21 12:54:16.468452 [Incident:Info:toast@toast-new:Origin updated] Origin updated: OT: 2025-01-21 05:47:50,  Lat/Lon: 13.8475°/144.445°, Depth: 145.476
2025/01/21 12:54:16.468665 [Incident:Info:toast@toast-new:Magnitude updated] Magnitude updated: 5.41 (Mw(mB))
2025/01/21 12:54:16.468712 [Simulation:Info:toast@toast-new:Simulation not generated] Magnitude 5.41 of event bmg2025bkzn is smaller than triggerMinMagnitude: no automatic simulation
2025/01/21 12:54:24.730597 [Incident:Info:toast@toast-new:Origin updated] Origin updated: OT: 2025-01-21 05:47:50,  Lat/Lon: 13.8245°/144.513°, Depth: 149.25
2025/01/21 12:54:24.730796 [Incident:Info:toast@toast-new:Magnitude updated] Magnitude updated: 5.37 (Mw(mB))
2025/01/21 12:54:24.730825 [Simulation:Info:toast@toast-new:Simulation not generated] Magnitude 5.37 of event bmg2025bkzn is smaller than triggerMinMagnitude: no automatic simulation
2025/01/21 12:54:26.420621 [Incident:Info:toast@toast-new:Origin updated] Origin updated: OT: 2025-01-21 05:47:50,  Lat/Lon: 13.8245°/144.513°, Depth: 149.25
2025/01/21 12:54:26.420838 [Incident:Info:toast@toast-new:Magnitude updated] Magnitude updated: 5.36 (Mw(mB))
2025/01/21 12:54:26.420900 [Simulation:Info:toast@toast-new:Simulation not generated] Magnitude 5.36 of event bmg2025bkzn is smaller than triggerMinMagnitude: no automatic simulation
2025/01/21 12:54:31.439513 [Incident:Info:toast@toast-new:Origin updated] Origin updated: OT: 2025-01-21 05:47:50,  Lat/Lon: 13.8245°/144.513°, Depth: 149.25
2025/01/21 12:54:31.439691 [Incident:Info:toast@toast-new:Magnitude updated] Magnitude updated: 5.35 (Mw(mB))
2025/01/21 12:54:31.439722 [Simulation:Info:toast@toast-new:Simulation not generated] Magnitude 5.35 of event bmg2025bkzn is smaller than triggerMinMagnitude: no automatic simulation
2025/01/21 12:54:36.423991 [Incident:Info:toast@toast-new:Origin updated] Origin updated: OT: 2025-01-21 05:47:50,  Lat/Lon: 13.8245°/144.513°, Depth: 149.25
2025/01/21 12:54:36.424168 [Incident:Info:toast@toast-new:Magnitude updated] Magnitude updated: 5.35 (Mw(mB))
2025/01/21 12:54:36.424228 [Simulation:Info:toast@toast-new:Simulation not generated] Magnitude 5.35 of event bmg2025bkzn is smaller than triggerMinMagnitude: no automatic simulation
2025/01/21 12:54:41.047148 [Incident:Info:toast@toast-new:Origin updated] Origin updated: OT: 2025-01-21 05:47:48,  Lat/Lon: 14.0562°/144.545°, Depth: 147.769
2025/01/21 12:54:41.047376 [Incident:Info:toast@toast-new:Magnitude updated] Magnitude updated: 5.60 (mb)
2025/01/21 12:54:41.047430 [Simulation:Info:toast@toast-new:Simulation not generated] Magnitude 5.60 of event bmg2025bkzn is smaller than triggerMinMagnitude: no automatic simulation
2025/01/21 12:54:41.148762 [Incident:Info:toast@toast-new:Origin updated] Origin updated: OT: 2025-01-21 05:47:48,  Lat/Lon: 14.0562°/144.545°, Depth: 147.769
2025/01/21 12:54:41.148947 [Incident:Info:toast@toast-new:Magnitude updated] Magnitude updated: 5.43 (M)
2025/01/21 12:54:41.149015 [Simulation:Info:toast@toast-new:Simulation not generated] Magnitude 5.43 of event bmg2025bkzn is smaller than triggerMinMagnitude: no automatic simulation
2025/01/21 13:05:56.883663 [Incident:Info:toast@toast-new:Origin updated] Origin updated: OT: 2025-01-21 05:47:48,  Lat/Lon: 14.0562°/144.545°, Depth: 147.769
2025/01/21 13:05:56.883811 [Incident:Info:toast@toast-new:FM updated] FM updated
2025/01/21 13:05:56.883957 [Simulation:Info:toast@toast-new:Simulation not generated] Magnitude 5.43 of event bmg2025bkzn is smaller than triggerMinMagnitude: no automatic simulation
2025/01/21 13:06:57.099420 [Incident:Info:toast@toast-new:Origin updated] Origin updated: OT: 2025-01-21 05:47:48,  Lat/Lon: 14.0562°/144.545°, Depth: 147.769
2025/01/21 13:06:57.099715 [Incident:Info:toast@toast-new:FM updated] FM updated
2025/01/21 13:06:57.100049 [Simulation:Info:toast@toast-new:Simulation not generated] Magnitude 5.43 of event bmg2025bkzn is smaller than triggerMinMagnitude: no automatic simulation
2025/01/21 13:07:47.286991 [Incident:Info:toast@toast-new:Origin updated] Origin updated: OT: 2025-01-21 05:47:48,  Lat/Lon: 14.0562°/144.545°, Depth: 147.769
2025/01/21 13:07:47.287311 [Incident:Info:toast@toast-new:FM updated] FM updated
2025/01/21 13:07:47.287656 [Simulation:Info:toast@toast-new:Simulation not generated] Magnitude 5.43 of event bmg2025bkzn is smaller than triggerMinMagnitude: no automatic simulation
2025/01/21 13:08:07.760435 [Incident:Info:toast@toast-new:Origin updated] Origin updated: OT: 2025-01-21 05:47:48,  Lat/Lon: 14.0562°/144.545°, Depth: 147.769
2025/01/21 13:08:07.760702 [Incident:Info:toast@toast-new:FM updated] FM updated
2025/01/21 13:08:07.761008 [Simulation:Info:toast@toast-new:Simulation not generated] Magnitude 5.43 of event bmg2025bkzn is smaller than triggerMinMagnitude: no automatic simulation
2025/01/21 13:08:17.671445 [Incident:Info:toast@toast-new:Origin updated] Origin updated: OT: 2025-01-21 05:47:48,  Lat/Lon: 14.0562°/144.545°, Depth: 147.769
2025/01/21 13:08:17.671747 [Incident:Info:toast@toast-new:FM updated] FM updated
2025/01/21 13:08:17.672106 [Simulation:Info:toast@toast-new:Simulation not generated] Magnitude 5.43 of event bmg2025bkzn is smaller than triggerMinMagnitude: no automatic simulation
2025/01/21 15:43:00.322420 [Incident:Info:toast@toast-new:Origin updated] Origin updated: OT: 2025-01-21 05:47:48,  Lat/Lon: 13.9598°/144.494°, Depth: 138.488
2025/01/21 15:43:00.324409 [Incident:Info:toast@toast-new:Magnitude updated] Magnitude updated: 5.61 (mb)
2025/01/21 15:43:00.324486 [Simulation:Info:toast@toast-new:Simulation not generated] Magnitude 5.61 of event bmg2025bkzn is smaller than triggerMinMagnitude: no automatic simulation
2025/01/21 15:43:00.332543 [Incident:Info:toast@toast-new:Origin updated] Origin updated: OT: 2025-01-21 05:47:48,  Lat/Lon: 13.9598°/144.494°, Depth: 138.488
2025/01/21 15:43:00.332630 [Incident:Info:toast@toast-new:Magnitude updated] Magnitude updated: 5.42 (M)
2025/01/21 15:43:00.332668 [Simulation:Info:toast@toast-new:Simulation not generated] Magnitude 5.42 of event bmg2025bkzn is smaller than triggerMinMagnitude: no automatic simulation
2025/01/21 15:43:06.270317 [Incident:Info:toast@toast-new:Origin updated] Origin updated: OT: 2025-01-21 05:47:48,  Lat/Lon: 13.9598°/144.494°, Depth: 138.488
2025/01/21 15:43:06.270600 [Incident:Info:toast@toast-new:Magnitude updated] Magnitude updated: 5.61 (mb)
2025/01/21 15:43:06.270699 [Simulation:Info:toast@toast-new:Simulation not generated] Magnitude 5.61 of event bmg2025bkzn is smaller than triggerMinMagnitude: no automatic simulation
2025/01/21 15:43:21.187082 [Incident:Info:toast@toast-new:Origin updated] Origin updated: OT: 2025-01-21 05:47:48,  Lat/Lon: 13.9598°/144.494°, Depth: 138.488
2025/01/21 15:43:21.187390 [Simulation:Info:toast@toast-new:Simulation not generated] Magnitude 5.61 of event bmg2025bkzn is smaller than triggerMinMagnitude: no automatic simulation
2025/01/21 15:43:21.236047 [Incident:Info:toast@toast-new:Origin updated] Origin updated: OT: 2025-01-21 05:47:48,  Lat/Lon: 13.9598°/144.494°, Depth: 138.488
2025/01/21 15:43:21.236218 [Simulation:Info:toast@toast-new:Simulation not generated] Magnitude 5.61 of event bmg2025bkzn is smaller than triggerMinMagnitude: no automatic simulation
