2025/01/22 07:15:50.497325 [Incident:Info:toast@toast-new:Displacement(s) updated] Added 0 and changed 0 displacements with 0 amplitudes
2025/01/22 07:15:50.538802 [Incident:Info:toast@toast-new:Incident created] Incident created based on event received from messaging: OT: 2025-01-22 00:11:41,  Lat/Lon: -20.84°/118.27°, Depth: 10.00, Mag: 5.88 (M)
2025/01/22 07:15:50.539102 [Simulation:Info:toast@toast-new:Simulation not generated] Magnitude 5.88 of event bmg2025bmjy is smaller than triggerMinMagnitude: no automatic simulation
2025/01/22 07:15:50.568034 [Incident:Info:toast@toast-new:Origin updated] Origin updated: OT: 2025-01-22 00:11:41,  Lat/Lon: -20.8392°/118.272°, Depth: 10
2025/01/22 07:15:50.568112 [Simulation:Info:toast@toast-new:Simulation not generated] Magnitude 5.88 of event bmg2025bmjy is smaller than triggerMinMagnitude: no automatic simulation
2025/01/22 07:15:51.396925 [Incident:Info:toast@toast-new:Origin updated] Origin updated: OT: 2025-01-22 00:11:41,  Lat/Lon: -20.8392°/118.272°, Depth: 10
2025/01/22 07:15:51.397041 [Incident:Info:toast@toast-new:Magnitude updated] Magnitude updated: 5.88 (M)
2025/01/22 07:15:51.397062 [Simulation:Info:toast@toast-new:Simulation not generated] Magnitude 5.88 of event bmg2025bmjy is smaller than triggerMinMagnitude: no automatic simulation
2025/01/22 07:15:56.426652 [Incident:Info:toast@toast-new:Origin updated] Origin updated: OT: 2025-01-22 00:11:41,  Lat/Lon: -20.8392°/118.272°, Depth: 10
2025/01/22 07:15:56.426776 [Incident:Info:toast@toast-new:Magnitude updated] Magnitude updated: 5.95 (M)
2025/01/22 07:15:56.426810 [Simulation:Info:toast@toast-new:Simulation not generated] Magnitude 5.95 of event bmg2025bmjy is smaller than triggerMinMagnitude: no automatic simulation
2025/01/22 07:15:58.320306 [Incident:Info:toast@toast-new:Origin updated] Origin updated: OT: 2025-01-22 00:11:56,  Lat/Lon: -19.6247°/118.297°, Depth: 10
2025/01/22 07:15:58.320447 [Incident:Info:toast@toast-new:Magnitude updated] Magnitude updated: 6.16 (M)
2025/01/22 07:15:58.320472 [Simulation:Info:toast@toast-new:Simulation not generated] Magnitude 6.16 of event bmg2025bmjy is smaller than triggerMinMagnitude: no automatic simulation
2025/01/22 07:16:02.019436 [Incident:Info:toast@toast-new:Origin updated] Origin updated: OT: 2025-01-22 00:11:56,  Lat/Lon: -19.6247°/118.297°, Depth: 10
2025/01/22 07:16:02.019553 [Incident:Info:toast@toast-new:Magnitude updated] Magnitude updated: 6.19 (M)
2025/01/22 07:16:02.019574 [Simulation:Info:toast@toast-new:Simulation not generated] Magnitude 6.19 of event bmg2025bmjy is smaller than triggerMinMagnitude: no automatic simulation
2025/01/22 07:16:06.521423 [Incident:Info:toast@toast-new:Origin updated] Origin updated: OT: 2025-01-22 00:11:56,  Lat/Lon: -19.6247°/118.297°, Depth: 10
2025/01/22 07:16:06.521528 [Incident:Info:toast@toast-new:Magnitude updated] Magnitude updated: 6.39 (Mw(mB))
2025/01/22 07:16:06.521561 [Simulation:Info:toast@toast-new:Simulation not generated] Magnitude 6.39 of event bmg2025bmjy is smaller than triggerMinMagnitude: no automatic simulation
2025/01/22 07:16:06.556891 [Incident:Info:toast@toast-new:Origin updated] Origin updated: OT: 2025-01-22 00:11:56,  Lat/Lon: -19.6247°/118.297°, Depth: 10
2025/01/22 07:16:06.556964 [Simulation:Info:toast@toast-new:Simulation not generated] Magnitude 6.39 of event bmg2025bmjy is smaller than triggerMinMagnitude: no automatic simulation
