2025/01/27 05:51:23.047522 [Incident:Info:toast@toast-new:Displacement(s) updated] Added 0 and changed 0 displacements with 0 amplitudes
2025/01/27 05:51:23.087192 [Incident:Info:toast@toast-new:Incident created] Incident created based on event received from messaging: OT: 2025-01-26 22:39:08,  Lat/Lon: 53.03°/-167.46°, Depth: 10.00, Mag: 5.76 (M)
2025/01/27 05:51:23.087520 [Simulation:Info:toast@toast-new:Simulation not generated] Magnitude 5.76 of event bmg2025bvkk is smaller than triggerMinMagnitude: no automatic simulation
2025/01/27 05:51:23.095242 [Incident:Info:toast@toast-new:Origin updated] Origin updated: OT: 2025-01-26 22:39:08,  Lat/Lon: 53.0278°/-167.458°, Depth: 10
2025/01/27 05:51:23.095343 [Simulation:Info:toast@toast-new:Simulation not generated] Magnitude 5.76 of event bmg2025bvkk is smaller than triggerMinMagnitude: no automatic simulation
2025/01/27 05:51:31.627571 [Incident:Info:toast@toast-new:Origin updated] Origin updated: OT: 2025-01-26 22:39:08,  Lat/Lon: 53.0269°/-167.46°, Depth: 10
2025/01/27 05:51:31.627750 [Incident:Info:toast@toast-new:Magnitude updated] Magnitude updated: 5.77 (M)
2025/01/27 05:51:31.627781 [Simulation:Info:toast@toast-new:Simulation not generated] Magnitude 5.77 of event bmg2025bvkk is smaller than triggerMinMagnitude: no automatic simulation
2025/01/27 05:51:36.392489 [Incident:Info:toast@toast-new:Origin updated] Origin updated: OT: 2025-01-26 22:39:08,  Lat/Lon: 53.0269°/-167.46°, Depth: 10
2025/01/27 05:51:36.392660 [Incident:Info:toast@toast-new:Magnitude updated] Magnitude updated: 5.78 (M)
2025/01/27 05:51:36.392690 [Simulation:Info:toast@toast-new:Simulation not generated] Magnitude 5.78 of event bmg2025bvkk is smaller than triggerMinMagnitude: no automatic simulation
2025/01/27 05:51:41.082346 [Incident:Info:toast@toast-new:Origin updated] Origin updated: OT: 2025-01-26 22:39:08,  Lat/Lon: 53.0443°/-167.486°, Depth: 10
2025/01/27 05:51:41.082532 [Incident:Info:toast@toast-new:Magnitude updated] Magnitude updated: 5.78 (M)
2025/01/27 05:51:41.082563 [Simulation:Info:toast@toast-new:Simulation not generated] Magnitude 5.78 of event bmg2025bvkk is smaller than triggerMinMagnitude: no automatic simulation
2025/01/27 05:51:46.403454 [Incident:Info:toast@toast-new:Origin updated] Origin updated: OT: 2025-01-26 22:39:08,  Lat/Lon: 53.0443°/-167.486°, Depth: 10
2025/01/27 05:51:46.403645 [Incident:Info:toast@toast-new:Magnitude updated] Magnitude updated: 5.76 (M)
2025/01/27 05:51:46.403677 [Simulation:Info:toast@toast-new:Simulation not generated] Magnitude 5.76 of event bmg2025bvkk is smaller than triggerMinMagnitude: no automatic simulation
2025/01/27 05:51:51.390921 [Incident:Info:toast@toast-new:Origin updated] Origin updated: OT: 2025-01-26 22:39:08,  Lat/Lon: 53.0443°/-167.486°, Depth: 10
2025/01/27 05:51:51.391107 [Incident:Info:toast@toast-new:Magnitude updated] Magnitude updated: 5.76 (M)
2025/01/27 05:51:51.391159 [Simulation:Info:toast@toast-new:Simulation not generated] Magnitude 5.76 of event bmg2025bvkk is smaller than triggerMinMagnitude: no automatic simulation
2025/01/27 05:51:52.660798 [Incident:Info:toast@toast-new:Origin updated] Origin updated: OT: 2025-01-26 22:39:08,  Lat/Lon: 53.0397°/-167.493°, Depth: 10
2025/01/27 05:51:52.660988 [Incident:Info:toast@toast-new:Magnitude updated] Magnitude updated: 5.77 (M)
2025/01/27 05:51:52.661031 [Simulation:Info:toast@toast-new:Simulation not generated] Magnitude 5.77 of event bmg2025bvkk is smaller than triggerMinMagnitude: no automatic simulation
2025/01/27 05:52:04.996636 [Incident:Info:toast@toast-new:Origin updated] Origin updated: OT: 2025-01-26 22:39:08,  Lat/Lon: 53.0395°/-167.494°, Depth: 10
2025/01/27 05:52:04.996848 [Incident:Info:toast@toast-new:Magnitude updated] Magnitude updated: 5.77 (M)
2025/01/27 05:52:04.996891 [Simulation:Info:toast@toast-new:Simulation not generated] Magnitude 5.77 of event bmg2025bvkk is smaller than triggerMinMagnitude: no automatic simulation
2025/01/27 05:52:11.389013 [Incident:Info:toast@toast-new:Origin updated] Origin updated: OT: 2025-01-26 22:39:08,  Lat/Lon: 53.0395°/-167.494°, Depth: 10
2025/01/27 05:52:11.389211 [Incident:Info:toast@toast-new:Magnitude updated] Magnitude updated: 5.77 (M)
2025/01/27 05:52:11.389248 [Simulation:Info:toast@toast-new:Simulation not generated] Magnitude 5.77 of event bmg2025bvkk is smaller than triggerMinMagnitude: no automatic simulation
2025/01/27 05:52:16.402144 [Incident:Info:toast@toast-new:Origin updated] Origin updated: OT: 2025-01-26 22:39:08,  Lat/Lon: 53.0395°/-167.494°, Depth: 10
2025/01/27 05:52:16.402346 [Incident:Info:toast@toast-new:Magnitude updated] Magnitude updated: 5.75 (M)
2025/01/27 05:52:16.402398 [Simulation:Info:toast@toast-new:Simulation not generated] Magnitude 5.75 of event bmg2025bvkk is smaller than triggerMinMagnitude: no automatic simulation
2025/01/27 05:52:18.531004 [Incident:Info:toast@toast-new:Origin updated] Origin updated: OT: 2025-01-26 22:39:07,  Lat/Lon: 53.0452°/-167.53°, Depth: 10
2025/01/27 05:52:18.531216 [Incident:Info:toast@toast-new:Magnitude updated] Magnitude updated: 5.75 (M)
2025/01/27 05:52:18.531260 [Simulation:Info:toast@toast-new:Simulation not generated] Magnitude 5.75 of event bmg2025bvkk is smaller than triggerMinMagnitude: no automatic simulation
2025/01/27 05:52:36.152839 [Incident:Info:toast@toast-new:Origin updated] Origin updated: OT: 2025-01-26 22:39:07,  Lat/Lon: 53.0479°/-167.532°, Depth: 10
2025/01/27 05:52:36.153042 [Incident:Info:toast@toast-new:Magnitude updated] Magnitude updated: 5.75 (M)
2025/01/27 05:52:36.153083 [Simulation:Info:toast@toast-new:Simulation not generated] Magnitude 5.75 of event bmg2025bvkk is smaller than triggerMinMagnitude: no automatic simulation
2025/01/27 05:52:46.392566 [Incident:Info:toast@toast-new:Origin updated] Origin updated: OT: 2025-01-26 22:39:07,  Lat/Lon: 53.0479°/-167.532°, Depth: 10
2025/01/27 05:52:46.392759 [Incident:Info:toast@toast-new:Magnitude updated] Magnitude updated: 5.75 (M)
2025/01/27 05:52:46.392819 [Simulation:Info:toast@toast-new:Simulation not generated] Magnitude 5.75 of event bmg2025bvkk is smaller than triggerMinMagnitude: no automatic simulation
2025/01/27 05:52:51.428575 [Incident:Info:toast@toast-new:Origin updated] Origin updated: OT: 2025-01-26 22:39:07,  Lat/Lon: 53.0479°/-167.532°, Depth: 10
2025/01/27 05:52:51.428798 [Incident:Info:toast@toast-new:Magnitude updated] Magnitude updated: 5.70 (M)
2025/01/27 05:52:51.428855 [Simulation:Info:toast@toast-new:Simulation not generated] Magnitude 5.70 of event bmg2025bvkk is smaller than triggerMinMagnitude: no automatic simulation
2025/01/27 05:52:56.258873 [Incident:Info:toast@toast-new:Origin updated] Origin updated: OT: 2025-01-26 22:39:07,  Lat/Lon: 53.0506°/-167.534°, Depth: 10
2025/01/27 05:52:56.259071 [Incident:Info:toast@toast-new:Magnitude updated] Magnitude updated: 5.71 (M)
2025/01/27 05:52:56.259116 [Simulation:Info:toast@toast-new:Simulation not generated] Magnitude 5.71 of event bmg2025bvkk is smaller than triggerMinMagnitude: no automatic simulation
2025/01/27 05:53:01.599593 [Incident:Info:toast@toast-new:Origin updated] Origin updated: OT: 2025-01-26 22:39:07,  Lat/Lon: 53.0506°/-167.534°, Depth: 10
2025/01/27 05:53:01.599815 [Incident:Info:toast@toast-new:Magnitude updated] Magnitude updated: 5.69 (M)
2025/01/27 05:53:01.599872 [Simulation:Info:toast@toast-new:Simulation not generated] Magnitude 5.69 of event bmg2025bvkk is smaller than triggerMinMagnitude: no automatic simulation
2025/01/27 05:53:06.418130 [Incident:Info:toast@toast-new:Origin updated] Origin updated: OT: 2025-01-26 22:39:07,  Lat/Lon: 53.0506°/-167.534°, Depth: 10
2025/01/27 05:53:06.418326 [Incident:Info:toast@toast-new:Magnitude updated] Magnitude updated: 5.70 (M)
2025/01/27 05:53:06.418375 [Simulation:Info:toast@toast-new:Simulation not generated] Magnitude 5.70 of event bmg2025bvkk is smaller than triggerMinMagnitude: no automatic simulation
2025/01/27 05:53:11.388903 [Incident:Info:toast@toast-new:Origin updated] Origin updated: OT: 2025-01-26 22:39:07,  Lat/Lon: 53.0506°/-167.534°, Depth: 10
2025/01/27 05:53:11.389086 [Incident:Info:toast@toast-new:Magnitude updated] Magnitude updated: 5.70 (M)
2025/01/27 05:53:11.389146 [Simulation:Info:toast@toast-new:Simulation not generated] Magnitude 5.70 of event bmg2025bvkk is smaller than triggerMinMagnitude: no automatic simulation
2025/01/27 05:53:20.254146 [Incident:Info:toast@toast-new:Origin updated] Origin updated: OT: 2025-01-26 22:39:07,  Lat/Lon: 53.0653°/-167.551°, Depth: 10
2025/01/27 05:53:20.254369 [Incident:Info:toast@toast-new:Magnitude updated] Magnitude updated: 5.70 (M)
2025/01/27 05:53:20.254411 [Simulation:Info:toast@toast-new:Simulation not generated] Magnitude 5.70 of event bmg2025bvkk is smaller than triggerMinMagnitude: no automatic simulation
2025/01/27 05:53:26.389420 [Incident:Info:toast@toast-new:Origin updated] Origin updated: OT: 2025-01-26 22:39:07,  Lat/Lon: 53.0653°/-167.551°, Depth: 10
2025/01/27 05:53:26.389605 [Incident:Info:toast@toast-new:Magnitude updated] Magnitude updated: 5.70 (M)
2025/01/27 05:53:26.389637 [Simulation:Info:toast@toast-new:Simulation not generated] Magnitude 5.70 of event bmg2025bvkk is smaller than triggerMinMagnitude: no automatic simulation
2025/01/27 05:53:31.404385 [Incident:Info:toast@toast-new:Origin updated] Origin updated: OT: 2025-01-26 22:39:07,  Lat/Lon: 53.0653°/-167.551°, Depth: 10
2025/01/27 05:53:31.404593 [Incident:Info:toast@toast-new:Magnitude updated] Magnitude updated: 5.70 (M)
2025/01/27 05:53:31.404645 [Simulation:Info:toast@toast-new:Simulation not generated] Magnitude 5.70 of event bmg2025bvkk is smaller than triggerMinMagnitude: no automatic simulation
2025/01/27 05:53:46.260274 [Incident:Info:toast@toast-new:Origin updated] Origin updated: OT: 2025-01-26 22:39:07,  Lat/Lon: 53.0706°/-167.556°, Depth: 10
2025/01/27 05:53:46.260484 [Incident:Info:toast@toast-new:Magnitude updated] Magnitude updated: 5.70 (M)
2025/01/27 05:53:46.260531 [Simulation:Info:toast@toast-new:Simulation not generated] Magnitude 5.70 of event bmg2025bvkk is smaller than triggerMinMagnitude: no automatic simulation
2025/01/27 05:55:07.547119 [Incident:Info:toast@toast-new:Origin updated] Origin updated: OT: 2025-01-26 22:39:08,  Lat/Lon: 53.1365°/-167.622°, Depth: 10
2025/01/27 05:55:07.547355 [Incident:Info:toast@toast-new:Magnitude updated] Magnitude updated: 5.69 (M)
2025/01/27 05:55:07.547404 [Simulation:Info:toast@toast-new:Simulation not generated] Magnitude 5.69 of event bmg2025bvkk is smaller than triggerMinMagnitude: no automatic simulation
2025/01/27 05:57:49.857336 [Incident:Info:toast@toast-new:Origin updated] Origin updated: OT: 2025-01-26 22:39:08,  Lat/Lon: 53.1365°/-167.622°, Depth: 10
2025/01/27 05:57:49.857538 [Simulation:Info:toast@toast-new:Simulation not generated] Magnitude 5.69 of event bmg2025bvkk is smaller than triggerMinMagnitude: no automatic simulation
2025/01/27 05:59:56.804059 [Incident:Info:toast@toast-new:Origin updated] Origin updated: OT: 2025-01-26 22:39:08,  Lat/Lon: 53.1365°/-167.622°, Depth: 10
2025/01/27 05:59:56.804273 [Incident:Info:toast@toast-new:FM updated] FM updated
2025/01/27 05:59:56.804594 [Simulation:Info:toast@toast-new:Simulation not generated] Magnitude 5.69 of event bmg2025bvkk is smaller than triggerMinMagnitude: no automatic simulation
2025/01/27 06:00:41.793949 [Incident:Info:toast@toast-new:Origin updated] Origin updated: OT: 2025-01-26 22:39:08,  Lat/Lon: 53.1365°/-167.622°, Depth: 10
2025/01/27 06:00:41.794148 [Simulation:Info:toast@toast-new:Simulation not generated] Magnitude 5.69 of event bmg2025bvkk is smaller than triggerMinMagnitude: no automatic simulation
2025/01/27 06:01:16.652901 [Incident:Info:toast@toast-new:Origin updated] Origin updated: OT: 2025-01-26 22:39:08,  Lat/Lon: 53.1365°/-167.622°, Depth: 10
2025/01/27 06:01:16.653098 [Incident:Info:toast@toast-new:FM updated] FM updated
2025/01/27 06:01:16.653373 [Simulation:Info:toast@toast-new:Simulation not generated] Magnitude 5.69 of event bmg2025bvkk is smaller than triggerMinMagnitude: no automatic simulation
2025/01/27 06:04:36.786064 [Incident:Info:toast@toast-new:Origin updated] Origin updated: OT: 2025-01-26 22:39:08,  Lat/Lon: 53.1365°/-167.622°, Depth: 10
2025/01/27 06:04:36.786223 [Simulation:Info:toast@toast-new:Simulation not generated] Magnitude 5.69 of event bmg2025bvkk is smaller than triggerMinMagnitude: no automatic simulation
2025/01/27 06:04:46.522396 [Incident:Info:toast@toast-new:Origin updated] Origin updated: OT: 2025-01-26 22:39:08,  Lat/Lon: 53.1365°/-167.622°, Depth: 10
2025/01/27 06:04:46.522593 [Incident:Info:toast@toast-new:FM updated] FM updated
2025/01/27 06:04:46.522864 [Simulation:Info:toast@toast-new:Simulation not generated] Magnitude 5.69 of event bmg2025bvkk is smaller than triggerMinMagnitude: no automatic simulation
2025/01/27 06:05:16.764310 [Incident:Info:toast@toast-new:Origin updated] Origin updated: OT: 2025-01-26 22:39:08,  Lat/Lon: 53.1365°/-167.622°, Depth: 10
2025/01/27 06:05:16.764495 [Simulation:Info:toast@toast-new:Simulation not generated] Magnitude 5.69 of event bmg2025bvkk is smaller than triggerMinMagnitude: no automatic simulation
2025/01/27 06:05:26.571563 [Incident:Info:toast@toast-new:Origin updated] Origin updated: OT: 2025-01-26 22:39:08,  Lat/Lon: 53.1365°/-167.622°, Depth: 10
2025/01/27 06:05:26.571761 [Simulation:Info:toast@toast-new:Simulation not generated] Magnitude 5.69 of event bmg2025bvkk is smaller than triggerMinMagnitude: no automatic simulation
2025/01/27 06:06:06.833581 [Incident:Info:toast@toast-new:Origin updated] Origin updated: OT: 2025-01-26 22:39:08,  Lat/Lon: 53.1365°/-167.622°, Depth: 10
2025/01/27 06:06:06.833782 [Simulation:Info:toast@toast-new:Simulation not generated] Magnitude 5.69 of event bmg2025bvkk is smaller than triggerMinMagnitude: no automatic simulation
2025/01/27 06:06:16.576225 [Incident:Info:toast@toast-new:Origin updated] Origin updated: OT: 2025-01-26 22:39:08,  Lat/Lon: 53.1365°/-167.622°, Depth: 10
2025/01/27 06:06:16.576415 [Simulation:Info:toast@toast-new:Simulation not generated] Magnitude 5.69 of event bmg2025bvkk is smaller than triggerMinMagnitude: no automatic simulation
2025/01/27 06:06:46.924310 [Incident:Info:toast@toast-new:Origin updated] Origin updated: OT: 2025-01-26 22:39:08,  Lat/Lon: 53.1365°/-167.622°, Depth: 10
2025/01/27 06:06:46.924508 [Simulation:Info:toast@toast-new:Simulation not generated] Magnitude 5.69 of event bmg2025bvkk is smaller than triggerMinMagnitude: no automatic simulation
2025/01/27 06:08:36.821575 [Incident:Info:toast@toast-new:Origin updated] Origin updated: OT: 2025-01-26 22:39:08,  Lat/Lon: 53.1365°/-167.622°, Depth: 10
2025/01/27 06:08:36.821773 [Incident:Info:toast@toast-new:FM updated] FM updated
2025/01/27 06:08:36.822049 [Simulation:Info:toast@toast-new:Simulation not generated] Magnitude 5.69 of event bmg2025bvkk is smaller than triggerMinMagnitude: no automatic simulation
2025/01/27 06:09:06.737845 [Incident:Info:toast@toast-new:Origin updated] Origin updated: OT: 2025-01-26 22:39:08,  Lat/Lon: 53.1365°/-167.622°, Depth: 10
2025/01/27 06:09:06.738030 [Incident:Info:toast@toast-new:FM updated] FM updated
2025/01/27 06:09:06.738272 [Simulation:Info:toast@toast-new:Simulation not generated] Magnitude 5.69 of event bmg2025bvkk is smaller than triggerMinMagnitude: no automatic simulation
2025/01/27 06:09:58.664833 [Incident:Info:toast@toast-new:Origin updated] Origin updated: OT: 2025-01-26 22:39:08,  Lat/Lon: 53.1365°/-167.622°, Depth: 10
2025/01/27 06:09:58.665021 [Simulation:Info:toast@toast-new:Simulation not generated] Magnitude 5.69 of event bmg2025bvkk is smaller than triggerMinMagnitude: no automatic simulation
2025/01/27 06:11:16.938314 [Incident:Info:toast@toast-new:Origin updated] Origin updated: OT: 2025-01-26 22:39:08,  Lat/Lon: 53.1365°/-167.622°, Depth: 10
2025/01/27 06:11:16.938498 [Incident:Info:toast@toast-new:FM updated] FM updated
2025/01/27 06:11:16.938743 [Simulation:Info:toast@toast-new:Simulation not generated] Magnitude 5.69 of event bmg2025bvkk is smaller than triggerMinMagnitude: no automatic simulation
2025/01/27 06:11:46.952102 [Incident:Info:toast@toast-new:Origin updated] Origin updated: OT: 2025-01-26 22:39:08,  Lat/Lon: 53.1365°/-167.622°, Depth: 10
2025/01/27 06:11:46.952308 [Incident:Info:toast@toast-new:FM updated] FM updated
2025/01/27 06:11:46.952583 [Simulation:Info:toast@toast-new:Simulation not generated] Magnitude 5.69 of event bmg2025bvkk is smaller than triggerMinMagnitude: no automatic simulation
2025/01/27 06:15:07.026369 [Incident:Info:toast@toast-new:Origin updated] Origin updated: OT: 2025-01-26 22:39:08,  Lat/Lon: 53.1365°/-167.622°, Depth: 10
2025/01/27 06:15:07.026564 [Incident:Info:toast@toast-new:FM updated] FM updated
2025/01/27 06:15:07.026820 [Simulation:Info:toast@toast-new:Simulation not generated] Magnitude 5.69 of event bmg2025bvkk is smaller than triggerMinMagnitude: no automatic simulation
2025/01/27 06:18:17.117645 [Incident:Info:toast@toast-new:Origin updated] Origin updated: OT: 2025-01-26 22:39:08,  Lat/Lon: 53.1365°/-167.622°, Depth: 10
2025/01/27 06:18:17.117819 [Incident:Info:toast@toast-new:FM updated] FM updated
2025/01/27 06:18:17.118066 [Simulation:Info:toast@toast-new:Simulation not generated] Magnitude 5.69 of event bmg2025bvkk is smaller than triggerMinMagnitude: no automatic simulation
2025/01/27 06:36:26.615514 [Incident:Info:toast@toast-new:Origin updated] Origin updated: OT: 2025-01-26 22:39:08,  Lat/Lon: 53.1365°/-167.622°, Depth: 10
2025/01/27 06:36:26.615695 [Incident:Info:toast@toast-new:FM updated] FM updated
2025/01/27 06:36:26.615933 [Simulation:Info:toast@toast-new:Simulation not generated] Magnitude 5.69 of event bmg2025bvkk is smaller than triggerMinMagnitude: no automatic simulation
2025/01/27 10:00:44.664562 [Incident:Info:toast@toast-new:Origin updated] Origin updated: OT: 2025-01-26 22:39:14,  Lat/Lon: 53.3687°/-167.349°, Depth: 71.6029
2025/01/27 10:00:44.664760 [Incident:Info:toast@toast-new:Magnitude updated] Magnitude updated: 5.63 (Mw(mB))
2025/01/27 10:00:44.664807 [Simulation:Info:toast@toast-new:Simulation not generated] Magnitude 5.63 of event bmg2025bvkk is smaller than triggerMinMagnitude: no automatic simulation
2025/01/27 10:00:53.529819 [Incident:Info:toast@toast-new:Origin updated] Origin updated: OT: 2025-01-26 22:39:14,  Lat/Lon: 53.3687°/-167.349°, Depth: 71.6029
2025/01/27 10:00:53.530010 [Incident:Info:toast@toast-new:Magnitude updated] Magnitude updated: 5.76 (mb)
2025/01/27 10:00:53.530061 [Simulation:Info:toast@toast-new:Simulation not generated] Magnitude 5.76 of event bmg2025bvkk is smaller than triggerMinMagnitude: no automatic simulation
2025/01/27 10:01:01.702826 [Incident:Info:toast@toast-new:Origin updated] Origin updated: OT: 2025-01-26 22:39:14,  Lat/Lon: 53.3687°/-167.349°, Depth: 71.6029
2025/01/27 10:01:01.703051 [Simulation:Info:toast@toast-new:Simulation not generated] Magnitude 5.76 of event bmg2025bvkk is smaller than triggerMinMagnitude: no automatic simulation
2025/01/27 10:01:01.716903 [Incident:Info:toast@toast-new:Origin updated] Origin updated: OT: 2025-01-26 22:39:14,  Lat/Lon: 53.3687°/-167.349°, Depth: 71.6029
2025/01/27 10:01:01.717011 [Incident:Info:toast@toast-new:Magnitude updated] Magnitude updated: 5.63 (Mw(mB))
2025/01/27 10:01:01.717048 [Simulation:Info:toast@toast-new:Simulation not generated] Magnitude 5.63 of event bmg2025bvkk is smaller than triggerMinMagnitude: no automatic simulation
