2025/01/06 07:58:26.591846 [Incident:Info:toast@toast-new:Displacement(s) updated] Added 0 and changed 0 displacements with 0 amplitudes
2025/01/06 07:58:26.610539 [Incident:Info:toast@toast-new:Incident created] Incident created based on event received from messaging: OT: 2025-01-06 00:52:11,  Lat/Lon: -10.71°/162.00°, Depth: 74.64, Mag: 5.74 (M)
2025/01/06 07:58:26.611037 [Simulation:Info:toast@toast-new:Simulation not generated] Magnitude 5.74 of event bmg2025ajfg is smaller than triggerMinMagnitude: no automatic simulation
2025/01/06 07:58:26.628113 [Incident:Info:toast@toast-new:Origin updated] Origin updated: OT: 2025-01-06 00:52:11,  Lat/Lon: -10.7124°/161.999°, Depth: 74.6427
2025/01/06 07:58:26.628257 [Simulation:Info:toast@toast-new:Simulation not generated] Magnitude 5.74 of event bmg2025ajfg is smaller than triggerMinMagnitude: no automatic simulation
2025/01/06 07:58:37.037489 [Incident:Info:toast@toast-new:Origin updated] Origin updated: OT: 2025-01-06 00:52:11,  Lat/Lon: -10.7124°/161.999°, Depth: 74.6427
2025/01/06 07:58:37.037749 [Incident:Info:toast@toast-new:Magnitude updated] Magnitude updated: 5.73 (M)
2025/01/06 07:58:37.037820 [Simulation:Info:toast@toast-new:Simulation not generated] Magnitude 5.73 of event bmg2025ajfg is smaller than triggerMinMagnitude: no automatic simulation
2025/01/06 07:58:38.994665 [Incident:Info:toast@toast-new:Origin updated] Origin updated: OT: 2025-01-06 00:52:11,  Lat/Lon: -10.7065°/161.999°, Depth: 74.7922
2025/01/06 07:58:38.994954 [Incident:Info:toast@toast-new:Magnitude updated] Magnitude updated: 5.72 (M)
2025/01/06 07:58:38.995028 [Simulation:Info:toast@toast-new:Simulation not generated] Magnitude 5.72 of event bmg2025ajfg is smaller than triggerMinMagnitude: no automatic simulation
2025/01/06 07:58:48.038335 [Incident:Info:toast@toast-new:Origin updated] Origin updated: OT: 2025-01-06 00:52:11,  Lat/Lon: -10.7129°/161.991°, Depth: 76.0802
2025/01/06 07:58:48.038656 [Incident:Info:toast@toast-new:Magnitude updated] Magnitude updated: 5.71 (M)
2025/01/06 07:58:48.038728 [Simulation:Info:toast@toast-new:Simulation not generated] Magnitude 5.71 of event bmg2025ajfg is smaller than triggerMinMagnitude: no automatic simulation
2025/01/06 07:58:52.046888 [Incident:Info:toast@toast-new:Origin updated] Origin updated: OT: 2025-01-06 00:52:11,  Lat/Lon: -10.7129°/161.991°, Depth: 76.0802
2025/01/06 07:58:52.047135 [Incident:Info:toast@toast-new:Magnitude updated] Magnitude updated: 5.69 (M)
2025/01/06 07:58:52.047201 [Simulation:Info:toast@toast-new:Simulation not generated] Magnitude 5.69 of event bmg2025ajfg is smaller than triggerMinMagnitude: no automatic simulation
2025/01/06 07:59:08.189171 [Incident:Info:toast@toast-new:Origin updated] Origin updated: OT: 2025-01-06 00:52:11,  Lat/Lon: -10.6985°/161.985°, Depth: 79.433
2025/01/06 07:59:08.189479 [Incident:Info:toast@toast-new:Magnitude updated] Magnitude updated: 5.69 (M)
2025/01/06 07:59:08.189551 [Simulation:Info:toast@toast-new:Simulation not generated] Magnitude 5.69 of event bmg2025ajfg is smaller than triggerMinMagnitude: no automatic simulation
2025/01/06 07:59:20.521034 [Incident:Info:toast@toast-new:Origin updated] Origin updated: OT: 2025-01-06 00:52:11,  Lat/Lon: -10.7145°/161.985°, Depth: 79.3127
2025/01/06 07:59:20.521320 [Incident:Info:toast@toast-new:Magnitude updated] Magnitude updated: 5.69 (M)
2025/01/06 07:59:20.521391 [Simulation:Info:toast@toast-new:Simulation not generated] Magnitude 5.69 of event bmg2025ajfg is smaller than triggerMinMagnitude: no automatic simulation
2025/01/06 07:59:27.039086 [Incident:Info:toast@toast-new:Origin updated] Origin updated: OT: 2025-01-06 00:52:11,  Lat/Lon: -10.7145°/161.985°, Depth: 79.3127
2025/01/06 07:59:27.039365 [Incident:Info:toast@toast-new:Magnitude updated] Magnitude updated: 5.65 (M)
2025/01/06 07:59:27.039472 [Simulation:Info:toast@toast-new:Simulation not generated] Magnitude 5.65 of event bmg2025ajfg is smaller than triggerMinMagnitude: no automatic simulation
2025/01/06 07:59:32.639333 [Incident:Info:toast@toast-new:Origin updated] Origin updated: OT: 2025-01-06 00:52:11,  Lat/Lon: -10.713°/161.986°, Depth: 79.4413
2025/01/06 07:59:32.639606 [Incident:Info:toast@toast-new:Magnitude updated] Magnitude updated: 5.65 (M)
2025/01/06 07:59:32.639702 [Simulation:Info:toast@toast-new:Simulation not generated] Magnitude 5.65 of event bmg2025ajfg is smaller than triggerMinMagnitude: no automatic simulation
2025/01/06 07:59:42.042183 [Incident:Info:toast@toast-new:Origin updated] Origin updated: OT: 2025-01-06 00:52:11,  Lat/Lon: -10.713°/161.986°, Depth: 79.4413
2025/01/06 07:59:42.042484 [Incident:Info:toast@toast-new:Magnitude updated] Magnitude updated: 5.66 (M)
2025/01/06 07:59:42.042569 [Simulation:Info:toast@toast-new:Simulation not generated] Magnitude 5.66 of event bmg2025ajfg is smaller than triggerMinMagnitude: no automatic simulation
2025/01/06 07:59:45.500922 [Incident:Info:toast@toast-new:Origin updated] Origin updated: OT: 2025-01-06 00:52:11,  Lat/Lon: -10.6985°/161.985°, Depth: 79.4331
2025/01/06 07:59:45.501209 [Incident:Info:toast@toast-new:Magnitude updated] Magnitude updated: 5.45 (mb)
2025/01/06 07:59:45.501313 [Simulation:Info:toast@toast-new:Simulation not generated] Magnitude 5.45 of event bmg2025ajfg is smaller than triggerMinMagnitude: no automatic simulation
2025/01/06 07:59:45.518944 [Incident:Info:toast@toast-new:Origin updated] Origin updated: OT: 2025-01-06 00:52:11,  Lat/Lon: -10.6985°/161.985°, Depth: 79.4331
2025/01/06 07:59:45.519070 [Incident:Info:toast@toast-new:Magnitude updated] Magnitude updated: 5.66 (M)
2025/01/06 07:59:45.519125 [Simulation:Info:toast@toast-new:Simulation not generated] Magnitude 5.66 of event bmg2025ajfg is smaller than triggerMinMagnitude: no automatic simulation
2025/01/06 08:06:37.059615 [Incident:Info:toast@toast-new:Origin updated] Origin updated: OT: 2025-01-06 00:52:11,  Lat/Lon: -10.6985°/161.985°, Depth: 79.4331
2025/01/06 08:06:37.059922 [Incident:Info:toast@toast-new:FM updated] FM updated
2025/01/06 08:06:37.060209 [Simulation:Info:toast@toast-new:Simulation not generated] Magnitude 5.66 of event bmg2025ajfg is smaller than triggerMinMagnitude: no automatic simulation
2025/01/06 08:06:44.517647 [Incident:Info:toast@toast-new:Origin updated] Origin updated: OT: 2025-01-06 00:52:11,  Lat/Lon: -10.6985°/161.985°, Depth: 79.4331
2025/01/06 08:06:44.517944 [Simulation:Info:toast@toast-new:Simulation not generated] Magnitude 5.66 of event bmg2025ajfg is smaller than triggerMinMagnitude: no automatic simulation
2025/01/06 08:13:57.690630 [Incident:Info:toast@toast-new:Origin updated] Origin updated: OT: 2025-01-06 00:52:11,  Lat/Lon: -10.6985°/161.985°, Depth: 79.4331
2025/01/06 08:13:57.690901 [Incident:Info:toast@toast-new:FM updated] FM updated
2025/01/06 08:13:57.691197 [Simulation:Info:toast@toast-new:Simulation not generated] Magnitude 5.66 of event bmg2025ajfg is smaller than triggerMinMagnitude: no automatic simulation
2025/01/06 08:14:17.738770 [Incident:Info:toast@toast-new:Origin updated] Origin updated: OT: 2025-01-06 00:52:11,  Lat/Lon: -10.6985°/161.985°, Depth: 79.4331
2025/01/06 08:14:17.739090 [Incident:Info:toast@toast-new:FM updated] FM updated
2025/01/06 08:14:17.739468 [Simulation:Info:toast@toast-new:Simulation not generated] Magnitude 5.66 of event bmg2025ajfg is smaller than triggerMinMagnitude: no automatic simulation
2025/01/06 08:14:27.780401 [Incident:Info:toast@toast-new:Origin updated] Origin updated: OT: 2025-01-06 00:52:11,  Lat/Lon: -10.6985°/161.985°, Depth: 79.4331
2025/01/06 08:14:27.780682 [Simulation:Info:toast@toast-new:Simulation not generated] Magnitude 5.66 of event bmg2025ajfg is smaller than triggerMinMagnitude: no automatic simulation
2025/01/06 08:16:27.829633 [Incident:Info:toast@toast-new:Origin updated] Origin updated: OT: 2025-01-06 00:52:11,  Lat/Lon: -10.6985°/161.985°, Depth: 79.4331
2025/01/06 08:16:27.829896 [Simulation:Info:toast@toast-new:Simulation not generated] Magnitude 5.66 of event bmg2025ajfg is smaller than triggerMinMagnitude: no automatic simulation
2025/01/06 08:16:47.836788 [Incident:Info:toast@toast-new:Origin updated] Origin updated: OT: 2025-01-06 00:52:11,  Lat/Lon: -10.6985°/161.985°, Depth: 79.4331
2025/01/06 08:16:47.837084 [Incident:Info:toast@toast-new:FM updated] FM updated
2025/01/06 08:16:47.837387 [Simulation:Info:toast@toast-new:Simulation not generated] Magnitude 5.66 of event bmg2025ajfg is smaller than triggerMinMagnitude: no automatic simulation
2025/01/06 08:18:08.316285 [Incident:Info:toast@toast-new:Origin updated] Origin updated: OT: 2025-01-06 00:52:11,  Lat/Lon: -10.6985°/161.985°, Depth: 79.4331
2025/01/06 08:18:08.316578 [Simulation:Info:toast@toast-new:Simulation not generated] Magnitude 5.66 of event bmg2025ajfg is smaller than triggerMinMagnitude: no automatic simulation
2025/01/06 08:19:18.094666 [Incident:Info:toast@toast-new:Origin updated] Origin updated: OT: 2025-01-06 00:52:11,  Lat/Lon: -10.6985°/161.985°, Depth: 79.4331
2025/01/06 08:19:18.094876 [Incident:Info:toast@toast-new:FM updated] FM updated
2025/01/06 08:19:18.095140 [Simulation:Info:toast@toast-new:Simulation not generated] Magnitude 5.66 of event bmg2025ajfg is smaller than triggerMinMagnitude: no automatic simulation
2025/01/06 08:19:38.141439 [Incident:Info:toast@toast-new:Origin updated] Origin updated: OT: 2025-01-06 00:52:11,  Lat/Lon: -10.6985°/161.985°, Depth: 79.4331
2025/01/06 08:19:38.141716 [Simulation:Info:toast@toast-new:Simulation not generated] Magnitude 5.66 of event bmg2025ajfg is smaller than triggerMinMagnitude: no automatic simulation
2025/01/06 08:20:08.117007 [Incident:Info:toast@toast-new:Origin updated] Origin updated: OT: 2025-01-06 00:52:11,  Lat/Lon: -10.6985°/161.985°, Depth: 79.4331
2025/01/06 08:20:08.117273 [Simulation:Info:toast@toast-new:Simulation not generated] Magnitude 5.66 of event bmg2025ajfg is smaller than triggerMinMagnitude: no automatic simulation
2025/01/06 08:21:18.270061 [Incident:Info:toast@toast-new:Origin updated] Origin updated: OT: 2025-01-06 00:52:11,  Lat/Lon: -10.6985°/161.985°, Depth: 79.4331
2025/01/06 08:21:18.270332 [Simulation:Info:toast@toast-new:Simulation not generated] Magnitude 5.66 of event bmg2025ajfg is smaller than triggerMinMagnitude: no automatic simulation
2025/01/06 08:22:08.317520 [Incident:Info:toast@toast-new:Origin updated] Origin updated: OT: 2025-01-06 00:52:11,  Lat/Lon: -10.6985°/161.985°, Depth: 79.4331
2025/01/06 08:22:08.317837 [Simulation:Info:toast@toast-new:Simulation not generated] Magnitude 5.66 of event bmg2025ajfg is smaller than triggerMinMagnitude: no automatic simulation
2025/01/06 08:25:34.850083 [Incident:Info:toast@toast-new:Origin updated] Origin updated: OT: 2025-01-06 00:52:11,  Lat/Lon: -10.6985°/161.985°, Depth: 79.4331
2025/01/06 08:25:34.850351 [Incident:Info:toast@toast-new:FM updated] FM updated
2025/01/06 08:25:34.850664 [Simulation:Info:toast@toast-new:Simulation not generated] Magnitude 5.66 of event bmg2025ajfg is smaller than triggerMinMagnitude: no automatic simulation
2025/01/06 08:39:58.382353 [Incident:Info:toast@toast-new:Origin updated] Origin updated: OT: 2025-01-06 00:52:11,  Lat/Lon: -10.6985°/161.985°, Depth: 79.4331
2025/01/06 08:39:58.382628 [Incident:Info:toast@toast-new:FM updated] FM updated
2025/01/06 08:39:58.382920 [Simulation:Info:toast@toast-new:Simulation not generated] Magnitude 5.66 of event bmg2025ajfg is smaller than triggerMinMagnitude: no automatic simulation
2025/01/06 08:47:44.346825 [Incident:Info:toast@toast-new:Origin updated] Origin updated: OT: 2025-01-06 00:52:11,  Lat/Lon: -10.6985°/161.985°, Depth: 79.4331
2025/01/06 08:47:44.347122 [Incident:Info:toast@toast-new:FM updated] FM updated
2025/01/06 08:47:44.347473 [Simulation:Info:toast@toast-new:Simulation not generated] Magnitude 5.66 of event bmg2025ajfg is smaller than triggerMinMagnitude: no automatic simulation
2025/01/06 08:58:44.280778 [Incident:Info:toast@toast-new:Origin updated] Origin updated: OT: 2025-01-06 00:52:11,  Lat/Lon: -10.6985°/161.985°, Depth: 79.4331
2025/01/06 08:58:44.281066 [Simulation:Info:toast@toast-new:Simulation not generated] Magnitude 5.66 of event bmg2025ajfg is smaller than triggerMinMagnitude: no automatic simulation
2025/01/06 09:22:54.313290 [Incident:Info:toast@toast-new:Origin updated] Origin updated: OT: 2025-01-06 00:52:11,  Lat/Lon: -10.6985°/161.985°, Depth: 79.4331
2025/01/06 09:22:54.313594 [Incident:Info:toast@toast-new:FM updated] FM updated
2025/01/06 09:22:54.313889 [Simulation:Info:toast@toast-new:Simulation not generated] Magnitude 5.66 of event bmg2025ajfg is smaller than triggerMinMagnitude: no automatic simulation
2025/01/06 09:31:06.099292 [Incident:Info:toast@toast-new:Origin updated] Origin updated: OT: 2025-01-06 00:52:12,  Lat/Lon: -10.7037°/161.977°, Depth: 118.733
2025/01/06 09:31:06.099566 [Incident:Info:toast@toast-new:Magnitude updated] Magnitude updated: 5.37 (Mw(mB))
2025/01/06 09:31:06.099641 [Simulation:Info:toast@toast-new:Simulation not generated] Magnitude 5.37 of event bmg2025ajfg is smaller than triggerMinMagnitude: no automatic simulation
2025/01/06 09:32:33.294184 [Incident:Info:toast@toast-new:Origin updated] Origin updated: OT: 2025-01-06 00:52:12,  Lat/Lon: -10.7037°/161.977°, Depth: 118.733
2025/01/06 09:32:33.294457 [Incident:Info:toast@toast-new:FM updated] FM updated
2025/01/06 09:32:33.294755 [Simulation:Info:toast@toast-new:Simulation not generated] Magnitude 5.37 of event bmg2025ajfg is smaller than triggerMinMagnitude: no automatic simulation
2025/01/06 19:58:29.877743 [Incident:Info:toast@toast-new:Origin updated] Origin updated: OT: 2025-01-06 00:52:12,  Lat/Lon: -10.6744°/161.945°, Depth: 113.381
2025/01/06 19:58:29.877986 [Incident:Info:toast@toast-new:Magnitude updated] Magnitude updated: 5.40 (Mw(mB))
2025/01/06 19:58:29.878045 [Simulation:Info:toast@toast-new:Simulation not generated] Magnitude 5.40 of event bmg2025ajfg is smaller than triggerMinMagnitude: no automatic simulation
2025/01/06 19:58:43.707179 [Incident:Info:toast@toast-new:Origin updated] Origin updated: OT: 2025-01-06 00:52:12,  Lat/Lon: -10.6744°/161.945°, Depth: 113.381
2025/01/06 19:58:43.707397 [Simulation:Info:toast@toast-new:Simulation not generated] Magnitude 5.40 of event bmg2025ajfg is smaller than triggerMinMagnitude: no automatic simulation
2025/01/06 19:58:43.761730 [Incident:Info:toast@toast-new:Origin updated] Origin updated: OT: 2025-01-06 00:52:12,  Lat/Lon: -10.6744°/161.945°, Depth: 113.381
2025/01/06 19:58:43.761884 [Simulation:Info:toast@toast-new:Simulation not generated] Magnitude 5.40 of event bmg2025ajfg is smaller than triggerMinMagnitude: no automatic simulation
