2025/01/21 18:21:49.623480 [Incident:Info:toast@toast-new:Displacement(s) updated] Added 0 and changed 0 displacements with 0 amplitudes
2025/01/21 18:21:49.666458 [Incident:Info:toast@toast-new:Incident created] Incident created based on event received from messaging: OT: 2025-01-21 11:15:33,  Lat/Lon: -3.82°/151.72°, Depth: 10.00, Mag: 5.25 (M)
2025/01/21 18:21:49.666789 [Simulation:Info:toast@toast-new:Simulation not generated] Magnitude 5.25 of event bmg2025blkk is smaller than triggerMinMagnitude: no automatic simulation
2025/01/21 18:21:49.675004 [Incident:Info:toast@toast-new:Origin updated] Origin updated: OT: 2025-01-21 11:15:33,  Lat/Lon: -3.81982°/151.722°, Depth: 10
2025/01/21 18:21:49.675110 [Simulation:Info:toast@toast-new:Simulation not generated] Magnitude 5.25 of event bmg2025blkk is smaller than triggerMinMagnitude: no automatic simulation
2025/01/21 18:21:58.615273 [Incident:Info:toast@toast-new:Origin updated] Origin updated: OT: 2025-01-21 11:15:33,  Lat/Lon: -3.82054°/151.723°, Depth: 10
2025/01/21 18:21:58.615442 [Incident:Info:toast@toast-new:Magnitude updated] Magnitude updated: 5.26 (M)
2025/01/21 18:21:58.615473 [Simulation:Info:toast@toast-new:Simulation not generated] Magnitude 5.26 of event bmg2025blkk is smaller than triggerMinMagnitude: no automatic simulation
2025/01/21 18:22:11.042429 [Incident:Info:toast@toast-new:Origin updated] Origin updated: OT: 2025-01-21 11:15:32,  Lat/Lon: -3.81127°/151.719°, Depth: 10
2025/01/21 18:22:11.042657 [Incident:Info:toast@toast-new:Magnitude updated] Magnitude updated: 5.26 (M)
2025/01/21 18:22:11.042705 [Simulation:Info:toast@toast-new:Simulation not generated] Magnitude 5.26 of event bmg2025blkk is smaller than triggerMinMagnitude: no automatic simulation
2025/01/21 18:22:21.403597 [Incident:Info:toast@toast-new:Origin updated] Origin updated: OT: 2025-01-21 11:15:32,  Lat/Lon: -3.81127°/151.719°, Depth: 10
2025/01/21 18:22:21.403766 [Incident:Info:toast@toast-new:Magnitude updated] Magnitude updated: 5.29 (M)
2025/01/21 18:22:21.403805 [Simulation:Info:toast@toast-new:Simulation not generated] Magnitude 5.29 of event bmg2025blkk is smaller than triggerMinMagnitude: no automatic simulation
2025/01/21 18:22:26.095241 [Incident:Info:toast@toast-new:Origin updated] Origin updated: OT: 2025-01-21 11:15:33,  Lat/Lon: -3.82368°/151.718°, Depth: 10
2025/01/21 18:22:26.095463 [Incident:Info:toast@toast-new:Magnitude updated] Magnitude updated: 5.29 (M)
2025/01/21 18:22:26.095510 [Simulation:Info:toast@toast-new:Simulation not generated] Magnitude 5.29 of event bmg2025blkk is smaller than triggerMinMagnitude: no automatic simulation
2025/01/21 18:22:31.388318 [Incident:Info:toast@toast-new:Origin updated] Origin updated: OT: 2025-01-21 11:15:33,  Lat/Lon: -3.82368°/151.718°, Depth: 10
2025/01/21 18:22:31.388508 [Incident:Info:toast@toast-new:Magnitude updated] Magnitude updated: 5.30 (M)
2025/01/21 18:22:31.388553 [Simulation:Info:toast@toast-new:Simulation not generated] Magnitude 5.30 of event bmg2025blkk is smaller than triggerMinMagnitude: no automatic simulation
2025/01/21 18:22:36.403329 [Incident:Info:toast@toast-new:Origin updated] Origin updated: OT: 2025-01-21 11:15:33,  Lat/Lon: -3.82368°/151.718°, Depth: 10
2025/01/21 18:22:36.403500 [Incident:Info:toast@toast-new:Magnitude updated] Magnitude updated: 5.32 (M)
2025/01/21 18:22:36.403532 [Simulation:Info:toast@toast-new:Simulation not generated] Magnitude 5.32 of event bmg2025blkk is smaller than triggerMinMagnitude: no automatic simulation
2025/01/21 18:22:38.630157 [Incident:Info:toast@toast-new:Origin updated] Origin updated: OT: 2025-01-21 11:15:32,  Lat/Lon: -3.82144°/151.714°, Depth: 10
2025/01/21 18:22:38.630324 [Incident:Info:toast@toast-new:Magnitude updated] Magnitude updated: 5.32 (M)
2025/01/21 18:22:38.630353 [Simulation:Info:toast@toast-new:Simulation not generated] Magnitude 5.32 of event bmg2025blkk is smaller than triggerMinMagnitude: no automatic simulation
2025/01/21 18:22:46.408182 [Incident:Info:toast@toast-new:Origin updated] Origin updated: OT: 2025-01-21 11:15:32,  Lat/Lon: -3.82144°/151.714°, Depth: 10
2025/01/21 18:22:46.408393 [Incident:Info:toast@toast-new:Magnitude updated] Magnitude updated: 5.32 (M)
2025/01/21 18:22:46.408435 [Simulation:Info:toast@toast-new:Simulation not generated] Magnitude 5.32 of event bmg2025blkk is smaller than triggerMinMagnitude: no automatic simulation
2025/01/21 18:22:59.012735 [Incident:Info:toast@toast-new:Origin updated] Origin updated: OT: 2025-01-21 11:15:32,  Lat/Lon: -3.79807°/151.724°, Depth: 10
2025/01/21 18:22:59.012930 [Incident:Info:toast@toast-new:Magnitude updated] Magnitude updated: 5.32 (M)
2025/01/21 18:22:59.012971 [Simulation:Info:toast@toast-new:Simulation not generated] Magnitude 5.32 of event bmg2025blkk is smaller than triggerMinMagnitude: no automatic simulation
2025/01/21 18:23:11.184343 [Incident:Info:toast@toast-new:Origin updated] Origin updated: OT: 2025-01-21 11:15:32,  Lat/Lon: -3.76505°/151.7°, Depth: 10
2025/01/21 18:23:11.184545 [Incident:Info:toast@toast-new:Magnitude updated] Magnitude updated: 5.34 (M)
2025/01/21 18:23:11.184586 [Simulation:Info:toast@toast-new:Simulation not generated] Magnitude 5.34 of event bmg2025blkk is smaller than triggerMinMagnitude: no automatic simulation
2025/01/21 18:25:07.545045 [Incident:Info:toast@toast-new:Origin updated] Origin updated: OT: 2025-01-21 11:15:31,  Lat/Lon: -3.72735°/151.718°, Depth: 10
2025/01/21 18:25:07.545317 [Incident:Info:toast@toast-new:Magnitude updated] Magnitude updated: 5.34 (M)
2025/01/21 18:25:07.545374 [Simulation:Info:toast@toast-new:Simulation not generated] Magnitude 5.34 of event bmg2025blkk is smaller than triggerMinMagnitude: no automatic simulation
2025/01/21 18:25:26.130972 [Incident:Info:toast@toast-new:Origin updated] Origin updated: OT: 2025-01-21 11:15:31,  Lat/Lon: -3.71075°/151.681°, Depth: 10
2025/01/21 18:25:26.131190 [Incident:Info:toast@toast-new:Magnitude updated] Magnitude updated: 5.35 (M)
2025/01/21 18:25:26.131231 [Simulation:Info:toast@toast-new:Simulation not generated] Magnitude 5.35 of event bmg2025blkk is smaller than triggerMinMagnitude: no automatic simulation
2025/01/21 18:25:36.299335 [Incident:Info:toast@toast-new:Origin updated] Origin updated: OT: 2025-01-21 11:15:31,  Lat/Lon: -3.71075°/151.681°, Depth: 10
2025/01/21 18:25:36.299521 [Incident:Info:toast@toast-new:FM updated] FM updated
2025/01/21 18:25:36.299772 [Simulation:Info:toast@toast-new:Simulation not generated] Magnitude 5.35 of event bmg2025blkk is smaller than triggerMinMagnitude: no automatic simulation
2025/01/21 18:25:41.395156 [Incident:Info:toast@toast-new:Origin updated] Origin updated: OT: 2025-01-21 11:15:31,  Lat/Lon: -3.71075°/151.681°, Depth: 10
2025/01/21 18:25:41.395316 [Incident:Info:toast@toast-new:Magnitude updated] Magnitude updated: 5.36 (M)
2025/01/21 18:25:41.395369 [Simulation:Info:toast@toast-new:Simulation not generated] Magnitude 5.36 of event bmg2025blkk is smaller than triggerMinMagnitude: no automatic simulation
2025/01/21 18:25:46.142743 [Incident:Info:toast@toast-new:Origin updated] Origin updated: OT: 2025-01-21 11:15:31,  Lat/Lon: -3.7069°/151.683°, Depth: 10
2025/01/21 18:25:46.142942 [Incident:Info:toast@toast-new:Magnitude updated] Magnitude updated: 5.36 (M)
2025/01/21 18:25:46.142986 [Simulation:Info:toast@toast-new:Simulation not generated] Magnitude 5.36 of event bmg2025blkk is smaller than triggerMinMagnitude: no automatic simulation
2025/01/21 18:26:08.473335 [Incident:Info:toast@toast-new:Origin updated] Origin updated: OT: 2025-01-21 11:15:31,  Lat/Lon: -3.75005°/151.656°, Depth: 10
2025/01/21 18:26:08.473542 [Incident:Info:toast@toast-new:Magnitude updated] Magnitude updated: 5.36 (M)
2025/01/21 18:26:08.473585 [Simulation:Info:toast@toast-new:Simulation not generated] Magnitude 5.36 of event bmg2025blkk is smaller than triggerMinMagnitude: no automatic simulation
2025/01/21 18:26:31.143568 [Incident:Info:toast@toast-new:Origin updated] Origin updated: OT: 2025-01-21 11:15:31,  Lat/Lon: -3.75182°/151.655°, Depth: 10
2025/01/21 18:26:31.143775 [Incident:Info:toast@toast-new:Magnitude updated] Magnitude updated: 5.36 (M)
2025/01/21 18:26:31.143834 [Simulation:Info:toast@toast-new:Simulation not generated] Magnitude 5.36 of event bmg2025blkk is smaller than triggerMinMagnitude: no automatic simulation
2025/01/21 18:26:41.391184 [Incident:Info:toast@toast-new:Origin updated] Origin updated: OT: 2025-01-21 11:15:31,  Lat/Lon: -3.75182°/151.655°, Depth: 10
2025/01/21 18:26:41.391380 [Incident:Info:toast@toast-new:Magnitude updated] Magnitude updated: 5.37 (M)
2025/01/21 18:26:41.391421 [Simulation:Info:toast@toast-new:Simulation not generated] Magnitude 5.37 of event bmg2025blkk is smaller than triggerMinMagnitude: no automatic simulation
2025/01/21 18:27:01.394251 [Incident:Info:toast@toast-new:Origin updated] Origin updated: OT: 2025-01-21 11:15:31,  Lat/Lon: -3.75182°/151.655°, Depth: 10
2025/01/21 18:27:01.394453 [Incident:Info:toast@toast-new:Magnitude updated] Magnitude updated: 5.36 (M)
2025/01/21 18:27:01.394499 [Simulation:Info:toast@toast-new:Simulation not generated] Magnitude 5.36 of event bmg2025blkk is smaller than triggerMinMagnitude: no automatic simulation
2025/01/21 18:28:00.345423 [Incident:Info:toast@toast-new:Origin updated] Origin updated: OT: 2025-01-21 11:15:32,  Lat/Lon: -3.78043°/151.63°, Depth: 10
2025/01/21 18:28:00.345670 [Incident:Info:toast@toast-new:Magnitude updated] Magnitude updated: 5.36 (M)
2025/01/21 18:28:00.345723 [Simulation:Info:toast@toast-new:Simulation not generated] Magnitude 5.36 of event bmg2025blkk is smaller than triggerMinMagnitude: no automatic simulation
2025/01/21 18:28:06.380277 [Incident:Info:toast@toast-new:Origin updated] Origin updated: OT: 2025-01-21 11:15:32,  Lat/Lon: -3.78043°/151.63°, Depth: 10
2025/01/21 18:28:06.380472 [Incident:Info:toast@toast-new:Magnitude updated] Magnitude updated: 5.36 (M)
2025/01/21 18:28:06.380517 [Simulation:Info:toast@toast-new:Simulation not generated] Magnitude 5.36 of event bmg2025blkk is smaller than triggerMinMagnitude: no automatic simulation
2025/01/21 18:28:21.167051 [Incident:Info:toast@toast-new:Origin updated] Origin updated: OT: 2025-01-21 11:15:32,  Lat/Lon: -3.77882°/151.626°, Depth: 10
2025/01/21 18:28:21.167250 [Incident:Info:toast@toast-new:Magnitude updated] Magnitude updated: 5.36 (M)
2025/01/21 18:28:21.167293 [Simulation:Info:toast@toast-new:Simulation not generated] Magnitude 5.36 of event bmg2025blkk is smaller than triggerMinMagnitude: no automatic simulation
2025/01/21 18:28:50.652937 [Incident:Info:toast@toast-new:Origin updated] Origin updated: OT: 2025-01-21 11:15:32,  Lat/Lon: -3.79341°/151.609°, Depth: 10
2025/01/21 18:28:50.653131 [Incident:Info:toast@toast-new:Magnitude updated] Magnitude updated: 5.37 (M)
2025/01/21 18:28:50.653171 [Simulation:Info:toast@toast-new:Simulation not generated] Magnitude 5.37 of event bmg2025blkk is smaller than triggerMinMagnitude: no automatic simulation
2025/01/21 18:29:16.170571 [Incident:Info:toast@toast-new:Origin updated] Origin updated: OT: 2025-01-21 11:15:32,  Lat/Lon: -3.79471°/151.608°, Depth: 10
2025/01/21 18:29:16.170778 [Incident:Info:toast@toast-new:Magnitude updated] Magnitude updated: 5.37 (M)
2025/01/21 18:29:16.170821 [Simulation:Info:toast@toast-new:Simulation not generated] Magnitude 5.37 of event bmg2025blkk is smaller than triggerMinMagnitude: no automatic simulation
2025/01/21 18:29:41.152023 [Incident:Info:toast@toast-new:Origin updated] Origin updated: OT: 2025-01-21 11:15:32,  Lat/Lon: -3.814°/151.595°, Depth: 10
2025/01/21 18:29:41.152225 [Incident:Info:toast@toast-new:Magnitude updated] Magnitude updated: 5.36 (M)
2025/01/21 18:29:41.152267 [Simulation:Info:toast@toast-new:Simulation not generated] Magnitude 5.36 of event bmg2025blkk is smaller than triggerMinMagnitude: no automatic simulation
2025/01/21 18:30:01.227687 [Incident:Info:toast@toast-new:Origin updated] Origin updated: OT: 2025-01-21 11:15:32,  Lat/Lon: -3.814°/151.595°, Depth: 10
2025/01/21 18:30:01.227884 [Incident:Info:toast@toast-new:FM updated] FM updated
2025/01/21 18:30:01.228146 [Simulation:Info:toast@toast-new:Simulation not generated] Magnitude 5.36 of event bmg2025blkk is smaller than triggerMinMagnitude: no automatic simulation
2025/01/21 18:30:06.181697 [Incident:Info:toast@toast-new:Origin updated] Origin updated: OT: 2025-01-21 11:15:32,  Lat/Lon: -3.82045°/151.587°, Depth: 10
2025/01/21 18:30:06.181926 [Incident:Info:toast@toast-new:Magnitude updated] Magnitude updated: 5.37 (M)
2025/01/21 18:30:06.181982 [Simulation:Info:toast@toast-new:Simulation not generated] Magnitude 5.37 of event bmg2025blkk is smaller than triggerMinMagnitude: no automatic simulation
2025/01/21 18:30:13.346159 [Incident:Info:toast@toast-new:Origin updated] Origin updated: OT: 2025-01-21 11:15:32,  Lat/Lon: -3.82045°/151.587°, Depth: 10
2025/01/21 18:30:13.346340 [Incident:Info:toast@toast-new:FM updated] FM updated
2025/01/21 18:30:13.346589 [Simulation:Info:toast@toast-new:Simulation not generated] Magnitude 5.37 of event bmg2025blkk is smaller than triggerMinMagnitude: no automatic simulation
2025/01/21 18:30:20.643026 [Incident:Info:toast@toast-new:Origin updated] Origin updated: OT: 2025-01-21 11:15:32,  Lat/Lon: -3.82045°/151.587°, Depth: 10
2025/01/21 18:30:20.643208 [Simulation:Info:toast@toast-new:Simulation not generated] Magnitude 5.37 of event bmg2025blkk is smaller than triggerMinMagnitude: no automatic simulation
2025/01/21 18:30:29.838728 [Incident:Info:toast@toast-new:Origin updated] Origin updated: OT: 2025-01-21 11:15:32,  Lat/Lon: -3.82045°/151.587°, Depth: 10
2025/01/21 18:30:29.838904 [Simulation:Info:toast@toast-new:Simulation not generated] Magnitude 5.37 of event bmg2025blkk is smaller than triggerMinMagnitude: no automatic simulation
2025/01/21 18:30:39.397504 [Incident:Info:toast@toast-new:Origin updated] Origin updated: OT: 2025-01-21 11:15:32,  Lat/Lon: -3.82045°/151.587°, Depth: 10
2025/01/21 18:30:39.397713 [Simulation:Info:toast@toast-new:Simulation not generated] Magnitude 5.37 of event bmg2025blkk is smaller than triggerMinMagnitude: no automatic simulation
2025/01/21 18:30:50.108183 [Incident:Info:toast@toast-new:Origin updated] Origin updated: OT: 2025-01-21 11:15:32,  Lat/Lon: -3.82045°/151.587°, Depth: 10
2025/01/21 18:30:50.108352 [Simulation:Info:toast@toast-new:Simulation not generated] Magnitude 5.37 of event bmg2025blkk is smaller than triggerMinMagnitude: no automatic simulation
2025/01/21 18:30:59.963229 [Incident:Info:toast@toast-new:Origin updated] Origin updated: OT: 2025-01-21 11:15:32,  Lat/Lon: -3.82045°/151.587°, Depth: 10
2025/01/21 18:30:59.963436 [Simulation:Info:toast@toast-new:Simulation not generated] Magnitude 5.37 of event bmg2025blkk is smaller than triggerMinMagnitude: no automatic simulation
2025/01/21 18:31:09.501684 [Incident:Info:toast@toast-new:Origin updated] Origin updated: OT: 2025-01-21 11:15:32,  Lat/Lon: -3.82045°/151.587°, Depth: 10
2025/01/21 18:31:09.501888 [Simulation:Info:toast@toast-new:Simulation not generated] Magnitude 5.37 of event bmg2025blkk is smaller than triggerMinMagnitude: no automatic simulation
2025/01/21 18:31:20.238724 [Incident:Info:toast@toast-new:Origin updated] Origin updated: OT: 2025-01-21 11:15:32,  Lat/Lon: -3.82045°/151.587°, Depth: 10
2025/01/21 18:31:20.238916 [Simulation:Info:toast@toast-new:Simulation not generated] Magnitude 5.37 of event bmg2025blkk is smaller than triggerMinMagnitude: no automatic simulation
2025/01/21 18:31:30.007768 [Incident:Info:toast@toast-new:Origin updated] Origin updated: OT: 2025-01-21 11:15:32,  Lat/Lon: -3.82045°/151.587°, Depth: 10
2025/01/21 18:31:30.007968 [Simulation:Info:toast@toast-new:Simulation not generated] Magnitude 5.37 of event bmg2025blkk is smaller than triggerMinMagnitude: no automatic simulation
2025/01/21 18:31:40.002296 [Incident:Info:toast@toast-new:Origin updated] Origin updated: OT: 2025-01-21 11:15:32,  Lat/Lon: -3.82045°/151.587°, Depth: 10
2025/01/21 18:31:40.002506 [Simulation:Info:toast@toast-new:Simulation not generated] Magnitude 5.37 of event bmg2025blkk is smaller than triggerMinMagnitude: no automatic simulation
2025/01/21 18:31:50.823642 [Incident:Info:toast@toast-new:Origin updated] Origin updated: OT: 2025-01-21 11:15:32,  Lat/Lon: -3.82045°/151.587°, Depth: 10
2025/01/21 18:31:50.823849 [Simulation:Info:toast@toast-new:Simulation not generated] Magnitude 5.37 of event bmg2025blkk is smaller than triggerMinMagnitude: no automatic simulation
2025/01/21 18:32:01.005802 [Incident:Info:toast@toast-new:Origin updated] Origin updated: OT: 2025-01-21 11:15:32,  Lat/Lon: -3.82045°/151.587°, Depth: 10
2025/01/21 18:32:01.005990 [Simulation:Info:toast@toast-new:Simulation not generated] Magnitude 5.37 of event bmg2025blkk is smaller than triggerMinMagnitude: no automatic simulation
2025/01/21 18:32:10.788963 [Incident:Info:toast@toast-new:Origin updated] Origin updated: OT: 2025-01-21 11:15:32,  Lat/Lon: -3.82045°/151.587°, Depth: 10
2025/01/21 18:32:10.789146 [Simulation:Info:toast@toast-new:Simulation not generated] Magnitude 5.37 of event bmg2025blkk is smaller than triggerMinMagnitude: no automatic simulation
2025/01/21 18:32:20.498473 [Incident:Info:toast@toast-new:Origin updated] Origin updated: OT: 2025-01-21 11:15:32,  Lat/Lon: -3.82045°/151.587°, Depth: 10
2025/01/21 18:32:20.498676 [Simulation:Info:toast@toast-new:Simulation not generated] Magnitude 5.37 of event bmg2025blkk is smaller than triggerMinMagnitude: no automatic simulation
2025/01/21 18:32:30.109835 [Incident:Info:toast@toast-new:Origin updated] Origin updated: OT: 2025-01-21 11:15:32,  Lat/Lon: -3.82045°/151.587°, Depth: 10
2025/01/21 18:32:30.110053 [Simulation:Info:toast@toast-new:Simulation not generated] Magnitude 5.37 of event bmg2025blkk is smaller than triggerMinMagnitude: no automatic simulation
2025/01/21 18:32:40.530405 [Incident:Info:toast@toast-new:Origin updated] Origin updated: OT: 2025-01-21 11:15:32,  Lat/Lon: -3.82045°/151.587°, Depth: 10
2025/01/21 18:32:40.530579 [Simulation:Info:toast@toast-new:Simulation not generated] Magnitude 5.37 of event bmg2025blkk is smaller than triggerMinMagnitude: no automatic simulation
2025/01/21 18:32:51.011333 [Incident:Info:toast@toast-new:Origin updated] Origin updated: OT: 2025-01-21 11:15:32,  Lat/Lon: -3.82045°/151.587°, Depth: 10
2025/01/21 18:32:51.011536 [Simulation:Info:toast@toast-new:Simulation not generated] Magnitude 5.37 of event bmg2025blkk is smaller than triggerMinMagnitude: no automatic simulation
2025/01/21 18:32:54.250933 [Incident:Info:toast@toast-new:Origin updated] Origin updated: OT: 2025-01-21 11:15:32,  Lat/Lon: -3.82045°/151.587°, Depth: 10
2025/01/21 18:32:54.251127 [Simulation:Info:toast@toast-new:Simulation not generated] Magnitude 5.37 of event bmg2025blkk is smaller than triggerMinMagnitude: no automatic simulation
2025/01/21 18:33:00.593157 [Incident:Info:toast@toast-new:Origin updated] Origin updated: OT: 2025-01-21 11:15:32,  Lat/Lon: -3.82045°/151.587°, Depth: 10
2025/01/21 18:33:00.593364 [Simulation:Info:toast@toast-new:Simulation not generated] Magnitude 5.37 of event bmg2025blkk is smaller than triggerMinMagnitude: no automatic simulation
2025/01/21 18:33:10.849141 [Incident:Info:toast@toast-new:Origin updated] Origin updated: OT: 2025-01-21 11:15:32,  Lat/Lon: -3.82045°/151.587°, Depth: 10
2025/01/21 18:33:10.849357 [Simulation:Info:toast@toast-new:Simulation not generated] Magnitude 5.37 of event bmg2025blkk is smaller than triggerMinMagnitude: no automatic simulation
2025/01/21 18:33:20.926170 [Incident:Info:toast@toast-new:Origin updated] Origin updated: OT: 2025-01-21 11:15:32,  Lat/Lon: -3.82045°/151.587°, Depth: 10
2025/01/21 18:33:20.926392 [Simulation:Info:toast@toast-new:Simulation not generated] Magnitude 5.37 of event bmg2025blkk is smaller than triggerMinMagnitude: no automatic simulation
2025/01/21 18:33:31.521828 [Incident:Info:toast@toast-new:Origin updated] Origin updated: OT: 2025-01-21 11:15:32,  Lat/Lon: -3.82045°/151.587°, Depth: 10
2025/01/21 18:33:31.522045 [Simulation:Info:toast@toast-new:Simulation not generated] Magnitude 5.37 of event bmg2025blkk is smaller than triggerMinMagnitude: no automatic simulation
2025/01/21 18:33:41.301028 [Incident:Info:toast@toast-new:Origin updated] Origin updated: OT: 2025-01-21 11:15:32,  Lat/Lon: -3.82045°/151.587°, Depth: 10
2025/01/21 18:33:41.301244 [Simulation:Info:toast@toast-new:Simulation not generated] Magnitude 5.37 of event bmg2025blkk is smaller than triggerMinMagnitude: no automatic simulation
2025/01/21 18:33:52.175455 [Incident:Info:toast@toast-new:Origin updated] Origin updated: OT: 2025-01-21 11:15:32,  Lat/Lon: -3.82045°/151.587°, Depth: 10
2025/01/21 18:33:52.175657 [Simulation:Info:toast@toast-new:Simulation not generated] Magnitude 5.37 of event bmg2025blkk is smaller than triggerMinMagnitude: no automatic simulation
2025/01/21 18:34:01.310846 [Incident:Info:toast@toast-new:Origin updated] Origin updated: OT: 2025-01-21 11:15:32,  Lat/Lon: -3.82045°/151.587°, Depth: 10
2025/01/21 18:34:01.311056 [Simulation:Info:toast@toast-new:Simulation not generated] Magnitude 5.37 of event bmg2025blkk is smaller than triggerMinMagnitude: no automatic simulation
2025/01/21 18:34:11.150853 [Incident:Info:toast@toast-new:Origin updated] Origin updated: OT: 2025-01-21 11:15:32,  Lat/Lon: -3.82045°/151.587°, Depth: 10
2025/01/21 18:34:11.151052 [Simulation:Info:toast@toast-new:Simulation not generated] Magnitude 5.37 of event bmg2025blkk is smaller than triggerMinMagnitude: no automatic simulation
2025/01/21 18:34:21.117954 [Incident:Info:toast@toast-new:Origin updated] Origin updated: OT: 2025-01-21 11:15:32,  Lat/Lon: -3.82045°/151.587°, Depth: 10
2025/01/21 18:34:21.118145 [Simulation:Info:toast@toast-new:Simulation not generated] Magnitude 5.37 of event bmg2025blkk is smaller than triggerMinMagnitude: no automatic simulation
2025/01/21 18:34:32.189682 [Incident:Info:toast@toast-new:Origin updated] Origin updated: OT: 2025-01-21 11:15:32,  Lat/Lon: -3.82045°/151.587°, Depth: 10
2025/01/21 18:34:32.189890 [Simulation:Info:toast@toast-new:Simulation not generated] Magnitude 5.37 of event bmg2025blkk is smaller than triggerMinMagnitude: no automatic simulation
2025/01/21 18:34:41.972768 [Incident:Info:toast@toast-new:Origin updated] Origin updated: OT: 2025-01-21 11:15:32,  Lat/Lon: -3.82045°/151.587°, Depth: 10
2025/01/21 18:34:41.972935 [Simulation:Info:toast@toast-new:Simulation not generated] Magnitude 5.37 of event bmg2025blkk is smaller than triggerMinMagnitude: no automatic simulation
2025/01/21 18:34:52.408747 [Incident:Info:toast@toast-new:Origin updated] Origin updated: OT: 2025-01-21 11:15:32,  Lat/Lon: -3.82045°/151.587°, Depth: 10
2025/01/21 18:34:52.408951 [Simulation:Info:toast@toast-new:Simulation not generated] Magnitude 5.37 of event bmg2025blkk is smaller than triggerMinMagnitude: no automatic simulation
2025/01/21 18:35:01.930265 [Incident:Info:toast@toast-new:Origin updated] Origin updated: OT: 2025-01-21 11:15:32,  Lat/Lon: -3.82045°/151.587°, Depth: 10
2025/01/21 18:35:01.930447 [Simulation:Info:toast@toast-new:Simulation not generated] Magnitude 5.37 of event bmg2025blkk is smaller than triggerMinMagnitude: no automatic simulation
2025/01/21 18:35:12.622206 [Incident:Info:toast@toast-new:Origin updated] Origin updated: OT: 2025-01-21 11:15:32,  Lat/Lon: -3.82045°/151.587°, Depth: 10
2025/01/21 18:35:12.622390 [Simulation:Info:toast@toast-new:Simulation not generated] Magnitude 5.37 of event bmg2025blkk is smaller than triggerMinMagnitude: no automatic simulation
2025/01/21 18:35:21.826758 [Incident:Info:toast@toast-new:Origin updated] Origin updated: OT: 2025-01-21 11:15:32,  Lat/Lon: -3.82045°/151.587°, Depth: 10
2025/01/21 18:35:21.826917 [Simulation:Info:toast@toast-new:Simulation not generated] Magnitude 5.37 of event bmg2025blkk is smaller than triggerMinMagnitude: no automatic simulation
2025/01/21 18:35:33.127155 [Incident:Info:toast@toast-new:Origin updated] Origin updated: OT: 2025-01-21 11:15:32,  Lat/Lon: -3.82045°/151.587°, Depth: 10
2025/01/21 18:35:33.127412 [Simulation:Info:toast@toast-new:Simulation not generated] Magnitude 5.37 of event bmg2025blkk is smaller than triggerMinMagnitude: no automatic simulation
2025/01/21 18:35:41.794411 [Incident:Info:toast@toast-new:Origin updated] Origin updated: OT: 2025-01-21 11:15:32,  Lat/Lon: -3.82045°/151.587°, Depth: 10
2025/01/21 18:35:41.794648 [Simulation:Info:toast@toast-new:Simulation not generated] Magnitude 5.37 of event bmg2025blkk is smaller than triggerMinMagnitude: no automatic simulation
2025/01/21 18:35:52.426148 [Incident:Info:toast@toast-new:Origin updated] Origin updated: OT: 2025-01-21 11:15:32,  Lat/Lon: -3.82045°/151.587°, Depth: 10
2025/01/21 18:35:52.426361 [Simulation:Info:toast@toast-new:Simulation not generated] Magnitude 5.37 of event bmg2025blkk is smaller than triggerMinMagnitude: no automatic simulation
2025/01/21 18:36:02.512304 [Incident:Info:toast@toast-new:Origin updated] Origin updated: OT: 2025-01-21 11:15:32,  Lat/Lon: -3.82045°/151.587°, Depth: 10
2025/01/21 18:36:02.512515 [Simulation:Info:toast@toast-new:Simulation not generated] Magnitude 5.37 of event bmg2025blkk is smaller than triggerMinMagnitude: no automatic simulation
2025/01/21 18:36:12.612642 [Incident:Info:toast@toast-new:Origin updated] Origin updated: OT: 2025-01-21 11:15:32,  Lat/Lon: -3.82045°/151.587°, Depth: 10
2025/01/21 18:36:12.612824 [Simulation:Info:toast@toast-new:Simulation not generated] Magnitude 5.37 of event bmg2025blkk is smaller than triggerMinMagnitude: no automatic simulation
2025/01/21 18:36:22.139908 [Incident:Info:toast@toast-new:Origin updated] Origin updated: OT: 2025-01-21 11:15:32,  Lat/Lon: -3.82045°/151.587°, Depth: 10
2025/01/21 18:36:22.140101 [Simulation:Info:toast@toast-new:Simulation not generated] Magnitude 5.37 of event bmg2025blkk is smaller than triggerMinMagnitude: no automatic simulation
2025/01/21 18:36:32.092982 [Incident:Info:toast@toast-new:Origin updated] Origin updated: OT: 2025-01-21 11:15:32,  Lat/Lon: -3.82045°/151.587°, Depth: 10
2025/01/21 18:36:32.093179 [Simulation:Info:toast@toast-new:Simulation not generated] Magnitude 5.37 of event bmg2025blkk is smaller than triggerMinMagnitude: no automatic simulation
2025/01/21 18:36:42.846421 [Incident:Info:toast@toast-new:Origin updated] Origin updated: OT: 2025-01-21 11:15:32,  Lat/Lon: -3.82045°/151.587°, Depth: 10
2025/01/21 18:36:42.846597 [Simulation:Info:toast@toast-new:Simulation not generated] Magnitude 5.37 of event bmg2025blkk is smaller than triggerMinMagnitude: no automatic simulation
2025/01/21 18:36:53.816035 [Incident:Info:toast@toast-new:Origin updated] Origin updated: OT: 2025-01-21 11:15:32,  Lat/Lon: -3.82045°/151.587°, Depth: 10
2025/01/21 18:36:53.816218 [Simulation:Info:toast@toast-new:Simulation not generated] Magnitude 5.37 of event bmg2025blkk is smaller than triggerMinMagnitude: no automatic simulation
2025/01/21 18:37:02.630045 [Incident:Info:toast@toast-new:Origin updated] Origin updated: OT: 2025-01-21 11:15:32,  Lat/Lon: -3.82045°/151.587°, Depth: 10
2025/01/21 18:37:02.630248 [Simulation:Info:toast@toast-new:Simulation not generated] Magnitude 5.37 of event bmg2025blkk is smaller than triggerMinMagnitude: no automatic simulation
2025/01/21 18:37:12.668228 [Incident:Info:toast@toast-new:Origin updated] Origin updated: OT: 2025-01-21 11:15:32,  Lat/Lon: -3.82045°/151.587°, Depth: 10
2025/01/21 18:37:12.668412 [Simulation:Info:toast@toast-new:Simulation not generated] Magnitude 5.37 of event bmg2025blkk is smaller than triggerMinMagnitude: no automatic simulation
2025/01/21 18:37:23.653354 [Incident:Info:toast@toast-new:Origin updated] Origin updated: OT: 2025-01-21 11:15:32,  Lat/Lon: -3.82045°/151.587°, Depth: 10
2025/01/21 18:37:23.653556 [Simulation:Info:toast@toast-new:Simulation not generated] Magnitude 5.37 of event bmg2025blkk is smaller than triggerMinMagnitude: no automatic simulation
2025/01/21 18:37:33.275852 [Incident:Info:toast@toast-new:Origin updated] Origin updated: OT: 2025-01-21 11:15:32,  Lat/Lon: -3.82045°/151.587°, Depth: 10
2025/01/21 18:37:33.276046 [Simulation:Info:toast@toast-new:Simulation not generated] Magnitude 5.37 of event bmg2025blkk is smaller than triggerMinMagnitude: no automatic simulation
2025/01/21 18:37:44.786036 [Incident:Info:toast@toast-new:Origin updated] Origin updated: OT: 2025-01-21 11:15:32,  Lat/Lon: -3.82045°/151.587°, Depth: 10
2025/01/21 18:37:44.786233 [Simulation:Info:toast@toast-new:Simulation not generated] Magnitude 5.37 of event bmg2025blkk is smaller than triggerMinMagnitude: no automatic simulation
2025/01/21 18:37:53.281049 [Incident:Info:toast@toast-new:Origin updated] Origin updated: OT: 2025-01-21 11:15:32,  Lat/Lon: -3.82045°/151.587°, Depth: 10
2025/01/21 18:37:53.281236 [Simulation:Info:toast@toast-new:Simulation not generated] Magnitude 5.37 of event bmg2025blkk is smaller than triggerMinMagnitude: no automatic simulation
2025/01/21 18:38:03.214633 [Incident:Info:toast@toast-new:Origin updated] Origin updated: OT: 2025-01-21 11:15:32,  Lat/Lon: -3.82045°/151.587°, Depth: 10
2025/01/21 18:38:03.214818 [Simulation:Info:toast@toast-new:Simulation not generated] Magnitude 5.37 of event bmg2025blkk is smaller than triggerMinMagnitude: no automatic simulation
2025/01/21 18:38:13.611516 [Incident:Info:toast@toast-new:Origin updated] Origin updated: OT: 2025-01-21 11:15:32,  Lat/Lon: -3.82045°/151.587°, Depth: 10
2025/01/21 18:38:13.611710 [Simulation:Info:toast@toast-new:Simulation not generated] Magnitude 5.37 of event bmg2025blkk is smaller than triggerMinMagnitude: no automatic simulation
2025/01/21 18:38:23.368646 [Incident:Info:toast@toast-new:Origin updated] Origin updated: OT: 2025-01-21 11:15:32,  Lat/Lon: -3.82045°/151.587°, Depth: 10
2025/01/21 18:38:23.368839 [Simulation:Info:toast@toast-new:Simulation not generated] Magnitude 5.37 of event bmg2025blkk is smaller than triggerMinMagnitude: no automatic simulation
2025/01/21 18:38:33.310935 [Incident:Info:toast@toast-new:Origin updated] Origin updated: OT: 2025-01-21 11:15:32,  Lat/Lon: -3.82045°/151.587°, Depth: 10
2025/01/21 18:38:33.311152 [Simulation:Info:toast@toast-new:Simulation not generated] Magnitude 5.37 of event bmg2025blkk is smaller than triggerMinMagnitude: no automatic simulation
2025/01/21 18:38:44.792881 [Incident:Info:toast@toast-new:Origin updated] Origin updated: OT: 2025-01-21 11:15:32,  Lat/Lon: -3.82045°/151.587°, Depth: 10
2025/01/21 18:38:44.793068 [Simulation:Info:toast@toast-new:Simulation not generated] Magnitude 5.37 of event bmg2025blkk is smaller than triggerMinMagnitude: no automatic simulation
2025/01/21 18:38:53.896921 [Incident:Info:toast@toast-new:Origin updated] Origin updated: OT: 2025-01-21 11:15:32,  Lat/Lon: -3.82045°/151.587°, Depth: 10
2025/01/21 18:38:53.897135 [Simulation:Info:toast@toast-new:Simulation not generated] Magnitude 5.37 of event bmg2025blkk is smaller than triggerMinMagnitude: no automatic simulation
2025/01/21 18:39:04.241759 [Incident:Info:toast@toast-new:Origin updated] Origin updated: OT: 2025-01-21 11:15:32,  Lat/Lon: -3.82045°/151.587°, Depth: 10
2025/01/21 18:39:04.241963 [Simulation:Info:toast@toast-new:Simulation not generated] Magnitude 5.37 of event bmg2025blkk is smaller than triggerMinMagnitude: no automatic simulation
2025/01/21 18:39:13.683464 [Incident:Info:toast@toast-new:Origin updated] Origin updated: OT: 2025-01-21 11:15:32,  Lat/Lon: -3.82045°/151.587°, Depth: 10
2025/01/21 18:39:13.683641 [Simulation:Info:toast@toast-new:Simulation not generated] Magnitude 5.37 of event bmg2025blkk is smaller than triggerMinMagnitude: no automatic simulation
2025/01/21 18:39:23.902497 [Incident:Info:toast@toast-new:Origin updated] Origin updated: OT: 2025-01-21 11:15:32,  Lat/Lon: -3.82045°/151.587°, Depth: 10
2025/01/21 18:39:23.902705 [Simulation:Info:toast@toast-new:Simulation not generated] Magnitude 5.37 of event bmg2025blkk is smaller than triggerMinMagnitude: no automatic simulation
2025/01/21 18:39:34.795201 [Incident:Info:toast@toast-new:Origin updated] Origin updated: OT: 2025-01-21 11:15:32,  Lat/Lon: -3.82045°/151.587°, Depth: 10
2025/01/21 18:39:34.795390 [Simulation:Info:toast@toast-new:Simulation not generated] Magnitude 5.37 of event bmg2025blkk is smaller than triggerMinMagnitude: no automatic simulation
2025/01/21 18:39:44.155480 [Incident:Info:toast@toast-new:Origin updated] Origin updated: OT: 2025-01-21 11:15:32,  Lat/Lon: -3.82045°/151.587°, Depth: 10
2025/01/21 18:39:44.155687 [Simulation:Info:toast@toast-new:Simulation not generated] Magnitude 5.37 of event bmg2025blkk is smaller than triggerMinMagnitude: no automatic simulation
2025/01/21 18:39:54.648138 [Incident:Info:toast@toast-new:Origin updated] Origin updated: OT: 2025-01-21 11:15:32,  Lat/Lon: -3.82045°/151.587°, Depth: 10
2025/01/21 18:39:54.648346 [Simulation:Info:toast@toast-new:Simulation not generated] Magnitude 5.37 of event bmg2025blkk is smaller than triggerMinMagnitude: no automatic simulation
2025/01/21 18:40:03.817370 [Incident:Info:toast@toast-new:Origin updated] Origin updated: OT: 2025-01-21 11:15:32,  Lat/Lon: -3.82045°/151.587°, Depth: 10
2025/01/21 18:40:03.817569 [Simulation:Info:toast@toast-new:Simulation not generated] Magnitude 5.37 of event bmg2025blkk is smaller than triggerMinMagnitude: no automatic simulation
2025/01/21 18:40:34.099427 [Incident:Info:toast@toast-new:Origin updated] Origin updated: OT: 2025-01-21 11:15:32,  Lat/Lon: -3.82045°/151.587°, Depth: 10
2025/01/21 18:40:34.099607 [Simulation:Info:toast@toast-new:Simulation not generated] Magnitude 5.37 of event bmg2025blkk is smaller than triggerMinMagnitude: no automatic simulation
2025/01/21 18:41:34.034302 [Incident:Info:toast@toast-new:Origin updated] Origin updated: OT: 2025-01-21 11:15:32,  Lat/Lon: -3.82045°/151.587°, Depth: 10
2025/01/21 18:41:34.034499 [Simulation:Info:toast@toast-new:Simulation not generated] Magnitude 5.37 of event bmg2025blkk is smaller than triggerMinMagnitude: no automatic simulation
2025/01/21 18:42:33.727060 [Incident:Info:toast@toast-new:Origin updated] Origin updated: OT: 2025-01-21 11:15:32,  Lat/Lon: -3.82045°/151.587°, Depth: 10
2025/01/21 18:42:33.727253 [Simulation:Info:toast@toast-new:Simulation not generated] Magnitude 5.37 of event bmg2025blkk is smaller than triggerMinMagnitude: no automatic simulation
2025/01/21 18:43:33.734661 [Incident:Info:toast@toast-new:Origin updated] Origin updated: OT: 2025-01-21 11:15:32,  Lat/Lon: -3.82045°/151.587°, Depth: 10
2025/01/21 18:43:33.734862 [Simulation:Info:toast@toast-new:Simulation not generated] Magnitude 5.37 of event bmg2025blkk is smaller than triggerMinMagnitude: no automatic simulation
2025/01/21 18:49:34.115623 [Incident:Info:toast@toast-new:Origin updated] Origin updated: OT: 2025-01-21 11:15:32,  Lat/Lon: -3.82045°/151.587°, Depth: 10
2025/01/21 18:49:34.115817 [Simulation:Info:toast@toast-new:Simulation not generated] Magnitude 5.37 of event bmg2025blkk is smaller than triggerMinMagnitude: no automatic simulation
2025/01/21 19:08:53.899962 [Incident:Info:toast@toast-new:Origin updated] Origin updated: OT: 2025-01-21 11:15:32,  Lat/Lon: -3.82045°/151.587°, Depth: 10
2025/01/21 19:08:53.900141 [Simulation:Info:toast@toast-new:Simulation not generated] Magnitude 5.37 of event bmg2025blkk is smaller than triggerMinMagnitude: no automatic simulation
2025/01/21 19:11:23.851069 [Incident:Info:toast@toast-new:Origin updated] Origin updated: OT: 2025-01-21 11:15:32,  Lat/Lon: -3.82045°/151.587°, Depth: 10
2025/01/21 19:11:23.851235 [Simulation:Info:toast@toast-new:Simulation not generated] Magnitude 5.37 of event bmg2025blkk is smaller than triggerMinMagnitude: no automatic simulation
2025/01/21 19:15:23.944138 [Incident:Info:toast@toast-new:Origin updated] Origin updated: OT: 2025-01-21 11:15:32,  Lat/Lon: -3.82045°/151.587°, Depth: 10
2025/01/21 19:15:23.944323 [Simulation:Info:toast@toast-new:Simulation not generated] Magnitude 5.37 of event bmg2025blkk is smaller than triggerMinMagnitude: no automatic simulation
2025/01/21 23:17:41.100950 [Incident:Info:toast@toast-new:Origin updated] Origin updated: OT: 2025-01-21 11:15:39,  Lat/Lon: -3.95573°/151.393°, Depth: 68.8139
2025/01/21 23:17:41.101156 [Incident:Info:toast@toast-new:Magnitude updated] Magnitude updated: 5.37 (mb)
2025/01/21 23:17:41.101202 [Simulation:Info:toast@toast-new:Simulation not generated] Magnitude 5.37 of event bmg2025blkk is smaller than triggerMinMagnitude: no automatic simulation
2025/01/21 23:17:41.117025 [Incident:Info:toast@toast-new:Origin updated] Origin updated: OT: 2025-01-21 11:15:39,  Lat/Lon: -3.95573°/151.393°, Depth: 68.8139
2025/01/21 23:17:41.117146 [Incident:Info:toast@toast-new:Magnitude updated] Magnitude updated: 5.35 (M)
2025/01/21 23:17:41.117178 [Simulation:Info:toast@toast-new:Simulation not generated] Magnitude 5.35 of event bmg2025blkk is smaller than triggerMinMagnitude: no automatic simulation
2025/01/21 23:17:55.271664 [Incident:Info:toast@toast-new:Origin updated] Origin updated: OT: 2025-01-21 11:15:39,  Lat/Lon: -3.95573°/151.393°, Depth: 68.8139
2025/01/21 23:17:55.271873 [Incident:Info:toast@toast-new:Magnitude updated] Magnitude updated: 5.37 (mb)
2025/01/21 23:17:55.271940 [Simulation:Info:toast@toast-new:Simulation not generated] Magnitude 5.37 of event bmg2025blkk is smaller than triggerMinMagnitude: no automatic simulation
