2025/01/23 06:42:48.405187 [Incident:Info:toast@toast-new:Displacement(s) updated] Added 0 and changed 0 displacements with 0 amplitudes
2025/01/23 06:42:48.446216 [Incident:Info:toast@toast-new:Incident created] Incident created based on event received from messaging: OT: 2025-01-22 23:39:55,  Lat/Lon: 9.61°/124.97°, Depth: 10.00, Mag: 5.73 (M)
2025/01/23 06:42:48.446546 [Simulation:Info:toast@toast-new:Simulation not generated] Magnitude 5.73 of event bmg2025boek is smaller than triggerMinMagnitude: no automatic simulation
2025/01/23 06:42:48.455573 [Incident:Info:toast@toast-new:Origin updated] Origin updated: OT: 2025-01-22 23:39:55,  Lat/Lon: 9.6101°/124.97°, Depth: 10
2025/01/23 06:42:48.455669 [Simulation:Info:toast@toast-new:Simulation not generated] Magnitude 5.73 of event bmg2025boek is smaller than triggerMinMagnitude: no automatic simulation
2025/01/23 06:42:51.423037 [Incident:Info:toast@toast-new:Origin updated] Origin updated: OT: 2025-01-22 23:39:55,  Lat/Lon: 9.6101°/124.97°, Depth: 10
2025/01/23 06:42:51.423236 [Incident:Info:toast@toast-new:Magnitude updated] Magnitude updated: 5.73 (M)
2025/01/23 06:42:51.423283 [Simulation:Info:toast@toast-new:Simulation not generated] Magnitude 5.73 of event bmg2025boek is smaller than triggerMinMagnitude: no automatic simulation
2025/01/23 06:42:56.421559 [Incident:Info:toast@toast-new:Origin updated] Origin updated: OT: 2025-01-22 23:39:55,  Lat/Lon: 9.6101°/124.97°, Depth: 10
2025/01/23 06:42:56.421724 [Incident:Info:toast@toast-new:Magnitude updated] Magnitude updated: 5.73 (M)
2025/01/23 06:42:56.421755 [Simulation:Info:toast@toast-new:Simulation not generated] Magnitude 5.73 of event bmg2025boek is smaller than triggerMinMagnitude: no automatic simulation
2025/01/23 06:42:58.631809 [Incident:Info:toast@toast-new:Origin updated] Origin updated: OT: 2025-01-22 23:39:54,  Lat/Lon: 9.66085°/124.993°, Depth: 10
2025/01/23 06:42:58.632015 [Incident:Info:toast@toast-new:Magnitude updated] Magnitude updated: 5.71 (M)
2025/01/23 06:42:58.632060 [Simulation:Info:toast@toast-new:Simulation not generated] Magnitude 5.71 of event bmg2025boek is smaller than triggerMinMagnitude: no automatic simulation
2025/01/23 06:43:01.426676 [Incident:Info:toast@toast-new:Origin updated] Origin updated: OT: 2025-01-22 23:39:54,  Lat/Lon: 9.66085°/124.993°, Depth: 10
2025/01/23 06:43:01.426869 [Incident:Info:toast@toast-new:Magnitude updated] Magnitude updated: 5.73 (M)
2025/01/23 06:43:01.426915 [Simulation:Info:toast@toast-new:Simulation not generated] Magnitude 5.73 of event bmg2025boek is smaller than triggerMinMagnitude: no automatic simulation
2025/01/23 06:43:06.492863 [Incident:Info:toast@toast-new:Origin updated] Origin updated: OT: 2025-01-22 23:39:54,  Lat/Lon: 9.66085°/124.993°, Depth: 10
2025/01/23 06:43:06.493065 [Incident:Info:toast@toast-new:Magnitude updated] Magnitude updated: 5.68 (M)
2025/01/23 06:43:06.493113 [Simulation:Info:toast@toast-new:Simulation not generated] Magnitude 5.68 of event bmg2025boek is smaller than triggerMinMagnitude: no automatic simulation
2025/01/23 06:43:09.237270 [Incident:Info:toast@toast-new:Origin updated] Origin updated: OT: 2025-01-22 23:39:55,  Lat/Lon: 9.86235°/125.202°, Depth: 69.0774
2025/01/23 06:43:09.237445 [Incident:Info:toast@toast-new:Magnitude updated] Magnitude updated: 5.70 (M)
2025/01/23 06:43:09.237474 [Simulation:Info:toast@toast-new:Simulation not generated] Magnitude 5.70 of event bmg2025boek is smaller than triggerMinMagnitude: no automatic simulation
2025/01/23 06:43:11.470880 [Incident:Info:toast@toast-new:Origin updated] Origin updated: OT: 2025-01-22 23:39:55,  Lat/Lon: 9.86235°/125.202°, Depth: 69.0774
2025/01/23 06:43:11.471057 [Incident:Info:toast@toast-new:Magnitude updated] Magnitude updated: 5.69 (M)
2025/01/23 06:43:11.471104 [Simulation:Info:toast@toast-new:Simulation not generated] Magnitude 5.69 of event bmg2025boek is smaller than triggerMinMagnitude: no automatic simulation
2025/01/23 06:43:15.561092 [Incident:Info:toast@toast-new:Origin updated] Origin updated: OT: 2025-01-22 23:39:56,  Lat/Lon: 9.74232°/125.152°, Depth: 83.9881
2025/01/23 06:43:15.561351 [Incident:Info:toast@toast-new:Magnitude updated] Magnitude updated: 5.64 (M)
2025/01/23 06:43:15.561404 [Simulation:Info:toast@toast-new:Simulation not generated] Magnitude 5.64 of event bmg2025boek is smaller than triggerMinMagnitude: no automatic simulation
2025/01/23 06:43:16.415356 [Incident:Info:toast@toast-new:Origin updated] Origin updated: OT: 2025-01-22 23:39:56,  Lat/Lon: 9.74232°/125.152°, Depth: 83.9881
2025/01/23 06:43:16.416139 [Incident:Info:toast@toast-new:Magnitude updated] Magnitude updated: 5.65 (M)
2025/01/23 06:43:16.416215 [Simulation:Info:toast@toast-new:Simulation not generated] Magnitude 5.65 of event bmg2025boek is smaller than triggerMinMagnitude: no automatic simulation
2025/01/23 06:43:21.473548 [Incident:Info:toast@toast-new:Origin updated] Origin updated: OT: 2025-01-22 23:39:56,  Lat/Lon: 9.74232°/125.152°, Depth: 83.9881
2025/01/23 06:43:21.473749 [Incident:Info:toast@toast-new:Magnitude updated] Magnitude updated: 5.61 (M)
2025/01/23 06:43:21.473780 [Simulation:Info:toast@toast-new:Simulation not generated] Magnitude 5.61 of event bmg2025boek is smaller than triggerMinMagnitude: no automatic simulation
2025/01/23 06:43:22.654880 [Incident:Info:toast@toast-new:Origin updated] Origin updated: OT: 2025-01-22 23:39:56,  Lat/Lon: 9.74232°/125.152°, Depth: 83.9881
2025/01/23 06:43:22.655065 [Incident:Info:toast@toast-new:Magnitude updated] Magnitude updated: 5.62 (M)
2025/01/23 06:43:22.655111 [Simulation:Info:toast@toast-new:Simulation not generated] Magnitude 5.62 of event bmg2025boek is smaller than triggerMinMagnitude: no automatic simulation
2025/01/23 06:43:26.420695 [Incident:Info:toast@toast-new:Origin updated] Origin updated: OT: 2025-01-22 23:39:56,  Lat/Lon: 9.74232°/125.152°, Depth: 83.9881
2025/01/23 06:43:26.420848 [Incident:Info:toast@toast-new:Magnitude updated] Magnitude updated: 5.59 (M)
2025/01/23 06:43:26.420877 [Simulation:Info:toast@toast-new:Simulation not generated] Magnitude 5.59 of event bmg2025boek is smaller than triggerMinMagnitude: no automatic simulation
2025/01/23 06:43:31.534224 [Incident:Info:toast@toast-new:Origin updated] Origin updated: OT: 2025-01-22 23:39:56,  Lat/Lon: 9.74232°/125.152°, Depth: 83.9881
2025/01/23 06:43:31.534402 [Incident:Info:toast@toast-new:Magnitude updated] Magnitude updated: 5.60 (M)
2025/01/23 06:43:31.534434 [Simulation:Info:toast@toast-new:Simulation not generated] Magnitude 5.60 of event bmg2025boek is smaller than triggerMinMagnitude: no automatic simulation
2025/01/23 06:43:36.472888 [Incident:Info:toast@toast-new:Origin updated] Origin updated: OT: 2025-01-22 23:39:56,  Lat/Lon: 9.74232°/125.152°, Depth: 83.9881
2025/01/23 06:43:36.473064 [Incident:Info:toast@toast-new:Magnitude updated] Magnitude updated: 5.63 (M)
2025/01/23 06:43:36.473096 [Simulation:Info:toast@toast-new:Simulation not generated] Magnitude 5.63 of event bmg2025boek is smaller than triggerMinMagnitude: no automatic simulation
2025/01/23 06:43:40.837054 [Incident:Info:toast@toast-new:Origin updated] Origin updated: OT: 2025-01-22 23:39:56,  Lat/Lon: 9.74232°/125.152°, Depth: 83.9881
2025/01/23 06:43:40.837237 [Incident:Info:toast@toast-new:Magnitude updated] Magnitude updated: 5.67 (M)
2025/01/23 06:43:40.837295 [Simulation:Info:toast@toast-new:Simulation not generated] Magnitude 5.67 of event bmg2025boek is smaller than triggerMinMagnitude: no automatic simulation
2025/01/23 06:43:46.543574 [Incident:Info:toast@toast-new:Origin updated] Origin updated: OT: 2025-01-22 23:39:56,  Lat/Lon: 9.74232°/125.152°, Depth: 83.9881
2025/01/23 06:43:46.543769 [Incident:Info:toast@toast-new:Magnitude updated] Magnitude updated: 5.67 (M)
2025/01/23 06:43:46.543809 [Simulation:Info:toast@toast-new:Simulation not generated] Magnitude 5.67 of event bmg2025boek is smaller than triggerMinMagnitude: no automatic simulation
2025/01/23 06:43:56.462290 [Incident:Info:toast@toast-new:Origin updated] Origin updated: OT: 2025-01-22 23:39:56,  Lat/Lon: 9.74232°/125.152°, Depth: 83.9881
2025/01/23 06:43:56.462462 [Incident:Info:toast@toast-new:Magnitude updated] Magnitude updated: 5.68 (M)
2025/01/23 06:43:56.462513 [Simulation:Info:toast@toast-new:Simulation not generated] Magnitude 5.68 of event bmg2025boek is smaller than triggerMinMagnitude: no automatic simulation
2025/01/23 06:44:01.594639 [Incident:Info:toast@toast-new:Origin updated] Origin updated: OT: 2025-01-22 23:39:56,  Lat/Lon: 9.74232°/125.152°, Depth: 83.9881
2025/01/23 06:44:01.594794 [Incident:Info:toast@toast-new:Magnitude updated] Magnitude updated: 5.67 (M)
2025/01/23 06:44:01.594820 [Simulation:Info:toast@toast-new:Simulation not generated] Magnitude 5.67 of event bmg2025boek is smaller than triggerMinMagnitude: no automatic simulation
2025/01/23 06:44:06.424362 [Incident:Info:toast@toast-new:Origin updated] Origin updated: OT: 2025-01-22 23:39:56,  Lat/Lon: 9.74232°/125.152°, Depth: 83.9881
2025/01/23 06:44:06.424559 [Incident:Info:toast@toast-new:Magnitude updated] Magnitude updated: 5.67 (M)
2025/01/23 06:44:06.424605 [Simulation:Info:toast@toast-new:Simulation not generated] Magnitude 5.67 of event bmg2025boek is smaller than triggerMinMagnitude: no automatic simulation
2025/01/23 06:44:11.533675 [Incident:Info:toast@toast-new:Origin updated] Origin updated: OT: 2025-01-22 23:39:56,  Lat/Lon: 9.74232°/125.152°, Depth: 83.9881
2025/01/23 06:44:11.533834 [Incident:Info:toast@toast-new:Magnitude updated] Magnitude updated: 5.68 (M)
2025/01/23 06:44:11.533866 [Simulation:Info:toast@toast-new:Simulation not generated] Magnitude 5.68 of event bmg2025boek is smaller than triggerMinMagnitude: no automatic simulation
2025/01/23 06:44:16.533405 [Incident:Info:toast@toast-new:Origin updated] Origin updated: OT: 2025-01-22 23:39:56,  Lat/Lon: 9.74232°/125.152°, Depth: 83.9881
2025/01/23 06:44:16.533610 [Incident:Info:toast@toast-new:Magnitude updated] Magnitude updated: 5.69 (M)
2025/01/23 06:44:16.533662 [Simulation:Info:toast@toast-new:Simulation not generated] Magnitude 5.69 of event bmg2025boek is smaller than triggerMinMagnitude: no automatic simulation
2025/01/23 06:45:56.006243 [Incident:Info:toast@toast-new:Origin updated] Origin updated: OT: 2025-01-22 23:39:53,  Lat/Lon: 10.0948°/125.2°, Depth: 53.3159
2025/01/23 06:45:56.006448 [Incident:Info:toast@toast-new:Magnitude updated] Magnitude updated: 5.78 (Mw(mB))
2025/01/23 06:45:56.006483 [Simulation:Info:toast@toast-new:Simulation not generated] Magnitude 5.78 of event bmg2025boek is smaller than triggerMinMagnitude: no automatic simulation
2025/01/23 06:45:56.466918 [Incident:Info:toast@toast-new:Origin updated] Origin updated: OT: 2025-01-22 23:39:53,  Lat/Lon: 10.0948°/125.2°, Depth: 53.3159
2025/01/23 06:45:56.467124 [Incident:Info:toast@toast-new:Magnitude updated] Magnitude updated: 5.78 (Mw(mB))
2025/01/23 06:45:56.467169 [Simulation:Info:toast@toast-new:Simulation not generated] Magnitude 5.78 of event bmg2025boek is smaller than triggerMinMagnitude: no automatic simulation
2025/01/23 06:46:01.865750 [Incident:Info:toast@toast-new:Origin updated] Origin updated: OT: 2025-01-22 23:39:53,  Lat/Lon: 10.0948°/125.2°, Depth: 53.3159
2025/01/23 06:46:01.865920 [Incident:Info:toast@toast-new:Magnitude updated] Magnitude updated: 5.79 (Mw(mB))
2025/01/23 06:46:01.865952 [Simulation:Info:toast@toast-new:Simulation not generated] Magnitude 5.79 of event bmg2025boek is smaller than triggerMinMagnitude: no automatic simulation
2025/01/23 06:46:06.832670 [Incident:Info:toast@toast-new:Origin updated] Origin updated: OT: 2025-01-22 23:39:53,  Lat/Lon: 10.0948°/125.2°, Depth: 53.3159
2025/01/23 06:46:06.832838 [Incident:Info:toast@toast-new:Magnitude updated] Magnitude updated: 5.79 (Mw(mB))
2025/01/23 06:46:06.832867 [Simulation:Info:toast@toast-new:Simulation not generated] Magnitude 5.79 of event bmg2025boek is smaller than triggerMinMagnitude: no automatic simulation
2025/01/23 06:47:15.720847 [Incident:Info:toast@toast-new:Origin updated] Origin updated: OT: 2025-01-22 23:39:52,  Lat/Lon: 10.1748°/125.2°, Depth: 51.9885
2025/01/23 06:47:15.721020 [Incident:Info:toast@toast-new:Magnitude updated] Magnitude updated: 5.82 (Mw(mB))
2025/01/23 06:47:15.721056 [Simulation:Info:toast@toast-new:Simulation not generated] Magnitude 5.82 of event bmg2025boek is smaller than triggerMinMagnitude: no automatic simulation
2025/01/23 06:47:31.745181 [Incident:Info:toast@toast-new:Origin updated] Origin updated: OT: 2025-01-22 23:39:52,  Lat/Lon: 10.1748°/125.2°, Depth: 51.9885
2025/01/23 06:47:31.745375 [Incident:Info:toast@toast-new:Magnitude updated] Magnitude updated: 5.81 (Mw(mB))
2025/01/23 06:47:31.745405 [Simulation:Info:toast@toast-new:Simulation not generated] Magnitude 5.81 of event bmg2025boek is smaller than triggerMinMagnitude: no automatic simulation
2025/01/23 06:48:56.635662 [Incident:Info:toast@toast-new:Origin updated] Origin updated: OT: 2025-01-22 23:39:52,  Lat/Lon: 10.1748°/125.2°, Depth: 51.9885
2025/01/23 06:48:56.635852 [Incident:Info:toast@toast-new:FM updated] FM updated
2025/01/23 06:48:56.636093 [Simulation:Info:toast@toast-new:Simulation not generated] Magnitude 5.81 of event bmg2025boek is smaller than triggerMinMagnitude: no automatic simulation
2025/01/23 06:49:26.563714 [Incident:Info:toast@toast-new:Origin updated] Origin updated: OT: 2025-01-22 23:39:52,  Lat/Lon: 10.1748°/125.2°, Depth: 51.9885
2025/01/23 06:49:26.563879 [Incident:Info:toast@toast-new:FM updated] FM updated
2025/01/23 06:49:26.564119 [Simulation:Info:toast@toast-new:Simulation not generated] Magnitude 5.81 of event bmg2025boek is smaller than triggerMinMagnitude: no automatic simulation
2025/01/23 06:49:36.954201 [Incident:Info:toast@toast-new:Origin updated] Origin updated: OT: 2025-01-22 23:39:52,  Lat/Lon: 10.1748°/125.2°, Depth: 51.9885
2025/01/23 06:49:36.954402 [Incident:Info:toast@toast-new:FM updated] FM updated
2025/01/23 06:49:36.954654 [Simulation:Info:toast@toast-new:Simulation not generated] Magnitude 5.81 of event bmg2025boek is smaller than triggerMinMagnitude: no automatic simulation
2025/01/23 06:49:46.994464 [Incident:Info:toast@toast-new:Origin updated] Origin updated: OT: 2025-01-22 23:39:52,  Lat/Lon: 10.1748°/125.2°, Depth: 51.9885
2025/01/23 06:49:46.994673 [Incident:Info:toast@toast-new:FM updated] FM updated
2025/01/23 06:49:46.994946 [Simulation:Info:toast@toast-new:Simulation not generated] Magnitude 5.81 of event bmg2025boek is smaller than triggerMinMagnitude: no automatic simulation
2025/01/23 06:49:56.695606 [Incident:Info:toast@toast-new:Origin updated] Origin updated: OT: 2025-01-22 23:39:52,  Lat/Lon: 10.1748°/125.2°, Depth: 51.9885
2025/01/23 06:49:56.695774 [Incident:Info:toast@toast-new:FM updated] FM updated
2025/01/23 06:49:56.696011 [Simulation:Info:toast@toast-new:Simulation not generated] Magnitude 5.81 of event bmg2025boek is smaller than triggerMinMagnitude: no automatic simulation
2025/01/23 06:50:06.333363 [Incident:Info:toast@toast-new:Origin updated] Origin updated: OT: 2025-01-22 23:39:52,  Lat/Lon: 10.1748°/125.2°, Depth: 51.9885
2025/01/23 06:50:06.333574 [Incident:Info:toast@toast-new:FM updated] FM updated
2025/01/23 06:50:06.333848 [Simulation:Info:toast@toast-new:Simulation not generated] Magnitude 5.81 of event bmg2025boek is smaller than triggerMinMagnitude: no automatic simulation
2025/01/23 06:50:07.057559 [Incident:Info:toast@toast-new:Origin updated] Origin updated: OT: 2025-01-22 23:39:52,  Lat/Lon: 10.1748°/125.2°, Depth: 51.9885
2025/01/23 06:50:07.057763 [Incident:Info:toast@toast-new:FM updated] FM updated
2025/01/23 06:50:07.058070 [Simulation:Info:toast@toast-new:Simulation not generated] Magnitude 5.81 of event bmg2025boek is smaller than triggerMinMagnitude: no automatic simulation
2025/01/23 06:50:10.227344 [Incident:Info:toast@toast-new:Origin updated] Origin updated: OT: 2025-01-22 23:39:52,  Lat/Lon: 10.1748°/125.2°, Depth: 51.9885
2025/01/23 06:50:10.227521 [Incident:Info:toast@toast-new:FM updated] FM updated
2025/01/23 06:50:10.227765 [Simulation:Info:toast@toast-new:Simulation not generated] Magnitude 5.81 of event bmg2025boek is smaller than triggerMinMagnitude: no automatic simulation
2025/01/23 06:50:18.164415 [Incident:Info:toast@toast-new:Origin updated] Origin updated: OT: 2025-01-22 23:39:52,  Lat/Lon: 10.1748°/125.2°, Depth: 51.9885
2025/01/23 06:50:18.164558 [Incident:Info:toast@toast-new:Magnitude updated] Magnitude updated: 5.81 (Mw(mB))
2025/01/23 06:50:18.164580 [Simulation:Info:toast@toast-new:Simulation not generated] Magnitude 5.81 of event bmg2025boek is smaller than triggerMinMagnitude: no automatic simulation
2025/01/23 06:50:18.197744 [Incident:Info:toast@toast-new:Origin updated] Origin updated: OT: 2025-01-22 23:39:52,  Lat/Lon: 10.1748°/125.2°, Depth: 51.9885
2025/01/23 06:50:18.197879 [Incident:Info:toast@toast-new:FM updated] FM updated
2025/01/23 06:50:18.198091 [Simulation:Info:toast@toast-new:Simulation not generated] Magnitude 5.81 of event bmg2025boek is smaller than triggerMinMagnitude: no automatic simulation
2025/01/23 06:50:20.643938 [Incident:Info:toast@toast-new:Origin updated] Origin updated: OT: 2025-01-22 23:39:52,  Lat/Lon: 10.1748°/125.2°, Depth: 51.9885
2025/01/23 06:50:20.644115 [Incident:Info:toast@toast-new:FM updated] FM updated
2025/01/23 06:50:20.644362 [Simulation:Info:toast@toast-new:Simulation not generated] Magnitude 5.81 of event bmg2025boek is smaller than triggerMinMagnitude: no automatic simulation
2025/01/23 06:50:27.045876 [Incident:Info:toast@toast-new:Origin updated] Origin updated: OT: 2025-01-22 23:39:52,  Lat/Lon: 10.1748°/125.2°, Depth: 51.9885
2025/01/23 06:50:27.046062 [Incident:Info:toast@toast-new:FM updated] FM updated
2025/01/23 06:50:27.046316 [Simulation:Info:toast@toast-new:Simulation not generated] Magnitude 5.81 of event bmg2025boek is smaller than triggerMinMagnitude: no automatic simulation
2025/01/23 06:50:30.286177 [Incident:Info:toast@toast-new:Origin updated] Origin updated: OT: 2025-01-22 23:39:52,  Lat/Lon: 10.1748°/125.2°, Depth: 51.9885
2025/01/23 06:50:30.286381 [Incident:Info:toast@toast-new:FM updated] FM updated
2025/01/23 06:50:30.286672 [Simulation:Info:toast@toast-new:Simulation not generated] Magnitude 5.81 of event bmg2025boek is smaller than triggerMinMagnitude: no automatic simulation
2025/01/23 06:50:39.777546 [Incident:Info:toast@toast-new:Origin updated] Origin updated: OT: 2025-01-22 23:39:52,  Lat/Lon: 10.1748°/125.2°, Depth: 51.9885
2025/01/23 06:50:39.777756 [Simulation:Info:toast@toast-new:Simulation not generated] Magnitude 5.81 of event bmg2025boek is smaller than triggerMinMagnitude: no automatic simulation
2025/01/23 06:50:47.204466 [Incident:Info:toast@toast-new:Origin updated] Origin updated: OT: 2025-01-22 23:39:52,  Lat/Lon: 10.1748°/125.2°, Depth: 51.9885
2025/01/23 06:50:47.204631 [Incident:Info:toast@toast-new:FM updated] FM updated
2025/01/23 06:50:47.204856 [Simulation:Info:toast@toast-new:Simulation not generated] Magnitude 5.81 of event bmg2025boek is smaller than triggerMinMagnitude: no automatic simulation
2025/01/23 06:50:50.313086 [Incident:Info:toast@toast-new:Origin updated] Origin updated: OT: 2025-01-22 23:39:52,  Lat/Lon: 10.1748°/125.2°, Depth: 51.9885
2025/01/23 06:50:50.313272 [Incident:Info:toast@toast-new:FM updated] FM updated
2025/01/23 06:50:50.313527 [Simulation:Info:toast@toast-new:Simulation not generated] Magnitude 5.81 of event bmg2025boek is smaller than triggerMinMagnitude: no automatic simulation
2025/01/23 06:51:01.376873 [Incident:Info:toast@toast-new:Origin updated] Origin updated: OT: 2025-01-22 23:39:52,  Lat/Lon: 10.1748°/125.2°, Depth: 51.9885
2025/01/23 06:51:01.377076 [Simulation:Info:toast@toast-new:Simulation not generated] Magnitude 5.81 of event bmg2025boek is smaller than triggerMinMagnitude: no automatic simulation
2025/01/23 06:51:07.351854 [Incident:Info:toast@toast-new:Origin updated] Origin updated: OT: 2025-01-22 23:39:52,  Lat/Lon: 10.1748°/125.2°, Depth: 51.9885
2025/01/23 06:51:07.352039 [Incident:Info:toast@toast-new:FM updated] FM updated
2025/01/23 06:51:07.352295 [Simulation:Info:toast@toast-new:Simulation not generated] Magnitude 5.81 of event bmg2025boek is smaller than triggerMinMagnitude: no automatic simulation
2025/01/23 06:51:10.880530 [Incident:Info:toast@toast-new:Origin updated] Origin updated: OT: 2025-01-22 23:39:52,  Lat/Lon: 10.1748°/125.2°, Depth: 51.9885
2025/01/23 06:51:10.880701 [Incident:Info:toast@toast-new:FM updated] FM updated
2025/01/23 06:51:10.880923 [Simulation:Info:toast@toast-new:Simulation not generated] Magnitude 5.81 of event bmg2025boek is smaller than triggerMinMagnitude: no automatic simulation
2025/01/23 06:51:17.226877 [Incident:Info:toast@toast-new:Origin updated] Origin updated: OT: 2025-01-22 23:39:52,  Lat/Lon: 10.1748°/125.2°, Depth: 51.9885
2025/01/23 06:51:17.227063 [Incident:Info:toast@toast-new:FM updated] FM updated
2025/01/23 06:51:17.227313 [Simulation:Info:toast@toast-new:Simulation not generated] Magnitude 5.81 of event bmg2025boek is smaller than triggerMinMagnitude: no automatic simulation
2025/01/23 06:51:21.390141 [Incident:Info:toast@toast-new:Origin updated] Origin updated: OT: 2025-01-22 23:39:52,  Lat/Lon: 10.1748°/125.2°, Depth: 51.9885
2025/01/23 06:51:21.390326 [Incident:Info:toast@toast-new:FM updated] FM updated
2025/01/23 06:51:21.390579 [Simulation:Info:toast@toast-new:Simulation not generated] Magnitude 5.81 of event bmg2025boek is smaller than triggerMinMagnitude: no automatic simulation
2025/01/23 06:51:27.189180 [Incident:Info:toast@toast-new:Origin updated] Origin updated: OT: 2025-01-22 23:39:52,  Lat/Lon: 10.1748°/125.2°, Depth: 51.9885
2025/01/23 06:51:27.189400 [Incident:Info:toast@toast-new:FM updated] FM updated
2025/01/23 06:51:27.189697 [Simulation:Info:toast@toast-new:Simulation not generated] Magnitude 5.81 of event bmg2025boek is smaller than triggerMinMagnitude: no automatic simulation
2025/01/23 06:51:30.913403 [Incident:Info:toast@toast-new:Origin updated] Origin updated: OT: 2025-01-22 23:39:52,  Lat/Lon: 10.1748°/125.2°, Depth: 51.9885
2025/01/23 06:51:30.914346 [Incident:Info:toast@toast-new:FM updated] FM updated
2025/01/23 06:51:30.914799 [Simulation:Info:toast@toast-new:Simulation not generated] Magnitude 5.81 of event bmg2025boek is smaller than triggerMinMagnitude: no automatic simulation
2025/01/23 06:51:37.290319 [Incident:Info:toast@toast-new:Origin updated] Origin updated: OT: 2025-01-22 23:39:52,  Lat/Lon: 10.1748°/125.2°, Depth: 51.9885
2025/01/23 06:51:37.290528 [Incident:Info:toast@toast-new:FM updated] FM updated
2025/01/23 06:51:37.290835 [Simulation:Info:toast@toast-new:Simulation not generated] Magnitude 5.81 of event bmg2025boek is smaller than triggerMinMagnitude: no automatic simulation
2025/01/23 06:51:41.312387 [Incident:Info:toast@toast-new:Origin updated] Origin updated: OT: 2025-01-22 23:39:52,  Lat/Lon: 10.1748°/125.2°, Depth: 51.9885
2025/01/23 06:51:41.312570 [Incident:Info:toast@toast-new:FM updated] FM updated
2025/01/23 06:51:41.312833 [Simulation:Info:toast@toast-new:Simulation not generated] Magnitude 5.81 of event bmg2025boek is smaller than triggerMinMagnitude: no automatic simulation
2025/01/23 06:51:48.520953 [Incident:Info:toast@toast-new:Origin updated] Origin updated: OT: 2025-01-22 23:39:52,  Lat/Lon: 10.1748°/125.2°, Depth: 51.9885
2025/01/23 06:51:48.521204 [Incident:Info:toast@toast-new:FM updated] FM updated
2025/01/23 06:51:48.521679 [Simulation:Info:toast@toast-new:Simulation not generated] Magnitude 5.81 of event bmg2025boek is smaller than triggerMinMagnitude: no automatic simulation
2025/01/23 06:51:51.225811 [Incident:Info:toast@toast-new:Origin updated] Origin updated: OT: 2025-01-22 23:39:52,  Lat/Lon: 10.1748°/125.2°, Depth: 51.9885
2025/01/23 06:51:51.225989 [Incident:Info:toast@toast-new:FM updated] FM updated
2025/01/23 06:51:51.226246 [Simulation:Info:toast@toast-new:Simulation not generated] Magnitude 5.81 of event bmg2025boek is smaller than triggerMinMagnitude: no automatic simulation
2025/01/23 06:51:57.962219 [Incident:Info:toast@toast-new:Origin updated] Origin updated: OT: 2025-01-22 23:39:52,  Lat/Lon: 10.1748°/125.2°, Depth: 51.9885
2025/01/23 06:51:57.962403 [Incident:Info:toast@toast-new:FM updated] FM updated
2025/01/23 06:51:57.962658 [Simulation:Info:toast@toast-new:Simulation not generated] Magnitude 5.81 of event bmg2025boek is smaller than triggerMinMagnitude: no automatic simulation
2025/01/23 06:52:02.676573 [Incident:Info:toast@toast-new:Origin updated] Origin updated: OT: 2025-01-22 23:39:52,  Lat/Lon: 10.1748°/125.2°, Depth: 51.9885
2025/01/23 06:52:02.676737 [Incident:Info:toast@toast-new:FM updated] FM updated
2025/01/23 06:52:02.676978 [Simulation:Info:toast@toast-new:Simulation not generated] Magnitude 5.81 of event bmg2025boek is smaller than triggerMinMagnitude: no automatic simulation
2025/01/23 06:52:07.968040 [Incident:Info:toast@toast-new:Origin updated] Origin updated: OT: 2025-01-22 23:39:52,  Lat/Lon: 10.1748°/125.2°, Depth: 51.9885
2025/01/23 06:52:07.968243 [Incident:Info:toast@toast-new:FM updated] FM updated
2025/01/23 06:52:07.968503 [Simulation:Info:toast@toast-new:Simulation not generated] Magnitude 5.81 of event bmg2025boek is smaller than triggerMinMagnitude: no automatic simulation
2025/01/23 06:52:12.250276 [Incident:Info:toast@toast-new:Origin updated] Origin updated: OT: 2025-01-22 23:39:52,  Lat/Lon: 10.1748°/125.2°, Depth: 51.9885
2025/01/23 06:52:12.250470 [Incident:Info:toast@toast-new:FM updated] FM updated
2025/01/23 06:52:12.250770 [Simulation:Info:toast@toast-new:Simulation not generated] Magnitude 5.81 of event bmg2025boek is smaller than triggerMinMagnitude: no automatic simulation
2025/01/23 06:52:21.968262 [Incident:Info:toast@toast-new:Origin updated] Origin updated: OT: 2025-01-22 23:39:52,  Lat/Lon: 10.1748°/125.2°, Depth: 51.9885
2025/01/23 06:52:21.968435 [Simulation:Info:toast@toast-new:Simulation not generated] Magnitude 5.81 of event bmg2025boek is smaller than triggerMinMagnitude: no automatic simulation
2025/01/23 06:52:27.648159 [Incident:Info:toast@toast-new:Origin updated] Origin updated: OT: 2025-01-22 23:39:52,  Lat/Lon: 10.1748°/125.2°, Depth: 51.9885
2025/01/23 06:52:27.648358 [Incident:Info:toast@toast-new:FM updated] FM updated
2025/01/23 06:52:27.648661 [Simulation:Info:toast@toast-new:Simulation not generated] Magnitude 5.81 of event bmg2025boek is smaller than triggerMinMagnitude: no automatic simulation
2025/01/23 06:52:33.319892 [Incident:Info:toast@toast-new:Origin updated] Origin updated: OT: 2025-01-22 23:39:52,  Lat/Lon: 10.1748°/125.2°, Depth: 51.9885
2025/01/23 06:52:33.320097 [Incident:Info:toast@toast-new:FM updated] FM updated
2025/01/23 06:52:33.320343 [Simulation:Info:toast@toast-new:Simulation not generated] Magnitude 5.81 of event bmg2025boek is smaller than triggerMinMagnitude: no automatic simulation
2025/01/23 06:52:38.160975 [Incident:Info:toast@toast-new:Origin updated] Origin updated: OT: 2025-01-22 23:39:52,  Lat/Lon: 10.1748°/125.2°, Depth: 51.9885
2025/01/23 06:52:38.161151 [Incident:Info:toast@toast-new:FM updated] FM updated
2025/01/23 06:52:38.161408 [Simulation:Info:toast@toast-new:Simulation not generated] Magnitude 5.81 of event bmg2025boek is smaller than triggerMinMagnitude: no automatic simulation
2025/01/23 06:52:41.279596 [Incident:Info:toast@toast-new:Origin updated] Origin updated: OT: 2025-01-22 23:39:52,  Lat/Lon: 10.1748°/125.2°, Depth: 51.9885
2025/01/23 06:52:41.279765 [Incident:Info:toast@toast-new:FM updated] FM updated
2025/01/23 06:52:41.280040 [Simulation:Info:toast@toast-new:Simulation not generated] Magnitude 5.81 of event bmg2025boek is smaller than triggerMinMagnitude: no automatic simulation
2025/01/23 06:52:47.722924 [Incident:Info:toast@toast-new:Origin updated] Origin updated: OT: 2025-01-22 23:39:52,  Lat/Lon: 10.1748°/125.2°, Depth: 51.9885
2025/01/23 06:52:47.723078 [Incident:Info:toast@toast-new:FM updated] FM updated
2025/01/23 06:52:47.723305 [Simulation:Info:toast@toast-new:Simulation not generated] Magnitude 5.81 of event bmg2025boek is smaller than triggerMinMagnitude: no automatic simulation
2025/01/23 06:52:51.541377 [Incident:Info:toast@toast-new:Origin updated] Origin updated: OT: 2025-01-22 23:39:52,  Lat/Lon: 10.1748°/125.2°, Depth: 51.9885
2025/01/23 06:52:51.541559 [Incident:Info:toast@toast-new:FM updated] FM updated
2025/01/23 06:52:51.541807 [Simulation:Info:toast@toast-new:Simulation not generated] Magnitude 5.81 of event bmg2025boek is smaller than triggerMinMagnitude: no automatic simulation
2025/01/23 06:52:57.831800 [Incident:Info:toast@toast-new:Origin updated] Origin updated: OT: 2025-01-22 23:39:52,  Lat/Lon: 10.1748°/125.2°, Depth: 51.9885
2025/01/23 06:52:57.831967 [Incident:Info:toast@toast-new:FM updated] FM updated
2025/01/23 06:52:57.832194 [Simulation:Info:toast@toast-new:Simulation not generated] Magnitude 5.81 of event bmg2025boek is smaller than triggerMinMagnitude: no automatic simulation
2025/01/23 06:53:01.969442 [Incident:Info:toast@toast-new:Origin updated] Origin updated: OT: 2025-01-22 23:39:52,  Lat/Lon: 10.1748°/125.2°, Depth: 51.9885
2025/01/23 06:53:01.969621 [Incident:Info:toast@toast-new:FM updated] FM updated
2025/01/23 06:53:01.969881 [Simulation:Info:toast@toast-new:Simulation not generated] Magnitude 5.81 of event bmg2025boek is smaller than triggerMinMagnitude: no automatic simulation
2025/01/23 06:53:08.148298 [Incident:Info:toast@toast-new:Origin updated] Origin updated: OT: 2025-01-22 23:39:52,  Lat/Lon: 10.1748°/125.2°, Depth: 51.9885
2025/01/23 06:53:08.148476 [Incident:Info:toast@toast-new:FM updated] FM updated
2025/01/23 06:53:08.148887 [Simulation:Info:toast@toast-new:Simulation not generated] Magnitude 5.81 of event bmg2025boek is smaller than triggerMinMagnitude: no automatic simulation
2025/01/23 06:53:18.014317 [Incident:Info:toast@toast-new:Origin updated] Origin updated: OT: 2025-01-22 23:39:52,  Lat/Lon: 10.1748°/125.2°, Depth: 51.9885
2025/01/23 06:53:18.014504 [Incident:Info:toast@toast-new:FM updated] FM updated
2025/01/23 06:53:18.014764 [Simulation:Info:toast@toast-new:Simulation not generated] Magnitude 5.81 of event bmg2025boek is smaller than triggerMinMagnitude: no automatic simulation
2025/01/23 06:53:28.459793 [Incident:Info:toast@toast-new:Origin updated] Origin updated: OT: 2025-01-22 23:39:52,  Lat/Lon: 10.1748°/125.2°, Depth: 51.9885
2025/01/23 06:53:28.459994 [Incident:Info:toast@toast-new:FM updated] FM updated
2025/01/23 06:53:28.460308 [Simulation:Info:toast@toast-new:Simulation not generated] Magnitude 5.81 of event bmg2025boek is smaller than triggerMinMagnitude: no automatic simulation
2025/01/23 06:53:38.350593 [Incident:Info:toast@toast-new:Origin updated] Origin updated: OT: 2025-01-22 23:39:52,  Lat/Lon: 10.1748°/125.2°, Depth: 51.9885
2025/01/23 06:53:38.350801 [Incident:Info:toast@toast-new:FM updated] FM updated
2025/01/23 06:53:38.351110 [Simulation:Info:toast@toast-new:Simulation not generated] Magnitude 5.81 of event bmg2025boek is smaller than triggerMinMagnitude: no automatic simulation
2025/01/23 06:53:48.521881 [Incident:Info:toast@toast-new:Origin updated] Origin updated: OT: 2025-01-22 23:39:52,  Lat/Lon: 10.1748°/125.2°, Depth: 51.9885
2025/01/23 06:53:48.522071 [Incident:Info:toast@toast-new:FM updated] FM updated
2025/01/23 06:53:48.522329 [Simulation:Info:toast@toast-new:Simulation not generated] Magnitude 5.81 of event bmg2025boek is smaller than triggerMinMagnitude: no automatic simulation
2025/01/23 06:53:58.753547 [Incident:Info:toast@toast-new:Origin updated] Origin updated: OT: 2025-01-22 23:39:52,  Lat/Lon: 10.1748°/125.2°, Depth: 51.9885
2025/01/23 06:53:58.753717 [Incident:Info:toast@toast-new:FM updated] FM updated
2025/01/23 06:53:58.753951 [Simulation:Info:toast@toast-new:Simulation not generated] Magnitude 5.81 of event bmg2025boek is smaller than triggerMinMagnitude: no automatic simulation
2025/01/23 06:54:08.949101 [Incident:Info:toast@toast-new:Origin updated] Origin updated: OT: 2025-01-22 23:39:52,  Lat/Lon: 10.1748°/125.2°, Depth: 51.9885
2025/01/23 06:54:08.949305 [Incident:Info:toast@toast-new:FM updated] FM updated
2025/01/23 06:54:08.949563 [Simulation:Info:toast@toast-new:Simulation not generated] Magnitude 5.81 of event bmg2025boek is smaller than triggerMinMagnitude: no automatic simulation
2025/01/23 06:54:19.941018 [Incident:Info:toast@toast-new:Origin updated] Origin updated: OT: 2025-01-22 23:39:52,  Lat/Lon: 10.1748°/125.2°, Depth: 51.9885
2025/01/23 06:54:19.941183 [Incident:Info:toast@toast-new:FM updated] FM updated
2025/01/23 06:54:19.941431 [Simulation:Info:toast@toast-new:Simulation not generated] Magnitude 5.81 of event bmg2025boek is smaller than triggerMinMagnitude: no automatic simulation
2025/01/23 06:54:29.254101 [Incident:Info:toast@toast-new:Origin updated] Origin updated: OT: 2025-01-22 23:39:52,  Lat/Lon: 10.1748°/125.2°, Depth: 51.9885
2025/01/23 06:54:29.254299 [Incident:Info:toast@toast-new:FM updated] FM updated
2025/01/23 06:54:29.254555 [Simulation:Info:toast@toast-new:Simulation not generated] Magnitude 5.81 of event bmg2025boek is smaller than triggerMinMagnitude: no automatic simulation
2025/01/23 06:54:39.448641 [Incident:Info:toast@toast-new:Origin updated] Origin updated: OT: 2025-01-22 23:39:52,  Lat/Lon: 10.1748°/125.2°, Depth: 51.9885
2025/01/23 06:54:39.448806 [Incident:Info:toast@toast-new:FM updated] FM updated
2025/01/23 06:54:39.449046 [Simulation:Info:toast@toast-new:Simulation not generated] Magnitude 5.81 of event bmg2025boek is smaller than triggerMinMagnitude: no automatic simulation
2025/01/23 06:54:49.233429 [Incident:Info:toast@toast-new:Origin updated] Origin updated: OT: 2025-01-22 23:39:52,  Lat/Lon: 10.1748°/125.2°, Depth: 51.9885
2025/01/23 06:54:49.233571 [Simulation:Info:toast@toast-new:Simulation not generated] Magnitude 5.81 of event bmg2025boek is smaller than triggerMinMagnitude: no automatic simulation
2025/01/23 06:54:59.834126 [Incident:Info:toast@toast-new:Origin updated] Origin updated: OT: 2025-01-22 23:39:52,  Lat/Lon: 10.1748°/125.2°, Depth: 51.9885
2025/01/23 06:54:59.834309 [Incident:Info:toast@toast-new:FM updated] FM updated
2025/01/23 06:54:59.834562 [Simulation:Info:toast@toast-new:Simulation not generated] Magnitude 5.81 of event bmg2025boek is smaller than triggerMinMagnitude: no automatic simulation
2025/01/23 06:55:10.180778 [Incident:Info:toast@toast-new:Origin updated] Origin updated: OT: 2025-01-22 23:39:52,  Lat/Lon: 10.1748°/125.2°, Depth: 51.9885
2025/01/23 06:55:10.180980 [Incident:Info:toast@toast-new:FM updated] FM updated
2025/01/23 06:55:10.181251 [Simulation:Info:toast@toast-new:Simulation not generated] Magnitude 5.81 of event bmg2025boek is smaller than triggerMinMagnitude: no automatic simulation
2025/01/23 06:55:19.749571 [Incident:Info:toast@toast-new:Origin updated] Origin updated: OT: 2025-01-22 23:39:52,  Lat/Lon: 10.1748°/125.2°, Depth: 51.9885
2025/01/23 06:55:19.749752 [Incident:Info:toast@toast-new:FM updated] FM updated
2025/01/23 06:55:19.750006 [Simulation:Info:toast@toast-new:Simulation not generated] Magnitude 5.81 of event bmg2025boek is smaller than triggerMinMagnitude: no automatic simulation
2025/01/23 06:55:29.687291 [Incident:Info:toast@toast-new:Origin updated] Origin updated: OT: 2025-01-22 23:39:52,  Lat/Lon: 10.1748°/125.2°, Depth: 51.9885
2025/01/23 06:55:29.687468 [Incident:Info:toast@toast-new:FM updated] FM updated
2025/01/23 06:55:29.687710 [Simulation:Info:toast@toast-new:Simulation not generated] Magnitude 5.81 of event bmg2025boek is smaller than triggerMinMagnitude: no automatic simulation
2025/01/23 06:55:39.826969 [Incident:Info:toast@toast-new:Origin updated] Origin updated: OT: 2025-01-22 23:39:52,  Lat/Lon: 10.1748°/125.2°, Depth: 51.9885
2025/01/23 06:55:39.827124 [Incident:Info:toast@toast-new:FM updated] FM updated
2025/01/23 06:55:39.827351 [Simulation:Info:toast@toast-new:Simulation not generated] Magnitude 5.81 of event bmg2025boek is smaller than triggerMinMagnitude: no automatic simulation
2025/01/23 06:55:50.114581 [Incident:Info:toast@toast-new:Origin updated] Origin updated: OT: 2025-01-22 23:39:52,  Lat/Lon: 10.1748°/125.2°, Depth: 51.9885
2025/01/23 06:55:50.114756 [Incident:Info:toast@toast-new:FM updated] FM updated
2025/01/23 06:55:50.114999 [Simulation:Info:toast@toast-new:Simulation not generated] Magnitude 5.81 of event bmg2025boek is smaller than triggerMinMagnitude: no automatic simulation
2025/01/23 06:56:00.131167 [Incident:Info:toast@toast-new:Origin updated] Origin updated: OT: 2025-01-22 23:39:52,  Lat/Lon: 10.1748°/125.2°, Depth: 51.9885
2025/01/23 06:56:00.131383 [Incident:Info:toast@toast-new:FM updated] FM updated
2025/01/23 06:56:00.131688 [Simulation:Info:toast@toast-new:Simulation not generated] Magnitude 5.81 of event bmg2025boek is smaller than triggerMinMagnitude: no automatic simulation
2025/01/23 06:56:10.550044 [Incident:Info:toast@toast-new:Origin updated] Origin updated: OT: 2025-01-22 23:39:52,  Lat/Lon: 10.1748°/125.2°, Depth: 51.9885
2025/01/23 06:56:10.550232 [Incident:Info:toast@toast-new:FM updated] FM updated
2025/01/23 06:56:10.550482 [Simulation:Info:toast@toast-new:Simulation not generated] Magnitude 5.81 of event bmg2025boek is smaller than triggerMinMagnitude: no automatic simulation
2025/01/23 06:56:30.494543 [Incident:Info:toast@toast-new:Origin updated] Origin updated: OT: 2025-01-22 23:39:52,  Lat/Lon: 10.1748°/125.2°, Depth: 51.9885
2025/01/23 06:56:30.494730 [Incident:Info:toast@toast-new:FM updated] FM updated
2025/01/23 06:56:30.494977 [Simulation:Info:toast@toast-new:Simulation not generated] Magnitude 5.81 of event bmg2025boek is smaller than triggerMinMagnitude: no automatic simulation
2025/01/23 06:56:40.855551 [Incident:Info:toast@toast-new:Origin updated] Origin updated: OT: 2025-01-22 23:39:52,  Lat/Lon: 10.1748°/125.2°, Depth: 51.9885
2025/01/23 06:56:40.855759 [Incident:Info:toast@toast-new:FM updated] FM updated
2025/01/23 06:56:40.856069 [Simulation:Info:toast@toast-new:Simulation not generated] Magnitude 5.81 of event bmg2025boek is smaller than triggerMinMagnitude: no automatic simulation
2025/01/23 06:56:50.507152 [Incident:Info:toast@toast-new:Origin updated] Origin updated: OT: 2025-01-22 23:39:52,  Lat/Lon: 10.1748°/125.2°, Depth: 51.9885
2025/01/23 06:56:50.507339 [Incident:Info:toast@toast-new:FM updated] FM updated
2025/01/23 06:56:50.507591 [Simulation:Info:toast@toast-new:Simulation not generated] Magnitude 5.81 of event bmg2025boek is smaller than triggerMinMagnitude: no automatic simulation
2025/01/23 06:57:20.380909 [Incident:Info:toast@toast-new:Origin updated] Origin updated: OT: 2025-01-22 23:39:52,  Lat/Lon: 10.1748°/125.2°, Depth: 51.9885
2025/01/23 06:57:20.381098 [Incident:Info:toast@toast-new:FM updated] FM updated
2025/01/23 06:57:20.381365 [Simulation:Info:toast@toast-new:Simulation not generated] Magnitude 5.81 of event bmg2025boek is smaller than triggerMinMagnitude: no automatic simulation
2025/01/23 06:57:30.805639 [Incident:Info:toast@toast-new:Origin updated] Origin updated: OT: 2025-01-22 23:39:52,  Lat/Lon: 10.1748°/125.2°, Depth: 51.9885
2025/01/23 06:57:30.805824 [Incident:Info:toast@toast-new:FM updated] FM updated
2025/01/23 06:57:30.806070 [Simulation:Info:toast@toast-new:Simulation not generated] Magnitude 5.81 of event bmg2025boek is smaller than triggerMinMagnitude: no automatic simulation
2025/01/23 06:57:50.662884 [Incident:Info:toast@toast-new:Origin updated] Origin updated: OT: 2025-01-22 23:39:52,  Lat/Lon: 10.1748°/125.2°, Depth: 51.9885
2025/01/23 06:57:50.663083 [Simulation:Info:toast@toast-new:Simulation not generated] Magnitude 5.81 of event bmg2025boek is smaller than triggerMinMagnitude: no automatic simulation
2025/01/23 06:58:00.658034 [Incident:Info:toast@toast-new:Origin updated] Origin updated: OT: 2025-01-22 23:39:52,  Lat/Lon: 10.1748°/125.2°, Depth: 51.9885
2025/01/23 06:58:00.658216 [Incident:Info:toast@toast-new:FM updated] FM updated
2025/01/23 06:58:00.658478 [Simulation:Info:toast@toast-new:Simulation not generated] Magnitude 5.81 of event bmg2025boek is smaller than triggerMinMagnitude: no automatic simulation
2025/01/23 06:58:11.097759 [Incident:Info:toast@toast-new:Origin updated] Origin updated: OT: 2025-01-22 23:39:52,  Lat/Lon: 10.1748°/125.2°, Depth: 51.9885
2025/01/23 06:58:11.097935 [Incident:Info:toast@toast-new:FM updated] FM updated
2025/01/23 06:58:11.098164 [Simulation:Info:toast@toast-new:Simulation not generated] Magnitude 5.81 of event bmg2025boek is smaller than triggerMinMagnitude: no automatic simulation
2025/01/23 06:58:21.086360 [Incident:Info:toast@toast-new:Origin updated] Origin updated: OT: 2025-01-22 23:39:52,  Lat/Lon: 10.1748°/125.2°, Depth: 51.9885
2025/01/23 06:58:21.086534 [Incident:Info:toast@toast-new:FM updated] FM updated
2025/01/23 06:58:21.086808 [Simulation:Info:toast@toast-new:Simulation not generated] Magnitude 5.81 of event bmg2025boek is smaller than triggerMinMagnitude: no automatic simulation
2025/01/23 06:58:31.091848 [Incident:Info:toast@toast-new:Origin updated] Origin updated: OT: 2025-01-22 23:39:52,  Lat/Lon: 10.1748°/125.2°, Depth: 51.9885
2025/01/23 06:58:31.092034 [Incident:Info:toast@toast-new:FM updated] FM updated
2025/01/23 06:58:31.092284 [Simulation:Info:toast@toast-new:Simulation not generated] Magnitude 5.81 of event bmg2025boek is smaller than triggerMinMagnitude: no automatic simulation
2025/01/23 06:58:41.322891 [Incident:Info:toast@toast-new:Origin updated] Origin updated: OT: 2025-01-22 23:39:52,  Lat/Lon: 10.1748°/125.2°, Depth: 51.9885
2025/01/23 06:58:41.323081 [Incident:Info:toast@toast-new:FM updated] FM updated
2025/01/23 06:58:41.323340 [Simulation:Info:toast@toast-new:Simulation not generated] Magnitude 5.81 of event bmg2025boek is smaller than triggerMinMagnitude: no automatic simulation
2025/01/23 06:58:51.767044 [Incident:Info:toast@toast-new:Origin updated] Origin updated: OT: 2025-01-22 23:39:52,  Lat/Lon: 10.1748°/125.2°, Depth: 51.9885
2025/01/23 06:58:51.767235 [Incident:Info:toast@toast-new:FM updated] FM updated
2025/01/23 06:58:51.767491 [Simulation:Info:toast@toast-new:Simulation not generated] Magnitude 5.81 of event bmg2025boek is smaller than triggerMinMagnitude: no automatic simulation
2025/01/23 06:59:02.554450 [Incident:Info:toast@toast-new:Origin updated] Origin updated: OT: 2025-01-22 23:39:52,  Lat/Lon: 10.1748°/125.2°, Depth: 51.9885
2025/01/23 06:59:02.554636 [Incident:Info:toast@toast-new:FM updated] FM updated
2025/01/23 06:59:02.554880 [Simulation:Info:toast@toast-new:Simulation not generated] Magnitude 5.81 of event bmg2025boek is smaller than triggerMinMagnitude: no automatic simulation
2025/01/23 06:59:11.903277 [Incident:Info:toast@toast-new:Origin updated] Origin updated: OT: 2025-01-22 23:39:52,  Lat/Lon: 10.1748°/125.2°, Depth: 51.9885
2025/01/23 06:59:11.903484 [Incident:Info:toast@toast-new:FM updated] FM updated
2025/01/23 06:59:11.903793 [Simulation:Info:toast@toast-new:Simulation not generated] Magnitude 5.81 of event bmg2025boek is smaller than triggerMinMagnitude: no automatic simulation
2025/01/23 06:59:21.996406 [Incident:Info:toast@toast-new:Origin updated] Origin updated: OT: 2025-01-22 23:39:52,  Lat/Lon: 10.1748°/125.2°, Depth: 51.9885
2025/01/23 06:59:21.996583 [Simulation:Info:toast@toast-new:Simulation not generated] Magnitude 5.81 of event bmg2025boek is smaller than triggerMinMagnitude: no automatic simulation
2025/01/23 06:59:31.764639 [Incident:Info:toast@toast-new:Origin updated] Origin updated: OT: 2025-01-22 23:39:52,  Lat/Lon: 10.1748°/125.2°, Depth: 51.9885
2025/01/23 06:59:31.764823 [Incident:Info:toast@toast-new:FM updated] FM updated
2025/01/23 06:59:31.765076 [Simulation:Info:toast@toast-new:Simulation not generated] Magnitude 5.81 of event bmg2025boek is smaller than triggerMinMagnitude: no automatic simulation
2025/01/23 06:59:44.086705 [Incident:Info:toast@toast-new:Origin updated] Origin updated: OT: 2025-01-22 23:39:52,  Lat/Lon: 10.1748°/125.2°, Depth: 51.9885
2025/01/23 06:59:44.086917 [Incident:Info:toast@toast-new:FM updated] FM updated
2025/01/23 06:59:44.087186 [Simulation:Info:toast@toast-new:Simulation not generated] Magnitude 5.81 of event bmg2025boek is smaller than triggerMinMagnitude: no automatic simulation
2025/01/23 06:59:51.545086 [Incident:Info:toast@toast-new:Origin updated] Origin updated: OT: 2025-01-22 23:39:52,  Lat/Lon: 10.1748°/125.2°, Depth: 51.9885
2025/01/23 06:59:51.545287 [Incident:Info:toast@toast-new:FM updated] FM updated
2025/01/23 06:59:51.545549 [Simulation:Info:toast@toast-new:Simulation not generated] Magnitude 5.81 of event bmg2025boek is smaller than triggerMinMagnitude: no automatic simulation
2025/01/23 07:00:01.653602 [Incident:Info:toast@toast-new:Origin updated] Origin updated: OT: 2025-01-22 23:39:52,  Lat/Lon: 10.1748°/125.2°, Depth: 51.9885
2025/01/23 07:00:01.653791 [Simulation:Info:toast@toast-new:Simulation not generated] Magnitude 5.81 of event bmg2025boek is smaller than triggerMinMagnitude: no automatic simulation
2025/01/23 07:00:11.609237 [Incident:Info:toast@toast-new:Origin updated] Origin updated: OT: 2025-01-22 23:39:52,  Lat/Lon: 10.1748°/125.2°, Depth: 51.9885
2025/01/23 07:00:11.609383 [Simulation:Info:toast@toast-new:Simulation not generated] Magnitude 5.81 of event bmg2025boek is smaller than triggerMinMagnitude: no automatic simulation
2025/01/23 07:00:21.529060 [Incident:Info:toast@toast-new:Origin updated] Origin updated: OT: 2025-01-22 23:39:52,  Lat/Lon: 10.1748°/125.2°, Depth: 51.9885
2025/01/23 07:00:21.529235 [Simulation:Info:toast@toast-new:Simulation not generated] Magnitude 5.81 of event bmg2025boek is smaller than triggerMinMagnitude: no automatic simulation
2025/01/23 07:00:32.039540 [Incident:Info:toast@toast-new:Origin updated] Origin updated: OT: 2025-01-22 23:39:52,  Lat/Lon: 10.1748°/125.2°, Depth: 51.9885
2025/01/23 07:00:32.039711 [Incident:Info:toast@toast-new:FM updated] FM updated
2025/01/23 07:00:32.039948 [Simulation:Info:toast@toast-new:Simulation not generated] Magnitude 5.81 of event bmg2025boek is smaller than triggerMinMagnitude: no automatic simulation
2025/01/23 07:00:42.289474 [Incident:Info:toast@toast-new:Origin updated] Origin updated: OT: 2025-01-22 23:39:52,  Lat/Lon: 10.1748°/125.2°, Depth: 51.9885
2025/01/23 07:00:42.289669 [Simulation:Info:toast@toast-new:Simulation not generated] Magnitude 5.81 of event bmg2025boek is smaller than triggerMinMagnitude: no automatic simulation
2025/01/23 07:00:51.916548 [Incident:Info:toast@toast-new:Origin updated] Origin updated: OT: 2025-01-22 23:39:52,  Lat/Lon: 10.1748°/125.2°, Depth: 51.9885
2025/01/23 07:00:51.916728 [Simulation:Info:toast@toast-new:Simulation not generated] Magnitude 5.81 of event bmg2025boek is smaller than triggerMinMagnitude: no automatic simulation
2025/01/23 07:01:02.202058 [Incident:Info:toast@toast-new:Origin updated] Origin updated: OT: 2025-01-22 23:39:52,  Lat/Lon: 10.1748°/125.2°, Depth: 51.9885
2025/01/23 07:01:02.202247 [Simulation:Info:toast@toast-new:Simulation not generated] Magnitude 5.81 of event bmg2025boek is smaller than triggerMinMagnitude: no automatic simulation
2025/01/23 07:01:12.007833 [Incident:Info:toast@toast-new:Origin updated] Origin updated: OT: 2025-01-22 23:39:52,  Lat/Lon: 10.1748°/125.2°, Depth: 51.9885
2025/01/23 07:01:12.008033 [Simulation:Info:toast@toast-new:Simulation not generated] Magnitude 5.81 of event bmg2025boek is smaller than triggerMinMagnitude: no automatic simulation
2025/01/23 07:01:22.279269 [Incident:Info:toast@toast-new:Origin updated] Origin updated: OT: 2025-01-22 23:39:52,  Lat/Lon: 10.1748°/125.2°, Depth: 51.9885
2025/01/23 07:01:22.279459 [Incident:Info:toast@toast-new:FM updated] FM updated
2025/01/23 07:01:22.279708 [Simulation:Info:toast@toast-new:Simulation not generated] Magnitude 5.81 of event bmg2025boek is smaller than triggerMinMagnitude: no automatic simulation
2025/01/23 07:01:36.724374 [Incident:Info:toast@toast-new:Origin updated] Origin updated: OT: 2025-01-22 23:39:52,  Lat/Lon: 10.1748°/125.2°, Depth: 51.9885
2025/01/23 07:01:36.724536 [Simulation:Info:toast@toast-new:Simulation not generated] Magnitude 5.81 of event bmg2025boek is smaller than triggerMinMagnitude: no automatic simulation
2025/01/23 07:01:51.938291 [Incident:Info:toast@toast-new:Origin updated] Origin updated: OT: 2025-01-22 23:39:52,  Lat/Lon: 10.1748°/125.2°, Depth: 51.9885
2025/01/23 07:01:51.938479 [Simulation:Info:toast@toast-new:Simulation not generated] Magnitude 5.81 of event bmg2025boek is smaller than triggerMinMagnitude: no automatic simulation
2025/01/23 07:02:02.195868 [Incident:Info:toast@toast-new:Origin updated] Origin updated: OT: 2025-01-22 23:39:52,  Lat/Lon: 10.1748°/125.2°, Depth: 51.9885
2025/01/23 07:02:02.196085 [Simulation:Info:toast@toast-new:Simulation not generated] Magnitude 5.81 of event bmg2025boek is smaller than triggerMinMagnitude: no automatic simulation
2025/01/23 07:02:12.389809 [Incident:Info:toast@toast-new:Origin updated] Origin updated: OT: 2025-01-22 23:39:52,  Lat/Lon: 10.1748°/125.2°, Depth: 51.9885
2025/01/23 07:02:12.390007 [Simulation:Info:toast@toast-new:Simulation not generated] Magnitude 5.81 of event bmg2025boek is smaller than triggerMinMagnitude: no automatic simulation
2025/01/23 07:02:22.497425 [Incident:Info:toast@toast-new:Origin updated] Origin updated: OT: 2025-01-22 23:39:52,  Lat/Lon: 10.1748°/125.2°, Depth: 51.9885
2025/01/23 07:02:22.497636 [Simulation:Info:toast@toast-new:Simulation not generated] Magnitude 5.81 of event bmg2025boek is smaller than triggerMinMagnitude: no automatic simulation
2025/01/23 07:02:33.304932 [Incident:Info:toast@toast-new:Origin updated] Origin updated: OT: 2025-01-22 23:39:52,  Lat/Lon: 10.1748°/125.2°, Depth: 51.9885
2025/01/23 07:02:33.305143 [Simulation:Info:toast@toast-new:Simulation not generated] Magnitude 5.81 of event bmg2025boek is smaller than triggerMinMagnitude: no automatic simulation
2025/01/23 07:02:42.948144 [Incident:Info:toast@toast-new:Origin updated] Origin updated: OT: 2025-01-22 23:39:52,  Lat/Lon: 10.1748°/125.2°, Depth: 51.9885
2025/01/23 07:02:42.948328 [Simulation:Info:toast@toast-new:Simulation not generated] Magnitude 5.81 of event bmg2025boek is smaller than triggerMinMagnitude: no automatic simulation
2025/01/23 07:02:52.834445 [Incident:Info:toast@toast-new:Origin updated] Origin updated: OT: 2025-01-22 23:39:52,  Lat/Lon: 10.1748°/125.2°, Depth: 51.9885
2025/01/23 07:02:52.834633 [Simulation:Info:toast@toast-new:Simulation not generated] Magnitude 5.81 of event bmg2025boek is smaller than triggerMinMagnitude: no automatic simulation
2025/01/23 07:03:04.847323 [Incident:Info:toast@toast-new:Origin updated] Origin updated: OT: 2025-01-22 23:39:52,  Lat/Lon: 10.1748°/125.2°, Depth: 51.9885
2025/01/23 07:03:04.847474 [Simulation:Info:toast@toast-new:Simulation not generated] Magnitude 5.81 of event bmg2025boek is smaller than triggerMinMagnitude: no automatic simulation
2025/01/23 07:03:13.381068 [Incident:Info:toast@toast-new:Origin updated] Origin updated: OT: 2025-01-22 23:39:52,  Lat/Lon: 10.1748°/125.2°, Depth: 51.9885
2025/01/23 07:03:13.381252 [Simulation:Info:toast@toast-new:Simulation not generated] Magnitude 5.81 of event bmg2025boek is smaller than triggerMinMagnitude: no automatic simulation
2025/01/23 07:03:23.123022 [Incident:Info:toast@toast-new:Origin updated] Origin updated: OT: 2025-01-22 23:39:52,  Lat/Lon: 10.1748°/125.2°, Depth: 51.9885
2025/01/23 07:03:23.123219 [Simulation:Info:toast@toast-new:Simulation not generated] Magnitude 5.81 of event bmg2025boek is smaller than triggerMinMagnitude: no automatic simulation
2025/01/23 07:03:35.817664 [Incident:Info:toast@toast-new:Origin updated] Origin updated: OT: 2025-01-22 23:39:52,  Lat/Lon: 10.1748°/125.2°, Depth: 51.9885
2025/01/23 07:03:35.817859 [Simulation:Info:toast@toast-new:Simulation not generated] Magnitude 5.81 of event bmg2025boek is smaller than triggerMinMagnitude: no automatic simulation
2025/01/23 07:03:43.388788 [Incident:Info:toast@toast-new:Origin updated] Origin updated: OT: 2025-01-22 23:39:52,  Lat/Lon: 10.1748°/125.2°, Depth: 51.9885
2025/01/23 07:03:43.388976 [Simulation:Info:toast@toast-new:Simulation not generated] Magnitude 5.81 of event bmg2025boek is smaller than triggerMinMagnitude: no automatic simulation
2025/01/23 07:04:03.542376 [Incident:Info:toast@toast-new:Origin updated] Origin updated: OT: 2025-01-22 23:39:52,  Lat/Lon: 10.1748°/125.2°, Depth: 51.9885
2025/01/23 07:04:03.542565 [Simulation:Info:toast@toast-new:Simulation not generated] Magnitude 5.81 of event bmg2025boek is smaller than triggerMinMagnitude: no automatic simulation
2025/01/23 07:04:14.278693 [Incident:Info:toast@toast-new:Origin updated] Origin updated: OT: 2025-01-22 23:39:52,  Lat/Lon: 10.1748°/125.2°, Depth: 51.9885
2025/01/23 07:04:14.278905 [Simulation:Info:toast@toast-new:Simulation not generated] Magnitude 5.81 of event bmg2025boek is smaller than triggerMinMagnitude: no automatic simulation
2025/01/23 07:04:23.837143 [Incident:Info:toast@toast-new:Origin updated] Origin updated: OT: 2025-01-22 23:39:52,  Lat/Lon: 10.1748°/125.2°, Depth: 51.9885
2025/01/23 07:04:23.837359 [Simulation:Info:toast@toast-new:Simulation not generated] Magnitude 5.81 of event bmg2025boek is smaller than triggerMinMagnitude: no automatic simulation
2025/01/23 07:04:34.307317 [Incident:Info:toast@toast-new:Origin updated] Origin updated: OT: 2025-01-22 23:39:52,  Lat/Lon: 10.1748°/125.2°, Depth: 51.9885
2025/01/23 07:04:34.307530 [Simulation:Info:toast@toast-new:Simulation not generated] Magnitude 5.81 of event bmg2025boek is smaller than triggerMinMagnitude: no automatic simulation
2025/01/23 07:04:43.822986 [Incident:Info:toast@toast-new:Origin updated] Origin updated: OT: 2025-01-22 23:39:52,  Lat/Lon: 10.1748°/125.2°, Depth: 51.9885
2025/01/23 07:04:43.823159 [Simulation:Info:toast@toast-new:Simulation not generated] Magnitude 5.81 of event bmg2025boek is smaller than triggerMinMagnitude: no automatic simulation
2025/01/23 07:04:54.259836 [Incident:Info:toast@toast-new:Origin updated] Origin updated: OT: 2025-01-22 23:39:52,  Lat/Lon: 10.1748°/125.2°, Depth: 51.9885
2025/01/23 07:04:54.260020 [Simulation:Info:toast@toast-new:Simulation not generated] Magnitude 5.81 of event bmg2025boek is smaller than triggerMinMagnitude: no automatic simulation
2025/01/23 07:05:04.037732 [Incident:Info:toast@toast-new:Origin updated] Origin updated: OT: 2025-01-22 23:39:52,  Lat/Lon: 10.1748°/125.2°, Depth: 51.9885
2025/01/23 07:05:04.037913 [Simulation:Info:toast@toast-new:Simulation not generated] Magnitude 5.81 of event bmg2025boek is smaller than triggerMinMagnitude: no automatic simulation
2025/01/23 07:05:14.280727 [Incident:Info:toast@toast-new:Origin updated] Origin updated: OT: 2025-01-22 23:39:52,  Lat/Lon: 10.1748°/125.2°, Depth: 51.9885
2025/01/23 07:05:14.280910 [Incident:Info:toast@toast-new:FM updated] FM updated
2025/01/23 07:05:14.281160 [Simulation:Info:toast@toast-new:Simulation not generated] Magnitude 5.81 of event bmg2025boek is smaller than triggerMinMagnitude: no automatic simulation
2025/01/23 07:05:25.287594 [Incident:Info:toast@toast-new:Origin updated] Origin updated: OT: 2025-01-22 23:39:52,  Lat/Lon: 10.1748°/125.2°, Depth: 51.9885
2025/01/23 07:05:25.287801 [Simulation:Info:toast@toast-new:Simulation not generated] Magnitude 5.81 of event bmg2025boek is smaller than triggerMinMagnitude: no automatic simulation
2025/01/23 07:05:34.889382 [Incident:Info:toast@toast-new:Origin updated] Origin updated: OT: 2025-01-22 23:39:52,  Lat/Lon: 10.1748°/125.2°, Depth: 51.9885
2025/01/23 07:05:34.889579 [Incident:Info:toast@toast-new:FM updated] FM updated
2025/01/23 07:05:34.889838 [Simulation:Info:toast@toast-new:Simulation not generated] Magnitude 5.81 of event bmg2025boek is smaller than triggerMinMagnitude: no automatic simulation
2025/01/23 07:05:45.149076 [Incident:Info:toast@toast-new:Origin updated] Origin updated: OT: 2025-01-22 23:39:52,  Lat/Lon: 10.1748°/125.2°, Depth: 51.9885
2025/01/23 07:05:45.149288 [Simulation:Info:toast@toast-new:Simulation not generated] Magnitude 5.81 of event bmg2025boek is smaller than triggerMinMagnitude: no automatic simulation
2025/01/23 07:05:55.253799 [Incident:Info:toast@toast-new:Origin updated] Origin updated: OT: 2025-01-22 23:39:52,  Lat/Lon: 10.1748°/125.2°, Depth: 51.9885
2025/01/23 07:05:55.253980 [Simulation:Info:toast@toast-new:Simulation not generated] Magnitude 5.81 of event bmg2025boek is smaller than triggerMinMagnitude: no automatic simulation
2025/01/23 07:06:05.052735 [Incident:Info:toast@toast-new:Origin updated] Origin updated: OT: 2025-01-22 23:39:52,  Lat/Lon: 10.1748°/125.2°, Depth: 51.9885
2025/01/23 07:06:05.052923 [Simulation:Info:toast@toast-new:Simulation not generated] Magnitude 5.81 of event bmg2025boek is smaller than triggerMinMagnitude: no automatic simulation
2025/01/23 07:06:15.068485 [Incident:Info:toast@toast-new:Origin updated] Origin updated: OT: 2025-01-22 23:39:52,  Lat/Lon: 10.1748°/125.2°, Depth: 51.9885
2025/01/23 07:06:15.068672 [Simulation:Info:toast@toast-new:Simulation not generated] Magnitude 5.81 of event bmg2025boek is smaller than triggerMinMagnitude: no automatic simulation
2025/01/23 07:06:35.086172 [Incident:Info:toast@toast-new:Origin updated] Origin updated: OT: 2025-01-22 23:39:52,  Lat/Lon: 10.1748°/125.2°, Depth: 51.9885
2025/01/23 07:06:35.086357 [Simulation:Info:toast@toast-new:Simulation not generated] Magnitude 5.81 of event bmg2025boek is smaller than triggerMinMagnitude: no automatic simulation
2025/01/23 07:06:45.193344 [Incident:Info:toast@toast-new:Origin updated] Origin updated: OT: 2025-01-22 23:39:52,  Lat/Lon: 10.1748°/125.2°, Depth: 51.9885
2025/01/23 07:06:45.193530 [Simulation:Info:toast@toast-new:Simulation not generated] Magnitude 5.81 of event bmg2025boek is smaller than triggerMinMagnitude: no automatic simulation
2025/01/23 07:06:55.616005 [Incident:Info:toast@toast-new:Origin updated] Origin updated: OT: 2025-01-22 23:39:52,  Lat/Lon: 10.1748°/125.2°, Depth: 51.9885
2025/01/23 07:06:55.616169 [Simulation:Info:toast@toast-new:Simulation not generated] Magnitude 5.81 of event bmg2025boek is smaller than triggerMinMagnitude: no automatic simulation
2025/01/23 07:07:05.858204 [Incident:Info:toast@toast-new:Origin updated] Origin updated: OT: 2025-01-22 23:39:52,  Lat/Lon: 10.1748°/125.2°, Depth: 51.9885
2025/01/23 07:07:05.858371 [Simulation:Info:toast@toast-new:Simulation not generated] Magnitude 5.81 of event bmg2025boek is smaller than triggerMinMagnitude: no automatic simulation
2025/01/23 07:07:15.514958 [Incident:Info:toast@toast-new:Origin updated] Origin updated: OT: 2025-01-22 23:39:52,  Lat/Lon: 10.1748°/125.2°, Depth: 51.9885
2025/01/23 07:07:15.515159 [Simulation:Info:toast@toast-new:Simulation not generated] Magnitude 5.81 of event bmg2025boek is smaller than triggerMinMagnitude: no automatic simulation
2025/01/23 07:29:42.822654 [Incident:Info:toast@toast-new:Origin updated] Origin updated: OT: 2025-01-22 23:39:52,  Lat/Lon: 10.1748°/125.2°, Depth: 51.9885
2025/01/23 07:29:42.822875 [Incident:Info:toast@toast-new:FM updated] FM updated
2025/01/23 07:29:42.823154 [Simulation:Info:toast@toast-new:Simulation not generated] Magnitude 5.81 of event bmg2025boek is smaller than triggerMinMagnitude: no automatic simulation
2025/01/23 07:43:26.237648 [Incident:Info:toast@toast-new:Origin updated] Origin updated: OT: 2025-01-22 23:39:52,  Lat/Lon: 10.1748°/125.2°, Depth: 51.9885
2025/01/23 07:43:26.237846 [Incident:Info:toast@toast-new:FM updated] FM updated
2025/01/23 07:43:26.238103 [Simulation:Info:toast@toast-new:Simulation not generated] Magnitude 5.81 of event bmg2025boek is smaller than triggerMinMagnitude: no automatic simulation
2025/01/23 07:49:35.673755 [Incident:Info:toast@toast-new:Origin updated] Origin updated: OT: 2025-01-22 23:39:52,  Lat/Lon: 10.1748°/125.2°, Depth: 51.9885
2025/01/23 07:49:35.673927 [Simulation:Info:toast@toast-new:Simulation not generated] Magnitude 5.81 of event bmg2025boek is smaller than triggerMinMagnitude: no automatic simulation
2025/01/23 14:37:36.805241 [Incident:Info:toast@toast-new:Origin updated] Origin updated: OT: 2025-01-22 23:39:52,  Lat/Lon: 10.1748°/125.2°, Depth: 51.9885
2025/01/23 14:37:36.805417 [Incident:Info:toast@toast-new:Magnitude updated] Magnitude updated: 5.77 (Mw)
2025/01/23 14:37:36.805453 [Simulation:Info:toast@toast-new:Simulation not generated] Magnitude 5.77 of event bmg2025boek is smaller than triggerMinMagnitude: no automatic simulation
2025/01/23 14:37:51.638217 [Incident:Info:toast@toast-new:Origin updated] Origin updated: OT: 2025-01-22 23:39:52,  Lat/Lon: 10.1748°/125.2°, Depth: 51.9885
2025/01/23 14:37:51.638405 [Simulation:Info:toast@toast-new:Simulation not generated] Magnitude 5.77 of event bmg2025boek is smaller than triggerMinMagnitude: no automatic simulation
2025/01/23 14:38:03.301166 [Incident:Info:toast@toast-new:Origin updated] Origin updated: OT: 2025-01-22 23:39:53,  Lat/Lon: 10.1048°/125.197°, Depth: 62.2521
2025/01/23 14:38:03.301401 [Simulation:Info:toast@toast-new:Simulation not generated] Magnitude 5.77 of event bmg2025boek is smaller than triggerMinMagnitude: no automatic simulation
2025/01/23 14:42:47.918557 [Incident:Info:toast@toast-new:Origin updated] Origin updated: OT: 2025-01-22 23:39:52,  Lat/Lon: 10.1073°/125.186°, Depth: 51.9066
2025/01/23 14:42:47.918718 [Simulation:Info:toast@toast-new:Simulation not generated] Magnitude 5.77 of event bmg2025boek is smaller than triggerMinMagnitude: no automatic simulation
2025/01/23 14:42:51.975324 [Incident:Info:toast@toast-new:Origin updated] Origin updated: OT: 2025-01-22 23:39:52,  Lat/Lon: 10.1073°/125.186°, Depth: 51.9066
2025/01/23 14:42:51.975505 [Simulation:Info:toast@toast-new:Simulation not generated] Magnitude 5.77 of event bmg2025boek is smaller than triggerMinMagnitude: no automatic simulation
2025/01/23 15:01:27.826665 [Incident:Info:toast@toast-new:Origin updated] Origin updated: OT: 2025-01-22 23:39:47,  Lat/Lon: 10.2203°/125.157°, Depth: 9
2025/01/23 15:01:27.826840 [Simulation:Info:toast@toast-new:Simulation not generated] Magnitude 5.77 of event bmg2025boek is smaller than triggerMinMagnitude: no automatic simulation
2025/01/24 23:02:37.894720 [Incident:Info:toast@toast-new:Origin updated] Origin updated: OT: 2025-01-22 23:39:47,  Lat/Lon: 10.2203°/125.157°, Depth: 9
2025/01/24 23:02:37.897027 [Simulation:Info:toast@toast-new:Simulation not generated] Magnitude 5.77 of event bmg2025boek is smaller than triggerMinMagnitude: no automatic simulation
2025/01/24 23:02:38.016748 [Incident:Info:toast@toast-new:Origin updated] Origin updated: OT: 2025-01-22 23:39:47,  Lat/Lon: 10.2203°/125.157°, Depth: 9
2025/01/24 23:02:38.016851 [Simulation:Info:toast@toast-new:Simulation not generated] Magnitude 5.77 of event bmg2025boek is smaller than triggerMinMagnitude: no automatic simulation
