2025/01/18 01:29:32.217217 [Incident:Info:toast@toast-new:Displacement(s) updated] Added 0 and changed 0 displacements with 0 amplitudes
2025/01/18 01:29:32.239249 [Incident:Info:toast@toast-new:Incident created] Incident created based on event received from messaging: OT: 2025-01-17 18:22:03,  Lat/Lon: -7.22°/154.64°, Depth: 10.00, Mag: 5.11 (M)
2025/01/18 01:29:32.239696 [Simulation:Info:toast@toast-new:Simulation not generated] Magnitude 5.11 of event bmg2025beqk is smaller than triggerMinMagnitude: no automatic simulation
2025/01/18 01:29:32.253202 [Incident:Info:toast@toast-new:Origin updated] Origin updated: OT: 2025-01-17 18:22:03,  Lat/Lon: -7.22285°/154.64°, Depth: 10
2025/01/18 01:29:32.253328 [Simulation:Info:toast@toast-new:Simulation not generated] Magnitude 5.11 of event bmg2025beqk is smaller than triggerMinMagnitude: no automatic simulation
2025/01/18 01:30:23.015252 [Incident:Info:toast@toast-new:Origin updated] Origin updated: OT: 2025-01-17 18:22:03,  Lat/Lon: -7.24°/154.625°, Depth: 10
2025/01/18 01:30:23.015510 [Incident:Info:toast@toast-new:Magnitude updated] Magnitude updated: 5.12 (M)
2025/01/18 01:30:23.015572 [Simulation:Info:toast@toast-new:Simulation not generated] Magnitude 5.12 of event bmg2025beqk is smaller than triggerMinMagnitude: no automatic simulation
2025/01/18 01:31:04.603408 [Incident:Info:toast@toast-new:Origin updated] Origin updated: OT: 2025-01-17 18:22:01,  Lat/Lon: -7.39837°/154.747°, Depth: 10
2025/01/18 01:31:04.603609 [Incident:Info:toast@toast-new:Magnitude updated] Magnitude updated: 5.04 (mb)
2025/01/18 01:31:04.603655 [Simulation:Info:toast@toast-new:Simulation not generated] Magnitude 5.04 of event bmg2025beqk is smaller than triggerMinMagnitude: no automatic simulation
2025/01/18 01:31:04.620321 [Incident:Info:toast@toast-new:Origin updated] Origin updated: OT: 2025-01-17 18:22:01,  Lat/Lon: -7.39837°/154.747°, Depth: 10
2025/01/18 01:31:04.620458 [Incident:Info:toast@toast-new:Magnitude updated] Magnitude updated: 5.12 (M)
2025/01/18 01:31:04.620519 [Simulation:Info:toast@toast-new:Simulation not generated] Magnitude 5.12 of event bmg2025beqk is smaller than triggerMinMagnitude: no automatic simulation
2025/01/18 01:32:14.132785 [Incident:Info:toast@toast-new:Origin updated] Origin updated: OT: 2025-01-17 18:22:01,  Lat/Lon: -7.40149°/154.746°, Depth: 10
2025/01/18 01:32:14.133001 [Incident:Info:toast@toast-new:Magnitude updated] Magnitude updated: 5.04 (mb)
2025/01/18 01:32:14.133071 [Simulation:Info:toast@toast-new:Simulation not generated] Magnitude 5.04 of event bmg2025beqk is smaller than triggerMinMagnitude: no automatic simulation
2025/01/18 01:32:14.155631 [Incident:Info:toast@toast-new:Origin updated] Origin updated: OT: 2025-01-17 18:22:01,  Lat/Lon: -7.40149°/154.746°, Depth: 10
2025/01/18 01:32:14.155736 [Incident:Info:toast@toast-new:Magnitude updated] Magnitude updated: 5.10 (M)
2025/01/18 01:32:14.155777 [Simulation:Info:toast@toast-new:Simulation not generated] Magnitude 5.10 of event bmg2025beqk is smaller than triggerMinMagnitude: no automatic simulation
2025/01/18 06:00:48.164372 [Incident:Info:toast@toast-new:Origin updated] Origin updated: OT: 2025-01-17 18:22:04,  Lat/Lon: -7.41366°/154.742°, Depth: 37.5746
2025/01/18 06:00:48.164578 [Incident:Info:toast@toast-new:Magnitude updated] Magnitude updated: 5.04 (mb)
2025/01/18 06:00:48.164630 [Simulation:Info:toast@toast-new:Simulation not generated] Magnitude 5.04 of event bmg2025beqk is smaller than triggerMinMagnitude: no automatic simulation
2025/01/18 06:00:48.182454 [Incident:Info:toast@toast-new:Origin updated] Origin updated: OT: 2025-01-17 18:22:04,  Lat/Lon: -7.41366°/154.742°, Depth: 37.5746
2025/01/18 06:00:48.182537 [Incident:Info:toast@toast-new:Magnitude updated] Magnitude updated: 5.10 (M)
2025/01/18 06:00:48.182567 [Simulation:Info:toast@toast-new:Simulation not generated] Magnitude 5.10 of event bmg2025beqk is smaller than triggerMinMagnitude: no automatic simulation
2025/01/18 06:01:19.176161 [Incident:Info:toast@toast-new:Origin updated] Origin updated: OT: 2025-01-17 18:22:04,  Lat/Lon: -7.41366°/154.742°, Depth: 37.5746
2025/01/18 06:01:19.176367 [Incident:Info:toast@toast-new:Magnitude updated] Magnitude updated: 5.04 (mb)
2025/01/18 06:01:19.176430 [Simulation:Info:toast@toast-new:Simulation not generated] Magnitude 5.04 of event bmg2025beqk is smaller than triggerMinMagnitude: no automatic simulation
2025/01/29 16:58:52.190412 [Incident:Info:toast@toast-new:Origin updated] Origin updated: OT: 2025-01-17 18:22:00,  Lat/Lon: -7.32111°/154.75°, Depth: 5
2025/01/29 16:58:52.192022 [Incident:Info:toast@toast-new:Magnitude updated] Magnitude updated: 5.02 (mb)
2025/01/29 16:58:52.192087 [Simulation:Info:toast@toast-new:Simulation not generated] Magnitude 5.02 of event bmg2025beqk is smaller than triggerMinMagnitude: no automatic simulation
2025/01/29 16:58:52.285008 [Incident:Info:toast@toast-new:Origin updated] Origin updated: OT: 2025-01-17 18:22:00,  Lat/Lon: -7.32111°/154.75°, Depth: 5
2025/01/29 16:58:52.285113 [Incident:Info:toast@toast-new:Magnitude updated] Magnitude updated: 5.12 (M)
2025/01/29 16:58:52.285144 [Simulation:Info:toast@toast-new:Simulation not generated] Magnitude 5.12 of event bmg2025beqk is smaller than triggerMinMagnitude: no automatic simulation
2025/01/29 16:59:01.470557 [Incident:Info:toast@toast-new:Origin updated] Origin updated: OT: 2025-01-17 18:22:00,  Lat/Lon: -7.32111°/154.75°, Depth: 5
2025/01/29 16:59:01.470735 [Incident:Info:toast@toast-new:Magnitude updated] Magnitude updated: 5.02 (mb)
2025/01/29 16:59:01.470797 [Simulation:Info:toast@toast-new:Simulation not generated] Magnitude 5.02 of event bmg2025beqk is smaller than triggerMinMagnitude: no automatic simulation
