2025/01/31 18:04:56.091055 [Incident:Info:toast@toast-new:Displacement(s) updated] Added 0 and changed 0 displacements with 0 amplitudes
2025/01/31 18:04:56.093521 [Incident:Info:toast@toast-new:Incident created] Incident created based on event received from messaging: OT: 2025-01-31 11:03:43,  Lat/Lon: 3.16°/96.96°, Depth: 28.95, Mag: 6.13 (M)
2025/01/31 18:04:56.094508 [Simulation:Info:toast@toast-new:Simulation not generated] Magnitude 6.13 of event bmg2025cdqz is smaller than triggerMinMagnitude: no automatic simulation
2025/01/31 18:04:56.110886 [Incident:Info:toast@toast-new:Origin updated] Origin updated: OT: 2025-01-31 11:03:43,  Lat/Lon: 3.16369°/96.9636°, Depth: 28.9476
2025/01/31 18:04:56.111109 [Simulation:Info:toast@toast-new:Simulation not generated] Magnitude 6.13 of event bmg2025cdqz is smaller than triggerMinMagnitude: no automatic simulation
2025/01/31 18:04:56.379006 [Incident:Info:toast@toast-new:Origin updated] Origin updated: OT: 2025-01-31 11:03:43,  Lat/Lon: 3.16369°/96.9636°, Depth: 28.9476
2025/01/31 18:04:56.379276 [Incident:Info:toast@toast-new:Magnitude updated] Magnitude updated: 6.13 (M)
2025/01/31 18:04:56.379344 [Simulation:Info:toast@toast-new:Simulation not generated] Magnitude 6.13 of event bmg2025cdqz is smaller than triggerMinMagnitude: no automatic simulation
2025/01/31 18:05:01.412362 [Incident:Info:toast@toast-new:Origin updated] Origin updated: OT: 2025-01-31 11:03:43,  Lat/Lon: 3.16369°/96.9636°, Depth: 28.9476
2025/01/31 18:05:01.449237 [Incident:Info:toast@toast-new:Magnitude updated] Magnitude updated: 6.14 (M)
2025/01/31 18:05:01.449369 [Simulation:Info:toast@toast-new:Simulation not generated] Magnitude 6.14 of event bmg2025cdqz is smaller than triggerMinMagnitude: no automatic simulation
2025/01/31 18:05:05.670284 [Incident:Info:toast@toast-new:Origin updated] Origin updated: OT: 2025-01-31 11:03:43,  Lat/Lon: 3.16369°/96.9636°, Depth: 28.9476
2025/01/31 18:05:05.670538 [Incident:Info:toast@toast-new:Magnitude updated] Magnitude updated: 6.15 (M)
2025/01/31 18:05:05.670607 [Simulation:Info:toast@toast-new:Simulation not generated] Magnitude 6.15 of event bmg2025cdqz is smaller than triggerMinMagnitude: no automatic simulation
2025/01/31 18:05:05.689457 [Incident:Info:toast@toast-new:Origin updated] Origin updated: OT: 2025-01-31 11:03:43,  Lat/Lon: 3.15725°/96.9623°, Depth: 29.5869
2025/01/31 18:05:05.689610 [Incident:Info:toast@toast-new:Magnitude updated] Magnitude updated: 6.13 (M)
2025/01/31 18:05:05.689650 [Simulation:Info:toast@toast-new:Simulation not generated] Magnitude 6.13 of event bmg2025cdqz is smaller than triggerMinMagnitude: no automatic simulation
2025/01/31 18:05:11.448754 [Incident:Info:toast@toast-new:Origin updated] Origin updated: OT: 2025-01-31 11:03:43,  Lat/Lon: 3.15725°/96.9623°, Depth: 29.5869
2025/01/31 18:05:11.449026 [Incident:Info:toast@toast-new:Magnitude updated] Magnitude updated: 6.16 (M)
2025/01/31 18:05:11.449124 [Simulation:Info:toast@toast-new:Simulation not generated] Magnitude 6.16 of event bmg2025cdqz is smaller than triggerMinMagnitude: no automatic simulation
2025/01/31 18:05:16.417153 [Incident:Info:toast@toast-new:Origin updated] Origin updated: OT: 2025-01-31 11:03:43,  Lat/Lon: 3.15725°/96.9623°, Depth: 29.5869
2025/01/31 18:05:16.417434 [Incident:Info:toast@toast-new:Magnitude updated] Magnitude updated: 6.18 (M)
2025/01/31 18:05:16.417503 [Simulation:Info:toast@toast-new:Simulation not generated] Magnitude 6.18 of event bmg2025cdqz is smaller than triggerMinMagnitude: no automatic simulation
2025/01/31 18:05:21.111247 [Incident:Info:toast@toast-new:Origin updated] Origin updated: OT: 2025-01-31 11:03:43,  Lat/Lon: 3.15725°/96.9623°, Depth: 29.5869
2025/01/31 18:05:21.111512 [Incident:Info:toast@toast-new:Magnitude updated] Magnitude updated: 6.19 (M)
2025/01/31 18:05:21.111580 [Simulation:Info:toast@toast-new:Simulation not generated] Magnitude 6.19 of event bmg2025cdqz is smaller than triggerMinMagnitude: no automatic simulation
2025/01/31 18:05:21.127983 [Incident:Info:toast@toast-new:Origin updated] Origin updated: OT: 2025-01-31 11:03:43,  Lat/Lon: 3.15553°/96.9588°, Depth: 29.3489
2025/01/31 18:05:21.128161 [Incident:Info:toast@toast-new:Magnitude updated] Magnitude updated: 6.14 (M)
2025/01/31 18:05:21.128221 [Simulation:Info:toast@toast-new:Simulation not generated] Magnitude 6.14 of event bmg2025cdqz is smaller than triggerMinMagnitude: no automatic simulation
2025/01/31 18:05:21.407734 [Incident:Info:toast@toast-new:Origin updated] Origin updated: OT: 2025-01-31 11:03:43,  Lat/Lon: 3.15553°/96.9588°, Depth: 29.3489
2025/01/31 18:05:21.407994 [Incident:Info:toast@toast-new:Magnitude updated] Magnitude updated: 6.15 (M)
2025/01/31 18:05:21.408076 [Simulation:Info:toast@toast-new:Simulation not generated] Magnitude 6.15 of event bmg2025cdqz is smaller than triggerMinMagnitude: no automatic simulation
2025/01/31 18:05:26.416600 [Incident:Info:toast@toast-new:Origin updated] Origin updated: OT: 2025-01-31 11:03:43,  Lat/Lon: 3.15553°/96.9588°, Depth: 29.3489
2025/01/31 18:05:26.416854 [Incident:Info:toast@toast-new:Magnitude updated] Magnitude updated: 6.17 (M)
2025/01/31 18:05:26.416951 [Simulation:Info:toast@toast-new:Simulation not generated] Magnitude 6.17 of event bmg2025cdqz is smaller than triggerMinMagnitude: no automatic simulation
2025/01/31 18:05:31.425116 [Incident:Info:toast@toast-new:Origin updated] Origin updated: OT: 2025-01-31 11:03:43,  Lat/Lon: 3.15553°/96.9588°, Depth: 29.3489
2025/01/31 18:05:31.425392 [Incident:Info:toast@toast-new:Magnitude updated] Magnitude updated: 6.20 (M)
2025/01/31 18:05:31.425469 [Simulation:Info:toast@toast-new:Simulation not generated] Magnitude 6.20 of event bmg2025cdqz is smaller than triggerMinMagnitude: no automatic simulation
2025/01/31 18:05:36.143819 [Incident:Info:toast@toast-new:Origin updated] Origin updated: OT: 2025-01-31 11:03:43,  Lat/Lon: 3.15553°/96.9588°, Depth: 29.3489
2025/01/31 18:05:36.144059 [Incident:Info:toast@toast-new:Magnitude updated] Magnitude updated: 6.21 (M)
2025/01/31 18:05:36.144126 [Simulation:Info:toast@toast-new:Simulation not generated] Magnitude 6.21 of event bmg2025cdqz is smaller than triggerMinMagnitude: no automatic simulation
2025/01/31 18:05:36.162454 [Incident:Info:toast@toast-new:Origin updated] Origin updated: OT: 2025-01-31 11:03:43,  Lat/Lon: 3.14699°/96.9526°, Depth: 29.3366
2025/01/31 18:05:36.162577 [Incident:Info:toast@toast-new:Magnitude updated] Magnitude updated: 6.19 (M)
2025/01/31 18:05:36.162612 [Simulation:Info:toast@toast-new:Simulation not generated] Magnitude 6.19 of event bmg2025cdqz is smaller than triggerMinMagnitude: no automatic simulation
2025/01/31 18:05:41.438649 [Incident:Info:toast@toast-new:Origin updated] Origin updated: OT: 2025-01-31 11:03:43,  Lat/Lon: 3.14699°/96.9526°, Depth: 29.3366
2025/01/31 18:05:41.439570 [Incident:Info:toast@toast-new:Magnitude updated] Magnitude updated: 6.20 (M)
2025/01/31 18:05:41.439646 [Simulation:Info:toast@toast-new:Simulation not generated] Magnitude 6.20 of event bmg2025cdqz is smaller than triggerMinMagnitude: no automatic simulation
2025/01/31 18:05:46.417141 [Incident:Info:toast@toast-new:Origin updated] Origin updated: OT: 2025-01-31 11:03:43,  Lat/Lon: 3.14699°/96.9526°, Depth: 29.3366
2025/01/31 18:05:46.417427 [Incident:Info:toast@toast-new:Magnitude updated] Magnitude updated: 6.20 (M)
2025/01/31 18:05:46.417514 [Simulation:Info:toast@toast-new:Simulation not generated] Magnitude 6.20 of event bmg2025cdqz is smaller than triggerMinMagnitude: no automatic simulation
2025/01/31 18:05:51.468392 [Incident:Info:toast@toast-new:Origin updated] Origin updated: OT: 2025-01-31 11:03:43,  Lat/Lon: 3.14699°/96.9526°, Depth: 29.3366
2025/01/31 18:05:51.468628 [Incident:Info:toast@toast-new:Magnitude updated] Magnitude updated: 6.20 (M)
2025/01/31 18:05:51.468702 [Simulation:Info:toast@toast-new:Simulation not generated] Magnitude 6.20 of event bmg2025cdqz is smaller than triggerMinMagnitude: no automatic simulation
2025/01/31 18:05:55.326444 [Incident:Info:toast@toast-new:Origin updated] Origin updated: OT: 2025-01-31 11:03:43,  Lat/Lon: 3.14699°/96.9526°, Depth: 29.3366
2025/01/31 18:05:55.326733 [Incident:Info:toast@toast-new:Magnitude updated] Magnitude updated: 6.21 (M)
2025/01/31 18:05:55.326804 [Simulation:Info:toast@toast-new:Simulation not generated] Magnitude 6.21 of event bmg2025cdqz is smaller than triggerMinMagnitude: no automatic simulation
2025/01/31 18:05:55.344083 [Incident:Info:toast@toast-new:Origin updated] Origin updated: OT: 2025-01-31 11:03:43,  Lat/Lon: 3.14116°/96.9334°, Depth: 28.2534
2025/01/31 18:05:55.344241 [Incident:Info:toast@toast-new:Magnitude updated] Magnitude updated: 6.12 (M)
2025/01/31 18:05:55.344289 [Simulation:Info:toast@toast-new:Simulation not generated] Magnitude 6.12 of event bmg2025cdqz is smaller than triggerMinMagnitude: no automatic simulation
2025/01/31 18:05:56.414754 [Incident:Info:toast@toast-new:Origin updated] Origin updated: OT: 2025-01-31 11:03:43,  Lat/Lon: 3.14116°/96.9334°, Depth: 28.2534
2025/01/31 18:05:56.415023 [Incident:Info:toast@toast-new:Magnitude updated] Magnitude updated: 6.13 (M)
2025/01/31 18:05:56.415093 [Simulation:Info:toast@toast-new:Simulation not generated] Magnitude 6.13 of event bmg2025cdqz is smaller than triggerMinMagnitude: no automatic simulation
2025/01/31 18:06:01.504884 [Incident:Info:toast@toast-new:Origin updated] Origin updated: OT: 2025-01-31 11:03:43,  Lat/Lon: 3.14116°/96.9334°, Depth: 28.2534
2025/01/31 18:06:01.505157 [Incident:Info:toast@toast-new:Magnitude updated] Magnitude updated: 6.16 (M)
2025/01/31 18:06:01.505267 [Simulation:Info:toast@toast-new:Simulation not generated] Magnitude 6.16 of event bmg2025cdqz is smaller than triggerMinMagnitude: no automatic simulation
2025/01/31 18:06:06.591354 [Incident:Info:toast@toast-new:Origin updated] Origin updated: OT: 2025-01-31 11:03:43,  Lat/Lon: 3.14116°/96.9334°, Depth: 28.2534
2025/01/31 18:06:06.591597 [Incident:Info:toast@toast-new:Magnitude updated] Magnitude updated: 6.17 (M)
2025/01/31 18:06:06.591666 [Simulation:Info:toast@toast-new:Simulation not generated] Magnitude 6.17 of event bmg2025cdqz is smaller than triggerMinMagnitude: no automatic simulation
2025/01/31 18:06:11.510065 [Incident:Info:toast@toast-new:Origin updated] Origin updated: OT: 2025-01-31 11:03:43,  Lat/Lon: 3.14116°/96.9334°, Depth: 28.2534
2025/01/31 18:06:11.510320 [Incident:Info:toast@toast-new:Magnitude updated] Magnitude updated: 6.18 (M)
2025/01/31 18:06:11.510385 [Simulation:Info:toast@toast-new:Simulation not generated] Magnitude 6.18 of event bmg2025cdqz is smaller than triggerMinMagnitude: no automatic simulation
2025/01/31 18:06:16.496401 [Incident:Info:toast@toast-new:Origin updated] Origin updated: OT: 2025-01-31 11:03:43,  Lat/Lon: 3.14116°/96.9334°, Depth: 28.2534
2025/01/31 18:06:16.498727 [Incident:Info:toast@toast-new:Magnitude updated] Magnitude updated: 6.11 (M)
2025/01/31 18:06:16.498842 [Simulation:Info:toast@toast-new:Simulation not generated] Magnitude 6.11 of event bmg2025cdqz is smaller than triggerMinMagnitude: no automatic simulation
2025/01/31 18:06:21.516772 [Incident:Info:toast@toast-new:Origin updated] Origin updated: OT: 2025-01-31 11:03:43,  Lat/Lon: 3.14116°/96.9334°, Depth: 28.2534
2025/01/31 18:06:21.553734 [Incident:Info:toast@toast-new:Magnitude updated] Magnitude updated: 6.18 (M)
2025/01/31 18:06:21.553882 [Simulation:Info:toast@toast-new:Simulation not generated] Magnitude 6.18 of event bmg2025cdqz is smaller than triggerMinMagnitude: no automatic simulation
2025/01/31 18:06:21.585408 [Incident:Info:toast@toast-new:Origin updated] Origin updated: OT: 2025-01-31 11:03:43,  Lat/Lon: 3.14116°/96.9334°, Depth: 28.2534
2025/01/31 18:06:21.585603 [Incident:Info:toast@toast-new:Magnitude updated] Magnitude updated: 6.21 (Mw(mB))
2025/01/31 18:06:21.585674 [Simulation:Info:toast@toast-new:Simulation not generated] Magnitude 6.21 of event bmg2025cdqz is smaller than triggerMinMagnitude: no automatic simulation
2025/01/31 18:06:21.717847 [Simulation:Info:toast@toast-new:Simulation(s) triggered] Automatic simulation(s) triggered manually
2025/01/31 18:06:21.718419 [Simulation:Info:toast@toast-new:Simulation(s) started] No nodal plane available. Starting Simulation(s) with fault plane, Lat/Lon: 3.14°/ 96.93° (MT), Depth: 28.25km (MT), Mag: 6.21 (MT)
2025/01/31 18:06:21.719828 [Simulation:Info:toast@toast-new:Simulation running] TsunAWI: Looking for matching scenarios
2025/01/31 18:06:21.723418 [Simulation:Info:toast@toast-new:Simulation finished] TsunAWI: No matching scenarios
2025/01/31 18:06:21.779349 [Simulation:Info:toast@toast-new:No simulation returned] TsunAWI simulation backend returned no simulation.
2025/01/31 18:06:21.807651 [Simulation:Info:toast@toast-new:Simulation tracked] Tracking progress of EasyWave2 simulation 62002004N096098Ee5d5fbc3a49f026947e99a76ce5cbee0822ed0f1
2025/01/31 18:06:21.812667 [Simulation:Info:toast@toast-new:Simulation tracked] Tracking progress of EasyWave2 simulation 62002004N096098Ec7ca628bb52e244bd40a57cfc64bd2d3720d39ed
2025/01/31 18:06:26.449679 [Incident:Info:toast@toast-new:Origin updated] Origin updated: OT: 2025-01-31 11:03:43,  Lat/Lon: 3.14228°/96.9294°, Depth: 29.166
2025/01/31 18:06:26.449935 [Incident:Info:toast@toast-new:Magnitude updated] Magnitude updated: 6.21 (Mw(mB))
2025/01/31 18:06:26.449995 [Simulation:Info:toast@toast-new:Simulation not generated] Magnitude 6.21 of event bmg2025cdqz is smaller than triggerMinMagnitude: no automatic simulation
2025/01/31 18:06:33.000020 [Simulation:Info:toast@toast-new:Simulation finished] Finished EasyWave2 simulation 62002004N096098Ee5d5fbc3a49f026947e99a76ce5cbee0822ed0f1 in 11 seconds
2025/01/31 18:06:36.629876 [Incident:Info:toast@toast-new:Origin updated] Origin updated: OT: 2025-01-31 11:03:43,  Lat/Lon: 3.14228°/96.9294°, Depth: 29.166
2025/01/31 18:06:36.630165 [Incident:Info:toast@toast-new:Magnitude updated] Magnitude updated: 6.24 (Mw(mB))
2025/01/31 18:06:36.630248 [Simulation:Info:toast@toast-new:Simulation not generated] Magnitude 6.24 of event bmg2025cdqz is smaller than triggerMinMagnitude: no automatic simulation
2025/01/31 18:06:46.575767 [Incident:Info:toast@toast-new:Origin updated] Origin updated: OT: 2025-01-31 11:03:43,  Lat/Lon: 3.14228°/96.9294°, Depth: 29.166
2025/01/31 18:06:46.576010 [Incident:Info:toast@toast-new:Magnitude updated] Magnitude updated: 6.16 (Mw(mB))
2025/01/31 18:06:46.576092 [Simulation:Info:toast@toast-new:Simulation not generated] Magnitude 6.16 of event bmg2025cdqz is smaller than triggerMinMagnitude: no automatic simulation
2025/01/31 18:06:51.509351 [Incident:Info:toast@toast-new:Origin updated] Origin updated: OT: 2025-01-31 11:03:43,  Lat/Lon: 3.14228°/96.9294°, Depth: 29.166
2025/01/31 18:06:51.509583 [Incident:Info:toast@toast-new:Magnitude updated] Magnitude updated: 6.19 (Mw(mB))
2025/01/31 18:06:51.509659 [Simulation:Info:toast@toast-new:Simulation not generated] Magnitude 6.19 of event bmg2025cdqz is smaller than triggerMinMagnitude: no automatic simulation
2025/01/31 18:06:53.977069 [Simulation:Info:toast@toast-new:Simulation finished] Finished EasyWave2 simulation 62002004N096098Ec7ca628bb52e244bd40a57cfc64bd2d3720d39ed in 32 seconds
2025/01/31 18:07:01.283943 [Incident:Info:toast@toast-new:Origin updated] Origin updated: OT: 2025-01-31 11:03:43,  Lat/Lon: 3.12986°/96.9325°, Depth: 31.0963
2025/01/31 18:07:01.284236 [Incident:Info:toast@toast-new:Magnitude updated] Magnitude updated: 6.21 (Mw(mB))
2025/01/31 18:07:01.284311 [Simulation:Info:toast@toast-new:Simulation not generated] Magnitude 6.21 of event bmg2025cdqz is smaller than triggerMinMagnitude: no automatic simulation
2025/01/31 18:07:01.361521 [Incident:Info:toast@toast-new:Origin updated] Origin updated: OT: 2025-01-31 11:03:43,  Lat/Lon: 3.12986°/96.9325°, Depth: 31.0963
2025/01/31 18:07:01.361712 [Incident:Info:toast@toast-new:Magnitude updated] Magnitude updated: 6.20 (Mw(mB))
2025/01/31 18:07:01.361765 [Simulation:Info:toast@toast-new:Simulation not generated] Magnitude 6.20 of event bmg2025cdqz is smaller than triggerMinMagnitude: no automatic simulation
2025/01/31 18:07:11.657466 [Incident:Info:toast@toast-new:Origin updated] Origin updated: OT: 2025-01-31 11:03:43,  Lat/Lon: 3.12986°/96.9325°, Depth: 31.0963
2025/01/31 18:07:11.657806 [Incident:Info:toast@toast-new:Magnitude updated] Magnitude updated: 6.19 (Mw(mB))
2025/01/31 18:07:11.657890 [Simulation:Info:toast@toast-new:Simulation not generated] Magnitude 6.19 of event bmg2025cdqz is smaller than triggerMinMagnitude: no automatic simulation
2025/01/31 18:07:16.614875 [Incident:Info:toast@toast-new:Origin updated] Origin updated: OT: 2025-01-31 11:03:43,  Lat/Lon: 3.12986°/96.9325°, Depth: 31.0963
2025/01/31 18:07:16.615201 [Incident:Info:toast@toast-new:Magnitude updated] Magnitude updated: 6.19 (Mw(mB))
2025/01/31 18:07:16.615302 [Simulation:Info:toast@toast-new:Simulation not generated] Magnitude 6.19 of event bmg2025cdqz is smaller than triggerMinMagnitude: no automatic simulation
2025/01/31 18:07:37.393003 [Incident:Info:toast@toast-new:Origin updated] Origin updated: OT: 2025-01-31 11:03:43,  Lat/Lon: 3.12986°/96.9325°, Depth: 31.0963
2025/01/31 18:07:37.393313 [Incident:Info:toast@toast-new:FM updated] FM updated
2025/01/31 18:07:37.395388 [Simulation:Info:toast@toast-new:Simulation not generated] Magnitude 6.19 of event bmg2025cdqz is smaller than triggerMinMagnitude: no automatic simulation
2025/01/31 18:07:38.943557 [Incident:Info:toast@toast-new:Origin updated] Origin updated: OT: 2025-01-31 11:03:43,  Lat/Lon: 3.12276°/96.9283°, Depth: 34.0483
2025/01/31 18:07:38.943865 [Incident:Info:toast@toast-new:Magnitude updated] Magnitude updated: 6.13 (Mw(mB))
2025/01/31 18:07:38.943966 [Simulation:Info:toast@toast-new:Simulation not generated] Magnitude 6.13 of event bmg2025cdqz is smaller than triggerMinMagnitude: no automatic simulation
2025/01/31 18:07:51.616501 [Incident:Info:toast@toast-new:Origin updated] Origin updated: OT: 2025-01-31 11:03:43,  Lat/Lon: 3.12276°/96.9283°, Depth: 34.0483
2025/01/31 18:07:51.616830 [Incident:Info:toast@toast-new:Magnitude updated] Magnitude updated: 6.11 (Mw(mB))
2025/01/31 18:07:51.616930 [Simulation:Info:toast@toast-new:Simulation not generated] Magnitude 6.11 of event bmg2025cdqz is smaller than triggerMinMagnitude: no automatic simulation
2025/01/31 18:07:56.582434 [Incident:Info:toast@toast-new:Origin updated] Origin updated: OT: 2025-01-31 11:03:43,  Lat/Lon: 3.12276°/96.9283°, Depth: 34.0483
2025/01/31 18:07:56.582814 [Incident:Info:toast@toast-new:Magnitude updated] Magnitude updated: 6.07 (Mw(mB))
2025/01/31 18:07:56.582930 [Simulation:Info:toast@toast-new:Simulation not generated] Magnitude 6.07 of event bmg2025cdqz is smaller than triggerMinMagnitude: no automatic simulation
2025/01/31 18:08:01.556933 [Incident:Info:toast@toast-new:Origin updated] Origin updated: OT: 2025-01-31 11:03:43,  Lat/Lon: 3.12276°/96.9283°, Depth: 34.0483
2025/01/31 18:08:01.557354 [Incident:Info:toast@toast-new:Magnitude updated] Magnitude updated: 6.05 (Mw(mB))
2025/01/31 18:08:01.557450 [Simulation:Info:toast@toast-new:Simulation not generated] Magnitude 6.05 of event bmg2025cdqz is smaller than triggerMinMagnitude: no automatic simulation
2025/01/31 18:08:06.553538 [Incident:Info:toast@toast-new:Origin updated] Origin updated: OT: 2025-01-31 11:03:43,  Lat/Lon: 3.12276°/96.9283°, Depth: 34.0483
2025/01/31 18:08:06.553872 [Incident:Info:toast@toast-new:Magnitude updated] Magnitude updated: 6.04 (Mw(mB))
2025/01/31 18:08:06.590739 [Simulation:Info:toast@toast-new:Simulation not generated] Magnitude 6.04 of event bmg2025cdqz is smaller than triggerMinMagnitude: no automatic simulation
2025/01/31 18:08:17.003394 [Incident:Info:toast@toast-new:Origin updated] Origin updated: OT: 2025-01-31 11:03:43,  Lat/Lon: 3.12276°/96.9283°, Depth: 34.0483
2025/01/31 18:08:17.003656 [Incident:Info:toast@toast-new:FM updated] FM updated
2025/01/31 18:08:17.004013 [Simulation:Info:toast@toast-new:Simulation not generated] Magnitude 6.04 of event bmg2025cdqz is smaller than triggerMinMagnitude: no automatic simulation
2025/01/31 18:08:18.837755 [Incident:Info:toast@toast-new:Origin updated] Origin updated: OT: 2025-01-31 11:03:42,  Lat/Lon: 3.09996°/96.8462°, Depth: 98.0574
2025/01/31 18:08:18.838148 [Incident:Info:toast@toast-new:Magnitude updated] Magnitude updated: 5.90 (Mw(mB))
2025/01/31 18:08:18.838301 [Simulation:Info:toast@toast-new:Simulation not generated] Magnitude 5.90 of event bmg2025cdqz is smaller than triggerMinMagnitude: no automatic simulation
2025/01/31 18:08:21.464126 [Incident:Info:toast@toast-new:Origin updated] Origin updated: OT: 2025-01-31 11:03:42,  Lat/Lon: 3.09996°/96.8462°, Depth: 98.0574
2025/01/31 18:08:21.464430 [Incident:Info:toast@toast-new:Magnitude updated] Magnitude updated: 5.89 (Mw(mB))
2025/01/31 18:08:21.464532 [Simulation:Info:toast@toast-new:Simulation not generated] Magnitude 5.89 of event bmg2025cdqz is smaller than triggerMinMagnitude: no automatic simulation
2025/01/31 18:08:26.467710 [Incident:Info:toast@toast-new:Origin updated] Origin updated: OT: 2025-01-31 11:03:42,  Lat/Lon: 3.09996°/96.8462°, Depth: 98.0574
2025/01/31 18:08:26.468094 [Incident:Info:toast@toast-new:Magnitude updated] Magnitude updated: 5.87 (Mw(mB))
2025/01/31 18:08:26.468215 [Simulation:Info:toast@toast-new:Simulation not generated] Magnitude 5.87 of event bmg2025cdqz is smaller than triggerMinMagnitude: no automatic simulation
2025/01/31 18:08:27.898097 [Incident:Info:toast@toast-new:Origin updated] Origin updated: OT: 2025-01-31 11:03:42,  Lat/Lon: 3.09996°/96.8462°, Depth: 98.0574
2025/01/31 18:08:27.898420 [Incident:Info:toast@toast-new:FM updated] FM updated
2025/01/31 18:08:27.898809 [Simulation:Info:toast@toast-new:Simulation not generated] Magnitude 5.87 of event bmg2025cdqz is smaller than triggerMinMagnitude: no automatic simulation
2025/01/31 18:08:31.469662 [Incident:Info:toast@toast-new:Origin updated] Origin updated: OT: 2025-01-31 11:03:42,  Lat/Lon: 3.09996°/96.8462°, Depth: 98.0574
2025/01/31 18:08:31.469996 [Incident:Info:toast@toast-new:Magnitude updated] Magnitude updated: 5.85 (Mw(mB))
2025/01/31 18:08:31.470106 [Simulation:Info:toast@toast-new:Simulation not generated] Magnitude 5.85 of event bmg2025cdqz is smaller than triggerMinMagnitude: no automatic simulation
2025/01/31 18:08:36.426511 [Incident:Info:toast@toast-new:Origin updated] Origin updated: OT: 2025-01-31 11:03:42,  Lat/Lon: 3.09996°/96.8462°, Depth: 98.0574
2025/01/31 18:08:36.426830 [Incident:Info:toast@toast-new:Magnitude updated] Magnitude updated: 5.84 (Mw(mB))
2025/01/31 18:08:36.426956 [Simulation:Info:toast@toast-new:Simulation not generated] Magnitude 5.84 of event bmg2025cdqz is smaller than triggerMinMagnitude: no automatic simulation
2025/01/31 18:08:41.406457 [Incident:Info:toast@toast-new:Origin updated] Origin updated: OT: 2025-01-31 11:03:42,  Lat/Lon: 3.09996°/96.8462°, Depth: 98.0574
2025/01/31 18:08:41.406821 [Incident:Info:toast@toast-new:Magnitude updated] Magnitude updated: 5.81 (Mw(mB))
2025/01/31 18:08:41.406928 [Simulation:Info:toast@toast-new:Simulation not generated] Magnitude 5.81 of event bmg2025cdqz is smaller than triggerMinMagnitude: no automatic simulation
2025/01/31 18:08:47.694557 [Incident:Info:toast@toast-new:Origin updated] Origin updated: OT: 2025-01-31 11:03:42,  Lat/Lon: 3.09996°/96.8462°, Depth: 98.0574
2025/01/31 18:08:47.694884 [Incident:Info:toast@toast-new:FM updated] FM updated
2025/01/31 18:08:47.695348 [Simulation:Info:toast@toast-new:Simulation not generated] Magnitude 5.81 of event bmg2025cdqz is smaller than triggerMinMagnitude: no automatic simulation
2025/01/31 18:08:48.535091 [Incident:Info:toast@toast-new:Origin updated] Origin updated: OT: 2025-01-31 11:03:43,  Lat/Lon: 3.11614°/96.9231°, Depth: 54.211
2025/01/31 18:08:48.538549 [Incident:Info:toast@toast-new:Magnitude updated] Magnitude updated: 5.95 (Mw(mB))
2025/01/31 18:08:48.538732 [Simulation:Info:toast@toast-new:Simulation not generated] Magnitude 5.95 of event bmg2025cdqz is smaller than triggerMinMagnitude: no automatic simulation
2025/01/31 18:08:51.522323 [Incident:Info:toast@toast-new:Origin updated] Origin updated: OT: 2025-01-31 11:03:43,  Lat/Lon: 3.11614°/96.9231°, Depth: 54.211
2025/01/31 18:08:51.522635 [Incident:Info:toast@toast-new:Magnitude updated] Magnitude updated: 5.92 (Mw(mB))
2025/01/31 18:08:51.522782 [Simulation:Info:toast@toast-new:Simulation not generated] Magnitude 5.92 of event bmg2025cdqz is smaller than triggerMinMagnitude: no automatic simulation
2025/01/31 18:08:57.538495 [Incident:Info:toast@toast-new:Origin updated] Origin updated: OT: 2025-01-31 11:03:43,  Lat/Lon: 3.11614°/96.9231°, Depth: 54.211
2025/01/31 18:08:57.538783 [Incident:Info:toast@toast-new:FM updated] FM updated
2025/01/31 18:08:57.539159 [Simulation:Info:toast@toast-new:Simulation not generated] Magnitude 5.92 of event bmg2025cdqz is smaller than triggerMinMagnitude: no automatic simulation
2025/01/31 18:09:01.452942 [Incident:Info:toast@toast-new:Origin updated] Origin updated: OT: 2025-01-31 11:03:43,  Lat/Lon: 3.11614°/96.9231°, Depth: 54.211
2025/01/31 18:09:01.453260 [Incident:Info:toast@toast-new:Magnitude updated] Magnitude updated: 5.93 (Mw(mB))
2025/01/31 18:09:01.453357 [Simulation:Info:toast@toast-new:Simulation not generated] Magnitude 5.93 of event bmg2025cdqz is smaller than triggerMinMagnitude: no automatic simulation
2025/01/31 18:09:06.447000 [Incident:Info:toast@toast-new:Origin updated] Origin updated: OT: 2025-01-31 11:03:43,  Lat/Lon: 3.11614°/96.9231°, Depth: 54.211
2025/01/31 18:09:06.483979 [Incident:Info:toast@toast-new:Magnitude updated] Magnitude updated: 5.89 (Mw(mB))
2025/01/31 18:09:06.484143 [Simulation:Info:toast@toast-new:Simulation not generated] Magnitude 5.89 of event bmg2025cdqz is smaller than triggerMinMagnitude: no automatic simulation
2025/01/31 18:09:07.772480 [Incident:Info:toast@toast-new:Origin updated] Origin updated: OT: 2025-01-31 11:03:43,  Lat/Lon: 3.11614°/96.9231°, Depth: 54.211
2025/01/31 18:09:07.772806 [Incident:Info:toast@toast-new:FM updated] FM updated
2025/01/31 18:09:07.773194 [Simulation:Info:toast@toast-new:Simulation not generated] Magnitude 5.89 of event bmg2025cdqz is smaller than triggerMinMagnitude: no automatic simulation
2025/01/31 18:09:11.491972 [Incident:Info:toast@toast-new:Origin updated] Origin updated: OT: 2025-01-31 11:03:43,  Lat/Lon: 3.11614°/96.9231°, Depth: 54.211
2025/01/31 18:09:11.529146 [Incident:Info:toast@toast-new:Magnitude updated] Magnitude updated: 5.89 (Mw(mB))
2025/01/31 18:09:11.529307 [Simulation:Info:toast@toast-new:Simulation not generated] Magnitude 5.89 of event bmg2025cdqz is smaller than triggerMinMagnitude: no automatic simulation
2025/01/31 18:09:16.948456 [Incident:Info:toast@toast-new:Origin updated] Origin updated: OT: 2025-01-31 11:03:43,  Lat/Lon: 3.11614°/96.9231°, Depth: 54.211
2025/01/31 18:09:16.986004 [Incident:Info:toast@toast-new:Magnitude updated] Magnitude updated: 5.88 (Mw(mB))
2025/01/31 18:09:16.986163 [Simulation:Info:toast@toast-new:Simulation not generated] Magnitude 5.88 of event bmg2025cdqz is smaller than triggerMinMagnitude: no automatic simulation
2025/01/31 18:09:17.009462 [Incident:Info:toast@toast-new:Origin updated] Origin updated: OT: 2025-01-31 11:03:43,  Lat/Lon: 3.11795°/96.9193°, Depth: 57.4552
2025/01/31 18:09:17.009777 [Incident:Info:toast@toast-new:Magnitude updated] Magnitude updated: 5.87 (Mw(mB))
2025/01/31 18:09:17.009872 [Simulation:Info:toast@toast-new:Simulation not generated] Magnitude 5.87 of event bmg2025cdqz is smaller than triggerMinMagnitude: no automatic simulation
2025/01/31 18:09:17.651341 [Incident:Info:toast@toast-new:Origin updated] Origin updated: OT: 2025-01-31 11:03:43,  Lat/Lon: 3.11795°/96.9193°, Depth: 57.4552
2025/01/31 18:09:17.651670 [Incident:Info:toast@toast-new:FM updated] FM updated
2025/01/31 18:09:17.652083 [Simulation:Info:toast@toast-new:Simulation not generated] Magnitude 5.87 of event bmg2025cdqz is smaller than triggerMinMagnitude: no automatic simulation
2025/01/31 18:09:21.603215 [Incident:Info:toast@toast-new:Origin updated] Origin updated: OT: 2025-01-31 11:03:43,  Lat/Lon: 3.11795°/96.9193°, Depth: 57.4552
2025/01/31 18:09:21.603576 [Incident:Info:toast@toast-new:Magnitude updated] Magnitude updated: 5.85 (Mw(mB))
2025/01/31 18:09:21.603700 [Simulation:Info:toast@toast-new:Simulation not generated] Magnitude 5.85 of event bmg2025cdqz is smaller than triggerMinMagnitude: no automatic simulation
2025/01/31 18:09:26.632387 [Incident:Info:toast@toast-new:Origin updated] Origin updated: OT: 2025-01-31 11:03:43,  Lat/Lon: 3.11795°/96.9193°, Depth: 57.4552
2025/01/31 18:09:26.632761 [Incident:Info:toast@toast-new:Magnitude updated] Magnitude updated: 5.83 (Mw(mB))
2025/01/31 18:09:26.632870 [Simulation:Info:toast@toast-new:Simulation not generated] Magnitude 5.83 of event bmg2025cdqz is smaller than triggerMinMagnitude: no automatic simulation
2025/01/31 18:09:27.644413 [Incident:Info:toast@toast-new:Origin updated] Origin updated: OT: 2025-01-31 11:03:43,  Lat/Lon: 3.11795°/96.9193°, Depth: 57.4552
2025/01/31 18:09:27.644745 [Incident:Info:toast@toast-new:FM updated] FM updated
2025/01/31 18:09:27.645148 [Simulation:Info:toast@toast-new:Simulation not generated] Magnitude 5.83 of event bmg2025cdqz is smaller than triggerMinMagnitude: no automatic simulation
2025/01/31 18:09:28.581722 [Incident:Info:toast@toast-new:Origin updated] Origin updated: OT: 2025-01-31 11:03:43,  Lat/Lon: 3.12104°/96.9367°, Depth: 59.6133
2025/01/31 18:09:28.582044 [Incident:Info:toast@toast-new:Magnitude updated] Magnitude updated: 5.81 (Mw(mB))
2025/01/31 18:09:28.582134 [Simulation:Info:toast@toast-new:Simulation not generated] Magnitude 5.81 of event bmg2025cdqz is smaller than triggerMinMagnitude: no automatic simulation
2025/01/31 18:09:31.623235 [Incident:Info:toast@toast-new:Origin updated] Origin updated: OT: 2025-01-31 11:03:43,  Lat/Lon: 3.12104°/96.9367°, Depth: 59.6133
2025/01/31 18:09:31.623564 [Incident:Info:toast@toast-new:Magnitude updated] Magnitude updated: 5.80 (Mw(mB))
2025/01/31 18:09:31.623664 [Simulation:Info:toast@toast-new:Simulation not generated] Magnitude 5.80 of event bmg2025cdqz is smaller than triggerMinMagnitude: no automatic simulation
2025/01/31 18:09:36.514726 [Incident:Info:toast@toast-new:Origin updated] Origin updated: OT: 2025-01-31 11:03:43,  Lat/Lon: 3.12104°/96.9367°, Depth: 59.6133
2025/01/31 18:09:36.515040 [Incident:Info:toast@toast-new:Magnitude updated] Magnitude updated: 5.80 (Mw(mB))
2025/01/31 18:09:36.515130 [Simulation:Info:toast@toast-new:Simulation not generated] Magnitude 5.80 of event bmg2025cdqz is smaller than triggerMinMagnitude: no automatic simulation
2025/01/31 18:09:36.835596 [Incident:Info:toast@toast-new:Origin updated] Origin updated: OT: 2025-01-31 11:03:43,  Lat/Lon: 3.12104°/96.9367°, Depth: 59.6133
2025/01/31 18:09:36.835880 [Incident:Info:toast@toast-new:FM updated] FM updated
2025/01/31 18:09:36.836269 [Simulation:Info:toast@toast-new:Simulation not generated] Magnitude 5.80 of event bmg2025cdqz is smaller than triggerMinMagnitude: no automatic simulation
2025/01/31 18:09:40.129213 [Incident:Info:toast@toast-new:Origin updated] Origin updated: OT: 2025-01-31 11:03:43,  Lat/Lon: 3.12104°/96.9367°, Depth: 59.6133
2025/01/31 18:09:40.129496 [Incident:Info:toast@toast-new:Magnitude updated] Magnitude updated: 5.79 (Mw(mB))
2025/01/31 18:09:40.129594 [Simulation:Info:toast@toast-new:Simulation not generated] Magnitude 5.79 of event bmg2025cdqz is smaller than triggerMinMagnitude: no automatic simulation
2025/01/31 18:09:40.149877 [Incident:Info:toast@toast-new:Origin updated] Origin updated: OT: 2025-01-31 11:03:43,  Lat/Lon: 3.11616°/96.9268°, Depth: 63.2655
2025/01/31 18:09:40.150146 [Incident:Info:toast@toast-new:Magnitude updated] Magnitude updated: 5.78 (Mw(mB))
2025/01/31 18:09:40.150231 [Simulation:Info:toast@toast-new:Simulation not generated] Magnitude 5.78 of event bmg2025cdqz is smaller than triggerMinMagnitude: no automatic simulation
2025/01/31 18:09:41.448112 [Incident:Info:toast@toast-new:Origin updated] Origin updated: OT: 2025-01-31 11:03:43,  Lat/Lon: 3.11616°/96.9268°, Depth: 63.2655
2025/01/31 18:09:41.448438 [Incident:Info:toast@toast-new:Magnitude updated] Magnitude updated: 5.77 (Mw(mB))
2025/01/31 18:09:41.448527 [Simulation:Info:toast@toast-new:Simulation not generated] Magnitude 5.77 of event bmg2025cdqz is smaller than triggerMinMagnitude: no automatic simulation
2025/01/31 18:09:46.587680 [Incident:Info:toast@toast-new:Origin updated] Origin updated: OT: 2025-01-31 11:03:43,  Lat/Lon: 3.11616°/96.9268°, Depth: 63.2655
2025/01/31 18:09:46.588015 [Incident:Info:toast@toast-new:Magnitude updated] Magnitude updated: 5.74 (Mw(mB))
2025/01/31 18:09:46.588143 [Simulation:Info:toast@toast-new:Simulation not generated] Magnitude 5.74 of event bmg2025cdqz is smaller than triggerMinMagnitude: no automatic simulation
2025/01/31 18:09:51.560056 [Incident:Info:toast@toast-new:Origin updated] Origin updated: OT: 2025-01-31 11:03:43,  Lat/Lon: 3.11616°/96.9268°, Depth: 63.2655
2025/01/31 18:09:51.596690 [Incident:Info:toast@toast-new:Magnitude updated] Magnitude updated: 5.72 (Mw(mB))
2025/01/31 18:09:51.596848 [Simulation:Info:toast@toast-new:Simulation not generated] Magnitude 5.72 of event bmg2025cdqz is smaller than triggerMinMagnitude: no automatic simulation
2025/01/31 18:09:57.140862 [Incident:Info:toast@toast-new:Origin updated] Origin updated: OT: 2025-01-31 11:03:43,  Lat/Lon: 3.1438°/96.9494°, Depth: 58.0119
2025/01/31 18:09:57.141253 [Incident:Info:toast@toast-new:Magnitude updated] Magnitude updated: 5.71 (Mw(mB))
2025/01/31 18:09:57.141353 [Simulation:Info:toast@toast-new:Simulation not generated] Magnitude 5.71 of event bmg2025cdqz is smaller than triggerMinMagnitude: no automatic simulation
2025/01/31 18:09:57.216158 [Incident:Info:toast@toast-new:Origin updated] Origin updated: OT: 2025-01-31 11:03:43,  Lat/Lon: 3.1438°/96.9494°, Depth: 58.0119
2025/01/31 18:09:57.216339 [Incident:Info:toast@toast-new:Magnitude updated] Magnitude updated: 5.70 (Mw(mB))
2025/01/31 18:09:57.216392 [Simulation:Info:toast@toast-new:Simulation not generated] Magnitude 5.70 of event bmg2025cdqz is smaller than triggerMinMagnitude: no automatic simulation
2025/01/31 18:10:01.705614 [Incident:Info:toast@toast-new:Origin updated] Origin updated: OT: 2025-01-31 11:03:43,  Lat/Lon: 3.1438°/96.9494°, Depth: 58.0119
2025/01/31 18:10:01.705948 [Incident:Info:toast@toast-new:Magnitude updated] Magnitude updated: 5.69 (Mw(mB))
2025/01/31 18:10:01.706046 [Simulation:Info:toast@toast-new:Simulation not generated] Magnitude 5.69 of event bmg2025cdqz is smaller than triggerMinMagnitude: no automatic simulation
2025/01/31 18:10:03.763167 [Incident:Info:toast@toast-new:Origin updated] Origin updated: OT: 2025-01-31 11:03:43,  Lat/Lon: 3.1438°/96.9494°, Depth: 58.0119
2025/01/31 18:10:03.763496 [Incident:Info:toast@toast-new:Magnitude updated] Magnitude updated: 5.70 (Mw(mB))
2025/01/31 18:10:03.763584 [Simulation:Info:toast@toast-new:Simulation not generated] Magnitude 5.70 of event bmg2025cdqz is smaller than triggerMinMagnitude: no automatic simulation
2025/01/31 18:10:06.525272 [Incident:Info:toast@toast-new:Origin updated] Origin updated: OT: 2025-01-31 11:03:43,  Lat/Lon: 3.1438°/96.9494°, Depth: 58.0119
2025/01/31 18:10:06.525608 [Incident:Info:toast@toast-new:Magnitude updated] Magnitude updated: 5.69 (Mw(mB))
2025/01/31 18:10:06.525707 [Simulation:Info:toast@toast-new:Simulation not generated] Magnitude 5.69 of event bmg2025cdqz is smaller than triggerMinMagnitude: no automatic simulation
2025/01/31 18:10:11.730315 [Incident:Info:toast@toast-new:Origin updated] Origin updated: OT: 2025-01-31 11:03:43,  Lat/Lon: 3.1438°/96.9494°, Depth: 58.0119
2025/01/31 18:10:11.730662 [Incident:Info:toast@toast-new:Magnitude updated] Magnitude updated: 5.68 (Mw(mB))
2025/01/31 18:10:11.730767 [Simulation:Info:toast@toast-new:Simulation not generated] Magnitude 5.68 of event bmg2025cdqz is smaller than triggerMinMagnitude: no automatic simulation
2025/01/31 18:10:16.713438 [Incident:Info:toast@toast-new:Origin updated] Origin updated: OT: 2025-01-31 11:03:43,  Lat/Lon: 3.1438°/96.9494°, Depth: 58.0119
2025/01/31 18:10:16.713782 [Incident:Info:toast@toast-new:Magnitude updated] Magnitude updated: 5.68 (Mw(mB))
2025/01/31 18:10:16.713886 [Simulation:Info:toast@toast-new:Simulation not generated] Magnitude 5.68 of event bmg2025cdqz is smaller than triggerMinMagnitude: no automatic simulation
2025/01/31 18:11:01.827282 [Incident:Info:toast@toast-new:Origin updated] Origin updated: OT: 2025-01-31 11:03:43,  Lat/Lon: 3.15663°/96.9587°, Depth: 58.6095
2025/01/31 18:11:01.827679 [Incident:Info:toast@toast-new:Magnitude updated] Magnitude updated: 5.68 (Mw(mB))
2025/01/31 18:11:01.827790 [Simulation:Info:toast@toast-new:Simulation not generated] Magnitude 5.68 of event bmg2025cdqz is smaller than triggerMinMagnitude: no automatic simulation
2025/01/31 18:11:09.697976 [Incident:Info:toast@toast-new:Origin updated] Origin updated: OT: 2025-01-31 11:03:43,  Lat/Lon: 3.15663°/96.9587°, Depth: 58.6095
2025/01/31 18:11:09.698236 [Incident:Info:toast@toast-new:FM updated] FM updated
2025/01/31 18:11:09.698590 [Simulation:Info:toast@toast-new:Simulation not generated] Magnitude 5.68 of event bmg2025cdqz is smaller than triggerMinMagnitude: no automatic simulation
2025/01/31 18:13:32.302033 [Incident:Info:toast@toast-new:Origin updated] Origin updated: OT: 2025-01-31 11:03:43,  Lat/Lon: 3.15663°/96.9587°, Depth: 58.6095
2025/01/31 18:13:32.302351 [Incident:Info:toast@toast-new:Magnitude updated] Magnitude updated: 5.89 (mb)
2025/01/31 18:13:32.302484 [Simulation:Info:toast@toast-new:Simulation not generated] Magnitude 5.89 of event bmg2025cdqz is smaller than triggerMinMagnitude: no automatic simulation
2025/01/31 18:15:03.345150 [Incident:Info:toast@toast-new:Origin updated] Origin updated: OT: 2025-01-31 11:03:43,  Lat/Lon: 3.15663°/96.9587°, Depth: 58.6095
2025/01/31 18:15:03.345439 [Incident:Info:toast@toast-new:FM updated] FM updated
2025/01/31 18:15:03.345836 [Simulation:Info:toast@toast-new:Simulation not generated] Magnitude 5.89 of event bmg2025cdqz is smaller than triggerMinMagnitude: no automatic simulation
2025/01/31 18:20:16.531522 [Incident:Info:toast@toast-new:Origin updated] Origin updated: OT: 2025-01-31 11:03:43,  Lat/Lon: 3.15663°/96.9587°, Depth: 58.6095
2025/01/31 18:20:16.531858 [Incident:Info:toast@toast-new:FM updated] FM updated
2025/01/31 18:20:16.532272 [Simulation:Info:toast@toast-new:Simulation not generated] Magnitude 5.89 of event bmg2025cdqz is smaller than triggerMinMagnitude: no automatic simulation
