2025/07/02 10:08:22.505410 [Incident:Info:toast@toast-new:Displacement(s) updated] Added 0 and changed 0 displacements with 0 amplitudes
2025/07/02 10:08:22.506438 [Incident:Info:toast@toast-new:Incident created] Incident created based on event received from messaging: OT: 2025-07-02 02:57:22,  Lat/Lon: -25.88°/-174.79°, Depth: 133.41, Mag: 5.39 (M)
2025/07/02 10:08:22.507158 [Simulation:Info:toast@toast-new:Simulation not generated] Magnitude 5.39 of event bmg2025mutk is smaller than triggerMinMagnitude: no automatic simulation
2025/07/02 10:08:22.710707 [Incident:Info:toast@toast-new:Origin updated] Origin updated: OT: 2025-07-02 02:57:22,  Lat/Lon: -25.8822°/-174.792°, Depth: 133.407
2025/07/02 10:08:22.710801 [Simulation:Info:toast@toast-new:Simulation not generated] Magnitude 5.39 of event bmg2025mutk is smaller than triggerMinMagnitude: no automatic simulation
2025/07/02 10:08:33.134490 [Incident:Info:toast@toast-new:Origin updated] Origin updated: OT: 2025-07-02 02:57:23,  Lat/Lon: -25.859°/-174.782°, Depth: 137.954
2025/07/02 10:08:33.134720 [Incident:Info:toast@toast-new:Magnitude updated] Magnitude updated: 5.38 (M)
2025/07/02 10:08:33.134768 [Simulation:Info:toast@toast-new:Simulation not generated] Magnitude 5.38 of event bmg2025mutk is smaller than triggerMinMagnitude: no automatic simulation
2025/07/02 10:08:38.702354 [Incident:Info:toast@toast-new:Origin updated] Origin updated: OT: 2025-07-02 02:57:23,  Lat/Lon: -25.859°/-174.782°, Depth: 137.954
2025/07/02 10:08:38.702545 [Incident:Info:toast@toast-new:Magnitude updated] Magnitude updated: 5.60 (M)
2025/07/02 10:08:38.702604 [Simulation:Info:toast@toast-new:Simulation not generated] Magnitude 5.60 of event bmg2025mutk is smaller than triggerMinMagnitude: no automatic simulation
2025/07/02 10:08:43.692276 [Incident:Info:toast@toast-new:Origin updated] Origin updated: OT: 2025-07-02 02:57:23,  Lat/Lon: -25.859°/-174.782°, Depth: 137.954
2025/07/02 10:08:43.692529 [Incident:Info:toast@toast-new:Magnitude updated] Magnitude updated: 5.76 (M)
2025/07/02 10:08:43.692632 [Simulation:Info:toast@toast-new:Simulation not generated] Magnitude 5.76 of event bmg2025mutk is smaller than triggerMinMagnitude: no automatic simulation
2025/07/02 10:09:13.685326 [Incident:Info:toast@toast-new:Origin updated] Origin updated: OT: 2025-07-02 02:57:23,  Lat/Lon: -25.859°/-174.782°, Depth: 137.954
2025/07/02 10:09:13.689261 [Incident:Info:toast@toast-new:Magnitude updated] Magnitude updated: 5.70 (M)
2025/07/02 10:09:13.689403 [Simulation:Info:toast@toast-new:Simulation not generated] Magnitude 5.70 of event bmg2025mutk is smaller than triggerMinMagnitude: no automatic simulation
2025/07/02 10:09:32.782824 [Incident:Info:toast@toast-new:Origin updated] Origin updated: OT: 2025-07-02 02:57:22,  Lat/Lon: -25.9166°/-174.813°, Depth: 126.034
2025/07/02 10:09:32.783195 [Incident:Info:toast@toast-new:Magnitude updated] Magnitude updated: 5.71 (M)
2025/07/02 10:09:32.783277 [Simulation:Info:toast@toast-new:Simulation not generated] Magnitude 5.71 of event bmg2025mutk is smaller than triggerMinMagnitude: no automatic simulation
2025/07/02 10:10:00.657361 [Incident:Info:toast@toast-new:Origin updated] Origin updated: OT: 2025-07-02 02:57:22,  Lat/Lon: -25.8832°/-174.831°, Depth: 124.677
2025/07/02 10:10:00.657549 [Incident:Info:toast@toast-new:Magnitude updated] Magnitude updated: 5.70 (M)
2025/07/02 10:10:00.657592 [Simulation:Info:toast@toast-new:Simulation not generated] Magnitude 5.70 of event bmg2025mutk is smaller than triggerMinMagnitude: no automatic simulation
2025/07/02 10:10:12.999404 [Incident:Info:toast@toast-new:Origin updated] Origin updated: OT: 2025-07-02 02:57:23,  Lat/Lon: -25.794°/-174.766°, Depth: 139.328
2025/07/02 10:10:12.999667 [Incident:Info:toast@toast-new:Magnitude updated] Magnitude updated: 5.68 (M)
2025/07/02 10:10:12.999744 [Simulation:Info:toast@toast-new:Simulation not generated] Magnitude 5.68 of event bmg2025mutk is smaller than triggerMinMagnitude: no automatic simulation
2025/07/02 10:10:33.738633 [Incident:Info:toast@toast-new:Origin updated] Origin updated: OT: 2025-07-02 02:57:23,  Lat/Lon: -25.794°/-174.766°, Depth: 139.328
2025/07/02 10:10:33.738835 [Incident:Info:toast@toast-new:Magnitude updated] Magnitude updated: 5.56 (M)
2025/07/02 10:10:33.738891 [Simulation:Info:toast@toast-new:Simulation not generated] Magnitude 5.56 of event bmg2025mutk is smaller than triggerMinMagnitude: no automatic simulation
2025/07/02 10:12:36.383700 [Incident:Info:toast@toast-new:Origin updated] Origin updated: OT: 2025-07-02 02:57:11,  Lat/Lon: -26.3872°/-175.247°, Depth: 10
2025/07/02 10:12:36.385879 [Incident:Info:toast@toast-new:Magnitude updated] Magnitude updated: 5.39 (mb)
2025/07/02 10:12:36.385960 [Simulation:Info:toast@toast-new:Simulation not generated] Magnitude 5.39 of event bmg2025mutk is smaller than triggerMinMagnitude: no automatic simulation
2025/07/02 10:12:36.397405 [Incident:Info:toast@toast-new:Origin updated] Origin updated: OT: 2025-07-02 02:57:11,  Lat/Lon: -26.3872°/-175.247°, Depth: 10
2025/07/02 10:12:36.397497 [Incident:Info:toast@toast-new:Magnitude updated] Magnitude updated: 6.07 (M)
2025/07/02 10:12:36.397541 [Simulation:Info:toast@toast-new:Simulation not generated] Magnitude 6.07 of event bmg2025mutk is smaller than triggerMinMagnitude: no automatic simulation
2025/07/02 10:22:59.180422 [Incident:Info:toast@toast-new:Origin updated] Origin updated: OT: 2025-07-02 02:57:11,  Lat/Lon: -26.3872°/-175.247°, Depth: 10
2025/07/02 10:22:59.184630 [Incident:Info:toast@toast-new:FM updated] FM updated
2025/07/02 10:22:59.185044 [Simulation:Info:toast@toast-new:Simulation not generated] Magnitude 6.07 of event bmg2025mutk is smaller than triggerMinMagnitude: no automatic simulation
2025/07/02 10:24:07.000507 [Incident:Info:toast@toast-new:Origin updated] Origin updated: OT: 2025-07-02 02:57:11,  Lat/Lon: -26.3872°/-175.247°, Depth: 10
2025/07/02 10:24:07.000806 [Incident:Info:toast@toast-new:Magnitude updated] Magnitude updated: 5.39 (mb)
2025/07/02 10:24:07.000913 [Simulation:Info:toast@toast-new:Simulation not generated] Magnitude 5.39 of event bmg2025mutk is smaller than triggerMinMagnitude: no automatic simulation
2025/07/02 10:24:43.351539 [Incident:Info:toast@toast-new:Origin updated] Origin updated: OT: 2025-07-02 02:57:11,  Lat/Lon: -26.3872°/-175.247°, Depth: 10
2025/07/02 10:24:43.351905 [Incident:Info:toast@toast-new:FM updated] FM updated
2025/07/02 10:24:43.352157 [Simulation:Info:toast@toast-new:Simulation not generated] Magnitude 5.39 of event bmg2025mutk is smaller than triggerMinMagnitude: no automatic simulation
2025/07/02 10:24:54.882310 [Incident:Info:toast@toast-new:Origin updated] Origin updated: OT: 2025-07-02 02:57:11,  Lat/Lon: -26.3872°/-175.247°, Depth: 10
2025/07/02 10:24:54.882659 [Simulation:Info:toast@toast-new:Simulation not generated] Magnitude 5.39 of event bmg2025mutk is smaller than triggerMinMagnitude: no automatic simulation
2025/07/02 10:25:04.677144 [Incident:Info:toast@toast-new:Origin updated] Origin updated: OT: 2025-07-02 02:57:11,  Lat/Lon: -26.3872°/-175.247°, Depth: 10
2025/07/02 10:25:04.677393 [Simulation:Info:toast@toast-new:Simulation not generated] Magnitude 5.39 of event bmg2025mutk is smaller than triggerMinMagnitude: no automatic simulation
2025/07/02 10:25:14.058783 [Incident:Info:toast@toast-new:Origin updated] Origin updated: OT: 2025-07-02 02:57:11,  Lat/Lon: -26.3872°/-175.247°, Depth: 10
2025/07/02 10:25:14.059138 [Simulation:Info:toast@toast-new:Simulation not generated] Magnitude 5.39 of event bmg2025mutk is smaller than triggerMinMagnitude: no automatic simulation
2025/07/02 10:25:23.247795 [Incident:Info:toast@toast-new:Origin updated] Origin updated: OT: 2025-07-02 02:57:11,  Lat/Lon: -26.3872°/-175.247°, Depth: 10
2025/07/02 10:25:23.248167 [Simulation:Info:toast@toast-new:Simulation not generated] Magnitude 5.39 of event bmg2025mutk is smaller than triggerMinMagnitude: no automatic simulation
2025/07/02 10:25:33.544651 [Incident:Info:toast@toast-new:Origin updated] Origin updated: OT: 2025-07-02 02:57:11,  Lat/Lon: -26.3872°/-175.247°, Depth: 10
2025/07/02 10:25:33.544981 [Simulation:Info:toast@toast-new:Simulation not generated] Magnitude 5.39 of event bmg2025mutk is smaller than triggerMinMagnitude: no automatic simulation
2025/07/02 10:25:42.951281 [Incident:Info:toast@toast-new:Origin updated] Origin updated: OT: 2025-07-02 02:57:11,  Lat/Lon: -26.3872°/-175.247°, Depth: 10
2025/07/02 10:25:42.951596 [Simulation:Info:toast@toast-new:Simulation not generated] Magnitude 5.39 of event bmg2025mutk is smaller than triggerMinMagnitude: no automatic simulation
2025/07/02 10:41:24.426374 [Incident:Info:toast@toast-new:Origin updated] Origin updated: OT: 2025-07-02 02:57:11,  Lat/Lon: -26.3872°/-175.247°, Depth: 10
2025/07/02 10:41:24.426701 [Simulation:Info:toast@toast-new:Simulation not generated] Magnitude 5.39 of event bmg2025mutk is smaller than triggerMinMagnitude: no automatic simulation
2025/07/08 00:04:47.006609 [Incident:Info:toast@toast-new:Origin updated] Origin updated: OT: 2025-07-02 02:57:17,  Lat/Lon: -26.1685°/-175.366°, Depth: 45.2289
2025/07/08 00:04:47.006793 [Incident:Info:toast@toast-new:Magnitude updated] Magnitude updated: 5.35 (mb)
2025/07/08 00:04:47.006825 [Simulation:Info:toast@toast-new:Simulation not generated] Magnitude 5.35 of event bmg2025mutk is smaller than triggerMinMagnitude: no automatic simulation
2025/07/08 00:05:03.889001 [Incident:Info:toast@toast-new:Origin updated] Origin updated: OT: 2025-07-02 02:57:17,  Lat/Lon: -26.1685°/-175.366°, Depth: 45.2289
2025/07/08 00:05:03.889194 [Simulation:Info:toast@toast-new:Simulation not generated] Magnitude 5.35 of event bmg2025mutk is smaller than triggerMinMagnitude: no automatic simulation
2025/07/08 00:05:03.909632 [Incident:Info:toast@toast-new:Origin updated] Origin updated: OT: 2025-07-02 02:57:17,  Lat/Lon: -26.1685°/-175.366°, Depth: 45.2289
2025/07/08 00:05:03.909744 [Simulation:Info:toast@toast-new:Simulation not generated] Magnitude 5.35 of event bmg2025mutk is smaller than triggerMinMagnitude: no automatic simulation
