2025/08/02 01:30:36.368150 [Incident:Info:toast@toast-new:Displacement(s) updated] Added 0 and changed 0 displacements with 0 amplitudes
2025/08/02 01:30:36.371230 [Incident:Info:toast@toast-new:Incident created] Incident created based on event received from messaging: OT: 2025-08-01 18:20:45,  Lat/Lon: 50.21°/158.93°, Depth: 10.00, Mag: 5.94 (M)
2025/08/02 01:30:36.371873 [Simulation:Info:toast@toast-new:Simulation not generated] Magnitude 5.94 of event bmg2025oysz is smaller than triggerMinMagnitude: no automatic simulation
2025/08/02 01:30:36.393539 [Incident:Info:toast@toast-new:Origin updated] Origin updated: OT: 2025-08-01 18:20:45,  Lat/Lon: 50.2106°/158.933°, Depth: 10
2025/08/02 01:30:36.393696 [Simulation:Info:toast@toast-new:Simulation not generated] Magnitude 5.94 of event bmg2025oysz is smaller than triggerMinMagnitude: no automatic simulation
2025/08/02 01:30:45.951812 [Incident:Info:toast@toast-new:Origin updated] Origin updated: OT: 2025-08-01 18:20:45,  Lat/Lon: 50.177°/158.914°, Depth: 10
2025/08/02 01:30:45.952002 [Incident:Info:toast@toast-new:Magnitude updated] Magnitude updated: 5.98 (Mw(mB))
2025/08/02 01:30:45.952057 [Simulation:Info:toast@toast-new:Simulation not generated] Magnitude 5.98 of event bmg2025oysz is smaller than triggerMinMagnitude: no automatic simulation
2025/08/02 01:30:55.079272 [Incident:Info:toast@toast-new:Origin updated] Origin updated: OT: 2025-08-01 18:20:45,  Lat/Lon: 50.2056°/158.924°, Depth: 10
2025/08/02 01:30:55.079466 [Incident:Info:toast@toast-new:Magnitude updated] Magnitude updated: 5.98 (Mw(mB))
2025/08/02 01:30:55.079498 [Simulation:Info:toast@toast-new:Simulation not generated] Magnitude 5.98 of event bmg2025oysz is smaller than triggerMinMagnitude: no automatic simulation
2025/08/02 01:31:05.065620 [Incident:Info:toast@toast-new:Origin updated] Origin updated: OT: 2025-08-01 18:20:45,  Lat/Lon: 50.2056°/158.924°, Depth: 10
2025/08/02 01:31:05.065784 [Incident:Info:toast@toast-new:Magnitude updated] Magnitude updated: 6.03 (Mw(mB))
2025/08/02 01:31:05.065816 [Simulation:Info:toast@toast-new:Simulation not generated] Magnitude 6.03 of event bmg2025oysz is smaller than triggerMinMagnitude: no automatic simulation
2025/08/02 01:31:07.509441 [Incident:Info:toast@toast-new:Origin updated] Origin updated: OT: 2025-08-01 18:20:46,  Lat/Lon: 50.2617°/158.921°, Depth: 10
2025/08/02 01:31:07.509646 [Incident:Info:toast@toast-new:Magnitude updated] Magnitude updated: 5.98 (M)
2025/08/02 01:31:07.509697 [Simulation:Info:toast@toast-new:Simulation not generated] Magnitude 5.98 of event bmg2025oysz is smaller than triggerMinMagnitude: no automatic simulation
2025/08/02 01:31:20.052372 [Incident:Info:toast@toast-new:Origin updated] Origin updated: OT: 2025-08-01 18:20:46,  Lat/Lon: 50.2617°/158.921°, Depth: 10
2025/08/02 01:31:20.052546 [Incident:Info:toast@toast-new:Magnitude updated] Magnitude updated: 6.06 (Mw(mB))
2025/08/02 01:31:20.052601 [Simulation:Info:toast@toast-new:Simulation not generated] Magnitude 6.06 of event bmg2025oysz is smaller than triggerMinMagnitude: no automatic simulation
2025/08/02 01:31:20.075058 [Incident:Info:toast@toast-new:Origin updated] Origin updated: OT: 2025-08-01 18:20:46,  Lat/Lon: 50.2617°/158.921°, Depth: 10
2025/08/02 01:31:20.075167 [Simulation:Info:toast@toast-new:Simulation not generated] Magnitude 6.06 of event bmg2025oysz is smaller than triggerMinMagnitude: no automatic simulation
2025/08/02 01:31:23.284715 [Incident:Info:toast@toast-new:Origin updated] Origin updated: OT: 2025-08-01 18:20:46,  Lat/Lon: 50.2617°/158.921°, Depth: 10
2025/08/02 01:31:23.284901 [Incident:Info:toast@toast-new:Magnitude updated] Magnitude updated: 6.11 (Mw(mB))
2025/08/02 01:31:23.284949 [Simulation:Info:toast@toast-new:Simulation not generated] Magnitude 6.11 of event bmg2025oysz is smaller than triggerMinMagnitude: no automatic simulation
2025/08/02 01:31:23.319824 [Incident:Info:toast@toast-new:Origin updated] Origin updated: OT: 2025-08-01 18:20:46,  Lat/Lon: 50.2637°/158.94°, Depth: 10
2025/08/02 01:31:23.319971 [Incident:Info:toast@toast-new:Magnitude updated] Magnitude updated: 6.02 (M)
2025/08/02 01:31:23.320049 [Simulation:Info:toast@toast-new:Simulation not generated] Magnitude 6.02 of event bmg2025oysz is smaller than triggerMinMagnitude: no automatic simulation
2025/08/02 01:31:25.053718 [Incident:Info:toast@toast-new:Origin updated] Origin updated: OT: 2025-08-01 18:20:46,  Lat/Lon: 50.2637°/158.94°, Depth: 10
2025/08/02 01:31:25.054653 [Incident:Info:toast@toast-new:Magnitude updated] Magnitude updated: 6.03 (M)
2025/08/02 01:31:25.054736 [Simulation:Info:toast@toast-new:Simulation not generated] Magnitude 6.03 of event bmg2025oysz is smaller than triggerMinMagnitude: no automatic simulation
2025/08/02 01:31:30.132430 [Incident:Info:toast@toast-new:Origin updated] Origin updated: OT: 2025-08-01 18:20:46,  Lat/Lon: 50.2637°/158.94°, Depth: 10
2025/08/02 01:31:30.132624 [Incident:Info:toast@toast-new:Magnitude updated] Magnitude updated: 6.33 (Mw(mB))
2025/08/02 01:31:30.132691 [Simulation:Info:toast@toast-new:Simulation not generated] Magnitude 6.33 of event bmg2025oysz is smaller than triggerMinMagnitude: no automatic simulation
2025/08/02 01:31:30.158507 [Incident:Info:toast@toast-new:Origin updated] Origin updated: OT: 2025-08-01 18:20:46,  Lat/Lon: 50.2637°/158.94°, Depth: 10
2025/08/02 01:31:30.158628 [Simulation:Info:toast@toast-new:Simulation not generated] Magnitude 6.33 of event bmg2025oysz is smaller than triggerMinMagnitude: no automatic simulation
2025/08/02 01:31:33.365674 [Incident:Info:toast@toast-new:Origin updated] Origin updated: OT: 2025-08-01 18:20:46,  Lat/Lon: 50.2637°/158.94°, Depth: 10
2025/08/02 01:31:33.365831 [Incident:Info:toast@toast-new:Magnitude updated] Magnitude updated: 6.37 (Mw(mB))
2025/08/02 01:31:33.365876 [Simulation:Info:toast@toast-new:Simulation not generated] Magnitude 6.37 of event bmg2025oysz is smaller than triggerMinMagnitude: no automatic simulation
2025/08/02 01:31:33.389865 [Incident:Info:toast@toast-new:Origin updated] Origin updated: OT: 2025-08-01 18:20:46,  Lat/Lon: 50.2491°/158.96°, Depth: 10
2025/08/02 01:31:33.390001 [Incident:Info:toast@toast-new:Magnitude updated] Magnitude updated: 6.18 (M)
2025/08/02 01:31:33.390041 [Simulation:Info:toast@toast-new:Simulation not generated] Magnitude 6.18 of event bmg2025oysz is smaller than triggerMinMagnitude: no automatic simulation
2025/08/02 01:31:35.048238 [Incident:Info:toast@toast-new:Origin updated] Origin updated: OT: 2025-08-01 18:20:46,  Lat/Lon: 50.2491°/158.96°, Depth: 10
2025/08/02 01:31:35.048427 [Incident:Info:toast@toast-new:Magnitude updated] Magnitude updated: 6.19 (M)
2025/08/02 01:31:35.048470 [Simulation:Info:toast@toast-new:Simulation not generated] Magnitude 6.19 of event bmg2025oysz is smaller than triggerMinMagnitude: no automatic simulation
2025/08/02 01:31:40.073886 [Incident:Info:toast@toast-new:Origin updated] Origin updated: OT: 2025-08-01 18:20:46,  Lat/Lon: 50.2491°/158.96°, Depth: 10
2025/08/02 01:31:40.074074 [Incident:Info:toast@toast-new:Magnitude updated] Magnitude updated: 6.41 (Mw(mB))
2025/08/02 01:31:40.074135 [Simulation:Info:toast@toast-new:Simulation not generated] Magnitude 6.41 of event bmg2025oysz is smaller than triggerMinMagnitude: no automatic simulation
2025/08/02 01:31:40.096785 [Incident:Info:toast@toast-new:Origin updated] Origin updated: OT: 2025-08-01 18:20:46,  Lat/Lon: 50.2491°/158.96°, Depth: 10
2025/08/02 01:31:40.096897 [Simulation:Info:toast@toast-new:Simulation not generated] Magnitude 6.41 of event bmg2025oysz is smaller than triggerMinMagnitude: no automatic simulation
2025/08/02 01:31:43.571289 [Incident:Info:toast@toast-new:Origin updated] Origin updated: OT: 2025-08-01 18:20:46,  Lat/Lon: 50.2856°/158.948°, Depth: 11.1088
2025/08/02 01:31:43.571521 [Incident:Info:toast@toast-new:Magnitude updated] Magnitude updated: 6.42 (Mw(mB))
2025/08/02 01:31:43.571570 [Simulation:Info:toast@toast-new:Simulation not generated] Magnitude 6.42 of event bmg2025oysz is smaller than triggerMinMagnitude: no automatic simulation
2025/08/02 01:31:54.998814 [Incident:Info:toast@toast-new:Origin updated] Origin updated: OT: 2025-08-01 18:20:46,  Lat/Lon: 50.2856°/158.948°, Depth: 11.1088
2025/08/02 01:31:54.999006 [Incident:Info:toast@toast-new:Magnitude updated] Magnitude updated: 6.30 (mb)
2025/08/02 01:31:54.999068 [Simulation:Info:toast@toast-new:Simulation not generated] Magnitude 6.30 of event bmg2025oysz is smaller than triggerMinMagnitude: no automatic simulation
2025/08/02 01:32:23.521391 [Incident:Info:toast@toast-new:Origin updated] Origin updated: OT: 2025-08-01 18:20:46,  Lat/Lon: 50.2856°/158.948°, Depth: 11.1088
2025/08/02 01:32:23.521574 [Incident:Info:toast@toast-new:Magnitude updated] Magnitude updated: 6.04 (Mw(Mwp))
2025/08/02 01:32:23.521635 [Simulation:Info:toast@toast-new:Simulation not generated] Magnitude 6.04 of event bmg2025oysz is smaller than triggerMinMagnitude: no automatic simulation
2025/08/02 01:32:50.346405 [Incident:Info:toast@toast-new:Origin updated] Origin updated: OT: 2025-08-01 18:20:47,  Lat/Lon: 50.2524°/158.979°, Depth: 21.2957
2025/08/02 01:32:50.346629 [Incident:Info:toast@toast-new:Magnitude updated] Magnitude updated: 6.05 (Mw(Mwp))
2025/08/02 01:32:50.346677 [Simulation:Info:toast@toast-new:Simulation not generated] Magnitude 6.05 of event bmg2025oysz is smaller than triggerMinMagnitude: no automatic simulation
2025/08/02 01:32:50.403446 [Incident:Info:toast@toast-new:Origin updated] Origin updated: OT: 2025-08-01 18:20:47,  Lat/Lon: 50.2524°/158.979°, Depth: 21.2957
2025/08/02 01:32:50.403575 [Incident:Info:toast@toast-new:Magnitude updated] Magnitude updated: 6.05 (Mw(Mwp))
2025/08/02 01:32:50.403609 [Simulation:Info:toast@toast-new:Simulation not generated] Magnitude 6.05 of event bmg2025oysz is smaller than triggerMinMagnitude: no automatic simulation
2025/08/02 01:32:55.678419 [Incident:Info:toast@toast-new:Origin updated] Origin updated: OT: 2025-08-01 18:20:47,  Lat/Lon: 50.2524°/158.979°, Depth: 21.2957
2025/08/02 01:32:55.679304 [Incident:Info:toast@toast-new:Magnitude updated] Magnitude updated: 6.05 (Mw(Mwp))
2025/08/02 01:32:55.679353 [Simulation:Info:toast@toast-new:Simulation not generated] Magnitude 6.05 of event bmg2025oysz is smaller than triggerMinMagnitude: no automatic simulation
2025/08/02 01:33:00.695865 [Incident:Info:toast@toast-new:Origin updated] Origin updated: OT: 2025-08-01 18:20:47,  Lat/Lon: 50.2524°/158.979°, Depth: 21.2957
2025/08/02 01:33:00.733016 [Incident:Info:toast@toast-new:Magnitude updated] Magnitude updated: 6.05 (Mw(Mwp))
2025/08/02 01:33:00.733103 [Simulation:Info:toast@toast-new:Simulation not generated] Magnitude 6.05 of event bmg2025oysz is smaller than triggerMinMagnitude: no automatic simulation
2025/08/02 01:33:05.520029 [Incident:Info:toast@toast-new:Origin updated] Origin updated: OT: 2025-08-01 18:20:47,  Lat/Lon: 50.2524°/158.979°, Depth: 21.2957
2025/08/02 01:33:05.520184 [Incident:Info:toast@toast-new:Magnitude updated] Magnitude updated: 6.05 (Mw(Mwp))
2025/08/02 01:33:05.520213 [Simulation:Info:toast@toast-new:Simulation not generated] Magnitude 6.05 of event bmg2025oysz is smaller than triggerMinMagnitude: no automatic simulation
2025/08/02 01:33:10.468708 [Incident:Info:toast@toast-new:Origin updated] Origin updated: OT: 2025-08-01 18:20:47,  Lat/Lon: 50.2524°/158.979°, Depth: 21.2957
2025/08/02 01:33:10.468898 [Incident:Info:toast@toast-new:Magnitude updated] Magnitude updated: 6.05 (Mw(Mwp))
2025/08/02 01:33:10.468943 [Simulation:Info:toast@toast-new:Simulation not generated] Magnitude 6.05 of event bmg2025oysz is smaller than triggerMinMagnitude: no automatic simulation
2025/08/02 01:33:15.543314 [Incident:Info:toast@toast-new:Origin updated] Origin updated: OT: 2025-08-01 18:20:47,  Lat/Lon: 50.2524°/158.979°, Depth: 21.2957
2025/08/02 01:33:15.543499 [Incident:Info:toast@toast-new:Magnitude updated] Magnitude updated: 6.05 (Mw(Mwp))
2025/08/02 01:33:15.543539 [Simulation:Info:toast@toast-new:Simulation not generated] Magnitude 6.05 of event bmg2025oysz is smaller than triggerMinMagnitude: no automatic simulation
2025/08/02 01:33:20.684051 [Incident:Info:toast@toast-new:Origin updated] Origin updated: OT: 2025-08-01 18:20:47,  Lat/Lon: 50.2524°/158.979°, Depth: 21.2957
2025/08/02 01:33:20.684269 [Incident:Info:toast@toast-new:Magnitude updated] Magnitude updated: 6.05 (Mw(Mwp))
2025/08/02 01:33:20.684340 [Simulation:Info:toast@toast-new:Simulation not generated] Magnitude 6.05 of event bmg2025oysz is smaller than triggerMinMagnitude: no automatic simulation
2025/08/02 01:33:25.437117 [Incident:Info:toast@toast-new:Origin updated] Origin updated: OT: 2025-08-01 18:20:47,  Lat/Lon: 50.2524°/158.979°, Depth: 21.2957
2025/08/02 01:33:25.437310 [Incident:Info:toast@toast-new:Magnitude updated] Magnitude updated: 6.05 (Mw(Mwp))
2025/08/02 01:33:25.437352 [Simulation:Info:toast@toast-new:Simulation not generated] Magnitude 6.05 of event bmg2025oysz is smaller than triggerMinMagnitude: no automatic simulation
2025/08/02 01:33:30.411845 [Incident:Info:toast@toast-new:Origin updated] Origin updated: OT: 2025-08-01 18:20:47,  Lat/Lon: 50.2524°/158.979°, Depth: 21.2957
2025/08/02 01:33:30.413443 [Incident:Info:toast@toast-new:Magnitude updated] Magnitude updated: 6.05 (Mw(Mwp))
2025/08/02 01:33:30.413488 [Simulation:Info:toast@toast-new:Simulation not generated] Magnitude 6.05 of event bmg2025oysz is smaller than triggerMinMagnitude: no automatic simulation
2025/08/02 01:33:33.522599 [Incident:Info:toast@toast-new:Origin updated] Origin updated: OT: 2025-08-01 18:20:47,  Lat/Lon: 50.2524°/158.979°, Depth: 21.2957
2025/08/02 01:33:33.522780 [Incident:Info:toast@toast-new:Magnitude updated] Magnitude updated: 6.23 (M)
2025/08/02 01:33:33.522841 [Simulation:Info:toast@toast-new:Simulation not generated] Magnitude 6.23 of event bmg2025oysz is smaller than triggerMinMagnitude: no automatic simulation
2025/08/02 01:33:40.420985 [Incident:Info:toast@toast-new:Origin updated] Origin updated: OT: 2025-08-01 18:20:47,  Lat/Lon: 50.2524°/158.979°, Depth: 21.2957
2025/08/02 01:33:40.421148 [Incident:Info:toast@toast-new:Magnitude updated] Magnitude updated: 6.23 (M)
2025/08/02 01:33:40.421185 [Simulation:Info:toast@toast-new:Simulation not generated] Magnitude 6.23 of event bmg2025oysz is smaller than triggerMinMagnitude: no automatic simulation
2025/08/02 01:39:05.921141 [Incident:Info:toast@toast-new:Origin updated] Origin updated: OT: 2025-08-01 18:20:47,  Lat/Lon: 50.2524°/158.979°, Depth: 21.2957
2025/08/02 01:39:05.921316 [Incident:Info:toast@toast-new:FM updated] FM updated
2025/08/02 01:39:05.921571 [Simulation:Info:toast@toast-new:Simulation not generated] Magnitude 6.23 of event bmg2025oysz is smaller than triggerMinMagnitude: no automatic simulation
2025/08/02 01:39:06.201147 [Incident:Info:toast@toast-new:Origin updated] Origin updated: OT: 2025-08-01 18:20:47,  Lat/Lon: 50.2524°/158.979°, Depth: 21.2957
2025/08/02 01:39:06.201326 [Incident:Info:toast@toast-new:FM updated] FM updated
2025/08/02 01:39:06.201581 [Simulation:Info:toast@toast-new:Simulation not generated] Magnitude 6.23 of event bmg2025oysz is smaller than triggerMinMagnitude: no automatic simulation
2025/08/02 01:40:15.957384 [Incident:Info:toast@toast-new:Origin updated] Origin updated: OT: 2025-08-01 18:20:47,  Lat/Lon: 50.2524°/158.979°, Depth: 21.2957
2025/08/02 01:40:15.957561 [Incident:Info:toast@toast-new:FM updated] FM updated
2025/08/02 01:40:15.957812 [Simulation:Info:toast@toast-new:Simulation not generated] Magnitude 6.23 of event bmg2025oysz is smaller than triggerMinMagnitude: no automatic simulation
2025/08/02 01:40:45.888785 [Incident:Info:toast@toast-new:Origin updated] Origin updated: OT: 2025-08-01 18:20:47,  Lat/Lon: 50.2524°/158.979°, Depth: 21.2957
2025/08/02 01:40:45.889041 [Simulation:Info:toast@toast-new:Simulation not generated] Magnitude 6.23 of event bmg2025oysz is smaller than triggerMinMagnitude: no automatic simulation
2025/08/02 01:41:15.964943 [Incident:Info:toast@toast-new:Origin updated] Origin updated: OT: 2025-08-01 18:20:47,  Lat/Lon: 50.2524°/158.979°, Depth: 21.2957
2025/08/02 01:41:15.965111 [Simulation:Info:toast@toast-new:Simulation not generated] Magnitude 6.23 of event bmg2025oysz is smaller than triggerMinMagnitude: no automatic simulation
2025/08/02 01:42:05.966072 [Incident:Info:toast@toast-new:Origin updated] Origin updated: OT: 2025-08-01 18:20:47,  Lat/Lon: 50.2524°/158.979°, Depth: 21.2957
2025/08/02 01:42:05.966255 [Simulation:Info:toast@toast-new:Simulation not generated] Magnitude 6.23 of event bmg2025oysz is smaller than triggerMinMagnitude: no automatic simulation
2025/08/02 01:44:30.805149 [Incident:Info:toast@toast-new:Origin updated] Origin updated: OT: 2025-08-01 18:20:47,  Lat/Lon: 50.2524°/158.979°, Depth: 21.2957
2025/08/02 01:44:30.805342 [Incident:Info:toast@toast-new:FM updated] FM updated
2025/08/02 01:44:30.805649 [Simulation:Info:toast@toast-new:Simulation not generated] Magnitude 6.23 of event bmg2025oysz is smaller than triggerMinMagnitude: no automatic simulation
2025/08/02 01:45:35.693387 [Incident:Info:toast@toast-new:Origin updated] Origin updated: OT: 2025-08-01 18:20:47,  Lat/Lon: 50.2524°/158.979°, Depth: 21.2957
2025/08/02 01:45:35.693564 [Incident:Info:toast@toast-new:FM updated] FM updated
2025/08/02 01:45:35.693818 [Simulation:Info:toast@toast-new:Simulation not generated] Magnitude 6.23 of event bmg2025oysz is smaller than triggerMinMagnitude: no automatic simulation
2025/08/02 01:47:23.753823 [Incident:Info:toast@toast-new:Origin updated] Origin updated: OT: 2025-08-01 18:20:47,  Lat/Lon: 50.2524°/158.979°, Depth: 21.2957
2025/08/02 01:47:23.754023 [Incident:Info:toast@toast-new:FM updated] FM updated
2025/08/02 01:47:23.754342 [Simulation:Info:toast@toast-new:Simulation not generated] Magnitude 6.23 of event bmg2025oysz is smaller than triggerMinMagnitude: no automatic simulation
2025/08/02 01:47:33.865463 [Incident:Info:toast@toast-new:Origin updated] Origin updated: OT: 2025-08-01 18:20:47,  Lat/Lon: 50.2524°/158.979°, Depth: 21.2957
2025/08/02 01:47:33.865644 [Simulation:Info:toast@toast-new:Simulation not generated] Magnitude 6.23 of event bmg2025oysz is smaller than triggerMinMagnitude: no automatic simulation
2025/08/02 01:47:41.171365 [Incident:Info:toast@toast-new:Origin updated] Origin updated: OT: 2025-08-01 18:20:47,  Lat/Lon: 50.2524°/158.979°, Depth: 21.2957
2025/08/02 01:47:41.171550 [Simulation:Info:toast@toast-new:Simulation not generated] Magnitude 6.23 of event bmg2025oysz is smaller than triggerMinMagnitude: no automatic simulation
2025/08/02 01:47:52.647230 [Incident:Info:toast@toast-new:Origin updated] Origin updated: OT: 2025-08-01 18:20:47,  Lat/Lon: 50.2524°/158.979°, Depth: 21.2957
2025/08/02 01:47:52.647403 [Simulation:Info:toast@toast-new:Simulation not generated] Magnitude 6.23 of event bmg2025oysz is smaller than triggerMinMagnitude: no automatic simulation
2025/08/02 01:48:01.853863 [Incident:Info:toast@toast-new:Origin updated] Origin updated: OT: 2025-08-01 18:20:47,  Lat/Lon: 50.2524°/158.979°, Depth: 21.2957
2025/08/02 01:48:01.854052 [Simulation:Info:toast@toast-new:Simulation not generated] Magnitude 6.23 of event bmg2025oysz is smaller than triggerMinMagnitude: no automatic simulation
2025/08/02 01:48:12.251164 [Incident:Info:toast@toast-new:Origin updated] Origin updated: OT: 2025-08-01 18:20:47,  Lat/Lon: 50.2524°/158.979°, Depth: 21.2957
2025/08/02 01:48:12.251344 [Simulation:Info:toast@toast-new:Simulation not generated] Magnitude 6.23 of event bmg2025oysz is smaller than triggerMinMagnitude: no automatic simulation
2025/08/02 01:48:23.118977 [Incident:Info:toast@toast-new:Origin updated] Origin updated: OT: 2025-08-01 18:20:47,  Lat/Lon: 50.2524°/158.979°, Depth: 21.2957
2025/08/02 01:48:23.119213 [Simulation:Info:toast@toast-new:Simulation not generated] Magnitude 6.23 of event bmg2025oysz is smaller than triggerMinMagnitude: no automatic simulation
2025/08/02 01:48:32.476177 [Incident:Info:toast@toast-new:Origin updated] Origin updated: OT: 2025-08-01 18:20:47,  Lat/Lon: 50.2524°/158.979°, Depth: 21.2957
2025/08/02 01:48:32.476366 [Simulation:Info:toast@toast-new:Simulation not generated] Magnitude 6.23 of event bmg2025oysz is smaller than triggerMinMagnitude: no automatic simulation
2025/08/02 01:48:43.021959 [Incident:Info:toast@toast-new:Origin updated] Origin updated: OT: 2025-08-01 18:20:47,  Lat/Lon: 50.2524°/158.979°, Depth: 21.2957
2025/08/02 01:48:43.022147 [Simulation:Info:toast@toast-new:Simulation not generated] Magnitude 6.23 of event bmg2025oysz is smaller than triggerMinMagnitude: no automatic simulation
2025/08/02 01:48:53.264315 [Incident:Info:toast@toast-new:Origin updated] Origin updated: OT: 2025-08-01 18:20:47,  Lat/Lon: 50.2524°/158.979°, Depth: 21.2957
2025/08/02 01:48:53.264508 [Simulation:Info:toast@toast-new:Simulation not generated] Magnitude 6.23 of event bmg2025oysz is smaller than triggerMinMagnitude: no automatic simulation
2025/08/02 01:49:03.445309 [Incident:Info:toast@toast-new:Origin updated] Origin updated: OT: 2025-08-01 18:20:47,  Lat/Lon: 50.2524°/158.979°, Depth: 21.2957
2025/08/02 01:49:03.445524 [Simulation:Info:toast@toast-new:Simulation not generated] Magnitude 6.23 of event bmg2025oysz is smaller than triggerMinMagnitude: no automatic simulation
2025/08/02 01:49:14.894583 [Incident:Info:toast@toast-new:Origin updated] Origin updated: OT: 2025-08-01 18:20:47,  Lat/Lon: 50.2524°/158.979°, Depth: 21.2957
2025/08/02 01:49:14.894767 [Simulation:Info:toast@toast-new:Simulation not generated] Magnitude 6.23 of event bmg2025oysz is smaller than triggerMinMagnitude: no automatic simulation
2025/08/02 01:50:06.098841 [Incident:Info:toast@toast-new:Origin updated] Origin updated: OT: 2025-08-01 18:20:47,  Lat/Lon: 50.2524°/158.979°, Depth: 21.2957
2025/08/02 01:50:06.099021 [Incident:Info:toast@toast-new:FM updated] FM updated
2025/08/02 01:50:06.099304 [Simulation:Info:toast@toast-new:Simulation not generated] Magnitude 6.23 of event bmg2025oysz is smaller than triggerMinMagnitude: no automatic simulation
2025/08/02 01:54:26.141057 [Incident:Info:toast@toast-new:Origin updated] Origin updated: OT: 2025-08-01 18:20:47,  Lat/Lon: 50.2524°/158.979°, Depth: 21.2957
2025/08/02 01:54:26.141242 [Incident:Info:toast@toast-new:FM updated] FM updated
2025/08/02 01:54:26.141509 [Simulation:Info:toast@toast-new:Simulation not generated] Magnitude 6.23 of event bmg2025oysz is smaller than triggerMinMagnitude: no automatic simulation
2025/08/02 01:56:16.291496 [Incident:Info:toast@toast-new:Origin updated] Origin updated: OT: 2025-08-01 18:20:47,  Lat/Lon: 50.2524°/158.979°, Depth: 21.2957
2025/08/02 01:56:16.291681 [Incident:Info:toast@toast-new:FM updated] FM updated
2025/08/02 01:56:16.291944 [Simulation:Info:toast@toast-new:Simulation not generated] Magnitude 6.23 of event bmg2025oysz is smaller than triggerMinMagnitude: no automatic simulation
2025/08/02 01:57:16.466009 [Incident:Info:toast@toast-new:Origin updated] Origin updated: OT: 2025-08-01 18:20:47,  Lat/Lon: 50.2524°/158.979°, Depth: 21.2957
2025/08/02 01:57:16.466187 [Incident:Info:toast@toast-new:FM updated] FM updated
2025/08/02 01:57:16.466446 [Simulation:Info:toast@toast-new:Simulation not generated] Magnitude 6.23 of event bmg2025oysz is smaller than triggerMinMagnitude: no automatic simulation
2025/08/02 01:58:46.410151 [Incident:Info:toast@toast-new:Origin updated] Origin updated: OT: 2025-08-01 18:20:47,  Lat/Lon: 50.2524°/158.979°, Depth: 21.2957
2025/08/02 01:58:46.410342 [Incident:Info:toast@toast-new:FM updated] FM updated
2025/08/02 01:58:46.410626 [Simulation:Info:toast@toast-new:Simulation not generated] Magnitude 6.23 of event bmg2025oysz is smaller than triggerMinMagnitude: no automatic simulation
2025/08/02 01:58:56.492230 [Incident:Info:toast@toast-new:Origin updated] Origin updated: OT: 2025-08-01 18:20:47,  Lat/Lon: 50.2524°/158.979°, Depth: 21.2957
2025/08/02 01:58:56.492410 [Incident:Info:toast@toast-new:FM updated] FM updated
2025/08/02 01:58:56.492669 [Simulation:Info:toast@toast-new:Simulation not generated] Magnitude 6.23 of event bmg2025oysz is smaller than triggerMinMagnitude: no automatic simulation
2025/08/02 02:04:06.680040 [Incident:Info:toast@toast-new:Origin updated] Origin updated: OT: 2025-08-01 18:20:47,  Lat/Lon: 50.2524°/158.979°, Depth: 21.2957
2025/08/02 02:04:06.680222 [Incident:Info:toast@toast-new:FM updated] FM updated
2025/08/02 02:04:06.680498 [Simulation:Info:toast@toast-new:Simulation not generated] Magnitude 6.23 of event bmg2025oysz is smaller than triggerMinMagnitude: no automatic simulation
2025/08/02 02:09:10.190860 [Incident:Info:toast@toast-new:Origin updated] Origin updated: OT: 2025-08-01 18:20:47,  Lat/Lon: 50.2524°/158.979°, Depth: 21.2957
2025/08/02 02:09:10.191051 [Incident:Info:toast@toast-new:FM updated] FM updated
2025/08/02 02:09:10.191371 [Simulation:Info:toast@toast-new:Simulation not generated] Magnitude 6.23 of event bmg2025oysz is smaller than triggerMinMagnitude: no automatic simulation
2025/08/02 02:13:53.757517 [Incident:Info:toast@toast-new:Origin updated] Origin updated: OT: 2025-08-01 18:20:47,  Lat/Lon: 50.2524°/158.979°, Depth: 21.2957
2025/08/02 02:13:53.757713 [Simulation:Info:toast@toast-new:Simulation not generated] Magnitude 6.23 of event bmg2025oysz is smaller than triggerMinMagnitude: no automatic simulation
2025/08/02 02:14:33.853750 [Incident:Info:toast@toast-new:Origin updated] Origin updated: OT: 2025-08-01 18:20:47,  Lat/Lon: 50.2524°/158.979°, Depth: 21.2957
2025/08/02 02:14:33.853938 [Simulation:Info:toast@toast-new:Simulation not generated] Magnitude 6.23 of event bmg2025oysz is smaller than triggerMinMagnitude: no automatic simulation
2025/08/02 03:53:01.683371 [Incident:Info:toast@toast-new:Origin updated] Origin updated: OT: 2025-08-01 18:20:47,  Lat/Lon: 50.2458°/158.996°, Depth: 21.3698
2025/08/02 03:53:01.683569 [Incident:Info:toast@toast-new:Magnitude updated] Magnitude updated: 6.42 (Mw(mB))
2025/08/02 03:53:01.683631 [Incident:Info:toast@toast-new:FM updated] FM updated
2025/08/02 03:53:01.683907 [Simulation:Info:toast@toast-new:Simulation not generated] Magnitude 6.42 of event bmg2025oysz is smaller than triggerMinMagnitude: no automatic simulation
2025/08/02 03:53:01.741120 [Incident:Info:toast@toast-new:Origin updated] Origin updated: OT: 2025-08-01 18:20:47,  Lat/Lon: 50.2458°/158.996°, Depth: 21.3698
2025/08/02 03:53:01.741248 [Incident:Info:toast@toast-new:Magnitude updated] Magnitude updated: 6.23 (M)
2025/08/02 03:53:01.741283 [Simulation:Info:toast@toast-new:Simulation not generated] Magnitude 6.23 of event bmg2025oysz is smaller than triggerMinMagnitude: no automatic simulation
2025/08/02 03:53:21.925851 [Incident:Info:toast@toast-new:Origin updated] Origin updated: OT: 2025-08-01 18:20:47,  Lat/Lon: 50.2458°/158.996°, Depth: 21.3698
2025/08/02 03:53:21.926047 [Incident:Info:toast@toast-new:Magnitude updated] Magnitude updated: 6.04 (Mw)
2025/08/02 03:53:21.926113 [Simulation:Info:toast@toast-new:Simulation not generated] Magnitude 6.04 of event bmg2025oysz is smaller than triggerMinMagnitude: no automatic simulation
2025/08/02 03:53:24.050412 [Incident:Info:toast@toast-new:Origin updated] Origin updated: OT: 2025-08-01 18:20:47,  Lat/Lon: 50.2458°/158.996°, Depth: 21.3698
2025/08/02 03:53:24.050607 [Simulation:Info:toast@toast-new:Simulation not generated] Magnitude 6.04 of event bmg2025oysz is smaller than triggerMinMagnitude: no automatic simulation
2025/08/02 03:53:46.678515 [Incident:Info:toast@toast-new:Origin updated] Origin updated: OT: 2025-08-01 18:20:47,  Lat/Lon: 50.2458°/158.996°, Depth: 21.3698
2025/08/02 03:53:46.678697 [Simulation:Info:toast@toast-new:Simulation not generated] Magnitude 6.04 of event bmg2025oysz is smaller than triggerMinMagnitude: no automatic simulation
2025/08/02 03:53:46.729490 [Incident:Info:toast@toast-new:Origin updated] Origin updated: OT: 2025-08-01 18:20:47,  Lat/Lon: 50.2458°/158.996°, Depth: 21.3698
2025/08/02 03:53:46.729614 [Simulation:Info:toast@toast-new:Simulation not generated] Magnitude 6.04 of event bmg2025oysz is smaller than triggerMinMagnitude: no automatic simulation
2025/08/03 08:39:12.915313 [Incident:Info:toast@toast-new:Incident removed] Removed incident - Bye
