2025/07/30 09:04:42.740550 [Incident:Info:toast@toast-new:Displacement(s) updated] Added 0 and changed 0 displacements with 0 amplitudes
2025/07/30 09:04:42.741066 [Incident:Info:toast@toast-new:Incident created] Incident created based on event received from messaging: OT: 2025-07-30 01:52:07,  Lat/Lon: 52.10°/158.58°, Depth: 10.00, Mag: 5.13 (M)
2025/07/30 09:04:42.741532 [Simulation:Info:toast@toast-new:Simulation not generated] Magnitude 5.13 of event bmg2025otvi is smaller than triggerMinMagnitude: no automatic simulation
2025/07/30 09:04:42.759811 [Incident:Info:toast@toast-new:Origin updated] Origin updated: OT: 2025-07-30 01:52:07,  Lat/Lon: 52.096°/158.58°, Depth: 10
2025/07/30 09:04:42.759923 [Simulation:Info:toast@toast-new:Simulation not generated] Magnitude 5.13 of event bmg2025otvi is smaller than triggerMinMagnitude: no automatic simulation
2025/07/30 09:05:39.540511 [Incident:Info:toast@toast-new:Origin updated] Origin updated: OT: 2025-07-30 01:52:07,  Lat/Lon: 52.1003°/158.576°, Depth: 10
2025/07/30 09:05:39.540730 [Incident:Info:toast@toast-new:Magnitude updated] Magnitude updated: 5.12 (M)
2025/07/30 09:05:39.540776 [Simulation:Info:toast@toast-new:Simulation not generated] Magnitude 5.12 of event bmg2025otvi is smaller than triggerMinMagnitude: no automatic simulation
2025/07/30 09:05:52.355279 [Incident:Info:toast@toast-new:Origin updated] Origin updated: OT: 2025-07-30 01:52:07,  Lat/Lon: 52.0986°/158.578°, Depth: 10
2025/07/30 09:05:52.355435 [Incident:Info:toast@toast-new:Magnitude updated] Magnitude updated: 5.13 (M)
2025/07/30 09:05:52.355472 [Simulation:Info:toast@toast-new:Simulation not generated] Magnitude 5.13 of event bmg2025otvi is smaller than triggerMinMagnitude: no automatic simulation
2025/07/30 09:07:46.065642 [Incident:Info:toast@toast-new:Origin updated] Origin updated: OT: 2025-07-30 01:52:11,  Lat/Lon: 51.7189°/159.299°, Depth: 30.2812
2025/07/30 09:07:46.065808 [Incident:Info:toast@toast-new:Magnitude updated] Magnitude updated: 5.35 (mb)
2025/07/30 09:07:46.065851 [Simulation:Info:toast@toast-new:Simulation not generated] Magnitude 5.35 of event bmg2025otvi is smaller than triggerMinMagnitude: no automatic simulation
2025/07/30 09:07:46.087702 [Incident:Info:toast@toast-new:Origin updated] Origin updated: OT: 2025-07-30 01:52:11,  Lat/Lon: 51.7189°/159.299°, Depth: 30.2812
2025/07/30 09:07:46.087817 [Incident:Info:toast@toast-new:Magnitude updated] Magnitude updated: 5.44 (M)
2025/07/30 09:07:46.087856 [Simulation:Info:toast@toast-new:Simulation not generated] Magnitude 5.44 of event bmg2025otvi is smaller than triggerMinMagnitude: no automatic simulation
2025/08/21 12:01:56.234362 [Incident:Info:toast@toast-new:Origin updated] Origin updated: OT: 2025-07-30 01:52:10,  Lat/Lon: 51.6966°/159.318°, Depth: 23.088
2025/08/21 12:01:56.236645 [Incident:Info:toast@toast-new:Magnitude updated] Magnitude updated: 5.35 (mb)
2025/08/21 12:01:56.236681 [Simulation:Info:toast@toast-new:Simulation not generated] Magnitude 5.35 of event bmg2025otvi is smaller than triggerMinMagnitude: no automatic simulation
2025/08/21 12:01:56.250065 [Incident:Info:toast@toast-new:Origin updated] Origin updated: OT: 2025-07-30 01:52:10,  Lat/Lon: 51.6966°/159.318°, Depth: 23.088
2025/08/21 12:01:56.250200 [Incident:Info:toast@toast-new:Magnitude updated] Magnitude updated: 5.45 (M)
2025/08/21 12:01:56.250241 [Simulation:Info:toast@toast-new:Simulation not generated] Magnitude 5.45 of event bmg2025otvi is smaller than triggerMinMagnitude: no automatic simulation
2025/08/21 12:02:04.008569 [Incident:Info:toast@toast-new:Origin updated] Origin updated: OT: 2025-07-30 01:52:10,  Lat/Lon: 51.6966°/159.318°, Depth: 23.088
2025/08/21 12:02:04.008708 [Simulation:Info:toast@toast-new:Simulation not generated] Magnitude 5.45 of event bmg2025otvi is smaller than triggerMinMagnitude: no automatic simulation
2025/08/21 12:02:04.024480 [Incident:Info:toast@toast-new:Origin updated] Origin updated: OT: 2025-07-30 01:52:10,  Lat/Lon: 51.6966°/159.318°, Depth: 23.088
2025/08/21 12:02:04.024586 [Incident:Info:toast@toast-new:Magnitude updated] Magnitude updated: 5.35 (mb)
2025/08/21 12:02:04.024623 [Simulation:Info:toast@toast-new:Simulation not generated] Magnitude 5.35 of event bmg2025otvi is smaller than triggerMinMagnitude: no automatic simulation
