2025/09/23 01:29:10.506632 [Incident:Info:toast@toast-new:Displacement(s) updated] Added 0 and changed 0 displacements with 0 amplitudes
2025/09/23 01:29:10.507428 [Incident:Info:toast@toast-new:Incident created] Incident created based on event received from messaging: OT: 2025-09-22 18:18:53,  Lat/Lon: 51.51°/159.43°, Depth: 10.00, Mag: 5.49 (M)
2025/09/23 01:29:10.508212 [Simulation:Info:toast@toast-new:Simulation not generated] Magnitude 5.49 of event bmg2025sptb is smaller than triggerMinMagnitude: no automatic simulation
2025/09/23 01:29:10.520950 [Incident:Info:toast@toast-new:Origin updated] Origin updated: OT: 2025-09-22 18:18:53,  Lat/Lon: 51.5092°/159.43°, Depth: 10
2025/09/23 01:29:10.521133 [Simulation:Info:toast@toast-new:Simulation not generated] Magnitude 5.49 of event bmg2025sptb is smaller than triggerMinMagnitude: no automatic simulation
2025/09/23 01:29:18.520260 [Incident:Info:toast@toast-new:Origin updated] Origin updated: OT: 2025-09-22 18:18:54,  Lat/Lon: 51.5267°/159.475°, Depth: 10
2025/09/23 01:29:18.520475 [Incident:Info:toast@toast-new:Magnitude updated] Magnitude updated: 5.49 (M)
2025/09/23 01:29:18.520523 [Simulation:Info:toast@toast-new:Simulation not generated] Magnitude 5.49 of event bmg2025sptb is smaller than triggerMinMagnitude: no automatic simulation
2025/09/23 01:29:31.388820 [Incident:Info:toast@toast-new:Origin updated] Origin updated: OT: 2025-09-22 18:18:54,  Lat/Lon: 51.5414°/159.457°, Depth: 10
2025/09/23 01:29:31.389004 [Incident:Info:toast@toast-new:Magnitude updated] Magnitude updated: 5.48 (M)
2025/09/23 01:29:31.389035 [Simulation:Info:toast@toast-new:Simulation not generated] Magnitude 5.48 of event bmg2025sptb is smaller than triggerMinMagnitude: no automatic simulation
2025/09/23 01:29:38.611409 [Incident:Info:toast@toast-new:Origin updated] Origin updated: OT: 2025-09-22 18:18:54,  Lat/Lon: 51.5414°/159.457°, Depth: 10
2025/09/23 01:29:38.611599 [Incident:Info:toast@toast-new:Magnitude updated] Magnitude updated: 5.49 (M)
2025/09/23 01:29:38.611634 [Simulation:Info:toast@toast-new:Simulation not generated] Magnitude 5.49 of event bmg2025sptb is smaller than triggerMinMagnitude: no automatic simulation
2025/09/23 01:29:43.587931 [Incident:Info:toast@toast-new:Origin updated] Origin updated: OT: 2025-09-22 18:18:54,  Lat/Lon: 51.5414°/159.457°, Depth: 10
2025/09/23 01:29:43.588168 [Incident:Info:toast@toast-new:Magnitude updated] Magnitude updated: 5.50 (M)
2025/09/23 01:29:43.588233 [Simulation:Info:toast@toast-new:Simulation not generated] Magnitude 5.50 of event bmg2025sptb is smaller than triggerMinMagnitude: no automatic simulation
2025/09/23 01:29:45.682904 [Incident:Info:toast@toast-new:Origin updated] Origin updated: OT: 2025-09-22 18:18:54,  Lat/Lon: 51.5324°/159.517°, Depth: 10
2025/09/23 01:29:45.683110 [Incident:Info:toast@toast-new:Magnitude updated] Magnitude updated: 5.52 (M)
2025/09/23 01:29:45.683146 [Simulation:Info:toast@toast-new:Simulation not generated] Magnitude 5.52 of event bmg2025sptb is smaller than triggerMinMagnitude: no automatic simulation
2025/09/23 01:29:48.605874 [Incident:Info:toast@toast-new:Origin updated] Origin updated: OT: 2025-09-22 18:18:54,  Lat/Lon: 51.5324°/159.517°, Depth: 10
2025/09/23 01:29:48.606045 [Incident:Info:toast@toast-new:Magnitude updated] Magnitude updated: 5.53 (M)
2025/09/23 01:29:48.606079 [Simulation:Info:toast@toast-new:Simulation not generated] Magnitude 5.53 of event bmg2025sptb is smaller than triggerMinMagnitude: no automatic simulation
2025/09/23 01:29:53.613611 [Incident:Info:toast@toast-new:Origin updated] Origin updated: OT: 2025-09-22 18:18:54,  Lat/Lon: 51.5324°/159.517°, Depth: 10
2025/09/23 01:29:53.613801 [Incident:Info:toast@toast-new:Magnitude updated] Magnitude updated: 5.53 (M)
2025/09/23 01:29:53.613835 [Simulation:Info:toast@toast-new:Simulation not generated] Magnitude 5.53 of event bmg2025sptb is smaller than triggerMinMagnitude: no automatic simulation
2025/09/23 01:30:03.610899 [Incident:Info:toast@toast-new:Origin updated] Origin updated: OT: 2025-09-22 18:18:54,  Lat/Lon: 51.5324°/159.517°, Depth: 10
2025/09/23 01:30:03.611121 [Incident:Info:toast@toast-new:Magnitude updated] Magnitude updated: 5.48 (M)
2025/09/23 01:30:03.611173 [Simulation:Info:toast@toast-new:Simulation not generated] Magnitude 5.48 of event bmg2025sptb is smaller than triggerMinMagnitude: no automatic simulation
2025/09/23 01:30:04.317987 [Incident:Info:toast@toast-new:Origin updated] Origin updated: OT: 2025-09-22 18:18:54,  Lat/Lon: 51.537°/159.529°, Depth: 10
2025/09/23 01:30:04.318174 [Incident:Info:toast@toast-new:Magnitude updated] Magnitude updated: 5.48 (M)
2025/09/23 01:30:04.318203 [Simulation:Info:toast@toast-new:Simulation not generated] Magnitude 5.48 of event bmg2025sptb is smaller than triggerMinMagnitude: no automatic simulation
2025/09/23 01:30:18.618436 [Incident:Info:toast@toast-new:Origin updated] Origin updated: OT: 2025-09-22 18:18:54,  Lat/Lon: 51.537°/159.529°, Depth: 10
2025/09/23 01:30:18.618619 [Incident:Info:toast@toast-new:Magnitude updated] Magnitude updated: 5.48 (M)
2025/09/23 01:30:18.618659 [Simulation:Info:toast@toast-new:Simulation not generated] Magnitude 5.48 of event bmg2025sptb is smaller than triggerMinMagnitude: no automatic simulation
2025/09/23 01:30:23.607348 [Incident:Info:toast@toast-new:Origin updated] Origin updated: OT: 2025-09-22 18:18:54,  Lat/Lon: 51.537°/159.529°, Depth: 10
2025/09/23 01:30:23.607529 [Incident:Info:toast@toast-new:Magnitude updated] Magnitude updated: 5.48 (M)
2025/09/23 01:30:23.607565 [Simulation:Info:toast@toast-new:Simulation not generated] Magnitude 5.48 of event bmg2025sptb is smaller than triggerMinMagnitude: no automatic simulation
2025/09/23 01:30:27.753444 [Incident:Info:toast@toast-new:Origin updated] Origin updated: OT: 2025-09-22 18:18:54,  Lat/Lon: 51.514°/159.53°, Depth: 10
2025/09/23 01:30:27.753641 [Incident:Info:toast@toast-new:Magnitude updated] Magnitude updated: 5.49 (M)
2025/09/23 01:30:27.753676 [Simulation:Info:toast@toast-new:Simulation not generated] Magnitude 5.49 of event bmg2025sptb is smaller than triggerMinMagnitude: no automatic simulation
2025/09/23 01:30:33.671059 [Incident:Info:toast@toast-new:Origin updated] Origin updated: OT: 2025-09-22 18:18:54,  Lat/Lon: 51.514°/159.53°, Depth: 10
2025/09/23 01:30:33.671219 [Incident:Info:toast@toast-new:Magnitude updated] Magnitude updated: 5.53 (M)
2025/09/23 01:30:33.671254 [Simulation:Info:toast@toast-new:Simulation not generated] Magnitude 5.53 of event bmg2025sptb is smaller than triggerMinMagnitude: no automatic simulation
2025/09/23 01:30:38.624865 [Incident:Info:toast@toast-new:Origin updated] Origin updated: OT: 2025-09-22 18:18:54,  Lat/Lon: 51.514°/159.53°, Depth: 10
2025/09/23 01:30:38.625052 [Incident:Info:toast@toast-new:Magnitude updated] Magnitude updated: 5.53 (M)
2025/09/23 01:30:38.625091 [Simulation:Info:toast@toast-new:Simulation not generated] Magnitude 5.53 of event bmg2025sptb is smaller than triggerMinMagnitude: no automatic simulation
2025/09/23 01:30:39.538195 [Incident:Info:toast@toast-new:Origin updated] Origin updated: OT: 2025-09-22 18:18:53,  Lat/Lon: 51.505°/159.527°, Depth: 10
2025/09/23 01:30:39.538416 [Incident:Info:toast@toast-new:Magnitude updated] Magnitude updated: 5.53 (M)
2025/09/23 01:30:39.538453 [Simulation:Info:toast@toast-new:Simulation not generated] Magnitude 5.53 of event bmg2025sptb is smaller than triggerMinMagnitude: no automatic simulation
2025/09/23 01:30:43.621797 [Incident:Info:toast@toast-new:Origin updated] Origin updated: OT: 2025-09-22 18:18:53,  Lat/Lon: 51.505°/159.527°, Depth: 10
2025/09/23 01:30:43.621975 [Incident:Info:toast@toast-new:Magnitude updated] Magnitude updated: 5.53 (M)
2025/09/23 01:30:43.622004 [Simulation:Info:toast@toast-new:Simulation not generated] Magnitude 5.53 of event bmg2025sptb is smaller than triggerMinMagnitude: no automatic simulation
2025/09/23 01:30:48.629229 [Incident:Info:toast@toast-new:Origin updated] Origin updated: OT: 2025-09-22 18:18:53,  Lat/Lon: 51.505°/159.527°, Depth: 10
2025/09/23 01:30:48.629397 [Incident:Info:toast@toast-new:Magnitude updated] Magnitude updated: 5.48 (Mw(mB))
2025/09/23 01:30:48.629443 [Simulation:Info:toast@toast-new:Simulation not generated] Magnitude 5.48 of event bmg2025sptb is smaller than triggerMinMagnitude: no automatic simulation
2025/09/23 01:30:48.664142 [Incident:Info:toast@toast-new:Origin updated] Origin updated: OT: 2025-09-22 18:18:53,  Lat/Lon: 51.505°/159.527°, Depth: 10
2025/09/23 01:30:48.664284 [Simulation:Info:toast@toast-new:Simulation not generated] Magnitude 5.48 of event bmg2025sptb is smaller than triggerMinMagnitude: no automatic simulation
2025/09/23 01:30:51.615940 [Incident:Info:toast@toast-new:Origin updated] Origin updated: OT: 2025-09-22 18:18:53,  Lat/Lon: 51.505°/159.523°, Depth: 10
2025/09/23 01:30:51.616146 [Incident:Info:toast@toast-new:Magnitude updated] Magnitude updated: 5.50 (Mw(mB))
2025/09/23 01:30:51.616185 [Simulation:Info:toast@toast-new:Simulation not generated] Magnitude 5.50 of event bmg2025sptb is smaller than triggerMinMagnitude: no automatic simulation
2025/09/23 01:30:53.631279 [Incident:Info:toast@toast-new:Origin updated] Origin updated: OT: 2025-09-22 18:18:53,  Lat/Lon: 51.505°/159.523°, Depth: 10
2025/09/23 01:30:53.631475 [Incident:Info:toast@toast-new:Magnitude updated] Magnitude updated: 5.50 (Mw(mB))
2025/09/23 01:30:53.631513 [Simulation:Info:toast@toast-new:Simulation not generated] Magnitude 5.50 of event bmg2025sptb is smaller than triggerMinMagnitude: no automatic simulation
2025/09/23 01:30:58.672745 [Incident:Info:toast@toast-new:Origin updated] Origin updated: OT: 2025-09-22 18:18:53,  Lat/Lon: 51.505°/159.523°, Depth: 10
2025/09/23 01:30:58.672981 [Incident:Info:toast@toast-new:Magnitude updated] Magnitude updated: 5.53 (Mw(mB))
2025/09/23 01:30:58.673035 [Simulation:Info:toast@toast-new:Simulation not generated] Magnitude 5.53 of event bmg2025sptb is smaller than triggerMinMagnitude: no automatic simulation
2025/09/23 01:30:59.555147 [Incident:Info:toast@toast-new:Origin updated] Origin updated: OT: 2025-09-22 18:18:53,  Lat/Lon: 51.505°/159.523°, Depth: 10
2025/09/23 01:30:59.555339 [Incident:Info:toast@toast-new:Magnitude updated] Magnitude updated: 5.54 (Mw(mB))
2025/09/23 01:30:59.555376 [Simulation:Info:toast@toast-new:Simulation not generated] Magnitude 5.54 of event bmg2025sptb is smaller than triggerMinMagnitude: no automatic simulation
2025/09/23 01:31:03.687349 [Incident:Info:toast@toast-new:Origin updated] Origin updated: OT: 2025-09-22 18:18:53,  Lat/Lon: 51.505°/159.523°, Depth: 10
2025/09/23 01:31:03.687518 [Incident:Info:toast@toast-new:Magnitude updated] Magnitude updated: 5.58 (Mw(mB))
2025/09/23 01:31:03.687575 [Simulation:Info:toast@toast-new:Simulation not generated] Magnitude 5.58 of event bmg2025sptb is smaller than triggerMinMagnitude: no automatic simulation
2025/09/23 01:31:08.629591 [Incident:Info:toast@toast-new:Origin updated] Origin updated: OT: 2025-09-22 18:18:53,  Lat/Lon: 51.505°/159.523°, Depth: 10
2025/09/23 01:31:08.629762 [Incident:Info:toast@toast-new:Magnitude updated] Magnitude updated: 5.61 (Mw(mB))
2025/09/23 01:31:08.629793 [Simulation:Info:toast@toast-new:Simulation not generated] Magnitude 5.61 of event bmg2025sptb is smaller than triggerMinMagnitude: no automatic simulation
2025/09/23 01:31:13.680328 [Incident:Info:toast@toast-new:Origin updated] Origin updated: OT: 2025-09-22 18:18:53,  Lat/Lon: 51.505°/159.523°, Depth: 10
2025/09/23 01:31:13.680559 [Incident:Info:toast@toast-new:Magnitude updated] Magnitude updated: 5.65 (Mw(mB))
2025/09/23 01:31:13.680628 [Simulation:Info:toast@toast-new:Simulation not generated] Magnitude 5.65 of event bmg2025sptb is smaller than triggerMinMagnitude: no automatic simulation
2025/09/23 01:31:18.619435 [Incident:Info:toast@toast-new:Origin updated] Origin updated: OT: 2025-09-22 18:18:53,  Lat/Lon: 51.505°/159.523°, Depth: 10
2025/09/23 01:31:18.619655 [Incident:Info:toast@toast-new:Magnitude updated] Magnitude updated: 5.65 (Mw(mB))
2025/09/23 01:31:18.619723 [Simulation:Info:toast@toast-new:Simulation not generated] Magnitude 5.65 of event bmg2025sptb is smaller than triggerMinMagnitude: no automatic simulation
2025/09/23 01:31:23.647421 [Incident:Info:toast@toast-new:Origin updated] Origin updated: OT: 2025-09-22 18:18:53,  Lat/Lon: 51.505°/159.523°, Depth: 10
2025/09/23 01:31:23.647613 [Incident:Info:toast@toast-new:Magnitude updated] Magnitude updated: 5.65 (Mw(mB))
2025/09/23 01:31:23.647667 [Simulation:Info:toast@toast-new:Simulation not generated] Magnitude 5.65 of event bmg2025sptb is smaller than triggerMinMagnitude: no automatic simulation
2025/09/23 01:31:48.465598 [Incident:Info:toast@toast-new:Origin updated] Origin updated: OT: 2025-09-22 18:18:53,  Lat/Lon: 51.5153°/159.507°, Depth: 10
2025/09/23 01:31:48.465782 [Incident:Info:toast@toast-new:Magnitude updated] Magnitude updated: 5.66 (Mw(mB))
2025/09/23 01:31:48.465817 [Simulation:Info:toast@toast-new:Simulation not generated] Magnitude 5.66 of event bmg2025sptb is smaller than triggerMinMagnitude: no automatic simulation
2025/09/23 01:32:03.624084 [Incident:Info:toast@toast-new:Origin updated] Origin updated: OT: 2025-09-22 18:18:53,  Lat/Lon: 51.5153°/159.507°, Depth: 10
2025/09/23 01:32:03.624264 [Incident:Info:toast@toast-new:Magnitude updated] Magnitude updated: 5.67 (Mw(mB))
2025/09/23 01:32:03.624295 [Simulation:Info:toast@toast-new:Simulation not generated] Magnitude 5.67 of event bmg2025sptb is smaller than triggerMinMagnitude: no automatic simulation
2025/09/23 01:32:48.484343 [Incident:Info:toast@toast-new:Origin updated] Origin updated: OT: 2025-09-22 18:18:53,  Lat/Lon: 51.5242°/159.479°, Depth: 10
2025/09/23 01:32:48.484606 [Incident:Info:toast@toast-new:Magnitude updated] Magnitude updated: 5.67 (Mw(mB))
2025/09/23 01:32:48.484664 [Simulation:Info:toast@toast-new:Simulation not generated] Magnitude 5.67 of event bmg2025sptb is smaller than triggerMinMagnitude: no automatic simulation
2025/09/23 01:33:48.493790 [Incident:Info:toast@toast-new:Origin updated] Origin updated: OT: 2025-09-22 18:18:53,  Lat/Lon: 51.5233°/159.482°, Depth: 10
2025/09/23 01:33:48.493989 [Incident:Info:toast@toast-new:Magnitude updated] Magnitude updated: 5.67 (Mw(mB))
2025/09/23 01:33:48.494032 [Simulation:Info:toast@toast-new:Simulation not generated] Magnitude 5.67 of event bmg2025sptb is smaller than triggerMinMagnitude: no automatic simulation
2025/09/23 01:34:50.293249 [Incident:Info:toast@toast-new:Origin updated] Origin updated: OT: 2025-09-22 18:18:53,  Lat/Lon: 51.5247°/159.481°, Depth: 10
2025/09/23 01:34:50.293452 [Incident:Info:toast@toast-new:Magnitude updated] Magnitude updated: 5.67 (Mw(mB))
2025/09/23 01:34:50.293489 [Simulation:Info:toast@toast-new:Simulation not generated] Magnitude 5.67 of event bmg2025sptb is smaller than triggerMinMagnitude: no automatic simulation
2025/09/23 01:35:51.882441 [Incident:Info:toast@toast-new:Origin updated] Origin updated: OT: 2025-09-22 18:18:53,  Lat/Lon: 51.5283°/159.479°, Depth: 10
2025/09/23 01:35:51.882658 [Incident:Info:toast@toast-new:Magnitude updated] Magnitude updated: 5.68 (Mw(mB))
2025/09/23 01:35:51.882699 [Simulation:Info:toast@toast-new:Simulation not generated] Magnitude 5.68 of event bmg2025sptb is smaller than triggerMinMagnitude: no automatic simulation
2025/09/23 01:39:07.193039 [Incident:Info:toast@toast-new:Origin updated] Origin updated: OT: 2025-09-22 18:18:53,  Lat/Lon: 51.5283°/159.479°, Depth: 10
2025/09/23 01:39:07.193222 [Simulation:Info:toast@toast-new:Simulation not generated] Magnitude 5.68 of event bmg2025sptb is smaller than triggerMinMagnitude: no automatic simulation
2025/09/23 01:42:11.648596 [Incident:Info:toast@toast-new:Origin updated] Origin updated: OT: 2025-09-22 18:18:53,  Lat/Lon: 51.5283°/159.479°, Depth: 10
2025/09/23 01:42:11.648789 [Simulation:Info:toast@toast-new:Simulation not generated] Magnitude 5.68 of event bmg2025sptb is smaller than triggerMinMagnitude: no automatic simulation
2025/09/23 01:45:35.658467 [Incident:Info:toast@toast-new:Origin updated] Origin updated: OT: 2025-09-22 18:18:53,  Lat/Lon: 51.5283°/159.479°, Depth: 10
2025/09/23 01:45:35.658673 [Incident:Info:toast@toast-new:FM updated] FM updated
2025/09/23 01:45:35.658960 [Simulation:Info:toast@toast-new:Simulation not generated] Magnitude 5.68 of event bmg2025sptb is smaller than triggerMinMagnitude: no automatic simulation
2025/09/23 01:45:43.964826 [Incident:Info:toast@toast-new:Origin updated] Origin updated: OT: 2025-09-22 18:18:53,  Lat/Lon: 51.5283°/159.479°, Depth: 10
2025/09/23 01:45:43.964993 [Simulation:Info:toast@toast-new:Simulation not generated] Magnitude 5.68 of event bmg2025sptb is smaller than triggerMinMagnitude: no automatic simulation
2025/09/23 01:45:53.662814 [Incident:Info:toast@toast-new:Origin updated] Origin updated: OT: 2025-09-22 18:18:53,  Lat/Lon: 51.5283°/159.479°, Depth: 10
2025/09/23 01:45:53.662994 [Simulation:Info:toast@toast-new:Simulation not generated] Magnitude 5.68 of event bmg2025sptb is smaller than triggerMinMagnitude: no automatic simulation
2025/09/23 01:46:03.090088 [Incident:Info:toast@toast-new:Origin updated] Origin updated: OT: 2025-09-22 18:18:53,  Lat/Lon: 51.5283°/159.479°, Depth: 10
2025/09/23 01:46:03.090316 [Simulation:Info:toast@toast-new:Simulation not generated] Magnitude 5.68 of event bmg2025sptb is smaller than triggerMinMagnitude: no automatic simulation
2025/09/23 01:46:14.219217 [Incident:Info:toast@toast-new:Origin updated] Origin updated: OT: 2025-09-22 18:18:53,  Lat/Lon: 51.5283°/159.479°, Depth: 10
2025/09/23 01:46:14.219376 [Simulation:Info:toast@toast-new:Simulation not generated] Magnitude 5.68 of event bmg2025sptb is smaller than triggerMinMagnitude: no automatic simulation
2025/09/23 01:46:24.602895 [Incident:Info:toast@toast-new:Origin updated] Origin updated: OT: 2025-09-22 18:18:53,  Lat/Lon: 51.5283°/159.479°, Depth: 10
2025/09/23 01:46:24.603105 [Simulation:Info:toast@toast-new:Simulation not generated] Magnitude 5.68 of event bmg2025sptb is smaller than triggerMinMagnitude: no automatic simulation
2025/09/23 01:46:33.596419 [Incident:Info:toast@toast-new:Origin updated] Origin updated: OT: 2025-09-22 18:18:53,  Lat/Lon: 51.5283°/159.479°, Depth: 10
2025/09/23 01:46:33.596586 [Simulation:Info:toast@toast-new:Simulation not generated] Magnitude 5.68 of event bmg2025sptb is smaller than triggerMinMagnitude: no automatic simulation
2025/09/23 01:46:43.946144 [Incident:Info:toast@toast-new:Origin updated] Origin updated: OT: 2025-09-22 18:18:53,  Lat/Lon: 51.5283°/159.479°, Depth: 10
2025/09/23 01:46:43.946341 [Simulation:Info:toast@toast-new:Simulation not generated] Magnitude 5.68 of event bmg2025sptb is smaller than triggerMinMagnitude: no automatic simulation
2025/09/23 01:46:53.997005 [Incident:Info:toast@toast-new:Origin updated] Origin updated: OT: 2025-09-22 18:18:53,  Lat/Lon: 51.5283°/159.479°, Depth: 10
2025/09/23 01:46:53.997201 [Simulation:Info:toast@toast-new:Simulation not generated] Magnitude 5.68 of event bmg2025sptb is smaller than triggerMinMagnitude: no automatic simulation
2025/09/23 01:47:04.889472 [Incident:Info:toast@toast-new:Origin updated] Origin updated: OT: 2025-09-22 18:18:53,  Lat/Lon: 51.5283°/159.479°, Depth: 10
2025/09/23 01:47:04.889674 [Simulation:Info:toast@toast-new:Simulation not generated] Magnitude 5.68 of event bmg2025sptb is smaller than triggerMinMagnitude: no automatic simulation
2025/09/23 01:47:14.909667 [Incident:Info:toast@toast-new:Origin updated] Origin updated: OT: 2025-09-22 18:18:53,  Lat/Lon: 51.5283°/159.479°, Depth: 10
2025/09/23 01:47:14.909897 [Simulation:Info:toast@toast-new:Simulation not generated] Magnitude 5.68 of event bmg2025sptb is smaller than triggerMinMagnitude: no automatic simulation
2025/09/23 01:47:25.334549 [Incident:Info:toast@toast-new:Origin updated] Origin updated: OT: 2025-09-22 18:18:53,  Lat/Lon: 51.5283°/159.479°, Depth: 10
2025/09/23 01:47:25.334777 [Simulation:Info:toast@toast-new:Simulation not generated] Magnitude 5.68 of event bmg2025sptb is smaller than triggerMinMagnitude: no automatic simulation
2025/09/23 01:47:37.485091 [Incident:Info:toast@toast-new:Origin updated] Origin updated: OT: 2025-09-22 18:18:53,  Lat/Lon: 51.5283°/159.479°, Depth: 10
2025/09/23 01:47:37.485312 [Simulation:Info:toast@toast-new:Simulation not generated] Magnitude 5.68 of event bmg2025sptb is smaller than triggerMinMagnitude: no automatic simulation
2025/09/23 01:48:35.356137 [Incident:Info:toast@toast-new:Origin updated] Origin updated: OT: 2025-09-22 18:18:53,  Lat/Lon: 51.5283°/159.479°, Depth: 10
2025/09/23 01:48:35.356345 [Simulation:Info:toast@toast-new:Simulation not generated] Magnitude 5.68 of event bmg2025sptb is smaller than triggerMinMagnitude: no automatic simulation
2025/09/23 02:06:27.655293 [Incident:Info:toast@toast-new:Origin updated] Origin updated: OT: 2025-09-22 18:18:53,  Lat/Lon: 51.5283°/159.479°, Depth: 10
2025/09/23 02:06:27.655591 [Simulation:Info:toast@toast-new:Simulation not generated] Magnitude 5.68 of event bmg2025sptb is smaller than triggerMinMagnitude: no automatic simulation
2025/09/23 02:08:54.785864 [Incident:Info:toast@toast-new:Origin updated] Origin updated: OT: 2025-09-22 18:18:53,  Lat/Lon: 51.5283°/159.479°, Depth: 10
2025/09/23 02:08:54.786078 [Simulation:Info:toast@toast-new:Simulation not generated] Magnitude 5.68 of event bmg2025sptb is smaller than triggerMinMagnitude: no automatic simulation
2025/09/23 02:12:04.849136 [Incident:Info:toast@toast-new:Origin updated] Origin updated: OT: 2025-09-22 18:18:53,  Lat/Lon: 51.5283°/159.479°, Depth: 10
2025/09/23 02:12:04.849329 [Simulation:Info:toast@toast-new:Simulation not generated] Magnitude 5.68 of event bmg2025sptb is smaller than triggerMinMagnitude: no automatic simulation
2025/09/23 05:11:15.327027 [Incident:Info:toast@toast-new:Origin updated] Origin updated: OT: 2025-09-22 18:18:58,  Lat/Lon: 51.5953°/159.446°, Depth: 50.6303
2025/09/23 05:11:15.363355 [Incident:Info:toast@toast-new:Magnitude updated] Magnitude updated: 5.59 (Mw(mB))
2025/09/23 05:11:15.363466 [Simulation:Info:toast@toast-new:Simulation not generated] Magnitude 5.59 of event bmg2025sptb is smaller than triggerMinMagnitude: no automatic simulation
2025/09/23 05:11:15.387297 [Incident:Info:toast@toast-new:Origin updated] Origin updated: OT: 2025-09-22 18:18:58,  Lat/Lon: 51.5953°/159.446°, Depth: 50.6303
2025/09/23 05:11:15.387461 [Incident:Info:toast@toast-new:Magnitude updated] Magnitude updated: 5.55 (mb)
2025/09/23 05:11:15.387509 [Simulation:Info:toast@toast-new:Simulation not generated] Magnitude 5.55 of event bmg2025sptb is smaller than triggerMinMagnitude: no automatic simulation
2025/09/23 12:26:26.134852 [Incident:Info:toast@toast-new:Incident removed] Removed incident - Bye
