2025/08/27 07:17:37.721733 [Incident:Info:toast@toast-new:Displacement(s) updated] Added 0 and changed 0 displacements with 0 amplitudes
2025/08/27 07:17:37.722214 [Incident:Info:toast@toast-new:Incident created] Incident created based on event received from messaging: OT: 2025-08-27 00:04:40,  Lat/Lon: -61.95°/-64.48°, Depth: 10.00, Mag: 5.58 (M)
2025/08/27 07:17:37.722813 [Simulation:Info:toast@toast-new:Simulation not generated] Magnitude 5.58 of event bmg2025qsvw is smaller than triggerMinMagnitude: no automatic simulation
2025/08/27 07:17:37.747030 [Incident:Info:toast@toast-new:Origin updated] Origin updated: OT: 2025-08-27 00:04:40,  Lat/Lon: -61.9458°/-64.4765°, Depth: 10
2025/08/27 07:17:37.747176 [Simulation:Info:toast@toast-new:Simulation not generated] Magnitude 5.58 of event bmg2025qsvw is smaller than triggerMinMagnitude: no automatic simulation
2025/08/27 07:20:39.697083 [Incident:Info:toast@toast-new:Origin updated] Origin updated: OT: 2025-08-27 00:04:46,  Lat/Lon: -61.8382°/-64.7363°, Depth: 60.5974
2025/08/27 07:20:39.697270 [Incident:Info:toast@toast-new:Magnitude updated] Magnitude updated: 5.28 (mb)
2025/08/27 07:20:39.697309 [Simulation:Info:toast@toast-new:Simulation not generated] Magnitude 5.28 of event bmg2025qsvw is smaller than triggerMinMagnitude: no automatic simulation
2025/08/27 07:20:39.723223 [Incident:Info:toast@toast-new:Origin updated] Origin updated: OT: 2025-08-27 00:04:46,  Lat/Lon: -61.8382°/-64.7363°, Depth: 60.5974
2025/08/27 07:20:39.723365 [Incident:Info:toast@toast-new:Magnitude updated] Magnitude updated: 5.59 (M)
2025/08/27 07:20:39.723428 [Simulation:Info:toast@toast-new:Simulation not generated] Magnitude 5.59 of event bmg2025qsvw is smaller than triggerMinMagnitude: no automatic simulation
2025/08/27 09:50:32.953090 [Incident:Info:toast@toast-new:Origin updated] Origin updated: OT: 2025-08-27 00:04:40,  Lat/Lon: -61.8979°/-64.6688°, Depth: 13.5482
2025/08/27 09:50:32.953342 [Incident:Info:toast@toast-new:Magnitude updated] Magnitude updated: 5.27 (mb)
2025/08/27 09:50:32.953421 [Simulation:Info:toast@toast-new:Simulation not generated] Magnitude 5.27 of event bmg2025qsvw is smaller than triggerMinMagnitude: no automatic simulation
2025/08/27 09:50:32.989024 [Incident:Info:toast@toast-new:Origin updated] Origin updated: OT: 2025-08-27 00:04:40,  Lat/Lon: -61.8979°/-64.6688°, Depth: 13.5482
2025/08/27 09:50:32.989133 [Incident:Info:toast@toast-new:Magnitude updated] Magnitude updated: 5.58 (M)
2025/08/27 09:50:32.989173 [Simulation:Info:toast@toast-new:Simulation not generated] Magnitude 5.58 of event bmg2025qsvw is smaller than triggerMinMagnitude: no automatic simulation
2025/08/27 09:50:39.370591 [Incident:Info:toast@toast-new:Origin updated] Origin updated: OT: 2025-08-27 00:04:40,  Lat/Lon: -61.8979°/-64.6688°, Depth: 13.5482
2025/08/27 09:50:39.370781 [Simulation:Info:toast@toast-new:Simulation not generated] Magnitude 5.58 of event bmg2025qsvw is smaller than triggerMinMagnitude: no automatic simulation
2025/08/27 09:50:39.403627 [Incident:Info:toast@toast-new:Origin updated] Origin updated: OT: 2025-08-27 00:04:40,  Lat/Lon: -61.8979°/-64.6688°, Depth: 13.5482
2025/08/27 09:50:39.403727 [Incident:Info:toast@toast-new:Magnitude updated] Magnitude updated: 5.27 (mb)
2025/08/27 09:50:39.403776 [Simulation:Info:toast@toast-new:Simulation not generated] Magnitude 5.27 of event bmg2025qsvw is smaller than triggerMinMagnitude: no automatic simulation
