2025/07/24 13:43:04.030792 [Incident:Info:toast@toast-new:Displacement(s) updated] Added 0 and changed 0 displacements with 0 amplitudes
2025/07/24 13:43:04.032099 [Incident:Info:toast@toast-new:Incident created] Incident created based on event received from messaging: OT: 2025-07-24 06:34:57,  Lat/Lon: -11.11°/166.03°, Depth: 119.65, Mag: 5.57 (M)
2025/07/24 13:43:04.032755 [Simulation:Info:toast@toast-new:Simulation not generated] Magnitude 5.57 of event bmg2025ojfr is smaller than triggerMinMagnitude: no automatic simulation
2025/07/24 13:43:04.052403 [Incident:Info:toast@toast-new:Origin updated] Origin updated: OT: 2025-07-24 06:34:57,  Lat/Lon: -11.1099°/166.03°, Depth: 119.645
2025/07/24 13:43:04.052549 [Simulation:Info:toast@toast-new:Simulation not generated] Magnitude 5.57 of event bmg2025ojfr is smaller than triggerMinMagnitude: no automatic simulation
2025/07/24 13:43:12.290874 [Incident:Info:toast@toast-new:Origin updated] Origin updated: OT: 2025-07-24 06:34:57,  Lat/Lon: -11.1255°/166.031°, Depth: 119.067
2025/07/24 13:43:12.291072 [Incident:Info:toast@toast-new:Magnitude updated] Magnitude updated: 5.54 (M)
2025/07/24 13:43:12.291112 [Simulation:Info:toast@toast-new:Simulation not generated] Magnitude 5.54 of event bmg2025ojfr is smaller than triggerMinMagnitude: no automatic simulation
2025/07/24 13:43:22.367401 [Incident:Info:toast@toast-new:Origin updated] Origin updated: OT: 2025-07-24 06:34:57,  Lat/Lon: -11.1473°/166.016°, Depth: 118.917
2025/07/24 13:43:22.367602 [Incident:Info:toast@toast-new:Magnitude updated] Magnitude updated: 5.54 (M)
2025/07/24 13:43:22.367639 [Simulation:Info:toast@toast-new:Simulation not generated] Magnitude 5.54 of event bmg2025ojfr is smaller than triggerMinMagnitude: no automatic simulation
2025/07/24 13:43:32.381542 [Incident:Info:toast@toast-new:Origin updated] Origin updated: OT: 2025-07-24 06:34:57,  Lat/Lon: -11.151°/166.006°, Depth: 119.709
2025/07/24 13:43:32.381730 [Incident:Info:toast@toast-new:Magnitude updated] Magnitude updated: 5.54 (M)
2025/07/24 13:43:32.381765 [Simulation:Info:toast@toast-new:Simulation not generated] Magnitude 5.54 of event bmg2025ojfr is smaller than triggerMinMagnitude: no automatic simulation
2025/07/24 13:43:46.102747 [Incident:Info:toast@toast-new:Origin updated] Origin updated: OT: 2025-07-24 06:34:59,  Lat/Lon: -11.3176°/165.872°, Depth: 123.627
2025/07/24 13:43:46.102974 [Incident:Info:toast@toast-new:Magnitude updated] Magnitude updated: 5.52 (M)
2025/07/24 13:43:46.103023 [Simulation:Info:toast@toast-new:Simulation not generated] Magnitude 5.52 of event bmg2025ojfr is smaller than triggerMinMagnitude: no automatic simulation
2025/07/24 13:44:00.046794 [Incident:Info:toast@toast-new:Origin updated] Origin updated: OT: 2025-07-24 06:34:59,  Lat/Lon: -11.3176°/165.872°, Depth: 123.627
2025/07/24 13:44:00.046973 [Incident:Info:toast@toast-new:Magnitude updated] Magnitude updated: 5.52 (M)
2025/07/24 13:44:00.047009 [Simulation:Info:toast@toast-new:Simulation not generated] Magnitude 5.52 of event bmg2025ojfr is smaller than triggerMinMagnitude: no automatic simulation
2025/07/24 13:44:02.331272 [Incident:Info:toast@toast-new:Origin updated] Origin updated: OT: 2025-07-24 06:34:59,  Lat/Lon: -11.3549°/165.835°, Depth: 123.934
2025/07/24 13:44:02.331455 [Incident:Info:toast@toast-new:Magnitude updated] Magnitude updated: 5.52 (M)
2025/07/24 13:44:02.331491 [Simulation:Info:toast@toast-new:Simulation not generated] Magnitude 5.52 of event bmg2025ojfr is smaller than triggerMinMagnitude: no automatic simulation
2025/07/24 13:44:10.039958 [Incident:Info:toast@toast-new:Origin updated] Origin updated: OT: 2025-07-24 06:34:59,  Lat/Lon: -11.3549°/165.835°, Depth: 123.934
2025/07/24 13:44:10.040130 [Incident:Info:toast@toast-new:Magnitude updated] Magnitude updated: 5.50 (M)
2025/07/24 13:44:10.040172 [Simulation:Info:toast@toast-new:Simulation not generated] Magnitude 5.50 of event bmg2025ojfr is smaller than triggerMinMagnitude: no automatic simulation
2025/07/24 13:44:15.050889 [Incident:Info:toast@toast-new:Origin updated] Origin updated: OT: 2025-07-24 06:34:59,  Lat/Lon: -11.3549°/165.835°, Depth: 123.934
2025/07/24 13:44:15.051088 [Incident:Info:toast@toast-new:Magnitude updated] Magnitude updated: 5.45 (M)
2025/07/24 13:44:15.051125 [Simulation:Info:toast@toast-new:Simulation not generated] Magnitude 5.45 of event bmg2025ojfr is smaller than triggerMinMagnitude: no automatic simulation
2025/07/24 13:44:22.431415 [Incident:Info:toast@toast-new:Origin updated] Origin updated: OT: 2025-07-24 06:34:59,  Lat/Lon: -11.3568°/165.834°, Depth: 123.386
2025/07/24 13:44:22.431600 [Incident:Info:toast@toast-new:Magnitude updated] Magnitude updated: 5.45 (M)
2025/07/24 13:44:22.431636 [Simulation:Info:toast@toast-new:Simulation not generated] Magnitude 5.45 of event bmg2025ojfr is smaller than triggerMinMagnitude: no automatic simulation
2025/07/24 13:44:25.051011 [Incident:Info:toast@toast-new:Origin updated] Origin updated: OT: 2025-07-24 06:34:59,  Lat/Lon: -11.3568°/165.834°, Depth: 123.386
2025/07/24 13:44:25.051194 [Incident:Info:toast@toast-new:Magnitude updated] Magnitude updated: 5.43 (M)
2025/07/24 13:44:25.051228 [Simulation:Info:toast@toast-new:Simulation not generated] Magnitude 5.43 of event bmg2025ojfr is smaller than triggerMinMagnitude: no automatic simulation
2025/07/24 13:44:35.049007 [Incident:Info:toast@toast-new:Origin updated] Origin updated: OT: 2025-07-24 06:34:59,  Lat/Lon: -11.3568°/165.834°, Depth: 123.386
2025/07/24 13:44:35.049181 [Incident:Info:toast@toast-new:Magnitude updated] Magnitude updated: 5.47 (M)
2025/07/24 13:44:35.049217 [Simulation:Info:toast@toast-new:Simulation not generated] Magnitude 5.47 of event bmg2025ojfr is smaller than triggerMinMagnitude: no automatic simulation
2025/07/24 13:44:40.741031 [Incident:Info:toast@toast-new:Origin updated] Origin updated: OT: 2025-07-24 06:34:59,  Lat/Lon: -11.3661°/165.829°, Depth: 125.062
2025/07/24 13:44:40.741228 [Incident:Info:toast@toast-new:Magnitude updated] Magnitude updated: 5.47 (M)
2025/07/24 13:44:40.741261 [Simulation:Info:toast@toast-new:Simulation not generated] Magnitude 5.47 of event bmg2025ojfr is smaller than triggerMinMagnitude: no automatic simulation
2025/07/24 13:44:50.039975 [Incident:Info:toast@toast-new:Origin updated] Origin updated: OT: 2025-07-24 06:34:59,  Lat/Lon: -11.3661°/165.829°, Depth: 125.062
2025/07/24 13:44:50.040157 [Incident:Info:toast@toast-new:Magnitude updated] Magnitude updated: 5.51 (M)
2025/07/24 13:44:50.040193 [Simulation:Info:toast@toast-new:Simulation not generated] Magnitude 5.51 of event bmg2025ojfr is smaller than triggerMinMagnitude: no automatic simulation
2025/07/24 13:45:01.370402 [Incident:Info:toast@toast-new:Origin updated] Origin updated: OT: 2025-07-24 06:34:59,  Lat/Lon: -11.288°/165.93°, Depth: 131.074
2025/07/24 13:45:01.370586 [Incident:Info:toast@toast-new:Magnitude updated] Magnitude updated: 5.51 (M)
2025/07/24 13:45:01.370621 [Simulation:Info:toast@toast-new:Simulation not generated] Magnitude 5.51 of event bmg2025ojfr is smaller than triggerMinMagnitude: no automatic simulation
2025/07/24 13:45:10.042307 [Incident:Info:toast@toast-new:Origin updated] Origin updated: OT: 2025-07-24 06:34:59,  Lat/Lon: -11.288°/165.93°, Depth: 131.074
2025/07/24 13:45:10.042480 [Incident:Info:toast@toast-new:Magnitude updated] Magnitude updated: 5.55 (M)
2025/07/24 13:45:10.042514 [Simulation:Info:toast@toast-new:Simulation not generated] Magnitude 5.55 of event bmg2025ojfr is smaller than triggerMinMagnitude: no automatic simulation
2025/07/24 13:45:27.479942 [Incident:Info:toast@toast-new:Origin updated] Origin updated: OT: 2025-07-24 06:34:59,  Lat/Lon: -11.2814°/165.942°, Depth: 132.166
2025/07/24 13:45:27.480131 [Incident:Info:toast@toast-new:Magnitude updated] Magnitude updated: 5.50 (M)
2025/07/24 13:45:27.480171 [Simulation:Info:toast@toast-new:Simulation not generated] Magnitude 5.50 of event bmg2025ojfr is smaller than triggerMinMagnitude: no automatic simulation
2025/07/24 13:45:52.371743 [Incident:Info:toast@toast-new:Origin updated] Origin updated: OT: 2025-07-24 06:34:59,  Lat/Lon: -11.2756°/165.931°, Depth: 130.168
2025/07/24 13:45:52.371957 [Incident:Info:toast@toast-new:Magnitude updated] Magnitude updated: 5.50 (M)
2025/07/24 13:45:52.371994 [Simulation:Info:toast@toast-new:Simulation not generated] Magnitude 5.50 of event bmg2025ojfr is smaller than triggerMinMagnitude: no automatic simulation
2025/07/24 13:46:17.516866 [Incident:Info:toast@toast-new:Origin updated] Origin updated: OT: 2025-07-24 06:34:58,  Lat/Lon: -11.2034°/166.008°, Depth: 132.512
2025/07/24 13:46:17.517072 [Incident:Info:toast@toast-new:Magnitude updated] Magnitude updated: 5.50 (M)
2025/07/24 13:46:17.517116 [Simulation:Info:toast@toast-new:Simulation not generated] Magnitude 5.50 of event bmg2025ojfr is smaller than triggerMinMagnitude: no automatic simulation
2025/07/24 13:46:47.548851 [Incident:Info:toast@toast-new:Origin updated] Origin updated: OT: 2025-07-24 06:34:58,  Lat/Lon: -11.1387°/166.089°, Depth: 134.646
2025/07/24 13:46:47.549063 [Incident:Info:toast@toast-new:Magnitude updated] Magnitude updated: 5.50 (M)
2025/07/24 13:46:47.549112 [Simulation:Info:toast@toast-new:Simulation not generated] Magnitude 5.50 of event bmg2025ojfr is smaller than triggerMinMagnitude: no automatic simulation
2025/07/24 13:47:17.496104 [Incident:Info:toast@toast-new:Origin updated] Origin updated: OT: 2025-07-24 06:34:57,  Lat/Lon: -11.0444°/166.197°, Depth: 135.357
2025/07/24 13:47:17.496312 [Incident:Info:toast@toast-new:Magnitude updated] Magnitude updated: 5.51 (M)
2025/07/24 13:47:17.496347 [Simulation:Info:toast@toast-new:Simulation not generated] Magnitude 5.51 of event bmg2025ojfr is smaller than triggerMinMagnitude: no automatic simulation
2025/07/24 13:47:47.417481 [Incident:Info:toast@toast-new:Origin updated] Origin updated: OT: 2025-07-24 06:34:56,  Lat/Lon: -10.9666°/166.267°, Depth: 132.096
2025/07/24 13:47:47.417699 [Incident:Info:toast@toast-new:Magnitude updated] Magnitude updated: 5.52 (M)
2025/07/24 13:47:47.417747 [Simulation:Info:toast@toast-new:Simulation not generated] Magnitude 5.52 of event bmg2025ojfr is smaller than triggerMinMagnitude: no automatic simulation
2025/07/24 13:48:22.420062 [Incident:Info:toast@toast-new:Origin updated] Origin updated: OT: 2025-07-24 06:34:56,  Lat/Lon: -10.938°/166.302°, Depth: 131.725
2025/07/24 13:48:22.420277 [Incident:Info:toast@toast-new:Magnitude updated] Magnitude updated: 5.52 (M)
2025/07/24 13:48:22.420316 [Simulation:Info:toast@toast-new:Simulation not generated] Magnitude 5.52 of event bmg2025ojfr is smaller than triggerMinMagnitude: no automatic simulation
2025/07/24 13:48:50.033206 [Incident:Info:toast@toast-new:Origin updated] Origin updated: OT: 2025-07-24 06:34:56,  Lat/Lon: -10.938°/166.302°, Depth: 131.725
2025/07/24 13:48:50.033369 [Incident:Info:toast@toast-new:Magnitude updated] Magnitude updated: 5.50 (M)
2025/07/24 13:48:50.033399 [Simulation:Info:toast@toast-new:Simulation not generated] Magnitude 5.50 of event bmg2025ojfr is smaller than triggerMinMagnitude: no automatic simulation
2025/07/24 13:48:54.346320 [Incident:Info:toast@toast-new:Origin updated] Origin updated: OT: 2025-07-24 06:34:56,  Lat/Lon: -10.9673°/166.252°, Depth: 130.324
2025/07/24 13:48:54.346572 [Incident:Info:toast@toast-new:Magnitude updated] Magnitude updated: 5.46 (M)
2025/07/24 13:48:54.346632 [Simulation:Info:toast@toast-new:Simulation not generated] Magnitude 5.46 of event bmg2025ojfr is smaller than triggerMinMagnitude: no automatic simulation
2025/07/24 13:50:06.713909 [Incident:Info:toast@toast-new:Origin updated] Origin updated: OT: 2025-07-24 06:34:56,  Lat/Lon: -10.9821°/166.233°, Depth: 131.406
2025/07/24 13:50:06.714133 [Incident:Info:toast@toast-new:Magnitude updated] Magnitude updated: 5.46 (M)
2025/07/24 13:50:06.714195 [Simulation:Info:toast@toast-new:Simulation not generated] Magnitude 5.46 of event bmg2025ojfr is smaller than triggerMinMagnitude: no automatic simulation
2025/07/24 13:50:44.562924 [Incident:Info:toast@toast-new:Origin updated] Origin updated: OT: 2025-07-24 06:34:56,  Lat/Lon: -10.9827°/166.232°, Depth: 131.263
2025/07/24 13:50:44.563114 [Incident:Info:toast@toast-new:Magnitude updated] Magnitude updated: 5.46 (M)
2025/07/24 13:50:44.563163 [Simulation:Info:toast@toast-new:Simulation not generated] Magnitude 5.46 of event bmg2025ojfr is smaller than triggerMinMagnitude: no automatic simulation
2025/07/24 13:51:22.446680 [Incident:Info:toast@toast-new:Origin updated] Origin updated: OT: 2025-07-24 06:34:55,  Lat/Lon: -10.9457°/166.245°, Depth: 124.243
2025/07/24 13:51:22.446855 [Incident:Info:toast@toast-new:Magnitude updated] Magnitude updated: 5.40 (M)
2025/07/24 13:51:22.446891 [Simulation:Info:toast@toast-new:Simulation not generated] Magnitude 5.40 of event bmg2025ojfr is smaller than triggerMinMagnitude: no automatic simulation
2025/07/24 13:51:52.253807 [Incident:Info:toast@toast-new:Origin updated] Origin updated: OT: 2025-07-24 06:34:55,  Lat/Lon: -10.9457°/166.245°, Depth: 124.243
2025/07/24 13:51:52.253998 [Incident:Info:toast@toast-new:FM updated] FM updated
2025/07/24 13:51:52.254167 [Simulation:Info:toast@toast-new:Simulation not generated] Magnitude 5.40 of event bmg2025ojfr is smaller than triggerMinMagnitude: no automatic simulation
2025/07/24 13:52:02.506966 [Incident:Info:toast@toast-new:Origin updated] Origin updated: OT: 2025-07-24 06:34:55,  Lat/Lon: -10.9349°/166.235°, Depth: 118.645
2025/07/24 13:52:02.507178 [Incident:Info:toast@toast-new:Magnitude updated] Magnitude updated: 5.44 (M)
2025/07/24 13:52:02.507224 [Simulation:Info:toast@toast-new:Simulation not generated] Magnitude 5.44 of event bmg2025ojfr is smaller than triggerMinMagnitude: no automatic simulation
2025/07/24 13:54:39.347202 [Incident:Info:toast@toast-new:Origin updated] Origin updated: OT: 2025-07-24 06:34:55,  Lat/Lon: -10.9349°/166.235°, Depth: 118.645
2025/07/24 13:54:39.347385 [Simulation:Info:toast@toast-new:Simulation not generated] Magnitude 5.44 of event bmg2025ojfr is smaller than triggerMinMagnitude: no automatic simulation
2025/07/24 13:54:39.920487 [Incident:Info:toast@toast-new:Origin updated] Origin updated: OT: 2025-07-24 06:34:55,  Lat/Lon: -10.9349°/166.235°, Depth: 118.645
2025/07/24 13:54:39.920657 [Incident:Info:toast@toast-new:FM updated] FM updated
2025/07/24 13:54:39.920826 [Simulation:Info:toast@toast-new:Simulation not generated] Magnitude 5.44 of event bmg2025ojfr is smaller than triggerMinMagnitude: no automatic simulation
2025/07/24 13:54:51.758792 [Incident:Info:toast@toast-new:Origin updated] Origin updated: OT: 2025-07-24 06:34:55,  Lat/Lon: -10.9349°/166.235°, Depth: 118.645
2025/07/24 13:54:51.759004 [Simulation:Info:toast@toast-new:Simulation not generated] Magnitude 5.44 of event bmg2025ojfr is smaller than triggerMinMagnitude: no automatic simulation
2025/07/24 13:55:00.683891 [Incident:Info:toast@toast-new:Origin updated] Origin updated: OT: 2025-07-24 06:34:55,  Lat/Lon: -10.9349°/166.235°, Depth: 118.645
2025/07/24 13:55:00.684110 [Simulation:Info:toast@toast-new:Simulation not generated] Magnitude 5.44 of event bmg2025ojfr is smaller than triggerMinMagnitude: no automatic simulation
2025/07/24 13:55:10.676893 [Incident:Info:toast@toast-new:Origin updated] Origin updated: OT: 2025-07-24 06:34:55,  Lat/Lon: -10.9349°/166.235°, Depth: 118.645
2025/07/24 13:55:10.677061 [Simulation:Info:toast@toast-new:Simulation not generated] Magnitude 5.44 of event bmg2025ojfr is smaller than triggerMinMagnitude: no automatic simulation
2025/07/24 13:55:22.529859 [Incident:Info:toast@toast-new:Origin updated] Origin updated: OT: 2025-07-24 06:34:55,  Lat/Lon: -10.9349°/166.235°, Depth: 118.645
2025/07/24 13:55:22.530060 [Simulation:Info:toast@toast-new:Simulation not generated] Magnitude 5.44 of event bmg2025ojfr is smaller than triggerMinMagnitude: no automatic simulation
2025/07/24 13:55:30.923022 [Incident:Info:toast@toast-new:Origin updated] Origin updated: OT: 2025-07-24 06:34:55,  Lat/Lon: -10.9349°/166.235°, Depth: 118.645
2025/07/24 13:55:30.923224 [Simulation:Info:toast@toast-new:Simulation not generated] Magnitude 5.44 of event bmg2025ojfr is smaller than triggerMinMagnitude: no automatic simulation
2025/07/24 13:55:40.295140 [Incident:Info:toast@toast-new:Origin updated] Origin updated: OT: 2025-07-24 06:34:55,  Lat/Lon: -10.9349°/166.235°, Depth: 118.645
2025/07/24 13:55:40.295351 [Simulation:Info:toast@toast-new:Simulation not generated] Magnitude 5.44 of event bmg2025ojfr is smaller than triggerMinMagnitude: no automatic simulation
2025/07/24 13:55:50.133930 [Incident:Info:toast@toast-new:Origin updated] Origin updated: OT: 2025-07-24 06:34:55,  Lat/Lon: -10.9349°/166.235°, Depth: 118.645
2025/07/24 13:55:50.134146 [Simulation:Info:toast@toast-new:Simulation not generated] Magnitude 5.44 of event bmg2025ojfr is smaller than triggerMinMagnitude: no automatic simulation
2025/07/24 13:56:00.412348 [Incident:Info:toast@toast-new:Origin updated] Origin updated: OT: 2025-07-24 06:34:55,  Lat/Lon: -10.9349°/166.235°, Depth: 118.645
2025/07/24 13:56:00.412552 [Simulation:Info:toast@toast-new:Simulation not generated] Magnitude 5.44 of event bmg2025ojfr is smaller than triggerMinMagnitude: no automatic simulation
2025/07/24 13:56:10.939762 [Incident:Info:toast@toast-new:Origin updated] Origin updated: OT: 2025-07-24 06:34:55,  Lat/Lon: -10.9349°/166.235°, Depth: 118.645
2025/07/24 13:56:10.939929 [Simulation:Info:toast@toast-new:Simulation not generated] Magnitude 5.44 of event bmg2025ojfr is smaller than triggerMinMagnitude: no automatic simulation
2025/07/24 13:56:21.375607 [Incident:Info:toast@toast-new:Origin updated] Origin updated: OT: 2025-07-24 06:34:55,  Lat/Lon: -10.9349°/166.235°, Depth: 118.645
2025/07/24 13:56:21.375781 [Simulation:Info:toast@toast-new:Simulation not generated] Magnitude 5.44 of event bmg2025ojfr is smaller than triggerMinMagnitude: no automatic simulation
2025/07/24 13:56:32.660668 [Incident:Info:toast@toast-new:Origin updated] Origin updated: OT: 2025-07-24 06:34:55,  Lat/Lon: -10.9349°/166.235°, Depth: 118.645
2025/07/24 13:56:32.660867 [Simulation:Info:toast@toast-new:Simulation not generated] Magnitude 5.44 of event bmg2025ojfr is smaller than triggerMinMagnitude: no automatic simulation
2025/07/24 13:56:41.495468 [Incident:Info:toast@toast-new:Origin updated] Origin updated: OT: 2025-07-24 06:34:55,  Lat/Lon: -10.9349°/166.235°, Depth: 118.645
2025/07/24 13:56:41.495667 [Simulation:Info:toast@toast-new:Simulation not generated] Magnitude 5.44 of event bmg2025ojfr is smaller than triggerMinMagnitude: no automatic simulation
2025/07/24 13:56:51.625330 [Incident:Info:toast@toast-new:Origin updated] Origin updated: OT: 2025-07-24 06:34:55,  Lat/Lon: -10.9349°/166.235°, Depth: 118.645
2025/07/24 13:56:51.625532 [Simulation:Info:toast@toast-new:Simulation not generated] Magnitude 5.44 of event bmg2025ojfr is smaller than triggerMinMagnitude: no automatic simulation
2025/07/24 13:57:02.312798 [Incident:Info:toast@toast-new:Origin updated] Origin updated: OT: 2025-07-24 06:34:55,  Lat/Lon: -10.9349°/166.235°, Depth: 118.645
2025/07/24 13:57:02.312980 [Simulation:Info:toast@toast-new:Simulation not generated] Magnitude 5.44 of event bmg2025ojfr is smaller than triggerMinMagnitude: no automatic simulation
2025/07/24 13:57:11.696774 [Incident:Info:toast@toast-new:Origin updated] Origin updated: OT: 2025-07-24 06:34:55,  Lat/Lon: -10.9349°/166.235°, Depth: 118.645
2025/07/24 13:57:11.696971 [Simulation:Info:toast@toast-new:Simulation not generated] Magnitude 5.44 of event bmg2025ojfr is smaller than triggerMinMagnitude: no automatic simulation
2025/07/24 13:57:21.674852 [Incident:Info:toast@toast-new:Origin updated] Origin updated: OT: 2025-07-24 06:34:55,  Lat/Lon: -10.9349°/166.235°, Depth: 118.645
2025/07/24 13:57:21.675074 [Simulation:Info:toast@toast-new:Simulation not generated] Magnitude 5.44 of event bmg2025ojfr is smaller than triggerMinMagnitude: no automatic simulation
2025/07/24 13:57:32.554456 [Incident:Info:toast@toast-new:Origin updated] Origin updated: OT: 2025-07-24 06:34:55,  Lat/Lon: -10.9349°/166.235°, Depth: 118.645
2025/07/24 13:57:32.554653 [Simulation:Info:toast@toast-new:Simulation not generated] Magnitude 5.44 of event bmg2025ojfr is smaller than triggerMinMagnitude: no automatic simulation
2025/07/24 13:57:42.607217 [Incident:Info:toast@toast-new:Origin updated] Origin updated: OT: 2025-07-24 06:34:55,  Lat/Lon: -10.9349°/166.235°, Depth: 118.645
2025/07/24 13:57:42.607400 [Simulation:Info:toast@toast-new:Simulation not generated] Magnitude 5.44 of event bmg2025ojfr is smaller than triggerMinMagnitude: no automatic simulation
2025/07/24 13:57:52.211752 [Incident:Info:toast@toast-new:Origin updated] Origin updated: OT: 2025-07-24 06:34:55,  Lat/Lon: -10.9349°/166.235°, Depth: 118.645
2025/07/24 13:57:52.211949 [Simulation:Info:toast@toast-new:Simulation not generated] Magnitude 5.44 of event bmg2025ojfr is smaller than triggerMinMagnitude: no automatic simulation
2025/07/24 13:58:03.158728 [Incident:Info:toast@toast-new:Origin updated] Origin updated: OT: 2025-07-24 06:34:55,  Lat/Lon: -10.9349°/166.235°, Depth: 118.645
2025/07/24 13:58:03.158913 [Simulation:Info:toast@toast-new:Simulation not generated] Magnitude 5.44 of event bmg2025ojfr is smaller than triggerMinMagnitude: no automatic simulation
2025/07/24 13:58:13.177417 [Incident:Info:toast@toast-new:Origin updated] Origin updated: OT: 2025-07-24 06:34:55,  Lat/Lon: -10.9349°/166.235°, Depth: 118.645
2025/07/24 13:58:13.177621 [Simulation:Info:toast@toast-new:Simulation not generated] Magnitude 5.44 of event bmg2025ojfr is smaller than triggerMinMagnitude: no automatic simulation
2025/07/24 13:58:24.319257 [Incident:Info:toast@toast-new:Origin updated] Origin updated: OT: 2025-07-24 06:34:55,  Lat/Lon: -10.9349°/166.235°, Depth: 118.645
2025/07/24 13:58:24.319431 [Simulation:Info:toast@toast-new:Simulation not generated] Magnitude 5.44 of event bmg2025ojfr is smaller than triggerMinMagnitude: no automatic simulation
2025/07/24 13:58:33.060414 [Incident:Info:toast@toast-new:Origin updated] Origin updated: OT: 2025-07-24 06:34:55,  Lat/Lon: -10.9349°/166.235°, Depth: 118.645
2025/07/24 13:58:33.060611 [Simulation:Info:toast@toast-new:Simulation not generated] Magnitude 5.44 of event bmg2025ojfr is smaller than triggerMinMagnitude: no automatic simulation
2025/07/24 13:58:42.935177 [Incident:Info:toast@toast-new:Origin updated] Origin updated: OT: 2025-07-24 06:34:55,  Lat/Lon: -10.9349°/166.235°, Depth: 118.645
2025/07/24 13:58:42.935343 [Simulation:Info:toast@toast-new:Simulation not generated] Magnitude 5.44 of event bmg2025ojfr is smaller than triggerMinMagnitude: no automatic simulation
2025/07/24 13:58:53.005254 [Incident:Info:toast@toast-new:Origin updated] Origin updated: OT: 2025-07-24 06:34:55,  Lat/Lon: -10.9349°/166.235°, Depth: 118.645
2025/07/24 13:58:53.005455 [Simulation:Info:toast@toast-new:Simulation not generated] Magnitude 5.44 of event bmg2025ojfr is smaller than triggerMinMagnitude: no automatic simulation
2025/07/24 13:59:03.611862 [Incident:Info:toast@toast-new:Origin updated] Origin updated: OT: 2025-07-24 06:34:55,  Lat/Lon: -10.9349°/166.235°, Depth: 118.645
2025/07/24 13:59:03.612053 [Simulation:Info:toast@toast-new:Simulation not generated] Magnitude 5.44 of event bmg2025ojfr is smaller than triggerMinMagnitude: no automatic simulation
2025/07/24 13:59:13.363199 [Incident:Info:toast@toast-new:Origin updated] Origin updated: OT: 2025-07-24 06:34:55,  Lat/Lon: -10.9349°/166.235°, Depth: 118.645
2025/07/24 13:59:13.363394 [Simulation:Info:toast@toast-new:Simulation not generated] Magnitude 5.44 of event bmg2025ojfr is smaller than triggerMinMagnitude: no automatic simulation
2025/07/24 13:59:23.636127 [Incident:Info:toast@toast-new:Origin updated] Origin updated: OT: 2025-07-24 06:34:55,  Lat/Lon: -10.9349°/166.235°, Depth: 118.645
2025/07/24 13:59:23.636358 [Simulation:Info:toast@toast-new:Simulation not generated] Magnitude 5.44 of event bmg2025ojfr is smaller than triggerMinMagnitude: no automatic simulation
2025/07/24 13:59:34.267013 [Incident:Info:toast@toast-new:Origin updated] Origin updated: OT: 2025-07-24 06:34:55,  Lat/Lon: -10.9349°/166.235°, Depth: 118.645
2025/07/24 13:59:34.267214 [Simulation:Info:toast@toast-new:Simulation not generated] Magnitude 5.44 of event bmg2025ojfr is smaller than triggerMinMagnitude: no automatic simulation
2025/07/24 13:59:44.375171 [Incident:Info:toast@toast-new:Origin updated] Origin updated: OT: 2025-07-24 06:34:55,  Lat/Lon: -10.9349°/166.235°, Depth: 118.645
2025/07/24 13:59:44.375375 [Simulation:Info:toast@toast-new:Simulation not generated] Magnitude 5.44 of event bmg2025ojfr is smaller than triggerMinMagnitude: no automatic simulation
2025/07/24 13:59:54.049653 [Incident:Info:toast@toast-new:Origin updated] Origin updated: OT: 2025-07-24 06:34:55,  Lat/Lon: -10.9349°/166.235°, Depth: 118.645
2025/07/24 13:59:54.050009 [Simulation:Info:toast@toast-new:Simulation not generated] Magnitude 5.44 of event bmg2025ojfr is smaller than triggerMinMagnitude: no automatic simulation
2025/07/24 14:00:03.829008 [Incident:Info:toast@toast-new:Origin updated] Origin updated: OT: 2025-07-24 06:34:55,  Lat/Lon: -10.9349°/166.235°, Depth: 118.645
2025/07/24 14:00:03.829209 [Simulation:Info:toast@toast-new:Simulation not generated] Magnitude 5.44 of event bmg2025ojfr is smaller than triggerMinMagnitude: no automatic simulation
2025/07/24 14:00:13.842520 [Incident:Info:toast@toast-new:Origin updated] Origin updated: OT: 2025-07-24 06:34:55,  Lat/Lon: -10.9349°/166.235°, Depth: 118.645
2025/07/24 14:00:13.842726 [Simulation:Info:toast@toast-new:Simulation not generated] Magnitude 5.44 of event bmg2025ojfr is smaller than triggerMinMagnitude: no automatic simulation
2025/07/24 14:00:23.891306 [Incident:Info:toast@toast-new:Origin updated] Origin updated: OT: 2025-07-24 06:34:55,  Lat/Lon: -10.9349°/166.235°, Depth: 118.645
2025/07/24 14:00:23.891502 [Simulation:Info:toast@toast-new:Simulation not generated] Magnitude 5.44 of event bmg2025ojfr is smaller than triggerMinMagnitude: no automatic simulation
2025/07/24 14:00:34.039782 [Incident:Info:toast@toast-new:Origin updated] Origin updated: OT: 2025-07-24 06:34:55,  Lat/Lon: -10.9349°/166.235°, Depth: 118.645
2025/07/24 14:00:34.039970 [Simulation:Info:toast@toast-new:Simulation not generated] Magnitude 5.44 of event bmg2025ojfr is smaller than triggerMinMagnitude: no automatic simulation
2025/07/24 14:00:43.992606 [Incident:Info:toast@toast-new:Origin updated] Origin updated: OT: 2025-07-24 06:34:55,  Lat/Lon: -10.9349°/166.235°, Depth: 118.645
2025/07/24 14:00:43.992790 [Simulation:Info:toast@toast-new:Simulation not generated] Magnitude 5.44 of event bmg2025ojfr is smaller than triggerMinMagnitude: no automatic simulation
2025/07/24 14:00:53.874649 [Incident:Info:toast@toast-new:Origin updated] Origin updated: OT: 2025-07-24 06:34:55,  Lat/Lon: -10.9349°/166.235°, Depth: 118.645
2025/07/24 14:00:53.874849 [Simulation:Info:toast@toast-new:Simulation not generated] Magnitude 5.44 of event bmg2025ojfr is smaller than triggerMinMagnitude: no automatic simulation
2025/07/24 14:01:04.055438 [Incident:Info:toast@toast-new:Origin updated] Origin updated: OT: 2025-07-24 06:34:55,  Lat/Lon: -10.9349°/166.235°, Depth: 118.645
2025/07/24 14:01:04.055622 [Simulation:Info:toast@toast-new:Simulation not generated] Magnitude 5.44 of event bmg2025ojfr is smaller than triggerMinMagnitude: no automatic simulation
2025/07/24 14:01:14.563155 [Incident:Info:toast@toast-new:Origin updated] Origin updated: OT: 2025-07-24 06:34:55,  Lat/Lon: -10.9349°/166.235°, Depth: 118.645
2025/07/24 14:01:14.563329 [Simulation:Info:toast@toast-new:Simulation not generated] Magnitude 5.44 of event bmg2025ojfr is smaller than triggerMinMagnitude: no automatic simulation
2025/07/24 14:01:25.109643 [Incident:Info:toast@toast-new:Origin updated] Origin updated: OT: 2025-07-24 06:34:55,  Lat/Lon: -10.9349°/166.235°, Depth: 118.645
2025/07/24 14:01:25.109833 [Simulation:Info:toast@toast-new:Simulation not generated] Magnitude 5.44 of event bmg2025ojfr is smaller than triggerMinMagnitude: no automatic simulation
2025/07/24 14:01:34.362662 [Incident:Info:toast@toast-new:Origin updated] Origin updated: OT: 2025-07-24 06:34:55,  Lat/Lon: -10.9349°/166.235°, Depth: 118.645
2025/07/24 14:01:34.362864 [Simulation:Info:toast@toast-new:Simulation not generated] Magnitude 5.44 of event bmg2025ojfr is smaller than triggerMinMagnitude: no automatic simulation
2025/07/24 14:01:38.467406 [Incident:Info:toast@toast-new:Origin updated] Origin updated: OT: 2025-07-24 06:34:55,  Lat/Lon: -10.9349°/166.235°, Depth: 118.645
2025/07/24 14:01:38.467605 [Simulation:Info:toast@toast-new:Simulation not generated] Magnitude 5.44 of event bmg2025ojfr is smaller than triggerMinMagnitude: no automatic simulation
2025/07/24 14:01:45.529375 [Incident:Info:toast@toast-new:Origin updated] Origin updated: OT: 2025-07-24 06:34:55,  Lat/Lon: -10.9349°/166.235°, Depth: 118.645
2025/07/24 14:01:45.529573 [Simulation:Info:toast@toast-new:Simulation not generated] Magnitude 5.44 of event bmg2025ojfr is smaller than triggerMinMagnitude: no automatic simulation
2025/07/24 14:01:54.706036 [Incident:Info:toast@toast-new:Origin updated] Origin updated: OT: 2025-07-24 06:34:55,  Lat/Lon: -10.9349°/166.235°, Depth: 118.645
2025/07/24 14:01:54.706224 [Simulation:Info:toast@toast-new:Simulation not generated] Magnitude 5.44 of event bmg2025ojfr is smaller than triggerMinMagnitude: no automatic simulation
2025/07/24 14:02:05.810441 [Incident:Info:toast@toast-new:Origin updated] Origin updated: OT: 2025-07-24 06:34:55,  Lat/Lon: -10.9349°/166.235°, Depth: 118.645
2025/07/24 14:02:05.810668 [Simulation:Info:toast@toast-new:Simulation not generated] Magnitude 5.44 of event bmg2025ojfr is smaller than triggerMinMagnitude: no automatic simulation
2025/07/24 14:02:26.361339 [Incident:Info:toast@toast-new:Origin updated] Origin updated: OT: 2025-07-24 06:34:55,  Lat/Lon: -10.9349°/166.235°, Depth: 118.645
2025/07/24 14:02:26.361540 [Simulation:Info:toast@toast-new:Simulation not generated] Magnitude 5.44 of event bmg2025ojfr is smaller than triggerMinMagnitude: no automatic simulation
2025/07/24 14:02:46.773492 [Incident:Info:toast@toast-new:Origin updated] Origin updated: OT: 2025-07-24 06:34:55,  Lat/Lon: -10.9349°/166.235°, Depth: 118.645
2025/07/24 14:02:46.773695 [Simulation:Info:toast@toast-new:Simulation not generated] Magnitude 5.44 of event bmg2025ojfr is smaller than triggerMinMagnitude: no automatic simulation
2025/07/24 14:03:06.593656 [Incident:Info:toast@toast-new:Origin updated] Origin updated: OT: 2025-07-24 06:34:55,  Lat/Lon: -10.9349°/166.235°, Depth: 118.645
2025/07/24 14:03:06.593852 [Simulation:Info:toast@toast-new:Simulation not generated] Magnitude 5.44 of event bmg2025ojfr is smaller than triggerMinMagnitude: no automatic simulation
2025/07/24 14:03:27.092004 [Incident:Info:toast@toast-new:Origin updated] Origin updated: OT: 2025-07-24 06:34:55,  Lat/Lon: -10.9349°/166.235°, Depth: 118.645
2025/07/24 14:03:27.092215 [Simulation:Info:toast@toast-new:Simulation not generated] Magnitude 5.44 of event bmg2025ojfr is smaller than triggerMinMagnitude: no automatic simulation
2025/07/24 14:06:26.541032 [Incident:Info:toast@toast-new:Origin updated] Origin updated: OT: 2025-07-24 06:34:55,  Lat/Lon: -10.9349°/166.235°, Depth: 118.645
2025/07/24 14:06:26.541230 [Incident:Info:toast@toast-new:FM updated] FM updated
2025/07/24 14:06:26.541416 [Simulation:Info:toast@toast-new:Simulation not generated] Magnitude 5.44 of event bmg2025ojfr is smaller than triggerMinMagnitude: no automatic simulation
2025/07/24 14:07:16.568988 [Incident:Info:toast@toast-new:Origin updated] Origin updated: OT: 2025-07-24 06:34:55,  Lat/Lon: -10.9349°/166.235°, Depth: 118.645
2025/07/24 14:07:16.569184 [Incident:Info:toast@toast-new:FM updated] FM updated
2025/07/24 14:07:16.569383 [Simulation:Info:toast@toast-new:Simulation not generated] Magnitude 5.44 of event bmg2025ojfr is smaller than triggerMinMagnitude: no automatic simulation
2025/07/24 14:08:40.787469 [Incident:Info:toast@toast-new:Origin updated] Origin updated: OT: 2025-07-24 06:34:55,  Lat/Lon: -10.9348°/166.235°, Depth: 118.636
2025/07/24 14:08:40.787681 [Incident:Info:toast@toast-new:Magnitude updated] Magnitude updated: 5.44 (M)
2025/07/24 14:08:40.787726 [Simulation:Info:toast@toast-new:Simulation not generated] Magnitude 5.44 of event bmg2025ojfr is smaller than triggerMinMagnitude: no automatic simulation
2025/07/24 14:09:16.648771 [Incident:Info:toast@toast-new:Origin updated] Origin updated: OT: 2025-07-24 06:34:55,  Lat/Lon: -10.9348°/166.235°, Depth: 118.636
2025/07/24 14:09:16.648922 [Incident:Info:toast@toast-new:FM updated] FM updated
2025/07/24 14:09:16.649070 [Simulation:Info:toast@toast-new:Simulation not generated] Magnitude 5.44 of event bmg2025ojfr is smaller than triggerMinMagnitude: no automatic simulation
2025/07/24 14:09:36.709582 [Incident:Info:toast@toast-new:Origin updated] Origin updated: OT: 2025-07-24 06:34:55,  Lat/Lon: -10.9348°/166.235°, Depth: 118.636
2025/07/24 14:09:36.709778 [Simulation:Info:toast@toast-new:Simulation not generated] Magnitude 5.44 of event bmg2025ojfr is smaller than triggerMinMagnitude: no automatic simulation
2025/07/24 14:09:56.814368 [Incident:Info:toast@toast-new:Origin updated] Origin updated: OT: 2025-07-24 06:34:55,  Lat/Lon: -10.9348°/166.235°, Depth: 118.636
2025/07/24 14:09:56.814627 [Simulation:Info:toast@toast-new:Simulation not generated] Magnitude 5.44 of event bmg2025ojfr is smaller than triggerMinMagnitude: no automatic simulation
2025/07/24 14:11:56.821618 [Incident:Info:toast@toast-new:Origin updated] Origin updated: OT: 2025-07-24 06:34:55,  Lat/Lon: -10.9348°/166.235°, Depth: 118.636
2025/07/24 14:11:56.821827 [Simulation:Info:toast@toast-new:Simulation not generated] Magnitude 5.44 of event bmg2025ojfr is smaller than triggerMinMagnitude: no automatic simulation
2025/07/24 14:12:16.880932 [Incident:Info:toast@toast-new:Origin updated] Origin updated: OT: 2025-07-24 06:34:55,  Lat/Lon: -10.9348°/166.235°, Depth: 118.636
2025/07/24 14:12:16.881132 [Simulation:Info:toast@toast-new:Simulation not generated] Magnitude 5.44 of event bmg2025ojfr is smaller than triggerMinMagnitude: no automatic simulation
2025/07/24 14:13:17.302581 [Incident:Info:toast@toast-new:Origin updated] Origin updated: OT: 2025-07-24 06:34:55,  Lat/Lon: -10.9348°/166.235°, Depth: 118.636
2025/07/24 14:13:17.302763 [Incident:Info:toast@toast-new:FM updated] FM updated
2025/07/24 14:13:17.302935 [Simulation:Info:toast@toast-new:Simulation not generated] Magnitude 5.44 of event bmg2025ojfr is smaller than triggerMinMagnitude: no automatic simulation
2025/07/24 14:14:17.128484 [Incident:Info:toast@toast-new:Origin updated] Origin updated: OT: 2025-07-24 06:34:55,  Lat/Lon: -10.9348°/166.235°, Depth: 118.636
2025/07/24 14:14:17.128671 [Simulation:Info:toast@toast-new:Simulation not generated] Magnitude 5.44 of event bmg2025ojfr is smaller than triggerMinMagnitude: no automatic simulation
2025/07/24 14:14:37.258815 [Incident:Info:toast@toast-new:Origin updated] Origin updated: OT: 2025-07-24 06:34:55,  Lat/Lon: -10.9348°/166.235°, Depth: 118.636
2025/07/24 14:14:37.259006 [Simulation:Info:toast@toast-new:Simulation not generated] Magnitude 5.44 of event bmg2025ojfr is smaller than triggerMinMagnitude: no automatic simulation
2025/07/24 14:15:07.334726 [Incident:Info:toast@toast-new:Origin updated] Origin updated: OT: 2025-07-24 06:34:55,  Lat/Lon: -10.9348°/166.235°, Depth: 118.636
2025/07/24 14:15:07.334935 [Simulation:Info:toast@toast-new:Simulation not generated] Magnitude 5.44 of event bmg2025ojfr is smaller than triggerMinMagnitude: no automatic simulation
2025/07/24 14:15:27.343127 [Incident:Info:toast@toast-new:Origin updated] Origin updated: OT: 2025-07-24 06:34:55,  Lat/Lon: -10.9348°/166.235°, Depth: 118.636
2025/07/24 14:15:27.343295 [Simulation:Info:toast@toast-new:Simulation not generated] Magnitude 5.44 of event bmg2025ojfr is smaller than triggerMinMagnitude: no automatic simulation
2025/07/24 14:15:47.760196 [Incident:Info:toast@toast-new:Origin updated] Origin updated: OT: 2025-07-24 06:34:55,  Lat/Lon: -10.9348°/166.235°, Depth: 118.636
2025/07/24 14:15:47.760378 [Incident:Info:toast@toast-new:FM updated] FM updated
2025/07/24 14:15:47.760542 [Simulation:Info:toast@toast-new:Simulation not generated] Magnitude 5.44 of event bmg2025ojfr is smaller than triggerMinMagnitude: no automatic simulation
2025/07/24 14:15:57.650868 [Incident:Info:toast@toast-new:Origin updated] Origin updated: OT: 2025-07-24 06:34:55,  Lat/Lon: -10.9348°/166.235°, Depth: 118.636
2025/07/24 14:15:57.651086 [Simulation:Info:toast@toast-new:Simulation not generated] Magnitude 5.44 of event bmg2025ojfr is smaller than triggerMinMagnitude: no automatic simulation
2025/07/24 14:16:27.662983 [Incident:Info:toast@toast-new:Origin updated] Origin updated: OT: 2025-07-24 06:34:55,  Lat/Lon: -10.9348°/166.235°, Depth: 118.636
2025/07/24 14:16:27.663147 [Simulation:Info:toast@toast-new:Simulation not generated] Magnitude 5.44 of event bmg2025ojfr is smaller than triggerMinMagnitude: no automatic simulation
2025/07/24 14:16:37.801461 [Incident:Info:toast@toast-new:Origin updated] Origin updated: OT: 2025-07-24 06:34:55,  Lat/Lon: -10.9348°/166.235°, Depth: 118.636
2025/07/24 14:16:37.801656 [Simulation:Info:toast@toast-new:Simulation not generated] Magnitude 5.44 of event bmg2025ojfr is smaller than triggerMinMagnitude: no automatic simulation
2025/07/24 14:16:47.878230 [Incident:Info:toast@toast-new:Origin updated] Origin updated: OT: 2025-07-24 06:34:55,  Lat/Lon: -10.9348°/166.235°, Depth: 118.636
2025/07/24 14:16:47.878419 [Simulation:Info:toast@toast-new:Simulation not generated] Magnitude 5.44 of event bmg2025ojfr is smaller than triggerMinMagnitude: no automatic simulation
2025/07/24 14:16:58.077923 [Incident:Info:toast@toast-new:Origin updated] Origin updated: OT: 2025-07-24 06:34:55,  Lat/Lon: -10.9348°/166.235°, Depth: 118.636
2025/07/24 14:16:58.078095 [Simulation:Info:toast@toast-new:Simulation not generated] Magnitude 5.44 of event bmg2025ojfr is smaller than triggerMinMagnitude: no automatic simulation
2025/07/24 14:17:08.088999 [Incident:Info:toast@toast-new:Origin updated] Origin updated: OT: 2025-07-24 06:34:55,  Lat/Lon: -10.9348°/166.235°, Depth: 118.636
2025/07/24 14:17:08.089175 [Simulation:Info:toast@toast-new:Simulation not generated] Magnitude 5.44 of event bmg2025ojfr is smaller than triggerMinMagnitude: no automatic simulation
2025/07/24 14:17:18.157808 [Incident:Info:toast@toast-new:Origin updated] Origin updated: OT: 2025-07-24 06:34:55,  Lat/Lon: -10.9348°/166.235°, Depth: 118.636
2025/07/24 14:17:18.157988 [Simulation:Info:toast@toast-new:Simulation not generated] Magnitude 5.44 of event bmg2025ojfr is smaller than triggerMinMagnitude: no automatic simulation
2025/07/24 14:17:28.192022 [Incident:Info:toast@toast-new:Origin updated] Origin updated: OT: 2025-07-24 06:34:55,  Lat/Lon: -10.9348°/166.235°, Depth: 118.636
2025/07/24 14:17:28.192240 [Simulation:Info:toast@toast-new:Simulation not generated] Magnitude 5.44 of event bmg2025ojfr is smaller than triggerMinMagnitude: no automatic simulation
2025/07/24 14:17:58.259296 [Incident:Info:toast@toast-new:Origin updated] Origin updated: OT: 2025-07-24 06:34:55,  Lat/Lon: -10.9348°/166.235°, Depth: 118.636
2025/07/24 14:17:58.259498 [Simulation:Info:toast@toast-new:Simulation not generated] Magnitude 5.44 of event bmg2025ojfr is smaller than triggerMinMagnitude: no automatic simulation
2025/07/24 14:18:08.591891 [Incident:Info:toast@toast-new:Origin updated] Origin updated: OT: 2025-07-24 06:34:55,  Lat/Lon: -10.9348°/166.235°, Depth: 118.636
2025/07/24 14:18:08.592086 [Simulation:Info:toast@toast-new:Simulation not generated] Magnitude 5.44 of event bmg2025ojfr is smaller than triggerMinMagnitude: no automatic simulation
2025/07/24 14:18:18.741943 [Incident:Info:toast@toast-new:Origin updated] Origin updated: OT: 2025-07-24 06:34:55,  Lat/Lon: -10.9348°/166.235°, Depth: 118.636
2025/07/24 14:18:18.742128 [Simulation:Info:toast@toast-new:Simulation not generated] Magnitude 5.44 of event bmg2025ojfr is smaller than triggerMinMagnitude: no automatic simulation
2025/07/24 14:18:28.610624 [Incident:Info:toast@toast-new:Origin updated] Origin updated: OT: 2025-07-24 06:34:55,  Lat/Lon: -10.9348°/166.235°, Depth: 118.636
2025/07/24 14:18:28.610817 [Simulation:Info:toast@toast-new:Simulation not generated] Magnitude 5.44 of event bmg2025ojfr is smaller than triggerMinMagnitude: no automatic simulation
2025/07/24 14:18:48.661582 [Incident:Info:toast@toast-new:Origin updated] Origin updated: OT: 2025-07-24 06:34:55,  Lat/Lon: -10.9348°/166.235°, Depth: 118.636
2025/07/24 14:18:48.661766 [Simulation:Info:toast@toast-new:Simulation not generated] Magnitude 5.44 of event bmg2025ojfr is smaller than triggerMinMagnitude: no automatic simulation
2025/07/24 14:19:18.767275 [Incident:Info:toast@toast-new:Origin updated] Origin updated: OT: 2025-07-24 06:34:55,  Lat/Lon: -10.9348°/166.235°, Depth: 118.636
2025/07/24 14:19:18.767475 [Simulation:Info:toast@toast-new:Simulation not generated] Magnitude 5.44 of event bmg2025ojfr is smaller than triggerMinMagnitude: no automatic simulation
2025/07/24 14:23:40.879798 [Incident:Info:toast@toast-new:Origin updated] Origin updated: OT: 2025-07-24 06:34:55,  Lat/Lon: -10.9348°/166.235°, Depth: 118.636
2025/07/24 14:23:40.880001 [Incident:Info:toast@toast-new:FM updated] FM updated
2025/07/24 14:23:40.880199 [Simulation:Info:toast@toast-new:Simulation not generated] Magnitude 5.44 of event bmg2025ojfr is smaller than triggerMinMagnitude: no automatic simulation
2025/07/24 14:31:46.241763 [Incident:Info:toast@toast-new:Origin updated] Origin updated: OT: 2025-07-24 06:34:55,  Lat/Lon: -10.9348°/166.235°, Depth: 118.636
2025/07/24 14:31:46.241952 [Simulation:Info:toast@toast-new:Simulation not generated] Magnitude 5.44 of event bmg2025ojfr is smaller than triggerMinMagnitude: no automatic simulation
2025/07/24 14:32:56.240857 [Incident:Info:toast@toast-new:Origin updated] Origin updated: OT: 2025-07-24 06:34:55,  Lat/Lon: -10.9348°/166.235°, Depth: 118.636
2025/07/24 14:32:56.241006 [Simulation:Info:toast@toast-new:Simulation not generated] Magnitude 5.44 of event bmg2025ojfr is smaller than triggerMinMagnitude: no automatic simulation
2025/07/24 14:36:56.370568 [Incident:Info:toast@toast-new:Origin updated] Origin updated: OT: 2025-07-24 06:34:55,  Lat/Lon: -10.9348°/166.235°, Depth: 118.636
2025/07/24 14:36:56.370764 [Simulation:Info:toast@toast-new:Simulation not generated] Magnitude 5.44 of event bmg2025ojfr is smaller than triggerMinMagnitude: no automatic simulation
2025/07/24 14:41:08.849181 [Incident:Info:toast@toast-new:Origin updated] Origin updated: OT: 2025-07-24 06:34:55,  Lat/Lon: -10.9348°/166.235°, Depth: 118.636
2025/07/24 14:41:08.849380 [Incident:Info:toast@toast-new:FM updated] FM updated
2025/07/24 14:41:08.849571 [Simulation:Info:toast@toast-new:Simulation not generated] Magnitude 5.44 of event bmg2025ojfr is smaller than triggerMinMagnitude: no automatic simulation
2025/07/24 15:37:58.846620 [Incident:Info:toast@toast-new:Origin updated] Origin updated: OT: 2025-07-24 06:34:55,  Lat/Lon: -10.9337°/166.143°, Depth: 115.394
2025/07/24 15:37:58.850140 [Incident:Info:toast@toast-new:Magnitude updated] Magnitude updated: 5.22 (mb)
2025/07/24 15:37:58.850263 [Simulation:Info:toast@toast-new:Simulation not generated] Magnitude 5.22 of event bmg2025ojfr is smaller than triggerMinMagnitude: no automatic simulation
2025/07/24 15:37:58.933088 [Incident:Info:toast@toast-new:Origin updated] Origin updated: OT: 2025-07-24 06:34:55,  Lat/Lon: -10.9337°/166.143°, Depth: 115.394
2025/07/24 15:37:58.933270 [Incident:Info:toast@toast-new:Magnitude updated] Magnitude updated: 5.45 (M)
2025/07/24 15:37:58.933331 [Simulation:Info:toast@toast-new:Simulation not generated] Magnitude 5.45 of event bmg2025ojfr is smaller than triggerMinMagnitude: no automatic simulation
2025/07/24 18:29:01.214989 [Incident:Info:toast@toast-new:Origin updated] Origin updated: OT: 2025-07-24 06:34:53,  Lat/Lon: -10.9366°/166.205°, Depth: 105.783
2025/07/24 18:29:01.215218 [Incident:Info:toast@toast-new:Magnitude updated] Magnitude updated: 5.25 (mb)
2025/07/24 18:29:01.215267 [Simulation:Info:toast@toast-new:Simulation not generated] Magnitude 5.25 of event bmg2025ojfr is smaller than triggerMinMagnitude: no automatic simulation
2025/07/24 18:29:01.269340 [Incident:Info:toast@toast-new:Origin updated] Origin updated: OT: 2025-07-24 06:34:53,  Lat/Lon: -10.9366°/166.205°, Depth: 105.783
2025/07/24 18:29:01.269525 [Incident:Info:toast@toast-new:Magnitude updated] Magnitude updated: 5.45 (M)
2025/07/24 18:29:01.269571 [Simulation:Info:toast@toast-new:Simulation not generated] Magnitude 5.45 of event bmg2025ojfr is smaller than triggerMinMagnitude: no automatic simulation
2025/07/24 18:29:09.758465 [Incident:Info:toast@toast-new:Origin updated] Origin updated: OT: 2025-07-24 06:34:53,  Lat/Lon: -10.9366°/166.205°, Depth: 105.783
2025/07/24 18:29:09.758676 [Simulation:Info:toast@toast-new:Simulation not generated] Magnitude 5.45 of event bmg2025ojfr is smaller than triggerMinMagnitude: no automatic simulation
2025/07/24 18:29:09.779406 [Incident:Info:toast@toast-new:Origin updated] Origin updated: OT: 2025-07-24 06:34:53,  Lat/Lon: -10.9366°/166.205°, Depth: 105.783
2025/07/24 18:29:09.779529 [Incident:Info:toast@toast-new:Magnitude updated] Magnitude updated: 5.31 (Mw(mB))
2025/07/24 18:29:09.779563 [Simulation:Info:toast@toast-new:Simulation not generated] Magnitude 5.31 of event bmg2025ojfr is smaller than triggerMinMagnitude: no automatic simulation
