2025/09/23 13:31:38.024809 [Incident:Info:toast@toast-new:Displacement(s) updated] Added 0 and changed 0 displacements with 0 amplitudes
2025/09/23 13:31:38.026968 [Incident:Info:toast@toast-new:Incident created] Incident created based on event received from messaging: OT: 2025-09-23 06:19:41,  Lat/Lon: 52.51°/160.18°, Depth: 10.00, Mag: 5.05 (M)
2025/09/23 13:31:38.027701 [Simulation:Info:toast@toast-new:Simulation not generated] Magnitude 5.05 of event bmg2025sqqv is smaller than triggerMinMagnitude: no automatic simulation
2025/09/23 13:31:38.267711 [Incident:Info:toast@toast-new:Origin updated] Origin updated: OT: 2025-09-23 06:19:41,  Lat/Lon: 52.5121°/160.183°, Depth: 10
2025/09/23 13:31:38.274693 [Simulation:Info:toast@toast-new:Simulation not generated] Magnitude 5.05 of event bmg2025sqqv is smaller than triggerMinMagnitude: no automatic simulation
2025/09/23 13:31:47.976127 [Incident:Info:toast@toast-new:Origin updated] Origin updated: OT: 2025-09-23 06:19:41,  Lat/Lon: 52.4988°/160.184°, Depth: 10
2025/09/23 13:31:47.991445 [Incident:Info:toast@toast-new:Magnitude updated] Magnitude updated: 5.05 (M)
2025/09/23 13:31:48.002141 [Simulation:Info:toast@toast-new:Simulation not generated] Magnitude 5.05 of event bmg2025sqqv is smaller than triggerMinMagnitude: no automatic simulation
2025/09/23 13:33:11.526557 [Incident:Info:toast@toast-new:Origin updated] Origin updated: OT: 2025-09-23 06:19:42,  Lat/Lon: 52.5434°/160.151°, Depth: 10
2025/09/23 13:33:11.536794 [Incident:Info:toast@toast-new:Magnitude updated] Magnitude updated: 5.05 (M)
2025/09/23 13:33:11.544945 [Simulation:Info:toast@toast-new:Simulation not generated] Magnitude 5.05 of event bmg2025sqqv is smaller than triggerMinMagnitude: no automatic simulation
2025/09/23 13:35:08.048243 [Incident:Info:toast@toast-new:Origin updated] Origin updated: OT: 2025-09-23 06:19:42,  Lat/Lon: 52.5467°/160.145°, Depth: 10
2025/09/23 13:35:08.059311 [Incident:Info:toast@toast-new:Magnitude updated] Magnitude updated: 5.05 (M)
2025/09/23 13:35:08.067124 [Simulation:Info:toast@toast-new:Simulation not generated] Magnitude 5.05 of event bmg2025sqqv is smaller than triggerMinMagnitude: no automatic simulation
2025/09/23 13:56:44.504266 [Incident:Info:toast@toast-new:Origin updated] Origin updated: OT: 2025-09-23 06:19:42,  Lat/Lon: 52.5595°/160.139°, Depth: 10
2025/09/23 13:56:44.515620 [Incident:Info:toast@toast-new:Magnitude updated] Magnitude updated: 5.05 (M)
2025/09/23 13:56:44.523965 [Simulation:Info:toast@toast-new:Simulation not generated] Magnitude 5.05 of event bmg2025sqqv is smaller than triggerMinMagnitude: no automatic simulation
2025/09/23 18:59:46.011095 [Incident:Info:toast@toast-new:Origin updated] Origin updated: OT: 2025-09-23 06:19:47,  Lat/Lon: 52.8319°/159.991°, Depth: 47.9811
2025/09/23 18:59:46.019305 [Incident:Info:toast@toast-new:Magnitude updated] Magnitude updated: 5.08 (mb)
2025/09/23 18:59:46.026601 [Simulation:Info:toast@toast-new:Simulation not generated] Magnitude 5.08 of event bmg2025sqqv is smaller than triggerMinMagnitude: no automatic simulation
2025/09/23 18:59:46.050124 [Incident:Info:toast@toast-new:Origin updated] Origin updated: OT: 2025-09-23 06:19:47,  Lat/Lon: 52.8319°/159.991°, Depth: 47.9811
2025/09/23 18:59:46.056768 [Incident:Info:toast@toast-new:Magnitude updated] Magnitude updated: 5.03 (M)
2025/09/23 18:59:46.063129 [Simulation:Info:toast@toast-new:Simulation not generated] Magnitude 5.03 of event bmg2025sqqv is smaller than triggerMinMagnitude: no automatic simulation
2025/09/23 18:59:50.907804 [Incident:Info:toast@toast-new:Origin updated] Origin updated: OT: 2025-09-23 06:19:47,  Lat/Lon: 52.8319°/159.991°, Depth: 47.9811
2025/09/23 18:59:50.919243 [Incident:Info:toast@toast-new:Magnitude updated] Magnitude updated: 5.08 (mb)
2025/09/23 18:59:50.928350 [Simulation:Info:toast@toast-new:Simulation not generated] Magnitude 5.08 of event bmg2025sqqv is smaller than triggerMinMagnitude: no automatic simulation
2025/09/23 19:00:10.075738 [Incident:Info:toast@toast-new:Origin updated] Origin updated: OT: 2025-09-23 06:19:47,  Lat/Lon: 52.8319°/159.991°, Depth: 47.9811
2025/09/23 19:00:10.086740 [Simulation:Info:toast@toast-new:Simulation not generated] Magnitude 5.08 of event bmg2025sqqv is smaller than triggerMinMagnitude: no automatic simulation
2025/09/23 19:00:10.145799 [Incident:Info:toast@toast-new:Origin updated] Origin updated: OT: 2025-09-23 06:19:47,  Lat/Lon: 52.8319°/159.991°, Depth: 47.9811
2025/09/23 19:00:10.153144 [Simulation:Info:toast@toast-new:Simulation not generated] Magnitude 5.08 of event bmg2025sqqv is smaller than triggerMinMagnitude: no automatic simulation
