2025/08/04 13:59:28.199032 [Incident:Info:toast@toast-new:Displacement(s) updated] Added 0 and changed 0 displacements with 0 amplitudes
2025/08/04 13:59:28.214915 [Incident:Info:toast@toast-new:Incident created] Incident created based on event received from messaging: OT: 2025-08-04 06:48:32,  Lat/Lon: 49.56°/156.54°, Depth: 10.00, Mag: 5.20 (M)
2025/08/04 13:59:28.215439 [Simulation:Info:toast@toast-new:Simulation not generated] Magnitude 5.20 of event bmg2025pdiq is smaller than triggerMinMagnitude: no automatic simulation
2025/08/04 13:59:28.229528 [Incident:Info:toast@toast-new:Origin updated] Origin updated: OT: 2025-08-04 06:48:32,  Lat/Lon: 49.5603°/156.54°, Depth: 10
2025/08/04 13:59:28.229617 [Simulation:Info:toast@toast-new:Simulation not generated] Magnitude 5.20 of event bmg2025pdiq is smaller than triggerMinMagnitude: no automatic simulation
2025/08/04 14:00:44.073627 [Incident:Info:toast@toast-new:Origin updated] Origin updated: OT: 2025-08-04 06:48:32,  Lat/Lon: 49.5406°/156.6°, Depth: 10
2025/08/04 14:00:44.073821 [Incident:Info:toast@toast-new:Magnitude updated] Magnitude updated: 5.30 (M)
2025/08/04 14:00:44.073902 [Simulation:Info:toast@toast-new:Simulation not generated] Magnitude 5.30 of event bmg2025pdiq is smaller than triggerMinMagnitude: no automatic simulation
2025/08/04 14:00:57.390538 [Incident:Info:toast@toast-new:Origin updated] Origin updated: OT: 2025-08-04 06:48:32,  Lat/Lon: 49.5384°/156.602°, Depth: 10
2025/08/04 14:00:57.390755 [Incident:Info:toast@toast-new:Magnitude updated] Magnitude updated: 5.30 (M)
2025/08/04 14:00:57.390839 [Simulation:Info:toast@toast-new:Simulation not generated] Magnitude 5.30 of event bmg2025pdiq is smaller than triggerMinMagnitude: no automatic simulation
2025/08/04 14:01:41.690977 [Incident:Info:toast@toast-new:Origin updated] Origin updated: OT: 2025-08-04 06:48:32,  Lat/Lon: 49.5507°/156.578°, Depth: 10
2025/08/04 14:01:41.691177 [Incident:Info:toast@toast-new:Magnitude updated] Magnitude updated: 5.30 (M)
2025/08/04 14:01:41.691249 [Simulation:Info:toast@toast-new:Simulation not generated] Magnitude 5.30 of event bmg2025pdiq is smaller than triggerMinMagnitude: no automatic simulation
2025/08/04 14:05:08.649476 [Incident:Info:toast@toast-new:Origin updated] Origin updated: OT: 2025-08-04 06:48:32,  Lat/Lon: 49.5546°/156.569°, Depth: 10
2025/08/04 14:05:08.649668 [Incident:Info:toast@toast-new:Magnitude updated] Magnitude updated: 5.30 (M)
2025/08/04 14:05:08.649747 [Simulation:Info:toast@toast-new:Simulation not generated] Magnitude 5.30 of event bmg2025pdiq is smaller than triggerMinMagnitude: no automatic simulation
2025/08/04 14:08:51.593216 [Incident:Info:toast@toast-new:Origin updated] Origin updated: OT: 2025-08-04 06:48:32,  Lat/Lon: 49.5546°/156.569°, Depth: 10
2025/08/04 14:08:51.593381 [Simulation:Info:toast@toast-new:Simulation not generated] Magnitude 5.30 of event bmg2025pdiq is smaller than triggerMinMagnitude: no automatic simulation
2025/08/04 15:29:50.681981 [Incident:Info:toast@toast-new:Origin updated] Origin updated: OT: 2025-08-04 06:48:32,  Lat/Lon: 49.5546°/156.569°, Depth: 10
2025/08/04 15:29:50.682136 [Incident:Info:toast@toast-new:Magnitude updated] Magnitude updated: 5.19 (mb)
2025/08/04 15:29:50.682236 [Simulation:Info:toast@toast-new:Simulation not generated] Magnitude 5.19 of event bmg2025pdiq is smaller than triggerMinMagnitude: no automatic simulation
2025/08/04 15:29:56.101001 [Incident:Info:toast@toast-new:Origin updated] Origin updated: OT: 2025-08-04 06:48:32,  Lat/Lon: 49.5709°/156.547°, Depth: 11
2025/08/04 15:29:56.101189 [Incident:Info:toast@toast-new:Magnitude updated] Magnitude updated: 5.19 (mb)
2025/08/04 15:29:56.101258 [Simulation:Info:toast@toast-new:Simulation not generated] Magnitude 5.19 of event bmg2025pdiq is smaller than triggerMinMagnitude: no automatic simulation
2025/08/11 09:37:29.028589 [Incident:Info:toast@toast-new:Origin updated] Origin updated: OT: 2025-08-04 06:48:31,  Lat/Lon: 49.5441°/156.669°, Depth: 5
2025/08/11 09:37:29.029831 [Incident:Info:toast@toast-new:Magnitude updated] Magnitude updated: 5.21 (mb)
2025/08/11 09:37:29.029981 [Simulation:Info:toast@toast-new:Simulation not generated] Magnitude 5.21 of event bmg2025pdiq is smaller than triggerMinMagnitude: no automatic simulation
2025/08/11 09:37:54.256948 [Incident:Info:toast@toast-new:Origin updated] Origin updated: OT: 2025-08-04 06:48:31,  Lat/Lon: 49.5441°/156.669°, Depth: 5
2025/08/11 09:37:54.257089 [Simulation:Info:toast@toast-new:Simulation not generated] Magnitude 5.21 of event bmg2025pdiq is smaller than triggerMinMagnitude: no automatic simulation
2025/08/11 09:37:54.282405 [Incident:Info:toast@toast-new:Origin updated] Origin updated: OT: 2025-08-04 06:48:31,  Lat/Lon: 49.5441°/156.669°, Depth: 5
2025/08/11 09:37:54.282497 [Simulation:Info:toast@toast-new:Simulation not generated] Magnitude 5.21 of event bmg2025pdiq is smaller than triggerMinMagnitude: no automatic simulation
2025/08/11 10:09:44.351031 [Incident:Info:toast@toast-new:Incident removed] Removed incident - Bye
