2025/08/06 06:38:42.626082 [Incident:Info:toast@toast-new:Displacement(s) updated] Added 0 and changed 0 displacements with 0 amplitudes
2025/08/06 06:38:42.628347 [Incident:Info:toast@toast-new:Incident created] Incident created based on event received from messaging: OT: 2025-08-05 10:15:51,  Lat/Lon: 49.61°/159.95°, Depth: 10.00, Mag: 5.15 (mb)
2025/08/06 06:38:42.628994 [Simulation:Info:toast@toast-new:Simulation not generated] Magnitude 5.15 of event bmg2025pfkz is smaller than triggerMinMagnitude: no automatic simulation
2025/08/06 06:38:42.652931 [Incident:Info:toast@toast-new:Origin updated] Origin updated: OT: 2025-08-05 10:15:51,  Lat/Lon: 49.6064°/159.953°, Depth: 10
2025/08/06 06:38:42.653060 [Simulation:Info:toast@toast-new:Simulation not generated] Magnitude 5.15 of event bmg2025pfkz is smaller than triggerMinMagnitude: no automatic simulation
2025/08/06 06:38:42.677744 [Incident:Info:toast@toast-new:Origin updated] Origin updated: OT: 2025-08-05 10:15:51,  Lat/Lon: 49.6064°/159.953°, Depth: 10
2025/08/06 06:38:42.677849 [Incident:Info:toast@toast-new:Magnitude updated] Magnitude updated: 5.09 (M)
2025/08/06 06:38:42.677948 [Simulation:Info:toast@toast-new:Simulation not generated] Magnitude 5.09 of event bmg2025pfkz is smaller than triggerMinMagnitude: no automatic simulation
2025/08/06 06:38:58.775307 [Incident:Info:toast@toast-new:Origin updated] Origin updated: OT: 2025-08-05 10:15:51,  Lat/Lon: 49.6064°/159.953°, Depth: 10
2025/08/06 06:38:58.775440 [Incident:Info:toast@toast-new:Magnitude updated] Magnitude updated: 5.15 (mb)
2025/08/06 06:38:58.775536 [Simulation:Info:toast@toast-new:Simulation not generated] Magnitude 5.15 of event bmg2025pfkz is smaller than triggerMinMagnitude: no automatic simulation
2025/08/06 06:38:58.799676 [Incident:Info:toast@toast-new:Origin updated] Origin updated: OT: 2025-08-05 10:15:51,  Lat/Lon: 49.6064°/159.953°, Depth: 10
2025/08/06 06:38:58.799797 [Incident:Info:toast@toast-new:Magnitude updated] Magnitude updated: 5.09 (M)
2025/08/06 06:38:58.799897 [Simulation:Info:toast@toast-new:Simulation not generated] Magnitude 5.09 of event bmg2025pfkz is smaller than triggerMinMagnitude: no automatic simulation
2025/08/06 06:39:08.622532 [Incident:Info:toast@toast-new:Origin updated] Origin updated: OT: 2025-08-05 10:15:51,  Lat/Lon: 49.6064°/159.953°, Depth: 10
2025/08/06 06:39:08.622684 [Simulation:Info:toast@toast-new:Simulation not generated] Magnitude 5.09 of event bmg2025pfkz is smaller than triggerMinMagnitude: no automatic simulation
2025/08/06 06:39:08.648336 [Incident:Info:toast@toast-new:Origin updated] Origin updated: OT: 2025-08-05 10:15:51,  Lat/Lon: 49.6064°/159.953°, Depth: 10
2025/08/06 06:39:08.648443 [Simulation:Info:toast@toast-new:Simulation not generated] Magnitude 5.09 of event bmg2025pfkz is smaller than triggerMinMagnitude: no automatic simulation
2025/08/06 06:39:14.992131 [Incident:Info:toast@toast-new:Origin updated] Origin updated: OT: 2025-08-05 10:15:51,  Lat/Lon: 49.6064°/159.953°, Depth: 10
2025/08/06 06:39:14.992272 [Incident:Info:toast@toast-new:Magnitude updated] Magnitude updated: 5.15 (mb)
2025/08/06 06:39:14.992376 [Simulation:Info:toast@toast-new:Simulation not generated] Magnitude 5.15 of event bmg2025pfkz is smaller than triggerMinMagnitude: no automatic simulation
2025/08/12 03:59:15.197703 [Incident:Info:toast@toast-new:Origin updated] Origin updated: OT: 2025-08-05 10:15:51,  Lat/Lon: 49.6064°/159.953°, Depth: 10
2025/08/12 03:59:15.199570 [Simulation:Info:toast@toast-new:Simulation not generated] Magnitude 5.15 of event bmg2025pfkz is smaller than triggerMinMagnitude: no automatic simulation
