2025/08/06 17:45:24.613894 [Incident:Info:toast@toast-new:Displacement(s) updated] Added 0 and changed 0 displacements with 0 amplitudes
2025/08/06 17:45:24.617576 [Incident:Info:toast@toast-new:Incident created] Incident created based on event received from messaging: OT: 2025-08-06 10:35:08,  Lat/Lon: 51.57°/159.41°, Depth: 10.00, Mag: 5.69 (M)
2025/08/06 17:45:24.618183 [Simulation:Info:toast@toast-new:Simulation not generated] Magnitude 5.69 of event bmg2025phhd is smaller than triggerMinMagnitude: no automatic simulation
2025/08/06 17:45:24.641012 [Incident:Info:toast@toast-new:Origin updated] Origin updated: OT: 2025-08-06 10:35:08,  Lat/Lon: 51.5747°/159.409°, Depth: 10
2025/08/06 17:45:24.641168 [Simulation:Info:toast@toast-new:Simulation not generated] Magnitude 5.69 of event bmg2025phhd is smaller than triggerMinMagnitude: no automatic simulation
2025/08/06 17:45:35.011622 [Incident:Info:toast@toast-new:Origin updated] Origin updated: OT: 2025-08-06 10:35:08,  Lat/Lon: 51.5446°/159.394°, Depth: 10
2025/08/06 17:45:35.013420 [Incident:Info:toast@toast-new:Magnitude updated] Magnitude updated: 5.70 (M)
2025/08/06 17:45:35.013503 [Simulation:Info:toast@toast-new:Simulation not generated] Magnitude 5.70 of event bmg2025phhd is smaller than triggerMinMagnitude: no automatic simulation
2025/08/06 17:45:46.251035 [Incident:Info:toast@toast-new:Origin updated] Origin updated: OT: 2025-08-06 10:35:08,  Lat/Lon: 51.5685°/159.394°, Depth: 10
2025/08/06 17:45:46.251204 [Incident:Info:toast@toast-new:Magnitude updated] Magnitude updated: 5.69 (M)
2025/08/06 17:45:46.251232 [Simulation:Info:toast@toast-new:Simulation not generated] Magnitude 5.69 of event bmg2025phhd is smaller than triggerMinMagnitude: no automatic simulation
2025/08/06 17:45:55.058231 [Incident:Info:toast@toast-new:Origin updated] Origin updated: OT: 2025-08-06 10:35:08,  Lat/Lon: 51.5685°/159.394°, Depth: 10
2025/08/06 17:45:55.058410 [Incident:Info:toast@toast-new:Magnitude updated] Magnitude updated: 5.66 (M)
2025/08/06 17:45:55.058452 [Simulation:Info:toast@toast-new:Simulation not generated] Magnitude 5.66 of event bmg2025phhd is smaller than triggerMinMagnitude: no automatic simulation
2025/08/06 17:46:00.034395 [Incident:Info:toast@toast-new:Origin updated] Origin updated: OT: 2025-08-06 10:35:08,  Lat/Lon: 51.5685°/159.394°, Depth: 10
2025/08/06 17:46:00.034582 [Incident:Info:toast@toast-new:Magnitude updated] Magnitude updated: 5.64 (M)
2025/08/06 17:46:00.034643 [Simulation:Info:toast@toast-new:Simulation not generated] Magnitude 5.64 of event bmg2025phhd is smaller than triggerMinMagnitude: no automatic simulation
2025/08/06 17:46:00.735994 [Incident:Info:toast@toast-new:Origin updated] Origin updated: OT: 2025-08-06 10:35:08,  Lat/Lon: 51.5656°/159.382°, Depth: 10
2025/08/06 17:46:00.736189 [Incident:Info:toast@toast-new:Magnitude updated] Magnitude updated: 5.64 (M)
2025/08/06 17:46:00.736231 [Simulation:Info:toast@toast-new:Simulation not generated] Magnitude 5.64 of event bmg2025phhd is smaller than triggerMinMagnitude: no automatic simulation
2025/08/06 17:46:05.050208 [Incident:Info:toast@toast-new:Origin updated] Origin updated: OT: 2025-08-06 10:35:08,  Lat/Lon: 51.5656°/159.382°, Depth: 10
2025/08/06 17:46:05.050393 [Incident:Info:toast@toast-new:Magnitude updated] Magnitude updated: 5.62 (M)
2025/08/06 17:46:05.050438 [Simulation:Info:toast@toast-new:Simulation not generated] Magnitude 5.62 of event bmg2025phhd is smaller than triggerMinMagnitude: no automatic simulation
2025/08/06 17:46:10.052393 [Incident:Info:toast@toast-new:Origin updated] Origin updated: OT: 2025-08-06 10:35:08,  Lat/Lon: 51.5656°/159.382°, Depth: 10
2025/08/06 17:46:10.052620 [Incident:Info:toast@toast-new:Magnitude updated] Magnitude updated: 5.65 (M)
2025/08/06 17:46:10.052678 [Simulation:Info:toast@toast-new:Simulation not generated] Magnitude 5.65 of event bmg2025phhd is smaller than triggerMinMagnitude: no automatic simulation
2025/08/06 17:46:15.045216 [Incident:Info:toast@toast-new:Origin updated] Origin updated: OT: 2025-08-06 10:35:08,  Lat/Lon: 51.5656°/159.382°, Depth: 10
2025/08/06 17:46:15.045451 [Incident:Info:toast@toast-new:Magnitude updated] Magnitude updated: 5.65 (M)
2025/08/06 17:46:15.045507 [Simulation:Info:toast@toast-new:Simulation not generated] Magnitude 5.65 of event bmg2025phhd is smaller than triggerMinMagnitude: no automatic simulation
2025/08/06 17:46:18.833054 [Incident:Info:toast@toast-new:Origin updated] Origin updated: OT: 2025-08-06 10:35:08,  Lat/Lon: 51.5631°/159.38°, Depth: 10
2025/08/06 17:46:18.833257 [Incident:Info:toast@toast-new:Magnitude updated] Magnitude updated: 5.63 (M)
2025/08/06 17:46:18.833300 [Simulation:Info:toast@toast-new:Simulation not generated] Magnitude 5.63 of event bmg2025phhd is smaller than triggerMinMagnitude: no automatic simulation
2025/08/06 17:46:25.064784 [Incident:Info:toast@toast-new:Origin updated] Origin updated: OT: 2025-08-06 10:35:08,  Lat/Lon: 51.5631°/159.38°, Depth: 10
2025/08/06 17:46:25.064972 [Incident:Info:toast@toast-new:Magnitude updated] Magnitude updated: 5.65 (M)
2025/08/06 17:46:25.065031 [Simulation:Info:toast@toast-new:Simulation not generated] Magnitude 5.65 of event bmg2025phhd is smaller than triggerMinMagnitude: no automatic simulation
2025/08/06 17:46:30.048356 [Incident:Info:toast@toast-new:Origin updated] Origin updated: OT: 2025-08-06 10:35:08,  Lat/Lon: 51.5631°/159.38°, Depth: 10
2025/08/06 17:46:30.048557 [Incident:Info:toast@toast-new:Magnitude updated] Magnitude updated: 5.68 (M)
2025/08/06 17:46:30.048612 [Simulation:Info:toast@toast-new:Simulation not generated] Magnitude 5.68 of event bmg2025phhd is smaller than triggerMinMagnitude: no automatic simulation
2025/08/06 17:46:35.065428 [Incident:Info:toast@toast-new:Origin updated] Origin updated: OT: 2025-08-06 10:35:08,  Lat/Lon: 51.5631°/159.38°, Depth: 10
2025/08/06 17:46:35.065613 [Incident:Info:toast@toast-new:Magnitude updated] Magnitude updated: 5.66 (M)
2025/08/06 17:46:35.065655 [Simulation:Info:toast@toast-new:Simulation not generated] Magnitude 5.66 of event bmg2025phhd is smaller than triggerMinMagnitude: no automatic simulation
2025/08/06 17:46:40.084373 [Incident:Info:toast@toast-new:Origin updated] Origin updated: OT: 2025-08-06 10:35:08,  Lat/Lon: 51.5631°/159.38°, Depth: 10
2025/08/06 17:46:40.120678 [Incident:Info:toast@toast-new:Magnitude updated] Magnitude updated: 5.67 (M)
2025/08/06 17:46:40.120772 [Simulation:Info:toast@toast-new:Simulation not generated] Magnitude 5.67 of event bmg2025phhd is smaller than triggerMinMagnitude: no automatic simulation
2025/08/06 17:46:41.399214 [Incident:Info:toast@toast-new:Origin updated] Origin updated: OT: 2025-08-06 10:35:08,  Lat/Lon: 51.553°/159.42°, Depth: 10
2025/08/06 17:46:41.399415 [Incident:Info:toast@toast-new:Magnitude updated] Magnitude updated: 5.67 (M)
2025/08/06 17:46:41.399453 [Simulation:Info:toast@toast-new:Simulation not generated] Magnitude 5.67 of event bmg2025phhd is smaller than triggerMinMagnitude: no automatic simulation
2025/08/06 17:46:45.079665 [Incident:Info:toast@toast-new:Origin updated] Origin updated: OT: 2025-08-06 10:35:08,  Lat/Lon: 51.553°/159.42°, Depth: 10
2025/08/06 17:46:45.079850 [Incident:Info:toast@toast-new:Magnitude updated] Magnitude updated: 5.66 (M)
2025/08/06 17:46:45.079895 [Simulation:Info:toast@toast-new:Simulation not generated] Magnitude 5.66 of event bmg2025phhd is smaller than triggerMinMagnitude: no automatic simulation
2025/08/06 17:46:50.134053 [Incident:Info:toast@toast-new:Origin updated] Origin updated: OT: 2025-08-06 10:35:08,  Lat/Lon: 51.553°/159.42°, Depth: 10
2025/08/06 17:46:50.134239 [Incident:Info:toast@toast-new:Magnitude updated] Magnitude updated: 5.68 (M)
2025/08/06 17:46:50.134282 [Simulation:Info:toast@toast-new:Simulation not generated] Magnitude 5.68 of event bmg2025phhd is smaller than triggerMinMagnitude: no automatic simulation
2025/08/06 17:46:53.811567 [Incident:Info:toast@toast-new:Origin updated] Origin updated: OT: 2025-08-06 10:35:08,  Lat/Lon: 51.553°/159.42°, Depth: 10
2025/08/06 17:46:53.811763 [Incident:Info:toast@toast-new:Magnitude updated] Magnitude updated: 5.68 (M)
2025/08/06 17:46:53.811827 [Simulation:Info:toast@toast-new:Simulation not generated] Magnitude 5.68 of event bmg2025phhd is smaller than triggerMinMagnitude: no automatic simulation
2025/08/06 17:46:53.833570 [Incident:Info:toast@toast-new:Origin updated] Origin updated: OT: 2025-08-06 10:35:08,  Lat/Lon: 51.5398°/159.411°, Depth: 10
2025/08/06 17:46:53.833701 [Incident:Info:toast@toast-new:Magnitude updated] Magnitude updated: 5.64 (Mw(mB))
2025/08/06 17:46:53.833756 [Simulation:Info:toast@toast-new:Simulation not generated] Magnitude 5.64 of event bmg2025phhd is smaller than triggerMinMagnitude: no automatic simulation
2025/08/06 17:47:00.153592 [Incident:Info:toast@toast-new:Origin updated] Origin updated: OT: 2025-08-06 10:35:08,  Lat/Lon: 51.5398°/159.411°, Depth: 10
2025/08/06 17:47:00.153780 [Incident:Info:toast@toast-new:Magnitude updated] Magnitude updated: 5.62 (Mw(mB))
2025/08/06 17:47:00.153828 [Simulation:Info:toast@toast-new:Simulation not generated] Magnitude 5.62 of event bmg2025phhd is smaller than triggerMinMagnitude: no automatic simulation
2025/08/06 17:47:01.952378 [Incident:Info:toast@toast-new:Origin updated] Origin updated: OT: 2025-08-06 10:35:08,  Lat/Lon: 51.5372°/159.396°, Depth: 10
2025/08/06 17:47:01.952561 [Incident:Info:toast@toast-new:Magnitude updated] Magnitude updated: 5.62 (Mw(mB))
2025/08/06 17:47:01.952602 [Simulation:Info:toast@toast-new:Simulation not generated] Magnitude 5.62 of event bmg2025phhd is smaller than triggerMinMagnitude: no automatic simulation
2025/08/06 17:47:05.110440 [Incident:Info:toast@toast-new:Origin updated] Origin updated: OT: 2025-08-06 10:35:08,  Lat/Lon: 51.5372°/159.396°, Depth: 10
2025/08/06 17:47:05.110626 [Incident:Info:toast@toast-new:Magnitude updated] Magnitude updated: 5.63 (Mw(mB))
2025/08/06 17:47:05.110668 [Simulation:Info:toast@toast-new:Simulation not generated] Magnitude 5.63 of event bmg2025phhd is smaller than triggerMinMagnitude: no automatic simulation
2025/08/06 17:47:07.287527 [Incident:Info:toast@toast-new:Origin updated] Origin updated: OT: 2025-08-06 10:35:08,  Lat/Lon: 51.5316°/159.412°, Depth: 10
2025/08/06 17:47:07.287727 [Incident:Info:toast@toast-new:Magnitude updated] Magnitude updated: 5.62 (Mw(mB))
2025/08/06 17:47:07.287770 [Simulation:Info:toast@toast-new:Simulation not generated] Magnitude 5.62 of event bmg2025phhd is smaller than triggerMinMagnitude: no automatic simulation
2025/08/06 17:47:15.153552 [Incident:Info:toast@toast-new:Origin updated] Origin updated: OT: 2025-08-06 10:35:08,  Lat/Lon: 51.5316°/159.412°, Depth: 10
2025/08/06 17:47:15.153711 [Incident:Info:toast@toast-new:Magnitude updated] Magnitude updated: 5.66 (Mw(mB))
2025/08/06 17:47:15.153766 [Simulation:Info:toast@toast-new:Simulation not generated] Magnitude 5.66 of event bmg2025phhd is smaller than triggerMinMagnitude: no automatic simulation
2025/08/06 17:47:17.828377 [Incident:Info:toast@toast-new:Origin updated] Origin updated: OT: 2025-08-06 10:35:08,  Lat/Lon: 51.5296°/159.399°, Depth: 10
2025/08/06 17:47:17.828595 [Incident:Info:toast@toast-new:Magnitude updated] Magnitude updated: 5.66 (Mw(mB))
2025/08/06 17:47:17.828644 [Simulation:Info:toast@toast-new:Simulation not generated] Magnitude 5.66 of event bmg2025phhd is smaller than triggerMinMagnitude: no automatic simulation
2025/08/06 17:47:20.170502 [Incident:Info:toast@toast-new:Origin updated] Origin updated: OT: 2025-08-06 10:35:08,  Lat/Lon: 51.5296°/159.399°, Depth: 10
2025/08/06 17:47:20.170675 [Incident:Info:toast@toast-new:Magnitude updated] Magnitude updated: 5.71 (Mw(mB))
2025/08/06 17:47:20.170717 [Simulation:Info:toast@toast-new:Simulation not generated] Magnitude 5.71 of event bmg2025phhd is smaller than triggerMinMagnitude: no automatic simulation
2025/08/06 17:47:25.170173 [Incident:Info:toast@toast-new:Origin updated] Origin updated: OT: 2025-08-06 10:35:08,  Lat/Lon: 51.5296°/159.399°, Depth: 10
2025/08/06 17:47:25.170348 [Incident:Info:toast@toast-new:Magnitude updated] Magnitude updated: 5.74 (Mw(mB))
2025/08/06 17:47:25.170381 [Simulation:Info:toast@toast-new:Simulation not generated] Magnitude 5.74 of event bmg2025phhd is smaller than triggerMinMagnitude: no automatic simulation
2025/08/06 17:47:30.147563 [Incident:Info:toast@toast-new:Origin updated] Origin updated: OT: 2025-08-06 10:35:08,  Lat/Lon: 51.5296°/159.399°, Depth: 10
2025/08/06 17:47:30.147713 [Incident:Info:toast@toast-new:Magnitude updated] Magnitude updated: 5.78 (Mw(mB))
2025/08/06 17:47:30.147760 [Simulation:Info:toast@toast-new:Simulation not generated] Magnitude 5.78 of event bmg2025phhd is smaller than triggerMinMagnitude: no automatic simulation
2025/08/06 17:47:35.097350 [Incident:Info:toast@toast-new:Origin updated] Origin updated: OT: 2025-08-06 10:35:08,  Lat/Lon: 51.5296°/159.399°, Depth: 10
2025/08/06 17:47:35.133972 [Incident:Info:toast@toast-new:Magnitude updated] Magnitude updated: 5.85 (Mw(mB))
2025/08/06 17:47:35.134058 [Simulation:Info:toast@toast-new:Simulation not generated] Magnitude 5.85 of event bmg2025phhd is smaller than triggerMinMagnitude: no automatic simulation
2025/08/06 17:47:40.087095 [Incident:Info:toast@toast-new:Origin updated] Origin updated: OT: 2025-08-06 10:35:08,  Lat/Lon: 51.5296°/159.399°, Depth: 10
2025/08/06 17:47:40.087266 [Incident:Info:toast@toast-new:Magnitude updated] Magnitude updated: 5.90 (Mw(mB))
2025/08/06 17:47:40.087299 [Simulation:Info:toast@toast-new:Simulation not generated] Magnitude 5.90 of event bmg2025phhd is smaller than triggerMinMagnitude: no automatic simulation
2025/08/06 17:47:45.099793 [Incident:Info:toast@toast-new:Origin updated] Origin updated: OT: 2025-08-06 10:35:08,  Lat/Lon: 51.5296°/159.399°, Depth: 10
2025/08/06 17:47:45.099976 [Incident:Info:toast@toast-new:Magnitude updated] Magnitude updated: 5.92 (Mw(mB))
2025/08/06 17:47:45.100009 [Simulation:Info:toast@toast-new:Simulation not generated] Magnitude 5.92 of event bmg2025phhd is smaller than triggerMinMagnitude: no automatic simulation
2025/08/06 17:47:50.050431 [Incident:Info:toast@toast-new:Origin updated] Origin updated: OT: 2025-08-06 10:35:08,  Lat/Lon: 51.5296°/159.399°, Depth: 10
2025/08/06 17:47:50.050622 [Incident:Info:toast@toast-new:Magnitude updated] Magnitude updated: 5.93 (Mw(mB))
2025/08/06 17:47:50.050666 [Simulation:Info:toast@toast-new:Simulation not generated] Magnitude 5.93 of event bmg2025phhd is smaller than triggerMinMagnitude: no automatic simulation
2025/08/06 17:48:32.698885 [Incident:Info:toast@toast-new:Origin updated] Origin updated: OT: 2025-08-06 10:35:08,  Lat/Lon: 51.5337°/159.397°, Depth: 10
2025/08/06 17:48:32.699085 [Incident:Info:toast@toast-new:Magnitude updated] Magnitude updated: 5.94 (Mw(mB))
2025/08/06 17:48:32.699130 [Simulation:Info:toast@toast-new:Simulation not generated] Magnitude 5.94 of event bmg2025phhd is smaller than triggerMinMagnitude: no automatic simulation
2025/08/06 17:49:05.050125 [Incident:Info:toast@toast-new:Origin updated] Origin updated: OT: 2025-08-06 10:35:08,  Lat/Lon: 51.5337°/159.397°, Depth: 10
2025/08/06 17:49:05.050335 [Incident:Info:toast@toast-new:Magnitude updated] Magnitude updated: 5.94 (Mw(mB))
2025/08/06 17:49:05.050387 [Simulation:Info:toast@toast-new:Simulation not generated] Magnitude 5.94 of event bmg2025phhd is smaller than triggerMinMagnitude: no automatic simulation
2025/08/06 17:49:52.752744 [Incident:Info:toast@toast-new:Origin updated] Origin updated: OT: 2025-08-06 10:35:08,  Lat/Lon: 51.5348°/159.389°, Depth: 10
2025/08/06 17:49:52.753000 [Incident:Info:toast@toast-new:Magnitude updated] Magnitude updated: 5.94 (Mw(mB))
2025/08/06 17:49:52.753066 [Simulation:Info:toast@toast-new:Simulation not generated] Magnitude 5.94 of event bmg2025phhd is smaller than triggerMinMagnitude: no automatic simulation
2025/08/06 17:53:11.975430 [Incident:Info:toast@toast-new:Origin updated] Origin updated: OT: 2025-08-06 10:35:08,  Lat/Lon: 51.5348°/159.389°, Depth: 10
2025/08/06 17:53:11.975606 [Simulation:Info:toast@toast-new:Simulation not generated] Magnitude 5.94 of event bmg2025phhd is smaller than triggerMinMagnitude: no automatic simulation
2025/08/06 17:55:05.296312 [Incident:Info:toast@toast-new:Origin updated] Origin updated: OT: 2025-08-06 10:35:08,  Lat/Lon: 51.5393°/159.385°, Depth: 10
2025/08/06 17:55:05.296518 [Incident:Info:toast@toast-new:Magnitude updated] Magnitude updated: 5.94 (Mw(mB))
2025/08/06 17:55:05.296555 [Simulation:Info:toast@toast-new:Simulation not generated] Magnitude 5.94 of event bmg2025phhd is smaller than triggerMinMagnitude: no automatic simulation
2025/08/06 17:55:10.154861 [Incident:Info:toast@toast-new:Origin updated] Origin updated: OT: 2025-08-06 10:35:08,  Lat/Lon: 51.5393°/159.385°, Depth: 10
2025/08/06 17:55:10.155046 [Incident:Info:toast@toast-new:Magnitude updated] Magnitude updated: 5.95 (Mw(mB))
2025/08/06 17:55:10.155089 [Simulation:Info:toast@toast-new:Simulation not generated] Magnitude 5.95 of event bmg2025phhd is smaller than triggerMinMagnitude: no automatic simulation
2025/08/06 17:58:20.308000 [Incident:Info:toast@toast-new:Origin updated] Origin updated: OT: 2025-08-06 10:35:08,  Lat/Lon: 51.5393°/159.385°, Depth: 10
2025/08/06 17:58:20.308165 [Simulation:Info:toast@toast-new:Simulation not generated] Magnitude 5.95 of event bmg2025phhd is smaller than triggerMinMagnitude: no automatic simulation
2025/08/06 17:59:21.386499 [Incident:Info:toast@toast-new:Origin updated] Origin updated: OT: 2025-08-06 10:35:08,  Lat/Lon: 51.5393°/159.385°, Depth: 10
2025/08/06 17:59:21.386668 [Incident:Info:toast@toast-new:FM updated] FM updated
2025/08/06 17:59:21.386914 [Simulation:Info:toast@toast-new:Simulation not generated] Magnitude 5.95 of event bmg2025phhd is smaller than triggerMinMagnitude: no automatic simulation
2025/08/06 18:00:35.069080 [Incident:Info:toast@toast-new:Origin updated] Origin updated: OT: 2025-08-06 10:35:08,  Lat/Lon: 51.5393°/159.385°, Depth: 10
2025/08/06 18:00:35.069256 [Incident:Info:toast@toast-new:FM updated] FM updated
2025/08/06 18:00:35.069500 [Simulation:Info:toast@toast-new:Simulation not generated] Magnitude 5.95 of event bmg2025phhd is smaller than triggerMinMagnitude: no automatic simulation
2025/08/06 18:01:58.516904 [Incident:Info:toast@toast-new:Origin updated] Origin updated: OT: 2025-08-06 10:35:08,  Lat/Lon: 51.5393°/159.385°, Depth: 10
2025/08/06 18:01:58.517096 [Incident:Info:toast@toast-new:FM updated] FM updated
2025/08/06 18:01:58.517354 [Simulation:Info:toast@toast-new:Simulation not generated] Magnitude 5.95 of event bmg2025phhd is smaller than triggerMinMagnitude: no automatic simulation
2025/08/06 18:02:11.485521 [Incident:Info:toast@toast-new:Origin updated] Origin updated: OT: 2025-08-06 10:35:08,  Lat/Lon: 51.5393°/159.385°, Depth: 10
2025/08/06 18:02:11.485701 [Simulation:Info:toast@toast-new:Simulation not generated] Magnitude 5.95 of event bmg2025phhd is smaller than triggerMinMagnitude: no automatic simulation
2025/08/06 18:02:19.264684 [Incident:Info:toast@toast-new:Origin updated] Origin updated: OT: 2025-08-06 10:35:08,  Lat/Lon: 51.5393°/159.385°, Depth: 10
2025/08/06 18:02:19.264877 [Simulation:Info:toast@toast-new:Simulation not generated] Magnitude 5.95 of event bmg2025phhd is smaller than triggerMinMagnitude: no automatic simulation
2025/08/06 18:02:28.970244 [Incident:Info:toast@toast-new:Origin updated] Origin updated: OT: 2025-08-06 10:35:08,  Lat/Lon: 51.5393°/159.385°, Depth: 10
2025/08/06 18:02:28.970429 [Simulation:Info:toast@toast-new:Simulation not generated] Magnitude 5.95 of event bmg2025phhd is smaller than triggerMinMagnitude: no automatic simulation
2025/08/06 18:02:40.576751 [Incident:Info:toast@toast-new:Origin updated] Origin updated: OT: 2025-08-06 10:35:08,  Lat/Lon: 51.5393°/159.385°, Depth: 10
2025/08/06 18:02:40.576944 [Simulation:Info:toast@toast-new:Simulation not generated] Magnitude 5.95 of event bmg2025phhd is smaller than triggerMinMagnitude: no automatic simulation
2025/08/06 18:02:49.656570 [Incident:Info:toast@toast-new:Origin updated] Origin updated: OT: 2025-08-06 10:35:08,  Lat/Lon: 51.5393°/159.385°, Depth: 10
2025/08/06 18:02:49.656750 [Simulation:Info:toast@toast-new:Simulation not generated] Magnitude 5.95 of event bmg2025phhd is smaller than triggerMinMagnitude: no automatic simulation
2025/08/06 18:02:59.854980 [Incident:Info:toast@toast-new:Origin updated] Origin updated: OT: 2025-08-06 10:35:08,  Lat/Lon: 51.5393°/159.385°, Depth: 10
2025/08/06 18:02:59.855168 [Simulation:Info:toast@toast-new:Simulation not generated] Magnitude 5.95 of event bmg2025phhd is smaller than triggerMinMagnitude: no automatic simulation
2025/08/06 18:03:10.061349 [Incident:Info:toast@toast-new:Origin updated] Origin updated: OT: 2025-08-06 10:35:08,  Lat/Lon: 51.5393°/159.385°, Depth: 10
2025/08/06 18:03:10.061551 [Simulation:Info:toast@toast-new:Simulation not generated] Magnitude 5.95 of event bmg2025phhd is smaller than triggerMinMagnitude: no automatic simulation
2025/08/06 18:03:20.366539 [Incident:Info:toast@toast-new:Origin updated] Origin updated: OT: 2025-08-06 10:35:08,  Lat/Lon: 51.5393°/159.385°, Depth: 10
2025/08/06 18:03:20.366738 [Simulation:Info:toast@toast-new:Simulation not generated] Magnitude 5.95 of event bmg2025phhd is smaller than triggerMinMagnitude: no automatic simulation
2025/08/06 18:03:30.139609 [Incident:Info:toast@toast-new:Origin updated] Origin updated: OT: 2025-08-06 10:35:08,  Lat/Lon: 51.5393°/159.385°, Depth: 10
2025/08/06 18:03:30.139775 [Simulation:Info:toast@toast-new:Simulation not generated] Magnitude 5.95 of event bmg2025phhd is smaller than triggerMinMagnitude: no automatic simulation
2025/08/06 18:03:40.642507 [Incident:Info:toast@toast-new:Origin updated] Origin updated: OT: 2025-08-06 10:35:08,  Lat/Lon: 51.5393°/159.385°, Depth: 10
2025/08/06 18:03:40.642685 [Simulation:Info:toast@toast-new:Simulation not generated] Magnitude 5.95 of event bmg2025phhd is smaller than triggerMinMagnitude: no automatic simulation
2025/08/06 18:03:51.083440 [Incident:Info:toast@toast-new:Origin updated] Origin updated: OT: 2025-08-06 10:35:08,  Lat/Lon: 51.5393°/159.385°, Depth: 10
2025/08/06 18:03:51.083655 [Simulation:Info:toast@toast-new:Simulation not generated] Magnitude 5.95 of event bmg2025phhd is smaller than triggerMinMagnitude: no automatic simulation
2025/08/06 18:14:58.900125 [Incident:Info:toast@toast-new:Origin updated] Origin updated: OT: 2025-08-06 10:35:12,  Lat/Lon: 51.6059°/159.378°, Depth: 46.116
2025/08/06 18:14:58.900340 [Incident:Info:toast@toast-new:Magnitude updated] Magnitude updated: 5.88 (Mw(mB))
2025/08/06 18:14:58.900389 [Simulation:Info:toast@toast-new:Simulation not generated] Magnitude 5.88 of event bmg2025phhd is smaller than triggerMinMagnitude: no automatic simulation
2025/08/06 18:15:18.022515 [Incident:Info:toast@toast-new:Origin updated] Origin updated: OT: 2025-08-06 10:35:12,  Lat/Lon: 51.6059°/159.378°, Depth: 46.116
2025/08/06 18:15:18.022725 [Incident:Info:toast@toast-new:FM updated] FM updated
2025/08/06 18:15:18.023025 [Simulation:Info:toast@toast-new:Simulation not generated] Magnitude 5.88 of event bmg2025phhd is smaller than triggerMinMagnitude: no automatic simulation
2025/08/06 18:18:46.384510 [Incident:Info:toast@toast-new:Origin updated] Origin updated: OT: 2025-08-06 10:35:12,  Lat/Lon: 51.6059°/159.378°, Depth: 46.116
2025/08/06 18:18:46.384697 [Incident:Info:toast@toast-new:FM updated] FM updated
2025/08/06 18:18:46.384988 [Simulation:Info:toast@toast-new:Simulation not generated] Magnitude 5.88 of event bmg2025phhd is smaller than triggerMinMagnitude: no automatic simulation
2025/08/06 18:21:46.540259 [Incident:Info:toast@toast-new:Origin updated] Origin updated: OT: 2025-08-06 10:35:12,  Lat/Lon: 51.6059°/159.378°, Depth: 46.116
2025/08/06 18:21:46.540410 [Incident:Info:toast@toast-new:FM updated] FM updated
2025/08/06 18:21:46.540626 [Simulation:Info:toast@toast-new:Simulation not generated] Magnitude 5.88 of event bmg2025phhd is smaller than triggerMinMagnitude: no automatic simulation
2025/08/06 18:23:12.655033 [Incident:Info:toast@toast-new:Origin updated] Origin updated: OT: 2025-08-06 10:35:12,  Lat/Lon: 51.6059°/159.378°, Depth: 46.116
2025/08/06 18:23:12.655244 [Incident:Info:toast@toast-new:FM updated] FM updated
2025/08/06 18:23:12.655502 [Simulation:Info:toast@toast-new:Simulation not generated] Magnitude 5.88 of event bmg2025phhd is smaller than triggerMinMagnitude: no automatic simulation
2025/08/06 18:31:12.638087 [Incident:Info:toast@toast-new:Origin updated] Origin updated: OT: 2025-08-06 10:35:12,  Lat/Lon: 51.6059°/159.378°, Depth: 46.116
2025/08/06 18:31:12.638250 [Simulation:Info:toast@toast-new:Simulation not generated] Magnitude 5.88 of event bmg2025phhd is smaller than triggerMinMagnitude: no automatic simulation
2025/08/06 18:38:42.764241 [Incident:Info:toast@toast-new:Origin updated] Origin updated: OT: 2025-08-06 10:35:12,  Lat/Lon: 51.6059°/159.378°, Depth: 46.116
2025/08/06 18:38:42.764414 [Simulation:Info:toast@toast-new:Simulation not generated] Magnitude 5.88 of event bmg2025phhd is smaller than triggerMinMagnitude: no automatic simulation
2025/08/06 22:59:55.286422 [Incident:Info:toast@toast-new:Origin updated] Origin updated: OT: 2025-08-06 10:35:12,  Lat/Lon: 51.6016°/159.395°, Depth: 47.3326
2025/08/06 22:59:55.287392 [Incident:Info:toast@toast-new:Magnitude updated] Magnitude updated: 5.88 (Mw(mB))
2025/08/06 22:59:55.287987 [Simulation:Info:toast@toast-new:Simulation not generated] Magnitude 5.88 of event bmg2025phhd is smaller than triggerMinMagnitude: no automatic simulation
2025/08/06 23:00:45.544031 [Incident:Info:toast@toast-new:Origin updated] Origin updated: OT: 2025-08-06 10:35:12,  Lat/Lon: 51.6016°/159.395°, Depth: 47.3326
2025/08/06 23:00:45.545115 [Simulation:Info:toast@toast-new:Simulation not generated] Magnitude 5.88 of event bmg2025phhd is smaller than triggerMinMagnitude: no automatic simulation
2025/08/06 23:00:45.565973 [Incident:Info:toast@toast-new:Origin updated] Origin updated: OT: 2025-08-06 10:35:12,  Lat/Lon: 51.6016°/159.395°, Depth: 47.3326
2025/08/06 23:00:45.566726 [Simulation:Info:toast@toast-new:Simulation not generated] Magnitude 5.88 of event bmg2025phhd is smaller than triggerMinMagnitude: no automatic simulation
2025/08/06 23:01:04.162612 [Incident:Info:toast@toast-new:Origin updated] Origin updated: OT: 2025-08-06 10:35:12,  Lat/Lon: 51.6016°/159.395°, Depth: 47.3326
2025/08/06 23:01:04.163661 [Incident:Info:toast@toast-new:Magnitude updated] Magnitude updated: 5.67 (Mw)
2025/08/06 23:01:04.164397 [Simulation:Info:toast@toast-new:Simulation not generated] Magnitude 5.67 of event bmg2025phhd is smaller than triggerMinMagnitude: no automatic simulation
2025/08/06 23:06:48.026573 [Incident:Info:toast@toast-new:Origin updated] Origin updated: OT: 2025-08-06 10:35:12,  Lat/Lon: 51.6016°/159.395°, Depth: 47.3326
2025/08/06 23:06:48.027445 [Incident:Info:toast@toast-new:Magnitude updated] Magnitude updated: 5.81 (mb)
2025/08/06 23:06:48.028017 [Simulation:Info:toast@toast-new:Simulation not generated] Magnitude 5.81 of event bmg2025phhd is smaller than triggerMinMagnitude: no automatic simulation
2025/08/06 23:44:47.238782 [Incident:Info:toast@toast-new:Origin updated] Origin updated: OT: 2025-08-06 10:35:12,  Lat/Lon: 51.6016°/159.395°, Depth: 47.3326
2025/08/06 23:44:47.239550 [Incident:Info:toast@toast-new:FM updated] FM updated
2025/08/06 23:44:47.240126 [Simulation:Info:toast@toast-new:Simulation not generated] Magnitude 5.81 of event bmg2025phhd is smaller than triggerMinMagnitude: no automatic simulation
2025/08/07 11:50:19.281506 [Incident:Info:toast@toast-new:Incident removed] Removed incident - Bye
