2025/05/07 10:51:44.147313 [Incident:Info:toast@toast-new:Displacement(s) updated] Added 0 and changed 0 displacements with 0 amplitudes
2025/05/07 10:51:44.152313 [Incident:Info:toast@toast-new:Incident created] Incident created based on event received from messaging: OT: 2025-05-07 03:48:35,  Lat/Lon: 8.01°/127.42°, Depth: 10.00, Mag: 5.06 (M)
2025/05/07 10:51:44.152781 [Simulation:Info:toast@toast-new:Simulation not generated] Magnitude 5.06 of event bmg2025iwmy is smaller than triggerMinMagnitude: no automatic simulation
2025/05/07 10:51:44.164261 [Incident:Info:toast@toast-new:Origin updated] Origin updated: OT: 2025-05-07 03:48:35,  Lat/Lon: 8.01471°/127.42°, Depth: 10
2025/05/07 10:51:44.164348 [Simulation:Info:toast@toast-new:Simulation not generated] Magnitude 5.06 of event bmg2025iwmy is smaller than triggerMinMagnitude: no automatic simulation
2025/05/07 10:51:44.794538 [Incident:Info:toast@toast-new:Origin updated] Origin updated: OT: 2025-05-07 03:48:35,  Lat/Lon: 8.01471°/127.42°, Depth: 10
2025/05/07 10:51:44.794682 [Incident:Info:toast@toast-new:Magnitude updated] Magnitude updated: 5.06 (M)
2025/05/07 10:51:44.794778 [Simulation:Info:toast@toast-new:Simulation not generated] Magnitude 5.06 of event bmg2025iwmy is smaller than triggerMinMagnitude: no automatic simulation
2025/05/07 10:51:49.826814 [Incident:Info:toast@toast-new:Origin updated] Origin updated: OT: 2025-05-07 03:48:35,  Lat/Lon: 8.01471°/127.42°, Depth: 10
2025/05/07 10:51:49.826955 [Incident:Info:toast@toast-new:Magnitude updated] Magnitude updated: 5.06 (M)
2025/05/07 10:51:49.827036 [Simulation:Info:toast@toast-new:Simulation not generated] Magnitude 5.06 of event bmg2025iwmy is smaller than triggerMinMagnitude: no automatic simulation
2025/05/07 10:51:52.671775 [Incident:Info:toast@toast-new:Origin updated] Origin updated: OT: 2025-05-07 03:48:35,  Lat/Lon: 8.03788°/127.417°, Depth: 10
2025/05/07 10:51:52.671953 [Incident:Info:toast@toast-new:Magnitude updated] Magnitude updated: 5.06 (M)
2025/05/07 10:51:52.672022 [Simulation:Info:toast@toast-new:Simulation not generated] Magnitude 5.06 of event bmg2025iwmy is smaller than triggerMinMagnitude: no automatic simulation
2025/05/07 10:51:54.805841 [Incident:Info:toast@toast-new:Origin updated] Origin updated: OT: 2025-05-07 03:48:35,  Lat/Lon: 8.03788°/127.417°, Depth: 10
2025/05/07 10:51:54.805996 [Incident:Info:toast@toast-new:Magnitude updated] Magnitude updated: 5.06 (M)
2025/05/07 10:51:54.806078 [Simulation:Info:toast@toast-new:Simulation not generated] Magnitude 5.06 of event bmg2025iwmy is smaller than triggerMinMagnitude: no automatic simulation
2025/05/07 10:51:59.814000 [Incident:Info:toast@toast-new:Origin updated] Origin updated: OT: 2025-05-07 03:48:35,  Lat/Lon: 8.03788°/127.417°, Depth: 10
2025/05/07 10:51:59.815867 [Incident:Info:toast@toast-new:Magnitude updated] Magnitude updated: 5.06 (M)
2025/05/07 10:51:59.815991 [Simulation:Info:toast@toast-new:Simulation not generated] Magnitude 5.06 of event bmg2025iwmy is smaller than triggerMinMagnitude: no automatic simulation
2025/05/07 10:52:02.836283 [Incident:Info:toast@toast-new:Origin updated] Origin updated: OT: 2025-05-07 03:48:38,  Lat/Lon: 7.79539°/127.333°, Depth: 10
2025/05/07 10:52:02.836446 [Incident:Info:toast@toast-new:Magnitude updated] Magnitude updated: 5.08 (M)
2025/05/07 10:52:02.836514 [Simulation:Info:toast@toast-new:Simulation not generated] Magnitude 5.08 of event bmg2025iwmy is smaller than triggerMinMagnitude: no automatic simulation
2025/05/07 10:52:04.808338 [Incident:Info:toast@toast-new:Origin updated] Origin updated: OT: 2025-05-07 03:48:38,  Lat/Lon: 7.79539°/127.333°, Depth: 10
2025/05/07 10:52:04.808473 [Incident:Info:toast@toast-new:Magnitude updated] Magnitude updated: 5.06 (M)
2025/05/07 10:52:04.808554 [Simulation:Info:toast@toast-new:Simulation not generated] Magnitude 5.06 of event bmg2025iwmy is smaller than triggerMinMagnitude: no automatic simulation
2025/05/07 10:52:09.842981 [Incident:Info:toast@toast-new:Origin updated] Origin updated: OT: 2025-05-07 03:48:38,  Lat/Lon: 7.79539°/127.333°, Depth: 10
2025/05/07 10:52:09.843141 [Incident:Info:toast@toast-new:Magnitude updated] Magnitude updated: 5.05 (M)
2025/05/07 10:52:09.843226 [Simulation:Info:toast@toast-new:Simulation not generated] Magnitude 5.05 of event bmg2025iwmy is smaller than triggerMinMagnitude: no automatic simulation
2025/05/07 10:52:14.873213 [Incident:Info:toast@toast-new:Origin updated] Origin updated: OT: 2025-05-07 03:48:38,  Lat/Lon: 7.79539°/127.333°, Depth: 10
2025/05/07 10:52:14.873462 [Incident:Info:toast@toast-new:Magnitude updated] Magnitude updated: 5.05 (M)
2025/05/07 10:52:14.873543 [Simulation:Info:toast@toast-new:Simulation not generated] Magnitude 5.05 of event bmg2025iwmy is smaller than triggerMinMagnitude: no automatic simulation
2025/05/07 10:52:17.530183 [Incident:Info:toast@toast-new:Origin updated] Origin updated: OT: 2025-05-07 03:48:44,  Lat/Lon: 7.54863°/127.17°, Depth: 83.8095
2025/05/07 10:52:17.530362 [Incident:Info:toast@toast-new:Magnitude updated] Magnitude updated: 5.05 (M)
2025/05/07 10:52:17.530436 [Simulation:Info:toast@toast-new:Simulation not generated] Magnitude 5.05 of event bmg2025iwmy is smaller than triggerMinMagnitude: no automatic simulation
2025/05/07 10:52:19.856140 [Incident:Info:toast@toast-new:Origin updated] Origin updated: OT: 2025-05-07 03:48:44,  Lat/Lon: 7.54863°/127.17°, Depth: 83.8095
2025/05/07 10:52:19.856287 [Incident:Info:toast@toast-new:Magnitude updated] Magnitude updated: 5.01 (M)
2025/05/07 10:52:19.856397 [Simulation:Info:toast@toast-new:Simulation not generated] Magnitude 5.01 of event bmg2025iwmy is smaller than triggerMinMagnitude: no automatic simulation
2025/05/07 10:52:24.907834 [Incident:Info:toast@toast-new:Origin updated] Origin updated: OT: 2025-05-07 03:48:44,  Lat/Lon: 7.54863°/127.17°, Depth: 83.8095
2025/05/07 10:52:24.907978 [Incident:Info:toast@toast-new:Magnitude updated] Magnitude updated: 5.01 (M)
2025/05/07 10:52:24.908060 [Simulation:Info:toast@toast-new:Simulation not generated] Magnitude 5.01 of event bmg2025iwmy is smaller than triggerMinMagnitude: no automatic simulation
2025/05/07 10:53:39.274120 [Incident:Info:toast@toast-new:Origin updated] Origin updated: OT: 2025-05-07 03:48:35,  Lat/Lon: 7.98333°/127.221°, Depth: 10
2025/05/07 10:53:39.274304 [Incident:Info:toast@toast-new:Magnitude updated] Magnitude updated: 5.01 (M)
2025/05/07 10:53:39.274375 [Simulation:Info:toast@toast-new:Simulation not generated] Magnitude 5.01 of event bmg2025iwmy is smaller than triggerMinMagnitude: no automatic simulation
