2025/07/18 02:03:25.738475 [Incident:Info:toast@toast-new:Displacement(s) updated] Added 0 and changed 0 displacements with 0 amplitudes
2025/07/18 02:03:25.739283 [Incident:Info:toast@toast-new:Incident created] Incident created based on event received from messaging: OT: 2025-07-17 19:02:10,  Lat/Lon: -0.27°/99.06°, Depth: 28.67, Mag: 5.23 (M)
2025/07/18 02:03:25.739893 [Simulation:Info:toast@toast-new:Simulation not generated] Magnitude 5.23 of event bmg2025nxju is smaller than triggerMinMagnitude: no automatic simulation
2025/07/18 02:03:25.761815 [Incident:Info:toast@toast-new:Origin updated] Origin updated: OT: 2025-07-17 19:02:10,  Lat/Lon: -0.274157°/99.0579°, Depth: 28.6691
2025/07/18 02:03:25.761971 [Simulation:Info:toast@toast-new:Simulation not generated] Magnitude 5.23 of event bmg2025nxju is smaller than triggerMinMagnitude: no automatic simulation
2025/07/18 02:03:31.104547 [Incident:Info:toast@toast-new:Origin updated] Origin updated: OT: 2025-07-17 19:02:10,  Lat/Lon: -0.274157°/99.0579°, Depth: 28.6691
2025/07/18 02:03:31.104724 [Incident:Info:toast@toast-new:Magnitude updated] Magnitude updated: 5.25 (M)
2025/07/18 02:03:31.104776 [Simulation:Info:toast@toast-new:Simulation not generated] Magnitude 5.25 of event bmg2025nxju is smaller than triggerMinMagnitude: no automatic simulation
2025/07/18 02:03:36.078613 [Incident:Info:toast@toast-new:Origin updated] Origin updated: OT: 2025-07-17 19:02:10,  Lat/Lon: -0.274157°/99.0579°, Depth: 28.6691
2025/07/18 02:03:36.078816 [Incident:Info:toast@toast-new:Magnitude updated] Magnitude updated: 5.27 (M)
2025/07/18 02:03:36.078865 [Simulation:Info:toast@toast-new:Simulation not generated] Magnitude 5.27 of event bmg2025nxju is smaller than triggerMinMagnitude: no automatic simulation
2025/07/18 02:03:38.436730 [Incident:Info:toast@toast-new:Origin updated] Origin updated: OT: 2025-07-17 19:02:10,  Lat/Lon: -0.274939°/99.0514°, Depth: 29.0505
2025/07/18 02:03:38.436932 [Incident:Info:toast@toast-new:Magnitude updated] Magnitude updated: 5.27 (M)
2025/07/18 02:03:38.436969 [Simulation:Info:toast@toast-new:Simulation not generated] Magnitude 5.27 of event bmg2025nxju is smaller than triggerMinMagnitude: no automatic simulation
2025/07/18 02:03:41.126071 [Incident:Info:toast@toast-new:Origin updated] Origin updated: OT: 2025-07-17 19:02:10,  Lat/Lon: -0.274939°/99.0514°, Depth: 29.0505
2025/07/18 02:03:41.126281 [Incident:Info:toast@toast-new:Magnitude updated] Magnitude updated: 5.27 (M)
2025/07/18 02:03:41.126325 [Simulation:Info:toast@toast-new:Simulation not generated] Magnitude 5.27 of event bmg2025nxju is smaller than triggerMinMagnitude: no automatic simulation
2025/07/18 02:03:46.112829 [Incident:Info:toast@toast-new:Origin updated] Origin updated: OT: 2025-07-17 19:02:10,  Lat/Lon: -0.274939°/99.0514°, Depth: 29.0505
2025/07/18 02:03:46.113023 [Incident:Info:toast@toast-new:Magnitude updated] Magnitude updated: 5.28 (M)
2025/07/18 02:03:46.113062 [Simulation:Info:toast@toast-new:Simulation not generated] Magnitude 5.28 of event bmg2025nxju is smaller than triggerMinMagnitude: no automatic simulation
2025/07/18 02:03:51.086063 [Incident:Info:toast@toast-new:Origin updated] Origin updated: OT: 2025-07-17 19:02:10,  Lat/Lon: -0.274939°/99.0514°, Depth: 29.0505
2025/07/18 02:03:51.086255 [Incident:Info:toast@toast-new:Magnitude updated] Magnitude updated: 5.28 (M)
2025/07/18 02:03:51.086292 [Simulation:Info:toast@toast-new:Simulation not generated] Magnitude 5.28 of event bmg2025nxju is smaller than triggerMinMagnitude: no automatic simulation
2025/07/18 02:03:54.307178 [Incident:Info:toast@toast-new:Origin updated] Origin updated: OT: 2025-07-17 19:02:10,  Lat/Lon: -0.263297°/99.0565°, Depth: 23.4038
2025/07/18 02:03:54.307425 [Incident:Info:toast@toast-new:Magnitude updated] Magnitude updated: 5.26 (M)
2025/07/18 02:03:54.307476 [Simulation:Info:toast@toast-new:Simulation not generated] Magnitude 5.26 of event bmg2025nxju is smaller than triggerMinMagnitude: no automatic simulation
2025/07/18 02:03:56.080922 [Incident:Info:toast@toast-new:Origin updated] Origin updated: OT: 2025-07-17 19:02:10,  Lat/Lon: -0.263297°/99.0565°, Depth: 23.4038
2025/07/18 02:03:56.081138 [Incident:Info:toast@toast-new:Magnitude updated] Magnitude updated: 5.27 (M)
2025/07/18 02:03:56.081186 [Simulation:Info:toast@toast-new:Simulation not generated] Magnitude 5.27 of event bmg2025nxju is smaller than triggerMinMagnitude: no automatic simulation
2025/07/18 02:04:01.155401 [Incident:Info:toast@toast-new:Origin updated] Origin updated: OT: 2025-07-17 19:02:10,  Lat/Lon: -0.263297°/99.0565°, Depth: 23.4038
2025/07/18 02:04:01.155640 [Incident:Info:toast@toast-new:Magnitude updated] Magnitude updated: 5.27 (M)
2025/07/18 02:04:01.155702 [Simulation:Info:toast@toast-new:Simulation not generated] Magnitude 5.27 of event bmg2025nxju is smaller than triggerMinMagnitude: no automatic simulation
2025/07/18 02:04:06.106066 [Incident:Info:toast@toast-new:Origin updated] Origin updated: OT: 2025-07-17 19:02:10,  Lat/Lon: -0.263297°/99.0565°, Depth: 23.4038
2025/07/18 02:04:06.106257 [Incident:Info:toast@toast-new:Magnitude updated] Magnitude updated: 5.28 (M)
2025/07/18 02:04:06.106303 [Simulation:Info:toast@toast-new:Simulation not generated] Magnitude 5.28 of event bmg2025nxju is smaller than triggerMinMagnitude: no automatic simulation
2025/07/18 02:04:11.138635 [Incident:Info:toast@toast-new:Origin updated] Origin updated: OT: 2025-07-17 19:02:10,  Lat/Lon: -0.263297°/99.0565°, Depth: 23.4038
2025/07/18 02:04:11.138862 [Incident:Info:toast@toast-new:Magnitude updated] Magnitude updated: 5.29 (M)
2025/07/18 02:04:11.138921 [Simulation:Info:toast@toast-new:Simulation not generated] Magnitude 5.29 of event bmg2025nxju is smaller than triggerMinMagnitude: no automatic simulation
2025/07/18 02:04:13.414858 [Incident:Info:toast@toast-new:Origin updated] Origin updated: OT: 2025-07-17 19:02:09,  Lat/Lon: -0.261175°/99.077°, Depth: 10
2025/07/18 02:04:13.415065 [Incident:Info:toast@toast-new:Magnitude updated] Magnitude updated: 5.30 (M)
2025/07/18 02:04:13.415099 [Simulation:Info:toast@toast-new:Simulation not generated] Magnitude 5.30 of event bmg2025nxju is smaller than triggerMinMagnitude: no automatic simulation
2025/07/18 02:04:16.152916 [Incident:Info:toast@toast-new:Origin updated] Origin updated: OT: 2025-07-17 19:02:09,  Lat/Lon: -0.261175°/99.077°, Depth: 10
2025/07/18 02:04:16.153131 [Incident:Info:toast@toast-new:Magnitude updated] Magnitude updated: 5.30 (M)
2025/07/18 02:04:16.153184 [Simulation:Info:toast@toast-new:Simulation not generated] Magnitude 5.30 of event bmg2025nxju is smaller than triggerMinMagnitude: no automatic simulation
2025/07/18 02:04:21.138404 [Incident:Info:toast@toast-new:Origin updated] Origin updated: OT: 2025-07-17 19:02:09,  Lat/Lon: -0.261175°/99.077°, Depth: 10
2025/07/18 02:04:21.138593 [Incident:Info:toast@toast-new:Magnitude updated] Magnitude updated: 5.31 (M)
2025/07/18 02:04:21.138625 [Simulation:Info:toast@toast-new:Simulation not generated] Magnitude 5.31 of event bmg2025nxju is smaller than triggerMinMagnitude: no automatic simulation
2025/07/18 02:04:26.234034 [Incident:Info:toast@toast-new:Origin updated] Origin updated: OT: 2025-07-17 19:02:09,  Lat/Lon: -0.261175°/99.077°, Depth: 10
2025/07/18 02:04:26.234259 [Incident:Info:toast@toast-new:Magnitude updated] Magnitude updated: 5.31 (M)
2025/07/18 02:04:26.234318 [Simulation:Info:toast@toast-new:Simulation not generated] Magnitude 5.31 of event bmg2025nxju is smaller than triggerMinMagnitude: no automatic simulation
2025/07/18 02:04:31.119385 [Incident:Info:toast@toast-new:Origin updated] Origin updated: OT: 2025-07-17 19:02:09,  Lat/Lon: -0.261175°/99.077°, Depth: 10
2025/07/18 02:04:31.119610 [Incident:Info:toast@toast-new:Magnitude updated] Magnitude updated: 5.31 (M)
2025/07/18 02:04:31.119663 [Simulation:Info:toast@toast-new:Simulation not generated] Magnitude 5.31 of event bmg2025nxju is smaller than triggerMinMagnitude: no automatic simulation
2025/07/18 02:04:36.144553 [Incident:Info:toast@toast-new:Origin updated] Origin updated: OT: 2025-07-17 19:02:09,  Lat/Lon: -0.261175°/99.077°, Depth: 10
2025/07/18 02:04:36.144738 [Incident:Info:toast@toast-new:Magnitude updated] Magnitude updated: 5.28 (M)
2025/07/18 02:04:36.144771 [Simulation:Info:toast@toast-new:Simulation not generated] Magnitude 5.28 of event bmg2025nxju is smaller than triggerMinMagnitude: no automatic simulation
2025/07/18 02:04:37.270577 [Incident:Info:toast@toast-new:Origin updated] Origin updated: OT: 2025-07-17 19:02:10,  Lat/Lon: -0.265705°/99.0602°, Depth: 19.9952
2025/07/18 02:04:37.270837 [Incident:Info:toast@toast-new:Magnitude updated] Magnitude updated: 5.27 (M)
2025/07/18 02:04:37.270897 [Simulation:Info:toast@toast-new:Simulation not generated] Magnitude 5.27 of event bmg2025nxju is smaller than triggerMinMagnitude: no automatic simulation
2025/07/18 02:04:41.191540 [Incident:Info:toast@toast-new:Origin updated] Origin updated: OT: 2025-07-17 19:02:10,  Lat/Lon: -0.265705°/99.0602°, Depth: 19.9952
2025/07/18 02:04:41.191720 [Incident:Info:toast@toast-new:Magnitude updated] Magnitude updated: 5.29 (M)
2025/07/18 02:04:41.191757 [Simulation:Info:toast@toast-new:Simulation not generated] Magnitude 5.29 of event bmg2025nxju is smaller than triggerMinMagnitude: no automatic simulation
2025/07/18 02:04:46.151914 [Incident:Info:toast@toast-new:Origin updated] Origin updated: OT: 2025-07-17 19:02:10,  Lat/Lon: -0.265705°/99.0602°, Depth: 19.9952
2025/07/18 02:04:46.152135 [Incident:Info:toast@toast-new:Magnitude updated] Magnitude updated: 5.29 (M)
2025/07/18 02:04:46.152188 [Simulation:Info:toast@toast-new:Simulation not generated] Magnitude 5.29 of event bmg2025nxju is smaller than triggerMinMagnitude: no automatic simulation
2025/07/18 02:04:51.159260 [Incident:Info:toast@toast-new:Origin updated] Origin updated: OT: 2025-07-17 19:02:10,  Lat/Lon: -0.265705°/99.0602°, Depth: 19.9952
2025/07/18 02:04:51.159469 [Incident:Info:toast@toast-new:Magnitude updated] Magnitude updated: 5.30 (M)
2025/07/18 02:04:51.159514 [Simulation:Info:toast@toast-new:Simulation not generated] Magnitude 5.30 of event bmg2025nxju is smaller than triggerMinMagnitude: no automatic simulation
2025/07/18 02:04:56.193820 [Incident:Info:toast@toast-new:Origin updated] Origin updated: OT: 2025-07-17 19:02:10,  Lat/Lon: -0.265705°/99.0602°, Depth: 19.9952
2025/07/18 02:04:56.193998 [Incident:Info:toast@toast-new:Magnitude updated] Magnitude updated: 5.31 (M)
2025/07/18 02:04:56.194038 [Simulation:Info:toast@toast-new:Simulation not generated] Magnitude 5.31 of event bmg2025nxju is smaller than triggerMinMagnitude: no automatic simulation
2025/07/18 02:05:01.146903 [Incident:Info:toast@toast-new:Origin updated] Origin updated: OT: 2025-07-17 19:02:10,  Lat/Lon: -0.265705°/99.0602°, Depth: 19.9952
2025/07/18 02:05:01.147145 [Incident:Info:toast@toast-new:Magnitude updated] Magnitude updated: 5.31 (M)
2025/07/18 02:05:01.147208 [Simulation:Info:toast@toast-new:Simulation not generated] Magnitude 5.31 of event bmg2025nxju is smaller than triggerMinMagnitude: no automatic simulation
2025/07/18 02:05:05.604138 [Incident:Info:toast@toast-new:Origin updated] Origin updated: OT: 2025-07-17 19:02:10,  Lat/Lon: -0.263759°/99.0614°, Depth: 19.9888
2025/07/18 02:05:05.604338 [Incident:Info:toast@toast-new:Magnitude updated] Magnitude updated: 5.28 (M)
2025/07/18 02:05:05.604374 [Simulation:Info:toast@toast-new:Simulation not generated] Magnitude 5.28 of event bmg2025nxju is smaller than triggerMinMagnitude: no automatic simulation
2025/07/18 02:05:06.206080 [Incident:Info:toast@toast-new:Origin updated] Origin updated: OT: 2025-07-17 19:02:10,  Lat/Lon: -0.263759°/99.0614°, Depth: 19.9888
2025/07/18 02:05:06.206264 [Incident:Info:toast@toast-new:Magnitude updated] Magnitude updated: 5.28 (M)
2025/07/18 02:05:06.206298 [Simulation:Info:toast@toast-new:Simulation not generated] Magnitude 5.28 of event bmg2025nxju is smaller than triggerMinMagnitude: no automatic simulation
2025/07/18 02:05:11.153520 [Incident:Info:toast@toast-new:Origin updated] Origin updated: OT: 2025-07-17 19:02:10,  Lat/Lon: -0.263759°/99.0614°, Depth: 19.9888
2025/07/18 02:05:11.153691 [Incident:Info:toast@toast-new:Magnitude updated] Magnitude updated: 5.28 (M)
2025/07/18 02:05:11.153737 [Simulation:Info:toast@toast-new:Simulation not generated] Magnitude 5.28 of event bmg2025nxju is smaller than triggerMinMagnitude: no automatic simulation
2025/07/18 02:05:16.210478 [Incident:Info:toast@toast-new:Origin updated] Origin updated: OT: 2025-07-17 19:02:10,  Lat/Lon: -0.263759°/99.0614°, Depth: 19.9888
2025/07/18 02:05:16.210681 [Incident:Info:toast@toast-new:Magnitude updated] Magnitude updated: 5.28 (M)
2025/07/18 02:05:16.210730 [Simulation:Info:toast@toast-new:Simulation not generated] Magnitude 5.28 of event bmg2025nxju is smaller than triggerMinMagnitude: no automatic simulation
2025/07/18 02:05:17.589025 [Incident:Info:toast@toast-new:Origin updated] Origin updated: OT: 2025-07-17 19:02:09,  Lat/Lon: -0.243243°/99.0674°, Depth: 13.397
2025/07/18 02:05:17.589232 [Incident:Info:toast@toast-new:Magnitude updated] Magnitude updated: 5.39 (MLv)
2025/07/18 02:05:17.589274 [Simulation:Info:toast@toast-new:Simulation not generated] Magnitude 5.39 of event bmg2025nxju is smaller than triggerMinMagnitude: no automatic simulation
2025/07/18 02:05:17.646570 [Incident:Info:toast@toast-new:Origin updated] Origin updated: OT: 2025-07-17 19:02:09,  Lat/Lon: -0.243243°/99.0674°, Depth: 13.397
2025/07/18 02:05:17.646692 [Incident:Info:toast@toast-new:Magnitude updated] Magnitude updated: 5.34 (M)
2025/07/18 02:05:17.646729 [Simulation:Info:toast@toast-new:Simulation not generated] Magnitude 5.34 of event bmg2025nxju is smaller than triggerMinMagnitude: no automatic simulation
2025/07/18 02:05:21.234805 [Incident:Info:toast@toast-new:Origin updated] Origin updated: OT: 2025-07-17 19:02:09,  Lat/Lon: -0.243243°/99.0674°, Depth: 13.397
2025/07/18 02:05:21.235015 [Incident:Info:toast@toast-new:Magnitude updated] Magnitude updated: 5.34 (M)
2025/07/18 02:05:21.235066 [Simulation:Info:toast@toast-new:Simulation not generated] Magnitude 5.34 of event bmg2025nxju is smaller than triggerMinMagnitude: no automatic simulation
2025/07/18 02:05:26.167342 [Incident:Info:toast@toast-new:Origin updated] Origin updated: OT: 2025-07-17 19:02:09,  Lat/Lon: -0.243243°/99.0674°, Depth: 13.397
2025/07/18 02:05:26.167515 [Incident:Info:toast@toast-new:Magnitude updated] Magnitude updated: 5.34 (M)
2025/07/18 02:05:26.167547 [Simulation:Info:toast@toast-new:Simulation not generated] Magnitude 5.34 of event bmg2025nxju is smaller than triggerMinMagnitude: no automatic simulation
2025/07/18 02:05:31.192908 [Incident:Info:toast@toast-new:Origin updated] Origin updated: OT: 2025-07-17 19:02:09,  Lat/Lon: -0.243243°/99.0674°, Depth: 13.397
2025/07/18 02:05:31.193097 [Incident:Info:toast@toast-new:Magnitude updated] Magnitude updated: 5.34 (M)
2025/07/18 02:05:31.193128 [Simulation:Info:toast@toast-new:Simulation not generated] Magnitude 5.34 of event bmg2025nxju is smaller than triggerMinMagnitude: no automatic simulation
2025/07/18 02:05:33.257205 [Incident:Info:toast@toast-new:Origin updated] Origin updated: OT: 2025-07-17 19:02:09,  Lat/Lon: -0.243243°/99.0674°, Depth: 13.397
2025/07/18 02:05:33.257413 [Incident:Info:toast@toast-new:Magnitude updated] Magnitude updated: 5.34 (M)
2025/07/18 02:05:33.257446 [Simulation:Info:toast@toast-new:Simulation not generated] Magnitude 5.34 of event bmg2025nxju is smaller than triggerMinMagnitude: no automatic simulation
2025/07/18 02:05:36.308211 [Incident:Info:toast@toast-new:Origin updated] Origin updated: OT: 2025-07-17 19:02:09,  Lat/Lon: -0.243243°/99.0674°, Depth: 13.397
2025/07/18 02:05:36.308401 [Incident:Info:toast@toast-new:Magnitude updated] Magnitude updated: 5.34 (M)
2025/07/18 02:05:36.308433 [Simulation:Info:toast@toast-new:Simulation not generated] Magnitude 5.34 of event bmg2025nxju is smaller than triggerMinMagnitude: no automatic simulation
2025/07/18 02:05:41.306109 [Incident:Info:toast@toast-new:Origin updated] Origin updated: OT: 2025-07-17 19:02:09,  Lat/Lon: -0.243243°/99.0674°, Depth: 13.397
2025/07/18 02:05:41.306296 [Incident:Info:toast@toast-new:Magnitude updated] Magnitude updated: 5.34 (M)
2025/07/18 02:05:41.306348 [Simulation:Info:toast@toast-new:Simulation not generated] Magnitude 5.34 of event bmg2025nxju is smaller than triggerMinMagnitude: no automatic simulation
2025/07/18 02:05:46.180795 [Incident:Info:toast@toast-new:Origin updated] Origin updated: OT: 2025-07-17 19:02:09,  Lat/Lon: -0.243243°/99.0674°, Depth: 13.397
2025/07/18 02:05:46.181023 [Incident:Info:toast@toast-new:Magnitude updated] Magnitude updated: 5.35 (M)
2025/07/18 02:05:46.181075 [Simulation:Info:toast@toast-new:Simulation not generated] Magnitude 5.35 of event bmg2025nxju is smaller than triggerMinMagnitude: no automatic simulation
2025/07/18 02:05:51.220971 [Incident:Info:toast@toast-new:Origin updated] Origin updated: OT: 2025-07-17 19:02:09,  Lat/Lon: -0.243243°/99.0674°, Depth: 13.397
2025/07/18 02:05:51.221163 [Incident:Info:toast@toast-new:Magnitude updated] Magnitude updated: 5.35 (M)
2025/07/18 02:05:51.221203 [Simulation:Info:toast@toast-new:Simulation not generated] Magnitude 5.35 of event bmg2025nxju is smaller than triggerMinMagnitude: no automatic simulation
2025/07/18 02:06:01.285527 [Incident:Info:toast@toast-new:Origin updated] Origin updated: OT: 2025-07-17 19:02:09,  Lat/Lon: -0.243243°/99.0674°, Depth: 13.397
2025/07/18 02:06:01.285759 [Incident:Info:toast@toast-new:Magnitude updated] Magnitude updated: 5.35 (M)
2025/07/18 02:06:01.285814 [Simulation:Info:toast@toast-new:Simulation not generated] Magnitude 5.35 of event bmg2025nxju is smaller than triggerMinMagnitude: no automatic simulation
2025/07/18 02:06:11.273022 [Incident:Info:toast@toast-new:Origin updated] Origin updated: OT: 2025-07-17 19:02:09,  Lat/Lon: -0.243243°/99.0674°, Depth: 13.397
2025/07/18 02:06:11.273296 [Incident:Info:toast@toast-new:Magnitude updated] Magnitude updated: 5.35 (M)
2025/07/18 02:06:11.273361 [Simulation:Info:toast@toast-new:Simulation not generated] Magnitude 5.35 of event bmg2025nxju is smaller than triggerMinMagnitude: no automatic simulation
2025/07/18 02:07:31.500171 [Incident:Info:toast@toast-new:Origin updated] Origin updated: OT: 2025-07-17 19:02:11,  Lat/Lon: -0.289155°/99.0226°, Depth: 51.6965
2025/07/18 02:07:31.500414 [Incident:Info:toast@toast-new:Magnitude updated] Magnitude updated: 5.40 (MLv)
2025/07/18 02:07:31.500478 [Simulation:Info:toast@toast-new:Simulation not generated] Magnitude 5.40 of event bmg2025nxju is smaller than triggerMinMagnitude: no automatic simulation
2025/07/18 02:07:31.559021 [Incident:Info:toast@toast-new:Origin updated] Origin updated: OT: 2025-07-17 19:02:11,  Lat/Lon: -0.289155°/99.0226°, Depth: 51.6965
2025/07/18 02:07:31.559150 [Incident:Info:toast@toast-new:Magnitude updated] Magnitude updated: 5.14 (M)
2025/07/18 02:07:31.559186 [Simulation:Info:toast@toast-new:Simulation not generated] Magnitude 5.14 of event bmg2025nxju is smaller than triggerMinMagnitude: no automatic simulation
2025/07/18 02:07:39.609324 [Incident:Info:toast@toast-new:Origin updated] Origin updated: OT: 2025-07-17 19:02:11,  Lat/Lon: -0.289155°/99.0226°, Depth: 51.6965
2025/07/18 02:07:39.609521 [Incident:Info:toast@toast-new:FM updated] FM updated
2025/07/18 02:07:39.609773 [Simulation:Info:toast@toast-new:Simulation not generated] Magnitude 5.14 of event bmg2025nxju is smaller than triggerMinMagnitude: no automatic simulation
2025/07/18 02:12:12.582824 [Incident:Info:toast@toast-new:Origin updated] Origin updated: OT: 2025-07-17 19:02:11,  Lat/Lon: -0.305401°/98.9717°, Depth: 61.0878
2025/07/18 02:12:12.583081 [Incident:Info:toast@toast-new:Magnitude updated] Magnitude updated: 5.23 (mb)
2025/07/18 02:12:12.583145 [Incident:Info:toast@toast-new:FM updated] FM updated
2025/07/18 02:12:12.583444 [Simulation:Info:toast@toast-new:Simulation not generated] Magnitude 5.23 of event bmg2025nxju is smaller than triggerMinMagnitude: no automatic simulation
2025/07/18 02:14:02.364371 [Incident:Info:toast@toast-new:Origin updated] Origin updated: OT: 2025-07-17 19:02:11,  Lat/Lon: -0.317395°/98.9619°, Depth: 63.1013
2025/07/18 02:14:02.364607 [Incident:Info:toast@toast-new:Magnitude updated] Magnitude updated: 5.24 (mb)
2025/07/18 02:14:02.364669 [Simulation:Info:toast@toast-new:Simulation not generated] Magnitude 5.24 of event bmg2025nxju is smaller than triggerMinMagnitude: no automatic simulation
2025/07/18 11:08:06.786314 [Incident:Info:toast@toast-new:Origin updated] Origin updated: OT: 2025-07-17 19:02:11,  Lat/Lon: -0.317395°/98.9619°, Depth: 63.1013
2025/07/18 11:08:06.786516 [Incident:Info:toast@toast-new:Magnitude updated] Magnitude updated: 5.24 (mb)
2025/07/18 11:08:06.786557 [Incident:Info:toast@toast-new:FM updated] FM updated
2025/07/18 11:08:06.786814 [Simulation:Info:toast@toast-new:Simulation not generated] Magnitude 5.24 of event bmg2025nxju is smaller than triggerMinMagnitude: no automatic simulation
