2025/10/18 19:34:27.958849 [Incident:Info:toast@toast-new:Displacement(s) updated] Added 0 and changed 0 displacements with 0 amplitudes
2025/10/18 19:34:27.960061 [Incident:Info:toast@toast-new:Incident created] Incident created based on event received from messaging: OT: 2025-10-18 12:31:23,  Lat/Lon: 9.64°/126.26°, Depth: 100.04, Mag: 6.16 (M)
2025/10/18 19:34:27.960682 [Simulation:Info:toast@toast-new:Simulation not generated] Magnitude 6.16 of event bmg2025ukur is smaller than triggerMinMagnitude: no automatic simulation
2025/10/18 19:34:27.982167 [Incident:Info:toast@toast-new:Origin updated] Origin updated: OT: 2025-10-18 12:31:23,  Lat/Lon: 9.64057°/126.263°, Depth: 100.041
2025/10/18 19:34:27.982325 [Simulation:Info:toast@toast-new:Simulation not generated] Magnitude 6.16 of event bmg2025ukur is smaller than triggerMinMagnitude: no automatic simulation
2025/10/18 19:34:33.734767 [Incident:Info:toast@toast-new:Origin updated] Origin updated: OT: 2025-10-18 12:31:23,  Lat/Lon: 9.64057°/126.263°, Depth: 100.041
2025/10/18 19:34:33.734954 [Incident:Info:toast@toast-new:Magnitude updated] Magnitude updated: 6.09 (M)
2025/10/18 19:34:33.735006 [Simulation:Info:toast@toast-new:Simulation not generated] Magnitude 6.09 of event bmg2025ukur is smaller than triggerMinMagnitude: no automatic simulation
2025/10/18 19:34:37.309187 [Incident:Info:toast@toast-new:Origin updated] Origin updated: OT: 2025-10-18 12:31:39,  Lat/Lon: 8.44196°/126.287°, Depth: 113.001
2025/10/18 19:34:37.309395 [Incident:Info:toast@toast-new:Magnitude updated] Magnitude updated: 5.82 (M)
2025/10/18 19:34:37.309433 [Simulation:Info:toast@toast-new:Simulation not generated] Magnitude 5.82 of event bmg2025ukur is smaller than triggerMinMagnitude: no automatic simulation
2025/10/18 19:34:38.685523 [Incident:Info:toast@toast-new:Origin updated] Origin updated: OT: 2025-10-18 12:31:39,  Lat/Lon: 8.44196°/126.287°, Depth: 113.001
2025/10/18 19:34:38.685696 [Incident:Info:toast@toast-new:Magnitude updated] Magnitude updated: 5.81 (M)
2025/10/18 19:34:38.685729 [Simulation:Info:toast@toast-new:Simulation not generated] Magnitude 5.81 of event bmg2025ukur is smaller than triggerMinMagnitude: no automatic simulation
2025/10/18 19:34:43.733611 [Incident:Info:toast@toast-new:Origin updated] Origin updated: OT: 2025-10-18 12:31:39,  Lat/Lon: 8.44196°/126.287°, Depth: 113.001
2025/10/18 19:34:43.733801 [Incident:Info:toast@toast-new:Magnitude updated] Magnitude updated: 5.77 (M)
2025/10/18 19:34:43.733853 [Simulation:Info:toast@toast-new:Simulation not generated] Magnitude 5.77 of event bmg2025ukur is smaller than triggerMinMagnitude: no automatic simulation
2025/10/18 19:34:48.755756 [Incident:Info:toast@toast-new:Origin updated] Origin updated: OT: 2025-10-18 12:31:39,  Lat/Lon: 8.44196°/126.287°, Depth: 113.001
2025/10/18 19:34:48.755926 [Incident:Info:toast@toast-new:Magnitude updated] Magnitude updated: 5.77 (M)
2025/10/18 19:34:48.755961 [Simulation:Info:toast@toast-new:Simulation not generated] Magnitude 5.77 of event bmg2025ukur is smaller than triggerMinMagnitude: no automatic simulation
2025/10/18 19:34:51.971651 [Incident:Info:toast@toast-new:Origin updated] Origin updated: OT: 2025-10-18 12:31:37,  Lat/Lon: 8.57931°/126.408°, Depth: 68.2832
2025/10/18 19:34:51.971859 [Incident:Info:toast@toast-new:Magnitude updated] Magnitude updated: 5.76 (M)
2025/10/18 19:34:51.971896 [Simulation:Info:toast@toast-new:Simulation not generated] Magnitude 5.76 of event bmg2025ukur is smaller than triggerMinMagnitude: no automatic simulation
2025/10/18 19:34:53.798828 [Incident:Info:toast@toast-new:Origin updated] Origin updated: OT: 2025-10-18 12:31:37,  Lat/Lon: 8.57931°/126.408°, Depth: 68.2832
2025/10/18 19:34:53.799021 [Incident:Info:toast@toast-new:Magnitude updated] Magnitude updated: 5.70 (M)
2025/10/18 19:34:53.799080 [Simulation:Info:toast@toast-new:Simulation not generated] Magnitude 5.70 of event bmg2025ukur is smaller than triggerMinMagnitude: no automatic simulation
2025/10/18 19:34:58.789853 [Incident:Info:toast@toast-new:Origin updated] Origin updated: OT: 2025-10-18 12:31:37,  Lat/Lon: 8.57931°/126.408°, Depth: 68.2832
2025/10/18 19:34:58.790021 [Incident:Info:toast@toast-new:Magnitude updated] Magnitude updated: 5.67 (M)
2025/10/18 19:34:58.790055 [Simulation:Info:toast@toast-new:Simulation not generated] Magnitude 5.67 of event bmg2025ukur is smaller than triggerMinMagnitude: no automatic simulation
2025/10/18 19:35:03.743466 [Incident:Info:toast@toast-new:Origin updated] Origin updated: OT: 2025-10-18 12:31:37,  Lat/Lon: 8.57931°/126.408°, Depth: 68.2832
2025/10/18 19:35:03.743640 [Incident:Info:toast@toast-new:Magnitude updated] Magnitude updated: 5.67 (M)
2025/10/18 19:35:03.743678 [Simulation:Info:toast@toast-new:Simulation not generated] Magnitude 5.67 of event bmg2025ukur is smaller than triggerMinMagnitude: no automatic simulation
2025/10/18 19:35:04.889202 [Incident:Info:toast@toast-new:Origin updated] Origin updated: OT: 2025-10-18 12:31:36,  Lat/Lon: 8.61405°/126.343°, Depth: 119.103
2025/10/18 19:35:04.889406 [Incident:Info:toast@toast-new:Magnitude updated] Magnitude updated: 5.78 (mb)
2025/10/18 19:35:04.889455 [Simulation:Info:toast@toast-new:Simulation not generated] Magnitude 5.78 of event bmg2025ukur is smaller than triggerMinMagnitude: no automatic simulation
2025/10/18 19:35:05.006336 [Incident:Info:toast@toast-new:Origin updated] Origin updated: OT: 2025-10-18 12:31:36,  Lat/Lon: 8.61405°/126.343°, Depth: 119.103
2025/10/18 19:35:05.006524 [Incident:Info:toast@toast-new:Magnitude updated] Magnitude updated: 5.59 (M)
2025/10/18 19:35:05.006586 [Simulation:Info:toast@toast-new:Simulation not generated] Magnitude 5.59 of event bmg2025ukur is smaller than triggerMinMagnitude: no automatic simulation
2025/10/18 19:35:08.791784 [Incident:Info:toast@toast-new:Origin updated] Origin updated: OT: 2025-10-18 12:31:36,  Lat/Lon: 8.61405°/126.343°, Depth: 119.103
2025/10/18 19:35:08.792035 [Incident:Info:toast@toast-new:Magnitude updated] Magnitude updated: 5.57 (M)
2025/10/18 19:35:08.792114 [Simulation:Info:toast@toast-new:Simulation not generated] Magnitude 5.57 of event bmg2025ukur is smaller than triggerMinMagnitude: no automatic simulation
2025/10/18 19:35:10.363494 [Incident:Info:toast@toast-new:Origin updated] Origin updated: OT: 2025-10-18 12:31:36,  Lat/Lon: 8.61405°/126.343°, Depth: 119.103
2025/10/18 19:35:10.363674 [Incident:Info:toast@toast-new:Magnitude updated] Magnitude updated: 5.56 (M)
2025/10/18 19:35:10.363710 [Simulation:Info:toast@toast-new:Simulation not generated] Magnitude 5.56 of event bmg2025ukur is smaller than triggerMinMagnitude: no automatic simulation
2025/10/18 19:35:13.877406 [Incident:Info:toast@toast-new:Origin updated] Origin updated: OT: 2025-10-18 12:31:36,  Lat/Lon: 8.61405°/126.343°, Depth: 119.103
2025/10/18 19:35:13.877573 [Incident:Info:toast@toast-new:Magnitude updated] Magnitude updated: 5.52 (M)
2025/10/18 19:35:13.877629 [Simulation:Info:toast@toast-new:Simulation not generated] Magnitude 5.52 of event bmg2025ukur is smaller than triggerMinMagnitude: no automatic simulation
2025/10/18 19:35:18.930633 [Incident:Info:toast@toast-new:Origin updated] Origin updated: OT: 2025-10-18 12:31:36,  Lat/Lon: 8.61405°/126.343°, Depth: 119.103
2025/10/18 19:35:18.930823 [Incident:Info:toast@toast-new:Magnitude updated] Magnitude updated: 5.52 (M)
2025/10/18 19:35:18.930862 [Simulation:Info:toast@toast-new:Simulation not generated] Magnitude 5.52 of event bmg2025ukur is smaller than triggerMinMagnitude: no automatic simulation
2025/10/18 19:35:23.855961 [Incident:Info:toast@toast-new:Origin updated] Origin updated: OT: 2025-10-18 12:31:36,  Lat/Lon: 8.61405°/126.343°, Depth: 119.103
2025/10/18 19:35:23.856145 [Incident:Info:toast@toast-new:Magnitude updated] Magnitude updated: 5.51 (M)
2025/10/18 19:35:23.856177 [Simulation:Info:toast@toast-new:Simulation not generated] Magnitude 5.51 of event bmg2025ukur is smaller than triggerMinMagnitude: no automatic simulation
2025/10/18 19:35:33.902618 [Incident:Info:toast@toast-new:Origin updated] Origin updated: OT: 2025-10-18 12:31:36,  Lat/Lon: 8.61405°/126.343°, Depth: 119.103
2025/10/18 19:35:33.902819 [Incident:Info:toast@toast-new:Magnitude updated] Magnitude updated: 5.48 (M)
2025/10/18 19:35:33.902862 [Simulation:Info:toast@toast-new:Simulation not generated] Magnitude 5.48 of event bmg2025ukur is smaller than triggerMinMagnitude: no automatic simulation
2025/10/18 19:35:38.874531 [Incident:Info:toast@toast-new:Origin updated] Origin updated: OT: 2025-10-18 12:31:36,  Lat/Lon: 8.61405°/126.343°, Depth: 119.103
2025/10/18 19:35:38.874745 [Incident:Info:toast@toast-new:Magnitude updated] Magnitude updated: 5.49 (M)
2025/10/18 19:35:38.874799 [Simulation:Info:toast@toast-new:Simulation not generated] Magnitude 5.49 of event bmg2025ukur is smaller than triggerMinMagnitude: no automatic simulation
2025/10/18 19:35:43.888977 [Incident:Info:toast@toast-new:Origin updated] Origin updated: OT: 2025-10-18 12:31:36,  Lat/Lon: 8.61405°/126.343°, Depth: 119.103
2025/10/18 19:35:43.889127 [Incident:Info:toast@toast-new:Magnitude updated] Magnitude updated: 5.50 (M)
2025/10/18 19:35:43.889157 [Simulation:Info:toast@toast-new:Simulation not generated] Magnitude 5.50 of event bmg2025ukur is smaller than triggerMinMagnitude: no automatic simulation
2025/10/18 19:36:03.791505 [Incident:Info:toast@toast-new:Origin updated] Origin updated: OT: 2025-10-18 12:31:36,  Lat/Lon: 8.61405°/126.343°, Depth: 119.103
2025/10/18 19:36:03.791713 [Incident:Info:toast@toast-new:Magnitude updated] Magnitude updated: 5.50 (M)
2025/10/18 19:36:03.791762 [Simulation:Info:toast@toast-new:Simulation not generated] Magnitude 5.50 of event bmg2025ukur is smaller than triggerMinMagnitude: no automatic simulation
2025/10/18 19:36:52.718372 [Incident:Info:toast@toast-new:Origin updated] Origin updated: OT: 2025-10-18 12:31:34,  Lat/Lon: 8.80175°/126.44°, Depth: 74.5471
2025/10/18 19:36:52.718556 [Incident:Info:toast@toast-new:Magnitude updated] Magnitude updated: 5.55 (Mw(mB))
2025/10/18 19:36:52.718595 [Simulation:Info:toast@toast-new:Simulation not generated] Magnitude 5.55 of event bmg2025ukur is smaller than triggerMinMagnitude: no automatic simulation
2025/10/18 19:39:18.884570 [Incident:Info:toast@toast-new:Origin updated] Origin updated: OT: 2025-10-18 12:31:34,  Lat/Lon: 8.80175°/126.44°, Depth: 74.5471
2025/10/18 19:39:18.884705 [Incident:Info:toast@toast-new:FM updated] FM updated
2025/10/18 19:39:18.884918 [Simulation:Info:toast@toast-new:Simulation not generated] Magnitude 5.55 of event bmg2025ukur is smaller than triggerMinMagnitude: no automatic simulation
2025/10/18 19:39:38.853490 [Incident:Info:toast@toast-new:Origin updated] Origin updated: OT: 2025-10-18 12:31:34,  Lat/Lon: 8.80175°/126.44°, Depth: 74.5471
2025/10/18 19:39:38.853658 [Incident:Info:toast@toast-new:FM updated] FM updated
2025/10/18 19:39:38.853892 [Simulation:Info:toast@toast-new:Simulation not generated] Magnitude 5.55 of event bmg2025ukur is smaller than triggerMinMagnitude: no automatic simulation
2025/10/18 19:39:48.955149 [Incident:Info:toast@toast-new:Origin updated] Origin updated: OT: 2025-10-18 12:31:34,  Lat/Lon: 8.80175°/126.44°, Depth: 74.5471
2025/10/18 19:39:48.955301 [Incident:Info:toast@toast-new:FM updated] FM updated
2025/10/18 19:39:48.955526 [Simulation:Info:toast@toast-new:Simulation not generated] Magnitude 5.55 of event bmg2025ukur is smaller than triggerMinMagnitude: no automatic simulation
2025/10/18 19:39:59.145786 [Incident:Info:toast@toast-new:Origin updated] Origin updated: OT: 2025-10-18 12:31:34,  Lat/Lon: 8.80175°/126.44°, Depth: 74.5471
2025/10/18 19:39:59.145974 [Incident:Info:toast@toast-new:FM updated] FM updated
2025/10/18 19:39:59.146244 [Simulation:Info:toast@toast-new:Simulation not generated] Magnitude 5.55 of event bmg2025ukur is smaller than triggerMinMagnitude: no automatic simulation
2025/10/18 19:40:09.065078 [Incident:Info:toast@toast-new:Origin updated] Origin updated: OT: 2025-10-18 12:31:34,  Lat/Lon: 8.80175°/126.44°, Depth: 74.5471
2025/10/18 19:40:09.065262 [Incident:Info:toast@toast-new:FM updated] FM updated
2025/10/18 19:40:09.065523 [Simulation:Info:toast@toast-new:Simulation not generated] Magnitude 5.55 of event bmg2025ukur is smaller than triggerMinMagnitude: no automatic simulation
2025/10/18 19:40:29.147711 [Incident:Info:toast@toast-new:Origin updated] Origin updated: OT: 2025-10-18 12:31:34,  Lat/Lon: 8.80175°/126.44°, Depth: 74.5471
2025/10/18 19:40:29.147925 [Incident:Info:toast@toast-new:FM updated] FM updated
2025/10/18 19:40:29.148256 [Simulation:Info:toast@toast-new:Simulation not generated] Magnitude 5.55 of event bmg2025ukur is smaller than triggerMinMagnitude: no automatic simulation
2025/10/18 19:40:39.120954 [Incident:Info:toast@toast-new:Origin updated] Origin updated: OT: 2025-10-18 12:31:34,  Lat/Lon: 8.80175°/126.44°, Depth: 74.5471
2025/10/18 19:40:39.121132 [Incident:Info:toast@toast-new:FM updated] FM updated
2025/10/18 19:40:39.121383 [Simulation:Info:toast@toast-new:Simulation not generated] Magnitude 5.55 of event bmg2025ukur is smaller than triggerMinMagnitude: no automatic simulation
2025/10/18 19:40:59.062768 [Incident:Info:toast@toast-new:Origin updated] Origin updated: OT: 2025-10-18 12:31:34,  Lat/Lon: 8.80175°/126.44°, Depth: 74.5471
2025/10/18 19:40:59.062969 [Simulation:Info:toast@toast-new:Simulation not generated] Magnitude 5.55 of event bmg2025ukur is smaller than triggerMinMagnitude: no automatic simulation
2025/10/18 19:41:09.391312 [Incident:Info:toast@toast-new:Origin updated] Origin updated: OT: 2025-10-18 12:31:34,  Lat/Lon: 8.80175°/126.44°, Depth: 74.5471
2025/10/18 19:41:09.391492 [Incident:Info:toast@toast-new:FM updated] FM updated
2025/10/18 19:41:09.391749 [Simulation:Info:toast@toast-new:Simulation not generated] Magnitude 5.55 of event bmg2025ukur is smaller than triggerMinMagnitude: no automatic simulation
2025/10/18 19:41:19.625561 [Incident:Info:toast@toast-new:Origin updated] Origin updated: OT: 2025-10-18 12:31:34,  Lat/Lon: 8.80175°/126.44°, Depth: 74.5471
2025/10/18 19:41:19.625762 [Incident:Info:toast@toast-new:FM updated] FM updated
2025/10/18 19:41:19.626026 [Simulation:Info:toast@toast-new:Simulation not generated] Magnitude 5.55 of event bmg2025ukur is smaller than triggerMinMagnitude: no automatic simulation
2025/10/18 19:41:29.331825 [Incident:Info:toast@toast-new:Origin updated] Origin updated: OT: 2025-10-18 12:31:34,  Lat/Lon: 8.80175°/126.44°, Depth: 74.5471
2025/10/18 19:41:29.332017 [Incident:Info:toast@toast-new:FM updated] FM updated
2025/10/18 19:41:29.332276 [Simulation:Info:toast@toast-new:Simulation not generated] Magnitude 5.55 of event bmg2025ukur is smaller than triggerMinMagnitude: no automatic simulation
2025/10/18 19:41:39.734303 [Incident:Info:toast@toast-new:Origin updated] Origin updated: OT: 2025-10-18 12:31:34,  Lat/Lon: 8.80175°/126.44°, Depth: 74.5471
2025/10/18 19:41:39.734502 [Incident:Info:toast@toast-new:FM updated] FM updated
2025/10/18 19:41:39.734766 [Simulation:Info:toast@toast-new:Simulation not generated] Magnitude 5.55 of event bmg2025ukur is smaller than triggerMinMagnitude: no automatic simulation
2025/10/18 19:41:59.619039 [Incident:Info:toast@toast-new:Origin updated] Origin updated: OT: 2025-10-18 12:31:34,  Lat/Lon: 8.80175°/126.44°, Depth: 74.5471
2025/10/18 19:41:59.619238 [Simulation:Info:toast@toast-new:Simulation not generated] Magnitude 5.55 of event bmg2025ukur is smaller than triggerMinMagnitude: no automatic simulation
2025/10/18 19:42:09.632481 [Incident:Info:toast@toast-new:Origin updated] Origin updated: OT: 2025-10-18 12:31:34,  Lat/Lon: 8.80175°/126.44°, Depth: 74.5471
2025/10/18 19:42:09.632677 [Incident:Info:toast@toast-new:FM updated] FM updated
2025/10/18 19:42:09.632942 [Simulation:Info:toast@toast-new:Simulation not generated] Magnitude 5.55 of event bmg2025ukur is smaller than triggerMinMagnitude: no automatic simulation
2025/10/18 19:42:19.921234 [Incident:Info:toast@toast-new:Origin updated] Origin updated: OT: 2025-10-18 12:31:34,  Lat/Lon: 8.80175°/126.44°, Depth: 74.5471
2025/10/18 19:42:19.921422 [Incident:Info:toast@toast-new:FM updated] FM updated
2025/10/18 19:42:19.921705 [Simulation:Info:toast@toast-new:Simulation not generated] Magnitude 5.55 of event bmg2025ukur is smaller than triggerMinMagnitude: no automatic simulation
2025/10/18 19:42:29.974662 [Incident:Info:toast@toast-new:Origin updated] Origin updated: OT: 2025-10-18 12:31:34,  Lat/Lon: 8.80175°/126.44°, Depth: 74.5471
2025/10/18 19:42:29.974835 [Incident:Info:toast@toast-new:FM updated] FM updated
2025/10/18 19:42:29.975127 [Simulation:Info:toast@toast-new:Simulation not generated] Magnitude 5.55 of event bmg2025ukur is smaller than triggerMinMagnitude: no automatic simulation
2025/10/18 19:42:40.488352 [Incident:Info:toast@toast-new:Origin updated] Origin updated: OT: 2025-10-18 12:31:34,  Lat/Lon: 8.80175°/126.44°, Depth: 74.5471
2025/10/18 19:42:40.488537 [Incident:Info:toast@toast-new:FM updated] FM updated
2025/10/18 19:42:40.488804 [Simulation:Info:toast@toast-new:Simulation not generated] Magnitude 5.55 of event bmg2025ukur is smaller than triggerMinMagnitude: no automatic simulation
2025/10/18 19:42:50.060769 [Incident:Info:toast@toast-new:Origin updated] Origin updated: OT: 2025-10-18 12:31:34,  Lat/Lon: 8.80175°/126.44°, Depth: 74.5471
2025/10/18 19:42:50.060951 [Simulation:Info:toast@toast-new:Simulation not generated] Magnitude 5.55 of event bmg2025ukur is smaller than triggerMinMagnitude: no automatic simulation
2025/10/18 19:43:00.482238 [Incident:Info:toast@toast-new:Origin updated] Origin updated: OT: 2025-10-18 12:31:34,  Lat/Lon: 8.80175°/126.44°, Depth: 74.5471
2025/10/18 19:43:00.482393 [Incident:Info:toast@toast-new:FM updated] FM updated
2025/10/18 19:43:00.482613 [Simulation:Info:toast@toast-new:Simulation not generated] Magnitude 5.55 of event bmg2025ukur is smaller than triggerMinMagnitude: no automatic simulation
2025/10/18 19:43:10.464816 [Incident:Info:toast@toast-new:Origin updated] Origin updated: OT: 2025-10-18 12:31:34,  Lat/Lon: 8.80175°/126.44°, Depth: 74.5471
2025/10/18 19:43:10.464991 [Incident:Info:toast@toast-new:FM updated] FM updated
2025/10/18 19:43:10.465247 [Simulation:Info:toast@toast-new:Simulation not generated] Magnitude 5.55 of event bmg2025ukur is smaller than triggerMinMagnitude: no automatic simulation
2025/10/18 19:43:20.506994 [Incident:Info:toast@toast-new:Origin updated] Origin updated: OT: 2025-10-18 12:31:34,  Lat/Lon: 8.80175°/126.44°, Depth: 74.5471
2025/10/18 19:43:20.507169 [Incident:Info:toast@toast-new:FM updated] FM updated
2025/10/18 19:43:20.507413 [Simulation:Info:toast@toast-new:Simulation not generated] Magnitude 5.55 of event bmg2025ukur is smaller than triggerMinMagnitude: no automatic simulation
2025/10/18 19:43:30.417877 [Incident:Info:toast@toast-new:Origin updated] Origin updated: OT: 2025-10-18 12:31:34,  Lat/Lon: 8.80175°/126.44°, Depth: 74.5471
2025/10/18 19:43:30.418031 [Incident:Info:toast@toast-new:FM updated] FM updated
2025/10/18 19:43:30.418276 [Simulation:Info:toast@toast-new:Simulation not generated] Magnitude 5.55 of event bmg2025ukur is smaller than triggerMinMagnitude: no automatic simulation
2025/10/18 19:43:41.003155 [Incident:Info:toast@toast-new:Origin updated] Origin updated: OT: 2025-10-18 12:31:34,  Lat/Lon: 8.80175°/126.44°, Depth: 74.5471
2025/10/18 19:43:41.003345 [Incident:Info:toast@toast-new:FM updated] FM updated
2025/10/18 19:43:41.003606 [Simulation:Info:toast@toast-new:Simulation not generated] Magnitude 5.55 of event bmg2025ukur is smaller than triggerMinMagnitude: no automatic simulation
2025/10/18 19:43:51.144477 [Incident:Info:toast@toast-new:Origin updated] Origin updated: OT: 2025-10-18 12:31:34,  Lat/Lon: 8.80175°/126.44°, Depth: 74.5471
2025/10/18 19:43:51.144661 [Incident:Info:toast@toast-new:FM updated] FM updated
2025/10/18 19:43:51.144922 [Simulation:Info:toast@toast-new:Simulation not generated] Magnitude 5.55 of event bmg2025ukur is smaller than triggerMinMagnitude: no automatic simulation
2025/10/18 19:44:00.726705 [Incident:Info:toast@toast-new:Origin updated] Origin updated: OT: 2025-10-18 12:31:34,  Lat/Lon: 8.80175°/126.44°, Depth: 74.5471
2025/10/18 19:44:00.726908 [Incident:Info:toast@toast-new:FM updated] FM updated
2025/10/18 19:44:00.727202 [Simulation:Info:toast@toast-new:Simulation not generated] Magnitude 5.55 of event bmg2025ukur is smaller than triggerMinMagnitude: no automatic simulation
2025/10/18 19:44:11.046925 [Incident:Info:toast@toast-new:Origin updated] Origin updated: OT: 2025-10-18 12:31:34,  Lat/Lon: 8.80175°/126.44°, Depth: 74.5471
2025/10/18 19:44:11.047065 [Incident:Info:toast@toast-new:FM updated] FM updated
2025/10/18 19:44:11.047279 [Simulation:Info:toast@toast-new:Simulation not generated] Magnitude 5.55 of event bmg2025ukur is smaller than triggerMinMagnitude: no automatic simulation
2025/10/18 19:44:21.091813 [Incident:Info:toast@toast-new:Origin updated] Origin updated: OT: 2025-10-18 12:31:34,  Lat/Lon: 8.80175°/126.44°, Depth: 74.5471
2025/10/18 19:44:21.091997 [Incident:Info:toast@toast-new:FM updated] FM updated
2025/10/18 19:44:21.092268 [Simulation:Info:toast@toast-new:Simulation not generated] Magnitude 5.55 of event bmg2025ukur is smaller than triggerMinMagnitude: no automatic simulation
2025/10/18 19:44:30.950796 [Incident:Info:toast@toast-new:Origin updated] Origin updated: OT: 2025-10-18 12:31:34,  Lat/Lon: 8.80175°/126.44°, Depth: 74.5471
2025/10/18 19:44:30.951055 [Incident:Info:toast@toast-new:FM updated] FM updated
2025/10/18 19:44:30.951511 [Simulation:Info:toast@toast-new:Simulation not generated] Magnitude 5.55 of event bmg2025ukur is smaller than triggerMinMagnitude: no automatic simulation
2025/10/18 20:45:19.883398 [Incident:Info:toast@toast-new:Origin updated] Origin updated: OT: 2025-10-18 12:31:34,  Lat/Lon: 8.80175°/126.44°, Depth: 74.5471
2025/10/18 20:45:19.883586 [Incident:Info:toast@toast-new:FM updated] FM updated
2025/10/18 20:45:19.883844 [Simulation:Info:toast@toast-new:Simulation not generated] Magnitude 5.55 of event bmg2025ukur is smaller than triggerMinMagnitude: no automatic simulation
2025/10/18 21:16:40.041440 [Incident:Info:toast@toast-new:Origin updated] Origin updated: OT: 2025-10-18 12:31:35,  Lat/Lon: 8.73925°/126.454°, Depth: 84.6985
2025/10/18 21:16:40.041631 [Incident:Info:toast@toast-new:Magnitude updated] Magnitude updated: 5.54 (Mw(mB))
2025/10/18 21:16:40.041671 [Simulation:Info:toast@toast-new:Simulation not generated] Magnitude 5.54 of event bmg2025ukur is smaller than triggerMinMagnitude: no automatic simulation
2025/10/18 21:47:30.110149 [Incident:Info:toast@toast-new:Origin updated] Origin updated: OT: 2025-10-18 12:31:35,  Lat/Lon: 8.73925°/126.454°, Depth: 84.6985
2025/10/18 21:47:30.110326 [Incident:Info:toast@toast-new:FM updated] FM updated
2025/10/18 21:47:30.110585 [Simulation:Info:toast@toast-new:Simulation not generated] Magnitude 5.54 of event bmg2025ukur is smaller than triggerMinMagnitude: no automatic simulation
2025/10/18 22:20:00.856079 [Incident:Info:toast@toast-new:Origin updated] Origin updated: OT: 2025-10-18 12:31:35,  Lat/Lon: 8.73925°/126.454°, Depth: 84.6985
2025/10/18 22:20:00.856259 [Incident:Info:toast@toast-new:FM updated] FM updated
2025/10/18 22:20:00.856560 [Simulation:Info:toast@toast-new:Simulation not generated] Magnitude 5.54 of event bmg2025ukur is smaller than triggerMinMagnitude: no automatic simulation
2025/10/18 22:21:02.064902 [Incident:Info:toast@toast-new:Origin updated] Origin updated: OT: 2025-10-18 12:31:35,  Lat/Lon: 8.73925°/126.454°, Depth: 84.6985
2025/10/18 22:21:02.065091 [Simulation:Info:toast@toast-new:Simulation not generated] Magnitude 5.54 of event bmg2025ukur is smaller than triggerMinMagnitude: no automatic simulation
2025/10/21 00:19:31.724505 [Incident:Info:toast@toast-new:Origin updated] Origin updated: OT: 2025-10-18 12:31:35,  Lat/Lon: 8.73925°/126.454°, Depth: 84.6985
2025/10/21 00:19:31.724685 [Incident:Info:toast@toast-new:Magnitude updated] Magnitude updated: 5.44 (Mw)
2025/10/21 00:19:31.724748 [Simulation:Info:toast@toast-new:Simulation not generated] Magnitude 5.44 of event bmg2025ukur is smaller than triggerMinMagnitude: no automatic simulation
2025/10/21 00:20:14.604070 [Incident:Info:toast@toast-new:Origin updated] Origin updated: OT: 2025-10-18 12:31:34,  Lat/Lon: 8.82201°/126.446°, Depth: 69.1079
2025/10/21 00:20:14.604280 [Simulation:Info:toast@toast-new:Simulation not generated] Magnitude 5.44 of event bmg2025ukur is smaller than triggerMinMagnitude: no automatic simulation
2025/10/21 00:20:19.705911 [Incident:Info:toast@toast-new:Origin updated] Origin updated: OT: 2025-10-18 12:31:34,  Lat/Lon: 8.82201°/126.446°, Depth: 69.1079
2025/10/21 00:20:19.706090 [Simulation:Info:toast@toast-new:Simulation not generated] Magnitude 5.44 of event bmg2025ukur is smaller than triggerMinMagnitude: no automatic simulation
2025/10/21 00:20:19.758141 [Incident:Info:toast@toast-new:Origin updated] Origin updated: OT: 2025-10-18 12:31:34,  Lat/Lon: 8.82201°/126.446°, Depth: 69.1079
2025/10/21 00:20:19.758262 [Simulation:Info:toast@toast-new:Simulation not generated] Magnitude 5.44 of event bmg2025ukur is smaller than triggerMinMagnitude: no automatic simulation
