2025/09/16 13:17:38.653622 [Incident:Info:toast@toast-new:Displacement(s) updated] Added 0 and changed 0 displacements with 0 amplitudes
2025/09/16 13:17:38.671650 [Incident:Info:toast@toast-new:Incident created] Incident created based on event received from messaging: OT: 2025-09-16 06:05:56,  Lat/Lon: 51.57°/159.52°, Depth: 10.00, Mag: 5.03 (M)
2025/09/16 13:17:38.672206 [Simulation:Info:toast@toast-new:Simulation not generated] Magnitude 5.03 of event bmg2025sdvw is smaller than triggerMinMagnitude: no automatic simulation
2025/09/16 13:17:38.898626 [Incident:Info:toast@toast-new:Origin updated] Origin updated: OT: 2025-09-16 06:05:56,  Lat/Lon: 51.5666°/159.516°, Depth: 10
2025/09/16 13:17:38.898773 [Simulation:Info:toast@toast-new:Simulation not generated] Magnitude 5.03 of event bmg2025sdvw is smaller than triggerMinMagnitude: no automatic simulation
2025/09/16 13:17:48.059422 [Incident:Info:toast@toast-new:Origin updated] Origin updated: OT: 2025-09-16 06:05:56,  Lat/Lon: 51.5679°/159.517°, Depth: 10
2025/09/16 13:17:48.059614 [Incident:Info:toast@toast-new:Magnitude updated] Magnitude updated: 5.03 (M)
2025/09/16 13:17:48.059646 [Simulation:Info:toast@toast-new:Simulation not generated] Magnitude 5.03 of event bmg2025sdvw is smaller than triggerMinMagnitude: no automatic simulation
2025/09/16 13:18:24.189203 [Incident:Info:toast@toast-new:Origin updated] Origin updated: OT: 2025-09-16 06:05:56,  Lat/Lon: 51.5623°/159.525°, Depth: 10
2025/09/16 13:18:24.189383 [Incident:Info:toast@toast-new:Magnitude updated] Magnitude updated: 5.03 (M)
2025/09/16 13:18:24.189414 [Simulation:Info:toast@toast-new:Simulation not generated] Magnitude 5.03 of event bmg2025sdvw is smaller than triggerMinMagnitude: no automatic simulation
2025/09/16 13:18:43.079036 [Incident:Info:toast@toast-new:Origin updated] Origin updated: OT: 2025-09-16 06:05:56,  Lat/Lon: 51.5692°/159.506°, Depth: 10
2025/09/16 13:18:43.079244 [Incident:Info:toast@toast-new:Magnitude updated] Magnitude updated: 5.03 (M)
2025/09/16 13:18:43.079282 [Simulation:Info:toast@toast-new:Simulation not generated] Magnitude 5.03 of event bmg2025sdvw is smaller than triggerMinMagnitude: no automatic simulation
2025/09/16 13:19:10.376619 [Incident:Info:toast@toast-new:Origin updated] Origin updated: OT: 2025-09-16 06:05:56,  Lat/Lon: 51.5705°/159.505°, Depth: 10
2025/09/16 13:19:10.376773 [Incident:Info:toast@toast-new:Magnitude updated] Magnitude updated: 5.03 (M)
2025/09/16 13:19:10.376802 [Simulation:Info:toast@toast-new:Simulation not generated] Magnitude 5.03 of event bmg2025sdvw is smaller than triggerMinMagnitude: no automatic simulation
2025/09/16 13:19:28.083374 [Incident:Info:toast@toast-new:Origin updated] Origin updated: OT: 2025-09-16 06:05:56,  Lat/Lon: 51.5816°/159.483°, Depth: 10
2025/09/16 13:19:28.083590 [Incident:Info:toast@toast-new:Magnitude updated] Magnitude updated: 5.03 (M)
2025/09/16 13:19:28.083621 [Simulation:Info:toast@toast-new:Simulation not generated] Magnitude 5.03 of event bmg2025sdvw is smaller than triggerMinMagnitude: no automatic simulation
2025/09/16 13:20:28.641267 [Incident:Info:toast@toast-new:Origin updated] Origin updated: OT: 2025-09-16 06:05:56,  Lat/Lon: 51.5817°/159.49°, Depth: 10
2025/09/16 13:20:28.641452 [Incident:Info:toast@toast-new:Magnitude updated] Magnitude updated: 5.03 (M)
2025/09/16 13:20:28.641486 [Simulation:Info:toast@toast-new:Simulation not generated] Magnitude 5.03 of event bmg2025sdvw is smaller than triggerMinMagnitude: no automatic simulation
2025/09/16 13:20:33.582943 [Incident:Info:toast@toast-new:Origin updated] Origin updated: OT: 2025-09-16 06:05:56,  Lat/Lon: 51.5817°/159.49°, Depth: 10
2025/09/16 13:20:33.583112 [Incident:Info:toast@toast-new:Magnitude updated] Magnitude updated: 5.10 (M)
2025/09/16 13:20:33.583159 [Simulation:Info:toast@toast-new:Simulation not generated] Magnitude 5.10 of event bmg2025sdvw is smaller than triggerMinMagnitude: no automatic simulation
2025/09/16 13:25:00.238714 [Incident:Info:toast@toast-new:Origin updated] Origin updated: OT: 2025-09-16 06:05:56,  Lat/Lon: 51.5881°/159.485°, Depth: 10
2025/09/16 13:25:00.238930 [Incident:Info:toast@toast-new:Magnitude updated] Magnitude updated: 5.09 (M)
2025/09/16 13:25:00.238972 [Simulation:Info:toast@toast-new:Simulation not generated] Magnitude 5.09 of event bmg2025sdvw is smaller than triggerMinMagnitude: no automatic simulation
2025/09/16 13:29:16.823497 [Incident:Info:toast@toast-new:Origin updated] Origin updated: OT: 2025-09-16 06:05:56,  Lat/Lon: 51.5881°/159.485°, Depth: 10
2025/09/16 13:29:16.823689 [Simulation:Info:toast@toast-new:Simulation not generated] Magnitude 5.09 of event bmg2025sdvw is smaller than triggerMinMagnitude: no automatic simulation
2025/09/16 13:54:55.479742 [Incident:Info:toast@toast-new:Origin updated] Origin updated: OT: 2025-09-16 06:05:56,  Lat/Lon: 51.5881°/159.485°, Depth: 10
2025/09/16 13:54:55.479931 [Simulation:Info:toast@toast-new:Simulation not generated] Magnitude 5.09 of event bmg2025sdvw is smaller than triggerMinMagnitude: no automatic simulation
2025/09/16 18:31:47.061097 [Incident:Info:toast@toast-new:Origin updated] Origin updated: OT: 2025-09-16 06:05:55,  Lat/Lon: 51.5395°/159.327°, Depth: 10
2025/09/16 18:31:47.062121 [Incident:Info:toast@toast-new:Magnitude updated] Magnitude updated: 5.29 (mb)
2025/09/16 18:31:47.062163 [Simulation:Info:toast@toast-new:Simulation not generated] Magnitude 5.29 of event bmg2025sdvw is smaller than triggerMinMagnitude: no automatic simulation
2025/09/16 18:31:47.084552 [Incident:Info:toast@toast-new:Origin updated] Origin updated: OT: 2025-09-16 06:05:55,  Lat/Lon: 51.5395°/159.327°, Depth: 10
2025/09/16 18:31:47.084651 [Incident:Info:toast@toast-new:Magnitude updated] Magnitude updated: 5.34 (M)
2025/09/16 18:31:47.084678 [Simulation:Info:toast@toast-new:Simulation not generated] Magnitude 5.34 of event bmg2025sdvw is smaller than triggerMinMagnitude: no automatic simulation
2025/09/16 18:31:57.271102 [Incident:Info:toast@toast-new:Origin updated] Origin updated: OT: 2025-09-16 06:05:55,  Lat/Lon: 51.5395°/159.327°, Depth: 10
2025/09/16 18:31:57.271287 [Incident:Info:toast@toast-new:Magnitude updated] Magnitude updated: 5.29 (mb)
2025/09/16 18:31:57.271332 [Simulation:Info:toast@toast-new:Simulation not generated] Magnitude 5.29 of event bmg2025sdvw is smaller than triggerMinMagnitude: no automatic simulation
