2025/09/19 04:03:21.583688 [Incident:Info:toast@toast-new:Displacement(s) updated] Added 0 and changed 0 displacements with 0 amplitudes
2025/09/19 04:03:21.585572 [Incident:Info:toast@toast-new:Incident created] Incident created based on event received from messaging: OT: 2025-09-18 20:52:45,  Lat/Lon: 52.86°/161.19°, Depth: 10.00, Mag: 5.15 (M)
2025/09/19 04:03:21.586164 [Simulation:Info:toast@toast-new:Simulation not generated] Magnitude 5.15 of event bmg2025siqd is smaller than triggerMinMagnitude: no automatic simulation
2025/09/19 04:03:21.607880 [Incident:Info:toast@toast-new:Origin updated] Origin updated: OT: 2025-09-18 20:52:45,  Lat/Lon: 52.8596°/161.185°, Depth: 10
2025/09/19 04:03:21.608037 [Simulation:Info:toast@toast-new:Simulation not generated] Magnitude 5.15 of event bmg2025siqd is smaller than triggerMinMagnitude: no automatic simulation
2025/09/19 04:03:31.825694 [Incident:Info:toast@toast-new:Origin updated] Origin updated: OT: 2025-09-18 20:52:45,  Lat/Lon: 52.8631°/161.182°, Depth: 10
2025/09/19 04:03:31.861732 [Incident:Info:toast@toast-new:Magnitude updated] Magnitude updated: 5.15 (M)
2025/09/19 04:03:31.861868 [Simulation:Info:toast@toast-new:Simulation not generated] Magnitude 5.15 of event bmg2025siqd is smaller than triggerMinMagnitude: no automatic simulation
2025/09/19 04:03:43.004557 [Incident:Info:toast@toast-new:Origin updated] Origin updated: OT: 2025-09-18 20:52:45,  Lat/Lon: 52.8537°/161.192°, Depth: 10
2025/09/19 04:03:43.004750 [Incident:Info:toast@toast-new:Magnitude updated] Magnitude updated: 5.15 (M)
2025/09/19 04:03:43.004798 [Simulation:Info:toast@toast-new:Simulation not generated] Magnitude 5.15 of event bmg2025siqd is smaller than triggerMinMagnitude: no automatic simulation
2025/09/19 04:03:55.151953 [Incident:Info:toast@toast-new:Origin updated] Origin updated: OT: 2025-09-18 20:52:45,  Lat/Lon: 52.8516°/161.194°, Depth: 10
2025/09/19 04:03:55.152142 [Incident:Info:toast@toast-new:Magnitude updated] Magnitude updated: 5.16 (M)
2025/09/19 04:03:55.152174 [Simulation:Info:toast@toast-new:Simulation not generated] Magnitude 5.16 of event bmg2025siqd is smaller than triggerMinMagnitude: no automatic simulation
2025/09/19 04:04:11.532629 [Incident:Info:toast@toast-new:Origin updated] Origin updated: OT: 2025-09-18 20:52:45,  Lat/Lon: 52.8642°/161.193°, Depth: 10
2025/09/19 04:04:11.532810 [Incident:Info:toast@toast-new:Magnitude updated] Magnitude updated: 5.16 (M)
2025/09/19 04:04:11.532839 [Simulation:Info:toast@toast-new:Simulation not generated] Magnitude 5.16 of event bmg2025siqd is smaller than triggerMinMagnitude: no automatic simulation
2025/09/19 04:04:33.013537 [Incident:Info:toast@toast-new:Origin updated] Origin updated: OT: 2025-09-18 20:52:45,  Lat/Lon: 52.8602°/161.186°, Depth: 10
2025/09/19 04:04:33.013735 [Incident:Info:toast@toast-new:Magnitude updated] Magnitude updated: 5.15 (M)
2025/09/19 04:04:33.013769 [Simulation:Info:toast@toast-new:Simulation not generated] Magnitude 5.15 of event bmg2025siqd is smaller than triggerMinMagnitude: no automatic simulation
2025/09/19 04:04:57.505520 [Incident:Info:toast@toast-new:Origin updated] Origin updated: OT: 2025-09-18 20:52:45,  Lat/Lon: 52.8588°/161.179°, Depth: 10
2025/09/19 04:04:57.505664 [Incident:Info:toast@toast-new:Magnitude updated] Magnitude updated: 5.15 (M)
2025/09/19 04:04:57.505707 [Simulation:Info:toast@toast-new:Simulation not generated] Magnitude 5.15 of event bmg2025siqd is smaller than triggerMinMagnitude: no automatic simulation
2025/09/19 04:05:23.092716 [Incident:Info:toast@toast-new:Origin updated] Origin updated: OT: 2025-09-18 20:52:45,  Lat/Lon: 52.8481°/161.19°, Depth: 10
2025/09/19 04:05:23.092947 [Incident:Info:toast@toast-new:Magnitude updated] Magnitude updated: 5.15 (M)
2025/09/19 04:05:23.093018 [Simulation:Info:toast@toast-new:Simulation not generated] Magnitude 5.15 of event bmg2025siqd is smaller than triggerMinMagnitude: no automatic simulation
2025/09/19 04:05:48.093428 [Incident:Info:toast@toast-new:Origin updated] Origin updated: OT: 2025-09-18 20:52:45,  Lat/Lon: 52.858°/161.183°, Depth: 10
2025/09/19 04:05:48.093687 [Incident:Info:toast@toast-new:Magnitude updated] Magnitude updated: 5.15 (M)
2025/09/19 04:05:48.093723 [Simulation:Info:toast@toast-new:Simulation not generated] Magnitude 5.15 of event bmg2025siqd is smaller than triggerMinMagnitude: no automatic simulation
2025/09/19 04:06:13.092258 [Incident:Info:toast@toast-new:Origin updated] Origin updated: OT: 2025-09-18 20:52:45,  Lat/Lon: 52.8578°/161.183°, Depth: 10
2025/09/19 04:06:13.092441 [Incident:Info:toast@toast-new:Magnitude updated] Magnitude updated: 5.15 (M)
2025/09/19 04:06:13.092473 [Simulation:Info:toast@toast-new:Simulation not generated] Magnitude 5.15 of event bmg2025siqd is smaller than triggerMinMagnitude: no automatic simulation
2025/09/19 04:13:10.780259 [Incident:Info:toast@toast-new:Origin updated] Origin updated: OT: 2025-09-18 20:52:45,  Lat/Lon: 52.8578°/161.183°, Depth: 10
2025/09/19 04:13:10.780446 [Simulation:Info:toast@toast-new:Simulation not generated] Magnitude 5.15 of event bmg2025siqd is smaller than triggerMinMagnitude: no automatic simulation
2025/09/19 04:14:57.910179 [Incident:Info:toast@toast-new:Origin updated] Origin updated: OT: 2025-09-18 20:52:45,  Lat/Lon: 52.8652°/161.178°, Depth: 10
2025/09/19 04:14:57.910375 [Incident:Info:toast@toast-new:Magnitude updated] Magnitude updated: 5.15 (M)
2025/09/19 04:14:57.910414 [Simulation:Info:toast@toast-new:Simulation not generated] Magnitude 5.15 of event bmg2025siqd is smaller than triggerMinMagnitude: no automatic simulation
2025/09/19 13:41:06.319591 [Incident:Info:toast@toast-new:Origin updated] Origin updated: OT: 2025-09-18 20:52:45,  Lat/Lon: 52.8652°/161.178°, Depth: 10
2025/09/19 13:41:06.320642 [Incident:Info:toast@toast-new:FM updated] FM updated
2025/09/19 13:41:06.321006 [Simulation:Info:toast@toast-new:Simulation not generated] Magnitude 5.15 of event bmg2025siqd is smaller than triggerMinMagnitude: no automatic simulation
2025/09/19 23:25:19.034449 [Incident:Info:toast@toast-new:Origin updated] Origin updated: OT: 2025-09-18 20:52:45,  Lat/Lon: 52.9183°/161.2°, Depth: 14.9549
2025/09/19 23:25:19.070346 [Incident:Info:toast@toast-new:Magnitude updated] Magnitude updated: 5.36 (mb)
2025/09/19 23:25:19.070467 [Simulation:Info:toast@toast-new:Simulation not generated] Magnitude 5.36 of event bmg2025siqd is smaller than triggerMinMagnitude: no automatic simulation
2025/09/19 23:25:19.094889 [Incident:Info:toast@toast-new:Origin updated] Origin updated: OT: 2025-09-18 20:52:45,  Lat/Lon: 52.9183°/161.2°, Depth: 14.9549
2025/09/19 23:25:19.095028 [Incident:Info:toast@toast-new:Magnitude updated] Magnitude updated: 5.15 (M)
2025/09/19 23:25:19.095082 [Simulation:Info:toast@toast-new:Simulation not generated] Magnitude 5.15 of event bmg2025siqd is smaller than triggerMinMagnitude: no automatic simulation
2025/09/19 23:25:27.615927 [Incident:Info:toast@toast-new:Origin updated] Origin updated: OT: 2025-09-18 20:52:45,  Lat/Lon: 52.9183°/161.2°, Depth: 14.9549
2025/09/19 23:25:27.616144 [Simulation:Info:toast@toast-new:Simulation not generated] Magnitude 5.15 of event bmg2025siqd is smaller than triggerMinMagnitude: no automatic simulation
2025/09/19 23:25:27.637188 [Incident:Info:toast@toast-new:Origin updated] Origin updated: OT: 2025-09-18 20:52:45,  Lat/Lon: 52.9183°/161.2°, Depth: 14.9549
2025/09/19 23:25:27.637332 [Incident:Info:toast@toast-new:Magnitude updated] Magnitude updated: 5.36 (mb)
2025/09/19 23:25:27.637396 [Simulation:Info:toast@toast-new:Simulation not generated] Magnitude 5.36 of event bmg2025siqd is smaller than triggerMinMagnitude: no automatic simulation
