2025/09/04 17:12:33.020829 [Incident:Info:toast@toast-new:Displacement(s) updated] Added 0 and changed 0 displacements with 0 amplitudes
2025/09/04 17:12:33.021594 [Incident:Info:toast@toast-new:Incident created] Incident created based on event received from messaging: OT: 2025-09-04 10:05:53,  Lat/Lon: 23.88°/139.41°, Depth: 10.00, Mag: 5.29 (M)
2025/09/04 17:12:33.022169 [Simulation:Info:toast@toast-new:Simulation not generated] Magnitude 5.29 of event bmg2025rift is smaller than triggerMinMagnitude: no automatic simulation
2025/09/04 17:12:33.044683 [Incident:Info:toast@toast-new:Origin updated] Origin updated: OT: 2025-09-04 10:05:53,  Lat/Lon: 23.8797°/139.41°, Depth: 10
2025/09/04 17:12:33.044797 [Simulation:Info:toast@toast-new:Simulation not generated] Magnitude 5.29 of event bmg2025rift is smaller than triggerMinMagnitude: no automatic simulation
2025/09/04 17:12:42.974853 [Incident:Info:toast@toast-new:Origin updated] Origin updated: OT: 2025-09-04 10:05:53,  Lat/Lon: 23.8634°/139.418°, Depth: 10
2025/09/04 17:12:42.975005 [Incident:Info:toast@toast-new:Magnitude updated] Magnitude updated: 5.29 (M)
2025/09/04 17:12:42.975040 [Simulation:Info:toast@toast-new:Simulation not generated] Magnitude 5.29 of event bmg2025rift is smaller than triggerMinMagnitude: no automatic simulation
2025/09/04 17:12:48.609481 [Incident:Info:toast@toast-new:Origin updated] Origin updated: OT: 2025-09-04 10:05:53,  Lat/Lon: 23.8634°/139.418°, Depth: 10
2025/09/04 17:12:48.609663 [Incident:Info:toast@toast-new:Magnitude updated] Magnitude updated: 5.27 (M)
2025/09/04 17:12:48.609695 [Simulation:Info:toast@toast-new:Simulation not generated] Magnitude 5.27 of event bmg2025rift is smaller than triggerMinMagnitude: no automatic simulation
2025/09/04 17:12:53.612492 [Incident:Info:toast@toast-new:Origin updated] Origin updated: OT: 2025-09-04 10:05:53,  Lat/Lon: 23.8634°/139.418°, Depth: 10
2025/09/04 17:12:53.612685 [Incident:Info:toast@toast-new:Magnitude updated] Magnitude updated: 5.25 (M)
2025/09/04 17:12:53.612747 [Simulation:Info:toast@toast-new:Simulation not generated] Magnitude 5.25 of event bmg2025rift is smaller than triggerMinMagnitude: no automatic simulation
2025/09/04 17:12:54.090142 [Incident:Info:toast@toast-new:Origin updated] Origin updated: OT: 2025-09-04 10:05:53,  Lat/Lon: 23.8598°/139.414°, Depth: 10
2025/09/04 17:12:54.090311 [Incident:Info:toast@toast-new:Magnitude updated] Magnitude updated: 5.24 (M)
2025/09/04 17:12:54.090353 [Simulation:Info:toast@toast-new:Simulation not generated] Magnitude 5.24 of event bmg2025rift is smaller than triggerMinMagnitude: no automatic simulation
2025/09/04 17:12:58.612202 [Incident:Info:toast@toast-new:Origin updated] Origin updated: OT: 2025-09-04 10:05:53,  Lat/Lon: 23.8598°/139.414°, Depth: 10
2025/09/04 17:12:58.612333 [Incident:Info:toast@toast-new:Magnitude updated] Magnitude updated: 5.26 (M)
2025/09/04 17:12:58.612375 [Simulation:Info:toast@toast-new:Simulation not generated] Magnitude 5.26 of event bmg2025rift is smaller than triggerMinMagnitude: no automatic simulation
2025/09/04 17:13:03.595305 [Incident:Info:toast@toast-new:Origin updated] Origin updated: OT: 2025-09-04 10:05:53,  Lat/Lon: 23.8598°/139.414°, Depth: 10
2025/09/04 17:13:03.595433 [Incident:Info:toast@toast-new:Magnitude updated] Magnitude updated: 5.29 (M)
2025/09/04 17:13:03.595463 [Simulation:Info:toast@toast-new:Simulation not generated] Magnitude 5.29 of event bmg2025rift is smaller than triggerMinMagnitude: no automatic simulation
2025/09/04 17:13:07.469404 [Incident:Info:toast@toast-new:Origin updated] Origin updated: OT: 2025-09-04 10:05:53,  Lat/Lon: 23.8825°/139.387°, Depth: 10
2025/09/04 17:13:07.469546 [Incident:Info:toast@toast-new:Magnitude updated] Magnitude updated: 5.29 (M)
2025/09/04 17:13:07.469576 [Simulation:Info:toast@toast-new:Simulation not generated] Magnitude 5.29 of event bmg2025rift is smaller than triggerMinMagnitude: no automatic simulation
2025/09/04 17:13:13.629441 [Incident:Info:toast@toast-new:Origin updated] Origin updated: OT: 2025-09-04 10:05:53,  Lat/Lon: 23.8825°/139.387°, Depth: 10
2025/09/04 17:13:13.629672 [Incident:Info:toast@toast-new:Magnitude updated] Magnitude updated: 5.35 (M)
2025/09/04 17:13:13.629717 [Simulation:Info:toast@toast-new:Simulation not generated] Magnitude 5.35 of event bmg2025rift is smaller than triggerMinMagnitude: no automatic simulation
2025/09/04 17:13:18.612398 [Incident:Info:toast@toast-new:Origin updated] Origin updated: OT: 2025-09-04 10:05:53,  Lat/Lon: 23.8825°/139.387°, Depth: 10
2025/09/04 17:13:18.612529 [Incident:Info:toast@toast-new:Magnitude updated] Magnitude updated: 5.35 (M)
2025/09/04 17:13:18.612571 [Simulation:Info:toast@toast-new:Simulation not generated] Magnitude 5.35 of event bmg2025rift is smaller than triggerMinMagnitude: no automatic simulation
2025/09/04 17:13:23.022543 [Incident:Info:toast@toast-new:Origin updated] Origin updated: OT: 2025-09-04 10:05:53,  Lat/Lon: 23.8741°/139.389°, Depth: 10
2025/09/04 17:13:23.022706 [Incident:Info:toast@toast-new:Magnitude updated] Magnitude updated: 5.35 (M)
2025/09/04 17:13:23.022738 [Simulation:Info:toast@toast-new:Simulation not generated] Magnitude 5.35 of event bmg2025rift is smaller than triggerMinMagnitude: no automatic simulation
2025/09/04 17:13:33.597156 [Incident:Info:toast@toast-new:Origin updated] Origin updated: OT: 2025-09-04 10:05:53,  Lat/Lon: 23.8741°/139.389°, Depth: 10
2025/09/04 17:13:33.597412 [Incident:Info:toast@toast-new:Magnitude updated] Magnitude updated: 5.36 (M)
2025/09/04 17:13:33.597474 [Simulation:Info:toast@toast-new:Simulation not generated] Magnitude 5.36 of event bmg2025rift is smaller than triggerMinMagnitude: no automatic simulation
2025/09/04 17:13:43.058987 [Incident:Info:toast@toast-new:Origin updated] Origin updated: OT: 2025-09-04 10:05:53,  Lat/Lon: 23.8685°/139.385°, Depth: 10
2025/09/04 17:13:43.059124 [Incident:Info:toast@toast-new:Magnitude updated] Magnitude updated: 5.34 (M)
2025/09/04 17:13:43.059166 [Simulation:Info:toast@toast-new:Simulation not generated] Magnitude 5.34 of event bmg2025rift is smaller than triggerMinMagnitude: no automatic simulation
2025/09/04 17:13:53.586857 [Incident:Info:toast@toast-new:Origin updated] Origin updated: OT: 2025-09-04 10:05:53,  Lat/Lon: 23.8685°/139.385°, Depth: 10
2025/09/04 17:13:53.587040 [Incident:Info:toast@toast-new:Magnitude updated] Magnitude updated: 5.32 (M)
2025/09/04 17:13:53.587071 [Simulation:Info:toast@toast-new:Simulation not generated] Magnitude 5.32 of event bmg2025rift is smaller than triggerMinMagnitude: no automatic simulation
2025/09/04 17:13:58.582090 [Incident:Info:toast@toast-new:Origin updated] Origin updated: OT: 2025-09-04 10:05:53,  Lat/Lon: 23.8685°/139.385°, Depth: 10
2025/09/04 17:13:58.582238 [Incident:Info:toast@toast-new:Magnitude updated] Magnitude updated: 5.31 (M)
2025/09/04 17:13:58.582274 [Simulation:Info:toast@toast-new:Simulation not generated] Magnitude 5.31 of event bmg2025rift is smaller than triggerMinMagnitude: no automatic simulation
2025/09/04 17:13:59.569028 [Incident:Info:toast@toast-new:Origin updated] Origin updated: OT: 2025-09-04 10:05:53,  Lat/Lon: 23.8685°/139.385°, Depth: 10
2025/09/04 17:13:59.569189 [Incident:Info:toast@toast-new:Magnitude updated] Magnitude updated: 5.35 (M)
2025/09/04 17:13:59.569236 [Simulation:Info:toast@toast-new:Simulation not generated] Magnitude 5.35 of event bmg2025rift is smaller than triggerMinMagnitude: no automatic simulation
2025/09/04 17:14:03.575538 [Incident:Info:toast@toast-new:Origin updated] Origin updated: OT: 2025-09-04 10:05:53,  Lat/Lon: 23.8685°/139.385°, Depth: 10
2025/09/04 17:14:03.575660 [Incident:Info:toast@toast-new:Magnitude updated] Magnitude updated: 5.37 (M)
2025/09/04 17:14:03.575684 [Simulation:Info:toast@toast-new:Simulation not generated] Magnitude 5.37 of event bmg2025rift is smaller than triggerMinMagnitude: no automatic simulation
2025/09/04 17:14:04.445765 [Incident:Info:toast@toast-new:Origin updated] Origin updated: OT: 2025-09-04 10:05:52,  Lat/Lon: 23.8644°/139.383°, Depth: 10
2025/09/04 17:14:04.445911 [Incident:Info:toast@toast-new:Magnitude updated] Magnitude updated: 5.38 (M)
2025/09/04 17:14:04.445949 [Simulation:Info:toast@toast-new:Simulation not generated] Magnitude 5.38 of event bmg2025rift is smaller than triggerMinMagnitude: no automatic simulation
2025/09/04 17:14:29.275933 [Incident:Info:toast@toast-new:Origin updated] Origin updated: OT: 2025-09-04 10:05:52,  Lat/Lon: 23.8505°/139.413°, Depth: 10
2025/09/04 17:14:29.276068 [Incident:Info:toast@toast-new:Magnitude updated] Magnitude updated: 5.38 (M)
2025/09/04 17:14:29.276099 [Simulation:Info:toast@toast-new:Simulation not generated] Magnitude 5.38 of event bmg2025rift is smaller than triggerMinMagnitude: no automatic simulation
2025/09/04 17:14:58.162866 [Incident:Info:toast@toast-new:Origin updated] Origin updated: OT: 2025-09-04 10:05:52,  Lat/Lon: 23.8424°/139.427°, Depth: 10
2025/09/04 17:14:58.163051 [Incident:Info:toast@toast-new:Magnitude updated] Magnitude updated: 5.38 (M)
2025/09/04 17:14:58.163086 [Simulation:Info:toast@toast-new:Simulation not generated] Magnitude 5.38 of event bmg2025rift is smaller than triggerMinMagnitude: no automatic simulation
