2025/08/02 03:18:02.502793 [Incident:Info:toast@toast-new:Displacement(s) updated] Added 0 and changed 0 displacements with 0 amplitudes
2025/08/02 03:18:02.504703 [Incident:Info:toast@toast-new:Incident created] Incident created based on event received from messaging: OT: 2025-08-01 20:07:49,  Lat/Lon: 50.24°/156.36°, Depth: 10.00, Mag: 5.56 (M)
2025/08/02 03:18:02.505319 [Simulation:Info:toast@toast-new:Simulation not generated] Magnitude 5.56 of event bmg2025oywm is smaller than triggerMinMagnitude: no automatic simulation
2025/08/02 03:18:02.526576 [Incident:Info:toast@toast-new:Origin updated] Origin updated: OT: 2025-08-01 20:07:49,  Lat/Lon: 50.236°/156.356°, Depth: 10
2025/08/02 03:18:02.526741 [Simulation:Info:toast@toast-new:Simulation not generated] Magnitude 5.56 of event bmg2025oywm is smaller than triggerMinMagnitude: no automatic simulation
2025/08/02 03:18:10.047248 [Incident:Info:toast@toast-new:Origin updated] Origin updated: OT: 2025-08-01 20:07:49,  Lat/Lon: 50.236°/156.356°, Depth: 10
2025/08/02 03:18:10.047454 [Incident:Info:toast@toast-new:Magnitude updated] Magnitude updated: 5.55 (M)
2025/08/02 03:18:10.047505 [Simulation:Info:toast@toast-new:Simulation not generated] Magnitude 5.55 of event bmg2025oywm is smaller than triggerMinMagnitude: no automatic simulation
2025/08/02 03:18:15.249185 [Incident:Info:toast@toast-new:Origin updated] Origin updated: OT: 2025-08-01 20:07:49,  Lat/Lon: 50.2415°/156.376°, Depth: 10
2025/08/02 03:18:15.249411 [Incident:Info:toast@toast-new:Magnitude updated] Magnitude updated: 5.55 (M)
2025/08/02 03:18:15.249466 [Simulation:Info:toast@toast-new:Simulation not generated] Magnitude 5.55 of event bmg2025oywm is smaller than triggerMinMagnitude: no automatic simulation
2025/08/02 03:18:20.050455 [Incident:Info:toast@toast-new:Origin updated] Origin updated: OT: 2025-08-01 20:07:49,  Lat/Lon: 50.2415°/156.376°, Depth: 10
2025/08/02 03:18:20.050657 [Incident:Info:toast@toast-new:Magnitude updated] Magnitude updated: 5.54 (M)
2025/08/02 03:18:20.050732 [Simulation:Info:toast@toast-new:Simulation not generated] Magnitude 5.54 of event bmg2025oywm is smaller than triggerMinMagnitude: no automatic simulation
2025/08/02 03:18:30.039798 [Incident:Info:toast@toast-new:Origin updated] Origin updated: OT: 2025-08-01 20:07:49,  Lat/Lon: 50.2415°/156.376°, Depth: 10
2025/08/02 03:18:30.039964 [Incident:Info:toast@toast-new:Magnitude updated] Magnitude updated: 5.56 (M)
2025/08/02 03:18:30.040020 [Simulation:Info:toast@toast-new:Simulation not generated] Magnitude 5.56 of event bmg2025oywm is smaller than triggerMinMagnitude: no automatic simulation
2025/08/02 03:18:32.346751 [Incident:Info:toast@toast-new:Origin updated] Origin updated: OT: 2025-08-01 20:07:49,  Lat/Lon: 50.245°/156.39°, Depth: 10
2025/08/02 03:18:32.346948 [Incident:Info:toast@toast-new:Magnitude updated] Magnitude updated: 5.54 (M)
2025/08/02 03:18:32.347009 [Simulation:Info:toast@toast-new:Simulation not generated] Magnitude 5.54 of event bmg2025oywm is smaller than triggerMinMagnitude: no automatic simulation
2025/08/02 03:18:35.072846 [Incident:Info:toast@toast-new:Origin updated] Origin updated: OT: 2025-08-01 20:07:49,  Lat/Lon: 50.245°/156.39°, Depth: 10
2025/08/02 03:18:35.073031 [Incident:Info:toast@toast-new:Magnitude updated] Magnitude updated: 5.52 (M)
2025/08/02 03:18:35.073077 [Simulation:Info:toast@toast-new:Simulation not generated] Magnitude 5.52 of event bmg2025oywm is smaller than triggerMinMagnitude: no automatic simulation
2025/08/02 03:18:40.058241 [Incident:Info:toast@toast-new:Origin updated] Origin updated: OT: 2025-08-01 20:07:49,  Lat/Lon: 50.245°/156.39°, Depth: 10
2025/08/02 03:18:40.058427 [Incident:Info:toast@toast-new:Magnitude updated] Magnitude updated: 5.51 (M)
2025/08/02 03:18:40.058471 [Simulation:Info:toast@toast-new:Simulation not generated] Magnitude 5.51 of event bmg2025oywm is smaller than triggerMinMagnitude: no automatic simulation
2025/08/02 03:18:45.041537 [Incident:Info:toast@toast-new:Origin updated] Origin updated: OT: 2025-08-01 20:07:49,  Lat/Lon: 50.245°/156.39°, Depth: 10
2025/08/02 03:18:45.041692 [Incident:Info:toast@toast-new:Magnitude updated] Magnitude updated: 5.52 (M)
2025/08/02 03:18:45.041724 [Simulation:Info:toast@toast-new:Simulation not generated] Magnitude 5.52 of event bmg2025oywm is smaller than triggerMinMagnitude: no automatic simulation
2025/08/02 03:18:50.047123 [Incident:Info:toast@toast-new:Origin updated] Origin updated: OT: 2025-08-01 20:07:49,  Lat/Lon: 50.245°/156.39°, Depth: 10
2025/08/02 03:18:50.083576 [Incident:Info:toast@toast-new:Magnitude updated] Magnitude updated: 5.54 (M)
2025/08/02 03:18:50.083663 [Simulation:Info:toast@toast-new:Simulation not generated] Magnitude 5.54 of event bmg2025oywm is smaller than triggerMinMagnitude: no automatic simulation
2025/08/02 03:18:52.529445 [Incident:Info:toast@toast-new:Origin updated] Origin updated: OT: 2025-08-01 20:07:49,  Lat/Lon: 50.243°/156.41°, Depth: 10
2025/08/02 03:18:52.529647 [Incident:Info:toast@toast-new:Magnitude updated] Magnitude updated: 5.54 (M)
2025/08/02 03:18:52.529694 [Simulation:Info:toast@toast-new:Simulation not generated] Magnitude 5.54 of event bmg2025oywm is smaller than triggerMinMagnitude: no automatic simulation
2025/08/02 03:18:55.078314 [Incident:Info:toast@toast-new:Origin updated] Origin updated: OT: 2025-08-01 20:07:49,  Lat/Lon: 50.243°/156.41°, Depth: 10
2025/08/02 03:18:55.080031 [Incident:Info:toast@toast-new:Magnitude updated] Magnitude updated: 5.54 (M)
2025/08/02 03:18:55.080140 [Simulation:Info:toast@toast-new:Simulation not generated] Magnitude 5.54 of event bmg2025oywm is smaller than triggerMinMagnitude: no automatic simulation
2025/08/02 03:19:00.079297 [Incident:Info:toast@toast-new:Origin updated] Origin updated: OT: 2025-08-01 20:07:49,  Lat/Lon: 50.243°/156.41°, Depth: 10
2025/08/02 03:19:00.115522 [Incident:Info:toast@toast-new:Magnitude updated] Magnitude updated: 5.53 (M)
2025/08/02 03:19:00.115626 [Simulation:Info:toast@toast-new:Simulation not generated] Magnitude 5.53 of event bmg2025oywm is smaller than triggerMinMagnitude: no automatic simulation
2025/08/02 03:19:05.063590 [Incident:Info:toast@toast-new:Origin updated] Origin updated: OT: 2025-08-01 20:07:49,  Lat/Lon: 50.243°/156.41°, Depth: 10
2025/08/02 03:19:05.063762 [Incident:Info:toast@toast-new:Magnitude updated] Magnitude updated: 5.53 (M)
2025/08/02 03:19:05.063794 [Simulation:Info:toast@toast-new:Simulation not generated] Magnitude 5.53 of event bmg2025oywm is smaller than triggerMinMagnitude: no automatic simulation
2025/08/02 03:19:10.047487 [Incident:Info:toast@toast-new:Origin updated] Origin updated: OT: 2025-08-01 20:07:49,  Lat/Lon: 50.243°/156.41°, Depth: 10
2025/08/02 03:19:10.047675 [Incident:Info:toast@toast-new:Magnitude updated] Magnitude updated: 5.52 (M)
2025/08/02 03:19:10.047718 [Simulation:Info:toast@toast-new:Simulation not generated] Magnitude 5.52 of event bmg2025oywm is smaller than triggerMinMagnitude: no automatic simulation
2025/08/02 03:19:11.449857 [Incident:Info:toast@toast-new:Origin updated] Origin updated: OT: 2025-08-01 20:07:56,  Lat/Lon: 50.4357°/156.303°, Depth: 72.681
2025/08/02 03:19:11.450094 [Incident:Info:toast@toast-new:Magnitude updated] Magnitude updated: 5.61 (mb)
2025/08/02 03:19:11.450153 [Simulation:Info:toast@toast-new:Simulation not generated] Magnitude 5.61 of event bmg2025oywm is smaller than triggerMinMagnitude: no automatic simulation
2025/08/02 03:19:11.471027 [Incident:Info:toast@toast-new:Origin updated] Origin updated: OT: 2025-08-01 20:07:56,  Lat/Lon: 50.4357°/156.303°, Depth: 72.681
2025/08/02 03:19:11.471156 [Incident:Info:toast@toast-new:Magnitude updated] Magnitude updated: 5.55 (M)
2025/08/02 03:19:11.471202 [Simulation:Info:toast@toast-new:Simulation not generated] Magnitude 5.55 of event bmg2025oywm is smaller than triggerMinMagnitude: no automatic simulation
2025/08/02 11:02:34.279480 [Incident:Info:toast@toast-new:Origin updated] Origin updated: OT: 2025-08-01 20:07:56,  Lat/Lon: 50.4582°/156.35°, Depth: 82.4788
2025/08/02 11:02:34.303768 [Incident:Info:toast@toast-new:Magnitude updated] Magnitude updated: 5.58 (mb)
2025/08/02 11:02:34.303900 [Simulation:Info:toast@toast-new:Simulation not generated] Magnitude 5.58 of event bmg2025oywm is smaller than triggerMinMagnitude: no automatic simulation
2025/08/02 11:02:34.334402 [Incident:Info:toast@toast-new:Origin updated] Origin updated: OT: 2025-08-01 20:07:56,  Lat/Lon: 50.4582°/156.35°, Depth: 82.4788
2025/08/02 11:02:34.334529 [Incident:Info:toast@toast-new:Magnitude updated] Magnitude updated: 5.57 (M)
2025/08/02 11:02:34.334570 [Simulation:Info:toast@toast-new:Simulation not generated] Magnitude 5.57 of event bmg2025oywm is smaller than triggerMinMagnitude: no automatic simulation
2025/08/02 11:02:38.287756 [Incident:Info:toast@toast-new:Origin updated] Origin updated: OT: 2025-08-01 20:07:56,  Lat/Lon: 50.4582°/156.35°, Depth: 82.4788
2025/08/02 11:02:38.287918 [Incident:Info:toast@toast-new:Magnitude updated] Magnitude updated: 5.58 (mb)
2025/08/02 11:02:38.287948 [Simulation:Info:toast@toast-new:Simulation not generated] Magnitude 5.58 of event bmg2025oywm is smaller than triggerMinMagnitude: no automatic simulation
2025/08/03 08:39:02.455080 [Incident:Info:toast@toast-new:Incident removed] Removed incident - Bye
2025/08/03 14:08:53.963886 [Incident:Info:toast@toast-new:Displacement(s) updated] Added 0 and changed 0 displacements with 0 amplitudes
2025/08/03 14:08:53.983879 [Incident:Info:toast@toast-new:Incident created] Incident created based on event received from messaging: OT: 2025-08-01 20:07:56,  Lat/Lon: 50.42°/156.32°, Depth: 74.48, Mag: 5.61 (mb)
2025/08/03 14:08:53.984420 [Simulation:Info:toast@toast-new:Simulation not generated] Magnitude 5.61 of event bmg2025oywm is smaller than triggerMinMagnitude: no automatic simulation
2025/08/03 14:08:53.998602 [Incident:Info:toast@toast-new:Origin updated] Origin updated: OT: 2025-08-01 20:07:56,  Lat/Lon: 50.4196°/156.323°, Depth: 74.4791
2025/08/03 14:08:53.998710 [Simulation:Info:toast@toast-new:Simulation not generated] Magnitude 5.61 of event bmg2025oywm is smaller than triggerMinMagnitude: no automatic simulation
2025/08/03 14:09:12.005396 [Incident:Info:toast@toast-new:Origin updated] Origin updated: OT: 2025-08-01 20:07:56,  Lat/Lon: 50.4196°/156.323°, Depth: 74.4791
2025/08/03 14:09:12.005615 [Simulation:Info:toast@toast-new:Simulation not generated] Magnitude 5.61 of event bmg2025oywm is smaller than triggerMinMagnitude: no automatic simulation
2025/08/03 14:09:12.065308 [Incident:Info:toast@toast-new:Origin updated] Origin updated: OT: 2025-08-01 20:07:56,  Lat/Lon: 50.4196°/156.323°, Depth: 74.4791
2025/08/03 14:09:12.065448 [Simulation:Info:toast@toast-new:Simulation not generated] Magnitude 5.61 of event bmg2025oywm is smaller than triggerMinMagnitude: no automatic simulation
2025/08/03 14:11:16.373693 [Incident:Info:toast@toast-new:Origin updated] Origin updated: OT: 2025-08-01 20:07:56,  Lat/Lon: 50.4196°/156.323°, Depth: 74.4791
2025/08/03 14:11:16.373906 [Simulation:Info:toast@toast-new:Simulation not generated] Magnitude 5.61 of event bmg2025oywm is smaller than triggerMinMagnitude: no automatic simulation
2025/08/03 14:11:21.452357 [Incident:Info:toast@toast-new:Origin updated] Origin updated: OT: 2025-08-01 20:07:56,  Lat/Lon: 50.4196°/156.323°, Depth: 74.4791
2025/08/03 14:11:21.452565 [Simulation:Info:toast@toast-new:Simulation not generated] Magnitude 5.61 of event bmg2025oywm is smaller than triggerMinMagnitude: no automatic simulation
2025/08/03 21:41:06.190040 [Incident:Info:toast@toast-new:Incident removed] Removed incident - Bye
