2025/10/15 17:26:04.639682 [Incident:Info:toast@toast-new:Displacement(s) updated] Added 0 and changed 0 displacements with 0 amplitudes
2025/10/15 17:26:04.640163 [Incident:Info:toast@toast-new:Incident created] Incident created based on event received from messaging: OT: 2025-10-15 10:22:08,  Lat/Lon: 7.64°/141.39°, Depth: 10.00, Mag: 5.51 (M)
2025/10/15 17:26:04.640752 [Simulation:Info:toast@toast-new:Simulation not generated] Magnitude 5.51 of event bmg2025ufdx is smaller than triggerMinMagnitude: no automatic simulation
2025/10/15 17:26:04.662046 [Incident:Info:toast@toast-new:Origin updated] Origin updated: OT: 2025-10-15 10:22:08,  Lat/Lon: 7.64211°/141.389°, Depth: 10
2025/10/15 17:26:04.662171 [Simulation:Info:toast@toast-new:Simulation not generated] Magnitude 5.51 of event bmg2025ufdx is smaller than triggerMinMagnitude: no automatic simulation
2025/10/15 17:26:08.687915 [Incident:Info:toast@toast-new:Origin updated] Origin updated: OT: 2025-10-15 10:22:08,  Lat/Lon: 7.64211°/141.389°, Depth: 10
2025/10/15 17:26:08.688075 [Incident:Info:toast@toast-new:Magnitude updated] Magnitude updated: 5.50 (M)
2025/10/15 17:26:08.688109 [Simulation:Info:toast@toast-new:Simulation not generated] Magnitude 5.50 of event bmg2025ufdx is smaller than triggerMinMagnitude: no automatic simulation
2025/10/15 17:26:13.700280 [Incident:Info:toast@toast-new:Origin updated] Origin updated: OT: 2025-10-15 10:22:08,  Lat/Lon: 7.64211°/141.389°, Depth: 10
2025/10/15 17:26:13.700445 [Incident:Info:toast@toast-new:Magnitude updated] Magnitude updated: 5.50 (M)
2025/10/15 17:26:13.700480 [Simulation:Info:toast@toast-new:Simulation not generated] Magnitude 5.50 of event bmg2025ufdx is smaller than triggerMinMagnitude: no automatic simulation
2025/10/15 17:26:16.404681 [Incident:Info:toast@toast-new:Origin updated] Origin updated: OT: 2025-10-15 10:22:08,  Lat/Lon: 7.59698°/141.466°, Depth: 10
2025/10/15 17:26:16.404869 [Incident:Info:toast@toast-new:Magnitude updated] Magnitude updated: 5.51 (M)
2025/10/15 17:26:16.404907 [Simulation:Info:toast@toast-new:Simulation not generated] Magnitude 5.51 of event bmg2025ufdx is smaller than triggerMinMagnitude: no automatic simulation
2025/10/15 17:26:23.738238 [Incident:Info:toast@toast-new:Origin updated] Origin updated: OT: 2025-10-15 10:22:08,  Lat/Lon: 7.59698°/141.466°, Depth: 10
2025/10/15 17:26:23.738406 [Incident:Info:toast@toast-new:Magnitude updated] Magnitude updated: 5.51 (M)
2025/10/15 17:26:23.738439 [Simulation:Info:toast@toast-new:Simulation not generated] Magnitude 5.51 of event bmg2025ufdx is smaller than triggerMinMagnitude: no automatic simulation
2025/10/15 17:26:27.506347 [Incident:Info:toast@toast-new:Origin updated] Origin updated: OT: 2025-10-15 10:22:08,  Lat/Lon: 7.55739°/141.523°, Depth: 10
2025/10/15 17:26:27.506519 [Incident:Info:toast@toast-new:Magnitude updated] Magnitude updated: 5.48 (M)
2025/10/15 17:26:27.506555 [Simulation:Info:toast@toast-new:Simulation not generated] Magnitude 5.48 of event bmg2025ufdx is smaller than triggerMinMagnitude: no automatic simulation
2025/10/15 17:26:28.688972 [Incident:Info:toast@toast-new:Origin updated] Origin updated: OT: 2025-10-15 10:22:08,  Lat/Lon: 7.55739°/141.523°, Depth: 10
2025/10/15 17:26:28.689139 [Incident:Info:toast@toast-new:Magnitude updated] Magnitude updated: 5.45 (M)
2025/10/15 17:26:28.689187 [Simulation:Info:toast@toast-new:Simulation not generated] Magnitude 5.45 of event bmg2025ufdx is smaller than triggerMinMagnitude: no automatic simulation
2025/10/15 17:26:33.693454 [Incident:Info:toast@toast-new:Origin updated] Origin updated: OT: 2025-10-15 10:22:08,  Lat/Lon: 7.55739°/141.523°, Depth: 10
2025/10/15 17:26:33.693614 [Incident:Info:toast@toast-new:Magnitude updated] Magnitude updated: 5.39 (M)
2025/10/15 17:26:33.693648 [Simulation:Info:toast@toast-new:Simulation not generated] Magnitude 5.39 of event bmg2025ufdx is smaller than triggerMinMagnitude: no automatic simulation
2025/10/15 17:26:38.730705 [Incident:Info:toast@toast-new:Origin updated] Origin updated: OT: 2025-10-15 10:22:08,  Lat/Lon: 7.55739°/141.523°, Depth: 10
2025/10/15 17:26:38.730892 [Incident:Info:toast@toast-new:Magnitude updated] Magnitude updated: 5.36 (M)
2025/10/15 17:26:38.730927 [Simulation:Info:toast@toast-new:Simulation not generated] Magnitude 5.36 of event bmg2025ufdx is smaller than triggerMinMagnitude: no automatic simulation
2025/10/15 17:26:39.233936 [Incident:Info:toast@toast-new:Origin updated] Origin updated: OT: 2025-10-15 10:22:08,  Lat/Lon: 7.52407°/141.617°, Depth: 10
2025/10/15 17:26:39.234103 [Incident:Info:toast@toast-new:Magnitude updated] Magnitude updated: 5.35 (M)
2025/10/15 17:26:39.234134 [Simulation:Info:toast@toast-new:Simulation not generated] Magnitude 5.35 of event bmg2025ufdx is smaller than triggerMinMagnitude: no automatic simulation
2025/10/15 17:26:43.754307 [Incident:Info:toast@toast-new:Origin updated] Origin updated: OT: 2025-10-15 10:22:08,  Lat/Lon: 7.52407°/141.617°, Depth: 10
2025/10/15 17:26:43.754482 [Incident:Info:toast@toast-new:Magnitude updated] Magnitude updated: 5.37 (M)
2025/10/15 17:26:43.754519 [Simulation:Info:toast@toast-new:Simulation not generated] Magnitude 5.37 of event bmg2025ufdx is smaller than triggerMinMagnitude: no automatic simulation
2025/10/15 17:26:48.784905 [Incident:Info:toast@toast-new:Origin updated] Origin updated: OT: 2025-10-15 10:22:08,  Lat/Lon: 7.52407°/141.617°, Depth: 10
2025/10/15 17:26:48.785073 [Incident:Info:toast@toast-new:Magnitude updated] Magnitude updated: 5.38 (M)
2025/10/15 17:26:48.785106 [Simulation:Info:toast@toast-new:Simulation not generated] Magnitude 5.38 of event bmg2025ufdx is smaller than triggerMinMagnitude: no automatic simulation
2025/10/15 17:26:53.707672 [Incident:Info:toast@toast-new:Origin updated] Origin updated: OT: 2025-10-15 10:22:08,  Lat/Lon: 7.52407°/141.617°, Depth: 10
2025/10/15 17:26:53.707841 [Incident:Info:toast@toast-new:Magnitude updated] Magnitude updated: 5.38 (M)
2025/10/15 17:26:53.707876 [Simulation:Info:toast@toast-new:Simulation not generated] Magnitude 5.38 of event bmg2025ufdx is smaller than triggerMinMagnitude: no automatic simulation
2025/10/15 17:26:58.046515 [Incident:Info:toast@toast-new:Origin updated] Origin updated: OT: 2025-10-15 10:22:08,  Lat/Lon: 7.52687°/141.619°, Depth: 10
2025/10/15 17:26:58.046694 [Incident:Info:toast@toast-new:Magnitude updated] Magnitude updated: 5.39 (M)
2025/10/15 17:26:58.046728 [Simulation:Info:toast@toast-new:Simulation not generated] Magnitude 5.39 of event bmg2025ufdx is smaller than triggerMinMagnitude: no automatic simulation
2025/10/15 17:27:03.729382 [Incident:Info:toast@toast-new:Origin updated] Origin updated: OT: 2025-10-15 10:22:08,  Lat/Lon: 7.52687°/141.619°, Depth: 10
2025/10/15 17:27:03.729550 [Incident:Info:toast@toast-new:Magnitude updated] Magnitude updated: 5.36 (M)
2025/10/15 17:27:03.729584 [Simulation:Info:toast@toast-new:Simulation not generated] Magnitude 5.36 of event bmg2025ufdx is smaller than triggerMinMagnitude: no automatic simulation
2025/10/15 17:27:08.731660 [Incident:Info:toast@toast-new:Origin updated] Origin updated: OT: 2025-10-15 10:22:08,  Lat/Lon: 7.52687°/141.619°, Depth: 10
2025/10/15 17:27:08.731819 [Incident:Info:toast@toast-new:Magnitude updated] Magnitude updated: 5.36 (M)
2025/10/15 17:27:08.731851 [Simulation:Info:toast@toast-new:Simulation not generated] Magnitude 5.36 of event bmg2025ufdx is smaller than triggerMinMagnitude: no automatic simulation
2025/10/15 17:27:13.781916 [Incident:Info:toast@toast-new:Origin updated] Origin updated: OT: 2025-10-15 10:22:08,  Lat/Lon: 7.52687°/141.619°, Depth: 10
2025/10/15 17:27:13.782092 [Incident:Info:toast@toast-new:Magnitude updated] Magnitude updated: 5.35 (M)
2025/10/15 17:27:13.782138 [Simulation:Info:toast@toast-new:Simulation not generated] Magnitude 5.35 of event bmg2025ufdx is smaller than triggerMinMagnitude: no automatic simulation
2025/10/15 17:27:17.661278 [Incident:Info:toast@toast-new:Origin updated] Origin updated: OT: 2025-10-15 10:22:08,  Lat/Lon: 7.53028°/141.617°, Depth: 10
2025/10/15 17:27:17.661435 [Incident:Info:toast@toast-new:Magnitude updated] Magnitude updated: 5.35 (M)
2025/10/15 17:27:17.661494 [Simulation:Info:toast@toast-new:Simulation not generated] Magnitude 5.35 of event bmg2025ufdx is smaller than triggerMinMagnitude: no automatic simulation
2025/10/15 17:27:18.707449 [Incident:Info:toast@toast-new:Origin updated] Origin updated: OT: 2025-10-15 10:22:08,  Lat/Lon: 7.53028°/141.617°, Depth: 10
2025/10/15 17:27:18.707618 [Incident:Info:toast@toast-new:Magnitude updated] Magnitude updated: 5.35 (M)
2025/10/15 17:27:18.707655 [Simulation:Info:toast@toast-new:Simulation not generated] Magnitude 5.35 of event bmg2025ufdx is smaller than triggerMinMagnitude: no automatic simulation
2025/10/15 17:27:23.814460 [Incident:Info:toast@toast-new:Origin updated] Origin updated: OT: 2025-10-15 10:22:08,  Lat/Lon: 7.53028°/141.617°, Depth: 10
2025/10/15 17:27:23.814653 [Incident:Info:toast@toast-new:Magnitude updated] Magnitude updated: 5.36 (M)
2025/10/15 17:27:23.814695 [Simulation:Info:toast@toast-new:Simulation not generated] Magnitude 5.36 of event bmg2025ufdx is smaller than triggerMinMagnitude: no automatic simulation
2025/10/15 17:27:28.702410 [Incident:Info:toast@toast-new:Origin updated] Origin updated: OT: 2025-10-15 10:22:08,  Lat/Lon: 7.53028°/141.617°, Depth: 10
2025/10/15 17:27:28.702598 [Incident:Info:toast@toast-new:Magnitude updated] Magnitude updated: 5.36 (M)
2025/10/15 17:27:28.702639 [Simulation:Info:toast@toast-new:Simulation not generated] Magnitude 5.36 of event bmg2025ufdx is smaller than triggerMinMagnitude: no automatic simulation
2025/10/15 17:27:33.717453 [Incident:Info:toast@toast-new:Origin updated] Origin updated: OT: 2025-10-15 10:22:08,  Lat/Lon: 7.53028°/141.617°, Depth: 10
2025/10/15 17:27:33.717614 [Incident:Info:toast@toast-new:Magnitude updated] Magnitude updated: 5.36 (M)
2025/10/15 17:27:33.717648 [Simulation:Info:toast@toast-new:Simulation not generated] Magnitude 5.36 of event bmg2025ufdx is smaller than triggerMinMagnitude: no automatic simulation
2025/10/15 17:27:36.764322 [Incident:Info:toast@toast-new:Origin updated] Origin updated: OT: 2025-10-15 10:22:08,  Lat/Lon: 7.52186°/141.621°, Depth: 10
2025/10/15 17:27:36.764497 [Incident:Info:toast@toast-new:Magnitude updated] Magnitude updated: 5.36 (M)
2025/10/15 17:27:36.764532 [Simulation:Info:toast@toast-new:Simulation not generated] Magnitude 5.36 of event bmg2025ufdx is smaller than triggerMinMagnitude: no automatic simulation
2025/10/15 17:27:43.732039 [Incident:Info:toast@toast-new:Origin updated] Origin updated: OT: 2025-10-15 10:22:08,  Lat/Lon: 7.52186°/141.621°, Depth: 10
2025/10/15 17:27:43.732206 [Incident:Info:toast@toast-new:Magnitude updated] Magnitude updated: 5.36 (M)
2025/10/15 17:27:43.732240 [Simulation:Info:toast@toast-new:Simulation not generated] Magnitude 5.36 of event bmg2025ufdx is smaller than triggerMinMagnitude: no automatic simulation
2025/10/15 17:27:48.694013 [Incident:Info:toast@toast-new:Origin updated] Origin updated: OT: 2025-10-15 10:22:08,  Lat/Lon: 7.52186°/141.621°, Depth: 10
2025/10/15 17:27:48.694176 [Incident:Info:toast@toast-new:Magnitude updated] Magnitude updated: 5.36 (M)
2025/10/15 17:27:48.694213 [Simulation:Info:toast@toast-new:Simulation not generated] Magnitude 5.36 of event bmg2025ufdx is smaller than triggerMinMagnitude: no automatic simulation
2025/10/15 17:27:53.712066 [Incident:Info:toast@toast-new:Origin updated] Origin updated: OT: 2025-10-15 10:22:08,  Lat/Lon: 7.52186°/141.621°, Depth: 10
2025/10/15 17:27:53.712240 [Incident:Info:toast@toast-new:Magnitude updated] Magnitude updated: 5.37 (M)
2025/10/15 17:27:53.712275 [Simulation:Info:toast@toast-new:Simulation not generated] Magnitude 5.37 of event bmg2025ufdx is smaller than triggerMinMagnitude: no automatic simulation
2025/10/15 17:27:55.544333 [Incident:Info:toast@toast-new:Origin updated] Origin updated: OT: 2025-10-15 10:22:09,  Lat/Lon: 7.49284°/141.585°, Depth: 10
2025/10/15 17:27:55.544530 [Incident:Info:toast@toast-new:Magnitude updated] Magnitude updated: 5.37 (M)
2025/10/15 17:27:55.544569 [Simulation:Info:toast@toast-new:Simulation not generated] Magnitude 5.37 of event bmg2025ufdx is smaller than triggerMinMagnitude: no automatic simulation
2025/10/15 17:28:03.713440 [Incident:Info:toast@toast-new:Origin updated] Origin updated: OT: 2025-10-15 10:22:09,  Lat/Lon: 7.49284°/141.585°, Depth: 10
2025/10/15 17:28:03.713624 [Incident:Info:toast@toast-new:Magnitude updated] Magnitude updated: 5.39 (M)
2025/10/15 17:28:03.713670 [Simulation:Info:toast@toast-new:Simulation not generated] Magnitude 5.39 of event bmg2025ufdx is smaller than triggerMinMagnitude: no automatic simulation
2025/10/15 17:28:08.711850 [Incident:Info:toast@toast-new:Origin updated] Origin updated: OT: 2025-10-15 10:22:09,  Lat/Lon: 7.49284°/141.585°, Depth: 10
2025/10/15 17:28:08.712034 [Incident:Info:toast@toast-new:Magnitude updated] Magnitude updated: 5.29 (Mw(mB))
2025/10/15 17:28:08.712111 [Simulation:Info:toast@toast-new:Simulation not generated] Magnitude 5.29 of event bmg2025ufdx is smaller than triggerMinMagnitude: no automatic simulation
2025/10/15 17:28:08.736707 [Incident:Info:toast@toast-new:Origin updated] Origin updated: OT: 2025-10-15 10:22:09,  Lat/Lon: 7.49284°/141.585°, Depth: 10
2025/10/15 17:28:08.736846 [Simulation:Info:toast@toast-new:Simulation not generated] Magnitude 5.29 of event bmg2025ufdx is smaller than triggerMinMagnitude: no automatic simulation
2025/10/15 17:28:10.582679 [Incident:Info:toast@toast-new:Origin updated] Origin updated: OT: 2025-10-15 10:22:09,  Lat/Lon: 7.48201°/141.582°, Depth: 10
2025/10/15 17:28:10.582886 [Incident:Info:toast@toast-new:Magnitude updated] Magnitude updated: 5.27 (Mw(mB))
2025/10/15 17:28:10.582933 [Simulation:Info:toast@toast-new:Simulation not generated] Magnitude 5.27 of event bmg2025ufdx is smaller than triggerMinMagnitude: no automatic simulation
2025/10/15 17:28:13.769172 [Incident:Info:toast@toast-new:Origin updated] Origin updated: OT: 2025-10-15 10:22:09,  Lat/Lon: 7.48201°/141.582°, Depth: 10
2025/10/15 17:28:13.769347 [Incident:Info:toast@toast-new:Magnitude updated] Magnitude updated: 5.25 (Mw(mB))
2025/10/15 17:28:13.769387 [Simulation:Info:toast@toast-new:Simulation not generated] Magnitude 5.25 of event bmg2025ufdx is smaller than triggerMinMagnitude: no automatic simulation
2025/10/15 17:28:18.740863 [Incident:Info:toast@toast-new:Origin updated] Origin updated: OT: 2025-10-15 10:22:09,  Lat/Lon: 7.48201°/141.582°, Depth: 10
2025/10/15 17:28:18.741031 [Incident:Info:toast@toast-new:Magnitude updated] Magnitude updated: 5.23 (Mw(mB))
2025/10/15 17:28:18.741078 [Simulation:Info:toast@toast-new:Simulation not generated] Magnitude 5.23 of event bmg2025ufdx is smaller than triggerMinMagnitude: no automatic simulation
2025/10/15 17:28:23.737469 [Incident:Info:toast@toast-new:Origin updated] Origin updated: OT: 2025-10-15 10:22:09,  Lat/Lon: 7.48201°/141.582°, Depth: 10
2025/10/15 17:28:23.737657 [Incident:Info:toast@toast-new:Magnitude updated] Magnitude updated: 5.22 (Mw(mB))
2025/10/15 17:28:23.737699 [Simulation:Info:toast@toast-new:Simulation not generated] Magnitude 5.22 of event bmg2025ufdx is smaller than triggerMinMagnitude: no automatic simulation
2025/10/15 17:28:28.785236 [Incident:Info:toast@toast-new:Origin updated] Origin updated: OT: 2025-10-15 10:22:09,  Lat/Lon: 7.48201°/141.582°, Depth: 10
2025/10/15 17:28:28.785485 [Incident:Info:toast@toast-new:Magnitude updated] Magnitude updated: 5.22 (Mw(mB))
2025/10/15 17:28:28.785556 [Simulation:Info:toast@toast-new:Simulation not generated] Magnitude 5.22 of event bmg2025ufdx is smaller than triggerMinMagnitude: no automatic simulation
2025/10/15 17:28:33.773492 [Incident:Info:toast@toast-new:Origin updated] Origin updated: OT: 2025-10-15 10:22:09,  Lat/Lon: 7.48201°/141.582°, Depth: 10
2025/10/15 17:28:33.773659 [Incident:Info:toast@toast-new:Magnitude updated] Magnitude updated: 5.22 (Mw(mB))
2025/10/15 17:28:33.773694 [Simulation:Info:toast@toast-new:Simulation not generated] Magnitude 5.22 of event bmg2025ufdx is smaller than triggerMinMagnitude: no automatic simulation
2025/10/15 17:28:38.766754 [Incident:Info:toast@toast-new:Origin updated] Origin updated: OT: 2025-10-15 10:22:09,  Lat/Lon: 7.48201°/141.582°, Depth: 10
2025/10/15 17:28:38.766941 [Incident:Info:toast@toast-new:Magnitude updated] Magnitude updated: 5.23 (Mw(mB))
2025/10/15 17:28:38.766987 [Simulation:Info:toast@toast-new:Simulation not generated] Magnitude 5.23 of event bmg2025ufdx is smaller than triggerMinMagnitude: no automatic simulation
2025/10/15 17:28:43.757442 [Incident:Info:toast@toast-new:Origin updated] Origin updated: OT: 2025-10-15 10:22:09,  Lat/Lon: 7.48201°/141.582°, Depth: 10
2025/10/15 17:28:43.757599 [Incident:Info:toast@toast-new:Magnitude updated] Magnitude updated: 5.23 (Mw(mB))
2025/10/15 17:28:43.757637 [Simulation:Info:toast@toast-new:Simulation not generated] Magnitude 5.23 of event bmg2025ufdx is smaller than triggerMinMagnitude: no automatic simulation
2025/10/15 17:28:53.438474 [Incident:Info:toast@toast-new:Origin updated] Origin updated: OT: 2025-10-15 10:22:09,  Lat/Lon: 7.45975°/141.577°, Depth: 10
2025/10/15 17:28:53.438666 [Incident:Info:toast@toast-new:Magnitude updated] Magnitude updated: 5.24 (Mw(mB))
2025/10/15 17:28:53.438698 [Simulation:Info:toast@toast-new:Simulation not generated] Magnitude 5.24 of event bmg2025ufdx is smaller than triggerMinMagnitude: no automatic simulation
2025/10/15 17:28:58.700956 [Incident:Info:toast@toast-new:Origin updated] Origin updated: OT: 2025-10-15 10:22:09,  Lat/Lon: 7.45975°/141.577°, Depth: 10
2025/10/15 17:28:58.701096 [Incident:Info:toast@toast-new:Magnitude updated] Magnitude updated: 5.24 (Mw(mB))
2025/10/15 17:28:58.701127 [Simulation:Info:toast@toast-new:Simulation not generated] Magnitude 5.24 of event bmg2025ufdx is smaller than triggerMinMagnitude: no automatic simulation
2025/10/15 17:29:03.701595 [Incident:Info:toast@toast-new:Origin updated] Origin updated: OT: 2025-10-15 10:22:09,  Lat/Lon: 7.45975°/141.577°, Depth: 10
2025/10/15 17:29:03.701774 [Incident:Info:toast@toast-new:Magnitude updated] Magnitude updated: 5.25 (Mw(mB))
2025/10/15 17:29:03.701811 [Simulation:Info:toast@toast-new:Simulation not generated] Magnitude 5.25 of event bmg2025ufdx is smaller than triggerMinMagnitude: no automatic simulation
2025/10/15 17:29:28.702951 [Incident:Info:toast@toast-new:Origin updated] Origin updated: OT: 2025-10-15 10:22:09,  Lat/Lon: 7.45975°/141.577°, Depth: 10
2025/10/15 17:29:28.703155 [Incident:Info:toast@toast-new:Magnitude updated] Magnitude updated: 5.25 (Mw(mB))
2025/10/15 17:29:28.703191 [Simulation:Info:toast@toast-new:Simulation not generated] Magnitude 5.25 of event bmg2025ufdx is smaller than triggerMinMagnitude: no automatic simulation
2025/10/15 17:29:48.451919 [Incident:Info:toast@toast-new:Origin updated] Origin updated: OT: 2025-10-15 10:22:09,  Lat/Lon: 7.47097°/141.58°, Depth: 10
2025/10/15 17:29:48.452076 [Incident:Info:toast@toast-new:Magnitude updated] Magnitude updated: 5.25 (Mw(mB))
2025/10/15 17:29:48.452116 [Simulation:Info:toast@toast-new:Simulation not generated] Magnitude 5.25 of event bmg2025ufdx is smaller than triggerMinMagnitude: no automatic simulation
2025/10/15 17:29:52.291027 [Incident:Info:toast@toast-new:Origin updated] Origin updated: OT: 2025-10-15 10:22:11,  Lat/Lon: 7.34601°/141.543°, Depth: 10
2025/10/15 17:29:52.291207 [Incident:Info:toast@toast-new:Magnitude updated] Magnitude updated: 5.48 (mb)
2025/10/15 17:29:52.291245 [Simulation:Info:toast@toast-new:Simulation not generated] Magnitude 5.48 of event bmg2025ufdx is smaller than triggerMinMagnitude: no automatic simulation
2025/10/15 17:29:52.308421 [Incident:Info:toast@toast-new:Origin updated] Origin updated: OT: 2025-10-15 10:22:11,  Lat/Lon: 7.34601°/141.543°, Depth: 10
2025/10/15 17:29:52.308536 [Incident:Info:toast@toast-new:Magnitude updated] Magnitude updated: 5.37 (M)
2025/10/15 17:29:52.308567 [Simulation:Info:toast@toast-new:Simulation not generated] Magnitude 5.37 of event bmg2025ufdx is smaller than triggerMinMagnitude: no automatic simulation
2025/10/15 17:32:17.541797 [Incident:Info:toast@toast-new:Origin updated] Origin updated: OT: 2025-10-15 10:22:11,  Lat/Lon: 7.34601°/141.543°, Depth: 10
2025/10/15 17:32:17.541984 [Incident:Info:toast@toast-new:FM updated] FM updated
2025/10/15 17:32:17.542219 [Simulation:Info:toast@toast-new:Simulation not generated] Magnitude 5.37 of event bmg2025ufdx is smaller than triggerMinMagnitude: no automatic simulation
2025/10/15 17:32:18.566152 [Incident:Info:toast@toast-new:Origin updated] Origin updated: OT: 2025-10-15 10:22:11,  Lat/Lon: 7.34601°/141.543°, Depth: 10
2025/10/15 17:32:18.566317 [Incident:Info:toast@toast-new:FM updated] FM updated
2025/10/15 17:32:18.566558 [Simulation:Info:toast@toast-new:Simulation not generated] Magnitude 5.37 of event bmg2025ufdx is smaller than triggerMinMagnitude: no automatic simulation
2025/10/15 17:33:59.142195 [Incident:Info:toast@toast-new:Origin updated] Origin updated: OT: 2025-10-15 10:22:11,  Lat/Lon: 7.34601°/141.543°, Depth: 10
2025/10/15 17:33:59.142368 [Incident:Info:toast@toast-new:FM updated] FM updated
2025/10/15 17:33:59.142618 [Simulation:Info:toast@toast-new:Simulation not generated] Magnitude 5.37 of event bmg2025ufdx is smaller than triggerMinMagnitude: no automatic simulation
2025/10/15 17:34:10.178846 [Incident:Info:toast@toast-new:Origin updated] Origin updated: OT: 2025-10-15 10:22:12,  Lat/Lon: 7.51362°/141.664°, Depth: 80.339
2025/10/15 17:34:10.179065 [Incident:Info:toast@toast-new:Magnitude updated] Magnitude updated: 5.45 (mb)
2025/10/15 17:34:10.179107 [Simulation:Info:toast@toast-new:Simulation not generated] Magnitude 5.45 of event bmg2025ufdx is smaller than triggerMinMagnitude: no automatic simulation
2025/10/15 17:34:10.192252 [Incident:Info:toast@toast-new:Origin updated] Origin updated: OT: 2025-10-15 10:22:12,  Lat/Lon: 7.51362°/141.664°, Depth: 80.339
2025/10/15 17:34:10.192362 [Incident:Info:toast@toast-new:Magnitude updated] Magnitude updated: 5.38 (M)
2025/10/15 17:34:10.192394 [Simulation:Info:toast@toast-new:Simulation not generated] Magnitude 5.38 of event bmg2025ufdx is smaller than triggerMinMagnitude: no automatic simulation
2025/10/15 17:34:18.947437 [Incident:Info:toast@toast-new:Origin updated] Origin updated: OT: 2025-10-15 10:22:12,  Lat/Lon: 7.51362°/141.664°, Depth: 80.339
2025/10/15 17:34:18.947605 [Incident:Info:toast@toast-new:FM updated] FM updated
2025/10/15 17:34:18.947841 [Simulation:Info:toast@toast-new:Simulation not generated] Magnitude 5.38 of event bmg2025ufdx is smaller than triggerMinMagnitude: no automatic simulation
2025/10/15 17:34:48.991372 [Incident:Info:toast@toast-new:Origin updated] Origin updated: OT: 2025-10-15 10:22:12,  Lat/Lon: 7.51362°/141.664°, Depth: 80.339
2025/10/15 17:34:48.991533 [Incident:Info:toast@toast-new:FM updated] FM updated
2025/10/15 17:34:48.991773 [Simulation:Info:toast@toast-new:Simulation not generated] Magnitude 5.38 of event bmg2025ufdx is smaller than triggerMinMagnitude: no automatic simulation
2025/10/15 17:34:59.025214 [Incident:Info:toast@toast-new:Origin updated] Origin updated: OT: 2025-10-15 10:22:12,  Lat/Lon: 7.51362°/141.664°, Depth: 80.339
2025/10/15 17:34:59.025399 [Simulation:Info:toast@toast-new:Simulation not generated] Magnitude 5.38 of event bmg2025ufdx is smaller than triggerMinMagnitude: no automatic simulation
2025/10/15 17:35:08.998148 [Incident:Info:toast@toast-new:Origin updated] Origin updated: OT: 2025-10-15 10:22:12,  Lat/Lon: 7.51362°/141.664°, Depth: 80.339
2025/10/15 17:35:08.998295 [Simulation:Info:toast@toast-new:Simulation not generated] Magnitude 5.38 of event bmg2025ufdx is smaller than triggerMinMagnitude: no automatic simulation
2025/10/15 17:35:19.093738 [Incident:Info:toast@toast-new:Origin updated] Origin updated: OT: 2025-10-15 10:22:12,  Lat/Lon: 7.51362°/141.664°, Depth: 80.339
2025/10/15 17:35:19.093918 [Simulation:Info:toast@toast-new:Simulation not generated] Magnitude 5.38 of event bmg2025ufdx is smaller than triggerMinMagnitude: no automatic simulation
2025/10/15 17:35:29.064792 [Incident:Info:toast@toast-new:Origin updated] Origin updated: OT: 2025-10-15 10:22:12,  Lat/Lon: 7.51362°/141.664°, Depth: 80.339
2025/10/15 17:35:29.065037 [Simulation:Info:toast@toast-new:Simulation not generated] Magnitude 5.38 of event bmg2025ufdx is smaller than triggerMinMagnitude: no automatic simulation
2025/10/15 17:36:29.257385 [Incident:Info:toast@toast-new:Origin updated] Origin updated: OT: 2025-10-15 10:22:12,  Lat/Lon: 7.51362°/141.664°, Depth: 80.339
2025/10/15 17:36:29.257547 [Incident:Info:toast@toast-new:FM updated] FM updated
2025/10/15 17:36:29.257783 [Simulation:Info:toast@toast-new:Simulation not generated] Magnitude 5.38 of event bmg2025ufdx is smaller than triggerMinMagnitude: no automatic simulation
2025/10/15 17:36:39.245559 [Incident:Info:toast@toast-new:Origin updated] Origin updated: OT: 2025-10-15 10:22:12,  Lat/Lon: 7.51362°/141.664°, Depth: 80.339
2025/10/15 17:36:39.245777 [Incident:Info:toast@toast-new:FM updated] FM updated
2025/10/15 17:36:39.246206 [Simulation:Info:toast@toast-new:Simulation not generated] Magnitude 5.38 of event bmg2025ufdx is smaller than triggerMinMagnitude: no automatic simulation
2025/10/15 17:36:49.547225 [Incident:Info:toast@toast-new:Origin updated] Origin updated: OT: 2025-10-15 10:22:12,  Lat/Lon: 7.51362°/141.664°, Depth: 80.339
2025/10/15 17:36:49.547418 [Simulation:Info:toast@toast-new:Simulation not generated] Magnitude 5.38 of event bmg2025ufdx is smaller than triggerMinMagnitude: no automatic simulation
2025/10/15 17:36:59.425707 [Incident:Info:toast@toast-new:Origin updated] Origin updated: OT: 2025-10-15 10:22:12,  Lat/Lon: 7.51362°/141.664°, Depth: 80.339
2025/10/15 17:36:59.425865 [Incident:Info:toast@toast-new:FM updated] FM updated
2025/10/15 17:36:59.426103 [Simulation:Info:toast@toast-new:Simulation not generated] Magnitude 5.38 of event bmg2025ufdx is smaller than triggerMinMagnitude: no automatic simulation
2025/10/15 17:37:09.708892 [Incident:Info:toast@toast-new:Origin updated] Origin updated: OT: 2025-10-15 10:22:12,  Lat/Lon: 7.51362°/141.664°, Depth: 80.339
2025/10/15 17:37:09.709094 [Incident:Info:toast@toast-new:FM updated] FM updated
2025/10/15 17:37:09.709351 [Simulation:Info:toast@toast-new:Simulation not generated] Magnitude 5.38 of event bmg2025ufdx is smaller than triggerMinMagnitude: no automatic simulation
2025/10/15 17:37:19.560242 [Incident:Info:toast@toast-new:Origin updated] Origin updated: OT: 2025-10-15 10:22:12,  Lat/Lon: 7.51362°/141.664°, Depth: 80.339
2025/10/15 17:37:19.560413 [Incident:Info:toast@toast-new:FM updated] FM updated
2025/10/15 17:37:19.560687 [Simulation:Info:toast@toast-new:Simulation not generated] Magnitude 5.38 of event bmg2025ufdx is smaller than triggerMinMagnitude: no automatic simulation
2025/10/15 17:37:29.549074 [Incident:Info:toast@toast-new:Origin updated] Origin updated: OT: 2025-10-15 10:22:12,  Lat/Lon: 7.51362°/141.664°, Depth: 80.339
2025/10/15 17:37:29.549262 [Incident:Info:toast@toast-new:FM updated] FM updated
2025/10/15 17:37:29.549506 [Simulation:Info:toast@toast-new:Simulation not generated] Magnitude 5.38 of event bmg2025ufdx is smaller than triggerMinMagnitude: no automatic simulation
2025/10/15 17:42:27.937405 [Incident:Info:toast@toast-new:Origin updated] Origin updated: OT: 2025-10-15 10:22:12,  Lat/Lon: 7.5178°/141.662°, Depth: 84.3015
2025/10/15 17:42:27.937594 [Incident:Info:toast@toast-new:Magnitude updated] Magnitude updated: 5.49 (mb)
2025/10/15 17:42:27.937641 [Simulation:Info:toast@toast-new:Simulation not generated] Magnitude 5.49 of event bmg2025ufdx is smaller than triggerMinMagnitude: no automatic simulation
2025/10/15 17:42:28.041860 [Incident:Info:toast@toast-new:Origin updated] Origin updated: OT: 2025-10-15 10:22:12,  Lat/Lon: 7.5178°/141.662°, Depth: 84.3015
2025/10/15 17:42:28.042024 [Incident:Info:toast@toast-new:Magnitude updated] Magnitude updated: 5.39 (M)
2025/10/15 17:42:28.042092 [Simulation:Info:toast@toast-new:Simulation not generated] Magnitude 5.39 of event bmg2025ufdx is smaller than triggerMinMagnitude: no automatic simulation
2025/10/15 17:42:30.665910 [Incident:Info:toast@toast-new:Origin updated] Origin updated: OT: 2025-10-15 10:22:12,  Lat/Lon: 7.5178°/141.662°, Depth: 84.3015
2025/10/15 17:42:30.666091 [Incident:Info:toast@toast-new:FM updated] FM updated
2025/10/15 17:42:30.666320 [Simulation:Info:toast@toast-new:Simulation not generated] Magnitude 5.39 of event bmg2025ufdx is smaller than triggerMinMagnitude: no automatic simulation
2025/10/15 18:07:00.563967 [Incident:Info:toast@toast-new:Origin updated] Origin updated: OT: 2025-10-15 10:22:12,  Lat/Lon: 7.5178°/141.662°, Depth: 84.3015
2025/10/15 18:07:00.564174 [Incident:Info:toast@toast-new:FM updated] FM updated
2025/10/15 18:07:00.564464 [Simulation:Info:toast@toast-new:Simulation not generated] Magnitude 5.39 of event bmg2025ufdx is smaller than triggerMinMagnitude: no automatic simulation
2025/10/15 21:26:16.176575 [Incident:Info:toast@toast-new:Origin updated] Origin updated: OT: 2025-10-15 10:22:11,  Lat/Lon: 7.52635°/141.572°, Depth: 42.1517
2025/10/15 21:26:16.176790 [Incident:Info:toast@toast-new:Magnitude updated] Magnitude updated: 5.49 (mb)
2025/10/15 21:26:16.176842 [Incident:Info:toast@toast-new:FM updated] FM updated
2025/10/15 21:26:16.177118 [Simulation:Info:toast@toast-new:Simulation not generated] Magnitude 5.49 of event bmg2025ufdx is smaller than triggerMinMagnitude: no automatic simulation
2025/10/15 21:26:16.257374 [Incident:Info:toast@toast-new:Origin updated] Origin updated: OT: 2025-10-15 10:22:11,  Lat/Lon: 7.52635°/141.572°, Depth: 42.1517
2025/10/15 21:26:16.257553 [Incident:Info:toast@toast-new:Magnitude updated] Magnitude updated: 5.39 (M)
2025/10/15 21:26:16.257622 [Simulation:Info:toast@toast-new:Simulation not generated] Magnitude 5.39 of event bmg2025ufdx is smaller than triggerMinMagnitude: no automatic simulation
2025/10/15 21:26:22.404171 [Incident:Info:toast@toast-new:Origin updated] Origin updated: OT: 2025-10-15 10:22:11,  Lat/Lon: 7.52635°/141.572°, Depth: 42.1517
2025/10/15 21:26:22.404343 [Incident:Info:toast@toast-new:Magnitude updated] Magnitude updated: 5.49 (mb)
2025/10/15 21:26:22.404402 [Simulation:Info:toast@toast-new:Simulation not generated] Magnitude 5.49 of event bmg2025ufdx is smaller than triggerMinMagnitude: no automatic simulation
2025/10/15 21:54:36.265161 [Incident:Info:toast@toast-new:Origin updated] Origin updated: OT: 2025-10-15 10:22:11,  Lat/Lon: 7.52635°/141.572°, Depth: 42.1517
2025/10/15 21:54:36.265320 [Incident:Info:toast@toast-new:FM updated] FM updated
2025/10/15 21:54:36.265568 [Simulation:Info:toast@toast-new:Simulation not generated] Magnitude 5.49 of event bmg2025ufdx is smaller than triggerMinMagnitude: no automatic simulation
2025/10/15 21:56:02.038133 [Incident:Info:toast@toast-new:Origin updated] Origin updated: OT: 2025-10-15 10:22:11,  Lat/Lon: 7.52635°/141.572°, Depth: 42.1517
2025/10/15 21:56:02.038327 [Simulation:Info:toast@toast-new:Simulation not generated] Magnitude 5.49 of event bmg2025ufdx is smaller than triggerMinMagnitude: no automatic simulation
2025/10/17 18:56:57.059022 [Incident:Info:toast@toast-new:Origin updated] Origin updated: OT: 2025-10-15 10:22:11,  Lat/Lon: 7.49533°/141.589°, Depth: 46.4841
2025/10/17 18:56:57.095488 [Incident:Info:toast@toast-new:Magnitude updated] Magnitude updated: 5.50 (mb)
2025/10/17 18:56:57.095580 [Simulation:Info:toast@toast-new:Simulation not generated] Magnitude 5.50 of event bmg2025ufdx is smaller than triggerMinMagnitude: no automatic simulation
2025/10/17 18:56:57.115054 [Incident:Info:toast@toast-new:Origin updated] Origin updated: OT: 2025-10-15 10:22:11,  Lat/Lon: 7.49533°/141.589°, Depth: 46.4841
2025/10/17 18:56:57.115180 [Simulation:Info:toast@toast-new:Simulation not generated] Magnitude 5.50 of event bmg2025ufdx is smaller than triggerMinMagnitude: no automatic simulation
