2025/09/23 10:51:40.836532 [Incident:Info:toast@toast-new:Displacement(s) updated] Added 0 and changed 0 displacements with 0 amplitudes
2025/09/23 10:51:40.838605 [Incident:Info:toast@toast-new:Incident created] Incident created based on event received from messaging: OT: 2025-09-23 03:36:47,  Lat/Lon: -40.02°/-75.37°, Depth: 10.00, Mag: 5.36 (M)
2025/09/23 10:51:40.840317 [Simulation:Info:toast@toast-new:Simulation not generated] Magnitude 5.36 of event bmg2025sqlm is smaller than triggerMinMagnitude: no automatic simulation
2025/09/23 10:51:41.680176 [Incident:Info:toast@toast-new:Origin updated] Origin updated: OT: 2025-09-23 03:36:47,  Lat/Lon: -40.0207°/-75.3729°, Depth: 10
2025/09/23 10:51:41.680290 [Simulation:Info:toast@toast-new:Simulation not generated] Magnitude 5.36 of event bmg2025sqlm is smaller than triggerMinMagnitude: no automatic simulation
2025/09/23 10:56:28.683336 [Incident:Info:toast@toast-new:Origin updated] Origin updated: OT: 2025-09-23 03:36:47,  Lat/Lon: -40.0207°/-75.3729°, Depth: 10
2025/09/23 10:56:28.685827 [Simulation:Info:toast@toast-new:Simulation not generated] Magnitude 5.36 of event bmg2025sqlm is smaller than triggerMinMagnitude: no automatic simulation
2025/09/23 12:07:54.091899 [Incident:Info:toast@toast-new:Origin updated] Origin updated: OT: 2025-09-23 03:36:47,  Lat/Lon: -40.0286°/-75.367°, Depth: 10
2025/09/23 12:07:54.111403 [Incident:Info:toast@toast-new:Magnitude updated] Magnitude updated: 5.37 (mb)
2025/09/23 12:07:54.121023 [Simulation:Info:toast@toast-new:Simulation not generated] Magnitude 5.37 of event bmg2025sqlm is smaller than triggerMinMagnitude: no automatic simulation
2025/09/23 12:07:54.141307 [Incident:Info:toast@toast-new:Origin updated] Origin updated: OT: 2025-09-23 03:36:47,  Lat/Lon: -40.0286°/-75.367°, Depth: 10
2025/09/23 12:07:54.158650 [Incident:Info:toast@toast-new:Magnitude updated] Magnitude updated: 5.36 (M)
2025/09/23 12:07:54.169274 [Simulation:Info:toast@toast-new:Simulation not generated] Magnitude 5.36 of event bmg2025sqlm is smaller than triggerMinMagnitude: no automatic simulation
2025/09/23 12:26:49.841487 [Incident:Info:toast@toast-new:Incident removed] Removed incident - Bye
2025/09/23 18:51:15.238154 [Incident:Info:toast@toast-new:Displacement(s) updated] Added 0 and changed 0 displacements with 0 amplitudes
2025/09/23 18:51:15.276062 [Incident:Info:toast@toast-new:Incident created] Incident created based on event received from messaging: OT: 2025-09-23 03:36:47,  Lat/Lon: -40.13°/-75.04°, Depth: 5.00, Mag: 5.37 (mb)
2025/09/23 18:51:15.276781 [Simulation:Info:toast@toast-new:Simulation not generated] Magnitude 5.37 of event bmg2025sqlm is smaller than triggerMinMagnitude: no automatic simulation
2025/09/23 18:51:15.310982 [Incident:Info:toast@toast-new:Origin updated] Origin updated: OT: 2025-09-23 03:36:47,  Lat/Lon: -40.1292°/-75.0387°, Depth: 5
2025/09/23 18:51:15.320239 [Simulation:Info:toast@toast-new:Simulation not generated] Magnitude 5.37 of event bmg2025sqlm is smaller than triggerMinMagnitude: no automatic simulation
2025/09/23 18:51:15.341881 [Incident:Info:toast@toast-new:Origin updated] Origin updated: OT: 2025-09-23 03:36:47,  Lat/Lon: -40.1292°/-75.0387°, Depth: 5
2025/09/23 18:51:15.349963 [Incident:Info:toast@toast-new:Magnitude updated] Magnitude updated: 5.16 (M)
2025/09/23 18:51:15.356941 [Simulation:Info:toast@toast-new:Simulation not generated] Magnitude 5.16 of event bmg2025sqlm is smaller than triggerMinMagnitude: no automatic simulation
2025/09/23 18:51:21.969831 [Incident:Info:toast@toast-new:Origin updated] Origin updated: OT: 2025-09-23 03:36:47,  Lat/Lon: -40.1292°/-75.0387°, Depth: 5
2025/09/23 18:51:21.981277 [Incident:Info:toast@toast-new:Magnitude updated] Magnitude updated: 5.37 (mb)
2025/09/23 18:51:21.989870 [Simulation:Info:toast@toast-new:Simulation not generated] Magnitude 5.37 of event bmg2025sqlm is smaller than triggerMinMagnitude: no automatic simulation
2025/09/23 18:51:37.539769 [Incident:Info:toast@toast-new:Origin updated] Origin updated: OT: 2025-09-23 03:36:47,  Lat/Lon: -40.1292°/-75.0387°, Depth: 5
2025/09/23 18:51:37.550766 [Simulation:Info:toast@toast-new:Simulation not generated] Magnitude 5.37 of event bmg2025sqlm is smaller than triggerMinMagnitude: no automatic simulation
2025/09/23 18:51:37.578390 [Incident:Info:toast@toast-new:Origin updated] Origin updated: OT: 2025-09-23 03:36:47,  Lat/Lon: -40.1292°/-75.0387°, Depth: 5
2025/09/23 18:51:37.592182 [Simulation:Info:toast@toast-new:Simulation not generated] Magnitude 5.37 of event bmg2025sqlm is smaller than triggerMinMagnitude: no automatic simulation
