2025/09/24 02:55:51.819250 [Incident:Info:toast@toast-new:Displacement(s) updated] Added 0 and changed 0 displacements with 0 amplitudes
2025/09/24 02:55:51.821209 [Incident:Info:toast@toast-new:Incident created] Incident created based on event received from messaging: OT: 2025-09-23 19:54:43,  Lat/Lon: -9.51°/119.62°, Depth: 30.26, Mag: 5.00 (M)
2025/09/24 02:55:51.821862 [Simulation:Info:toast@toast-new:Simulation not generated] Magnitude 5.00 of event bmg2025srrs is smaller than triggerMinMagnitude: no automatic simulation
2025/09/24 02:55:51.853973 [Incident:Info:toast@toast-new:Origin updated] Origin updated: OT: 2025-09-23 19:54:43,  Lat/Lon: -9.50501°/119.62°, Depth: 30.2629
2025/09/24 02:55:51.861956 [Simulation:Info:toast@toast-new:Simulation not generated] Magnitude 5.00 of event bmg2025srrs is smaller than triggerMinMagnitude: no automatic simulation
2025/09/24 02:55:53.605012 [Incident:Info:toast@toast-new:Origin updated] Origin updated: OT: 2025-09-23 19:54:43,  Lat/Lon: -9.50501°/119.62°, Depth: 30.2629
2025/09/24 02:55:53.620406 [Incident:Info:toast@toast-new:Magnitude updated] Magnitude updated: 5.01 (M)
2025/09/24 02:55:53.631009 [Simulation:Info:toast@toast-new:Simulation not generated] Magnitude 5.01 of event bmg2025srrs is smaller than triggerMinMagnitude: no automatic simulation
2025/09/24 02:55:58.625113 [Incident:Info:toast@toast-new:Origin updated] Origin updated: OT: 2025-09-23 19:54:43,  Lat/Lon: -9.50501°/119.62°, Depth: 30.2629
2025/09/24 02:55:58.641155 [Incident:Info:toast@toast-new:Magnitude updated] Magnitude updated: 5.01 (M)
2025/09/24 02:55:58.651936 [Simulation:Info:toast@toast-new:Simulation not generated] Magnitude 5.01 of event bmg2025srrs is smaller than triggerMinMagnitude: no automatic simulation
2025/09/24 02:56:00.409023 [Incident:Info:toast@toast-new:Origin updated] Origin updated: OT: 2025-09-23 19:54:43,  Lat/Lon: -9.50975°/119.617°, Depth: 31.1257
2025/09/24 02:56:00.419480 [Incident:Info:toast@toast-new:Magnitude updated] Magnitude updated: 5.07 (M)
2025/09/24 02:56:00.428203 [Simulation:Info:toast@toast-new:Simulation not generated] Magnitude 5.07 of event bmg2025srrs is smaller than triggerMinMagnitude: no automatic simulation
2025/09/24 02:56:03.599233 [Incident:Info:toast@toast-new:Origin updated] Origin updated: OT: 2025-09-23 19:54:43,  Lat/Lon: -9.50975°/119.617°, Depth: 31.1257
2025/09/24 02:56:03.610329 [Incident:Info:toast@toast-new:Magnitude updated] Magnitude updated: 5.07 (M)
2025/09/24 02:56:03.619354 [Simulation:Info:toast@toast-new:Simulation not generated] Magnitude 5.07 of event bmg2025srrs is smaller than triggerMinMagnitude: no automatic simulation
2025/09/24 02:56:08.614661 [Incident:Info:toast@toast-new:Origin updated] Origin updated: OT: 2025-09-23 19:54:43,  Lat/Lon: -9.50975°/119.617°, Depth: 31.1257
2025/09/24 02:56:08.626090 [Incident:Info:toast@toast-new:Magnitude updated] Magnitude updated: 5.07 (M)
2025/09/24 02:56:08.634637 [Simulation:Info:toast@toast-new:Simulation not generated] Magnitude 5.07 of event bmg2025srrs is smaller than triggerMinMagnitude: no automatic simulation
2025/09/24 02:56:12.465131 [Incident:Info:toast@toast-new:Origin updated] Origin updated: OT: 2025-09-23 19:54:43,  Lat/Lon: -9.4995°/119.603°, Depth: 27.4154
2025/09/24 02:56:12.480361 [Incident:Info:toast@toast-new:Magnitude updated] Magnitude updated: 5.11 (M)
2025/09/24 02:56:12.490857 [Simulation:Info:toast@toast-new:Simulation not generated] Magnitude 5.11 of event bmg2025srrs is smaller than triggerMinMagnitude: no automatic simulation
2025/09/24 02:56:13.604896 [Incident:Info:toast@toast-new:Origin updated] Origin updated: OT: 2025-09-23 19:54:43,  Lat/Lon: -9.4995°/119.603°, Depth: 27.4154
2025/09/24 02:56:13.624910 [Incident:Info:toast@toast-new:Magnitude updated] Magnitude updated: 5.12 (M)
2025/09/24 02:56:13.637169 [Simulation:Info:toast@toast-new:Simulation not generated] Magnitude 5.12 of event bmg2025srrs is smaller than triggerMinMagnitude: no automatic simulation
2025/09/24 02:56:18.594353 [Incident:Info:toast@toast-new:Origin updated] Origin updated: OT: 2025-09-23 19:54:43,  Lat/Lon: -9.4995°/119.603°, Depth: 27.4154
2025/09/24 02:56:18.605192 [Incident:Info:toast@toast-new:Magnitude updated] Magnitude updated: 5.12 (M)
2025/09/24 02:56:18.613581 [Simulation:Info:toast@toast-new:Simulation not generated] Magnitude 5.12 of event bmg2025srrs is smaller than triggerMinMagnitude: no automatic simulation
2025/09/24 02:56:23.619386 [Incident:Info:toast@toast-new:Origin updated] Origin updated: OT: 2025-09-23 19:54:43,  Lat/Lon: -9.4995°/119.603°, Depth: 27.4154
2025/09/24 02:56:23.634634 [Incident:Info:toast@toast-new:Magnitude updated] Magnitude updated: 5.14 (M)
2025/09/24 02:56:23.644316 [Simulation:Info:toast@toast-new:Simulation not generated] Magnitude 5.14 of event bmg2025srrs is smaller than triggerMinMagnitude: no automatic simulation
2025/09/24 02:56:28.032797 [Incident:Info:toast@toast-new:Origin updated] Origin updated: OT: 2025-09-23 19:54:43,  Lat/Lon: -9.55011°/119.576°, Depth: 25.9001
2025/09/24 02:56:28.044112 [Incident:Info:toast@toast-new:Magnitude updated] Magnitude updated: 5.23 (M)
2025/09/24 02:56:28.053249 [Simulation:Info:toast@toast-new:Simulation not generated] Magnitude 5.23 of event bmg2025srrs is smaller than triggerMinMagnitude: no automatic simulation
2025/09/24 02:56:33.647218 [Incident:Info:toast@toast-new:Origin updated] Origin updated: OT: 2025-09-23 19:54:43,  Lat/Lon: -9.55011°/119.576°, Depth: 25.9001
2025/09/24 02:56:33.667956 [Incident:Info:toast@toast-new:Magnitude updated] Magnitude updated: 5.24 (M)
2025/09/24 02:56:33.680456 [Simulation:Info:toast@toast-new:Simulation not generated] Magnitude 5.24 of event bmg2025srrs is smaller than triggerMinMagnitude: no automatic simulation
2025/09/24 02:56:38.670188 [Incident:Info:toast@toast-new:Origin updated] Origin updated: OT: 2025-09-23 19:54:43,  Lat/Lon: -9.55011°/119.576°, Depth: 25.9001
2025/09/24 02:56:38.685777 [Incident:Info:toast@toast-new:Magnitude updated] Magnitude updated: 5.24 (M)
2025/09/24 02:56:38.696521 [Simulation:Info:toast@toast-new:Simulation not generated] Magnitude 5.24 of event bmg2025srrs is smaller than triggerMinMagnitude: no automatic simulation
2025/09/24 02:56:43.672928 [Incident:Info:toast@toast-new:Origin updated] Origin updated: OT: 2025-09-23 19:54:43,  Lat/Lon: -9.55011°/119.576°, Depth: 25.9001
2025/09/24 02:56:43.683959 [Incident:Info:toast@toast-new:Magnitude updated] Magnitude updated: 5.25 (M)
2025/09/24 02:56:43.692824 [Simulation:Info:toast@toast-new:Simulation not generated] Magnitude 5.25 of event bmg2025srrs is smaller than triggerMinMagnitude: no automatic simulation
2025/09/24 02:56:48.625812 [Incident:Info:toast@toast-new:Origin updated] Origin updated: OT: 2025-09-23 19:54:43,  Lat/Lon: -9.55011°/119.576°, Depth: 25.9001
2025/09/24 02:56:48.636658 [Incident:Info:toast@toast-new:Magnitude updated] Magnitude updated: 5.26 (M)
2025/09/24 02:56:48.645170 [Simulation:Info:toast@toast-new:Simulation not generated] Magnitude 5.26 of event bmg2025srrs is smaller than triggerMinMagnitude: no automatic simulation
2025/09/24 02:56:51.673939 [Incident:Info:toast@toast-new:Origin updated] Origin updated: OT: 2025-09-23 19:54:43,  Lat/Lon: -9.55011°/119.576°, Depth: 25.9001
2025/09/24 02:56:51.689440 [Incident:Info:toast@toast-new:Magnitude updated] Magnitude updated: 5.27 (M)
2025/09/24 02:56:51.699915 [Simulation:Info:toast@toast-new:Simulation not generated] Magnitude 5.27 of event bmg2025srrs is smaller than triggerMinMagnitude: no automatic simulation
2025/09/24 02:56:51.745280 [Incident:Info:toast@toast-new:Origin updated] Origin updated: OT: 2025-09-23 19:54:43,  Lat/Lon: -9.55439°/119.583°, Depth: 24.4106
2025/09/24 02:56:51.754646 [Incident:Info:toast@toast-new:Magnitude updated] Magnitude updated: 5.15 (M)
2025/09/24 02:56:51.762684 [Simulation:Info:toast@toast-new:Simulation not generated] Magnitude 5.15 of event bmg2025srrs is smaller than triggerMinMagnitude: no automatic simulation
2025/09/24 02:56:53.667041 [Incident:Info:toast@toast-new:Origin updated] Origin updated: OT: 2025-09-23 19:54:43,  Lat/Lon: -9.55439°/119.583°, Depth: 24.4106
2025/09/24 02:56:53.681086 [Incident:Info:toast@toast-new:Magnitude updated] Magnitude updated: 5.18 (M)
2025/09/24 02:56:53.689931 [Simulation:Info:toast@toast-new:Simulation not generated] Magnitude 5.18 of event bmg2025srrs is smaller than triggerMinMagnitude: no automatic simulation
2025/09/24 02:56:56.924858 [Incident:Info:toast@toast-new:Origin updated] Origin updated: OT: 2025-09-23 19:54:43,  Lat/Lon: -9.49911°/119.624°, Depth: 33.7624
2025/09/24 02:56:56.940526 [Incident:Info:toast@toast-new:Magnitude updated] Magnitude updated: 5.13 (MLv)
2025/09/24 02:56:56.951250 [Simulation:Info:toast@toast-new:Simulation not generated] Magnitude 5.13 of event bmg2025srrs is smaller than triggerMinMagnitude: no automatic simulation
2025/09/24 02:56:57.059004 [Incident:Info:toast@toast-new:Origin updated] Origin updated: OT: 2025-09-23 19:54:43,  Lat/Lon: -9.49911°/119.624°, Depth: 33.7624
2025/09/24 02:56:57.073311 [Incident:Info:toast@toast-new:Magnitude updated] Magnitude updated: 5.10 (M)
2025/09/24 02:56:57.083145 [Simulation:Info:toast@toast-new:Simulation not generated] Magnitude 5.10 of event bmg2025srrs is smaller than triggerMinMagnitude: no automatic simulation
2025/09/24 02:57:38.831226 [Incident:Info:toast@toast-new:Origin updated] Origin updated: OT: 2025-09-23 19:54:43,  Lat/Lon: -9.49911°/119.624°, Depth: 33.7624
2025/09/24 02:57:38.842652 [Incident:Info:toast@toast-new:Magnitude updated] Magnitude updated: 5.07 (M)
2025/09/24 02:57:38.851616 [Simulation:Info:toast@toast-new:Simulation not generated] Magnitude 5.07 of event bmg2025srrs is smaller than triggerMinMagnitude: no automatic simulation
2025/09/24 02:57:56.718823 [Incident:Info:toast@toast-new:Origin updated] Origin updated: OT: 2025-09-23 19:54:43,  Lat/Lon: -9.51676°/119.617°, Depth: 35.2024
2025/09/24 02:57:56.729340 [Incident:Info:toast@toast-new:Magnitude updated] Magnitude updated: 5.29 (MLv)
2025/09/24 02:57:56.737947 [Simulation:Info:toast@toast-new:Simulation not generated] Magnitude 5.29 of event bmg2025srrs is smaller than triggerMinMagnitude: no automatic simulation
2025/09/24 02:57:56.972297 [Incident:Info:toast@toast-new:Origin updated] Origin updated: OT: 2025-09-23 19:54:43,  Lat/Lon: -9.51676°/119.617°, Depth: 35.2024
2025/09/24 02:57:56.986399 [Incident:Info:toast@toast-new:Magnitude updated] Magnitude updated: 5.23 (M)
2025/09/24 02:57:56.995959 [Simulation:Info:toast@toast-new:Simulation not generated] Magnitude 5.23 of event bmg2025srrs is smaller than triggerMinMagnitude: no automatic simulation
2025/09/24 02:58:03.704191 [Incident:Info:toast@toast-new:Origin updated] Origin updated: OT: 2025-09-23 19:54:43,  Lat/Lon: -9.51676°/119.617°, Depth: 35.2024
2025/09/24 02:58:03.716296 [Incident:Info:toast@toast-new:Magnitude updated] Magnitude updated: 5.23 (M)
2025/09/24 02:58:03.724934 [Simulation:Info:toast@toast-new:Simulation not generated] Magnitude 5.23 of event bmg2025srrs is smaller than triggerMinMagnitude: no automatic simulation
2025/09/24 02:58:08.866465 [Incident:Info:toast@toast-new:Origin updated] Origin updated: OT: 2025-09-23 19:54:43,  Lat/Lon: -9.51676°/119.617°, Depth: 35.2024
2025/09/24 02:58:08.878553 [Incident:Info:toast@toast-new:Magnitude updated] Magnitude updated: 5.23 (M)
2025/09/24 02:58:08.887046 [Simulation:Info:toast@toast-new:Simulation not generated] Magnitude 5.23 of event bmg2025srrs is smaller than triggerMinMagnitude: no automatic simulation
2025/09/24 02:58:13.852302 [Incident:Info:toast@toast-new:Origin updated] Origin updated: OT: 2025-09-23 19:54:43,  Lat/Lon: -9.51676°/119.617°, Depth: 35.2024
2025/09/24 02:58:13.863360 [Incident:Info:toast@toast-new:Magnitude updated] Magnitude updated: 5.24 (M)
2025/09/24 02:58:13.872442 [Simulation:Info:toast@toast-new:Simulation not generated] Magnitude 5.24 of event bmg2025srrs is smaller than triggerMinMagnitude: no automatic simulation
2025/09/24 02:58:18.843629 [Incident:Info:toast@toast-new:Origin updated] Origin updated: OT: 2025-09-23 19:54:43,  Lat/Lon: -9.51676°/119.617°, Depth: 35.2024
2025/09/24 02:58:18.855055 [Incident:Info:toast@toast-new:Magnitude updated] Magnitude updated: 5.24 (M)
2025/09/24 02:58:18.863599 [Simulation:Info:toast@toast-new:Simulation not generated] Magnitude 5.24 of event bmg2025srrs is smaller than triggerMinMagnitude: no automatic simulation
2025/09/24 02:58:23.780451 [Incident:Info:toast@toast-new:Origin updated] Origin updated: OT: 2025-09-23 19:54:43,  Lat/Lon: -9.51676°/119.617°, Depth: 35.2024
2025/09/24 02:58:23.791104 [Incident:Info:toast@toast-new:Magnitude updated] Magnitude updated: 5.24 (M)
2025/09/24 02:58:23.799706 [Simulation:Info:toast@toast-new:Simulation not generated] Magnitude 5.24 of event bmg2025srrs is smaller than triggerMinMagnitude: no automatic simulation
2025/09/24 02:58:28.183118 [Incident:Info:toast@toast-new:Origin updated] Origin updated: OT: 2025-09-23 19:54:43,  Lat/Lon: -9.51676°/119.617°, Depth: 35.2024
2025/09/24 02:58:28.199434 [Incident:Info:toast@toast-new:Magnitude updated] Magnitude updated: 5.24 (M)
2025/09/24 02:58:28.210081 [Simulation:Info:toast@toast-new:Simulation not generated] Magnitude 5.24 of event bmg2025srrs is smaller than triggerMinMagnitude: no automatic simulation
2025/09/24 02:58:28.783096 [Incident:Info:toast@toast-new:Origin updated] Origin updated: OT: 2025-09-23 19:54:43,  Lat/Lon: -9.51676°/119.617°, Depth: 35.2024
2025/09/24 02:58:28.795409 [Incident:Info:toast@toast-new:Magnitude updated] Magnitude updated: 5.25 (M)
2025/09/24 02:58:28.803897 [Simulation:Info:toast@toast-new:Simulation not generated] Magnitude 5.25 of event bmg2025srrs is smaller than triggerMinMagnitude: no automatic simulation
2025/09/24 02:58:31.193132 [Incident:Info:toast@toast-new:Origin updated] Origin updated: OT: 2025-09-23 19:54:43,  Lat/Lon: -9.51676°/119.617°, Depth: 35.2024
2025/09/24 02:58:31.203138 [Incident:Info:toast@toast-new:FM updated] FM updated
2025/09/24 02:58:31.211347 [Simulation:Info:toast@toast-new:Simulation not generated] Magnitude 5.25 of event bmg2025srrs is smaller than triggerMinMagnitude: no automatic simulation
2025/09/24 02:58:35.727154 [Incident:Info:toast@toast-new:Origin updated] Origin updated: OT: 2025-09-23 19:54:43,  Lat/Lon: -9.51676°/119.617°, Depth: 35.2024
2025/09/24 02:58:35.738120 [Incident:Info:toast@toast-new:Magnitude updated] Magnitude updated: 5.25 (M)
2025/09/24 02:58:35.746676 [Simulation:Info:toast@toast-new:Simulation not generated] Magnitude 5.25 of event bmg2025srrs is smaller than triggerMinMagnitude: no automatic simulation
2025/09/24 02:58:43.783641 [Incident:Info:toast@toast-new:Origin updated] Origin updated: OT: 2025-09-23 19:54:43,  Lat/Lon: -9.51676°/119.617°, Depth: 35.2024
2025/09/24 02:58:43.795547 [Incident:Info:toast@toast-new:Magnitude updated] Magnitude updated: 5.27 (M)
2025/09/24 02:58:43.803799 [Simulation:Info:toast@toast-new:Simulation not generated] Magnitude 5.27 of event bmg2025srrs is smaller than triggerMinMagnitude: no automatic simulation
2025/09/24 03:00:17.641360 [Incident:Info:toast@toast-new:Origin updated] Origin updated: OT: 2025-09-23 19:54:43,  Lat/Lon: -9.51676°/119.617°, Depth: 35.2024
2025/09/24 03:00:17.651033 [Incident:Info:toast@toast-new:FM updated] FM updated
2025/09/24 03:00:17.659005 [Simulation:Info:toast@toast-new:Simulation not generated] Magnitude 5.27 of event bmg2025srrs is smaller than triggerMinMagnitude: no automatic simulation
2025/09/24 03:01:11.915431 [Incident:Info:toast@toast-new:Origin updated] Origin updated: OT: 2025-09-23 19:54:43,  Lat/Lon: -9.51848°/119.614°, Depth: 33.9741
2025/09/24 03:01:11.925216 [Incident:Info:toast@toast-new:Magnitude updated] Magnitude updated: 5.29 (MLv)
2025/09/24 03:01:11.933091 [Simulation:Info:toast@toast-new:Simulation not generated] Magnitude 5.29 of event bmg2025srrs is smaller than triggerMinMagnitude: no automatic simulation
2025/09/24 03:01:11.950442 [Incident:Info:toast@toast-new:Origin updated] Origin updated: OT: 2025-09-23 19:54:43,  Lat/Lon: -9.51848°/119.614°, Depth: 33.9741
2025/09/24 03:01:11.956874 [Incident:Info:toast@toast-new:Magnitude updated] Magnitude updated: 5.07 (M)
2025/09/24 03:01:11.963223 [Simulation:Info:toast@toast-new:Simulation not generated] Magnitude 5.07 of event bmg2025srrs is smaller than triggerMinMagnitude: no automatic simulation
2025/09/24 03:01:18.775738 [Incident:Info:toast@toast-new:Origin updated] Origin updated: OT: 2025-09-23 19:54:43,  Lat/Lon: -9.51848°/119.614°, Depth: 33.9741
2025/09/24 03:01:18.785976 [Incident:Info:toast@toast-new:Magnitude updated] Magnitude updated: 5.07 (M)
2025/09/24 03:01:18.793892 [Simulation:Info:toast@toast-new:Simulation not generated] Magnitude 5.07 of event bmg2025srrs is smaller than triggerMinMagnitude: no automatic simulation
2025/09/24 03:06:32.842360 [Incident:Info:toast@toast-new:Origin updated] Origin updated: OT: 2025-09-23 19:54:43,  Lat/Lon: -9.51848°/119.614°, Depth: 33.9741
2025/09/24 03:06:32.852971 [Simulation:Info:toast@toast-new:Simulation not generated] Magnitude 5.07 of event bmg2025srrs is smaller than triggerMinMagnitude: no automatic simulation
