2025/11/27 23:03:45.985270 [Incident:Info:toast@toast-new:Displacement(s) updated] Added 0 and changed 0 displacements with 0 amplitudes
2025/11/27 23:03:45.985814 [Incident:Info:toast@toast-new:Incident created] Incident created based on event received from messaging: OT: 2025-11-27 16:01:39,  Lat/Lon: -6.91°/130.68°, Depth: 154.04, Mag: 5.05 (M)
2025/11/27 23:03:45.986422 [Simulation:Info:toast@toast-new:Simulation not generated] Magnitude 5.05 of event bmg2025xgdt is smaller than triggerMinMagnitude: no automatic simulation
2025/11/27 23:03:46.220122 [Incident:Info:toast@toast-new:Origin updated] Origin updated: OT: 2025-11-27 16:01:39,  Lat/Lon: -6.90914°/130.68°, Depth: 154.043
2025/11/27 23:03:46.220314 [Simulation:Info:toast@toast-new:Simulation not generated] Magnitude 5.05 of event bmg2025xgdt is smaller than triggerMinMagnitude: no automatic simulation
2025/11/27 23:03:53.715281 [Incident:Info:toast@toast-new:Origin updated] Origin updated: OT: 2025-11-27 16:01:39,  Lat/Lon: -6.90914°/130.68°, Depth: 154.043
2025/11/27 23:03:53.715698 [Incident:Info:toast@toast-new:Magnitude updated] Magnitude updated: 5.07 (M)
2025/11/27 23:03:53.715946 [Simulation:Info:toast@toast-new:Simulation not generated] Magnitude 5.07 of event bmg2025xgdt is smaller than triggerMinMagnitude: no automatic simulation
2025/11/27 23:03:56.973107 [Incident:Info:toast@toast-new:Origin updated] Origin updated: OT: 2025-11-27 16:01:39,  Lat/Lon: -6.88695°/130.629°, Depth: 151.964
2025/11/27 23:03:56.974809 [Incident:Info:toast@toast-new:Magnitude updated] Magnitude updated: 5.21 (M)
2025/11/27 23:03:56.975222 [Simulation:Info:toast@toast-new:Simulation not generated] Magnitude 5.21 of event bmg2025xgdt is smaller than triggerMinMagnitude: no automatic simulation
2025/11/27 23:04:03.744009 [Incident:Info:toast@toast-new:Origin updated] Origin updated: OT: 2025-11-27 16:01:39,  Lat/Lon: -6.88695°/130.629°, Depth: 151.964
2025/11/27 23:04:03.744406 [Incident:Info:toast@toast-new:Magnitude updated] Magnitude updated: 5.23 (M)
2025/11/27 23:04:03.744592 [Simulation:Info:toast@toast-new:Simulation not generated] Magnitude 5.23 of event bmg2025xgdt is smaller than triggerMinMagnitude: no automatic simulation
2025/11/27 23:04:08.674134 [Incident:Info:toast@toast-new:Origin updated] Origin updated: OT: 2025-11-27 16:01:39,  Lat/Lon: -6.88695°/130.629°, Depth: 151.964
2025/11/27 23:04:08.674470 [Incident:Info:toast@toast-new:Magnitude updated] Magnitude updated: 5.26 (M)
2025/11/27 23:04:08.674647 [Simulation:Info:toast@toast-new:Simulation not generated] Magnitude 5.26 of event bmg2025xgdt is smaller than triggerMinMagnitude: no automatic simulation
2025/11/27 23:04:09.908702 [Incident:Info:toast@toast-new:Origin updated] Origin updated: OT: 2025-11-27 16:01:39,  Lat/Lon: -6.89542°/130.643°, Depth: 143.2
2025/11/27 23:04:09.909095 [Incident:Info:toast@toast-new:Magnitude updated] Magnitude updated: 5.20 (M)
2025/11/27 23:04:09.909415 [Simulation:Info:toast@toast-new:Simulation not generated] Magnitude 5.20 of event bmg2025xgdt is smaller than triggerMinMagnitude: no automatic simulation
2025/11/27 23:04:13.765952 [Incident:Info:toast@toast-new:Origin updated] Origin updated: OT: 2025-11-27 16:01:39,  Lat/Lon: -6.89542°/130.643°, Depth: 143.2
2025/11/27 23:04:13.767960 [Incident:Info:toast@toast-new:Magnitude updated] Magnitude updated: 5.21 (M)
2025/11/27 23:04:13.768296 [Simulation:Info:toast@toast-new:Simulation not generated] Magnitude 5.21 of event bmg2025xgdt is smaller than triggerMinMagnitude: no automatic simulation
2025/11/27 23:04:18.748366 [Incident:Info:toast@toast-new:Origin updated] Origin updated: OT: 2025-11-27 16:01:39,  Lat/Lon: -6.89542°/130.643°, Depth: 143.2
2025/11/27 23:04:18.748917 [Incident:Info:toast@toast-new:Magnitude updated] Magnitude updated: 5.17 (M)
2025/11/27 23:04:18.749228 [Simulation:Info:toast@toast-new:Simulation not generated] Magnitude 5.17 of event bmg2025xgdt is smaller than triggerMinMagnitude: no automatic simulation
2025/11/27 23:04:18.888557 [Incident:Info:toast@toast-new:Origin updated] Origin updated: OT: 2025-11-27 16:01:39,  Lat/Lon: -6.90802°/130.679°, Depth: 151.97
2025/11/27 23:04:18.889061 [Incident:Info:toast@toast-new:Magnitude updated] Magnitude updated: 5.20 (MLv)
2025/11/27 23:04:18.889251 [Simulation:Info:toast@toast-new:Simulation not generated] Magnitude 5.20 of event bmg2025xgdt is smaller than triggerMinMagnitude: no automatic simulation
2025/11/27 23:04:18.912322 [Incident:Info:toast@toast-new:Origin updated] Origin updated: OT: 2025-11-27 16:01:39,  Lat/Lon: -6.90802°/130.679°, Depth: 151.97
2025/11/27 23:04:18.912778 [Incident:Info:toast@toast-new:Magnitude updated] Magnitude updated: 5.05 (M)
2025/11/27 23:04:18.912986 [Simulation:Info:toast@toast-new:Simulation not generated] Magnitude 5.05 of event bmg2025xgdt is smaller than triggerMinMagnitude: no automatic simulation
2025/11/27 23:04:23.763537 [Incident:Info:toast@toast-new:Origin updated] Origin updated: OT: 2025-11-27 16:01:39,  Lat/Lon: -6.90802°/130.679°, Depth: 151.97
2025/11/27 23:04:23.764038 [Incident:Info:toast@toast-new:Magnitude updated] Magnitude updated: 5.06 (M)
2025/11/27 23:04:23.764358 [Simulation:Info:toast@toast-new:Simulation not generated] Magnitude 5.06 of event bmg2025xgdt is smaller than triggerMinMagnitude: no automatic simulation
2025/11/27 23:04:33.794558 [Incident:Info:toast@toast-new:Origin updated] Origin updated: OT: 2025-11-27 16:01:39,  Lat/Lon: -6.90802°/130.679°, Depth: 151.97
2025/11/27 23:04:33.795202 [Incident:Info:toast@toast-new:Magnitude updated] Magnitude updated: 5.07 (M)
2025/11/27 23:04:33.795599 [Simulation:Info:toast@toast-new:Simulation not generated] Magnitude 5.07 of event bmg2025xgdt is smaller than triggerMinMagnitude: no automatic simulation
2025/11/27 23:04:38.761731 [Incident:Info:toast@toast-new:Origin updated] Origin updated: OT: 2025-11-27 16:01:39,  Lat/Lon: -6.90802°/130.679°, Depth: 151.97
2025/11/27 23:04:38.762147 [Incident:Info:toast@toast-new:Magnitude updated] Magnitude updated: 5.07 (M)
2025/11/27 23:04:38.762362 [Simulation:Info:toast@toast-new:Simulation not generated] Magnitude 5.07 of event bmg2025xgdt is smaller than triggerMinMagnitude: no automatic simulation
