2025/09/24 01:52:37.847889 [Incident:Info:toast@toast-new:Displacement(s) updated] Added 0 and changed 0 displacements with 0 amplitudes
2025/09/24 01:52:37.850180 [Incident:Info:toast@toast-new:Incident created] Incident created based on event received from messaging: OT: 2025-09-23 18:50:39,  Lat/Lon: -6.16°/131.35°, Depth: 133.00, Mag: 5.01 (M)
2025/09/24 01:52:37.850930 [Simulation:Info:toast@toast-new:Simulation not generated] Magnitude 5.01 of event bmg2025srpp is smaller than triggerMinMagnitude: no automatic simulation
2025/09/24 01:52:37.884983 [Incident:Info:toast@toast-new:Origin updated] Origin updated: OT: 2025-09-23 18:50:39,  Lat/Lon: -6.1622°/131.345°, Depth: 132.998
2025/09/24 01:52:37.894744 [Simulation:Info:toast@toast-new:Simulation not generated] Magnitude 5.01 of event bmg2025srpp is smaller than triggerMinMagnitude: no automatic simulation
2025/09/24 01:52:43.650434 [Incident:Info:toast@toast-new:Origin updated] Origin updated: OT: 2025-09-23 18:50:39,  Lat/Lon: -6.1622°/131.345°, Depth: 132.998
2025/09/24 01:52:43.661848 [Incident:Info:toast@toast-new:Magnitude updated] Magnitude updated: 5.10 (M)
2025/09/24 01:52:43.670364 [Simulation:Info:toast@toast-new:Simulation not generated] Magnitude 5.10 of event bmg2025srpp is smaller than triggerMinMagnitude: no automatic simulation
2025/09/24 01:52:48.079136 [Incident:Info:toast@toast-new:Origin updated] Origin updated: OT: 2025-09-23 18:50:39,  Lat/Lon: -6.16355°/131.336°, Depth: 129.722
2025/09/24 01:52:48.090499 [Incident:Info:toast@toast-new:Magnitude updated] Magnitude updated: 5.16 (M)
2025/09/24 01:52:48.098906 [Simulation:Info:toast@toast-new:Simulation not generated] Magnitude 5.16 of event bmg2025srpp is smaller than triggerMinMagnitude: no automatic simulation
2025/09/24 01:52:58.047938 [Incident:Info:toast@toast-new:Origin updated] Origin updated: OT: 2025-09-23 18:50:39,  Lat/Lon: -6.14248°/131.298°, Depth: 115.191
2025/09/24 01:52:58.063613 [Incident:Info:toast@toast-new:Magnitude updated] Magnitude updated: 5.18 (M)
2025/09/24 01:52:58.074358 [Simulation:Info:toast@toast-new:Simulation not generated] Magnitude 5.18 of event bmg2025srpp is smaller than triggerMinMagnitude: no automatic simulation
2025/09/24 01:52:58.624037 [Incident:Info:toast@toast-new:Origin updated] Origin updated: OT: 2025-09-23 18:50:39,  Lat/Lon: -6.14248°/131.298°, Depth: 115.191
2025/09/24 01:52:58.635475 [Incident:Info:toast@toast-new:Magnitude updated] Magnitude updated: 5.15 (M)
2025/09/24 01:52:58.644123 [Simulation:Info:toast@toast-new:Simulation not generated] Magnitude 5.15 of event bmg2025srpp is smaller than triggerMinMagnitude: no automatic simulation
2025/09/24 01:53:03.683411 [Incident:Info:toast@toast-new:Origin updated] Origin updated: OT: 2025-09-23 18:50:39,  Lat/Lon: -6.14248°/131.298°, Depth: 115.191
2025/09/24 01:53:03.694659 [Incident:Info:toast@toast-new:Magnitude updated] Magnitude updated: 5.15 (M)
2025/09/24 01:53:03.703702 [Simulation:Info:toast@toast-new:Simulation not generated] Magnitude 5.15 of event bmg2025srpp is smaller than triggerMinMagnitude: no automatic simulation
2025/09/24 01:53:08.120246 [Incident:Info:toast@toast-new:Origin updated] Origin updated: OT: 2025-09-23 18:50:39,  Lat/Lon: -6.13463°/131.309°, Depth: 107.751
2025/09/24 01:53:08.130789 [Incident:Info:toast@toast-new:Magnitude updated] Magnitude updated: 5.11 (M)
2025/09/24 01:53:08.139615 [Simulation:Info:toast@toast-new:Simulation not generated] Magnitude 5.11 of event bmg2025srpp is smaller than triggerMinMagnitude: no automatic simulation
2025/09/24 01:53:13.675192 [Incident:Info:toast@toast-new:Origin updated] Origin updated: OT: 2025-09-23 18:50:39,  Lat/Lon: -6.13463°/131.309°, Depth: 107.751
2025/09/24 01:53:13.686417 [Incident:Info:toast@toast-new:Magnitude updated] Magnitude updated: 5.12 (M)
2025/09/24 01:53:13.694871 [Simulation:Info:toast@toast-new:Simulation not generated] Magnitude 5.12 of event bmg2025srpp is smaller than triggerMinMagnitude: no automatic simulation
2025/09/24 01:53:21.736379 [Incident:Info:toast@toast-new:Origin updated] Origin updated: OT: 2025-09-23 18:50:40,  Lat/Lon: -6.15504°/131.368°, Depth: 107.447
2025/09/24 01:53:21.748718 [Incident:Info:toast@toast-new:Magnitude updated] Magnitude updated: 5.06 (M)
2025/09/24 01:53:21.757393 [Simulation:Info:toast@toast-new:Simulation not generated] Magnitude 5.06 of event bmg2025srpp is smaller than triggerMinMagnitude: no automatic simulation
2025/09/24 01:53:23.641929 [Incident:Info:toast@toast-new:Origin updated] Origin updated: OT: 2025-09-23 18:50:40,  Lat/Lon: -6.15504°/131.368°, Depth: 107.447
2025/09/24 01:53:23.657561 [Incident:Info:toast@toast-new:Magnitude updated] Magnitude updated: 5.07 (M)
2025/09/24 01:53:23.668324 [Simulation:Info:toast@toast-new:Simulation not generated] Magnitude 5.07 of event bmg2025srpp is smaller than triggerMinMagnitude: no automatic simulation
2025/09/24 01:53:28.668857 [Incident:Info:toast@toast-new:Origin updated] Origin updated: OT: 2025-09-23 18:50:40,  Lat/Lon: -6.15504°/131.368°, Depth: 107.447
2025/09/24 01:53:28.681274 [Incident:Info:toast@toast-new:Magnitude updated] Magnitude updated: 5.05 (M)
2025/09/24 01:53:28.689823 [Simulation:Info:toast@toast-new:Simulation not generated] Magnitude 5.05 of event bmg2025srpp is smaller than triggerMinMagnitude: no automatic simulation
2025/09/24 01:53:33.633627 [Incident:Info:toast@toast-new:Origin updated] Origin updated: OT: 2025-09-23 18:50:40,  Lat/Lon: -6.15504°/131.368°, Depth: 107.447
2025/09/24 01:53:33.649773 [Incident:Info:toast@toast-new:Magnitude updated] Magnitude updated: 5.02 (M)
2025/09/24 01:53:33.661501 [Simulation:Info:toast@toast-new:Simulation not generated] Magnitude 5.02 of event bmg2025srpp is smaller than triggerMinMagnitude: no automatic simulation
2025/09/24 01:53:53.687853 [Incident:Info:toast@toast-new:Origin updated] Origin updated: OT: 2025-09-23 18:50:40,  Lat/Lon: -6.15184°/131.369°, Depth: 99.8721
2025/09/24 01:53:53.703929 [Incident:Info:toast@toast-new:Magnitude updated] Magnitude updated: 5.00 (M)
2025/09/24 01:53:53.714357 [Simulation:Info:toast@toast-new:Simulation not generated] Magnitude 5.00 of event bmg2025srpp is smaller than triggerMinMagnitude: no automatic simulation
2025/09/24 01:54:03.214239 [Incident:Info:toast@toast-new:Origin updated] Origin updated: OT: 2025-09-23 18:50:40,  Lat/Lon: -6.11521°/131.386°, Depth: 80.4104
2025/09/24 01:54:03.226595 [Incident:Info:toast@toast-new:Magnitude updated] Magnitude updated: 5.04 (M)
2025/09/24 01:54:03.235295 [Simulation:Info:toast@toast-new:Simulation not generated] Magnitude 5.04 of event bmg2025srpp is smaller than triggerMinMagnitude: no automatic simulation
2025/09/24 01:54:03.652117 [Incident:Info:toast@toast-new:Origin updated] Origin updated: OT: 2025-09-23 18:50:40,  Lat/Lon: -6.11521°/131.386°, Depth: 80.4104
2025/09/24 01:54:03.663008 [Incident:Info:toast@toast-new:Magnitude updated] Magnitude updated: 5.04 (M)
2025/09/24 01:54:03.671634 [Simulation:Info:toast@toast-new:Simulation not generated] Magnitude 5.04 of event bmg2025srpp is smaller than triggerMinMagnitude: no automatic simulation
2025/09/24 01:54:08.660697 [Incident:Info:toast@toast-new:Origin updated] Origin updated: OT: 2025-09-23 18:50:40,  Lat/Lon: -6.11521°/131.386°, Depth: 80.4104
2025/09/24 01:54:08.676704 [Incident:Info:toast@toast-new:Magnitude updated] Magnitude updated: 5.04 (M)
2025/09/24 01:54:08.687452 [Simulation:Info:toast@toast-new:Simulation not generated] Magnitude 5.04 of event bmg2025srpp is smaller than triggerMinMagnitude: no automatic simulation
2025/09/24 01:54:23.688056 [Incident:Info:toast@toast-new:Origin updated] Origin updated: OT: 2025-09-23 18:50:40,  Lat/Lon: -6.15185°/131.369°, Depth: 99.8588
2025/09/24 01:54:23.699470 [Incident:Info:toast@toast-new:Magnitude updated] Magnitude updated: 5.00 (M)
2025/09/24 01:54:23.707885 [Simulation:Info:toast@toast-new:Simulation not generated] Magnitude 5.00 of event bmg2025srpp is smaller than triggerMinMagnitude: no automatic simulation
2025/09/24 01:54:28.668670 [Incident:Info:toast@toast-new:Origin updated] Origin updated: OT: 2025-09-23 18:50:40,  Lat/Lon: -6.15185°/131.369°, Depth: 99.8588
2025/09/24 01:54:28.679922 [Incident:Info:toast@toast-new:Magnitude updated] Magnitude updated: 5.00 (M)
2025/09/24 01:54:28.688575 [Simulation:Info:toast@toast-new:Simulation not generated] Magnitude 5.00 of event bmg2025srpp is smaller than triggerMinMagnitude: no automatic simulation
