2025/07/23 07:09:41.287190 [Incident:Info:toast@toast-new:Displacement(s) updated] Added 0 and changed 0 displacements with 0 amplitudes
2025/07/23 07:09:41.291100 [Incident:Info:toast@toast-new:Incident created] Incident created based on event received from messaging: OT: 2025-07-22 23:58:25,  Lat/Lon: 52.36°/160.52°, Depth: 10.00, Mag: 5.37 (M)
2025/07/23 07:09:41.291771 [Simulation:Info:toast@toast-new:Simulation not generated] Magnitude 5.37 of event bmg2025ogxb is smaller than triggerMinMagnitude: no automatic simulation
2025/07/23 07:09:41.326655 [Incident:Info:toast@toast-new:Origin updated] Origin updated: OT: 2025-07-22 23:58:25,  Lat/Lon: 52.3626°/160.517°, Depth: 10
2025/07/23 07:09:41.326942 [Simulation:Info:toast@toast-new:Simulation not generated] Magnitude 5.37 of event bmg2025ogxb is smaller than triggerMinMagnitude: no automatic simulation
2025/07/23 07:09:49.369672 [Incident:Info:toast@toast-new:Origin updated] Origin updated: OT: 2025-07-22 23:58:26,  Lat/Lon: 52.4479°/160.495°, Depth: 10
2025/07/23 07:09:49.370055 [Incident:Info:toast@toast-new:Magnitude updated] Magnitude updated: 5.37 (M)
2025/07/23 07:09:49.370234 [Simulation:Info:toast@toast-new:Simulation not generated] Magnitude 5.37 of event bmg2025ogxb is smaller than triggerMinMagnitude: no automatic simulation
2025/07/23 07:10:01.109418 [Incident:Info:toast@toast-new:Origin updated] Origin updated: OT: 2025-07-22 23:58:25,  Lat/Lon: 52.4271°/160.503°, Depth: 10
2025/07/23 07:10:01.109798 [Incident:Info:toast@toast-new:Magnitude updated] Magnitude updated: 5.37 (M)
2025/07/23 07:10:01.109983 [Simulation:Info:toast@toast-new:Simulation not generated] Magnitude 5.37 of event bmg2025ogxb is smaller than triggerMinMagnitude: no automatic simulation
2025/07/23 07:10:10.042738 [Incident:Info:toast@toast-new:Origin updated] Origin updated: OT: 2025-07-22 23:58:25,  Lat/Lon: 52.4271°/160.503°, Depth: 10
2025/07/23 07:10:10.043123 [Incident:Info:toast@toast-new:Magnitude updated] Magnitude updated: 5.39 (M)
2025/07/23 07:10:10.043330 [Simulation:Info:toast@toast-new:Simulation not generated] Magnitude 5.39 of event bmg2025ogxb is smaller than triggerMinMagnitude: no automatic simulation
2025/07/23 07:10:15.044170 [Incident:Info:toast@toast-new:Origin updated] Origin updated: OT: 2025-07-22 23:58:25,  Lat/Lon: 52.4271°/160.503°, Depth: 10
2025/07/23 07:10:15.044537 [Incident:Info:toast@toast-new:Magnitude updated] Magnitude updated: 5.40 (M)
2025/07/23 07:10:15.044750 [Simulation:Info:toast@toast-new:Simulation not generated] Magnitude 5.40 of event bmg2025ogxb is smaller than triggerMinMagnitude: no automatic simulation
2025/07/23 07:10:15.427071 [Incident:Info:toast@toast-new:Origin updated] Origin updated: OT: 2025-07-22 23:58:25,  Lat/Lon: 52.3437°/160.542°, Depth: 10
2025/07/23 07:10:15.427450 [Incident:Info:toast@toast-new:Magnitude updated] Magnitude updated: 5.40 (M)
2025/07/23 07:10:15.427643 [Simulation:Info:toast@toast-new:Simulation not generated] Magnitude 5.40 of event bmg2025ogxb is smaller than triggerMinMagnitude: no automatic simulation
2025/07/23 07:10:20.084235 [Incident:Info:toast@toast-new:Origin updated] Origin updated: OT: 2025-07-22 23:58:25,  Lat/Lon: 52.3437°/160.542°, Depth: 10
2025/07/23 07:10:20.084670 [Incident:Info:toast@toast-new:Magnitude updated] Magnitude updated: 5.45 (M)
2025/07/23 07:10:20.084889 [Simulation:Info:toast@toast-new:Simulation not generated] Magnitude 5.45 of event bmg2025ogxb is smaller than triggerMinMagnitude: no automatic simulation
2025/07/23 07:10:25.076920 [Incident:Info:toast@toast-new:Origin updated] Origin updated: OT: 2025-07-22 23:58:25,  Lat/Lon: 52.3437°/160.542°, Depth: 10
2025/07/23 07:10:25.077373 [Incident:Info:toast@toast-new:Magnitude updated] Magnitude updated: 5.45 (M)
2025/07/23 07:10:25.077614 [Simulation:Info:toast@toast-new:Simulation not generated] Magnitude 5.45 of event bmg2025ogxb is smaller than triggerMinMagnitude: no automatic simulation
2025/07/23 07:10:30.355168 [Incident:Info:toast@toast-new:Origin updated] Origin updated: OT: 2025-07-22 23:58:25,  Lat/Lon: 52.3439°/160.541°, Depth: 10
2025/07/23 07:10:30.355629 [Incident:Info:toast@toast-new:Magnitude updated] Magnitude updated: 5.45 (M)
2025/07/23 07:10:30.355841 [Simulation:Info:toast@toast-new:Simulation not generated] Magnitude 5.45 of event bmg2025ogxb is smaller than triggerMinMagnitude: no automatic simulation
2025/07/23 07:10:35.043427 [Incident:Info:toast@toast-new:Origin updated] Origin updated: OT: 2025-07-22 23:58:25,  Lat/Lon: 52.3439°/160.541°, Depth: 10
2025/07/23 07:10:35.043856 [Incident:Info:toast@toast-new:Magnitude updated] Magnitude updated: 5.46 (M)
2025/07/23 07:10:35.044074 [Simulation:Info:toast@toast-new:Simulation not generated] Magnitude 5.46 of event bmg2025ogxb is smaller than triggerMinMagnitude: no automatic simulation
2025/07/23 07:10:40.068081 [Incident:Info:toast@toast-new:Origin updated] Origin updated: OT: 2025-07-22 23:58:25,  Lat/Lon: 52.3439°/160.541°, Depth: 10
2025/07/23 07:10:40.068666 [Incident:Info:toast@toast-new:Magnitude updated] Magnitude updated: 5.48 (M)
2025/07/23 07:10:40.068989 [Simulation:Info:toast@toast-new:Simulation not generated] Magnitude 5.48 of event bmg2025ogxb is smaller than triggerMinMagnitude: no automatic simulation
2025/07/23 07:10:45.064200 [Incident:Info:toast@toast-new:Origin updated] Origin updated: OT: 2025-07-22 23:58:25,  Lat/Lon: 52.3439°/160.541°, Depth: 10
2025/07/23 07:10:45.064831 [Incident:Info:toast@toast-new:Magnitude updated] Magnitude updated: 5.51 (M)
2025/07/23 07:10:45.065211 [Simulation:Info:toast@toast-new:Simulation not generated] Magnitude 5.51 of event bmg2025ogxb is smaller than triggerMinMagnitude: no automatic simulation
2025/07/23 07:10:47.510825 [Incident:Info:toast@toast-new:Origin updated] Origin updated: OT: 2025-07-22 23:58:25,  Lat/Lon: 52.3509°/160.543°, Depth: 10
2025/07/23 07:10:47.511295 [Incident:Info:toast@toast-new:Magnitude updated] Magnitude updated: 5.50 (M)
2025/07/23 07:10:47.511529 [Simulation:Info:toast@toast-new:Simulation not generated] Magnitude 5.50 of event bmg2025ogxb is smaller than triggerMinMagnitude: no automatic simulation
2025/07/23 07:10:55.055035 [Incident:Info:toast@toast-new:Origin updated] Origin updated: OT: 2025-07-22 23:58:25,  Lat/Lon: 52.3509°/160.543°, Depth: 10
2025/07/23 07:10:55.055556 [Incident:Info:toast@toast-new:Magnitude updated] Magnitude updated: 5.51 (M)
2025/07/23 07:10:55.055845 [Simulation:Info:toast@toast-new:Simulation not generated] Magnitude 5.51 of event bmg2025ogxb is smaller than triggerMinMagnitude: no automatic simulation
2025/07/23 07:11:07.452320 [Incident:Info:toast@toast-new:Origin updated] Origin updated: OT: 2025-07-22 23:58:25,  Lat/Lon: 52.348°/160.546°, Depth: 10
2025/07/23 07:11:07.452969 [Incident:Info:toast@toast-new:Magnitude updated] Magnitude updated: 5.51 (M)
2025/07/23 07:11:07.453329 [Simulation:Info:toast@toast-new:Simulation not generated] Magnitude 5.51 of event bmg2025ogxb is smaller than triggerMinMagnitude: no automatic simulation
2025/07/23 07:11:10.074071 [Incident:Info:toast@toast-new:Origin updated] Origin updated: OT: 2025-07-22 23:58:25,  Lat/Lon: 52.348°/160.546°, Depth: 10
2025/07/23 07:11:10.074619 [Incident:Info:toast@toast-new:Magnitude updated] Magnitude updated: 5.51 (M)
2025/07/23 07:11:10.074943 [Simulation:Info:toast@toast-new:Simulation not generated] Magnitude 5.51 of event bmg2025ogxb is smaller than triggerMinMagnitude: no automatic simulation
2025/07/23 07:11:27.448479 [Incident:Info:toast@toast-new:Origin updated] Origin updated: OT: 2025-07-22 23:58:25,  Lat/Lon: 52.3598°/160.534°, Depth: 10
2025/07/23 07:11:27.449085 [Incident:Info:toast@toast-new:Magnitude updated] Magnitude updated: 5.50 (M)
2025/07/23 07:11:27.449481 [Simulation:Info:toast@toast-new:Simulation not generated] Magnitude 5.50 of event bmg2025ogxb is smaller than triggerMinMagnitude: no automatic simulation
2025/07/23 07:11:47.448004 [Incident:Info:toast@toast-new:Origin updated] Origin updated: OT: 2025-07-22 23:58:25,  Lat/Lon: 52.3636°/160.533°, Depth: 10
2025/07/23 07:11:47.448578 [Incident:Info:toast@toast-new:Magnitude updated] Magnitude updated: 5.51 (M)
2025/07/23 07:11:47.448893 [Simulation:Info:toast@toast-new:Simulation not generated] Magnitude 5.51 of event bmg2025ogxb is smaller than triggerMinMagnitude: no automatic simulation
2025/07/23 07:11:50.049985 [Incident:Info:toast@toast-new:Origin updated] Origin updated: OT: 2025-07-22 23:58:25,  Lat/Lon: 52.3636°/160.533°, Depth: 10
2025/07/23 07:11:50.050545 [Incident:Info:toast@toast-new:Magnitude updated] Magnitude updated: 5.51 (M)
2025/07/23 07:11:50.050902 [Simulation:Info:toast@toast-new:Simulation not generated] Magnitude 5.51 of event bmg2025ogxb is smaller than triggerMinMagnitude: no automatic simulation
2025/07/23 07:12:07.416278 [Incident:Info:toast@toast-new:Origin updated] Origin updated: OT: 2025-07-22 23:58:25,  Lat/Lon: 52.3635°/160.533°, Depth: 10
2025/07/23 07:12:07.416826 [Incident:Info:toast@toast-new:Magnitude updated] Magnitude updated: 5.51 (M)
2025/07/23 07:12:07.417113 [Simulation:Info:toast@toast-new:Simulation not generated] Magnitude 5.51 of event bmg2025ogxb is smaller than triggerMinMagnitude: no automatic simulation
2025/07/23 07:12:25.047714 [Incident:Info:toast@toast-new:Origin updated] Origin updated: OT: 2025-07-22 23:58:25,  Lat/Lon: 52.3635°/160.533°, Depth: 10
2025/07/23 07:12:25.048329 [Incident:Info:toast@toast-new:Magnitude updated] Magnitude updated: 5.52 (M)
2025/07/23 07:12:25.048653 [Simulation:Info:toast@toast-new:Simulation not generated] Magnitude 5.52 of event bmg2025ogxb is smaller than triggerMinMagnitude: no automatic simulation
2025/07/23 07:12:45.051779 [Incident:Info:toast@toast-new:Origin updated] Origin updated: OT: 2025-07-22 23:58:25,  Lat/Lon: 52.3635°/160.533°, Depth: 10
2025/07/23 07:12:45.052433 [Incident:Info:toast@toast-new:Magnitude updated] Magnitude updated: 5.52 (M)
2025/07/23 07:12:45.052793 [Simulation:Info:toast@toast-new:Simulation not generated] Magnitude 5.52 of event bmg2025ogxb is smaller than triggerMinMagnitude: no automatic simulation
2025/07/23 07:15:09.737473 [Incident:Info:toast@toast-new:Origin updated] Origin updated: OT: 2025-07-22 23:58:25,  Lat/Lon: 52.3695°/160.529°, Depth: 10
2025/07/23 07:15:09.738014 [Incident:Info:toast@toast-new:Magnitude updated] Magnitude updated: 5.52 (M)
2025/07/23 07:15:09.738346 [Simulation:Info:toast@toast-new:Simulation not generated] Magnitude 5.52 of event bmg2025ogxb is smaller than triggerMinMagnitude: no automatic simulation
2025/07/23 07:15:10.048193 [Incident:Info:toast@toast-new:Origin updated] Origin updated: OT: 2025-07-22 23:58:25,  Lat/Lon: 52.3695°/160.529°, Depth: 10
2025/07/23 07:15:10.048868 [Incident:Info:toast@toast-new:Magnitude updated] Magnitude updated: 5.54 (M)
2025/07/23 07:15:10.049235 [Simulation:Info:toast@toast-new:Simulation not generated] Magnitude 5.54 of event bmg2025ogxb is smaller than triggerMinMagnitude: no automatic simulation
2025/07/23 07:15:15.039850 [Incident:Info:toast@toast-new:Origin updated] Origin updated: OT: 2025-07-22 23:58:25,  Lat/Lon: 52.3695°/160.529°, Depth: 10
2025/07/23 07:15:15.040887 [Incident:Info:toast@toast-new:Magnitude updated] Magnitude updated: 5.55 (M)
2025/07/23 07:15:15.041590 [Simulation:Info:toast@toast-new:Simulation not generated] Magnitude 5.55 of event bmg2025ogxb is smaller than triggerMinMagnitude: no automatic simulation
2025/07/23 07:18:40.777313 [Incident:Info:toast@toast-new:Origin updated] Origin updated: OT: 2025-07-22 23:58:25,  Lat/Lon: 52.3695°/160.529°, Depth: 10
2025/07/23 07:18:40.777905 [Simulation:Info:toast@toast-new:Simulation not generated] Magnitude 5.55 of event bmg2025ogxb is smaller than triggerMinMagnitude: no automatic simulation
2025/07/23 07:20:12.365532 [Incident:Info:toast@toast-new:Origin updated] Origin updated: OT: 2025-07-22 23:58:25,  Lat/Lon: 52.377°/160.53°, Depth: 10
2025/07/23 07:20:12.366199 [Incident:Info:toast@toast-new:Magnitude updated] Magnitude updated: 5.53 (M)
2025/07/23 07:20:12.366590 [Simulation:Info:toast@toast-new:Simulation not generated] Magnitude 5.53 of event bmg2025ogxb is smaller than triggerMinMagnitude: no automatic simulation
2025/07/23 10:20:16.382560 [Incident:Info:toast@toast-new:Origin updated] Origin updated: OT: 2025-07-22 23:58:25,  Lat/Lon: 52.4033°/160.639°, Depth: 10
2025/07/23 10:20:16.382969 [Incident:Info:toast@toast-new:Magnitude updated] Magnitude updated: 5.68 (Mw(mB))
2025/07/23 10:20:16.383180 [Simulation:Info:toast@toast-new:Simulation not generated] Magnitude 5.68 of event bmg2025ogxb is smaller than triggerMinMagnitude: no automatic simulation
2025/07/23 10:20:21.131228 [Incident:Info:toast@toast-new:Origin updated] Origin updated: OT: 2025-07-22 23:58:25,  Lat/Lon: 52.4033°/160.639°, Depth: 10
2025/07/23 10:20:21.132090 [Incident:Info:toast@toast-new:Magnitude updated] Magnitude updated: 5.56 (mb)
2025/07/23 10:20:21.132667 [Simulation:Info:toast@toast-new:Simulation not generated] Magnitude 5.56 of event bmg2025ogxb is smaller than triggerMinMagnitude: no automatic simulation
2025/07/23 12:17:31.241620 [Incident:Info:toast@toast-new:Origin updated] Origin updated: OT: 2025-07-22 23:58:25,  Lat/Lon: 52.4033°/160.639°, Depth: 10
2025/07/23 12:17:31.242282 [Incident:Info:toast@toast-new:FM updated] FM updated
2025/07/23 12:17:31.242829 [Simulation:Info:toast@toast-new:Simulation not generated] Magnitude 5.56 of event bmg2025ogxb is smaller than triggerMinMagnitude: no automatic simulation
2025/07/28 16:00:02.343033 [Incident:Info:toast@toast-new:Origin updated] Origin updated: OT: 2025-07-22 23:58:24,  Lat/Lon: 52.41°/160.632°, Depth: 5
2025/07/28 16:00:02.343838 [Incident:Info:toast@toast-new:Magnitude updated] Magnitude updated: 5.55 (mb)
2025/07/28 16:00:02.344261 [Incident:Info:toast@toast-new:FM updated] FM updated
2025/07/28 16:00:02.344832 [Simulation:Info:toast@toast-new:Simulation not generated] Magnitude 5.55 of event bmg2025ogxb is smaller than triggerMinMagnitude: no automatic simulation
2025/07/28 16:00:13.689921 [Incident:Info:toast@toast-new:Origin updated] Origin updated: OT: 2025-07-22 23:58:24,  Lat/Lon: 52.41°/160.632°, Depth: 5
2025/07/28 16:00:13.690888 [Simulation:Info:toast@toast-new:Simulation not generated] Magnitude 5.55 of event bmg2025ogxb is smaller than triggerMinMagnitude: no automatic simulation
2025/07/28 16:00:13.739137 [Incident:Info:toast@toast-new:Origin updated] Origin updated: OT: 2025-07-22 23:58:24,  Lat/Lon: 52.41°/160.632°, Depth: 5
2025/07/28 16:00:13.739821 [Incident:Info:toast@toast-new:Magnitude updated] Magnitude updated: 5.69 (Mw(mB))
2025/07/28 16:00:13.740246 [Simulation:Info:toast@toast-new:Simulation not generated] Magnitude 5.69 of event bmg2025ogxb is smaller than triggerMinMagnitude: no automatic simulation
