2025/07/24 08:00:02.427655 [Incident:Info:toast@toast-new:Displacement(s) updated] Added 0 and changed 0 displacements with 0 amplitudes
2025/07/24 08:00:02.430328 [Incident:Info:toast@toast-new:Incident created] Incident created based on event received from messaging: OT: 2025-07-24 00:46:19,  Lat/Lon: -22.37°/-68.67°, Depth: 85.30, Mag: 5.48 (M)
2025/07/24 08:00:02.431007 [Simulation:Info:toast@toast-new:Simulation not generated] Magnitude 5.48 of event bmg2025oiud is smaller than triggerMinMagnitude: no automatic simulation
2025/07/24 08:00:02.460806 [Incident:Info:toast@toast-new:Origin updated] Origin updated: OT: 2025-07-24 00:46:19,  Lat/Lon: -22.3656°/-68.6745°, Depth: 85.3031
2025/07/24 08:00:02.461077 [Simulation:Info:toast@toast-new:Simulation not generated] Magnitude 5.48 of event bmg2025oiud is smaller than triggerMinMagnitude: no automatic simulation
2025/07/24 08:00:10.984357 [Incident:Info:toast@toast-new:Origin updated] Origin updated: OT: 2025-07-24 00:46:19,  Lat/Lon: -22.3678°/-68.6838°, Depth: 84.7807
2025/07/24 08:00:10.984706 [Incident:Info:toast@toast-new:Magnitude updated] Magnitude updated: 5.47 (M)
2025/07/24 08:00:10.984888 [Simulation:Info:toast@toast-new:Simulation not generated] Magnitude 5.47 of event bmg2025oiud is smaller than triggerMinMagnitude: no automatic simulation
2025/07/24 08:00:22.385615 [Incident:Info:toast@toast-new:Origin updated] Origin updated: OT: 2025-07-24 00:46:19,  Lat/Lon: -22.3655°/-68.6675°, Depth: 85.6505
2025/07/24 08:00:22.386221 [Incident:Info:toast@toast-new:Magnitude updated] Magnitude updated: 5.48 (M)
2025/07/24 08:00:22.386524 [Simulation:Info:toast@toast-new:Simulation not generated] Magnitude 5.48 of event bmg2025oiud is smaller than triggerMinMagnitude: no automatic simulation
2025/07/24 08:00:47.319407 [Incident:Info:toast@toast-new:Origin updated] Origin updated: OT: 2025-07-24 00:46:19,  Lat/Lon: -22.3603°/-68.6633°, Depth: 85.2449
2025/07/24 08:00:47.319938 [Incident:Info:toast@toast-new:Magnitude updated] Magnitude updated: 5.47 (M)
2025/07/24 08:00:47.320231 [Simulation:Info:toast@toast-new:Simulation not generated] Magnitude 5.47 of event bmg2025oiud is smaller than triggerMinMagnitude: no automatic simulation
2025/07/24 08:02:13.887270 [Incident:Info:toast@toast-new:Origin updated] Origin updated: OT: 2025-07-24 00:46:19,  Lat/Lon: -22.3678°/-68.6986°, Depth: 81.6391
2025/07/24 08:02:13.887701 [Incident:Info:toast@toast-new:Magnitude updated] Magnitude updated: 5.52 (mb)
2025/07/24 08:02:13.887880 [Simulation:Info:toast@toast-new:Simulation not generated] Magnitude 5.52 of event bmg2025oiud is smaller than triggerMinMagnitude: no automatic simulation
2025/07/24 08:02:13.911865 [Incident:Info:toast@toast-new:Origin updated] Origin updated: OT: 2025-07-24 00:46:19,  Lat/Lon: -22.3678°/-68.6986°, Depth: 81.6391
2025/07/24 08:02:13.912316 [Incident:Info:toast@toast-new:Magnitude updated] Magnitude updated: 5.48 (M)
2025/07/24 08:02:13.912467 [Simulation:Info:toast@toast-new:Simulation not generated] Magnitude 5.48 of event bmg2025oiud is smaller than triggerMinMagnitude: no automatic simulation
2025/07/24 13:45:04.984967 [Incident:Info:toast@toast-new:Origin updated] Origin updated: OT: 2025-07-24 00:46:18,  Lat/Lon: -22.3883°/-68.6974°, Depth: 75.1016
2025/07/24 13:45:04.985152 [Incident:Info:toast@toast-new:Magnitude updated] Magnitude updated: 5.53 (mb)
2025/07/24 13:45:04.985188 [Simulation:Info:toast@toast-new:Simulation not generated] Magnitude 5.53 of event bmg2025oiud is smaller than triggerMinMagnitude: no automatic simulation
2025/07/24 13:45:05.008547 [Incident:Info:toast@toast-new:Origin updated] Origin updated: OT: 2025-07-24 00:46:18,  Lat/Lon: -22.3883°/-68.6974°, Depth: 75.1016
2025/07/24 13:45:05.008694 [Incident:Info:toast@toast-new:Magnitude updated] Magnitude updated: 5.45 (M)
2025/07/24 13:45:05.008746 [Simulation:Info:toast@toast-new:Simulation not generated] Magnitude 5.45 of event bmg2025oiud is smaller than triggerMinMagnitude: no automatic simulation
2025/07/24 13:45:15.554109 [Incident:Info:toast@toast-new:Origin updated] Origin updated: OT: 2025-07-24 00:46:18,  Lat/Lon: -22.3883°/-68.6974°, Depth: 75.1016
2025/07/24 13:45:15.554357 [Incident:Info:toast@toast-new:Magnitude updated] Magnitude updated: 5.53 (mb)
2025/07/24 13:45:15.554423 [Simulation:Info:toast@toast-new:Simulation not generated] Magnitude 5.53 of event bmg2025oiud is smaller than triggerMinMagnitude: no automatic simulation
2025/08/06 05:54:42.993930 [Incident:Info:toast@toast-new:Origin updated] Origin updated: OT: 2025-07-24 00:46:18,  Lat/Lon: -22.3836°/-68.6648°, Depth: 76.2798
2025/08/06 05:54:42.994847 [Incident:Info:toast@toast-new:Magnitude updated] Magnitude updated: 5.53 (mb)
2025/08/06 05:54:42.994892 [Simulation:Info:toast@toast-new:Simulation not generated] Magnitude 5.53 of event bmg2025oiud is smaller than triggerMinMagnitude: no automatic simulation
2025/08/06 05:54:43.005626 [Incident:Info:toast@toast-new:Origin updated] Origin updated: OT: 2025-07-24 00:46:18,  Lat/Lon: -22.3836°/-68.6648°, Depth: 76.2798
2025/08/06 05:54:43.005706 [Simulation:Info:toast@toast-new:Simulation not generated] Magnitude 5.53 of event bmg2025oiud is smaller than triggerMinMagnitude: no automatic simulation
