2025/11/21 04:52:03.105734 [Incident:Info:toast@toast-new:Displacement(s) updated] Added 0 and changed 0 displacements with 0 amplitudes
2025/11/21 04:52:03.106517 [Incident:Info:toast@toast-new:Incident created] Incident created based on event received from messaging: OT: 2025-11-20 21:39:12,  Lat/Lon: 36.18°/71.32°, Depth: 100.09, Mag: 5.24 (M)
2025/11/21 04:52:03.107145 [Simulation:Info:toast@toast-new:Simulation not generated] Magnitude 5.24 of event bmg2025wtuj is smaller than triggerMinMagnitude: no automatic simulation
2025/11/21 04:52:03.128526 [Incident:Info:toast@toast-new:Origin updated] Origin updated: OT: 2025-11-20 21:39:12,  Lat/Lon: 36.1799°/71.3164°, Depth: 100.089
2025/11/21 04:52:03.128687 [Simulation:Info:toast@toast-new:Simulation not generated] Magnitude 5.24 of event bmg2025wtuj is smaller than triggerMinMagnitude: no automatic simulation
2025/11/21 04:52:23.652165 [Incident:Info:toast@toast-new:Origin updated] Origin updated: OT: 2025-11-20 21:39:12,  Lat/Lon: 36.1799°/71.3164°, Depth: 100.089
2025/11/21 04:52:23.652349 [Incident:Info:toast@toast-new:Magnitude updated] Magnitude updated: 5.23 (M)
2025/11/21 04:52:23.652383 [Simulation:Info:toast@toast-new:Simulation not generated] Magnitude 5.23 of event bmg2025wtuj is smaller than triggerMinMagnitude: no automatic simulation
2025/11/21 04:52:52.498596 [Incident:Info:toast@toast-new:Origin updated] Origin updated: OT: 2025-11-20 21:39:12,  Lat/Lon: 36.1799°/71.3164°, Depth: 100.089
2025/11/21 04:52:52.498810 [Incident:Info:toast@toast-new:Magnitude updated] Magnitude updated: 5.24 (M)
2025/11/21 04:52:52.498850 [Simulation:Info:toast@toast-new:Simulation not generated] Magnitude 5.24 of event bmg2025wtuj is smaller than triggerMinMagnitude: no automatic simulation
2025/11/21 04:53:41.057325 [Incident:Info:toast@toast-new:Origin updated] Origin updated: OT: 2025-11-20 21:39:11,  Lat/Lon: 36.2674°/71.3147°, Depth: 93.8875
2025/11/21 04:53:41.057535 [Incident:Info:toast@toast-new:Magnitude updated] Magnitude updated: 5.04 (mb)
2025/11/21 04:53:41.057575 [Simulation:Info:toast@toast-new:Simulation not generated] Magnitude 5.04 of event bmg2025wtuj is smaller than triggerMinMagnitude: no automatic simulation
2025/11/21 04:53:41.077088 [Incident:Info:toast@toast-new:Origin updated] Origin updated: OT: 2025-11-20 21:39:11,  Lat/Lon: 36.2674°/71.3147°, Depth: 93.8875
2025/11/21 04:53:41.077198 [Incident:Info:toast@toast-new:Magnitude updated] Magnitude updated: 5.23 (M)
2025/11/21 04:53:41.077233 [Simulation:Info:toast@toast-new:Simulation not generated] Magnitude 5.23 of event bmg2025wtuj is smaller than triggerMinMagnitude: no automatic simulation
2025/11/21 10:26:18.888825 [Incident:Info:toast@toast-new:Origin updated] Origin updated: OT: 2025-11-20 21:39:13,  Lat/Lon: 36.4093°/71.1064°, Depth: 140.809
2025/11/21 10:26:18.889014 [Incident:Info:toast@toast-new:Magnitude updated] Magnitude updated: 5.15 (M)
2025/11/21 10:26:18.889052 [Simulation:Info:toast@toast-new:Simulation not generated] Magnitude 5.15 of event bmg2025wtuj is smaller than triggerMinMagnitude: no automatic simulation
2025/11/21 23:59:35.837397 [Incident:Info:toast@toast-new:Displacement(s) updated] Added 0 and changed 0 displacements with 0 amplitudes
2025/11/21 23:59:35.855393 [Incident:Info:toast@toast-new:Incident created] Incident created based on event received from messaging: OT: 2025-11-20 21:39:11,  Lat/Lon: 36.28°/71.26°, Depth: 108.24, Mag: 5.00 (mb)
2025/11/21 23:59:35.856008 [Simulation:Info:toast@toast-new:Simulation not generated] Magnitude 5.00 of event bmg2025wtuj is smaller than triggerMinMagnitude: no automatic simulation
2025/11/21 23:59:35.871189 [Incident:Info:toast@toast-new:Origin updated] Origin updated: OT: 2025-11-20 21:39:11,  Lat/Lon: 36.2779°/71.2639°, Depth: 108.244
2025/11/21 23:59:35.871327 [Simulation:Info:toast@toast-new:Simulation not generated] Magnitude 5.00 of event bmg2025wtuj is smaller than triggerMinMagnitude: no automatic simulation
2025/11/21 23:59:35.884689 [Incident:Info:toast@toast-new:Origin updated] Origin updated: OT: 2025-11-20 21:39:11,  Lat/Lon: 36.2779°/71.2639°, Depth: 108.244
2025/11/21 23:59:35.884813 [Simulation:Info:toast@toast-new:Simulation not generated] Magnitude 5.00 of event bmg2025wtuj is smaller than triggerMinMagnitude: no automatic simulation
