2025/10/05 00:48:49.949212 [Incident:Info:toast@toast-new:Displacement(s) updated] Added 0 and changed 0 displacements with 0 amplitudes
2025/10/05 00:48:49.950544 [Incident:Info:toast@toast-new:Incident created] Incident created based on event received from messaging: OT: 2025-10-04 17:38:02,  Lat/Lon: 51.72°/160.05°, Depth: 10.00, Mag: 5.25 (M)
2025/10/05 00:48:49.950987 [Simulation:Info:toast@toast-new:Simulation not generated] Magnitude 5.25 of event bmg2025tlpu is smaller than triggerMinMagnitude: no automatic simulation
2025/10/05 00:48:49.978677 [Incident:Info:toast@toast-new:Origin updated] Origin updated: OT: 2025-10-04 17:38:02,  Lat/Lon: 51.7197°/160.054°, Depth: 10
2025/10/05 00:48:49.978812 [Simulation:Info:toast@toast-new:Simulation not generated] Magnitude 5.25 of event bmg2025tlpu is smaller than triggerMinMagnitude: no automatic simulation
2025/10/05 00:48:59.940548 [Incident:Info:toast@toast-new:Origin updated] Origin updated: OT: 2025-10-04 17:38:02,  Lat/Lon: 51.7197°/160.054°, Depth: 10
2025/10/05 00:48:59.940741 [Incident:Info:toast@toast-new:Magnitude updated] Magnitude updated: 5.24 (M)
2025/10/05 00:48:59.940796 [Simulation:Info:toast@toast-new:Simulation not generated] Magnitude 5.24 of event bmg2025tlpu is smaller than triggerMinMagnitude: no automatic simulation
2025/10/05 00:48:59.964872 [Incident:Info:toast@toast-new:Origin updated] Origin updated: OT: 2025-10-04 17:38:02,  Lat/Lon: 51.7228°/160.058°, Depth: 10
2025/10/05 00:48:59.965002 [Incident:Info:toast@toast-new:Magnitude updated] Magnitude updated: 5.24 (M)
2025/10/05 00:48:59.965035 [Simulation:Info:toast@toast-new:Simulation not generated] Magnitude 5.24 of event bmg2025tlpu is smaller than triggerMinMagnitude: no automatic simulation
2025/10/05 00:49:05.240115 [Incident:Info:toast@toast-new:Origin updated] Origin updated: OT: 2025-10-04 17:38:02,  Lat/Lon: 51.7228°/160.058°, Depth: 10
2025/10/05 00:49:05.240332 [Incident:Info:toast@toast-new:Magnitude updated] Magnitude updated: 5.24 (M)
2025/10/05 00:49:05.240377 [Simulation:Info:toast@toast-new:Simulation not generated] Magnitude 5.24 of event bmg2025tlpu is smaller than triggerMinMagnitude: no automatic simulation
2025/10/05 00:49:10.231945 [Incident:Info:toast@toast-new:Origin updated] Origin updated: OT: 2025-10-04 17:38:02,  Lat/Lon: 51.7228°/160.058°, Depth: 10
2025/10/05 00:49:10.232151 [Incident:Info:toast@toast-new:Magnitude updated] Magnitude updated: 5.24 (M)
2025/10/05 00:49:10.232197 [Simulation:Info:toast@toast-new:Simulation not generated] Magnitude 5.24 of event bmg2025tlpu is smaller than triggerMinMagnitude: no automatic simulation
2025/10/05 00:49:12.811900 [Incident:Info:toast@toast-new:Origin updated] Origin updated: OT: 2025-10-04 17:38:02,  Lat/Lon: 51.7226°/160.063°, Depth: 10
2025/10/05 00:49:12.812057 [Incident:Info:toast@toast-new:Magnitude updated] Magnitude updated: 5.22 (M)
2025/10/05 00:49:12.812088 [Simulation:Info:toast@toast-new:Simulation not generated] Magnitude 5.22 of event bmg2025tlpu is smaller than triggerMinMagnitude: no automatic simulation
2025/10/05 00:49:20.224894 [Incident:Info:toast@toast-new:Origin updated] Origin updated: OT: 2025-10-04 17:38:02,  Lat/Lon: 51.7226°/160.063°, Depth: 10
2025/10/05 00:49:20.225076 [Incident:Info:toast@toast-new:Magnitude updated] Magnitude updated: 5.22 (M)
2025/10/05 00:49:20.225110 [Simulation:Info:toast@toast-new:Simulation not generated] Magnitude 5.22 of event bmg2025tlpu is smaller than triggerMinMagnitude: no automatic simulation
2025/10/05 00:49:25.240266 [Incident:Info:toast@toast-new:Origin updated] Origin updated: OT: 2025-10-04 17:38:02,  Lat/Lon: 51.7226°/160.063°, Depth: 10
2025/10/05 00:49:25.240451 [Incident:Info:toast@toast-new:Magnitude updated] Magnitude updated: 5.21 (M)
2025/10/05 00:49:25.240484 [Simulation:Info:toast@toast-new:Simulation not generated] Magnitude 5.21 of event bmg2025tlpu is smaller than triggerMinMagnitude: no automatic simulation
2025/10/05 00:49:30.024628 [Incident:Info:toast@toast-new:Origin updated] Origin updated: OT: 2025-10-04 17:38:02,  Lat/Lon: 51.7226°/160.063°, Depth: 10
2025/10/05 00:49:30.024822 [Incident:Info:toast@toast-new:Magnitude updated] Magnitude updated: 5.23 (M)
2025/10/05 00:49:30.024858 [Simulation:Info:toast@toast-new:Simulation not generated] Magnitude 5.23 of event bmg2025tlpu is smaller than triggerMinMagnitude: no automatic simulation
2025/10/05 00:49:30.048384 [Incident:Info:toast@toast-new:Origin updated] Origin updated: OT: 2025-10-04 17:38:02,  Lat/Lon: 51.7265°/160.049°, Depth: 10
2025/10/05 00:49:30.048492 [Incident:Info:toast@toast-new:Magnitude updated] Magnitude updated: 5.23 (M)
2025/10/05 00:49:30.048518 [Simulation:Info:toast@toast-new:Simulation not generated] Magnitude 5.23 of event bmg2025tlpu is smaller than triggerMinMagnitude: no automatic simulation
2025/10/05 00:49:35.228849 [Incident:Info:toast@toast-new:Origin updated] Origin updated: OT: 2025-10-04 17:38:02,  Lat/Lon: 51.7265°/160.049°, Depth: 10
2025/10/05 00:49:35.229039 [Incident:Info:toast@toast-new:Magnitude updated] Magnitude updated: 5.26 (M)
2025/10/05 00:49:35.229093 [Simulation:Info:toast@toast-new:Simulation not generated] Magnitude 5.26 of event bmg2025tlpu is smaller than triggerMinMagnitude: no automatic simulation
2025/10/05 00:49:49.932284 [Incident:Info:toast@toast-new:Origin updated] Origin updated: OT: 2025-10-04 17:38:02,  Lat/Lon: 51.7186°/160.065°, Depth: 10
2025/10/05 00:49:49.932452 [Incident:Info:toast@toast-new:Magnitude updated] Magnitude updated: 5.26 (M)
2025/10/05 00:49:49.932481 [Simulation:Info:toast@toast-new:Simulation not generated] Magnitude 5.26 of event bmg2025tlpu is smaller than triggerMinMagnitude: no automatic simulation
2025/10/05 00:49:50.231439 [Incident:Info:toast@toast-new:Origin updated] Origin updated: OT: 2025-10-04 17:38:02,  Lat/Lon: 51.7186°/160.065°, Depth: 10
2025/10/05 00:49:50.231622 [Incident:Info:toast@toast-new:Magnitude updated] Magnitude updated: 5.25 (M)
2025/10/05 00:49:50.231653 [Simulation:Info:toast@toast-new:Simulation not generated] Magnitude 5.25 of event bmg2025tlpu is smaller than triggerMinMagnitude: no automatic simulation
2025/10/05 00:49:55.232691 [Incident:Info:toast@toast-new:Origin updated] Origin updated: OT: 2025-10-04 17:38:02,  Lat/Lon: 51.7186°/160.065°, Depth: 10
2025/10/05 00:49:55.232875 [Incident:Info:toast@toast-new:Magnitude updated] Magnitude updated: 5.26 (M)
2025/10/05 00:49:55.232910 [Simulation:Info:toast@toast-new:Simulation not generated] Magnitude 5.26 of event bmg2025tlpu is smaller than triggerMinMagnitude: no automatic simulation
2025/10/05 00:50:00.235465 [Incident:Info:toast@toast-new:Origin updated] Origin updated: OT: 2025-10-04 17:38:02,  Lat/Lon: 51.7186°/160.065°, Depth: 10
2025/10/05 00:50:00.235635 [Incident:Info:toast@toast-new:Magnitude updated] Magnitude updated: 5.27 (M)
2025/10/05 00:50:00.235667 [Simulation:Info:toast@toast-new:Simulation not generated] Magnitude 5.27 of event bmg2025tlpu is smaller than triggerMinMagnitude: no automatic simulation
2025/10/05 00:50:05.116834 [Incident:Info:toast@toast-new:Origin updated] Origin updated: OT: 2025-10-04 17:38:02,  Lat/Lon: 51.7247°/160.039°, Depth: 10
2025/10/05 00:50:05.117008 [Incident:Info:toast@toast-new:Magnitude updated] Magnitude updated: 5.31 (M)
2025/10/05 00:50:05.117039 [Simulation:Info:toast@toast-new:Simulation not generated] Magnitude 5.31 of event bmg2025tlpu is smaller than triggerMinMagnitude: no automatic simulation
2025/10/05 00:50:25.207561 [Incident:Info:toast@toast-new:Origin updated] Origin updated: OT: 2025-10-04 17:38:02,  Lat/Lon: 51.7247°/160.039°, Depth: 10
2025/10/05 00:50:25.207765 [Incident:Info:toast@toast-new:Magnitude updated] Magnitude updated: 5.32 (M)
2025/10/05 00:50:25.207818 [Simulation:Info:toast@toast-new:Simulation not generated] Magnitude 5.32 of event bmg2025tlpu is smaller than triggerMinMagnitude: no automatic simulation
2025/10/05 00:50:30.208957 [Incident:Info:toast@toast-new:Origin updated] Origin updated: OT: 2025-10-04 17:38:02,  Lat/Lon: 51.7247°/160.039°, Depth: 10
2025/10/05 00:50:30.209124 [Incident:Info:toast@toast-new:Magnitude updated] Magnitude updated: 5.34 (M)
2025/10/05 00:50:30.209177 [Simulation:Info:toast@toast-new:Simulation not generated] Magnitude 5.34 of event bmg2025tlpu is smaller than triggerMinMagnitude: no automatic simulation
2025/10/05 00:50:35.226835 [Incident:Info:toast@toast-new:Origin updated] Origin updated: OT: 2025-10-04 17:38:02,  Lat/Lon: 51.7247°/160.039°, Depth: 10
2025/10/05 00:50:35.227028 [Incident:Info:toast@toast-new:Magnitude updated] Magnitude updated: 5.38 (M)
2025/10/05 00:50:35.227083 [Simulation:Info:toast@toast-new:Simulation not generated] Magnitude 5.38 of event bmg2025tlpu is smaller than triggerMinMagnitude: no automatic simulation
2025/10/05 00:50:40.200262 [Incident:Info:toast@toast-new:Origin updated] Origin updated: OT: 2025-10-04 17:38:02,  Lat/Lon: 51.7121°/160.052°, Depth: 10
2025/10/05 00:50:40.200435 [Incident:Info:toast@toast-new:Magnitude updated] Magnitude updated: 5.43 (M)
2025/10/05 00:50:40.200467 [Simulation:Info:toast@toast-new:Simulation not generated] Magnitude 5.43 of event bmg2025tlpu is smaller than triggerMinMagnitude: no automatic simulation
2025/10/05 00:50:45.213985 [Incident:Info:toast@toast-new:Origin updated] Origin updated: OT: 2025-10-04 17:38:02,  Lat/Lon: 51.7121°/160.052°, Depth: 10
2025/10/05 00:50:45.214123 [Incident:Info:toast@toast-new:Magnitude updated] Magnitude updated: 5.47 (M)
2025/10/05 00:50:45.214169 [Simulation:Info:toast@toast-new:Simulation not generated] Magnitude 5.47 of event bmg2025tlpu is smaller than triggerMinMagnitude: no automatic simulation
2025/10/05 00:50:50.210186 [Incident:Info:toast@toast-new:Origin updated] Origin updated: OT: 2025-10-04 17:38:02,  Lat/Lon: 51.7121°/160.052°, Depth: 10
2025/10/05 00:50:50.210352 [Incident:Info:toast@toast-new:Magnitude updated] Magnitude updated: 5.48 (M)
2025/10/05 00:50:50.210386 [Simulation:Info:toast@toast-new:Simulation not generated] Magnitude 5.48 of event bmg2025tlpu is smaller than triggerMinMagnitude: no automatic simulation
2025/10/05 00:51:22.883688 [Incident:Info:toast@toast-new:Origin updated] Origin updated: OT: 2025-10-04 17:38:02,  Lat/Lon: 51.7179°/160.046°, Depth: 10
2025/10/05 00:51:22.883869 [Incident:Info:toast@toast-new:Magnitude updated] Magnitude updated: 5.55 (Mw(mB))
2025/10/05 00:51:22.883923 [Simulation:Info:toast@toast-new:Simulation not generated] Magnitude 5.55 of event bmg2025tlpu is smaller than triggerMinMagnitude: no automatic simulation
2025/10/05 00:52:05.223576 [Incident:Info:toast@toast-new:Origin updated] Origin updated: OT: 2025-10-04 17:38:02,  Lat/Lon: 51.7179°/160.046°, Depth: 10
2025/10/05 00:52:05.223786 [Incident:Info:toast@toast-new:Magnitude updated] Magnitude updated: 5.55 (Mw(mB))
2025/10/05 00:52:05.223840 [Simulation:Info:toast@toast-new:Simulation not generated] Magnitude 5.55 of event bmg2025tlpu is smaller than triggerMinMagnitude: no automatic simulation
2025/10/05 00:52:10.178035 [Incident:Info:toast@toast-new:Origin updated] Origin updated: OT: 2025-10-04 17:38:02,  Lat/Lon: 51.7327°/159.964°, Depth: 10
2025/10/05 00:52:10.178230 [Incident:Info:toast@toast-new:Magnitude updated] Magnitude updated: 5.55 (Mw(mB))
2025/10/05 00:52:10.178269 [Simulation:Info:toast@toast-new:Simulation not generated] Magnitude 5.55 of event bmg2025tlpu is smaller than triggerMinMagnitude: no automatic simulation
2025/10/05 00:55:09.836800 [Incident:Info:toast@toast-new:Origin updated] Origin updated: OT: 2025-10-04 17:38:02,  Lat/Lon: 51.7361°/159.961°, Depth: 10
2025/10/05 00:55:09.836970 [Incident:Info:toast@toast-new:Magnitude updated] Magnitude updated: 5.55 (Mw(mB))
2025/10/05 00:55:09.837000 [Simulation:Info:toast@toast-new:Simulation not generated] Magnitude 5.55 of event bmg2025tlpu is smaller than triggerMinMagnitude: no automatic simulation
2025/10/05 00:55:10.216694 [Incident:Info:toast@toast-new:Origin updated] Origin updated: OT: 2025-10-04 17:38:02,  Lat/Lon: 51.7361°/159.961°, Depth: 10
2025/10/05 00:55:10.216898 [Incident:Info:toast@toast-new:Magnitude updated] Magnitude updated: 5.55 (Mw(mB))
2025/10/05 00:55:10.216947 [Simulation:Info:toast@toast-new:Simulation not generated] Magnitude 5.55 of event bmg2025tlpu is smaller than triggerMinMagnitude: no automatic simulation
2025/10/05 00:58:29.245858 [Incident:Info:toast@toast-new:Origin updated] Origin updated: OT: 2025-10-04 17:38:02,  Lat/Lon: 51.7361°/159.961°, Depth: 10
2025/10/05 00:58:29.246049 [Simulation:Info:toast@toast-new:Simulation not generated] Magnitude 5.55 of event bmg2025tlpu is smaller than triggerMinMagnitude: no automatic simulation
2025/10/05 01:01:34.515973 [Incident:Info:toast@toast-new:Origin updated] Origin updated: OT: 2025-10-04 17:38:02,  Lat/Lon: 51.7361°/159.961°, Depth: 10
2025/10/05 01:01:34.516151 [Simulation:Info:toast@toast-new:Simulation not generated] Magnitude 5.55 of event bmg2025tlpu is smaller than triggerMinMagnitude: no automatic simulation
2025/10/05 02:23:10.319334 [Incident:Info:toast@toast-new:Origin updated] Origin updated: OT: 2025-10-04 17:38:02,  Lat/Lon: 51.7367°/159.962°, Depth: 10
2025/10/05 02:23:10.319511 [Incident:Info:toast@toast-new:Magnitude updated] Magnitude updated: 5.55 (Mw(mB))
2025/10/05 02:23:10.319548 [Simulation:Info:toast@toast-new:Simulation not generated] Magnitude 5.55 of event bmg2025tlpu is smaller than triggerMinMagnitude: no automatic simulation
2025/10/05 02:23:15.218928 [Incident:Info:toast@toast-new:Origin updated] Origin updated: OT: 2025-10-04 17:38:02,  Lat/Lon: 51.7367°/159.962°, Depth: 10
2025/10/05 02:23:15.219104 [Incident:Info:toast@toast-new:Magnitude updated] Magnitude updated: 5.54 (Mw(mB))
2025/10/05 02:23:15.219133 [Simulation:Info:toast@toast-new:Simulation not generated] Magnitude 5.54 of event bmg2025tlpu is smaller than triggerMinMagnitude: no automatic simulation
2025/10/05 03:10:03.993093 [Incident:Info:toast@toast-new:Origin updated] Origin updated: OT: 2025-10-04 17:38:04,  Lat/Lon: 51.7272°/159.946°, Depth: 18.7882
2025/10/05 03:10:03.993447 [Incident:Info:toast@toast-new:Magnitude updated] Magnitude updated: 5.47 (Mw(mB))
2025/10/05 03:10:03.993501 [Simulation:Info:toast@toast-new:Simulation not generated] Magnitude 5.47 of event bmg2025tlpu is smaller than triggerMinMagnitude: no automatic simulation
2025/10/05 03:10:12.439148 [Incident:Info:toast@toast-new:Origin updated] Origin updated: OT: 2025-10-04 17:38:04,  Lat/Lon: 51.7272°/159.946°, Depth: 18.7882
2025/10/05 03:10:12.439333 [Incident:Info:toast@toast-new:Magnitude updated] Magnitude updated: 5.47 (mb)
2025/10/05 03:10:12.439374 [Simulation:Info:toast@toast-new:Simulation not generated] Magnitude 5.47 of event bmg2025tlpu is smaller than triggerMinMagnitude: no automatic simulation
2025/10/07 07:35:16.446160 [Incident:Info:toast@toast-new:Origin updated] Origin updated: OT: 2025-10-04 17:38:04,  Lat/Lon: 51.7571°/160.033°, Depth: 23.7242
2025/10/07 07:35:16.446876 [Incident:Info:toast@toast-new:Magnitude updated] Magnitude updated: 5.48 (mb)
2025/10/07 07:35:16.447310 [Simulation:Info:toast@toast-new:Simulation not generated] Magnitude 5.48 of event bmg2025tlpu is smaller than triggerMinMagnitude: no automatic simulation
2025/10/07 07:35:39.378437 [Incident:Info:toast@toast-new:Origin updated] Origin updated: OT: 2025-10-04 17:38:04,  Lat/Lon: 51.7494°/160.042°, Depth: 22.5052
2025/10/07 07:35:39.379106 [Incident:Info:toast@toast-new:Magnitude updated] Magnitude updated: 5.48 (mb)
2025/10/07 07:35:39.379509 [Simulation:Info:toast@toast-new:Simulation not generated] Magnitude 5.48 of event bmg2025tlpu is smaller than triggerMinMagnitude: no automatic simulation
2025/10/07 07:35:47.439070 [Incident:Info:toast@toast-new:Origin updated] Origin updated: OT: 2025-10-04 17:38:04,  Lat/Lon: 51.7494°/160.042°, Depth: 22.5052
2025/10/07 07:35:47.439813 [Simulation:Info:toast@toast-new:Simulation not generated] Magnitude 5.48 of event bmg2025tlpu is smaller than triggerMinMagnitude: no automatic simulation
2025/10/07 07:35:47.457624 [Incident:Info:toast@toast-new:Origin updated] Origin updated: OT: 2025-10-04 17:38:04,  Lat/Lon: 51.7494°/160.042°, Depth: 22.5052
2025/10/07 07:35:47.458187 [Incident:Info:toast@toast-new:Magnitude updated] Magnitude updated: 5.47 (Mw(mB))
2025/10/07 07:35:47.458484 [Simulation:Info:toast@toast-new:Simulation not generated] Magnitude 5.47 of event bmg2025tlpu is smaller than triggerMinMagnitude: no automatic simulation
2025/10/09 23:26:36.570653 [Incident:Info:toast@toast-new:Incident removed] Removed incident - Bye
