2025/08/02 06:04:32.757414 [Incident:Info:toast@toast-new:Displacement(s) updated] Added 0 and changed 0 displacements with 0 amplitudes
2025/08/02 06:04:32.758610 [Incident:Info:toast@toast-new:Incident created] Incident created based on event received from messaging: OT: 2025-08-01 22:51:33,  Lat/Lon: 52.16°/160.55°, Depth: 28.92, Mag: 5.11 (mb)
2025/08/02 06:04:32.759262 [Simulation:Info:toast@toast-new:Simulation not generated] Magnitude 5.11 of event bmg2025ozbx is smaller than triggerMinMagnitude: no automatic simulation
2025/08/02 06:04:32.780706 [Incident:Info:toast@toast-new:Origin updated] Origin updated: OT: 2025-08-01 22:51:33,  Lat/Lon: 52.1561°/160.548°, Depth: 28.9245
2025/08/02 06:04:32.780870 [Simulation:Info:toast@toast-new:Simulation not generated] Magnitude 5.11 of event bmg2025ozbx is smaller than triggerMinMagnitude: no automatic simulation
2025/08/02 11:15:18.318190 [Incident:Info:toast@toast-new:Origin updated] Origin updated: OT: 2025-08-01 22:51:34,  Lat/Lon: 52.2284°/160.579°, Depth: 38.9671
2025/08/02 11:15:18.353831 [Incident:Info:toast@toast-new:Magnitude updated] Magnitude updated: 5.10 (mb)
2025/08/02 11:15:18.353927 [Simulation:Info:toast@toast-new:Simulation not generated] Magnitude 5.10 of event bmg2025ozbx is smaller than triggerMinMagnitude: no automatic simulation
2025/08/02 11:15:21.484463 [Incident:Info:toast@toast-new:Origin updated] Origin updated: OT: 2025-08-01 22:51:34,  Lat/Lon: 52.2284°/160.579°, Depth: 38.9671
2025/08/02 11:15:21.484628 [Simulation:Info:toast@toast-new:Simulation not generated] Magnitude 5.10 of event bmg2025ozbx is smaller than triggerMinMagnitude: no automatic simulation
2025/08/03 08:39:02.429185 [Incident:Info:toast@toast-new:Incident removed] Removed incident - Bye
2025/08/03 14:29:44.549835 [Incident:Info:toast@toast-new:Displacement(s) updated] Added 0 and changed 0 displacements with 0 amplitudes
2025/08/03 14:29:44.568046 [Incident:Info:toast@toast-new:Incident created] Incident created based on event received from messaging: OT: 2025-08-01 22:51:34,  Lat/Lon: 52.23°/160.58°, Depth: 39.03, Mag: 5.10 (mb)
2025/08/03 14:29:44.568668 [Simulation:Info:toast@toast-new:Simulation not generated] Magnitude 5.10 of event bmg2025ozbx is smaller than triggerMinMagnitude: no automatic simulation
2025/08/03 14:29:44.581766 [Incident:Info:toast@toast-new:Origin updated] Origin updated: OT: 2025-08-01 22:51:34,  Lat/Lon: 52.2289°/160.578°, Depth: 39.03
2025/08/03 14:29:44.581883 [Simulation:Info:toast@toast-new:Simulation not generated] Magnitude 5.10 of event bmg2025ozbx is smaller than triggerMinMagnitude: no automatic simulation
2025/08/03 14:29:59.146491 [Incident:Info:toast@toast-new:Origin updated] Origin updated: OT: 2025-08-01 22:51:34,  Lat/Lon: 52.2289°/160.578°, Depth: 39.03
2025/08/03 14:29:59.146695 [Simulation:Info:toast@toast-new:Simulation not generated] Magnitude 5.10 of event bmg2025ozbx is smaller than triggerMinMagnitude: no automatic simulation
2025/08/03 14:29:59.164054 [Incident:Info:toast@toast-new:Origin updated] Origin updated: OT: 2025-08-01 22:51:34,  Lat/Lon: 52.2289°/160.578°, Depth: 39.03
2025/08/03 14:29:59.164180 [Simulation:Info:toast@toast-new:Simulation not generated] Magnitude 5.10 of event bmg2025ozbx is smaller than triggerMinMagnitude: no automatic simulation
2025/08/03 21:41:06.100129 [Incident:Info:toast@toast-new:Incident removed] Removed incident - Bye
