2025/07/28 08:33:36.660168 [Incident:Info:toast@toast-new:Displacement(s) updated] Added 0 and changed 0 displacements with 0 amplitudes
2025/07/28 08:33:36.660952 [Incident:Info:toast@toast-new:Incident created] Incident created based on event received from messaging: OT: 2025-07-28 01:27:10,  Lat/Lon: -6.38°/148.73°, Depth: 10.00, Mag: 5.02 (M)
2025/07/28 08:33:36.662721 [Simulation:Info:toast@toast-new:Simulation not generated] Magnitude 5.02 of event bmg2025oqdn is smaller than triggerMinMagnitude: no automatic simulation
2025/07/28 08:33:37.312230 [Incident:Info:toast@toast-new:Origin updated] Origin updated: OT: 2025-07-28 01:27:10,  Lat/Lon: -6.38189°/148.725°, Depth: 10
2025/07/28 08:33:37.312558 [Simulation:Info:toast@toast-new:Simulation not generated] Magnitude 5.02 of event bmg2025oqdn is smaller than triggerMinMagnitude: no automatic simulation
2025/07/28 08:34:54.518797 [Incident:Info:toast@toast-new:Origin updated] Origin updated: OT: 2025-07-28 01:27:09,  Lat/Lon: -6.37459°/148.72°, Depth: 10
2025/07/28 08:34:54.519277 [Incident:Info:toast@toast-new:Magnitude updated] Magnitude updated: 5.03 (M)
2025/07/28 08:34:54.519497 [Simulation:Info:toast@toast-new:Simulation not generated] Magnitude 5.03 of event bmg2025oqdn is smaller than triggerMinMagnitude: no automatic simulation
2025/07/28 08:35:07.388080 [Incident:Info:toast@toast-new:Origin updated] Origin updated: OT: 2025-07-28 01:27:09,  Lat/Lon: -6.37259°/148.718°, Depth: 10
2025/07/28 08:35:07.388542 [Incident:Info:toast@toast-new:Magnitude updated] Magnitude updated: 5.03 (M)
2025/07/28 08:35:07.388763 [Simulation:Info:toast@toast-new:Simulation not generated] Magnitude 5.03 of event bmg2025oqdn is smaller than triggerMinMagnitude: no automatic simulation
2025/07/28 08:35:25.049007 [Incident:Info:toast@toast-new:Origin updated] Origin updated: OT: 2025-07-28 01:27:09,  Lat/Lon: -6.37259°/148.718°, Depth: 10
2025/07/28 08:35:25.049426 [Incident:Info:toast@toast-new:Magnitude updated] Magnitude updated: 5.09 (M)
2025/07/28 08:35:25.049672 [Simulation:Info:toast@toast-new:Simulation not generated] Magnitude 5.09 of event bmg2025oqdn is smaller than triggerMinMagnitude: no automatic simulation
2025/07/28 08:35:25.384516 [Incident:Info:toast@toast-new:Origin updated] Origin updated: OT: 2025-07-28 01:27:09,  Lat/Lon: -6.36676°/148.715°, Depth: 10
2025/07/28 08:35:25.384973 [Incident:Info:toast@toast-new:Magnitude updated] Magnitude updated: 5.10 (M)
2025/07/28 08:35:25.385214 [Simulation:Info:toast@toast-new:Simulation not generated] Magnitude 5.10 of event bmg2025oqdn is smaller than triggerMinMagnitude: no automatic simulation
2025/07/28 08:35:37.409923 [Incident:Info:toast@toast-new:Origin updated] Origin updated: OT: 2025-07-28 01:27:09,  Lat/Lon: -6.36536°/148.714°, Depth: 10
2025/07/28 08:35:37.410393 [Incident:Info:toast@toast-new:Magnitude updated] Magnitude updated: 5.10 (M)
2025/07/28 08:35:37.410651 [Simulation:Info:toast@toast-new:Simulation not generated] Magnitude 5.10 of event bmg2025oqdn is smaller than triggerMinMagnitude: no automatic simulation
2025/07/28 08:35:56.157505 [Incident:Info:toast@toast-new:Origin updated] Origin updated: OT: 2025-07-28 01:27:09,  Lat/Lon: -6.36112°/148.712°, Depth: 10
2025/07/28 08:35:56.157916 [Incident:Info:toast@toast-new:Magnitude updated] Magnitude updated: 5.11 (M)
2025/07/28 08:35:56.158109 [Simulation:Info:toast@toast-new:Simulation not generated] Magnitude 5.11 of event bmg2025oqdn is smaller than triggerMinMagnitude: no automatic simulation
2025/07/28 08:36:27.432641 [Incident:Info:toast@toast-new:Origin updated] Origin updated: OT: 2025-07-28 01:27:09,  Lat/Lon: -6.35561°/148.711°, Depth: 10
2025/07/28 08:36:27.433135 [Incident:Info:toast@toast-new:Magnitude updated] Magnitude updated: 5.11 (M)
2025/07/28 08:36:27.433363 [Simulation:Info:toast@toast-new:Simulation not generated] Magnitude 5.11 of event bmg2025oqdn is smaller than triggerMinMagnitude: no automatic simulation
2025/07/28 08:36:51.658155 [Incident:Info:toast@toast-new:Origin updated] Origin updated: OT: 2025-07-28 01:27:09,  Lat/Lon: -6.34318°/148.709°, Depth: 10
2025/07/28 08:36:51.658621 [Incident:Info:toast@toast-new:Magnitude updated] Magnitude updated: 5.11 (M)
2025/07/28 08:36:51.658845 [Simulation:Info:toast@toast-new:Simulation not generated] Magnitude 5.11 of event bmg2025oqdn is smaller than triggerMinMagnitude: no automatic simulation
2025/07/28 08:39:17.008764 [Incident:Info:toast@toast-new:Origin updated] Origin updated: OT: 2025-07-28 01:27:09,  Lat/Lon: -6.36493°/148.729°, Depth: 10
2025/07/28 08:39:17.009203 [Incident:Info:toast@toast-new:Magnitude updated] Magnitude updated: 5.12 (M)
2025/07/28 08:39:17.009415 [Simulation:Info:toast@toast-new:Simulation not generated] Magnitude 5.12 of event bmg2025oqdn is smaller than triggerMinMagnitude: no automatic simulation
2025/07/28 08:40:10.930491 [Incident:Info:toast@toast-new:Origin updated] Origin updated: OT: 2025-07-28 01:27:09,  Lat/Lon: -6.37171°/148.737°, Depth: 10
2025/07/28 08:40:10.930952 [Incident:Info:toast@toast-new:Magnitude updated] Magnitude updated: 5.11 (M)
2025/07/28 08:40:10.931170 [Simulation:Info:toast@toast-new:Simulation not generated] Magnitude 5.11 of event bmg2025oqdn is smaller than triggerMinMagnitude: no automatic simulation
2025/07/28 08:40:37.680020 [Incident:Info:toast@toast-new:Origin updated] Origin updated: OT: 2025-07-28 01:27:09,  Lat/Lon: -6.37649°/148.742°, Depth: 10
2025/07/28 08:40:37.680557 [Incident:Info:toast@toast-new:Magnitude updated] Magnitude updated: 5.11 (M)
2025/07/28 08:40:37.680825 [Simulation:Info:toast@toast-new:Simulation not generated] Magnitude 5.11 of event bmg2025oqdn is smaller than triggerMinMagnitude: no automatic simulation
2025/07/28 17:25:23.176058 [Incident:Info:toast@toast-new:Origin updated] Origin updated: OT: 2025-07-28 01:27:13,  Lat/Lon: -6.41153°/148.772°, Depth: 50.4212
2025/07/28 17:25:23.176452 [Incident:Info:toast@toast-new:Magnitude updated] Magnitude updated: 5.11 (M)
2025/07/28 17:25:23.176615 [Simulation:Info:toast@toast-new:Simulation not generated] Magnitude 5.11 of event bmg2025oqdn is smaller than triggerMinMagnitude: no automatic simulation
2025/07/28 17:25:31.081317 [Incident:Info:toast@toast-new:Origin updated] Origin updated: OT: 2025-07-28 01:27:13,  Lat/Lon: -6.41153°/148.772°, Depth: 50.4212
2025/07/28 17:25:31.081730 [Simulation:Info:toast@toast-new:Simulation not generated] Magnitude 5.11 of event bmg2025oqdn is smaller than triggerMinMagnitude: no automatic simulation
