2025/10/28 16:21:02.873589 [Incident:Info:toast@toast-new:Displacement(s) updated] Added 0 and changed 0 displacements with 0 amplitudes
2025/10/28 16:21:02.876743 [Incident:Info:toast@toast-new:Incident created] Incident created based on event received from messaging: OT: 2025-10-28 09:13:43,  Lat/Lon: -6.44°/155.41°, Depth: 10.00, Mag: 5.07 (M)
2025/10/28 16:21:02.877379 [Simulation:Info:toast@toast-new:Simulation not generated] Magnitude 5.07 of event bmg2025vcve is smaller than triggerMinMagnitude: no automatic simulation
2025/10/28 16:21:02.899377 [Incident:Info:toast@toast-new:Origin updated] Origin updated: OT: 2025-10-28 09:13:43,  Lat/Lon: -6.4424°/155.406°, Depth: 10
2025/10/28 16:21:02.899569 [Simulation:Info:toast@toast-new:Simulation not generated] Magnitude 5.07 of event bmg2025vcve is smaller than triggerMinMagnitude: no automatic simulation
2025/10/28 16:21:08.672184 [Incident:Info:toast@toast-new:Origin updated] Origin updated: OT: 2025-10-28 09:13:43,  Lat/Lon: -6.4424°/155.406°, Depth: 10
2025/10/28 16:21:08.672396 [Incident:Info:toast@toast-new:Magnitude updated] Magnitude updated: 5.10 (M)
2025/10/28 16:21:08.672510 [Simulation:Info:toast@toast-new:Simulation not generated] Magnitude 5.10 of event bmg2025vcve is smaller than triggerMinMagnitude: no automatic simulation
2025/10/28 16:21:12.882817 [Incident:Info:toast@toast-new:Origin updated] Origin updated: OT: 2025-10-28 09:13:42,  Lat/Lon: -6.43071°/155.435°, Depth: 10
2025/10/28 16:21:12.883037 [Incident:Info:toast@toast-new:Magnitude updated] Magnitude updated: 5.10 (M)
2025/10/28 16:21:12.883082 [Simulation:Info:toast@toast-new:Simulation not generated] Magnitude 5.10 of event bmg2025vcve is smaller than triggerMinMagnitude: no automatic simulation
2025/10/28 16:21:26.275999 [Incident:Info:toast@toast-new:Origin updated] Origin updated: OT: 2025-10-28 09:13:42,  Lat/Lon: -6.45004°/155.434°, Depth: 10
2025/10/28 16:21:26.276191 [Incident:Info:toast@toast-new:Magnitude updated] Magnitude updated: 5.10 (M)
2025/10/28 16:21:26.276225 [Simulation:Info:toast@toast-new:Simulation not generated] Magnitude 5.10 of event bmg2025vcve is smaller than triggerMinMagnitude: no automatic simulation
2025/10/28 16:21:33.676253 [Incident:Info:toast@toast-new:Origin updated] Origin updated: OT: 2025-10-28 09:13:42,  Lat/Lon: -6.45004°/155.434°, Depth: 10
2025/10/28 16:21:33.676483 [Incident:Info:toast@toast-new:Magnitude updated] Magnitude updated: 5.10 (M)
2025/10/28 16:21:33.676524 [Simulation:Info:toast@toast-new:Simulation not generated] Magnitude 5.10 of event bmg2025vcve is smaller than triggerMinMagnitude: no automatic simulation
2025/10/28 16:21:42.899191 [Incident:Info:toast@toast-new:Origin updated] Origin updated: OT: 2025-10-28 09:13:42,  Lat/Lon: -6.43804°/155.45°, Depth: 10
2025/10/28 16:21:42.899345 [Incident:Info:toast@toast-new:Magnitude updated] Magnitude updated: 5.10 (M)
2025/10/28 16:21:42.899426 [Simulation:Info:toast@toast-new:Simulation not generated] Magnitude 5.10 of event bmg2025vcve is smaller than triggerMinMagnitude: no automatic simulation
2025/10/28 16:21:59.301474 [Incident:Info:toast@toast-new:Origin updated] Origin updated: OT: 2025-10-28 09:13:42,  Lat/Lon: -6.4541°/155.444°, Depth: 10
2025/10/28 16:21:59.301651 [Incident:Info:toast@toast-new:Magnitude updated] Magnitude updated: 5.11 (M)
2025/10/28 16:21:59.301683 [Simulation:Info:toast@toast-new:Simulation not generated] Magnitude 5.11 of event bmg2025vcve is smaller than triggerMinMagnitude: no automatic simulation
2025/10/28 16:22:16.798423 [Incident:Info:toast@toast-new:Origin updated] Origin updated: OT: 2025-10-28 09:13:42,  Lat/Lon: -6.44632°/155.461°, Depth: 10
2025/10/28 16:22:16.798623 [Incident:Info:toast@toast-new:Magnitude updated] Magnitude updated: 5.11 (M)
2025/10/28 16:22:16.798658 [Simulation:Info:toast@toast-new:Simulation not generated] Magnitude 5.11 of event bmg2025vcve is smaller than triggerMinMagnitude: no automatic simulation
2025/10/28 16:22:37.941154 [Incident:Info:toast@toast-new:Origin updated] Origin updated: OT: 2025-10-28 09:13:42,  Lat/Lon: -6.45159°/155.439°, Depth: 10
2025/10/28 16:22:37.941398 [Incident:Info:toast@toast-new:Magnitude updated] Magnitude updated: 5.12 (M)
2025/10/28 16:22:37.941444 [Simulation:Info:toast@toast-new:Simulation not generated] Magnitude 5.12 of event bmg2025vcve is smaller than triggerMinMagnitude: no automatic simulation
2025/10/28 16:22:53.658504 [Incident:Info:toast@toast-new:Origin updated] Origin updated: OT: 2025-10-28 09:13:42,  Lat/Lon: -6.45159°/155.439°, Depth: 10
2025/10/28 16:22:53.658710 [Incident:Info:toast@toast-new:Magnitude updated] Magnitude updated: 5.17 (M)
2025/10/28 16:22:53.658831 [Simulation:Info:toast@toast-new:Simulation not generated] Magnitude 5.17 of event bmg2025vcve is smaller than triggerMinMagnitude: no automatic simulation
2025/10/28 16:22:57.974308 [Incident:Info:toast@toast-new:Origin updated] Origin updated: OT: 2025-10-28 09:13:42,  Lat/Lon: -6.44918°/155.449°, Depth: 10
2025/10/28 16:22:57.974544 [Incident:Info:toast@toast-new:Magnitude updated] Magnitude updated: 5.18 (M)
2025/10/28 16:22:57.974653 [Simulation:Info:toast@toast-new:Simulation not generated] Magnitude 5.18 of event bmg2025vcve is smaller than triggerMinMagnitude: no automatic simulation
2025/10/28 16:23:13.655714 [Incident:Info:toast@toast-new:Origin updated] Origin updated: OT: 2025-10-28 09:13:42,  Lat/Lon: -6.44918°/155.449°, Depth: 10
2025/10/28 16:23:13.655904 [Incident:Info:toast@toast-new:Magnitude updated] Magnitude updated: 5.19 (M)
2025/10/28 16:23:13.655937 [Simulation:Info:toast@toast-new:Simulation not generated] Magnitude 5.19 of event bmg2025vcve is smaller than triggerMinMagnitude: no automatic simulation
2025/10/28 16:23:20.885140 [Incident:Info:toast@toast-new:Origin updated] Origin updated: OT: 2025-10-28 09:13:42,  Lat/Lon: -6.44263°/155.469°, Depth: 10
2025/10/28 16:23:20.885332 [Incident:Info:toast@toast-new:Magnitude updated] Magnitude updated: 5.20 (M)
2025/10/28 16:23:20.885366 [Simulation:Info:toast@toast-new:Simulation not generated] Magnitude 5.20 of event bmg2025vcve is smaller than triggerMinMagnitude: no automatic simulation
2025/10/28 16:23:49.705641 [Incident:Info:toast@toast-new:Origin updated] Origin updated: OT: 2025-10-28 09:13:42,  Lat/Lon: -6.43421°/155.49°, Depth: 10
2025/10/28 16:23:49.705826 [Incident:Info:toast@toast-new:Magnitude updated] Magnitude updated: 5.20 (M)
2025/10/28 16:23:49.705923 [Simulation:Info:toast@toast-new:Simulation not generated] Magnitude 5.20 of event bmg2025vcve is smaller than triggerMinMagnitude: no automatic simulation
2025/10/28 16:24:18.017352 [Incident:Info:toast@toast-new:Origin updated] Origin updated: OT: 2025-10-28 09:13:42,  Lat/Lon: -6.4215°/155.517°, Depth: 10
2025/10/28 16:24:18.017568 [Incident:Info:toast@toast-new:Magnitude updated] Magnitude updated: 5.21 (M)
2025/10/28 16:24:18.017613 [Simulation:Info:toast@toast-new:Simulation not generated] Magnitude 5.21 of event bmg2025vcve is smaller than triggerMinMagnitude: no automatic simulation
2025/10/28 16:24:28.659330 [Incident:Info:toast@toast-new:Origin updated] Origin updated: OT: 2025-10-28 09:13:42,  Lat/Lon: -6.4215°/155.517°, Depth: 10
2025/10/28 16:24:28.659510 [Incident:Info:toast@toast-new:Magnitude updated] Magnitude updated: 5.22 (M)
2025/10/28 16:24:28.659544 [Simulation:Info:toast@toast-new:Simulation not generated] Magnitude 5.22 of event bmg2025vcve is smaller than triggerMinMagnitude: no automatic simulation
2025/10/28 16:24:43.659387 [Incident:Info:toast@toast-new:Origin updated] Origin updated: OT: 2025-10-28 09:13:42,  Lat/Lon: -6.4215°/155.517°, Depth: 10
2025/10/28 16:24:43.659582 [Incident:Info:toast@toast-new:Magnitude updated] Magnitude updated: 5.26 (M)
2025/10/28 16:24:43.659635 [Simulation:Info:toast@toast-new:Simulation not generated] Magnitude 5.26 of event bmg2025vcve is smaller than triggerMinMagnitude: no automatic simulation
2025/10/28 16:25:20.494971 [Incident:Info:toast@toast-new:Origin updated] Origin updated: OT: 2025-10-28 09:13:43,  Lat/Lon: -6.40618°/155.355°, Depth: 10
2025/10/28 16:25:20.495181 [Incident:Info:toast@toast-new:Magnitude updated] Magnitude updated: 5.25 (M)
2025/10/28 16:25:20.495233 [Simulation:Info:toast@toast-new:Simulation not generated] Magnitude 5.25 of event bmg2025vcve is smaller than triggerMinMagnitude: no automatic simulation
2025/10/28 16:25:51.773301 [Incident:Info:toast@toast-new:Origin updated] Origin updated: OT: 2025-10-28 09:13:44,  Lat/Lon: -6.40336°/155.248°, Depth: 10
2025/10/28 16:25:51.773532 [Incident:Info:toast@toast-new:Magnitude updated] Magnitude updated: 5.24 (M)
2025/10/28 16:25:51.773574 [Simulation:Info:toast@toast-new:Simulation not generated] Magnitude 5.24 of event bmg2025vcve is smaller than triggerMinMagnitude: no automatic simulation
2025/10/28 16:26:08.674940 [Incident:Info:toast@toast-new:Origin updated] Origin updated: OT: 2025-10-28 09:13:44,  Lat/Lon: -6.40336°/155.248°, Depth: 10
2025/10/28 16:26:08.675143 [Incident:Info:toast@toast-new:Magnitude updated] Magnitude updated: 5.23 (M)
2025/10/28 16:26:08.675179 [Simulation:Info:toast@toast-new:Simulation not generated] Magnitude 5.23 of event bmg2025vcve is smaller than triggerMinMagnitude: no automatic simulation
2025/10/28 16:26:43.135761 [Incident:Info:toast@toast-new:Origin updated] Origin updated: OT: 2025-10-28 09:13:45,  Lat/Lon: -6.47391°/155.13°, Depth: 10
2025/10/28 16:26:43.136007 [Incident:Info:toast@toast-new:Magnitude updated] Magnitude updated: 5.21 (M)
2025/10/28 16:26:43.136052 [Simulation:Info:toast@toast-new:Simulation not generated] Magnitude 5.21 of event bmg2025vcve is smaller than triggerMinMagnitude: no automatic simulation
2025/10/28 16:27:13.013517 [Incident:Info:toast@toast-new:Origin updated] Origin updated: OT: 2025-10-28 09:13:45,  Lat/Lon: -6.46417°/155.087°, Depth: 10
2025/10/28 16:27:13.013740 [Incident:Info:toast@toast-new:Magnitude updated] Magnitude updated: 5.21 (M)
2025/10/28 16:27:13.013786 [Simulation:Info:toast@toast-new:Simulation not generated] Magnitude 5.21 of event bmg2025vcve is smaller than triggerMinMagnitude: no automatic simulation
2025/10/28 16:30:36.291576 [Incident:Info:toast@toast-new:Origin updated] Origin updated: OT: 2025-10-28 09:13:45,  Lat/Lon: -6.46159°/155.076°, Depth: 10
2025/10/28 16:30:36.291769 [Incident:Info:toast@toast-new:Magnitude updated] Magnitude updated: 5.21 (M)
2025/10/28 16:30:36.291812 [Simulation:Info:toast@toast-new:Simulation not generated] Magnitude 5.21 of event bmg2025vcve is smaller than triggerMinMagnitude: no automatic simulation
2025/10/28 17:04:34.580557 [Incident:Info:toast@toast-new:Origin updated] Origin updated: OT: 2025-10-28 09:13:45,  Lat/Lon: -6.46828°/155.072°, Depth: 10
2025/10/28 17:04:34.580767 [Incident:Info:toast@toast-new:Magnitude updated] Magnitude updated: 5.21 (M)
2025/10/28 17:04:34.580801 [Simulation:Info:toast@toast-new:Simulation not generated] Magnitude 5.21 of event bmg2025vcve is smaller than triggerMinMagnitude: no automatic simulation
2025/10/28 17:34:48.510304 [Incident:Info:toast@toast-new:Origin updated] Origin updated: OT: 2025-10-28 09:13:45,  Lat/Lon: -6.46815°/155.072°, Depth: 10
2025/10/28 17:34:48.510515 [Incident:Info:toast@toast-new:Magnitude updated] Magnitude updated: 5.21 (M)
2025/10/28 17:34:48.510555 [Simulation:Info:toast@toast-new:Simulation not generated] Magnitude 5.21 of event bmg2025vcve is smaller than triggerMinMagnitude: no automatic simulation
2025/10/29 01:32:09.358414 [Incident:Info:toast@toast-new:Origin updated] Origin updated: OT: 2025-10-28 09:13:53,  Lat/Lon: -6.62474°/154.798°, Depth: 56.7774
2025/10/29 01:32:09.358623 [Incident:Info:toast@toast-new:Magnitude updated] Magnitude updated: 5.16 (mb)
2025/10/29 01:32:09.358723 [Simulation:Info:toast@toast-new:Simulation not generated] Magnitude 5.16 of event bmg2025vcve is smaller than triggerMinMagnitude: no automatic simulation
2025/10/29 01:32:09.370902 [Incident:Info:toast@toast-new:Origin updated] Origin updated: OT: 2025-10-28 09:13:53,  Lat/Lon: -6.62474°/154.798°, Depth: 56.7774
2025/10/29 01:32:09.371030 [Incident:Info:toast@toast-new:Magnitude updated] Magnitude updated: 5.15 (M)
2025/10/29 01:32:09.371063 [Simulation:Info:toast@toast-new:Simulation not generated] Magnitude 5.15 of event bmg2025vcve is smaller than triggerMinMagnitude: no automatic simulation
2025/10/29 01:32:13.688897 [Incident:Info:toast@toast-new:Origin updated] Origin updated: OT: 2025-10-28 09:13:53,  Lat/Lon: -6.62474°/154.798°, Depth: 56.7774
2025/10/29 01:32:13.689116 [Incident:Info:toast@toast-new:Magnitude updated] Magnitude updated: 5.16 (mb)
2025/10/29 01:32:13.689170 [Simulation:Info:toast@toast-new:Simulation not generated] Magnitude 5.16 of event bmg2025vcve is smaller than triggerMinMagnitude: no automatic simulation
2025/10/30 22:11:24.869009 [Incident:Info:toast@toast-new:Displacement(s) updated] Added 0 and changed 0 displacements with 0 amplitudes
2025/10/30 22:11:24.872612 [Incident:Info:toast@toast-new:Incident created] Incident created based on event received from messaging: OT: 2025-10-28 09:13:53,  Lat/Lon: -6.63°/154.78°, Depth: 57.92, Mag: 5.01 (mb)
2025/10/30 22:11:24.873218 [Simulation:Info:toast@toast-new:Simulation not generated] Magnitude 5.01 of event bmg2025vcve is smaller than triggerMinMagnitude: no automatic simulation
2025/10/30 22:11:24.891210 [Incident:Info:toast@toast-new:Origin updated] Origin updated: OT: 2025-10-28 09:13:53,  Lat/Lon: -6.62842°/154.777°, Depth: 57.9199
2025/10/30 22:11:24.891334 [Simulation:Info:toast@toast-new:Simulation not generated] Magnitude 5.01 of event bmg2025vcve is smaller than triggerMinMagnitude: no automatic simulation
2025/10/30 22:11:29.984105 [Incident:Info:toast@toast-new:Origin updated] Origin updated: OT: 2025-10-28 09:13:53,  Lat/Lon: -6.62842°/154.777°, Depth: 57.9199
2025/10/30 22:11:29.984274 [Simulation:Info:toast@toast-new:Simulation not generated] Magnitude 5.01 of event bmg2025vcve is smaller than triggerMinMagnitude: no automatic simulation
2025/10/30 22:11:30.021551 [Incident:Info:toast@toast-new:Origin updated] Origin updated: OT: 2025-10-28 09:13:53,  Lat/Lon: -6.62842°/154.777°, Depth: 57.9199
2025/10/30 22:11:30.021714 [Simulation:Info:toast@toast-new:Simulation not generated] Magnitude 5.01 of event bmg2025vcve is smaller than triggerMinMagnitude: no automatic simulation
