2025/08/05 08:59:05.085153 [Incident:Info:toast@toast-new:Displacement(s) updated] Added 0 and changed 0 displacements with 0 amplitudes
2025/08/05 08:59:05.097631 [Incident:Info:toast@toast-new:Incident created] Incident created based on event received from messaging: OT: 2025-08-05 01:47:35,  Lat/Lon: 52.27°/160.18°, Depth: 10.00, Mag: 5.09 (M)
2025/08/05 08:59:05.098340 [Simulation:Info:toast@toast-new:Simulation not generated] Magnitude 5.09 of event bmg2025peuf is smaller than triggerMinMagnitude: no automatic simulation
2025/08/05 08:59:05.122779 [Incident:Info:toast@toast-new:Origin updated] Origin updated: OT: 2025-08-05 01:47:35,  Lat/Lon: 52.2671°/160.182°, Depth: 10
2025/08/05 08:59:05.122897 [Simulation:Info:toast@toast-new:Simulation not generated] Magnitude 5.09 of event bmg2025peuf is smaller than triggerMinMagnitude: no automatic simulation
2025/08/05 08:59:17.415162 [Incident:Info:toast@toast-new:Origin updated] Origin updated: OT: 2025-08-05 01:47:35,  Lat/Lon: 52.2344°/160.188°, Depth: 10
2025/08/05 08:59:17.415323 [Incident:Info:toast@toast-new:Magnitude updated] Magnitude updated: 5.11 (M)
2025/08/05 08:59:17.415379 [Simulation:Info:toast@toast-new:Simulation not generated] Magnitude 5.11 of event bmg2025peuf is smaller than triggerMinMagnitude: no automatic simulation
2025/08/05 08:59:28.521141 [Incident:Info:toast@toast-new:Origin updated] Origin updated: OT: 2025-08-05 01:47:35,  Lat/Lon: 52.2324°/160.188°, Depth: 10
2025/08/05 08:59:28.521295 [Incident:Info:toast@toast-new:Magnitude updated] Magnitude updated: 5.17 (M)
2025/08/05 08:59:28.521372 [Simulation:Info:toast@toast-new:Simulation not generated] Magnitude 5.17 of event bmg2025peuf is smaller than triggerMinMagnitude: no automatic simulation
2025/08/05 08:59:45.051337 [Incident:Info:toast@toast-new:Origin updated] Origin updated: OT: 2025-08-05 01:47:35,  Lat/Lon: 52.2324°/160.188°, Depth: 10
2025/08/05 08:59:45.051460 [Incident:Info:toast@toast-new:Magnitude updated] Magnitude updated: 5.24 (M)
2025/08/05 08:59:45.051530 [Simulation:Info:toast@toast-new:Simulation not generated] Magnitude 5.24 of event bmg2025peuf is smaller than triggerMinMagnitude: no automatic simulation
2025/08/05 08:59:45.389295 [Incident:Info:toast@toast-new:Origin updated] Origin updated: OT: 2025-08-05 01:47:34,  Lat/Lon: 52.2206°/160.187°, Depth: 10
2025/08/05 08:59:45.389530 [Incident:Info:toast@toast-new:Magnitude updated] Magnitude updated: 5.24 (M)
2025/08/05 08:59:45.389621 [Simulation:Info:toast@toast-new:Simulation not generated] Magnitude 5.24 of event bmg2025peuf is smaller than triggerMinMagnitude: no automatic simulation
2025/08/05 08:59:59.284296 [Incident:Info:toast@toast-new:Origin updated] Origin updated: OT: 2025-08-05 01:47:34,  Lat/Lon: 52.2127°/160.192°, Depth: 10
2025/08/05 08:59:59.284488 [Incident:Info:toast@toast-new:Magnitude updated] Magnitude updated: 5.24 (M)
2025/08/05 08:59:59.284559 [Simulation:Info:toast@toast-new:Simulation not generated] Magnitude 5.24 of event bmg2025peuf is smaller than triggerMinMagnitude: no automatic simulation
2025/08/05 09:00:12.561710 [Incident:Info:toast@toast-new:Origin updated] Origin updated: OT: 2025-08-05 01:47:34,  Lat/Lon: 52.2148°/160.191°, Depth: 10
2025/08/05 09:00:12.561860 [Incident:Info:toast@toast-new:Magnitude updated] Magnitude updated: 5.24 (M)
2025/08/05 09:00:12.561916 [Simulation:Info:toast@toast-new:Simulation not generated] Magnitude 5.24 of event bmg2025peuf is smaller than triggerMinMagnitude: no automatic simulation
2025/08/05 09:00:27.457207 [Incident:Info:toast@toast-new:Origin updated] Origin updated: OT: 2025-08-05 01:47:34,  Lat/Lon: 52.2219°/160.18°, Depth: 10
2025/08/05 09:00:27.457412 [Incident:Info:toast@toast-new:Magnitude updated] Magnitude updated: 5.24 (M)
2025/08/05 09:00:27.457487 [Simulation:Info:toast@toast-new:Simulation not generated] Magnitude 5.24 of event bmg2025peuf is smaller than triggerMinMagnitude: no automatic simulation
2025/08/05 09:00:52.670391 [Incident:Info:toast@toast-new:Origin updated] Origin updated: OT: 2025-08-05 01:47:34,  Lat/Lon: 52.2252°/160.177°, Depth: 10
2025/08/05 09:00:52.670578 [Incident:Info:toast@toast-new:Magnitude updated] Magnitude updated: 5.21 (M)
2025/08/05 09:00:52.670645 [Simulation:Info:toast@toast-new:Simulation not generated] Magnitude 5.21 of event bmg2025peuf is smaller than triggerMinMagnitude: no automatic simulation
2025/08/05 09:01:15.041694 [Incident:Info:toast@toast-new:Origin updated] Origin updated: OT: 2025-08-05 01:47:34,  Lat/Lon: 52.2252°/160.177°, Depth: 10
2025/08/05 09:01:15.041858 [Incident:Info:toast@toast-new:Magnitude updated] Magnitude updated: 5.22 (M)
2025/08/05 09:01:15.041952 [Simulation:Info:toast@toast-new:Simulation not generated] Magnitude 5.22 of event bmg2025peuf is smaller than triggerMinMagnitude: no automatic simulation
2025/08/05 09:05:07.343344 [Incident:Info:toast@toast-new:Origin updated] Origin updated: OT: 2025-08-05 01:47:34,  Lat/Lon: 52.2294°/160.171°, Depth: 10
2025/08/05 09:05:07.343543 [Incident:Info:toast@toast-new:Magnitude updated] Magnitude updated: 5.22 (M)
2025/08/05 09:05:07.343616 [Simulation:Info:toast@toast-new:Simulation not generated] Magnitude 5.22 of event bmg2025peuf is smaller than triggerMinMagnitude: no automatic simulation
2025/08/05 09:07:51.897035 [Incident:Info:toast@toast-new:Origin updated] Origin updated: OT: 2025-08-05 01:47:34,  Lat/Lon: 52.2294°/160.171°, Depth: 10
2025/08/05 09:07:51.897174 [Simulation:Info:toast@toast-new:Simulation not generated] Magnitude 5.22 of event bmg2025peuf is smaller than triggerMinMagnitude: no automatic simulation
2025/08/05 15:21:04.064613 [Incident:Info:toast@toast-new:Origin updated] Origin updated: OT: 2025-08-05 01:47:34,  Lat/Lon: 52.2294°/160.171°, Depth: 10
2025/08/05 15:21:04.064765 [Incident:Info:toast@toast-new:Magnitude updated] Magnitude updated: 5.29 (mb)
2025/08/05 15:21:04.064879 [Simulation:Info:toast@toast-new:Simulation not generated] Magnitude 5.29 of event bmg2025peuf is smaller than triggerMinMagnitude: no automatic simulation
2025/08/05 15:21:10.316893 [Incident:Info:toast@toast-new:Origin updated] Origin updated: OT: 2025-08-05 01:47:38,  Lat/Lon: 52.3086°/160.138°, Depth: 51.6443
2025/08/05 15:21:10.317129 [Incident:Info:toast@toast-new:Magnitude updated] Magnitude updated: 5.27 (mb)
2025/08/05 15:21:10.317217 [Simulation:Info:toast@toast-new:Simulation not generated] Magnitude 5.27 of event bmg2025peuf is smaller than triggerMinMagnitude: no automatic simulation
2025/08/07 05:59:03.014231 [Incident:Info:toast@toast-new:Origin updated] Origin updated: OT: 2025-08-05 01:47:38,  Lat/Lon: 52.3086°/160.138°, Depth: 51.6443
2025/08/07 05:59:03.014802 [Simulation:Info:toast@toast-new:Simulation not generated] Magnitude 5.27 of event bmg2025peuf is smaller than triggerMinMagnitude: no automatic simulation
2025/08/07 05:59:03.034931 [Incident:Info:toast@toast-new:Origin updated] Origin updated: OT: 2025-08-05 01:47:38,  Lat/Lon: 52.3086°/160.138°, Depth: 51.6443
2025/08/07 05:59:03.035377 [Simulation:Info:toast@toast-new:Simulation not generated] Magnitude 5.27 of event bmg2025peuf is smaller than triggerMinMagnitude: no automatic simulation
