2025/08/17 06:01:32.425725 [Incident:Info:toast@toast-new:Displacement(s) updated] Added 0 and changed 0 displacements with 0 amplitudes
2025/08/17 06:01:32.426185 [Incident:Info:toast@toast-new:Incident created] Incident created based on event received from messaging: OT: 2025-08-16 22:52:12,  Lat/Lon: -24.16°/-175.28°, Depth: 100.28, Mag: 6.05 (M)
2025/08/17 06:01:32.426820 [Simulation:Info:toast@toast-new:Simulation not generated] Magnitude 6.05 of event bmg2025qamm is smaller than triggerMinMagnitude: no automatic simulation
2025/08/17 06:01:32.448406 [Incident:Info:toast@toast-new:Origin updated] Origin updated: OT: 2025-08-16 22:52:12,  Lat/Lon: -24.1555°/-175.275°, Depth: 100.279
2025/08/17 06:01:32.448564 [Simulation:Info:toast@toast-new:Simulation not generated] Magnitude 6.05 of event bmg2025qamm is smaller than triggerMinMagnitude: no automatic simulation
2025/08/17 06:01:47.817332 [Incident:Info:toast@toast-new:Origin updated] Origin updated: OT: 2025-08-16 22:52:12,  Lat/Lon: -24.1702°/-175.278°, Depth: 97.7498
2025/08/17 06:01:47.817531 [Incident:Info:toast@toast-new:Magnitude updated] Magnitude updated: 6.05 (M)
2025/08/17 06:01:47.817575 [Simulation:Info:toast@toast-new:Simulation not generated] Magnitude 6.05 of event bmg2025qamm is smaller than triggerMinMagnitude: no automatic simulation
2025/08/17 06:01:57.461455 [Incident:Info:toast@toast-new:Origin updated] Origin updated: OT: 2025-08-16 22:52:12,  Lat/Lon: -24.1722°/-175.279°, Depth: 97.0225
2025/08/17 06:01:57.461657 [Incident:Info:toast@toast-new:Magnitude updated] Magnitude updated: 6.05 (M)
2025/08/17 06:01:57.461700 [Simulation:Info:toast@toast-new:Simulation not generated] Magnitude 6.05 of event bmg2025qamm is smaller than triggerMinMagnitude: no automatic simulation
2025/08/17 06:02:07.387682 [Incident:Info:toast@toast-new:Origin updated] Origin updated: OT: 2025-08-16 22:52:12,  Lat/Lon: -24.1761°/-175.28°, Depth: 96.3503
2025/08/17 06:02:07.387880 [Incident:Info:toast@toast-new:Magnitude updated] Magnitude updated: 6.04 (M)
2025/08/17 06:02:07.387913 [Simulation:Info:toast@toast-new:Simulation not generated] Magnitude 6.04 of event bmg2025qamm is smaller than triggerMinMagnitude: no automatic simulation
2025/08/17 06:02:17.425146 [Incident:Info:toast@toast-new:Origin updated] Origin updated: OT: 2025-08-16 22:52:12,  Lat/Lon: -24.1465°/-175.306°, Depth: 93.8889
2025/08/17 06:02:17.425342 [Incident:Info:toast@toast-new:Magnitude updated] Magnitude updated: 6.04 (M)
2025/08/17 06:02:17.425374 [Simulation:Info:toast@toast-new:Simulation not generated] Magnitude 6.04 of event bmg2025qamm is smaller than triggerMinMagnitude: no automatic simulation
2025/08/17 06:02:27.412142 [Incident:Info:toast@toast-new:Origin updated] Origin updated: OT: 2025-08-16 22:52:12,  Lat/Lon: -24.1532°/-175.308°, Depth: 92.7583
2025/08/17 06:02:27.412348 [Incident:Info:toast@toast-new:Magnitude updated] Magnitude updated: 6.03 (M)
2025/08/17 06:02:27.412396 [Simulation:Info:toast@toast-new:Simulation not generated] Magnitude 6.03 of event bmg2025qamm is smaller than triggerMinMagnitude: no automatic simulation
2025/08/17 06:02:28.305472 [Incident:Info:toast@toast-new:Origin updated] Origin updated: OT: 2025-08-16 22:52:11,  Lat/Lon: -24.13°/-175.252°, Depth: 92.4222
2025/08/17 06:02:28.305680 [Incident:Info:toast@toast-new:Magnitude updated] Magnitude updated: 5.57 (mb)
2025/08/17 06:02:28.305730 [Simulation:Info:toast@toast-new:Simulation not generated] Magnitude 5.57 of event bmg2025qamm is smaller than triggerMinMagnitude: no automatic simulation
2025/08/17 06:02:28.331133 [Incident:Info:toast@toast-new:Origin updated] Origin updated: OT: 2025-08-16 22:52:11,  Lat/Lon: -24.13°/-175.252°, Depth: 92.4222
2025/08/17 06:02:28.331258 [Incident:Info:toast@toast-new:Magnitude updated] Magnitude updated: 6.00 (M)
2025/08/17 06:02:28.331290 [Simulation:Info:toast@toast-new:Simulation not generated] Magnitude 6.00 of event bmg2025qamm is smaller than triggerMinMagnitude: no automatic simulation
2025/08/17 06:03:30.134447 [Incident:Info:toast@toast-new:Origin updated] Origin updated: OT: 2025-08-16 22:52:11,  Lat/Lon: -24.1648°/-175.259°, Depth: 85.7946
2025/08/17 06:03:30.134640 [Incident:Info:toast@toast-new:Magnitude updated] Magnitude updated: 5.94 (M)
2025/08/17 06:03:30.134674 [Simulation:Info:toast@toast-new:Simulation not generated] Magnitude 5.94 of event bmg2025qamm is smaller than triggerMinMagnitude: no automatic simulation
2025/08/18 03:47:58.412048 [Incident:Info:toast@toast-new:Origin updated] Origin updated: OT: 2025-08-16 22:52:05,  Lat/Lon: -24.3679°/-175.787°, Depth: 5
2025/08/18 03:47:58.412755 [Incident:Info:toast@toast-new:Magnitude updated] Magnitude updated: 5.67 (mb)
2025/08/18 03:47:58.413113 [Simulation:Info:toast@toast-new:Simulation not generated] Magnitude 5.67 of event bmg2025qamm is smaller than triggerMinMagnitude: no automatic simulation
2025/08/18 03:47:58.612928 [Incident:Info:toast@toast-new:Origin updated] Origin updated: OT: 2025-08-16 22:52:05,  Lat/Lon: -24.3679°/-175.787°, Depth: 5
2025/08/18 03:47:58.613289 [Incident:Info:toast@toast-new:Magnitude updated] Magnitude updated: 6.10 (M)
2025/08/18 03:47:58.613479 [Simulation:Info:toast@toast-new:Simulation not generated] Magnitude 6.10 of event bmg2025qamm is smaller than triggerMinMagnitude: no automatic simulation
2025/08/18 03:48:02.229854 [Incident:Info:toast@toast-new:Origin updated] Origin updated: OT: 2025-08-16 22:52:05,  Lat/Lon: -24.3679°/-175.787°, Depth: 5
2025/08/18 03:48:02.230319 [Incident:Info:toast@toast-new:Magnitude updated] Magnitude updated: 5.67 (mb)
2025/08/18 03:48:02.230576 [Simulation:Info:toast@toast-new:Simulation not generated] Magnitude 5.67 of event bmg2025qamm is smaller than triggerMinMagnitude: no automatic simulation
