2025/07/31 19:10:13.550623 [Incident:Info:toast@toast-new:Displacement(s) updated] Added 0 and changed 0 displacements with 0 amplitudes
2025/07/31 19:10:13.573343 [Incident:Info:toast@toast-new:Incident created] Incident created based on event received from messaging: OT: 2025-07-31 11:59:54,  Lat/Lon: 49.64°/156.43°, Depth: 10.00, Mag: 5.19 (M)
2025/07/31 19:10:13.573848 [Simulation:Info:toast@toast-new:Simulation not generated] Magnitude 5.19 of event bmg2025owkx is smaller than triggerMinMagnitude: no automatic simulation
2025/07/31 19:10:13.588188 [Incident:Info:toast@toast-new:Origin updated] Origin updated: OT: 2025-07-31 11:59:54,  Lat/Lon: 49.6368°/156.428°, Depth: 10
2025/07/31 19:10:13.588312 [Simulation:Info:toast@toast-new:Simulation not generated] Magnitude 5.19 of event bmg2025owkx is smaller than triggerMinMagnitude: no automatic simulation
2025/07/31 19:10:23.452732 [Incident:Info:toast@toast-new:Origin updated] Origin updated: OT: 2025-07-31 11:59:54,  Lat/Lon: 49.656°/156.416°, Depth: 10
2025/07/31 19:10:23.452932 [Incident:Info:toast@toast-new:Magnitude updated] Magnitude updated: 5.22 (M)
2025/07/31 19:10:23.452975 [Simulation:Info:toast@toast-new:Simulation not generated] Magnitude 5.22 of event bmg2025owkx is smaller than triggerMinMagnitude: no automatic simulation
2025/07/31 19:10:35.055067 [Incident:Info:toast@toast-new:Origin updated] Origin updated: OT: 2025-07-31 11:59:54,  Lat/Lon: 49.656°/156.416°, Depth: 10
2025/07/31 19:10:35.055274 [Incident:Info:toast@toast-new:Magnitude updated] Magnitude updated: 5.26 (M)
2025/07/31 19:10:35.055333 [Simulation:Info:toast@toast-new:Simulation not generated] Magnitude 5.26 of event bmg2025owkx is smaller than triggerMinMagnitude: no automatic simulation
2025/07/31 19:10:37.440268 [Incident:Info:toast@toast-new:Origin updated] Origin updated: OT: 2025-07-31 11:59:54,  Lat/Lon: 49.656°/156.416°, Depth: 10
2025/07/31 19:10:37.440459 [Incident:Info:toast@toast-new:Magnitude updated] Magnitude updated: 5.26 (M)
2025/07/31 19:10:37.440504 [Simulation:Info:toast@toast-new:Simulation not generated] Magnitude 5.26 of event bmg2025owkx is smaller than triggerMinMagnitude: no automatic simulation
2025/07/31 19:10:37.462912 [Incident:Info:toast@toast-new:Origin updated] Origin updated: OT: 2025-07-31 11:59:54,  Lat/Lon: 49.6507°/156.417°, Depth: 10
2025/07/31 19:10:37.463035 [Incident:Info:toast@toast-new:Magnitude updated] Magnitude updated: 5.26 (M)
2025/07/31 19:10:37.463065 [Simulation:Info:toast@toast-new:Simulation not generated] Magnitude 5.26 of event bmg2025owkx is smaller than triggerMinMagnitude: no automatic simulation
2025/07/31 19:10:45.065589 [Incident:Info:toast@toast-new:Origin updated] Origin updated: OT: 2025-07-31 11:59:54,  Lat/Lon: 49.6507°/156.417°, Depth: 10
2025/07/31 19:10:45.065807 [Incident:Info:toast@toast-new:Magnitude updated] Magnitude updated: 5.25 (M)
2025/07/31 19:10:45.065860 [Simulation:Info:toast@toast-new:Simulation not generated] Magnitude 5.25 of event bmg2025owkx is smaller than triggerMinMagnitude: no automatic simulation
2025/07/31 19:10:50.050627 [Incident:Info:toast@toast-new:Origin updated] Origin updated: OT: 2025-07-31 11:59:54,  Lat/Lon: 49.6507°/156.417°, Depth: 10
2025/07/31 19:10:50.050807 [Incident:Info:toast@toast-new:Magnitude updated] Magnitude updated: 5.27 (M)
2025/07/31 19:10:50.050848 [Simulation:Info:toast@toast-new:Simulation not generated] Magnitude 5.27 of event bmg2025owkx is smaller than triggerMinMagnitude: no automatic simulation
2025/07/31 19:10:52.504100 [Incident:Info:toast@toast-new:Origin updated] Origin updated: OT: 2025-07-31 11:59:54,  Lat/Lon: 49.6501°/156.43°, Depth: 10
2025/07/31 19:10:52.504293 [Incident:Info:toast@toast-new:Magnitude updated] Magnitude updated: 5.26 (M)
2025/07/31 19:10:52.504332 [Simulation:Info:toast@toast-new:Simulation not generated] Magnitude 5.26 of event bmg2025owkx is smaller than triggerMinMagnitude: no automatic simulation
2025/07/31 19:10:55.076258 [Incident:Info:toast@toast-new:Origin updated] Origin updated: OT: 2025-07-31 11:59:54,  Lat/Lon: 49.6501°/156.43°, Depth: 10
2025/07/31 19:10:55.076453 [Incident:Info:toast@toast-new:Magnitude updated] Magnitude updated: 5.34 (M)
2025/07/31 19:10:55.076498 [Simulation:Info:toast@toast-new:Simulation not generated] Magnitude 5.34 of event bmg2025owkx is smaller than triggerMinMagnitude: no automatic simulation
2025/07/31 19:11:00.079964 [Incident:Info:toast@toast-new:Origin updated] Origin updated: OT: 2025-07-31 11:59:54,  Lat/Lon: 49.6501°/156.43°, Depth: 10
2025/07/31 19:11:00.081558 [Incident:Info:toast@toast-new:Magnitude updated] Magnitude updated: 5.37 (M)
2025/07/31 19:11:00.081668 [Simulation:Info:toast@toast-new:Simulation not generated] Magnitude 5.37 of event bmg2025owkx is smaller than triggerMinMagnitude: no automatic simulation
2025/07/31 19:11:09.440559 [Incident:Info:toast@toast-new:Origin updated] Origin updated: OT: 2025-07-31 11:59:54,  Lat/Lon: 49.6325°/156.483°, Depth: 10
2025/07/31 19:11:09.440758 [Incident:Info:toast@toast-new:Magnitude updated] Magnitude updated: 5.37 (M)
2025/07/31 19:11:09.440802 [Simulation:Info:toast@toast-new:Simulation not generated] Magnitude 5.37 of event bmg2025owkx is smaller than triggerMinMagnitude: no automatic simulation
2025/07/31 19:11:10.081298 [Incident:Info:toast@toast-new:Origin updated] Origin updated: OT: 2025-07-31 11:59:54,  Lat/Lon: 49.6325°/156.483°, Depth: 10
2025/07/31 19:11:10.081439 [Incident:Info:toast@toast-new:Magnitude updated] Magnitude updated: 5.39 (M)
2025/07/31 19:11:10.081470 [Simulation:Info:toast@toast-new:Simulation not generated] Magnitude 5.39 of event bmg2025owkx is smaller than triggerMinMagnitude: no automatic simulation
2025/07/31 19:11:25.049128 [Incident:Info:toast@toast-new:Origin updated] Origin updated: OT: 2025-07-31 11:59:54,  Lat/Lon: 49.6325°/156.483°, Depth: 10
2025/07/31 19:11:25.049287 [Incident:Info:toast@toast-new:Magnitude updated] Magnitude updated: 5.42 (M)
2025/07/31 19:11:25.049318 [Simulation:Info:toast@toast-new:Simulation not generated] Magnitude 5.42 of event bmg2025owkx is smaller than triggerMinMagnitude: no automatic simulation
2025/07/31 19:11:32.535063 [Incident:Info:toast@toast-new:Origin updated] Origin updated: OT: 2025-07-31 11:59:54,  Lat/Lon: 49.6175°/156.5°, Depth: 10
2025/07/31 19:11:32.535275 [Incident:Info:toast@toast-new:Magnitude updated] Magnitude updated: 5.42 (M)
2025/07/31 19:11:32.535312 [Simulation:Info:toast@toast-new:Simulation not generated] Magnitude 5.42 of event bmg2025owkx is smaller than triggerMinMagnitude: no automatic simulation
2025/07/31 19:11:40.063847 [Incident:Info:toast@toast-new:Origin updated] Origin updated: OT: 2025-07-31 11:59:54,  Lat/Lon: 49.6175°/156.5°, Depth: 10
2025/07/31 19:11:40.064030 [Incident:Info:toast@toast-new:Magnitude updated] Magnitude updated: 5.44 (M)
2025/07/31 19:11:40.064072 [Simulation:Info:toast@toast-new:Simulation not generated] Magnitude 5.44 of event bmg2025owkx is smaller than triggerMinMagnitude: no automatic simulation
2025/07/31 19:11:45.046397 [Incident:Info:toast@toast-new:Origin updated] Origin updated: OT: 2025-07-31 11:59:54,  Lat/Lon: 49.6175°/156.5°, Depth: 10
2025/07/31 19:11:45.046580 [Incident:Info:toast@toast-new:Magnitude updated] Magnitude updated: 5.45 (M)
2025/07/31 19:11:45.046643 [Simulation:Info:toast@toast-new:Simulation not generated] Magnitude 5.45 of event bmg2025owkx is smaller than triggerMinMagnitude: no automatic simulation
2025/07/31 19:11:55.046854 [Incident:Info:toast@toast-new:Origin updated] Origin updated: OT: 2025-07-31 11:59:54,  Lat/Lon: 49.6175°/156.5°, Depth: 10
2025/07/31 19:11:55.047040 [Incident:Info:toast@toast-new:Magnitude updated] Magnitude updated: 5.48 (M)
2025/07/31 19:11:55.047083 [Simulation:Info:toast@toast-new:Simulation not generated] Magnitude 5.48 of event bmg2025owkx is smaller than triggerMinMagnitude: no automatic simulation
2025/07/31 19:12:02.515735 [Incident:Info:toast@toast-new:Origin updated] Origin updated: OT: 2025-07-31 11:59:54,  Lat/Lon: 49.6218°/156.479°, Depth: 10
2025/07/31 19:12:02.515940 [Incident:Info:toast@toast-new:Magnitude updated] Magnitude updated: 5.48 (M)
2025/07/31 19:12:02.515999 [Simulation:Info:toast@toast-new:Simulation not generated] Magnitude 5.48 of event bmg2025owkx is smaller than triggerMinMagnitude: no automatic simulation
2025/07/31 19:12:05.031052 [Incident:Info:toast@toast-new:Origin updated] Origin updated: OT: 2025-07-31 11:59:54,  Lat/Lon: 49.6218°/156.479°, Depth: 10
2025/07/31 19:12:05.031227 [Incident:Info:toast@toast-new:Magnitude updated] Magnitude updated: 5.50 (M)
2025/07/31 19:12:05.031259 [Simulation:Info:toast@toast-new:Simulation not generated] Magnitude 5.50 of event bmg2025owkx is smaller than triggerMinMagnitude: no automatic simulation
2025/07/31 19:12:20.108500 [Incident:Info:toast@toast-new:Origin updated] Origin updated: OT: 2025-07-31 11:59:54,  Lat/Lon: 49.6218°/156.479°, Depth: 10
2025/07/31 19:12:20.108686 [Incident:Info:toast@toast-new:Magnitude updated] Magnitude updated: 5.51 (M)
2025/07/31 19:12:20.108729 [Simulation:Info:toast@toast-new:Simulation not generated] Magnitude 5.51 of event bmg2025owkx is smaller than triggerMinMagnitude: no automatic simulation
2025/07/31 19:12:25.039529 [Incident:Info:toast@toast-new:Origin updated] Origin updated: OT: 2025-07-31 11:59:54,  Lat/Lon: 49.6218°/156.479°, Depth: 10
2025/07/31 19:12:25.039773 [Incident:Info:toast@toast-new:Magnitude updated] Magnitude updated: 5.53 (M)
2025/07/31 19:12:25.039846 [Simulation:Info:toast@toast-new:Simulation not generated] Magnitude 5.53 of event bmg2025owkx is smaller than triggerMinMagnitude: no automatic simulation
2025/07/31 19:12:37.627502 [Incident:Info:toast@toast-new:Origin updated] Origin updated: OT: 2025-07-31 11:59:54,  Lat/Lon: 49.6213°/156.481°, Depth: 10
2025/07/31 19:12:37.627677 [Incident:Info:toast@toast-new:Magnitude updated] Magnitude updated: 5.53 (M)
2025/07/31 19:12:37.627715 [Simulation:Info:toast@toast-new:Simulation not generated] Magnitude 5.53 of event bmg2025owkx is smaller than triggerMinMagnitude: no automatic simulation
2025/07/31 19:13:12.465402 [Incident:Info:toast@toast-new:Origin updated] Origin updated: OT: 2025-07-31 11:59:54,  Lat/Lon: 49.6336°/156.453°, Depth: 10
2025/07/31 19:13:12.465640 [Incident:Info:toast@toast-new:Magnitude updated] Magnitude updated: 5.51 (M)
2025/07/31 19:13:12.465694 [Simulation:Info:toast@toast-new:Simulation not generated] Magnitude 5.51 of event bmg2025owkx is smaller than triggerMinMagnitude: no automatic simulation
2025/07/31 19:13:52.653199 [Incident:Info:toast@toast-new:Origin updated] Origin updated: OT: 2025-07-31 11:59:54,  Lat/Lon: 49.6384°/156.443°, Depth: 10
2025/07/31 19:13:52.653398 [Incident:Info:toast@toast-new:Magnitude updated] Magnitude updated: 5.51 (M)
2025/07/31 19:13:52.653442 [Simulation:Info:toast@toast-new:Simulation not generated] Magnitude 5.51 of event bmg2025owkx is smaller than triggerMinMagnitude: no automatic simulation
2025/07/31 19:14:32.620092 [Incident:Info:toast@toast-new:Origin updated] Origin updated: OT: 2025-07-31 11:59:54,  Lat/Lon: 49.6383°/156.443°, Depth: 10
2025/07/31 19:14:32.620277 [Incident:Info:toast@toast-new:Magnitude updated] Magnitude updated: 5.51 (M)
2025/07/31 19:14:32.620308 [Simulation:Info:toast@toast-new:Simulation not generated] Magnitude 5.51 of event bmg2025owkx is smaller than triggerMinMagnitude: no automatic simulation
2025/07/31 19:15:18.395588 [Incident:Info:toast@toast-new:Origin updated] Origin updated: OT: 2025-07-31 11:59:54,  Lat/Lon: 49.6422°/156.438°, Depth: 10
2025/07/31 19:15:18.395795 [Incident:Info:toast@toast-new:Magnitude updated] Magnitude updated: 5.51 (M)
2025/07/31 19:15:18.395838 [Simulation:Info:toast@toast-new:Simulation not generated] Magnitude 5.51 of event bmg2025owkx is smaller than triggerMinMagnitude: no automatic simulation
2025/07/31 19:19:58.332507 [Incident:Info:toast@toast-new:Origin updated] Origin updated: OT: 2025-07-31 11:59:54,  Lat/Lon: 49.6422°/156.438°, Depth: 10
2025/07/31 19:19:58.332690 [Simulation:Info:toast@toast-new:Simulation not generated] Magnitude 5.51 of event bmg2025owkx is smaller than triggerMinMagnitude: no automatic simulation
2025/07/31 20:08:11.988538 [Incident:Info:toast@toast-new:Origin updated] Origin updated: OT: 2025-07-31 11:59:54,  Lat/Lon: 49.6422°/156.438°, Depth: 10
2025/07/31 20:08:11.988709 [Simulation:Info:toast@toast-new:Simulation not generated] Magnitude 5.51 of event bmg2025owkx is smaller than triggerMinMagnitude: no automatic simulation
2025/07/31 20:53:26.783311 [Incident:Info:toast@toast-new:Origin updated] Origin updated: OT: 2025-07-31 11:59:54,  Lat/Lon: 49.6422°/156.438°, Depth: 10
2025/07/31 20:53:26.783482 [Simulation:Info:toast@toast-new:Simulation not generated] Magnitude 5.51 of event bmg2025owkx is smaller than triggerMinMagnitude: no automatic simulation
2025/07/31 21:06:49.149958 [Incident:Info:toast@toast-new:Origin updated] Origin updated: OT: 2025-07-31 11:59:54,  Lat/Lon: 49.6408°/156.443°, Depth: 10
2025/07/31 21:06:49.150160 [Incident:Info:toast@toast-new:Magnitude updated] Magnitude updated: 5.51 (M)
2025/07/31 21:06:49.150203 [Simulation:Info:toast@toast-new:Simulation not generated] Magnitude 5.51 of event bmg2025owkx is smaller than triggerMinMagnitude: no automatic simulation
2025/07/31 23:04:51.917160 [Incident:Info:toast@toast-new:Origin updated] Origin updated: OT: 2025-07-31 11:59:54,  Lat/Lon: 49.6423°/156.444°, Depth: 10
2025/07/31 23:04:51.917322 [Incident:Info:toast@toast-new:Magnitude updated] Magnitude updated: 5.51 (M)
2025/07/31 23:04:51.917354 [Simulation:Info:toast@toast-new:Simulation not generated] Magnitude 5.51 of event bmg2025owkx is smaller than triggerMinMagnitude: no automatic simulation
2025/08/01 01:27:22.990561 [Incident:Info:toast@toast-new:Origin updated] Origin updated: OT: 2025-07-31 11:59:58,  Lat/Lon: 49.7155°/156.537°, Depth: 50.1714
2025/08/01 01:27:22.990761 [Incident:Info:toast@toast-new:Magnitude updated] Magnitude updated: 5.49 (mb)
2025/08/01 01:27:22.990803 [Simulation:Info:toast@toast-new:Simulation not generated] Magnitude 5.49 of event bmg2025owkx is smaller than triggerMinMagnitude: no automatic simulation
2025/08/01 01:27:23.044785 [Incident:Info:toast@toast-new:Origin updated] Origin updated: OT: 2025-07-31 11:59:58,  Lat/Lon: 49.7155°/156.537°, Depth: 50.1714
2025/08/01 01:27:23.044907 [Incident:Info:toast@toast-new:Magnitude updated] Magnitude updated: 5.48 (M)
2025/08/01 01:27:23.044929 [Simulation:Info:toast@toast-new:Simulation not generated] Magnitude 5.48 of event bmg2025owkx is smaller than triggerMinMagnitude: no automatic simulation
2025/08/01 01:27:34.778866 [Incident:Info:toast@toast-new:Origin updated] Origin updated: OT: 2025-07-31 11:59:58,  Lat/Lon: 49.7155°/156.537°, Depth: 50.1714
2025/08/01 01:27:34.779061 [Incident:Info:toast@toast-new:Magnitude updated] Magnitude updated: 5.49 (mb)
2025/08/01 01:27:34.779116 [Simulation:Info:toast@toast-new:Simulation not generated] Magnitude 5.49 of event bmg2025owkx is smaller than triggerMinMagnitude: no automatic simulation
2025/08/03 08:38:52.799771 [Incident:Info:toast@toast-new:Incident removed] Removed incident - Bye
