2025/07/02 12:59:13.190244 [Incident:Info:toast@toast-new:Displacement(s) updated] Added 0 and changed 0 displacements with 0 amplitudes
2025/07/02 12:59:13.191214 [Incident:Info:toast@toast-new:Incident created] Incident created based on event received from messaging: OT: 2025-07-02 05:51:47,  Lat/Lon: 29.48°/129.60°, Depth: 10.00, Mag: 5.51 (M)
2025/07/02 12:59:13.191860 [Simulation:Info:toast@toast-new:Simulation not generated] Magnitude 5.51 of event bmg2025muze is smaller than triggerMinMagnitude: no automatic simulation
2025/07/02 12:59:13.212843 [Incident:Info:toast@toast-new:Origin updated] Origin updated: OT: 2025-07-02 05:51:47,  Lat/Lon: 29.4801°/129.597°, Depth: 10
2025/07/02 12:59:13.212975 [Simulation:Info:toast@toast-new:Simulation not generated] Magnitude 5.51 of event bmg2025muze is smaller than triggerMinMagnitude: no automatic simulation
2025/07/02 12:59:13.717606 [Incident:Info:toast@toast-new:Origin updated] Origin updated: OT: 2025-07-02 05:51:47,  Lat/Lon: 29.4801°/129.597°, Depth: 10
2025/07/02 12:59:13.718639 [Incident:Info:toast@toast-new:Magnitude updated] Magnitude updated: 5.50 (M)
2025/07/02 12:59:13.718681 [Simulation:Info:toast@toast-new:Simulation not generated] Magnitude 5.50 of event bmg2025muze is smaller than triggerMinMagnitude: no automatic simulation
2025/07/02 12:59:18.712605 [Incident:Info:toast@toast-new:Origin updated] Origin updated: OT: 2025-07-02 05:51:47,  Lat/Lon: 29.4801°/129.597°, Depth: 10
2025/07/02 12:59:18.712800 [Incident:Info:toast@toast-new:Magnitude updated] Magnitude updated: 5.48 (M)
2025/07/02 12:59:18.712844 [Simulation:Info:toast@toast-new:Simulation not generated] Magnitude 5.48 of event bmg2025muze is smaller than triggerMinMagnitude: no automatic simulation
2025/07/02 12:59:23.152778 [Incident:Info:toast@toast-new:Origin updated] Origin updated: OT: 2025-07-02 05:51:47,  Lat/Lon: 29.482°/129.591°, Depth: 10
2025/07/02 12:59:23.153011 [Incident:Info:toast@toast-new:Magnitude updated] Magnitude updated: 5.48 (M)
2025/07/02 12:59:23.153061 [Simulation:Info:toast@toast-new:Simulation not generated] Magnitude 5.48 of event bmg2025muze is smaller than triggerMinMagnitude: no automatic simulation
2025/07/02 12:59:33.166109 [Incident:Info:toast@toast-new:Origin updated] Origin updated: OT: 2025-07-02 05:51:47,  Lat/Lon: 29.4785°/129.528°, Depth: 10
2025/07/02 12:59:33.166302 [Incident:Info:toast@toast-new:Magnitude updated] Magnitude updated: 5.48 (M)
2025/07/02 12:59:33.166335 [Simulation:Info:toast@toast-new:Simulation not generated] Magnitude 5.48 of event bmg2025muze is smaller than triggerMinMagnitude: no automatic simulation
2025/07/02 12:59:38.704287 [Incident:Info:toast@toast-new:Origin updated] Origin updated: OT: 2025-07-02 05:51:47,  Lat/Lon: 29.4785°/129.528°, Depth: 10
2025/07/02 12:59:38.704504 [Incident:Info:toast@toast-new:Magnitude updated] Magnitude updated: 5.48 (M)
2025/07/02 12:59:38.704543 [Simulation:Info:toast@toast-new:Simulation not generated] Magnitude 5.48 of event bmg2025muze is smaller than triggerMinMagnitude: no automatic simulation
2025/07/02 12:59:43.176986 [Incident:Info:toast@toast-new:Origin updated] Origin updated: OT: 2025-07-02 05:51:48,  Lat/Lon: 29.4847°/129.505°, Depth: 10
2025/07/02 12:59:43.177200 [Incident:Info:toast@toast-new:Magnitude updated] Magnitude updated: 5.48 (M)
2025/07/02 12:59:43.177243 [Simulation:Info:toast@toast-new:Simulation not generated] Magnitude 5.48 of event bmg2025muze is smaller than triggerMinMagnitude: no automatic simulation
2025/07/02 12:59:54.627582 [Incident:Info:toast@toast-new:Origin updated] Origin updated: OT: 2025-07-02 05:51:48,  Lat/Lon: 29.4902°/129.502°, Depth: 10
2025/07/02 12:59:54.627791 [Incident:Info:toast@toast-new:Magnitude updated] Magnitude updated: 5.49 (M)
2025/07/02 12:59:54.627837 [Simulation:Info:toast@toast-new:Simulation not generated] Magnitude 5.49 of event bmg2025muze is smaller than triggerMinMagnitude: no automatic simulation
2025/07/02 13:00:08.783517 [Incident:Info:toast@toast-new:Origin updated] Origin updated: OT: 2025-07-02 05:51:48,  Lat/Lon: 29.5085°/129.481°, Depth: 10
2025/07/02 13:00:08.783742 [Incident:Info:toast@toast-new:Magnitude updated] Magnitude updated: 5.50 (M)
2025/07/02 13:00:08.783788 [Simulation:Info:toast@toast-new:Simulation not generated] Magnitude 5.50 of event bmg2025muze is smaller than triggerMinMagnitude: no automatic simulation
2025/07/02 13:00:23.693386 [Incident:Info:toast@toast-new:Origin updated] Origin updated: OT: 2025-07-02 05:51:48,  Lat/Lon: 29.5085°/129.481°, Depth: 10
2025/07/02 13:00:23.693562 [Incident:Info:toast@toast-new:Magnitude updated] Magnitude updated: 5.52 (M)
2025/07/02 13:00:23.693594 [Simulation:Info:toast@toast-new:Simulation not generated] Magnitude 5.52 of event bmg2025muze is smaller than triggerMinMagnitude: no automatic simulation
2025/07/02 13:00:28.699696 [Incident:Info:toast@toast-new:Origin updated] Origin updated: OT: 2025-07-02 05:51:48,  Lat/Lon: 29.5085°/129.481°, Depth: 10
2025/07/02 13:00:28.699890 [Incident:Info:toast@toast-new:Magnitude updated] Magnitude updated: 5.52 (M)
2025/07/02 13:00:28.699936 [Simulation:Info:toast@toast-new:Simulation not generated] Magnitude 5.52 of event bmg2025muze is smaller than triggerMinMagnitude: no automatic simulation
2025/07/02 13:00:33.247510 [Incident:Info:toast@toast-new:Origin updated] Origin updated: OT: 2025-07-02 05:51:48,  Lat/Lon: 29.5085°/129.481°, Depth: 10
2025/07/02 13:00:33.247676 [Incident:Info:toast@toast-new:Magnitude updated] Magnitude updated: 5.64 (M)
2025/07/02 13:00:33.247723 [Simulation:Info:toast@toast-new:Simulation not generated] Magnitude 5.64 of event bmg2025muze is smaller than triggerMinMagnitude: no automatic simulation
2025/07/02 13:00:33.264052 [Incident:Info:toast@toast-new:Origin updated] Origin updated: OT: 2025-07-02 05:51:47,  Lat/Lon: 29.5116°/129.488°, Depth: 10
2025/07/02 13:00:33.264219 [Incident:Info:toast@toast-new:Magnitude updated] Magnitude updated: 5.64 (M)
2025/07/02 13:00:33.264263 [Simulation:Info:toast@toast-new:Simulation not generated] Magnitude 5.64 of event bmg2025muze is smaller than triggerMinMagnitude: no automatic simulation
2025/07/02 13:00:38.699235 [Incident:Info:toast@toast-new:Origin updated] Origin updated: OT: 2025-07-02 05:51:47,  Lat/Lon: 29.5116°/129.488°, Depth: 10
2025/07/02 13:00:38.699423 [Incident:Info:toast@toast-new:Magnitude updated] Magnitude updated: 5.69 (M)
2025/07/02 13:00:38.699487 [Simulation:Info:toast@toast-new:Simulation not generated] Magnitude 5.69 of event bmg2025muze is smaller than triggerMinMagnitude: no automatic simulation
2025/07/02 13:00:43.713680 [Incident:Info:toast@toast-new:Origin updated] Origin updated: OT: 2025-07-02 05:51:47,  Lat/Lon: 29.5116°/129.488°, Depth: 10
2025/07/02 13:00:43.713861 [Incident:Info:toast@toast-new:Magnitude updated] Magnitude updated: 5.76 (M)
2025/07/02 13:00:43.713920 [Simulation:Info:toast@toast-new:Simulation not generated] Magnitude 5.76 of event bmg2025muze is smaller than triggerMinMagnitude: no automatic simulation
2025/07/02 13:00:58.275488 [Incident:Info:toast@toast-new:Origin updated] Origin updated: OT: 2025-07-02 05:51:47,  Lat/Lon: 29.5116°/129.489°, Depth: 10
2025/07/02 13:00:58.275699 [Incident:Info:toast@toast-new:Magnitude updated] Magnitude updated: 5.75 (M)
2025/07/02 13:00:58.275744 [Simulation:Info:toast@toast-new:Simulation not generated] Magnitude 5.75 of event bmg2025muze is smaller than triggerMinMagnitude: no automatic simulation
2025/07/02 13:01:26.228325 [Incident:Info:toast@toast-new:Origin updated] Origin updated: OT: 2025-07-02 05:51:48,  Lat/Lon: 29.4527°/129.473°, Depth: 10
2025/07/02 13:01:26.228554 [Incident:Info:toast@toast-new:Magnitude updated] Magnitude updated: 5.75 (M)
2025/07/02 13:01:26.228605 [Simulation:Info:toast@toast-new:Simulation not generated] Magnitude 5.75 of event bmg2025muze is smaller than triggerMinMagnitude: no automatic simulation
2025/07/02 13:01:53.322427 [Incident:Info:toast@toast-new:Origin updated] Origin updated: OT: 2025-07-02 05:51:48,  Lat/Lon: 29.4427°/129.435°, Depth: 10
2025/07/02 13:01:53.322614 [Incident:Info:toast@toast-new:Magnitude updated] Magnitude updated: 5.74 (M)
2025/07/02 13:01:53.322672 [Simulation:Info:toast@toast-new:Simulation not generated] Magnitude 5.74 of event bmg2025muze is smaller than triggerMinMagnitude: no automatic simulation
2025/07/02 13:02:55.181666 [Incident:Info:toast@toast-new:Origin updated] Origin updated: OT: 2025-07-02 05:51:49,  Lat/Lon: 29.3632°/129.375°, Depth: 10
2025/07/02 13:02:55.181865 [Incident:Info:toast@toast-new:Magnitude updated] Magnitude updated: 5.74 (M)
2025/07/02 13:02:55.181905 [Simulation:Info:toast@toast-new:Simulation not generated] Magnitude 5.74 of event bmg2025muze is smaller than triggerMinMagnitude: no automatic simulation
2025/07/02 13:03:43.690660 [Incident:Info:toast@toast-new:Origin updated] Origin updated: OT: 2025-07-02 05:51:49,  Lat/Lon: 29.3632°/129.375°, Depth: 10
2025/07/02 13:03:43.690842 [Incident:Info:toast@toast-new:Magnitude updated] Magnitude updated: 5.70 (M)
2025/07/02 13:03:43.690890 [Simulation:Info:toast@toast-new:Simulation not generated] Magnitude 5.70 of event bmg2025muze is smaller than triggerMinMagnitude: no automatic simulation
2025/07/02 13:03:51.491343 [Incident:Info:toast@toast-new:Origin updated] Origin updated: OT: 2025-07-02 05:51:49,  Lat/Lon: 29.3587°/129.372°, Depth: 10
2025/07/02 13:03:51.491529 [Incident:Info:toast@toast-new:Magnitude updated] Magnitude updated: 5.67 (M)
2025/07/02 13:03:51.491571 [Simulation:Info:toast@toast-new:Simulation not generated] Magnitude 5.67 of event bmg2025muze is smaller than triggerMinMagnitude: no automatic simulation
2025/07/02 13:05:13.807591 [Incident:Info:toast@toast-new:Origin updated] Origin updated: OT: 2025-07-02 05:51:49,  Lat/Lon: 29.3512°/129.373°, Depth: 10
2025/07/02 13:05:13.807788 [Incident:Info:toast@toast-new:Magnitude updated] Magnitude updated: 5.67 (M)
2025/07/02 13:05:13.807835 [Simulation:Info:toast@toast-new:Simulation not generated] Magnitude 5.67 of event bmg2025muze is smaller than triggerMinMagnitude: no automatic simulation
2025/07/02 13:05:43.346737 [Incident:Info:toast@toast-new:Origin updated] Origin updated: OT: 2025-07-02 05:51:49,  Lat/Lon: 29.3393°/129.363°, Depth: 10
2025/07/02 13:05:43.346933 [Incident:Info:toast@toast-new:Magnitude updated] Magnitude updated: 5.66 (M)
2025/07/02 13:05:43.346977 [Simulation:Info:toast@toast-new:Simulation not generated] Magnitude 5.66 of event bmg2025muze is smaller than triggerMinMagnitude: no automatic simulation
2025/07/02 19:34:12.708831 [Incident:Info:toast@toast-new:Origin updated] Origin updated: OT: 2025-07-02 05:51:48,  Lat/Lon: 29.3906°/129.446°, Depth: 10
2025/07/02 19:34:12.709051 [Incident:Info:toast@toast-new:Magnitude updated] Magnitude updated: 5.43 (mb)
2025/07/02 19:34:12.709099 [Simulation:Info:toast@toast-new:Simulation not generated] Magnitude 5.43 of event bmg2025muze is smaller than triggerMinMagnitude: no automatic simulation
2025/07/02 19:34:12.729984 [Incident:Info:toast@toast-new:Origin updated] Origin updated: OT: 2025-07-02 05:51:48,  Lat/Lon: 29.3906°/129.446°, Depth: 10
2025/07/02 19:34:12.730100 [Incident:Info:toast@toast-new:Magnitude updated] Magnitude updated: 5.62 (M)
2025/07/02 19:34:12.730143 [Simulation:Info:toast@toast-new:Simulation not generated] Magnitude 5.62 of event bmg2025muze is smaller than triggerMinMagnitude: no automatic simulation
2025/07/02 19:34:20.162303 [Incident:Info:toast@toast-new:Origin updated] Origin updated: OT: 2025-07-02 05:51:48,  Lat/Lon: 29.3906°/129.446°, Depth: 10
2025/07/02 19:34:20.162504 [Simulation:Info:toast@toast-new:Simulation not generated] Magnitude 5.62 of event bmg2025muze is smaller than triggerMinMagnitude: no automatic simulation
2025/07/02 19:34:20.184204 [Incident:Info:toast@toast-new:Origin updated] Origin updated: OT: 2025-07-02 05:51:48,  Lat/Lon: 29.3906°/129.446°, Depth: 10
2025/07/02 19:34:20.184324 [Simulation:Info:toast@toast-new:Simulation not generated] Magnitude 5.62 of event bmg2025muze is smaller than triggerMinMagnitude: no automatic simulation
2025/07/02 19:34:25.894405 [Incident:Info:toast@toast-new:Origin updated] Origin updated: OT: 2025-07-02 05:51:48,  Lat/Lon: 29.3906°/129.446°, Depth: 10
2025/07/02 19:34:25.894613 [Incident:Info:toast@toast-new:Magnitude updated] Magnitude updated: 5.43 (mb)
2025/07/02 19:34:25.894680 [Simulation:Info:toast@toast-new:Simulation not generated] Magnitude 5.43 of event bmg2025muze is smaller than triggerMinMagnitude: no automatic simulation
