2025/05/07 11:48:11.317523 [Incident:Info:toast@toast-new:Displacement(s) updated] Added 0 and changed 0 displacements with 0 amplitudes
2025/05/07 11:48:11.330495 [Incident:Info:toast@toast-new:Incident created] Incident created based on event received from messaging: OT: 2025-05-07 04:41:37,  Lat/Lon: 12.91°/126.01°, Depth: 55.78, Mag: 5.02 (Mw(mB))
2025/05/07 11:48:11.331024 [Simulation:Info:toast@toast-new:Simulation not generated] Magnitude 5.02 of event bmg2025iwor is smaller than triggerMinMagnitude: no automatic simulation
2025/05/07 11:48:11.344794 [Incident:Info:toast@toast-new:Origin updated] Origin updated: OT: 2025-05-07 04:41:37,  Lat/Lon: 12.9069°/126.007°, Depth: 55.7794
2025/05/07 11:48:11.344886 [Simulation:Info:toast@toast-new:Simulation not generated] Magnitude 5.02 of event bmg2025iwor is smaller than triggerMinMagnitude: no automatic simulation
2025/05/07 11:48:19.969532 [Incident:Info:toast@toast-new:Origin updated] Origin updated: OT: 2025-05-07 04:41:37,  Lat/Lon: 12.9069°/126.007°, Depth: 55.7794
2025/05/07 11:48:19.969693 [Incident:Info:toast@toast-new:Magnitude updated] Magnitude updated: 5.02 (Mw(mB))
2025/05/07 11:48:19.969790 [Simulation:Info:toast@toast-new:Simulation not generated] Magnitude 5.02 of event bmg2025iwor is smaller than triggerMinMagnitude: no automatic simulation
2025/05/07 11:48:44.880417 [Incident:Info:toast@toast-new:Origin updated] Origin updated: OT: 2025-05-07 04:41:37,  Lat/Lon: 12.9069°/126.007°, Depth: 55.7794
2025/05/07 11:48:44.880566 [Incident:Info:toast@toast-new:Magnitude updated] Magnitude updated: 5.03 (Mw(mB))
2025/05/07 11:48:44.880650 [Simulation:Info:toast@toast-new:Simulation not generated] Magnitude 5.03 of event bmg2025iwor is smaller than triggerMinMagnitude: no automatic simulation
2025/05/07 17:18:11.323334 [Incident:Info:toast@toast-new:Origin updated] Origin updated: OT: 2025-05-07 04:41:37,  Lat/Lon: 12.894°/125.998°, Depth: 57.7969
2025/05/07 17:18:11.323438 [Incident:Info:toast@toast-new:Magnitude updated] Magnitude updated: 5.04 (Mw(mB))
2025/05/07 17:18:11.323475 [Simulation:Info:toast@toast-new:Simulation not generated] Magnitude 5.04 of event bmg2025iwor is smaller than triggerMinMagnitude: no automatic simulation
2025/05/07 17:18:20.635111 [Incident:Info:toast@toast-new:Origin updated] Origin updated: OT: 2025-05-07 04:41:37,  Lat/Lon: 12.894°/125.998°, Depth: 57.7969
2025/05/07 17:18:20.635270 [Incident:Info:toast@toast-new:Magnitude updated] Magnitude updated: 5.17 (mb)
2025/05/07 17:18:20.635395 [Simulation:Info:toast@toast-new:Simulation not generated] Magnitude 5.17 of event bmg2025iwor is smaller than triggerMinMagnitude: no automatic simulation
2025/05/07 17:18:34.146334 [Incident:Info:toast@toast-new:Origin updated] Origin updated: OT: 2025-05-07 04:41:37,  Lat/Lon: 12.894°/125.998°, Depth: 57.7969
2025/05/07 17:18:34.146460 [Simulation:Info:toast@toast-new:Simulation not generated] Magnitude 5.17 of event bmg2025iwor is smaller than triggerMinMagnitude: no automatic simulation
2025/05/07 17:18:34.165882 [Incident:Info:toast@toast-new:Origin updated] Origin updated: OT: 2025-05-07 04:41:37,  Lat/Lon: 12.894°/125.998°, Depth: 57.7969
2025/05/07 17:18:34.165948 [Simulation:Info:toast@toast-new:Simulation not generated] Magnitude 5.17 of event bmg2025iwor is smaller than triggerMinMagnitude: no automatic simulation
2025/05/07 18:53:34.211933 [Incident:Info:toast@toast-new:Origin updated] Origin updated: OT: 2025-05-07 04:41:37,  Lat/Lon: 12.894°/125.998°, Depth: 57.7969
2025/05/07 18:53:34.212062 [Incident:Info:toast@toast-new:FM updated] FM updated
2025/05/07 18:53:34.212315 [Simulation:Info:toast@toast-new:Simulation not generated] Magnitude 5.17 of event bmg2025iwor is smaller than triggerMinMagnitude: no automatic simulation
