2025/07/18 16:35:11.922076 [Incident:Info:toast@toast-new:Displacement(s) updated] Added 0 and changed 0 displacements with 0 amplitudes
2025/07/18 16:35:11.922891 [Incident:Info:toast@toast-new:Incident created] Incident created based on event received from messaging: OT: 2025-07-18 09:29:57,  Lat/Lon: 23.29°/95.91°, Depth: 10.00, Mag: 6.00 (M)
2025/07/18 16:35:11.923515 [Simulation:Info:toast@toast-new:Simulation not generated] Magnitude 6.00 of event bmg2025nymk is smaller than triggerMinMagnitude: no automatic simulation
2025/07/18 16:35:11.946998 [Incident:Info:toast@toast-new:Origin updated] Origin updated: OT: 2025-07-18 09:29:57,  Lat/Lon: 23.2934°/95.9124°, Depth: 10
2025/07/18 16:35:11.947161 [Simulation:Info:toast@toast-new:Simulation not generated] Magnitude 6.00 of event bmg2025nymk is smaller than triggerMinMagnitude: no automatic simulation
2025/07/18 16:35:21.091441 [Incident:Info:toast@toast-new:Origin updated] Origin updated: OT: 2025-07-18 09:29:57,  Lat/Lon: 23.2934°/95.9124°, Depth: 10
2025/07/18 16:35:21.091653 [Incident:Info:toast@toast-new:Magnitude updated] Magnitude updated: 5.99 (M)
2025/07/18 16:35:21.091713 [Simulation:Info:toast@toast-new:Simulation not generated] Magnitude 5.99 of event bmg2025nymk is smaller than triggerMinMagnitude: no automatic simulation
2025/07/18 16:35:24.192583 [Incident:Info:toast@toast-new:Origin updated] Origin updated: OT: 2025-07-18 09:29:57,  Lat/Lon: 23.2453°/95.9144°, Depth: 10
2025/07/18 16:35:24.192772 [Incident:Info:toast@toast-new:Magnitude updated] Magnitude updated: 5.94 (M)
2025/07/18 16:35:24.192824 [Simulation:Info:toast@toast-new:Simulation not generated] Magnitude 5.94 of event bmg2025nymk is smaller than triggerMinMagnitude: no automatic simulation
2025/07/18 16:35:26.075634 [Incident:Info:toast@toast-new:Origin updated] Origin updated: OT: 2025-07-18 09:29:57,  Lat/Lon: 23.2453°/95.9144°, Depth: 10
2025/07/18 16:35:26.075796 [Incident:Info:toast@toast-new:Magnitude updated] Magnitude updated: 5.93 (M)
2025/07/18 16:35:26.075828 [Simulation:Info:toast@toast-new:Simulation not generated] Magnitude 5.93 of event bmg2025nymk is smaller than triggerMinMagnitude: no automatic simulation
2025/07/18 16:35:35.317483 [Incident:Info:toast@toast-new:Origin updated] Origin updated: OT: 2025-07-18 09:30:01,  Lat/Lon: 22.9501°/96.0374°, Depth: 10
2025/07/18 16:35:35.317695 [Incident:Info:toast@toast-new:Magnitude updated] Magnitude updated: 5.85 (M)
2025/07/18 16:35:35.317728 [Simulation:Info:toast@toast-new:Simulation not generated] Magnitude 5.85 of event bmg2025nymk is smaller than triggerMinMagnitude: no automatic simulation
2025/07/18 16:35:36.068770 [Incident:Info:toast@toast-new:Origin updated] Origin updated: OT: 2025-07-18 09:30:01,  Lat/Lon: 22.9501°/96.0374°, Depth: 10
2025/07/18 16:35:36.068991 [Incident:Info:toast@toast-new:Magnitude updated] Magnitude updated: 5.83 (M)
2025/07/18 16:35:36.069065 [Simulation:Info:toast@toast-new:Simulation not generated] Magnitude 5.83 of event bmg2025nymk is smaller than triggerMinMagnitude: no automatic simulation
2025/07/18 16:35:46.076183 [Incident:Info:toast@toast-new:Origin updated] Origin updated: OT: 2025-07-18 09:30:01,  Lat/Lon: 22.9501°/96.0374°, Depth: 10
2025/07/18 16:35:46.076407 [Incident:Info:toast@toast-new:Magnitude updated] Magnitude updated: 5.84 (M)
2025/07/18 16:35:46.076458 [Simulation:Info:toast@toast-new:Simulation not generated] Magnitude 5.84 of event bmg2025nymk is smaller than triggerMinMagnitude: no automatic simulation
2025/07/18 16:35:51.110410 [Incident:Info:toast@toast-new:Origin updated] Origin updated: OT: 2025-07-18 09:30:01,  Lat/Lon: 22.9501°/96.0374°, Depth: 10
2025/07/18 16:35:51.110596 [Incident:Info:toast@toast-new:Magnitude updated] Magnitude updated: 5.80 (M)
2025/07/18 16:35:51.110641 [Simulation:Info:toast@toast-new:Simulation not generated] Magnitude 5.80 of event bmg2025nymk is smaller than triggerMinMagnitude: no automatic simulation
2025/07/18 16:35:56.050710 [Incident:Info:toast@toast-new:Origin updated] Origin updated: OT: 2025-07-18 09:30:01,  Lat/Lon: 22.9501°/96.0374°, Depth: 10
2025/07/18 16:35:56.050899 [Incident:Info:toast@toast-new:Magnitude updated] Magnitude updated: 5.80 (M)
2025/07/18 16:35:56.050943 [Simulation:Info:toast@toast-new:Simulation not generated] Magnitude 5.80 of event bmg2025nymk is smaller than triggerMinMagnitude: no automatic simulation
2025/07/18 16:35:59.447472 [Incident:Info:toast@toast-new:Origin updated] Origin updated: OT: 2025-07-18 09:30:01,  Lat/Lon: 22.9223°/96.0313°, Depth: 10
2025/07/18 16:35:59.447674 [Incident:Info:toast@toast-new:Magnitude updated] Magnitude updated: 5.77 (M)
2025/07/18 16:35:59.447715 [Simulation:Info:toast@toast-new:Simulation not generated] Magnitude 5.77 of event bmg2025nymk is smaller than triggerMinMagnitude: no automatic simulation
2025/07/18 16:36:01.067670 [Incident:Info:toast@toast-new:Origin updated] Origin updated: OT: 2025-07-18 09:30:01,  Lat/Lon: 22.9223°/96.0313°, Depth: 10
2025/07/18 16:36:01.067927 [Incident:Info:toast@toast-new:Magnitude updated] Magnitude updated: 5.74 (M)
2025/07/18 16:36:01.068022 [Simulation:Info:toast@toast-new:Simulation not generated] Magnitude 5.74 of event bmg2025nymk is smaller than triggerMinMagnitude: no automatic simulation
2025/07/18 16:36:06.111146 [Incident:Info:toast@toast-new:Origin updated] Origin updated: OT: 2025-07-18 09:30:01,  Lat/Lon: 22.9223°/96.0313°, Depth: 10
2025/07/18 16:36:06.111327 [Incident:Info:toast@toast-new:Magnitude updated] Magnitude updated: 5.67 (M)
2025/07/18 16:36:06.111370 [Simulation:Info:toast@toast-new:Simulation not generated] Magnitude 5.67 of event bmg2025nymk is smaller than triggerMinMagnitude: no automatic simulation
2025/07/18 16:36:11.090496 [Incident:Info:toast@toast-new:Origin updated] Origin updated: OT: 2025-07-18 09:30:01,  Lat/Lon: 22.9223°/96.0313°, Depth: 10
2025/07/18 16:36:11.090681 [Incident:Info:toast@toast-new:Magnitude updated] Magnitude updated: 5.64 (M)
2025/07/18 16:36:11.090739 [Simulation:Info:toast@toast-new:Simulation not generated] Magnitude 5.64 of event bmg2025nymk is smaller than triggerMinMagnitude: no automatic simulation
2025/07/18 16:36:14.824814 [Incident:Info:toast@toast-new:Origin updated] Origin updated: OT: 2025-07-18 09:30:05,  Lat/Lon: 22.5923°/96.0173°, Depth: 10
2025/07/18 16:36:14.825042 [Incident:Info:toast@toast-new:Magnitude updated] Magnitude updated: 5.63 (M)
2025/07/18 16:36:14.825091 [Simulation:Info:toast@toast-new:Simulation not generated] Magnitude 5.63 of event bmg2025nymk is smaller than triggerMinMagnitude: no automatic simulation
2025/07/18 16:36:26.070407 [Incident:Info:toast@toast-new:Origin updated] Origin updated: OT: 2025-07-18 09:30:05,  Lat/Lon: 22.5923°/96.0173°, Depth: 10
2025/07/18 16:36:26.070604 [Incident:Info:toast@toast-new:Magnitude updated] Magnitude updated: 5.65 (M)
2025/07/18 16:36:26.070651 [Simulation:Info:toast@toast-new:Simulation not generated] Magnitude 5.65 of event bmg2025nymk is smaller than triggerMinMagnitude: no automatic simulation
2025/07/18 16:36:31.072224 [Incident:Info:toast@toast-new:Origin updated] Origin updated: OT: 2025-07-18 09:30:05,  Lat/Lon: 22.5923°/96.0173°, Depth: 10
2025/07/18 16:36:31.072418 [Incident:Info:toast@toast-new:Magnitude updated] Magnitude updated: 5.66 (M)
2025/07/18 16:36:31.072488 [Simulation:Info:toast@toast-new:Simulation not generated] Magnitude 5.66 of event bmg2025nymk is smaller than triggerMinMagnitude: no automatic simulation
2025/07/18 16:36:34.831587 [Incident:Info:toast@toast-new:Origin updated] Origin updated: OT: 2025-07-18 09:30:05,  Lat/Lon: 22.6102°/96.0185°, Depth: 10
2025/07/18 16:36:34.831797 [Incident:Info:toast@toast-new:Magnitude updated] Magnitude updated: 5.69 (M)
2025/07/18 16:36:34.831841 [Simulation:Info:toast@toast-new:Simulation not generated] Magnitude 5.69 of event bmg2025nymk is smaller than triggerMinMagnitude: no automatic simulation
2025/07/18 16:36:36.073254 [Incident:Info:toast@toast-new:Origin updated] Origin updated: OT: 2025-07-18 09:30:05,  Lat/Lon: 22.6102°/96.0185°, Depth: 10
2025/07/18 16:36:36.073432 [Incident:Info:toast@toast-new:Magnitude updated] Magnitude updated: 5.67 (M)
2025/07/18 16:36:36.073482 [Simulation:Info:toast@toast-new:Simulation not generated] Magnitude 5.67 of event bmg2025nymk is smaller than triggerMinMagnitude: no automatic simulation
2025/07/18 16:36:41.074103 [Incident:Info:toast@toast-new:Origin updated] Origin updated: OT: 2025-07-18 09:30:05,  Lat/Lon: 22.6102°/96.0185°, Depth: 10
2025/07/18 16:36:41.074291 [Incident:Info:toast@toast-new:Magnitude updated] Magnitude updated: 5.68 (M)
2025/07/18 16:36:41.074328 [Simulation:Info:toast@toast-new:Simulation not generated] Magnitude 5.68 of event bmg2025nymk is smaller than triggerMinMagnitude: no automatic simulation
2025/07/18 16:36:46.079380 [Incident:Info:toast@toast-new:Origin updated] Origin updated: OT: 2025-07-18 09:30:05,  Lat/Lon: 22.6102°/96.0185°, Depth: 10
2025/07/18 16:36:46.079568 [Incident:Info:toast@toast-new:Magnitude updated] Magnitude updated: 5.70 (M)
2025/07/18 16:36:46.079608 [Simulation:Info:toast@toast-new:Simulation not generated] Magnitude 5.70 of event bmg2025nymk is smaller than triggerMinMagnitude: no automatic simulation
2025/07/18 16:36:46.942911 [Incident:Info:toast@toast-new:Origin updated] Origin updated: OT: 2025-07-18 09:30:06,  Lat/Lon: 22.6708°/96.0581°, Depth: 21.7487
2025/07/18 16:36:46.943141 [Incident:Info:toast@toast-new:Magnitude updated] Magnitude updated: 5.53 (mb)
2025/07/18 16:36:46.943197 [Simulation:Info:toast@toast-new:Simulation not generated] Magnitude 5.53 of event bmg2025nymk is smaller than triggerMinMagnitude: no automatic simulation
2025/07/18 16:36:46.966928 [Incident:Info:toast@toast-new:Origin updated] Origin updated: OT: 2025-07-18 09:30:06,  Lat/Lon: 22.6708°/96.0581°, Depth: 21.7487
2025/07/18 16:36:46.967047 [Incident:Info:toast@toast-new:Magnitude updated] Magnitude updated: 5.66 (M)
2025/07/18 16:36:46.967090 [Simulation:Info:toast@toast-new:Simulation not generated] Magnitude 5.66 of event bmg2025nymk is smaller than triggerMinMagnitude: no automatic simulation
2025/07/18 16:37:06.087438 [Incident:Info:toast@toast-new:Origin updated] Origin updated: OT: 2025-07-18 09:30:06,  Lat/Lon: 22.6708°/96.0581°, Depth: 21.7487
2025/07/18 16:37:06.087631 [Incident:Info:toast@toast-new:Magnitude updated] Magnitude updated: 5.65 (M)
2025/07/18 16:37:06.087693 [Simulation:Info:toast@toast-new:Simulation not generated] Magnitude 5.65 of event bmg2025nymk is smaller than triggerMinMagnitude: no automatic simulation
2025/07/18 16:40:00.787692 [Incident:Info:toast@toast-new:Origin updated] Origin updated: OT: 2025-07-18 09:30:06,  Lat/Lon: 22.6708°/96.0581°, Depth: 21.7487
2025/07/18 16:40:00.787877 [Incident:Info:toast@toast-new:FM updated] FM updated
2025/07/18 16:40:00.788104 [Simulation:Info:toast@toast-new:Simulation not generated] Magnitude 5.65 of event bmg2025nymk is smaller than triggerMinMagnitude: no automatic simulation
2025/07/18 16:40:05.835147 [Incident:Info:toast@toast-new:Origin updated] Origin updated: OT: 2025-07-18 09:30:06,  Lat/Lon: 22.6708°/96.0581°, Depth: 21.7487
2025/07/18 16:40:05.835324 [Incident:Info:toast@toast-new:FM updated] FM updated
2025/07/18 16:40:05.835570 [Simulation:Info:toast@toast-new:Simulation not generated] Magnitude 5.65 of event bmg2025nymk is smaller than triggerMinMagnitude: no automatic simulation
2025/07/18 16:40:31.129764 [Incident:Info:toast@toast-new:Origin updated] Origin updated: OT: 2025-07-18 09:30:06,  Lat/Lon: 22.6708°/96.0581°, Depth: 21.7487
2025/07/18 16:40:31.130009 [Simulation:Info:toast@toast-new:Simulation not generated] Magnitude 5.65 of event bmg2025nymk is smaller than triggerMinMagnitude: no automatic simulation
2025/07/18 16:42:03.031047 [Incident:Info:toast@toast-new:Origin updated] Origin updated: OT: 2025-07-18 09:30:06,  Lat/Lon: 22.6708°/96.0581°, Depth: 21.7487
2025/07/18 16:42:03.031241 [Incident:Info:toast@toast-new:FM updated] FM updated
2025/07/18 16:42:03.031490 [Simulation:Info:toast@toast-new:Simulation not generated] Magnitude 5.65 of event bmg2025nymk is smaller than triggerMinMagnitude: no automatic simulation
2025/07/18 16:42:07.214922 [Incident:Info:toast@toast-new:Origin updated] Origin updated: OT: 2025-07-18 09:30:06,  Lat/Lon: 22.6708°/96.0581°, Depth: 21.7487
2025/07/18 16:42:07.215119 [Simulation:Info:toast@toast-new:Simulation not generated] Magnitude 5.65 of event bmg2025nymk is smaller than triggerMinMagnitude: no automatic simulation
2025/07/18 16:42:17.619827 [Incident:Info:toast@toast-new:Origin updated] Origin updated: OT: 2025-07-18 09:30:06,  Lat/Lon: 22.6708°/96.0581°, Depth: 21.7487
2025/07/18 16:42:17.620037 [Simulation:Info:toast@toast-new:Simulation not generated] Magnitude 5.65 of event bmg2025nymk is smaller than triggerMinMagnitude: no automatic simulation
2025/07/18 16:42:27.582515 [Incident:Info:toast@toast-new:Origin updated] Origin updated: OT: 2025-07-18 09:30:06,  Lat/Lon: 22.6708°/96.0581°, Depth: 21.7487
2025/07/18 16:42:27.582715 [Simulation:Info:toast@toast-new:Simulation not generated] Magnitude 5.65 of event bmg2025nymk is smaller than triggerMinMagnitude: no automatic simulation
2025/07/18 17:10:08.293290 [Incident:Info:toast@toast-new:Origin updated] Origin updated: OT: 2025-07-18 09:30:06,  Lat/Lon: 22.6708°/96.0581°, Depth: 21.7487
2025/07/18 17:10:08.293478 [Simulation:Info:toast@toast-new:Simulation not generated] Magnitude 5.65 of event bmg2025nymk is smaller than triggerMinMagnitude: no automatic simulation
2025/07/18 23:47:46.663763 [Incident:Info:toast@toast-new:Origin updated] Origin updated: OT: 2025-07-18 09:30:05,  Lat/Lon: 22.6386°/96.0323°, Depth: 23.325
2025/07/18 23:47:46.663976 [Incident:Info:toast@toast-new:Magnitude updated] Magnitude updated: 5.64 (mb)
2025/07/18 23:47:46.664019 [Incident:Info:toast@toast-new:FM updated] FM updated
2025/07/18 23:47:46.664240 [Simulation:Info:toast@toast-new:Simulation not generated] Magnitude 5.64 of event bmg2025nymk is smaller than triggerMinMagnitude: no automatic simulation
2025/07/18 23:47:46.749334 [Incident:Info:toast@toast-new:Origin updated] Origin updated: OT: 2025-07-18 09:30:05,  Lat/Lon: 22.6386°/96.0323°, Depth: 23.325
2025/07/18 23:47:46.749448 [Simulation:Info:toast@toast-new:Simulation not generated] Magnitude 5.64 of event bmg2025nymk is smaller than triggerMinMagnitude: no automatic simulation
2025/07/18 23:47:46.764391 [Incident:Info:toast@toast-new:Origin updated] Origin updated: OT: 2025-07-18 09:30:05,  Lat/Lon: 22.6386°/96.0323°, Depth: 23.325
2025/07/18 23:47:46.764477 [Incident:Info:toast@toast-new:Magnitude updated] Magnitude updated: 5.56 (M)
2025/07/18 23:47:46.764497 [Simulation:Info:toast@toast-new:Simulation not generated] Magnitude 5.56 of event bmg2025nymk is smaller than triggerMinMagnitude: no automatic simulation
2025/07/18 23:47:51.561236 [Incident:Info:toast@toast-new:Origin updated] Origin updated: OT: 2025-07-18 09:30:05,  Lat/Lon: 22.6386°/96.0323°, Depth: 23.325
2025/07/18 23:47:51.561429 [Incident:Info:toast@toast-new:Magnitude updated] Magnitude updated: 5.64 (mb)
2025/07/18 23:47:51.561479 [Simulation:Info:toast@toast-new:Simulation not generated] Magnitude 5.64 of event bmg2025nymk is smaller than triggerMinMagnitude: no automatic simulation
