2025/08/02 05:14:54.262195 [Incident:Info:toast@toast-new:Displacement(s) updated] Added 0 and changed 0 displacements with 0 amplitudes
2025/08/02 05:14:54.263416 [Incident:Info:toast@toast-new:Incident created] Incident created based on event received from messaging: OT: 2025-08-01 22:03:03,  Lat/Lon: 52.16°/160.03°, Depth: 10.00, Mag: 5.06 (M)
2025/08/02 05:14:54.264046 [Simulation:Info:toast@toast-new:Simulation not generated] Magnitude 5.06 of event bmg2025ozah is smaller than triggerMinMagnitude: no automatic simulation
2025/08/02 05:14:54.285861 [Incident:Info:toast@toast-new:Origin updated] Origin updated: OT: 2025-08-01 22:03:03,  Lat/Lon: 52.1552°/160.03°, Depth: 10
2025/08/02 05:14:54.286033 [Simulation:Info:toast@toast-new:Simulation not generated] Magnitude 5.06 of event bmg2025ozah is smaller than triggerMinMagnitude: no automatic simulation
2025/08/02 05:15:12.454722 [Incident:Info:toast@toast-new:Origin updated] Origin updated: OT: 2025-08-01 22:03:03,  Lat/Lon: 52.1485°/160.03°, Depth: 10
2025/08/02 05:15:12.454921 [Incident:Info:toast@toast-new:Magnitude updated] Magnitude updated: 5.07 (M)
2025/08/02 05:15:12.454963 [Simulation:Info:toast@toast-new:Simulation not generated] Magnitude 5.07 of event bmg2025ozah is smaller than triggerMinMagnitude: no automatic simulation
2025/08/02 05:15:29.486370 [Incident:Info:toast@toast-new:Origin updated] Origin updated: OT: 2025-08-01 22:03:03,  Lat/Lon: 52.1403°/160.035°, Depth: 10
2025/08/02 05:15:29.486581 [Incident:Info:toast@toast-new:Magnitude updated] Magnitude updated: 5.07 (M)
2025/08/02 05:15:29.486623 [Simulation:Info:toast@toast-new:Simulation not generated] Magnitude 5.07 of event bmg2025ozah is smaller than triggerMinMagnitude: no automatic simulation
2025/08/02 05:15:30.079046 [Incident:Info:toast@toast-new:Origin updated] Origin updated: OT: 2025-08-01 22:03:03,  Lat/Lon: 52.1403°/160.035°, Depth: 10
2025/08/02 05:15:30.079213 [Incident:Info:toast@toast-new:Magnitude updated] Magnitude updated: 5.11 (M)
2025/08/02 05:15:30.079246 [Simulation:Info:toast@toast-new:Simulation not generated] Magnitude 5.11 of event bmg2025ozah is smaller than triggerMinMagnitude: no automatic simulation
2025/08/02 05:15:45.674090 [Incident:Info:toast@toast-new:Origin updated] Origin updated: OT: 2025-08-01 22:03:03,  Lat/Lon: 52.1412°/160.035°, Depth: 10
2025/08/02 05:15:45.674281 [Incident:Info:toast@toast-new:Magnitude updated] Magnitude updated: 5.11 (M)
2025/08/02 05:15:45.674323 [Simulation:Info:toast@toast-new:Simulation not generated] Magnitude 5.11 of event bmg2025ozah is smaller than triggerMinMagnitude: no automatic simulation
2025/08/02 05:16:02.063601 [Incident:Info:toast@toast-new:Origin updated] Origin updated: OT: 2025-08-01 22:03:03,  Lat/Lon: 52.1495°/160.022°, Depth: 10
2025/08/02 05:16:02.063817 [Incident:Info:toast@toast-new:Magnitude updated] Magnitude updated: 5.11 (M)
2025/08/02 05:16:02.063865 [Simulation:Info:toast@toast-new:Simulation not generated] Magnitude 5.11 of event bmg2025ozah is smaller than triggerMinMagnitude: no automatic simulation
2025/08/02 05:16:20.050229 [Incident:Info:toast@toast-new:Origin updated] Origin updated: OT: 2025-08-01 22:03:03,  Lat/Lon: 52.1495°/160.022°, Depth: 10
2025/08/02 05:16:20.050423 [Incident:Info:toast@toast-new:Magnitude updated] Magnitude updated: 5.12 (M)
2025/08/02 05:16:20.050467 [Simulation:Info:toast@toast-new:Simulation not generated] Magnitude 5.12 of event bmg2025ozah is smaller than triggerMinMagnitude: no automatic simulation
2025/08/02 05:16:23.331226 [Incident:Info:toast@toast-new:Origin updated] Origin updated: OT: 2025-08-01 22:03:03,  Lat/Lon: 52.1537°/160.018°, Depth: 10
2025/08/02 05:16:23.331408 [Incident:Info:toast@toast-new:Magnitude updated] Magnitude updated: 5.12 (M)
2025/08/02 05:16:23.331450 [Simulation:Info:toast@toast-new:Simulation not generated] Magnitude 5.12 of event bmg2025ozah is smaller than triggerMinMagnitude: no automatic simulation
2025/08/02 05:16:45.041584 [Incident:Info:toast@toast-new:Origin updated] Origin updated: OT: 2025-08-01 22:03:03,  Lat/Lon: 52.1537°/160.018°, Depth: 10
2025/08/02 05:16:45.041801 [Incident:Info:toast@toast-new:Magnitude updated] Magnitude updated: 5.13 (M)
2025/08/02 05:16:45.041851 [Simulation:Info:toast@toast-new:Simulation not generated] Magnitude 5.13 of event bmg2025ozah is smaller than triggerMinMagnitude: no automatic simulation
2025/08/02 05:17:05.693179 [Incident:Info:toast@toast-new:Origin updated] Origin updated: OT: 2025-08-01 22:03:03,  Lat/Lon: 52.1436°/160.028°, Depth: 10
2025/08/02 05:17:05.693376 [Incident:Info:toast@toast-new:Magnitude updated] Magnitude updated: 5.14 (M)
2025/08/02 05:17:05.693417 [Simulation:Info:toast@toast-new:Simulation not generated] Magnitude 5.14 of event bmg2025ozah is smaller than triggerMinMagnitude: no automatic simulation
2025/08/02 05:23:06.050937 [Incident:Info:toast@toast-new:Origin updated] Origin updated: OT: 2025-08-01 22:03:03,  Lat/Lon: 52.1436°/160.028°, Depth: 10
2025/08/02 05:23:06.051145 [Simulation:Info:toast@toast-new:Simulation not generated] Magnitude 5.14 of event bmg2025ozah is smaller than triggerMinMagnitude: no automatic simulation
2025/08/02 05:25:04.541939 [Incident:Info:toast@toast-new:Origin updated] Origin updated: OT: 2025-08-01 22:03:03,  Lat/Lon: 52.1493°/160.021°, Depth: 10
2025/08/02 05:25:04.542106 [Incident:Info:toast@toast-new:Magnitude updated] Magnitude updated: 5.14 (M)
2025/08/02 05:25:04.542135 [Simulation:Info:toast@toast-new:Simulation not generated] Magnitude 5.14 of event bmg2025ozah is smaller than triggerMinMagnitude: no automatic simulation
2025/08/02 06:01:59.318460 [Incident:Info:toast@toast-new:Origin updated] Origin updated: OT: 2025-08-01 22:03:05,  Lat/Lon: 52.2349°/159.935°, Depth: 23.0557
2025/08/02 06:01:59.318655 [Incident:Info:toast@toast-new:Magnitude updated] Magnitude updated: 5.44 (mb)
2025/08/02 06:01:59.318700 [Simulation:Info:toast@toast-new:Simulation not generated] Magnitude 5.44 of event bmg2025ozah is smaller than triggerMinMagnitude: no automatic simulation
2025/08/02 06:01:59.341116 [Incident:Info:toast@toast-new:Origin updated] Origin updated: OT: 2025-08-01 22:03:05,  Lat/Lon: 52.2349°/159.935°, Depth: 23.0557
2025/08/02 06:01:59.341237 [Incident:Info:toast@toast-new:Magnitude updated] Magnitude updated: 5.26 (M)
2025/08/02 06:01:59.341281 [Simulation:Info:toast@toast-new:Simulation not generated] Magnitude 5.26 of event bmg2025ozah is smaller than triggerMinMagnitude: no automatic simulation
2025/08/02 11:07:50.012963 [Incident:Info:toast@toast-new:Origin updated] Origin updated: OT: 2025-08-01 22:03:09,  Lat/Lon: 52.249°/160.01°, Depth: 63.1924
2025/08/02 11:07:50.014624 [Incident:Info:toast@toast-new:Magnitude updated] Magnitude updated: 5.39 (mb)
2025/08/02 11:07:50.014728 [Simulation:Info:toast@toast-new:Simulation not generated] Magnitude 5.39 of event bmg2025ozah is smaller than triggerMinMagnitude: no automatic simulation
2025/08/02 11:07:50.043214 [Incident:Info:toast@toast-new:Origin updated] Origin updated: OT: 2025-08-01 22:03:09,  Lat/Lon: 52.249°/160.01°, Depth: 63.1924
2025/08/02 11:07:50.043319 [Incident:Info:toast@toast-new:Magnitude updated] Magnitude updated: 5.10 (M)
2025/08/02 11:07:50.043349 [Simulation:Info:toast@toast-new:Simulation not generated] Magnitude 5.10 of event bmg2025ozah is smaller than triggerMinMagnitude: no automatic simulation
2025/08/02 11:07:53.332447 [Incident:Info:toast@toast-new:Origin updated] Origin updated: OT: 2025-08-01 22:03:09,  Lat/Lon: 52.249°/160.01°, Depth: 63.1924
2025/08/02 11:07:53.332647 [Incident:Info:toast@toast-new:Magnitude updated] Magnitude updated: 5.39 (mb)
2025/08/02 11:07:53.332698 [Simulation:Info:toast@toast-new:Simulation not generated] Magnitude 5.39 of event bmg2025ozah is smaller than triggerMinMagnitude: no automatic simulation
2025/08/03 08:39:02.439682 [Incident:Info:toast@toast-new:Incident removed] Removed incident - Bye
2025/08/03 14:19:19.959197 [Incident:Info:toast@toast-new:Displacement(s) updated] Added 0 and changed 0 displacements with 0 amplitudes
2025/08/03 14:19:19.978269 [Incident:Info:toast@toast-new:Incident created] Incident created based on event received from messaging: OT: 2025-08-01 22:03:09,  Lat/Lon: 52.25°/160.01°, Depth: 63.33, Mag: 5.39 (mb)
2025/08/03 14:19:19.978813 [Simulation:Info:toast@toast-new:Simulation not generated] Magnitude 5.39 of event bmg2025ozah is smaller than triggerMinMagnitude: no automatic simulation
2025/08/03 14:19:19.992712 [Incident:Info:toast@toast-new:Origin updated] Origin updated: OT: 2025-08-01 22:03:09,  Lat/Lon: 52.251°/160.009°, Depth: 63.3271
2025/08/03 14:19:19.992831 [Simulation:Info:toast@toast-new:Simulation not generated] Magnitude 5.39 of event bmg2025ozah is smaller than triggerMinMagnitude: no automatic simulation
2025/08/03 14:19:36.944482 [Incident:Info:toast@toast-new:Origin updated] Origin updated: OT: 2025-08-01 22:03:09,  Lat/Lon: 52.251°/160.009°, Depth: 63.3271
2025/08/03 14:19:36.944731 [Simulation:Info:toast@toast-new:Simulation not generated] Magnitude 5.39 of event bmg2025ozah is smaller than triggerMinMagnitude: no automatic simulation
2025/08/03 14:19:36.966790 [Incident:Info:toast@toast-new:Origin updated] Origin updated: OT: 2025-08-01 22:03:09,  Lat/Lon: 52.251°/160.009°, Depth: 63.3271
2025/08/03 14:19:36.966947 [Simulation:Info:toast@toast-new:Simulation not generated] Magnitude 5.39 of event bmg2025ozah is smaller than triggerMinMagnitude: no automatic simulation
2025/08/03 21:41:06.127871 [Incident:Info:toast@toast-new:Incident removed] Removed incident - Bye
