2025/07/30 15:05:07.372986 [Incident:Info:toast@toast-new:Displacement(s) updated] Added 0 and changed 0 displacements with 0 amplitudes
2025/07/30 15:05:07.377314 [Incident:Info:toast@toast-new:Incident created] Incident created based on event received from messaging: OT: 2025-07-30 07:45:05,  Lat/Lon: 52.30°/160.57°, Depth: 10.00, Mag: 5.34 (M)
2025/07/30 15:05:07.377691 [Simulation:Info:toast@toast-new:Simulation not generated] Magnitude 5.34 of event bmg2025ougz is smaller than triggerMinMagnitude: no automatic simulation
2025/07/30 15:05:07.389166 [Incident:Info:toast@toast-new:Origin updated] Origin updated: OT: 2025-07-30 07:45:05,  Lat/Lon: 52.2973°/160.566°, Depth: 10
2025/07/30 15:05:07.389279 [Simulation:Info:toast@toast-new:Simulation not generated] Magnitude 5.34 of event bmg2025ougz is smaller than triggerMinMagnitude: no automatic simulation
2025/07/30 15:05:10.031536 [Incident:Info:toast@toast-new:Origin updated] Origin updated: OT: 2025-07-30 07:45:05,  Lat/Lon: 52.2973°/160.566°, Depth: 10
2025/07/30 15:05:10.031747 [Incident:Info:toast@toast-new:Magnitude updated] Magnitude updated: 5.46 (M)
2025/07/30 15:05:10.031801 [Simulation:Info:toast@toast-new:Simulation not generated] Magnitude 5.46 of event bmg2025ougz is smaller than triggerMinMagnitude: no automatic simulation
2025/07/30 15:55:03.620152 [Incident:Info:toast@toast-new:Origin updated] Origin updated: OT: 2025-07-30 07:45:06,  Lat/Lon: 52.4492°/161.212°, Depth: 30.1757
2025/07/30 15:55:03.620405 [Incident:Info:toast@toast-new:Magnitude updated] Magnitude updated: 5.17 (mb)
2025/07/30 15:55:03.620462 [Simulation:Info:toast@toast-new:Simulation not generated] Magnitude 5.17 of event bmg2025ougz is smaller than triggerMinMagnitude: no automatic simulation
2025/07/30 15:55:03.640829 [Incident:Info:toast@toast-new:Origin updated] Origin updated: OT: 2025-07-30 07:45:06,  Lat/Lon: 52.4492°/161.212°, Depth: 30.1757
2025/07/30 15:55:03.640985 [Incident:Info:toast@toast-new:Magnitude updated] Magnitude updated: 5.53 (M)
2025/07/30 15:55:03.641043 [Simulation:Info:toast@toast-new:Simulation not generated] Magnitude 5.53 of event bmg2025ougz is smaller than triggerMinMagnitude: no automatic simulation
2025/07/30 21:39:24.893389 [Incident:Info:toast@toast-new:Origin updated] Origin updated: OT: 2025-07-30 07:45:06,  Lat/Lon: 52.4546°/161.018°, Depth: 32.5106
2025/07/30 21:39:24.929333 [Incident:Info:toast@toast-new:Magnitude updated] Magnitude updated: 5.14 (mb)
2025/07/30 21:39:24.929444 [Simulation:Info:toast@toast-new:Simulation not generated] Magnitude 5.14 of event bmg2025ougz is smaller than triggerMinMagnitude: no automatic simulation
2025/07/30 21:39:24.953795 [Incident:Info:toast@toast-new:Origin updated] Origin updated: OT: 2025-07-30 07:45:06,  Lat/Lon: 52.4546°/161.018°, Depth: 32.5106
2025/07/30 21:39:24.953921 [Incident:Info:toast@toast-new:Magnitude updated] Magnitude updated: 5.53 (M)
2025/07/30 21:39:24.953969 [Simulation:Info:toast@toast-new:Simulation not generated] Magnitude 5.53 of event bmg2025ougz is smaller than triggerMinMagnitude: no automatic simulation
2025/07/30 21:39:31.072507 [Incident:Info:toast@toast-new:Origin updated] Origin updated: OT: 2025-07-30 07:45:06,  Lat/Lon: 52.4546°/161.018°, Depth: 32.5106
2025/07/30 21:39:31.072733 [Incident:Info:toast@toast-new:Magnitude updated] Magnitude updated: 5.14 (mb)
2025/07/30 21:39:31.072802 [Simulation:Info:toast@toast-new:Simulation not generated] Magnitude 5.14 of event bmg2025ougz is smaller than triggerMinMagnitude: no automatic simulation
2025/07/31 12:01:08.612885 [Incident:Info:toast@toast-new:Incident removed] Removed incident - Bye
