2025/09/04 01:41:52.927616 [Incident:Info:toast@toast-new:Displacement(s) updated] Added 0 and changed 0 displacements with 0 amplitudes
2025/09/04 01:41:52.928449 [Incident:Info:toast@toast-new:Incident created] Incident created based on event received from messaging: OT: 2025-09-03 18:39:12,  Lat/Lon: -3.82°/144.63°, Depth: 10.00, Mag: 5.51 (M)
2025/09/04 01:41:52.929081 [Simulation:Info:toast@toast-new:Simulation not generated] Magnitude 5.51 of event bmg2025rhbe is smaller than triggerMinMagnitude: no automatic simulation
2025/09/04 01:41:52.949477 [Incident:Info:toast@toast-new:Origin updated] Origin updated: OT: 2025-09-03 18:39:12,  Lat/Lon: -3.81597°/144.635°, Depth: 10
2025/09/04 01:41:52.949624 [Simulation:Info:toast@toast-new:Simulation not generated] Magnitude 5.51 of event bmg2025rhbe is smaller than triggerMinMagnitude: no automatic simulation
2025/09/04 01:41:58.682111 [Incident:Info:toast@toast-new:Origin updated] Origin updated: OT: 2025-09-03 18:39:12,  Lat/Lon: -3.81597°/144.635°, Depth: 10
2025/09/04 01:41:58.682299 [Incident:Info:toast@toast-new:Magnitude updated] Magnitude updated: 5.52 (M)
2025/09/04 01:41:58.682339 [Simulation:Info:toast@toast-new:Simulation not generated] Magnitude 5.52 of event bmg2025rhbe is smaller than triggerMinMagnitude: no automatic simulation
2025/09/04 01:42:03.668160 [Incident:Info:toast@toast-new:Origin updated] Origin updated: OT: 2025-09-03 18:39:12,  Lat/Lon: -3.81597°/144.635°, Depth: 10
2025/09/04 01:42:03.668344 [Incident:Info:toast@toast-new:Magnitude updated] Magnitude updated: 5.53 (M)
2025/09/04 01:42:03.668381 [Simulation:Info:toast@toast-new:Simulation not generated] Magnitude 5.53 of event bmg2025rhbe is smaller than triggerMinMagnitude: no automatic simulation
2025/09/04 01:42:08.649525 [Incident:Info:toast@toast-new:Origin updated] Origin updated: OT: 2025-09-03 18:39:12,  Lat/Lon: -3.81597°/144.635°, Depth: 10
2025/09/04 01:42:08.649731 [Incident:Info:toast@toast-new:Magnitude updated] Magnitude updated: 5.48 (M)
2025/09/04 01:42:08.649785 [Simulation:Info:toast@toast-new:Simulation not generated] Magnitude 5.48 of event bmg2025rhbe is smaller than triggerMinMagnitude: no automatic simulation
2025/09/04 01:42:13.699590 [Incident:Info:toast@toast-new:Origin updated] Origin updated: OT: 2025-09-03 18:39:12,  Lat/Lon: -3.81597°/144.635°, Depth: 10
2025/09/04 01:42:13.699770 [Incident:Info:toast@toast-new:Magnitude updated] Magnitude updated: 5.44 (M)
2025/09/04 01:42:13.699811 [Simulation:Info:toast@toast-new:Simulation not generated] Magnitude 5.44 of event bmg2025rhbe is smaller than triggerMinMagnitude: no automatic simulation
2025/09/04 01:42:18.663579 [Incident:Info:toast@toast-new:Origin updated] Origin updated: OT: 2025-09-03 18:39:12,  Lat/Lon: -3.81597°/144.635°, Depth: 10
2025/09/04 01:42:18.663776 [Incident:Info:toast@toast-new:Magnitude updated] Magnitude updated: 5.42 (M)
2025/09/04 01:42:18.663815 [Simulation:Info:toast@toast-new:Simulation not generated] Magnitude 5.42 of event bmg2025rhbe is smaller than triggerMinMagnitude: no automatic simulation
2025/09/04 01:42:22.097955 [Incident:Info:toast@toast-new:Origin updated] Origin updated: OT: 2025-09-03 18:39:12,  Lat/Lon: -3.81301°/144.638°, Depth: 10
2025/09/04 01:42:22.098152 [Incident:Info:toast@toast-new:Magnitude updated] Magnitude updated: 5.43 (M)
2025/09/04 01:42:22.098189 [Simulation:Info:toast@toast-new:Simulation not generated] Magnitude 5.43 of event bmg2025rhbe is smaller than triggerMinMagnitude: no automatic simulation
2025/09/04 01:42:28.602003 [Incident:Info:toast@toast-new:Origin updated] Origin updated: OT: 2025-09-03 18:39:12,  Lat/Lon: -3.81301°/144.638°, Depth: 10
2025/09/04 01:42:28.602150 [Incident:Info:toast@toast-new:Magnitude updated] Magnitude updated: 5.43 (M)
2025/09/04 01:42:28.602183 [Simulation:Info:toast@toast-new:Simulation not generated] Magnitude 5.43 of event bmg2025rhbe is smaller than triggerMinMagnitude: no automatic simulation
2025/09/04 01:42:33.126404 [Incident:Info:toast@toast-new:Origin updated] Origin updated: OT: 2025-09-03 18:39:09,  Lat/Lon: -3.79294°/144.828°, Depth: 10
2025/09/04 01:42:33.126606 [Incident:Info:toast@toast-new:Magnitude updated] Magnitude updated: 5.45 (M)
2025/09/04 01:42:33.126646 [Simulation:Info:toast@toast-new:Simulation not generated] Magnitude 5.45 of event bmg2025rhbe is smaller than triggerMinMagnitude: no automatic simulation
2025/09/04 01:42:38.720982 [Incident:Info:toast@toast-new:Origin updated] Origin updated: OT: 2025-09-03 18:39:09,  Lat/Lon: -3.79294°/144.828°, Depth: 10
2025/09/04 01:42:38.721171 [Incident:Info:toast@toast-new:Magnitude updated] Magnitude updated: 5.45 (M)
2025/09/04 01:42:38.721206 [Simulation:Info:toast@toast-new:Simulation not generated] Magnitude 5.45 of event bmg2025rhbe is smaller than triggerMinMagnitude: no automatic simulation
2025/09/04 01:42:40.240599 [Incident:Info:toast@toast-new:Origin updated] Origin updated: OT: 2025-09-03 18:39:10,  Lat/Lon: -3.78743°/144.723°, Depth: 10
2025/09/04 01:42:40.240746 [Incident:Info:toast@toast-new:Magnitude updated] Magnitude updated: 5.74 (mb)
2025/09/04 01:42:40.240777 [Simulation:Info:toast@toast-new:Simulation not generated] Magnitude 5.74 of event bmg2025rhbe is smaller than triggerMinMagnitude: no automatic simulation
2025/09/04 01:42:40.270794 [Incident:Info:toast@toast-new:Origin updated] Origin updated: OT: 2025-09-03 18:39:10,  Lat/Lon: -3.78743°/144.723°, Depth: 10
2025/09/04 01:42:40.270914 [Incident:Info:toast@toast-new:Magnitude updated] Magnitude updated: 5.45 (M)
2025/09/04 01:42:40.270945 [Simulation:Info:toast@toast-new:Simulation not generated] Magnitude 5.45 of event bmg2025rhbe is smaller than triggerMinMagnitude: no automatic simulation
2025/09/04 01:42:43.189776 [Incident:Info:toast@toast-new:Origin updated] Origin updated: OT: 2025-09-03 18:39:10,  Lat/Lon: -3.78743°/144.723°, Depth: 10
2025/09/04 01:42:43.189909 [Incident:Info:toast@toast-new:Magnitude updated] Magnitude updated: 5.37 (M)
2025/09/04 01:42:43.189938 [Simulation:Info:toast@toast-new:Simulation not generated] Magnitude 5.37 of event bmg2025rhbe is smaller than triggerMinMagnitude: no automatic simulation
2025/09/04 01:42:48.739991 [Incident:Info:toast@toast-new:Origin updated] Origin updated: OT: 2025-09-03 18:39:10,  Lat/Lon: -3.78743°/144.723°, Depth: 10
2025/09/04 01:42:48.740124 [Incident:Info:toast@toast-new:Magnitude updated] Magnitude updated: 5.42 (M)
2025/09/04 01:42:48.740152 [Simulation:Info:toast@toast-new:Simulation not generated] Magnitude 5.42 of event bmg2025rhbe is smaller than triggerMinMagnitude: no automatic simulation
2025/09/04 01:43:03.301059 [Incident:Info:toast@toast-new:Origin updated] Origin updated: OT: 2025-09-03 18:39:10,  Lat/Lon: -3.78743°/144.723°, Depth: 10
2025/09/04 01:43:03.301236 [Incident:Info:toast@toast-new:Magnitude updated] Magnitude updated: 5.45 (M)
2025/09/04 01:43:03.301274 [Simulation:Info:toast@toast-new:Simulation not generated] Magnitude 5.45 of event bmg2025rhbe is smaller than triggerMinMagnitude: no automatic simulation
2025/09/04 01:43:03.589062 [Incident:Info:toast@toast-new:Origin updated] Origin updated: OT: 2025-09-03 18:39:10,  Lat/Lon: -3.78743°/144.723°, Depth: 10
2025/09/04 01:43:03.589245 [Incident:Info:toast@toast-new:Magnitude updated] Magnitude updated: 5.49 (M)
2025/09/04 01:43:03.589276 [Simulation:Info:toast@toast-new:Simulation not generated] Magnitude 5.49 of event bmg2025rhbe is smaller than triggerMinMagnitude: no automatic simulation
2025/09/04 01:43:08.714551 [Incident:Info:toast@toast-new:Origin updated] Origin updated: OT: 2025-09-03 18:39:10,  Lat/Lon: -3.78743°/144.723°, Depth: 10
2025/09/04 01:43:08.714777 [Incident:Info:toast@toast-new:Magnitude updated] Magnitude updated: 5.51 (M)
2025/09/04 01:43:08.714829 [Simulation:Info:toast@toast-new:Simulation not generated] Magnitude 5.51 of event bmg2025rhbe is smaller than triggerMinMagnitude: no automatic simulation
2025/09/04 01:43:13.601561 [Incident:Info:toast@toast-new:Origin updated] Origin updated: OT: 2025-09-03 18:39:10,  Lat/Lon: -3.78743°/144.723°, Depth: 10
2025/09/04 01:43:13.601698 [Incident:Info:toast@toast-new:Magnitude updated] Magnitude updated: 5.51 (M)
2025/09/04 01:43:13.601734 [Simulation:Info:toast@toast-new:Simulation not generated] Magnitude 5.51 of event bmg2025rhbe is smaller than triggerMinMagnitude: no automatic simulation
2025/09/04 01:43:17.974600 [Incident:Info:toast@toast-new:Origin updated] Origin updated: OT: 2025-09-03 18:39:10,  Lat/Lon: -3.78743°/144.723°, Depth: 10
2025/09/04 01:43:17.974736 [Incident:Info:toast@toast-new:Magnitude updated] Magnitude updated: 5.50 (M)
2025/09/04 01:43:17.974759 [Simulation:Info:toast@toast-new:Simulation not generated] Magnitude 5.50 of event bmg2025rhbe is smaller than triggerMinMagnitude: no automatic simulation
2025/09/04 01:43:23.594645 [Incident:Info:toast@toast-new:Origin updated] Origin updated: OT: 2025-09-03 18:39:10,  Lat/Lon: -3.78743°/144.723°, Depth: 10
2025/09/04 01:43:23.594796 [Incident:Info:toast@toast-new:Magnitude updated] Magnitude updated: 5.50 (M)
2025/09/04 01:43:23.594831 [Simulation:Info:toast@toast-new:Simulation not generated] Magnitude 5.50 of event bmg2025rhbe is smaller than triggerMinMagnitude: no automatic simulation
2025/09/04 01:43:28.682823 [Incident:Info:toast@toast-new:Origin updated] Origin updated: OT: 2025-09-03 18:39:10,  Lat/Lon: -3.78743°/144.723°, Depth: 10
2025/09/04 01:43:28.683020 [Incident:Info:toast@toast-new:Magnitude updated] Magnitude updated: 5.50 (M)
2025/09/04 01:43:28.683062 [Simulation:Info:toast@toast-new:Simulation not generated] Magnitude 5.50 of event bmg2025rhbe is smaller than triggerMinMagnitude: no automatic simulation
2025/09/04 01:43:38.697838 [Incident:Info:toast@toast-new:Origin updated] Origin updated: OT: 2025-09-03 18:39:10,  Lat/Lon: -3.78743°/144.723°, Depth: 10
2025/09/04 01:43:38.697975 [Incident:Info:toast@toast-new:Magnitude updated] Magnitude updated: 5.50 (M)
2025/09/04 01:43:38.698004 [Simulation:Info:toast@toast-new:Simulation not generated] Magnitude 5.50 of event bmg2025rhbe is smaller than triggerMinMagnitude: no automatic simulation
2025/09/04 01:46:33.132062 [Incident:Info:toast@toast-new:Origin updated] Origin updated: OT: 2025-09-03 18:39:30,  Lat/Lon: -4.09724°/143.348°, Depth: 42.7699
2025/09/04 01:46:33.132218 [Incident:Info:toast@toast-new:Magnitude updated] Magnitude updated: 5.16 (mb)
2025/09/04 01:46:33.132254 [Simulation:Info:toast@toast-new:Simulation not generated] Magnitude 5.16 of event bmg2025rhbe is smaller than triggerMinMagnitude: no automatic simulation
2025/09/04 01:46:33.172866 [Incident:Info:toast@toast-new:Origin updated] Origin updated: OT: 2025-09-03 18:39:30,  Lat/Lon: -4.09724°/143.348°, Depth: 42.7699
2025/09/04 01:46:33.173001 [Incident:Info:toast@toast-new:Magnitude updated] Magnitude updated: 5.03 (M)
2025/09/04 01:46:33.173038 [Simulation:Info:toast@toast-new:Simulation not generated] Magnitude 5.03 of event bmg2025rhbe is smaller than triggerMinMagnitude: no automatic simulation
2025/09/04 01:49:29.365331 [Incident:Info:toast@toast-new:Origin updated] Origin updated: OT: 2025-09-03 18:39:30,  Lat/Lon: -4.09724°/143.348°, Depth: 42.7699
2025/09/04 01:49:29.365461 [Incident:Info:toast@toast-new:FM updated] FM updated
2025/09/04 01:49:29.365590 [Simulation:Info:toast@toast-new:Simulation not generated] Magnitude 5.03 of event bmg2025rhbe is smaller than triggerMinMagnitude: no automatic simulation
2025/09/04 01:49:38.666099 [Incident:Info:toast@toast-new:Origin updated] Origin updated: OT: 2025-09-03 18:39:30,  Lat/Lon: -4.09724°/143.348°, Depth: 42.7699
2025/09/04 01:49:38.666233 [Simulation:Info:toast@toast-new:Simulation not generated] Magnitude 5.03 of event bmg2025rhbe is smaller than triggerMinMagnitude: no automatic simulation
2025/09/04 02:18:40.509658 [Incident:Info:toast@toast-new:Origin updated] Origin updated: OT: 2025-09-03 18:39:30,  Lat/Lon: -4.09724°/143.348°, Depth: 42.7699
2025/09/04 02:18:40.509850 [Simulation:Info:toast@toast-new:Simulation not generated] Magnitude 5.03 of event bmg2025rhbe is smaller than triggerMinMagnitude: no automatic simulation
