2025/08/01 08:47:25.782773 [Incident:Info:toast@toast-new:Displacement(s) updated] Added 0 and changed 0 displacements with 0 amplitudes
2025/08/01 08:47:25.797675 [Incident:Info:toast@toast-new:Incident created] Incident created based on event received from messaging: OT: 2025-08-01 01:36:38,  Lat/Lon: 52.74°/161.19°, Depth: 10.00, Mag: 5.14 (M)
2025/08/01 08:47:25.798185 [Simulation:Info:toast@toast-new:Simulation not generated] Magnitude 5.14 of event bmg2025oxlv is smaller than triggerMinMagnitude: no automatic simulation
2025/08/01 08:47:25.812991 [Incident:Info:toast@toast-new:Origin updated] Origin updated: OT: 2025-08-01 01:36:38,  Lat/Lon: 52.7411°/161.192°, Depth: 10
2025/08/01 08:47:25.813111 [Simulation:Info:toast@toast-new:Simulation not generated] Magnitude 5.14 of event bmg2025oxlv is smaller than triggerMinMagnitude: no automatic simulation
2025/08/01 08:47:30.094019 [Incident:Info:toast@toast-new:Origin updated] Origin updated: OT: 2025-08-01 01:36:38,  Lat/Lon: 52.7411°/161.192°, Depth: 10
2025/08/01 08:47:30.094195 [Incident:Info:toast@toast-new:Magnitude updated] Magnitude updated: 5.14 (M)
2025/08/01 08:47:30.094237 [Simulation:Info:toast@toast-new:Simulation not generated] Magnitude 5.14 of event bmg2025oxlv is smaller than triggerMinMagnitude: no automatic simulation
2025/08/01 08:47:34.064328 [Incident:Info:toast@toast-new:Origin updated] Origin updated: OT: 2025-08-01 01:36:38,  Lat/Lon: 52.7574°/161.194°, Depth: 10
2025/08/01 08:47:34.064577 [Incident:Info:toast@toast-new:Magnitude updated] Magnitude updated: 5.14 (M)
2025/08/01 08:47:34.064628 [Simulation:Info:toast@toast-new:Simulation not generated] Magnitude 5.14 of event bmg2025oxlv is smaller than triggerMinMagnitude: no automatic simulation
2025/08/01 08:47:45.121522 [Incident:Info:toast@toast-new:Origin updated] Origin updated: OT: 2025-08-01 01:36:38,  Lat/Lon: 52.7705°/161.195°, Depth: 10
2025/08/01 08:47:45.121793 [Incident:Info:toast@toast-new:Magnitude updated] Magnitude updated: 5.14 (M)
2025/08/01 08:47:45.121829 [Simulation:Info:toast@toast-new:Simulation not generated] Magnitude 5.14 of event bmg2025oxlv is smaller than triggerMinMagnitude: no automatic simulation
2025/08/01 08:47:50.069797 [Incident:Info:toast@toast-new:Origin updated] Origin updated: OT: 2025-08-01 01:36:38,  Lat/Lon: 52.7705°/161.195°, Depth: 10
2025/08/01 08:47:50.069967 [Incident:Info:toast@toast-new:Magnitude updated] Magnitude updated: 5.14 (M)
2025/08/01 08:47:50.069999 [Simulation:Info:toast@toast-new:Simulation not generated] Magnitude 5.14 of event bmg2025oxlv is smaller than triggerMinMagnitude: no automatic simulation
2025/08/01 08:47:55.056452 [Incident:Info:toast@toast-new:Origin updated] Origin updated: OT: 2025-08-01 01:36:38,  Lat/Lon: 52.7705°/161.195°, Depth: 10
2025/08/01 08:47:55.057038 [Incident:Info:toast@toast-new:Magnitude updated] Magnitude updated: 5.15 (M)
2025/08/01 08:47:55.057134 [Simulation:Info:toast@toast-new:Simulation not generated] Magnitude 5.15 of event bmg2025oxlv is smaller than triggerMinMagnitude: no automatic simulation
2025/08/01 08:47:56.496804 [Incident:Info:toast@toast-new:Origin updated] Origin updated: OT: 2025-08-01 01:36:38,  Lat/Lon: 52.7823°/161.222°, Depth: 10
2025/08/01 08:47:56.497235 [Incident:Info:toast@toast-new:Magnitude updated] Magnitude updated: 5.18 (M)
2025/08/01 08:47:56.497290 [Simulation:Info:toast@toast-new:Simulation not generated] Magnitude 5.18 of event bmg2025oxlv is smaller than triggerMinMagnitude: no automatic simulation
2025/08/01 08:48:00.094657 [Incident:Info:toast@toast-new:Origin updated] Origin updated: OT: 2025-08-01 01:36:38,  Lat/Lon: 52.7823°/161.222°, Depth: 10
2025/08/01 08:48:00.094834 [Incident:Info:toast@toast-new:Magnitude updated] Magnitude updated: 5.21 (M)
2025/08/01 08:48:00.094878 [Simulation:Info:toast@toast-new:Simulation not generated] Magnitude 5.21 of event bmg2025oxlv is smaller than triggerMinMagnitude: no automatic simulation
2025/08/01 08:48:10.049653 [Incident:Info:toast@toast-new:Origin updated] Origin updated: OT: 2025-08-01 01:36:38,  Lat/Lon: 52.7823°/161.222°, Depth: 10
2025/08/01 08:48:10.049839 [Incident:Info:toast@toast-new:Magnitude updated] Magnitude updated: 5.23 (M)
2025/08/01 08:48:10.049871 [Simulation:Info:toast@toast-new:Simulation not generated] Magnitude 5.23 of event bmg2025oxlv is smaller than triggerMinMagnitude: no automatic simulation
2025/08/01 08:48:10.066400 [Incident:Info:toast@toast-new:Origin updated] Origin updated: OT: 2025-08-01 01:36:38,  Lat/Lon: 52.7838°/161.225°, Depth: 10
2025/08/01 08:48:10.066505 [Incident:Info:toast@toast-new:Magnitude updated] Magnitude updated: 5.23 (M)
2025/08/01 08:48:10.066524 [Simulation:Info:toast@toast-new:Simulation not generated] Magnitude 5.23 of event bmg2025oxlv is smaller than triggerMinMagnitude: no automatic simulation
2025/08/01 08:48:15.057844 [Incident:Info:toast@toast-new:Origin updated] Origin updated: OT: 2025-08-01 01:36:38,  Lat/Lon: 52.7838°/161.225°, Depth: 10
2025/08/01 08:48:15.058015 [Incident:Info:toast@toast-new:Magnitude updated] Magnitude updated: 5.26 (M)
2025/08/01 08:48:15.058062 [Simulation:Info:toast@toast-new:Simulation not generated] Magnitude 5.26 of event bmg2025oxlv is smaller than triggerMinMagnitude: no automatic simulation
2025/08/01 08:48:20.071095 [Incident:Info:toast@toast-new:Origin updated] Origin updated: OT: 2025-08-01 01:36:38,  Lat/Lon: 52.7838°/161.225°, Depth: 10
2025/08/01 08:48:20.071296 [Incident:Info:toast@toast-new:Magnitude updated] Magnitude updated: 5.27 (M)
2025/08/01 08:48:20.071337 [Simulation:Info:toast@toast-new:Simulation not generated] Magnitude 5.27 of event bmg2025oxlv is smaller than triggerMinMagnitude: no automatic simulation
2025/08/01 08:48:23.540522 [Incident:Info:toast@toast-new:Origin updated] Origin updated: OT: 2025-08-01 01:36:38,  Lat/Lon: 52.7857°/161.227°, Depth: 10
2025/08/01 08:48:23.540719 [Incident:Info:toast@toast-new:Magnitude updated] Magnitude updated: 5.27 (M)
2025/08/01 08:48:23.540762 [Simulation:Info:toast@toast-new:Simulation not generated] Magnitude 5.27 of event bmg2025oxlv is smaller than triggerMinMagnitude: no automatic simulation
2025/08/01 08:48:37.613210 [Incident:Info:toast@toast-new:Origin updated] Origin updated: OT: 2025-08-01 01:36:38,  Lat/Lon: 52.7872°/161.229°, Depth: 10
2025/08/01 08:48:37.613397 [Incident:Info:toast@toast-new:Magnitude updated] Magnitude updated: 5.27 (M)
2025/08/01 08:48:37.613435 [Simulation:Info:toast@toast-new:Simulation not generated] Magnitude 5.27 of event bmg2025oxlv is smaller than triggerMinMagnitude: no automatic simulation
2025/08/01 08:48:40.087870 [Incident:Info:toast@toast-new:Origin updated] Origin updated: OT: 2025-08-01 01:36:38,  Lat/Lon: 52.7872°/161.229°, Depth: 10
2025/08/01 08:48:40.088073 [Incident:Info:toast@toast-new:Magnitude updated] Magnitude updated: 5.28 (M)
2025/08/01 08:48:40.088128 [Simulation:Info:toast@toast-new:Simulation not generated] Magnitude 5.28 of event bmg2025oxlv is smaller than triggerMinMagnitude: no automatic simulation
2025/08/01 08:48:52.505159 [Incident:Info:toast@toast-new:Origin updated] Origin updated: OT: 2025-08-01 01:36:38,  Lat/Lon: 52.8141°/161.177°, Depth: 10
2025/08/01 08:48:52.505380 [Incident:Info:toast@toast-new:Magnitude updated] Magnitude updated: 5.28 (M)
2025/08/01 08:48:52.505432 [Simulation:Info:toast@toast-new:Simulation not generated] Magnitude 5.28 of event bmg2025oxlv is smaller than triggerMinMagnitude: no automatic simulation
2025/08/01 08:49:00.082151 [Incident:Info:toast@toast-new:Origin updated] Origin updated: OT: 2025-08-01 01:36:38,  Lat/Lon: 52.8141°/161.177°, Depth: 10
2025/08/01 08:49:00.082349 [Incident:Info:toast@toast-new:Magnitude updated] Magnitude updated: 5.31 (M)
2025/08/01 08:49:00.082396 [Simulation:Info:toast@toast-new:Simulation not generated] Magnitude 5.31 of event bmg2025oxlv is smaller than triggerMinMagnitude: no automatic simulation
2025/08/01 08:49:05.078285 [Incident:Info:toast@toast-new:Origin updated] Origin updated: OT: 2025-08-01 01:36:38,  Lat/Lon: 52.8141°/161.177°, Depth: 10
2025/08/01 08:49:05.078471 [Incident:Info:toast@toast-new:Magnitude updated] Magnitude updated: 5.33 (M)
2025/08/01 08:49:05.078530 [Simulation:Info:toast@toast-new:Simulation not generated] Magnitude 5.33 of event bmg2025oxlv is smaller than triggerMinMagnitude: no automatic simulation
2025/08/01 08:49:15.046383 [Incident:Info:toast@toast-new:Origin updated] Origin updated: OT: 2025-08-01 01:36:38,  Lat/Lon: 52.8141°/161.177°, Depth: 10
2025/08/01 08:49:15.046563 [Incident:Info:toast@toast-new:Magnitude updated] Magnitude updated: 5.35 (M)
2025/08/01 08:49:15.046625 [Simulation:Info:toast@toast-new:Simulation not generated] Magnitude 5.35 of event bmg2025oxlv is smaller than triggerMinMagnitude: no automatic simulation
2025/08/01 08:49:16.162766 [Incident:Info:toast@toast-new:Origin updated] Origin updated: OT: 2025-08-01 01:36:38,  Lat/Lon: 52.8068°/161.183°, Depth: 10
2025/08/01 08:49:16.162943 [Incident:Info:toast@toast-new:Magnitude updated] Magnitude updated: 5.35 (M)
2025/08/01 08:49:16.162979 [Simulation:Info:toast@toast-new:Simulation not generated] Magnitude 5.35 of event bmg2025oxlv is smaller than triggerMinMagnitude: no automatic simulation
2025/08/01 08:49:37.513384 [Incident:Info:toast@toast-new:Origin updated] Origin updated: OT: 2025-08-01 01:36:38,  Lat/Lon: 52.8197°/161.167°, Depth: 10
2025/08/01 08:49:37.513592 [Incident:Info:toast@toast-new:Magnitude updated] Magnitude updated: 5.35 (M)
2025/08/01 08:49:37.513635 [Simulation:Info:toast@toast-new:Simulation not generated] Magnitude 5.35 of event bmg2025oxlv is smaller than triggerMinMagnitude: no automatic simulation
2025/08/01 08:49:55.046061 [Incident:Info:toast@toast-new:Origin updated] Origin updated: OT: 2025-08-01 01:36:38,  Lat/Lon: 52.8197°/161.167°, Depth: 10
2025/08/01 08:49:55.046237 [Incident:Info:toast@toast-new:Magnitude updated] Magnitude updated: 5.36 (M)
2025/08/01 08:49:55.046268 [Simulation:Info:toast@toast-new:Simulation not generated] Magnitude 5.36 of event bmg2025oxlv is smaller than triggerMinMagnitude: no automatic simulation
2025/08/01 08:49:57.542417 [Incident:Info:toast@toast-new:Origin updated] Origin updated: OT: 2025-08-01 01:36:38,  Lat/Lon: 52.8272°/161.162°, Depth: 10
2025/08/01 08:49:57.544547 [Incident:Info:toast@toast-new:Magnitude updated] Magnitude updated: 5.36 (M)
2025/08/01 08:49:57.544598 [Simulation:Info:toast@toast-new:Simulation not generated] Magnitude 5.36 of event bmg2025oxlv is smaller than triggerMinMagnitude: no automatic simulation
2025/08/01 08:50:21.123666 [Incident:Info:toast@toast-new:Origin updated] Origin updated: OT: 2025-08-01 01:36:38,  Lat/Lon: 52.8252°/161.164°, Depth: 10
2025/08/01 08:50:21.123888 [Incident:Info:toast@toast-new:Magnitude updated] Magnitude updated: 5.36 (M)
2025/08/01 08:50:21.123941 [Simulation:Info:toast@toast-new:Simulation not generated] Magnitude 5.36 of event bmg2025oxlv is smaller than triggerMinMagnitude: no automatic simulation
2025/08/01 08:50:35.049223 [Incident:Info:toast@toast-new:Origin updated] Origin updated: OT: 2025-08-01 01:36:38,  Lat/Lon: 52.8252°/161.164°, Depth: 10
2025/08/01 08:50:35.049397 [Incident:Info:toast@toast-new:Magnitude updated] Magnitude updated: 5.37 (M)
2025/08/01 08:50:35.049439 [Simulation:Info:toast@toast-new:Simulation not generated] Magnitude 5.37 of event bmg2025oxlv is smaller than triggerMinMagnitude: no automatic simulation
2025/08/01 08:54:42.825006 [Incident:Info:toast@toast-new:Origin updated] Origin updated: OT: 2025-08-01 01:36:38,  Lat/Lon: 52.8252°/161.164°, Depth: 10
2025/08/01 08:54:42.825171 [Simulation:Info:toast@toast-new:Simulation not generated] Magnitude 5.37 of event bmg2025oxlv is smaller than triggerMinMagnitude: no automatic simulation
2025/08/01 08:55:08.501348 [Incident:Info:toast@toast-new:Origin updated] Origin updated: OT: 2025-08-01 01:36:38,  Lat/Lon: 52.8329°/161.157°, Depth: 10
2025/08/01 08:55:08.501522 [Incident:Info:toast@toast-new:Magnitude updated] Magnitude updated: 5.37 (M)
2025/08/01 08:55:08.501552 [Simulation:Info:toast@toast-new:Simulation not generated] Magnitude 5.37 of event bmg2025oxlv is smaller than triggerMinMagnitude: no automatic simulation
2025/08/01 08:55:10.053862 [Incident:Info:toast@toast-new:Origin updated] Origin updated: OT: 2025-08-01 01:36:38,  Lat/Lon: 52.8329°/161.157°, Depth: 10
2025/08/01 08:55:10.054045 [Incident:Info:toast@toast-new:Magnitude updated] Magnitude updated: 5.38 (M)
2025/08/01 08:55:10.054092 [Simulation:Info:toast@toast-new:Simulation not generated] Magnitude 5.38 of event bmg2025oxlv is smaller than triggerMinMagnitude: no automatic simulation
2025/08/01 09:05:54.130327 [Incident:Info:toast@toast-new:Origin updated] Origin updated: OT: 2025-08-01 01:36:42,  Lat/Lon: 53.0618°/161.14°, Depth: 41.1475
2025/08/01 09:05:54.130524 [Incident:Info:toast@toast-new:Magnitude updated] Magnitude updated: 5.58 (mb)
2025/08/01 09:05:54.130563 [Simulation:Info:toast@toast-new:Simulation not generated] Magnitude 5.58 of event bmg2025oxlv is smaller than triggerMinMagnitude: no automatic simulation
2025/08/01 09:05:54.152362 [Incident:Info:toast@toast-new:Origin updated] Origin updated: OT: 2025-08-01 01:36:42,  Lat/Lon: 53.0618°/161.14°, Depth: 41.1475
2025/08/01 09:05:54.152499 [Incident:Info:toast@toast-new:Magnitude updated] Magnitude updated: 5.39 (M)
2025/08/01 09:05:54.152542 [Simulation:Info:toast@toast-new:Simulation not generated] Magnitude 5.39 of event bmg2025oxlv is smaller than triggerMinMagnitude: no automatic simulation
2025/08/01 19:14:50.897273 [Incident:Info:toast@toast-new:Origin updated] Origin updated: OT: 2025-08-01 01:36:42,  Lat/Lon: 53.0329°/161.17°, Depth: 37.3812
2025/08/01 19:14:50.897476 [Incident:Info:toast@toast-new:Magnitude updated] Magnitude updated: 5.61 (mb)
2025/08/01 19:14:50.897528 [Simulation:Info:toast@toast-new:Simulation not generated] Magnitude 5.61 of event bmg2025oxlv is smaller than triggerMinMagnitude: no automatic simulation
2025/08/01 19:14:50.917661 [Incident:Info:toast@toast-new:Origin updated] Origin updated: OT: 2025-08-01 01:36:42,  Lat/Lon: 53.0329°/161.17°, Depth: 37.3812
2025/08/01 19:14:50.917775 [Incident:Info:toast@toast-new:Magnitude updated] Magnitude updated: 5.42 (M)
2025/08/01 19:14:50.917818 [Simulation:Info:toast@toast-new:Simulation not generated] Magnitude 5.42 of event bmg2025oxlv is smaller than triggerMinMagnitude: no automatic simulation
2025/08/01 19:14:50.968706 [Incident:Info:toast@toast-new:Origin updated] Origin updated: OT: 2025-08-01 01:36:42,  Lat/Lon: 53.0329°/161.17°, Depth: 37.3812
2025/08/01 19:14:50.968823 [Incident:Info:toast@toast-new:Magnitude updated] Magnitude updated: 5.61 (mb)
2025/08/01 19:14:50.968855 [Simulation:Info:toast@toast-new:Simulation not generated] Magnitude 5.61 of event bmg2025oxlv is smaller than triggerMinMagnitude: no automatic simulation
2025/08/03 08:38:52.747175 [Incident:Info:toast@toast-new:Incident removed] Removed incident - Bye
