2025/07/21 03:42:23.879408 [Incident:Info:toast@toast-new:Displacement(s) updated] Added 0 and changed 0 displacements with 0 amplitudes
2025/07/21 03:42:23.888746 [Incident:Info:toast@toast-new:Incident created] Incident created based on event received from messaging: OT: 2025-07-20 20:31:24,  Lat/Lon: 52.30°/160.34°, Depth: 10.00, Mag: 5.27 (M)
2025/07/21 03:42:23.889388 [Simulation:Info:toast@toast-new:Simulation not generated] Magnitude 5.27 of event bmg2025oczg is smaller than triggerMinMagnitude: no automatic simulation
2025/07/21 03:42:23.904352 [Incident:Info:toast@toast-new:Origin updated] Origin updated: OT: 2025-07-20 20:31:24,  Lat/Lon: 52.3014°/160.339°, Depth: 10
2025/07/21 03:42:23.904492 [Simulation:Info:toast@toast-new:Simulation not generated] Magnitude 5.27 of event bmg2025oczg is smaller than triggerMinMagnitude: no automatic simulation
2025/07/21 03:42:29.842816 [Incident:Info:toast@toast-new:Origin updated] Origin updated: OT: 2025-07-20 20:31:24,  Lat/Lon: 52.3014°/160.339°, Depth: 10
2025/07/21 03:42:29.843005 [Incident:Info:toast@toast-new:Magnitude updated] Magnitude updated: 5.28 (M)
2025/07/21 03:42:29.843049 [Simulation:Info:toast@toast-new:Simulation not generated] Magnitude 5.28 of event bmg2025oczg is smaller than triggerMinMagnitude: no automatic simulation
2025/07/21 03:42:33.826350 [Incident:Info:toast@toast-new:Origin updated] Origin updated: OT: 2025-07-20 20:31:24,  Lat/Lon: 52.3123°/160.4°, Depth: 10
2025/07/21 03:42:33.826574 [Incident:Info:toast@toast-new:Magnitude updated] Magnitude updated: 5.29 (M)
2025/07/21 03:42:33.826628 [Simulation:Info:toast@toast-new:Simulation not generated] Magnitude 5.29 of event bmg2025oczg is smaller than triggerMinMagnitude: no automatic simulation
2025/07/21 03:42:39.867260 [Incident:Info:toast@toast-new:Origin updated] Origin updated: OT: 2025-07-20 20:31:24,  Lat/Lon: 52.3123°/160.4°, Depth: 10
2025/07/21 03:42:39.867444 [Incident:Info:toast@toast-new:Magnitude updated] Magnitude updated: 5.30 (M)
2025/07/21 03:42:39.867485 [Simulation:Info:toast@toast-new:Simulation not generated] Magnitude 5.30 of event bmg2025oczg is smaller than triggerMinMagnitude: no automatic simulation
2025/07/21 03:42:43.681863 [Incident:Info:toast@toast-new:Origin updated] Origin updated: OT: 2025-07-20 20:31:24,  Lat/Lon: 52.3408°/160.393°, Depth: 10
2025/07/21 03:42:43.682027 [Incident:Info:toast@toast-new:Magnitude updated] Magnitude updated: 5.30 (M)
2025/07/21 03:42:43.682064 [Simulation:Info:toast@toast-new:Simulation not generated] Magnitude 5.30 of event bmg2025oczg is smaller than triggerMinMagnitude: no automatic simulation
2025/07/21 03:42:44.869508 [Incident:Info:toast@toast-new:Origin updated] Origin updated: OT: 2025-07-20 20:31:24,  Lat/Lon: 52.3408°/160.393°, Depth: 10
2025/07/21 03:42:44.869679 [Incident:Info:toast@toast-new:Magnitude updated] Magnitude updated: 5.29 (M)
2025/07/21 03:42:44.869707 [Simulation:Info:toast@toast-new:Simulation not generated] Magnitude 5.29 of event bmg2025oczg is smaller than triggerMinMagnitude: no automatic simulation
2025/07/21 03:42:54.505928 [Incident:Info:toast@toast-new:Origin updated] Origin updated: OT: 2025-07-20 20:31:24,  Lat/Lon: 52.3512°/160.409°, Depth: 10
2025/07/21 03:42:54.506107 [Incident:Info:toast@toast-new:Magnitude updated] Magnitude updated: 5.30 (M)
2025/07/21 03:42:54.506146 [Simulation:Info:toast@toast-new:Simulation not generated] Magnitude 5.30 of event bmg2025oczg is smaller than triggerMinMagnitude: no automatic simulation
2025/07/21 03:43:08.174004 [Incident:Info:toast@toast-new:Origin updated] Origin updated: OT: 2025-07-20 20:31:25,  Lat/Lon: 52.3627°/160.42°, Depth: 10
2025/07/21 03:43:08.174210 [Incident:Info:toast@toast-new:Magnitude updated] Magnitude updated: 5.30 (M)
2025/07/21 03:43:08.174253 [Simulation:Info:toast@toast-new:Simulation not generated] Magnitude 5.30 of event bmg2025oczg is smaller than triggerMinMagnitude: no automatic simulation
2025/07/21 03:43:19.838477 [Incident:Info:toast@toast-new:Origin updated] Origin updated: OT: 2025-07-20 20:31:25,  Lat/Lon: 52.3627°/160.42°, Depth: 10
2025/07/21 03:43:19.838690 [Incident:Info:toast@toast-new:Magnitude updated] Magnitude updated: 5.32 (M)
2025/07/21 03:43:19.838733 [Simulation:Info:toast@toast-new:Simulation not generated] Magnitude 5.32 of event bmg2025oczg is smaller than triggerMinMagnitude: no automatic simulation
2025/07/21 03:43:21.251381 [Incident:Info:toast@toast-new:Origin updated] Origin updated: OT: 2025-07-20 20:31:25,  Lat/Lon: 52.356°/160.423°, Depth: 10
2025/07/21 03:43:21.251578 [Incident:Info:toast@toast-new:Magnitude updated] Magnitude updated: 5.32 (M)
2025/07/21 03:43:21.251621 [Simulation:Info:toast@toast-new:Simulation not generated] Magnitude 5.32 of event bmg2025oczg is smaller than triggerMinMagnitude: no automatic simulation
2025/07/21 03:43:24.883249 [Incident:Info:toast@toast-new:Origin updated] Origin updated: OT: 2025-07-20 20:31:25,  Lat/Lon: 52.356°/160.423°, Depth: 10
2025/07/21 03:43:24.883449 [Incident:Info:toast@toast-new:Magnitude updated] Magnitude updated: 5.36 (M)
2025/07/21 03:43:24.883502 [Simulation:Info:toast@toast-new:Simulation not generated] Magnitude 5.36 of event bmg2025oczg is smaller than triggerMinMagnitude: no automatic simulation
2025/07/21 03:43:37.207371 [Incident:Info:toast@toast-new:Origin updated] Origin updated: OT: 2025-07-20 20:31:24,  Lat/Lon: 52.3543°/160.422°, Depth: 10
2025/07/21 03:43:37.207574 [Incident:Info:toast@toast-new:Magnitude updated] Magnitude updated: 5.36 (M)
2025/07/21 03:43:37.207616 [Simulation:Info:toast@toast-new:Simulation not generated] Magnitude 5.36 of event bmg2025oczg is smaller than triggerMinMagnitude: no automatic simulation
2025/07/21 03:43:49.869575 [Incident:Info:toast@toast-new:Origin updated] Origin updated: OT: 2025-07-20 20:31:24,  Lat/Lon: 52.3543°/160.422°, Depth: 10
2025/07/21 03:43:49.869772 [Incident:Info:toast@toast-new:Magnitude updated] Magnitude updated: 5.38 (M)
2025/07/21 03:43:49.869817 [Simulation:Info:toast@toast-new:Simulation not generated] Magnitude 5.38 of event bmg2025oczg is smaller than triggerMinMagnitude: no automatic simulation
2025/07/21 03:43:54.804640 [Incident:Info:toast@toast-new:Origin updated] Origin updated: OT: 2025-07-20 20:31:24,  Lat/Lon: 52.3543°/160.422°, Depth: 10
2025/07/21 03:43:54.804819 [Incident:Info:toast@toast-new:Magnitude updated] Magnitude updated: 5.40 (M)
2025/07/21 03:43:54.804849 [Simulation:Info:toast@toast-new:Simulation not generated] Magnitude 5.40 of event bmg2025oczg is smaller than triggerMinMagnitude: no automatic simulation
2025/07/21 03:43:54.826105 [Incident:Info:toast@toast-new:Origin updated] Origin updated: OT: 2025-07-20 20:31:24,  Lat/Lon: 52.3483°/160.426°, Depth: 10
2025/07/21 03:43:54.826227 [Incident:Info:toast@toast-new:Magnitude updated] Magnitude updated: 5.40 (M)
2025/07/21 03:43:54.826256 [Simulation:Info:toast@toast-new:Simulation not generated] Magnitude 5.40 of event bmg2025oczg is smaller than triggerMinMagnitude: no automatic simulation
2025/07/21 03:44:13.891639 [Incident:Info:toast@toast-new:Origin updated] Origin updated: OT: 2025-07-20 20:31:24,  Lat/Lon: 52.3503°/160.425°, Depth: 10
2025/07/21 03:44:13.891852 [Incident:Info:toast@toast-new:Magnitude updated] Magnitude updated: 5.39 (M)
2025/07/21 03:44:13.891896 [Simulation:Info:toast@toast-new:Simulation not generated] Magnitude 5.39 of event bmg2025oczg is smaller than triggerMinMagnitude: no automatic simulation
2025/07/21 03:44:33.893788 [Incident:Info:toast@toast-new:Origin updated] Origin updated: OT: 2025-07-20 20:31:24,  Lat/Lon: 52.3595°/160.409°, Depth: 10
2025/07/21 03:44:33.893985 [Incident:Info:toast@toast-new:Magnitude updated] Magnitude updated: 5.39 (M)
2025/07/21 03:44:33.894025 [Simulation:Info:toast@toast-new:Simulation not generated] Magnitude 5.39 of event bmg2025oczg is smaller than triggerMinMagnitude: no automatic simulation
2025/07/21 03:44:44.822589 [Incident:Info:toast@toast-new:Origin updated] Origin updated: OT: 2025-07-20 20:31:24,  Lat/Lon: 52.3595°/160.409°, Depth: 10
2025/07/21 03:44:44.822766 [Incident:Info:toast@toast-new:Magnitude updated] Magnitude updated: 5.41 (M)
2025/07/21 03:44:44.822818 [Simulation:Info:toast@toast-new:Simulation not generated] Magnitude 5.41 of event bmg2025oczg is smaller than triggerMinMagnitude: no automatic simulation
2025/07/21 03:44:53.931025 [Incident:Info:toast@toast-new:Origin updated] Origin updated: OT: 2025-07-20 20:31:24,  Lat/Lon: 52.3515°/160.414°, Depth: 10
2025/07/21 03:44:53.931209 [Incident:Info:toast@toast-new:Magnitude updated] Magnitude updated: 5.41 (M)
2025/07/21 03:44:53.931247 [Simulation:Info:toast@toast-new:Simulation not generated] Magnitude 5.41 of event bmg2025oczg is smaller than triggerMinMagnitude: no automatic simulation
2025/07/21 03:45:18.946450 [Incident:Info:toast@toast-new:Origin updated] Origin updated: OT: 2025-07-20 20:31:24,  Lat/Lon: 52.3555°/160.41°, Depth: 10
2025/07/21 03:45:18.946656 [Incident:Info:toast@toast-new:Magnitude updated] Magnitude updated: 5.41 (M)
2025/07/21 03:45:18.946701 [Simulation:Info:toast@toast-new:Simulation not generated] Magnitude 5.41 of event bmg2025oczg is smaller than triggerMinMagnitude: no automatic simulation
2025/07/21 03:45:24.843904 [Incident:Info:toast@toast-new:Origin updated] Origin updated: OT: 2025-07-20 20:31:24,  Lat/Lon: 52.3555°/160.41°, Depth: 10
2025/07/21 03:45:24.844093 [Incident:Info:toast@toast-new:Magnitude updated] Magnitude updated: 5.43 (M)
2025/07/21 03:45:24.844152 [Simulation:Info:toast@toast-new:Simulation not generated] Magnitude 5.43 of event bmg2025oczg is smaller than triggerMinMagnitude: no automatic simulation
2025/07/21 03:45:43.944602 [Incident:Info:toast@toast-new:Origin updated] Origin updated: OT: 2025-07-20 20:31:24,  Lat/Lon: 52.3569°/160.408°, Depth: 10
2025/07/21 03:45:43.944796 [Incident:Info:toast@toast-new:Magnitude updated] Magnitude updated: 5.43 (M)
2025/07/21 03:45:43.944841 [Simulation:Info:toast@toast-new:Simulation not generated] Magnitude 5.43 of event bmg2025oczg is smaller than triggerMinMagnitude: no automatic simulation
2025/07/21 03:49:34.634858 [Incident:Info:toast@toast-new:Origin updated] Origin updated: OT: 2025-07-20 20:31:24,  Lat/Lon: 52.3569°/160.408°, Depth: 10
2025/07/21 03:49:34.635040 [Simulation:Info:toast@toast-new:Simulation not generated] Magnitude 5.43 of event bmg2025oczg is smaller than triggerMinMagnitude: no automatic simulation
2025/07/21 03:52:07.078521 [Incident:Info:toast@toast-new:Origin updated] Origin updated: OT: 2025-07-20 20:31:24,  Lat/Lon: 52.3569°/160.408°, Depth: 10
2025/07/21 03:52:07.078727 [Simulation:Info:toast@toast-new:Simulation not generated] Magnitude 5.43 of event bmg2025oczg is smaller than triggerMinMagnitude: no automatic simulation
2025/07/21 03:55:09.864194 [Incident:Info:toast@toast-new:Origin updated] Origin updated: OT: 2025-07-20 20:31:24,  Lat/Lon: 52.3569°/160.408°, Depth: 10
2025/07/21 03:55:09.864395 [Incident:Info:toast@toast-new:Magnitude updated] Magnitude updated: 5.45 (M)
2025/07/21 03:55:09.864444 [Simulation:Info:toast@toast-new:Simulation not generated] Magnitude 5.45 of event bmg2025oczg is smaller than triggerMinMagnitude: no automatic simulation
2025/07/21 03:55:46.929181 [Incident:Info:toast@toast-new:Origin updated] Origin updated: OT: 2025-07-20 20:31:24,  Lat/Lon: 52.3569°/160.408°, Depth: 10
2025/07/21 03:55:46.929426 [Simulation:Info:toast@toast-new:Simulation not generated] Magnitude 5.45 of event bmg2025oczg is smaller than triggerMinMagnitude: no automatic simulation
2025/07/21 04:17:01.180793 [Incident:Info:toast@toast-new:Origin updated] Origin updated: OT: 2025-07-20 20:31:24,  Lat/Lon: 52.3569°/160.408°, Depth: 10
2025/07/21 04:17:01.180966 [Simulation:Info:toast@toast-new:Simulation not generated] Magnitude 5.45 of event bmg2025oczg is smaller than triggerMinMagnitude: no automatic simulation
2025/07/21 04:26:53.952229 [Incident:Info:toast@toast-new:Origin updated] Origin updated: OT: 2025-07-20 20:31:24,  Lat/Lon: 52.3569°/160.408°, Depth: 10
2025/07/21 04:26:53.952427 [Simulation:Info:toast@toast-new:Simulation not generated] Magnitude 5.45 of event bmg2025oczg is smaller than triggerMinMagnitude: no automatic simulation
2025/07/21 06:37:38.587215 [Incident:Info:toast@toast-new:Origin updated] Origin updated: OT: 2025-07-20 20:31:24,  Lat/Lon: 52.3569°/160.408°, Depth: 10
2025/07/21 06:37:38.623430 [Simulation:Info:toast@toast-new:Simulation not generated] Magnitude 5.45 of event bmg2025oczg is smaller than triggerMinMagnitude: no automatic simulation
2025/07/21 06:43:37.717962 [Incident:Info:toast@toast-new:Origin updated] Origin updated: OT: 2025-07-20 20:31:24,  Lat/Lon: 52.3569°/160.408°, Depth: 10
2025/07/21 06:43:37.718155 [Simulation:Info:toast@toast-new:Simulation not generated] Magnitude 5.45 of event bmg2025oczg is smaller than triggerMinMagnitude: no automatic simulation
2025/07/21 07:40:32.986299 [Incident:Info:toast@toast-new:Origin updated] Origin updated: OT: 2025-07-20 20:31:24,  Lat/Lon: 52.3569°/160.408°, Depth: 10
2025/07/21 07:40:32.986520 [Simulation:Info:toast@toast-new:Simulation not generated] Magnitude 5.45 of event bmg2025oczg is smaller than triggerMinMagnitude: no automatic simulation
2025/07/21 07:44:26.484203 [Incident:Info:toast@toast-new:Incident removed] Removed incident - Bye
2025/07/21 08:04:36.562589 [Incident:Info:toast@toast-new:Displacement(s) updated] Added 0 and changed 0 displacements with 0 amplitudes
2025/07/21 08:04:36.563168 [Incident:Info:toast@toast-new:Incident created] Incident created based on event received from messaging: OT: 2025-07-20 20:31:24,  Lat/Lon: 52.36°/160.41°, Depth: 10.00, Mag: 5.45 (M)
2025/07/21 08:04:36.563842 [Simulation:Info:toast@toast-new:Simulation not generated] Magnitude 5.45 of event bmg2025oczg is smaller than triggerMinMagnitude: no automatic simulation
2025/07/21 08:04:36.592341 [Incident:Info:toast@toast-new:Origin updated] Origin updated: OT: 2025-07-20 20:31:24,  Lat/Lon: 52.3569°/160.408°, Depth: 10
2025/07/21 08:04:36.592544 [Simulation:Info:toast@toast-new:Simulation not generated] Magnitude 5.45 of event bmg2025oczg is smaller than triggerMinMagnitude: no automatic simulation
2025/07/21 08:32:05.507908 [Incident:Info:toast@toast-new:Origin updated] Origin updated: OT: 2025-07-20 20:31:24,  Lat/Lon: 52.3569°/160.408°, Depth: 10
2025/07/21 08:32:05.508174 [Simulation:Info:toast@toast-new:Simulation not generated] Magnitude 5.45 of event bmg2025oczg is smaller than triggerMinMagnitude: no automatic simulation
2025/07/21 08:35:29.503220 [Incident:Info:toast@toast-new:Origin updated] Origin updated: OT: 2025-07-20 20:31:24,  Lat/Lon: 52.3569°/160.408°, Depth: 10
2025/07/21 08:35:29.503434 [Simulation:Info:toast@toast-new:Simulation not generated] Magnitude 5.45 of event bmg2025oczg is smaller than triggerMinMagnitude: no automatic simulation
2025/08/01 15:54:28.643236 [Incident:Info:toast@toast-new:Origin updated] Origin updated: OT: 2025-07-20 20:31:29,  Lat/Lon: 52.4437°/160.402°, Depth: 45.8256
2025/08/01 15:54:28.644713 [Incident:Info:toast@toast-new:Magnitude updated] Magnitude updated: 5.62 (mb)
2025/08/01 15:54:28.644816 [Simulation:Info:toast@toast-new:Simulation not generated] Magnitude 5.62 of event bmg2025oczg is smaller than triggerMinMagnitude: no automatic simulation
2025/08/01 15:54:28.702279 [Incident:Info:toast@toast-new:Origin updated] Origin updated: OT: 2025-07-20 20:31:29,  Lat/Lon: 52.4437°/160.402°, Depth: 45.8256
2025/08/01 15:54:28.702399 [Incident:Info:toast@toast-new:Magnitude updated] Magnitude updated: 5.43 (M)
2025/08/01 15:54:28.702433 [Simulation:Info:toast@toast-new:Simulation not generated] Magnitude 5.43 of event bmg2025oczg is smaller than triggerMinMagnitude: no automatic simulation
2025/08/01 15:54:34.969157 [Incident:Info:toast@toast-new:Origin updated] Origin updated: OT: 2025-07-20 20:31:29,  Lat/Lon: 52.4437°/160.402°, Depth: 45.8256
2025/08/01 15:54:34.969341 [Simulation:Info:toast@toast-new:Simulation not generated] Magnitude 5.43 of event bmg2025oczg is smaller than triggerMinMagnitude: no automatic simulation
2025/08/01 15:54:35.020298 [Incident:Info:toast@toast-new:Origin updated] Origin updated: OT: 2025-07-20 20:31:29,  Lat/Lon: 52.4437°/160.402°, Depth: 45.8256
2025/08/01 15:54:35.020450 [Incident:Info:toast@toast-new:Magnitude updated] Magnitude updated: 5.48 (Mw(mB))
2025/08/01 15:54:35.020484 [Simulation:Info:toast@toast-new:Simulation not generated] Magnitude 5.48 of event bmg2025oczg is smaller than triggerMinMagnitude: no automatic simulation
2025/08/03 08:38:34.355900 [Incident:Info:toast@toast-new:Incident removed] Removed incident - Bye
