2025/08/10 16:43:18.404586 [Incident:Info:toast@toast-new:Displacement(s) updated] Added 0 and changed 0 displacements with 0 amplitudes
2025/08/10 16:43:18.405238 [Incident:Info:toast@toast-new:Incident created] Incident created based on event received from messaging: OT: 2025-08-10 09:29:13,  Lat/Lon: 52.09°/160.45°, Depth: 10.00, Mag: 5.17 (mb)
2025/08/10 16:43:18.405874 [Simulation:Info:toast@toast-new:Simulation not generated] Magnitude 5.17 of event bmg2025pomy is smaller than triggerMinMagnitude: no automatic simulation
2025/08/10 16:43:18.429277 [Incident:Info:toast@toast-new:Origin updated] Origin updated: OT: 2025-08-10 09:29:13,  Lat/Lon: 52.0935°/160.451°, Depth: 10
2025/08/10 16:43:18.429396 [Simulation:Info:toast@toast-new:Simulation not generated] Magnitude 5.17 of event bmg2025pomy is smaller than triggerMinMagnitude: no automatic simulation
2025/08/10 16:43:18.450710 [Incident:Info:toast@toast-new:Origin updated] Origin updated: OT: 2025-08-10 09:29:13,  Lat/Lon: 52.0935°/160.451°, Depth: 10
2025/08/10 16:43:18.450828 [Incident:Info:toast@toast-new:Magnitude updated] Magnitude updated: 5.05 (M)
2025/08/10 16:43:18.450936 [Simulation:Info:toast@toast-new:Simulation not generated] Magnitude 5.05 of event bmg2025pomy is smaller than triggerMinMagnitude: no automatic simulation
2025/08/10 16:43:38.123238 [Incident:Info:toast@toast-new:Origin updated] Origin updated: OT: 2025-08-10 09:29:13,  Lat/Lon: 52.0935°/160.451°, Depth: 10
2025/08/10 16:43:38.123390 [Incident:Info:toast@toast-new:Magnitude updated] Magnitude updated: 5.05 (M)
2025/08/10 16:43:38.123479 [Simulation:Info:toast@toast-new:Simulation not generated] Magnitude 5.05 of event bmg2025pomy is smaller than triggerMinMagnitude: no automatic simulation
2025/08/10 16:54:15.247537 [Incident:Info:toast@toast-new:Origin updated] Origin updated: OT: 2025-08-10 09:29:14,  Lat/Lon: 52.1331°/160.382°, Depth: 16.0537
2025/08/10 16:54:15.247714 [Incident:Info:toast@toast-new:Magnitude updated] Magnitude updated: 5.23 (mb)
2025/08/10 16:54:15.247782 [Simulation:Info:toast@toast-new:Simulation not generated] Magnitude 5.23 of event bmg2025pomy is smaller than triggerMinMagnitude: no automatic simulation
2025/08/10 16:54:15.272720 [Incident:Info:toast@toast-new:Origin updated] Origin updated: OT: 2025-08-10 09:29:14,  Lat/Lon: 52.1331°/160.382°, Depth: 16.0537
2025/08/10 16:54:15.272840 [Incident:Info:toast@toast-new:Magnitude updated] Magnitude updated: 5.07 (M)
2025/08/10 16:54:15.272940 [Simulation:Info:toast@toast-new:Simulation not generated] Magnitude 5.07 of event bmg2025pomy is smaller than triggerMinMagnitude: no automatic simulation
2025/08/10 23:46:59.386109 [Incident:Info:toast@toast-new:Origin updated] Origin updated: OT: 2025-08-10 09:29:15,  Lat/Lon: 52.0923°/160.409°, Depth: 29.4671
2025/08/10 23:46:59.386257 [Incident:Info:toast@toast-new:Magnitude updated] Magnitude updated: 5.18 (mb)
2025/08/10 23:46:59.386318 [Simulation:Info:toast@toast-new:Simulation not generated] Magnitude 5.18 of event bmg2025pomy is smaller than triggerMinMagnitude: no automatic simulation
2025/08/10 23:46:59.466022 [Incident:Info:toast@toast-new:Origin updated] Origin updated: OT: 2025-08-10 09:29:15,  Lat/Lon: 52.0923°/160.409°, Depth: 29.4671
2025/08/10 23:46:59.466095 [Incident:Info:toast@toast-new:Magnitude updated] Magnitude updated: 5.06 (M)
2025/08/10 23:46:59.466156 [Simulation:Info:toast@toast-new:Simulation not generated] Magnitude 5.06 of event bmg2025pomy is smaller than triggerMinMagnitude: no automatic simulation
2025/08/10 23:47:09.761299 [Incident:Info:toast@toast-new:Origin updated] Origin updated: OT: 2025-08-10 09:29:15,  Lat/Lon: 52.0923°/160.409°, Depth: 29.4671
2025/08/10 23:47:09.761419 [Incident:Info:toast@toast-new:Magnitude updated] Magnitude updated: 5.18 (mb)
2025/08/10 23:47:09.761516 [Simulation:Info:toast@toast-new:Simulation not generated] Magnitude 5.18 of event bmg2025pomy is smaller than triggerMinMagnitude: no automatic simulation
2025/08/11 10:08:03.181926 [Incident:Info:toast@toast-new:Incident removed] Removed incident - Bye
2025/08/16 04:45:37.861051 [Incident:Info:toast@toast-new:Displacement(s) updated] Added 0 and changed 0 displacements with 0 amplitudes
2025/08/16 04:45:37.862545 [Incident:Info:toast@toast-new:Incident created] Incident created based on event received from messaging: OT: 2025-08-10 09:29:15,  Lat/Lon: 52.09°/160.41°, Depth: 29.47, Mag: 5.18 (mb)
2025/08/16 04:45:37.862958 [Simulation:Info:toast@toast-new:Simulation not generated] Magnitude 5.18 of event bmg2025pomy is smaller than triggerMinMagnitude: no automatic simulation
2025/08/16 04:45:37.879352 [Incident:Info:toast@toast-new:Origin updated] Origin updated: OT: 2025-08-10 09:29:15,  Lat/Lon: 52.0923°/160.409°, Depth: 29.4671
2025/08/16 04:45:37.879504 [Simulation:Info:toast@toast-new:Simulation not generated] Magnitude 5.18 of event bmg2025pomy is smaller than triggerMinMagnitude: no automatic simulation
2025/08/16 04:45:37.894824 [Incident:Info:toast@toast-new:Origin updated] Origin updated: OT: 2025-08-10 09:29:15,  Lat/Lon: 52.0923°/160.409°, Depth: 29.4671
2025/08/16 04:45:37.894952 [Simulation:Info:toast@toast-new:Simulation not generated] Magnitude 5.18 of event bmg2025pomy is smaller than triggerMinMagnitude: no automatic simulation
