2025/07/29 14:26:05.093675 [Incident:Info:toast@toast-new:Displacement(s) updated] Added 0 and changed 0 displacements with 0 amplitudes
2025/07/29 14:26:05.094208 [Incident:Info:toast@toast-new:Incident created] Incident created based on event received from messaging: OT: 2025-07-29 07:14:18,  Lat/Lon: -57.77°/158.18°, Depth: 10.00, Mag: 5.01 (M)
2025/07/29 14:26:05.096363 [Simulation:Info:toast@toast-new:Simulation not generated] Magnitude 5.01 of event bmg2025oskm is smaller than triggerMinMagnitude: no automatic simulation
2025/07/29 14:26:05.116211 [Incident:Info:toast@toast-new:Origin updated] Origin updated: OT: 2025-07-29 07:14:18,  Lat/Lon: -57.7739°/158.18°, Depth: 10
2025/07/29 14:26:05.116322 [Simulation:Info:toast@toast-new:Simulation not generated] Magnitude 5.01 of event bmg2025oskm is smaller than triggerMinMagnitude: no automatic simulation
2025/07/29 14:26:17.421625 [Incident:Info:toast@toast-new:Origin updated] Origin updated: OT: 2025-07-29 07:14:18,  Lat/Lon: -57.7736°/158.171°, Depth: 10
2025/07/29 14:26:17.421787 [Incident:Info:toast@toast-new:Magnitude updated] Magnitude updated: 5.02 (M)
2025/07/29 14:26:17.421824 [Simulation:Info:toast@toast-new:Simulation not generated] Magnitude 5.02 of event bmg2025oskm is smaller than triggerMinMagnitude: no automatic simulation
2025/07/29 14:26:37.458835 [Incident:Info:toast@toast-new:Origin updated] Origin updated: OT: 2025-07-29 07:14:18,  Lat/Lon: -57.7735°/158.133°, Depth: 10
2025/07/29 14:26:37.459006 [Incident:Info:toast@toast-new:Magnitude updated] Magnitude updated: 5.04 (M)
2025/07/29 14:26:37.459044 [Simulation:Info:toast@toast-new:Simulation not generated] Magnitude 5.04 of event bmg2025oskm is smaller than triggerMinMagnitude: no automatic simulation
2025/07/29 14:26:45.048043 [Incident:Info:toast@toast-new:Origin updated] Origin updated: OT: 2025-07-29 07:14:18,  Lat/Lon: -57.7735°/158.133°, Depth: 10
2025/07/29 14:26:45.048205 [Incident:Info:toast@toast-new:Magnitude updated] Magnitude updated: 5.22 (M)
2025/07/29 14:26:45.048250 [Simulation:Info:toast@toast-new:Simulation not generated] Magnitude 5.22 of event bmg2025oskm is smaller than triggerMinMagnitude: no automatic simulation
2025/07/29 14:26:55.034823 [Incident:Info:toast@toast-new:Origin updated] Origin updated: OT: 2025-07-29 07:14:18,  Lat/Lon: -57.7735°/158.133°, Depth: 10
2025/07/29 14:26:55.034978 [Incident:Info:toast@toast-new:Magnitude updated] Magnitude updated: 5.34 (M)
2025/07/29 14:26:55.035024 [Simulation:Info:toast@toast-new:Simulation not generated] Magnitude 5.34 of event bmg2025oskm is smaller than triggerMinMagnitude: no automatic simulation
2025/07/29 14:26:59.305988 [Incident:Info:toast@toast-new:Origin updated] Origin updated: OT: 2025-07-29 07:14:18,  Lat/Lon: -57.7746°/158.117°, Depth: 10
2025/07/29 14:26:59.306158 [Incident:Info:toast@toast-new:Magnitude updated] Magnitude updated: 5.34 (M)
2025/07/29 14:26:59.306199 [Simulation:Info:toast@toast-new:Simulation not generated] Magnitude 5.34 of event bmg2025oskm is smaller than triggerMinMagnitude: no automatic simulation
2025/07/29 14:27:22.128923 [Incident:Info:toast@toast-new:Origin updated] Origin updated: OT: 2025-07-29 07:14:19,  Lat/Lon: -57.7799°/158.149°, Depth: 19.7428
2025/07/29 14:27:22.129092 [Incident:Info:toast@toast-new:Magnitude updated] Magnitude updated: 5.34 (M)
2025/07/29 14:27:22.129132 [Simulation:Info:toast@toast-new:Simulation not generated] Magnitude 5.34 of event bmg2025oskm is smaller than triggerMinMagnitude: no automatic simulation
2025/07/29 14:27:30.057749 [Incident:Info:toast@toast-new:Origin updated] Origin updated: OT: 2025-07-29 07:14:19,  Lat/Lon: -57.7799°/158.149°, Depth: 19.7428
2025/07/29 14:27:30.057897 [Incident:Info:toast@toast-new:Magnitude updated] Magnitude updated: 5.26 (M)
2025/07/29 14:27:30.057934 [Simulation:Info:toast@toast-new:Simulation not generated] Magnitude 5.26 of event bmg2025oskm is smaller than triggerMinMagnitude: no automatic simulation
2025/07/29 21:15:38.977567 [Incident:Info:toast@toast-new:Origin updated] Origin updated: OT: 2025-07-29 07:14:19,  Lat/Lon: -57.7799°/158.149°, Depth: 19.7428
2025/07/29 21:15:38.977898 [Incident:Info:toast@toast-new:Magnitude updated] Magnitude updated: 5.36 (mb)
2025/07/29 21:15:38.978019 [Simulation:Info:toast@toast-new:Simulation not generated] Magnitude 5.36 of event bmg2025oskm is smaller than triggerMinMagnitude: no automatic simulation
2025/08/21 12:17:00.941891 [Incident:Info:toast@toast-new:Origin updated] Origin updated: OT: 2025-07-29 07:14:19,  Lat/Lon: -57.7799°/158.149°, Depth: 19.7428
2025/08/21 12:17:00.977428 [Simulation:Info:toast@toast-new:Simulation not generated] Magnitude 5.36 of event bmg2025oskm is smaller than triggerMinMagnitude: no automatic simulation
2025/08/21 12:17:04.048787 [Incident:Info:toast@toast-new:Origin updated] Origin updated: OT: 2025-07-29 07:14:18,  Lat/Lon: -57.7669°/158.236°, Depth: 15.4271
2025/08/21 12:17:04.048945 [Incident:Info:toast@toast-new:Magnitude updated] Magnitude updated: 5.36 (mb)
2025/08/21 12:17:04.048974 [Simulation:Info:toast@toast-new:Simulation not generated] Magnitude 5.36 of event bmg2025oskm is smaller than triggerMinMagnitude: no automatic simulation
