2025/05/17 22:22:39.040709 [Incident:Info:toast@toast-new:Displacement(s) updated] Added 0 and changed 0 displacements with 0 amplitudes
2025/05/17 22:22:39.050406 [Incident:Info:toast@toast-new:Incident created] Incident created based on event received from messaging: OT: 2025-05-17 15:09:24,  Lat/Lon: 54.07°/-159.90°, Depth: 10.00, Mag: 5.06 (M)
2025/05/17 22:22:39.050957 [Simulation:Info:toast@toast-new:Simulation not generated] Magnitude 5.06 of event bmg2025jpqk is smaller than triggerMinMagnitude: no automatic simulation
2025/05/17 22:22:39.068932 [Incident:Info:toast@toast-new:Origin updated] Origin updated: OT: 2025-05-17 15:09:24,  Lat/Lon: 54.0672°/-159.905°, Depth: 10
2025/05/17 22:22:39.069073 [Simulation:Info:toast@toast-new:Simulation not generated] Magnitude 5.06 of event bmg2025jpqk is smaller than triggerMinMagnitude: no automatic simulation
2025/05/17 22:22:48.993564 [Incident:Info:toast@toast-new:Origin updated] Origin updated: OT: 2025-05-17 15:09:24,  Lat/Lon: 54.061°/-159.908°, Depth: 10
2025/05/17 22:22:48.993782 [Incident:Info:toast@toast-new:Magnitude updated] Magnitude updated: 5.06 (M)
2025/05/17 22:22:48.993831 [Simulation:Info:toast@toast-new:Simulation not generated] Magnitude 5.06 of event bmg2025jpqk is smaller than triggerMinMagnitude: no automatic simulation
2025/05/17 22:23:20.408134 [Incident:Info:toast@toast-new:Origin updated] Origin updated: OT: 2025-05-17 15:09:24,  Lat/Lon: 54.0592°/-159.908°, Depth: 10
2025/05/17 22:23:20.408331 [Incident:Info:toast@toast-new:Magnitude updated] Magnitude updated: 5.06 (M)
2025/05/17 22:23:20.408372 [Simulation:Info:toast@toast-new:Simulation not generated] Magnitude 5.06 of event bmg2025jpqk is smaller than triggerMinMagnitude: no automatic simulation
2025/05/17 22:23:33.456567 [Incident:Info:toast@toast-new:Origin updated] Origin updated: OT: 2025-05-17 15:09:24,  Lat/Lon: 54.0691°/-159.912°, Depth: 10
2025/05/17 22:23:33.456792 [Incident:Info:toast@toast-new:Magnitude updated] Magnitude updated: 5.07 (M)
2025/05/17 22:23:33.456846 [Simulation:Info:toast@toast-new:Simulation not generated] Magnitude 5.07 of event bmg2025jpqk is smaller than triggerMinMagnitude: no automatic simulation
2025/05/17 22:23:44.007696 [Incident:Info:toast@toast-new:Origin updated] Origin updated: OT: 2025-05-17 15:09:24,  Lat/Lon: 54.077°/-159.912°, Depth: 10
2025/05/17 22:23:44.007882 [Incident:Info:toast@toast-new:Magnitude updated] Magnitude updated: 5.07 (M)
2025/05/17 22:23:44.007913 [Simulation:Info:toast@toast-new:Simulation not generated] Magnitude 5.07 of event bmg2025jpqk is smaller than triggerMinMagnitude: no automatic simulation
2025/05/17 22:24:04.803266 [Incident:Info:toast@toast-new:Origin updated] Origin updated: OT: 2025-05-17 15:09:24,  Lat/Lon: 54.077°/-159.912°, Depth: 10
2025/05/17 22:24:04.803494 [Incident:Info:toast@toast-new:Magnitude updated] Magnitude updated: 5.09 (M)
2025/05/17 22:24:04.803541 [Simulation:Info:toast@toast-new:Simulation not generated] Magnitude 5.09 of event bmg2025jpqk is smaller than triggerMinMagnitude: no automatic simulation
2025/05/17 22:29:44.727565 [Incident:Info:toast@toast-new:Origin updated] Origin updated: OT: 2025-05-17 15:09:24,  Lat/Lon: 54.077°/-159.912°, Depth: 10
2025/05/17 22:29:44.727754 [Simulation:Info:toast@toast-new:Simulation not generated] Magnitude 5.09 of event bmg2025jpqk is smaller than triggerMinMagnitude: no automatic simulation
2025/05/18 03:45:05.468910 [Incident:Info:toast@toast-new:Origin updated] Origin updated: OT: 2025-05-17 15:09:27,  Lat/Lon: 54.1433°/-159.896°, Depth: 32.9254
2025/05/18 03:45:05.469157 [Incident:Info:toast@toast-new:Magnitude updated] Magnitude updated: 5.12 (mb)
2025/05/18 03:45:05.469246 [Simulation:Info:toast@toast-new:Simulation not generated] Magnitude 5.12 of event bmg2025jpqk is smaller than triggerMinMagnitude: no automatic simulation
2025/05/18 03:45:05.486686 [Incident:Info:toast@toast-new:Origin updated] Origin updated: OT: 2025-05-17 15:09:27,  Lat/Lon: 54.1433°/-159.896°, Depth: 32.9254
2025/05/18 03:45:05.486841 [Incident:Info:toast@toast-new:Magnitude updated] Magnitude updated: 5.08 (M)
2025/05/18 03:45:05.486903 [Simulation:Info:toast@toast-new:Simulation not generated] Magnitude 5.08 of event bmg2025jpqk is smaller than triggerMinMagnitude: no automatic simulation
2025/05/18 04:58:05.855006 [Incident:Info:toast@toast-new:Origin updated] Origin updated: OT: 2025-05-17 15:09:27,  Lat/Lon: 54.1433°/-159.896°, Depth: 32.9254
2025/05/18 04:58:05.855183 [Incident:Info:toast@toast-new:Magnitude updated] Magnitude updated: 5.12 (mb)
2025/05/18 04:58:05.855227 [Simulation:Info:toast@toast-new:Simulation not generated] Magnitude 5.12 of event bmg2025jpqk is smaller than triggerMinMagnitude: no automatic simulation
2025/05/18 04:58:14.335954 [Incident:Info:toast@toast-new:Origin updated] Origin updated: OT: 2025-05-17 15:09:26,  Lat/Lon: 54.2898°/-159.907°, Depth: 33.1501
2025/05/18 04:58:14.336185 [Incident:Info:toast@toast-new:Magnitude updated] Magnitude updated: 5.24 (mb)
2025/05/18 04:58:14.336236 [Simulation:Info:toast@toast-new:Simulation not generated] Magnitude 5.24 of event bmg2025jpqk is smaller than triggerMinMagnitude: no automatic simulation
2025/05/18 05:50:00.481892 [Incident:Info:toast@toast-new:Origin updated] Origin updated: OT: 2025-05-17 15:09:26,  Lat/Lon: 54.2898°/-159.907°, Depth: 33.1501
2025/05/18 05:50:00.482066 [Incident:Info:toast@toast-new:FM updated] FM updated
2025/05/18 05:50:00.482295 [Simulation:Info:toast@toast-new:Simulation not generated] Magnitude 5.24 of event bmg2025jpqk is smaller than triggerMinMagnitude: no automatic simulation
2025/06/20 09:39:48.768571 [Incident:Info:toast@toast-new:Origin updated] Origin updated: OT: 2025-05-17 15:09:26,  Lat/Lon: 54.2899°/-159.907°, Depth: 33.2042
2025/06/20 09:39:48.804315 [Incident:Info:toast@toast-new:Magnitude updated] Magnitude updated: 5.24 (mb)
2025/06/20 09:39:48.804405 [Simulation:Info:toast@toast-new:Simulation not generated] Magnitude 5.24 of event bmg2025jpqk is smaller than triggerMinMagnitude: no automatic simulation
2025/06/20 09:39:48.827070 [Incident:Info:toast@toast-new:Origin updated] Origin updated: OT: 2025-05-17 15:09:26,  Lat/Lon: 54.2899°/-159.907°, Depth: 33.2042
2025/06/20 09:39:48.827215 [Incident:Info:toast@toast-new:Magnitude updated] Magnitude updated: 5.19 (M)
2025/06/20 09:39:48.827261 [Simulation:Info:toast@toast-new:Simulation not generated] Magnitude 5.19 of event bmg2025jpqk is smaller than triggerMinMagnitude: no automatic simulation
