2025/08/22 05:43:08.367130 [Incident:Info:toast@toast-new:Displacement(s) updated] Added 0 and changed 0 displacements with 0 amplitudes
2025/08/22 05:43:08.367594 [Incident:Info:toast@toast-new:Incident created] Incident created based on event received from messaging: OT: 2025-08-21 22:34:41,  Lat/Lon: 38.76°/141.99°, Depth: 10.00, Mag: 5.34 (M)
2025/08/22 05:43:08.368204 [Simulation:Info:toast@toast-new:Simulation not generated] Magnitude 5.34 of event bmg2025qjpk is smaller than triggerMinMagnitude: no automatic simulation
2025/08/22 05:43:08.389464 [Incident:Info:toast@toast-new:Origin updated] Origin updated: OT: 2025-08-21 22:34:41,  Lat/Lon: 38.7609°/141.992°, Depth: 10
2025/08/22 05:43:08.389614 [Simulation:Info:toast@toast-new:Simulation not generated] Magnitude 5.34 of event bmg2025qjpk is smaller than triggerMinMagnitude: no automatic simulation
2025/08/22 05:43:13.589866 [Incident:Info:toast@toast-new:Origin updated] Origin updated: OT: 2025-08-21 22:34:41,  Lat/Lon: 38.7609°/141.992°, Depth: 10
2025/08/22 05:43:13.590028 [Incident:Info:toast@toast-new:Magnitude updated] Magnitude updated: 5.36 (M)
2025/08/22 05:43:13.590076 [Simulation:Info:toast@toast-new:Simulation not generated] Magnitude 5.36 of event bmg2025qjpk is smaller than triggerMinMagnitude: no automatic simulation
2025/08/22 05:43:18.583639 [Incident:Info:toast@toast-new:Origin updated] Origin updated: OT: 2025-08-21 22:34:41,  Lat/Lon: 38.7609°/141.992°, Depth: 10
2025/08/22 05:43:18.583807 [Incident:Info:toast@toast-new:Magnitude updated] Magnitude updated: 5.34 (M)
2025/08/22 05:43:18.583857 [Simulation:Info:toast@toast-new:Simulation not generated] Magnitude 5.34 of event bmg2025qjpk is smaller than triggerMinMagnitude: no automatic simulation
2025/08/22 05:43:23.584970 [Incident:Info:toast@toast-new:Origin updated] Origin updated: OT: 2025-08-21 22:34:41,  Lat/Lon: 38.7609°/141.992°, Depth: 10
2025/08/22 05:43:23.585151 [Incident:Info:toast@toast-new:Magnitude updated] Magnitude updated: 5.33 (M)
2025/08/22 05:43:23.585188 [Simulation:Info:toast@toast-new:Simulation not generated] Magnitude 5.33 of event bmg2025qjpk is smaller than triggerMinMagnitude: no automatic simulation
2025/08/22 05:43:24.230983 [Incident:Info:toast@toast-new:Origin updated] Origin updated: OT: 2025-08-21 22:34:41,  Lat/Lon: 38.775°/141.973°, Depth: 10
2025/08/22 05:43:24.231208 [Incident:Info:toast@toast-new:Magnitude updated] Magnitude updated: 5.33 (M)
2025/08/22 05:43:24.231255 [Simulation:Info:toast@toast-new:Simulation not generated] Magnitude 5.33 of event bmg2025qjpk is smaller than triggerMinMagnitude: no automatic simulation
2025/08/22 05:43:28.633764 [Incident:Info:toast@toast-new:Origin updated] Origin updated: OT: 2025-08-21 22:34:41,  Lat/Lon: 38.775°/141.973°, Depth: 10
2025/08/22 05:43:28.633934 [Incident:Info:toast@toast-new:Magnitude updated] Magnitude updated: 5.32 (M)
2025/08/22 05:43:28.633966 [Simulation:Info:toast@toast-new:Simulation not generated] Magnitude 5.32 of event bmg2025qjpk is smaller than triggerMinMagnitude: no automatic simulation
2025/08/22 05:43:33.631514 [Incident:Info:toast@toast-new:Origin updated] Origin updated: OT: 2025-08-21 22:34:41,  Lat/Lon: 38.775°/141.973°, Depth: 10
2025/08/22 05:43:33.631684 [Incident:Info:toast@toast-new:Magnitude updated] Magnitude updated: 5.31 (M)
2025/08/22 05:43:33.631721 [Simulation:Info:toast@toast-new:Simulation not generated] Magnitude 5.31 of event bmg2025qjpk is smaller than triggerMinMagnitude: no automatic simulation
2025/08/22 05:43:38.630342 [Incident:Info:toast@toast-new:Origin updated] Origin updated: OT: 2025-08-21 22:34:41,  Lat/Lon: 38.775°/141.973°, Depth: 10
2025/08/22 05:43:38.630523 [Incident:Info:toast@toast-new:Magnitude updated] Magnitude updated: 5.31 (M)
2025/08/22 05:43:38.630555 [Simulation:Info:toast@toast-new:Simulation not generated] Magnitude 5.31 of event bmg2025qjpk is smaller than triggerMinMagnitude: no automatic simulation
2025/08/22 05:43:48.194920 [Incident:Info:toast@toast-new:Origin updated] Origin updated: OT: 2025-08-21 22:34:41,  Lat/Lon: 38.775°/141.973°, Depth: 10
2025/08/22 05:43:48.195108 [Incident:Info:toast@toast-new:Magnitude updated] Magnitude updated: 5.32 (M)
2025/08/22 05:43:48.195140 [Simulation:Info:toast@toast-new:Simulation not generated] Magnitude 5.32 of event bmg2025qjpk is smaller than triggerMinMagnitude: no automatic simulation
2025/08/22 05:43:48.221942 [Incident:Info:toast@toast-new:Origin updated] Origin updated: OT: 2025-08-21 22:34:41,  Lat/Lon: 38.7787°/141.964°, Depth: 10
2025/08/22 05:43:48.222072 [Incident:Info:toast@toast-new:Magnitude updated] Magnitude updated: 5.31 (M)
2025/08/22 05:43:48.222111 [Simulation:Info:toast@toast-new:Simulation not generated] Magnitude 5.31 of event bmg2025qjpk is smaller than triggerMinMagnitude: no automatic simulation
2025/08/22 05:43:48.618084 [Incident:Info:toast@toast-new:Origin updated] Origin updated: OT: 2025-08-21 22:34:41,  Lat/Lon: 38.7787°/141.964°, Depth: 10
2025/08/22 05:43:48.618283 [Incident:Info:toast@toast-new:Magnitude updated] Magnitude updated: 5.33 (M)
2025/08/22 05:43:48.618316 [Simulation:Info:toast@toast-new:Simulation not generated] Magnitude 5.33 of event bmg2025qjpk is smaller than triggerMinMagnitude: no automatic simulation
2025/08/22 05:43:53.631880 [Incident:Info:toast@toast-new:Origin updated] Origin updated: OT: 2025-08-21 22:34:41,  Lat/Lon: 38.7787°/141.964°, Depth: 10
2025/08/22 05:43:53.632051 [Incident:Info:toast@toast-new:Magnitude updated] Magnitude updated: 5.36 (M)
2025/08/22 05:43:53.632099 [Simulation:Info:toast@toast-new:Simulation not generated] Magnitude 5.36 of event bmg2025qjpk is smaller than triggerMinMagnitude: no automatic simulation
2025/08/22 05:43:58.658747 [Incident:Info:toast@toast-new:Origin updated] Origin updated: OT: 2025-08-21 22:34:41,  Lat/Lon: 38.7787°/141.964°, Depth: 10
2025/08/22 05:43:58.658922 [Incident:Info:toast@toast-new:Magnitude updated] Magnitude updated: 5.36 (Mw(mB))
2025/08/22 05:43:58.658961 [Simulation:Info:toast@toast-new:Simulation not generated] Magnitude 5.36 of event bmg2025qjpk is smaller than triggerMinMagnitude: no automatic simulation
2025/08/22 05:43:58.695323 [Incident:Info:toast@toast-new:Origin updated] Origin updated: OT: 2025-08-21 22:34:41,  Lat/Lon: 38.7787°/141.964°, Depth: 10
2025/08/22 05:43:58.695479 [Simulation:Info:toast@toast-new:Simulation not generated] Magnitude 5.36 of event bmg2025qjpk is smaller than triggerMinMagnitude: no automatic simulation
2025/08/22 05:44:03.672179 [Incident:Info:toast@toast-new:Origin updated] Origin updated: OT: 2025-08-21 22:34:41,  Lat/Lon: 38.7787°/141.964°, Depth: 10
2025/08/22 05:44:03.672353 [Incident:Info:toast@toast-new:Magnitude updated] Magnitude updated: 5.33 (Mw(mB))
2025/08/22 05:44:03.672407 [Simulation:Info:toast@toast-new:Simulation not generated] Magnitude 5.33 of event bmg2025qjpk is smaller than triggerMinMagnitude: no automatic simulation
2025/08/22 05:44:08.665813 [Incident:Info:toast@toast-new:Origin updated] Origin updated: OT: 2025-08-21 22:34:41,  Lat/Lon: 38.7787°/141.964°, Depth: 10
2025/08/22 05:44:08.666017 [Incident:Info:toast@toast-new:Magnitude updated] Magnitude updated: 5.34 (Mw(mB))
2025/08/22 05:44:08.666060 [Simulation:Info:toast@toast-new:Simulation not generated] Magnitude 5.34 of event bmg2025qjpk is smaller than triggerMinMagnitude: no automatic simulation
2025/08/22 05:44:13.631952 [Incident:Info:toast@toast-new:Origin updated] Origin updated: OT: 2025-08-21 22:34:41,  Lat/Lon: 38.7787°/141.964°, Depth: 10
2025/08/22 05:44:13.632129 [Incident:Info:toast@toast-new:Magnitude updated] Magnitude updated: 5.34 (Mw(mB))
2025/08/22 05:44:13.632161 [Simulation:Info:toast@toast-new:Simulation not generated] Magnitude 5.34 of event bmg2025qjpk is smaller than triggerMinMagnitude: no automatic simulation
2025/08/22 05:44:18.633949 [Incident:Info:toast@toast-new:Origin updated] Origin updated: OT: 2025-08-21 22:34:41,  Lat/Lon: 38.7787°/141.964°, Depth: 10
2025/08/22 05:44:18.634142 [Incident:Info:toast@toast-new:Magnitude updated] Magnitude updated: 5.37 (Mw(mB))
2025/08/22 05:44:18.634214 [Simulation:Info:toast@toast-new:Simulation not generated] Magnitude 5.37 of event bmg2025qjpk is smaller than triggerMinMagnitude: no automatic simulation
2025/08/22 05:44:21.545763 [Incident:Info:toast@toast-new:Origin updated] Origin updated: OT: 2025-08-21 22:34:41,  Lat/Lon: 38.7787°/141.964°, Depth: 10
2025/08/22 05:44:21.545938 [Incident:Info:toast@toast-new:Magnitude updated] Magnitude updated: 5.36 (Mw(mB))
2025/08/22 05:44:21.545971 [Simulation:Info:toast@toast-new:Simulation not generated] Magnitude 5.36 of event bmg2025qjpk is smaller than triggerMinMagnitude: no automatic simulation
2025/08/22 05:44:21.570208 [Incident:Info:toast@toast-new:Origin updated] Origin updated: OT: 2025-08-21 22:34:41,  Lat/Lon: 38.7847°/141.987°, Depth: 10
2025/08/22 05:44:21.570331 [Incident:Info:toast@toast-new:Magnitude updated] Magnitude updated: 5.36 (Mw(mB))
2025/08/22 05:44:21.570357 [Simulation:Info:toast@toast-new:Simulation not generated] Magnitude 5.36 of event bmg2025qjpk is smaller than triggerMinMagnitude: no automatic simulation
2025/08/22 05:44:23.602028 [Incident:Info:toast@toast-new:Origin updated] Origin updated: OT: 2025-08-21 22:34:41,  Lat/Lon: 38.7847°/141.987°, Depth: 10
2025/08/22 05:44:23.602188 [Incident:Info:toast@toast-new:Magnitude updated] Magnitude updated: 5.35 (Mw(mB))
2025/08/22 05:44:23.602221 [Simulation:Info:toast@toast-new:Simulation not generated] Magnitude 5.35 of event bmg2025qjpk is smaller than triggerMinMagnitude: no automatic simulation
2025/08/22 05:44:28.650840 [Incident:Info:toast@toast-new:Origin updated] Origin updated: OT: 2025-08-21 22:34:41,  Lat/Lon: 38.7847°/141.987°, Depth: 10
2025/08/22 05:44:28.651001 [Incident:Info:toast@toast-new:Magnitude updated] Magnitude updated: 5.34 (Mw(mB))
2025/08/22 05:44:28.651050 [Simulation:Info:toast@toast-new:Simulation not generated] Magnitude 5.34 of event bmg2025qjpk is smaller than triggerMinMagnitude: no automatic simulation
2025/08/22 05:44:33.854083 [Incident:Info:toast@toast-new:Origin updated] Origin updated: OT: 2025-08-21 22:34:41,  Lat/Lon: 38.7847°/141.987°, Depth: 10
2025/08/22 05:44:33.854259 [Incident:Info:toast@toast-new:Magnitude updated] Magnitude updated: 5.35 (Mw(mB))
2025/08/22 05:44:33.854291 [Simulation:Info:toast@toast-new:Simulation not generated] Magnitude 5.35 of event bmg2025qjpk is smaller than triggerMinMagnitude: no automatic simulation
2025/08/22 05:44:33.877923 [Incident:Info:toast@toast-new:Origin updated] Origin updated: OT: 2025-08-21 22:34:41,  Lat/Lon: 38.7895°/141.969°, Depth: 10
2025/08/22 05:44:33.878038 [Incident:Info:toast@toast-new:Magnitude updated] Magnitude updated: 5.35 (Mw(mB))
2025/08/22 05:44:33.878063 [Simulation:Info:toast@toast-new:Simulation not generated] Magnitude 5.35 of event bmg2025qjpk is smaller than triggerMinMagnitude: no automatic simulation
2025/08/22 05:44:38.648145 [Incident:Info:toast@toast-new:Origin updated] Origin updated: OT: 2025-08-21 22:34:41,  Lat/Lon: 38.7895°/141.969°, Depth: 10
2025/08/22 05:44:38.648309 [Incident:Info:toast@toast-new:Magnitude updated] Magnitude updated: 5.35 (Mw(mB))
2025/08/22 05:44:38.648363 [Simulation:Info:toast@toast-new:Simulation not generated] Magnitude 5.35 of event bmg2025qjpk is smaller than triggerMinMagnitude: no automatic simulation
2025/08/22 05:44:40.789153 [Incident:Info:toast@toast-new:Origin updated] Origin updated: OT: 2025-08-21 22:34:41,  Lat/Lon: 38.7834°/141.983°, Depth: 10
2025/08/22 05:44:40.789358 [Incident:Info:toast@toast-new:Magnitude updated] Magnitude updated: 5.36 (Mw(mB))
2025/08/22 05:44:40.789395 [Simulation:Info:toast@toast-new:Simulation not generated] Magnitude 5.36 of event bmg2025qjpk is smaller than triggerMinMagnitude: no automatic simulation
2025/08/22 05:44:43.730701 [Incident:Info:toast@toast-new:Origin updated] Origin updated: OT: 2025-08-21 22:34:41,  Lat/Lon: 38.7834°/141.983°, Depth: 10
2025/08/22 05:44:43.730862 [Incident:Info:toast@toast-new:Magnitude updated] Magnitude updated: 5.36 (Mw(mB))
2025/08/22 05:44:43.730895 [Simulation:Info:toast@toast-new:Simulation not generated] Magnitude 5.36 of event bmg2025qjpk is smaller than triggerMinMagnitude: no automatic simulation
2025/08/22 05:44:48.734326 [Incident:Info:toast@toast-new:Origin updated] Origin updated: OT: 2025-08-21 22:34:41,  Lat/Lon: 38.7834°/141.983°, Depth: 10
2025/08/22 05:44:48.734500 [Incident:Info:toast@toast-new:Magnitude updated] Magnitude updated: 5.36 (Mw(mB))
2025/08/22 05:44:48.734531 [Simulation:Info:toast@toast-new:Simulation not generated] Magnitude 5.36 of event bmg2025qjpk is smaller than triggerMinMagnitude: no automatic simulation
2025/08/22 05:44:51.142884 [Incident:Info:toast@toast-new:Origin updated] Origin updated: OT: 2025-08-21 22:34:41,  Lat/Lon: 38.7782°/141.985°, Depth: 10
2025/08/22 05:44:51.143075 [Incident:Info:toast@toast-new:Magnitude updated] Magnitude updated: 5.36 (Mw(mB))
2025/08/22 05:44:51.143112 [Simulation:Info:toast@toast-new:Simulation not generated] Magnitude 5.36 of event bmg2025qjpk is smaller than triggerMinMagnitude: no automatic simulation
2025/08/22 05:44:58.779979 [Incident:Info:toast@toast-new:Origin updated] Origin updated: OT: 2025-08-21 22:34:41,  Lat/Lon: 38.7782°/141.985°, Depth: 10
2025/08/22 05:44:58.780154 [Incident:Info:toast@toast-new:Magnitude updated] Magnitude updated: 5.40 (Mw(mB))
2025/08/22 05:44:58.780189 [Simulation:Info:toast@toast-new:Simulation not generated] Magnitude 5.40 of event bmg2025qjpk is smaller than triggerMinMagnitude: no automatic simulation
2025/08/22 05:45:03.649252 [Incident:Info:toast@toast-new:Origin updated] Origin updated: OT: 2025-08-21 22:34:41,  Lat/Lon: 38.7782°/141.985°, Depth: 10
2025/08/22 05:45:03.649426 [Incident:Info:toast@toast-new:Magnitude updated] Magnitude updated: 5.46 (Mw(mB))
2025/08/22 05:45:03.649476 [Simulation:Info:toast@toast-new:Simulation not generated] Magnitude 5.46 of event bmg2025qjpk is smaller than triggerMinMagnitude: no automatic simulation
2025/08/22 05:45:08.731476 [Incident:Info:toast@toast-new:Origin updated] Origin updated: OT: 2025-08-21 22:34:41,  Lat/Lon: 38.7782°/141.985°, Depth: 10
2025/08/22 05:45:08.731641 [Incident:Info:toast@toast-new:Magnitude updated] Magnitude updated: 5.49 (Mw(mB))
2025/08/22 05:45:08.731673 [Simulation:Info:toast@toast-new:Simulation not generated] Magnitude 5.49 of event bmg2025qjpk is smaller than triggerMinMagnitude: no automatic simulation
2025/08/22 05:45:13.774471 [Incident:Info:toast@toast-new:Origin updated] Origin updated: OT: 2025-08-21 22:34:41,  Lat/Lon: 38.7782°/141.985°, Depth: 10
2025/08/22 05:45:13.774647 [Incident:Info:toast@toast-new:Magnitude updated] Magnitude updated: 5.52 (Mw(mB))
2025/08/22 05:45:13.774679 [Simulation:Info:toast@toast-new:Simulation not generated] Magnitude 5.52 of event bmg2025qjpk is smaller than triggerMinMagnitude: no automatic simulation
2025/08/22 05:45:18.681548 [Incident:Info:toast@toast-new:Origin updated] Origin updated: OT: 2025-08-21 22:34:41,  Lat/Lon: 38.7782°/141.985°, Depth: 10
2025/08/22 05:45:18.681719 [Incident:Info:toast@toast-new:Magnitude updated] Magnitude updated: 5.52 (Mw(mB))
2025/08/22 05:45:18.681756 [Simulation:Info:toast@toast-new:Simulation not generated] Magnitude 5.52 of event bmg2025qjpk is smaller than triggerMinMagnitude: no automatic simulation
2025/08/22 05:45:23.628426 [Incident:Info:toast@toast-new:Origin updated] Origin updated: OT: 2025-08-21 22:34:41,  Lat/Lon: 38.7782°/141.985°, Depth: 10
2025/08/22 05:45:23.628565 [Incident:Info:toast@toast-new:Magnitude updated] Magnitude updated: 5.52 (Mw(mB))
2025/08/22 05:45:23.628596 [Simulation:Info:toast@toast-new:Simulation not generated] Magnitude 5.52 of event bmg2025qjpk is smaller than triggerMinMagnitude: no automatic simulation
2025/08/22 05:46:08.665317 [Incident:Info:toast@toast-new:Origin updated] Origin updated: OT: 2025-08-21 22:34:41,  Lat/Lon: 38.7706°/141.972°, Depth: 10
2025/08/22 05:46:08.665528 [Incident:Info:toast@toast-new:Magnitude updated] Magnitude updated: 5.54 (Mw(mB))
2025/08/22 05:46:08.665575 [Simulation:Info:toast@toast-new:Simulation not generated] Magnitude 5.54 of event bmg2025qjpk is smaller than triggerMinMagnitude: no automatic simulation
2025/08/22 05:47:33.666985 [Incident:Info:toast@toast-new:Origin updated] Origin updated: OT: 2025-08-21 22:34:40,  Lat/Lon: 38.7882°/142.036°, Depth: 10
2025/08/22 05:47:33.667178 [Incident:Info:toast@toast-new:Magnitude updated] Magnitude updated: 5.54 (Mw(mB))
2025/08/22 05:47:33.667210 [Simulation:Info:toast@toast-new:Simulation not generated] Magnitude 5.54 of event bmg2025qjpk is smaller than triggerMinMagnitude: no automatic simulation
2025/08/22 05:48:58.677719 [Incident:Info:toast@toast-new:Origin updated] Origin updated: OT: 2025-08-21 22:34:40,  Lat/Lon: 38.7804°/142.048°, Depth: 10
2025/08/22 05:48:58.677903 [Incident:Info:toast@toast-new:Magnitude updated] Magnitude updated: 5.54 (Mw(mB))
2025/08/22 05:48:58.677940 [Simulation:Info:toast@toast-new:Simulation not generated] Magnitude 5.54 of event bmg2025qjpk is smaller than triggerMinMagnitude: no automatic simulation
2025/08/22 05:49:08.631829 [Incident:Info:toast@toast-new:Origin updated] Origin updated: OT: 2025-08-21 22:34:40,  Lat/Lon: 38.7804°/142.048°, Depth: 10
2025/08/22 05:49:08.631994 [Incident:Info:toast@toast-new:Magnitude updated] Magnitude updated: 5.54 (Mw(mB))
2025/08/22 05:49:08.632025 [Simulation:Info:toast@toast-new:Simulation not generated] Magnitude 5.54 of event bmg2025qjpk is smaller than triggerMinMagnitude: no automatic simulation
2025/08/22 05:52:11.083986 [Incident:Info:toast@toast-new:Origin updated] Origin updated: OT: 2025-08-21 22:34:40,  Lat/Lon: 38.7804°/142.048°, Depth: 10
2025/08/22 05:52:11.084162 [Simulation:Info:toast@toast-new:Simulation not generated] Magnitude 5.54 of event bmg2025qjpk is smaller than triggerMinMagnitude: no automatic simulation
2025/08/22 05:53:36.309384 [Incident:Info:toast@toast-new:Origin updated] Origin updated: OT: 2025-08-21 22:34:40,  Lat/Lon: 38.7804°/142.048°, Depth: 10
2025/08/22 05:53:36.309570 [Incident:Info:toast@toast-new:FM updated] FM updated
2025/08/22 05:53:36.309820 [Simulation:Info:toast@toast-new:Simulation not generated] Magnitude 5.54 of event bmg2025qjpk is smaller than triggerMinMagnitude: no automatic simulation
2025/08/22 05:54:44.114218 [Incident:Info:toast@toast-new:Origin updated] Origin updated: OT: 2025-08-21 22:34:40,  Lat/Lon: 38.7804°/142.048°, Depth: 10
2025/08/22 05:54:44.114397 [Simulation:Info:toast@toast-new:Simulation not generated] Magnitude 5.54 of event bmg2025qjpk is smaller than triggerMinMagnitude: no automatic simulation
2025/08/22 05:55:12.434600 [Incident:Info:toast@toast-new:Origin updated] Origin updated: OT: 2025-08-21 22:34:40,  Lat/Lon: 38.7804°/142.048°, Depth: 10
2025/08/22 05:55:12.434783 [Incident:Info:toast@toast-new:FM updated] FM updated
2025/08/22 05:55:12.435064 [Simulation:Info:toast@toast-new:Simulation not generated] Magnitude 5.54 of event bmg2025qjpk is smaller than triggerMinMagnitude: no automatic simulation
2025/08/22 05:55:23.183566 [Incident:Info:toast@toast-new:Origin updated] Origin updated: OT: 2025-08-21 22:34:40,  Lat/Lon: 38.7804°/142.048°, Depth: 10
2025/08/22 05:55:23.183764 [Simulation:Info:toast@toast-new:Simulation not generated] Magnitude 5.54 of event bmg2025qjpk is smaller than triggerMinMagnitude: no automatic simulation
2025/08/22 05:55:31.576483 [Incident:Info:toast@toast-new:Origin updated] Origin updated: OT: 2025-08-21 22:34:40,  Lat/Lon: 38.7804°/142.048°, Depth: 10
2025/08/22 05:55:31.576676 [Simulation:Info:toast@toast-new:Simulation not generated] Magnitude 5.54 of event bmg2025qjpk is smaller than triggerMinMagnitude: no automatic simulation
2025/08/22 05:55:42.661484 [Incident:Info:toast@toast-new:Origin updated] Origin updated: OT: 2025-08-21 22:34:40,  Lat/Lon: 38.7804°/142.048°, Depth: 10
2025/08/22 05:55:42.661662 [Simulation:Info:toast@toast-new:Simulation not generated] Magnitude 5.54 of event bmg2025qjpk is smaller than triggerMinMagnitude: no automatic simulation
2025/08/22 05:55:51.685106 [Incident:Info:toast@toast-new:Origin updated] Origin updated: OT: 2025-08-21 22:34:40,  Lat/Lon: 38.7804°/142.048°, Depth: 10
2025/08/22 05:55:51.685296 [Simulation:Info:toast@toast-new:Simulation not generated] Magnitude 5.54 of event bmg2025qjpk is smaller than triggerMinMagnitude: no automatic simulation
2025/08/22 05:56:02.071329 [Incident:Info:toast@toast-new:Origin updated] Origin updated: OT: 2025-08-21 22:34:40,  Lat/Lon: 38.7804°/142.048°, Depth: 10
2025/08/22 05:56:02.071537 [Simulation:Info:toast@toast-new:Simulation not generated] Magnitude 5.54 of event bmg2025qjpk is smaller than triggerMinMagnitude: no automatic simulation
2025/08/22 05:56:08.493410 [Incident:Info:toast@toast-new:Origin updated] Origin updated: OT: 2025-08-21 22:34:40,  Lat/Lon: 38.7826°/142.046°, Depth: 10
2025/08/22 05:56:08.493609 [Incident:Info:toast@toast-new:Magnitude updated] Magnitude updated: 5.53 (Mw(mB))
2025/08/22 05:56:08.493659 [Simulation:Info:toast@toast-new:Simulation not generated] Magnitude 5.53 of event bmg2025qjpk is smaller than triggerMinMagnitude: no automatic simulation
2025/08/22 05:56:11.802883 [Incident:Info:toast@toast-new:Origin updated] Origin updated: OT: 2025-08-21 22:34:40,  Lat/Lon: 38.7826°/142.046°, Depth: 10
2025/08/22 05:56:11.803062 [Incident:Info:toast@toast-new:FM updated] FM updated
2025/08/22 05:56:11.803314 [Simulation:Info:toast@toast-new:Simulation not generated] Magnitude 5.53 of event bmg2025qjpk is smaller than triggerMinMagnitude: no automatic simulation
2025/08/22 05:58:20.103433 [Incident:Info:toast@toast-new:Origin updated] Origin updated: OT: 2025-08-21 22:34:40,  Lat/Lon: 38.7826°/142.046°, Depth: 10
2025/08/22 05:58:20.103619 [Incident:Info:toast@toast-new:FM updated] FM updated
2025/08/22 05:58:20.103869 [Simulation:Info:toast@toast-new:Simulation not generated] Magnitude 5.53 of event bmg2025qjpk is smaller than triggerMinMagnitude: no automatic simulation
2025/08/22 05:58:54.117247 [Incident:Info:toast@toast-new:Origin updated] Origin updated: OT: 2025-08-21 22:34:40,  Lat/Lon: 38.7826°/142.046°, Depth: 10
2025/08/22 05:58:54.117424 [Incident:Info:toast@toast-new:FM updated] FM updated
2025/08/22 05:58:54.117695 [Simulation:Info:toast@toast-new:Simulation not generated] Magnitude 5.53 of event bmg2025qjpk is smaller than triggerMinMagnitude: no automatic simulation
2025/08/22 05:59:07.932192 [Incident:Info:toast@toast-new:Origin updated] Origin updated: OT: 2025-08-21 22:34:40,  Lat/Lon: 38.7826°/142.046°, Depth: 10
2025/08/22 05:59:07.932409 [Simulation:Info:toast@toast-new:Simulation not generated] Magnitude 5.53 of event bmg2025qjpk is smaller than triggerMinMagnitude: no automatic simulation
2025/08/22 05:59:36.029775 [Incident:Info:toast@toast-new:Origin updated] Origin updated: OT: 2025-08-21 22:34:40,  Lat/Lon: 38.7822°/142.046°, Depth: 10
2025/08/22 05:59:36.029990 [Incident:Info:toast@toast-new:Magnitude updated] Magnitude updated: 5.53 (Mw(mB))
2025/08/22 05:59:36.030040 [Simulation:Info:toast@toast-new:Simulation not generated] Magnitude 5.53 of event bmg2025qjpk is smaller than triggerMinMagnitude: no automatic simulation
2025/08/22 05:59:38.633379 [Incident:Info:toast@toast-new:Origin updated] Origin updated: OT: 2025-08-21 22:34:40,  Lat/Lon: 38.7822°/142.046°, Depth: 10
2025/08/22 05:59:38.633561 [Incident:Info:toast@toast-new:Magnitude updated] Magnitude updated: 5.54 (Mw(mB))
2025/08/22 05:59:38.633608 [Simulation:Info:toast@toast-new:Simulation not generated] Magnitude 5.54 of event bmg2025qjpk is smaller than triggerMinMagnitude: no automatic simulation
2025/08/22 05:59:45.342151 [Incident:Info:toast@toast-new:Origin updated] Origin updated: OT: 2025-08-21 22:34:40,  Lat/Lon: 38.7822°/142.046°, Depth: 10
2025/08/22 05:59:45.342314 [Incident:Info:toast@toast-new:FM updated] FM updated
2025/08/22 05:59:45.342541 [Simulation:Info:toast@toast-new:Simulation not generated] Magnitude 5.54 of event bmg2025qjpk is smaller than triggerMinMagnitude: no automatic simulation
2025/08/22 05:59:55.554201 [Incident:Info:toast@toast-new:Origin updated] Origin updated: OT: 2025-08-21 22:34:40,  Lat/Lon: 38.7822°/142.046°, Depth: 10
2025/08/22 05:59:55.554388 [Simulation:Info:toast@toast-new:Simulation not generated] Magnitude 5.54 of event bmg2025qjpk is smaller than triggerMinMagnitude: no automatic simulation
2025/08/22 06:00:35.406415 [Incident:Info:toast@toast-new:Origin updated] Origin updated: OT: 2025-08-21 22:34:40,  Lat/Lon: 38.7822°/142.046°, Depth: 10
2025/08/22 06:00:35.406612 [Simulation:Info:toast@toast-new:Simulation not generated] Magnitude 5.54 of event bmg2025qjpk is smaller than triggerMinMagnitude: no automatic simulation
2025/08/22 06:00:55.728388 [Incident:Info:toast@toast-new:Origin updated] Origin updated: OT: 2025-08-21 22:34:40,  Lat/Lon: 38.7822°/142.046°, Depth: 10
2025/08/22 06:00:55.728590 [Simulation:Info:toast@toast-new:Simulation not generated] Magnitude 5.54 of event bmg2025qjpk is smaller than triggerMinMagnitude: no automatic simulation
2025/08/22 06:01:05.498055 [Incident:Info:toast@toast-new:Origin updated] Origin updated: OT: 2025-08-21 22:34:40,  Lat/Lon: 38.7822°/142.046°, Depth: 10
2025/08/22 06:01:05.498265 [Simulation:Info:toast@toast-new:Simulation not generated] Magnitude 5.54 of event bmg2025qjpk is smaller than triggerMinMagnitude: no automatic simulation
2025/08/22 06:01:18.958625 [Incident:Info:toast@toast-new:Origin updated] Origin updated: OT: 2025-08-21 22:34:40,  Lat/Lon: 38.7822°/142.046°, Depth: 10
2025/08/22 06:01:18.958787 [Incident:Info:toast@toast-new:FM updated] FM updated
2025/08/22 06:01:18.959016 [Simulation:Info:toast@toast-new:Simulation not generated] Magnitude 5.54 of event bmg2025qjpk is smaller than triggerMinMagnitude: no automatic simulation
2025/08/22 06:01:25.432401 [Incident:Info:toast@toast-new:Origin updated] Origin updated: OT: 2025-08-21 22:34:40,  Lat/Lon: 38.7822°/142.046°, Depth: 10
2025/08/22 06:01:25.432564 [Incident:Info:toast@toast-new:FM updated] FM updated
2025/08/22 06:01:25.432799 [Simulation:Info:toast@toast-new:Simulation not generated] Magnitude 5.54 of event bmg2025qjpk is smaller than triggerMinMagnitude: no automatic simulation
2025/08/22 06:01:45.445184 [Incident:Info:toast@toast-new:Origin updated] Origin updated: OT: 2025-08-21 22:34:40,  Lat/Lon: 38.7822°/142.046°, Depth: 10
2025/08/22 06:01:45.445376 [Simulation:Info:toast@toast-new:Simulation not generated] Magnitude 5.54 of event bmg2025qjpk is smaller than triggerMinMagnitude: no automatic simulation
2025/08/22 06:02:25.607874 [Incident:Info:toast@toast-new:Origin updated] Origin updated: OT: 2025-08-21 22:34:40,  Lat/Lon: 38.7822°/142.046°, Depth: 10
2025/08/22 06:02:25.608063 [Simulation:Info:toast@toast-new:Simulation not generated] Magnitude 5.54 of event bmg2025qjpk is smaller than triggerMinMagnitude: no automatic simulation
2025/08/22 06:02:45.502656 [Incident:Info:toast@toast-new:Origin updated] Origin updated: OT: 2025-08-21 22:34:40,  Lat/Lon: 38.7822°/142.046°, Depth: 10
2025/08/22 06:02:45.502839 [Simulation:Info:toast@toast-new:Simulation not generated] Magnitude 5.54 of event bmg2025qjpk is smaller than triggerMinMagnitude: no automatic simulation
2025/08/22 06:03:15.523750 [Incident:Info:toast@toast-new:Origin updated] Origin updated: OT: 2025-08-21 22:34:40,  Lat/Lon: 38.7822°/142.046°, Depth: 10
2025/08/22 06:03:15.523941 [Simulation:Info:toast@toast-new:Simulation not generated] Magnitude 5.54 of event bmg2025qjpk is smaller than triggerMinMagnitude: no automatic simulation
2025/08/22 06:06:09.148734 [Incident:Info:toast@toast-new:Origin updated] Origin updated: OT: 2025-08-21 22:34:40,  Lat/Lon: 38.7822°/142.046°, Depth: 10
2025/08/22 06:06:09.148926 [Incident:Info:toast@toast-new:FM updated] FM updated
2025/08/22 06:06:09.149182 [Simulation:Info:toast@toast-new:Simulation not generated] Magnitude 5.54 of event bmg2025qjpk is smaller than triggerMinMagnitude: no automatic simulation
2025/08/22 06:10:39.187827 [Incident:Info:toast@toast-new:Origin updated] Origin updated: OT: 2025-08-21 22:34:40,  Lat/Lon: 38.7822°/142.046°, Depth: 10
2025/08/22 06:10:39.187992 [Simulation:Info:toast@toast-new:Simulation not generated] Magnitude 5.54 of event bmg2025qjpk is smaller than triggerMinMagnitude: no automatic simulation
2025/08/22 06:11:09.319146 [Incident:Info:toast@toast-new:Origin updated] Origin updated: OT: 2025-08-21 22:34:40,  Lat/Lon: 38.7822°/142.046°, Depth: 10
2025/08/22 06:11:09.319345 [Incident:Info:toast@toast-new:FM updated] FM updated
2025/08/22 06:11:09.319590 [Simulation:Info:toast@toast-new:Simulation not generated] Magnitude 5.54 of event bmg2025qjpk is smaller than triggerMinMagnitude: no automatic simulation
2025/08/22 06:11:19.576501 [Incident:Info:toast@toast-new:Origin updated] Origin updated: OT: 2025-08-21 22:34:40,  Lat/Lon: 38.7822°/142.046°, Depth: 10
2025/08/22 06:11:19.576672 [Incident:Info:toast@toast-new:FM updated] FM updated
2025/08/22 06:11:19.576909 [Simulation:Info:toast@toast-new:Simulation not generated] Magnitude 5.54 of event bmg2025qjpk is smaller than triggerMinMagnitude: no automatic simulation
2025/08/22 06:11:39.432151 [Incident:Info:toast@toast-new:Origin updated] Origin updated: OT: 2025-08-21 22:34:40,  Lat/Lon: 38.7822°/142.046°, Depth: 10
2025/08/22 06:11:39.432332 [Simulation:Info:toast@toast-new:Simulation not generated] Magnitude 5.54 of event bmg2025qjpk is smaller than triggerMinMagnitude: no automatic simulation
2025/08/22 06:11:49.857586 [Incident:Info:toast@toast-new:Origin updated] Origin updated: OT: 2025-08-21 22:34:40,  Lat/Lon: 38.7822°/142.046°, Depth: 10
2025/08/22 06:11:49.857766 [Simulation:Info:toast@toast-new:Simulation not generated] Magnitude 5.54 of event bmg2025qjpk is smaller than triggerMinMagnitude: no automatic simulation
2025/08/22 06:12:00.013057 [Incident:Info:toast@toast-new:Origin updated] Origin updated: OT: 2025-08-21 22:34:40,  Lat/Lon: 38.7822°/142.046°, Depth: 10
2025/08/22 06:12:00.013262 [Simulation:Info:toast@toast-new:Simulation not generated] Magnitude 5.54 of event bmg2025qjpk is smaller than triggerMinMagnitude: no automatic simulation
2025/08/22 06:12:09.974347 [Incident:Info:toast@toast-new:Origin updated] Origin updated: OT: 2025-08-21 22:34:40,  Lat/Lon: 38.7822°/142.046°, Depth: 10
2025/08/22 06:12:09.974512 [Incident:Info:toast@toast-new:FM updated] FM updated
2025/08/22 06:12:09.974746 [Simulation:Info:toast@toast-new:Simulation not generated] Magnitude 5.54 of event bmg2025qjpk is smaller than triggerMinMagnitude: no automatic simulation
2025/08/22 06:12:20.171289 [Incident:Info:toast@toast-new:Origin updated] Origin updated: OT: 2025-08-21 22:34:40,  Lat/Lon: 38.7822°/142.046°, Depth: 10
2025/08/22 06:12:20.171477 [Incident:Info:toast@toast-new:FM updated] FM updated
2025/08/22 06:12:20.171829 [Simulation:Info:toast@toast-new:Simulation not generated] Magnitude 5.54 of event bmg2025qjpk is smaller than triggerMinMagnitude: no automatic simulation
2025/08/22 06:12:30.310853 [Incident:Info:toast@toast-new:Origin updated] Origin updated: OT: 2025-08-21 22:34:40,  Lat/Lon: 38.7822°/142.046°, Depth: 10
2025/08/22 06:12:30.311042 [Incident:Info:toast@toast-new:FM updated] FM updated
2025/08/22 06:12:30.311290 [Simulation:Info:toast@toast-new:Simulation not generated] Magnitude 5.54 of event bmg2025qjpk is smaller than triggerMinMagnitude: no automatic simulation
2025/08/22 06:12:40.296351 [Incident:Info:toast@toast-new:Origin updated] Origin updated: OT: 2025-08-21 22:34:40,  Lat/Lon: 38.7822°/142.046°, Depth: 10
2025/08/22 06:12:40.296557 [Simulation:Info:toast@toast-new:Simulation not generated] Magnitude 5.54 of event bmg2025qjpk is smaller than triggerMinMagnitude: no automatic simulation
2025/08/22 06:12:50.626301 [Incident:Info:toast@toast-new:Origin updated] Origin updated: OT: 2025-08-21 22:34:40,  Lat/Lon: 38.7822°/142.046°, Depth: 10
2025/08/22 06:12:50.626492 [Simulation:Info:toast@toast-new:Simulation not generated] Magnitude 5.54 of event bmg2025qjpk is smaller than triggerMinMagnitude: no automatic simulation
2025/08/22 06:13:10.508686 [Incident:Info:toast@toast-new:Origin updated] Origin updated: OT: 2025-08-21 22:34:40,  Lat/Lon: 38.7822°/142.046°, Depth: 10
2025/08/22 06:13:10.508884 [Simulation:Info:toast@toast-new:Simulation not generated] Magnitude 5.54 of event bmg2025qjpk is smaller than triggerMinMagnitude: no automatic simulation
2025/08/22 06:13:21.022629 [Incident:Info:toast@toast-new:Origin updated] Origin updated: OT: 2025-08-21 22:34:40,  Lat/Lon: 38.7822°/142.046°, Depth: 10
2025/08/22 06:13:21.022807 [Incident:Info:toast@toast-new:FM updated] FM updated
2025/08/22 06:13:21.023047 [Simulation:Info:toast@toast-new:Simulation not generated] Magnitude 5.54 of event bmg2025qjpk is smaller than triggerMinMagnitude: no automatic simulation
2025/08/22 06:13:30.629329 [Incident:Info:toast@toast-new:Origin updated] Origin updated: OT: 2025-08-21 22:34:40,  Lat/Lon: 38.7822°/142.046°, Depth: 10
2025/08/22 06:13:30.629529 [Simulation:Info:toast@toast-new:Simulation not generated] Magnitude 5.54 of event bmg2025qjpk is smaller than triggerMinMagnitude: no automatic simulation
2025/08/22 06:13:51.082946 [Incident:Info:toast@toast-new:Origin updated] Origin updated: OT: 2025-08-21 22:34:40,  Lat/Lon: 38.7822°/142.046°, Depth: 10
2025/08/22 06:13:51.083132 [Simulation:Info:toast@toast-new:Simulation not generated] Magnitude 5.54 of event bmg2025qjpk is smaller than triggerMinMagnitude: no automatic simulation
2025/08/22 06:14:01.228370 [Incident:Info:toast@toast-new:Origin updated] Origin updated: OT: 2025-08-21 22:34:40,  Lat/Lon: 38.7822°/142.046°, Depth: 10
2025/08/22 06:14:01.228563 [Simulation:Info:toast@toast-new:Simulation not generated] Magnitude 5.54 of event bmg2025qjpk is smaller than triggerMinMagnitude: no automatic simulation
2025/08/22 06:14:31.148328 [Incident:Info:toast@toast-new:Origin updated] Origin updated: OT: 2025-08-21 22:34:40,  Lat/Lon: 38.7822°/142.046°, Depth: 10
2025/08/22 06:14:31.148523 [Simulation:Info:toast@toast-new:Simulation not generated] Magnitude 5.54 of event bmg2025qjpk is smaller than triggerMinMagnitude: no automatic simulation
2025/08/22 06:14:51.560257 [Incident:Info:toast@toast-new:Origin updated] Origin updated: OT: 2025-08-21 22:34:40,  Lat/Lon: 38.7822°/142.046°, Depth: 10
2025/08/22 06:14:51.560458 [Simulation:Info:toast@toast-new:Simulation not generated] Magnitude 5.54 of event bmg2025qjpk is smaller than triggerMinMagnitude: no automatic simulation
2025/08/22 06:15:01.686905 [Incident:Info:toast@toast-new:Origin updated] Origin updated: OT: 2025-08-21 22:34:40,  Lat/Lon: 38.7822°/142.046°, Depth: 10
2025/08/22 06:15:01.687090 [Simulation:Info:toast@toast-new:Simulation not generated] Magnitude 5.54 of event bmg2025qjpk is smaller than triggerMinMagnitude: no automatic simulation
2025/08/22 06:15:11.828513 [Incident:Info:toast@toast-new:Origin updated] Origin updated: OT: 2025-08-21 22:34:40,  Lat/Lon: 38.7822°/142.046°, Depth: 10
2025/08/22 06:15:11.828700 [Simulation:Info:toast@toast-new:Simulation not generated] Magnitude 5.54 of event bmg2025qjpk is smaller than triggerMinMagnitude: no automatic simulation
2025/08/22 06:15:31.994830 [Incident:Info:toast@toast-new:Origin updated] Origin updated: OT: 2025-08-21 22:34:40,  Lat/Lon: 38.7822°/142.046°, Depth: 10
2025/08/22 06:15:31.995014 [Simulation:Info:toast@toast-new:Simulation not generated] Magnitude 5.54 of event bmg2025qjpk is smaller than triggerMinMagnitude: no automatic simulation
2025/08/22 06:15:42.466048 [Incident:Info:toast@toast-new:Origin updated] Origin updated: OT: 2025-08-21 22:34:40,  Lat/Lon: 38.7822°/142.046°, Depth: 10
2025/08/22 06:15:42.466242 [Incident:Info:toast@toast-new:FM updated] FM updated
2025/08/22 06:15:42.466493 [Simulation:Info:toast@toast-new:Simulation not generated] Magnitude 5.54 of event bmg2025qjpk is smaller than triggerMinMagnitude: no automatic simulation
2025/08/22 06:16:02.790492 [Incident:Info:toast@toast-new:Origin updated] Origin updated: OT: 2025-08-21 22:34:40,  Lat/Lon: 38.7822°/142.046°, Depth: 10
2025/08/22 06:16:02.790675 [Simulation:Info:toast@toast-new:Simulation not generated] Magnitude 5.54 of event bmg2025qjpk is smaller than triggerMinMagnitude: no automatic simulation
2025/08/22 06:16:12.552706 [Incident:Info:toast@toast-new:Origin updated] Origin updated: OT: 2025-08-21 22:34:40,  Lat/Lon: 38.7822°/142.046°, Depth: 10
2025/08/22 06:16:12.552893 [Simulation:Info:toast@toast-new:Simulation not generated] Magnitude 5.54 of event bmg2025qjpk is smaller than triggerMinMagnitude: no automatic simulation
2025/08/22 06:16:32.686355 [Incident:Info:toast@toast-new:Origin updated] Origin updated: OT: 2025-08-21 22:34:40,  Lat/Lon: 38.7822°/142.046°, Depth: 10
2025/08/22 06:16:32.686562 [Simulation:Info:toast@toast-new:Simulation not generated] Magnitude 5.54 of event bmg2025qjpk is smaller than triggerMinMagnitude: no automatic simulation
2025/08/22 06:16:42.899399 [Incident:Info:toast@toast-new:Origin updated] Origin updated: OT: 2025-08-21 22:34:40,  Lat/Lon: 38.7822°/142.046°, Depth: 10
2025/08/22 06:16:42.899580 [Simulation:Info:toast@toast-new:Simulation not generated] Magnitude 5.54 of event bmg2025qjpk is smaller than triggerMinMagnitude: no automatic simulation
2025/08/22 06:17:03.132142 [Incident:Info:toast@toast-new:Origin updated] Origin updated: OT: 2025-08-21 22:34:40,  Lat/Lon: 38.7822°/142.046°, Depth: 10
2025/08/22 06:17:03.132319 [Incident:Info:toast@toast-new:FM updated] FM updated
2025/08/22 06:17:03.132560 [Simulation:Info:toast@toast-new:Simulation not generated] Magnitude 5.54 of event bmg2025qjpk is smaller than triggerMinMagnitude: no automatic simulation
2025/08/22 06:17:33.635908 [Incident:Info:toast@toast-new:Origin updated] Origin updated: OT: 2025-08-21 22:34:40,  Lat/Lon: 38.7822°/142.046°, Depth: 10
2025/08/22 06:17:33.636096 [Simulation:Info:toast@toast-new:Simulation not generated] Magnitude 5.54 of event bmg2025qjpk is smaller than triggerMinMagnitude: no automatic simulation
2025/08/22 06:17:43.335024 [Incident:Info:toast@toast-new:Origin updated] Origin updated: OT: 2025-08-21 22:34:40,  Lat/Lon: 38.7822°/142.046°, Depth: 10
2025/08/22 06:17:43.335215 [Simulation:Info:toast@toast-new:Simulation not generated] Magnitude 5.54 of event bmg2025qjpk is smaller than triggerMinMagnitude: no automatic simulation
2025/08/22 06:17:53.610054 [Incident:Info:toast@toast-new:Origin updated] Origin updated: OT: 2025-08-21 22:34:40,  Lat/Lon: 38.7822°/142.046°, Depth: 10
2025/08/22 06:17:53.610266 [Simulation:Info:toast@toast-new:Simulation not generated] Magnitude 5.54 of event bmg2025qjpk is smaller than triggerMinMagnitude: no automatic simulation
2025/08/22 06:18:03.845315 [Incident:Info:toast@toast-new:Origin updated] Origin updated: OT: 2025-08-21 22:34:40,  Lat/Lon: 38.7822°/142.046°, Depth: 10
2025/08/22 06:18:03.845481 [Incident:Info:toast@toast-new:FM updated] FM updated
2025/08/22 06:18:03.845709 [Simulation:Info:toast@toast-new:Simulation not generated] Magnitude 5.54 of event bmg2025qjpk is smaller than triggerMinMagnitude: no automatic simulation
2025/08/22 06:18:14.469755 [Incident:Info:toast@toast-new:Origin updated] Origin updated: OT: 2025-08-21 22:34:40,  Lat/Lon: 38.7822°/142.046°, Depth: 10
2025/08/22 06:18:14.469938 [Simulation:Info:toast@toast-new:Simulation not generated] Magnitude 5.54 of event bmg2025qjpk is smaller than triggerMinMagnitude: no automatic simulation
2025/08/22 06:18:34.318285 [Incident:Info:toast@toast-new:Origin updated] Origin updated: OT: 2025-08-21 22:34:40,  Lat/Lon: 38.7822°/142.046°, Depth: 10
2025/08/22 06:18:34.318478 [Simulation:Info:toast@toast-new:Simulation not generated] Magnitude 5.54 of event bmg2025qjpk is smaller than triggerMinMagnitude: no automatic simulation
2025/08/22 06:18:54.166494 [Incident:Info:toast@toast-new:Origin updated] Origin updated: OT: 2025-08-21 22:34:40,  Lat/Lon: 38.7822°/142.046°, Depth: 10
2025/08/22 06:18:54.166652 [Simulation:Info:toast@toast-new:Simulation not generated] Magnitude 5.54 of event bmg2025qjpk is smaller than triggerMinMagnitude: no automatic simulation
2025/08/22 06:19:04.756751 [Incident:Info:toast@toast-new:Origin updated] Origin updated: OT: 2025-08-21 22:34:40,  Lat/Lon: 38.7822°/142.046°, Depth: 10
2025/08/22 06:19:04.756921 [Simulation:Info:toast@toast-new:Simulation not generated] Magnitude 5.54 of event bmg2025qjpk is smaller than triggerMinMagnitude: no automatic simulation
2025/08/22 06:19:14.872236 [Incident:Info:toast@toast-new:Origin updated] Origin updated: OT: 2025-08-21 22:34:40,  Lat/Lon: 38.7822°/142.046°, Depth: 10
2025/08/22 06:19:14.872418 [Incident:Info:toast@toast-new:FM updated] FM updated
2025/08/22 06:19:14.872667 [Simulation:Info:toast@toast-new:Simulation not generated] Magnitude 5.54 of event bmg2025qjpk is smaller than triggerMinMagnitude: no automatic simulation
2025/08/22 06:19:24.959063 [Incident:Info:toast@toast-new:Origin updated] Origin updated: OT: 2025-08-21 22:34:40,  Lat/Lon: 38.7822°/142.046°, Depth: 10
2025/08/22 06:19:24.959242 [Simulation:Info:toast@toast-new:Simulation not generated] Magnitude 5.54 of event bmg2025qjpk is smaller than triggerMinMagnitude: no automatic simulation
2025/08/22 06:19:34.874243 [Incident:Info:toast@toast-new:Origin updated] Origin updated: OT: 2025-08-21 22:34:40,  Lat/Lon: 38.7822°/142.046°, Depth: 10
2025/08/22 06:19:34.874423 [Simulation:Info:toast@toast-new:Simulation not generated] Magnitude 5.54 of event bmg2025qjpk is smaller than triggerMinMagnitude: no automatic simulation
2025/08/22 06:19:44.912656 [Incident:Info:toast@toast-new:Origin updated] Origin updated: OT: 2025-08-21 22:34:40,  Lat/Lon: 38.7822°/142.046°, Depth: 10
2025/08/22 06:19:44.912868 [Simulation:Info:toast@toast-new:Simulation not generated] Magnitude 5.54 of event bmg2025qjpk is smaller than triggerMinMagnitude: no automatic simulation
2025/08/22 06:20:24.948717 [Incident:Info:toast@toast-new:Origin updated] Origin updated: OT: 2025-08-21 22:34:40,  Lat/Lon: 38.7822°/142.046°, Depth: 10
2025/08/22 06:20:24.948913 [Simulation:Info:toast@toast-new:Simulation not generated] Magnitude 5.54 of event bmg2025qjpk is smaller than triggerMinMagnitude: no automatic simulation
2025/08/22 06:20:35.668928 [Incident:Info:toast@toast-new:Origin updated] Origin updated: OT: 2025-08-21 22:34:40,  Lat/Lon: 38.7822°/142.046°, Depth: 10
2025/08/22 06:20:35.669102 [Incident:Info:toast@toast-new:FM updated] FM updated
2025/08/22 06:20:35.669352 [Simulation:Info:toast@toast-new:Simulation not generated] Magnitude 5.54 of event bmg2025qjpk is smaller than triggerMinMagnitude: no automatic simulation
2025/08/22 06:21:25.468708 [Incident:Info:toast@toast-new:Origin updated] Origin updated: OT: 2025-08-21 22:34:40,  Lat/Lon: 38.7822°/142.046°, Depth: 10
2025/08/22 06:21:25.468842 [Simulation:Info:toast@toast-new:Simulation not generated] Magnitude 5.54 of event bmg2025qjpk is smaller than triggerMinMagnitude: no automatic simulation
2025/08/22 06:24:25.569049 [Incident:Info:toast@toast-new:Origin updated] Origin updated: OT: 2025-08-21 22:34:40,  Lat/Lon: 38.7822°/142.046°, Depth: 10
2025/08/22 06:24:25.569252 [Simulation:Info:toast@toast-new:Simulation not generated] Magnitude 5.54 of event bmg2025qjpk is smaller than triggerMinMagnitude: no automatic simulation
2025/08/22 10:51:00.636473 [Incident:Info:toast@toast-new:Origin updated] Origin updated: OT: 2025-08-21 22:34:45,  Lat/Lon: 38.7428°/142.027°, Depth: 45.4026
2025/08/22 10:51:00.636769 [Incident:Info:toast@toast-new:Magnitude updated] Magnitude updated: 5.51 (Mw(mB))
2025/08/22 10:51:00.636841 [Simulation:Info:toast@toast-new:Simulation not generated] Magnitude 5.51 of event bmg2025qjpk is smaller than triggerMinMagnitude: no automatic simulation
2025/08/22 10:51:06.219069 [Incident:Info:toast@toast-new:Origin updated] Origin updated: OT: 2025-08-21 22:34:45,  Lat/Lon: 38.7428°/142.027°, Depth: 45.4026
2025/08/22 10:51:06.219406 [Incident:Info:toast@toast-new:Magnitude updated] Magnitude updated: 5.52 (mb)
2025/08/22 10:51:06.219483 [Simulation:Info:toast@toast-new:Simulation not generated] Magnitude 5.52 of event bmg2025qjpk is smaller than triggerMinMagnitude: no automatic simulation
2025/08/22 10:51:18.578870 [Incident:Info:toast@toast-new:Origin updated] Origin updated: OT: 2025-08-21 22:34:45,  Lat/Lon: 38.7428°/142.027°, Depth: 45.4026
2025/08/22 10:51:18.579136 [Simulation:Info:toast@toast-new:Simulation not generated] Magnitude 5.52 of event bmg2025qjpk is smaller than triggerMinMagnitude: no automatic simulation
2025/08/22 10:51:18.601282 [Incident:Info:toast@toast-new:Origin updated] Origin updated: OT: 2025-08-21 22:34:45,  Lat/Lon: 38.7428°/142.027°, Depth: 45.4026
2025/08/22 10:51:18.601452 [Simulation:Info:toast@toast-new:Simulation not generated] Magnitude 5.52 of event bmg2025qjpk is smaller than triggerMinMagnitude: no automatic simulation
2025/08/25 14:22:54.110751 [Incident:Info:toast@toast-new:Origin updated] Origin updated: OT: 2025-08-21 22:34:44,  Lat/Lon: 38.7526°/141.973°, Depth: 32.477
2025/08/25 14:22:54.147002 [Incident:Info:toast@toast-new:Magnitude updated] Magnitude updated: 5.55 (mb)
2025/08/25 14:22:54.147060 [Simulation:Info:toast@toast-new:Simulation not generated] Magnitude 5.55 of event bmg2025qjpk is smaller than triggerMinMagnitude: no automatic simulation
2025/08/25 14:22:54.169999 [Incident:Info:toast@toast-new:Origin updated] Origin updated: OT: 2025-08-21 22:34:44,  Lat/Lon: 38.7526°/141.973°, Depth: 32.477
2025/08/25 14:22:54.170152 [Incident:Info:toast@toast-new:Magnitude updated] Magnitude updated: 5.56 (Mw(mB))
2025/08/25 14:22:54.170211 [Simulation:Info:toast@toast-new:Simulation not generated] Magnitude 5.56 of event bmg2025qjpk is smaller than triggerMinMagnitude: no automatic simulation
