2025/08/04 07:55:22.385362 [Incident:Info:toast@toast-new:Displacement(s) updated] Added 0 and changed 0 displacements with 0 amplitudes
2025/08/04 07:55:22.403473 [Incident:Info:toast@toast-new:Incident created] Incident created based on event received from messaging: OT: 2025-08-04 00:44:18,  Lat/Lon: 51.62°/158.41°, Depth: 10.00, Mag: 5.21 (M)
2025/08/04 07:55:22.403972 [Simulation:Info:toast@toast-new:Simulation not generated] Magnitude 5.21 of event bmg2025pcwq is smaller than triggerMinMagnitude: no automatic simulation
2025/08/04 07:55:22.417823 [Incident:Info:toast@toast-new:Origin updated] Origin updated: OT: 2025-08-04 00:44:18,  Lat/Lon: 51.6183°/158.405°, Depth: 10
2025/08/04 07:55:22.417942 [Simulation:Info:toast@toast-new:Simulation not generated] Magnitude 5.21 of event bmg2025pcwq is smaller than triggerMinMagnitude: no automatic simulation
2025/08/04 07:55:25.051088 [Incident:Info:toast@toast-new:Origin updated] Origin updated: OT: 2025-08-04 00:44:18,  Lat/Lon: 51.6183°/158.405°, Depth: 10
2025/08/04 07:55:25.051288 [Incident:Info:toast@toast-new:Magnitude updated] Magnitude updated: 5.21 (M)
2025/08/04 07:55:25.051319 [Simulation:Info:toast@toast-new:Simulation not generated] Magnitude 5.21 of event bmg2025pcwq is smaller than triggerMinMagnitude: no automatic simulation
2025/08/04 07:55:30.830807 [Incident:Info:toast@toast-new:Origin updated] Origin updated: OT: 2025-08-04 00:44:18,  Lat/Lon: 51.6254°/158.415°, Depth: 10
2025/08/04 07:55:30.831016 [Incident:Info:toast@toast-new:Magnitude updated] Magnitude updated: 5.21 (M)
2025/08/04 07:55:30.831055 [Simulation:Info:toast@toast-new:Simulation not generated] Magnitude 5.21 of event bmg2025pcwq is smaller than triggerMinMagnitude: no automatic simulation
2025/08/04 07:55:40.382759 [Incident:Info:toast@toast-new:Origin updated] Origin updated: OT: 2025-08-04 00:44:18,  Lat/Lon: 51.6004°/158.425°, Depth: 10
2025/08/04 07:55:40.382991 [Incident:Info:toast@toast-new:Magnitude updated] Magnitude updated: 5.23 (M)
2025/08/04 07:55:40.383045 [Simulation:Info:toast@toast-new:Simulation not generated] Magnitude 5.23 of event bmg2025pcwq is smaller than triggerMinMagnitude: no automatic simulation
2025/08/04 07:55:45.090127 [Incident:Info:toast@toast-new:Origin updated] Origin updated: OT: 2025-08-04 00:44:18,  Lat/Lon: 51.6004°/158.425°, Depth: 10
2025/08/04 07:55:45.090317 [Incident:Info:toast@toast-new:Magnitude updated] Magnitude updated: 5.23 (M)
2025/08/04 07:55:45.090351 [Simulation:Info:toast@toast-new:Simulation not generated] Magnitude 5.23 of event bmg2025pcwq is smaller than triggerMinMagnitude: no automatic simulation
2025/08/04 07:55:51.036041 [Incident:Info:toast@toast-new:Origin updated] Origin updated: OT: 2025-08-04 00:44:18,  Lat/Lon: 51.5922°/158.431°, Depth: 10
2025/08/04 07:55:51.036243 [Incident:Info:toast@toast-new:Magnitude updated] Magnitude updated: 5.23 (M)
2025/08/04 07:55:51.036279 [Simulation:Info:toast@toast-new:Simulation not generated] Magnitude 5.23 of event bmg2025pcwq is smaller than triggerMinMagnitude: no automatic simulation
2025/08/04 07:56:00.084100 [Incident:Info:toast@toast-new:Origin updated] Origin updated: OT: 2025-08-04 00:44:18,  Lat/Lon: 51.5922°/158.431°, Depth: 10
2025/08/04 07:56:00.084308 [Incident:Info:toast@toast-new:Magnitude updated] Magnitude updated: 5.24 (M)
2025/08/04 07:56:00.084348 [Simulation:Info:toast@toast-new:Simulation not generated] Magnitude 5.24 of event bmg2025pcwq is smaller than triggerMinMagnitude: no automatic simulation
2025/08/04 07:56:02.422139 [Incident:Info:toast@toast-new:Origin updated] Origin updated: OT: 2025-08-04 00:44:18,  Lat/Lon: 51.5926°/158.427°, Depth: 10
2025/08/04 07:56:02.422331 [Incident:Info:toast@toast-new:Magnitude updated] Magnitude updated: 5.24 (M)
2025/08/04 07:56:02.422366 [Simulation:Info:toast@toast-new:Simulation not generated] Magnitude 5.24 of event bmg2025pcwq is smaller than triggerMinMagnitude: no automatic simulation
2025/08/04 07:56:05.081743 [Incident:Info:toast@toast-new:Origin updated] Origin updated: OT: 2025-08-04 00:44:18,  Lat/Lon: 51.5926°/158.427°, Depth: 10
2025/08/04 07:56:05.081919 [Incident:Info:toast@toast-new:Magnitude updated] Magnitude updated: 5.24 (M)
2025/08/04 07:56:05.081954 [Simulation:Info:toast@toast-new:Simulation not generated] Magnitude 5.24 of event bmg2025pcwq is smaller than triggerMinMagnitude: no automatic simulation
2025/08/04 07:56:13.675541 [Incident:Info:toast@toast-new:Origin updated] Origin updated: OT: 2025-08-04 00:44:18,  Lat/Lon: 51.592°/158.445°, Depth: 10
2025/08/04 07:56:13.675723 [Incident:Info:toast@toast-new:Magnitude updated] Magnitude updated: 5.30 (M)
2025/08/04 07:56:13.675756 [Simulation:Info:toast@toast-new:Simulation not generated] Magnitude 5.30 of event bmg2025pcwq is smaller than triggerMinMagnitude: no automatic simulation
2025/08/04 07:56:27.244716 [Incident:Info:toast@toast-new:Origin updated] Origin updated: OT: 2025-08-04 00:44:18,  Lat/Lon: 51.5824°/158.446°, Depth: 10
2025/08/04 07:56:27.244920 [Incident:Info:toast@toast-new:Magnitude updated] Magnitude updated: 5.30 (M)
2025/08/04 07:56:27.244965 [Simulation:Info:toast@toast-new:Simulation not generated] Magnitude 5.30 of event bmg2025pcwq is smaller than triggerMinMagnitude: no automatic simulation
2025/08/04 07:56:45.046131 [Incident:Info:toast@toast-new:Origin updated] Origin updated: OT: 2025-08-04 00:44:18,  Lat/Lon: 51.5824°/158.446°, Depth: 10
2025/08/04 07:56:45.046358 [Incident:Info:toast@toast-new:Magnitude updated] Magnitude updated: 5.34 (M)
2025/08/04 07:56:45.046411 [Simulation:Info:toast@toast-new:Simulation not generated] Magnitude 5.34 of event bmg2025pcwq is smaller than triggerMinMagnitude: no automatic simulation
2025/08/04 07:56:46.445764 [Incident:Info:toast@toast-new:Origin updated] Origin updated: OT: 2025-08-04 00:44:18,  Lat/Lon: 51.5866°/158.441°, Depth: 10
2025/08/04 07:56:46.445968 [Incident:Info:toast@toast-new:Magnitude updated] Magnitude updated: 5.34 (M)
2025/08/04 07:56:46.446012 [Simulation:Info:toast@toast-new:Simulation not generated] Magnitude 5.34 of event bmg2025pcwq is smaller than triggerMinMagnitude: no automatic simulation
2025/08/04 07:56:55.364396 [Incident:Info:toast@toast-new:Origin updated] Origin updated: OT: 2025-08-04 00:44:24,  Lat/Lon: 51.8131°/158.375°, Depth: 60.667
2025/08/04 07:56:55.364574 [Incident:Info:toast@toast-new:Magnitude updated] Magnitude updated: 5.46 (mb)
2025/08/04 07:56:55.364622 [Simulation:Info:toast@toast-new:Simulation not generated] Magnitude 5.46 of event bmg2025pcwq is smaller than triggerMinMagnitude: no automatic simulation
2025/08/04 07:56:55.389497 [Incident:Info:toast@toast-new:Origin updated] Origin updated: OT: 2025-08-04 00:44:24,  Lat/Lon: 51.8131°/158.375°, Depth: 60.667
2025/08/04 07:56:55.389602 [Incident:Info:toast@toast-new:Magnitude updated] Magnitude updated: 5.51 (M)
2025/08/04 07:56:55.389630 [Simulation:Info:toast@toast-new:Simulation not generated] Magnitude 5.51 of event bmg2025pcwq is smaller than triggerMinMagnitude: no automatic simulation
2025/08/04 08:11:49.025303 [Incident:Info:toast@toast-new:Origin updated] Origin updated: OT: 2025-08-04 00:44:24,  Lat/Lon: 51.8131°/158.375°, Depth: 60.667
2025/08/04 08:11:49.025504 [Incident:Info:toast@toast-new:FM updated] FM updated
2025/08/04 08:11:49.025687 [Simulation:Info:toast@toast-new:Simulation not generated] Magnitude 5.51 of event bmg2025pcwq is smaller than triggerMinMagnitude: no automatic simulation
2025/08/04 10:09:20.388152 [Incident:Info:toast@toast-new:Origin updated] Origin updated: OT: 2025-08-04 00:44:25,  Lat/Lon: 51.8502°/158.389°, Depth: 66.5548
2025/08/04 10:09:20.388266 [Incident:Info:toast@toast-new:Magnitude updated] Magnitude updated: 5.43 (mb)
2025/08/04 10:09:20.388292 [Simulation:Info:toast@toast-new:Simulation not generated] Magnitude 5.43 of event bmg2025pcwq is smaller than triggerMinMagnitude: no automatic simulation
2025/08/04 10:09:20.399636 [Incident:Info:toast@toast-new:Origin updated] Origin updated: OT: 2025-08-04 00:44:25,  Lat/Lon: 51.8502°/158.389°, Depth: 66.5548
2025/08/04 10:09:20.399700 [Simulation:Info:toast@toast-new:Simulation not generated] Magnitude 5.43 of event bmg2025pcwq is smaller than triggerMinMagnitude: no automatic simulation
2025/08/04 13:48:00.088530 [Incident:Info:toast@toast-new:Origin updated] Origin updated: OT: 2025-08-04 00:44:25,  Lat/Lon: 51.8502°/158.389°, Depth: 66.5548
2025/08/04 13:48:00.088665 [Incident:Info:toast@toast-new:FM updated] FM updated
2025/08/04 13:48:00.088862 [Simulation:Info:toast@toast-new:Simulation not generated] Magnitude 5.43 of event bmg2025pcwq is smaller than triggerMinMagnitude: no automatic simulation
