2025/08/25 04:40:10.840623 [Incident:Info:toast@toast-new:Displacement(s) updated] Added 0 and changed 0 displacements with 0 amplitudes
2025/08/25 04:40:10.841296 [Incident:Info:toast@toast-new:Incident created] Incident created based on event received from messaging: OT: 2025-08-24 21:36:33,  Lat/Lon: -4.36°/143.69°, Depth: 10.00, Mag: 5.16 (MLv)
2025/08/25 04:40:10.841917 [Simulation:Info:toast@toast-new:Simulation not generated] Magnitude 5.16 of event bmg2025qozz is smaller than triggerMinMagnitude: no automatic simulation
2025/08/25 04:40:10.876692 [Incident:Info:toast@toast-new:Origin updated] Origin updated: OT: 2025-08-24 21:36:33,  Lat/Lon: -4.36099°/143.685°, Depth: 10
2025/08/25 04:40:10.876852 [Incident:Info:toast@toast-new:Magnitude updated] Magnitude updated: 5.10 (M)
2025/08/25 04:40:10.876909 [Simulation:Info:toast@toast-new:Simulation not generated] Magnitude 5.10 of event bmg2025qozz is smaller than triggerMinMagnitude: no automatic simulation
2025/08/25 04:41:34.572606 [Incident:Info:toast@toast-new:Origin updated] Origin updated: OT: 2025-08-24 21:36:38,  Lat/Lon: -4.33062°/143.402°, Depth: 144.575
2025/08/25 04:41:34.572829 [Incident:Info:toast@toast-new:Magnitude updated] Magnitude updated: 5.23 (MLv)
2025/08/25 04:41:34.572873 [Simulation:Info:toast@toast-new:Simulation not generated] Magnitude 5.23 of event bmg2025qozz is smaller than triggerMinMagnitude: no automatic simulation
2025/08/25 04:41:34.600382 [Incident:Info:toast@toast-new:Origin updated] Origin updated: OT: 2025-08-24 21:36:38,  Lat/Lon: -4.33062°/143.402°, Depth: 144.575
2025/08/25 04:41:34.600539 [Incident:Info:toast@toast-new:Magnitude updated] Magnitude updated: 5.16 (M)
2025/08/25 04:41:34.600589 [Simulation:Info:toast@toast-new:Simulation not generated] Magnitude 5.16 of event bmg2025qozz is smaller than triggerMinMagnitude: no automatic simulation
2025/08/25 13:40:45.933575 [Incident:Info:toast@toast-new:Origin updated] Origin updated: OT: 2025-08-24 21:36:39,  Lat/Lon: -4.2886°/143.404°, Depth: 113.325
2025/08/25 13:40:45.934880 [Incident:Info:toast@toast-new:Magnitude updated] Magnitude updated: 5.16 (MLv)
2025/08/25 13:40:45.934968 [Simulation:Info:toast@toast-new:Simulation not generated] Magnitude 5.16 of event bmg2025qozz is smaller than triggerMinMagnitude: no automatic simulation
2025/08/25 13:40:45.953430 [Incident:Info:toast@toast-new:Origin updated] Origin updated: OT: 2025-08-24 21:36:39,  Lat/Lon: -4.2886°/143.404°, Depth: 113.325
2025/08/25 13:40:45.953668 [Incident:Info:toast@toast-new:Magnitude updated] Magnitude updated: 5.11 (M)
2025/08/25 13:40:45.953750 [Simulation:Info:toast@toast-new:Simulation not generated] Magnitude 5.11 of event bmg2025qozz is smaller than triggerMinMagnitude: no automatic simulation
2025/08/25 13:42:32.279616 [Incident:Info:toast@toast-new:Origin updated] Origin updated: OT: 2025-08-24 21:36:39,  Lat/Lon: -4.2886°/143.404°, Depth: 113.325
2025/08/25 13:42:32.281751 [Simulation:Info:toast@toast-new:Simulation not generated] Magnitude 5.11 of event bmg2025qozz is smaller than triggerMinMagnitude: no automatic simulation
