2025/07/30 11:08:25.273455 [Incident:Info:toast@toast-new:Displacement(s) updated] Added 0 and changed 0 displacements with 0 amplitudes
2025/07/30 11:08:25.279648 [Incident:Info:toast@toast-new:Incident created] Incident created based on event received from messaging: OT: 2025-07-30 03:57:25,  Lat/Lon: 50.60°/157.65°, Depth: 94.94, Mag: 5.46 (M)
2025/07/30 11:08:25.280470 [Simulation:Info:toast@toast-new:Simulation not generated] Magnitude 5.46 of event bmg2025otzm is smaller than triggerMinMagnitude: no automatic simulation
2025/07/30 11:08:25.312024 [Incident:Info:toast@toast-new:Origin updated] Origin updated: OT: 2025-07-30 03:57:25,  Lat/Lon: 50.6045°/157.654°, Depth: 94.9373
2025/07/30 11:08:25.312294 [Simulation:Info:toast@toast-new:Simulation not generated] Magnitude 5.46 of event bmg2025otzm is smaller than triggerMinMagnitude: no automatic simulation
2025/07/30 11:08:37.388040 [Incident:Info:toast@toast-new:Origin updated] Origin updated: OT: 2025-07-30 03:57:15,  Lat/Lon: 50.4296°/157.72°, Depth: 10
2025/07/30 11:08:37.388394 [Incident:Info:toast@toast-new:Magnitude updated] Magnitude updated: 5.48 (M)
2025/07/30 11:08:37.388526 [Simulation:Info:toast@toast-new:Simulation not generated] Magnitude 5.48 of event bmg2025otzm is smaller than triggerMinMagnitude: no automatic simulation
2025/07/30 11:08:40.399286 [Simulation:Info:toast@toast-new:Simulation(s) triggered] Automatic simulation(s) triggered manually
2025/07/30 11:08:40.399528 [Simulation:Info:toast@toast-new:Event outside source region] Simulation setup: Event outside configured source regions.
2025/07/30 11:08:40.400112 [Simulation:Info:toast@toast-new:Simulation(s) started] No nodal plane available. Starting Simulation(s) with fault plane, Lat/Lon: 50.43°/ 157.72° (MT), Depth: 10.00km (MT), Mag: 5.48 (MT)
2025/07/30 11:08:40.401685 [Simulation:Warning:toast@toast-new:Simulation] EasyWave2: Failed to find preferred grid file []. Grid [pacific_ptwc] is used instead.
2025/07/30 11:08:40.402107 [Simulation:Info:toast@toast-new:Simulation running] TsunAWI: Looking for matching scenarios
2025/07/30 11:08:40.405294 [Simulation:Info:toast@toast-new:Simulation finished] TsunAWI: No matching scenarios
2025/07/30 11:08:40.409327 [Simulation:Info:toast@toast-new:No simulation returned] TsunAWI simulation backend returned no simulation.
2025/07/30 11:08:40.454089 [Simulation:Info:toast@toast-new:Simulation tracked] Tracking progress of EasyWave2 simulation 54050052N156158E793e2ead1e4a4e209302f5416ce78777b1dccbcc
2025/07/30 11:08:40.458520 [Simulation:Info:toast@toast-new:Simulation tracked] Tracking progress of EasyWave2 simulation 54050052N156158E3db93b880b2cfc885bf309cddb1d3929dc4b337c
2025/07/30 11:08:45.060763 [Incident:Info:toast@toast-new:Origin updated] Origin updated: OT: 2025-07-30 03:57:15,  Lat/Lon: 50.4296°/157.72°, Depth: 10
2025/07/30 11:08:45.061168 [Incident:Info:toast@toast-new:Magnitude updated] Magnitude updated: 5.63 (M)
2025/07/30 11:08:45.061363 [Simulation:Info:toast@toast-new:Simulation not generated] Magnitude 5.63 of event bmg2025otzm is smaller than triggerMinMagnitude: no automatic simulation
2025/07/30 11:08:52.620751 [Incident:Info:toast@toast-new:Origin updated] Origin updated: OT: 2025-07-30 03:57:15,  Lat/Lon: 50.4272°/157.721°, Depth: 10
2025/07/30 11:08:52.621086 [Incident:Info:toast@toast-new:Magnitude updated] Magnitude updated: 5.63 (M)
2025/07/30 11:08:52.621248 [Simulation:Info:toast@toast-new:Simulation not generated] Magnitude 5.63 of event bmg2025otzm is smaller than triggerMinMagnitude: no automatic simulation
2025/07/30 11:09:12.525892 [Incident:Info:toast@toast-new:Origin updated] Origin updated: OT: 2025-07-30 03:57:14,  Lat/Lon: 50.3903°/157.893°, Depth: 10
2025/07/30 11:09:12.528092 [Incident:Info:toast@toast-new:Magnitude updated] Magnitude updated: 5.10 (mb)
2025/07/30 11:09:12.528202 [Simulation:Info:toast@toast-new:Simulation not generated] Magnitude 5.10 of event bmg2025otzm is smaller than triggerMinMagnitude: no automatic simulation
2025/07/30 11:09:12.541504 [Incident:Info:toast@toast-new:Origin updated] Origin updated: OT: 2025-07-30 03:57:14,  Lat/Lon: 50.3903°/157.893°, Depth: 10
2025/07/30 11:09:12.541689 [Incident:Info:toast@toast-new:Magnitude updated] Magnitude updated: 5.73 (M)
2025/07/30 11:09:12.541730 [Simulation:Info:toast@toast-new:Simulation not generated] Magnitude 5.73 of event bmg2025otzm is smaller than triggerMinMagnitude: no automatic simulation
2025/07/30 11:09:15.075189 [Incident:Info:toast@toast-new:Origin updated] Origin updated: OT: 2025-07-30 03:57:14,  Lat/Lon: 50.3903°/157.893°, Depth: 10
2025/07/30 11:09:15.075391 [Incident:Info:toast@toast-new:Magnitude updated] Magnitude updated: 5.82 (M)
2025/07/30 11:09:15.075450 [Simulation:Info:toast@toast-new:Simulation not generated] Magnitude 5.82 of event bmg2025otzm is smaller than triggerMinMagnitude: no automatic simulation
2025/07/30 11:10:10.945852 [Simulation:Info:toast@toast-new:Simulation finished] Finished EasyWave2 simulation 54050052N156158E793e2ead1e4a4e209302f5416ce78777b1dccbcc in 90 seconds
2025/07/30 11:10:33.941334 [Simulation:Info:toast@toast-new:Simulation finished] Finished EasyWave2 simulation 54050052N156158E3db93b880b2cfc885bf309cddb1d3929dc4b337c in 113 seconds
2025/08/21 11:52:21.712499 [Incident:Info:toast@toast-new:Origin updated] Origin updated: OT: 2025-07-30 03:57:15,  Lat/Lon: 50.412°/157.881°, Depth: 18.5585
2025/08/21 11:52:21.713748 [Incident:Info:toast@toast-new:Magnitude updated] Magnitude updated: 5.10 (mb)
2025/08/21 11:52:21.713818 [Simulation:Info:toast@toast-new:Simulation not generated] Magnitude 5.10 of event bmg2025otzm is smaller than triggerMinMagnitude: no automatic simulation
2025/08/21 11:52:21.735091 [Incident:Info:toast@toast-new:Origin updated] Origin updated: OT: 2025-07-30 03:57:15,  Lat/Lon: 50.412°/157.881°, Depth: 18.5585
2025/08/21 11:52:21.735227 [Incident:Info:toast@toast-new:Magnitude updated] Magnitude updated: 5.43 (M)
2025/08/21 11:52:21.735274 [Simulation:Info:toast@toast-new:Simulation not generated] Magnitude 5.43 of event bmg2025otzm is smaller than triggerMinMagnitude: no automatic simulation
2025/08/21 11:52:28.841141 [Incident:Info:toast@toast-new:Origin updated] Origin updated: OT: 2025-07-30 03:57:15,  Lat/Lon: 50.412°/157.881°, Depth: 18.5585
2025/08/21 11:52:28.841310 [Simulation:Info:toast@toast-new:Simulation not generated] Magnitude 5.43 of event bmg2025otzm is smaller than triggerMinMagnitude: no automatic simulation
2025/08/21 11:52:28.863410 [Incident:Info:toast@toast-new:Origin updated] Origin updated: OT: 2025-07-30 03:57:15,  Lat/Lon: 50.412°/157.881°, Depth: 18.5585
2025/08/21 11:52:28.863517 [Incident:Info:toast@toast-new:Magnitude updated] Magnitude updated: 5.10 (mb)
2025/08/21 11:52:28.863545 [Simulation:Info:toast@toast-new:Simulation not generated] Magnitude 5.10 of event bmg2025otzm is smaller than triggerMinMagnitude: no automatic simulation
