2025/08/02 07:34:17.529151 [Incident:Info:toast@toast-new:Displacement(s) updated] Added 0 and changed 0 displacements with 0 amplitudes
2025/08/02 07:34:17.530321 [Incident:Info:toast@toast-new:Incident created] Incident created based on event received from messaging: OT: 2025-08-02 00:22:03,  Lat/Lon: 50.63°/158.19°, Depth: 10.00, Mag: 5.07 (M)
2025/08/02 07:34:17.530953 [Simulation:Info:toast@toast-new:Simulation not generated] Magnitude 5.07 of event bmg2025ozew is smaller than triggerMinMagnitude: no automatic simulation
2025/08/02 07:34:17.552359 [Incident:Info:toast@toast-new:Origin updated] Origin updated: OT: 2025-08-02 00:22:03,  Lat/Lon: 50.632°/158.195°, Depth: 10
2025/08/02 07:34:17.552503 [Simulation:Info:toast@toast-new:Simulation not generated] Magnitude 5.07 of event bmg2025ozew is smaller than triggerMinMagnitude: no automatic simulation
2025/08/02 07:35:19.031397 [Incident:Info:toast@toast-new:Origin updated] Origin updated: OT: 2025-08-02 00:22:03,  Lat/Lon: 50.6172°/158.209°, Depth: 10
2025/08/02 07:35:19.031582 [Incident:Info:toast@toast-new:Magnitude updated] Magnitude updated: 5.08 (M)
2025/08/02 07:35:19.031612 [Simulation:Info:toast@toast-new:Simulation not generated] Magnitude 5.08 of event bmg2025ozew is smaller than triggerMinMagnitude: no automatic simulation
2025/08/02 07:35:32.380308 [Incident:Info:toast@toast-new:Origin updated] Origin updated: OT: 2025-08-02 00:22:02,  Lat/Lon: 50.6271°/158.19°, Depth: 10
2025/08/02 07:35:32.380508 [Incident:Info:toast@toast-new:Magnitude updated] Magnitude updated: 5.08 (M)
2025/08/02 07:35:32.380539 [Simulation:Info:toast@toast-new:Simulation not generated] Magnitude 5.08 of event bmg2025ozew is smaller than triggerMinMagnitude: no automatic simulation
2025/08/02 07:45:02.663894 [Incident:Info:toast@toast-new:Origin updated] Origin updated: OT: 2025-08-02 00:22:02,  Lat/Lon: 50.6375°/158.165°, Depth: 10
2025/08/02 07:45:02.664101 [Incident:Info:toast@toast-new:Magnitude updated] Magnitude updated: 5.08 (M)
2025/08/02 07:45:02.664141 [Simulation:Info:toast@toast-new:Simulation not generated] Magnitude 5.08 of event bmg2025ozew is smaller than triggerMinMagnitude: no automatic simulation
2025/08/02 11:24:01.892383 [Incident:Info:toast@toast-new:Origin updated] Origin updated: OT: 2025-08-02 00:22:02,  Lat/Lon: 50.5986°/158.16°, Depth: 10
2025/08/02 11:24:01.894024 [Incident:Info:toast@toast-new:Magnitude updated] Magnitude updated: 5.07 (mb)
2025/08/02 11:24:01.894120 [Simulation:Info:toast@toast-new:Simulation not generated] Magnitude 5.07 of event bmg2025ozew is smaller than triggerMinMagnitude: no automatic simulation
2025/08/02 11:24:01.917086 [Incident:Info:toast@toast-new:Origin updated] Origin updated: OT: 2025-08-02 00:22:02,  Lat/Lon: 50.5986°/158.16°, Depth: 10
2025/08/02 11:24:01.917216 [Incident:Info:toast@toast-new:Magnitude updated] Magnitude updated: 5.23 (M)
2025/08/02 11:24:01.917266 [Simulation:Info:toast@toast-new:Simulation not generated] Magnitude 5.23 of event bmg2025ozew is smaller than triggerMinMagnitude: no automatic simulation
2025/08/02 11:24:08.582617 [Incident:Info:toast@toast-new:Origin updated] Origin updated: OT: 2025-08-02 00:22:02,  Lat/Lon: 50.5986°/158.16°, Depth: 10
2025/08/02 11:24:08.582773 [Incident:Info:toast@toast-new:Magnitude updated] Magnitude updated: 5.07 (mb)
2025/08/02 11:24:08.582807 [Simulation:Info:toast@toast-new:Simulation not generated] Magnitude 5.07 of event bmg2025ozew is smaller than triggerMinMagnitude: no automatic simulation
2025/08/03 08:39:02.424225 [Incident:Info:toast@toast-new:Incident removed] Removed incident - Bye
2025/08/03 15:09:22.169425 [Incident:Info:toast@toast-new:Displacement(s) updated] Added 0 and changed 0 displacements with 0 amplitudes
2025/08/03 15:09:22.223224 [Incident:Info:toast@toast-new:Incident created] Incident created based on event received from messaging: OT: 2025-08-02 00:22:02,  Lat/Lon: 50.60°/158.16°, Depth: 9.94, Mag: 5.07 (mb)
2025/08/03 15:09:22.223756 [Simulation:Info:toast@toast-new:Simulation not generated] Magnitude 5.07 of event bmg2025ozew is smaller than triggerMinMagnitude: no automatic simulation
2025/08/03 15:09:22.238220 [Incident:Info:toast@toast-new:Origin updated] Origin updated: OT: 2025-08-02 00:22:02,  Lat/Lon: 50.5986°/158.16°, Depth: 9.94428
2025/08/03 15:09:22.238338 [Simulation:Info:toast@toast-new:Simulation not generated] Magnitude 5.07 of event bmg2025ozew is smaller than triggerMinMagnitude: no automatic simulation
2025/08/03 15:09:39.696269 [Incident:Info:toast@toast-new:Origin updated] Origin updated: OT: 2025-08-02 00:22:02,  Lat/Lon: 50.5986°/158.16°, Depth: 9.94428
2025/08/03 15:09:39.696536 [Simulation:Info:toast@toast-new:Simulation not generated] Magnitude 5.07 of event bmg2025ozew is smaller than triggerMinMagnitude: no automatic simulation
2025/08/03 15:09:39.719314 [Incident:Info:toast@toast-new:Origin updated] Origin updated: OT: 2025-08-02 00:22:02,  Lat/Lon: 50.5986°/158.16°, Depth: 9.94428
2025/08/03 15:09:39.719492 [Simulation:Info:toast@toast-new:Simulation not generated] Magnitude 5.07 of event bmg2025ozew is smaller than triggerMinMagnitude: no automatic simulation
2025/08/03 21:41:06.086765 [Incident:Info:toast@toast-new:Incident removed] Removed incident - Bye
