2025/07/31 19:53:48.181181 [Incident:Info:toast@toast-new:Displacement(s) updated] Added 0 and changed 0 displacements with 0 amplitudes
2025/07/31 19:53:48.201485 [Incident:Info:toast@toast-new:Incident created] Incident created based on event received from messaging: OT: 2025-07-31 12:40:26,  Lat/Lon: 49.85°/156.46°, Depth: 10.00, Mag: 5.02 (M)
2025/07/31 19:53:48.201995 [Simulation:Info:toast@toast-new:Simulation not generated] Magnitude 5.02 of event bmg2025owmg is smaller than triggerMinMagnitude: no automatic simulation
2025/07/31 19:53:48.215847 [Incident:Info:toast@toast-new:Origin updated] Origin updated: OT: 2025-07-31 12:40:26,  Lat/Lon: 49.8478°/156.458°, Depth: 10
2025/07/31 19:53:48.215973 [Simulation:Info:toast@toast-new:Simulation not generated] Magnitude 5.02 of event bmg2025owmg is smaller than triggerMinMagnitude: no automatic simulation
2025/07/31 19:55:17.635904 [Incident:Info:toast@toast-new:Origin updated] Origin updated: OT: 2025-07-31 12:40:26,  Lat/Lon: 49.8759°/156.432°, Depth: 10
2025/07/31 19:55:17.636100 [Incident:Info:toast@toast-new:Magnitude updated] Magnitude updated: 5.02 (M)
2025/07/31 19:55:17.636144 [Simulation:Info:toast@toast-new:Simulation not generated] Magnitude 5.02 of event bmg2025owmg is smaller than triggerMinMagnitude: no automatic simulation
2025/07/31 20:00:32.727848 [Incident:Info:toast@toast-new:Origin updated] Origin updated: OT: 2025-07-31 12:40:26,  Lat/Lon: 49.8759°/156.432°, Depth: 10
2025/07/31 20:00:32.728208 [Simulation:Info:toast@toast-new:Simulation not generated] Magnitude 5.02 of event bmg2025owmg is smaller than triggerMinMagnitude: no automatic simulation
2025/07/31 20:08:13.223224 [Incident:Info:toast@toast-new:Origin updated] Origin updated: OT: 2025-07-31 12:40:26,  Lat/Lon: 49.8759°/156.432°, Depth: 10
2025/07/31 20:08:13.223396 [Simulation:Info:toast@toast-new:Simulation not generated] Magnitude 5.02 of event bmg2025owmg is smaller than triggerMinMagnitude: no automatic simulation
2025/07/31 20:50:32.475242 [Incident:Info:toast@toast-new:Origin updated] Origin updated: OT: 2025-07-31 12:40:29,  Lat/Lon: 49.8896°/156.435°, Depth: 29.9144
2025/07/31 20:50:32.475440 [Incident:Info:toast@toast-new:Magnitude updated] Magnitude updated: 5.03 (M)
2025/07/31 20:50:32.475484 [Simulation:Info:toast@toast-new:Simulation not generated] Magnitude 5.03 of event bmg2025owmg is smaller than triggerMinMagnitude: no automatic simulation
2025/08/01 01:36:54.210181 [Incident:Info:toast@toast-new:Origin updated] Origin updated: OT: 2025-07-31 12:40:30,  Lat/Lon: 49.9031°/156.466°, Depth: 41.204
2025/08/01 01:36:54.210369 [Incident:Info:toast@toast-new:Magnitude updated] Magnitude updated: 5.22 (mb)
2025/08/01 01:36:54.210411 [Simulation:Info:toast@toast-new:Simulation not generated] Magnitude 5.22 of event bmg2025owmg is smaller than triggerMinMagnitude: no automatic simulation
2025/08/01 01:36:54.232142 [Incident:Info:toast@toast-new:Origin updated] Origin updated: OT: 2025-07-31 12:40:30,  Lat/Lon: 49.9031°/156.466°, Depth: 41.204
2025/08/01 01:36:54.232253 [Incident:Info:toast@toast-new:Magnitude updated] Magnitude updated: 5.11 (M)
2025/08/01 01:36:54.232293 [Simulation:Info:toast@toast-new:Simulation not generated] Magnitude 5.11 of event bmg2025owmg is smaller than triggerMinMagnitude: no automatic simulation
2025/08/01 01:36:58.605845 [Incident:Info:toast@toast-new:Origin updated] Origin updated: OT: 2025-07-31 12:40:30,  Lat/Lon: 49.9031°/156.466°, Depth: 41.204
2025/08/01 01:36:58.606055 [Incident:Info:toast@toast-new:Magnitude updated] Magnitude updated: 5.22 (mb)
2025/08/01 01:36:58.606135 [Simulation:Info:toast@toast-new:Simulation not generated] Magnitude 5.22 of event bmg2025owmg is smaller than triggerMinMagnitude: no automatic simulation
2025/08/03 08:38:52.796433 [Incident:Info:toast@toast-new:Incident removed] Removed incident - Bye
