2025/09/19 20:37:29.318816 [Incident:Info:toast@toast-new:Displacement(s) updated] Added 0 and changed 0 displacements with 0 amplitudes
2025/09/19 20:37:29.329145 [Incident:Info:toast@toast-new:Incident created] Incident created based on event received from messaging: OT: 2025-09-19 13:27:04,  Lat/Lon: 52.24°/160.45°, Depth: 10.00, Mag: 5.48 (M)
2025/09/19 20:37:29.329794 [Simulation:Info:toast@toast-new:Simulation not generated] Magnitude 5.48 of event bmg2025sjwy is smaller than triggerMinMagnitude: no automatic simulation
2025/09/19 20:37:29.348941 [Incident:Info:toast@toast-new:Origin updated] Origin updated: OT: 2025-09-19 13:27:04,  Lat/Lon: 52.2369°/160.454°, Depth: 10
2025/09/19 20:37:29.349066 [Simulation:Info:toast@toast-new:Simulation not generated] Magnitude 5.48 of event bmg2025sjwy is smaller than triggerMinMagnitude: no automatic simulation
2025/09/19 20:37:38.039066 [Incident:Info:toast@toast-new:Origin updated] Origin updated: OT: 2025-09-19 13:27:04,  Lat/Lon: 52.2307°/160.471°, Depth: 10
2025/09/19 20:37:38.039257 [Incident:Info:toast@toast-new:Magnitude updated] Magnitude updated: 5.52 (M)
2025/09/19 20:37:38.039291 [Simulation:Info:toast@toast-new:Simulation not generated] Magnitude 5.52 of event bmg2025sjwy is smaller than triggerMinMagnitude: no automatic simulation
2025/09/19 20:37:43.599949 [Incident:Info:toast@toast-new:Origin updated] Origin updated: OT: 2025-09-19 13:27:04,  Lat/Lon: 52.2307°/160.471°, Depth: 10
2025/09/19 20:37:43.600115 [Incident:Info:toast@toast-new:Magnitude updated] Magnitude updated: 5.51 (M)
2025/09/19 20:37:43.600146 [Simulation:Info:toast@toast-new:Simulation not generated] Magnitude 5.51 of event bmg2025sjwy is smaller than triggerMinMagnitude: no automatic simulation
2025/09/19 20:37:50.203177 [Incident:Info:toast@toast-new:Origin updated] Origin updated: OT: 2025-09-19 13:27:04,  Lat/Lon: 52.2079°/160.479°, Depth: 10
2025/09/19 20:37:50.203351 [Incident:Info:toast@toast-new:Magnitude updated] Magnitude updated: 5.51 (M)
2025/09/19 20:37:50.203382 [Simulation:Info:toast@toast-new:Simulation not generated] Magnitude 5.51 of event bmg2025sjwy is smaller than triggerMinMagnitude: no automatic simulation
2025/09/19 20:37:53.621840 [Incident:Info:toast@toast-new:Origin updated] Origin updated: OT: 2025-09-19 13:27:04,  Lat/Lon: 52.2079°/160.479°, Depth: 10
2025/09/19 20:37:53.622010 [Incident:Info:toast@toast-new:Magnitude updated] Magnitude updated: 5.53 (M)
2025/09/19 20:37:53.622044 [Simulation:Info:toast@toast-new:Simulation not generated] Magnitude 5.53 of event bmg2025sjwy is smaller than triggerMinMagnitude: no automatic simulation
2025/09/19 20:37:58.643812 [Incident:Info:toast@toast-new:Origin updated] Origin updated: OT: 2025-09-19 13:27:04,  Lat/Lon: 52.2079°/160.479°, Depth: 10
2025/09/19 20:37:58.644004 [Incident:Info:toast@toast-new:Magnitude updated] Magnitude updated: 5.53 (M)
2025/09/19 20:37:58.644059 [Simulation:Info:toast@toast-new:Simulation not generated] Magnitude 5.53 of event bmg2025sjwy is smaller than triggerMinMagnitude: no automatic simulation
2025/09/19 20:38:03.605824 [Incident:Info:toast@toast-new:Origin updated] Origin updated: OT: 2025-09-19 13:27:04,  Lat/Lon: 52.2079°/160.479°, Depth: 10
2025/09/19 20:38:03.605996 [Incident:Info:toast@toast-new:Magnitude updated] Magnitude updated: 5.54 (M)
2025/09/19 20:38:03.606029 [Simulation:Info:toast@toast-new:Simulation not generated] Magnitude 5.54 of event bmg2025sjwy is smaller than triggerMinMagnitude: no automatic simulation
2025/09/19 20:38:06.534672 [Incident:Info:toast@toast-new:Origin updated] Origin updated: OT: 2025-09-19 13:27:04,  Lat/Lon: 52.2079°/160.479°, Depth: 10
2025/09/19 20:38:06.534868 [Incident:Info:toast@toast-new:Magnitude updated] Magnitude updated: 5.56 (M)
2025/09/19 20:38:06.534919 [Simulation:Info:toast@toast-new:Simulation not generated] Magnitude 5.56 of event bmg2025sjwy is smaller than triggerMinMagnitude: no automatic simulation
2025/09/19 20:38:06.566483 [Incident:Info:toast@toast-new:Origin updated] Origin updated: OT: 2025-09-19 13:27:04,  Lat/Lon: 52.207°/160.467°, Depth: 10
2025/09/19 20:38:06.566673 [Incident:Info:toast@toast-new:Magnitude updated] Magnitude updated: 5.57 (M)
2025/09/19 20:38:06.566709 [Simulation:Info:toast@toast-new:Simulation not generated] Magnitude 5.57 of event bmg2025sjwy is smaller than triggerMinMagnitude: no automatic simulation
2025/09/19 20:38:08.644828 [Incident:Info:toast@toast-new:Origin updated] Origin updated: OT: 2025-09-19 13:27:04,  Lat/Lon: 52.207°/160.467°, Depth: 10
2025/09/19 20:38:08.644935 [Incident:Info:toast@toast-new:Magnitude updated] Magnitude updated: 5.58 (M)
2025/09/19 20:38:08.644956 [Simulation:Info:toast@toast-new:Simulation not generated] Magnitude 5.58 of event bmg2025sjwy is smaller than triggerMinMagnitude: no automatic simulation
2025/09/19 20:38:13.618358 [Incident:Info:toast@toast-new:Origin updated] Origin updated: OT: 2025-09-19 13:27:04,  Lat/Lon: 52.207°/160.467°, Depth: 10
2025/09/19 20:38:13.618531 [Incident:Info:toast@toast-new:Magnitude updated] Magnitude updated: 5.58 (M)
2025/09/19 20:38:13.618563 [Simulation:Info:toast@toast-new:Simulation not generated] Magnitude 5.58 of event bmg2025sjwy is smaller than triggerMinMagnitude: no automatic simulation
2025/09/19 20:38:18.639289 [Incident:Info:toast@toast-new:Origin updated] Origin updated: OT: 2025-09-19 13:27:04,  Lat/Lon: 52.207°/160.467°, Depth: 10
2025/09/19 20:38:18.641034 [Incident:Info:toast@toast-new:Magnitude updated] Magnitude updated: 5.59 (M)
2025/09/19 20:38:18.641106 [Simulation:Info:toast@toast-new:Simulation not generated] Magnitude 5.59 of event bmg2025sjwy is smaller than triggerMinMagnitude: no automatic simulation
2025/09/19 20:38:23.627999 [Incident:Info:toast@toast-new:Origin updated] Origin updated: OT: 2025-09-19 13:27:04,  Lat/Lon: 52.207°/160.467°, Depth: 10
2025/09/19 20:38:23.628169 [Incident:Info:toast@toast-new:Magnitude updated] Magnitude updated: 5.64 (M)
2025/09/19 20:38:23.628201 [Simulation:Info:toast@toast-new:Simulation not generated] Magnitude 5.64 of event bmg2025sjwy is smaller than triggerMinMagnitude: no automatic simulation
2025/09/19 20:38:28.626339 [Incident:Info:toast@toast-new:Origin updated] Origin updated: OT: 2025-09-19 13:27:04,  Lat/Lon: 52.207°/160.467°, Depth: 10
2025/09/19 20:38:28.626598 [Incident:Info:toast@toast-new:Magnitude updated] Magnitude updated: 5.63 (M)
2025/09/19 20:38:28.626658 [Simulation:Info:toast@toast-new:Simulation not generated] Magnitude 5.63 of event bmg2025sjwy is smaller than triggerMinMagnitude: no automatic simulation
2025/09/19 20:38:33.262030 [Incident:Info:toast@toast-new:Origin updated] Origin updated: OT: 2025-09-19 13:27:04,  Lat/Lon: 52.2022°/160.5°, Depth: 10
2025/09/19 20:38:33.262238 [Incident:Info:toast@toast-new:Magnitude updated] Magnitude updated: 5.64 (Mw(mB))
2025/09/19 20:38:33.262287 [Simulation:Info:toast@toast-new:Simulation not generated] Magnitude 5.64 of event bmg2025sjwy is smaller than triggerMinMagnitude: no automatic simulation
2025/09/19 20:38:38.628398 [Incident:Info:toast@toast-new:Origin updated] Origin updated: OT: 2025-09-19 13:27:04,  Lat/Lon: 52.2022°/160.5°, Depth: 10
2025/09/19 20:38:38.628581 [Incident:Info:toast@toast-new:Magnitude updated] Magnitude updated: 5.62 (Mw(mB))
2025/09/19 20:38:38.628618 [Simulation:Info:toast@toast-new:Simulation not generated] Magnitude 5.62 of event bmg2025sjwy is smaller than triggerMinMagnitude: no automatic simulation
2025/09/19 20:38:43.612001 [Incident:Info:toast@toast-new:Origin updated] Origin updated: OT: 2025-09-19 13:27:04,  Lat/Lon: 52.2022°/160.5°, Depth: 10
2025/09/19 20:38:43.612302 [Incident:Info:toast@toast-new:Magnitude updated] Magnitude updated: 5.63 (Mw(mB))
2025/09/19 20:38:43.612385 [Simulation:Info:toast@toast-new:Simulation not generated] Magnitude 5.63 of event bmg2025sjwy is smaller than triggerMinMagnitude: no automatic simulation
2025/09/19 20:38:48.606538 [Incident:Info:toast@toast-new:Origin updated] Origin updated: OT: 2025-09-19 13:27:04,  Lat/Lon: 52.2022°/160.5°, Depth: 10
2025/09/19 20:38:48.606825 [Incident:Info:toast@toast-new:Magnitude updated] Magnitude updated: 5.63 (Mw(mB))
2025/09/19 20:38:48.606919 [Simulation:Info:toast@toast-new:Simulation not generated] Magnitude 5.63 of event bmg2025sjwy is smaller than triggerMinMagnitude: no automatic simulation
2025/09/19 20:38:53.607331 [Incident:Info:toast@toast-new:Origin updated] Origin updated: OT: 2025-09-19 13:27:04,  Lat/Lon: 52.2022°/160.5°, Depth: 10
2025/09/19 20:38:53.607576 [Incident:Info:toast@toast-new:Magnitude updated] Magnitude updated: 5.63 (Mw(mB))
2025/09/19 20:38:53.607627 [Simulation:Info:toast@toast-new:Simulation not generated] Magnitude 5.63 of event bmg2025sjwy is smaller than triggerMinMagnitude: no automatic simulation
2025/09/19 20:38:54.346454 [Incident:Info:toast@toast-new:Origin updated] Origin updated: OT: 2025-09-19 13:27:04,  Lat/Lon: 52.2022°/160.5°, Depth: 10
2025/09/19 20:38:54.347484 [Incident:Info:toast@toast-new:Magnitude updated] Magnitude updated: 5.62 (Mw(mB))
2025/09/19 20:38:54.347559 [Simulation:Info:toast@toast-new:Simulation not generated] Magnitude 5.62 of event bmg2025sjwy is smaller than triggerMinMagnitude: no automatic simulation
2025/09/19 20:38:54.374657 [Incident:Info:toast@toast-new:Origin updated] Origin updated: OT: 2025-09-19 13:27:04,  Lat/Lon: 52.2002°/160.501°, Depth: 10
2025/09/19 20:38:54.374878 [Incident:Info:toast@toast-new:Magnitude updated] Magnitude updated: 5.62 (Mw(mB))
2025/09/19 20:38:54.374943 [Simulation:Info:toast@toast-new:Simulation not generated] Magnitude 5.62 of event bmg2025sjwy is smaller than triggerMinMagnitude: no automatic simulation
2025/09/19 20:38:58.695759 [Incident:Info:toast@toast-new:Origin updated] Origin updated: OT: 2025-09-19 13:27:04,  Lat/Lon: 52.2002°/160.501°, Depth: 10
2025/09/19 20:38:58.695914 [Incident:Info:toast@toast-new:Magnitude updated] Magnitude updated: 5.63 (Mw(mB))
2025/09/19 20:38:58.695951 [Simulation:Info:toast@toast-new:Simulation not generated] Magnitude 5.63 of event bmg2025sjwy is smaller than triggerMinMagnitude: no automatic simulation
2025/09/19 20:39:09.039373 [Incident:Info:toast@toast-new:Origin updated] Origin updated: OT: 2025-09-19 13:27:04,  Lat/Lon: 52.1946°/160.498°, Depth: 10
2025/09/19 20:39:09.039659 [Incident:Info:toast@toast-new:Magnitude updated] Magnitude updated: 5.63 (Mw(mB))
2025/09/19 20:39:09.039716 [Simulation:Info:toast@toast-new:Simulation not generated] Magnitude 5.63 of event bmg2025sjwy is smaller than triggerMinMagnitude: no automatic simulation
2025/09/19 20:39:13.667917 [Incident:Info:toast@toast-new:Origin updated] Origin updated: OT: 2025-09-19 13:27:04,  Lat/Lon: 52.1946°/160.498°, Depth: 10
2025/09/19 20:39:13.668150 [Incident:Info:toast@toast-new:Magnitude updated] Magnitude updated: 5.61 (Mw(mB))
2025/09/19 20:39:13.668206 [Simulation:Info:toast@toast-new:Simulation not generated] Magnitude 5.61 of event bmg2025sjwy is smaller than triggerMinMagnitude: no automatic simulation
2025/09/19 20:39:18.664474 [Incident:Info:toast@toast-new:Origin updated] Origin updated: OT: 2025-09-19 13:27:04,  Lat/Lon: 52.1946°/160.498°, Depth: 10
2025/09/19 20:39:18.664707 [Incident:Info:toast@toast-new:Magnitude updated] Magnitude updated: 5.62 (Mw(mB))
2025/09/19 20:39:18.664764 [Simulation:Info:toast@toast-new:Simulation not generated] Magnitude 5.62 of event bmg2025sjwy is smaller than triggerMinMagnitude: no automatic simulation
2025/09/19 20:39:23.704607 [Incident:Info:toast@toast-new:Origin updated] Origin updated: OT: 2025-09-19 13:27:04,  Lat/Lon: 52.1946°/160.498°, Depth: 10
2025/09/19 20:39:23.704915 [Incident:Info:toast@toast-new:Magnitude updated] Magnitude updated: 5.65 (Mw(mB))
2025/09/19 20:39:23.705054 [Simulation:Info:toast@toast-new:Simulation not generated] Magnitude 5.65 of event bmg2025sjwy is smaller than triggerMinMagnitude: no automatic simulation
2025/09/19 20:39:28.674062 [Incident:Info:toast@toast-new:Origin updated] Origin updated: OT: 2025-09-19 13:27:04,  Lat/Lon: 52.1946°/160.498°, Depth: 10
2025/09/19 20:39:28.710985 [Incident:Info:toast@toast-new:Magnitude updated] Magnitude updated: 5.67 (Mw(mB))
2025/09/19 20:39:28.711120 [Simulation:Info:toast@toast-new:Simulation not generated] Magnitude 5.67 of event bmg2025sjwy is smaller than triggerMinMagnitude: no automatic simulation
2025/09/19 20:39:33.623145 [Incident:Info:toast@toast-new:Origin updated] Origin updated: OT: 2025-09-19 13:27:04,  Lat/Lon: 52.1946°/160.498°, Depth: 10
2025/09/19 20:39:33.623443 [Incident:Info:toast@toast-new:Magnitude updated] Magnitude updated: 5.68 (Mw(mB))
2025/09/19 20:39:33.623522 [Simulation:Info:toast@toast-new:Simulation not generated] Magnitude 5.68 of event bmg2025sjwy is smaller than triggerMinMagnitude: no automatic simulation
2025/09/19 20:39:43.714932 [Incident:Info:toast@toast-new:Origin updated] Origin updated: OT: 2025-09-19 13:27:04,  Lat/Lon: 52.1946°/160.498°, Depth: 10
2025/09/19 20:39:43.715434 [Incident:Info:toast@toast-new:Magnitude updated] Magnitude updated: 5.69 (Mw(mB))
2025/09/19 20:39:43.715469 [Simulation:Info:toast@toast-new:Simulation not generated] Magnitude 5.69 of event bmg2025sjwy is smaller than triggerMinMagnitude: no automatic simulation
2025/09/19 20:40:03.685365 [Incident:Info:toast@toast-new:Origin updated] Origin updated: OT: 2025-09-19 13:27:04,  Lat/Lon: 52.202°/160.491°, Depth: 10
2025/09/19 20:40:03.685540 [Incident:Info:toast@toast-new:Magnitude updated] Magnitude updated: 5.69 (Mw(mB))
2025/09/19 20:40:03.685580 [Simulation:Info:toast@toast-new:Simulation not generated] Magnitude 5.69 of event bmg2025sjwy is smaller than triggerMinMagnitude: no automatic simulation
2025/09/19 20:40:13.608296 [Incident:Info:toast@toast-new:Origin updated] Origin updated: OT: 2025-09-19 13:27:10,  Lat/Lon: 52.3789°/160.479°, Depth: 59.7627
2025/09/19 20:40:13.608538 [Incident:Info:toast@toast-new:Magnitude updated] Magnitude updated: 5.59 (Mw(mB))
2025/09/19 20:40:13.608620 [Simulation:Info:toast@toast-new:Simulation not generated] Magnitude 5.59 of event bmg2025sjwy is smaller than triggerMinMagnitude: no automatic simulation
2025/09/19 23:56:00.738826 [Incident:Info:toast@toast-new:Origin updated] Origin updated: OT: 2025-09-19 13:27:10,  Lat/Lon: 52.3789°/160.479°, Depth: 59.7627
2025/09/19 23:56:00.738989 [Incident:Info:toast@toast-new:Magnitude updated] Magnitude updated: 5.69 (mb)
2025/09/19 23:56:00.739035 [Simulation:Info:toast@toast-new:Simulation not generated] Magnitude 5.69 of event bmg2025sjwy is smaller than triggerMinMagnitude: no automatic simulation
2025/09/19 23:56:48.580345 [Incident:Info:toast@toast-new:Origin updated] Origin updated: OT: 2025-09-19 13:27:10,  Lat/Lon: 52.3789°/160.479°, Depth: 59.7627
2025/09/19 23:56:48.580518 [Incident:Info:toast@toast-new:Magnitude updated] Magnitude updated: 5.58 (M)
2025/09/19 23:56:48.580568 [Simulation:Info:toast@toast-new:Simulation not generated] Magnitude 5.58 of event bmg2025sjwy is smaller than triggerMinMagnitude: no automatic simulation
2025/09/20 05:16:10.985668 [Incident:Info:toast@toast-new:Origin updated] Origin updated: OT: 2025-09-19 13:27:10,  Lat/Lon: 52.3789°/160.479°, Depth: 59.7627
2025/09/20 05:16:10.985815 [Incident:Info:toast@toast-new:FM updated] FM updated
2025/09/20 05:16:10.985999 [Simulation:Info:toast@toast-new:Simulation not generated] Magnitude 5.58 of event bmg2025sjwy is smaller than triggerMinMagnitude: no automatic simulation
2025/09/20 05:40:55.496297 [Incident:Info:toast@toast-new:Origin updated] Origin updated: OT: 2025-09-19 13:27:09,  Lat/Lon: 52.389°/160.513°, Depth: 59.0324
2025/09/20 05:40:55.496530 [Incident:Info:toast@toast-new:Magnitude updated] Magnitude updated: 5.58 (Mw(mB))
2025/09/20 05:40:55.496584 [Simulation:Info:toast@toast-new:Simulation not generated] Magnitude 5.58 of event bmg2025sjwy is smaller than triggerMinMagnitude: no automatic simulation
2025/09/20 05:40:55.576105 [Incident:Info:toast@toast-new:Origin updated] Origin updated: OT: 2025-09-19 13:27:09,  Lat/Lon: 52.389°/160.513°, Depth: 59.0324
2025/09/20 05:40:55.576253 [Incident:Info:toast@toast-new:Magnitude updated] Magnitude updated: 5.57 (M)
2025/09/20 05:40:55.576293 [Simulation:Info:toast@toast-new:Simulation not generated] Magnitude 5.57 of event bmg2025sjwy is smaller than triggerMinMagnitude: no automatic simulation
2025/09/20 05:41:02.896711 [Incident:Info:toast@toast-new:Origin updated] Origin updated: OT: 2025-09-19 13:27:09,  Lat/Lon: 52.389°/160.513°, Depth: 59.0324
2025/09/20 05:41:02.896897 [Incident:Info:toast@toast-new:Magnitude updated] Magnitude updated: 5.69 (mb)
2025/09/20 05:41:02.896958 [Simulation:Info:toast@toast-new:Simulation not generated] Magnitude 5.69 of event bmg2025sjwy is smaller than triggerMinMagnitude: no automatic simulation
