2025/07/31 20:49:54.238640 [Incident:Info:toast@toast-new:Displacement(s) updated] Added 0 and changed 0 displacements with 0 amplitudes
2025/07/31 20:49:54.259358 [Incident:Info:toast@toast-new:Incident created] Incident created based on event received from messaging: OT: 2025-07-31 13:39:08,  Lat/Lon: 52.13°/160.53°, Depth: 10.00, Mag: 5.10 (M)
2025/07/31 20:49:54.259846 [Simulation:Info:toast@toast-new:Simulation not generated] Magnitude 5.10 of event bmg2025owoe is smaller than triggerMinMagnitude: no automatic simulation
2025/07/31 20:49:54.274123 [Incident:Info:toast@toast-new:Origin updated] Origin updated: OT: 2025-07-31 13:39:08,  Lat/Lon: 52.1316°/160.527°, Depth: 10
2025/07/31 20:49:54.274245 [Simulation:Info:toast@toast-new:Simulation not generated] Magnitude 5.10 of event bmg2025owoe is smaller than triggerMinMagnitude: no automatic simulation
2025/07/31 20:50:00.064537 [Incident:Info:toast@toast-new:Origin updated] Origin updated: OT: 2025-07-31 13:39:08,  Lat/Lon: 52.1316°/160.527°, Depth: 10
2025/07/31 20:50:00.064725 [Incident:Info:toast@toast-new:Magnitude updated] Magnitude updated: 5.10 (M)
2025/07/31 20:50:00.064771 [Simulation:Info:toast@toast-new:Simulation not generated] Magnitude 5.10 of event bmg2025owoe is smaller than triggerMinMagnitude: no automatic simulation
2025/07/31 20:50:06.395236 [Incident:Info:toast@toast-new:Origin updated] Origin updated: OT: 2025-07-31 13:39:08,  Lat/Lon: 52.1316°/160.527°, Depth: 10
2025/07/31 20:50:06.395448 [Incident:Info:toast@toast-new:Magnitude updated] Magnitude updated: 5.10 (M)
2025/07/31 20:50:06.395500 [Simulation:Info:toast@toast-new:Simulation not generated] Magnitude 5.10 of event bmg2025owoe is smaller than triggerMinMagnitude: no automatic simulation
2025/07/31 20:50:06.423476 [Incident:Info:toast@toast-new:Origin updated] Origin updated: OT: 2025-07-31 13:39:07,  Lat/Lon: 52.1293°/160.507°, Depth: 10
2025/07/31 20:50:06.423640 [Incident:Info:toast@toast-new:Magnitude updated] Magnitude updated: 5.10 (M)
2025/07/31 20:50:06.423668 [Simulation:Info:toast@toast-new:Simulation not generated] Magnitude 5.10 of event bmg2025owoe is smaller than triggerMinMagnitude: no automatic simulation
2025/07/31 20:50:10.053701 [Incident:Info:toast@toast-new:Origin updated] Origin updated: OT: 2025-07-31 13:39:07,  Lat/Lon: 52.1293°/160.507°, Depth: 10
2025/07/31 20:50:10.053892 [Incident:Info:toast@toast-new:Magnitude updated] Magnitude updated: 5.10 (M)
2025/07/31 20:50:10.053937 [Simulation:Info:toast@toast-new:Simulation not generated] Magnitude 5.10 of event bmg2025owoe is smaller than triggerMinMagnitude: no automatic simulation
2025/07/31 20:50:16.824728 [Incident:Info:toast@toast-new:Origin updated] Origin updated: OT: 2025-07-31 13:39:09,  Lat/Lon: 52.1643°/160.482°, Depth: 23.3328
2025/07/31 20:50:16.824958 [Incident:Info:toast@toast-new:Magnitude updated] Magnitude updated: 5.11 (M)
2025/07/31 20:50:16.825003 [Simulation:Info:toast@toast-new:Simulation not generated] Magnitude 5.11 of event bmg2025owoe is smaller than triggerMinMagnitude: no automatic simulation
2025/07/31 20:50:25.190944 [Incident:Info:toast@toast-new:Origin updated] Origin updated: OT: 2025-07-31 13:39:09,  Lat/Lon: 52.1643°/160.482°, Depth: 23.3328
2025/07/31 20:50:25.191154 [Incident:Info:toast@toast-new:Magnitude updated] Magnitude updated: 5.12 (M)
2025/07/31 20:50:25.191201 [Simulation:Info:toast@toast-new:Simulation not generated] Magnitude 5.12 of event bmg2025owoe is smaller than triggerMinMagnitude: no automatic simulation
2025/08/01 07:02:26.333930 [Incident:Info:toast@toast-new:Origin updated] Origin updated: OT: 2025-07-31 13:39:09,  Lat/Lon: 52.1643°/160.482°, Depth: 23.3328
2025/08/01 07:02:26.334089 [Incident:Info:toast@toast-new:Magnitude updated] Magnitude updated: 5.40 (mb)
2025/08/01 07:02:26.334140 [Simulation:Info:toast@toast-new:Simulation not generated] Magnitude 5.40 of event bmg2025owoe is smaller than triggerMinMagnitude: no automatic simulation
2025/08/01 08:13:45.445058 [Incident:Info:toast@toast-new:Origin updated] Origin updated: OT: 2025-07-31 13:39:09,  Lat/Lon: 52.1353°/160.484°, Depth: 21.8702
2025/08/01 08:13:45.445275 [Incident:Info:toast@toast-new:Magnitude updated] Magnitude updated: 5.36 (mb)
2025/08/01 08:13:45.445316 [Simulation:Info:toast@toast-new:Simulation not generated] Magnitude 5.36 of event bmg2025owoe is smaller than triggerMinMagnitude: no automatic simulation
2025/08/01 08:13:45.467486 [Incident:Info:toast@toast-new:Origin updated] Origin updated: OT: 2025-07-31 13:39:09,  Lat/Lon: 52.1353°/160.484°, Depth: 21.8702
2025/08/01 08:13:45.467591 [Simulation:Info:toast@toast-new:Simulation not generated] Magnitude 5.36 of event bmg2025owoe is smaller than triggerMinMagnitude: no automatic simulation
2025/08/03 08:38:52.789631 [Incident:Info:toast@toast-new:Incident removed] Removed incident - Bye
