2025/10/25 11:57:47.970862 [Incident:Info:toast@toast-new:Displacement(s) updated] Added 0 and changed 0 displacements with 0 amplitudes
2025/10/25 11:57:47.971665 [Incident:Info:toast@toast-new:Incident created] Incident created based on event received from messaging: OT: 2025-10-25 04:56:27,  Lat/Lon: 4.42°/96.53°, Depth: 10.00, Mag: 5.06 (M)
2025/10/25 11:57:47.972295 [Simulation:Info:toast@toast-new:Simulation not generated] Magnitude 5.06 of event bmg2025uxae is smaller than triggerMinMagnitude: no automatic simulation
2025/10/25 11:57:47.992070 [Incident:Info:toast@toast-new:Origin updated] Origin updated: OT: 2025-10-25 04:56:27,  Lat/Lon: 4.41943°/96.5302°, Depth: 10
2025/10/25 11:57:47.992222 [Simulation:Info:toast@toast-new:Simulation not generated] Magnitude 5.06 of event bmg2025uxae is smaller than triggerMinMagnitude: no automatic simulation
2025/10/25 11:57:53.615920 [Incident:Info:toast@toast-new:Origin updated] Origin updated: OT: 2025-10-25 04:56:27,  Lat/Lon: 4.41943°/96.5302°, Depth: 10
2025/10/25 11:57:53.616117 [Incident:Info:toast@toast-new:Magnitude updated] Magnitude updated: 5.08 (M)
2025/10/25 11:57:53.616159 [Simulation:Info:toast@toast-new:Simulation not generated] Magnitude 5.08 of event bmg2025uxae is smaller than triggerMinMagnitude: no automatic simulation
2025/10/25 11:57:56.780105 [Incident:Info:toast@toast-new:Origin updated] Origin updated: OT: 2025-10-25 04:56:27,  Lat/Lon: 4.41943°/96.5302°, Depth: 10
2025/10/25 11:57:56.780291 [Incident:Info:toast@toast-new:Magnitude updated] Magnitude updated: 5.08 (M)
2025/10/25 11:57:56.780333 [Simulation:Info:toast@toast-new:Simulation not generated] Magnitude 5.08 of event bmg2025uxae is smaller than triggerMinMagnitude: no automatic simulation
2025/10/25 11:57:56.795557 [Incident:Info:toast@toast-new:Origin updated] Origin updated: OT: 2025-10-25 04:56:27,  Lat/Lon: 4.42199°/96.5293°, Depth: 10
2025/10/25 11:57:56.795674 [Incident:Info:toast@toast-new:Magnitude updated] Magnitude updated: 5.05 (M)
2025/10/25 11:57:56.795770 [Simulation:Info:toast@toast-new:Simulation not generated] Magnitude 5.05 of event bmg2025uxae is smaller than triggerMinMagnitude: no automatic simulation
2025/10/25 11:57:58.487222 [Incident:Info:toast@toast-new:Origin updated] Origin updated: OT: 2025-10-25 04:56:27,  Lat/Lon: 4.41945°/96.5302°, Depth: 10
2025/10/25 11:57:58.487399 [Incident:Info:toast@toast-new:Magnitude updated] Magnitude updated: 5.11 (MLv)
2025/10/25 11:57:58.487506 [Simulation:Info:toast@toast-new:Simulation not generated] Magnitude 5.11 of event bmg2025uxae is smaller than triggerMinMagnitude: no automatic simulation
2025/10/25 11:57:58.502370 [Incident:Info:toast@toast-new:Origin updated] Origin updated: OT: 2025-10-25 04:56:27,  Lat/Lon: 4.41945°/96.5302°, Depth: 10
2025/10/25 11:57:58.502511 [Incident:Info:toast@toast-new:Magnitude updated] Magnitude updated: 5.08 (M)
2025/10/25 11:57:58.502543 [Simulation:Info:toast@toast-new:Simulation not generated] Magnitude 5.08 of event bmg2025uxae is smaller than triggerMinMagnitude: no automatic simulation
2025/10/25 11:58:41.321859 [Incident:Info:toast@toast-new:Origin updated] Origin updated: OT: 2025-10-25 04:56:28,  Lat/Lon: 4.42349°/96.5008°, Depth: 10
2025/10/25 11:58:41.322014 [Incident:Info:toast@toast-new:Magnitude updated] Magnitude updated: 5.11 (MLv)
2025/10/25 11:58:41.322051 [Simulation:Info:toast@toast-new:Simulation not generated] Magnitude 5.11 of event bmg2025uxae is smaller than triggerMinMagnitude: no automatic simulation
2025/10/25 11:58:41.415908 [Incident:Info:toast@toast-new:Origin updated] Origin updated: OT: 2025-10-25 04:56:28,  Lat/Lon: 4.42349°/96.5008°, Depth: 10
2025/10/25 11:58:41.416056 [Incident:Info:toast@toast-new:Magnitude updated] Magnitude updated: 5.03 (M)
2025/10/25 11:58:41.416151 [Simulation:Info:toast@toast-new:Simulation not generated] Magnitude 5.03 of event bmg2025uxae is smaller than triggerMinMagnitude: no automatic simulation
2025/10/25 11:59:13.690847 [Incident:Info:toast@toast-new:Origin updated] Origin updated: OT: 2025-10-25 04:56:28,  Lat/Lon: 4.42349°/96.5008°, Depth: 10
2025/10/25 11:59:13.691036 [Incident:Info:toast@toast-new:Magnitude updated] Magnitude updated: 5.03 (M)
2025/10/25 11:59:13.691076 [Simulation:Info:toast@toast-new:Simulation not generated] Magnitude 5.03 of event bmg2025uxae is smaller than triggerMinMagnitude: no automatic simulation
2025/10/25 11:59:23.730441 [Incident:Info:toast@toast-new:Origin updated] Origin updated: OT: 2025-10-25 04:56:28,  Lat/Lon: 4.42349°/96.5008°, Depth: 10
2025/10/25 11:59:23.730627 [Incident:Info:toast@toast-new:Magnitude updated] Magnitude updated: 5.03 (M)
2025/10/25 11:59:23.730671 [Simulation:Info:toast@toast-new:Simulation not generated] Magnitude 5.03 of event bmg2025uxae is smaller than triggerMinMagnitude: no automatic simulation
2025/10/25 11:59:33.746738 [Incident:Info:toast@toast-new:Origin updated] Origin updated: OT: 2025-10-25 04:56:28,  Lat/Lon: 4.42349°/96.5008°, Depth: 10
2025/10/25 11:59:33.746929 [Incident:Info:toast@toast-new:Magnitude updated] Magnitude updated: 5.03 (M)
2025/10/25 11:59:33.746972 [Simulation:Info:toast@toast-new:Simulation not generated] Magnitude 5.03 of event bmg2025uxae is smaller than triggerMinMagnitude: no automatic simulation
2025/10/25 12:00:34.300945 [Incident:Info:toast@toast-new:Origin updated] Origin updated: OT: 2025-10-25 04:56:27,  Lat/Lon: 4.43048°/96.4943°, Depth: 10
2025/10/25 12:00:34.301173 [Incident:Info:toast@toast-new:Magnitude updated] Magnitude updated: 5.09 (MLv)
2025/10/25 12:00:34.301302 [Simulation:Info:toast@toast-new:Simulation not generated] Magnitude 5.09 of event bmg2025uxae is smaller than triggerMinMagnitude: no automatic simulation
2025/10/25 12:00:34.319664 [Incident:Info:toast@toast-new:Origin updated] Origin updated: OT: 2025-10-25 04:56:27,  Lat/Lon: 4.43048°/96.4943°, Depth: 10
2025/10/25 12:00:34.319797 [Incident:Info:toast@toast-new:Magnitude updated] Magnitude updated: 5.03 (M)
2025/10/25 12:00:34.319886 [Simulation:Info:toast@toast-new:Simulation not generated] Magnitude 5.03 of event bmg2025uxae is smaller than triggerMinMagnitude: no automatic simulation
2025/10/25 12:02:03.890433 [Incident:Info:toast@toast-new:Origin updated] Origin updated: OT: 2025-10-25 04:56:27,  Lat/Lon: 4.43319°/96.5005°, Depth: 10
2025/10/25 12:02:03.890643 [Incident:Info:toast@toast-new:Magnitude updated] Magnitude updated: 5.07 (MLv)
2025/10/25 12:02:03.890761 [Simulation:Info:toast@toast-new:Simulation not generated] Magnitude 5.07 of event bmg2025uxae is smaller than triggerMinMagnitude: no automatic simulation
2025/10/25 12:02:03.907716 [Incident:Info:toast@toast-new:Origin updated] Origin updated: OT: 2025-10-25 04:56:27,  Lat/Lon: 4.43319°/96.5005°, Depth: 10
2025/10/25 12:02:03.907856 [Incident:Info:toast@toast-new:Magnitude updated] Magnitude updated: 5.01 (M)
2025/10/25 12:02:03.907959 [Simulation:Info:toast@toast-new:Simulation not generated] Magnitude 5.01 of event bmg2025uxae is smaller than triggerMinMagnitude: no automatic simulation
2025/10/25 12:05:24.702542 [Incident:Info:toast@toast-new:Origin updated] Origin updated: OT: 2025-10-25 04:56:27,  Lat/Lon: 4.43319°/96.5005°, Depth: 10
2025/10/25 12:05:24.702638 [Incident:Info:toast@toast-new:FM updated] FM updated
2025/10/25 12:05:24.702770 [Simulation:Info:toast@toast-new:Simulation not generated] Magnitude 5.01 of event bmg2025uxae is smaller than triggerMinMagnitude: no automatic simulation
2025/10/25 12:07:28.845125 [Incident:Info:toast@toast-new:Origin updated] Origin updated: OT: 2025-10-25 04:56:27,  Lat/Lon: 4.43216°/96.5137°, Depth: 10
2025/10/25 12:07:28.845334 [Incident:Info:toast@toast-new:Magnitude updated] Magnitude updated: 5.07 (MLv)
2025/10/25 12:07:28.845474 [Simulation:Info:toast@toast-new:Simulation not generated] Magnitude 5.07 of event bmg2025uxae is smaller than triggerMinMagnitude: no automatic simulation
2025/10/25 12:07:28.863436 [Incident:Info:toast@toast-new:Origin updated] Origin updated: OT: 2025-10-25 04:56:27,  Lat/Lon: 4.43216°/96.5137°, Depth: 10
2025/10/25 12:07:28.863550 [Incident:Info:toast@toast-new:Magnitude updated] Magnitude updated: 5.01 (M)
2025/10/25 12:07:28.863647 [Simulation:Info:toast@toast-new:Simulation not generated] Magnitude 5.01 of event bmg2025uxae is smaller than triggerMinMagnitude: no automatic simulation
2025/10/25 19:28:14.623714 [Incident:Info:toast@toast-new:Origin updated] Origin updated: OT: 2025-10-25 04:56:27,  Lat/Lon: 4.4339°/96.5191°, Depth: 10
2025/10/25 19:28:14.623891 [Incident:Info:toast@toast-new:Magnitude updated] Magnitude updated: 5.10 (mb)
2025/10/25 19:28:14.624006 [Simulation:Info:toast@toast-new:Simulation not generated] Magnitude 5.10 of event bmg2025uxae is smaller than triggerMinMagnitude: no automatic simulation
2025/10/25 20:02:42.935784 [Incident:Info:toast@toast-new:Origin updated] Origin updated: OT: 2025-10-25 04:56:27,  Lat/Lon: 4.4339°/96.5191°, Depth: 10
2025/10/25 20:02:42.935990 [Incident:Info:toast@toast-new:FM updated] FM updated
2025/10/25 20:02:42.936306 [Simulation:Info:toast@toast-new:Simulation not generated] Magnitude 5.10 of event bmg2025uxae is smaller than triggerMinMagnitude: no automatic simulation
2025/10/28 06:31:20.377232 [Incident:Info:toast@toast-new:Displacement(s) updated] Added 0 and changed 0 displacements with 0 amplitudes
2025/10/28 06:31:20.380347 [Incident:Info:toast@toast-new:Incident created] Incident created based on event received from messaging: OT: 2025-10-25 04:56:27,  Lat/Lon: 4.43°/96.53°, Depth: 6.28, Mag: 5.09 (mb)
2025/10/28 06:31:20.381133 [Simulation:Info:toast@toast-new:Simulation not generated] Magnitude 5.09 of event bmg2025uxae is smaller than triggerMinMagnitude: no automatic simulation
2025/10/28 06:31:20.401541 [Incident:Info:toast@toast-new:Origin updated] Origin updated: OT: 2025-10-25 04:56:27,  Lat/Lon: 4.42659°/96.5301°, Depth: 6.27818
2025/10/28 06:31:20.401673 [Simulation:Info:toast@toast-new:Simulation not generated] Magnitude 5.09 of event bmg2025uxae is smaller than triggerMinMagnitude: no automatic simulation
2025/10/28 06:31:20.417395 [Incident:Info:toast@toast-new:Origin updated] Origin updated: OT: 2025-10-25 04:56:27,  Lat/Lon: 4.42659°/96.5301°, Depth: 6.27818
2025/10/28 06:31:20.417501 [Simulation:Info:toast@toast-new:Simulation not generated] Magnitude 5.09 of event bmg2025uxae is smaller than triggerMinMagnitude: no automatic simulation
2025/10/28 06:31:25.398929 [Incident:Info:toast@toast-new:Origin updated] Origin updated: OT: 2025-10-25 04:56:27,  Lat/Lon: 4.42659°/96.5301°, Depth: 6.27818
2025/10/28 06:31:25.399148 [Simulation:Info:toast@toast-new:Simulation not generated] Magnitude 5.09 of event bmg2025uxae is smaller than triggerMinMagnitude: no automatic simulation
