2025/09/08 04:37:08.606953 [Incident:Info:toast@toast-new:Displacement(s) updated] Added 0 and changed 0 displacements with 0 amplitudes
2025/09/08 04:37:08.607274 [Incident:Info:toast@toast-new:Incident created] Incident created based on event received from messaging: OT: 2025-09-07 21:25:01,  Lat/Lon: 50.98°/157.17°, Depth: 92.33, Mag: 5.07 (M)
2025/09/08 04:37:08.607605 [Simulation:Info:toast@toast-new:Simulation not generated] Magnitude 5.07 of event bmg2025roos is smaller than triggerMinMagnitude: no automatic simulation
2025/09/08 04:37:08.620826 [Incident:Info:toast@toast-new:Origin updated] Origin updated: OT: 2025-09-07 21:25:01,  Lat/Lon: 50.9845°/157.172°, Depth: 92.3309
2025/09/08 04:37:08.620928 [Simulation:Info:toast@toast-new:Simulation not generated] Magnitude 5.07 of event bmg2025roos is smaller than triggerMinMagnitude: no automatic simulation
2025/09/08 04:37:13.004565 [Incident:Info:toast@toast-new:Origin updated] Origin updated: OT: 2025-09-07 21:25:01,  Lat/Lon: 50.9849°/157.175°, Depth: 92.2158
2025/09/08 04:37:13.004708 [Incident:Info:toast@toast-new:Magnitude updated] Magnitude updated: 5.07 (M)
2025/09/08 04:37:13.004736 [Simulation:Info:toast@toast-new:Simulation not generated] Magnitude 5.07 of event bmg2025roos is smaller than triggerMinMagnitude: no automatic simulation
2025/09/08 04:38:50.943150 [Incident:Info:toast@toast-new:Origin updated] Origin updated: OT: 2025-09-07 21:25:01,  Lat/Lon: 50.9782°/157.182°, Depth: 91.6837
2025/09/08 04:38:50.943387 [Incident:Info:toast@toast-new:Magnitude updated] Magnitude updated: 5.06 (M)
2025/09/08 04:38:50.943438 [Simulation:Info:toast@toast-new:Simulation not generated] Magnitude 5.06 of event bmg2025roos is smaller than triggerMinMagnitude: no automatic simulation
2025/09/08 04:39:36.925196 [Incident:Info:toast@toast-new:Origin updated] Origin updated: OT: 2025-09-07 21:24:59,  Lat/Lon: 50.8735°/156.83°, Depth: 71.4891
2025/09/08 04:39:36.925402 [Incident:Info:toast@toast-new:Magnitude updated] Magnitude updated: 5.12 (mb)
2025/09/08 04:39:36.925436 [Simulation:Info:toast@toast-new:Simulation not generated] Magnitude 5.12 of event bmg2025roos is smaller than triggerMinMagnitude: no automatic simulation
2025/09/08 04:39:36.950771 [Incident:Info:toast@toast-new:Origin updated] Origin updated: OT: 2025-09-07 21:24:59,  Lat/Lon: 50.8735°/156.83°, Depth: 71.4891
2025/09/08 04:39:36.950922 [Incident:Info:toast@toast-new:Magnitude updated] Magnitude updated: 5.10 (M)
2025/09/08 04:39:36.950972 [Simulation:Info:toast@toast-new:Simulation not generated] Magnitude 5.10 of event bmg2025roos is smaller than triggerMinMagnitude: no automatic simulation
2025/09/08 10:16:00.954283 [Incident:Info:toast@toast-new:Origin updated] Origin updated: OT: 2025-09-07 21:24:59,  Lat/Lon: 50.8946°/156.95°, Depth: 82.6543
2025/09/08 10:16:00.954406 [Incident:Info:toast@toast-new:Magnitude updated] Magnitude updated: 5.06 (mb)
2025/09/08 10:16:00.954428 [Simulation:Info:toast@toast-new:Simulation not generated] Magnitude 5.06 of event bmg2025roos is smaller than triggerMinMagnitude: no automatic simulation
2025/09/08 10:16:00.969743 [Incident:Info:toast@toast-new:Origin updated] Origin updated: OT: 2025-09-07 21:24:59,  Lat/Lon: 50.8946°/156.95°, Depth: 82.6543
2025/09/08 10:16:00.969830 [Incident:Info:toast@toast-new:Magnitude updated] Magnitude updated: 5.24 (M)
2025/09/08 10:16:00.969862 [Simulation:Info:toast@toast-new:Simulation not generated] Magnitude 5.24 of event bmg2025roos is smaller than triggerMinMagnitude: no automatic simulation
2025/09/08 10:16:14.011518 [Incident:Info:toast@toast-new:Origin updated] Origin updated: OT: 2025-09-07 21:24:59,  Lat/Lon: 50.8946°/156.95°, Depth: 82.6543
2025/09/08 10:16:14.011651 [Simulation:Info:toast@toast-new:Simulation not generated] Magnitude 5.24 of event bmg2025roos is smaller than triggerMinMagnitude: no automatic simulation
2025/09/08 10:16:14.031074 [Incident:Info:toast@toast-new:Origin updated] Origin updated: OT: 2025-09-07 21:24:59,  Lat/Lon: 50.8946°/156.95°, Depth: 82.6543
2025/09/08 10:16:14.031153 [Incident:Info:toast@toast-new:Magnitude updated] Magnitude updated: 5.06 (mb)
2025/09/08 10:16:14.031198 [Simulation:Info:toast@toast-new:Simulation not generated] Magnitude 5.06 of event bmg2025roos is smaller than triggerMinMagnitude: no automatic simulation
