2025/08/27 07:31:13.092903 [Incident:Info:toast@toast-new:Displacement(s) updated] Added 0 and changed 0 displacements with 0 amplitudes
2025/08/27 07:31:13.093572 [Incident:Info:toast@toast-new:Incident created] Incident created based on event received from messaging: OT: 2025-08-27 00:10:33,  Lat/Lon: -24.73°/-175.39°, Depth: 10.00, Mag: 5.65 (M)
2025/08/27 07:31:13.094218 [Simulation:Info:toast@toast-new:Simulation not generated] Magnitude 5.65 of event bmg2025qswc is smaller than triggerMinMagnitude: no automatic simulation
2025/08/27 07:31:13.117933 [Incident:Info:toast@toast-new:Origin updated] Origin updated: OT: 2025-08-27 00:10:33,  Lat/Lon: -24.7274°/-175.388°, Depth: 10
2025/08/27 07:31:13.118093 [Simulation:Info:toast@toast-new:Simulation not generated] Magnitude 5.65 of event bmg2025qswc is smaller than triggerMinMagnitude: no automatic simulation
2025/08/27 07:32:27.541364 [Incident:Info:toast@toast-new:Origin updated] Origin updated: OT: 2025-08-27 00:10:33,  Lat/Lon: -24.7442°/-175.443°, Depth: 10
2025/08/27 07:32:27.541585 [Incident:Info:toast@toast-new:Magnitude updated] Magnitude updated: 5.41 (mb)
2025/08/27 07:32:27.541641 [Simulation:Info:toast@toast-new:Simulation not generated] Magnitude 5.41 of event bmg2025qswc is smaller than triggerMinMagnitude: no automatic simulation
2025/08/27 07:32:27.568463 [Incident:Info:toast@toast-new:Origin updated] Origin updated: OT: 2025-08-27 00:10:33,  Lat/Lon: -24.7442°/-175.443°, Depth: 10
2025/08/27 07:32:27.568613 [Incident:Info:toast@toast-new:Magnitude updated] Magnitude updated: 5.65 (M)
2025/08/27 07:32:27.568657 [Simulation:Info:toast@toast-new:Simulation not generated] Magnitude 5.65 of event bmg2025qswc is smaller than triggerMinMagnitude: no automatic simulation
2025/08/27 09:52:01.785150 [Incident:Info:toast@toast-new:Origin updated] Origin updated: OT: 2025-08-27 00:10:33,  Lat/Lon: -24.7613°/-175.423°, Depth: 10
2025/08/27 09:52:01.785362 [Incident:Info:toast@toast-new:Magnitude updated] Magnitude updated: 5.42 (mb)
2025/08/27 09:52:01.785424 [Simulation:Info:toast@toast-new:Simulation not generated] Magnitude 5.42 of event bmg2025qswc is smaller than triggerMinMagnitude: no automatic simulation
2025/08/27 09:52:01.851670 [Incident:Info:toast@toast-new:Origin updated] Origin updated: OT: 2025-08-27 00:10:33,  Lat/Lon: -24.7613°/-175.423°, Depth: 10
2025/08/27 09:52:01.851789 [Incident:Info:toast@toast-new:Magnitude updated] Magnitude updated: 5.65 (M)
2025/08/27 09:52:01.851823 [Simulation:Info:toast@toast-new:Simulation not generated] Magnitude 5.65 of event bmg2025qswc is smaller than triggerMinMagnitude: no automatic simulation
2025/08/27 09:52:08.866007 [Incident:Info:toast@toast-new:Origin updated] Origin updated: OT: 2025-08-27 00:10:33,  Lat/Lon: -24.7613°/-175.423°, Depth: 10
2025/08/27 09:52:08.866153 [Simulation:Info:toast@toast-new:Simulation not generated] Magnitude 5.65 of event bmg2025qswc is smaller than triggerMinMagnitude: no automatic simulation
2025/08/27 09:52:08.890144 [Incident:Info:toast@toast-new:Origin updated] Origin updated: OT: 2025-08-27 00:10:33,  Lat/Lon: -24.7613°/-175.423°, Depth: 10
2025/08/27 09:52:08.890234 [Incident:Info:toast@toast-new:Magnitude updated] Magnitude updated: 5.42 (mb)
2025/08/27 09:52:08.890280 [Simulation:Info:toast@toast-new:Simulation not generated] Magnitude 5.42 of event bmg2025qswc is smaller than triggerMinMagnitude: no automatic simulation
