2025/05/12 13:49:56.890253 [Incident:Info:toast@toast-new:Displacement(s) updated] Added 0 and changed 0 displacements with 0 amplitudes
2025/05/12 13:49:56.898380 [Incident:Info:toast@toast-new:Incident created] Incident created based on event received from messaging: OT: 2025-05-12 06:38:21,  Lat/Lon: 41.47°/75.00°, Depth: 10.00, Mag: 5.13 (M)
2025/05/12 13:49:56.899045 [Simulation:Info:toast@toast-new:Simulation not generated] Magnitude 5.13 of event bmg2025jfwb is smaller than triggerMinMagnitude: no automatic simulation
2025/05/12 13:49:56.918913 [Incident:Info:toast@toast-new:Origin updated] Origin updated: OT: 2025-05-12 06:38:21,  Lat/Lon: 41.4712°/75.0042°, Depth: 10
2025/05/12 13:49:56.918991 [Simulation:Info:toast@toast-new:Simulation not generated] Magnitude 5.13 of event bmg2025jfwb is smaller than triggerMinMagnitude: no automatic simulation
2025/05/12 13:50:09.002477 [Incident:Info:toast@toast-new:Origin updated] Origin updated: OT: 2025-05-12 06:38:21,  Lat/Lon: 41.4707°/75.0037°, Depth: 10
2025/05/12 13:50:09.002607 [Incident:Info:toast@toast-new:Magnitude updated] Magnitude updated: 5.13 (M)
2025/05/12 13:50:09.002659 [Simulation:Info:toast@toast-new:Simulation not generated] Magnitude 5.13 of event bmg2025jfwb is smaller than triggerMinMagnitude: no automatic simulation
2025/05/12 13:50:37.052889 [Incident:Info:toast@toast-new:Origin updated] Origin updated: OT: 2025-05-12 06:38:21,  Lat/Lon: 41.4688°/75.0039°, Depth: 10
2025/05/12 13:50:37.053017 [Incident:Info:toast@toast-new:Magnitude updated] Magnitude updated: 5.13 (M)
2025/05/12 13:50:37.053071 [Simulation:Info:toast@toast-new:Simulation not generated] Magnitude 5.13 of event bmg2025jfwb is smaller than triggerMinMagnitude: no automatic simulation
2025/05/12 13:51:02.737267 [Incident:Info:toast@toast-new:Origin updated] Origin updated: OT: 2025-05-12 06:38:21,  Lat/Lon: 41.4658°/74.9965°, Depth: 10
2025/05/12 13:51:02.737441 [Incident:Info:toast@toast-new:Magnitude updated] Magnitude updated: 5.13 (M)
2025/05/12 13:51:02.737511 [Simulation:Info:toast@toast-new:Simulation not generated] Magnitude 5.13 of event bmg2025jfwb is smaller than triggerMinMagnitude: no automatic simulation
2025/05/12 13:51:26.994943 [Incident:Info:toast@toast-new:Origin updated] Origin updated: OT: 2025-05-12 06:38:21,  Lat/Lon: 41.463°/75.001°, Depth: 10
2025/05/12 13:51:26.995115 [Incident:Info:toast@toast-new:Magnitude updated] Magnitude updated: 5.13 (M)
2025/05/12 13:51:26.995186 [Simulation:Info:toast@toast-new:Simulation not generated] Magnitude 5.13 of event bmg2025jfwb is smaller than triggerMinMagnitude: no automatic simulation
2025/05/12 13:51:43.484007 [Incident:Info:toast@toast-new:Origin updated] Origin updated: OT: 2025-05-12 06:38:21,  Lat/Lon: 41.4614°/75.0004°, Depth: 10
2025/05/12 13:51:43.484169 [Incident:Info:toast@toast-new:Magnitude updated] Magnitude updated: 5.13 (M)
2025/05/12 13:51:43.484233 [Simulation:Info:toast@toast-new:Simulation not generated] Magnitude 5.13 of event bmg2025jfwb is smaller than triggerMinMagnitude: no automatic simulation
2025/05/12 13:52:03.961641 [Incident:Info:toast@toast-new:Origin updated] Origin updated: OT: 2025-05-12 06:38:21,  Lat/Lon: 41.4663°/74.9976°, Depth: 10
2025/05/12 13:52:03.961807 [Incident:Info:toast@toast-new:Magnitude updated] Magnitude updated: 5.13 (M)
2025/05/12 13:52:03.961875 [Simulation:Info:toast@toast-new:Simulation not generated] Magnitude 5.13 of event bmg2025jfwb is smaller than triggerMinMagnitude: no automatic simulation
2025/05/12 13:52:44.536325 [Incident:Info:toast@toast-new:Origin updated] Origin updated: OT: 2025-05-12 06:38:21,  Lat/Lon: 41.4603°/75.0013°, Depth: 10
2025/05/12 13:52:44.536475 [Incident:Info:toast@toast-new:Magnitude updated] Magnitude updated: 5.13 (M)
2025/05/12 13:52:44.536531 [Simulation:Info:toast@toast-new:Simulation not generated] Magnitude 5.13 of event bmg2025jfwb is smaller than triggerMinMagnitude: no automatic simulation
2025/05/12 13:59:30.804061 [Incident:Info:toast@toast-new:Origin updated] Origin updated: OT: 2025-05-12 06:38:21,  Lat/Lon: 41.4603°/75.0013°, Depth: 10
2025/05/12 13:59:30.804222 [Simulation:Info:toast@toast-new:Simulation not generated] Magnitude 5.13 of event bmg2025jfwb is smaller than triggerMinMagnitude: no automatic simulation
2025/05/12 14:05:58.140199 [Incident:Info:toast@toast-new:Origin updated] Origin updated: OT: 2025-05-12 06:38:21,  Lat/Lon: 41.4596°/75.0023°, Depth: 10
2025/05/12 14:05:58.140365 [Incident:Info:toast@toast-new:Magnitude updated] Magnitude updated: 5.13 (M)
2025/05/12 14:05:58.140430 [Simulation:Info:toast@toast-new:Simulation not generated] Magnitude 5.13 of event bmg2025jfwb is smaller than triggerMinMagnitude: no automatic simulation
2025/05/12 14:06:19.040681 [Incident:Info:toast@toast-new:Origin updated] Origin updated: OT: 2025-05-12 06:38:21,  Lat/Lon: 41.4637°/74.9927°, Depth: 10
2025/05/12 14:06:19.040850 [Incident:Info:toast@toast-new:Magnitude updated] Magnitude updated: 5.23 (M)
2025/05/12 14:06:19.040923 [Simulation:Info:toast@toast-new:Simulation not generated] Magnitude 5.23 of event bmg2025jfwb is smaller than triggerMinMagnitude: no automatic simulation
2025/05/12 14:06:39.053374 [Incident:Info:toast@toast-new:Origin updated] Origin updated: OT: 2025-05-12 06:38:21,  Lat/Lon: 41.4662°/74.9895°, Depth: 10
2025/05/12 14:06:39.053541 [Incident:Info:toast@toast-new:Magnitude updated] Magnitude updated: 5.25 (M)
2025/05/12 14:06:39.053608 [Simulation:Info:toast@toast-new:Simulation not generated] Magnitude 5.25 of event bmg2025jfwb is smaller than triggerMinMagnitude: no automatic simulation
2025/05/12 14:22:14.305928 [Incident:Info:toast@toast-new:Origin updated] Origin updated: OT: 2025-05-12 06:38:20,  Lat/Lon: 41.4539°/74.9878°, Depth: 10
2025/05/12 14:22:14.306106 [Incident:Info:toast@toast-new:Magnitude updated] Magnitude updated: 5.11 (mb)
2025/05/12 14:22:14.306185 [Simulation:Info:toast@toast-new:Simulation not generated] Magnitude 5.11 of event bmg2025jfwb is smaller than triggerMinMagnitude: no automatic simulation
2025/05/12 14:22:14.330543 [Incident:Info:toast@toast-new:Origin updated] Origin updated: OT: 2025-05-12 06:38:20,  Lat/Lon: 41.4539°/74.9878°, Depth: 10
2025/05/12 14:22:14.330634 [Incident:Info:toast@toast-new:Magnitude updated] Magnitude updated: 5.25 (M)
2025/05/12 14:22:14.330697 [Simulation:Info:toast@toast-new:Simulation not generated] Magnitude 5.25 of event bmg2025jfwb is smaller than triggerMinMagnitude: no automatic simulation
2025/05/12 18:08:10.569052 [Incident:Info:toast@toast-new:Origin updated] Origin updated: OT: 2025-05-12 06:38:20,  Lat/Lon: 41.4536°/75.0052°, Depth: 10
2025/05/12 18:08:10.569199 [Incident:Info:toast@toast-new:Magnitude updated] Magnitude updated: 5.12 (mb)
2025/05/12 18:08:10.569257 [Simulation:Info:toast@toast-new:Simulation not generated] Magnitude 5.12 of event bmg2025jfwb is smaller than triggerMinMagnitude: no automatic simulation
2025/05/12 18:08:10.588658 [Incident:Info:toast@toast-new:Origin updated] Origin updated: OT: 2025-05-12 06:38:20,  Lat/Lon: 41.4536°/75.0052°, Depth: 10
2025/05/12 18:08:10.588723 [Incident:Info:toast@toast-new:Magnitude updated] Magnitude updated: 5.26 (M)
2025/05/12 18:08:10.588765 [Simulation:Info:toast@toast-new:Simulation not generated] Magnitude 5.26 of event bmg2025jfwb is smaller than triggerMinMagnitude: no automatic simulation
2025/05/12 18:08:14.524333 [Incident:Info:toast@toast-new:Origin updated] Origin updated: OT: 2025-05-12 06:38:20,  Lat/Lon: 41.4536°/75.0052°, Depth: 10
2025/05/12 18:08:14.524498 [Incident:Info:toast@toast-new:Magnitude updated] Magnitude updated: 5.12 (mb)
2025/05/12 18:08:14.524608 [Simulation:Info:toast@toast-new:Simulation not generated] Magnitude 5.12 of event bmg2025jfwb is smaller than triggerMinMagnitude: no automatic simulation
