2025/08/04 03:20:52.601071 [Incident:Info:toast@toast-new:Displacement(s) updated] Added 0 and changed 0 displacements with 0 amplitudes
2025/08/04 03:20:52.618960 [Incident:Info:toast@toast-new:Incident created] Incident created based on event received from messaging: OT: 2025-08-03 20:08:46,  Lat/Lon: 49.89°/157.22°, Depth: 10.00, Mag: 5.05 (M)
2025/08/04 03:20:52.619480 [Simulation:Info:toast@toast-new:Simulation not generated] Magnitude 5.05 of event bmg2025pcnn is smaller than triggerMinMagnitude: no automatic simulation
2025/08/04 03:20:52.633206 [Incident:Info:toast@toast-new:Origin updated] Origin updated: OT: 2025-08-03 20:08:46,  Lat/Lon: 49.8889°/157.222°, Depth: 10
2025/08/04 03:20:52.633337 [Simulation:Info:toast@toast-new:Simulation not generated] Magnitude 5.05 of event bmg2025pcnn is smaller than triggerMinMagnitude: no automatic simulation
2025/08/04 03:21:15.810779 [Incident:Info:toast@toast-new:Origin updated] Origin updated: OT: 2025-08-03 20:08:46,  Lat/Lon: 49.8956°/157.221°, Depth: 10
2025/08/04 03:21:15.810994 [Incident:Info:toast@toast-new:Magnitude updated] Magnitude updated: 5.04 (M)
2025/08/04 03:21:15.811033 [Simulation:Info:toast@toast-new:Simulation not generated] Magnitude 5.04 of event bmg2025pcnn is smaller than triggerMinMagnitude: no automatic simulation
2025/08/04 03:21:28.132702 [Incident:Info:toast@toast-new:Origin updated] Origin updated: OT: 2025-08-03 20:08:46,  Lat/Lon: 49.9006°/157.203°, Depth: 10
2025/08/04 03:21:28.132898 [Incident:Info:toast@toast-new:Magnitude updated] Magnitude updated: 5.05 (M)
2025/08/04 03:21:28.132943 [Simulation:Info:toast@toast-new:Simulation not generated] Magnitude 5.05 of event bmg2025pcnn is smaller than triggerMinMagnitude: no automatic simulation
2025/08/04 03:22:01.655038 [Incident:Info:toast@toast-new:Origin updated] Origin updated: OT: 2025-08-03 20:08:46,  Lat/Lon: 49.8984°/157.209°, Depth: 10
2025/08/04 03:22:01.655295 [Incident:Info:toast@toast-new:Magnitude updated] Magnitude updated: 5.05 (M)
2025/08/04 03:22:01.655354 [Simulation:Info:toast@toast-new:Simulation not generated] Magnitude 5.05 of event bmg2025pcnn is smaller than triggerMinMagnitude: no automatic simulation
2025/08/04 03:25:09.020364 [Incident:Info:toast@toast-new:Origin updated] Origin updated: OT: 2025-08-03 20:08:46,  Lat/Lon: 49.9019°/157.197°, Depth: 10
2025/08/04 03:25:09.020579 [Incident:Info:toast@toast-new:Magnitude updated] Magnitude updated: 5.05 (M)
2025/08/04 03:25:09.020628 [Simulation:Info:toast@toast-new:Simulation not generated] Magnitude 5.05 of event bmg2025pcnn is smaller than triggerMinMagnitude: no automatic simulation
2025/08/04 03:29:18.410194 [Incident:Info:toast@toast-new:Origin updated] Origin updated: OT: 2025-08-03 20:08:46,  Lat/Lon: 49.9019°/157.197°, Depth: 10
2025/08/04 03:29:18.410438 [Simulation:Info:toast@toast-new:Simulation not generated] Magnitude 5.05 of event bmg2025pcnn is smaller than triggerMinMagnitude: no automatic simulation
2025/08/04 03:38:23.486002 [Incident:Info:toast@toast-new:Origin updated] Origin updated: OT: 2025-08-03 20:08:46,  Lat/Lon: 49.9019°/157.197°, Depth: 10
2025/08/04 03:38:23.486224 [Simulation:Info:toast@toast-new:Simulation not generated] Magnitude 5.05 of event bmg2025pcnn is smaller than triggerMinMagnitude: no automatic simulation
2025/08/04 11:10:38.729093 [Incident:Info:toast@toast-new:Origin updated] Origin updated: OT: 2025-08-03 20:08:50,  Lat/Lon: 50.0066°/157.207°, Depth: 41.198
2025/08/04 11:10:38.729299 [Incident:Info:toast@toast-new:Magnitude updated] Magnitude updated: 5.19 (mb)
2025/08/04 11:10:38.729385 [Simulation:Info:toast@toast-new:Simulation not generated] Magnitude 5.19 of event bmg2025pcnn is smaller than triggerMinMagnitude: no automatic simulation
2025/08/04 11:10:38.752546 [Incident:Info:toast@toast-new:Origin updated] Origin updated: OT: 2025-08-03 20:08:50,  Lat/Lon: 50.0066°/157.207°, Depth: 41.198
2025/08/04 11:10:38.752658 [Incident:Info:toast@toast-new:Magnitude updated] Magnitude updated: 5.01 (M)
2025/08/04 11:10:38.752735 [Simulation:Info:toast@toast-new:Simulation not generated] Magnitude 5.01 of event bmg2025pcnn is smaller than triggerMinMagnitude: no automatic simulation
2025/08/04 11:10:38.773684 [Incident:Info:toast@toast-new:Origin updated] Origin updated: OT: 2025-08-03 20:08:50,  Lat/Lon: 50.0066°/157.207°, Depth: 41.198
2025/08/04 11:10:38.773786 [Incident:Info:toast@toast-new:Magnitude updated] Magnitude updated: 5.19 (mb)
2025/08/04 11:10:38.773858 [Simulation:Info:toast@toast-new:Simulation not generated] Magnitude 5.19 of event bmg2025pcnn is smaller than triggerMinMagnitude: no automatic simulation
