2025/07/02 17:35:13.817586 [Incident:Info:toast@toast-new:Displacement(s) updated] Added 0 and changed 0 displacements with 0 amplitudes
2025/07/02 17:35:13.818895 [Incident:Info:toast@toast-new:Incident created] Incident created based on event received from messaging: OT: 2025-07-02 10:33:16,  Lat/Lon: -1.23°/134.02°, Depth: 10.00, Mag: 5.01 (M)
2025/07/02 17:35:13.819694 [Simulation:Info:toast@toast-new:Simulation not generated] Magnitude 5.01 of event bmg2025mvil is smaller than triggerMinMagnitude: no automatic simulation
2025/07/02 17:35:13.841328 [Incident:Info:toast@toast-new:Origin updated] Origin updated: OT: 2025-07-02 10:33:16,  Lat/Lon: -1.2332°/134.015°, Depth: 10
2025/07/02 17:35:13.841485 [Simulation:Info:toast@toast-new:Simulation not generated] Magnitude 5.01 of event bmg2025mvil is smaller than triggerMinMagnitude: no automatic simulation
2025/07/02 17:35:18.249657 [Incident:Info:toast@toast-new:Origin updated] Origin updated: OT: 2025-07-02 10:33:17,  Lat/Lon: -1.23332°/134.009°, Depth: 10
2025/07/02 17:35:18.249894 [Incident:Info:toast@toast-new:Magnitude updated] Magnitude updated: 5.10 (M)
2025/07/02 17:35:18.249953 [Simulation:Info:toast@toast-new:Simulation not generated] Magnitude 5.10 of event bmg2025mvil is smaller than triggerMinMagnitude: no automatic simulation
2025/07/02 17:35:23.763643 [Incident:Info:toast@toast-new:Origin updated] Origin updated: OT: 2025-07-02 10:33:17,  Lat/Lon: -1.23332°/134.009°, Depth: 10
2025/07/02 17:35:23.763829 [Incident:Info:toast@toast-new:Magnitude updated] Magnitude updated: 5.11 (M)
2025/07/02 17:35:23.763871 [Simulation:Info:toast@toast-new:Simulation not generated] Magnitude 5.11 of event bmg2025mvil is smaller than triggerMinMagnitude: no automatic simulation
2025/07/02 17:35:40.134598 [Incident:Info:toast@toast-new:Origin updated] Origin updated: OT: 2025-07-02 10:33:16,  Lat/Lon: -1.2332°/134.015°, Depth: 10
2025/07/02 17:35:40.134831 [Incident:Info:toast@toast-new:Magnitude updated] Magnitude updated: 5.06 (M)
2025/07/02 17:35:40.134879 [Simulation:Info:toast@toast-new:Simulation not generated] Magnitude 5.06 of event bmg2025mvil is smaller than triggerMinMagnitude: no automatic simulation
2025/07/02 17:35:43.716264 [Incident:Info:toast@toast-new:Origin updated] Origin updated: OT: 2025-07-02 10:33:16,  Lat/Lon: -1.2332°/134.015°, Depth: 10
2025/07/02 17:35:43.716455 [Incident:Info:toast@toast-new:Magnitude updated] Magnitude updated: 5.06 (M)
2025/07/02 17:35:43.716502 [Simulation:Info:toast@toast-new:Simulation not generated] Magnitude 5.06 of event bmg2025mvil is smaller than triggerMinMagnitude: no automatic simulation
2025/07/02 17:35:48.774128 [Incident:Info:toast@toast-new:Origin updated] Origin updated: OT: 2025-07-02 10:33:16,  Lat/Lon: -1.2332°/134.015°, Depth: 10
2025/07/02 17:35:48.774295 [Incident:Info:toast@toast-new:Magnitude updated] Magnitude updated: 5.06 (M)
2025/07/02 17:35:48.774323 [Simulation:Info:toast@toast-new:Simulation not generated] Magnitude 5.06 of event bmg2025mvil is smaller than triggerMinMagnitude: no automatic simulation
2025/07/02 17:35:58.375260 [Incident:Info:toast@toast-new:Origin updated] Origin updated: OT: 2025-07-02 10:33:16,  Lat/Lon: -1.2332°/134.015°, Depth: 10
2025/07/02 17:35:58.375470 [Incident:Info:toast@toast-new:Magnitude updated] Magnitude updated: 5.06 (M)
2025/07/02 17:35:58.375518 [Simulation:Info:toast@toast-new:Simulation not generated] Magnitude 5.06 of event bmg2025mvil is smaller than triggerMinMagnitude: no automatic simulation
2025/07/02 17:35:58.680942 [Incident:Info:toast@toast-new:Origin updated] Origin updated: OT: 2025-07-02 10:33:16,  Lat/Lon: -1.2332°/134.015°, Depth: 10
2025/07/02 17:35:58.681129 [Incident:Info:toast@toast-new:Magnitude updated] Magnitude updated: 5.05 (M)
2025/07/02 17:35:58.681172 [Simulation:Info:toast@toast-new:Simulation not generated] Magnitude 5.05 of event bmg2025mvil is smaller than triggerMinMagnitude: no automatic simulation
2025/07/02 17:36:03.824398 [Incident:Info:toast@toast-new:Origin updated] Origin updated: OT: 2025-07-02 10:33:16,  Lat/Lon: -1.2332°/134.015°, Depth: 10
2025/07/02 17:36:03.824628 [Incident:Info:toast@toast-new:Magnitude updated] Magnitude updated: 5.06 (M)
2025/07/02 17:36:03.824675 [Simulation:Info:toast@toast-new:Simulation not generated] Magnitude 5.06 of event bmg2025mvil is smaller than triggerMinMagnitude: no automatic simulation
2025/07/02 17:36:13.873594 [Incident:Info:toast@toast-new:Origin updated] Origin updated: OT: 2025-07-02 10:33:16,  Lat/Lon: -1.2332°/134.015°, Depth: 10
2025/07/02 17:36:13.873779 [Incident:Info:toast@toast-new:Magnitude updated] Magnitude updated: 5.07 (M)
2025/07/02 17:36:13.873818 [Simulation:Info:toast@toast-new:Simulation not generated] Magnitude 5.07 of event bmg2025mvil is smaller than triggerMinMagnitude: no automatic simulation
2025/07/02 17:36:48.843903 [Incident:Info:toast@toast-new:Origin updated] Origin updated: OT: 2025-07-02 10:33:16,  Lat/Lon: -1.2332°/134.015°, Depth: 10
2025/07/02 17:36:48.844137 [Incident:Info:toast@toast-new:Magnitude updated] Magnitude updated: 5.08 (M)
2025/07/02 17:36:48.844178 [Simulation:Info:toast@toast-new:Simulation not generated] Magnitude 5.08 of event bmg2025mvil is smaller than triggerMinMagnitude: no automatic simulation
2025/07/02 17:36:58.751085 [Incident:Info:toast@toast-new:Origin updated] Origin updated: OT: 2025-07-02 10:33:16,  Lat/Lon: -1.2332°/134.015°, Depth: 10
2025/07/02 17:36:58.751267 [Incident:Info:toast@toast-new:Magnitude updated] Magnitude updated: 5.08 (M)
2025/07/02 17:36:58.751303 [Simulation:Info:toast@toast-new:Simulation not generated] Magnitude 5.08 of event bmg2025mvil is smaller than triggerMinMagnitude: no automatic simulation
2025/07/02 17:37:24.558086 [Incident:Info:toast@toast-new:Origin updated] Origin updated: OT: 2025-07-02 10:33:16,  Lat/Lon: -1.24598°/134.006°, Depth: 10
2025/07/02 17:37:24.558302 [Incident:Info:toast@toast-new:Magnitude updated] Magnitude updated: 5.10 (MLv)
2025/07/02 17:37:24.558351 [Simulation:Info:toast@toast-new:Simulation not generated] Magnitude 5.10 of event bmg2025mvil is smaller than triggerMinMagnitude: no automatic simulation
2025/07/02 17:37:24.668730 [Incident:Info:toast@toast-new:Origin updated] Origin updated: OT: 2025-07-02 10:33:16,  Lat/Lon: -1.24598°/134.006°, Depth: 10
2025/07/02 17:37:24.668934 [Incident:Info:toast@toast-new:Magnitude updated] Magnitude updated: 5.08 (M)
2025/07/02 17:37:24.668982 [Simulation:Info:toast@toast-new:Simulation not generated] Magnitude 5.08 of event bmg2025mvil is smaller than triggerMinMagnitude: no automatic simulation
2025/07/02 17:38:34.330080 [Incident:Info:toast@toast-new:Origin updated] Origin updated: OT: 2025-07-02 10:33:16,  Lat/Lon: -1.24876°/133.999°, Depth: 10
2025/07/02 17:38:34.330280 [Incident:Info:toast@toast-new:Magnitude updated] Magnitude updated: 5.12 (MLv)
2025/07/02 17:38:34.330324 [Simulation:Info:toast@toast-new:Simulation not generated] Magnitude 5.12 of event bmg2025mvil is smaller than triggerMinMagnitude: no automatic simulation
2025/07/02 17:38:34.351787 [Incident:Info:toast@toast-new:Origin updated] Origin updated: OT: 2025-07-02 10:33:16,  Lat/Lon: -1.24876°/133.999°, Depth: 10
2025/07/02 17:38:34.351899 [Incident:Info:toast@toast-new:Magnitude updated] Magnitude updated: 5.09 (M)
2025/07/02 17:38:34.351930 [Simulation:Info:toast@toast-new:Simulation not generated] Magnitude 5.09 of event bmg2025mvil is smaller than triggerMinMagnitude: no automatic simulation
2025/07/02 17:38:36.982013 [Incident:Info:toast@toast-new:Origin updated] Origin updated: OT: 2025-07-02 10:33:16,  Lat/Lon: -1.24876°/133.999°, Depth: 10
2025/07/02 17:38:36.982145 [Incident:Info:toast@toast-new:FM updated] FM updated
2025/07/02 17:38:36.982369 [Simulation:Info:toast@toast-new:Simulation not generated] Magnitude 5.09 of event bmg2025mvil is smaller than triggerMinMagnitude: no automatic simulation
2025/07/02 17:39:59.145725 [Incident:Info:toast@toast-new:Origin updated] Origin updated: OT: 2025-07-02 10:33:17,  Lat/Lon: -1.25672°/134.044°, Depth: 10
2025/07/02 17:39:59.145950 [Incident:Info:toast@toast-new:Magnitude updated] Magnitude updated: 5.14 (MLv)
2025/07/02 17:39:59.146007 [Simulation:Info:toast@toast-new:Simulation not generated] Magnitude 5.14 of event bmg2025mvil is smaller than triggerMinMagnitude: no automatic simulation
2025/07/02 17:40:45.571657 [Incident:Info:toast@toast-new:Origin updated] Origin updated: OT: 2025-07-02 10:33:17,  Lat/Lon: -1.25672°/134.044°, Depth: 10
2025/07/02 17:40:45.571939 [Simulation:Info:toast@toast-new:Simulation not generated] Magnitude 5.14 of event bmg2025mvil is smaller than triggerMinMagnitude: no automatic simulation
2025/07/03 00:22:53.431824 [Incident:Info:toast@toast-new:Origin updated] Origin updated: OT: 2025-07-02 10:33:17,  Lat/Lon: -1.28197°/134.032°, Depth: 10
2025/07/03 00:22:53.432068 [Incident:Info:toast@toast-new:Magnitude updated] Magnitude updated: 5.09 (MLv)
2025/07/03 00:22:53.432119 [Incident:Info:toast@toast-new:FM updated] FM updated
2025/07/03 00:22:53.432398 [Simulation:Info:toast@toast-new:Simulation not generated] Magnitude 5.09 of event bmg2025mvil is smaller than triggerMinMagnitude: no automatic simulation
2025/07/03 01:53:40.506899 [Incident:Info:toast@toast-new:Origin updated] Origin updated: OT: 2025-07-02 10:33:17,  Lat/Lon: -1.26912°/134.035°, Depth: 10
2025/07/03 01:53:40.507104 [Incident:Info:toast@toast-new:Magnitude updated] Magnitude updated: 5.10 (MLv)
2025/07/03 01:53:40.507137 [Simulation:Info:toast@toast-new:Simulation not generated] Magnitude 5.10 of event bmg2025mvil is smaller than triggerMinMagnitude: no automatic simulation
2025/07/03 01:56:31.518299 [Incident:Info:toast@toast-new:Origin updated] Origin updated: OT: 2025-07-02 10:33:17,  Lat/Lon: -1.26912°/134.035°, Depth: 10
2025/07/03 01:56:31.518494 [Incident:Info:toast@toast-new:FM updated] FM updated
2025/07/03 01:56:31.518769 [Simulation:Info:toast@toast-new:Simulation not generated] Magnitude 5.10 of event bmg2025mvil is smaller than triggerMinMagnitude: no automatic simulation
2025/07/13 06:33:31.410978 [Incident:Info:toast@toast-new:Origin updated] Origin updated: OT: 2025-07-02 10:33:16,  Lat/Lon: -1.2568°/134.051°, Depth: 5.51863
2025/07/13 06:33:31.412459 [Incident:Info:toast@toast-new:Magnitude updated] Magnitude updated: 5.08 (MLv)
2025/07/13 06:33:31.412523 [Simulation:Info:toast@toast-new:Simulation not generated] Magnitude 5.08 of event bmg2025mvil is smaller than triggerMinMagnitude: no automatic simulation
