2025/07/31 21:23:21.737225 [Incident:Info:toast@toast-new:Displacement(s) updated] Added 0 and changed 0 displacements with 0 amplitudes
2025/07/31 21:23:21.757565 [Incident:Info:toast@toast-new:Incident created] Incident created based on event received from messaging: OT: 2025-07-31 14:11:48,  Lat/Lon: 50.16°/157.00°, Depth: 10.00, Mag: 5.12 (M)
2025/07/31 21:23:21.758053 [Simulation:Info:toast@toast-new:Simulation not generated] Magnitude 5.12 of event bmg2025owpg is smaller than triggerMinMagnitude: no automatic simulation
2025/07/31 21:23:21.772260 [Incident:Info:toast@toast-new:Origin updated] Origin updated: OT: 2025-07-31 14:11:48,  Lat/Lon: 50.1639°/156.996°, Depth: 10
2025/07/31 21:23:21.772393 [Simulation:Info:toast@toast-new:Simulation not generated] Magnitude 5.12 of event bmg2025owpg is smaller than triggerMinMagnitude: no automatic simulation
2025/07/31 21:23:31.368084 [Incident:Info:toast@toast-new:Origin updated] Origin updated: OT: 2025-07-31 14:11:48,  Lat/Lon: 50.1633°/156.999°, Depth: 10
2025/07/31 21:23:31.369858 [Incident:Info:toast@toast-new:Magnitude updated] Magnitude updated: 5.13 (M)
2025/07/31 21:23:31.369911 [Simulation:Info:toast@toast-new:Simulation not generated] Magnitude 5.13 of event bmg2025owpg is smaller than triggerMinMagnitude: no automatic simulation
2025/07/31 21:23:42.360874 [Incident:Info:toast@toast-new:Origin updated] Origin updated: OT: 2025-07-31 14:11:47,  Lat/Lon: 50.1347°/157.002°, Depth: 10
2025/07/31 21:23:42.361096 [Incident:Info:toast@toast-new:Magnitude updated] Magnitude updated: 5.14 (M)
2025/07/31 21:23:42.361130 [Simulation:Info:toast@toast-new:Simulation not generated] Magnitude 5.14 of event bmg2025owpg is smaller than triggerMinMagnitude: no automatic simulation
2025/07/31 21:23:53.664228 [Incident:Info:toast@toast-new:Origin updated] Origin updated: OT: 2025-07-31 14:11:47,  Lat/Lon: 50.1072°/157.022°, Depth: 10
2025/07/31 21:23:53.664392 [Incident:Info:toast@toast-new:Magnitude updated] Magnitude updated: 5.13 (M)
2025/07/31 21:23:53.664421 [Simulation:Info:toast@toast-new:Simulation not generated] Magnitude 5.13 of event bmg2025owpg is smaller than triggerMinMagnitude: no automatic simulation
2025/07/31 21:24:08.206437 [Incident:Info:toast@toast-new:Origin updated] Origin updated: OT: 2025-07-31 14:11:47,  Lat/Lon: 50.0979°/157.027°, Depth: 10
2025/07/31 21:24:08.206663 [Incident:Info:toast@toast-new:Magnitude updated] Magnitude updated: 5.12 (M)
2025/07/31 21:24:08.206712 [Simulation:Info:toast@toast-new:Simulation not generated] Magnitude 5.12 of event bmg2025owpg is smaller than triggerMinMagnitude: no automatic simulation
2025/07/31 21:24:19.720149 [Incident:Info:toast@toast-new:Origin updated] Origin updated: OT: 2025-07-31 14:11:47,  Lat/Lon: 50.0979°/157.027°, Depth: 10
2025/07/31 21:24:19.720360 [Incident:Info:toast@toast-new:Magnitude updated] Magnitude updated: 5.13 (M)
2025/07/31 21:24:19.720408 [Simulation:Info:toast@toast-new:Simulation not generated] Magnitude 5.13 of event bmg2025owpg is smaller than triggerMinMagnitude: no automatic simulation
2025/07/31 21:24:34.258218 [Incident:Info:toast@toast-new:Origin updated] Origin updated: OT: 2025-07-31 14:11:47,  Lat/Lon: 50.107°/157.01°, Depth: 10
2025/07/31 21:24:34.258450 [Incident:Info:toast@toast-new:Magnitude updated] Magnitude updated: 5.14 (M)
2025/07/31 21:24:34.258507 [Simulation:Info:toast@toast-new:Simulation not generated] Magnitude 5.14 of event bmg2025owpg is smaller than triggerMinMagnitude: no automatic simulation
2025/07/31 21:25:09.150520 [Incident:Info:toast@toast-new:Origin updated] Origin updated: OT: 2025-07-31 14:11:47,  Lat/Lon: 50.1112°/157.004°, Depth: 10
2025/07/31 21:25:09.150714 [Incident:Info:toast@toast-new:Magnitude updated] Magnitude updated: 5.15 (M)
2025/07/31 21:25:09.150754 [Simulation:Info:toast@toast-new:Simulation not generated] Magnitude 5.15 of event bmg2025owpg is smaller than triggerMinMagnitude: no automatic simulation
2025/07/31 21:25:22.399861 [Incident:Info:toast@toast-new:Origin updated] Origin updated: OT: 2025-07-31 14:11:47,  Lat/Lon: 50.1176°/156.993°, Depth: 10
2025/07/31 21:25:22.400039 [Incident:Info:toast@toast-new:Magnitude updated] Magnitude updated: 5.16 (M)
2025/07/31 21:25:22.400085 [Simulation:Info:toast@toast-new:Simulation not generated] Magnitude 5.16 of event bmg2025owpg is smaller than triggerMinMagnitude: no automatic simulation
2025/07/31 21:31:44.685913 [Incident:Info:toast@toast-new:Origin updated] Origin updated: OT: 2025-07-31 14:11:47,  Lat/Lon: 50.1176°/156.993°, Depth: 10
2025/07/31 21:31:44.686106 [Simulation:Info:toast@toast-new:Simulation not generated] Magnitude 5.16 of event bmg2025owpg is smaller than triggerMinMagnitude: no automatic simulation
2025/07/31 21:45:52.053355 [Incident:Info:toast@toast-new:Origin updated] Origin updated: OT: 2025-07-31 14:11:53,  Lat/Lon: 50.1717°/157°, Depth: 59.701
2025/07/31 21:45:52.053543 [Incident:Info:toast@toast-new:Magnitude updated] Magnitude updated: 5.26 (mb)
2025/07/31 21:45:52.053589 [Simulation:Info:toast@toast-new:Simulation not generated] Magnitude 5.26 of event bmg2025owpg is smaller than triggerMinMagnitude: no automatic simulation
2025/07/31 21:45:52.075570 [Incident:Info:toast@toast-new:Origin updated] Origin updated: OT: 2025-07-31 14:11:53,  Lat/Lon: 50.1717°/157°, Depth: 59.701
2025/07/31 21:45:52.075674 [Incident:Info:toast@toast-new:Magnitude updated] Magnitude updated: 5.15 (M)
2025/07/31 21:45:52.075711 [Simulation:Info:toast@toast-new:Simulation not generated] Magnitude 5.15 of event bmg2025owpg is smaller than triggerMinMagnitude: no automatic simulation
2025/08/01 07:02:52.718079 [Incident:Info:toast@toast-new:Origin updated] Origin updated: OT: 2025-07-31 14:11:53,  Lat/Lon: 50.1717°/157°, Depth: 59.701
2025/08/01 07:02:52.718255 [Incident:Info:toast@toast-new:Magnitude updated] Magnitude updated: 5.26 (mb)
2025/08/01 07:02:52.718308 [Simulation:Info:toast@toast-new:Simulation not generated] Magnitude 5.26 of event bmg2025owpg is smaller than triggerMinMagnitude: no automatic simulation
2025/08/01 11:18:15.328436 [Incident:Info:toast@toast-new:Origin updated] Origin updated: OT: 2025-07-31 14:11:53,  Lat/Lon: 50.1507°/156.998°, Depth: 57.7533
2025/08/01 11:18:15.328621 [Incident:Info:toast@toast-new:Magnitude updated] Magnitude updated: 5.24 (mb)
2025/08/01 11:18:15.328662 [Simulation:Info:toast@toast-new:Simulation not generated] Magnitude 5.24 of event bmg2025owpg is smaller than triggerMinMagnitude: no automatic simulation
2025/08/01 11:18:15.351436 [Incident:Info:toast@toast-new:Origin updated] Origin updated: OT: 2025-07-31 14:11:53,  Lat/Lon: 50.1507°/156.998°, Depth: 57.7533
2025/08/01 11:18:15.351552 [Simulation:Info:toast@toast-new:Simulation not generated] Magnitude 5.24 of event bmg2025owpg is smaller than triggerMinMagnitude: no automatic simulation
2025/08/03 08:38:52.786060 [Incident:Info:toast@toast-new:Incident removed] Removed incident - Bye
