2025/08/03 00:30:51.021496 [Incident:Info:toast@toast-new:Displacement(s) updated] Added 0 and changed 0 displacements with 0 amplitudes
2025/08/03 00:30:51.022803 [Incident:Info:toast@toast-new:Incident created] Incident created based on event received from messaging: OT: 2025-08-02 17:20:21,  Lat/Lon: 50.12°/157.24°, Depth: 10.00, Mag: 5.19 (M)
2025/08/03 00:30:51.023459 [Simulation:Info:toast@toast-new:Simulation not generated] Magnitude 5.19 of event bmg2025pamm is smaller than triggerMinMagnitude: no automatic simulation
2025/08/03 00:30:51.041410 [Incident:Info:toast@toast-new:Origin updated] Origin updated: OT: 2025-08-02 17:20:21,  Lat/Lon: 50.1209°/157.238°, Depth: 10
2025/08/03 00:30:51.041568 [Simulation:Info:toast@toast-new:Simulation not generated] Magnitude 5.19 of event bmg2025pamm is smaller than triggerMinMagnitude: no automatic simulation
2025/08/03 00:30:55.063288 [Incident:Info:toast@toast-new:Origin updated] Origin updated: OT: 2025-08-02 17:20:21,  Lat/Lon: 50.1209°/157.238°, Depth: 10
2025/08/03 00:30:55.063487 [Incident:Info:toast@toast-new:Magnitude updated] Magnitude updated: 5.17 (M)
2025/08/03 00:30:55.063531 [Simulation:Info:toast@toast-new:Simulation not generated] Magnitude 5.17 of event bmg2025pamm is smaller than triggerMinMagnitude: no automatic simulation
2025/08/03 00:31:01.356102 [Incident:Info:toast@toast-new:Origin updated] Origin updated: OT: 2025-08-02 17:20:21,  Lat/Lon: 50.1411°/157.22°, Depth: 10
2025/08/03 00:31:01.356328 [Incident:Info:toast@toast-new:Magnitude updated] Magnitude updated: 5.16 (M)
2025/08/03 00:31:01.356382 [Simulation:Info:toast@toast-new:Simulation not generated] Magnitude 5.16 of event bmg2025pamm is smaller than triggerMinMagnitude: no automatic simulation
2025/08/03 00:31:05.055948 [Incident:Info:toast@toast-new:Origin updated] Origin updated: OT: 2025-08-02 17:20:21,  Lat/Lon: 50.1411°/157.22°, Depth: 10
2025/08/03 00:31:05.056120 [Incident:Info:toast@toast-new:Magnitude updated] Magnitude updated: 5.16 (M)
2025/08/03 00:31:05.056163 [Simulation:Info:toast@toast-new:Simulation not generated] Magnitude 5.16 of event bmg2025pamm is smaller than triggerMinMagnitude: no automatic simulation
2025/08/03 00:31:16.136298 [Incident:Info:toast@toast-new:Origin updated] Origin updated: OT: 2025-08-02 17:20:21,  Lat/Lon: 50.1405°/157.273°, Depth: 10
2025/08/03 00:31:16.136482 [Incident:Info:toast@toast-new:Magnitude updated] Magnitude updated: 5.16 (M)
2025/08/03 00:31:16.136525 [Simulation:Info:toast@toast-new:Simulation not generated] Magnitude 5.16 of event bmg2025pamm is smaller than triggerMinMagnitude: no automatic simulation
2025/08/03 00:31:32.432282 [Incident:Info:toast@toast-new:Origin updated] Origin updated: OT: 2025-08-02 17:20:21,  Lat/Lon: 50.1459°/157.277°, Depth: 10
2025/08/03 00:31:32.432475 [Incident:Info:toast@toast-new:Magnitude updated] Magnitude updated: 5.15 (M)
2025/08/03 00:31:32.432517 [Simulation:Info:toast@toast-new:Simulation not generated] Magnitude 5.15 of event bmg2025pamm is smaller than triggerMinMagnitude: no automatic simulation
2025/08/03 00:31:35.048531 [Incident:Info:toast@toast-new:Origin updated] Origin updated: OT: 2025-08-02 17:20:21,  Lat/Lon: 50.1459°/157.277°, Depth: 10
2025/08/03 00:31:35.051475 [Incident:Info:toast@toast-new:Magnitude updated] Magnitude updated: 5.16 (M)
2025/08/03 00:31:35.051540 [Simulation:Info:toast@toast-new:Simulation not generated] Magnitude 5.16 of event bmg2025pamm is smaller than triggerMinMagnitude: no automatic simulation
2025/08/03 00:31:47.462323 [Incident:Info:toast@toast-new:Origin updated] Origin updated: OT: 2025-08-02 17:20:21,  Lat/Lon: 50.1329°/157.295°, Depth: 10
2025/08/03 00:31:47.462522 [Incident:Info:toast@toast-new:Magnitude updated] Magnitude updated: 5.17 (M)
2025/08/03 00:31:47.462563 [Simulation:Info:toast@toast-new:Simulation not generated] Magnitude 5.17 of event bmg2025pamm is smaller than triggerMinMagnitude: no automatic simulation
2025/08/03 00:32:07.486178 [Incident:Info:toast@toast-new:Origin updated] Origin updated: OT: 2025-08-02 17:20:21,  Lat/Lon: 50.1329°/157.295°, Depth: 10
2025/08/03 00:32:07.486364 [Incident:Info:toast@toast-new:Magnitude updated] Magnitude updated: 5.20 (M)
2025/08/03 00:32:07.486407 [Simulation:Info:toast@toast-new:Simulation not generated] Magnitude 5.20 of event bmg2025pamm is smaller than triggerMinMagnitude: no automatic simulation
2025/08/03 00:32:07.507717 [Incident:Info:toast@toast-new:Origin updated] Origin updated: OT: 2025-08-02 17:20:21,  Lat/Lon: 50.123°/157.304°, Depth: 10
2025/08/03 00:32:07.507861 [Incident:Info:toast@toast-new:Magnitude updated] Magnitude updated: 5.20 (M)
2025/08/03 00:32:07.507895 [Simulation:Info:toast@toast-new:Simulation not generated] Magnitude 5.20 of event bmg2025pamm is smaller than triggerMinMagnitude: no automatic simulation
2025/08/03 00:32:10.049212 [Incident:Info:toast@toast-new:Origin updated] Origin updated: OT: 2025-08-02 17:20:21,  Lat/Lon: 50.123°/157.304°, Depth: 10
2025/08/03 00:32:10.049396 [Incident:Info:toast@toast-new:Magnitude updated] Magnitude updated: 5.25 (M)
2025/08/03 00:32:10.049438 [Simulation:Info:toast@toast-new:Simulation not generated] Magnitude 5.25 of event bmg2025pamm is smaller than triggerMinMagnitude: no automatic simulation
2025/08/03 00:32:25.038308 [Incident:Info:toast@toast-new:Origin updated] Origin updated: OT: 2025-08-02 17:20:21,  Lat/Lon: 50.123°/157.304°, Depth: 10
2025/08/03 00:32:25.038502 [Incident:Info:toast@toast-new:Magnitude updated] Magnitude updated: 5.27 (M)
2025/08/03 00:32:25.038550 [Simulation:Info:toast@toast-new:Simulation not generated] Magnitude 5.27 of event bmg2025pamm is smaller than triggerMinMagnitude: no automatic simulation
2025/08/03 00:32:28.983860 [Incident:Info:toast@toast-new:Origin updated] Origin updated: OT: 2025-08-02 17:20:21,  Lat/Lon: 50.1169°/157.31°, Depth: 10
2025/08/03 00:32:28.984032 [Incident:Info:toast@toast-new:Magnitude updated] Magnitude updated: 5.26 (M)
2025/08/03 00:32:28.984063 [Simulation:Info:toast@toast-new:Simulation not generated] Magnitude 5.26 of event bmg2025pamm is smaller than triggerMinMagnitude: no automatic simulation
2025/08/03 00:32:52.483938 [Incident:Info:toast@toast-new:Origin updated] Origin updated: OT: 2025-08-02 17:20:21,  Lat/Lon: 50.1182°/157.309°, Depth: 10
2025/08/03 00:32:52.484128 [Incident:Info:toast@toast-new:Magnitude updated] Magnitude updated: 5.26 (M)
2025/08/03 00:32:52.484167 [Simulation:Info:toast@toast-new:Simulation not generated] Magnitude 5.26 of event bmg2025pamm is smaller than triggerMinMagnitude: no automatic simulation
2025/08/03 00:33:17.506551 [Incident:Info:toast@toast-new:Origin updated] Origin updated: OT: 2025-08-02 17:20:21,  Lat/Lon: 50.1229°/157.298°, Depth: 10
2025/08/03 00:33:17.506748 [Incident:Info:toast@toast-new:Magnitude updated] Magnitude updated: 5.26 (M)
2025/08/03 00:33:17.506787 [Simulation:Info:toast@toast-new:Simulation not generated] Magnitude 5.26 of event bmg2025pamm is smaller than triggerMinMagnitude: no automatic simulation
2025/08/03 00:33:42.519139 [Incident:Info:toast@toast-new:Origin updated] Origin updated: OT: 2025-08-02 17:20:21,  Lat/Lon: 50.1219°/157.299°, Depth: 10
2025/08/03 00:33:42.519356 [Incident:Info:toast@toast-new:Magnitude updated] Magnitude updated: 5.26 (M)
2025/08/03 00:33:42.519403 [Simulation:Info:toast@toast-new:Simulation not generated] Magnitude 5.26 of event bmg2025pamm is smaller than triggerMinMagnitude: no automatic simulation
2025/08/03 00:34:07.519032 [Incident:Info:toast@toast-new:Origin updated] Origin updated: OT: 2025-08-02 17:20:21,  Lat/Lon: 50.1221°/157.298°, Depth: 10
2025/08/03 00:34:07.519235 [Incident:Info:toast@toast-new:Magnitude updated] Magnitude updated: 5.26 (M)
2025/08/03 00:34:07.519274 [Simulation:Info:toast@toast-new:Simulation not generated] Magnitude 5.26 of event bmg2025pamm is smaller than triggerMinMagnitude: no automatic simulation
2025/08/03 00:35:16.313047 [Incident:Info:toast@toast-new:Origin updated] Origin updated: OT: 2025-08-02 17:20:21,  Lat/Lon: 50.1279°/157.29°, Depth: 10
2025/08/03 00:35:16.313227 [Incident:Info:toast@toast-new:Magnitude updated] Magnitude updated: 5.26 (M)
2025/08/03 00:35:16.313276 [Simulation:Info:toast@toast-new:Simulation not generated] Magnitude 5.26 of event bmg2025pamm is smaller than triggerMinMagnitude: no automatic simulation
2025/08/03 00:38:17.806733 [Incident:Info:toast@toast-new:Origin updated] Origin updated: OT: 2025-08-02 17:20:21,  Lat/Lon: 50.1279°/157.29°, Depth: 10
2025/08/03 00:38:17.806887 [Simulation:Info:toast@toast-new:Simulation not generated] Magnitude 5.26 of event bmg2025pamm is smaller than triggerMinMagnitude: no automatic simulation
2025/08/03 00:40:55.693431 [Incident:Info:toast@toast-new:Origin updated] Origin updated: OT: 2025-08-02 17:20:21,  Lat/Lon: 50.1279°/157.29°, Depth: 10
2025/08/03 00:40:55.693626 [Simulation:Info:toast@toast-new:Simulation not generated] Magnitude 5.26 of event bmg2025pamm is smaller than triggerMinMagnitude: no automatic simulation
2025/08/03 04:49:04.149047 [Incident:Info:toast@toast-new:Origin updated] Origin updated: OT: 2025-08-02 17:20:26,  Lat/Lon: 50.1802°/157.279°, Depth: 44.2596
2025/08/03 04:49:04.149235 [Incident:Info:toast@toast-new:Magnitude updated] Magnitude updated: 5.36 (mb)
2025/08/03 04:49:04.149267 [Simulation:Info:toast@toast-new:Simulation not generated] Magnitude 5.36 of event bmg2025pamm is smaller than triggerMinMagnitude: no automatic simulation
2025/08/03 04:49:04.204449 [Incident:Info:toast@toast-new:Origin updated] Origin updated: OT: 2025-08-02 17:20:26,  Lat/Lon: 50.1802°/157.279°, Depth: 44.2596
2025/08/03 04:49:04.204611 [Incident:Info:toast@toast-new:Magnitude updated] Magnitude updated: 5.23 (M)
2025/08/03 04:49:04.204663 [Simulation:Info:toast@toast-new:Simulation not generated] Magnitude 5.23 of event bmg2025pamm is smaller than triggerMinMagnitude: no automatic simulation
2025/08/03 05:56:37.890835 [Incident:Info:toast@toast-new:Origin updated] Origin updated: OT: 2025-08-02 17:20:26,  Lat/Lon: 50.1909°/157.304°, Depth: 48.016
2025/08/03 05:56:37.891034 [Incident:Info:toast@toast-new:Magnitude updated] Magnitude updated: 5.40 (mb)
2025/08/03 05:56:37.891069 [Simulation:Info:toast@toast-new:Simulation not generated] Magnitude 5.40 of event bmg2025pamm is smaller than triggerMinMagnitude: no automatic simulation
2025/08/03 05:56:37.914667 [Incident:Info:toast@toast-new:Origin updated] Origin updated: OT: 2025-08-02 17:20:26,  Lat/Lon: 50.1909°/157.304°, Depth: 48.016
2025/08/03 05:56:37.914783 [Incident:Info:toast@toast-new:Magnitude updated] Magnitude updated: 5.23 (M)
2025/08/03 05:56:37.914811 [Simulation:Info:toast@toast-new:Simulation not generated] Magnitude 5.23 of event bmg2025pamm is smaller than triggerMinMagnitude: no automatic simulation
2025/08/03 05:56:37.959569 [Incident:Info:toast@toast-new:Origin updated] Origin updated: OT: 2025-08-02 17:20:26,  Lat/Lon: 50.1909°/157.304°, Depth: 48.016
2025/08/03 05:56:37.959715 [Incident:Info:toast@toast-new:Magnitude updated] Magnitude updated: 5.40 (mb)
2025/08/03 05:56:37.959763 [Simulation:Info:toast@toast-new:Simulation not generated] Magnitude 5.40 of event bmg2025pamm is smaller than triggerMinMagnitude: no automatic simulation
2025/08/03 08:39:02.403678 [Incident:Info:toast@toast-new:Incident removed] Removed incident - Bye
