2025/09/01 06:55:01.260918 [Incident:Info:toast@toast-new:Displacement(s) updated] Added 0 and changed 0 displacements with 0 amplitudes
2025/09/01 06:55:01.261607 [Incident:Info:toast@toast-new:Incident created] Incident created based on event received from messaging: OT: 2025-08-31 23:46:30,  Lat/Lon: 34.52°/70.94°, Depth: 10.00, Mag: 5.32 (M)
2025/09/01 06:55:01.262173 [Simulation:Info:toast@toast-new:Simulation not generated] Magnitude 5.32 of event bmg2025rbyu is smaller than triggerMinMagnitude: no automatic simulation
2025/09/01 06:55:01.283455 [Incident:Info:toast@toast-new:Origin updated] Origin updated: OT: 2025-08-31 23:46:30,  Lat/Lon: 34.5214°/70.9415°, Depth: 10
2025/09/01 06:55:01.283589 [Simulation:Info:toast@toast-new:Simulation not generated] Magnitude 5.32 of event bmg2025rbyu is smaller than triggerMinMagnitude: no automatic simulation
2025/09/01 06:55:09.343841 [Incident:Info:toast@toast-new:Origin updated] Origin updated: OT: 2025-08-31 23:46:30,  Lat/Lon: 34.5042°/70.86°, Depth: 10
2025/09/01 06:55:09.344067 [Incident:Info:toast@toast-new:Magnitude updated] Magnitude updated: 5.34 (M)
2025/09/01 06:55:09.344124 [Simulation:Info:toast@toast-new:Simulation not generated] Magnitude 5.34 of event bmg2025rbyu is smaller than triggerMinMagnitude: no automatic simulation
2025/09/01 06:55:20.689071 [Incident:Info:toast@toast-new:Origin updated] Origin updated: OT: 2025-08-31 23:46:30,  Lat/Lon: 34.4984°/70.8622°, Depth: 10
2025/09/01 06:55:20.689275 [Incident:Info:toast@toast-new:Magnitude updated] Magnitude updated: 5.35 (M)
2025/09/01 06:55:20.689308 [Simulation:Info:toast@toast-new:Simulation not generated] Magnitude 5.35 of event bmg2025rbyu is smaller than triggerMinMagnitude: no automatic simulation
2025/09/01 06:55:33.011765 [Incident:Info:toast@toast-new:Origin updated] Origin updated: OT: 2025-08-31 23:46:30,  Lat/Lon: 34.4977°/70.8625°, Depth: 10
2025/09/01 06:55:33.011984 [Incident:Info:toast@toast-new:Magnitude updated] Magnitude updated: 5.36 (M)
2025/09/01 06:55:33.012063 [Simulation:Info:toast@toast-new:Simulation not generated] Magnitude 5.36 of event bmg2025rbyu is smaller than triggerMinMagnitude: no automatic simulation
2025/09/01 06:55:38.623661 [Incident:Info:toast@toast-new:Origin updated] Origin updated: OT: 2025-08-31 23:46:30,  Lat/Lon: 34.4977°/70.8625°, Depth: 10
2025/09/01 06:55:38.623843 [Incident:Info:toast@toast-new:Magnitude updated] Magnitude updated: 5.39 (M)
2025/09/01 06:55:38.623876 [Simulation:Info:toast@toast-new:Simulation not generated] Magnitude 5.39 of event bmg2025rbyu is smaller than triggerMinMagnitude: no automatic simulation
2025/09/01 06:55:43.592325 [Incident:Info:toast@toast-new:Origin updated] Origin updated: OT: 2025-08-31 23:46:30,  Lat/Lon: 34.4977°/70.8625°, Depth: 10
2025/09/01 06:55:43.592506 [Incident:Info:toast@toast-new:Magnitude updated] Magnitude updated: 5.43 (M)
2025/09/01 06:55:43.592542 [Simulation:Info:toast@toast-new:Simulation not generated] Magnitude 5.43 of event bmg2025rbyu is smaller than triggerMinMagnitude: no automatic simulation
2025/09/01 06:55:47.446972 [Incident:Info:toast@toast-new:Origin updated] Origin updated: OT: 2025-08-31 23:46:30,  Lat/Lon: 34.4903°/70.8651°, Depth: 10
2025/09/01 06:55:47.447173 [Incident:Info:toast@toast-new:Magnitude updated] Magnitude updated: 5.43 (M)
2025/09/01 06:55:47.447225 [Simulation:Info:toast@toast-new:Simulation not generated] Magnitude 5.43 of event bmg2025rbyu is smaller than triggerMinMagnitude: no automatic simulation
2025/09/01 06:55:53.600952 [Incident:Info:toast@toast-new:Origin updated] Origin updated: OT: 2025-08-31 23:46:30,  Lat/Lon: 34.4903°/70.8651°, Depth: 10
2025/09/01 06:55:53.601207 [Incident:Info:toast@toast-new:Magnitude updated] Magnitude updated: 5.48 (M)
2025/09/01 06:55:53.601300 [Simulation:Info:toast@toast-new:Simulation not generated] Magnitude 5.48 of event bmg2025rbyu is smaller than triggerMinMagnitude: no automatic simulation
2025/09/01 06:55:58.584819 [Incident:Info:toast@toast-new:Origin updated] Origin updated: OT: 2025-08-31 23:46:30,  Lat/Lon: 34.4903°/70.8651°, Depth: 10
2025/09/01 06:55:58.585012 [Incident:Info:toast@toast-new:Magnitude updated] Magnitude updated: 5.50 (M)
2025/09/01 06:55:58.585045 [Simulation:Info:toast@toast-new:Simulation not generated] Magnitude 5.50 of event bmg2025rbyu is smaller than triggerMinMagnitude: no automatic simulation
2025/09/01 06:56:07.040927 [Incident:Info:toast@toast-new:Origin updated] Origin updated: OT: 2025-08-31 23:46:30,  Lat/Lon: 34.4903°/70.8651°, Depth: 10
2025/09/01 06:56:07.041115 [Incident:Info:toast@toast-new:Magnitude updated] Magnitude updated: 5.53 (M)
2025/09/01 06:56:07.041149 [Simulation:Info:toast@toast-new:Simulation not generated] Magnitude 5.53 of event bmg2025rbyu is smaller than triggerMinMagnitude: no automatic simulation
2025/09/01 06:56:07.063553 [Incident:Info:toast@toast-new:Origin updated] Origin updated: OT: 2025-08-31 23:46:30,  Lat/Lon: 34.4747°/70.8699°, Depth: 10
2025/09/01 06:56:07.063672 [Incident:Info:toast@toast-new:Magnitude updated] Magnitude updated: 5.53 (M)
2025/09/01 06:56:07.063698 [Simulation:Info:toast@toast-new:Simulation not generated] Magnitude 5.53 of event bmg2025rbyu is smaller than triggerMinMagnitude: no automatic simulation
2025/09/01 06:56:28.071703 [Incident:Info:toast@toast-new:Origin updated] Origin updated: OT: 2025-08-31 23:46:30,  Lat/Lon: 34.4724°/70.8659°, Depth: 10
2025/09/01 06:56:28.071917 [Incident:Info:toast@toast-new:Magnitude updated] Magnitude updated: 5.52 (M)
2025/09/01 06:56:28.071956 [Simulation:Info:toast@toast-new:Simulation not generated] Magnitude 5.52 of event bmg2025rbyu is smaller than triggerMinMagnitude: no automatic simulation
2025/09/01 06:56:48.586194 [Incident:Info:toast@toast-new:Origin updated] Origin updated: OT: 2025-08-31 23:46:30,  Lat/Lon: 34.4724°/70.8659°, Depth: 10
2025/09/01 06:56:48.586385 [Incident:Info:toast@toast-new:Magnitude updated] Magnitude updated: 5.50 (M)
2025/09/01 06:56:48.586421 [Simulation:Info:toast@toast-new:Simulation not generated] Magnitude 5.50 of event bmg2025rbyu is smaller than triggerMinMagnitude: no automatic simulation
2025/09/01 06:56:49.132791 [Incident:Info:toast@toast-new:Origin updated] Origin updated: OT: 2025-08-31 23:46:30,  Lat/Lon: 34.4701°/70.8629°, Depth: 10
2025/09/01 06:56:49.132965 [Incident:Info:toast@toast-new:Magnitude updated] Magnitude updated: 5.50 (M)
2025/09/01 06:56:49.132997 [Simulation:Info:toast@toast-new:Simulation not generated] Magnitude 5.50 of event bmg2025rbyu is smaller than triggerMinMagnitude: no automatic simulation
2025/09/01 06:57:13.064879 [Incident:Info:toast@toast-new:Origin updated] Origin updated: OT: 2025-08-31 23:46:30,  Lat/Lon: 34.4567°/70.8386°, Depth: 10
2025/09/01 06:57:13.065084 [Incident:Info:toast@toast-new:Magnitude updated] Magnitude updated: 5.50 (M)
2025/09/01 06:57:13.065119 [Simulation:Info:toast@toast-new:Simulation not generated] Magnitude 5.50 of event bmg2025rbyu is smaller than triggerMinMagnitude: no automatic simulation
2025/09/01 06:57:18.597231 [Incident:Info:toast@toast-new:Origin updated] Origin updated: OT: 2025-08-31 23:46:30,  Lat/Lon: 34.4567°/70.8386°, Depth: 10
2025/09/01 06:57:18.597422 [Incident:Info:toast@toast-new:Magnitude updated] Magnitude updated: 5.50 (M)
2025/09/01 06:57:18.597470 [Simulation:Info:toast@toast-new:Simulation not generated] Magnitude 5.50 of event bmg2025rbyu is smaller than triggerMinMagnitude: no automatic simulation
2025/09/01 06:57:30.809101 [Incident:Info:toast@toast-new:Origin updated] Origin updated: OT: 2025-08-31 23:46:29,  Lat/Lon: 34.4503°/70.8393°, Depth: 5
2025/09/01 06:57:30.809366 [Incident:Info:toast@toast-new:Magnitude updated] Magnitude updated: 5.29 (mb)
2025/09/01 06:57:30.809430 [Simulation:Info:toast@toast-new:Simulation not generated] Magnitude 5.29 of event bmg2025rbyu is smaller than triggerMinMagnitude: no automatic simulation
2025/09/01 06:57:30.844569 [Incident:Info:toast@toast-new:Origin updated] Origin updated: OT: 2025-08-31 23:46:29,  Lat/Lon: 34.4503°/70.8393°, Depth: 5
2025/09/01 06:57:30.844720 [Incident:Info:toast@toast-new:Magnitude updated] Magnitude updated: 5.50 (M)
2025/09/01 06:57:30.844777 [Simulation:Info:toast@toast-new:Simulation not generated] Magnitude 5.50 of event bmg2025rbyu is smaller than triggerMinMagnitude: no automatic simulation
