2025/08/19 12:27:42.786462 [Incident:Info:toast@toast-new:Displacement(s) updated] Added 0 and changed 0 displacements with 0 amplitudes
2025/08/19 12:27:42.786946 [Incident:Info:toast@toast-new:Incident created] Incident created based on event received from messaging: OT: 2025-08-19 05:20:07,  Lat/Lon: 33.19°/74.19°, Depth: 10.00, Mag: 5.79 (M)
2025/08/19 12:27:42.787653 [Simulation:Info:toast@toast-new:Simulation not generated] Magnitude 5.79 of event bmg2025qeqg is smaller than triggerMinMagnitude: no automatic simulation
2025/08/19 12:27:42.823752 [Incident:Info:toast@toast-new:Origin updated] Origin updated: OT: 2025-08-19 05:20:07,  Lat/Lon: 33.1924°/74.1886°, Depth: 10
2025/08/19 12:27:42.824057 [Simulation:Info:toast@toast-new:Simulation not generated] Magnitude 5.79 of event bmg2025qeqg is smaller than triggerMinMagnitude: no automatic simulation
2025/08/19 12:27:52.374100 [Incident:Info:toast@toast-new:Origin updated] Origin updated: OT: 2025-08-19 05:20:05,  Lat/Lon: 33.3198°/73.964°, Depth: 10
2025/08/19 12:27:52.374513 [Incident:Info:toast@toast-new:Magnitude updated] Magnitude updated: 5.80 (M)
2025/08/19 12:27:52.374701 [Simulation:Info:toast@toast-new:Simulation not generated] Magnitude 5.80 of event bmg2025qeqg is smaller than triggerMinMagnitude: no automatic simulation
2025/08/19 12:28:00.071986 [Incident:Info:toast@toast-new:Origin updated] Origin updated: OT: 2025-08-19 05:20:05,  Lat/Lon: 33.3198°/73.964°, Depth: 10
2025/08/19 12:28:00.072414 [Incident:Info:toast@toast-new:Magnitude updated] Magnitude updated: 5.89 (M)
2025/08/19 12:28:00.072630 [Simulation:Info:toast@toast-new:Simulation not generated] Magnitude 5.89 of event bmg2025qeqg is smaller than triggerMinMagnitude: no automatic simulation
2025/08/19 12:28:03.072055 [Incident:Info:toast@toast-new:Origin updated] Origin updated: OT: 2025-08-19 05:20:02,  Lat/Lon: 33.5622°/73.635°, Depth: 10
2025/08/19 12:28:03.072477 [Incident:Info:toast@toast-new:Magnitude updated] Magnitude updated: 5.80 (M)
2025/08/19 12:28:03.072687 [Simulation:Info:toast@toast-new:Simulation not generated] Magnitude 5.80 of event bmg2025qeqg is smaller than triggerMinMagnitude: no automatic simulation
2025/08/19 12:28:15.082698 [Incident:Info:toast@toast-new:Origin updated] Origin updated: OT: 2025-08-19 05:20:02,  Lat/Lon: 33.5622°/73.635°, Depth: 10
2025/08/19 12:28:15.083103 [Incident:Info:toast@toast-new:Magnitude updated] Magnitude updated: 5.86 (M)
2025/08/19 12:28:15.083334 [Simulation:Info:toast@toast-new:Simulation not generated] Magnitude 5.86 of event bmg2025qeqg is smaller than triggerMinMagnitude: no automatic simulation
2025/08/19 12:28:19.784052 [Incident:Info:toast@toast-new:Origin updated] Origin updated: OT: 2025-08-19 05:19:50,  Lat/Lon: 34.523°/72.5189°, Depth: 10
2025/08/19 12:28:19.784450 [Incident:Info:toast@toast-new:Magnitude updated] Magnitude updated: 5.82 (M)
2025/08/19 12:28:19.784657 [Simulation:Info:toast@toast-new:Simulation not generated] Magnitude 5.82 of event bmg2025qeqg is smaller than triggerMinMagnitude: no automatic simulation
2025/08/19 12:28:25.064903 [Incident:Info:toast@toast-new:Origin updated] Origin updated: OT: 2025-08-19 05:19:50,  Lat/Lon: 34.523°/72.5189°, Depth: 10
2025/08/19 12:28:25.065349 [Incident:Info:toast@toast-new:Magnitude updated] Magnitude updated: 5.89 (M)
2025/08/19 12:28:25.065583 [Simulation:Info:toast@toast-new:Simulation not generated] Magnitude 5.89 of event bmg2025qeqg is smaller than triggerMinMagnitude: no automatic simulation
2025/08/19 12:28:30.066377 [Incident:Info:toast@toast-new:Origin updated] Origin updated: OT: 2025-08-19 05:19:50,  Lat/Lon: 34.523°/72.5189°, Depth: 10
2025/08/19 12:28:30.067046 [Incident:Info:toast@toast-new:Magnitude updated] Magnitude updated: 5.81 (M)
2025/08/19 12:28:30.067515 [Simulation:Info:toast@toast-new:Simulation not generated] Magnitude 5.81 of event bmg2025qeqg is smaller than triggerMinMagnitude: no automatic simulation
2025/08/19 12:28:35.090855 [Incident:Info:toast@toast-new:Origin updated] Origin updated: OT: 2025-08-19 05:19:50,  Lat/Lon: 34.523°/72.5189°, Depth: 10
2025/08/19 12:28:35.091333 [Incident:Info:toast@toast-new:Magnitude updated] Magnitude updated: 5.91 (M)
2025/08/19 12:28:35.091582 [Simulation:Info:toast@toast-new:Simulation not generated] Magnitude 5.91 of event bmg2025qeqg is smaller than triggerMinMagnitude: no automatic simulation
2025/08/19 12:28:36.590923 [Incident:Info:toast@toast-new:Origin updated] Origin updated: OT: 2025-08-19 05:19:34,  Lat/Lon: 36.3133°/71.1636°, Depth: 10
2025/08/19 12:28:36.591444 [Incident:Info:toast@toast-new:Magnitude updated] Magnitude updated: 5.77 (M)
2025/08/19 12:28:36.591697 [Simulation:Info:toast@toast-new:Simulation not generated] Magnitude 5.77 of event bmg2025qeqg is smaller than triggerMinMagnitude: no automatic simulation
2025/08/19 12:28:40.100471 [Incident:Info:toast@toast-new:Origin updated] Origin updated: OT: 2025-08-19 05:19:34,  Lat/Lon: 36.3133°/71.1636°, Depth: 10
2025/08/19 12:28:40.101013 [Incident:Info:toast@toast-new:Magnitude updated] Magnitude updated: 5.75 (M)
2025/08/19 12:28:40.101293 [Simulation:Info:toast@toast-new:Simulation not generated] Magnitude 5.75 of event bmg2025qeqg is smaller than triggerMinMagnitude: no automatic simulation
2025/08/19 12:28:45.064145 [Incident:Info:toast@toast-new:Origin updated] Origin updated: OT: 2025-08-19 05:19:34,  Lat/Lon: 36.3133°/71.1636°, Depth: 10
2025/08/19 12:28:45.064615 [Incident:Info:toast@toast-new:Magnitude updated] Magnitude updated: 5.74 (M)
2025/08/19 12:28:45.064853 [Simulation:Info:toast@toast-new:Simulation not generated] Magnitude 5.74 of event bmg2025qeqg is smaller than triggerMinMagnitude: no automatic simulation
2025/08/19 12:28:55.052694 [Incident:Info:toast@toast-new:Origin updated] Origin updated: OT: 2025-08-19 05:19:34,  Lat/Lon: 36.3133°/71.1636°, Depth: 10
2025/08/19 12:28:55.053204 [Incident:Info:toast@toast-new:Magnitude updated] Magnitude updated: 5.72 (M)
2025/08/19 12:28:55.053453 [Simulation:Info:toast@toast-new:Simulation not generated] Magnitude 5.72 of event bmg2025qeqg is smaller than triggerMinMagnitude: no automatic simulation
2025/08/19 12:29:00.047115 [Incident:Info:toast@toast-new:Origin updated] Origin updated: OT: 2025-08-19 05:19:34,  Lat/Lon: 36.3133°/71.1636°, Depth: 10
2025/08/19 12:29:00.047617 [Incident:Info:toast@toast-new:Magnitude updated] Magnitude updated: 5.72 (M)
2025/08/19 12:29:00.047871 [Simulation:Info:toast@toast-new:Simulation not generated] Magnitude 5.72 of event bmg2025qeqg is smaller than triggerMinMagnitude: no automatic simulation
2025/08/19 12:29:00.648213 [Incident:Info:toast@toast-new:Origin updated] Origin updated: OT: 2025-08-19 05:19:33,  Lat/Lon: 36.2942°/71.1687°, Depth: 10
2025/08/19 12:29:00.648664 [Incident:Info:toast@toast-new:Magnitude updated] Magnitude updated: 5.72 (M)
2025/08/19 12:29:00.648898 [Simulation:Info:toast@toast-new:Simulation not generated] Magnitude 5.72 of event bmg2025qeqg is smaller than triggerMinMagnitude: no automatic simulation
2025/08/19 12:29:05.058537 [Incident:Info:toast@toast-new:Origin updated] Origin updated: OT: 2025-08-19 05:19:33,  Lat/Lon: 36.2942°/71.1687°, Depth: 10
2025/08/19 12:29:05.059047 [Incident:Info:toast@toast-new:Magnitude updated] Magnitude updated: 5.80 (M)
2025/08/19 12:29:05.059347 [Simulation:Info:toast@toast-new:Simulation not generated] Magnitude 5.80 of event bmg2025qeqg is smaller than triggerMinMagnitude: no automatic simulation
2025/08/19 12:29:10.040657 [Incident:Info:toast@toast-new:Origin updated] Origin updated: OT: 2025-08-19 05:19:33,  Lat/Lon: 36.2942°/71.1687°, Depth: 10
2025/08/19 12:29:10.043002 [Incident:Info:toast@toast-new:Magnitude updated] Magnitude updated: 5.80 (M)
2025/08/19 12:29:10.043342 [Simulation:Info:toast@toast-new:Simulation not generated] Magnitude 5.80 of event bmg2025qeqg is smaller than triggerMinMagnitude: no automatic simulation
2025/08/19 12:29:15.053636 [Incident:Info:toast@toast-new:Origin updated] Origin updated: OT: 2025-08-19 05:19:33,  Lat/Lon: 36.2942°/71.1687°, Depth: 10
2025/08/19 12:29:15.054241 [Incident:Info:toast@toast-new:Magnitude updated] Magnitude updated: 5.84 (M)
2025/08/19 12:29:15.054566 [Simulation:Info:toast@toast-new:Simulation not generated] Magnitude 5.84 of event bmg2025qeqg is smaller than triggerMinMagnitude: no automatic simulation
2025/08/19 12:29:20.046379 [Incident:Info:toast@toast-new:Origin updated] Origin updated: OT: 2025-08-19 05:19:33,  Lat/Lon: 36.2942°/71.1687°, Depth: 10
2025/08/19 12:29:20.046887 [Incident:Info:toast@toast-new:Magnitude updated] Magnitude updated: 5.81 (M)
2025/08/19 12:29:20.047167 [Simulation:Info:toast@toast-new:Simulation not generated] Magnitude 5.81 of event bmg2025qeqg is smaller than triggerMinMagnitude: no automatic simulation
2025/08/19 12:29:30.057924 [Incident:Info:toast@toast-new:Origin updated] Origin updated: OT: 2025-08-19 05:19:33,  Lat/Lon: 36.2942°/71.1687°, Depth: 10
2025/08/19 12:29:30.058524 [Incident:Info:toast@toast-new:Magnitude updated] Magnitude updated: 5.81 (M)
2025/08/19 12:29:30.058853 [Simulation:Info:toast@toast-new:Simulation not generated] Magnitude 5.81 of event bmg2025qeqg is smaller than triggerMinMagnitude: no automatic simulation
2025/08/19 12:29:30.428169 [Incident:Info:toast@toast-new:Origin updated] Origin updated: OT: 2025-08-19 05:19:33,  Lat/Lon: 36.1823°/70.9701°, Depth: 10
2025/08/19 12:29:30.428982 [Incident:Info:toast@toast-new:Magnitude updated] Magnitude updated: 5.87 (M)
2025/08/19 12:29:30.429475 [Simulation:Info:toast@toast-new:Simulation not generated] Magnitude 5.87 of event bmg2025qeqg is smaller than triggerMinMagnitude: no automatic simulation
2025/08/19 12:29:35.061001 [Incident:Info:toast@toast-new:Origin updated] Origin updated: OT: 2025-08-19 05:19:33,  Lat/Lon: 36.1823°/70.9701°, Depth: 10
2025/08/19 12:29:35.061561 [Incident:Info:toast@toast-new:Magnitude updated] Magnitude updated: 5.87 (M)
2025/08/19 12:29:35.061874 [Simulation:Info:toast@toast-new:Simulation not generated] Magnitude 5.87 of event bmg2025qeqg is smaller than triggerMinMagnitude: no automatic simulation
2025/08/19 12:29:40.043942 [Incident:Info:toast@toast-new:Origin updated] Origin updated: OT: 2025-08-19 05:19:33,  Lat/Lon: 36.1823°/70.9701°, Depth: 10
2025/08/19 12:29:40.044606 [Incident:Info:toast@toast-new:Magnitude updated] Magnitude updated: 5.88 (Mw(mB))
2025/08/19 12:29:40.044995 [Simulation:Info:toast@toast-new:Simulation not generated] Magnitude 5.88 of event bmg2025qeqg is smaller than triggerMinMagnitude: no automatic simulation
2025/08/19 12:29:55.057297 [Incident:Info:toast@toast-new:Origin updated] Origin updated: OT: 2025-08-19 05:19:33,  Lat/Lon: 36.1823°/70.9701°, Depth: 10
2025/08/19 12:29:55.058198 [Incident:Info:toast@toast-new:Magnitude updated] Magnitude updated: 5.86 (Mw(mB))
2025/08/19 12:29:55.058812 [Simulation:Info:toast@toast-new:Simulation not generated] Magnitude 5.86 of event bmg2025qeqg is smaller than triggerMinMagnitude: no automatic simulation
2025/08/19 12:30:03.584629 [Incident:Info:toast@toast-new:Origin updated] Origin updated: OT: 2025-08-19 05:19:33,  Lat/Lon: 36.2603°/70.9891°, Depth: 10
2025/08/19 12:30:03.585355 [Incident:Info:toast@toast-new:Magnitude updated] Magnitude updated: 5.81 (Mw(mB))
2025/08/19 12:30:03.585749 [Simulation:Info:toast@toast-new:Simulation not generated] Magnitude 5.81 of event bmg2025qeqg is smaller than triggerMinMagnitude: no automatic simulation
2025/08/19 12:30:15.045449 [Incident:Info:toast@toast-new:Origin updated] Origin updated: OT: 2025-08-19 05:19:33,  Lat/Lon: 36.2603°/70.9891°, Depth: 10
2025/08/19 12:30:15.046124 [Incident:Info:toast@toast-new:Magnitude updated] Magnitude updated: 5.83 (Mw(mB))
2025/08/19 12:30:15.046486 [Simulation:Info:toast@toast-new:Simulation not generated] Magnitude 5.83 of event bmg2025qeqg is smaller than triggerMinMagnitude: no automatic simulation
2025/08/19 12:30:34.765360 [Incident:Info:toast@toast-new:Origin updated] Origin updated: OT: 2025-08-19 05:19:31,  Lat/Lon: 36.486°/71.0165°, Depth: 10
2025/08/19 12:30:34.766087 [Incident:Info:toast@toast-new:Magnitude updated] Magnitude updated: 5.85 (Mw(mB))
2025/08/19 12:30:34.766519 [Simulation:Info:toast@toast-new:Simulation not generated] Magnitude 5.85 of event bmg2025qeqg is smaller than triggerMinMagnitude: no automatic simulation
2025/08/19 12:30:35.052462 [Incident:Info:toast@toast-new:Origin updated] Origin updated: OT: 2025-08-19 05:19:31,  Lat/Lon: 36.486°/71.0165°, Depth: 10
2025/08/19 12:30:35.053285 [Incident:Info:toast@toast-new:Magnitude updated] Magnitude updated: 5.83 (Mw(mB))
2025/08/19 12:30:35.053837 [Simulation:Info:toast@toast-new:Simulation not generated] Magnitude 5.83 of event bmg2025qeqg is smaller than triggerMinMagnitude: no automatic simulation
2025/08/19 12:30:40.051662 [Incident:Info:toast@toast-new:Origin updated] Origin updated: OT: 2025-08-19 05:19:31,  Lat/Lon: 36.486°/71.0165°, Depth: 10
2025/08/19 12:30:40.052399 [Incident:Info:toast@toast-new:Magnitude updated] Magnitude updated: 5.79 (Mw(mB))
2025/08/19 12:30:40.052803 [Simulation:Info:toast@toast-new:Simulation not generated] Magnitude 5.79 of event bmg2025qeqg is smaller than triggerMinMagnitude: no automatic simulation
2025/08/19 12:30:45.048328 [Incident:Info:toast@toast-new:Origin updated] Origin updated: OT: 2025-08-19 05:19:31,  Lat/Lon: 36.486°/71.0165°, Depth: 10
2025/08/19 12:30:45.049141 [Incident:Info:toast@toast-new:Magnitude updated] Magnitude updated: 5.79 (Mw(mB))
2025/08/19 12:30:45.049617 [Simulation:Info:toast@toast-new:Simulation not generated] Magnitude 5.79 of event bmg2025qeqg is smaller than triggerMinMagnitude: no automatic simulation
2025/08/19 12:31:00.048797 [Incident:Info:toast@toast-new:Origin updated] Origin updated: OT: 2025-08-19 05:19:31,  Lat/Lon: 36.486°/71.0165°, Depth: 10
2025/08/19 12:31:00.049868 [Incident:Info:toast@toast-new:Magnitude updated] Magnitude updated: 5.77 (Mw(mB))
2025/08/19 12:31:00.050563 [Simulation:Info:toast@toast-new:Simulation not generated] Magnitude 5.77 of event bmg2025qeqg is smaller than triggerMinMagnitude: no automatic simulation
2025/08/19 12:31:05.046575 [Incident:Info:toast@toast-new:Origin updated] Origin updated: OT: 2025-08-19 05:19:31,  Lat/Lon: 36.486°/71.0165°, Depth: 10
2025/08/19 12:31:05.047329 [Incident:Info:toast@toast-new:Magnitude updated] Magnitude updated: 5.76 (Mw(mB))
2025/08/19 12:31:05.047762 [Simulation:Info:toast@toast-new:Simulation not generated] Magnitude 5.76 of event bmg2025qeqg is smaller than triggerMinMagnitude: no automatic simulation
2025/08/19 12:31:22.793770 [Incident:Info:toast@toast-new:Origin updated] Origin updated: OT: 2025-08-19 05:19:31,  Lat/Lon: 36.486°/71.0165°, Depth: 10
2025/08/19 12:31:22.794448 [Incident:Info:toast@toast-new:Magnitude updated] Magnitude updated: 5.74 (Mw(mB))
2025/08/19 12:31:22.794864 [Simulation:Info:toast@toast-new:Simulation not generated] Magnitude 5.74 of event bmg2025qeqg is smaller than triggerMinMagnitude: no automatic simulation
2025/08/19 12:31:22.823106 [Incident:Info:toast@toast-new:Origin updated] Origin updated: OT: 2025-08-19 05:19:31,  Lat/Lon: 36.4924°/70.9768°, Depth: 10
2025/08/19 12:31:22.823695 [Incident:Info:toast@toast-new:Magnitude updated] Magnitude updated: 5.74 (Mw(mB))
2025/08/19 12:31:22.824037 [Simulation:Info:toast@toast-new:Simulation not generated] Magnitude 5.74 of event bmg2025qeqg is smaller than triggerMinMagnitude: no automatic simulation
2025/08/19 12:32:02.689534 [Incident:Info:toast@toast-new:Origin updated] Origin updated: OT: 2025-08-19 05:19:49,  Lat/Lon: 36.4003°/70.9219°, Depth: 169.844
2025/08/19 12:32:02.690423 [Incident:Info:toast@toast-new:Magnitude updated] Magnitude updated: 5.38 (Mw(mB))
2025/08/19 12:32:02.690947 [Simulation:Info:toast@toast-new:Simulation not generated] Magnitude 5.38 of event bmg2025qeqg is smaller than triggerMinMagnitude: no automatic simulation
2025/08/19 14:09:12.583466 [Incident:Info:toast@toast-new:Origin updated] Origin updated: OT: 2025-08-19 05:19:49,  Lat/Lon: 36.4003°/70.9219°, Depth: 169.844
2025/08/19 14:09:12.584121 [Incident:Info:toast@toast-new:FM updated] FM updated
2025/08/19 14:09:12.584577 [Simulation:Info:toast@toast-new:Simulation not generated] Magnitude 5.38 of event bmg2025qeqg is smaller than triggerMinMagnitude: no automatic simulation
2025/08/19 17:19:26.988940 [Incident:Info:toast@toast-new:Origin updated] Origin updated: OT: 2025-08-19 05:19:48,  Lat/Lon: 36.4772°/70.9082°, Depth: 169.383
2025/08/19 17:19:26.989631 [Incident:Info:toast@toast-new:Magnitude updated] Magnitude updated: 5.40 (Mw(mB))
2025/08/19 17:19:26.989968 [Incident:Info:toast@toast-new:FM updated] FM updated
2025/08/19 17:19:26.990438 [Simulation:Info:toast@toast-new:Simulation not generated] Magnitude 5.40 of event bmg2025qeqg is smaller than triggerMinMagnitude: no automatic simulation
2025/08/19 17:19:27.004275 [Incident:Info:toast@toast-new:Origin updated] Origin updated: OT: 2025-08-19 05:19:48,  Lat/Lon: 36.4772°/70.9082°, Depth: 169.383
2025/08/19 17:19:27.004869 [Incident:Info:toast@toast-new:Magnitude updated] Magnitude updated: 5.37 (mb)
2025/08/19 17:19:27.005219 [Simulation:Info:toast@toast-new:Simulation not generated] Magnitude 5.37 of event bmg2025qeqg is smaller than triggerMinMagnitude: no automatic simulation
