2025/09/13 00:38:04.475905 [Incident:Info:toast@toast-new:Displacement(s) updated] Added 0 and changed 0 displacements with 0 amplitudes
2025/09/13 00:38:04.476324 [Incident:Info:toast@toast-new:Incident created] Incident created based on event received from messaging: OT: 2025-09-12 17:30:16,  Lat/Lon: -12.16°/159.97°, Depth: 10.00, Mag: 5.00 (M)
2025/09/13 00:38:04.476618 [Simulation:Info:toast@toast-new:Simulation not generated] Magnitude 5.00 of event bmg2025rxkl is smaller than triggerMinMagnitude: no automatic simulation
2025/09/13 00:38:04.485474 [Incident:Info:toast@toast-new:Origin updated] Origin updated: OT: 2025-09-12 17:30:16,  Lat/Lon: -12.1623°/159.975°, Depth: 10
2025/09/13 00:38:04.485546 [Simulation:Info:toast@toast-new:Simulation not generated] Magnitude 5.00 of event bmg2025rxkl is smaller than triggerMinMagnitude: no automatic simulation
2025/09/13 00:38:12.955688 [Incident:Info:toast@toast-new:Origin updated] Origin updated: OT: 2025-09-12 17:30:16,  Lat/Lon: -12.1725°/159.984°, Depth: 10
2025/09/13 00:38:12.955871 [Incident:Info:toast@toast-new:Magnitude updated] Magnitude updated: 5.01 (M)
2025/09/13 00:38:12.955901 [Simulation:Info:toast@toast-new:Simulation not generated] Magnitude 5.01 of event bmg2025rxkl is smaller than triggerMinMagnitude: no automatic simulation
2025/09/13 00:38:22.968183 [Incident:Info:toast@toast-new:Origin updated] Origin updated: OT: 2025-09-12 17:30:16,  Lat/Lon: -12.1886°/160.003°, Depth: 10
2025/09/13 00:38:22.968353 [Incident:Info:toast@toast-new:Magnitude updated] Magnitude updated: 5.01 (M)
2025/09/13 00:38:22.968382 [Simulation:Info:toast@toast-new:Simulation not generated] Magnitude 5.01 of event bmg2025rxkl is smaller than triggerMinMagnitude: no automatic simulation
2025/09/13 00:38:32.966411 [Incident:Info:toast@toast-new:Origin updated] Origin updated: OT: 2025-09-12 17:30:16,  Lat/Lon: -12.1897°/160.004°, Depth: 10
2025/09/13 00:38:32.966586 [Incident:Info:toast@toast-new:Magnitude updated] Magnitude updated: 5.01 (M)
2025/09/13 00:38:32.966622 [Simulation:Info:toast@toast-new:Simulation not generated] Magnitude 5.01 of event bmg2025rxkl is smaller than triggerMinMagnitude: no automatic simulation
2025/09/13 00:38:52.001000 [Incident:Info:toast@toast-new:Origin updated] Origin updated: OT: 2025-09-12 17:30:15,  Lat/Lon: -12.2017°/160.04°, Depth: 10
2025/09/13 00:38:52.001235 [Incident:Info:toast@toast-new:Magnitude updated] Magnitude updated: 5.02 (M)
2025/09/13 00:38:52.001281 [Simulation:Info:toast@toast-new:Simulation not generated] Magnitude 5.02 of event bmg2025rxkl is smaller than triggerMinMagnitude: no automatic simulation
2025/09/13 00:39:02.977734 [Incident:Info:toast@toast-new:Origin updated] Origin updated: OT: 2025-09-12 17:30:15,  Lat/Lon: -12.2148°/160.058°, Depth: 10
2025/09/13 00:39:02.977936 [Incident:Info:toast@toast-new:Magnitude updated] Magnitude updated: 5.04 (M)
2025/09/13 00:39:02.977977 [Simulation:Info:toast@toast-new:Simulation not generated] Magnitude 5.04 of event bmg2025rxkl is smaller than triggerMinMagnitude: no automatic simulation
2025/09/13 00:39:17.986487 [Incident:Info:toast@toast-new:Origin updated] Origin updated: OT: 2025-09-12 17:30:14,  Lat/Lon: -12.2275°/160.097°, Depth: 10
2025/09/13 00:39:17.986674 [Incident:Info:toast@toast-new:Magnitude updated] Magnitude updated: 5.05 (M)
2025/09/13 00:39:17.986702 [Simulation:Info:toast@toast-new:Simulation not generated] Magnitude 5.05 of event bmg2025rxkl is smaller than triggerMinMagnitude: no automatic simulation
2025/09/13 00:39:28.588874 [Incident:Info:toast@toast-new:Origin updated] Origin updated: OT: 2025-09-12 17:30:14,  Lat/Lon: -12.2275°/160.097°, Depth: 10
2025/09/13 00:39:28.589017 [Incident:Info:toast@toast-new:Magnitude updated] Magnitude updated: 5.05 (M)
2025/09/13 00:39:28.589063 [Simulation:Info:toast@toast-new:Simulation not generated] Magnitude 5.05 of event bmg2025rxkl is smaller than triggerMinMagnitude: no automatic simulation
2025/09/13 00:39:30.304028 [Incident:Info:toast@toast-new:Origin updated] Origin updated: OT: 2025-09-12 17:30:14,  Lat/Lon: -12.2556°/160.131°, Depth: 10
2025/09/13 00:39:30.304209 [Incident:Info:toast@toast-new:Magnitude updated] Magnitude updated: 5.07 (M)
2025/09/13 00:39:30.304238 [Simulation:Info:toast@toast-new:Simulation not generated] Magnitude 5.07 of event bmg2025rxkl is smaller than triggerMinMagnitude: no automatic simulation
2025/09/13 00:40:08.588237 [Incident:Info:toast@toast-new:Origin updated] Origin updated: OT: 2025-09-12 17:30:14,  Lat/Lon: -12.2556°/160.131°, Depth: 10
2025/09/13 00:40:08.588395 [Incident:Info:toast@toast-new:Magnitude updated] Magnitude updated: 5.05 (M)
2025/09/13 00:40:08.588425 [Simulation:Info:toast@toast-new:Simulation not generated] Magnitude 5.05 of event bmg2025rxkl is smaller than triggerMinMagnitude: no automatic simulation
2025/09/13 00:40:39.766723 [Incident:Info:toast@toast-new:Origin updated] Origin updated: OT: 2025-09-12 17:30:13,  Lat/Lon: -12.2853°/160.194°, Depth: 10
2025/09/13 00:40:39.766911 [Incident:Info:toast@toast-new:Magnitude updated] Magnitude updated: 5.06 (M)
2025/09/13 00:40:39.766942 [Simulation:Info:toast@toast-new:Simulation not generated] Magnitude 5.06 of event bmg2025rxkl is smaller than triggerMinMagnitude: no automatic simulation
2025/09/13 05:01:24.058557 [Incident:Info:toast@toast-new:Origin updated] Origin updated: OT: 2025-09-12 17:29:45,  Lat/Lon: -10.6823°/164.963°, Depth: 62.1327
2025/09/13 05:01:24.058750 [Incident:Info:toast@toast-new:Magnitude updated] Magnitude updated: 5.24 (mb)
2025/09/13 05:01:24.058793 [Simulation:Info:toast@toast-new:Simulation not generated] Magnitude 5.24 of event bmg2025rxkl is smaller than triggerMinMagnitude: no automatic simulation
2025/09/13 05:01:24.081259 [Incident:Info:toast@toast-new:Origin updated] Origin updated: OT: 2025-09-12 17:29:45,  Lat/Lon: -10.6823°/164.963°, Depth: 62.1327
2025/09/13 05:01:24.081355 [Simulation:Info:toast@toast-new:Simulation not generated] Magnitude 5.24 of event bmg2025rxkl is smaller than triggerMinMagnitude: no automatic simulation
