2025/09/21 08:24:02.291027 [Incident:Info:toast@toast-new:Displacement(s) updated] Added 0 and changed 0 displacements with 0 amplitudes
2025/09/21 08:24:02.292954 [Incident:Info:toast@toast-new:Incident created] Incident created based on event received from messaging: OT: 2025-09-21 01:13:36,  Lat/Lon: 52.99°/160.85°, Depth: 10.00, Mag: 5.51 (M)
2025/09/21 08:24:02.293556 [Simulation:Info:toast@toast-new:Simulation not generated] Magnitude 5.51 of event bmg2025smpt is smaller than triggerMinMagnitude: no automatic simulation
2025/09/21 08:24:02.316152 [Incident:Info:toast@toast-new:Origin updated] Origin updated: OT: 2025-09-21 01:13:36,  Lat/Lon: 52.9891°/160.85°, Depth: 10
2025/09/21 08:24:02.316294 [Simulation:Info:toast@toast-new:Simulation not generated] Magnitude 5.51 of event bmg2025smpt is smaller than triggerMinMagnitude: no automatic simulation
2025/09/21 08:24:08.608225 [Incident:Info:toast@toast-new:Origin updated] Origin updated: OT: 2025-09-21 01:13:36,  Lat/Lon: 52.9891°/160.85°, Depth: 10
2025/09/21 08:24:08.608405 [Incident:Info:toast@toast-new:Magnitude updated] Magnitude updated: 5.51 (M)
2025/09/21 08:24:08.608438 [Simulation:Info:toast@toast-new:Simulation not generated] Magnitude 5.51 of event bmg2025smpt is smaller than triggerMinMagnitude: no automatic simulation
2025/09/21 08:24:13.578421 [Incident:Info:toast@toast-new:Origin updated] Origin updated: OT: 2025-09-21 01:13:36,  Lat/Lon: 52.9934°/160.86°, Depth: 10
2025/09/21 08:24:13.615735 [Incident:Info:toast@toast-new:Magnitude updated] Magnitude updated: 5.51 (M)
2025/09/21 08:24:13.615830 [Simulation:Info:toast@toast-new:Simulation not generated] Magnitude 5.51 of event bmg2025smpt is smaller than triggerMinMagnitude: no automatic simulation
2025/09/21 08:24:23.597166 [Incident:Info:toast@toast-new:Origin updated] Origin updated: OT: 2025-09-21 01:13:36,  Lat/Lon: 52.9934°/160.86°, Depth: 10
2025/09/21 08:24:23.597342 [Incident:Info:toast@toast-new:Magnitude updated] Magnitude updated: 5.53 (M)
2025/09/21 08:24:23.597375 [Simulation:Info:toast@toast-new:Simulation not generated] Magnitude 5.53 of event bmg2025smpt is smaller than triggerMinMagnitude: no automatic simulation
2025/09/21 08:24:28.610900 [Incident:Info:toast@toast-new:Origin updated] Origin updated: OT: 2025-09-21 01:13:36,  Lat/Lon: 52.9934°/160.86°, Depth: 10
2025/09/21 08:24:28.611109 [Incident:Info:toast@toast-new:Magnitude updated] Magnitude updated: 5.53 (M)
2025/09/21 08:24:28.611159 [Simulation:Info:toast@toast-new:Simulation not generated] Magnitude 5.53 of event bmg2025smpt is smaller than triggerMinMagnitude: no automatic simulation
2025/09/21 08:24:30.926296 [Incident:Info:toast@toast-new:Origin updated] Origin updated: OT: 2025-09-21 01:13:36,  Lat/Lon: 52.9884°/160.858°, Depth: 10
2025/09/21 08:24:30.926514 [Incident:Info:toast@toast-new:Magnitude updated] Magnitude updated: 5.53 (M)
2025/09/21 08:24:30.926560 [Simulation:Info:toast@toast-new:Simulation not generated] Magnitude 5.53 of event bmg2025smpt is smaller than triggerMinMagnitude: no automatic simulation
2025/09/21 08:24:33.633680 [Incident:Info:toast@toast-new:Origin updated] Origin updated: OT: 2025-09-21 01:13:36,  Lat/Lon: 52.9884°/160.858°, Depth: 10
2025/09/21 08:24:33.633884 [Incident:Info:toast@toast-new:Magnitude updated] Magnitude updated: 5.54 (M)
2025/09/21 08:24:33.633931 [Simulation:Info:toast@toast-new:Simulation not generated] Magnitude 5.54 of event bmg2025smpt is smaller than triggerMinMagnitude: no automatic simulation
2025/09/21 08:24:38.621541 [Incident:Info:toast@toast-new:Origin updated] Origin updated: OT: 2025-09-21 01:13:36,  Lat/Lon: 52.9884°/160.858°, Depth: 10
2025/09/21 08:24:38.623181 [Incident:Info:toast@toast-new:Magnitude updated] Magnitude updated: 5.55 (M)
2025/09/21 08:24:38.623255 [Simulation:Info:toast@toast-new:Simulation not generated] Magnitude 5.55 of event bmg2025smpt is smaller than triggerMinMagnitude: no automatic simulation
2025/09/21 08:24:43.598005 [Incident:Info:toast@toast-new:Origin updated] Origin updated: OT: 2025-09-21 01:13:36,  Lat/Lon: 52.9884°/160.858°, Depth: 10
2025/09/21 08:24:43.598223 [Incident:Info:toast@toast-new:Magnitude updated] Magnitude updated: 5.57 (M)
2025/09/21 08:24:43.598272 [Simulation:Info:toast@toast-new:Simulation not generated] Magnitude 5.57 of event bmg2025smpt is smaller than triggerMinMagnitude: no automatic simulation
2025/09/21 08:24:48.592930 [Incident:Info:toast@toast-new:Origin updated] Origin updated: OT: 2025-09-21 01:13:36,  Lat/Lon: 52.9884°/160.858°, Depth: 10
2025/09/21 08:24:48.593091 [Incident:Info:toast@toast-new:Magnitude updated] Magnitude updated: 5.57 (M)
2025/09/21 08:24:48.593124 [Simulation:Info:toast@toast-new:Simulation not generated] Magnitude 5.57 of event bmg2025smpt is smaller than triggerMinMagnitude: no automatic simulation
2025/09/21 08:24:53.585692 [Incident:Info:toast@toast-new:Origin updated] Origin updated: OT: 2025-09-21 01:13:36,  Lat/Lon: 52.9884°/160.858°, Depth: 10
2025/09/21 08:24:53.585865 [Incident:Info:toast@toast-new:Magnitude updated] Magnitude updated: 5.61 (M)
2025/09/21 08:24:53.585901 [Simulation:Info:toast@toast-new:Simulation not generated] Magnitude 5.61 of event bmg2025smpt is smaller than triggerMinMagnitude: no automatic simulation
2025/09/21 08:24:53.812112 [Incident:Info:toast@toast-new:Origin updated] Origin updated: OT: 2025-09-21 01:13:36,  Lat/Lon: 52.9724°/160.883°, Depth: 10
2025/09/21 08:24:53.812339 [Incident:Info:toast@toast-new:Magnitude updated] Magnitude updated: 5.63 (M)
2025/09/21 08:24:53.812389 [Simulation:Info:toast@toast-new:Simulation not generated] Magnitude 5.63 of event bmg2025smpt is smaller than triggerMinMagnitude: no automatic simulation
2025/09/21 08:24:58.601955 [Incident:Info:toast@toast-new:Origin updated] Origin updated: OT: 2025-09-21 01:13:36,  Lat/Lon: 52.9724°/160.883°, Depth: 10
2025/09/21 08:24:58.602132 [Incident:Info:toast@toast-new:Magnitude updated] Magnitude updated: 5.73 (Mw(mB))
2025/09/21 08:24:58.602182 [Simulation:Info:toast@toast-new:Simulation not generated] Magnitude 5.73 of event bmg2025smpt is smaller than triggerMinMagnitude: no automatic simulation
2025/09/21 08:24:58.629476 [Incident:Info:toast@toast-new:Origin updated] Origin updated: OT: 2025-09-21 01:13:36,  Lat/Lon: 52.9724°/160.883°, Depth: 10
2025/09/21 08:24:58.629637 [Simulation:Info:toast@toast-new:Simulation not generated] Magnitude 5.73 of event bmg2025smpt is smaller than triggerMinMagnitude: no automatic simulation
2025/09/21 08:25:08.627344 [Incident:Info:toast@toast-new:Origin updated] Origin updated: OT: 2025-09-21 01:13:36,  Lat/Lon: 52.9724°/160.883°, Depth: 10
2025/09/21 08:25:08.627544 [Incident:Info:toast@toast-new:Magnitude updated] Magnitude updated: 5.73 (Mw(mB))
2025/09/21 08:25:08.627590 [Simulation:Info:toast@toast-new:Simulation not generated] Magnitude 5.73 of event bmg2025smpt is smaller than triggerMinMagnitude: no automatic simulation
2025/09/21 08:25:17.734435 [Incident:Info:toast@toast-new:Origin updated] Origin updated: OT: 2025-09-21 01:13:36,  Lat/Lon: 52.9724°/160.883°, Depth: 10
2025/09/21 08:25:17.734626 [Incident:Info:toast@toast-new:Magnitude updated] Magnitude updated: 5.71 (Mw(mB))
2025/09/21 08:25:17.734666 [Simulation:Info:toast@toast-new:Simulation not generated] Magnitude 5.71 of event bmg2025smpt is smaller than triggerMinMagnitude: no automatic simulation
2025/09/21 08:25:17.781200 [Incident:Info:toast@toast-new:Origin updated] Origin updated: OT: 2025-09-21 01:13:36,  Lat/Lon: 52.9644°/160.888°, Depth: 10
2025/09/21 08:25:17.781390 [Incident:Info:toast@toast-new:Magnitude updated] Magnitude updated: 5.70 (Mw(mB))
2025/09/21 08:25:17.781425 [Simulation:Info:toast@toast-new:Simulation not generated] Magnitude 5.70 of event bmg2025smpt is smaller than triggerMinMagnitude: no automatic simulation
2025/09/21 08:25:18.598937 [Incident:Info:toast@toast-new:Origin updated] Origin updated: OT: 2025-09-21 01:13:36,  Lat/Lon: 52.9644°/160.888°, Depth: 10
2025/09/21 08:25:18.599100 [Incident:Info:toast@toast-new:Magnitude updated] Magnitude updated: 5.69 (Mw(mB))
2025/09/21 08:25:18.599135 [Simulation:Info:toast@toast-new:Simulation not generated] Magnitude 5.69 of event bmg2025smpt is smaller than triggerMinMagnitude: no automatic simulation
2025/09/21 08:25:23.634721 [Incident:Info:toast@toast-new:Origin updated] Origin updated: OT: 2025-09-21 01:13:36,  Lat/Lon: 52.9644°/160.888°, Depth: 10
2025/09/21 08:25:23.634903 [Incident:Info:toast@toast-new:Magnitude updated] Magnitude updated: 5.68 (Mw(mB))
2025/09/21 08:25:23.634938 [Simulation:Info:toast@toast-new:Simulation not generated] Magnitude 5.68 of event bmg2025smpt is smaller than triggerMinMagnitude: no automatic simulation
2025/09/21 08:25:28.777481 [Incident:Info:toast@toast-new:Origin updated] Origin updated: OT: 2025-09-21 01:13:35,  Lat/Lon: 52.9662°/160.869°, Depth: 10
2025/09/21 08:25:28.777739 [Incident:Info:toast@toast-new:Magnitude updated] Magnitude updated: 5.68 (Mw(mB))
2025/09/21 08:25:28.777791 [Simulation:Info:toast@toast-new:Simulation not generated] Magnitude 5.68 of event bmg2025smpt is smaller than triggerMinMagnitude: no automatic simulation
2025/09/21 08:25:33.624427 [Incident:Info:toast@toast-new:Origin updated] Origin updated: OT: 2025-09-21 01:13:35,  Lat/Lon: 52.9662°/160.869°, Depth: 10
2025/09/21 08:25:33.624591 [Incident:Info:toast@toast-new:Magnitude updated] Magnitude updated: 5.69 (Mw(mB))
2025/09/21 08:25:33.624624 [Simulation:Info:toast@toast-new:Simulation not generated] Magnitude 5.69 of event bmg2025smpt is smaller than triggerMinMagnitude: no automatic simulation
2025/09/21 08:25:38.787510 [Incident:Info:toast@toast-new:Origin updated] Origin updated: OT: 2025-09-21 01:13:35,  Lat/Lon: 52.9485°/160.885°, Depth: 10
2025/09/21 08:25:38.787697 [Incident:Info:toast@toast-new:Magnitude updated] Magnitude updated: 5.66 (Mw(mB))
2025/09/21 08:25:38.787728 [Simulation:Info:toast@toast-new:Simulation not generated] Magnitude 5.66 of event bmg2025smpt is smaller than triggerMinMagnitude: no automatic simulation
2025/09/21 08:25:43.677346 [Incident:Info:toast@toast-new:Origin updated] Origin updated: OT: 2025-09-21 01:13:35,  Lat/Lon: 52.9485°/160.885°, Depth: 10
2025/09/21 08:25:43.677546 [Incident:Info:toast@toast-new:Magnitude updated] Magnitude updated: 5.68 (Mw(mB))
2025/09/21 08:25:43.677593 [Simulation:Info:toast@toast-new:Simulation not generated] Magnitude 5.68 of event bmg2025smpt is smaller than triggerMinMagnitude: no automatic simulation
2025/09/21 08:25:48.639330 [Incident:Info:toast@toast-new:Origin updated] Origin updated: OT: 2025-09-21 01:13:35,  Lat/Lon: 52.9485°/160.885°, Depth: 10
2025/09/21 08:25:48.639523 [Incident:Info:toast@toast-new:Magnitude updated] Magnitude updated: 5.69 (Mw(mB))
2025/09/21 08:25:48.639558 [Simulation:Info:toast@toast-new:Simulation not generated] Magnitude 5.69 of event bmg2025smpt is smaller than triggerMinMagnitude: no automatic simulation
2025/09/21 08:25:53.617756 [Incident:Info:toast@toast-new:Origin updated] Origin updated: OT: 2025-09-21 01:13:35,  Lat/Lon: 52.9485°/160.885°, Depth: 10
2025/09/21 08:25:53.617936 [Incident:Info:toast@toast-new:Magnitude updated] Magnitude updated: 5.73 (Mw(mB))
2025/09/21 08:25:53.617976 [Simulation:Info:toast@toast-new:Simulation not generated] Magnitude 5.73 of event bmg2025smpt is smaller than triggerMinMagnitude: no automatic simulation
2025/09/21 08:25:58.611971 [Incident:Info:toast@toast-new:Origin updated] Origin updated: OT: 2025-09-21 01:13:35,  Lat/Lon: 52.9485°/160.885°, Depth: 10
2025/09/21 08:25:58.612160 [Incident:Info:toast@toast-new:Magnitude updated] Magnitude updated: 5.72 (Mw(mB))
2025/09/21 08:25:58.612195 [Simulation:Info:toast@toast-new:Simulation not generated] Magnitude 5.72 of event bmg2025smpt is smaller than triggerMinMagnitude: no automatic simulation
2025/09/21 08:26:03.681098 [Incident:Info:toast@toast-new:Origin updated] Origin updated: OT: 2025-09-21 01:13:35,  Lat/Lon: 52.9485°/160.885°, Depth: 10
2025/09/21 08:26:03.681259 [Incident:Info:toast@toast-new:Magnitude updated] Magnitude updated: 5.77 (Mw(mB))
2025/09/21 08:26:03.681307 [Simulation:Info:toast@toast-new:Simulation not generated] Magnitude 5.77 of event bmg2025smpt is smaller than triggerMinMagnitude: no automatic simulation
2025/09/21 08:26:48.567913 [Incident:Info:toast@toast-new:Origin updated] Origin updated: OT: 2025-09-21 01:13:35,  Lat/Lon: 52.9517°/160.883°, Depth: 10
2025/09/21 08:26:48.568089 [Incident:Info:toast@toast-new:Magnitude updated] Magnitude updated: 5.78 (Mw(mB))
2025/09/21 08:26:48.568119 [Simulation:Info:toast@toast-new:Simulation not generated] Magnitude 5.78 of event bmg2025smpt is smaller than triggerMinMagnitude: no automatic simulation
2025/09/21 08:27:23.635848 [Incident:Info:toast@toast-new:Origin updated] Origin updated: OT: 2025-09-21 01:13:35,  Lat/Lon: 52.9517°/160.883°, Depth: 10
2025/09/21 08:27:23.636030 [Incident:Info:toast@toast-new:Magnitude updated] Magnitude updated: 5.78 (Mw(mB))
2025/09/21 08:27:23.636066 [Simulation:Info:toast@toast-new:Simulation not generated] Magnitude 5.78 of event bmg2025smpt is smaller than triggerMinMagnitude: no automatic simulation
2025/09/21 08:28:03.598773 [Incident:Info:toast@toast-new:Origin updated] Origin updated: OT: 2025-09-21 01:13:35,  Lat/Lon: 52.9502°/160.883°, Depth: 10
2025/09/21 08:28:03.598951 [Incident:Info:toast@toast-new:Magnitude updated] Magnitude updated: 5.77 (Mw(mB))
2025/09/21 08:28:03.598983 [Simulation:Info:toast@toast-new:Simulation not generated] Magnitude 5.77 of event bmg2025smpt is smaller than triggerMinMagnitude: no automatic simulation
2025/09/21 08:29:18.541763 [Incident:Info:toast@toast-new:Origin updated] Origin updated: OT: 2025-09-21 01:13:35,  Lat/Lon: 52.9478°/160.868°, Depth: 10
2025/09/21 08:29:18.541956 [Incident:Info:toast@toast-new:Magnitude updated] Magnitude updated: 5.77 (Mw(mB))
2025/09/21 08:29:18.541995 [Simulation:Info:toast@toast-new:Simulation not generated] Magnitude 5.77 of event bmg2025smpt is smaller than triggerMinMagnitude: no automatic simulation
2025/09/21 08:32:05.074191 [Incident:Info:toast@toast-new:Origin updated] Origin updated: OT: 2025-09-21 01:13:35,  Lat/Lon: 52.9478°/160.868°, Depth: 10
2025/09/21 08:32:05.074359 [Simulation:Info:toast@toast-new:Simulation not generated] Magnitude 5.77 of event bmg2025smpt is smaller than triggerMinMagnitude: no automatic simulation
2025/09/21 08:34:46.227767 [Incident:Info:toast@toast-new:Origin updated] Origin updated: OT: 2025-09-21 01:13:35,  Lat/Lon: 52.946°/160.872°, Depth: 10
2025/09/21 08:34:46.227952 [Incident:Info:toast@toast-new:Magnitude updated] Magnitude updated: 5.77 (Mw(mB))
2025/09/21 08:34:46.227984 [Simulation:Info:toast@toast-new:Simulation not generated] Magnitude 5.77 of event bmg2025smpt is smaller than triggerMinMagnitude: no automatic simulation
2025/09/21 08:35:14.315437 [Incident:Info:toast@toast-new:Origin updated] Origin updated: OT: 2025-09-21 01:13:38,  Lat/Lon: 53.0078°/160.934°, Depth: 27.1029
2025/09/21 08:35:14.315639 [Incident:Info:toast@toast-new:Magnitude updated] Magnitude updated: 5.75 (Mw(mB))
2025/09/21 08:35:14.315679 [Simulation:Info:toast@toast-new:Simulation not generated] Magnitude 5.75 of event bmg2025smpt is smaller than triggerMinMagnitude: no automatic simulation
2025/09/21 17:55:29.951108 [Incident:Info:toast@toast-new:Origin updated] Origin updated: OT: 2025-09-21 01:13:38,  Lat/Lon: 53.0078°/160.934°, Depth: 27.1029
2025/09/21 17:55:29.951330 [Simulation:Info:toast@toast-new:Simulation not generated] Magnitude 5.75 of event bmg2025smpt is smaller than triggerMinMagnitude: no automatic simulation
2025/09/21 17:55:29.991509 [Incident:Info:toast@toast-new:Origin updated] Origin updated: OT: 2025-09-21 01:13:38,  Lat/Lon: 53.0078°/160.934°, Depth: 27.1029
2025/09/21 17:55:29.991694 [Incident:Info:toast@toast-new:Magnitude updated] Magnitude updated: 5.79 (Mwp)
2025/09/21 17:55:29.991735 [Simulation:Info:toast@toast-new:Simulation not generated] Magnitude 5.79 of event bmg2025smpt is smaller than triggerMinMagnitude: no automatic simulation
2025/09/21 17:55:30.009266 [Incident:Info:toast@toast-new:Origin updated] Origin updated: OT: 2025-09-21 01:13:38,  Lat/Lon: 53.0078°/160.934°, Depth: 27.1029
2025/09/21 17:55:30.009397 [Simulation:Info:toast@toast-new:Simulation not generated] Magnitude 5.79 of event bmg2025smpt is smaller than triggerMinMagnitude: no automatic simulation
