2025/07/30 13:38:02.432177 [Incident:Info:toast@toast-new:Displacement(s) updated] Added 0 and changed 0 displacements with 0 amplitudes
2025/07/30 13:38:02.441722 [Incident:Info:toast@toast-new:Incident created] Incident created based on event received from messaging: OT: 2025-07-30 06:26:12,  Lat/Lon: 51.62°/159.44°, Depth: 10.00, Mag: 5.16 (M)
2025/07/30 13:38:02.442441 [Simulation:Info:toast@toast-new:Simulation not generated] Magnitude 5.16 of event bmg2025ouej is smaller than triggerMinMagnitude: no automatic simulation
2025/07/30 13:38:02.459927 [Incident:Info:toast@toast-new:Origin updated] Origin updated: OT: 2025-07-30 06:26:12,  Lat/Lon: 51.6188°/159.436°, Depth: 10
2025/07/30 13:38:02.460117 [Simulation:Info:toast@toast-new:Simulation not generated] Magnitude 5.16 of event bmg2025ouej is smaller than triggerMinMagnitude: no automatic simulation
2025/07/30 13:38:20.047739 [Incident:Info:toast@toast-new:Origin updated] Origin updated: OT: 2025-07-30 06:26:12,  Lat/Lon: 51.6188°/159.436°, Depth: 10
2025/07/30 13:38:20.047962 [Incident:Info:toast@toast-new:Magnitude updated] Magnitude updated: 5.17 (M)
2025/07/30 13:38:20.048009 [Simulation:Info:toast@toast-new:Simulation not generated] Magnitude 5.17 of event bmg2025ouej is smaller than triggerMinMagnitude: no automatic simulation
2025/07/30 13:38:41.479030 [Incident:Info:toast@toast-new:Origin updated] Origin updated: OT: 2025-07-30 06:26:12,  Lat/Lon: 51.6116°/159.443°, Depth: 10
2025/07/30 13:38:41.479184 [Incident:Info:toast@toast-new:Magnitude updated] Magnitude updated: 5.17 (M)
2025/07/30 13:38:41.479208 [Simulation:Info:toast@toast-new:Simulation not generated] Magnitude 5.17 of event bmg2025ouej is smaller than triggerMinMagnitude: no automatic simulation
2025/07/30 13:38:55.518410 [Incident:Info:toast@toast-new:Origin updated] Origin updated: OT: 2025-07-30 06:26:12,  Lat/Lon: 51.6116°/159.443°, Depth: 10
2025/07/30 13:38:55.518572 [Incident:Info:toast@toast-new:Magnitude updated] Magnitude updated: 5.18 (M)
2025/07/30 13:38:55.518614 [Simulation:Info:toast@toast-new:Simulation not generated] Magnitude 5.18 of event bmg2025ouej is smaller than triggerMinMagnitude: no automatic simulation
2025/07/30 13:39:07.393742 [Incident:Info:toast@toast-new:Origin updated] Origin updated: OT: 2025-07-30 06:26:12,  Lat/Lon: 51.617°/159.431°, Depth: 10
2025/07/30 13:39:07.393915 [Incident:Info:toast@toast-new:Magnitude updated] Magnitude updated: 5.18 (M)
2025/07/30 13:39:07.393961 [Simulation:Info:toast@toast-new:Simulation not generated] Magnitude 5.18 of event bmg2025ouej is smaller than triggerMinMagnitude: no automatic simulation
2025/07/30 13:39:26.981003 [Incident:Info:toast@toast-new:Origin updated] Origin updated: OT: 2025-07-30 06:26:12,  Lat/Lon: 51.6181°/159.431°, Depth: 10
2025/07/30 13:39:26.981177 [Incident:Info:toast@toast-new:Magnitude updated] Magnitude updated: 5.25 (M)
2025/07/30 13:39:26.981211 [Simulation:Info:toast@toast-new:Simulation not generated] Magnitude 5.25 of event bmg2025ouej is smaller than triggerMinMagnitude: no automatic simulation
2025/07/30 13:39:30.048879 [Incident:Info:toast@toast-new:Origin updated] Origin updated: OT: 2025-07-30 06:26:12,  Lat/Lon: 51.6181°/159.431°, Depth: 10
2025/07/30 13:39:30.049053 [Incident:Info:toast@toast-new:Magnitude updated] Magnitude updated: 5.22 (M)
2025/07/30 13:39:30.049104 [Simulation:Info:toast@toast-new:Simulation not generated] Magnitude 5.22 of event bmg2025ouej is smaller than triggerMinMagnitude: no automatic simulation
2025/07/30 13:39:45.231055 [Incident:Info:toast@toast-new:Origin updated] Origin updated: OT: 2025-07-30 06:26:20,  Lat/Lon: 51.9232°/159.234°, Depth: 70.9065
2025/07/30 13:39:45.231231 [Incident:Info:toast@toast-new:Magnitude updated] Magnitude updated: 5.14 (mb)
2025/07/30 13:39:45.231279 [Simulation:Info:toast@toast-new:Simulation not generated] Magnitude 5.14 of event bmg2025ouej is smaller than triggerMinMagnitude: no automatic simulation
2025/07/30 13:39:45.254590 [Incident:Info:toast@toast-new:Origin updated] Origin updated: OT: 2025-07-30 06:26:20,  Lat/Lon: 51.9232°/159.234°, Depth: 70.9065
2025/07/30 13:39:45.254720 [Incident:Info:toast@toast-new:Magnitude updated] Magnitude updated: 5.06 (M)
2025/07/30 13:39:45.254750 [Simulation:Info:toast@toast-new:Simulation not generated] Magnitude 5.06 of event bmg2025ouej is smaller than triggerMinMagnitude: no automatic simulation
2025/07/31 12:01:08.631388 [Incident:Info:toast@toast-new:Incident removed] Removed incident - Bye
