2025/09/04 04:08:15.905588 [Incident:Info:toast@toast-new:Displacement(s) updated] Added 0 and changed 0 displacements with 0 amplitudes
2025/09/04 04:08:15.906270 [Incident:Info:toast@toast-new:Incident created] Incident created based on event received from messaging: OT: 2025-09-03 20:57:48,  Lat/Lon: 52.23°/-169.71°, Depth: 10.00, Mag: 5.69 (M)
2025/09/04 04:08:15.906842 [Simulation:Info:toast@toast-new:Simulation not generated] Magnitude 5.69 of event bmg2025rhft is smaller than triggerMinMagnitude: no automatic simulation
2025/09/04 04:08:15.928444 [Incident:Info:toast@toast-new:Origin updated] Origin updated: OT: 2025-09-03 20:57:48,  Lat/Lon: 52.2274°/-169.711°, Depth: 10
2025/09/04 04:08:15.928581 [Simulation:Info:toast@toast-new:Simulation not generated] Magnitude 5.69 of event bmg2025rhft is smaller than triggerMinMagnitude: no automatic simulation
2025/09/04 04:08:18.585697 [Incident:Info:toast@toast-new:Origin updated] Origin updated: OT: 2025-09-03 20:57:48,  Lat/Lon: 52.2274°/-169.711°, Depth: 10
2025/09/04 04:08:18.585878 [Incident:Info:toast@toast-new:Magnitude updated] Magnitude updated: 5.68 (M)
2025/09/04 04:08:18.585916 [Simulation:Info:toast@toast-new:Simulation not generated] Magnitude 5.68 of event bmg2025rhft is smaller than triggerMinMagnitude: no automatic simulation
2025/09/04 04:09:01.169690 [Incident:Info:toast@toast-new:Origin updated] Origin updated: OT: 2025-09-03 20:57:48,  Lat/Lon: 52.2253°/-169.733°, Depth: 10
2025/09/04 04:09:01.169875 [Incident:Info:toast@toast-new:Magnitude updated] Magnitude updated: 5.69 (M)
2025/09/04 04:09:01.169907 [Simulation:Info:toast@toast-new:Simulation not generated] Magnitude 5.69 of event bmg2025rhft is smaller than triggerMinMagnitude: no automatic simulation
2025/09/04 04:09:03.607240 [Incident:Info:toast@toast-new:Origin updated] Origin updated: OT: 2025-09-03 20:57:48,  Lat/Lon: 52.2253°/-169.733°, Depth: 10
2025/09/04 04:09:03.607412 [Incident:Info:toast@toast-new:Magnitude updated] Magnitude updated: 5.70 (M)
2025/09/04 04:09:03.607448 [Simulation:Info:toast@toast-new:Simulation not generated] Magnitude 5.70 of event bmg2025rhft is smaller than triggerMinMagnitude: no automatic simulation
2025/09/04 04:09:43.636761 [Incident:Info:toast@toast-new:Origin updated] Origin updated: OT: 2025-09-03 20:57:48,  Lat/Lon: 52.2521°/-169.733°, Depth: 10
2025/09/04 04:09:43.636938 [Incident:Info:toast@toast-new:Magnitude updated] Magnitude updated: 5.69 (M)
2025/09/04 04:09:43.636971 [Simulation:Info:toast@toast-new:Simulation not generated] Magnitude 5.69 of event bmg2025rhft is smaller than triggerMinMagnitude: no automatic simulation
2025/09/04 04:09:51.634808 [Incident:Info:toast@toast-new:Origin updated] Origin updated: OT: 2025-09-03 20:57:48,  Lat/Lon: 52.2521°/-169.733°, Depth: 10
2025/09/04 04:09:51.634930 [Incident:Info:toast@toast-new:Magnitude updated] Magnitude updated: 5.70 (M)
2025/09/04 04:09:51.634958 [Simulation:Info:toast@toast-new:Simulation not generated] Magnitude 5.70 of event bmg2025rhft is smaller than triggerMinMagnitude: no automatic simulation
2025/09/04 04:10:00.541960 [Incident:Info:toast@toast-new:Origin updated] Origin updated: OT: 2025-09-03 20:57:48,  Lat/Lon: 52.251°/-169.739°, Depth: 10
2025/09/04 04:10:00.542097 [Incident:Info:toast@toast-new:Magnitude updated] Magnitude updated: 5.70 (M)
2025/09/04 04:10:00.542125 [Simulation:Info:toast@toast-new:Simulation not generated] Magnitude 5.70 of event bmg2025rhft is smaller than triggerMinMagnitude: no automatic simulation
2025/09/04 04:10:10.677934 [Incident:Info:toast@toast-new:Origin updated] Origin updated: OT: 2025-09-03 20:57:48,  Lat/Lon: 52.2497°/-169.755°, Depth: 10
2025/09/04 04:10:10.678094 [Incident:Info:toast@toast-new:Magnitude updated] Magnitude updated: 5.70 (M)
2025/09/04 04:10:10.678128 [Simulation:Info:toast@toast-new:Simulation not generated] Magnitude 5.70 of event bmg2025rhft is smaller than triggerMinMagnitude: no automatic simulation
2025/09/04 04:10:23.140297 [Incident:Info:toast@toast-new:Origin updated] Origin updated: OT: 2025-09-03 20:57:48,  Lat/Lon: 52.2529°/-169.758°, Depth: 10
2025/09/04 04:10:23.140453 [Incident:Info:toast@toast-new:Magnitude updated] Magnitude updated: 5.71 (M)
2025/09/04 04:10:23.140481 [Simulation:Info:toast@toast-new:Simulation not generated] Magnitude 5.71 of event bmg2025rhft is smaller than triggerMinMagnitude: no automatic simulation
2025/09/04 04:10:28.612351 [Incident:Info:toast@toast-new:Origin updated] Origin updated: OT: 2025-09-03 20:57:48,  Lat/Lon: 52.2529°/-169.758°, Depth: 10
2025/09/04 04:10:28.612525 [Incident:Info:toast@toast-new:Magnitude updated] Magnitude updated: 5.71 (M)
2025/09/04 04:10:28.612558 [Simulation:Info:toast@toast-new:Simulation not generated] Magnitude 5.71 of event bmg2025rhft is smaller than triggerMinMagnitude: no automatic simulation
2025/09/04 04:10:33.607031 [Incident:Info:toast@toast-new:Origin updated] Origin updated: OT: 2025-09-03 20:57:48,  Lat/Lon: 52.2529°/-169.758°, Depth: 10
2025/09/04 04:10:33.607213 [Incident:Info:toast@toast-new:Magnitude updated] Magnitude updated: 5.72 (M)
2025/09/04 04:10:33.607249 [Simulation:Info:toast@toast-new:Simulation not generated] Magnitude 5.72 of event bmg2025rhft is smaller than triggerMinMagnitude: no automatic simulation
2025/09/04 04:10:38.607110 [Incident:Info:toast@toast-new:Origin updated] Origin updated: OT: 2025-09-03 20:57:48,  Lat/Lon: 52.2529°/-169.758°, Depth: 10
2025/09/04 04:10:38.607243 [Incident:Info:toast@toast-new:Magnitude updated] Magnitude updated: 5.72 (M)
2025/09/04 04:10:38.607272 [Simulation:Info:toast@toast-new:Simulation not generated] Magnitude 5.72 of event bmg2025rhft is smaller than triggerMinMagnitude: no automatic simulation
2025/09/04 04:10:40.799458 [Incident:Info:toast@toast-new:Origin updated] Origin updated: OT: 2025-09-03 20:57:48,  Lat/Lon: 52.2519°/-169.761°, Depth: 10
2025/09/04 04:10:40.799665 [Incident:Info:toast@toast-new:Magnitude updated] Magnitude updated: 5.72 (M)
2025/09/04 04:10:40.799724 [Simulation:Info:toast@toast-new:Simulation not generated] Magnitude 5.72 of event bmg2025rhft is smaller than triggerMinMagnitude: no automatic simulation
2025/09/04 04:10:43.639339 [Incident:Info:toast@toast-new:Origin updated] Origin updated: OT: 2025-09-03 20:57:48,  Lat/Lon: 52.2519°/-169.761°, Depth: 10
2025/09/04 04:10:43.639468 [Incident:Info:toast@toast-new:Magnitude updated] Magnitude updated: 5.72 (M)
2025/09/04 04:10:43.639495 [Simulation:Info:toast@toast-new:Simulation not generated] Magnitude 5.72 of event bmg2025rhft is smaller than triggerMinMagnitude: no automatic simulation
2025/09/04 04:10:48.607307 [Incident:Info:toast@toast-new:Origin updated] Origin updated: OT: 2025-09-03 20:57:48,  Lat/Lon: 52.2519°/-169.761°, Depth: 10
2025/09/04 04:10:48.607501 [Incident:Info:toast@toast-new:Magnitude updated] Magnitude updated: 5.72 (M)
2025/09/04 04:10:48.607535 [Simulation:Info:toast@toast-new:Simulation not generated] Magnitude 5.72 of event bmg2025rhft is smaller than triggerMinMagnitude: no automatic simulation
2025/09/04 04:10:53.607069 [Incident:Info:toast@toast-new:Origin updated] Origin updated: OT: 2025-09-03 20:57:48,  Lat/Lon: 52.2519°/-169.761°, Depth: 10
2025/09/04 04:10:53.607252 [Incident:Info:toast@toast-new:Magnitude updated] Magnitude updated: 5.72 (M)
2025/09/04 04:10:53.607281 [Simulation:Info:toast@toast-new:Simulation not generated] Magnitude 5.72 of event bmg2025rhft is smaller than triggerMinMagnitude: no automatic simulation
2025/09/04 04:10:58.204332 [Incident:Info:toast@toast-new:Origin updated] Origin updated: OT: 2025-09-03 20:57:48,  Lat/Lon: 52.2456°/-169.76°, Depth: 10
2025/09/04 04:10:58.204462 [Incident:Info:toast@toast-new:Magnitude updated] Magnitude updated: 5.71 (M)
2025/09/04 04:10:58.204488 [Simulation:Info:toast@toast-new:Simulation not generated] Magnitude 5.71 of event bmg2025rhft is smaller than triggerMinMagnitude: no automatic simulation
2025/09/04 04:11:03.722400 [Incident:Info:toast@toast-new:Origin updated] Origin updated: OT: 2025-09-03 20:57:48,  Lat/Lon: 52.2456°/-169.76°, Depth: 10
2025/09/04 04:11:03.722575 [Incident:Info:toast@toast-new:Magnitude updated] Magnitude updated: 5.76 (M)
2025/09/04 04:11:03.722623 [Simulation:Info:toast@toast-new:Simulation not generated] Magnitude 5.76 of event bmg2025rhft is smaller than triggerMinMagnitude: no automatic simulation
2025/09/04 04:11:08.625347 [Incident:Info:toast@toast-new:Origin updated] Origin updated: OT: 2025-09-03 20:57:48,  Lat/Lon: 52.2456°/-169.76°, Depth: 10
2025/09/04 04:11:08.625474 [Incident:Info:toast@toast-new:Magnitude updated] Magnitude updated: 5.77 (M)
2025/09/04 04:11:08.625501 [Simulation:Info:toast@toast-new:Simulation not generated] Magnitude 5.77 of event bmg2025rhft is smaller than triggerMinMagnitude: no automatic simulation
2025/09/04 04:11:13.660383 [Incident:Info:toast@toast-new:Origin updated] Origin updated: OT: 2025-09-03 20:57:48,  Lat/Lon: 52.2456°/-169.76°, Depth: 10
2025/09/04 04:11:13.660613 [Incident:Info:toast@toast-new:Magnitude updated] Magnitude updated: 5.76 (M)
2025/09/04 04:11:13.660667 [Simulation:Info:toast@toast-new:Simulation not generated] Magnitude 5.76 of event bmg2025rhft is smaller than triggerMinMagnitude: no automatic simulation
2025/09/04 04:11:18.063356 [Incident:Info:toast@toast-new:Origin updated] Origin updated: OT: 2025-09-03 20:57:48,  Lat/Lon: 52.2282°/-169.746°, Depth: 10
2025/09/04 04:11:18.063489 [Incident:Info:toast@toast-new:Magnitude updated] Magnitude updated: 5.77 (M)
2025/09/04 04:11:18.063516 [Simulation:Info:toast@toast-new:Simulation not generated] Magnitude 5.77 of event bmg2025rhft is smaller than triggerMinMagnitude: no automatic simulation
2025/09/04 04:11:23.618838 [Incident:Info:toast@toast-new:Origin updated] Origin updated: OT: 2025-09-03 20:57:48,  Lat/Lon: 52.2282°/-169.746°, Depth: 10
2025/09/04 04:11:23.618967 [Incident:Info:toast@toast-new:Magnitude updated] Magnitude updated: 5.77 (M)
2025/09/04 04:11:23.618995 [Simulation:Info:toast@toast-new:Simulation not generated] Magnitude 5.77 of event bmg2025rhft is smaller than triggerMinMagnitude: no automatic simulation
2025/09/04 04:11:28.638690 [Incident:Info:toast@toast-new:Origin updated] Origin updated: OT: 2025-09-03 20:57:48,  Lat/Lon: 52.2282°/-169.746°, Depth: 10
2025/09/04 04:11:28.638826 [Incident:Info:toast@toast-new:Magnitude updated] Magnitude updated: 5.77 (M)
2025/09/04 04:11:28.638855 [Simulation:Info:toast@toast-new:Simulation not generated] Magnitude 5.77 of event bmg2025rhft is smaller than triggerMinMagnitude: no automatic simulation
2025/09/04 04:11:33.623573 [Incident:Info:toast@toast-new:Origin updated] Origin updated: OT: 2025-09-03 20:57:48,  Lat/Lon: 52.2282°/-169.746°, Depth: 10
2025/09/04 04:11:33.623770 [Incident:Info:toast@toast-new:Magnitude updated] Magnitude updated: 5.78 (M)
2025/09/04 04:11:33.623803 [Simulation:Info:toast@toast-new:Simulation not generated] Magnitude 5.78 of event bmg2025rhft is smaller than triggerMinMagnitude: no automatic simulation
2025/09/04 04:11:38.698560 [Incident:Info:toast@toast-new:Origin updated] Origin updated: OT: 2025-09-03 20:57:48,  Lat/Lon: 52.2282°/-169.746°, Depth: 10
2025/09/04 04:11:38.698698 [Incident:Info:toast@toast-new:Magnitude updated] Magnitude updated: 5.81 (M)
2025/09/04 04:11:38.698728 [Simulation:Info:toast@toast-new:Simulation not generated] Magnitude 5.81 of event bmg2025rhft is smaller than triggerMinMagnitude: no automatic simulation
2025/09/04 04:11:43.329498 [Incident:Info:toast@toast-new:Origin updated] Origin updated: OT: 2025-09-03 20:57:48,  Lat/Lon: 52.2276°/-169.744°, Depth: 10
2025/09/04 04:11:43.329637 [Incident:Info:toast@toast-new:Magnitude updated] Magnitude updated: 5.81 (M)
2025/09/04 04:11:43.329666 [Simulation:Info:toast@toast-new:Simulation not generated] Magnitude 5.81 of event bmg2025rhft is smaller than triggerMinMagnitude: no automatic simulation
2025/09/04 04:11:48.623230 [Incident:Info:toast@toast-new:Origin updated] Origin updated: OT: 2025-09-03 20:57:48,  Lat/Lon: 52.2276°/-169.744°, Depth: 10
2025/09/04 04:11:48.623362 [Incident:Info:toast@toast-new:Magnitude updated] Magnitude updated: 5.81 (M)
2025/09/04 04:11:48.623389 [Simulation:Info:toast@toast-new:Simulation not generated] Magnitude 5.81 of event bmg2025rhft is smaller than triggerMinMagnitude: no automatic simulation
2025/09/04 04:12:03.627517 [Incident:Info:toast@toast-new:Origin updated] Origin updated: OT: 2025-09-03 20:57:48,  Lat/Lon: 52.2276°/-169.744°, Depth: 10
2025/09/04 04:12:03.627646 [Incident:Info:toast@toast-new:Magnitude updated] Magnitude updated: 5.81 (M)
2025/09/04 04:12:03.627673 [Simulation:Info:toast@toast-new:Simulation not generated] Magnitude 5.81 of event bmg2025rhft is smaller than triggerMinMagnitude: no automatic simulation
2025/09/04 04:12:08.373297 [Incident:Info:toast@toast-new:Origin updated] Origin updated: OT: 2025-09-03 20:57:48,  Lat/Lon: 52.2412°/-169.748°, Depth: 10
2025/09/04 04:12:08.373427 [Incident:Info:toast@toast-new:Magnitude updated] Magnitude updated: 5.81 (M)
2025/09/04 04:12:08.373454 [Simulation:Info:toast@toast-new:Simulation not generated] Magnitude 5.81 of event bmg2025rhft is smaller than triggerMinMagnitude: no automatic simulation
2025/09/04 04:12:13.611991 [Incident:Info:toast@toast-new:Origin updated] Origin updated: OT: 2025-09-03 20:57:48,  Lat/Lon: 52.2412°/-169.748°, Depth: 10
2025/09/04 04:12:13.612190 [Incident:Info:toast@toast-new:Magnitude updated] Magnitude updated: 5.82 (M)
2025/09/04 04:12:13.612226 [Simulation:Info:toast@toast-new:Simulation not generated] Magnitude 5.82 of event bmg2025rhft is smaller than triggerMinMagnitude: no automatic simulation
2025/09/04 04:12:18.597062 [Incident:Info:toast@toast-new:Origin updated] Origin updated: OT: 2025-09-03 20:57:48,  Lat/Lon: 52.2412°/-169.748°, Depth: 10
2025/09/04 04:12:18.597391 [Incident:Info:toast@toast-new:Magnitude updated] Magnitude updated: 5.75 (Mw(mB))
2025/09/04 04:12:18.597431 [Simulation:Info:toast@toast-new:Simulation not generated] Magnitude 5.75 of event bmg2025rhft is smaller than triggerMinMagnitude: no automatic simulation
2025/09/04 04:12:38.273608 [Incident:Info:toast@toast-new:Origin updated] Origin updated: OT: 2025-09-03 20:57:48,  Lat/Lon: 52.2327°/-169.749°, Depth: 10
2025/09/04 04:12:38.273743 [Incident:Info:toast@toast-new:Magnitude updated] Magnitude updated: 5.75 (Mw(mB))
2025/09/04 04:12:38.273773 [Simulation:Info:toast@toast-new:Simulation not generated] Magnitude 5.75 of event bmg2025rhft is smaller than triggerMinMagnitude: no automatic simulation
2025/09/04 04:12:58.594175 [Incident:Info:toast@toast-new:Origin updated] Origin updated: OT: 2025-09-03 20:57:48,  Lat/Lon: 52.2327°/-169.749°, Depth: 10
2025/09/04 04:12:58.594357 [Incident:Info:toast@toast-new:Magnitude updated] Magnitude updated: 5.76 (Mw(mB))
2025/09/04 04:12:58.594387 [Simulation:Info:toast@toast-new:Simulation not generated] Magnitude 5.76 of event bmg2025rhft is smaller than triggerMinMagnitude: no automatic simulation
2025/09/04 04:15:12.980032 [Incident:Info:toast@toast-new:Origin updated] Origin updated: OT: 2025-09-03 20:57:48,  Lat/Lon: 52.2374°/-169.75°, Depth: 10
2025/09/04 04:15:12.980244 [Incident:Info:toast@toast-new:Magnitude updated] Magnitude updated: 5.76 (Mw(mB))
2025/09/04 04:15:12.980280 [Simulation:Info:toast@toast-new:Simulation not generated] Magnitude 5.76 of event bmg2025rhft is smaller than triggerMinMagnitude: no automatic simulation
2025/09/04 04:15:13.617685 [Incident:Info:toast@toast-new:Origin updated] Origin updated: OT: 2025-09-03 20:57:48,  Lat/Lon: 52.2374°/-169.75°, Depth: 10
2025/09/04 04:15:13.617907 [Incident:Info:toast@toast-new:Magnitude updated] Magnitude updated: 5.77 (Mw(mB))
2025/09/04 04:15:13.617958 [Simulation:Info:toast@toast-new:Simulation not generated] Magnitude 5.77 of event bmg2025rhft is smaller than triggerMinMagnitude: no automatic simulation
2025/09/04 04:17:46.857323 [Incident:Info:toast@toast-new:Origin updated] Origin updated: OT: 2025-09-03 20:57:48,  Lat/Lon: 52.2374°/-169.75°, Depth: 10
2025/09/04 04:17:46.857464 [Simulation:Info:toast@toast-new:Simulation not generated] Magnitude 5.77 of event bmg2025rhft is smaller than triggerMinMagnitude: no automatic simulation
2025/09/04 04:20:18.920848 [Incident:Info:toast@toast-new:Origin updated] Origin updated: OT: 2025-09-03 20:57:48,  Lat/Lon: 52.2374°/-169.75°, Depth: 10
2025/09/04 04:20:18.921067 [Incident:Info:toast@toast-new:FM updated] FM updated
2025/09/04 04:20:18.921249 [Simulation:Info:toast@toast-new:Simulation not generated] Magnitude 5.77 of event bmg2025rhft is smaller than triggerMinMagnitude: no automatic simulation
2025/09/04 04:20:38.898414 [Incident:Info:toast@toast-new:Origin updated] Origin updated: OT: 2025-09-03 20:57:48,  Lat/Lon: 52.2374°/-169.75°, Depth: 10
2025/09/04 04:20:38.898606 [Simulation:Info:toast@toast-new:Simulation not generated] Magnitude 5.77 of event bmg2025rhft is smaller than triggerMinMagnitude: no automatic simulation
2025/09/04 04:20:48.995907 [Incident:Info:toast@toast-new:Origin updated] Origin updated: OT: 2025-09-03 20:57:48,  Lat/Lon: 52.2374°/-169.75°, Depth: 10
2025/09/04 04:20:48.996062 [Simulation:Info:toast@toast-new:Simulation not generated] Magnitude 5.77 of event bmg2025rhft is smaller than triggerMinMagnitude: no automatic simulation
2025/09/04 04:20:58.983492 [Incident:Info:toast@toast-new:Origin updated] Origin updated: OT: 2025-09-03 20:57:48,  Lat/Lon: 52.2374°/-169.75°, Depth: 10
2025/09/04 04:20:58.983626 [Simulation:Info:toast@toast-new:Simulation not generated] Magnitude 5.77 of event bmg2025rhft is smaller than triggerMinMagnitude: no automatic simulation
2025/09/04 04:21:36.669269 [Incident:Info:toast@toast-new:Origin updated] Origin updated: OT: 2025-09-03 20:57:48,  Lat/Lon: 52.2374°/-169.75°, Depth: 10
2025/09/04 04:21:36.669411 [Simulation:Info:toast@toast-new:Simulation not generated] Magnitude 5.77 of event bmg2025rhft is smaller than triggerMinMagnitude: no automatic simulation
2025/09/04 04:23:18.911018 [Incident:Info:toast@toast-new:Origin updated] Origin updated: OT: 2025-09-03 20:57:48,  Lat/Lon: 52.2374°/-169.75°, Depth: 10
2025/09/04 04:23:18.911154 [Simulation:Info:toast@toast-new:Simulation not generated] Magnitude 5.77 of event bmg2025rhft is smaller than triggerMinMagnitude: no automatic simulation
2025/09/04 04:23:28.934903 [Incident:Info:toast@toast-new:Origin updated] Origin updated: OT: 2025-09-03 20:57:48,  Lat/Lon: 52.2374°/-169.75°, Depth: 10
2025/09/04 04:23:28.935039 [Incident:Info:toast@toast-new:FM updated] FM updated
2025/09/04 04:23:28.935184 [Simulation:Info:toast@toast-new:Simulation not generated] Magnitude 5.77 of event bmg2025rhft is smaller than triggerMinMagnitude: no automatic simulation
2025/09/04 04:24:09.069477 [Incident:Info:toast@toast-new:Origin updated] Origin updated: OT: 2025-09-03 20:57:48,  Lat/Lon: 52.2374°/-169.75°, Depth: 10
2025/09/04 04:24:09.069622 [Incident:Info:toast@toast-new:FM updated] FM updated
2025/09/04 04:24:09.069791 [Simulation:Info:toast@toast-new:Simulation not generated] Magnitude 5.77 of event bmg2025rhft is smaller than triggerMinMagnitude: no automatic simulation
2025/09/04 04:24:49.098759 [Incident:Info:toast@toast-new:Origin updated] Origin updated: OT: 2025-09-03 20:57:48,  Lat/Lon: 52.2374°/-169.75°, Depth: 10
2025/09/04 04:24:49.098884 [Simulation:Info:toast@toast-new:Simulation not generated] Magnitude 5.77 of event bmg2025rhft is smaller than triggerMinMagnitude: no automatic simulation
2025/09/04 04:25:00.257116 [Incident:Info:toast@toast-new:Origin updated] Origin updated: OT: 2025-09-03 20:57:48,  Lat/Lon: 52.2374°/-169.75°, Depth: 10
2025/09/04 04:25:00.257251 [Simulation:Info:toast@toast-new:Simulation not generated] Magnitude 5.77 of event bmg2025rhft is smaller than triggerMinMagnitude: no automatic simulation
2025/09/04 04:26:20.180461 [Incident:Info:toast@toast-new:Origin updated] Origin updated: OT: 2025-09-03 20:57:48,  Lat/Lon: 52.2374°/-169.75°, Depth: 10
2025/09/04 04:26:20.180610 [Simulation:Info:toast@toast-new:Simulation not generated] Magnitude 5.77 of event bmg2025rhft is smaller than triggerMinMagnitude: no automatic simulation
2025/09/04 04:26:29.621701 [Incident:Info:toast@toast-new:Origin updated] Origin updated: OT: 2025-09-03 20:57:48,  Lat/Lon: 52.2374°/-169.75°, Depth: 10
2025/09/04 04:26:29.621843 [Simulation:Info:toast@toast-new:Simulation not generated] Magnitude 5.77 of event bmg2025rhft is smaller than triggerMinMagnitude: no automatic simulation
2025/09/04 04:28:09.297372 [Incident:Info:toast@toast-new:Origin updated] Origin updated: OT: 2025-09-03 20:57:48,  Lat/Lon: 52.2374°/-169.75°, Depth: 10
2025/09/04 04:28:09.297509 [Incident:Info:toast@toast-new:FM updated] FM updated
2025/09/04 04:28:09.297656 [Simulation:Info:toast@toast-new:Simulation not generated] Magnitude 5.77 of event bmg2025rhft is smaller than triggerMinMagnitude: no automatic simulation
2025/09/04 04:28:29.312523 [Incident:Info:toast@toast-new:Origin updated] Origin updated: OT: 2025-09-03 20:57:48,  Lat/Lon: 52.2374°/-169.75°, Depth: 10
2025/09/04 04:28:29.312656 [Simulation:Info:toast@toast-new:Simulation not generated] Magnitude 5.77 of event bmg2025rhft is smaller than triggerMinMagnitude: no automatic simulation
2025/09/04 04:29:39.258893 [Incident:Info:toast@toast-new:Origin updated] Origin updated: OT: 2025-09-03 20:57:48,  Lat/Lon: 52.2374°/-169.75°, Depth: 10
2025/09/04 04:29:39.259075 [Incident:Info:toast@toast-new:FM updated] FM updated
2025/09/04 04:29:39.259255 [Simulation:Info:toast@toast-new:Simulation not generated] Magnitude 5.77 of event bmg2025rhft is smaller than triggerMinMagnitude: no automatic simulation
2025/09/04 04:30:09.338954 [Incident:Info:toast@toast-new:Origin updated] Origin updated: OT: 2025-09-03 20:57:48,  Lat/Lon: 52.2374°/-169.75°, Depth: 10
2025/09/04 04:30:09.339089 [Incident:Info:toast@toast-new:FM updated] FM updated
2025/09/04 04:30:09.339240 [Simulation:Info:toast@toast-new:Simulation not generated] Magnitude 5.77 of event bmg2025rhft is smaller than triggerMinMagnitude: no automatic simulation
2025/09/04 04:30:29.391258 [Incident:Info:toast@toast-new:Origin updated] Origin updated: OT: 2025-09-03 20:57:48,  Lat/Lon: 52.2374°/-169.75°, Depth: 10
2025/09/04 04:30:29.391461 [Simulation:Info:toast@toast-new:Simulation not generated] Magnitude 5.77 of event bmg2025rhft is smaller than triggerMinMagnitude: no automatic simulation
2025/09/04 04:30:49.742838 [Incident:Info:toast@toast-new:Origin updated] Origin updated: OT: 2025-09-03 20:57:48,  Lat/Lon: 52.2374°/-169.75°, Depth: 10
2025/09/04 04:30:49.743033 [Incident:Info:toast@toast-new:FM updated] FM updated
2025/09/04 04:30:49.743221 [Simulation:Info:toast@toast-new:Simulation not generated] Magnitude 5.77 of event bmg2025rhft is smaller than triggerMinMagnitude: no automatic simulation
2025/09/04 04:32:01.160202 [Incident:Info:toast@toast-new:Origin updated] Origin updated: OT: 2025-09-03 20:57:48,  Lat/Lon: 52.2374°/-169.75°, Depth: 10
2025/09/04 04:32:01.160335 [Simulation:Info:toast@toast-new:Simulation not generated] Magnitude 5.77 of event bmg2025rhft is smaller than triggerMinMagnitude: no automatic simulation
2025/09/04 04:34:39.496219 [Incident:Info:toast@toast-new:Origin updated] Origin updated: OT: 2025-09-03 20:57:48,  Lat/Lon: 52.2374°/-169.75°, Depth: 10
2025/09/04 04:34:39.496401 [Incident:Info:toast@toast-new:FM updated] FM updated
2025/09/04 04:34:39.496575 [Simulation:Info:toast@toast-new:Simulation not generated] Magnitude 5.77 of event bmg2025rhft is smaller than triggerMinMagnitude: no automatic simulation
2025/09/04 04:38:09.608044 [Incident:Info:toast@toast-new:Origin updated] Origin updated: OT: 2025-09-03 20:57:48,  Lat/Lon: 52.2374°/-169.75°, Depth: 10
2025/09/04 04:38:09.608195 [Incident:Info:toast@toast-new:FM updated] FM updated
2025/09/04 04:38:09.608339 [Simulation:Info:toast@toast-new:Simulation not generated] Magnitude 5.77 of event bmg2025rhft is smaller than triggerMinMagnitude: no automatic simulation
2025/09/04 04:38:59.597399 [Incident:Info:toast@toast-new:Origin updated] Origin updated: OT: 2025-09-03 20:57:48,  Lat/Lon: 52.2374°/-169.75°, Depth: 10
2025/09/04 04:38:59.597538 [Simulation:Info:toast@toast-new:Simulation not generated] Magnitude 5.77 of event bmg2025rhft is smaller than triggerMinMagnitude: no automatic simulation
2025/09/04 04:44:19.683160 [Incident:Info:toast@toast-new:Origin updated] Origin updated: OT: 2025-09-03 20:57:48,  Lat/Lon: 52.2374°/-169.75°, Depth: 10
2025/09/04 04:44:19.683331 [Incident:Info:toast@toast-new:FM updated] FM updated
2025/09/04 04:44:19.683494 [Simulation:Info:toast@toast-new:Simulation not generated] Magnitude 5.77 of event bmg2025rhft is smaller than triggerMinMagnitude: no automatic simulation
2025/09/04 04:54:19.300807 [Incident:Info:toast@toast-new:Origin updated] Origin updated: OT: 2025-09-03 20:57:48,  Lat/Lon: 52.2374°/-169.75°, Depth: 10
2025/09/04 04:54:19.300930 [Incident:Info:toast@toast-new:FM updated] FM updated
2025/09/04 04:54:19.301058 [Simulation:Info:toast@toast-new:Simulation not generated] Magnitude 5.77 of event bmg2025rhft is smaller than triggerMinMagnitude: no automatic simulation
2025/09/04 04:57:29.255509 [Incident:Info:toast@toast-new:Origin updated] Origin updated: OT: 2025-09-03 20:57:48,  Lat/Lon: 52.2374°/-169.75°, Depth: 10
2025/09/04 04:57:29.255699 [Simulation:Info:toast@toast-new:Simulation not generated] Magnitude 5.77 of event bmg2025rhft is smaller than triggerMinMagnitude: no automatic simulation
2025/09/04 14:11:18.985818 [Incident:Info:toast@toast-new:Origin updated] Origin updated: OT: 2025-09-03 20:57:46,  Lat/Lon: 52.3541°/-169.769°, Depth: 5
2025/09/04 14:11:18.987300 [Incident:Info:toast@toast-new:Magnitude updated] Magnitude updated: 5.82 (Mw(mB))
2025/09/04 14:11:18.987355 [Simulation:Info:toast@toast-new:Simulation not generated] Magnitude 5.82 of event bmg2025rhft is smaller than triggerMinMagnitude: no automatic simulation
2025/09/04 14:11:25.368266 [Incident:Info:toast@toast-new:Origin updated] Origin updated: OT: 2025-09-03 20:57:46,  Lat/Lon: 52.3541°/-169.769°, Depth: 5
2025/09/04 14:11:25.368429 [Simulation:Info:toast@toast-new:Simulation not generated] Magnitude 5.82 of event bmg2025rhft is smaller than triggerMinMagnitude: no automatic simulation
2025/09/04 14:11:25.422245 [Incident:Info:toast@toast-new:Origin updated] Origin updated: OT: 2025-09-03 20:57:46,  Lat/Lon: 52.3541°/-169.769°, Depth: 5
2025/09/04 14:11:25.422357 [Simulation:Info:toast@toast-new:Simulation not generated] Magnitude 5.82 of event bmg2025rhft is smaller than triggerMinMagnitude: no automatic simulation
