2025/09/06 23:20:09.898892 [Incident:Info:toast@toast-new:Displacement(s) updated] Added 0 and changed 0 displacements with 0 amplitudes
2025/09/06 23:20:09.899462 [Incident:Info:toast@toast-new:Incident created] Incident created based on event received from messaging: OT: 2025-09-06 16:08:29,  Lat/Lon: 51.61°/159.57°, Depth: 10.00, Mag: 5.01 (M)
2025/09/06 23:20:09.900190 [Simulation:Info:toast@toast-new:Simulation not generated] Magnitude 5.01 of event bmg2025rmit is smaller than triggerMinMagnitude: no automatic simulation
2025/09/06 23:20:10.371908 [Incident:Info:toast@toast-new:Origin updated] Origin updated: OT: 2025-09-06 16:08:29,  Lat/Lon: 51.6052°/159.566°, Depth: 10
2025/09/06 23:20:10.372000 [Simulation:Info:toast@toast-new:Simulation not generated] Magnitude 5.01 of event bmg2025rmit is smaller than triggerMinMagnitude: no automatic simulation
2025/09/06 23:20:22.990167 [Incident:Info:toast@toast-new:Origin updated] Origin updated: OT: 2025-09-06 16:08:29,  Lat/Lon: 51.6098°/159.573°, Depth: 10
2025/09/06 23:20:22.990299 [Incident:Info:toast@toast-new:Magnitude updated] Magnitude updated: 5.01 (M)
2025/09/06 23:20:22.990327 [Simulation:Info:toast@toast-new:Simulation not generated] Magnitude 5.01 of event bmg2025rmit is smaller than triggerMinMagnitude: no automatic simulation
2025/09/06 23:20:52.407953 [Incident:Info:toast@toast-new:Origin updated] Origin updated: OT: 2025-09-06 16:08:29,  Lat/Lon: 51.5945°/159.604°, Depth: 10
2025/09/06 23:20:52.408168 [Incident:Info:toast@toast-new:Magnitude updated] Magnitude updated: 5.02 (M)
2025/09/06 23:20:52.408210 [Simulation:Info:toast@toast-new:Simulation not generated] Magnitude 5.02 of event bmg2025rmit is smaller than triggerMinMagnitude: no automatic simulation
2025/09/06 23:21:06.048517 [Incident:Info:toast@toast-new:Origin updated] Origin updated: OT: 2025-09-06 16:08:29,  Lat/Lon: 51.5911°/159.61°, Depth: 10
2025/09/06 23:21:06.048748 [Incident:Info:toast@toast-new:Magnitude updated] Magnitude updated: 5.01 (M)
2025/09/06 23:21:06.048801 [Simulation:Info:toast@toast-new:Simulation not generated] Magnitude 5.01 of event bmg2025rmit is smaller than triggerMinMagnitude: no automatic simulation
2025/09/06 23:21:22.988594 [Incident:Info:toast@toast-new:Origin updated] Origin updated: OT: 2025-09-06 16:08:29,  Lat/Lon: 51.6002°/159.598°, Depth: 10
2025/09/06 23:21:22.988731 [Incident:Info:toast@toast-new:Magnitude updated] Magnitude updated: 5.01 (M)
2025/09/06 23:21:22.988760 [Simulation:Info:toast@toast-new:Simulation not generated] Magnitude 5.01 of event bmg2025rmit is smaller than triggerMinMagnitude: no automatic simulation
2025/09/06 23:21:43.582325 [Incident:Info:toast@toast-new:Origin updated] Origin updated: OT: 2025-09-06 16:08:29,  Lat/Lon: 51.6002°/159.598°, Depth: 10
2025/09/06 23:21:43.582494 [Incident:Info:toast@toast-new:Magnitude updated] Magnitude updated: 5.01 (M)
2025/09/06 23:21:43.582530 [Simulation:Info:toast@toast-new:Simulation not generated] Magnitude 5.01 of event bmg2025rmit is smaller than triggerMinMagnitude: no automatic simulation
2025/09/06 23:21:52.181804 [Incident:Info:toast@toast-new:Origin updated] Origin updated: OT: 2025-09-06 16:08:29,  Lat/Lon: 51.6024°/159.599°, Depth: 10
2025/09/06 23:21:52.181988 [Incident:Info:toast@toast-new:Magnitude updated] Magnitude updated: 5.01 (M)
2025/09/06 23:21:52.182026 [Simulation:Info:toast@toast-new:Simulation not generated] Magnitude 5.01 of event bmg2025rmit is smaller than triggerMinMagnitude: no automatic simulation
2025/09/06 23:22:16.614696 [Incident:Info:toast@toast-new:Origin updated] Origin updated: OT: 2025-09-06 16:08:33,  Lat/Lon: 51.6717°/159.562°, Depth: 37.0732
2025/09/06 23:22:16.614853 [Incident:Info:toast@toast-new:Magnitude updated] Magnitude updated: 5.13 (mb)
2025/09/06 23:22:16.614883 [Simulation:Info:toast@toast-new:Simulation not generated] Magnitude 5.13 of event bmg2025rmit is smaller than triggerMinMagnitude: no automatic simulation
2025/09/07 03:18:16.857887 [Incident:Info:toast@toast-new:Origin updated] Origin updated: OT: 2025-09-06 16:08:34,  Lat/Lon: 51.7088°/159.509°, Depth: 51.6866
2025/09/07 03:18:16.858088 [Incident:Info:toast@toast-new:Magnitude updated] Magnitude updated: 5.10 (mb)
2025/09/07 03:18:16.858119 [Simulation:Info:toast@toast-new:Simulation not generated] Magnitude 5.10 of event bmg2025rmit is smaller than triggerMinMagnitude: no automatic simulation
2025/09/07 03:19:00.236478 [Incident:Info:toast@toast-new:Origin updated] Origin updated: OT: 2025-09-06 16:08:34,  Lat/Lon: 51.7088°/159.509°, Depth: 51.6866
2025/09/07 03:19:00.236654 [Simulation:Info:toast@toast-new:Simulation not generated] Magnitude 5.10 of event bmg2025rmit is smaller than triggerMinMagnitude: no automatic simulation
2025/10/07 03:29:03.276358 [Incident:Info:toast@toast-new:Origin updated] Origin updated: OT: 2025-09-06 16:08:34,  Lat/Lon: 51.7113°/159.503°, Depth: 51.1521
2025/10/07 03:29:03.276754 [Incident:Info:toast@toast-new:Magnitude updated] Magnitude updated: 5.11 (mb)
2025/10/07 03:29:03.276903 [Simulation:Info:toast@toast-new:Simulation not generated] Magnitude 5.11 of event bmg2025rmit is smaller than triggerMinMagnitude: no automatic simulation
2025/10/07 03:29:28.655548 [Incident:Info:toast@toast-new:Origin updated] Origin updated: OT: 2025-09-06 16:08:34,  Lat/Lon: 51.7113°/159.503°, Depth: 51.1521
2025/10/07 03:29:28.656072 [Simulation:Info:toast@toast-new:Simulation not generated] Magnitude 5.11 of event bmg2025rmit is smaller than triggerMinMagnitude: no automatic simulation
2025/10/07 03:29:28.673476 [Incident:Info:toast@toast-new:Origin updated] Origin updated: OT: 2025-09-06 16:08:34,  Lat/Lon: 51.7113°/159.503°, Depth: 51.1521
2025/10/07 03:29:28.673878 [Simulation:Info:toast@toast-new:Simulation not generated] Magnitude 5.11 of event bmg2025rmit is smaller than triggerMinMagnitude: no automatic simulation
2025/10/09 23:26:42.244434 [Incident:Info:toast@toast-new:Incident removed] Removed incident - Bye
