2025/09/14 21:50:49.855922 [Incident:Info:toast@toast-new:Displacement(s) updated] Added 0 and changed 0 displacements with 0 amplitudes
2025/09/14 21:50:49.857336 [Incident:Info:toast@toast-new:Incident created] Incident created based on event received from messaging: OT: 2025-09-14 14:49:42,  Lat/Lon: -2.84°/100.96°, Depth: 22.03, Mag: 5.22 (M)
2025/09/14 21:50:49.857940 [Simulation:Info:toast@toast-new:Simulation not generated] Magnitude 5.22 of event bmg2025sawd is smaller than triggerMinMagnitude: no automatic simulation
2025/09/14 21:50:49.878824 [Incident:Info:toast@toast-new:Origin updated] Origin updated: OT: 2025-09-14 14:49:42,  Lat/Lon: -2.84052°/100.959°, Depth: 22.0318
2025/09/14 21:50:49.878986 [Simulation:Info:toast@toast-new:Simulation not generated] Magnitude 5.22 of event bmg2025sawd is smaller than triggerMinMagnitude: no automatic simulation
2025/09/14 21:50:53.601017 [Incident:Info:toast@toast-new:Origin updated] Origin updated: OT: 2025-09-14 14:49:42,  Lat/Lon: -2.84052°/100.959°, Depth: 22.0318
2025/09/14 21:50:53.601203 [Incident:Info:toast@toast-new:Magnitude updated] Magnitude updated: 5.25 (M)
2025/09/14 21:50:53.601268 [Simulation:Info:toast@toast-new:Simulation not generated] Magnitude 5.25 of event bmg2025sawd is smaller than triggerMinMagnitude: no automatic simulation
2025/09/14 21:50:58.610762 [Incident:Info:toast@toast-new:Origin updated] Origin updated: OT: 2025-09-14 14:49:42,  Lat/Lon: -2.84052°/100.959°, Depth: 22.0318
2025/09/14 21:50:58.610956 [Incident:Info:toast@toast-new:Magnitude updated] Magnitude updated: 5.27 (M)
2025/09/14 21:50:58.610999 [Simulation:Info:toast@toast-new:Simulation not generated] Magnitude 5.27 of event bmg2025sawd is smaller than triggerMinMagnitude: no automatic simulation
2025/09/14 21:51:03.051315 [Incident:Info:toast@toast-new:Origin updated] Origin updated: OT: 2025-09-14 14:49:42,  Lat/Lon: -2.85803°/100.956°, Depth: 18.988
2025/09/14 21:51:03.051540 [Incident:Info:toast@toast-new:Magnitude updated] Magnitude updated: 5.27 (M)
2025/09/14 21:51:03.051577 [Simulation:Info:toast@toast-new:Simulation not generated] Magnitude 5.27 of event bmg2025sawd is smaller than triggerMinMagnitude: no automatic simulation
2025/09/14 21:51:08.634913 [Incident:Info:toast@toast-new:Origin updated] Origin updated: OT: 2025-09-14 14:49:42,  Lat/Lon: -2.85803°/100.956°, Depth: 18.988
2025/09/14 21:51:08.635114 [Incident:Info:toast@toast-new:Magnitude updated] Magnitude updated: 5.29 (M)
2025/09/14 21:51:08.635162 [Simulation:Info:toast@toast-new:Simulation not generated] Magnitude 5.29 of event bmg2025sawd is smaller than triggerMinMagnitude: no automatic simulation
2025/09/14 21:51:13.604544 [Incident:Info:toast@toast-new:Origin updated] Origin updated: OT: 2025-09-14 14:49:42,  Lat/Lon: -2.85803°/100.956°, Depth: 18.988
2025/09/14 21:51:13.604738 [Incident:Info:toast@toast-new:Magnitude updated] Magnitude updated: 5.30 (M)
2025/09/14 21:51:13.604786 [Simulation:Info:toast@toast-new:Simulation not generated] Magnitude 5.30 of event bmg2025sawd is smaller than triggerMinMagnitude: no automatic simulation
2025/09/14 21:51:18.103270 [Incident:Info:toast@toast-new:Origin updated] Origin updated: OT: 2025-09-14 14:49:41,  Lat/Lon: -2.85155°/100.94°, Depth: 10
2025/09/14 21:51:18.103510 [Incident:Info:toast@toast-new:Magnitude updated] Magnitude updated: 5.28 (M)
2025/09/14 21:51:18.103554 [Simulation:Info:toast@toast-new:Simulation not generated] Magnitude 5.28 of event bmg2025sawd is smaller than triggerMinMagnitude: no automatic simulation
2025/09/14 21:51:23.646965 [Incident:Info:toast@toast-new:Origin updated] Origin updated: OT: 2025-09-14 14:49:41,  Lat/Lon: -2.85155°/100.94°, Depth: 10
2025/09/14 21:51:23.647141 [Incident:Info:toast@toast-new:Magnitude updated] Magnitude updated: 5.29 (M)
2025/09/14 21:51:23.647172 [Simulation:Info:toast@toast-new:Simulation not generated] Magnitude 5.29 of event bmg2025sawd is smaller than triggerMinMagnitude: no automatic simulation
2025/09/14 21:51:28.641951 [Incident:Info:toast@toast-new:Origin updated] Origin updated: OT: 2025-09-14 14:49:41,  Lat/Lon: -2.85155°/100.94°, Depth: 10
2025/09/14 21:51:28.642160 [Incident:Info:toast@toast-new:Magnitude updated] Magnitude updated: 5.30 (M)
2025/09/14 21:51:28.642203 [Simulation:Info:toast@toast-new:Simulation not generated] Magnitude 5.30 of event bmg2025sawd is smaller than triggerMinMagnitude: no automatic simulation
2025/09/14 21:51:33.606799 [Incident:Info:toast@toast-new:Origin updated] Origin updated: OT: 2025-09-14 14:49:41,  Lat/Lon: -2.85155°/100.94°, Depth: 10
2025/09/14 21:51:33.606959 [Incident:Info:toast@toast-new:Magnitude updated] Magnitude updated: 5.31 (M)
2025/09/14 21:51:33.606990 [Simulation:Info:toast@toast-new:Simulation not generated] Magnitude 5.31 of event bmg2025sawd is smaller than triggerMinMagnitude: no automatic simulation
2025/09/14 21:51:37.723964 [Incident:Info:toast@toast-new:Origin updated] Origin updated: OT: 2025-09-14 14:49:42,  Lat/Lon: -2.84003°/100.927°, Depth: 18.0736
2025/09/14 21:51:37.724169 [Incident:Info:toast@toast-new:Magnitude updated] Magnitude updated: 5.22 (M)
2025/09/14 21:51:37.724213 [Simulation:Info:toast@toast-new:Simulation not generated] Magnitude 5.22 of event bmg2025sawd is smaller than triggerMinMagnitude: no automatic simulation
2025/09/14 21:51:43.663303 [Incident:Info:toast@toast-new:Origin updated] Origin updated: OT: 2025-09-14 14:49:42,  Lat/Lon: -2.84003°/100.927°, Depth: 18.0736
2025/09/14 21:51:43.663486 [Incident:Info:toast@toast-new:Magnitude updated] Magnitude updated: 5.23 (M)
2025/09/14 21:51:43.663519 [Simulation:Info:toast@toast-new:Simulation not generated] Magnitude 5.23 of event bmg2025sawd is smaller than triggerMinMagnitude: no automatic simulation
2025/09/14 21:51:48.661944 [Incident:Info:toast@toast-new:Origin updated] Origin updated: OT: 2025-09-14 14:49:42,  Lat/Lon: -2.84003°/100.927°, Depth: 18.0736
2025/09/14 21:51:48.662121 [Incident:Info:toast@toast-new:Magnitude updated] Magnitude updated: 5.24 (M)
2025/09/14 21:51:48.662154 [Simulation:Info:toast@toast-new:Simulation not generated] Magnitude 5.24 of event bmg2025sawd is smaller than triggerMinMagnitude: no automatic simulation
2025/09/14 21:51:53.664058 [Incident:Info:toast@toast-new:Origin updated] Origin updated: OT: 2025-09-14 14:49:42,  Lat/Lon: -2.84003°/100.927°, Depth: 18.0736
2025/09/14 21:51:53.664230 [Incident:Info:toast@toast-new:Magnitude updated] Magnitude updated: 5.25 (M)
2025/09/14 21:51:53.664265 [Simulation:Info:toast@toast-new:Simulation not generated] Magnitude 5.25 of event bmg2025sawd is smaller than triggerMinMagnitude: no automatic simulation
2025/09/14 21:51:58.667110 [Incident:Info:toast@toast-new:Origin updated] Origin updated: OT: 2025-09-14 14:49:42,  Lat/Lon: -2.84003°/100.927°, Depth: 18.0736
2025/09/14 21:51:58.667315 [Incident:Info:toast@toast-new:Magnitude updated] Magnitude updated: 5.21 (M)
2025/09/14 21:51:58.667373 [Simulation:Info:toast@toast-new:Simulation not generated] Magnitude 5.21 of event bmg2025sawd is smaller than triggerMinMagnitude: no automatic simulation
2025/09/14 21:52:02.739806 [Incident:Info:toast@toast-new:Origin updated] Origin updated: OT: 2025-09-14 14:49:42,  Lat/Lon: -2.83213°/100.921°, Depth: 18.0578
2025/09/14 21:52:02.740000 [Incident:Info:toast@toast-new:Magnitude updated] Magnitude updated: 5.20 (M)
2025/09/14 21:52:02.740031 [Simulation:Info:toast@toast-new:Simulation not generated] Magnitude 5.20 of event bmg2025sawd is smaller than triggerMinMagnitude: no automatic simulation
2025/09/14 21:52:08.710267 [Incident:Info:toast@toast-new:Origin updated] Origin updated: OT: 2025-09-14 14:49:42,  Lat/Lon: -2.83213°/100.921°, Depth: 18.0578
2025/09/14 21:52:08.710416 [Incident:Info:toast@toast-new:Magnitude updated] Magnitude updated: 5.17 (M)
2025/09/14 21:52:08.710445 [Simulation:Info:toast@toast-new:Simulation not generated] Magnitude 5.17 of event bmg2025sawd is smaller than triggerMinMagnitude: no automatic simulation
2025/09/14 21:52:13.698820 [Incident:Info:toast@toast-new:Origin updated] Origin updated: OT: 2025-09-14 14:49:42,  Lat/Lon: -2.83213°/100.921°, Depth: 18.0578
2025/09/14 21:52:13.699006 [Incident:Info:toast@toast-new:Magnitude updated] Magnitude updated: 5.20 (M)
2025/09/14 21:52:13.699038 [Simulation:Info:toast@toast-new:Simulation not generated] Magnitude 5.20 of event bmg2025sawd is smaller than triggerMinMagnitude: no automatic simulation
2025/09/14 21:52:18.697320 [Incident:Info:toast@toast-new:Origin updated] Origin updated: OT: 2025-09-14 14:49:42,  Lat/Lon: -2.83213°/100.921°, Depth: 18.0578
2025/09/14 21:52:18.697502 [Incident:Info:toast@toast-new:Magnitude updated] Magnitude updated: 5.26 (M)
2025/09/14 21:52:18.697554 [Simulation:Info:toast@toast-new:Simulation not generated] Magnitude 5.26 of event bmg2025sawd is smaller than triggerMinMagnitude: no automatic simulation
2025/09/14 21:52:23.695340 [Incident:Info:toast@toast-new:Origin updated] Origin updated: OT: 2025-09-14 14:49:42,  Lat/Lon: -2.83213°/100.921°, Depth: 18.0578
2025/09/14 21:52:23.695494 [Incident:Info:toast@toast-new:Magnitude updated] Magnitude updated: 5.27 (M)
2025/09/14 21:52:23.695524 [Simulation:Info:toast@toast-new:Simulation not generated] Magnitude 5.27 of event bmg2025sawd is smaller than triggerMinMagnitude: no automatic simulation
2025/09/14 21:52:28.756185 [Incident:Info:toast@toast-new:Origin updated] Origin updated: OT: 2025-09-14 14:49:42,  Lat/Lon: -2.83213°/100.921°, Depth: 18.0578
2025/09/14 21:52:28.756366 [Incident:Info:toast@toast-new:Magnitude updated] Magnitude updated: 5.24 (M)
2025/09/14 21:52:28.756417 [Simulation:Info:toast@toast-new:Simulation not generated] Magnitude 5.24 of event bmg2025sawd is smaller than triggerMinMagnitude: no automatic simulation
2025/09/14 21:52:33.721518 [Incident:Info:toast@toast-new:Origin updated] Origin updated: OT: 2025-09-14 14:49:42,  Lat/Lon: -2.83213°/100.921°, Depth: 18.0578
2025/09/14 21:52:33.721690 [Incident:Info:toast@toast-new:Magnitude updated] Magnitude updated: 5.19 (M)
2025/09/14 21:52:33.721723 [Simulation:Info:toast@toast-new:Simulation not generated] Magnitude 5.19 of event bmg2025sawd is smaller than triggerMinMagnitude: no automatic simulation
2025/09/14 21:52:37.221203 [Incident:Info:toast@toast-new:Origin updated] Origin updated: OT: 2025-09-14 14:49:42,  Lat/Lon: -2.83213°/100.921°, Depth: 18.0578
2025/09/14 21:52:37.221378 [Incident:Info:toast@toast-new:Magnitude updated] Magnitude updated: 5.19 (M)
2025/09/14 21:52:37.221413 [Simulation:Info:toast@toast-new:Simulation not generated] Magnitude 5.19 of event bmg2025sawd is smaller than triggerMinMagnitude: no automatic simulation
2025/09/14 21:52:37.247801 [Incident:Info:toast@toast-new:Origin updated] Origin updated: OT: 2025-09-14 14:49:42,  Lat/Lon: -2.82608°/100.916°, Depth: 21.5741
2025/09/14 21:52:37.247939 [Incident:Info:toast@toast-new:Magnitude updated] Magnitude updated: 5.18 (M)
2025/09/14 21:52:37.247966 [Simulation:Info:toast@toast-new:Simulation not generated] Magnitude 5.18 of event bmg2025sawd is smaller than triggerMinMagnitude: no automatic simulation
2025/09/14 21:52:38.669253 [Incident:Info:toast@toast-new:Origin updated] Origin updated: OT: 2025-09-14 14:49:42,  Lat/Lon: -2.82608°/100.916°, Depth: 21.5741
2025/09/14 21:52:38.669448 [Incident:Info:toast@toast-new:Magnitude updated] Magnitude updated: 5.16 (M)
2025/09/14 21:52:38.669493 [Simulation:Info:toast@toast-new:Simulation not generated] Magnitude 5.16 of event bmg2025sawd is smaller than triggerMinMagnitude: no automatic simulation
2025/09/14 21:52:43.794086 [Incident:Info:toast@toast-new:Origin updated] Origin updated: OT: 2025-09-14 14:49:42,  Lat/Lon: -2.82608°/100.916°, Depth: 21.5741
2025/09/14 21:52:43.794290 [Incident:Info:toast@toast-new:Magnitude updated] Magnitude updated: 5.13 (M)
2025/09/14 21:52:43.794360 [Simulation:Info:toast@toast-new:Simulation not generated] Magnitude 5.13 of event bmg2025sawd is smaller than triggerMinMagnitude: no automatic simulation
2025/09/14 21:52:48.741111 [Incident:Info:toast@toast-new:Origin updated] Origin updated: OT: 2025-09-14 14:49:42,  Lat/Lon: -2.82608°/100.916°, Depth: 21.5741
2025/09/14 21:52:48.741291 [Incident:Info:toast@toast-new:Magnitude updated] Magnitude updated: 5.14 (M)
2025/09/14 21:52:48.741341 [Simulation:Info:toast@toast-new:Simulation not generated] Magnitude 5.14 of event bmg2025sawd is smaller than triggerMinMagnitude: no automatic simulation
2025/09/14 21:52:53.732103 [Incident:Info:toast@toast-new:Origin updated] Origin updated: OT: 2025-09-14 14:49:42,  Lat/Lon: -2.82608°/100.916°, Depth: 21.5741
2025/09/14 21:52:53.732292 [Incident:Info:toast@toast-new:Magnitude updated] Magnitude updated: 5.14 (M)
2025/09/14 21:52:53.732331 [Simulation:Info:toast@toast-new:Simulation not generated] Magnitude 5.14 of event bmg2025sawd is smaller than triggerMinMagnitude: no automatic simulation
2025/09/14 21:52:58.749698 [Incident:Info:toast@toast-new:Origin updated] Origin updated: OT: 2025-09-14 14:49:42,  Lat/Lon: -2.82608°/100.916°, Depth: 21.5741
2025/09/14 21:52:58.749956 [Incident:Info:toast@toast-new:Magnitude updated] Magnitude updated: 5.13 (M)
2025/09/14 21:52:58.750041 [Simulation:Info:toast@toast-new:Simulation not generated] Magnitude 5.13 of event bmg2025sawd is smaller than triggerMinMagnitude: no automatic simulation
2025/09/14 21:52:58.825870 [Incident:Info:toast@toast-new:Origin updated] Origin updated: OT: 2025-09-14 14:49:42,  Lat/Lon: -2.82608°/100.916°, Depth: 21.5741
2025/09/14 21:52:58.825995 [Incident:Info:toast@toast-new:FM updated] FM updated
2025/09/14 21:52:58.826157 [Simulation:Info:toast@toast-new:Simulation not generated] Magnitude 5.13 of event bmg2025sawd is smaller than triggerMinMagnitude: no automatic simulation
2025/09/14 21:53:03.704794 [Incident:Info:toast@toast-new:Origin updated] Origin updated: OT: 2025-09-14 14:49:42,  Lat/Lon: -2.82608°/100.916°, Depth: 21.5741
2025/09/14 21:53:03.704974 [Incident:Info:toast@toast-new:Magnitude updated] Magnitude updated: 5.13 (M)
2025/09/14 21:53:03.705008 [Simulation:Info:toast@toast-new:Simulation not generated] Magnitude 5.13 of event bmg2025sawd is smaller than triggerMinMagnitude: no automatic simulation
2025/09/14 21:53:08.705774 [Incident:Info:toast@toast-new:Origin updated] Origin updated: OT: 2025-09-14 14:49:42,  Lat/Lon: -2.82608°/100.916°, Depth: 21.5741
2025/09/14 21:53:08.705938 [Incident:Info:toast@toast-new:Magnitude updated] Magnitude updated: 5.13 (M)
2025/09/14 21:53:08.705976 [Simulation:Info:toast@toast-new:Simulation not generated] Magnitude 5.13 of event bmg2025sawd is smaller than triggerMinMagnitude: no automatic simulation
2025/09/14 21:53:13.674792 [Incident:Info:toast@toast-new:Origin updated] Origin updated: OT: 2025-09-14 14:49:42,  Lat/Lon: -2.82608°/100.916°, Depth: 21.5741
2025/09/14 21:53:13.674960 [Incident:Info:toast@toast-new:Magnitude updated] Magnitude updated: 5.13 (M)
2025/09/14 21:53:13.674994 [Simulation:Info:toast@toast-new:Simulation not generated] Magnitude 5.13 of event bmg2025sawd is smaller than triggerMinMagnitude: no automatic simulation
2025/09/14 21:53:18.428252 [Incident:Info:toast@toast-new:Origin updated] Origin updated: OT: 2025-09-14 14:49:42,  Lat/Lon: -2.85418°/100.881°, Depth: 20.5633
2025/09/14 21:53:18.428464 [Incident:Info:toast@toast-new:Magnitude updated] Magnitude updated: 5.11 (M)
2025/09/14 21:53:18.428508 [Simulation:Info:toast@toast-new:Simulation not generated] Magnitude 5.11 of event bmg2025sawd is smaller than triggerMinMagnitude: no automatic simulation
2025/09/14 21:53:18.663365 [Incident:Info:toast@toast-new:Origin updated] Origin updated: OT: 2025-09-14 14:49:42,  Lat/Lon: -2.85418°/100.881°, Depth: 20.5633
2025/09/14 21:53:18.663555 [Incident:Info:toast@toast-new:Magnitude updated] Magnitude updated: 5.11 (M)
2025/09/14 21:53:18.663598 [Simulation:Info:toast@toast-new:Simulation not generated] Magnitude 5.11 of event bmg2025sawd is smaller than triggerMinMagnitude: no automatic simulation
2025/09/14 21:53:23.766768 [Incident:Info:toast@toast-new:Origin updated] Origin updated: OT: 2025-09-14 14:49:42,  Lat/Lon: -2.85418°/100.881°, Depth: 20.5633
2025/09/14 21:53:23.766947 [Incident:Info:toast@toast-new:Magnitude updated] Magnitude updated: 5.11 (M)
2025/09/14 21:53:23.766994 [Simulation:Info:toast@toast-new:Simulation not generated] Magnitude 5.11 of event bmg2025sawd is smaller than triggerMinMagnitude: no automatic simulation
2025/09/14 21:53:28.770670 [Incident:Info:toast@toast-new:Origin updated] Origin updated: OT: 2025-09-14 14:49:42,  Lat/Lon: -2.85418°/100.881°, Depth: 20.5633
2025/09/14 21:53:28.770840 [Incident:Info:toast@toast-new:Magnitude updated] Magnitude updated: 5.13 (M)
2025/09/14 21:53:28.770872 [Simulation:Info:toast@toast-new:Simulation not generated] Magnitude 5.13 of event bmg2025sawd is smaller than triggerMinMagnitude: no automatic simulation
2025/09/14 21:53:33.715779 [Incident:Info:toast@toast-new:Origin updated] Origin updated: OT: 2025-09-14 14:49:42,  Lat/Lon: -2.85418°/100.881°, Depth: 20.5633
2025/09/14 21:53:33.715957 [Incident:Info:toast@toast-new:Magnitude updated] Magnitude updated: 5.12 (M)
2025/09/14 21:53:33.715990 [Simulation:Info:toast@toast-new:Simulation not generated] Magnitude 5.12 of event bmg2025sawd is smaller than triggerMinMagnitude: no automatic simulation
2025/09/14 21:53:38.633051 [Incident:Info:toast@toast-new:Origin updated] Origin updated: OT: 2025-09-14 14:49:42,  Lat/Lon: -2.85418°/100.881°, Depth: 20.5633
2025/09/14 21:53:38.633220 [Incident:Info:toast@toast-new:Magnitude updated] Magnitude updated: 5.11 (M)
2025/09/14 21:53:38.633257 [Simulation:Info:toast@toast-new:Simulation not generated] Magnitude 5.11 of event bmg2025sawd is smaller than triggerMinMagnitude: no automatic simulation
2025/09/14 21:53:43.707539 [Incident:Info:toast@toast-new:Origin updated] Origin updated: OT: 2025-09-14 14:49:42,  Lat/Lon: -2.85418°/100.881°, Depth: 20.5633
2025/09/14 21:53:43.707719 [Incident:Info:toast@toast-new:Magnitude updated] Magnitude updated: 5.11 (M)
2025/09/14 21:53:43.707752 [Simulation:Info:toast@toast-new:Simulation not generated] Magnitude 5.11 of event bmg2025sawd is smaller than triggerMinMagnitude: no automatic simulation
2025/09/14 21:53:48.680081 [Incident:Info:toast@toast-new:Origin updated] Origin updated: OT: 2025-09-14 14:49:42,  Lat/Lon: -2.85418°/100.881°, Depth: 20.5633
2025/09/14 21:53:48.680265 [Incident:Info:toast@toast-new:Magnitude updated] Magnitude updated: 5.11 (M)
2025/09/14 21:53:48.680311 [Simulation:Info:toast@toast-new:Simulation not generated] Magnitude 5.11 of event bmg2025sawd is smaller than triggerMinMagnitude: no automatic simulation
2025/09/14 21:53:58.683570 [Incident:Info:toast@toast-new:Origin updated] Origin updated: OT: 2025-09-14 14:49:42,  Lat/Lon: -2.85418°/100.881°, Depth: 20.5633
2025/09/14 21:53:58.683750 [Incident:Info:toast@toast-new:Magnitude updated] Magnitude updated: 5.11 (M)
2025/09/14 21:53:58.683783 [Simulation:Info:toast@toast-new:Simulation not generated] Magnitude 5.11 of event bmg2025sawd is smaller than triggerMinMagnitude: no automatic simulation
2025/09/14 21:54:00.581343 [Incident:Info:toast@toast-new:Origin updated] Origin updated: OT: 2025-09-14 14:49:42,  Lat/Lon: -2.85418°/100.881°, Depth: 20.5633
2025/09/14 21:54:00.581501 [Incident:Info:toast@toast-new:FM updated] FM updated
2025/09/14 21:54:00.581782 [Simulation:Info:toast@toast-new:Simulation not generated] Magnitude 5.11 of event bmg2025sawd is smaller than triggerMinMagnitude: no automatic simulation
2025/09/14 21:54:03.750042 [Incident:Info:toast@toast-new:Origin updated] Origin updated: OT: 2025-09-14 14:49:42,  Lat/Lon: -2.85418°/100.881°, Depth: 20.5633
2025/09/14 21:54:03.750219 [Incident:Info:toast@toast-new:Magnitude updated] Magnitude updated: 5.10 (M)
2025/09/14 21:54:03.750251 [Simulation:Info:toast@toast-new:Simulation not generated] Magnitude 5.10 of event bmg2025sawd is smaller than triggerMinMagnitude: no automatic simulation
2025/09/14 21:54:06.234426 [Incident:Info:toast@toast-new:Origin updated] Origin updated: OT: 2025-09-14 14:49:42,  Lat/Lon: -2.86023°/100.879°, Depth: 20.5388
2025/09/14 21:54:06.234637 [Incident:Info:toast@toast-new:Magnitude updated] Magnitude updated: 5.10 (M)
2025/09/14 21:54:06.234686 [Simulation:Info:toast@toast-new:Simulation not generated] Magnitude 5.10 of event bmg2025sawd is smaller than triggerMinMagnitude: no automatic simulation
2025/09/14 21:54:13.697869 [Incident:Info:toast@toast-new:Origin updated] Origin updated: OT: 2025-09-14 14:49:42,  Lat/Lon: -2.86023°/100.879°, Depth: 20.5388
2025/09/14 21:54:13.698060 [Incident:Info:toast@toast-new:Magnitude updated] Magnitude updated: 5.10 (M)
2025/09/14 21:54:13.698095 [Simulation:Info:toast@toast-new:Simulation not generated] Magnitude 5.10 of event bmg2025sawd is smaller than triggerMinMagnitude: no automatic simulation
2025/09/14 21:54:18.765904 [Incident:Info:toast@toast-new:Origin updated] Origin updated: OT: 2025-09-14 14:49:42,  Lat/Lon: -2.86023°/100.879°, Depth: 20.5388
2025/09/14 21:54:18.766080 [Incident:Info:toast@toast-new:Magnitude updated] Magnitude updated: 5.10 (M)
2025/09/14 21:54:18.766114 [Simulation:Info:toast@toast-new:Simulation not generated] Magnitude 5.10 of event bmg2025sawd is smaller than triggerMinMagnitude: no automatic simulation
2025/09/14 21:54:29.128353 [Incident:Info:toast@toast-new:Origin updated] Origin updated: OT: 2025-09-14 14:49:43,  Lat/Lon: -2.861°/100.871°, Depth: 49.8355
2025/09/14 21:54:29.128561 [Incident:Info:toast@toast-new:Magnitude updated] Magnitude updated: 5.07 (M)
2025/09/14 21:54:29.128605 [Simulation:Info:toast@toast-new:Simulation not generated] Magnitude 5.07 of event bmg2025sawd is smaller than triggerMinMagnitude: no automatic simulation
2025/09/14 21:54:33.613986 [Incident:Info:toast@toast-new:Origin updated] Origin updated: OT: 2025-09-14 14:49:43,  Lat/Lon: -2.861°/100.871°, Depth: 49.8355
2025/09/14 21:54:33.614167 [Incident:Info:toast@toast-new:Magnitude updated] Magnitude updated: 5.06 (M)
2025/09/14 21:54:33.614208 [Simulation:Info:toast@toast-new:Simulation not generated] Magnitude 5.06 of event bmg2025sawd is smaller than triggerMinMagnitude: no automatic simulation
2025/09/14 21:54:38.704869 [Incident:Info:toast@toast-new:Origin updated] Origin updated: OT: 2025-09-14 14:49:43,  Lat/Lon: -2.861°/100.871°, Depth: 49.8355
2025/09/14 21:54:38.705063 [Incident:Info:toast@toast-new:Magnitude updated] Magnitude updated: 5.04 (M)
2025/09/14 21:54:38.705128 [Simulation:Info:toast@toast-new:Simulation not generated] Magnitude 5.04 of event bmg2025sawd is smaller than triggerMinMagnitude: no automatic simulation
2025/09/14 21:54:43.768260 [Incident:Info:toast@toast-new:Origin updated] Origin updated: OT: 2025-09-14 14:49:43,  Lat/Lon: -2.8645°/100.868°, Depth: 51.7403
2025/09/14 21:54:43.768472 [Incident:Info:toast@toast-new:Magnitude updated] Magnitude updated: 5.04 (M)
2025/09/14 21:54:43.768514 [Simulation:Info:toast@toast-new:Simulation not generated] Magnitude 5.04 of event bmg2025sawd is smaller than triggerMinMagnitude: no automatic simulation
