2025/08/07 23:38:50.373683 [Incident:Info:toast@toast-new:Displacement(s) updated] Added 0 and changed 0 displacements with 0 amplitudes
2025/08/07 23:38:50.374405 [Incident:Info:toast@toast-new:Incident created] Incident created based on event received from messaging: OT: 2025-08-07 16:34:01,  Lat/Lon: -4.19°/152.86°, Depth: 10.00, Mag: 6.07 (M)
2025/08/07 23:38:50.375070 [Simulation:Info:toast@toast-new:Simulation not generated] Magnitude 6.07 of event bmg2025pjol is smaller than triggerMinMagnitude: no automatic simulation
2025/08/07 23:38:50.399429 [Incident:Info:toast@toast-new:Origin updated] Origin updated: OT: 2025-08-07 16:34:01,  Lat/Lon: -4.18596°/152.861°, Depth: 10
2025/08/07 23:38:50.399614 [Simulation:Info:toast@toast-new:Simulation not generated] Magnitude 6.07 of event bmg2025pjol is smaller than triggerMinMagnitude: no automatic simulation
2025/08/07 23:38:55.108636 [Incident:Info:toast@toast-new:Origin updated] Origin updated: OT: 2025-08-07 16:34:01,  Lat/Lon: -4.18596°/152.861°, Depth: 10
2025/08/07 23:38:55.108830 [Incident:Info:toast@toast-new:Magnitude updated] Magnitude updated: 6.05 (M)
2025/08/07 23:38:55.108878 [Simulation:Info:toast@toast-new:Simulation not generated] Magnitude 6.05 of event bmg2025pjol is smaller than triggerMinMagnitude: no automatic simulation
2025/08/07 23:39:00.176089 [Incident:Info:toast@toast-new:Origin updated] Origin updated: OT: 2025-08-07 16:34:01,  Lat/Lon: -4.18596°/152.861°, Depth: 10
2025/08/07 23:39:00.176331 [Incident:Info:toast@toast-new:Magnitude updated] Magnitude updated: 6.04 (M)
2025/08/07 23:39:00.176420 [Simulation:Info:toast@toast-new:Simulation not generated] Magnitude 6.04 of event bmg2025pjol is smaller than triggerMinMagnitude: no automatic simulation
2025/08/07 23:39:00.643935 [Incident:Info:toast@toast-new:Origin updated] Origin updated: OT: 2025-08-07 16:34:01,  Lat/Lon: -4.18462°/152.862°, Depth: 10
2025/08/07 23:39:00.644072 [Incident:Info:toast@toast-new:Magnitude updated] Magnitude updated: 6.04 (M)
2025/08/07 23:39:00.644095 [Simulation:Info:toast@toast-new:Simulation not generated] Magnitude 6.04 of event bmg2025pjol is smaller than triggerMinMagnitude: no automatic simulation
2025/08/07 23:39:05.082322 [Incident:Info:toast@toast-new:Origin updated] Origin updated: OT: 2025-08-07 16:34:01,  Lat/Lon: -4.18462°/152.862°, Depth: 10
2025/08/07 23:39:05.082502 [Incident:Info:toast@toast-new:Magnitude updated] Magnitude updated: 6.04 (M)
2025/08/07 23:39:05.082540 [Simulation:Info:toast@toast-new:Simulation not generated] Magnitude 6.04 of event bmg2025pjol is smaller than triggerMinMagnitude: no automatic simulation
2025/08/07 23:39:10.055472 [Incident:Info:toast@toast-new:Origin updated] Origin updated: OT: 2025-08-07 16:34:01,  Lat/Lon: -4.18462°/152.862°, Depth: 10
2025/08/07 23:39:10.055663 [Incident:Info:toast@toast-new:Magnitude updated] Magnitude updated: 6.04 (M)
2025/08/07 23:39:10.055703 [Simulation:Info:toast@toast-new:Simulation not generated] Magnitude 6.04 of event bmg2025pjol is smaller than triggerMinMagnitude: no automatic simulation
2025/08/07 23:39:12.466110 [Incident:Info:toast@toast-new:Origin updated] Origin updated: OT: 2025-08-07 16:34:01,  Lat/Lon: -4.17583°/152.866°, Depth: 10
2025/08/07 23:39:12.466295 [Incident:Info:toast@toast-new:Magnitude updated] Magnitude updated: 6.05 (M)
2025/08/07 23:39:12.466331 [Simulation:Info:toast@toast-new:Simulation not generated] Magnitude 6.05 of event bmg2025pjol is smaller than triggerMinMagnitude: no automatic simulation
2025/08/07 23:39:20.117954 [Incident:Info:toast@toast-new:Origin updated] Origin updated: OT: 2025-08-07 16:34:01,  Lat/Lon: -4.17583°/152.866°, Depth: 10
2025/08/07 23:39:20.118167 [Incident:Info:toast@toast-new:Magnitude updated] Magnitude updated: 6.04 (M)
2025/08/07 23:39:20.118215 [Simulation:Info:toast@toast-new:Simulation not generated] Magnitude 6.04 of event bmg2025pjol is smaller than triggerMinMagnitude: no automatic simulation
2025/08/07 23:39:23.656129 [Incident:Info:toast@toast-new:Origin updated] Origin updated: OT: 2025-08-07 16:34:02,  Lat/Lon: -4.16727°/152.808°, Depth: 10
2025/08/07 23:39:23.656339 [Incident:Info:toast@toast-new:Magnitude updated] Magnitude updated: 6.04 (M)
2025/08/07 23:39:23.656369 [Simulation:Info:toast@toast-new:Simulation not generated] Magnitude 6.04 of event bmg2025pjol is smaller than triggerMinMagnitude: no automatic simulation
2025/08/07 23:39:30.060011 [Incident:Info:toast@toast-new:Origin updated] Origin updated: OT: 2025-08-07 16:34:02,  Lat/Lon: -4.16727°/152.808°, Depth: 10
2025/08/07 23:39:30.060207 [Incident:Info:toast@toast-new:Magnitude updated] Magnitude updated: 6.03 (M)
2025/08/07 23:39:30.060255 [Simulation:Info:toast@toast-new:Simulation not generated] Magnitude 6.03 of event bmg2025pjol is smaller than triggerMinMagnitude: no automatic simulation
2025/08/07 23:39:35.158240 [Incident:Info:toast@toast-new:Origin updated] Origin updated: OT: 2025-08-07 16:34:02,  Lat/Lon: -4.16727°/152.808°, Depth: 10
2025/08/07 23:39:35.158401 [Incident:Info:toast@toast-new:Magnitude updated] Magnitude updated: 6.01 (M)
2025/08/07 23:39:35.158434 [Simulation:Info:toast@toast-new:Simulation not generated] Magnitude 6.01 of event bmg2025pjol is smaller than triggerMinMagnitude: no automatic simulation
2025/08/07 23:39:35.620842 [Incident:Info:toast@toast-new:Origin updated] Origin updated: OT: 2025-08-07 16:34:01,  Lat/Lon: -4.19369°/152.867°, Depth: 10
2025/08/07 23:39:35.621021 [Incident:Info:toast@toast-new:Magnitude updated] Magnitude updated: 5.96 (mb)
2025/08/07 23:39:35.621055 [Simulation:Info:toast@toast-new:Simulation not generated] Magnitude 5.96 of event bmg2025pjol is smaller than triggerMinMagnitude: no automatic simulation
2025/08/07 23:39:35.645793 [Incident:Info:toast@toast-new:Origin updated] Origin updated: OT: 2025-08-07 16:34:01,  Lat/Lon: -4.19369°/152.867°, Depth: 10
2025/08/07 23:39:35.645901 [Incident:Info:toast@toast-new:Magnitude updated] Magnitude updated: 5.97 (M)
2025/08/07 23:39:35.645928 [Simulation:Info:toast@toast-new:Simulation not generated] Magnitude 5.97 of event bmg2025pjol is smaller than triggerMinMagnitude: no automatic simulation
2025/08/07 23:39:40.200027 [Incident:Info:toast@toast-new:Origin updated] Origin updated: OT: 2025-08-07 16:34:01,  Lat/Lon: -4.19369°/152.867°, Depth: 10
2025/08/07 23:39:40.200219 [Incident:Info:toast@toast-new:Magnitude updated] Magnitude updated: 5.96 (M)
2025/08/07 23:39:40.200262 [Simulation:Info:toast@toast-new:Simulation not generated] Magnitude 5.96 of event bmg2025pjol is smaller than triggerMinMagnitude: no automatic simulation
2025/08/07 23:40:00.553891 [Incident:Info:toast@toast-new:Origin updated] Origin updated: OT: 2025-08-07 16:34:01,  Lat/Lon: -4.15897°/152.843°, Depth: 10
2025/08/07 23:40:00.554082 [Incident:Info:toast@toast-new:Magnitude updated] Magnitude updated: 5.89 (mb)
2025/08/07 23:40:00.554137 [Simulation:Info:toast@toast-new:Simulation not generated] Magnitude 5.89 of event bmg2025pjol is smaller than triggerMinMagnitude: no automatic simulation
2025/08/07 23:40:00.590578 [Incident:Info:toast@toast-new:Origin updated] Origin updated: OT: 2025-08-07 16:34:01,  Lat/Lon: -4.15897°/152.843°, Depth: 10
2025/08/07 23:40:00.590743 [Incident:Info:toast@toast-new:Magnitude updated] Magnitude updated: 5.97 (M)
2025/08/07 23:40:00.590808 [Simulation:Info:toast@toast-new:Simulation not generated] Magnitude 5.97 of event bmg2025pjol is smaller than triggerMinMagnitude: no automatic simulation
2025/08/07 23:40:05.129077 [Incident:Info:toast@toast-new:Origin updated] Origin updated: OT: 2025-08-07 16:34:01,  Lat/Lon: -4.15897°/152.843°, Depth: 10
2025/08/07 23:40:05.129254 [Incident:Info:toast@toast-new:Magnitude updated] Magnitude updated: 5.96 (M)
2025/08/07 23:40:05.129288 [Simulation:Info:toast@toast-new:Simulation not generated] Magnitude 5.96 of event bmg2025pjol is smaller than triggerMinMagnitude: no automatic simulation
2025/08/07 23:40:10.202444 [Incident:Info:toast@toast-new:Origin updated] Origin updated: OT: 2025-08-07 16:34:01,  Lat/Lon: -4.15897°/152.843°, Depth: 10
2025/08/07 23:40:10.202669 [Incident:Info:toast@toast-new:Magnitude updated] Magnitude updated: 5.96 (M)
2025/08/07 23:40:10.202745 [Simulation:Info:toast@toast-new:Simulation not generated] Magnitude 5.96 of event bmg2025pjol is smaller than triggerMinMagnitude: no automatic simulation
2025/08/07 23:40:15.152917 [Incident:Info:toast@toast-new:Origin updated] Origin updated: OT: 2025-08-07 16:34:01,  Lat/Lon: -4.15897°/152.843°, Depth: 10
2025/08/07 23:40:15.153116 [Incident:Info:toast@toast-new:Magnitude updated] Magnitude updated: 5.96 (M)
2025/08/07 23:40:15.153164 [Simulation:Info:toast@toast-new:Simulation not generated] Magnitude 5.96 of event bmg2025pjol is smaller than triggerMinMagnitude: no automatic simulation
2025/08/07 23:40:17.382694 [Incident:Info:toast@toast-new:Origin updated] Origin updated: OT: 2025-08-07 16:34:01,  Lat/Lon: -4.13822°/152.844°, Depth: 10
2025/08/07 23:40:17.382880 [Incident:Info:toast@toast-new:Magnitude updated] Magnitude updated: 5.85 (mb)
2025/08/07 23:40:17.382944 [Simulation:Info:toast@toast-new:Simulation not generated] Magnitude 5.85 of event bmg2025pjol is smaller than triggerMinMagnitude: no automatic simulation
2025/08/07 23:40:17.443176 [Incident:Info:toast@toast-new:Origin updated] Origin updated: OT: 2025-08-07 16:34:01,  Lat/Lon: -4.13822°/152.844°, Depth: 10
2025/08/07 23:40:17.443306 [Incident:Info:toast@toast-new:Magnitude updated] Magnitude updated: 5.94 (M)
2025/08/07 23:40:17.443331 [Simulation:Info:toast@toast-new:Simulation not generated] Magnitude 5.94 of event bmg2025pjol is smaller than triggerMinMagnitude: no automatic simulation
2025/08/07 23:40:20.151862 [Incident:Info:toast@toast-new:Origin updated] Origin updated: OT: 2025-08-07 16:34:01,  Lat/Lon: -4.13822°/152.844°, Depth: 10
2025/08/07 23:40:20.152042 [Incident:Info:toast@toast-new:Magnitude updated] Magnitude updated: 5.94 (M)
2025/08/07 23:40:20.152074 [Simulation:Info:toast@toast-new:Simulation not generated] Magnitude 5.94 of event bmg2025pjol is smaller than triggerMinMagnitude: no automatic simulation
2025/08/07 23:40:25.154151 [Incident:Info:toast@toast-new:Origin updated] Origin updated: OT: 2025-08-07 16:34:01,  Lat/Lon: -4.13822°/152.844°, Depth: 10
2025/08/07 23:40:25.154351 [Incident:Info:toast@toast-new:Magnitude updated] Magnitude updated: 5.94 (M)
2025/08/07 23:40:25.154397 [Simulation:Info:toast@toast-new:Simulation not generated] Magnitude 5.94 of event bmg2025pjol is smaller than triggerMinMagnitude: no automatic simulation
2025/08/07 23:40:30.159487 [Incident:Info:toast@toast-new:Origin updated] Origin updated: OT: 2025-08-07 16:34:01,  Lat/Lon: -4.13822°/152.844°, Depth: 10
2025/08/07 23:40:30.159660 [Incident:Info:toast@toast-new:Magnitude updated] Magnitude updated: 5.94 (M)
2025/08/07 23:40:30.159693 [Simulation:Info:toast@toast-new:Simulation not generated] Magnitude 5.94 of event bmg2025pjol is smaller than triggerMinMagnitude: no automatic simulation
2025/08/07 23:40:40.206545 [Incident:Info:toast@toast-new:Origin updated] Origin updated: OT: 2025-08-07 16:34:01,  Lat/Lon: -4.13822°/152.844°, Depth: 10
2025/08/07 23:40:40.206734 [Incident:Info:toast@toast-new:Magnitude updated] Magnitude updated: 5.94 (M)
2025/08/07 23:40:40.206776 [Simulation:Info:toast@toast-new:Simulation not generated] Magnitude 5.94 of event bmg2025pjol is smaller than triggerMinMagnitude: no automatic simulation
2025/08/07 23:40:45.197676 [Incident:Info:toast@toast-new:Origin updated] Origin updated: OT: 2025-08-07 16:34:01,  Lat/Lon: -4.13822°/152.844°, Depth: 10
2025/08/07 23:40:45.197851 [Incident:Info:toast@toast-new:Magnitude updated] Magnitude updated: 5.93 (M)
2025/08/07 23:40:45.197881 [Simulation:Info:toast@toast-new:Simulation not generated] Magnitude 5.93 of event bmg2025pjol is smaller than triggerMinMagnitude: no automatic simulation
2025/08/07 23:40:50.178066 [Incident:Info:toast@toast-new:Origin updated] Origin updated: OT: 2025-08-07 16:34:01,  Lat/Lon: -4.13822°/152.844°, Depth: 10
2025/08/07 23:40:50.178250 [Incident:Info:toast@toast-new:Magnitude updated] Magnitude updated: 5.93 (M)
2025/08/07 23:40:50.178292 [Simulation:Info:toast@toast-new:Simulation not generated] Magnitude 5.93 of event bmg2025pjol is smaller than triggerMinMagnitude: no automatic simulation
2025/08/07 23:41:06.025305 [Incident:Info:toast@toast-new:Origin updated] Origin updated: OT: 2025-08-07 16:34:02,  Lat/Lon: -4.15556°/152.826°, Depth: 21.6926
2025/08/07 23:41:06.025527 [Incident:Info:toast@toast-new:Magnitude updated] Magnitude updated: 5.87 (Mw(mB))
2025/08/07 23:41:06.025576 [Simulation:Info:toast@toast-new:Simulation not generated] Magnitude 5.87 of event bmg2025pjol is smaller than triggerMinMagnitude: no automatic simulation
2025/08/07 23:41:06.137540 [Incident:Info:toast@toast-new:Origin updated] Origin updated: OT: 2025-08-07 16:34:02,  Lat/Lon: -4.15556°/152.826°, Depth: 21.6926
2025/08/07 23:41:06.137746 [Incident:Info:toast@toast-new:Magnitude updated] Magnitude updated: 5.86 (Mw(mB))
2025/08/07 23:41:06.137801 [Simulation:Info:toast@toast-new:Simulation not generated] Magnitude 5.86 of event bmg2025pjol is smaller than triggerMinMagnitude: no automatic simulation
2025/08/07 23:42:12.573289 [Incident:Info:toast@toast-new:Origin updated] Origin updated: OT: 2025-08-07 16:34:05,  Lat/Lon: -4.22847°/152.84°, Depth: 47.3677
2025/08/07 23:42:12.573502 [Incident:Info:toast@toast-new:Magnitude updated] Magnitude updated: 5.69 (Mw(mB))
2025/08/07 23:42:12.573554 [Simulation:Info:toast@toast-new:Simulation not generated] Magnitude 5.69 of event bmg2025pjol is smaller than triggerMinMagnitude: no automatic simulation
2025/08/07 23:42:12.833141 [Incident:Info:toast@toast-new:Origin updated] Origin updated: OT: 2025-08-07 16:34:05,  Lat/Lon: -4.22847°/152.84°, Depth: 47.3677
2025/08/07 23:42:12.833348 [Incident:Info:toast@toast-new:Magnitude updated] Magnitude updated: 5.69 (Mw(mB))
2025/08/07 23:42:12.833402 [Simulation:Info:toast@toast-new:Simulation not generated] Magnitude 5.69 of event bmg2025pjol is smaller than triggerMinMagnitude: no automatic simulation
2025/08/07 23:42:20.269206 [Incident:Info:toast@toast-new:Origin updated] Origin updated: OT: 2025-08-07 16:34:05,  Lat/Lon: -4.22847°/152.84°, Depth: 47.3677
2025/08/07 23:42:20.269441 [Incident:Info:toast@toast-new:Magnitude updated] Magnitude updated: 5.69 (Mw(mB))
2025/08/07 23:42:20.269504 [Simulation:Info:toast@toast-new:Simulation not generated] Magnitude 5.69 of event bmg2025pjol is smaller than triggerMinMagnitude: no automatic simulation
2025/08/07 23:42:32.893725 [Incident:Info:toast@toast-new:Origin updated] Origin updated: OT: 2025-08-07 16:34:05,  Lat/Lon: -4.22847°/152.84°, Depth: 47.3677
2025/08/07 23:42:32.893910 [Incident:Info:toast@toast-new:Magnitude updated] Magnitude updated: 5.69 (Mw(mB))
2025/08/07 23:42:32.893951 [Simulation:Info:toast@toast-new:Simulation not generated] Magnitude 5.69 of event bmg2025pjol is smaller than triggerMinMagnitude: no automatic simulation
2025/08/07 23:43:46.050724 [Incident:Info:toast@toast-new:Origin updated] Origin updated: OT: 2025-08-07 16:34:05,  Lat/Lon: -4.25584°/152.843°, Depth: 47.4363
2025/08/07 23:43:46.050918 [Incident:Info:toast@toast-new:Magnitude updated] Magnitude updated: 5.65 (Mw(mB))
2025/08/07 23:43:46.050956 [Simulation:Info:toast@toast-new:Simulation not generated] Magnitude 5.65 of event bmg2025pjol is smaller than triggerMinMagnitude: no automatic simulation
2025/08/07 23:44:03.954034 [Incident:Info:toast@toast-new:Origin updated] Origin updated: OT: 2025-08-07 16:34:05,  Lat/Lon: -4.25584°/152.843°, Depth: 47.4363
2025/08/07 23:44:03.954235 [Incident:Info:toast@toast-new:FM updated] FM updated
2025/08/07 23:44:03.954531 [Simulation:Info:toast@toast-new:Simulation not generated] Magnitude 5.65 of event bmg2025pjol is smaller than triggerMinMagnitude: no automatic simulation
2025/08/07 23:44:05.519677 [Incident:Info:toast@toast-new:Origin updated] Origin updated: OT: 2025-08-07 16:34:05,  Lat/Lon: -4.25584°/152.843°, Depth: 47.4363
2025/08/07 23:44:05.519855 [Incident:Info:toast@toast-new:FM updated] FM updated
2025/08/07 23:44:05.520105 [Simulation:Info:toast@toast-new:Simulation not generated] Magnitude 5.65 of event bmg2025pjol is smaller than triggerMinMagnitude: no automatic simulation
2025/08/07 23:46:12.217164 [Incident:Info:toast@toast-new:Origin updated] Origin updated: OT: 2025-08-07 16:34:05,  Lat/Lon: -4.25584°/152.843°, Depth: 47.4363
2025/08/07 23:46:12.217411 [Incident:Info:toast@toast-new:FM updated] FM updated
2025/08/07 23:46:12.217862 [Simulation:Info:toast@toast-new:Simulation not generated] Magnitude 5.65 of event bmg2025pjol is smaller than triggerMinMagnitude: no automatic simulation
2025/08/07 23:46:17.643616 [Incident:Info:toast@toast-new:Origin updated] Origin updated: OT: 2025-08-07 16:34:05,  Lat/Lon: -4.25584°/152.843°, Depth: 47.4363
2025/08/07 23:46:17.643789 [Simulation:Info:toast@toast-new:Simulation not generated] Magnitude 5.65 of event bmg2025pjol is smaller than triggerMinMagnitude: no automatic simulation
2025/08/07 23:46:36.747018 [Incident:Info:toast@toast-new:Origin updated] Origin updated: OT: 2025-08-07 16:34:05,  Lat/Lon: -4.25584°/152.843°, Depth: 47.4363
2025/08/07 23:46:36.747212 [Incident:Info:toast@toast-new:FM updated] FM updated
2025/08/07 23:46:36.747476 [Simulation:Info:toast@toast-new:Simulation not generated] Magnitude 5.65 of event bmg2025pjol is smaller than triggerMinMagnitude: no automatic simulation
2025/08/07 23:47:46.024957 [Incident:Info:toast@toast-new:Origin updated] Origin updated: OT: 2025-08-07 16:34:05,  Lat/Lon: -4.25584°/152.843°, Depth: 47.4363
2025/08/07 23:47:46.025120 [Incident:Info:toast@toast-new:FM updated] FM updated
2025/08/07 23:47:46.025442 [Simulation:Info:toast@toast-new:Simulation not generated] Magnitude 5.65 of event bmg2025pjol is smaller than triggerMinMagnitude: no automatic simulation
2025/08/07 23:47:56.072571 [Incident:Info:toast@toast-new:Origin updated] Origin updated: OT: 2025-08-07 16:34:05,  Lat/Lon: -4.25584°/152.843°, Depth: 47.4363
2025/08/07 23:47:56.072769 [Incident:Info:toast@toast-new:FM updated] FM updated
2025/08/07 23:47:56.073037 [Simulation:Info:toast@toast-new:Simulation not generated] Magnitude 5.65 of event bmg2025pjol is smaller than triggerMinMagnitude: no automatic simulation
2025/08/07 23:48:16.106339 [Incident:Info:toast@toast-new:Origin updated] Origin updated: OT: 2025-08-07 16:34:05,  Lat/Lon: -4.25584°/152.843°, Depth: 47.4363
2025/08/07 23:48:16.106494 [Incident:Info:toast@toast-new:FM updated] FM updated
2025/08/07 23:48:16.106719 [Simulation:Info:toast@toast-new:Simulation not generated] Magnitude 5.65 of event bmg2025pjol is smaller than triggerMinMagnitude: no automatic simulation
2025/08/07 23:49:00.798915 [Incident:Info:toast@toast-new:Origin updated] Origin updated: OT: 2025-08-07 16:34:05,  Lat/Lon: -4.25584°/152.843°, Depth: 47.4363
2025/08/07 23:49:00.799103 [Incident:Info:toast@toast-new:FM updated] FM updated
2025/08/07 23:49:00.799374 [Simulation:Info:toast@toast-new:Simulation not generated] Magnitude 5.65 of event bmg2025pjol is smaller than triggerMinMagnitude: no automatic simulation
2025/08/07 23:49:13.942706 [Incident:Info:toast@toast-new:Origin updated] Origin updated: OT: 2025-08-07 16:34:05,  Lat/Lon: -4.25584°/152.843°, Depth: 47.4363
2025/08/07 23:49:13.942886 [Incident:Info:toast@toast-new:FM updated] FM updated
2025/08/07 23:49:13.943138 [Simulation:Info:toast@toast-new:Simulation not generated] Magnitude 5.65 of event bmg2025pjol is smaller than triggerMinMagnitude: no automatic simulation
2025/08/07 23:49:20.708483 [Incident:Info:toast@toast-new:Origin updated] Origin updated: OT: 2025-08-07 16:34:05,  Lat/Lon: -4.25584°/152.843°, Depth: 47.4363
2025/08/07 23:49:20.708656 [Simulation:Info:toast@toast-new:Simulation not generated] Magnitude 5.65 of event bmg2025pjol is smaller than triggerMinMagnitude: no automatic simulation
2025/08/07 23:49:29.596451 [Incident:Info:toast@toast-new:Origin updated] Origin updated: OT: 2025-08-07 16:34:05,  Lat/Lon: -4.25584°/152.843°, Depth: 47.4363
2025/08/07 23:49:29.596634 [Simulation:Info:toast@toast-new:Simulation not generated] Magnitude 5.65 of event bmg2025pjol is smaller than triggerMinMagnitude: no automatic simulation
2025/08/07 23:49:39.960582 [Incident:Info:toast@toast-new:Origin updated] Origin updated: OT: 2025-08-07 16:34:05,  Lat/Lon: -4.25584°/152.843°, Depth: 47.4363
2025/08/07 23:49:39.960780 [Simulation:Info:toast@toast-new:Simulation not generated] Magnitude 5.65 of event bmg2025pjol is smaller than triggerMinMagnitude: no automatic simulation
2025/08/07 23:49:49.665216 [Incident:Info:toast@toast-new:Origin updated] Origin updated: OT: 2025-08-07 16:34:05,  Lat/Lon: -4.25584°/152.843°, Depth: 47.4363
2025/08/07 23:49:49.665404 [Simulation:Info:toast@toast-new:Simulation not generated] Magnitude 5.65 of event bmg2025pjol is smaller than triggerMinMagnitude: no automatic simulation
2025/08/07 23:49:56.096287 [Incident:Info:toast@toast-new:Origin updated] Origin updated: OT: 2025-08-07 16:34:05,  Lat/Lon: -4.25584°/152.843°, Depth: 47.4363
2025/08/07 23:49:56.096468 [Incident:Info:toast@toast-new:FM updated] FM updated
2025/08/07 23:49:56.096740 [Simulation:Info:toast@toast-new:Simulation not generated] Magnitude 5.65 of event bmg2025pjol is smaller than triggerMinMagnitude: no automatic simulation
2025/08/07 23:49:59.917117 [Incident:Info:toast@toast-new:Origin updated] Origin updated: OT: 2025-08-07 16:34:05,  Lat/Lon: -4.25584°/152.843°, Depth: 47.4363
2025/08/07 23:49:59.917288 [Incident:Info:toast@toast-new:FM updated] FM updated
2025/08/07 23:49:59.917525 [Simulation:Info:toast@toast-new:Simulation not generated] Magnitude 5.65 of event bmg2025pjol is smaller than triggerMinMagnitude: no automatic simulation
2025/08/07 23:50:10.120251 [Incident:Info:toast@toast-new:Origin updated] Origin updated: OT: 2025-08-07 16:34:05,  Lat/Lon: -4.25584°/152.843°, Depth: 47.4363
2025/08/07 23:50:10.120429 [Simulation:Info:toast@toast-new:Simulation not generated] Magnitude 5.65 of event bmg2025pjol is smaller than triggerMinMagnitude: no automatic simulation
2025/08/07 23:50:19.871048 [Incident:Info:toast@toast-new:Origin updated] Origin updated: OT: 2025-08-07 16:34:05,  Lat/Lon: -4.25584°/152.843°, Depth: 47.4363
2025/08/07 23:50:19.871243 [Simulation:Info:toast@toast-new:Simulation not generated] Magnitude 5.65 of event bmg2025pjol is smaller than triggerMinMagnitude: no automatic simulation
2025/08/07 23:50:30.206697 [Incident:Info:toast@toast-new:Origin updated] Origin updated: OT: 2025-08-07 16:34:05,  Lat/Lon: -4.25584°/152.843°, Depth: 47.4363
2025/08/07 23:50:30.206883 [Simulation:Info:toast@toast-new:Simulation not generated] Magnitude 5.65 of event bmg2025pjol is smaller than triggerMinMagnitude: no automatic simulation
2025/08/07 23:50:36.142604 [Incident:Info:toast@toast-new:Origin updated] Origin updated: OT: 2025-08-07 16:34:05,  Lat/Lon: -4.25584°/152.843°, Depth: 47.4363
2025/08/07 23:50:36.142756 [Incident:Info:toast@toast-new:FM updated] FM updated
2025/08/07 23:50:36.142985 [Simulation:Info:toast@toast-new:Simulation not generated] Magnitude 5.65 of event bmg2025pjol is smaller than triggerMinMagnitude: no automatic simulation
2025/08/07 23:50:40.105547 [Incident:Info:toast@toast-new:Origin updated] Origin updated: OT: 2025-08-07 16:34:05,  Lat/Lon: -4.25584°/152.843°, Depth: 47.4363
2025/08/07 23:50:40.105742 [Incident:Info:toast@toast-new:FM updated] FM updated
2025/08/07 23:50:40.106013 [Simulation:Info:toast@toast-new:Simulation not generated] Magnitude 5.65 of event bmg2025pjol is smaller than triggerMinMagnitude: no automatic simulation
2025/08/07 23:50:51.540680 [Incident:Info:toast@toast-new:Origin updated] Origin updated: OT: 2025-08-07 16:34:05,  Lat/Lon: -4.25584°/152.843°, Depth: 47.4363
2025/08/07 23:50:51.540876 [Simulation:Info:toast@toast-new:Simulation not generated] Magnitude 5.65 of event bmg2025pjol is smaller than triggerMinMagnitude: no automatic simulation
2025/08/07 23:50:56.257558 [Incident:Info:toast@toast-new:Origin updated] Origin updated: OT: 2025-08-07 16:34:05,  Lat/Lon: -4.25584°/152.843°, Depth: 47.4363
2025/08/07 23:50:56.257744 [Incident:Info:toast@toast-new:FM updated] FM updated
2025/08/07 23:50:56.258002 [Simulation:Info:toast@toast-new:Simulation not generated] Magnitude 5.65 of event bmg2025pjol is smaller than triggerMinMagnitude: no automatic simulation
2025/08/07 23:51:00.806848 [Incident:Info:toast@toast-new:Origin updated] Origin updated: OT: 2025-08-07 16:34:05,  Lat/Lon: -4.25584°/152.843°, Depth: 47.4363
2025/08/07 23:51:00.807029 [Incident:Info:toast@toast-new:FM updated] FM updated
2025/08/07 23:51:00.807338 [Simulation:Info:toast@toast-new:Simulation not generated] Magnitude 5.65 of event bmg2025pjol is smaller than triggerMinMagnitude: no automatic simulation
2025/08/07 23:51:10.524082 [Incident:Info:toast@toast-new:Origin updated] Origin updated: OT: 2025-08-07 16:34:05,  Lat/Lon: -4.25584°/152.843°, Depth: 47.4363
2025/08/07 23:51:10.524237 [Simulation:Info:toast@toast-new:Simulation not generated] Magnitude 5.65 of event bmg2025pjol is smaller than triggerMinMagnitude: no automatic simulation
2025/08/07 23:51:16.308881 [Incident:Info:toast@toast-new:Origin updated] Origin updated: OT: 2025-08-07 16:34:05,  Lat/Lon: -4.25584°/152.843°, Depth: 47.4363
2025/08/07 23:51:16.309095 [Incident:Info:toast@toast-new:FM updated] FM updated
2025/08/07 23:51:16.309421 [Simulation:Info:toast@toast-new:Simulation not generated] Magnitude 5.65 of event bmg2025pjol is smaller than triggerMinMagnitude: no automatic simulation
2025/08/07 23:51:20.422077 [Incident:Info:toast@toast-new:Origin updated] Origin updated: OT: 2025-08-07 16:34:05,  Lat/Lon: -4.25584°/152.843°, Depth: 47.4363
2025/08/07 23:51:20.422261 [Incident:Info:toast@toast-new:FM updated] FM updated
2025/08/07 23:51:20.422540 [Simulation:Info:toast@toast-new:Simulation not generated] Magnitude 5.65 of event bmg2025pjol is smaller than triggerMinMagnitude: no automatic simulation
2025/08/07 23:51:26.355156 [Incident:Info:toast@toast-new:Origin updated] Origin updated: OT: 2025-08-07 16:34:05,  Lat/Lon: -4.25584°/152.843°, Depth: 47.4363
2025/08/07 23:51:26.355359 [Incident:Info:toast@toast-new:FM updated] FM updated
2025/08/07 23:51:26.355615 [Simulation:Info:toast@toast-new:Simulation not generated] Magnitude 5.65 of event bmg2025pjol is smaller than triggerMinMagnitude: no automatic simulation
2025/08/07 23:51:30.771556 [Incident:Info:toast@toast-new:Origin updated] Origin updated: OT: 2025-08-07 16:34:05,  Lat/Lon: -4.25584°/152.843°, Depth: 47.4363
2025/08/07 23:51:30.771740 [Incident:Info:toast@toast-new:FM updated] FM updated
2025/08/07 23:51:30.771995 [Simulation:Info:toast@toast-new:Simulation not generated] Magnitude 5.65 of event bmg2025pjol is smaller than triggerMinMagnitude: no automatic simulation
2025/08/07 23:51:36.355741 [Incident:Info:toast@toast-new:Origin updated] Origin updated: OT: 2025-08-07 16:34:05,  Lat/Lon: -4.25584°/152.843°, Depth: 47.4363
2025/08/07 23:51:36.355881 [Incident:Info:toast@toast-new:FM updated] FM updated
2025/08/07 23:51:36.356095 [Simulation:Info:toast@toast-new:Simulation not generated] Magnitude 5.65 of event bmg2025pjol is smaller than triggerMinMagnitude: no automatic simulation
2025/08/07 23:51:40.703390 [Incident:Info:toast@toast-new:Origin updated] Origin updated: OT: 2025-08-07 16:34:05,  Lat/Lon: -4.25584°/152.843°, Depth: 47.4363
2025/08/07 23:51:40.703546 [Incident:Info:toast@toast-new:FM updated] FM updated
2025/08/07 23:51:40.703779 [Simulation:Info:toast@toast-new:Simulation not generated] Magnitude 5.65 of event bmg2025pjol is smaller than triggerMinMagnitude: no automatic simulation
2025/08/07 23:51:51.019665 [Incident:Info:toast@toast-new:Origin updated] Origin updated: OT: 2025-08-07 16:34:05,  Lat/Lon: -4.25584°/152.843°, Depth: 47.4363
2025/08/07 23:51:51.019851 [Simulation:Info:toast@toast-new:Simulation not generated] Magnitude 5.65 of event bmg2025pjol is smaller than triggerMinMagnitude: no automatic simulation
2025/08/07 23:52:01.089193 [Incident:Info:toast@toast-new:Origin updated] Origin updated: OT: 2025-08-07 16:34:05,  Lat/Lon: -4.25584°/152.843°, Depth: 47.4363
2025/08/07 23:52:01.089397 [Simulation:Info:toast@toast-new:Simulation not generated] Magnitude 5.65 of event bmg2025pjol is smaller than triggerMinMagnitude: no automatic simulation
2025/08/07 23:52:11.153139 [Incident:Info:toast@toast-new:Origin updated] Origin updated: OT: 2025-08-07 16:34:05,  Lat/Lon: -4.25584°/152.843°, Depth: 47.4363
2025/08/07 23:52:11.153321 [Simulation:Info:toast@toast-new:Simulation not generated] Magnitude 5.65 of event bmg2025pjol is smaller than triggerMinMagnitude: no automatic simulation
2025/08/07 23:52:21.365750 [Incident:Info:toast@toast-new:Origin updated] Origin updated: OT: 2025-08-07 16:34:05,  Lat/Lon: -4.25584°/152.843°, Depth: 47.4363
2025/08/07 23:52:21.365956 [Simulation:Info:toast@toast-new:Simulation not generated] Magnitude 5.65 of event bmg2025pjol is smaller than triggerMinMagnitude: no automatic simulation
2025/08/07 23:52:31.555330 [Incident:Info:toast@toast-new:Origin updated] Origin updated: OT: 2025-08-07 16:34:05,  Lat/Lon: -4.25584°/152.843°, Depth: 47.4363
2025/08/07 23:52:31.555528 [Simulation:Info:toast@toast-new:Simulation not generated] Magnitude 5.65 of event bmg2025pjol is smaller than triggerMinMagnitude: no automatic simulation
2025/08/07 23:52:36.337800 [Incident:Info:toast@toast-new:Origin updated] Origin updated: OT: 2025-08-07 16:34:05,  Lat/Lon: -4.25584°/152.843°, Depth: 47.4363
2025/08/07 23:52:36.337980 [Incident:Info:toast@toast-new:FM updated] FM updated
2025/08/07 23:52:36.338233 [Simulation:Info:toast@toast-new:Simulation not generated] Magnitude 5.65 of event bmg2025pjol is smaller than triggerMinMagnitude: no automatic simulation
2025/08/07 23:52:42.154224 [Incident:Info:toast@toast-new:Origin updated] Origin updated: OT: 2025-08-07 16:34:05,  Lat/Lon: -4.25584°/152.843°, Depth: 47.4363
2025/08/07 23:52:42.154419 [Incident:Info:toast@toast-new:FM updated] FM updated
2025/08/07 23:52:42.154681 [Simulation:Info:toast@toast-new:Simulation not generated] Magnitude 5.65 of event bmg2025pjol is smaller than triggerMinMagnitude: no automatic simulation
2025/08/07 23:52:56.544330 [Incident:Info:toast@toast-new:Origin updated] Origin updated: OT: 2025-08-07 16:34:05,  Lat/Lon: -4.25584°/152.843°, Depth: 47.4363
2025/08/07 23:52:56.544521 [Incident:Info:toast@toast-new:FM updated] FM updated
2025/08/07 23:52:56.544783 [Simulation:Info:toast@toast-new:Simulation not generated] Magnitude 5.65 of event bmg2025pjol is smaller than triggerMinMagnitude: no automatic simulation
2025/08/07 23:53:06.589404 [Incident:Info:toast@toast-new:Origin updated] Origin updated: OT: 2025-08-07 16:34:05,  Lat/Lon: -4.25584°/152.843°, Depth: 47.4363
2025/08/07 23:53:06.589586 [Incident:Info:toast@toast-new:FM updated] FM updated
2025/08/07 23:53:06.589834 [Simulation:Info:toast@toast-new:Simulation not generated] Magnitude 5.65 of event bmg2025pjol is smaller than triggerMinMagnitude: no automatic simulation
2025/08/07 23:53:16.630062 [Incident:Info:toast@toast-new:Origin updated] Origin updated: OT: 2025-08-07 16:34:05,  Lat/Lon: -4.25584°/152.843°, Depth: 47.4363
2025/08/07 23:53:16.630249 [Simulation:Info:toast@toast-new:Simulation not generated] Magnitude 5.65 of event bmg2025pjol is smaller than triggerMinMagnitude: no automatic simulation
2025/08/07 23:53:46.538719 [Incident:Info:toast@toast-new:Origin updated] Origin updated: OT: 2025-08-07 16:34:05,  Lat/Lon: -4.25584°/152.843°, Depth: 47.4363
2025/08/07 23:53:46.538915 [Simulation:Info:toast@toast-new:Simulation not generated] Magnitude 5.65 of event bmg2025pjol is smaller than triggerMinMagnitude: no automatic simulation
2025/08/07 23:53:56.599802 [Incident:Info:toast@toast-new:Origin updated] Origin updated: OT: 2025-08-07 16:34:05,  Lat/Lon: -4.25584°/152.843°, Depth: 47.4363
2025/08/07 23:53:56.599969 [Incident:Info:toast@toast-new:FM updated] FM updated
2025/08/07 23:53:56.600208 [Simulation:Info:toast@toast-new:Simulation not generated] Magnitude 5.65 of event bmg2025pjol is smaller than triggerMinMagnitude: no automatic simulation
2025/08/07 23:54:16.700613 [Incident:Info:toast@toast-new:Origin updated] Origin updated: OT: 2025-08-07 16:34:05,  Lat/Lon: -4.25584°/152.843°, Depth: 47.4363
2025/08/07 23:54:16.700795 [Simulation:Info:toast@toast-new:Simulation not generated] Magnitude 5.65 of event bmg2025pjol is smaller than triggerMinMagnitude: no automatic simulation
2025/08/07 23:54:46.735938 [Incident:Info:toast@toast-new:Origin updated] Origin updated: OT: 2025-08-07 16:34:05,  Lat/Lon: -4.25584°/152.843°, Depth: 47.4363
2025/08/07 23:54:46.736134 [Simulation:Info:toast@toast-new:Simulation not generated] Magnitude 5.65 of event bmg2025pjol is smaller than triggerMinMagnitude: no automatic simulation
2025/08/07 23:55:06.715716 [Incident:Info:toast@toast-new:Origin updated] Origin updated: OT: 2025-08-07 16:34:05,  Lat/Lon: -4.25584°/152.843°, Depth: 47.4363
2025/08/07 23:55:06.715975 [Simulation:Info:toast@toast-new:Simulation not generated] Magnitude 5.65 of event bmg2025pjol is smaller than triggerMinMagnitude: no automatic simulation
2025/08/07 23:55:26.809049 [Incident:Info:toast@toast-new:Origin updated] Origin updated: OT: 2025-08-07 16:34:05,  Lat/Lon: -4.25584°/152.843°, Depth: 47.4363
2025/08/07 23:55:26.809218 [Simulation:Info:toast@toast-new:Simulation not generated] Magnitude 5.65 of event bmg2025pjol is smaller than triggerMinMagnitude: no automatic simulation
2025/08/07 23:55:46.860523 [Incident:Info:toast@toast-new:Origin updated] Origin updated: OT: 2025-08-07 16:34:05,  Lat/Lon: -4.25584°/152.843°, Depth: 47.4363
2025/08/07 23:55:46.860726 [Simulation:Info:toast@toast-new:Simulation not generated] Magnitude 5.65 of event bmg2025pjol is smaller than triggerMinMagnitude: no automatic simulation
2025/08/07 23:56:07.126881 [Incident:Info:toast@toast-new:Origin updated] Origin updated: OT: 2025-08-07 16:34:05,  Lat/Lon: -4.25584°/152.843°, Depth: 47.4363
2025/08/07 23:56:07.127078 [Simulation:Info:toast@toast-new:Simulation not generated] Magnitude 5.65 of event bmg2025pjol is smaller than triggerMinMagnitude: no automatic simulation
2025/08/07 23:56:37.446408 [Incident:Info:toast@toast-new:Origin updated] Origin updated: OT: 2025-08-07 16:34:05,  Lat/Lon: -4.25584°/152.843°, Depth: 47.4363
2025/08/07 23:56:37.446577 [Incident:Info:toast@toast-new:FM updated] FM updated
2025/08/07 23:56:37.446821 [Simulation:Info:toast@toast-new:Simulation not generated] Magnitude 5.65 of event bmg2025pjol is smaller than triggerMinMagnitude: no automatic simulation
2025/08/07 23:56:47.127246 [Incident:Info:toast@toast-new:Origin updated] Origin updated: OT: 2025-08-07 16:34:05,  Lat/Lon: -4.25584°/152.843°, Depth: 47.4363
2025/08/07 23:56:47.127435 [Simulation:Info:toast@toast-new:Simulation not generated] Magnitude 5.65 of event bmg2025pjol is smaller than triggerMinMagnitude: no automatic simulation
2025/08/07 23:57:27.333246 [Incident:Info:toast@toast-new:Origin updated] Origin updated: OT: 2025-08-07 16:34:05,  Lat/Lon: -4.25584°/152.843°, Depth: 47.4363
2025/08/07 23:57:27.333405 [Incident:Info:toast@toast-new:FM updated] FM updated
2025/08/07 23:57:27.333637 [Simulation:Info:toast@toast-new:Simulation not generated] Magnitude 5.65 of event bmg2025pjol is smaller than triggerMinMagnitude: no automatic simulation
2025/08/07 23:57:57.468623 [Incident:Info:toast@toast-new:Origin updated] Origin updated: OT: 2025-08-07 16:34:05,  Lat/Lon: -4.25584°/152.843°, Depth: 47.4363
2025/08/07 23:57:57.468789 [Simulation:Info:toast@toast-new:Simulation not generated] Magnitude 5.65 of event bmg2025pjol is smaller than triggerMinMagnitude: no automatic simulation
2025/08/07 23:58:17.397808 [Incident:Info:toast@toast-new:Origin updated] Origin updated: OT: 2025-08-07 16:34:05,  Lat/Lon: -4.25584°/152.843°, Depth: 47.4363
2025/08/07 23:58:17.398009 [Simulation:Info:toast@toast-new:Simulation not generated] Magnitude 5.65 of event bmg2025pjol is smaller than triggerMinMagnitude: no automatic simulation
2025/08/07 23:58:27.405718 [Incident:Info:toast@toast-new:Origin updated] Origin updated: OT: 2025-08-07 16:34:05,  Lat/Lon: -4.25584°/152.843°, Depth: 47.4363
2025/08/07 23:58:27.405913 [Incident:Info:toast@toast-new:FM updated] FM updated
2025/08/07 23:58:27.406174 [Simulation:Info:toast@toast-new:Simulation not generated] Magnitude 5.65 of event bmg2025pjol is smaller than triggerMinMagnitude: no automatic simulation
2025/08/07 23:58:37.174098 [Incident:Info:toast@toast-new:Origin updated] Origin updated: OT: 2025-08-07 16:34:05,  Lat/Lon: -4.25584°/152.843°, Depth: 47.4363
2025/08/07 23:58:37.174286 [Incident:Info:toast@toast-new:FM updated] FM updated
2025/08/07 23:58:37.174544 [Simulation:Info:toast@toast-new:Simulation not generated] Magnitude 5.65 of event bmg2025pjol is smaller than triggerMinMagnitude: no automatic simulation
2025/08/07 23:58:47.520279 [Incident:Info:toast@toast-new:Origin updated] Origin updated: OT: 2025-08-07 16:34:05,  Lat/Lon: -4.25584°/152.843°, Depth: 47.4363
2025/08/07 23:58:47.520463 [Incident:Info:toast@toast-new:FM updated] FM updated
2025/08/07 23:58:47.520721 [Simulation:Info:toast@toast-new:Simulation not generated] Magnitude 5.65 of event bmg2025pjol is smaller than triggerMinMagnitude: no automatic simulation
2025/08/07 23:58:57.773406 [Incident:Info:toast@toast-new:Origin updated] Origin updated: OT: 2025-08-07 16:34:05,  Lat/Lon: -4.25584°/152.843°, Depth: 47.4363
2025/08/07 23:58:57.773560 [Incident:Info:toast@toast-new:FM updated] FM updated
2025/08/07 23:58:57.773806 [Simulation:Info:toast@toast-new:Simulation not generated] Magnitude 5.65 of event bmg2025pjol is smaller than triggerMinMagnitude: no automatic simulation
2025/08/07 23:59:07.707205 [Incident:Info:toast@toast-new:Origin updated] Origin updated: OT: 2025-08-07 16:34:05,  Lat/Lon: -4.25584°/152.843°, Depth: 47.4363
2025/08/07 23:59:07.707391 [Incident:Info:toast@toast-new:FM updated] FM updated
2025/08/07 23:59:07.707642 [Simulation:Info:toast@toast-new:Simulation not generated] Magnitude 5.65 of event bmg2025pjol is smaller than triggerMinMagnitude: no automatic simulation
2025/08/07 23:59:17.569639 [Incident:Info:toast@toast-new:Origin updated] Origin updated: OT: 2025-08-07 16:34:05,  Lat/Lon: -4.25584°/152.843°, Depth: 47.4363
2025/08/07 23:59:17.569847 [Simulation:Info:toast@toast-new:Simulation not generated] Magnitude 5.65 of event bmg2025pjol is smaller than triggerMinMagnitude: no automatic simulation
2025/08/07 23:59:27.618814 [Incident:Info:toast@toast-new:Origin updated] Origin updated: OT: 2025-08-07 16:34:05,  Lat/Lon: -4.25584°/152.843°, Depth: 47.4363
2025/08/07 23:59:27.618997 [Simulation:Info:toast@toast-new:Simulation not generated] Magnitude 5.65 of event bmg2025pjol is smaller than triggerMinMagnitude: no automatic simulation
2025/08/08 00:00:37.693763 [Incident:Info:toast@toast-new:Origin updated] Origin updated: OT: 2025-08-07 16:34:05,  Lat/Lon: -4.25584°/152.843°, Depth: 47.4363
2025/08/08 00:00:37.693953 [Simulation:Info:toast@toast-new:Simulation not generated] Magnitude 5.65 of event bmg2025pjol is smaller than triggerMinMagnitude: no automatic simulation
2025/08/08 00:01:27.823504 [Incident:Info:toast@toast-new:Origin updated] Origin updated: OT: 2025-08-07 16:34:05,  Lat/Lon: -4.25584°/152.843°, Depth: 47.4363
2025/08/08 00:01:27.823684 [Incident:Info:toast@toast-new:FM updated] FM updated
2025/08/08 00:01:27.823933 [Simulation:Info:toast@toast-new:Simulation not generated] Magnitude 5.65 of event bmg2025pjol is smaller than triggerMinMagnitude: no automatic simulation
2025/08/08 00:01:37.806992 [Incident:Info:toast@toast-new:Origin updated] Origin updated: OT: 2025-08-07 16:34:05,  Lat/Lon: -4.25584°/152.843°, Depth: 47.4363
2025/08/08 00:01:37.807181 [Simulation:Info:toast@toast-new:Simulation not generated] Magnitude 5.65 of event bmg2025pjol is smaller than triggerMinMagnitude: no automatic simulation
2025/08/08 00:01:47.920444 [Incident:Info:toast@toast-new:Origin updated] Origin updated: OT: 2025-08-07 16:34:05,  Lat/Lon: -4.25584°/152.843°, Depth: 47.4363
2025/08/08 00:01:47.920626 [Simulation:Info:toast@toast-new:Simulation not generated] Magnitude 5.65 of event bmg2025pjol is smaller than triggerMinMagnitude: no automatic simulation
2025/08/08 00:02:08.295728 [Incident:Info:toast@toast-new:Origin updated] Origin updated: OT: 2025-08-07 16:34:05,  Lat/Lon: -4.25584°/152.843°, Depth: 47.4363
2025/08/08 00:02:08.295920 [Incident:Info:toast@toast-new:FM updated] FM updated
2025/08/08 00:02:08.296160 [Simulation:Info:toast@toast-new:Simulation not generated] Magnitude 5.65 of event bmg2025pjol is smaller than triggerMinMagnitude: no automatic simulation
2025/08/08 00:02:28.328151 [Incident:Info:toast@toast-new:Origin updated] Origin updated: OT: 2025-08-07 16:34:05,  Lat/Lon: -4.25584°/152.843°, Depth: 47.4363
2025/08/08 00:02:28.328338 [Simulation:Info:toast@toast-new:Simulation not generated] Magnitude 5.65 of event bmg2025pjol is smaller than triggerMinMagnitude: no automatic simulation
2025/08/08 00:02:38.384683 [Incident:Info:toast@toast-new:Origin updated] Origin updated: OT: 2025-08-07 16:34:05,  Lat/Lon: -4.25584°/152.843°, Depth: 47.4363
2025/08/08 00:02:38.384862 [Incident:Info:toast@toast-new:FM updated] FM updated
2025/08/08 00:02:38.385116 [Simulation:Info:toast@toast-new:Simulation not generated] Magnitude 5.65 of event bmg2025pjol is smaller than triggerMinMagnitude: no automatic simulation
2025/08/08 00:02:48.601479 [Incident:Info:toast@toast-new:Origin updated] Origin updated: OT: 2025-08-07 16:34:05,  Lat/Lon: -4.25584°/152.843°, Depth: 47.4363
2025/08/08 00:02:48.601689 [Incident:Info:toast@toast-new:FM updated] FM updated
2025/08/08 00:02:48.602009 [Simulation:Info:toast@toast-new:Simulation not generated] Magnitude 5.65 of event bmg2025pjol is smaller than triggerMinMagnitude: no automatic simulation
2025/08/08 00:02:58.615009 [Incident:Info:toast@toast-new:Origin updated] Origin updated: OT: 2025-08-07 16:34:05,  Lat/Lon: -4.25584°/152.843°, Depth: 47.4363
2025/08/08 00:02:58.615176 [Simulation:Info:toast@toast-new:Simulation not generated] Magnitude 5.65 of event bmg2025pjol is smaller than triggerMinMagnitude: no automatic simulation
2025/08/08 00:03:18.981383 [Incident:Info:toast@toast-new:Origin updated] Origin updated: OT: 2025-08-07 16:34:05,  Lat/Lon: -4.25584°/152.843°, Depth: 47.4363
2025/08/08 00:03:18.981548 [Incident:Info:toast@toast-new:FM updated] FM updated
2025/08/08 00:03:18.981790 [Simulation:Info:toast@toast-new:Simulation not generated] Magnitude 5.65 of event bmg2025pjol is smaller than triggerMinMagnitude: no automatic simulation
2025/08/08 00:03:29.054701 [Incident:Info:toast@toast-new:Origin updated] Origin updated: OT: 2025-08-07 16:34:05,  Lat/Lon: -4.25584°/152.843°, Depth: 47.4363
2025/08/08 00:03:29.054855 [Incident:Info:toast@toast-new:FM updated] FM updated
2025/08/08 00:03:29.055083 [Simulation:Info:toast@toast-new:Simulation not generated] Magnitude 5.65 of event bmg2025pjol is smaller than triggerMinMagnitude: no automatic simulation
2025/08/08 00:03:39.264073 [Incident:Info:toast@toast-new:Origin updated] Origin updated: OT: 2025-08-07 16:34:05,  Lat/Lon: -4.25584°/152.843°, Depth: 47.4363
2025/08/08 00:03:39.264283 [Incident:Info:toast@toast-new:FM updated] FM updated
2025/08/08 00:03:39.264551 [Simulation:Info:toast@toast-new:Simulation not generated] Magnitude 5.65 of event bmg2025pjol is smaller than triggerMinMagnitude: no automatic simulation
2025/08/08 00:03:49.244501 [Incident:Info:toast@toast-new:Origin updated] Origin updated: OT: 2025-08-07 16:34:05,  Lat/Lon: -4.25584°/152.843°, Depth: 47.4363
2025/08/08 00:03:49.244708 [Incident:Info:toast@toast-new:FM updated] FM updated
2025/08/08 00:03:49.244994 [Simulation:Info:toast@toast-new:Simulation not generated] Magnitude 5.65 of event bmg2025pjol is smaller than triggerMinMagnitude: no automatic simulation
2025/08/08 00:03:59.323694 [Incident:Info:toast@toast-new:Origin updated] Origin updated: OT: 2025-08-07 16:34:05,  Lat/Lon: -4.25584°/152.843°, Depth: 47.4363
2025/08/08 00:03:59.323861 [Incident:Info:toast@toast-new:FM updated] FM updated
2025/08/08 00:03:59.324097 [Simulation:Info:toast@toast-new:Simulation not generated] Magnitude 5.65 of event bmg2025pjol is smaller than triggerMinMagnitude: no automatic simulation
2025/08/08 00:04:09.899757 [Incident:Info:toast@toast-new:Origin updated] Origin updated: OT: 2025-08-07 16:34:05,  Lat/Lon: -4.25584°/152.843°, Depth: 47.4363
2025/08/08 00:04:09.899933 [Incident:Info:toast@toast-new:FM updated] FM updated
2025/08/08 00:04:09.900180 [Simulation:Info:toast@toast-new:Simulation not generated] Magnitude 5.65 of event bmg2025pjol is smaller than triggerMinMagnitude: no automatic simulation
2025/08/08 00:04:19.441421 [Incident:Info:toast@toast-new:Origin updated] Origin updated: OT: 2025-08-07 16:34:05,  Lat/Lon: -4.25584°/152.843°, Depth: 47.4363
2025/08/08 00:04:19.441593 [Incident:Info:toast@toast-new:FM updated] FM updated
2025/08/08 00:04:19.441829 [Simulation:Info:toast@toast-new:Simulation not generated] Magnitude 5.65 of event bmg2025pjol is smaller than triggerMinMagnitude: no automatic simulation
2025/08/08 00:04:39.572975 [Incident:Info:toast@toast-new:Origin updated] Origin updated: OT: 2025-08-07 16:34:05,  Lat/Lon: -4.25584°/152.843°, Depth: 47.4363
2025/08/08 00:04:39.573183 [Incident:Info:toast@toast-new:FM updated] FM updated
2025/08/08 00:04:39.573491 [Simulation:Info:toast@toast-new:Simulation not generated] Magnitude 5.65 of event bmg2025pjol is smaller than triggerMinMagnitude: no automatic simulation
2025/08/08 00:04:49.875285 [Incident:Info:toast@toast-new:Origin updated] Origin updated: OT: 2025-08-07 16:34:05,  Lat/Lon: -4.25584°/152.843°, Depth: 47.4363
2025/08/08 00:04:49.875463 [Incident:Info:toast@toast-new:FM updated] FM updated
2025/08/08 00:04:49.875706 [Simulation:Info:toast@toast-new:Simulation not generated] Magnitude 5.65 of event bmg2025pjol is smaller than triggerMinMagnitude: no automatic simulation
2025/08/08 00:05:00.759723 [Incident:Info:toast@toast-new:Origin updated] Origin updated: OT: 2025-08-07 16:34:05,  Lat/Lon: -4.25584°/152.843°, Depth: 47.4363
2025/08/08 00:05:00.759891 [Incident:Info:toast@toast-new:FM updated] FM updated
2025/08/08 00:05:00.760115 [Simulation:Info:toast@toast-new:Simulation not generated] Magnitude 5.65 of event bmg2025pjol is smaller than triggerMinMagnitude: no automatic simulation
2025/08/08 00:05:10.432571 [Incident:Info:toast@toast-new:Origin updated] Origin updated: OT: 2025-08-07 16:34:05,  Lat/Lon: -4.25584°/152.843°, Depth: 47.4363
2025/08/08 00:05:10.432784 [Incident:Info:toast@toast-new:FM updated] FM updated
2025/08/08 00:05:10.433100 [Simulation:Info:toast@toast-new:Simulation not generated] Magnitude 5.65 of event bmg2025pjol is smaller than triggerMinMagnitude: no automatic simulation
2025/08/08 00:05:20.976135 [Incident:Info:toast@toast-new:Origin updated] Origin updated: OT: 2025-08-07 16:34:05,  Lat/Lon: -4.25584°/152.843°, Depth: 47.4363
2025/08/08 00:05:20.976258 [Incident:Info:toast@toast-new:FM updated] FM updated
2025/08/08 00:05:20.976428 [Simulation:Info:toast@toast-new:Simulation not generated] Magnitude 5.65 of event bmg2025pjol is smaller than triggerMinMagnitude: no automatic simulation
2025/08/08 00:05:31.439839 [Incident:Info:toast@toast-new:Origin updated] Origin updated: OT: 2025-08-07 16:34:05,  Lat/Lon: -4.25584°/152.843°, Depth: 47.4363
2025/08/08 00:05:31.440016 [Incident:Info:toast@toast-new:FM updated] FM updated
2025/08/08 00:05:31.440267 [Simulation:Info:toast@toast-new:Simulation not generated] Magnitude 5.65 of event bmg2025pjol is smaller than triggerMinMagnitude: no automatic simulation
2025/08/08 00:05:41.355612 [Incident:Info:toast@toast-new:Origin updated] Origin updated: OT: 2025-08-07 16:34:05,  Lat/Lon: -4.25584°/152.843°, Depth: 47.4363
2025/08/08 00:05:41.355799 [Incident:Info:toast@toast-new:FM updated] FM updated
2025/08/08 00:05:41.356068 [Simulation:Info:toast@toast-new:Simulation not generated] Magnitude 5.65 of event bmg2025pjol is smaller than triggerMinMagnitude: no automatic simulation
2025/08/08 00:05:51.186216 [Incident:Info:toast@toast-new:Origin updated] Origin updated: OT: 2025-08-07 16:34:05,  Lat/Lon: -4.25584°/152.843°, Depth: 47.4363
2025/08/08 00:05:51.186386 [Incident:Info:toast@toast-new:FM updated] FM updated
2025/08/08 00:05:51.186621 [Simulation:Info:toast@toast-new:Simulation not generated] Magnitude 5.65 of event bmg2025pjol is smaller than triggerMinMagnitude: no automatic simulation
2025/08/08 00:06:01.082051 [Incident:Info:toast@toast-new:Origin updated] Origin updated: OT: 2025-08-07 16:34:05,  Lat/Lon: -4.25584°/152.843°, Depth: 47.4363
2025/08/08 00:06:01.082245 [Simulation:Info:toast@toast-new:Simulation not generated] Magnitude 5.65 of event bmg2025pjol is smaller than triggerMinMagnitude: no automatic simulation
2025/08/08 00:06:11.652477 [Incident:Info:toast@toast-new:Origin updated] Origin updated: OT: 2025-08-07 16:34:05,  Lat/Lon: -4.25584°/152.843°, Depth: 47.4363
2025/08/08 00:06:11.652645 [Incident:Info:toast@toast-new:FM updated] FM updated
2025/08/08 00:06:11.652882 [Simulation:Info:toast@toast-new:Simulation not generated] Magnitude 5.65 of event bmg2025pjol is smaller than triggerMinMagnitude: no automatic simulation
2025/08/08 00:06:31.510358 [Incident:Info:toast@toast-new:Origin updated] Origin updated: OT: 2025-08-07 16:34:05,  Lat/Lon: -4.25584°/152.843°, Depth: 47.4363
2025/08/08 00:06:31.510551 [Simulation:Info:toast@toast-new:Simulation not generated] Magnitude 5.65 of event bmg2025pjol is smaller than triggerMinMagnitude: no automatic simulation
2025/08/08 00:06:51.755453 [Incident:Info:toast@toast-new:Origin updated] Origin updated: OT: 2025-08-07 16:34:05,  Lat/Lon: -4.25584°/152.843°, Depth: 47.4363
2025/08/08 00:06:51.755654 [Simulation:Info:toast@toast-new:Simulation not generated] Magnitude 5.65 of event bmg2025pjol is smaller than triggerMinMagnitude: no automatic simulation
2025/08/08 00:07:11.641596 [Incident:Info:toast@toast-new:Origin updated] Origin updated: OT: 2025-08-07 16:34:05,  Lat/Lon: -4.25584°/152.843°, Depth: 47.4363
2025/08/08 00:07:11.641779 [Simulation:Info:toast@toast-new:Simulation not generated] Magnitude 5.65 of event bmg2025pjol is smaller than triggerMinMagnitude: no automatic simulation
2025/08/08 00:07:21.827074 [Incident:Info:toast@toast-new:Origin updated] Origin updated: OT: 2025-08-07 16:34:05,  Lat/Lon: -4.25584°/152.843°, Depth: 47.4363
2025/08/08 00:07:21.827270 [Incident:Info:toast@toast-new:FM updated] FM updated
2025/08/08 00:07:21.827523 [Simulation:Info:toast@toast-new:Simulation not generated] Magnitude 5.65 of event bmg2025pjol is smaller than triggerMinMagnitude: no automatic simulation
2025/08/08 00:07:32.093963 [Incident:Info:toast@toast-new:Origin updated] Origin updated: OT: 2025-08-07 16:34:05,  Lat/Lon: -4.25584°/152.843°, Depth: 47.4363
2025/08/08 00:07:32.094162 [Simulation:Info:toast@toast-new:Simulation not generated] Magnitude 5.65 of event bmg2025pjol is smaller than triggerMinMagnitude: no automatic simulation
2025/08/08 00:07:51.827928 [Incident:Info:toast@toast-new:Origin updated] Origin updated: OT: 2025-08-07 16:34:05,  Lat/Lon: -4.25584°/152.843°, Depth: 47.4363
2025/08/08 00:07:51.828123 [Incident:Info:toast@toast-new:FM updated] FM updated
2025/08/08 00:07:51.828381 [Simulation:Info:toast@toast-new:Simulation not generated] Magnitude 5.65 of event bmg2025pjol is smaller than triggerMinMagnitude: no automatic simulation
2025/08/08 00:08:11.862118 [Incident:Info:toast@toast-new:Origin updated] Origin updated: OT: 2025-08-07 16:34:05,  Lat/Lon: -4.25584°/152.843°, Depth: 47.4363
2025/08/08 00:08:11.862308 [Incident:Info:toast@toast-new:FM updated] FM updated
2025/08/08 00:08:11.862566 [Simulation:Info:toast@toast-new:Simulation not generated] Magnitude 5.65 of event bmg2025pjol is smaller than triggerMinMagnitude: no automatic simulation
2025/08/08 00:08:22.147736 [Incident:Info:toast@toast-new:Origin updated] Origin updated: OT: 2025-08-07 16:34:05,  Lat/Lon: -4.25584°/152.843°, Depth: 47.4363
2025/08/08 00:08:22.147919 [Incident:Info:toast@toast-new:FM updated] FM updated
2025/08/08 00:08:22.148164 [Simulation:Info:toast@toast-new:Simulation not generated] Magnitude 5.65 of event bmg2025pjol is smaller than triggerMinMagnitude: no automatic simulation
2025/08/08 00:08:32.346903 [Incident:Info:toast@toast-new:Origin updated] Origin updated: OT: 2025-08-07 16:34:05,  Lat/Lon: -4.25584°/152.843°, Depth: 47.4363
2025/08/08 00:08:32.347089 [Simulation:Info:toast@toast-new:Simulation not generated] Magnitude 5.65 of event bmg2025pjol is smaller than triggerMinMagnitude: no automatic simulation
2025/08/08 00:09:02.712881 [Incident:Info:toast@toast-new:Origin updated] Origin updated: OT: 2025-08-07 16:34:05,  Lat/Lon: -4.25584°/152.843°, Depth: 47.4363
2025/08/08 00:09:02.713034 [Simulation:Info:toast@toast-new:Simulation not generated] Magnitude 5.65 of event bmg2025pjol is smaller than triggerMinMagnitude: no automatic simulation
2025/08/08 00:09:32.725771 [Incident:Info:toast@toast-new:Origin updated] Origin updated: OT: 2025-08-07 16:34:05,  Lat/Lon: -4.25584°/152.843°, Depth: 47.4363
2025/08/08 00:09:32.725975 [Incident:Info:toast@toast-new:FM updated] FM updated
2025/08/08 00:09:32.726284 [Simulation:Info:toast@toast-new:Simulation not generated] Magnitude 5.65 of event bmg2025pjol is smaller than triggerMinMagnitude: no automatic simulation
2025/08/08 00:09:43.202984 [Incident:Info:toast@toast-new:Origin updated] Origin updated: OT: 2025-08-07 16:34:05,  Lat/Lon: -4.25584°/152.843°, Depth: 47.4363
2025/08/08 00:09:43.203239 [Incident:Info:toast@toast-new:FM updated] FM updated
2025/08/08 00:09:43.203598 [Simulation:Info:toast@toast-new:Simulation not generated] Magnitude 5.65 of event bmg2025pjol is smaller than triggerMinMagnitude: no automatic simulation
2025/08/08 00:10:02.754221 [Incident:Info:toast@toast-new:Origin updated] Origin updated: OT: 2025-08-07 16:34:05,  Lat/Lon: -4.25584°/152.843°, Depth: 47.4363
2025/08/08 00:10:02.754385 [Simulation:Info:toast@toast-new:Simulation not generated] Magnitude 5.65 of event bmg2025pjol is smaller than triggerMinMagnitude: no automatic simulation
2025/08/08 00:10:43.143233 [Incident:Info:toast@toast-new:Origin updated] Origin updated: OT: 2025-08-07 16:34:05,  Lat/Lon: -4.25584°/152.843°, Depth: 47.4363
2025/08/08 00:10:43.143422 [Simulation:Info:toast@toast-new:Simulation not generated] Magnitude 5.65 of event bmg2025pjol is smaller than triggerMinMagnitude: no automatic simulation
2025/08/08 00:11:03.259884 [Incident:Info:toast@toast-new:Origin updated] Origin updated: OT: 2025-08-07 16:34:05,  Lat/Lon: -4.25584°/152.843°, Depth: 47.4363
2025/08/08 00:11:03.260033 [Incident:Info:toast@toast-new:FM updated] FM updated
2025/08/08 00:11:03.260250 [Simulation:Info:toast@toast-new:Simulation not generated] Magnitude 5.65 of event bmg2025pjol is smaller than triggerMinMagnitude: no automatic simulation
2025/08/08 00:12:13.248923 [Incident:Info:toast@toast-new:Origin updated] Origin updated: OT: 2025-08-07 16:34:05,  Lat/Lon: -4.25584°/152.843°, Depth: 47.4363
2025/08/08 00:12:13.249119 [Incident:Info:toast@toast-new:FM updated] FM updated
2025/08/08 00:12:13.249403 [Simulation:Info:toast@toast-new:Simulation not generated] Magnitude 5.65 of event bmg2025pjol is smaller than triggerMinMagnitude: no automatic simulation
2025/08/08 00:12:23.287916 [Incident:Info:toast@toast-new:Origin updated] Origin updated: OT: 2025-08-07 16:34:05,  Lat/Lon: -4.25584°/152.843°, Depth: 47.4363
2025/08/08 00:12:23.288110 [Incident:Info:toast@toast-new:FM updated] FM updated
2025/08/08 00:12:23.288368 [Simulation:Info:toast@toast-new:Simulation not generated] Magnitude 5.65 of event bmg2025pjol is smaller than triggerMinMagnitude: no automatic simulation
2025/08/08 00:12:33.545079 [Incident:Info:toast@toast-new:Origin updated] Origin updated: OT: 2025-08-07 16:34:05,  Lat/Lon: -4.25584°/152.843°, Depth: 47.4363
2025/08/08 00:12:33.545275 [Simulation:Info:toast@toast-new:Simulation not generated] Magnitude 5.65 of event bmg2025pjol is smaller than triggerMinMagnitude: no automatic simulation
2025/08/08 00:12:43.613484 [Incident:Info:toast@toast-new:Origin updated] Origin updated: OT: 2025-08-07 16:34:05,  Lat/Lon: -4.25584°/152.843°, Depth: 47.4363
2025/08/08 00:12:43.613684 [Incident:Info:toast@toast-new:FM updated] FM updated
2025/08/08 00:12:43.613994 [Simulation:Info:toast@toast-new:Simulation not generated] Magnitude 5.65 of event bmg2025pjol is smaller than triggerMinMagnitude: no automatic simulation
2025/08/08 00:13:03.719587 [Incident:Info:toast@toast-new:Origin updated] Origin updated: OT: 2025-08-07 16:34:05,  Lat/Lon: -4.25584°/152.843°, Depth: 47.4363
2025/08/08 00:13:03.719807 [Incident:Info:toast@toast-new:FM updated] FM updated
2025/08/08 00:13:03.720107 [Simulation:Info:toast@toast-new:Simulation not generated] Magnitude 5.65 of event bmg2025pjol is smaller than triggerMinMagnitude: no automatic simulation
2025/08/08 00:13:23.724371 [Incident:Info:toast@toast-new:Origin updated] Origin updated: OT: 2025-08-07 16:34:05,  Lat/Lon: -4.25584°/152.843°, Depth: 47.4363
2025/08/08 00:13:23.724558 [Simulation:Info:toast@toast-new:Simulation not generated] Magnitude 5.65 of event bmg2025pjol is smaller than triggerMinMagnitude: no automatic simulation
2025/08/08 00:13:34.033297 [Incident:Info:toast@toast-new:Origin updated] Origin updated: OT: 2025-08-07 16:34:05,  Lat/Lon: -4.25584°/152.843°, Depth: 47.4363
2025/08/08 00:13:34.033459 [Incident:Info:toast@toast-new:FM updated] FM updated
2025/08/08 00:13:34.033725 [Simulation:Info:toast@toast-new:Simulation not generated] Magnitude 5.65 of event bmg2025pjol is smaller than triggerMinMagnitude: no automatic simulation
2025/08/08 00:19:23.492363 [Incident:Info:toast@toast-new:Origin updated] Origin updated: OT: 2025-08-07 16:34:05,  Lat/Lon: -4.25584°/152.843°, Depth: 47.4363
2025/08/08 00:19:23.492551 [Incident:Info:toast@toast-new:FM updated] FM updated
2025/08/08 00:19:23.492783 [Simulation:Info:toast@toast-new:Simulation not generated] Magnitude 5.65 of event bmg2025pjol is smaller than triggerMinMagnitude: no automatic simulation
2025/08/08 00:39:03.849537 [Incident:Info:toast@toast-new:Origin updated] Origin updated: OT: 2025-08-07 16:34:05,  Lat/Lon: -4.25584°/152.843°, Depth: 47.4363
2025/08/08 00:39:03.849731 [Incident:Info:toast@toast-new:FM updated] FM updated
2025/08/08 00:39:03.849986 [Simulation:Info:toast@toast-new:Simulation not generated] Magnitude 5.65 of event bmg2025pjol is smaller than triggerMinMagnitude: no automatic simulation
2025/08/08 03:54:16.376803 [Incident:Info:toast@toast-new:Origin updated] Origin updated: OT: 2025-08-07 16:34:01,  Lat/Lon: -4.25433°/152.86°, Depth: 21.1244
2025/08/08 03:54:16.377023 [Incident:Info:toast@toast-new:Magnitude updated] Magnitude updated: 5.66 (Mw(mB))
2025/08/08 03:54:16.377072 [Simulation:Info:toast@toast-new:Simulation not generated] Magnitude 5.66 of event bmg2025pjol is smaller than triggerMinMagnitude: no automatic simulation
2025/08/08 03:54:19.867746 [Incident:Info:toast@toast-new:Origin updated] Origin updated: OT: 2025-08-07 16:34:01,  Lat/Lon: -4.25433°/152.86°, Depth: 21.1244
2025/08/08 03:54:19.867935 [Incident:Info:toast@toast-new:Magnitude updated] Magnitude updated: 5.70 (mb)
2025/08/08 03:54:19.867979 [Simulation:Info:toast@toast-new:Simulation not generated] Magnitude 5.70 of event bmg2025pjol is smaller than triggerMinMagnitude: no automatic simulation
2025/08/11 11:45:58.797071 [Incident:Info:toast@toast-new:Origin updated] Origin updated: OT: 2025-08-07 16:34:02,  Lat/Lon: -4.25163°/152.848°, Depth: 25.5091
2025/08/11 11:45:58.798186 [Incident:Info:toast@toast-new:Magnitude updated] Magnitude updated: 5.72 (mb)
2025/08/11 11:45:58.798259 [Simulation:Info:toast@toast-new:Simulation not generated] Magnitude 5.72 of event bmg2025pjol is smaller than triggerMinMagnitude: no automatic simulation
2025/08/11 11:46:24.033236 [Incident:Info:toast@toast-new:Origin updated] Origin updated: OT: 2025-08-07 16:34:02,  Lat/Lon: -4.25163°/152.848°, Depth: 25.5091
2025/08/11 11:46:24.033356 [Simulation:Info:toast@toast-new:Simulation not generated] Magnitude 5.72 of event bmg2025pjol is smaller than triggerMinMagnitude: no automatic simulation
2025/08/11 11:46:24.047686 [Incident:Info:toast@toast-new:Origin updated] Origin updated: OT: 2025-08-07 16:34:02,  Lat/Lon: -4.25163°/152.848°, Depth: 25.5091
2025/08/11 11:46:24.047753 [Simulation:Info:toast@toast-new:Simulation not generated] Magnitude 5.72 of event bmg2025pjol is smaller than triggerMinMagnitude: no automatic simulation
