2025/09/01 02:25:30.789628 [Incident:Info:toast@toast-new:Displacement(s) updated] Added 0 and changed 0 displacements with 0 amplitudes
2025/09/01 02:25:30.790330 [Incident:Info:toast@toast-new:Incident created] Incident created based on event received from messaging: OT: 2025-08-31 19:17:36,  Lat/Lon: 34.54°/70.83°, Depth: 10.00, Mag: 6.02 (M)
2025/09/01 02:25:30.826996 [Simulation:Info:toast@toast-new:Simulation not generated] Magnitude 6.02 of event bmg2025rbpy is smaller than triggerMinMagnitude: no automatic simulation
2025/09/01 02:25:30.848324 [Incident:Info:toast@toast-new:Origin updated] Origin updated: OT: 2025-08-31 19:17:36,  Lat/Lon: 34.5423°/70.8307°, Depth: 10
2025/09/01 02:25:30.848474 [Simulation:Info:toast@toast-new:Simulation not generated] Magnitude 6.02 of event bmg2025rbpy is smaller than triggerMinMagnitude: no automatic simulation
2025/09/01 02:25:38.598843 [Incident:Info:toast@toast-new:Origin updated] Origin updated: OT: 2025-08-31 19:17:36,  Lat/Lon: 34.5423°/70.8307°, Depth: 10
2025/09/01 02:25:38.599061 [Incident:Info:toast@toast-new:Magnitude updated] Magnitude updated: 6.01 (M)
2025/09/01 02:25:38.599107 [Simulation:Info:toast@toast-new:Simulation not generated] Magnitude 6.01 of event bmg2025rbpy is smaller than triggerMinMagnitude: no automatic simulation
2025/09/01 02:25:40.724641 [Incident:Info:toast@toast-new:Origin updated] Origin updated: OT: 2025-08-31 19:17:36,  Lat/Lon: 34.5429°/70.8313°, Depth: 10
2025/09/01 02:25:40.724845 [Incident:Info:toast@toast-new:Magnitude updated] Magnitude updated: 5.98 (M)
2025/09/01 02:25:40.724878 [Simulation:Info:toast@toast-new:Simulation not generated] Magnitude 5.98 of event bmg2025rbpy is smaller than triggerMinMagnitude: no automatic simulation
2025/09/01 02:25:48.612403 [Incident:Info:toast@toast-new:Origin updated] Origin updated: OT: 2025-08-31 19:17:36,  Lat/Lon: 34.5429°/70.8313°, Depth: 10
2025/09/01 02:25:48.612866 [Incident:Info:toast@toast-new:Magnitude updated] Magnitude updated: 5.98 (M)
2025/09/01 02:25:48.612912 [Simulation:Info:toast@toast-new:Simulation not generated] Magnitude 5.98 of event bmg2025rbpy is smaller than triggerMinMagnitude: no automatic simulation
2025/09/01 02:25:53.074341 [Incident:Info:toast@toast-new:Origin updated] Origin updated: OT: 2025-08-31 19:17:36,  Lat/Lon: 34.5439°/70.8334°, Depth: 10
2025/09/01 02:25:53.074527 [Incident:Info:toast@toast-new:Magnitude updated] Magnitude updated: 5.98 (M)
2025/09/01 02:25:53.074559 [Simulation:Info:toast@toast-new:Simulation not generated] Magnitude 5.98 of event bmg2025rbpy is smaller than triggerMinMagnitude: no automatic simulation
2025/09/01 02:25:58.622740 [Incident:Info:toast@toast-new:Origin updated] Origin updated: OT: 2025-08-31 19:17:36,  Lat/Lon: 34.5439°/70.8334°, Depth: 10
2025/09/01 02:25:58.622920 [Incident:Info:toast@toast-new:Magnitude updated] Magnitude updated: 5.99 (M)
2025/09/01 02:25:58.622954 [Simulation:Info:toast@toast-new:Simulation not generated] Magnitude 5.99 of event bmg2025rbpy is smaller than triggerMinMagnitude: no automatic simulation
2025/09/01 02:26:03.633600 [Incident:Info:toast@toast-new:Origin updated] Origin updated: OT: 2025-08-31 19:17:36,  Lat/Lon: 34.5439°/70.8334°, Depth: 10
2025/09/01 02:26:03.633785 [Incident:Info:toast@toast-new:Magnitude updated] Magnitude updated: 6.00 (M)
2025/09/01 02:26:03.633821 [Simulation:Info:toast@toast-new:Simulation not generated] Magnitude 6.00 of event bmg2025rbpy is smaller than triggerMinMagnitude: no automatic simulation
2025/09/01 02:26:08.603418 [Incident:Info:toast@toast-new:Origin updated] Origin updated: OT: 2025-08-31 19:17:36,  Lat/Lon: 34.5439°/70.8334°, Depth: 10
2025/09/01 02:26:08.603612 [Incident:Info:toast@toast-new:Magnitude updated] Magnitude updated: 6.00 (M)
2025/09/01 02:26:08.603652 [Simulation:Info:toast@toast-new:Simulation not generated] Magnitude 6.00 of event bmg2025rbpy is smaller than triggerMinMagnitude: no automatic simulation
2025/09/01 02:26:11.810250 [Incident:Info:toast@toast-new:Origin updated] Origin updated: OT: 2025-08-31 19:17:36,  Lat/Lon: 34.5439°/70.8334°, Depth: 10
2025/09/01 02:26:11.810456 [Incident:Info:toast@toast-new:Magnitude updated] Magnitude updated: 5.99 (M)
2025/09/01 02:26:11.810490 [Simulation:Info:toast@toast-new:Simulation not generated] Magnitude 5.99 of event bmg2025rbpy is smaller than triggerMinMagnitude: no automatic simulation
2025/09/01 02:26:11.834562 [Incident:Info:toast@toast-new:Origin updated] Origin updated: OT: 2025-08-31 19:17:36,  Lat/Lon: 34.5343°/70.8756°, Depth: 10
2025/09/01 02:26:11.834687 [Incident:Info:toast@toast-new:Magnitude updated] Magnitude updated: 5.99 (M)
2025/09/01 02:26:11.834713 [Simulation:Info:toast@toast-new:Simulation not generated] Magnitude 5.99 of event bmg2025rbpy is smaller than triggerMinMagnitude: no automatic simulation
2025/09/01 02:26:13.605982 [Incident:Info:toast@toast-new:Origin updated] Origin updated: OT: 2025-08-31 19:17:36,  Lat/Lon: 34.5343°/70.8756°, Depth: 10
2025/09/01 02:26:13.606159 [Incident:Info:toast@toast-new:Magnitude updated] Magnitude updated: 5.99 (M)
2025/09/01 02:26:13.606192 [Simulation:Info:toast@toast-new:Simulation not generated] Magnitude 5.99 of event bmg2025rbpy is smaller than triggerMinMagnitude: no automatic simulation
2025/09/01 02:26:18.679756 [Incident:Info:toast@toast-new:Origin updated] Origin updated: OT: 2025-08-31 19:17:36,  Lat/Lon: 34.5343°/70.8756°, Depth: 10
2025/09/01 02:26:18.679945 [Incident:Info:toast@toast-new:Magnitude updated] Magnitude updated: 5.97 (M)
2025/09/01 02:26:18.679979 [Simulation:Info:toast@toast-new:Simulation not generated] Magnitude 5.97 of event bmg2025rbpy is smaller than triggerMinMagnitude: no automatic simulation
2025/09/01 02:26:23.710358 [Incident:Info:toast@toast-new:Origin updated] Origin updated: OT: 2025-08-31 19:17:36,  Lat/Lon: 34.5343°/70.8756°, Depth: 10
2025/09/01 02:26:23.710546 [Incident:Info:toast@toast-new:Magnitude updated] Magnitude updated: 5.95 (M)
2025/09/01 02:26:23.710596 [Simulation:Info:toast@toast-new:Simulation not generated] Magnitude 5.95 of event bmg2025rbpy is smaller than triggerMinMagnitude: no automatic simulation
2025/09/01 02:26:28.670514 [Incident:Info:toast@toast-new:Origin updated] Origin updated: OT: 2025-08-31 19:17:36,  Lat/Lon: 34.5343°/70.8756°, Depth: 10
2025/09/01 02:26:28.670691 [Incident:Info:toast@toast-new:Magnitude updated] Magnitude updated: 5.95 (M)
2025/09/01 02:26:28.670744 [Simulation:Info:toast@toast-new:Simulation not generated] Magnitude 5.95 of event bmg2025rbpy is smaller than triggerMinMagnitude: no automatic simulation
2025/09/01 02:26:32.928149 [Incident:Info:toast@toast-new:Origin updated] Origin updated: OT: 2025-08-31 19:17:36,  Lat/Lon: 34.5505°/70.8759°, Depth: 10
2025/09/01 02:26:32.928344 [Incident:Info:toast@toast-new:Magnitude updated] Magnitude updated: 5.95 (M)
2025/09/01 02:26:32.928377 [Simulation:Info:toast@toast-new:Simulation not generated] Magnitude 5.95 of event bmg2025rbpy is smaller than triggerMinMagnitude: no automatic simulation
2025/09/01 02:26:38.616824 [Incident:Info:toast@toast-new:Origin updated] Origin updated: OT: 2025-08-31 19:17:36,  Lat/Lon: 34.5505°/70.8759°, Depth: 10
2025/09/01 02:26:38.617007 [Incident:Info:toast@toast-new:Magnitude updated] Magnitude updated: 5.96 (M)
2025/09/01 02:26:38.617039 [Simulation:Info:toast@toast-new:Simulation not generated] Magnitude 5.96 of event bmg2025rbpy is smaller than triggerMinMagnitude: no automatic simulation
2025/09/01 02:26:43.682832 [Incident:Info:toast@toast-new:Origin updated] Origin updated: OT: 2025-08-31 19:17:36,  Lat/Lon: 34.5505°/70.8759°, Depth: 10
2025/09/01 02:26:43.683001 [Incident:Info:toast@toast-new:Magnitude updated] Magnitude updated: 5.96 (Mw(mB))
2025/09/01 02:26:43.683034 [Simulation:Info:toast@toast-new:Simulation not generated] Magnitude 5.96 of event bmg2025rbpy is smaller than triggerMinMagnitude: no automatic simulation
2025/09/01 02:26:43.720839 [Incident:Info:toast@toast-new:Origin updated] Origin updated: OT: 2025-08-31 19:17:36,  Lat/Lon: 34.5505°/70.8759°, Depth: 10
2025/09/01 02:26:43.720974 [Simulation:Info:toast@toast-new:Simulation not generated] Magnitude 5.96 of event bmg2025rbpy is smaller than triggerMinMagnitude: no automatic simulation
2025/09/01 02:26:48.675399 [Incident:Info:toast@toast-new:Origin updated] Origin updated: OT: 2025-08-31 19:17:36,  Lat/Lon: 34.5505°/70.8759°, Depth: 10
2025/09/01 02:26:48.675577 [Incident:Info:toast@toast-new:Magnitude updated] Magnitude updated: 5.99 (Mw(mB))
2025/09/01 02:26:48.675610 [Simulation:Info:toast@toast-new:Simulation not generated] Magnitude 5.99 of event bmg2025rbpy is smaller than triggerMinMagnitude: no automatic simulation
2025/09/01 02:26:53.654107 [Incident:Info:toast@toast-new:Origin updated] Origin updated: OT: 2025-08-31 19:17:36,  Lat/Lon: 34.5505°/70.8759°, Depth: 10
2025/09/01 02:26:53.654305 [Incident:Info:toast@toast-new:Magnitude updated] Magnitude updated: 6.07 (Mw(mB))
2025/09/01 02:26:53.654356 [Simulation:Info:toast@toast-new:Simulation not generated] Magnitude 6.07 of event bmg2025rbpy is smaller than triggerMinMagnitude: no automatic simulation
2025/09/01 02:26:58.616826 [Incident:Info:toast@toast-new:Origin updated] Origin updated: OT: 2025-08-31 19:17:36,  Lat/Lon: 34.5505°/70.8759°, Depth: 10
2025/09/01 02:26:58.617010 [Incident:Info:toast@toast-new:Magnitude updated] Magnitude updated: 6.09 (Mw(mB))
2025/09/01 02:26:58.617042 [Simulation:Info:toast@toast-new:Simulation not generated] Magnitude 6.09 of event bmg2025rbpy is smaller than triggerMinMagnitude: no automatic simulation
2025/09/01 02:27:03.267409 [Incident:Info:toast@toast-new:Origin updated] Origin updated: OT: 2025-08-31 19:17:36,  Lat/Lon: 34.5664°/70.8769°, Depth: 10
2025/09/01 02:27:03.267658 [Incident:Info:toast@toast-new:Magnitude updated] Magnitude updated: 6.15 (Mw(mB))
2025/09/01 02:27:03.267724 [Simulation:Info:toast@toast-new:Simulation not generated] Magnitude 6.15 of event bmg2025rbpy is smaller than triggerMinMagnitude: no automatic simulation
2025/09/01 02:27:08.629642 [Incident:Info:toast@toast-new:Origin updated] Origin updated: OT: 2025-08-31 19:17:36,  Lat/Lon: 34.5664°/70.8769°, Depth: 10
2025/09/01 02:27:08.629828 [Incident:Info:toast@toast-new:Magnitude updated] Magnitude updated: 6.14 (Mw(mB))
2025/09/01 02:27:08.629862 [Simulation:Info:toast@toast-new:Simulation not generated] Magnitude 6.14 of event bmg2025rbpy is smaller than triggerMinMagnitude: no automatic simulation
2025/09/01 02:27:13.618403 [Incident:Info:toast@toast-new:Origin updated] Origin updated: OT: 2025-08-31 19:17:36,  Lat/Lon: 34.5664°/70.8769°, Depth: 10
2025/09/01 02:27:13.618634 [Incident:Info:toast@toast-new:Magnitude updated] Magnitude updated: 6.18 (Mw(mB))
2025/09/01 02:27:13.618709 [Simulation:Info:toast@toast-new:Simulation not generated] Magnitude 6.18 of event bmg2025rbpy is smaller than triggerMinMagnitude: no automatic simulation
2025/09/01 02:27:18.622583 [Incident:Info:toast@toast-new:Origin updated] Origin updated: OT: 2025-08-31 19:17:36,  Lat/Lon: 34.5664°/70.8769°, Depth: 10
2025/09/01 02:27:18.622759 [Incident:Info:toast@toast-new:Magnitude updated] Magnitude updated: 6.18 (Mw(mB))
2025/09/01 02:27:18.622790 [Simulation:Info:toast@toast-new:Simulation not generated] Magnitude 6.18 of event bmg2025rbpy is smaller than triggerMinMagnitude: no automatic simulation
2025/09/01 02:27:23.617811 [Incident:Info:toast@toast-new:Origin updated] Origin updated: OT: 2025-08-31 19:17:36,  Lat/Lon: 34.5664°/70.8769°, Depth: 10
2025/09/01 02:27:23.619595 [Incident:Info:toast@toast-new:Magnitude updated] Magnitude updated: 6.19 (Mw(mB))
2025/09/01 02:27:23.619631 [Simulation:Info:toast@toast-new:Simulation not generated] Magnitude 6.19 of event bmg2025rbpy is smaller than triggerMinMagnitude: no automatic simulation
2025/09/01 02:27:27.492951 [Incident:Info:toast@toast-new:Origin updated] Origin updated: OT: 2025-08-31 19:17:36,  Lat/Lon: 34.5256°/70.8555°, Depth: 10
2025/09/01 02:27:27.493149 [Incident:Info:toast@toast-new:Magnitude updated] Magnitude updated: 6.20 (Mw(mB))
2025/09/01 02:27:27.493180 [Simulation:Info:toast@toast-new:Simulation not generated] Magnitude 6.20 of event bmg2025rbpy is smaller than triggerMinMagnitude: no automatic simulation
2025/09/01 02:27:33.654084 [Incident:Info:toast@toast-new:Origin updated] Origin updated: OT: 2025-08-31 19:17:36,  Lat/Lon: 34.5256°/70.8555°, Depth: 10
2025/09/01 02:27:33.654296 [Incident:Info:toast@toast-new:Magnitude updated] Magnitude updated: 6.20 (Mw(mB))
2025/09/01 02:27:33.654344 [Simulation:Info:toast@toast-new:Simulation not generated] Magnitude 6.20 of event bmg2025rbpy is smaller than triggerMinMagnitude: no automatic simulation
2025/09/01 02:27:38.698801 [Incident:Info:toast@toast-new:Origin updated] Origin updated: OT: 2025-08-31 19:17:36,  Lat/Lon: 34.5256°/70.8555°, Depth: 10
2025/09/01 02:27:38.698988 [Incident:Info:toast@toast-new:Magnitude updated] Magnitude updated: 6.20 (Mw(mB))
2025/09/01 02:27:38.699020 [Simulation:Info:toast@toast-new:Simulation not generated] Magnitude 6.20 of event bmg2025rbpy is smaller than triggerMinMagnitude: no automatic simulation
2025/09/01 02:27:43.665428 [Incident:Info:toast@toast-new:Origin updated] Origin updated: OT: 2025-08-31 19:17:36,  Lat/Lon: 34.5256°/70.8555°, Depth: 10
2025/09/01 02:27:43.665615 [Incident:Info:toast@toast-new:Magnitude updated] Magnitude updated: 6.20 (Mw(mB))
2025/09/01 02:27:43.665648 [Simulation:Info:toast@toast-new:Simulation not generated] Magnitude 6.20 of event bmg2025rbpy is smaller than triggerMinMagnitude: no automatic simulation
2025/09/01 02:27:48.671956 [Incident:Info:toast@toast-new:Origin updated] Origin updated: OT: 2025-08-31 19:17:36,  Lat/Lon: 34.5256°/70.8555°, Depth: 10
2025/09/01 02:27:48.672138 [Incident:Info:toast@toast-new:Magnitude updated] Magnitude updated: 6.20 (Mw(mB))
2025/09/01 02:27:48.672177 [Simulation:Info:toast@toast-new:Simulation not generated] Magnitude 6.20 of event bmg2025rbpy is smaller than triggerMinMagnitude: no automatic simulation
2025/09/01 02:27:49.388822 [Incident:Info:toast@toast-new:Origin updated] Origin updated: OT: 2025-08-31 19:17:36,  Lat/Lon: 34.5113°/70.8415°, Depth: 10
2025/09/01 02:27:49.389020 [Incident:Info:toast@toast-new:Magnitude updated] Magnitude updated: 6.20 (Mw(mB))
2025/09/01 02:27:49.389062 [Simulation:Info:toast@toast-new:Simulation not generated] Magnitude 6.20 of event bmg2025rbpy is smaller than triggerMinMagnitude: no automatic simulation
2025/09/01 02:27:53.729571 [Incident:Info:toast@toast-new:Origin updated] Origin updated: OT: 2025-08-31 19:17:36,  Lat/Lon: 34.5113°/70.8415°, Depth: 10
2025/09/01 02:27:53.766040 [Incident:Info:toast@toast-new:Magnitude updated] Magnitude updated: 6.19 (Mw(mB))
2025/09/01 02:27:53.766156 [Simulation:Info:toast@toast-new:Simulation not generated] Magnitude 6.19 of event bmg2025rbpy is smaller than triggerMinMagnitude: no automatic simulation
2025/09/01 02:27:58.753652 [Incident:Info:toast@toast-new:Origin updated] Origin updated: OT: 2025-08-31 19:17:36,  Lat/Lon: 34.5113°/70.8415°, Depth: 10
2025/09/01 02:27:58.753858 [Incident:Info:toast@toast-new:Magnitude updated] Magnitude updated: 6.18 (Mw(mB))
2025/09/01 02:27:58.753901 [Simulation:Info:toast@toast-new:Simulation not generated] Magnitude 6.18 of event bmg2025rbpy is smaller than triggerMinMagnitude: no automatic simulation
2025/09/01 02:28:03.536654 [Incident:Info:toast@toast-new:Origin updated] Origin updated: OT: 2025-08-31 19:17:36,  Lat/Lon: 34.5039°/70.8356°, Depth: 10
2025/09/01 02:28:03.536843 [Incident:Info:toast@toast-new:Magnitude updated] Magnitude updated: 6.17 (Mw(mB))
2025/09/01 02:28:03.536871 [Simulation:Info:toast@toast-new:Simulation not generated] Magnitude 6.17 of event bmg2025rbpy is smaller than triggerMinMagnitude: no automatic simulation
2025/09/01 02:28:03.680876 [Incident:Info:toast@toast-new:Origin updated] Origin updated: OT: 2025-08-31 19:17:36,  Lat/Lon: 34.5039°/70.8356°, Depth: 10
2025/09/01 02:28:03.681019 [Incident:Info:toast@toast-new:Magnitude updated] Magnitude updated: 6.17 (Mw(mB))
2025/09/01 02:28:03.681053 [Simulation:Info:toast@toast-new:Simulation not generated] Magnitude 6.17 of event bmg2025rbpy is smaller than triggerMinMagnitude: no automatic simulation
2025/09/01 02:28:08.675024 [Incident:Info:toast@toast-new:Origin updated] Origin updated: OT: 2025-08-31 19:17:36,  Lat/Lon: 34.5039°/70.8356°, Depth: 10
2025/09/01 02:28:08.675246 [Incident:Info:toast@toast-new:Magnitude updated] Magnitude updated: 6.17 (Mw(mB))
2025/09/01 02:28:08.675300 [Simulation:Info:toast@toast-new:Simulation not generated] Magnitude 6.17 of event bmg2025rbpy is smaller than triggerMinMagnitude: no automatic simulation
2025/09/01 02:28:13.796257 [Incident:Info:toast@toast-new:Origin updated] Origin updated: OT: 2025-08-31 19:17:36,  Lat/Lon: 34.5039°/70.8356°, Depth: 10
2025/09/01 02:28:13.796439 [Incident:Info:toast@toast-new:Magnitude updated] Magnitude updated: 6.17 (Mw(mB))
2025/09/01 02:28:13.796474 [Simulation:Info:toast@toast-new:Simulation not generated] Magnitude 6.17 of event bmg2025rbpy is smaller than triggerMinMagnitude: no automatic simulation
2025/09/01 02:28:14.157432 [Incident:Info:toast@toast-new:Origin updated] Origin updated: OT: 2025-08-31 19:17:36,  Lat/Lon: 34.512°/70.8389°, Depth: 10
2025/09/01 02:28:14.157681 [Incident:Info:toast@toast-new:Magnitude updated] Magnitude updated: 6.17 (Mw(mB))
2025/09/01 02:28:14.157741 [Simulation:Info:toast@toast-new:Simulation not generated] Magnitude 6.17 of event bmg2025rbpy is smaller than triggerMinMagnitude: no automatic simulation
2025/09/01 02:28:18.853474 [Incident:Info:toast@toast-new:Origin updated] Origin updated: OT: 2025-08-31 19:17:36,  Lat/Lon: 34.512°/70.8389°, Depth: 10
2025/09/01 02:28:18.853651 [Incident:Info:toast@toast-new:Magnitude updated] Magnitude updated: 6.17 (Mw(mB))
2025/09/01 02:28:18.853684 [Simulation:Info:toast@toast-new:Simulation not generated] Magnitude 6.17 of event bmg2025rbpy is smaller than triggerMinMagnitude: no automatic simulation
2025/09/01 02:28:23.844453 [Incident:Info:toast@toast-new:Origin updated] Origin updated: OT: 2025-08-31 19:17:36,  Lat/Lon: 34.512°/70.8389°, Depth: 10
2025/09/01 02:28:23.844643 [Incident:Info:toast@toast-new:Magnitude updated] Magnitude updated: 6.17 (Mw(mB))
2025/09/01 02:28:23.844677 [Simulation:Info:toast@toast-new:Simulation not generated] Magnitude 6.17 of event bmg2025rbpy is smaller than triggerMinMagnitude: no automatic simulation
2025/09/01 02:28:28.417299 [Incident:Info:toast@toast-new:Origin updated] Origin updated: OT: 2025-08-31 19:17:36,  Lat/Lon: 34.5123°/70.8439°, Depth: 10
2025/09/01 02:28:28.417513 [Incident:Info:toast@toast-new:Magnitude updated] Magnitude updated: 6.18 (Mw(mB))
2025/09/01 02:28:28.417555 [Simulation:Info:toast@toast-new:Simulation not generated] Magnitude 6.18 of event bmg2025rbpy is smaller than triggerMinMagnitude: no automatic simulation
2025/09/01 02:28:28.773493 [Incident:Info:toast@toast-new:Origin updated] Origin updated: OT: 2025-08-31 19:17:36,  Lat/Lon: 34.5123°/70.8439°, Depth: 10
2025/09/01 02:28:28.773676 [Incident:Info:toast@toast-new:Magnitude updated] Magnitude updated: 6.18 (Mw(mB))
2025/09/01 02:28:28.773713 [Simulation:Info:toast@toast-new:Simulation not generated] Magnitude 6.18 of event bmg2025rbpy is smaller than triggerMinMagnitude: no automatic simulation
2025/09/01 02:28:33.795519 [Incident:Info:toast@toast-new:Origin updated] Origin updated: OT: 2025-08-31 19:17:36,  Lat/Lon: 34.5123°/70.8439°, Depth: 10
2025/09/01 02:28:33.795683 [Incident:Info:toast@toast-new:Magnitude updated] Magnitude updated: 6.17 (Mw(mB))
2025/09/01 02:28:33.795721 [Simulation:Info:toast@toast-new:Simulation not generated] Magnitude 6.17 of event bmg2025rbpy is smaller than triggerMinMagnitude: no automatic simulation
2025/09/01 02:28:38.869952 [Incident:Info:toast@toast-new:Origin updated] Origin updated: OT: 2025-08-31 19:17:36,  Lat/Lon: 34.5123°/70.8439°, Depth: 10
2025/09/01 02:28:38.870159 [Incident:Info:toast@toast-new:Magnitude updated] Magnitude updated: 6.18 (Mw(mB))
2025/09/01 02:28:38.870204 [Simulation:Info:toast@toast-new:Simulation not generated] Magnitude 6.18 of event bmg2025rbpy is smaller than triggerMinMagnitude: no automatic simulation
2025/09/01 02:28:43.866903 [Incident:Info:toast@toast-new:Origin updated] Origin updated: OT: 2025-08-31 19:17:36,  Lat/Lon: 34.5123°/70.8439°, Depth: 10
2025/09/01 02:28:43.867081 [Incident:Info:toast@toast-new:Magnitude updated] Magnitude updated: 6.17 (Mw(mB))
2025/09/01 02:28:43.867112 [Simulation:Info:toast@toast-new:Simulation not generated] Magnitude 6.17 of event bmg2025rbpy is smaller than triggerMinMagnitude: no automatic simulation
2025/09/01 02:28:45.183157 [Incident:Info:toast@toast-new:Origin updated] Origin updated: OT: 2025-08-31 19:17:36,  Lat/Lon: 34.5402°/70.8524°, Depth: 10
2025/09/01 02:28:45.183324 [Incident:Info:toast@toast-new:Magnitude updated] Magnitude updated: 6.17 (Mw(mB))
2025/09/01 02:28:45.183350 [Simulation:Info:toast@toast-new:Simulation not generated] Magnitude 6.17 of event bmg2025rbpy is smaller than triggerMinMagnitude: no automatic simulation
2025/09/01 02:28:48.910837 [Incident:Info:toast@toast-new:Origin updated] Origin updated: OT: 2025-08-31 19:17:36,  Lat/Lon: 34.5402°/70.8524°, Depth: 10
2025/09/01 02:28:48.911005 [Incident:Info:toast@toast-new:Magnitude updated] Magnitude updated: 6.15 (Mw(mB))
2025/09/01 02:28:48.911041 [Simulation:Info:toast@toast-new:Simulation not generated] Magnitude 6.15 of event bmg2025rbpy is smaller than triggerMinMagnitude: no automatic simulation
2025/09/01 02:28:53.889499 [Incident:Info:toast@toast-new:Origin updated] Origin updated: OT: 2025-08-31 19:17:36,  Lat/Lon: 34.5402°/70.8524°, Depth: 10
2025/09/01 02:28:53.926092 [Incident:Info:toast@toast-new:Magnitude updated] Magnitude updated: 6.15 (Mw(mB))
2025/09/01 02:28:53.926207 [Simulation:Info:toast@toast-new:Simulation not generated] Magnitude 6.15 of event bmg2025rbpy is smaller than triggerMinMagnitude: no automatic simulation
2025/09/01 02:28:58.954745 [Incident:Info:toast@toast-new:Origin updated] Origin updated: OT: 2025-08-31 19:17:36,  Lat/Lon: 34.5402°/70.8524°, Depth: 10
2025/09/01 02:28:58.954929 [Incident:Info:toast@toast-new:Magnitude updated] Magnitude updated: 6.15 (Mw(mB))
2025/09/01 02:28:58.954962 [Simulation:Info:toast@toast-new:Simulation not generated] Magnitude 6.15 of event bmg2025rbpy is smaller than triggerMinMagnitude: no automatic simulation
2025/09/01 02:29:03.900094 [Incident:Info:toast@toast-new:Origin updated] Origin updated: OT: 2025-08-31 19:17:36,  Lat/Lon: 34.5402°/70.8524°, Depth: 10
2025/09/01 02:29:03.900242 [Incident:Info:toast@toast-new:Magnitude updated] Magnitude updated: 6.15 (Mw(mB))
2025/09/01 02:29:03.900284 [Simulation:Info:toast@toast-new:Simulation not generated] Magnitude 6.15 of event bmg2025rbpy is smaller than triggerMinMagnitude: no automatic simulation
2025/09/01 02:29:08.793894 [Incident:Info:toast@toast-new:Origin updated] Origin updated: OT: 2025-08-31 19:17:36,  Lat/Lon: 34.5402°/70.8524°, Depth: 10
2025/09/01 02:29:08.794088 [Incident:Info:toast@toast-new:Magnitude updated] Magnitude updated: 6.15 (Mw(mB))
2025/09/01 02:29:08.794141 [Simulation:Info:toast@toast-new:Simulation not generated] Magnitude 6.15 of event bmg2025rbpy is smaller than triggerMinMagnitude: no automatic simulation
2025/09/01 02:29:08.854124 [Incident:Info:toast@toast-new:Origin updated] Origin updated: OT: 2025-08-31 19:17:36,  Lat/Lon: 34.5402°/70.8524°, Depth: 10
2025/09/01 02:29:08.854342 [Incident:Info:toast@toast-new:Magnitude updated] Magnitude updated: 6.14 (Mw(mB))
2025/09/01 02:29:08.854398 [Simulation:Info:toast@toast-new:Simulation not generated] Magnitude 6.14 of event bmg2025rbpy is smaller than triggerMinMagnitude: no automatic simulation
2025/09/01 02:29:08.878187 [Incident:Info:toast@toast-new:Origin updated] Origin updated: OT: 2025-08-31 19:17:36,  Lat/Lon: 34.5512°/70.8533°, Depth: 10
2025/09/01 02:29:08.878352 [Incident:Info:toast@toast-new:Magnitude updated] Magnitude updated: 6.14 (Mw(mB))
2025/09/01 02:29:08.878401 [Simulation:Info:toast@toast-new:Simulation not generated] Magnitude 6.14 of event bmg2025rbpy is smaller than triggerMinMagnitude: no automatic simulation
2025/09/01 02:29:08.903325 [Incident:Info:toast@toast-new:Origin updated] Origin updated: OT: 2025-08-31 19:17:36,  Lat/Lon: 34.5512°/70.8533°, Depth: 10
2025/09/01 02:29:08.903458 [Simulation:Info:toast@toast-new:Simulation not generated] Magnitude 6.14 of event bmg2025rbpy is smaller than triggerMinMagnitude: no automatic simulation
2025/09/01 02:29:13.997151 [Incident:Info:toast@toast-new:Origin updated] Origin updated: OT: 2025-08-31 19:17:36,  Lat/Lon: 34.5512°/70.8533°, Depth: 10
2025/09/01 02:29:13.997356 [Incident:Info:toast@toast-new:Magnitude updated] Magnitude updated: 6.14 (Mw(mB))
2025/09/01 02:29:13.997403 [Simulation:Info:toast@toast-new:Simulation not generated] Magnitude 6.14 of event bmg2025rbpy is smaller than triggerMinMagnitude: no automatic simulation
2025/09/01 02:29:18.890225 [Incident:Info:toast@toast-new:Origin updated] Origin updated: OT: 2025-08-31 19:17:36,  Lat/Lon: 34.5512°/70.8533°, Depth: 10
2025/09/01 02:29:18.890409 [Incident:Info:toast@toast-new:Magnitude updated] Magnitude updated: 6.14 (Mw(mB))
2025/09/01 02:29:18.890443 [Simulation:Info:toast@toast-new:Simulation not generated] Magnitude 6.14 of event bmg2025rbpy is smaller than triggerMinMagnitude: no automatic simulation
2025/09/01 02:29:23.896776 [Incident:Info:toast@toast-new:Origin updated] Origin updated: OT: 2025-08-31 19:17:36,  Lat/Lon: 34.5512°/70.8533°, Depth: 10
2025/09/01 02:29:23.896972 [Incident:Info:toast@toast-new:Magnitude updated] Magnitude updated: 6.14 (Mw(mB))
2025/09/01 02:29:23.897016 [Simulation:Info:toast@toast-new:Simulation not generated] Magnitude 6.14 of event bmg2025rbpy is smaller than triggerMinMagnitude: no automatic simulation
2025/09/01 02:29:26.352859 [Incident:Info:toast@toast-new:Origin updated] Origin updated: OT: 2025-08-31 19:17:36,  Lat/Lon: 34.531°/70.8589°, Depth: 10.4879
2025/09/01 02:29:26.352989 [Incident:Info:toast@toast-new:Magnitude updated] Magnitude updated: 6.16 (Mw(mB))
2025/09/01 02:29:26.353028 [Simulation:Info:toast@toast-new:Simulation not generated] Magnitude 6.16 of event bmg2025rbpy is smaller than triggerMinMagnitude: no automatic simulation
2025/09/01 02:30:54.551693 [Incident:Info:toast@toast-new:Origin updated] Origin updated: OT: 2025-08-31 19:17:36,  Lat/Lon: 34.528°/70.8522°, Depth: 10
2025/09/01 02:30:54.551887 [Incident:Info:toast@toast-new:Magnitude updated] Magnitude updated: 6.16 (Mw(mB))
2025/09/01 02:30:54.551921 [Simulation:Info:toast@toast-new:Simulation not generated] Magnitude 6.16 of event bmg2025rbpy is smaller than triggerMinMagnitude: no automatic simulation
2025/09/01 02:33:20.442975 [Incident:Info:toast@toast-new:Origin updated] Origin updated: OT: 2025-08-31 19:17:36,  Lat/Lon: 34.528°/70.8522°, Depth: 10
2025/09/01 02:33:20.443165 [Incident:Info:toast@toast-new:FM updated] FM updated
2025/09/01 02:33:20.443413 [Simulation:Info:toast@toast-new:Simulation not generated] Magnitude 6.16 of event bmg2025rbpy is smaller than triggerMinMagnitude: no automatic simulation
2025/09/01 02:34:42.545330 [Incident:Info:toast@toast-new:Origin updated] Origin updated: OT: 2025-08-31 19:17:36,  Lat/Lon: 34.528°/70.8522°, Depth: 10
2025/09/01 02:34:42.545512 [Incident:Info:toast@toast-new:FM updated] FM updated
2025/09/01 02:34:42.545764 [Simulation:Info:toast@toast-new:Simulation not generated] Magnitude 6.16 of event bmg2025rbpy is smaller than triggerMinMagnitude: no automatic simulation
2025/09/01 02:36:47.546518 [Incident:Info:toast@toast-new:Origin updated] Origin updated: OT: 2025-08-31 19:17:36,  Lat/Lon: 34.528°/70.8522°, Depth: 10
2025/09/01 02:36:47.546758 [Incident:Info:toast@toast-new:FM updated] FM updated
2025/09/01 02:36:47.547121 [Simulation:Info:toast@toast-new:Simulation not generated] Magnitude 6.16 of event bmg2025rbpy is smaller than triggerMinMagnitude: no automatic simulation
2025/09/01 02:37:17.075591 [Incident:Info:toast@toast-new:Origin updated] Origin updated: OT: 2025-08-31 19:17:36,  Lat/Lon: 34.54°/70.8827°, Depth: 10
2025/09/01 02:37:17.075771 [Incident:Info:toast@toast-new:Magnitude updated] Magnitude updated: 6.03 (Mw(mB))
2025/09/01 02:37:17.075830 [Simulation:Info:toast@toast-new:Simulation not generated] Magnitude 6.03 of event bmg2025rbpy is smaller than triggerMinMagnitude: no automatic simulation
2025/09/01 02:46:29.672516 [Incident:Info:toast@toast-new:Origin updated] Origin updated: OT: 2025-08-31 19:17:36,  Lat/Lon: 34.54°/70.8827°, Depth: 10
2025/09/01 02:46:29.672662 [Incident:Info:toast@toast-new:FM updated] FM updated
2025/09/01 02:46:29.672868 [Simulation:Info:toast@toast-new:Simulation not generated] Magnitude 6.03 of event bmg2025rbpy is smaller than triggerMinMagnitude: no automatic simulation
2025/09/01 02:46:58.985486 [Incident:Info:toast@toast-new:Origin updated] Origin updated: OT: 2025-08-31 19:17:36,  Lat/Lon: 34.54°/70.8827°, Depth: 10
2025/09/01 02:46:58.985690 [Incident:Info:toast@toast-new:FM updated] FM updated
2025/09/01 02:46:58.985959 [Simulation:Info:toast@toast-new:Simulation not generated] Magnitude 6.03 of event bmg2025rbpy is smaller than triggerMinMagnitude: no automatic simulation
2025/09/01 02:47:09.016680 [Incident:Info:toast@toast-new:Origin updated] Origin updated: OT: 2025-08-31 19:17:36,  Lat/Lon: 34.54°/70.8827°, Depth: 10
2025/09/01 02:47:09.016895 [Incident:Info:toast@toast-new:FM updated] FM updated
2025/09/01 02:47:09.017198 [Simulation:Info:toast@toast-new:Simulation not generated] Magnitude 6.03 of event bmg2025rbpy is smaller than triggerMinMagnitude: no automatic simulation
2025/09/01 02:47:19.070861 [Incident:Info:toast@toast-new:Origin updated] Origin updated: OT: 2025-08-31 19:17:36,  Lat/Lon: 34.54°/70.8827°, Depth: 10
2025/09/01 02:47:19.071082 [Simulation:Info:toast@toast-new:Simulation not generated] Magnitude 6.03 of event bmg2025rbpy is smaller than triggerMinMagnitude: no automatic simulation
2025/09/01 02:47:40.101991 [Incident:Info:toast@toast-new:Origin updated] Origin updated: OT: 2025-08-31 19:17:36,  Lat/Lon: 34.54°/70.8827°, Depth: 10
2025/09/01 02:47:40.102207 [Incident:Info:toast@toast-new:Magnitude updated] Magnitude updated: 5.94 (M)
2025/09/01 02:47:40.102281 [Simulation:Info:toast@toast-new:Simulation not generated] Magnitude 5.94 of event bmg2025rbpy is smaller than triggerMinMagnitude: no automatic simulation
2025/09/01 02:48:51.753019 [Incident:Info:toast@toast-new:Origin updated] Origin updated: OT: 2025-08-31 19:17:36,  Lat/Lon: 34.54°/70.8827°, Depth: 10
2025/09/01 02:48:51.753226 [Incident:Info:toast@toast-new:FM updated] FM updated
2025/09/01 02:48:51.753489 [Simulation:Info:toast@toast-new:Simulation not generated] Magnitude 5.94 of event bmg2025rbpy is smaller than triggerMinMagnitude: no automatic simulation
2025/09/01 06:03:56.959653 [Incident:Info:toast@toast-new:Origin updated] Origin updated: OT: 2025-08-31 19:17:36,  Lat/Lon: 34.54°/70.8827°, Depth: 10
2025/09/01 06:03:56.959804 [Incident:Info:toast@toast-new:FM updated] FM updated
2025/09/01 06:03:56.960048 [Simulation:Info:toast@toast-new:Simulation not generated] Magnitude 5.94 of event bmg2025rbpy is smaller than triggerMinMagnitude: no automatic simulation
2025/09/01 06:03:56.977513 [Incident:Info:toast@toast-new:Origin updated] Origin updated: OT: 2025-08-31 19:17:36,  Lat/Lon: 34.54°/70.8827°, Depth: 10
2025/09/01 06:03:56.977631 [Simulation:Info:toast@toast-new:Simulation not generated] Magnitude 5.94 of event bmg2025rbpy is smaller than triggerMinMagnitude: no automatic simulation
2025/09/01 13:41:19.821901 [Incident:Info:toast@toast-new:Origin updated] Origin updated: OT: 2025-08-31 19:17:36,  Lat/Lon: 34.5365°/70.8508°, Depth: 8.86727
2025/09/01 13:41:19.822187 [Incident:Info:toast@toast-new:Magnitude updated] Magnitude updated: 6.16 (Mw(mB))
2025/09/01 13:41:19.822276 [Simulation:Info:toast@toast-new:Simulation not generated] Magnitude 6.16 of event bmg2025rbpy is smaller than triggerMinMagnitude: no automatic simulation
2025/09/01 13:41:19.971915 [Incident:Info:toast@toast-new:Origin updated] Origin updated: OT: 2025-08-31 19:17:36,  Lat/Lon: 34.5365°/70.8508°, Depth: 8.86727
2025/09/01 13:41:19.972226 [Incident:Info:toast@toast-new:Magnitude updated] Magnitude updated: 6.00 (M)
2025/09/01 13:41:19.972375 [Simulation:Info:toast@toast-new:Simulation not generated] Magnitude 6.00 of event bmg2025rbpy is smaller than triggerMinMagnitude: no automatic simulation
2025/09/01 13:41:28.323782 [Incident:Info:toast@toast-new:Origin updated] Origin updated: OT: 2025-08-31 19:17:36,  Lat/Lon: 34.5365°/70.8508°, Depth: 8.86727
2025/09/01 13:41:28.324059 [Incident:Info:toast@toast-new:Magnitude updated] Magnitude updated: 6.09 (mb)
2025/09/01 13:41:28.324168 [Simulation:Info:toast@toast-new:Simulation not generated] Magnitude 6.09 of event bmg2025rbpy is smaller than triggerMinMagnitude: no automatic simulation
2025/09/01 13:41:39.408203 [Incident:Info:toast@toast-new:Origin updated] Origin updated: OT: 2025-08-31 19:17:36,  Lat/Lon: 34.5365°/70.8508°, Depth: 8.86727
2025/09/01 13:41:39.408483 [Simulation:Info:toast@toast-new:Simulation not generated] Magnitude 6.09 of event bmg2025rbpy is smaller than triggerMinMagnitude: no automatic simulation
2025/09/01 13:41:39.430386 [Incident:Info:toast@toast-new:Origin updated] Origin updated: OT: 2025-08-31 19:17:36,  Lat/Lon: 34.5365°/70.8508°, Depth: 8.86727
2025/09/01 13:41:39.430554 [Simulation:Info:toast@toast-new:Simulation not generated] Magnitude 6.09 of event bmg2025rbpy is smaller than triggerMinMagnitude: no automatic simulation
2025/09/02 17:45:35.976432 [Incident:Info:toast@toast-new:Origin updated] Origin updated: OT: 2025-08-31 19:17:36,  Lat/Lon: 34.5365°/70.8508°, Depth: 8.86727
2025/09/02 17:45:35.976633 [Incident:Info:toast@toast-new:Magnitude updated] Magnitude updated: 6.00 (M)
2025/09/02 17:45:35.976687 [Simulation:Info:toast@toast-new:Simulation not generated] Magnitude 6.00 of event bmg2025rbpy is smaller than triggerMinMagnitude: no automatic simulation
2025/09/02 17:45:38.892872 [Incident:Info:toast@toast-new:Origin updated] Origin updated: OT: 2025-08-31 19:17:36,  Lat/Lon: 34.5365°/70.8508°, Depth: 8.86727
2025/09/02 17:45:38.893069 [Incident:Info:toast@toast-new:Magnitude updated] Magnitude updated: 6.09 (mb)
2025/09/02 17:45:38.893130 [Simulation:Info:toast@toast-new:Simulation not generated] Magnitude 6.09 of event bmg2025rbpy is smaller than triggerMinMagnitude: no automatic simulation
2025/09/02 17:48:41.062867 [Incident:Info:toast@toast-new:Origin updated] Origin updated: OT: 2025-08-31 19:17:36,  Lat/Lon: 34.5365°/70.8508°, Depth: 8.86727
2025/09/02 17:48:41.063004 [Incident:Info:toast@toast-new:Magnitude updated] Magnitude updated: 6.00 (M)
2025/09/02 17:48:41.063046 [Simulation:Info:toast@toast-new:Simulation not generated] Magnitude 6.00 of event bmg2025rbpy is smaller than triggerMinMagnitude: no automatic simulation
2025/09/02 17:48:46.258400 [Incident:Info:toast@toast-new:Origin updated] Origin updated: OT: 2025-08-31 19:17:36,  Lat/Lon: 34.5365°/70.8508°, Depth: 8.86727
2025/09/02 17:48:46.258546 [Incident:Info:toast@toast-new:Magnitude updated] Magnitude updated: 6.09 (mb)
2025/09/02 17:48:46.258590 [Simulation:Info:toast@toast-new:Simulation not generated] Magnitude 6.09 of event bmg2025rbpy is smaller than triggerMinMagnitude: no automatic simulation
2025/09/02 17:48:52.381058 [Incident:Info:toast@toast-new:Origin updated] Origin updated: OT: 2025-08-31 19:17:36,  Lat/Lon: 34.536°/70.8499°, Depth: 10
2025/09/02 17:48:52.381304 [Incident:Info:toast@toast-new:Magnitude updated] Magnitude updated: 5.94 (mb)
2025/09/02 17:48:52.381362 [Simulation:Info:toast@toast-new:Simulation not generated] Magnitude 5.94 of event bmg2025rbpy is smaller than triggerMinMagnitude: no automatic simulation
2025/09/02 17:49:29.099776 [Incident:Info:toast@toast-new:Origin updated] Origin updated: OT: 2025-08-31 19:17:36,  Lat/Lon: 34.536°/70.8499°, Depth: 10
2025/09/02 17:49:29.099990 [Incident:Info:toast@toast-new:Magnitude updated] Magnitude updated: 6.03 (mb)
2025/09/02 17:49:29.100059 [Simulation:Info:toast@toast-new:Simulation not generated] Magnitude 6.03 of event bmg2025rbpy is smaller than triggerMinMagnitude: no automatic simulation
2025/09/02 18:01:05.638908 [Incident:Info:toast@toast-new:Origin updated] Origin updated: OT: 2025-08-31 19:17:35,  Lat/Lon: 34.5368°/70.8514°, Depth: 8
2025/09/02 18:01:05.639139 [Incident:Info:toast@toast-new:Magnitude updated] Magnitude updated: 6.09 (mb)
2025/09/02 18:01:05.639213 [Simulation:Info:toast@toast-new:Simulation not generated] Magnitude 6.09 of event bmg2025rbpy is smaller than triggerMinMagnitude: no automatic simulation
2025/09/02 18:01:37.856115 [Incident:Info:toast@toast-new:Origin updated] Origin updated: OT: 2025-08-31 19:17:35,  Lat/Lon: 34.5368°/70.8514°, Depth: 8
2025/09/02 18:01:37.856263 [Incident:Info:toast@toast-new:Magnitude updated] Magnitude updated: 6.09 (Mw)
2025/09/02 18:01:37.856303 [Simulation:Info:toast@toast-new:Simulation not generated] Magnitude 6.09 of event bmg2025rbpy is smaller than triggerMinMagnitude: no automatic simulation
2025/09/02 18:01:43.704731 [Incident:Info:toast@toast-new:Origin updated] Origin updated: OT: 2025-08-31 19:17:35,  Lat/Lon: 34.5368°/70.8514°, Depth: 8
2025/09/02 18:01:43.704863 [Incident:Info:toast@toast-new:Magnitude updated] Magnitude updated: 5.96 (Mw)
2025/09/02 18:01:43.704901 [Incident:Info:toast@toast-new:FM updated] FM updated
2025/09/02 18:01:43.705067 [Simulation:Info:toast@toast-new:Simulation not generated] Magnitude 5.96 of event bmg2025rbpy is smaller than triggerMinMagnitude: no automatic simulation
2025/09/02 18:10:09.964178 [Incident:Info:toast@toast-new:Origin updated] Origin updated: OT: 2025-08-31 19:17:35,  Lat/Lon: 34.6021°/70.8509°, Depth: 10
2025/09/02 18:10:09.964348 [Simulation:Info:toast@toast-new:Simulation not generated] Magnitude 5.96 of event bmg2025rbpy is smaller than triggerMinMagnitude: no automatic simulation
2025/09/02 18:10:34.374829 [Incident:Info:toast@toast-new:Origin updated] Origin updated: OT: 2025-08-31 19:17:35,  Lat/Lon: 34.5368°/70.8514°, Depth: 8
2025/09/02 18:10:34.374988 [Simulation:Info:toast@toast-new:Simulation not generated] Magnitude 5.96 of event bmg2025rbpy is smaller than triggerMinMagnitude: no automatic simulation
2025/09/06 06:22:04.975029 [Incident:Info:toast@toast-new:Origin updated] Origin updated: OT: 2025-08-31 19:17:35,  Lat/Lon: 34.5368°/70.8514°, Depth: 8
2025/09/06 06:22:04.976909 [Simulation:Info:toast@toast-new:Simulation not generated] Magnitude 5.96 of event bmg2025rbpy is smaller than triggerMinMagnitude: no automatic simulation
