2025/08/22 14:10:42.107723 [Incident:Info:toast@toast-new:Displacement(s) updated] Added 0 and changed 0 displacements with 0 amplitudes
2025/08/22 14:10:42.111874 [Incident:Info:toast@toast-new:Incident created] Incident created based on event received from messaging: OT: 2025-08-22 07:08:20,  Lat/Lon: 7.43°/126.48°, Depth: 146.00, Mag: 5.26 (M)
2025/08/22 14:10:42.112498 [Simulation:Info:toast@toast-new:Simulation not generated] Magnitude 5.26 of event bmg2025qkgi is smaller than triggerMinMagnitude: no automatic simulation
2025/08/22 14:10:42.132863 [Incident:Info:toast@toast-new:Origin updated] Origin updated: OT: 2025-08-22 07:08:20,  Lat/Lon: 7.43057°/126.478°, Depth: 146.004
2025/08/22 14:10:42.132998 [Simulation:Info:toast@toast-new:Simulation not generated] Magnitude 5.26 of event bmg2025qkgi is smaller than triggerMinMagnitude: no automatic simulation
2025/08/22 14:10:48.608319 [Incident:Info:toast@toast-new:Origin updated] Origin updated: OT: 2025-08-22 07:08:20,  Lat/Lon: 7.43057°/126.478°, Depth: 146.004
2025/08/22 14:10:48.608498 [Incident:Info:toast@toast-new:Magnitude updated] Magnitude updated: 5.26 (M)
2025/08/22 14:10:48.608531 [Simulation:Info:toast@toast-new:Simulation not generated] Magnitude 5.26 of event bmg2025qkgi is smaller than triggerMinMagnitude: no automatic simulation
2025/08/22 14:10:52.090550 [Incident:Info:toast@toast-new:Origin updated] Origin updated: OT: 2025-08-22 07:08:20,  Lat/Lon: 7.46009°/126.487°, Depth: 147.878
2025/08/22 14:10:52.090746 [Incident:Info:toast@toast-new:Magnitude updated] Magnitude updated: 5.29 (M)
2025/08/22 14:10:52.090779 [Simulation:Info:toast@toast-new:Simulation not generated] Magnitude 5.29 of event bmg2025qkgi is smaller than triggerMinMagnitude: no automatic simulation
2025/08/22 14:11:28.572017 [Incident:Info:toast@toast-new:Origin updated] Origin updated: OT: 2025-08-22 07:08:22,  Lat/Lon: 7.28155°/126.475°, Depth: 135.688
2025/08/22 14:11:28.572209 [Incident:Info:toast@toast-new:Magnitude updated] Magnitude updated: 5.06 (M)
2025/08/22 14:11:28.572248 [Simulation:Info:toast@toast-new:Simulation not generated] Magnitude 5.06 of event bmg2025qkgi is smaller than triggerMinMagnitude: no automatic simulation
2025/08/22 21:51:01.388999 [Incident:Info:toast@toast-new:Origin updated] Origin updated: OT: 2025-08-22 07:08:22,  Lat/Lon: 7.28155°/126.475°, Depth: 135.688
2025/08/22 21:51:01.389164 [Incident:Info:toast@toast-new:Magnitude updated] Magnitude updated: 5.23 (mb)
2025/08/22 21:51:01.389210 [Simulation:Info:toast@toast-new:Simulation not generated] Magnitude 5.23 of event bmg2025qkgi is smaller than triggerMinMagnitude: no automatic simulation
2025/08/23 10:19:01.745321 [Incident:Info:toast@toast-new:Incident removed] Removed incident - Bye
2025/08/24 07:00:10.052097 [Incident:Info:toast@toast-new:Displacement(s) updated] Added 0 and changed 0 displacements with 0 amplitudes
2025/08/24 07:00:10.052544 [Incident:Info:toast@toast-new:Incident created] Incident created based on event received from messaging: OT: 2025-08-22 07:08:22,  Lat/Lon: 7.28°/126.48°, Depth: 135.69, Mag: 5.23 (mb)
2025/08/24 07:00:10.053171 [Simulation:Info:toast@toast-new:Simulation not generated] Magnitude 5.23 of event bmg2025qkgi is smaller than triggerMinMagnitude: no automatic simulation
2025/08/24 07:00:10.074219 [Incident:Info:toast@toast-new:Origin updated] Origin updated: OT: 2025-08-22 07:08:22,  Lat/Lon: 7.28155°/126.475°, Depth: 135.688
2025/08/24 07:00:10.074371 [Simulation:Info:toast@toast-new:Simulation not generated] Magnitude 5.23 of event bmg2025qkgi is smaller than triggerMinMagnitude: no automatic simulation
2025/08/24 07:00:15.106377 [Incident:Info:toast@toast-new:Origin updated] Origin updated: OT: 2025-08-22 07:08:22,  Lat/Lon: 7.31034°/126.481°, Depth: 139.073
2025/08/24 07:00:15.106585 [Incident:Info:toast@toast-new:Magnitude updated] Magnitude updated: 5.23 (mb)
2025/08/24 07:00:15.106627 [Simulation:Info:toast@toast-new:Simulation not generated] Magnitude 5.23 of event bmg2025qkgi is smaller than triggerMinMagnitude: no automatic simulation
