2025/09/13 09:43:34.674532 [Incident:Info:toast@toast-new:Displacement(s) updated] Added 0 and changed 0 displacements with 0 amplitudes
2025/09/13 09:43:34.675542 [Incident:Info:toast@toast-new:Incident created] Incident created based on event received from messaging: OT: 2025-09-13 00:17:53,  Lat/Lon: 32.96°/141.77°, Depth: 10.00, Mag: 5.11 (mb)
2025/09/13 09:43:34.676145 [Simulation:Info:toast@toast-new:Simulation not generated] Magnitude 5.11 of event bmg2025rxxw is smaller than triggerMinMagnitude: no automatic simulation
2025/09/13 09:43:34.697136 [Incident:Info:toast@toast-new:Origin updated] Origin updated: OT: 2025-09-13 00:17:53,  Lat/Lon: 32.9638°/141.773°, Depth: 10
2025/09/13 09:43:34.697265 [Simulation:Info:toast@toast-new:Simulation not generated] Magnitude 5.11 of event bmg2025rxxw is smaller than triggerMinMagnitude: no automatic simulation
2025/09/13 09:43:34.716114 [Incident:Info:toast@toast-new:Origin updated] Origin updated: OT: 2025-09-13 00:17:53,  Lat/Lon: 32.9638°/141.773°, Depth: 10
2025/09/13 09:43:34.716221 [Incident:Info:toast@toast-new:Magnitude updated] Magnitude updated: 5.00 (M)
2025/09/13 09:43:34.716277 [Simulation:Info:toast@toast-new:Simulation not generated] Magnitude 5.00 of event bmg2025rxxw is smaller than triggerMinMagnitude: no automatic simulation
2025/09/13 09:44:05.654711 [Incident:Info:toast@toast-new:Origin updated] Origin updated: OT: 2025-09-13 00:17:53,  Lat/Lon: 32.9638°/141.773°, Depth: 10
2025/09/13 09:44:05.654871 [Incident:Info:toast@toast-new:Magnitude updated] Magnitude updated: 5.11 (mb)
2025/09/13 09:44:05.654927 [Simulation:Info:toast@toast-new:Simulation not generated] Magnitude 5.11 of event bmg2025rxxw is smaller than triggerMinMagnitude: no automatic simulation
2025/09/13 10:33:57.035658 [Incident:Info:toast@toast-new:Origin updated] Origin updated: OT: 2025-09-13 00:17:52,  Lat/Lon: 32.9673°/141.773°, Depth: 5
2025/09/13 10:33:57.038389 [Incident:Info:toast@toast-new:Magnitude updated] Magnitude updated: 5.11 (mb)
2025/09/13 10:33:57.038450 [Simulation:Info:toast@toast-new:Simulation not generated] Magnitude 5.11 of event bmg2025rxxw is smaller than triggerMinMagnitude: no automatic simulation
2025/09/15 14:35:46.244521 [Incident:Info:toast@toast-new:Origin updated] Origin updated: OT: 2025-09-13 00:17:53,  Lat/Lon: 32.9185°/141.709°, Depth: 5
2025/09/15 14:35:46.245725 [Incident:Info:toast@toast-new:Magnitude updated] Magnitude updated: 5.11 (mb)
2025/09/15 14:35:46.245792 [Simulation:Info:toast@toast-new:Simulation not generated] Magnitude 5.11 of event bmg2025rxxw is smaller than triggerMinMagnitude: no automatic simulation
2025/09/15 14:35:52.253285 [Incident:Info:toast@toast-new:Origin updated] Origin updated: OT: 2025-09-13 00:17:53,  Lat/Lon: 32.9185°/141.709°, Depth: 5
2025/09/15 14:35:52.253420 [Simulation:Info:toast@toast-new:Simulation not generated] Magnitude 5.11 of event bmg2025rxxw is smaller than triggerMinMagnitude: no automatic simulation
2025/09/15 14:35:56.698762 [Incident:Info:toast@toast-new:Origin updated] Origin updated: OT: 2025-09-13 00:17:53,  Lat/Lon: 32.9185°/141.709°, Depth: 5
2025/09/15 14:35:56.698951 [Simulation:Info:toast@toast-new:Simulation not generated] Magnitude 5.11 of event bmg2025rxxw is smaller than triggerMinMagnitude: no automatic simulation
