2025/11/03 19:00:21.831676 [Incident:Info:toast@toast-new:Displacement(s) updated] Added 0 and changed 0 displacements with 0 amplitudes
2025/11/03 19:00:21.833300 [Incident:Info:toast@toast-new:Incident created] Incident created based on event received from messaging: OT: 2025-11-03 11:37:49,  Lat/Lon: 52.53°/160.37°, Depth: 10.00, Mag: 5.44 (M)
2025/11/03 19:00:21.834032 [Simulation:Info:toast@toast-new:Simulation not generated] Magnitude 5.44 of event bmg2025vnyy is smaller than triggerMinMagnitude: no automatic simulation
2025/11/03 19:00:21.853547 [Incident:Info:toast@toast-new:Origin updated] Origin updated: OT: 2025-11-03 11:37:49,  Lat/Lon: 52.5311°/160.373°, Depth: 10
2025/11/03 19:00:21.853748 [Simulation:Info:toast@toast-new:Simulation not generated] Magnitude 5.44 of event bmg2025vnyy is smaller than triggerMinMagnitude: no automatic simulation
2025/11/03 19:00:49.285357 [Incident:Info:toast@toast-new:Origin updated] Origin updated: OT: 2025-11-03 11:37:51,  Lat/Lon: 52.4337°/159.746°, Depth: 10
2025/11/03 19:00:49.285613 [Incident:Info:toast@toast-new:Magnitude updated] Magnitude updated: 5.36 (M)
2025/11/03 19:00:49.285763 [Simulation:Info:toast@toast-new:Simulation not generated] Magnitude 5.36 of event bmg2025vnyy is smaller than triggerMinMagnitude: no automatic simulation
2025/11/03 19:01:08.656792 [Incident:Info:toast@toast-new:Origin updated] Origin updated: OT: 2025-11-03 11:37:51,  Lat/Lon: 52.4337°/159.746°, Depth: 10
2025/11/03 19:01:08.657034 [Incident:Info:toast@toast-new:Magnitude updated] Magnitude updated: 5.34 (M)
2025/11/03 19:01:08.657133 [Simulation:Info:toast@toast-new:Simulation not generated] Magnitude 5.34 of event bmg2025vnyy is smaller than triggerMinMagnitude: no automatic simulation
2025/11/03 19:02:53.222240 [Incident:Info:toast@toast-new:Origin updated] Origin updated: OT: 2025-11-03 11:37:50,  Lat/Lon: 52.4239°/160.035°, Depth: 10
2025/11/03 19:02:53.222445 [Incident:Info:toast@toast-new:Magnitude updated] Magnitude updated: 5.39 (M)
2025/11/03 19:02:53.222492 [Simulation:Info:toast@toast-new:Simulation not generated] Magnitude 5.39 of event bmg2025vnyy is smaller than triggerMinMagnitude: no automatic simulation
2025/11/03 19:05:25.644477 [Incident:Info:toast@toast-new:Origin updated] Origin updated: OT: 2025-11-03 11:37:50,  Lat/Lon: 52.4208°/159.928°, Depth: 10
2025/11/03 19:05:25.644671 [Incident:Info:toast@toast-new:Magnitude updated] Magnitude updated: 5.34 (M)
2025/11/03 19:05:25.644803 [Simulation:Info:toast@toast-new:Simulation not generated] Magnitude 5.34 of event bmg2025vnyy is smaller than triggerMinMagnitude: no automatic simulation
2025/11/03 21:45:13.261005 [Incident:Info:toast@toast-new:Origin updated] Origin updated: OT: 2025-11-03 11:37:50,  Lat/Lon: 52.2348°/160.287°, Depth: 10
2025/11/03 21:45:13.261201 [Incident:Info:toast@toast-new:Magnitude updated] Magnitude updated: 5.36 (mb)
2025/11/03 21:45:13.261324 [Simulation:Info:toast@toast-new:Simulation not generated] Magnitude 5.36 of event bmg2025vnyy is smaller than triggerMinMagnitude: no automatic simulation
2025/11/03 21:45:13.279554 [Incident:Info:toast@toast-new:Origin updated] Origin updated: OT: 2025-11-03 11:37:50,  Lat/Lon: 52.2348°/160.287°, Depth: 10
2025/11/03 21:45:13.279691 [Incident:Info:toast@toast-new:Magnitude updated] Magnitude updated: 5.34 (M)
2025/11/03 21:45:13.279774 [Simulation:Info:toast@toast-new:Simulation not generated] Magnitude 5.34 of event bmg2025vnyy is smaller than triggerMinMagnitude: no automatic simulation
2025/11/03 21:45:13.295452 [Incident:Info:toast@toast-new:Origin updated] Origin updated: OT: 2025-11-03 11:37:50,  Lat/Lon: 52.2348°/160.287°, Depth: 10
2025/11/03 21:45:13.295565 [Simulation:Info:toast@toast-new:Simulation not generated] Magnitude 5.34 of event bmg2025vnyy is smaller than triggerMinMagnitude: no automatic simulation
2025/11/03 21:45:17.077022 [Incident:Info:toast@toast-new:Origin updated] Origin updated: OT: 2025-11-03 11:37:50,  Lat/Lon: 52.2348°/160.287°, Depth: 10
2025/11/03 21:45:17.077197 [Incident:Info:toast@toast-new:Magnitude updated] Magnitude updated: 5.36 (mb)
2025/11/03 21:45:17.077316 [Simulation:Info:toast@toast-new:Simulation not generated] Magnitude 5.36 of event bmg2025vnyy is smaller than triggerMinMagnitude: no automatic simulation
2025/11/05 17:31:29.282559 [Incident:Info:toast@toast-new:Origin updated] Origin updated: OT: 2025-11-03 11:37:51,  Lat/Lon: 52.3408°/160.377°, Depth: 25.6985
2025/11/05 17:31:29.282805 [Incident:Info:toast@toast-new:Magnitude updated] Magnitude updated: 5.36 (mb)
2025/11/05 17:31:29.282884 [Simulation:Info:toast@toast-new:Simulation not generated] Magnitude 5.36 of event bmg2025vnyy is smaller than triggerMinMagnitude: no automatic simulation
2025/11/05 17:31:49.746980 [Incident:Info:toast@toast-new:Origin updated] Origin updated: OT: 2025-11-03 11:37:51,  Lat/Lon: 52.3408°/160.377°, Depth: 25.6985
2025/11/05 17:31:49.747267 [Simulation:Info:toast@toast-new:Simulation not generated] Magnitude 5.36 of event bmg2025vnyy is smaller than triggerMinMagnitude: no automatic simulation
2025/11/05 17:31:49.762391 [Incident:Info:toast@toast-new:Origin updated] Origin updated: OT: 2025-11-03 11:37:51,  Lat/Lon: 52.3408°/160.377°, Depth: 25.6985
2025/11/05 17:31:49.762550 [Incident:Info:toast@toast-new:Magnitude updated] Magnitude updated: 5.34 (M)
2025/11/05 17:31:49.762623 [Simulation:Info:toast@toast-new:Simulation not generated] Magnitude 5.34 of event bmg2025vnyy is smaller than triggerMinMagnitude: no automatic simulation
2025/11/05 17:31:54.244038 [Incident:Info:toast@toast-new:Origin updated] Origin updated: OT: 2025-11-03 11:37:51,  Lat/Lon: 52.3408°/160.377°, Depth: 25.6985
2025/11/05 17:31:54.244254 [Incident:Info:toast@toast-new:Magnitude updated] Magnitude updated: 5.36 (mb)
2025/11/05 17:31:54.244358 [Simulation:Info:toast@toast-new:Simulation not generated] Magnitude 5.36 of event bmg2025vnyy is smaller than triggerMinMagnitude: no automatic simulation
