2025/07/20 04:47:32.310053 [Incident:Info:toast@toast-new:Displacement(s) updated] Added 0 and changed 0 displacements with 0 amplitudes
2025/07/20 04:47:32.311015 [Incident:Info:toast@toast-new:Incident created] Incident created based on event received from messaging: OT: 2025-07-19 21:37:47,  Lat/Lon: 36.48°/55.02°, Depth: 10.00, Mag: 5.17 (M)
2025/07/20 04:47:32.311721 [Simulation:Info:toast@toast-new:Simulation not generated] Magnitude 5.17 of event bmg2025obfx is smaller than triggerMinMagnitude: no automatic simulation
2025/07/20 04:47:32.335011 [Incident:Info:toast@toast-new:Origin updated] Origin updated: OT: 2025-07-19 21:37:47,  Lat/Lon: 36.4804°/55.0247°, Depth: 10
2025/07/20 04:47:32.335177 [Simulation:Info:toast@toast-new:Simulation not generated] Magnitude 5.17 of event bmg2025obfx is smaller than triggerMinMagnitude: no automatic simulation
2025/07/20 04:47:36.063831 [Incident:Info:toast@toast-new:Origin updated] Origin updated: OT: 2025-07-19 21:37:47,  Lat/Lon: 36.4804°/55.0247°, Depth: 10
2025/07/20 04:47:36.064029 [Incident:Info:toast@toast-new:Magnitude updated] Magnitude updated: 5.24 (M)
2025/07/20 04:47:36.064078 [Simulation:Info:toast@toast-new:Simulation not generated] Magnitude 5.24 of event bmg2025obfx is smaller than triggerMinMagnitude: no automatic simulation
2025/07/20 04:47:45.221189 [Incident:Info:toast@toast-new:Origin updated] Origin updated: OT: 2025-07-19 21:37:47,  Lat/Lon: 36.4788°/55.028°, Depth: 10
2025/07/20 04:47:45.221431 [Incident:Info:toast@toast-new:Magnitude updated] Magnitude updated: 5.25 (M)
2025/07/20 04:47:45.221498 [Simulation:Info:toast@toast-new:Simulation not generated] Magnitude 5.25 of event bmg2025obfx is smaller than triggerMinMagnitude: no automatic simulation
2025/07/20 04:47:56.068163 [Incident:Info:toast@toast-new:Origin updated] Origin updated: OT: 2025-07-19 21:37:47,  Lat/Lon: 36.4788°/55.028°, Depth: 10
2025/07/20 04:47:56.068353 [Incident:Info:toast@toast-new:Magnitude updated] Magnitude updated: 5.30 (M)
2025/07/20 04:47:56.068397 [Simulation:Info:toast@toast-new:Simulation not generated] Magnitude 5.30 of event bmg2025obfx is smaller than triggerMinMagnitude: no automatic simulation
2025/07/20 04:47:56.996573 [Incident:Info:toast@toast-new:Origin updated] Origin updated: OT: 2025-07-19 21:37:47,  Lat/Lon: 36.4628°/55.0481°, Depth: 10
2025/07/20 04:47:56.996757 [Incident:Info:toast@toast-new:Magnitude updated] Magnitude updated: 5.33 (M)
2025/07/20 04:47:56.996795 [Simulation:Info:toast@toast-new:Simulation not generated] Magnitude 5.33 of event bmg2025obfx is smaller than triggerMinMagnitude: no automatic simulation
2025/07/20 04:48:06.058981 [Incident:Info:toast@toast-new:Origin updated] Origin updated: OT: 2025-07-19 21:37:47,  Lat/Lon: 36.4628°/55.0481°, Depth: 10
2025/07/20 04:48:06.059255 [Incident:Info:toast@toast-new:Magnitude updated] Magnitude updated: 5.35 (M)
2025/07/20 04:48:06.059365 [Simulation:Info:toast@toast-new:Simulation not generated] Magnitude 5.35 of event bmg2025obfx is smaller than triggerMinMagnitude: no automatic simulation
2025/07/20 04:48:11.890929 [Incident:Info:toast@toast-new:Origin updated] Origin updated: OT: 2025-07-19 21:37:47,  Lat/Lon: 36.4611°/55.0521°, Depth: 10
2025/07/20 04:48:11.891111 [Incident:Info:toast@toast-new:Magnitude updated] Magnitude updated: 5.36 (M)
2025/07/20 04:48:11.891148 [Simulation:Info:toast@toast-new:Simulation not generated] Magnitude 5.36 of event bmg2025obfx is smaller than triggerMinMagnitude: no automatic simulation
2025/07/20 04:48:21.067341 [Incident:Info:toast@toast-new:Origin updated] Origin updated: OT: 2025-07-19 21:37:47,  Lat/Lon: 36.4611°/55.0521°, Depth: 10
2025/07/20 04:48:21.067561 [Incident:Info:toast@toast-new:Magnitude updated] Magnitude updated: 5.38 (M)
2025/07/20 04:48:21.067609 [Simulation:Info:toast@toast-new:Simulation not generated] Magnitude 5.38 of event bmg2025obfx is smaller than triggerMinMagnitude: no automatic simulation
2025/07/20 04:48:22.328809 [Incident:Info:toast@toast-new:Origin updated] Origin updated: OT: 2025-07-19 21:37:46,  Lat/Lon: 36.5119°/54.9462°, Depth: 5
2025/07/20 04:48:22.329044 [Incident:Info:toast@toast-new:Magnitude updated] Magnitude updated: 5.61 (mb)
2025/07/20 04:48:22.329093 [Simulation:Info:toast@toast-new:Simulation not generated] Magnitude 5.61 of event bmg2025obfx is smaller than triggerMinMagnitude: no automatic simulation
2025/07/20 04:48:22.368488 [Incident:Info:toast@toast-new:Origin updated] Origin updated: OT: 2025-07-19 21:37:46,  Lat/Lon: 36.5119°/54.9462°, Depth: 5
2025/07/20 04:48:22.368620 [Incident:Info:toast@toast-new:Magnitude updated] Magnitude updated: 5.32 (M)
2025/07/20 04:48:22.368662 [Simulation:Info:toast@toast-new:Simulation not generated] Magnitude 5.32 of event bmg2025obfx is smaller than triggerMinMagnitude: no automatic simulation
2025/07/20 11:35:44.213184 [Incident:Info:toast@toast-new:Origin updated] Origin updated: OT: 2025-07-19 21:37:45,  Lat/Lon: 36.4961°/54.9539°, Depth: 5
2025/07/20 11:35:44.213309 [Incident:Info:toast@toast-new:Magnitude updated] Magnitude updated: 5.61 (mb)
2025/07/20 11:35:44.213334 [Simulation:Info:toast@toast-new:Simulation not generated] Magnitude 5.61 of event bmg2025obfx is smaller than triggerMinMagnitude: no automatic simulation
2025/07/20 11:35:44.227233 [Incident:Info:toast@toast-new:Origin updated] Origin updated: OT: 2025-07-19 21:37:45,  Lat/Lon: 36.4961°/54.9539°, Depth: 5
2025/07/20 11:35:44.227314 [Incident:Info:toast@toast-new:Magnitude updated] Magnitude updated: 5.32 (M)
2025/07/20 11:35:44.227346 [Simulation:Info:toast@toast-new:Simulation not generated] Magnitude 5.32 of event bmg2025obfx is smaller than triggerMinMagnitude: no automatic simulation
2025/07/20 11:35:47.927637 [Incident:Info:toast@toast-new:Origin updated] Origin updated: OT: 2025-07-19 21:37:45,  Lat/Lon: 36.4961°/54.9539°, Depth: 5
2025/07/20 11:35:47.927845 [Incident:Info:toast@toast-new:Magnitude updated] Magnitude updated: 5.61 (mb)
2025/07/20 11:35:47.927903 [Simulation:Info:toast@toast-new:Simulation not generated] Magnitude 5.61 of event bmg2025obfx is smaller than triggerMinMagnitude: no automatic simulation
2025/07/20 11:35:56.301574 [Incident:Info:toast@toast-new:Origin updated] Origin updated: OT: 2025-07-19 21:37:45,  Lat/Lon: 36.4961°/54.9539°, Depth: 5
2025/07/20 11:35:56.301756 [Simulation:Info:toast@toast-new:Simulation not generated] Magnitude 5.61 of event bmg2025obfx is smaller than triggerMinMagnitude: no automatic simulation
2025/07/20 11:35:56.325284 [Incident:Info:toast@toast-new:Origin updated] Origin updated: OT: 2025-07-19 21:37:45,  Lat/Lon: 36.4961°/54.9539°, Depth: 5
2025/07/20 11:35:56.325392 [Simulation:Info:toast@toast-new:Simulation not generated] Magnitude 5.61 of event bmg2025obfx is smaller than triggerMinMagnitude: no automatic simulation
2025/07/21 01:41:00.743425 [Incident:Info:toast@toast-new:Incident removed] Removed incident - Bye
