2025/10/24 23:49:13.913696 [Incident:Info:toast@toast-new:Displacement(s) updated] Added 0 and changed 0 displacements with 0 amplitudes
2025/10/24 23:49:13.914370 [Incident:Info:toast@toast-new:Incident created] Incident created based on event received from messaging: OT: 2025-10-24 16:40:24,  Lat/Lon: 40.94°/144.39°, Depth: 10.00, Mag: 5.74 (M)
2025/10/24 23:49:13.914998 [Simulation:Info:toast@toast-new:Simulation not generated] Magnitude 5.74 of event bmg2025uwbx is smaller than triggerMinMagnitude: no automatic simulation
2025/10/24 23:49:13.936578 [Incident:Info:toast@toast-new:Origin updated] Origin updated: OT: 2025-10-24 16:40:24,  Lat/Lon: 40.9412°/144.392°, Depth: 10
2025/10/24 23:49:13.936731 [Simulation:Info:toast@toast-new:Simulation not generated] Magnitude 5.74 of event bmg2025uwbx is smaller than triggerMinMagnitude: no automatic simulation
2025/10/24 23:49:18.646367 [Incident:Info:toast@toast-new:Origin updated] Origin updated: OT: 2025-10-24 16:40:24,  Lat/Lon: 40.9412°/144.392°, Depth: 10
2025/10/24 23:49:18.646552 [Incident:Info:toast@toast-new:Magnitude updated] Magnitude updated: 5.75 (M)
2025/10/24 23:49:18.646585 [Simulation:Info:toast@toast-new:Simulation not generated] Magnitude 5.75 of event bmg2025uwbx is smaller than triggerMinMagnitude: no automatic simulation
2025/10/24 23:49:23.649415 [Incident:Info:toast@toast-new:Origin updated] Origin updated: OT: 2025-10-24 16:40:24,  Lat/Lon: 40.9412°/144.392°, Depth: 10
2025/10/24 23:49:23.649605 [Incident:Info:toast@toast-new:Magnitude updated] Magnitude updated: 5.83 (M)
2025/10/24 23:49:23.649656 [Simulation:Info:toast@toast-new:Simulation not generated] Magnitude 5.83 of event bmg2025uwbx is smaller than triggerMinMagnitude: no automatic simulation
2025/10/24 23:49:27.325185 [Incident:Info:toast@toast-new:Origin updated] Origin updated: OT: 2025-10-24 16:40:24,  Lat/Lon: 40.9412°/144.392°, Depth: 10
2025/10/24 23:49:27.325372 [Incident:Info:toast@toast-new:Magnitude updated] Magnitude updated: 5.81 (M)
2025/10/24 23:49:27.325404 [Simulation:Info:toast@toast-new:Simulation not generated] Magnitude 5.81 of event bmg2025uwbx is smaller than triggerMinMagnitude: no automatic simulation
2025/10/24 23:49:27.344602 [Incident:Info:toast@toast-new:Origin updated] Origin updated: OT: 2025-10-24 16:40:06,  Lat/Lon: 43.0905°/145.524°, Depth: 10
2025/10/24 23:49:27.344724 [Incident:Info:toast@toast-new:Magnitude updated] Magnitude updated: 5.68 (M)
2025/10/24 23:49:27.344753 [Simulation:Info:toast@toast-new:Simulation not generated] Magnitude 5.68 of event bmg2025uwbx is smaller than triggerMinMagnitude: no automatic simulation
2025/10/24 23:49:28.667163 [Incident:Info:toast@toast-new:Origin updated] Origin updated: OT: 2025-10-24 16:40:06,  Lat/Lon: 43.0905°/145.524°, Depth: 10
2025/10/24 23:49:28.667385 [Incident:Info:toast@toast-new:Magnitude updated] Magnitude updated: 5.67 (M)
2025/10/24 23:49:28.667436 [Simulation:Info:toast@toast-new:Simulation not generated] Magnitude 5.67 of event bmg2025uwbx is smaller than triggerMinMagnitude: no automatic simulation
2025/10/24 23:49:33.692145 [Incident:Info:toast@toast-new:Origin updated] Origin updated: OT: 2025-10-24 16:40:06,  Lat/Lon: 43.0905°/145.524°, Depth: 10
2025/10/24 23:49:33.692315 [Incident:Info:toast@toast-new:Magnitude updated] Magnitude updated: 5.65 (M)
2025/10/24 23:49:33.692347 [Simulation:Info:toast@toast-new:Simulation not generated] Magnitude 5.65 of event bmg2025uwbx is smaller than triggerMinMagnitude: no automatic simulation
2025/10/24 23:49:38.692726 [Incident:Info:toast@toast-new:Origin updated] Origin updated: OT: 2025-10-24 16:40:06,  Lat/Lon: 43.0905°/145.524°, Depth: 10
2025/10/24 23:49:38.692918 [Incident:Info:toast@toast-new:Magnitude updated] Magnitude updated: 5.66 (M)
2025/10/24 23:49:38.692954 [Simulation:Info:toast@toast-new:Simulation not generated] Magnitude 5.66 of event bmg2025uwbx is smaller than triggerMinMagnitude: no automatic simulation
2025/10/24 23:49:41.807355 [Incident:Info:toast@toast-new:Origin updated] Origin updated: OT: 2025-10-24 16:40:06,  Lat/Lon: 43.0857°/145.501°, Depth: 10
2025/10/24 23:49:41.807550 [Incident:Info:toast@toast-new:Magnitude updated] Magnitude updated: 5.66 (M)
2025/10/24 23:49:41.807581 [Simulation:Info:toast@toast-new:Simulation not generated] Magnitude 5.66 of event bmg2025uwbx is smaller than triggerMinMagnitude: no automatic simulation
2025/10/24 23:49:43.715635 [Incident:Info:toast@toast-new:Origin updated] Origin updated: OT: 2025-10-24 16:40:06,  Lat/Lon: 43.0857°/145.501°, Depth: 10
2025/10/24 23:49:43.715806 [Incident:Info:toast@toast-new:Magnitude updated] Magnitude updated: 5.66 (M)
2025/10/24 23:49:43.715838 [Simulation:Info:toast@toast-new:Simulation not generated] Magnitude 5.66 of event bmg2025uwbx is smaller than triggerMinMagnitude: no automatic simulation
2025/10/24 23:49:48.768444 [Incident:Info:toast@toast-new:Origin updated] Origin updated: OT: 2025-10-24 16:40:06,  Lat/Lon: 43.0857°/145.501°, Depth: 10
2025/10/24 23:49:48.768632 [Incident:Info:toast@toast-new:Magnitude updated] Magnitude updated: 5.67 (M)
2025/10/24 23:49:48.768666 [Simulation:Info:toast@toast-new:Simulation not generated] Magnitude 5.67 of event bmg2025uwbx is smaller than triggerMinMagnitude: no automatic simulation
2025/10/24 23:49:53.700201 [Incident:Info:toast@toast-new:Origin updated] Origin updated: OT: 2025-10-24 16:40:06,  Lat/Lon: 43.0857°/145.501°, Depth: 10
2025/10/24 23:49:53.700384 [Incident:Info:toast@toast-new:Magnitude updated] Magnitude updated: 5.69 (Mw(mB))
2025/10/24 23:49:53.700420 [Simulation:Info:toast@toast-new:Simulation not generated] Magnitude 5.69 of event bmg2025uwbx is smaller than triggerMinMagnitude: no automatic simulation
2025/10/24 23:49:53.721812 [Incident:Info:toast@toast-new:Origin updated] Origin updated: OT: 2025-10-24 16:40:06,  Lat/Lon: 43.0857°/145.501°, Depth: 10
2025/10/24 23:49:53.721918 [Simulation:Info:toast@toast-new:Simulation not generated] Magnitude 5.69 of event bmg2025uwbx is smaller than triggerMinMagnitude: no automatic simulation
2025/10/24 23:49:54.471161 [Incident:Info:toast@toast-new:Origin updated] Origin updated: OT: 2025-10-24 16:40:06,  Lat/Lon: 43.0908°/145.524°, Depth: 10
2025/10/24 23:49:54.471353 [Incident:Info:toast@toast-new:Magnitude updated] Magnitude updated: 5.70 (Mw(mB))
2025/10/24 23:49:54.471387 [Simulation:Info:toast@toast-new:Simulation not generated] Magnitude 5.70 of event bmg2025uwbx is smaller than triggerMinMagnitude: no automatic simulation
2025/10/24 23:49:58.804878 [Incident:Info:toast@toast-new:Origin updated] Origin updated: OT: 2025-10-24 16:40:06,  Lat/Lon: 43.0908°/145.524°, Depth: 10
2025/10/24 23:49:58.805088 [Incident:Info:toast@toast-new:Magnitude updated] Magnitude updated: 5.72 (Mw(mB))
2025/10/24 23:49:58.805141 [Simulation:Info:toast@toast-new:Simulation not generated] Magnitude 5.72 of event bmg2025uwbx is smaller than triggerMinMagnitude: no automatic simulation
2025/10/24 23:50:03.805058 [Incident:Info:toast@toast-new:Origin updated] Origin updated: OT: 2025-10-24 16:40:06,  Lat/Lon: 43.0908°/145.524°, Depth: 10
2025/10/24 23:50:03.805244 [Incident:Info:toast@toast-new:Magnitude updated] Magnitude updated: 5.72 (Mw(mB))
2025/10/24 23:50:03.805282 [Simulation:Info:toast@toast-new:Simulation not generated] Magnitude 5.72 of event bmg2025uwbx is smaller than triggerMinMagnitude: no automatic simulation
2025/10/24 23:50:07.131137 [Incident:Info:toast@toast-new:Origin updated] Origin updated: OT: 2025-10-24 16:40:31,  Lat/Lon: 40.2327°/143.565°, Depth: 10
2025/10/24 23:50:07.131366 [Incident:Info:toast@toast-new:Magnitude updated] Magnitude updated: 5.73 (mb)
2025/10/24 23:50:07.131416 [Simulation:Info:toast@toast-new:Simulation not generated] Magnitude 5.73 of event bmg2025uwbx is smaller than triggerMinMagnitude: no automatic simulation
2025/10/24 23:50:07.197491 [Incident:Info:toast@toast-new:Origin updated] Origin updated: OT: 2025-10-24 16:40:31,  Lat/Lon: 40.2327°/143.565°, Depth: 10
2025/10/24 23:50:07.197602 [Incident:Info:toast@toast-new:Magnitude updated] Magnitude updated: 5.68 (M)
2025/10/24 23:50:07.197626 [Simulation:Info:toast@toast-new:Simulation not generated] Magnitude 5.68 of event bmg2025uwbx is smaller than triggerMinMagnitude: no automatic simulation
2025/10/24 23:50:13.833418 [Incident:Info:toast@toast-new:Origin updated] Origin updated: OT: 2025-10-24 16:40:31,  Lat/Lon: 40.2327°/143.565°, Depth: 10
2025/10/24 23:50:13.833601 [Incident:Info:toast@toast-new:Magnitude updated] Magnitude updated: 5.68 (M)
2025/10/24 23:50:13.833638 [Simulation:Info:toast@toast-new:Simulation not generated] Magnitude 5.68 of event bmg2025uwbx is smaller than triggerMinMagnitude: no automatic simulation
2025/10/24 23:50:18.898747 [Incident:Info:toast@toast-new:Origin updated] Origin updated: OT: 2025-10-24 16:40:31,  Lat/Lon: 40.2327°/143.565°, Depth: 10
2025/10/24 23:50:18.898934 [Incident:Info:toast@toast-new:Magnitude updated] Magnitude updated: 5.67 (M)
2025/10/24 23:50:18.898972 [Simulation:Info:toast@toast-new:Simulation not generated] Magnitude 5.67 of event bmg2025uwbx is smaller than triggerMinMagnitude: no automatic simulation
2025/10/24 23:50:28.847035 [Incident:Info:toast@toast-new:Origin updated] Origin updated: OT: 2025-10-24 16:40:31,  Lat/Lon: 40.2327°/143.565°, Depth: 10
2025/10/24 23:50:28.847251 [Incident:Info:toast@toast-new:Magnitude updated] Magnitude updated: 5.67 (M)
2025/10/24 23:50:28.847288 [Simulation:Info:toast@toast-new:Simulation not generated] Magnitude 5.67 of event bmg2025uwbx is smaller than triggerMinMagnitude: no automatic simulation
2025/10/24 23:50:33.169499 [Incident:Info:toast@toast-new:Origin updated] Origin updated: OT: 2025-10-24 16:40:31,  Lat/Lon: 40.1871°/143.528°, Depth: 10
2025/10/24 23:50:33.169699 [Incident:Info:toast@toast-new:Magnitude updated] Magnitude updated: 5.73 (mb)
2025/10/24 23:50:33.169735 [Simulation:Info:toast@toast-new:Simulation not generated] Magnitude 5.73 of event bmg2025uwbx is smaller than triggerMinMagnitude: no automatic simulation
2025/10/24 23:50:33.384728 [Incident:Info:toast@toast-new:Origin updated] Origin updated: OT: 2025-10-24 16:40:31,  Lat/Lon: 40.1871°/143.528°, Depth: 10
2025/10/24 23:50:33.384934 [Incident:Info:toast@toast-new:Magnitude updated] Magnitude updated: 5.67 (M)
2025/10/24 23:50:33.384975 [Simulation:Info:toast@toast-new:Simulation not generated] Magnitude 5.67 of event bmg2025uwbx is smaller than triggerMinMagnitude: no automatic simulation
2025/10/24 23:51:04.154642 [Incident:Info:toast@toast-new:Origin updated] Origin updated: OT: 2025-10-24 16:40:31,  Lat/Lon: 40.1871°/143.528°, Depth: 10
2025/10/24 23:51:04.154824 [Incident:Info:toast@toast-new:Magnitude updated] Magnitude updated: 5.67 (M)
2025/10/24 23:51:04.154855 [Simulation:Info:toast@toast-new:Simulation not generated] Magnitude 5.67 of event bmg2025uwbx is smaller than triggerMinMagnitude: no automatic simulation
2025/10/24 23:51:35.465901 [Incident:Info:toast@toast-new:Origin updated] Origin updated: OT: 2025-10-24 16:40:32,  Lat/Lon: 42.0557°/144.907°, Depth: 179.116
2025/10/24 23:51:35.466142 [Incident:Info:toast@toast-new:Magnitude updated] Magnitude updated: 5.35 (Mw(mB))
2025/10/24 23:51:35.466265 [Simulation:Info:toast@toast-new:Simulation not generated] Magnitude 5.35 of event bmg2025uwbx is smaller than triggerMinMagnitude: no automatic simulation
2025/10/24 23:52:41.805712 [Incident:Info:toast@toast-new:Origin updated] Origin updated: OT: 2025-10-24 16:40:12,  Lat/Lon: 43.0478°/145.711°, Depth: 64.3445
2025/10/24 23:52:41.805912 [Incident:Info:toast@toast-new:Magnitude updated] Magnitude updated: 5.70 (Mw(mB))
2025/10/24 23:52:41.806011 [Simulation:Info:toast@toast-new:Simulation not generated] Magnitude 5.70 of event bmg2025uwbx is smaller than triggerMinMagnitude: no automatic simulation
2025/10/24 23:57:42.721523 [Incident:Info:toast@toast-new:Origin updated] Origin updated: OT: 2025-10-24 16:40:16,  Lat/Lon: 42.9196°/145.573°, Depth: 98.4753
2025/10/24 23:57:42.721759 [Incident:Info:toast@toast-new:Magnitude updated] Magnitude updated: 5.60 (Mw(mB))
2025/10/24 23:57:42.721874 [Simulation:Info:toast@toast-new:Simulation not generated] Magnitude 5.60 of event bmg2025uwbx is smaller than triggerMinMagnitude: no automatic simulation
2025/10/24 23:59:28.020012 [Incident:Info:toast@toast-new:Origin updated] Origin updated: OT: 2025-10-24 16:40:15,  Lat/Lon: 42.9032°/145.602°, Depth: 90.1565
2025/10/24 23:59:28.020238 [Incident:Info:toast@toast-new:Magnitude updated] Magnitude updated: 5.66 (Mw(mB))
2025/10/24 23:59:28.020334 [Simulation:Info:toast@toast-new:Simulation not generated] Magnitude 5.66 of event bmg2025uwbx is smaller than triggerMinMagnitude: no automatic simulation
2025/10/24 23:59:41.668426 [Incident:Info:toast@toast-new:Origin updated] Origin updated: OT: 2025-10-24 16:40:15,  Lat/Lon: 42.9032°/145.602°, Depth: 90.1565
2025/10/24 23:59:41.668613 [Incident:Info:toast@toast-new:FM updated] FM updated
2025/10/24 23:59:41.668863 [Simulation:Info:toast@toast-new:Simulation not generated] Magnitude 5.66 of event bmg2025uwbx is smaller than triggerMinMagnitude: no automatic simulation
2025/10/25 00:00:15.487873 [Incident:Info:toast@toast-new:Origin updated] Origin updated: OT: 2025-10-24 16:40:15,  Lat/Lon: 42.9032°/145.602°, Depth: 90.1565
2025/10/25 00:00:15.488089 [Incident:Info:toast@toast-new:FM updated] FM updated
2025/10/25 00:00:15.488403 [Simulation:Info:toast@toast-new:Simulation not generated] Magnitude 5.66 of event bmg2025uwbx is smaller than triggerMinMagnitude: no automatic simulation
2025/10/25 00:01:52.410118 [Incident:Info:toast@toast-new:Origin updated] Origin updated: OT: 2025-10-24 16:40:15,  Lat/Lon: 42.9032°/145.602°, Depth: 90.1565
2025/10/25 00:01:52.410313 [Incident:Info:toast@toast-new:FM updated] FM updated
2025/10/25 00:01:52.410569 [Simulation:Info:toast@toast-new:Simulation not generated] Magnitude 5.66 of event bmg2025uwbx is smaller than triggerMinMagnitude: no automatic simulation
2025/10/25 00:02:28.126411 [Incident:Info:toast@toast-new:Origin updated] Origin updated: OT: 2025-10-24 16:40:15,  Lat/Lon: 42.9032°/145.602°, Depth: 90.1565
2025/10/25 00:02:28.126580 [Incident:Info:toast@toast-new:FM updated] FM updated
2025/10/25 00:02:28.126811 [Simulation:Info:toast@toast-new:Simulation not generated] Magnitude 5.66 of event bmg2025uwbx is smaller than triggerMinMagnitude: no automatic simulation
2025/10/25 00:02:34.931578 [Incident:Info:toast@toast-new:Origin updated] Origin updated: OT: 2025-10-24 16:40:15,  Lat/Lon: 42.9032°/145.602°, Depth: 90.1565
2025/10/25 00:02:34.931780 [Simulation:Info:toast@toast-new:Simulation not generated] Magnitude 5.66 of event bmg2025uwbx is smaller than triggerMinMagnitude: no automatic simulation
2025/10/25 00:02:43.925578 [Incident:Info:toast@toast-new:Origin updated] Origin updated: OT: 2025-10-24 16:40:15,  Lat/Lon: 42.9032°/145.602°, Depth: 90.1565
2025/10/25 00:02:43.925790 [Simulation:Info:toast@toast-new:Simulation not generated] Magnitude 5.66 of event bmg2025uwbx is smaller than triggerMinMagnitude: no automatic simulation
2025/10/25 00:02:53.850145 [Incident:Info:toast@toast-new:Origin updated] Origin updated: OT: 2025-10-24 16:40:15,  Lat/Lon: 42.9032°/145.602°, Depth: 90.1565
2025/10/25 00:02:53.850345 [Simulation:Info:toast@toast-new:Simulation not generated] Magnitude 5.66 of event bmg2025uwbx is smaller than triggerMinMagnitude: no automatic simulation
2025/10/25 00:03:03.953359 [Incident:Info:toast@toast-new:Origin updated] Origin updated: OT: 2025-10-24 16:40:15,  Lat/Lon: 42.9032°/145.602°, Depth: 90.1565
2025/10/25 00:03:03.953553 [Simulation:Info:toast@toast-new:Simulation not generated] Magnitude 5.66 of event bmg2025uwbx is smaller than triggerMinMagnitude: no automatic simulation
2025/10/25 00:03:14.232723 [Incident:Info:toast@toast-new:Origin updated] Origin updated: OT: 2025-10-24 16:40:15,  Lat/Lon: 42.9032°/145.602°, Depth: 90.1565
2025/10/25 00:03:14.232941 [Simulation:Info:toast@toast-new:Simulation not generated] Magnitude 5.66 of event bmg2025uwbx is smaller than triggerMinMagnitude: no automatic simulation
2025/10/25 00:03:24.268417 [Incident:Info:toast@toast-new:Origin updated] Origin updated: OT: 2025-10-24 16:40:15,  Lat/Lon: 42.9032°/145.602°, Depth: 90.1565
2025/10/25 00:03:24.268613 [Simulation:Info:toast@toast-new:Simulation not generated] Magnitude 5.66 of event bmg2025uwbx is smaller than triggerMinMagnitude: no automatic simulation
2025/10/25 00:04:59.985786 [Incident:Info:toast@toast-new:Origin updated] Origin updated: OT: 2025-10-24 16:40:15,  Lat/Lon: 42.9032°/145.602°, Depth: 90.1565
2025/10/25 00:04:59.985968 [Incident:Info:toast@toast-new:FM updated] FM updated
2025/10/25 00:04:59.986227 [Simulation:Info:toast@toast-new:Simulation not generated] Magnitude 5.66 of event bmg2025uwbx is smaller than triggerMinMagnitude: no automatic simulation
2025/10/25 00:20:59.612570 [Incident:Info:toast@toast-new:Origin updated] Origin updated: OT: 2025-10-24 16:40:15,  Lat/Lon: 42.9032°/145.602°, Depth: 90.1565
2025/10/25 00:20:59.612757 [Incident:Info:toast@toast-new:FM updated] FM updated
2025/10/25 00:20:59.613025 [Simulation:Info:toast@toast-new:Simulation not generated] Magnitude 5.66 of event bmg2025uwbx is smaller than triggerMinMagnitude: no automatic simulation
2025/10/25 00:21:19.563283 [Incident:Info:toast@toast-new:Origin updated] Origin updated: OT: 2025-10-24 16:40:15,  Lat/Lon: 42.9032°/145.602°, Depth: 90.1565
2025/10/25 00:21:19.563484 [Simulation:Info:toast@toast-new:Simulation not generated] Magnitude 5.66 of event bmg2025uwbx is smaller than triggerMinMagnitude: no automatic simulation
2025/10/25 00:21:29.840448 [Incident:Info:toast@toast-new:Origin updated] Origin updated: OT: 2025-10-24 16:40:15,  Lat/Lon: 42.9032°/145.602°, Depth: 90.1565
2025/10/25 00:21:29.840625 [Incident:Info:toast@toast-new:FM updated] FM updated
2025/10/25 00:21:29.840861 [Simulation:Info:toast@toast-new:Simulation not generated] Magnitude 5.66 of event bmg2025uwbx is smaller than triggerMinMagnitude: no automatic simulation
2025/10/25 00:21:40.505019 [Incident:Info:toast@toast-new:Origin updated] Origin updated: OT: 2025-10-24 16:40:15,  Lat/Lon: 42.9032°/145.602°, Depth: 90.1565
2025/10/25 00:21:40.505213 [Simulation:Info:toast@toast-new:Simulation not generated] Magnitude 5.66 of event bmg2025uwbx is smaller than triggerMinMagnitude: no automatic simulation
2025/10/25 00:21:50.043949 [Incident:Info:toast@toast-new:Origin updated] Origin updated: OT: 2025-10-24 16:40:15,  Lat/Lon: 42.9032°/145.602°, Depth: 90.1565
2025/10/25 00:21:50.044144 [Incident:Info:toast@toast-new:FM updated] FM updated
2025/10/25 00:21:50.044411 [Simulation:Info:toast@toast-new:Simulation not generated] Magnitude 5.66 of event bmg2025uwbx is smaller than triggerMinMagnitude: no automatic simulation
2025/10/25 00:22:00.842525 [Incident:Info:toast@toast-new:Origin updated] Origin updated: OT: 2025-10-24 16:40:15,  Lat/Lon: 42.9032°/145.602°, Depth: 90.1565
2025/10/25 00:22:00.842714 [Incident:Info:toast@toast-new:FM updated] FM updated
2025/10/25 00:22:00.843013 [Simulation:Info:toast@toast-new:Simulation not generated] Magnitude 5.66 of event bmg2025uwbx is smaller than triggerMinMagnitude: no automatic simulation
2025/10/25 00:22:10.918867 [Incident:Info:toast@toast-new:Origin updated] Origin updated: OT: 2025-10-24 16:40:15,  Lat/Lon: 42.9032°/145.602°, Depth: 90.1565
2025/10/25 00:22:10.919040 [Simulation:Info:toast@toast-new:Simulation not generated] Magnitude 5.66 of event bmg2025uwbx is smaller than triggerMinMagnitude: no automatic simulation
2025/10/25 00:22:20.794699 [Incident:Info:toast@toast-new:Origin updated] Origin updated: OT: 2025-10-24 16:40:15,  Lat/Lon: 42.9032°/145.602°, Depth: 90.1565
2025/10/25 00:22:20.794911 [Incident:Info:toast@toast-new:FM updated] FM updated
2025/10/25 00:22:20.795228 [Simulation:Info:toast@toast-new:Simulation not generated] Magnitude 5.66 of event bmg2025uwbx is smaller than triggerMinMagnitude: no automatic simulation
2025/10/25 00:22:30.931921 [Incident:Info:toast@toast-new:Origin updated] Origin updated: OT: 2025-10-24 16:40:15,  Lat/Lon: 42.9032°/145.602°, Depth: 90.1565
2025/10/25 00:22:30.932097 [Incident:Info:toast@toast-new:FM updated] FM updated
2025/10/25 00:22:30.932349 [Simulation:Info:toast@toast-new:Simulation not generated] Magnitude 5.66 of event bmg2025uwbx is smaller than triggerMinMagnitude: no automatic simulation
2025/10/25 00:22:51.023525 [Incident:Info:toast@toast-new:Origin updated] Origin updated: OT: 2025-10-24 16:40:15,  Lat/Lon: 42.9032°/145.602°, Depth: 90.1565
2025/10/25 00:22:51.023712 [Simulation:Info:toast@toast-new:Simulation not generated] Magnitude 5.66 of event bmg2025uwbx is smaller than triggerMinMagnitude: no automatic simulation
2025/10/25 00:23:01.187982 [Incident:Info:toast@toast-new:Origin updated] Origin updated: OT: 2025-10-24 16:40:15,  Lat/Lon: 42.9032°/145.602°, Depth: 90.1565
2025/10/25 00:23:01.188161 [Simulation:Info:toast@toast-new:Simulation not generated] Magnitude 5.66 of event bmg2025uwbx is smaller than triggerMinMagnitude: no automatic simulation
2025/10/25 00:23:11.438000 [Incident:Info:toast@toast-new:Origin updated] Origin updated: OT: 2025-10-24 16:40:15,  Lat/Lon: 42.9032°/145.602°, Depth: 90.1565
2025/10/25 00:23:11.438203 [Simulation:Info:toast@toast-new:Simulation not generated] Magnitude 5.66 of event bmg2025uwbx is smaller than triggerMinMagnitude: no automatic simulation
2025/10/25 00:23:31.933656 [Incident:Info:toast@toast-new:Origin updated] Origin updated: OT: 2025-10-24 16:40:15,  Lat/Lon: 42.9032°/145.602°, Depth: 90.1565
2025/10/25 00:23:31.933855 [Incident:Info:toast@toast-new:FM updated] FM updated
2025/10/25 00:23:31.934126 [Simulation:Info:toast@toast-new:Simulation not generated] Magnitude 5.66 of event bmg2025uwbx is smaller than triggerMinMagnitude: no automatic simulation
2025/10/25 00:23:32.206583 [Incident:Info:toast@toast-new:Origin updated] Origin updated: OT: 2025-10-24 16:40:15,  Lat/Lon: 42.9032°/145.602°, Depth: 90.1565
2025/10/25 00:23:32.206805 [Incident:Info:toast@toast-new:FM updated] FM updated
2025/10/25 00:23:32.207117 [Simulation:Info:toast@toast-new:Simulation not generated] Magnitude 5.66 of event bmg2025uwbx is smaller than triggerMinMagnitude: no automatic simulation
2025/10/25 00:23:42.159990 [Incident:Info:toast@toast-new:Origin updated] Origin updated: OT: 2025-10-24 16:40:15,  Lat/Lon: 42.9032°/145.602°, Depth: 90.1565
2025/10/25 00:23:42.160183 [Incident:Info:toast@toast-new:FM updated] FM updated
2025/10/25 00:23:42.160468 [Simulation:Info:toast@toast-new:Simulation not generated] Magnitude 5.66 of event bmg2025uwbx is smaller than triggerMinMagnitude: no automatic simulation
2025/10/25 00:24:01.880970 [Incident:Info:toast@toast-new:Origin updated] Origin updated: OT: 2025-10-24 16:40:15,  Lat/Lon: 42.9032°/145.602°, Depth: 90.1565
2025/10/25 00:24:01.881152 [Simulation:Info:toast@toast-new:Simulation not generated] Magnitude 5.66 of event bmg2025uwbx is smaller than triggerMinMagnitude: no automatic simulation
2025/10/25 00:24:22.022840 [Incident:Info:toast@toast-new:Origin updated] Origin updated: OT: 2025-10-24 16:40:15,  Lat/Lon: 42.9032°/145.602°, Depth: 90.1565
2025/10/25 00:24:22.023023 [Simulation:Info:toast@toast-new:Simulation not generated] Magnitude 5.66 of event bmg2025uwbx is smaller than triggerMinMagnitude: no automatic simulation
2025/10/25 00:24:32.521308 [Incident:Info:toast@toast-new:Origin updated] Origin updated: OT: 2025-10-24 16:40:15,  Lat/Lon: 42.9032°/145.602°, Depth: 90.1565
2025/10/25 00:24:32.521506 [Incident:Info:toast@toast-new:FM updated] FM updated
2025/10/25 00:24:32.521788 [Simulation:Info:toast@toast-new:Simulation not generated] Magnitude 5.66 of event bmg2025uwbx is smaller than triggerMinMagnitude: no automatic simulation
2025/10/25 00:24:43.163021 [Incident:Info:toast@toast-new:Origin updated] Origin updated: OT: 2025-10-24 16:40:15,  Lat/Lon: 42.9032°/145.602°, Depth: 90.1565
2025/10/25 00:24:43.163212 [Incident:Info:toast@toast-new:FM updated] FM updated
2025/10/25 00:24:43.163492 [Simulation:Info:toast@toast-new:Simulation not generated] Magnitude 5.66 of event bmg2025uwbx is smaller than triggerMinMagnitude: no automatic simulation
2025/10/25 00:24:53.137161 [Incident:Info:toast@toast-new:Origin updated] Origin updated: OT: 2025-10-24 16:40:15,  Lat/Lon: 42.9032°/145.602°, Depth: 90.1565
2025/10/25 00:24:53.137392 [Incident:Info:toast@toast-new:FM updated] FM updated
2025/10/25 00:24:53.137712 [Simulation:Info:toast@toast-new:Simulation not generated] Magnitude 5.66 of event bmg2025uwbx is smaller than triggerMinMagnitude: no automatic simulation
2025/10/25 00:25:03.317458 [Incident:Info:toast@toast-new:Origin updated] Origin updated: OT: 2025-10-24 16:40:15,  Lat/Lon: 42.9032°/145.602°, Depth: 90.1565
2025/10/25 00:25:03.317652 [Incident:Info:toast@toast-new:FM updated] FM updated
2025/10/25 00:25:03.317937 [Simulation:Info:toast@toast-new:Simulation not generated] Magnitude 5.66 of event bmg2025uwbx is smaller than triggerMinMagnitude: no automatic simulation
2025/10/25 00:25:13.398884 [Incident:Info:toast@toast-new:Origin updated] Origin updated: OT: 2025-10-24 16:40:15,  Lat/Lon: 42.9032°/145.602°, Depth: 90.1565
2025/10/25 00:25:13.399068 [Simulation:Info:toast@toast-new:Simulation not generated] Magnitude 5.66 of event bmg2025uwbx is smaller than triggerMinMagnitude: no automatic simulation
2025/10/25 00:25:23.381281 [Incident:Info:toast@toast-new:Origin updated] Origin updated: OT: 2025-10-24 16:40:15,  Lat/Lon: 42.9032°/145.602°, Depth: 90.1565
2025/10/25 00:25:23.381474 [Simulation:Info:toast@toast-new:Simulation not generated] Magnitude 5.66 of event bmg2025uwbx is smaller than triggerMinMagnitude: no automatic simulation
2025/10/25 00:25:33.653449 [Incident:Info:toast@toast-new:Origin updated] Origin updated: OT: 2025-10-24 16:40:15,  Lat/Lon: 42.9032°/145.602°, Depth: 90.1565
2025/10/25 00:25:33.653635 [Simulation:Info:toast@toast-new:Simulation not generated] Magnitude 5.66 of event bmg2025uwbx is smaller than triggerMinMagnitude: no automatic simulation
2025/10/25 00:25:43.594455 [Incident:Info:toast@toast-new:Origin updated] Origin updated: OT: 2025-10-24 16:40:15,  Lat/Lon: 42.9032°/145.602°, Depth: 90.1565
2025/10/25 00:25:43.594636 [Simulation:Info:toast@toast-new:Simulation not generated] Magnitude 5.66 of event bmg2025uwbx is smaller than triggerMinMagnitude: no automatic simulation
2025/10/25 00:25:54.248455 [Incident:Info:toast@toast-new:Origin updated] Origin updated: OT: 2025-10-24 16:40:15,  Lat/Lon: 42.9032°/145.602°, Depth: 90.1565
2025/10/25 00:25:54.248650 [Simulation:Info:toast@toast-new:Simulation not generated] Magnitude 5.66 of event bmg2025uwbx is smaller than triggerMinMagnitude: no automatic simulation
2025/10/25 00:27:57.960906 [Incident:Info:toast@toast-new:Origin updated] Origin updated: OT: 2025-10-24 16:40:15,  Lat/Lon: 42.9032°/145.602°, Depth: 90.1565
2025/10/25 00:27:57.961099 [Incident:Info:toast@toast-new:FM updated] FM updated
2025/10/25 00:27:57.961358 [Simulation:Info:toast@toast-new:Simulation not generated] Magnitude 5.66 of event bmg2025uwbx is smaller than triggerMinMagnitude: no automatic simulation
2025/10/25 00:29:07.840615 [Incident:Info:toast@toast-new:Origin updated] Origin updated: OT: 2025-10-24 16:40:15,  Lat/Lon: 42.9032°/145.602°, Depth: 90.1565
2025/10/25 00:29:07.840811 [Simulation:Info:toast@toast-new:Simulation not generated] Magnitude 5.66 of event bmg2025uwbx is smaller than triggerMinMagnitude: no automatic simulation
2025/10/25 00:30:47.920838 [Incident:Info:toast@toast-new:Origin updated] Origin updated: OT: 2025-10-24 16:40:15,  Lat/Lon: 42.9032°/145.602°, Depth: 90.1565
2025/10/25 00:30:47.921030 [Simulation:Info:toast@toast-new:Simulation not generated] Magnitude 5.66 of event bmg2025uwbx is smaller than triggerMinMagnitude: no automatic simulation
2025/10/25 00:41:58.041065 [Incident:Info:toast@toast-new:Origin updated] Origin updated: OT: 2025-10-24 16:40:15,  Lat/Lon: 42.9032°/145.602°, Depth: 90.1565
2025/10/25 00:41:58.041268 [Simulation:Info:toast@toast-new:Simulation not generated] Magnitude 5.66 of event bmg2025uwbx is smaller than triggerMinMagnitude: no automatic simulation
2025/10/25 00:55:18.087463 [Incident:Info:toast@toast-new:Origin updated] Origin updated: OT: 2025-10-24 16:40:15,  Lat/Lon: 42.9032°/145.602°, Depth: 90.1565
2025/10/25 00:55:18.087658 [Simulation:Info:toast@toast-new:Simulation not generated] Magnitude 5.66 of event bmg2025uwbx is smaller than triggerMinMagnitude: no automatic simulation
2025/10/25 01:00:18.107239 [Incident:Info:toast@toast-new:Origin updated] Origin updated: OT: 2025-10-24 16:40:15,  Lat/Lon: 42.9032°/145.602°, Depth: 90.1565
2025/10/25 01:00:18.107434 [Simulation:Info:toast@toast-new:Simulation not generated] Magnitude 5.66 of event bmg2025uwbx is smaller than triggerMinMagnitude: no automatic simulation
2025/10/25 04:57:37.213657 [Incident:Info:toast@toast-new:Origin updated] Origin updated: OT: 2025-10-24 16:40:12,  Lat/Lon: 42.9597°/145.69°, Depth: 62.2482
2025/10/25 04:57:37.213870 [Incident:Info:toast@toast-new:Magnitude updated] Magnitude updated: 5.77 (Mw(mB))
2025/10/25 04:57:37.213920 [Incident:Info:toast@toast-new:FM updated] FM updated
2025/10/25 04:57:37.214197 [Simulation:Info:toast@toast-new:Simulation not generated] Magnitude 5.77 of event bmg2025uwbx is smaller than triggerMinMagnitude: no automatic simulation
2025/10/25 04:57:41.197641 [Incident:Info:toast@toast-new:Origin updated] Origin updated: OT: 2025-10-24 16:40:12,  Lat/Lon: 42.9597°/145.69°, Depth: 62.2482
2025/10/25 04:57:41.197838 [Incident:Info:toast@toast-new:Magnitude updated] Magnitude updated: 5.79 (mb)
2025/10/25 04:57:41.197887 [Simulation:Info:toast@toast-new:Simulation not generated] Magnitude 5.79 of event bmg2025uwbx is smaller than triggerMinMagnitude: no automatic simulation
2025/10/26 19:06:45.308992 [Incident:Info:toast@toast-new:Origin updated] Origin updated: OT: 2025-10-24 16:40:10,  Lat/Lon: 42.9627°/145.66°, Depth: 50.7978
2025/10/26 19:06:45.309237 [Incident:Info:toast@toast-new:Magnitude updated] Magnitude updated: 5.80 (mb)
2025/10/26 19:06:45.309289 [Incident:Info:toast@toast-new:FM updated] FM updated
2025/10/26 19:06:45.309578 [Simulation:Info:toast@toast-new:Simulation not generated] Magnitude 5.80 of event bmg2025uwbx is smaller than triggerMinMagnitude: no automatic simulation
2025/10/26 19:06:52.685018 [Incident:Info:toast@toast-new:Origin updated] Origin updated: OT: 2025-10-24 16:40:10,  Lat/Lon: 42.9627°/145.66°, Depth: 50.7978
2025/10/26 19:06:52.685246 [Simulation:Info:toast@toast-new:Simulation not generated] Magnitude 5.80 of event bmg2025uwbx is smaller than triggerMinMagnitude: no automatic simulation
2025/10/26 19:06:52.745366 [Incident:Info:toast@toast-new:Origin updated] Origin updated: OT: 2025-10-24 16:40:10,  Lat/Lon: 42.9627°/145.66°, Depth: 50.7978
2025/10/26 19:06:52.745499 [Incident:Info:toast@toast-new:Magnitude updated] Magnitude updated: 5.79 (Mw(mB))
2025/10/26 19:06:52.745530 [Simulation:Info:toast@toast-new:Simulation not generated] Magnitude 5.79 of event bmg2025uwbx is smaller than triggerMinMagnitude: no automatic simulation
2025/10/26 19:07:04.527378 [Incident:Info:toast@toast-new:Origin updated] Origin updated: OT: 2025-10-24 16:40:10,  Lat/Lon: 42.9627°/145.66°, Depth: 50.7978
2025/10/26 19:07:04.527568 [Incident:Info:toast@toast-new:Magnitude updated] Magnitude updated: 5.72 (Mw)
2025/10/26 19:07:04.527643 [Simulation:Info:toast@toast-new:Simulation not generated] Magnitude 5.72 of event bmg2025uwbx is smaller than triggerMinMagnitude: no automatic simulation
