2025/10/17 08:36:45.878687 [Incident:Info:toast@toast-new:Displacement(s) updated] Added 0 and changed 0 displacements with 0 amplitudes
2025/10/17 08:36:45.879057 [Incident:Info:toast@toast-new:Incident created] Incident created based on event received from messaging: OT: 2025-10-17 01:25:58,  Lat/Lon: 53.29°/159.66°, Depth: 55.86, Mag: 5.14 (M)
2025/10/17 08:36:45.879505 [Simulation:Info:toast@toast-new:Simulation not generated] Magnitude 5.14 of event bmg2025uidf is smaller than triggerMinMagnitude: no automatic simulation
2025/10/17 08:36:45.898088 [Incident:Info:toast@toast-new:Origin updated] Origin updated: OT: 2025-10-17 01:25:58,  Lat/Lon: 53.2908°/159.662°, Depth: 55.8618
2025/10/17 08:36:45.898214 [Simulation:Info:toast@toast-new:Simulation not generated] Magnitude 5.14 of event bmg2025uidf is smaller than triggerMinMagnitude: no automatic simulation
2025/10/17 08:36:55.380773 [Incident:Info:toast@toast-new:Origin updated] Origin updated: OT: 2025-10-17 01:25:58,  Lat/Lon: 53.2797°/159.662°, Depth: 56.5902
2025/10/17 08:36:55.380980 [Incident:Info:toast@toast-new:Magnitude updated] Magnitude updated: 5.15 (M)
2025/10/17 08:36:55.381018 [Simulation:Info:toast@toast-new:Simulation not generated] Magnitude 5.15 of event bmg2025uidf is smaller than triggerMinMagnitude: no automatic simulation
2025/10/17 08:37:03.671360 [Incident:Info:toast@toast-new:Origin updated] Origin updated: OT: 2025-10-17 01:25:58,  Lat/Lon: 53.2797°/159.662°, Depth: 56.5902
2025/10/17 08:37:03.671530 [Incident:Info:toast@toast-new:Magnitude updated] Magnitude updated: 5.16 (M)
2025/10/17 08:37:03.671567 [Simulation:Info:toast@toast-new:Simulation not generated] Magnitude 5.16 of event bmg2025uidf is smaller than triggerMinMagnitude: no automatic simulation
2025/10/17 08:37:06.763201 [Incident:Info:toast@toast-new:Origin updated] Origin updated: OT: 2025-10-17 01:25:58,  Lat/Lon: 53.2703°/159.665°, Depth: 56.9655
2025/10/17 08:37:06.763371 [Incident:Info:toast@toast-new:Magnitude updated] Magnitude updated: 5.17 (M)
2025/10/17 08:37:06.763403 [Simulation:Info:toast@toast-new:Simulation not generated] Magnitude 5.17 of event bmg2025uidf is smaller than triggerMinMagnitude: no automatic simulation
2025/10/17 08:37:08.679774 [Incident:Info:toast@toast-new:Origin updated] Origin updated: OT: 2025-10-17 01:25:58,  Lat/Lon: 53.2703°/159.665°, Depth: 56.9655
2025/10/17 08:37:08.679935 [Incident:Info:toast@toast-new:Magnitude updated] Magnitude updated: 5.18 (M)
2025/10/17 08:37:08.679966 [Simulation:Info:toast@toast-new:Simulation not generated] Magnitude 5.18 of event bmg2025uidf is smaller than triggerMinMagnitude: no automatic simulation
2025/10/17 08:37:13.690257 [Incident:Info:toast@toast-new:Origin updated] Origin updated: OT: 2025-10-17 01:25:58,  Lat/Lon: 53.2703°/159.665°, Depth: 56.9655
2025/10/17 08:37:13.690445 [Incident:Info:toast@toast-new:Magnitude updated] Magnitude updated: 5.15 (M)
2025/10/17 08:37:13.690488 [Simulation:Info:toast@toast-new:Simulation not generated] Magnitude 5.15 of event bmg2025uidf is smaller than triggerMinMagnitude: no automatic simulation
2025/10/17 08:37:18.666642 [Incident:Info:toast@toast-new:Origin updated] Origin updated: OT: 2025-10-17 01:25:58,  Lat/Lon: 53.2703°/159.665°, Depth: 56.9655
2025/10/17 08:37:18.666834 [Incident:Info:toast@toast-new:Magnitude updated] Magnitude updated: 5.20 (M)
2025/10/17 08:37:18.666872 [Simulation:Info:toast@toast-new:Simulation not generated] Magnitude 5.20 of event bmg2025uidf is smaller than triggerMinMagnitude: no automatic simulation
2025/10/17 08:37:19.935848 [Incident:Info:toast@toast-new:Origin updated] Origin updated: OT: 2025-10-17 01:25:51,  Lat/Lon: 53.0536°/160.129°, Depth: 10
2025/10/17 08:37:19.936047 [Incident:Info:toast@toast-new:Magnitude updated] Magnitude updated: 5.25 (M)
2025/10/17 08:37:19.936083 [Simulation:Info:toast@toast-new:Simulation not generated] Magnitude 5.25 of event bmg2025uidf is smaller than triggerMinMagnitude: no automatic simulation
2025/10/17 08:37:23.678614 [Incident:Info:toast@toast-new:Origin updated] Origin updated: OT: 2025-10-17 01:25:51,  Lat/Lon: 53.0536°/160.129°, Depth: 10
2025/10/17 08:37:23.678802 [Incident:Info:toast@toast-new:Magnitude updated] Magnitude updated: 5.31 (M)
2025/10/17 08:37:23.678840 [Simulation:Info:toast@toast-new:Simulation not generated] Magnitude 5.31 of event bmg2025uidf is smaller than triggerMinMagnitude: no automatic simulation
2025/10/17 08:37:28.677655 [Incident:Info:toast@toast-new:Origin updated] Origin updated: OT: 2025-10-17 01:25:51,  Lat/Lon: 53.0536°/160.129°, Depth: 10
2025/10/17 08:37:28.677821 [Incident:Info:toast@toast-new:Magnitude updated] Magnitude updated: 5.36 (M)
2025/10/17 08:37:28.677872 [Simulation:Info:toast@toast-new:Simulation not generated] Magnitude 5.36 of event bmg2025uidf is smaller than triggerMinMagnitude: no automatic simulation
2025/10/17 08:37:33.674268 [Incident:Info:toast@toast-new:Origin updated] Origin updated: OT: 2025-10-17 01:25:51,  Lat/Lon: 53.0536°/160.129°, Depth: 10
2025/10/17 08:37:33.674466 [Incident:Info:toast@toast-new:Magnitude updated] Magnitude updated: 5.39 (M)
2025/10/17 08:37:33.674522 [Simulation:Info:toast@toast-new:Simulation not generated] Magnitude 5.39 of event bmg2025uidf is smaller than triggerMinMagnitude: no automatic simulation
2025/10/17 08:37:38.029756 [Incident:Info:toast@toast-new:Origin updated] Origin updated: OT: 2025-10-17 01:25:51,  Lat/Lon: 53.0259°/160.155°, Depth: 10
2025/10/17 08:37:38.029950 [Incident:Info:toast@toast-new:Magnitude updated] Magnitude updated: 5.39 (M)
2025/10/17 08:37:38.029982 [Simulation:Info:toast@toast-new:Simulation not generated] Magnitude 5.39 of event bmg2025uidf is smaller than triggerMinMagnitude: no automatic simulation
2025/10/17 08:37:43.681178 [Incident:Info:toast@toast-new:Origin updated] Origin updated: OT: 2025-10-17 01:25:51,  Lat/Lon: 53.0259°/160.155°, Depth: 10
2025/10/17 08:37:43.681383 [Incident:Info:toast@toast-new:Magnitude updated] Magnitude updated: 5.43 (M)
2025/10/17 08:37:43.681440 [Simulation:Info:toast@toast-new:Simulation not generated] Magnitude 5.43 of event bmg2025uidf is smaller than triggerMinMagnitude: no automatic simulation
2025/10/17 08:37:48.684929 [Incident:Info:toast@toast-new:Origin updated] Origin updated: OT: 2025-10-17 01:25:51,  Lat/Lon: 53.0259°/160.155°, Depth: 10
2025/10/17 08:37:48.685110 [Incident:Info:toast@toast-new:Magnitude updated] Magnitude updated: 5.41 (M)
2025/10/17 08:37:48.685148 [Simulation:Info:toast@toast-new:Simulation not generated] Magnitude 5.41 of event bmg2025uidf is smaller than triggerMinMagnitude: no automatic simulation
2025/10/17 08:37:49.484694 [Incident:Info:toast@toast-new:Origin updated] Origin updated: OT: 2025-10-17 01:25:52,  Lat/Lon: 53.1505°/159.641°, Depth: 10
2025/10/17 08:37:49.484880 [Incident:Info:toast@toast-new:Magnitude updated] Magnitude updated: 5.53 (M)
2025/10/17 08:37:49.484918 [Simulation:Info:toast@toast-new:Simulation not generated] Magnitude 5.53 of event bmg2025uidf is smaller than triggerMinMagnitude: no automatic simulation
2025/10/17 08:37:55.932555 [Incident:Info:toast@toast-new:Origin updated] Origin updated: OT: 2025-10-17 01:25:51,  Lat/Lon: 53.1409°/159.65°, Depth: 10
2025/10/17 08:37:55.932759 [Incident:Info:toast@toast-new:Magnitude updated] Magnitude updated: 5.51 (M)
2025/10/17 08:37:55.932792 [Simulation:Info:toast@toast-new:Simulation not generated] Magnitude 5.51 of event bmg2025uidf is smaller than triggerMinMagnitude: no automatic simulation
2025/10/17 08:38:03.718858 [Incident:Info:toast@toast-new:Origin updated] Origin updated: OT: 2025-10-17 01:25:51,  Lat/Lon: 53.1409°/159.65°, Depth: 10
2025/10/17 08:38:03.719041 [Incident:Info:toast@toast-new:Magnitude updated] Magnitude updated: 5.54 (M)
2025/10/17 08:38:03.719077 [Simulation:Info:toast@toast-new:Simulation not generated] Magnitude 5.54 of event bmg2025uidf is smaller than triggerMinMagnitude: no automatic simulation
2025/10/17 08:38:08.711147 [Incident:Info:toast@toast-new:Origin updated] Origin updated: OT: 2025-10-17 01:25:51,  Lat/Lon: 53.1409°/159.65°, Depth: 10
2025/10/17 08:38:08.711324 [Incident:Info:toast@toast-new:Magnitude updated] Magnitude updated: 5.61 (M)
2025/10/17 08:38:08.711392 [Simulation:Info:toast@toast-new:Simulation not generated] Magnitude 5.61 of event bmg2025uidf is smaller than triggerMinMagnitude: no automatic simulation
2025/10/17 08:38:10.523937 [Incident:Info:toast@toast-new:Origin updated] Origin updated: OT: 2025-10-17 01:25:51,  Lat/Lon: 53.1406°/159.632°, Depth: 10
2025/10/17 08:38:10.524122 [Incident:Info:toast@toast-new:Magnitude updated] Magnitude updated: 5.62 (M)
2025/10/17 08:38:10.524157 [Simulation:Info:toast@toast-new:Simulation not generated] Magnitude 5.62 of event bmg2025uidf is smaller than triggerMinMagnitude: no automatic simulation
2025/10/17 08:38:13.716597 [Incident:Info:toast@toast-new:Origin updated] Origin updated: OT: 2025-10-17 01:25:51,  Lat/Lon: 53.1406°/159.632°, Depth: 10
2025/10/17 08:38:13.716768 [Incident:Info:toast@toast-new:Magnitude updated] Magnitude updated: 5.65 (M)
2025/10/17 08:38:13.716800 [Simulation:Info:toast@toast-new:Simulation not generated] Magnitude 5.65 of event bmg2025uidf is smaller than triggerMinMagnitude: no automatic simulation
2025/10/17 08:38:18.727174 [Incident:Info:toast@toast-new:Origin updated] Origin updated: OT: 2025-10-17 01:25:51,  Lat/Lon: 53.1406°/159.632°, Depth: 10
2025/10/17 08:38:18.727338 [Incident:Info:toast@toast-new:Magnitude updated] Magnitude updated: 5.68 (M)
2025/10/17 08:38:18.727386 [Simulation:Info:toast@toast-new:Simulation not generated] Magnitude 5.68 of event bmg2025uidf is smaller than triggerMinMagnitude: no automatic simulation
2025/10/17 08:38:23.741727 [Incident:Info:toast@toast-new:Origin updated] Origin updated: OT: 2025-10-17 01:25:51,  Lat/Lon: 53.1406°/159.632°, Depth: 10
2025/10/17 08:38:23.741879 [Incident:Info:toast@toast-new:Magnitude updated] Magnitude updated: 5.80 (Mw(mB))
2025/10/17 08:38:23.741927 [Simulation:Info:toast@toast-new:Simulation not generated] Magnitude 5.80 of event bmg2025uidf is smaller than triggerMinMagnitude: no automatic simulation
2025/10/17 08:38:28.712703 [Incident:Info:toast@toast-new:Origin updated] Origin updated: OT: 2025-10-17 01:25:51,  Lat/Lon: 53.1406°/159.632°, Depth: 10
2025/10/17 08:38:28.712889 [Incident:Info:toast@toast-new:Magnitude updated] Magnitude updated: 5.88 (Mw(mB))
2025/10/17 08:38:28.712944 [Simulation:Info:toast@toast-new:Simulation not generated] Magnitude 5.88 of event bmg2025uidf is smaller than triggerMinMagnitude: no automatic simulation
2025/10/17 08:38:30.354819 [Incident:Info:toast@toast-new:Origin updated] Origin updated: OT: 2025-10-17 01:25:58,  Lat/Lon: 53.2225°/159.675°, Depth: 61.387
2025/10/17 08:38:30.355012 [Incident:Info:toast@toast-new:Magnitude updated] Magnitude updated: 5.68 (Mw(mB))
2025/10/17 08:38:30.355055 [Simulation:Info:toast@toast-new:Simulation not generated] Magnitude 5.68 of event bmg2025uidf is smaller than triggerMinMagnitude: no automatic simulation
2025/10/17 08:38:33.738815 [Incident:Info:toast@toast-new:Origin updated] Origin updated: OT: 2025-10-17 01:25:58,  Lat/Lon: 53.2225°/159.675°, Depth: 61.387
2025/10/17 08:38:33.738984 [Incident:Info:toast@toast-new:Magnitude updated] Magnitude updated: 5.69 (Mw(mB))
2025/10/17 08:38:33.739022 [Simulation:Info:toast@toast-new:Simulation not generated] Magnitude 5.69 of event bmg2025uidf is smaller than triggerMinMagnitude: no automatic simulation
2025/10/17 08:38:38.711892 [Incident:Info:toast@toast-new:Origin updated] Origin updated: OT: 2025-10-17 01:25:58,  Lat/Lon: 53.2225°/159.675°, Depth: 61.387
2025/10/17 08:38:38.712060 [Incident:Info:toast@toast-new:Magnitude updated] Magnitude updated: 5.73 (Mw(mB))
2025/10/17 08:38:38.712093 [Simulation:Info:toast@toast-new:Simulation not generated] Magnitude 5.73 of event bmg2025uidf is smaller than triggerMinMagnitude: no automatic simulation
2025/10/17 16:28:47.444095 [Incident:Info:toast@toast-new:Origin updated] Origin updated: OT: 2025-10-17 01:25:58,  Lat/Lon: 53.2339°/159.652°, Depth: 62.4212
2025/10/17 16:28:47.445176 [Incident:Info:toast@toast-new:Magnitude updated] Magnitude updated: 5.73 (Mw(mB))
2025/10/17 16:28:47.445240 [Simulation:Info:toast@toast-new:Simulation not generated] Magnitude 5.73 of event bmg2025uidf is smaller than triggerMinMagnitude: no automatic simulation
2025/10/17 16:53:38.479079 [Incident:Info:toast@toast-new:Origin updated] Origin updated: OT: 2025-10-17 01:25:58,  Lat/Lon: 53.2339°/159.652°, Depth: 62.4212
2025/10/17 16:53:38.479322 [Incident:Info:toast@toast-new:FM updated] FM updated
2025/10/17 16:53:38.479610 [Simulation:Info:toast@toast-new:Simulation not generated] Magnitude 5.73 of event bmg2025uidf is smaller than triggerMinMagnitude: no automatic simulation
2025/10/17 16:56:00.279697 [Incident:Info:toast@toast-new:Origin updated] Origin updated: OT: 2025-10-17 01:25:58,  Lat/Lon: 53.2339°/159.652°, Depth: 62.4212
2025/10/17 16:56:00.279967 [Simulation:Info:toast@toast-new:Simulation not generated] Magnitude 5.73 of event bmg2025uidf is smaller than triggerMinMagnitude: no automatic simulation
2025/10/17 16:56:00.302481 [Incident:Info:toast@toast-new:Origin updated] Origin updated: OT: 2025-10-17 01:25:58,  Lat/Lon: 53.2339°/159.652°, Depth: 62.4212
2025/10/17 16:56:00.302660 [Incident:Info:toast@toast-new:Magnitude updated] Magnitude updated: 5.76 (Mw)
2025/10/17 16:56:00.302739 [Simulation:Info:toast@toast-new:Simulation not generated] Magnitude 5.76 of event bmg2025uidf is smaller than triggerMinMagnitude: no automatic simulation
2025/10/20 08:58:25.432722 [Incident:Info:toast@toast-new:Origin updated] Origin updated: OT: 2025-10-17 01:25:57,  Lat/Lon: 53.2253°/159.771°, Depth: 57.3904
2025/10/20 08:58:25.432935 [Simulation:Info:toast@toast-new:Simulation not generated] Magnitude 5.76 of event bmg2025uidf is smaller than triggerMinMagnitude: no automatic simulation
2025/10/20 08:58:31.509109 [Incident:Info:toast@toast-new:Origin updated] Origin updated: OT: 2025-10-17 01:25:57,  Lat/Lon: 53.2253°/159.771°, Depth: 57.3904
2025/10/20 08:58:31.509310 [Simulation:Info:toast@toast-new:Simulation not generated] Magnitude 5.76 of event bmg2025uidf is smaller than triggerMinMagnitude: no automatic simulation
2025/10/20 08:58:31.532094 [Incident:Info:toast@toast-new:Origin updated] Origin updated: OT: 2025-10-17 01:25:57,  Lat/Lon: 53.2253°/159.771°, Depth: 57.3904
2025/10/20 08:58:31.532215 [Incident:Info:toast@toast-new:Magnitude updated] Magnitude updated: 5.73 (Mw(mB))
2025/10/20 08:58:31.532274 [Simulation:Info:toast@toast-new:Simulation not generated] Magnitude 5.73 of event bmg2025uidf is smaller than triggerMinMagnitude: no automatic simulation
