2025/07/12 07:13:38.080728 [Incident:Info:toast@toast-new:Displacement(s) updated] Added 0 and changed 0 displacements with 0 amplitudes
2025/07/12 07:13:38.081823 [Incident:Info:toast@toast-new:Incident created] Incident created based on event received from messaging: OT: 2025-07-12 00:12:00,  Lat/Lon: -1.56°/96.35°, Depth: 87.19, Mag: 5.24 (M)
2025/07/12 07:13:38.082435 [Simulation:Info:toast@toast-new:Simulation not generated] Magnitude 5.24 of event bmg2025nmuz is smaller than triggerMinMagnitude: no automatic simulation
2025/07/12 07:13:38.106080 [Incident:Info:toast@toast-new:Origin updated] Origin updated: OT: 2025-07-12 00:12:00,  Lat/Lon: -1.55847°/96.346°, Depth: 87.1934
2025/07/12 07:13:38.106231 [Simulation:Info:toast@toast-new:Simulation not generated] Magnitude 5.24 of event bmg2025nmuz is smaller than triggerMinMagnitude: no automatic simulation
2025/07/12 07:13:43.681404 [Incident:Info:toast@toast-new:Origin updated] Origin updated: OT: 2025-07-12 00:12:00,  Lat/Lon: -1.55847°/96.346°, Depth: 87.1934
2025/07/12 07:13:43.681566 [Incident:Info:toast@toast-new:Magnitude updated] Magnitude updated: 5.26 (M)
2025/07/12 07:13:43.681625 [Simulation:Info:toast@toast-new:Simulation not generated] Magnitude 5.26 of event bmg2025nmuz is smaller than triggerMinMagnitude: no automatic simulation
2025/07/12 07:13:46.468578 [Incident:Info:toast@toast-new:Origin updated] Origin updated: OT: 2025-07-12 00:11:59,  Lat/Lon: -1.56606°/96.3148°, Depth: 70.6828
2025/07/12 07:13:46.468844 [Incident:Info:toast@toast-new:Magnitude updated] Magnitude updated: 5.18 (M)
2025/07/12 07:13:46.468913 [Simulation:Info:toast@toast-new:Simulation not generated] Magnitude 5.18 of event bmg2025nmuz is smaller than triggerMinMagnitude: no automatic simulation
2025/07/12 07:13:48.687749 [Incident:Info:toast@toast-new:Origin updated] Origin updated: OT: 2025-07-12 00:11:59,  Lat/Lon: -1.56606°/96.3148°, Depth: 70.6828
2025/07/12 07:13:48.687933 [Incident:Info:toast@toast-new:Magnitude updated] Magnitude updated: 5.18 (M)
2025/07/12 07:13:48.687976 [Simulation:Info:toast@toast-new:Simulation not generated] Magnitude 5.18 of event bmg2025nmuz is smaller than triggerMinMagnitude: no automatic simulation
2025/07/12 07:13:53.731351 [Incident:Info:toast@toast-new:Origin updated] Origin updated: OT: 2025-07-12 00:11:59,  Lat/Lon: -1.56606°/96.3148°, Depth: 70.6828
2025/07/12 07:13:53.731576 [Incident:Info:toast@toast-new:Magnitude updated] Magnitude updated: 5.20 (M)
2025/07/12 07:13:53.731634 [Simulation:Info:toast@toast-new:Simulation not generated] Magnitude 5.20 of event bmg2025nmuz is smaller than triggerMinMagnitude: no automatic simulation
2025/07/12 07:13:58.727290 [Incident:Info:toast@toast-new:Origin updated] Origin updated: OT: 2025-07-12 00:11:59,  Lat/Lon: -1.56606°/96.3148°, Depth: 70.6828
2025/07/12 07:13:58.727457 [Incident:Info:toast@toast-new:Magnitude updated] Magnitude updated: 5.22 (M)
2025/07/12 07:13:58.727495 [Simulation:Info:toast@toast-new:Simulation not generated] Magnitude 5.22 of event bmg2025nmuz is smaller than triggerMinMagnitude: no automatic simulation
2025/07/12 07:13:59.010150 [Incident:Info:toast@toast-new:Origin updated] Origin updated: OT: 2025-07-12 00:11:57,  Lat/Lon: -1.56654°/96.3221°, Depth: 10
2025/07/12 07:13:59.010372 [Incident:Info:toast@toast-new:Magnitude updated] Magnitude updated: 5.22 (M)
2025/07/12 07:13:59.010413 [Simulation:Info:toast@toast-new:Simulation not generated] Magnitude 5.22 of event bmg2025nmuz is smaller than triggerMinMagnitude: no automatic simulation
2025/07/12 07:14:03.715067 [Incident:Info:toast@toast-new:Origin updated] Origin updated: OT: 2025-07-12 00:11:57,  Lat/Lon: -1.56654°/96.3221°, Depth: 10
2025/07/12 07:14:03.715260 [Incident:Info:toast@toast-new:Magnitude updated] Magnitude updated: 5.24 (M)
2025/07/12 07:14:03.715306 [Simulation:Info:toast@toast-new:Simulation not generated] Magnitude 5.24 of event bmg2025nmuz is smaller than triggerMinMagnitude: no automatic simulation
2025/07/12 07:14:08.773493 [Incident:Info:toast@toast-new:Origin updated] Origin updated: OT: 2025-07-12 00:11:57,  Lat/Lon: -1.56654°/96.3221°, Depth: 10
2025/07/12 07:14:08.773704 [Incident:Info:toast@toast-new:Magnitude updated] Magnitude updated: 5.24 (M)
2025/07/12 07:14:08.773744 [Simulation:Info:toast@toast-new:Simulation not generated] Magnitude 5.24 of event bmg2025nmuz is smaller than triggerMinMagnitude: no automatic simulation
2025/07/12 07:14:13.878664 [Incident:Info:toast@toast-new:Origin updated] Origin updated: OT: 2025-07-12 00:11:56,  Lat/Lon: -1.62433°/96.2778°, Depth: 10
2025/07/12 07:14:13.878881 [Incident:Info:toast@toast-new:Magnitude updated] Magnitude updated: 5.30 (M)
2025/07/12 07:14:13.878940 [Simulation:Info:toast@toast-new:Simulation not generated] Magnitude 5.30 of event bmg2025nmuz is smaller than triggerMinMagnitude: no automatic simulation
2025/07/12 07:14:18.747501 [Incident:Info:toast@toast-new:Origin updated] Origin updated: OT: 2025-07-12 00:11:56,  Lat/Lon: -1.62433°/96.2778°, Depth: 10
2025/07/12 07:14:18.747682 [Incident:Info:toast@toast-new:Magnitude updated] Magnitude updated: 5.31 (M)
2025/07/12 07:14:18.747719 [Simulation:Info:toast@toast-new:Simulation not generated] Magnitude 5.31 of event bmg2025nmuz is smaller than triggerMinMagnitude: no automatic simulation
2025/07/12 07:14:23.771474 [Incident:Info:toast@toast-new:Origin updated] Origin updated: OT: 2025-07-12 00:11:56,  Lat/Lon: -1.62433°/96.2778°, Depth: 10
2025/07/12 07:14:23.771651 [Incident:Info:toast@toast-new:Magnitude updated] Magnitude updated: 5.37 (M)
2025/07/12 07:14:23.771704 [Simulation:Info:toast@toast-new:Simulation not generated] Magnitude 5.37 of event bmg2025nmuz is smaller than triggerMinMagnitude: no automatic simulation
2025/07/12 07:14:28.764424 [Incident:Info:toast@toast-new:Origin updated] Origin updated: OT: 2025-07-12 00:11:56,  Lat/Lon: -1.62433°/96.2778°, Depth: 10
2025/07/12 07:14:28.764631 [Incident:Info:toast@toast-new:Magnitude updated] Magnitude updated: 5.43 (M)
2025/07/12 07:14:28.764678 [Simulation:Info:toast@toast-new:Simulation not generated] Magnitude 5.43 of event bmg2025nmuz is smaller than triggerMinMagnitude: no automatic simulation
2025/07/12 07:14:33.767291 [Incident:Info:toast@toast-new:Origin updated] Origin updated: OT: 2025-07-12 00:11:56,  Lat/Lon: -1.62433°/96.2778°, Depth: 10
2025/07/12 07:14:33.767463 [Incident:Info:toast@toast-new:Magnitude updated] Magnitude updated: 5.42 (M)
2025/07/12 07:14:33.767499 [Simulation:Info:toast@toast-new:Simulation not generated] Magnitude 5.42 of event bmg2025nmuz is smaller than triggerMinMagnitude: no automatic simulation
2025/07/12 07:14:38.457548 [Incident:Info:toast@toast-new:Origin updated] Origin updated: OT: 2025-07-12 00:11:56,  Lat/Lon: -1.62462°/96.277°, Depth: 10
2025/07/12 07:14:38.457731 [Incident:Info:toast@toast-new:Magnitude updated] Magnitude updated: 5.43 (M)
2025/07/12 07:14:38.457760 [Simulation:Info:toast@toast-new:Simulation not generated] Magnitude 5.43 of event bmg2025nmuz is smaller than triggerMinMagnitude: no automatic simulation
2025/07/12 07:14:38.749859 [Incident:Info:toast@toast-new:Origin updated] Origin updated: OT: 2025-07-12 00:11:56,  Lat/Lon: -1.62462°/96.277°, Depth: 10
2025/07/12 07:14:38.750028 [Incident:Info:toast@toast-new:Magnitude updated] Magnitude updated: 5.43 (M)
2025/07/12 07:14:38.750058 [Simulation:Info:toast@toast-new:Simulation not generated] Magnitude 5.43 of event bmg2025nmuz is smaller than triggerMinMagnitude: no automatic simulation
2025/07/12 07:14:43.836238 [Incident:Info:toast@toast-new:Origin updated] Origin updated: OT: 2025-07-12 00:11:56,  Lat/Lon: -1.62462°/96.277°, Depth: 10
2025/07/12 07:14:43.836418 [Incident:Info:toast@toast-new:Magnitude updated] Magnitude updated: 5.40 (M)
2025/07/12 07:14:43.836448 [Simulation:Info:toast@toast-new:Simulation not generated] Magnitude 5.40 of event bmg2025nmuz is smaller than triggerMinMagnitude: no automatic simulation
2025/07/12 07:14:48.847546 [Incident:Info:toast@toast-new:Origin updated] Origin updated: OT: 2025-07-12 00:11:56,  Lat/Lon: -1.62462°/96.277°, Depth: 10
2025/07/12 07:14:48.847746 [Incident:Info:toast@toast-new:Magnitude updated] Magnitude updated: 5.39 (M)
2025/07/12 07:14:48.847810 [Simulation:Info:toast@toast-new:Simulation not generated] Magnitude 5.39 of event bmg2025nmuz is smaller than triggerMinMagnitude: no automatic simulation
2025/07/12 07:14:53.806298 [Incident:Info:toast@toast-new:Origin updated] Origin updated: OT: 2025-07-12 00:11:56,  Lat/Lon: -1.62462°/96.277°, Depth: 10
2025/07/12 07:14:53.806484 [Incident:Info:toast@toast-new:Magnitude updated] Magnitude updated: 5.39 (M)
2025/07/12 07:14:53.806529 [Simulation:Info:toast@toast-new:Simulation not generated] Magnitude 5.39 of event bmg2025nmuz is smaller than triggerMinMagnitude: no automatic simulation
2025/07/12 07:14:58.814586 [Incident:Info:toast@toast-new:Origin updated] Origin updated: OT: 2025-07-12 00:11:56,  Lat/Lon: -1.62462°/96.277°, Depth: 10
2025/07/12 07:14:58.814807 [Incident:Info:toast@toast-new:Magnitude updated] Magnitude updated: 5.33 (M)
2025/07/12 07:14:58.814885 [Simulation:Info:toast@toast-new:Simulation not generated] Magnitude 5.33 of event bmg2025nmuz is smaller than triggerMinMagnitude: no automatic simulation
2025/07/12 07:15:03.507076 [Incident:Info:toast@toast-new:Origin updated] Origin updated: OT: 2025-07-12 00:11:59,  Lat/Lon: -1.63233°/96.2715°, Depth: 67.7438
2025/07/12 07:15:03.507306 [Incident:Info:toast@toast-new:Magnitude updated] Magnitude updated: 5.29 (M)
2025/07/12 07:15:03.507351 [Simulation:Info:toast@toast-new:Simulation not generated] Magnitude 5.29 of event bmg2025nmuz is smaller than triggerMinMagnitude: no automatic simulation
2025/07/12 07:15:08.755056 [Incident:Info:toast@toast-new:Origin updated] Origin updated: OT: 2025-07-12 00:11:59,  Lat/Lon: -1.63233°/96.2715°, Depth: 67.7438
2025/07/12 07:15:08.755246 [Incident:Info:toast@toast-new:Magnitude updated] Magnitude updated: 5.29 (M)
2025/07/12 07:15:08.755285 [Simulation:Info:toast@toast-new:Simulation not generated] Magnitude 5.29 of event bmg2025nmuz is smaller than triggerMinMagnitude: no automatic simulation
2025/07/12 07:15:13.775440 [Incident:Info:toast@toast-new:Origin updated] Origin updated: OT: 2025-07-12 00:11:59,  Lat/Lon: -1.63233°/96.2715°, Depth: 67.7438
2025/07/12 07:15:13.775608 [Incident:Info:toast@toast-new:Magnitude updated] Magnitude updated: 5.28 (M)
2025/07/12 07:15:13.775639 [Simulation:Info:toast@toast-new:Simulation not generated] Magnitude 5.28 of event bmg2025nmuz is smaller than triggerMinMagnitude: no automatic simulation
2025/07/12 07:15:18.774654 [Incident:Info:toast@toast-new:Origin updated] Origin updated: OT: 2025-07-12 00:11:59,  Lat/Lon: -1.63233°/96.2715°, Depth: 67.7438
2025/07/12 07:15:18.774867 [Incident:Info:toast@toast-new:Magnitude updated] Magnitude updated: 5.26 (M)
2025/07/12 07:15:18.774913 [Simulation:Info:toast@toast-new:Simulation not generated] Magnitude 5.26 of event bmg2025nmuz is smaller than triggerMinMagnitude: no automatic simulation
2025/07/12 07:15:23.780406 [Incident:Info:toast@toast-new:Origin updated] Origin updated: OT: 2025-07-12 00:11:59,  Lat/Lon: -1.63233°/96.2715°, Depth: 67.7438
2025/07/12 07:15:23.780602 [Incident:Info:toast@toast-new:Magnitude updated] Magnitude updated: 5.26 (M)
2025/07/12 07:15:23.780644 [Simulation:Info:toast@toast-new:Simulation not generated] Magnitude 5.26 of event bmg2025nmuz is smaller than triggerMinMagnitude: no automatic simulation
2025/07/12 07:15:28.772069 [Incident:Info:toast@toast-new:Origin updated] Origin updated: OT: 2025-07-12 00:11:59,  Lat/Lon: -1.63233°/96.2715°, Depth: 67.7438
2025/07/12 07:15:28.772285 [Incident:Info:toast@toast-new:Magnitude updated] Magnitude updated: 5.26 (M)
2025/07/12 07:15:28.772332 [Simulation:Info:toast@toast-new:Simulation not generated] Magnitude 5.26 of event bmg2025nmuz is smaller than triggerMinMagnitude: no automatic simulation
2025/07/12 07:15:30.625973 [Incident:Info:toast@toast-new:Origin updated] Origin updated: OT: 2025-07-12 00:11:59,  Lat/Lon: -1.61917°/96.2917°, Depth: 106.862
2025/07/12 07:15:30.626164 [Incident:Info:toast@toast-new:Magnitude updated] Magnitude updated: 5.20 (M)
2025/07/12 07:15:30.626222 [Simulation:Info:toast@toast-new:Simulation not generated] Magnitude 5.20 of event bmg2025nmuz is smaller than triggerMinMagnitude: no automatic simulation
2025/07/12 07:15:38.810134 [Incident:Info:toast@toast-new:Origin updated] Origin updated: OT: 2025-07-12 00:11:59,  Lat/Lon: -1.61917°/96.2917°, Depth: 106.862
2025/07/12 07:15:38.810342 [Incident:Info:toast@toast-new:Magnitude updated] Magnitude updated: 5.20 (M)
2025/07/12 07:15:38.810386 [Simulation:Info:toast@toast-new:Simulation not generated] Magnitude 5.20 of event bmg2025nmuz is smaller than triggerMinMagnitude: no automatic simulation
2025/07/12 07:15:43.730598 [Incident:Info:toast@toast-new:Origin updated] Origin updated: OT: 2025-07-12 00:11:59,  Lat/Lon: -1.61917°/96.2917°, Depth: 106.862
2025/07/12 07:15:43.730790 [Incident:Info:toast@toast-new:Magnitude updated] Magnitude updated: 5.24 (M)
2025/07/12 07:15:43.730833 [Simulation:Info:toast@toast-new:Simulation not generated] Magnitude 5.24 of event bmg2025nmuz is smaller than triggerMinMagnitude: no automatic simulation
2025/07/12 07:15:58.725169 [Incident:Info:toast@toast-new:Origin updated] Origin updated: OT: 2025-07-12 00:11:59,  Lat/Lon: -1.61917°/96.2917°, Depth: 106.862
2025/07/12 07:15:58.725371 [Incident:Info:toast@toast-new:Magnitude updated] Magnitude updated: 5.22 (M)
2025/07/12 07:15:58.725403 [Simulation:Info:toast@toast-new:Simulation not generated] Magnitude 5.22 of event bmg2025nmuz is smaller than triggerMinMagnitude: no automatic simulation
2025/07/12 07:16:03.496678 [Incident:Info:toast@toast-new:Origin updated] Origin updated: OT: 2025-07-12 00:11:58,  Lat/Lon: -1.66781°/96.2353°, Depth: 68.644
2025/07/12 07:16:03.496913 [Incident:Info:toast@toast-new:Magnitude updated] Magnitude updated: 5.27 (M)
2025/07/12 07:16:03.496966 [Simulation:Info:toast@toast-new:Simulation not generated] Magnitude 5.27 of event bmg2025nmuz is smaller than triggerMinMagnitude: no automatic simulation
2025/07/12 07:16:18.185996 [Incident:Info:toast@toast-new:Origin updated] Origin updated: OT: 2025-07-12 00:11:58,  Lat/Lon: -1.66781°/96.2353°, Depth: 68.644
2025/07/12 07:16:18.186179 [Incident:Info:toast@toast-new:Magnitude updated] Magnitude updated: 5.27 (M)
2025/07/12 07:16:18.186207 [Simulation:Info:toast@toast-new:Simulation not generated] Magnitude 5.27 of event bmg2025nmuz is smaller than triggerMinMagnitude: no automatic simulation
2025/07/12 07:16:38.613066 [Incident:Info:toast@toast-new:Origin updated] Origin updated: OT: 2025-07-12 00:11:58,  Lat/Lon: -1.66781°/96.2353°, Depth: 68.644
2025/07/12 07:16:38.613281 [Incident:Info:toast@toast-new:Magnitude updated] Magnitude updated: 5.27 (M)
2025/07/12 07:16:38.613325 [Simulation:Info:toast@toast-new:Simulation not generated] Magnitude 5.27 of event bmg2025nmuz is smaller than triggerMinMagnitude: no automatic simulation
2025/07/12 07:16:38.653361 [Incident:Info:toast@toast-new:Origin updated] Origin updated: OT: 2025-07-12 00:11:55,  Lat/Lon: -1.71526°/96.1784°, Depth: 10
2025/07/12 07:16:38.653539 [Incident:Info:toast@toast-new:Magnitude updated] Magnitude updated: 5.33 (M)
2025/07/12 07:16:38.653569 [Simulation:Info:toast@toast-new:Simulation not generated] Magnitude 5.33 of event bmg2025nmuz is smaller than triggerMinMagnitude: no automatic simulation
2025/07/12 07:16:43.759267 [Incident:Info:toast@toast-new:Origin updated] Origin updated: OT: 2025-07-12 00:11:55,  Lat/Lon: -1.71526°/96.1784°, Depth: 10
2025/07/12 07:16:43.759470 [Incident:Info:toast@toast-new:Magnitude updated] Magnitude updated: 5.33 (M)
2025/07/12 07:16:43.759516 [Simulation:Info:toast@toast-new:Simulation not generated] Magnitude 5.33 of event bmg2025nmuz is smaller than triggerMinMagnitude: no automatic simulation
2025/07/12 07:16:48.780660 [Incident:Info:toast@toast-new:Origin updated] Origin updated: OT: 2025-07-12 00:11:55,  Lat/Lon: -1.71526°/96.1784°, Depth: 10
2025/07/12 07:16:48.780828 [Incident:Info:toast@toast-new:Magnitude updated] Magnitude updated: 5.33 (M)
2025/07/12 07:16:48.780859 [Simulation:Info:toast@toast-new:Simulation not generated] Magnitude 5.33 of event bmg2025nmuz is smaller than triggerMinMagnitude: no automatic simulation
2025/07/12 07:17:04.016840 [Incident:Info:toast@toast-new:Origin updated] Origin updated: OT: 2025-07-12 00:11:59,  Lat/Lon: -1.62425°/96.2752°, Depth: 61.2656
2025/07/12 07:17:04.017028 [Incident:Info:toast@toast-new:Magnitude updated] Magnitude updated: 5.50 (MLv)
2025/07/12 07:17:04.017067 [Simulation:Info:toast@toast-new:Simulation not generated] Magnitude 5.50 of event bmg2025nmuz is smaller than triggerMinMagnitude: no automatic simulation
2025/07/12 07:17:04.040700 [Incident:Info:toast@toast-new:Origin updated] Origin updated: OT: 2025-07-12 00:11:59,  Lat/Lon: -1.62425°/96.2752°, Depth: 61.2656
2025/07/12 07:17:04.040796 [Incident:Info:toast@toast-new:Magnitude updated] Magnitude updated: 5.27 (M)
2025/07/12 07:17:04.040835 [Simulation:Info:toast@toast-new:Simulation not generated] Magnitude 5.27 of event bmg2025nmuz is smaller than triggerMinMagnitude: no automatic simulation
2025/07/12 07:22:00.726137 [Incident:Info:toast@toast-new:Origin updated] Origin updated: OT: 2025-07-12 00:11:59,  Lat/Lon: -1.62425°/96.2752°, Depth: 61.2656
2025/07/12 07:22:00.726335 [Incident:Info:toast@toast-new:FM updated] FM updated
2025/07/12 07:22:00.726579 [Simulation:Info:toast@toast-new:Simulation not generated] Magnitude 5.27 of event bmg2025nmuz is smaller than triggerMinMagnitude: no automatic simulation
2025/07/12 07:22:04.010319 [Incident:Info:toast@toast-new:Origin updated] Origin updated: OT: 2025-07-12 00:11:59,  Lat/Lon: -1.62425°/96.2752°, Depth: 61.2656
2025/07/12 07:22:04.010517 [Incident:Info:toast@toast-new:FM updated] FM updated
2025/07/12 07:22:04.010788 [Simulation:Info:toast@toast-new:Simulation not generated] Magnitude 5.27 of event bmg2025nmuz is smaller than triggerMinMagnitude: no automatic simulation
2025/07/12 07:26:19.779674 [Incident:Info:toast@toast-new:Origin updated] Origin updated: OT: 2025-07-12 00:11:58,  Lat/Lon: -1.63249°/96.263°, Depth: 70.8694
2025/07/12 07:26:19.779893 [Incident:Info:toast@toast-new:Magnitude updated] Magnitude updated: 5.49 (MLv)
2025/07/12 07:26:19.779940 [Simulation:Info:toast@toast-new:Simulation not generated] Magnitude 5.49 of event bmg2025nmuz is smaller than triggerMinMagnitude: no automatic simulation
2025/07/12 07:26:19.840617 [Incident:Info:toast@toast-new:Origin updated] Origin updated: OT: 2025-07-12 00:11:58,  Lat/Lon: -1.63249°/96.263°, Depth: 70.8694
2025/07/12 07:26:19.840733 [Incident:Info:toast@toast-new:Magnitude updated] Magnitude updated: 5.27 (M)
2025/07/12 07:26:19.840766 [Simulation:Info:toast@toast-new:Simulation not generated] Magnitude 5.27 of event bmg2025nmuz is smaller than triggerMinMagnitude: no automatic simulation
2025/07/12 07:46:18.748402 [Incident:Info:toast@toast-new:Origin updated] Origin updated: OT: 2025-07-12 00:11:58,  Lat/Lon: -1.63249°/96.263°, Depth: 70.8694
2025/07/12 07:46:18.748597 [Incident:Info:toast@toast-new:FM updated] FM updated
2025/07/12 07:46:18.748851 [Simulation:Info:toast@toast-new:Simulation not generated] Magnitude 5.27 of event bmg2025nmuz is smaller than triggerMinMagnitude: no automatic simulation
2025/07/12 07:48:12.044654 [Incident:Info:toast@toast-new:Origin updated] Origin updated: OT: 2025-07-12 00:11:57,  Lat/Lon: -1.65068°/96.2405°, Depth: 20
2025/07/12 07:48:12.044885 [Incident:Info:toast@toast-new:Magnitude updated] Magnitude updated: 5.50 (MLv)
2025/07/12 07:48:12.044935 [Simulation:Info:toast@toast-new:Simulation not generated] Magnitude 5.50 of event bmg2025nmuz is smaller than triggerMinMagnitude: no automatic simulation
2025/07/12 07:48:12.064496 [Incident:Info:toast@toast-new:Origin updated] Origin updated: OT: 2025-07-12 00:11:57,  Lat/Lon: -1.65068°/96.2405°, Depth: 20
2025/07/12 07:48:12.064587 [Incident:Info:toast@toast-new:Magnitude updated] Magnitude updated: 5.34 (M)
2025/07/12 07:48:12.064619 [Simulation:Info:toast@toast-new:Simulation not generated] Magnitude 5.34 of event bmg2025nmuz is smaller than triggerMinMagnitude: no automatic simulation
2025/07/12 10:26:28.457720 [Incident:Info:toast@toast-new:Origin updated] Origin updated: OT: 2025-07-12 00:11:58,  Lat/Lon: -1.62701°/96.2724°, Depth: 66.3777
2025/07/12 10:26:28.457899 [Incident:Info:toast@toast-new:Magnitude updated] Magnitude updated: 5.49 (MLv)
2025/07/12 10:26:28.457941 [Incident:Info:toast@toast-new:FM updated] FM updated
2025/07/12 10:26:28.458078 [Simulation:Info:toast@toast-new:Simulation not generated] Magnitude 5.49 of event bmg2025nmuz is smaller than triggerMinMagnitude: no automatic simulation
2025/07/12 10:26:28.468362 [Incident:Info:toast@toast-new:Origin updated] Origin updated: OT: 2025-07-12 00:11:58,  Lat/Lon: -1.62701°/96.2724°, Depth: 66.3777
2025/07/12 10:26:28.468455 [Incident:Info:toast@toast-new:Magnitude updated] Magnitude updated: 5.28 (M)
2025/07/12 10:26:28.468498 [Simulation:Info:toast@toast-new:Simulation not generated] Magnitude 5.28 of event bmg2025nmuz is smaller than triggerMinMagnitude: no automatic simulation
2025/07/12 10:45:56.960047 [Incident:Info:toast@toast-new:Origin updated] Origin updated: OT: 2025-07-12 00:11:55,  Lat/Lon: -1.67176°/96.2197°, Depth: 10
2025/07/12 10:45:56.960354 [Incident:Info:toast@toast-new:Magnitude updated] Magnitude updated: 5.48 (MLv)
2025/07/12 10:45:56.960454 [Simulation:Info:toast@toast-new:Simulation not generated] Magnitude 5.48 of event bmg2025nmuz is smaller than triggerMinMagnitude: no automatic simulation
2025/07/12 10:45:57.027852 [Incident:Info:toast@toast-new:Origin updated] Origin updated: OT: 2025-07-12 00:11:55,  Lat/Lon: -1.67176°/96.2197°, Depth: 10
2025/07/12 10:45:57.028010 [Incident:Info:toast@toast-new:Magnitude updated] Magnitude updated: 5.28 (M)
2025/07/12 10:45:57.028064 [Simulation:Info:toast@toast-new:Simulation not generated] Magnitude 5.28 of event bmg2025nmuz is smaller than triggerMinMagnitude: no automatic simulation
2025/07/12 10:48:31.755758 [Incident:Info:toast@toast-new:Origin updated] Origin updated: OT: 2025-07-12 00:11:55,  Lat/Lon: -1.67176°/96.2197°, Depth: 10
2025/07/12 10:48:31.755911 [Incident:Info:toast@toast-new:Magnitude updated] Magnitude updated: 5.48 (MLv)
2025/07/12 10:48:31.755955 [Simulation:Info:toast@toast-new:Simulation not generated] Magnitude 5.48 of event bmg2025nmuz is smaller than triggerMinMagnitude: no automatic simulation
2025/07/12 10:48:31.766294 [Incident:Info:toast@toast-new:Origin updated] Origin updated: OT: 2025-07-12 00:11:55,  Lat/Lon: -1.67176°/96.2197°, Depth: 10
2025/07/12 10:48:31.766376 [Incident:Info:toast@toast-new:Magnitude updated] Magnitude updated: 5.28 (M)
2025/07/12 10:48:31.766416 [Simulation:Info:toast@toast-new:Simulation not generated] Magnitude 5.28 of event bmg2025nmuz is smaller than triggerMinMagnitude: no automatic simulation
2025/07/12 10:48:55.564653 [Incident:Info:toast@toast-new:Origin updated] Origin updated: OT: 2025-07-12 00:11:55,  Lat/Lon: -1.67176°/96.2197°, Depth: 10
2025/07/12 10:48:55.564932 [Incident:Info:toast@toast-new:Magnitude updated] Magnitude updated: 5.28 (Mw(mB))
2025/07/12 10:48:55.565005 [Simulation:Info:toast@toast-new:Simulation not generated] Magnitude 5.28 of event bmg2025nmuz is smaller than triggerMinMagnitude: no automatic simulation
2025/07/29 12:37:46.619391 [Incident:Info:toast@toast-new:Origin updated] Origin updated: OT: 2025-07-12 00:11:55,  Lat/Lon: -1.67176°/96.2197°, Depth: 10
2025/07/29 12:37:46.622320 [Simulation:Info:toast@toast-new:Simulation not generated] Magnitude 5.28 of event bmg2025nmuz is smaller than triggerMinMagnitude: no automatic simulation
2025/07/29 12:37:46.657138 [Incident:Info:toast@toast-new:Origin updated] Origin updated: OT: 2025-07-12 00:11:55,  Lat/Lon: -1.67176°/96.2197°, Depth: 10
2025/07/29 12:37:46.657243 [Incident:Info:toast@toast-new:Magnitude updated] Magnitude updated: 5.28 (M)
2025/07/29 12:37:46.657270 [Simulation:Info:toast@toast-new:Simulation not generated] Magnitude 5.28 of event bmg2025nmuz is smaller than triggerMinMagnitude: no automatic simulation
2025/07/29 12:37:46.675755 [Incident:Info:toast@toast-new:Origin updated] Origin updated: OT: 2025-07-12 00:11:55,  Lat/Lon: -1.67176°/96.2197°, Depth: 10
2025/07/29 12:37:46.675868 [Simulation:Info:toast@toast-new:Simulation not generated] Magnitude 5.28 of event bmg2025nmuz is smaller than triggerMinMagnitude: no automatic simulation
