2025/08/17 12:15:20.105757 [Incident:Info:toast@toast-new:Displacement(s) updated] Added 0 and changed 0 displacements with 0 amplitudes
2025/08/17 12:15:20.106319 [Incident:Info:toast@toast-new:Incident created] Incident created based on event received from messaging: OT: 2025-08-17 05:06:27,  Lat/Lon: -14.84°/167.35°, Depth: 154.15, Mag: 5.03 (M)
2025/08/17 12:15:20.106736 [Simulation:Info:toast@toast-new:Simulation not generated] Magnitude 5.03 of event bmg2025qayv is smaller than triggerMinMagnitude: no automatic simulation
2025/08/17 12:15:20.286031 [Incident:Info:toast@toast-new:Origin updated] Origin updated: OT: 2025-08-17 05:06:27,  Lat/Lon: -14.8418°/167.354°, Depth: 154.155
2025/08/17 12:15:20.286233 [Simulation:Info:toast@toast-new:Simulation not generated] Magnitude 5.03 of event bmg2025qayv is smaller than triggerMinMagnitude: no automatic simulation
2025/08/17 12:15:22.413501 [Incident:Info:toast@toast-new:Origin updated] Origin updated: OT: 2025-08-17 05:06:27,  Lat/Lon: -14.8691°/167.339°, Depth: 150.893
2025/08/17 12:15:22.413882 [Incident:Info:toast@toast-new:Magnitude updated] Magnitude updated: 5.06 (M)
2025/08/17 12:15:22.414072 [Simulation:Info:toast@toast-new:Simulation not generated] Magnitude 5.06 of event bmg2025qayv is smaller than triggerMinMagnitude: no automatic simulation
2025/08/17 12:15:35.055803 [Incident:Info:toast@toast-new:Origin updated] Origin updated: OT: 2025-08-17 05:06:27,  Lat/Lon: -14.8691°/167.339°, Depth: 150.893
2025/08/17 12:15:35.056136 [Incident:Info:toast@toast-new:Magnitude updated] Magnitude updated: 5.12 (M)
2025/08/17 12:15:35.056297 [Simulation:Info:toast@toast-new:Simulation not generated] Magnitude 5.12 of event bmg2025qayv is smaller than triggerMinMagnitude: no automatic simulation
2025/08/17 12:15:37.449686 [Incident:Info:toast@toast-new:Origin updated] Origin updated: OT: 2025-08-17 05:06:27,  Lat/Lon: -14.875°/167.335°, Depth: 150.593
2025/08/17 12:15:37.450094 [Incident:Info:toast@toast-new:Magnitude updated] Magnitude updated: 5.13 (M)
2025/08/17 12:15:37.450302 [Simulation:Info:toast@toast-new:Simulation not generated] Magnitude 5.13 of event bmg2025qayv is smaller than triggerMinMagnitude: no automatic simulation
2025/08/17 12:15:40.053918 [Incident:Info:toast@toast-new:Origin updated] Origin updated: OT: 2025-08-17 05:06:27,  Lat/Lon: -14.875°/167.335°, Depth: 150.593
2025/08/17 12:15:40.054350 [Incident:Info:toast@toast-new:Magnitude updated] Magnitude updated: 5.19 (M)
2025/08/17 12:15:40.054573 [Simulation:Info:toast@toast-new:Simulation not generated] Magnitude 5.19 of event bmg2025qayv is smaller than triggerMinMagnitude: no automatic simulation
2025/08/17 12:15:55.058945 [Incident:Info:toast@toast-new:Origin updated] Origin updated: OT: 2025-08-17 05:06:27,  Lat/Lon: -14.875°/167.335°, Depth: 150.593
2025/08/17 12:15:55.059351 [Incident:Info:toast@toast-new:Magnitude updated] Magnitude updated: 5.17 (M)
2025/08/17 12:15:55.059550 [Simulation:Info:toast@toast-new:Simulation not generated] Magnitude 5.17 of event bmg2025qayv is smaller than triggerMinMagnitude: no automatic simulation
2025/08/17 12:15:56.004543 [Incident:Info:toast@toast-new:Origin updated] Origin updated: OT: 2025-08-17 05:06:27,  Lat/Lon: -14.889°/167.325°, Depth: 148.659
2025/08/17 12:15:56.004977 [Incident:Info:toast@toast-new:Magnitude updated] Magnitude updated: 5.18 (M)
2025/08/17 12:15:56.005190 [Simulation:Info:toast@toast-new:Simulation not generated] Magnitude 5.18 of event bmg2025qayv is smaller than triggerMinMagnitude: no automatic simulation
2025/08/17 12:16:00.059914 [Incident:Info:toast@toast-new:Origin updated] Origin updated: OT: 2025-08-17 05:06:27,  Lat/Lon: -14.889°/167.325°, Depth: 148.659
2025/08/17 12:16:00.060379 [Incident:Info:toast@toast-new:Magnitude updated] Magnitude updated: 5.21 (M)
2025/08/17 12:16:00.060615 [Simulation:Info:toast@toast-new:Simulation not generated] Magnitude 5.21 of event bmg2025qayv is smaller than triggerMinMagnitude: no automatic simulation
2025/08/17 12:16:05.085606 [Incident:Info:toast@toast-new:Origin updated] Origin updated: OT: 2025-08-17 05:06:27,  Lat/Lon: -14.889°/167.325°, Depth: 148.659
2025/08/17 12:16:05.086057 [Incident:Info:toast@toast-new:Magnitude updated] Magnitude updated: 5.23 (M)
2025/08/17 12:16:05.086277 [Simulation:Info:toast@toast-new:Simulation not generated] Magnitude 5.23 of event bmg2025qayv is smaller than triggerMinMagnitude: no automatic simulation
2025/08/17 12:16:14.521421 [Incident:Info:toast@toast-new:Origin updated] Origin updated: OT: 2025-08-17 05:06:27,  Lat/Lon: -14.9302°/167.297°, Depth: 143.295
2025/08/17 12:16:14.521925 [Incident:Info:toast@toast-new:Magnitude updated] Magnitude updated: 5.24 (M)
2025/08/17 12:16:14.522168 [Simulation:Info:toast@toast-new:Simulation not generated] Magnitude 5.24 of event bmg2025qayv is smaller than triggerMinMagnitude: no automatic simulation
2025/08/17 12:16:20.057890 [Incident:Info:toast@toast-new:Origin updated] Origin updated: OT: 2025-08-17 05:06:27,  Lat/Lon: -14.9302°/167.297°, Depth: 143.295
2025/08/17 12:16:20.058365 [Incident:Info:toast@toast-new:Magnitude updated] Magnitude updated: 5.28 (M)
2025/08/17 12:16:20.058625 [Simulation:Info:toast@toast-new:Simulation not generated] Magnitude 5.28 of event bmg2025qayv is smaller than triggerMinMagnitude: no automatic simulation
2025/08/17 12:16:30.061120 [Incident:Info:toast@toast-new:Origin updated] Origin updated: OT: 2025-08-17 05:06:27,  Lat/Lon: -14.9302°/167.297°, Depth: 143.295
2025/08/17 12:16:30.061648 [Incident:Info:toast@toast-new:Magnitude updated] Magnitude updated: 5.39 (M)
2025/08/17 12:16:30.061932 [Simulation:Info:toast@toast-new:Simulation not generated] Magnitude 5.39 of event bmg2025qayv is smaller than triggerMinMagnitude: no automatic simulation
2025/08/17 12:16:35.046956 [Incident:Info:toast@toast-new:Origin updated] Origin updated: OT: 2025-08-17 05:06:27,  Lat/Lon: -14.9302°/167.297°, Depth: 143.295
2025/08/17 12:16:35.047517 [Incident:Info:toast@toast-new:Magnitude updated] Magnitude updated: 5.38 (M)
2025/08/17 12:16:35.047778 [Simulation:Info:toast@toast-new:Simulation not generated] Magnitude 5.38 of event bmg2025qayv is smaller than triggerMinMagnitude: no automatic simulation
2025/08/17 12:16:35.629597 [Incident:Info:toast@toast-new:Origin updated] Origin updated: OT: 2025-08-17 05:06:27,  Lat/Lon: -14.9406°/167.289°, Depth: 141.797
2025/08/17 12:16:35.630133 [Incident:Info:toast@toast-new:Magnitude updated] Magnitude updated: 5.39 (M)
2025/08/17 12:16:35.630386 [Simulation:Info:toast@toast-new:Simulation not generated] Magnitude 5.39 of event bmg2025qayv is smaller than triggerMinMagnitude: no automatic simulation
2025/08/17 12:16:40.060004 [Incident:Info:toast@toast-new:Origin updated] Origin updated: OT: 2025-08-17 05:06:27,  Lat/Lon: -14.9406°/167.289°, Depth: 141.797
2025/08/17 12:16:40.060520 [Incident:Info:toast@toast-new:Magnitude updated] Magnitude updated: 5.35 (M)
2025/08/17 12:16:40.060840 [Simulation:Info:toast@toast-new:Simulation not generated] Magnitude 5.35 of event bmg2025qayv is smaller than triggerMinMagnitude: no automatic simulation
2025/08/17 12:16:45.060828 [Incident:Info:toast@toast-new:Origin updated] Origin updated: OT: 2025-08-17 05:06:27,  Lat/Lon: -14.9406°/167.289°, Depth: 141.797
2025/08/17 12:16:45.061606 [Incident:Info:toast@toast-new:Magnitude updated] Magnitude updated: 5.34 (M)
2025/08/17 12:16:45.062115 [Simulation:Info:toast@toast-new:Simulation not generated] Magnitude 5.34 of event bmg2025qayv is smaller than triggerMinMagnitude: no automatic simulation
2025/08/17 12:16:55.049820 [Incident:Info:toast@toast-new:Origin updated] Origin updated: OT: 2025-08-17 05:06:27,  Lat/Lon: -14.9406°/167.289°, Depth: 141.797
2025/08/17 12:16:55.050440 [Incident:Info:toast@toast-new:Magnitude updated] Magnitude updated: 5.35 (M)
2025/08/17 12:16:55.050797 [Simulation:Info:toast@toast-new:Simulation not generated] Magnitude 5.35 of event bmg2025qayv is smaller than triggerMinMagnitude: no automatic simulation
2025/08/17 12:17:02.527939 [Incident:Info:toast@toast-new:Origin updated] Origin updated: OT: 2025-08-17 05:06:27,  Lat/Lon: -14.9394°/167.293°, Depth: 142.892
2025/08/17 12:17:02.528599 [Incident:Info:toast@toast-new:Magnitude updated] Magnitude updated: 5.35 (M)
2025/08/17 12:17:02.528945 [Simulation:Info:toast@toast-new:Simulation not generated] Magnitude 5.35 of event bmg2025qayv is smaller than triggerMinMagnitude: no automatic simulation
2025/08/17 12:17:27.504576 [Incident:Info:toast@toast-new:Origin updated] Origin updated: OT: 2025-08-17 05:06:27,  Lat/Lon: -14.9473°/167.297°, Depth: 143.533
2025/08/17 12:17:27.505173 [Incident:Info:toast@toast-new:Magnitude updated] Magnitude updated: 5.35 (M)
2025/08/17 12:17:27.505477 [Simulation:Info:toast@toast-new:Simulation not generated] Magnitude 5.35 of event bmg2025qayv is smaller than triggerMinMagnitude: no automatic simulation
2025/08/17 12:17:55.022600 [Incident:Info:toast@toast-new:Origin updated] Origin updated: OT: 2025-08-17 05:06:27,  Lat/Lon: -14.9467°/167.306°, Depth: 145.225
2025/08/17 12:17:55.023233 [Incident:Info:toast@toast-new:Magnitude updated] Magnitude updated: 5.35 (M)
2025/08/17 12:17:55.023580 [Simulation:Info:toast@toast-new:Simulation not generated] Magnitude 5.35 of event bmg2025qayv is smaller than triggerMinMagnitude: no automatic simulation
2025/08/17 12:18:22.556730 [Incident:Info:toast@toast-new:Origin updated] Origin updated: OT: 2025-08-17 05:06:27,  Lat/Lon: -14.911°/167.344°, Depth: 152.494
2025/08/17 12:18:22.557418 [Incident:Info:toast@toast-new:Magnitude updated] Magnitude updated: 5.33 (M)
2025/08/17 12:18:22.557789 [Simulation:Info:toast@toast-new:Simulation not generated] Magnitude 5.33 of event bmg2025qayv is smaller than triggerMinMagnitude: no automatic simulation
2025/08/17 12:18:30.049906 [Incident:Info:toast@toast-new:Origin updated] Origin updated: OT: 2025-08-17 05:06:27,  Lat/Lon: -14.911°/167.344°, Depth: 152.494
2025/08/17 12:18:30.050549 [Incident:Info:toast@toast-new:Magnitude updated] Magnitude updated: 5.38 (M)
2025/08/17 12:18:30.050898 [Simulation:Info:toast@toast-new:Simulation not generated] Magnitude 5.38 of event bmg2025qayv is smaller than triggerMinMagnitude: no automatic simulation
2025/08/17 12:18:52.543545 [Incident:Info:toast@toast-new:Origin updated] Origin updated: OT: 2025-08-17 05:06:27,  Lat/Lon: -14.9339°/167.33°, Depth: 149.914
2025/08/17 12:18:52.544600 [Incident:Info:toast@toast-new:Magnitude updated] Magnitude updated: 5.38 (M)
2025/08/17 12:18:52.545292 [Simulation:Info:toast@toast-new:Simulation not generated] Magnitude 5.38 of event bmg2025qayv is smaller than triggerMinMagnitude: no automatic simulation
2025/08/17 12:19:27.577781 [Incident:Info:toast@toast-new:Origin updated] Origin updated: OT: 2025-08-17 05:06:27,  Lat/Lon: -14.94°/167.324°, Depth: 149.085
2025/08/17 12:19:27.578353 [Incident:Info:toast@toast-new:Magnitude updated] Magnitude updated: 5.34 (M)
2025/08/17 12:19:27.578680 [Simulation:Info:toast@toast-new:Simulation not generated] Magnitude 5.34 of event bmg2025qayv is smaller than triggerMinMagnitude: no automatic simulation
2025/08/17 12:20:02.598111 [Incident:Info:toast@toast-new:Origin updated] Origin updated: OT: 2025-08-17 05:06:27,  Lat/Lon: -14.9404°/167.342°, Depth: 151.61
2025/08/17 12:20:02.598831 [Incident:Info:toast@toast-new:Magnitude updated] Magnitude updated: 5.33 (M)
2025/08/17 12:20:02.599214 [Simulation:Info:toast@toast-new:Simulation not generated] Magnitude 5.33 of event bmg2025qayv is smaller than triggerMinMagnitude: no automatic simulation
2025/08/17 12:20:20.051119 [Incident:Info:toast@toast-new:Origin updated] Origin updated: OT: 2025-08-17 05:06:27,  Lat/Lon: -14.9404°/167.342°, Depth: 151.61
2025/08/17 12:20:20.051996 [Incident:Info:toast@toast-new:Magnitude updated] Magnitude updated: 5.31 (M)
2025/08/17 12:20:20.052584 [Simulation:Info:toast@toast-new:Simulation not generated] Magnitude 5.31 of event bmg2025qayv is smaller than triggerMinMagnitude: no automatic simulation
2025/08/17 12:26:04.614007 [Incident:Info:toast@toast-new:Origin updated] Origin updated: OT: 2025-08-17 05:06:27,  Lat/Lon: -14.9404°/167.342°, Depth: 151.61
2025/08/17 12:26:04.614710 [Incident:Info:toast@toast-new:Magnitude updated] Magnitude updated: 5.31 (M)
2025/08/17 12:26:04.615127 [Simulation:Info:toast@toast-new:Simulation not generated] Magnitude 5.31 of event bmg2025qayv is smaller than triggerMinMagnitude: no automatic simulation
2025/08/17 18:41:04.611388 [Incident:Info:toast@toast-new:Origin updated] Origin updated: OT: 2025-08-17 05:06:27,  Lat/Lon: -14.9526°/167.372°, Depth: 149.764
2025/08/17 18:41:04.614481 [Incident:Info:toast@toast-new:Magnitude updated] Magnitude updated: 5.22 (mb)
2025/08/17 18:41:04.614974 [Simulation:Info:toast@toast-new:Simulation not generated] Magnitude 5.22 of event bmg2025qayv is smaller than triggerMinMagnitude: no automatic simulation
2025/08/17 18:41:04.672359 [Incident:Info:toast@toast-new:Origin updated] Origin updated: OT: 2025-08-17 05:06:27,  Lat/Lon: -14.9526°/167.372°, Depth: 149.764
2025/08/17 18:41:04.672910 [Incident:Info:toast@toast-new:Magnitude updated] Magnitude updated: 5.32 (M)
2025/08/17 18:41:04.673266 [Simulation:Info:toast@toast-new:Simulation not generated] Magnitude 5.32 of event bmg2025qayv is smaller than triggerMinMagnitude: no automatic simulation
2025/08/17 18:41:09.471209 [Incident:Info:toast@toast-new:Origin updated] Origin updated: OT: 2025-08-17 05:06:27,  Lat/Lon: -14.9526°/167.372°, Depth: 149.764
2025/08/17 18:41:09.471978 [Incident:Info:toast@toast-new:Magnitude updated] Magnitude updated: 5.22 (mb)
2025/08/17 18:41:09.472485 [Simulation:Info:toast@toast-new:Simulation not generated] Magnitude 5.22 of event bmg2025qayv is smaller than triggerMinMagnitude: no automatic simulation
