2025/07/17 11:40:58.778150 [Incident:Info:toast@toast-new:Displacement(s) updated] Added 0 and changed 0 displacements with 0 amplitudes
2025/07/17 11:40:58.779018 [Incident:Info:toast@toast-new:Incident created] Incident created based on event received from messaging: OT: 2025-07-17 04:30:35,  Lat/Lon: 54.69°/-160.23°, Depth: 10.00, Mag: 5.79 (M)
2025/07/17 11:40:58.779710 [Simulation:Info:toast@toast-new:Simulation not generated] Magnitude 5.79 of event bmg2025nwha is smaller than triggerMinMagnitude: no automatic simulation
2025/07/17 11:40:59.206298 [Incident:Info:toast@toast-new:Origin updated] Origin updated: OT: 2025-07-17 04:30:35,  Lat/Lon: 54.6916°/-160.234°, Depth: 10
2025/07/17 11:40:59.206492 [Simulation:Info:toast@toast-new:Simulation not generated] Magnitude 5.79 of event bmg2025nwha is smaller than triggerMinMagnitude: no automatic simulation
2025/07/17 11:41:16.074008 [Incident:Info:toast@toast-new:Origin updated] Origin updated: OT: 2025-07-17 04:30:35,  Lat/Lon: 54.6916°/-160.234°, Depth: 10
2025/07/17 11:41:16.074246 [Incident:Info:toast@toast-new:Magnitude updated] Magnitude updated: 5.79 (M)
2025/07/17 11:41:16.074307 [Simulation:Info:toast@toast-new:Simulation not generated] Magnitude 5.79 of event bmg2025nwha is smaller than triggerMinMagnitude: no automatic simulation
2025/07/17 11:41:51.047218 [Incident:Info:toast@toast-new:Origin updated] Origin updated: OT: 2025-07-17 04:30:35,  Lat/Lon: 54.6916°/-160.234°, Depth: 10
2025/07/17 11:41:51.047426 [Incident:Info:toast@toast-new:Magnitude updated] Magnitude updated: 5.79 (M)
2025/07/17 11:41:51.047476 [Simulation:Info:toast@toast-new:Simulation not generated] Magnitude 5.79 of event bmg2025nwha is smaller than triggerMinMagnitude: no automatic simulation
2025/07/17 11:42:01.806051 [Incident:Info:toast@toast-new:Origin updated] Origin updated: OT: 2025-07-17 04:30:35,  Lat/Lon: 54.6868°/-160.231°, Depth: 10
2025/07/17 11:42:01.806246 [Incident:Info:toast@toast-new:Magnitude updated] Magnitude updated: 5.79 (M)
2025/07/17 11:42:01.806282 [Simulation:Info:toast@toast-new:Simulation not generated] Magnitude 5.79 of event bmg2025nwha is smaller than triggerMinMagnitude: no automatic simulation
2025/07/17 11:42:06.312180 [Incident:Info:toast@toast-new:Origin updated] Origin updated: OT: 2025-07-17 04:30:38,  Lat/Lon: 54.7147°/-160.315°, Depth: 37.405
2025/07/17 11:42:06.312378 [Incident:Info:toast@toast-new:Magnitude updated] Magnitude updated: 5.97 (mb)
2025/07/17 11:42:06.312420 [Simulation:Info:toast@toast-new:Simulation not generated] Magnitude 5.97 of event bmg2025nwha is smaller than triggerMinMagnitude: no automatic simulation
2025/07/17 11:42:06.335745 [Incident:Info:toast@toast-new:Origin updated] Origin updated: OT: 2025-07-17 04:30:38,  Lat/Lon: 54.7147°/-160.315°, Depth: 37.405
2025/07/17 11:42:06.335853 [Incident:Info:toast@toast-new:Magnitude updated] Magnitude updated: 5.79 (M)
2025/07/17 11:42:06.335891 [Simulation:Info:toast@toast-new:Simulation not generated] Magnitude 5.79 of event bmg2025nwha is smaller than triggerMinMagnitude: no automatic simulation
2025/07/17 14:51:32.880329 [Incident:Info:toast@toast-new:Origin updated] Origin updated: OT: 2025-07-17 04:30:38,  Lat/Lon: 54.7147°/-160.315°, Depth: 37.405
2025/07/17 14:51:32.880506 [Incident:Info:toast@toast-new:Magnitude updated] Magnitude updated: 5.74 (Mw(mB))
2025/07/17 14:51:32.880554 [Simulation:Info:toast@toast-new:Simulation not generated] Magnitude 5.74 of event bmg2025nwha is smaller than triggerMinMagnitude: no automatic simulation
2025/07/17 14:51:38.879891 [Incident:Info:toast@toast-new:Origin updated] Origin updated: OT: 2025-07-17 04:30:38,  Lat/Lon: 54.708°/-160.211°, Depth: 51.1937
2025/07/17 14:51:38.880114 [Incident:Info:toast@toast-new:Magnitude updated] Magnitude updated: 5.89 (Mw(mB))
2025/07/17 14:51:38.880159 [Simulation:Info:toast@toast-new:Simulation not generated] Magnitude 5.89 of event bmg2025nwha is smaller than triggerMinMagnitude: no automatic simulation
2025/07/17 14:52:03.200796 [Incident:Info:toast@toast-new:Origin updated] Origin updated: OT: 2025-07-17 04:30:38,  Lat/Lon: 54.708°/-160.211°, Depth: 51.1937
2025/07/17 14:52:03.200986 [Incident:Info:toast@toast-new:Magnitude updated] Magnitude updated: 5.89 (mb)
2025/07/17 14:52:03.201023 [Simulation:Info:toast@toast-new:Simulation not generated] Magnitude 5.89 of event bmg2025nwha is smaller than triggerMinMagnitude: no automatic simulation
2025/07/17 14:52:12.746508 [Incident:Info:toast@toast-new:Origin updated] Origin updated: OT: 2025-07-17 04:30:38,  Lat/Lon: 54.708°/-160.211°, Depth: 51.1937
2025/07/17 14:52:12.746697 [Simulation:Info:toast@toast-new:Simulation not generated] Magnitude 5.89 of event bmg2025nwha is smaller than triggerMinMagnitude: no automatic simulation
