2025/07/23 17:48:24.224917 [Incident:Info:toast@toast-new:Displacement(s) updated] Added 0 and changed 0 displacements with 0 amplitudes
2025/07/23 17:48:24.228253 [Incident:Info:toast@toast-new:Incident created] Incident created based on event received from messaging: OT: 2025-07-23 10:37:26,  Lat/Lon: 49.07°/82.46°, Depth: 34.46, Mag: 5.81 (M)
2025/07/23 17:48:24.229173 [Simulation:Info:toast@toast-new:Simulation not generated] Magnitude 5.81 of event bmg2025ohsd is smaller than triggerMinMagnitude: no automatic simulation
2025/07/23 17:48:24.262249 [Incident:Info:toast@toast-new:Origin updated] Origin updated: OT: 2025-07-23 10:37:26,  Lat/Lon: 49.0713°/82.4617°, Depth: 34.4648
2025/07/23 17:48:24.262542 [Simulation:Info:toast@toast-new:Simulation not generated] Magnitude 5.81 of event bmg2025ohsd is smaller than triggerMinMagnitude: no automatic simulation
2025/07/23 17:48:35.048991 [Incident:Info:toast@toast-new:Origin updated] Origin updated: OT: 2025-07-23 10:37:26,  Lat/Lon: 49.0713°/82.4617°, Depth: 34.4648
2025/07/23 17:48:35.049315 [Incident:Info:toast@toast-new:Magnitude updated] Magnitude updated: 5.88 (M)
2025/07/23 17:48:35.049495 [Simulation:Info:toast@toast-new:Simulation not generated] Magnitude 5.88 of event bmg2025ohsd is smaller than triggerMinMagnitude: no automatic simulation
2025/07/23 17:48:40.044765 [Incident:Info:toast@toast-new:Origin updated] Origin updated: OT: 2025-07-23 10:37:26,  Lat/Lon: 49.0713°/82.4617°, Depth: 34.4648
2025/07/23 17:48:40.046854 [Incident:Info:toast@toast-new:Magnitude updated] Magnitude updated: 5.88 (M)
2025/07/23 17:48:40.047036 [Simulation:Info:toast@toast-new:Simulation not generated] Magnitude 5.88 of event bmg2025ohsd is smaller than triggerMinMagnitude: no automatic simulation
2025/07/23 17:48:45.051777 [Incident:Info:toast@toast-new:Origin updated] Origin updated: OT: 2025-07-23 10:37:26,  Lat/Lon: 49.0713°/82.4617°, Depth: 34.4648
2025/07/23 17:48:45.052096 [Incident:Info:toast@toast-new:Magnitude updated] Magnitude updated: 5.85 (M)
2025/07/23 17:48:45.052289 [Simulation:Info:toast@toast-new:Simulation not generated] Magnitude 5.85 of event bmg2025ohsd is smaller than triggerMinMagnitude: no automatic simulation
2025/07/23 17:48:48.261792 [Incident:Info:toast@toast-new:Origin updated] Origin updated: OT: 2025-07-23 10:37:22,  Lat/Lon: 49.0181°/82.5095°, Depth: 10
2025/07/23 17:48:48.262167 [Incident:Info:toast@toast-new:Magnitude updated] Magnitude updated: 5.81 (M)
2025/07/23 17:48:48.262352 [Simulation:Info:toast@toast-new:Simulation not generated] Magnitude 5.81 of event bmg2025ohsd is smaller than triggerMinMagnitude: no automatic simulation
2025/07/23 17:48:55.075623 [Incident:Info:toast@toast-new:Origin updated] Origin updated: OT: 2025-07-23 10:37:22,  Lat/Lon: 49.0181°/82.5095°, Depth: 10
2025/07/23 17:48:55.075991 [Incident:Info:toast@toast-new:Magnitude updated] Magnitude updated: 5.73 (M)
2025/07/23 17:48:55.076209 [Simulation:Info:toast@toast-new:Simulation not generated] Magnitude 5.73 of event bmg2025ohsd is smaller than triggerMinMagnitude: no automatic simulation
2025/07/23 17:49:00.045701 [Incident:Info:toast@toast-new:Origin updated] Origin updated: OT: 2025-07-23 10:37:22,  Lat/Lon: 49.0181°/82.5095°, Depth: 10
2025/07/23 17:49:00.046046 [Incident:Info:toast@toast-new:Magnitude updated] Magnitude updated: 5.72 (M)
2025/07/23 17:49:00.046223 [Simulation:Info:toast@toast-new:Simulation not generated] Magnitude 5.72 of event bmg2025ohsd is smaller than triggerMinMagnitude: no automatic simulation
2025/07/23 17:49:05.046069 [Incident:Info:toast@toast-new:Origin updated] Origin updated: OT: 2025-07-23 10:37:22,  Lat/Lon: 49.0181°/82.5095°, Depth: 10
2025/07/23 17:49:05.047372 [Incident:Info:toast@toast-new:Magnitude updated] Magnitude updated: 5.70 (M)
2025/07/23 17:49:05.047726 [Simulation:Info:toast@toast-new:Simulation not generated] Magnitude 5.70 of event bmg2025ohsd is smaller than triggerMinMagnitude: no automatic simulation
2025/07/23 17:49:10.047391 [Incident:Info:toast@toast-new:Origin updated] Origin updated: OT: 2025-07-23 10:37:22,  Lat/Lon: 49.0181°/82.5095°, Depth: 10
2025/07/23 17:49:10.047780 [Incident:Info:toast@toast-new:Magnitude updated] Magnitude updated: 5.70 (M)
2025/07/23 17:49:10.047977 [Simulation:Info:toast@toast-new:Simulation not generated] Magnitude 5.70 of event bmg2025ohsd is smaller than triggerMinMagnitude: no automatic simulation
2025/07/23 17:49:15.055703 [Incident:Info:toast@toast-new:Origin updated] Origin updated: OT: 2025-07-23 10:37:22,  Lat/Lon: 49.0181°/82.5095°, Depth: 10
2025/07/23 17:49:15.056102 [Incident:Info:toast@toast-new:Magnitude updated] Magnitude updated: 5.76 (M)
2025/07/23 17:49:15.056348 [Simulation:Info:toast@toast-new:Simulation not generated] Magnitude 5.76 of event bmg2025ohsd is smaller than triggerMinMagnitude: no automatic simulation
2025/07/23 17:49:22.656963 [Incident:Info:toast@toast-new:Origin updated] Origin updated: OT: 2025-07-23 10:37:23,  Lat/Lon: 48.9444°/82.5226°, Depth: 10
2025/07/23 17:49:22.657383 [Incident:Info:toast@toast-new:Magnitude updated] Magnitude updated: 5.72 (M)
2025/07/23 17:49:22.657598 [Simulation:Info:toast@toast-new:Simulation not generated] Magnitude 5.72 of event bmg2025ohsd is smaller than triggerMinMagnitude: no automatic simulation
2025/07/23 17:49:23.142850 [Incident:Info:toast@toast-new:Origin updated] Origin updated: OT: 2025-07-23 10:37:26,  Lat/Lon: 49.0509°/82.5258°, Depth: 35.1784
2025/07/23 17:49:23.143314 [Incident:Info:toast@toast-new:Magnitude updated] Magnitude updated: 5.44 (mb)
2025/07/23 17:49:23.143574 [Simulation:Info:toast@toast-new:Simulation not generated] Magnitude 5.44 of event bmg2025ohsd is smaller than triggerMinMagnitude: no automatic simulation
2025/07/23 17:49:23.176601 [Incident:Info:toast@toast-new:Origin updated] Origin updated: OT: 2025-07-23 10:37:26,  Lat/Lon: 49.0509°/82.5258°, Depth: 35.1784
2025/07/23 17:49:23.177104 [Incident:Info:toast@toast-new:Magnitude updated] Magnitude updated: 5.62 (M)
2025/07/23 17:49:23.177443 [Simulation:Info:toast@toast-new:Simulation not generated] Magnitude 5.62 of event bmg2025ohsd is smaller than triggerMinMagnitude: no automatic simulation
2025/07/23 17:49:44.534721 [Incident:Info:toast@toast-new:Origin updated] Origin updated: OT: 2025-07-23 10:37:27,  Lat/Lon: 48.9745°/82.5316°, Depth: 38.6828
2025/07/23 17:49:44.535183 [Incident:Info:toast@toast-new:Magnitude updated] Magnitude updated: 5.44 (mb)
2025/07/23 17:49:44.535429 [Simulation:Info:toast@toast-new:Simulation not generated] Magnitude 5.44 of event bmg2025ohsd is smaller than triggerMinMagnitude: no automatic simulation
2025/07/23 17:49:44.566592 [Incident:Info:toast@toast-new:Origin updated] Origin updated: OT: 2025-07-23 10:37:27,  Lat/Lon: 48.9745°/82.5316°, Depth: 38.6828
2025/07/23 17:49:44.566936 [Incident:Info:toast@toast-new:Magnitude updated] Magnitude updated: 5.58 (M)
2025/07/23 17:49:44.567123 [Simulation:Info:toast@toast-new:Simulation not generated] Magnitude 5.58 of event bmg2025ohsd is smaller than triggerMinMagnitude: no automatic simulation
2025/07/23 17:49:50.073610 [Incident:Info:toast@toast-new:Origin updated] Origin updated: OT: 2025-07-23 10:37:27,  Lat/Lon: 48.9745°/82.5316°, Depth: 38.6828
2025/07/23 17:49:50.074101 [Incident:Info:toast@toast-new:Magnitude updated] Magnitude updated: 5.64 (M)
2025/07/23 17:49:50.074368 [Simulation:Info:toast@toast-new:Simulation not generated] Magnitude 5.64 of event bmg2025ohsd is smaller than triggerMinMagnitude: no automatic simulation
2025/07/23 23:58:50.646881 [Incident:Info:toast@toast-new:Origin updated] Origin updated: OT: 2025-07-23 10:37:25,  Lat/Lon: 49.0913°/82.5421°, Depth: 34.6807
2025/07/23 23:58:50.647395 [Incident:Info:toast@toast-new:Magnitude updated] Magnitude updated: 5.42 (mb)
2025/07/23 23:58:50.647614 [Simulation:Info:toast@toast-new:Simulation not generated] Magnitude 5.42 of event bmg2025ohsd is smaller than triggerMinMagnitude: no automatic simulation
2025/07/23 23:58:50.664837 [Incident:Info:toast@toast-new:Origin updated] Origin updated: OT: 2025-07-23 10:37:25,  Lat/Lon: 49.0913°/82.5421°, Depth: 34.6807
2025/07/23 23:58:50.665325 [Incident:Info:toast@toast-new:Magnitude updated] Magnitude updated: 5.50 (M)
2025/07/23 23:58:50.665596 [Simulation:Info:toast@toast-new:Simulation not generated] Magnitude 5.50 of event bmg2025ohsd is smaller than triggerMinMagnitude: no automatic simulation
2025/07/23 23:58:50.683756 [Incident:Info:toast@toast-new:Origin updated] Origin updated: OT: 2025-07-23 10:37:25,  Lat/Lon: 49.0913°/82.5421°, Depth: 34.6807
2025/07/23 23:58:50.684201 [Simulation:Info:toast@toast-new:Simulation not generated] Magnitude 5.50 of event bmg2025ohsd is smaller than triggerMinMagnitude: no automatic simulation
2025/07/23 23:59:31.653474 [Incident:Info:toast@toast-new:Origin updated] Origin updated: OT: 2025-07-23 10:37:25,  Lat/Lon: 49.0913°/82.5421°, Depth: 34.6807
2025/07/23 23:59:31.654194 [Incident:Info:toast@toast-new:Magnitude updated] Magnitude updated: 5.42 (mb)
2025/07/23 23:59:31.654683 [Simulation:Info:toast@toast-new:Simulation not generated] Magnitude 5.42 of event bmg2025ohsd is smaller than triggerMinMagnitude: no automatic simulation
