2025/09/13 14:14:20.578333 [Incident:Info:toast@toast-new:Displacement(s) updated] Added 0 and changed 0 displacements with 0 amplitudes
2025/09/13 14:14:20.578980 [Incident:Info:toast@toast-new:Incident created] Incident created based on event received from messaging: OT: 2025-09-13 07:03:46,  Lat/Lon: 51.31°/158.40°, Depth: 10.00, Mag: 5.03 (M)
2025/09/13 14:14:20.579812 [Simulation:Info:toast@toast-new:Simulation not generated] Magnitude 5.03 of event bmg2025rylg is smaller than triggerMinMagnitude: no automatic simulation
2025/09/13 14:14:20.606121 [Incident:Info:toast@toast-new:Origin updated] Origin updated: OT: 2025-09-13 07:03:46,  Lat/Lon: 51.3083°/158.403°, Depth: 10
2025/09/13 14:14:20.606337 [Simulation:Info:toast@toast-new:Simulation not generated] Magnitude 5.03 of event bmg2025rylg is smaller than triggerMinMagnitude: no automatic simulation
2025/09/13 14:14:28.607102 [Incident:Info:toast@toast-new:Origin updated] Origin updated: OT: 2025-09-13 07:03:46,  Lat/Lon: 51.3083°/158.403°, Depth: 10
2025/09/13 14:14:28.607267 [Incident:Info:toast@toast-new:Magnitude updated] Magnitude updated: 5.03 (M)
2025/09/13 14:14:28.607301 [Simulation:Info:toast@toast-new:Simulation not generated] Magnitude 5.03 of event bmg2025rylg is smaller than triggerMinMagnitude: no automatic simulation
2025/09/13 14:14:33.003430 [Incident:Info:toast@toast-new:Origin updated] Origin updated: OT: 2025-09-13 07:03:46,  Lat/Lon: 51.3028°/158.417°, Depth: 10
2025/09/13 14:14:33.003584 [Incident:Info:toast@toast-new:Magnitude updated] Magnitude updated: 5.03 (M)
2025/09/13 14:14:33.003615 [Simulation:Info:toast@toast-new:Simulation not generated] Magnitude 5.03 of event bmg2025rylg is smaller than triggerMinMagnitude: no automatic simulation
2025/09/13 14:14:33.599807 [Incident:Info:toast@toast-new:Origin updated] Origin updated: OT: 2025-09-13 07:03:46,  Lat/Lon: 51.3028°/158.417°, Depth: 10
2025/09/13 14:14:33.599971 [Incident:Info:toast@toast-new:Magnitude updated] Magnitude updated: 5.07 (M)
2025/09/13 14:14:33.600018 [Simulation:Info:toast@toast-new:Simulation not generated] Magnitude 5.07 of event bmg2025rylg is smaller than triggerMinMagnitude: no automatic simulation
2025/09/13 14:14:48.003651 [Incident:Info:toast@toast-new:Origin updated] Origin updated: OT: 2025-09-13 07:03:46,  Lat/Lon: 51.2993°/158.426°, Depth: 10
2025/09/13 14:14:48.003815 [Incident:Info:toast@toast-new:Magnitude updated] Magnitude updated: 5.07 (M)
2025/09/13 14:14:48.003843 [Simulation:Info:toast@toast-new:Simulation not generated] Magnitude 5.07 of event bmg2025rylg is smaller than triggerMinMagnitude: no automatic simulation
2025/09/13 14:14:53.596492 [Incident:Info:toast@toast-new:Origin updated] Origin updated: OT: 2025-09-13 07:03:46,  Lat/Lon: 51.2993°/158.426°, Depth: 10
2025/09/13 14:14:53.596662 [Incident:Info:toast@toast-new:Magnitude updated] Magnitude updated: 5.07 (M)
2025/09/13 14:14:53.596694 [Simulation:Info:toast@toast-new:Simulation not generated] Magnitude 5.07 of event bmg2025rylg is smaller than triggerMinMagnitude: no automatic simulation
2025/09/13 14:15:03.033941 [Incident:Info:toast@toast-new:Origin updated] Origin updated: OT: 2025-09-13 07:03:46,  Lat/Lon: 51.3022°/158.443°, Depth: 10
2025/09/13 14:15:03.034142 [Incident:Info:toast@toast-new:Magnitude updated] Magnitude updated: 5.10 (M)
2025/09/13 14:15:03.034180 [Simulation:Info:toast@toast-new:Simulation not generated] Magnitude 5.10 of event bmg2025rylg is smaller than triggerMinMagnitude: no automatic simulation
2025/09/13 14:15:13.615990 [Incident:Info:toast@toast-new:Origin updated] Origin updated: OT: 2025-09-13 07:03:46,  Lat/Lon: 51.3022°/158.443°, Depth: 10
2025/09/13 14:15:13.616173 [Incident:Info:toast@toast-new:Magnitude updated] Magnitude updated: 5.12 (M)
2025/09/13 14:15:13.616205 [Simulation:Info:toast@toast-new:Simulation not generated] Magnitude 5.12 of event bmg2025rylg is smaller than triggerMinMagnitude: no automatic simulation
2025/09/13 14:15:18.067240 [Incident:Info:toast@toast-new:Origin updated] Origin updated: OT: 2025-09-13 07:03:46,  Lat/Lon: 51.2987°/158.453°, Depth: 10
2025/09/13 14:15:18.067434 [Incident:Info:toast@toast-new:Magnitude updated] Magnitude updated: 5.12 (M)
2025/09/13 14:15:18.067468 [Simulation:Info:toast@toast-new:Simulation not generated] Magnitude 5.12 of event bmg2025rylg is smaller than triggerMinMagnitude: no automatic simulation
2025/09/13 14:15:33.582944 [Incident:Info:toast@toast-new:Origin updated] Origin updated: OT: 2025-09-13 07:03:46,  Lat/Lon: 51.2987°/158.453°, Depth: 10
2025/09/13 14:15:33.583135 [Incident:Info:toast@toast-new:Magnitude updated] Magnitude updated: 5.13 (M)
2025/09/13 14:15:33.583168 [Simulation:Info:toast@toast-new:Simulation not generated] Magnitude 5.13 of event bmg2025rylg is smaller than triggerMinMagnitude: no automatic simulation
2025/09/13 14:15:34.661658 [Incident:Info:toast@toast-new:Origin updated] Origin updated: OT: 2025-09-13 07:03:46,  Lat/Lon: 51.2932°/158.444°, Depth: 10
2025/09/13 14:15:34.661845 [Incident:Info:toast@toast-new:Magnitude updated] Magnitude updated: 5.13 (M)
2025/09/13 14:15:34.661886 [Simulation:Info:toast@toast-new:Simulation not generated] Magnitude 5.13 of event bmg2025rylg is smaller than triggerMinMagnitude: no automatic simulation
2025/09/13 14:15:43.594837 [Incident:Info:toast@toast-new:Origin updated] Origin updated: OT: 2025-09-13 07:03:46,  Lat/Lon: 51.2932°/158.444°, Depth: 10
2025/09/13 14:15:43.595002 [Incident:Info:toast@toast-new:Magnitude updated] Magnitude updated: 5.16 (M)
2025/09/13 14:15:43.595049 [Simulation:Info:toast@toast-new:Simulation not generated] Magnitude 5.16 of event bmg2025rylg is smaller than triggerMinMagnitude: no automatic simulation
2025/09/13 14:15:58.121576 [Incident:Info:toast@toast-new:Origin updated] Origin updated: OT: 2025-09-13 07:03:46,  Lat/Lon: 51.2932°/158.444°, Depth: 10
2025/09/13 14:15:58.121792 [Incident:Info:toast@toast-new:Magnitude updated] Magnitude updated: 5.18 (M)
2025/09/13 14:15:58.121841 [Simulation:Info:toast@toast-new:Simulation not generated] Magnitude 5.18 of event bmg2025rylg is smaller than triggerMinMagnitude: no automatic simulation
2025/09/13 14:15:58.151541 [Incident:Info:toast@toast-new:Origin updated] Origin updated: OT: 2025-09-13 07:03:46,  Lat/Lon: 51.286°/158.444°, Depth: 10
2025/09/13 14:15:58.151701 [Incident:Info:toast@toast-new:Magnitude updated] Magnitude updated: 5.18 (M)
2025/09/13 14:15:58.151744 [Simulation:Info:toast@toast-new:Simulation not generated] Magnitude 5.18 of event bmg2025rylg is smaller than triggerMinMagnitude: no automatic simulation
2025/09/13 14:16:03.583676 [Incident:Info:toast@toast-new:Origin updated] Origin updated: OT: 2025-09-13 07:03:46,  Lat/Lon: 51.286°/158.444°, Depth: 10
2025/09/13 14:16:03.583855 [Incident:Info:toast@toast-new:Magnitude updated] Magnitude updated: 5.20 (M)
2025/09/13 14:16:03.583888 [Simulation:Info:toast@toast-new:Simulation not generated] Magnitude 5.20 of event bmg2025rylg is smaller than triggerMinMagnitude: no automatic simulation
2025/09/13 14:16:23.124913 [Incident:Info:toast@toast-new:Origin updated] Origin updated: OT: 2025-09-13 07:03:46,  Lat/Lon: 51.2837°/158.447°, Depth: 10
2025/09/13 14:16:23.125108 [Incident:Info:toast@toast-new:Magnitude updated] Magnitude updated: 5.20 (M)
2025/09/13 14:16:23.125139 [Simulation:Info:toast@toast-new:Simulation not generated] Magnitude 5.20 of event bmg2025rylg is smaller than triggerMinMagnitude: no automatic simulation
2025/09/13 14:16:48.129389 [Incident:Info:toast@toast-new:Origin updated] Origin updated: OT: 2025-09-13 07:03:46,  Lat/Lon: 51.2946°/158.433°, Depth: 10
2025/09/13 14:16:48.129574 [Incident:Info:toast@toast-new:Magnitude updated] Magnitude updated: 5.20 (M)
2025/09/13 14:16:48.129605 [Simulation:Info:toast@toast-new:Simulation not generated] Magnitude 5.20 of event bmg2025rylg is smaller than triggerMinMagnitude: no automatic simulation
2025/09/13 14:17:18.140779 [Incident:Info:toast@toast-new:Origin updated] Origin updated: OT: 2025-09-13 07:03:46,  Lat/Lon: 51.2998°/158.43°, Depth: 10
2025/09/13 14:17:18.140969 [Incident:Info:toast@toast-new:Magnitude updated] Magnitude updated: 5.21 (M)
2025/09/13 14:17:18.141013 [Simulation:Info:toast@toast-new:Simulation not generated] Magnitude 5.21 of event bmg2025rylg is smaller than triggerMinMagnitude: no automatic simulation
2025/09/13 14:17:38.584579 [Incident:Info:toast@toast-new:Origin updated] Origin updated: OT: 2025-09-13 07:03:46,  Lat/Lon: 51.2998°/158.43°, Depth: 10
2025/09/13 14:17:38.584781 [Incident:Info:toast@toast-new:Magnitude updated] Magnitude updated: 5.22 (M)
2025/09/13 14:17:38.584816 [Simulation:Info:toast@toast-new:Simulation not generated] Magnitude 5.22 of event bmg2025rylg is smaller than triggerMinMagnitude: no automatic simulation
2025/09/13 14:17:48.153420 [Incident:Info:toast@toast-new:Origin updated] Origin updated: OT: 2025-09-13 07:03:46,  Lat/Lon: 51.295°/158.436°, Depth: 10
2025/09/13 14:17:48.153615 [Incident:Info:toast@toast-new:Magnitude updated] Magnitude updated: 5.22 (M)
2025/09/13 14:17:48.153648 [Simulation:Info:toast@toast-new:Simulation not generated] Magnitude 5.22 of event bmg2025rylg is smaller than triggerMinMagnitude: no automatic simulation
2025/09/13 14:21:31.358221 [Incident:Info:toast@toast-new:Origin updated] Origin updated: OT: 2025-09-13 07:03:46,  Lat/Lon: 51.2928°/158.429°, Depth: 10
2025/09/13 14:21:31.358431 [Incident:Info:toast@toast-new:Magnitude updated] Magnitude updated: 5.22 (M)
2025/09/13 14:21:31.358474 [Simulation:Info:toast@toast-new:Simulation not generated] Magnitude 5.22 of event bmg2025rylg is smaller than triggerMinMagnitude: no automatic simulation
2025/09/13 14:21:48.587706 [Incident:Info:toast@toast-new:Origin updated] Origin updated: OT: 2025-09-13 07:03:46,  Lat/Lon: 51.2928°/158.429°, Depth: 10
2025/09/13 14:21:48.587928 [Incident:Info:toast@toast-new:Magnitude updated] Magnitude updated: 5.27 (M)
2025/09/13 14:21:48.588000 [Simulation:Info:toast@toast-new:Simulation not generated] Magnitude 5.27 of event bmg2025rylg is smaller than triggerMinMagnitude: no automatic simulation
2025/09/13 14:22:12.393001 [Incident:Info:toast@toast-new:Origin updated] Origin updated: OT: 2025-09-13 07:03:47,  Lat/Lon: 51.2886°/158.452°, Depth: 14.1305
2025/09/13 14:22:12.393201 [Incident:Info:toast@toast-new:Magnitude updated] Magnitude updated: 5.37 (mb)
2025/09/13 14:22:12.393240 [Simulation:Info:toast@toast-new:Simulation not generated] Magnitude 5.37 of event bmg2025rylg is smaller than triggerMinMagnitude: no automatic simulation
2025/09/13 14:22:12.415898 [Incident:Info:toast@toast-new:Origin updated] Origin updated: OT: 2025-09-13 07:03:47,  Lat/Lon: 51.2886°/158.452°, Depth: 14.1305
2025/09/13 14:22:12.416007 [Incident:Info:toast@toast-new:Magnitude updated] Magnitude updated: 5.13 (M)
2025/09/13 14:22:12.416045 [Simulation:Info:toast@toast-new:Simulation not generated] Magnitude 5.13 of event bmg2025rylg is smaller than triggerMinMagnitude: no automatic simulation
2025/09/13 20:13:23.331266 [Incident:Info:toast@toast-new:Origin updated] Origin updated: OT: 2025-09-13 07:03:53,  Lat/Lon: 51.4303°/158.57°, Depth: 72.8022
2025/09/13 20:13:23.331459 [Incident:Info:toast@toast-new:Magnitude updated] Magnitude updated: 5.35 (mb)
2025/09/13 20:13:23.331503 [Simulation:Info:toast@toast-new:Simulation not generated] Magnitude 5.35 of event bmg2025rylg is smaller than triggerMinMagnitude: no automatic simulation
2025/09/13 20:13:23.347312 [Incident:Info:toast@toast-new:Origin updated] Origin updated: OT: 2025-09-13 07:03:53,  Lat/Lon: 51.4303°/158.57°, Depth: 72.8022
2025/09/13 20:13:23.347451 [Incident:Info:toast@toast-new:Magnitude updated] Magnitude updated: 5.33 (M)
2025/09/13 20:13:23.347495 [Simulation:Info:toast@toast-new:Simulation not generated] Magnitude 5.33 of event bmg2025rylg is smaller than triggerMinMagnitude: no automatic simulation
2025/09/13 20:14:03.952339 [Incident:Info:toast@toast-new:Origin updated] Origin updated: OT: 2025-09-13 07:03:53,  Lat/Lon: 51.4303°/158.57°, Depth: 72.8022
2025/09/13 20:14:03.952524 [Incident:Info:toast@toast-new:Magnitude updated] Magnitude updated: 5.35 (mb)
2025/09/13 20:14:03.952578 [Simulation:Info:toast@toast-new:Simulation not generated] Magnitude 5.35 of event bmg2025rylg is smaller than triggerMinMagnitude: no automatic simulation
2025/09/15 18:40:39.904296 [Incident:Info:toast@toast-new:Origin updated] Origin updated: OT: 2025-09-13 07:03:52,  Lat/Lon: 51.4026°/158.505°, Depth: 66.2694
2025/09/15 18:40:39.908704 [Incident:Info:toast@toast-new:Magnitude updated] Magnitude updated: 5.35 (mb)
2025/09/15 18:40:39.908839 [Simulation:Info:toast@toast-new:Simulation not generated] Magnitude 5.35 of event bmg2025rylg is smaller than triggerMinMagnitude: no automatic simulation
2025/09/15 18:40:45.669990 [Incident:Info:toast@toast-new:Origin updated] Origin updated: OT: 2025-09-13 07:03:52,  Lat/Lon: 51.4026°/158.505°, Depth: 66.2694
2025/09/15 18:40:45.670252 [Simulation:Info:toast@toast-new:Simulation not generated] Magnitude 5.35 of event bmg2025rylg is smaller than triggerMinMagnitude: no automatic simulation
2025/09/15 18:40:45.692736 [Incident:Info:toast@toast-new:Origin updated] Origin updated: OT: 2025-09-13 07:03:52,  Lat/Lon: 51.4026°/158.505°, Depth: 66.2694
2025/09/15 18:40:45.692888 [Incident:Info:toast@toast-new:Magnitude updated] Magnitude updated: 5.26 (M)
2025/09/15 18:40:45.692935 [Simulation:Info:toast@toast-new:Simulation not generated] Magnitude 5.26 of event bmg2025rylg is smaller than triggerMinMagnitude: no automatic simulation
2025/09/15 18:40:49.834675 [Incident:Info:toast@toast-new:Origin updated] Origin updated: OT: 2025-09-13 07:03:52,  Lat/Lon: 51.4026°/158.505°, Depth: 66.2694
2025/09/15 18:40:49.835079 [Incident:Info:toast@toast-new:Magnitude updated] Magnitude updated: 5.35 (mb)
2025/09/15 18:40:49.835146 [Simulation:Info:toast@toast-new:Simulation not generated] Magnitude 5.35 of event bmg2025rylg is smaller than triggerMinMagnitude: no automatic simulation
