2025/09/08 08:40:23.635966 [Incident:Info:toast@toast-new:Displacement(s) updated] Added 0 and changed 0 displacements with 0 amplitudes
2025/09/08 08:40:23.636269 [Incident:Info:toast@toast-new:Incident created] Incident created based on event received from messaging: OT: 2025-09-08 01:27:36,  Lat/Lon: -50.39°/163.24°, Depth: 124.40, Mag: 5.07 (M)
2025/09/08 08:40:23.637688 [Simulation:Info:toast@toast-new:Simulation not generated] Magnitude 5.07 of event bmg2025rowr is smaller than triggerMinMagnitude: no automatic simulation
2025/09/08 08:40:23.658020 [Incident:Info:toast@toast-new:Origin updated] Origin updated: OT: 2025-09-08 01:27:36,  Lat/Lon: -50.3864°/163.237°, Depth: 124.403
2025/09/08 08:40:23.658137 [Simulation:Info:toast@toast-new:Simulation not generated] Magnitude 5.07 of event bmg2025rowr is smaller than triggerMinMagnitude: no automatic simulation
2025/09/08 08:40:33.580716 [Incident:Info:toast@toast-new:Origin updated] Origin updated: OT: 2025-09-08 01:27:36,  Lat/Lon: -50.3864°/163.237°, Depth: 124.403
2025/09/08 08:40:33.580855 [Incident:Info:toast@toast-new:Magnitude updated] Magnitude updated: 5.07 (M)
2025/09/08 08:40:33.580889 [Simulation:Info:toast@toast-new:Simulation not generated] Magnitude 5.07 of event bmg2025rowr is smaller than triggerMinMagnitude: no automatic simulation
2025/09/08 08:40:48.550288 [Incident:Info:toast@toast-new:Origin updated] Origin updated: OT: 2025-09-08 01:27:36,  Lat/Lon: -50.3755°/163.214°, Depth: 122.211
2025/09/08 08:40:48.550434 [Incident:Info:toast@toast-new:Magnitude updated] Magnitude updated: 5.09 (M)
2025/09/08 08:40:48.550458 [Simulation:Info:toast@toast-new:Simulation not generated] Magnitude 5.09 of event bmg2025rowr is smaller than triggerMinMagnitude: no automatic simulation
2025/09/08 08:47:32.553540 [Incident:Info:toast@toast-new:Origin updated] Origin updated: OT: 2025-09-08 01:27:36,  Lat/Lon: -50.3755°/163.214°, Depth: 122.211
2025/09/08 08:47:32.553655 [Simulation:Info:toast@toast-new:Simulation not generated] Magnitude 5.09 of event bmg2025rowr is smaller than triggerMinMagnitude: no automatic simulation
2025/09/08 08:54:59.701620 [Incident:Info:toast@toast-new:Origin updated] Origin updated: OT: 2025-09-08 01:27:36,  Lat/Lon: -50.3755°/163.214°, Depth: 122.211
2025/09/08 08:54:59.701767 [Simulation:Info:toast@toast-new:Simulation not generated] Magnitude 5.09 of event bmg2025rowr is smaller than triggerMinMagnitude: no automatic simulation
2025/09/08 10:26:44.229729 [Incident:Info:toast@toast-new:Origin updated] Origin updated: OT: 2025-09-08 01:27:25,  Lat/Lon: -50.7186°/162.518°, Depth: 10
2025/09/08 10:26:44.229854 [Incident:Info:toast@toast-new:Magnitude updated] Magnitude updated: 5.16 (mb)
2025/09/08 10:26:44.229889 [Simulation:Info:toast@toast-new:Simulation not generated] Magnitude 5.16 of event bmg2025rowr is smaller than triggerMinMagnitude: no automatic simulation
2025/09/08 10:26:44.325011 [Incident:Info:toast@toast-new:Origin updated] Origin updated: OT: 2025-09-08 01:27:25,  Lat/Lon: -50.7186°/162.518°, Depth: 10
2025/09/08 10:26:44.325105 [Incident:Info:toast@toast-new:Magnitude updated] Magnitude updated: 5.31 (M)
2025/09/08 10:26:44.325136 [Simulation:Info:toast@toast-new:Simulation not generated] Magnitude 5.31 of event bmg2025rowr is smaller than triggerMinMagnitude: no automatic simulation
2025/09/08 10:27:01.162496 [Incident:Info:toast@toast-new:Origin updated] Origin updated: OT: 2025-09-08 01:27:25,  Lat/Lon: -50.7186°/162.518°, Depth: 10
2025/09/08 10:27:01.162661 [Simulation:Info:toast@toast-new:Simulation not generated] Magnitude 5.31 of event bmg2025rowr is smaller than triggerMinMagnitude: no automatic simulation
2025/09/08 10:27:01.187584 [Incident:Info:toast@toast-new:Origin updated] Origin updated: OT: 2025-09-08 01:27:25,  Lat/Lon: -50.7186°/162.518°, Depth: 10
2025/09/08 10:27:01.187687 [Incident:Info:toast@toast-new:Magnitude updated] Magnitude updated: 5.16 (mb)
2025/09/08 10:27:01.187731 [Simulation:Info:toast@toast-new:Simulation not generated] Magnitude 5.16 of event bmg2025rowr is smaller than triggerMinMagnitude: no automatic simulation
