2025/08/19 06:13:47.543144 [Incident:Info:toast@toast-new:Displacement(s) updated] Added 0 and changed 0 displacements with 0 amplitudes
2025/08/19 06:13:47.543874 [Incident:Info:toast@toast-new:Incident created] Incident created based on event received from messaging: OT: 2025-08-18 23:03:13,  Lat/Lon: -24.19°/-175.30°, Depth: 88.54, Mag: 5.79 (M)
2025/08/19 06:13:47.544537 [Simulation:Info:toast@toast-new:Simulation not generated] Magnitude 5.79 of event bmg2025qedv is smaller than triggerMinMagnitude: no automatic simulation
2025/08/19 06:13:47.579291 [Incident:Info:toast@toast-new:Origin updated] Origin updated: OT: 2025-08-18 23:03:13,  Lat/Lon: -24.1898°/-175.303°, Depth: 88.5388
2025/08/19 06:13:47.579714 [Simulation:Info:toast@toast-new:Simulation not generated] Magnitude 5.79 of event bmg2025qedv is smaller than triggerMinMagnitude: no automatic simulation
2025/08/19 06:13:56.671364 [Incident:Info:toast@toast-new:Origin updated] Origin updated: OT: 2025-08-18 23:03:14,  Lat/Lon: -24.0896°/-175.323°, Depth: 91.6976
2025/08/19 06:13:56.707983 [Incident:Info:toast@toast-new:Magnitude updated] Magnitude updated: 5.72 (M)
2025/08/19 06:13:56.708350 [Simulation:Info:toast@toast-new:Simulation not generated] Magnitude 5.72 of event bmg2025qedv is smaller than triggerMinMagnitude: no automatic simulation
2025/08/19 06:14:00.061171 [Incident:Info:toast@toast-new:Origin updated] Origin updated: OT: 2025-08-18 23:03:14,  Lat/Lon: -24.0896°/-175.323°, Depth: 91.6976
2025/08/19 06:14:00.061566 [Incident:Info:toast@toast-new:Magnitude updated] Magnitude updated: 5.71 (M)
2025/08/19 06:14:00.061753 [Simulation:Info:toast@toast-new:Simulation not generated] Magnitude 5.71 of event bmg2025qedv is smaller than triggerMinMagnitude: no automatic simulation
2025/08/19 06:14:07.447737 [Incident:Info:toast@toast-new:Origin updated] Origin updated: OT: 2025-08-18 23:03:14,  Lat/Lon: -24.0896°/-175.323°, Depth: 91.6976
2025/08/19 06:14:07.448120 [Incident:Info:toast@toast-new:Magnitude updated] Magnitude updated: 5.73 (M)
2025/08/19 06:14:07.448306 [Simulation:Info:toast@toast-new:Simulation not generated] Magnitude 5.73 of event bmg2025qedv is smaller than triggerMinMagnitude: no automatic simulation
2025/08/19 06:14:07.472829 [Incident:Info:toast@toast-new:Origin updated] Origin updated: OT: 2025-08-18 23:03:15,  Lat/Lon: -24.0027°/-175.342°, Depth: 95.493
2025/08/19 06:14:07.473161 [Incident:Info:toast@toast-new:Magnitude updated] Magnitude updated: 5.72 (M)
2025/08/19 06:14:07.473284 [Simulation:Info:toast@toast-new:Simulation not generated] Magnitude 5.72 of event bmg2025qedv is smaller than triggerMinMagnitude: no automatic simulation
2025/08/19 06:14:10.064160 [Incident:Info:toast@toast-new:Origin updated] Origin updated: OT: 2025-08-18 23:03:15,  Lat/Lon: -24.0027°/-175.342°, Depth: 95.493
2025/08/19 06:14:10.064684 [Incident:Info:toast@toast-new:Magnitude updated] Magnitude updated: 5.69 (M)
2025/08/19 06:14:10.064976 [Simulation:Info:toast@toast-new:Simulation not generated] Magnitude 5.69 of event bmg2025qedv is smaller than triggerMinMagnitude: no automatic simulation
2025/08/19 06:14:32.348112 [Incident:Info:toast@toast-new:Origin updated] Origin updated: OT: 2025-08-18 23:03:15,  Lat/Lon: -24.0026°/-175.342°, Depth: 95.5071
2025/08/19 06:14:32.348603 [Incident:Info:toast@toast-new:Magnitude updated] Magnitude updated: 5.64 (M)
2025/08/19 06:14:32.348845 [Simulation:Info:toast@toast-new:Simulation not generated] Magnitude 5.64 of event bmg2025qedv is smaller than triggerMinMagnitude: no automatic simulation
2025/08/19 06:14:35.076347 [Incident:Info:toast@toast-new:Origin updated] Origin updated: OT: 2025-08-18 23:03:15,  Lat/Lon: -24.0026°/-175.342°, Depth: 95.5071
2025/08/19 06:14:35.076773 [Incident:Info:toast@toast-new:Magnitude updated] Magnitude updated: 5.64 (M)
2025/08/19 06:14:35.076993 [Simulation:Info:toast@toast-new:Simulation not generated] Magnitude 5.64 of event bmg2025qedv is smaller than triggerMinMagnitude: no automatic simulation
2025/08/19 06:14:45.065041 [Incident:Info:toast@toast-new:Origin updated] Origin updated: OT: 2025-08-18 23:03:15,  Lat/Lon: -24.0026°/-175.342°, Depth: 95.5071
2025/08/19 06:14:45.065503 [Incident:Info:toast@toast-new:Magnitude updated] Magnitude updated: 5.64 (M)
2025/08/19 06:14:45.065725 [Simulation:Info:toast@toast-new:Simulation not generated] Magnitude 5.64 of event bmg2025qedv is smaller than triggerMinMagnitude: no automatic simulation
2025/08/19 06:14:47.455256 [Incident:Info:toast@toast-new:Origin updated] Origin updated: OT: 2025-08-18 23:03:15,  Lat/Lon: -23.997°/-175.339°, Depth: 96.879
2025/08/19 06:14:47.455718 [Incident:Info:toast@toast-new:Magnitude updated] Magnitude updated: 5.63 (M)
2025/08/19 06:14:47.455942 [Simulation:Info:toast@toast-new:Simulation not generated] Magnitude 5.63 of event bmg2025qedv is smaller than triggerMinMagnitude: no automatic simulation
2025/08/19 06:15:00.054950 [Incident:Info:toast@toast-new:Origin updated] Origin updated: OT: 2025-08-18 23:03:15,  Lat/Lon: -23.997°/-175.339°, Depth: 96.879
2025/08/19 06:15:00.055456 [Incident:Info:toast@toast-new:Magnitude updated] Magnitude updated: 5.60 (M)
2025/08/19 06:15:00.055708 [Simulation:Info:toast@toast-new:Simulation not generated] Magnitude 5.60 of event bmg2025qedv is smaller than triggerMinMagnitude: no automatic simulation
2025/08/19 06:15:02.431380 [Incident:Info:toast@toast-new:Origin updated] Origin updated: OT: 2025-08-18 23:03:15,  Lat/Lon: -23.9841°/-175.332°, Depth: 100.475
2025/08/19 06:15:02.431906 [Incident:Info:toast@toast-new:Magnitude updated] Magnitude updated: 5.60 (M)
2025/08/19 06:15:02.432192 [Simulation:Info:toast@toast-new:Simulation not generated] Magnitude 5.60 of event bmg2025qedv is smaller than triggerMinMagnitude: no automatic simulation
2025/08/19 06:15:10.052987 [Incident:Info:toast@toast-new:Origin updated] Origin updated: OT: 2025-08-18 23:03:15,  Lat/Lon: -23.9841°/-175.332°, Depth: 100.475
2025/08/19 06:15:10.053576 [Incident:Info:toast@toast-new:Magnitude updated] Magnitude updated: 5.61 (M)
2025/08/19 06:15:10.053882 [Simulation:Info:toast@toast-new:Simulation not generated] Magnitude 5.61 of event bmg2025qedv is smaller than triggerMinMagnitude: no automatic simulation
2025/08/19 06:15:17.480098 [Incident:Info:toast@toast-new:Origin updated] Origin updated: OT: 2025-08-18 23:03:14,  Lat/Lon: -24.0156°/-175.358°, Depth: 92.6924
2025/08/19 06:15:17.480836 [Incident:Info:toast@toast-new:Magnitude updated] Magnitude updated: 5.62 (M)
2025/08/19 06:15:17.481294 [Simulation:Info:toast@toast-new:Simulation not generated] Magnitude 5.62 of event bmg2025qedv is smaller than triggerMinMagnitude: no automatic simulation
2025/08/19 06:15:30.041691 [Incident:Info:toast@toast-new:Origin updated] Origin updated: OT: 2025-08-18 23:03:14,  Lat/Lon: -24.0156°/-175.358°, Depth: 92.6924
2025/08/19 06:15:30.042242 [Incident:Info:toast@toast-new:Magnitude updated] Magnitude updated: 5.60 (M)
2025/08/19 06:15:30.042532 [Simulation:Info:toast@toast-new:Simulation not generated] Magnitude 5.60 of event bmg2025qedv is smaller than triggerMinMagnitude: no automatic simulation
2025/08/19 06:15:35.054983 [Incident:Info:toast@toast-new:Origin updated] Origin updated: OT: 2025-08-18 23:03:14,  Lat/Lon: -24.0156°/-175.358°, Depth: 92.6924
2025/08/19 06:15:35.055557 [Incident:Info:toast@toast-new:Magnitude updated] Magnitude updated: 5.58 (M)
2025/08/19 06:15:35.055846 [Simulation:Info:toast@toast-new:Simulation not generated] Magnitude 5.58 of event bmg2025qedv is smaller than triggerMinMagnitude: no automatic simulation
2025/08/19 06:15:40.084204 [Incident:Info:toast@toast-new:Origin updated] Origin updated: OT: 2025-08-18 23:03:14,  Lat/Lon: -24.0156°/-175.358°, Depth: 92.6924
2025/08/19 06:15:40.084719 [Incident:Info:toast@toast-new:Magnitude updated] Magnitude updated: 5.58 (M)
2025/08/19 06:15:40.085006 [Simulation:Info:toast@toast-new:Simulation not generated] Magnitude 5.58 of event bmg2025qedv is smaller than triggerMinMagnitude: no automatic simulation
2025/08/19 06:16:00.037304 [Incident:Info:toast@toast-new:Origin updated] Origin updated: OT: 2025-08-18 23:03:14,  Lat/Lon: -24.0156°/-175.358°, Depth: 92.6924
2025/08/19 06:16:00.037879 [Incident:Info:toast@toast-new:Magnitude updated] Magnitude updated: 5.57 (M)
2025/08/19 06:16:00.038179 [Simulation:Info:toast@toast-new:Simulation not generated] Magnitude 5.57 of event bmg2025qedv is smaller than triggerMinMagnitude: no automatic simulation
2025/08/19 06:16:05.891921 [Incident:Info:toast@toast-new:Origin updated] Origin updated: OT: 2025-08-18 23:03:14,  Lat/Lon: -23.9956°/-175.375°, Depth: 91.2771
2025/08/19 06:16:05.892563 [Incident:Info:toast@toast-new:Magnitude updated] Magnitude updated: 5.57 (M)
2025/08/19 06:16:05.892905 [Simulation:Info:toast@toast-new:Simulation not generated] Magnitude 5.57 of event bmg2025qedv is smaller than triggerMinMagnitude: no automatic simulation
2025/08/19 06:16:10.046126 [Incident:Info:toast@toast-new:Origin updated] Origin updated: OT: 2025-08-18 23:03:14,  Lat/Lon: -23.9956°/-175.375°, Depth: 91.2771
2025/08/19 06:16:10.046926 [Incident:Info:toast@toast-new:Magnitude updated] Magnitude updated: 5.58 (M)
2025/08/19 06:16:10.047458 [Simulation:Info:toast@toast-new:Simulation not generated] Magnitude 5.58 of event bmg2025qedv is smaller than triggerMinMagnitude: no automatic simulation
2025/08/19 06:16:15.040493 [Incident:Info:toast@toast-new:Origin updated] Origin updated: OT: 2025-08-18 23:03:14,  Lat/Lon: -23.9956°/-175.375°, Depth: 91.2771
2025/08/19 06:16:15.041142 [Incident:Info:toast@toast-new:Magnitude updated] Magnitude updated: 5.58 (M)
2025/08/19 06:16:15.041469 [Simulation:Info:toast@toast-new:Simulation not generated] Magnitude 5.58 of event bmg2025qedv is smaller than triggerMinMagnitude: no automatic simulation
2025/08/19 06:16:30.039159 [Incident:Info:toast@toast-new:Origin updated] Origin updated: OT: 2025-08-18 23:03:14,  Lat/Lon: -23.9956°/-175.375°, Depth: 91.2771
2025/08/19 06:16:30.039811 [Incident:Info:toast@toast-new:Magnitude updated] Magnitude updated: 5.59 (M)
2025/08/19 06:16:30.040153 [Simulation:Info:toast@toast-new:Simulation not generated] Magnitude 5.59 of event bmg2025qedv is smaller than triggerMinMagnitude: no automatic simulation
2025/08/19 06:16:39.149191 [Incident:Info:toast@toast-new:Origin updated] Origin updated: OT: 2025-08-18 23:03:06,  Lat/Lon: -24.0277°/-175.595°, Depth: 10
2025/08/19 06:16:39.149848 [Incident:Info:toast@toast-new:Magnitude updated] Magnitude updated: 5.59 (M)
2025/08/19 06:16:39.150235 [Simulation:Info:toast@toast-new:Simulation not generated] Magnitude 5.59 of event bmg2025qedv is smaller than triggerMinMagnitude: no automatic simulation
2025/08/19 06:16:40.033751 [Incident:Info:toast@toast-new:Origin updated] Origin updated: OT: 2025-08-18 23:03:06,  Lat/Lon: -24.0277°/-175.595°, Depth: 10
2025/08/19 06:16:40.034420 [Incident:Info:toast@toast-new:Magnitude updated] Magnitude updated: 5.59 (M)
2025/08/19 06:16:40.034793 [Simulation:Info:toast@toast-new:Simulation not generated] Magnitude 5.59 of event bmg2025qedv is smaller than triggerMinMagnitude: no automatic simulation
2025/08/19 06:16:50.041285 [Incident:Info:toast@toast-new:Origin updated] Origin updated: OT: 2025-08-18 23:03:06,  Lat/Lon: -24.0277°/-175.595°, Depth: 10
2025/08/19 06:16:50.041978 [Incident:Info:toast@toast-new:Magnitude updated] Magnitude updated: 5.57 (M)
2025/08/19 06:16:50.042385 [Simulation:Info:toast@toast-new:Simulation not generated] Magnitude 5.57 of event bmg2025qedv is smaller than triggerMinMagnitude: no automatic simulation
2025/08/19 06:16:55.976370 [Incident:Info:toast@toast-new:Origin updated] Origin updated: OT: 2025-08-18 23:03:06,  Lat/Lon: -24.0546°/-175.606°, Depth: 10
2025/08/19 06:16:55.977076 [Incident:Info:toast@toast-new:Magnitude updated] Magnitude updated: 5.57 (M)
2025/08/19 06:16:55.977485 [Simulation:Info:toast@toast-new:Simulation not generated] Magnitude 5.57 of event bmg2025qedv is smaller than triggerMinMagnitude: no automatic simulation
2025/08/19 06:17:20.033822 [Incident:Info:toast@toast-new:Origin updated] Origin updated: OT: 2025-08-18 23:03:06,  Lat/Lon: -24.0546°/-175.606°, Depth: 10
2025/08/19 06:17:20.034590 [Incident:Info:toast@toast-new:Magnitude updated] Magnitude updated: 5.60 (M)
2025/08/19 06:17:20.035019 [Simulation:Info:toast@toast-new:Simulation not generated] Magnitude 5.60 of event bmg2025qedv is smaller than triggerMinMagnitude: no automatic simulation
2025/08/19 06:17:31.746695 [Incident:Info:toast@toast-new:Origin updated] Origin updated: OT: 2025-08-18 23:03:06,  Lat/Lon: -24.0785°/-175.616°, Depth: 10
2025/08/19 06:17:31.747376 [Incident:Info:toast@toast-new:Magnitude updated] Magnitude updated: 5.61 (M)
2025/08/19 06:17:31.747768 [Simulation:Info:toast@toast-new:Simulation not generated] Magnitude 5.61 of event bmg2025qedv is smaller than triggerMinMagnitude: no automatic simulation
2025/08/19 06:17:55.048097 [Incident:Info:toast@toast-new:Origin updated] Origin updated: OT: 2025-08-18 23:03:06,  Lat/Lon: -24.0785°/-175.616°, Depth: 10
2025/08/19 06:17:55.049143 [Incident:Info:toast@toast-new:Magnitude updated] Magnitude updated: 5.62 (M)
2025/08/19 06:17:55.049832 [Simulation:Info:toast@toast-new:Simulation not generated] Magnitude 5.62 of event bmg2025qedv is smaller than triggerMinMagnitude: no automatic simulation
2025/08/19 06:23:22.631911 [Incident:Info:toast@toast-new:Origin updated] Origin updated: OT: 2025-08-18 23:03:06,  Lat/Lon: -24.0785°/-175.616°, Depth: 10
2025/08/19 06:23:22.632688 [Simulation:Info:toast@toast-new:Simulation not generated] Magnitude 5.62 of event bmg2025qedv is smaller than triggerMinMagnitude: no automatic simulation
2025/08/19 06:23:48.776062 [Incident:Info:toast@toast-new:Origin updated] Origin updated: OT: 2025-08-18 23:03:06,  Lat/Lon: -24.0785°/-175.616°, Depth: 10
2025/08/19 06:23:48.776816 [Incident:Info:toast@toast-new:FM updated] FM updated
2025/08/19 06:23:48.777463 [Simulation:Info:toast@toast-new:Simulation not generated] Magnitude 5.62 of event bmg2025qedv is smaller than triggerMinMagnitude: no automatic simulation
2025/08/19 06:23:56.628048 [Incident:Info:toast@toast-new:Origin updated] Origin updated: OT: 2025-08-18 23:03:06,  Lat/Lon: -24.0785°/-175.616°, Depth: 10
2025/08/19 06:23:56.629014 [Simulation:Info:toast@toast-new:Simulation not generated] Magnitude 5.62 of event bmg2025qedv is smaller than triggerMinMagnitude: no automatic simulation
2025/08/19 06:24:06.360964 [Incident:Info:toast@toast-new:Origin updated] Origin updated: OT: 2025-08-18 23:03:06,  Lat/Lon: -24.0785°/-175.616°, Depth: 10
2025/08/19 06:24:06.361663 [Simulation:Info:toast@toast-new:Simulation not generated] Magnitude 5.62 of event bmg2025qedv is smaller than triggerMinMagnitude: no automatic simulation
2025/08/19 06:25:18.371030 [Incident:Info:toast@toast-new:Origin updated] Origin updated: OT: 2025-08-18 23:03:06,  Lat/Lon: -24.0785°/-175.616°, Depth: 10
2025/08/19 06:25:18.371869 [Incident:Info:toast@toast-new:FM updated] FM updated
2025/08/19 06:25:18.372523 [Simulation:Info:toast@toast-new:Simulation not generated] Magnitude 5.62 of event bmg2025qedv is smaller than triggerMinMagnitude: no automatic simulation
2025/08/19 06:25:26.548316 [Incident:Info:toast@toast-new:Origin updated] Origin updated: OT: 2025-08-18 23:03:06,  Lat/Lon: -24.0785°/-175.616°, Depth: 10
2025/08/19 06:25:26.549119 [Simulation:Info:toast@toast-new:Simulation not generated] Magnitude 5.62 of event bmg2025qedv is smaller than triggerMinMagnitude: no automatic simulation
2025/08/19 06:25:36.853005 [Incident:Info:toast@toast-new:Origin updated] Origin updated: OT: 2025-08-18 23:03:06,  Lat/Lon: -24.0785°/-175.616°, Depth: 10
2025/08/19 06:25:36.853830 [Simulation:Info:toast@toast-new:Simulation not generated] Magnitude 5.62 of event bmg2025qedv is smaller than triggerMinMagnitude: no automatic simulation
2025/08/19 06:25:47.061629 [Incident:Info:toast@toast-new:Origin updated] Origin updated: OT: 2025-08-18 23:03:06,  Lat/Lon: -24.0785°/-175.616°, Depth: 10
2025/08/19 06:25:47.062464 [Simulation:Info:toast@toast-new:Simulation not generated] Magnitude 5.62 of event bmg2025qedv is smaller than triggerMinMagnitude: no automatic simulation
2025/08/19 06:25:57.137025 [Incident:Info:toast@toast-new:Origin updated] Origin updated: OT: 2025-08-18 23:03:06,  Lat/Lon: -24.0785°/-175.616°, Depth: 10
2025/08/19 06:25:57.137889 [Incident:Info:toast@toast-new:FM updated] FM updated
2025/08/19 06:25:57.138645 [Simulation:Info:toast@toast-new:Simulation not generated] Magnitude 5.62 of event bmg2025qedv is smaller than triggerMinMagnitude: no automatic simulation
2025/08/19 06:26:06.909943 [Incident:Info:toast@toast-new:Origin updated] Origin updated: OT: 2025-08-18 23:03:06,  Lat/Lon: -24.0785°/-175.616°, Depth: 10
2025/08/19 06:26:06.910705 [Simulation:Info:toast@toast-new:Simulation not generated] Magnitude 5.62 of event bmg2025qedv is smaller than triggerMinMagnitude: no automatic simulation
2025/08/19 06:26:17.119635 [Incident:Info:toast@toast-new:Origin updated] Origin updated: OT: 2025-08-18 23:03:06,  Lat/Lon: -24.0785°/-175.616°, Depth: 10
2025/08/19 06:26:17.120508 [Incident:Info:toast@toast-new:FM updated] FM updated
2025/08/19 06:26:17.121244 [Simulation:Info:toast@toast-new:Simulation not generated] Magnitude 5.62 of event bmg2025qedv is smaller than triggerMinMagnitude: no automatic simulation
2025/08/19 06:26:27.178727 [Incident:Info:toast@toast-new:Origin updated] Origin updated: OT: 2025-08-18 23:03:06,  Lat/Lon: -24.0785°/-175.616°, Depth: 10
2025/08/19 06:26:27.179630 [Incident:Info:toast@toast-new:FM updated] FM updated
2025/08/19 06:26:27.180400 [Simulation:Info:toast@toast-new:Simulation not generated] Magnitude 5.62 of event bmg2025qedv is smaller than triggerMinMagnitude: no automatic simulation
2025/08/19 06:26:37.081665 [Incident:Info:toast@toast-new:Origin updated] Origin updated: OT: 2025-08-18 23:03:06,  Lat/Lon: -24.0785°/-175.616°, Depth: 10
2025/08/19 06:26:37.082517 [Simulation:Info:toast@toast-new:Simulation not generated] Magnitude 5.62 of event bmg2025qedv is smaller than triggerMinMagnitude: no automatic simulation
2025/08/19 06:26:47.337574 [Incident:Info:toast@toast-new:Origin updated] Origin updated: OT: 2025-08-18 23:03:06,  Lat/Lon: -24.0785°/-175.616°, Depth: 10
2025/08/19 06:26:47.338447 [Simulation:Info:toast@toast-new:Simulation not generated] Magnitude 5.62 of event bmg2025qedv is smaller than triggerMinMagnitude: no automatic simulation
2025/08/19 06:28:24.013519 [Incident:Info:toast@toast-new:Origin updated] Origin updated: OT: 2025-08-18 23:03:06,  Lat/Lon: -24.0785°/-175.616°, Depth: 10
2025/08/19 06:28:24.014454 [Incident:Info:toast@toast-new:FM updated] FM updated
2025/08/19 06:28:24.015236 [Simulation:Info:toast@toast-new:Simulation not generated] Magnitude 5.62 of event bmg2025qedv is smaller than triggerMinMagnitude: no automatic simulation
2025/08/19 06:28:29.154237 [Incident:Info:toast@toast-new:Origin updated] Origin updated: OT: 2025-08-18 23:03:06,  Lat/Lon: -24.0785°/-175.616°, Depth: 10
2025/08/19 06:28:29.155222 [Incident:Info:toast@toast-new:FM updated] FM updated
2025/08/19 06:28:29.156090 [Simulation:Info:toast@toast-new:Simulation not generated] Magnitude 5.62 of event bmg2025qedv is smaller than triggerMinMagnitude: no automatic simulation
2025/08/19 06:30:22.180058 [Incident:Info:toast@toast-new:Origin updated] Origin updated: OT: 2025-08-18 23:03:06,  Lat/Lon: -24.0785°/-175.616°, Depth: 10
2025/08/19 06:30:22.181218 [Incident:Info:toast@toast-new:FM updated] FM updated
2025/08/19 06:30:22.182100 [Simulation:Info:toast@toast-new:Simulation not generated] Magnitude 5.62 of event bmg2025qedv is smaller than triggerMinMagnitude: no automatic simulation
2025/08/19 06:30:32.959124 [Incident:Info:toast@toast-new:Origin updated] Origin updated: OT: 2025-08-18 23:03:06,  Lat/Lon: -24.0785°/-175.616°, Depth: 10
2025/08/19 06:30:32.960099 [Incident:Info:toast@toast-new:FM updated] FM updated
2025/08/19 06:30:32.960875 [Simulation:Info:toast@toast-new:Simulation not generated] Magnitude 5.62 of event bmg2025qedv is smaller than triggerMinMagnitude: no automatic simulation
2025/08/19 06:30:42.609352 [Incident:Info:toast@toast-new:Origin updated] Origin updated: OT: 2025-08-18 23:03:06,  Lat/Lon: -24.0785°/-175.616°, Depth: 10
2025/08/19 06:30:42.610352 [Incident:Info:toast@toast-new:FM updated] FM updated
2025/08/19 06:30:42.611126 [Simulation:Info:toast@toast-new:Simulation not generated] Magnitude 5.62 of event bmg2025qedv is smaller than triggerMinMagnitude: no automatic simulation
2025/08/19 06:30:52.796255 [Incident:Info:toast@toast-new:Origin updated] Origin updated: OT: 2025-08-18 23:03:06,  Lat/Lon: -24.0785°/-175.616°, Depth: 10
2025/08/19 06:30:52.797262 [Simulation:Info:toast@toast-new:Simulation not generated] Magnitude 5.62 of event bmg2025qedv is smaller than triggerMinMagnitude: no automatic simulation
2025/08/19 06:31:00.308498 [Incident:Info:toast@toast-new:Origin updated] Origin updated: OT: 2025-08-18 23:03:06,  Lat/Lon: -24.0785°/-175.616°, Depth: 10
2025/08/19 06:31:00.309531 [Incident:Info:toast@toast-new:FM updated] FM updated
2025/08/19 06:31:00.310394 [Simulation:Info:toast@toast-new:Simulation not generated] Magnitude 5.62 of event bmg2025qedv is smaller than triggerMinMagnitude: no automatic simulation
2025/08/19 06:31:10.663526 [Incident:Info:toast@toast-new:Origin updated] Origin updated: OT: 2025-08-18 23:03:06,  Lat/Lon: -24.0785°/-175.616°, Depth: 10
2025/08/19 06:31:10.664582 [Simulation:Info:toast@toast-new:Simulation not generated] Magnitude 5.62 of event bmg2025qedv is smaller than triggerMinMagnitude: no automatic simulation
2025/08/19 06:31:20.341370 [Incident:Info:toast@toast-new:Origin updated] Origin updated: OT: 2025-08-18 23:03:06,  Lat/Lon: -24.0785°/-175.616°, Depth: 10
2025/08/19 06:31:20.342446 [Simulation:Info:toast@toast-new:Simulation not generated] Magnitude 5.62 of event bmg2025qedv is smaller than triggerMinMagnitude: no automatic simulation
2025/08/19 06:31:30.096584 [Incident:Info:toast@toast-new:Origin updated] Origin updated: OT: 2025-08-18 23:03:06,  Lat/Lon: -24.0785°/-175.616°, Depth: 10
2025/08/19 06:31:30.097803 [Simulation:Info:toast@toast-new:Simulation not generated] Magnitude 5.62 of event bmg2025qedv is smaller than triggerMinMagnitude: no automatic simulation
2025/08/19 06:31:40.841911 [Incident:Info:toast@toast-new:Origin updated] Origin updated: OT: 2025-08-18 23:03:06,  Lat/Lon: -24.0785°/-175.616°, Depth: 10
2025/08/19 06:31:40.842971 [Incident:Info:toast@toast-new:FM updated] FM updated
2025/08/19 06:31:40.843849 [Simulation:Info:toast@toast-new:Simulation not generated] Magnitude 5.62 of event bmg2025qedv is smaller than triggerMinMagnitude: no automatic simulation
2025/08/19 06:47:11.658395 [Incident:Info:toast@toast-new:Origin updated] Origin updated: OT: 2025-08-18 23:03:06,  Lat/Lon: -24.0785°/-175.616°, Depth: 10
2025/08/19 06:47:11.659210 [Simulation:Info:toast@toast-new:Simulation not generated] Magnitude 5.62 of event bmg2025qedv is smaller than triggerMinMagnitude: no automatic simulation
2025/08/19 06:51:49.919414 [Incident:Info:toast@toast-new:Origin updated] Origin updated: OT: 2025-08-18 23:03:06,  Lat/Lon: -24.0785°/-175.616°, Depth: 10
2025/08/19 06:51:49.920460 [Incident:Info:toast@toast-new:FM updated] FM updated
2025/08/19 06:51:49.921327 [Simulation:Info:toast@toast-new:Simulation not generated] Magnitude 5.62 of event bmg2025qedv is smaller than triggerMinMagnitude: no automatic simulation
2025/08/19 06:58:50.100476 [Incident:Info:toast@toast-new:Origin updated] Origin updated: OT: 2025-08-18 23:03:06,  Lat/Lon: -24.0785°/-175.616°, Depth: 10
2025/08/19 06:58:50.101645 [Simulation:Info:toast@toast-new:Simulation not generated] Magnitude 5.62 of event bmg2025qedv is smaller than triggerMinMagnitude: no automatic simulation
2025/08/19 10:38:29.105189 [Incident:Info:toast@toast-new:Origin updated] Origin updated: OT: 2025-08-18 23:03:06,  Lat/Lon: -24.0785°/-175.616°, Depth: 10
2025/08/19 10:38:29.106016 [Incident:Info:toast@toast-new:Magnitude updated] Magnitude updated: 5.54 (mb)
2025/08/19 10:38:29.106481 [Simulation:Info:toast@toast-new:Simulation not generated] Magnitude 5.54 of event bmg2025qedv is smaller than triggerMinMagnitude: no automatic simulation
2025/08/19 10:38:34.377971 [Incident:Info:toast@toast-new:Origin updated] Origin updated: OT: 2025-08-18 23:03:09,  Lat/Lon: -24.4159°/-176.214°, Depth: 5
2025/08/19 10:38:34.379159 [Incident:Info:toast@toast-new:Magnitude updated] Magnitude updated: 5.62 (mb)
2025/08/19 10:38:34.379951 [Simulation:Info:toast@toast-new:Simulation not generated] Magnitude 5.62 of event bmg2025qedv is smaller than triggerMinMagnitude: no automatic simulation
2025/08/19 11:55:17.537168 [Incident:Info:toast@toast-new:Origin updated] Origin updated: OT: 2025-08-18 23:03:09,  Lat/Lon: -24.4159°/-176.214°, Depth: 5
2025/08/19 11:55:17.538006 [Incident:Info:toast@toast-new:FM updated] FM updated
2025/08/19 11:55:17.538667 [Simulation:Info:toast@toast-new:Simulation not generated] Magnitude 5.62 of event bmg2025qedv is smaller than triggerMinMagnitude: no automatic simulation
2025/08/19 11:55:24.869463 [Incident:Info:toast@toast-new:Origin updated] Origin updated: OT: 2025-08-18 23:03:09,  Lat/Lon: -24.4159°/-176.214°, Depth: 5
2025/08/19 11:55:24.870897 [Simulation:Info:toast@toast-new:Simulation not generated] Magnitude 5.62 of event bmg2025qedv is smaller than triggerMinMagnitude: no automatic simulation
2025/08/19 11:55:24.883560 [Incident:Info:toast@toast-new:Origin updated] Origin updated: OT: 2025-08-18 23:03:09,  Lat/Lon: -24.4159°/-176.214°, Depth: 5
2025/08/19 11:55:24.884392 [Incident:Info:toast@toast-new:Magnitude updated] Magnitude updated: 5.78 (Mw)
2025/08/19 11:55:24.884878 [Simulation:Info:toast@toast-new:Simulation not generated] Magnitude 5.78 of event bmg2025qedv is smaller than triggerMinMagnitude: no automatic simulation
