2025/10/11 10:29:22.923997 [Incident:Info:toast@toast-new:Displacement(s) updated] Added 0 and changed 0 displacements with 0 amplitudes
2025/10/11 10:29:22.930331 [Incident:Info:toast@toast-new:Incident created] Incident created based on event received from messaging: OT: 2025-10-11 03:21:26,  Lat/Lon: 30.04°/138.14°, Depth: 10.00, Mag: 5.41 (M)
2025/10/11 10:29:22.930960 [Simulation:Info:toast@toast-new:Simulation not generated] Magnitude 5.41 of event bmg2025txib is smaller than triggerMinMagnitude: no automatic simulation
2025/10/11 10:29:22.951362 [Incident:Info:toast@toast-new:Origin updated] Origin updated: OT: 2025-10-11 03:21:26,  Lat/Lon: 30.0352°/138.139°, Depth: 10
2025/10/11 10:29:22.951508 [Simulation:Info:toast@toast-new:Simulation not generated] Magnitude 5.41 of event bmg2025txib is smaller than triggerMinMagnitude: no automatic simulation
2025/10/11 10:29:25.206456 [Incident:Info:toast@toast-new:Origin updated] Origin updated: OT: 2025-10-11 03:21:26,  Lat/Lon: 30.0352°/138.139°, Depth: 10
2025/10/11 10:29:25.206627 [Incident:Info:toast@toast-new:Magnitude updated] Magnitude updated: 5.52 (M)
2025/10/11 10:29:25.206678 [Simulation:Info:toast@toast-new:Simulation not generated] Magnitude 5.52 of event bmg2025txib is smaller than triggerMinMagnitude: no automatic simulation
2025/10/11 10:29:30.199417 [Incident:Info:toast@toast-new:Origin updated] Origin updated: OT: 2025-10-11 03:21:26,  Lat/Lon: 30.0352°/138.139°, Depth: 10
2025/10/11 10:29:30.199591 [Incident:Info:toast@toast-new:Magnitude updated] Magnitude updated: 5.53 (M)
2025/10/11 10:29:30.199629 [Simulation:Info:toast@toast-new:Simulation not generated] Magnitude 5.53 of event bmg2025txib is smaller than triggerMinMagnitude: no automatic simulation
2025/10/11 10:29:35.210293 [Incident:Info:toast@toast-new:Origin updated] Origin updated: OT: 2025-10-11 03:21:26,  Lat/Lon: 30.0352°/138.139°, Depth: 10
2025/10/11 10:29:35.210472 [Incident:Info:toast@toast-new:Magnitude updated] Magnitude updated: 5.56 (M)
2025/10/11 10:29:35.210521 [Simulation:Info:toast@toast-new:Simulation not generated] Magnitude 5.56 of event bmg2025txib is smaller than triggerMinMagnitude: no automatic simulation
2025/10/11 10:29:45.192632 [Incident:Info:toast@toast-new:Origin updated] Origin updated: OT: 2025-10-11 03:21:26,  Lat/Lon: 30.0352°/138.139°, Depth: 10
2025/10/11 10:29:45.192814 [Incident:Info:toast@toast-new:Magnitude updated] Magnitude updated: 5.60 (M)
2025/10/11 10:29:45.192846 [Simulation:Info:toast@toast-new:Simulation not generated] Magnitude 5.60 of event bmg2025txib is smaller than triggerMinMagnitude: no automatic simulation
2025/10/11 10:29:46.941910 [Incident:Info:toast@toast-new:Origin updated] Origin updated: OT: 2025-10-11 03:21:26,  Lat/Lon: 30.0352°/138.139°, Depth: 10
2025/10/11 10:29:46.942071 [Incident:Info:toast@toast-new:Magnitude updated] Magnitude updated: 5.60 (M)
2025/10/11 10:29:46.942101 [Simulation:Info:toast@toast-new:Simulation not generated] Magnitude 5.60 of event bmg2025txib is smaller than triggerMinMagnitude: no automatic simulation
2025/10/11 10:29:46.965499 [Incident:Info:toast@toast-new:Origin updated] Origin updated: OT: 2025-10-11 03:21:14,  Lat/Lon: 31.1898°/139.005°, Depth: 10
2025/10/11 10:29:46.965660 [Incident:Info:toast@toast-new:Magnitude updated] Magnitude updated: 5.60 (M)
2025/10/11 10:29:46.965690 [Simulation:Info:toast@toast-new:Simulation not generated] Magnitude 5.60 of event bmg2025txib is smaller than triggerMinMagnitude: no automatic simulation
2025/10/11 10:29:50.217358 [Incident:Info:toast@toast-new:Origin updated] Origin updated: OT: 2025-10-11 03:21:14,  Lat/Lon: 31.1898°/139.005°, Depth: 10
2025/10/11 10:29:50.217538 [Incident:Info:toast@toast-new:Magnitude updated] Magnitude updated: 5.64 (M)
2025/10/11 10:29:50.217570 [Simulation:Info:toast@toast-new:Simulation not generated] Magnitude 5.64 of event bmg2025txib is smaller than triggerMinMagnitude: no automatic simulation
2025/10/11 10:29:55.216303 [Incident:Info:toast@toast-new:Origin updated] Origin updated: OT: 2025-10-11 03:21:14,  Lat/Lon: 31.1898°/139.005°, Depth: 10
2025/10/11 10:29:55.216494 [Incident:Info:toast@toast-new:Magnitude updated] Magnitude updated: 5.59 (M)
2025/10/11 10:29:55.216529 [Simulation:Info:toast@toast-new:Simulation not generated] Magnitude 5.59 of event bmg2025txib is smaller than triggerMinMagnitude: no automatic simulation
2025/10/11 10:30:10.205203 [Incident:Info:toast@toast-new:Origin updated] Origin updated: OT: 2025-10-11 03:21:14,  Lat/Lon: 31.1898°/139.005°, Depth: 10
2025/10/11 10:30:10.205418 [Incident:Info:toast@toast-new:Magnitude updated] Magnitude updated: 5.64 (M)
2025/10/11 10:30:10.205467 [Simulation:Info:toast@toast-new:Simulation not generated] Magnitude 5.64 of event bmg2025txib is smaller than triggerMinMagnitude: no automatic simulation
2025/10/11 10:30:15.194256 [Incident:Info:toast@toast-new:Origin updated] Origin updated: OT: 2025-10-11 03:21:14,  Lat/Lon: 31.1898°/139.005°, Depth: 10
2025/10/11 10:30:15.194438 [Incident:Info:toast@toast-new:Magnitude updated] Magnitude updated: 5.64 (M)
2025/10/11 10:30:15.194477 [Simulation:Info:toast@toast-new:Simulation not generated] Magnitude 5.64 of event bmg2025txib is smaller than triggerMinMagnitude: no automatic simulation
2025/10/11 10:30:20.153151 [Incident:Info:toast@toast-new:Origin updated] Origin updated: OT: 2025-10-11 03:21:14,  Lat/Lon: 31.1898°/139.005°, Depth: 10
2025/10/11 10:30:20.153326 [Incident:Info:toast@toast-new:Magnitude updated] Magnitude updated: 5.63 (M)
2025/10/11 10:30:20.153359 [Simulation:Info:toast@toast-new:Simulation not generated] Magnitude 5.63 of event bmg2025txib is smaller than triggerMinMagnitude: no automatic simulation
2025/10/11 10:30:20.176631 [Incident:Info:toast@toast-new:Origin updated] Origin updated: OT: 2025-10-11 03:21:06,  Lat/Lon: 32.0534°/139.677°, Depth: 10
2025/10/11 10:30:20.176790 [Incident:Info:toast@toast-new:Magnitude updated] Magnitude updated: 5.64 (M)
2025/10/11 10:30:20.176819 [Simulation:Info:toast@toast-new:Simulation not generated] Magnitude 5.64 of event bmg2025txib is smaller than triggerMinMagnitude: no automatic simulation
2025/10/11 10:30:32.926365 [Incident:Info:toast@toast-new:Origin updated] Origin updated: OT: 2025-10-11 03:21:06,  Lat/Lon: 32.0534°/139.677°, Depth: 10
2025/10/11 10:30:32.926561 [Incident:Info:toast@toast-new:Magnitude updated] Magnitude updated: 5.63 (M)
2025/10/11 10:30:32.926596 [Simulation:Info:toast@toast-new:Simulation not generated] Magnitude 5.63 of event bmg2025txib is smaller than triggerMinMagnitude: no automatic simulation
2025/10/11 10:30:40.197889 [Incident:Info:toast@toast-new:Origin updated] Origin updated: OT: 2025-10-11 03:21:06,  Lat/Lon: 32.0534°/139.677°, Depth: 10
2025/10/11 10:30:40.198065 [Incident:Info:toast@toast-new:Magnitude updated] Magnitude updated: 5.62 (M)
2025/10/11 10:30:40.198099 [Simulation:Info:toast@toast-new:Simulation not generated] Magnitude 5.62 of event bmg2025txib is smaller than triggerMinMagnitude: no automatic simulation
