2025/11/12 07:38:08.090586 [Incident:Info:toast@toast-new:Displacement(s) updated] Added 0 and changed 0 displacements with 0 amplitudes
2025/11/12 07:38:08.091072 [Incident:Info:toast@toast-new:Incident created] Incident created based on event received from messaging: OT: 2025-11-12 00:29:19,  Lat/Lon: 39.89°/143.32°, Depth: 10.00, Mag: 5.45 (M)
2025/11/12 07:38:08.091638 [Simulation:Info:toast@toast-new:Simulation not generated] Magnitude 5.45 of event bmg2025wdol is smaller than triggerMinMagnitude: no automatic simulation
2025/11/12 07:38:08.111889 [Incident:Info:toast@toast-new:Origin updated] Origin updated: OT: 2025-11-12 00:29:19,  Lat/Lon: 39.8899°/143.319°, Depth: 10
2025/11/12 07:38:08.112014 [Simulation:Info:toast@toast-new:Simulation not generated] Magnitude 5.45 of event bmg2025wdol is smaller than triggerMinMagnitude: no automatic simulation
2025/11/12 07:38:13.621068 [Incident:Info:toast@toast-new:Origin updated] Origin updated: OT: 2025-11-12 00:29:19,  Lat/Lon: 39.8899°/143.319°, Depth: 10
2025/11/12 07:38:13.621258 [Incident:Info:toast@toast-new:Magnitude updated] Magnitude updated: 5.55 (M)
2025/11/12 07:38:13.621297 [Simulation:Info:toast@toast-new:Simulation not generated] Magnitude 5.55 of event bmg2025wdol is smaller than triggerMinMagnitude: no automatic simulation
2025/11/12 07:38:18.623535 [Incident:Info:toast@toast-new:Origin updated] Origin updated: OT: 2025-11-12 00:29:19,  Lat/Lon: 39.8899°/143.319°, Depth: 10
2025/11/12 07:38:18.623726 [Incident:Info:toast@toast-new:Magnitude updated] Magnitude updated: 5.48 (M)
2025/11/12 07:38:18.623763 [Simulation:Info:toast@toast-new:Simulation not generated] Magnitude 5.48 of event bmg2025wdol is smaller than triggerMinMagnitude: no automatic simulation
2025/11/12 07:38:19.465824 [Incident:Info:toast@toast-new:Origin updated] Origin updated: OT: 2025-11-12 00:29:19,  Lat/Lon: 39.8948°/143.31°, Depth: 10
2025/11/12 07:38:19.465994 [Incident:Info:toast@toast-new:Magnitude updated] Magnitude updated: 5.47 (M)
2025/11/12 07:38:19.466028 [Simulation:Info:toast@toast-new:Simulation not generated] Magnitude 5.47 of event bmg2025wdol is smaller than triggerMinMagnitude: no automatic simulation
2025/11/12 07:38:23.625616 [Incident:Info:toast@toast-new:Origin updated] Origin updated: OT: 2025-11-12 00:29:19,  Lat/Lon: 39.8948°/143.31°, Depth: 10
2025/11/12 07:38:23.625784 [Incident:Info:toast@toast-new:Magnitude updated] Magnitude updated: 5.40 (M)
2025/11/12 07:38:23.625830 [Simulation:Info:toast@toast-new:Simulation not generated] Magnitude 5.40 of event bmg2025wdol is smaller than triggerMinMagnitude: no automatic simulation
2025/11/12 07:38:28.644745 [Incident:Info:toast@toast-new:Origin updated] Origin updated: OT: 2025-11-12 00:29:19,  Lat/Lon: 39.8948°/143.31°, Depth: 10
2025/11/12 07:38:28.644924 [Incident:Info:toast@toast-new:Magnitude updated] Magnitude updated: 5.44 (M)
2025/11/12 07:38:28.644954 [Simulation:Info:toast@toast-new:Simulation not generated] Magnitude 5.44 of event bmg2025wdol is smaller than triggerMinMagnitude: no automatic simulation
2025/11/12 07:38:33.647430 [Incident:Info:toast@toast-new:Origin updated] Origin updated: OT: 2025-11-12 00:29:19,  Lat/Lon: 39.8948°/143.31°, Depth: 10
2025/11/12 07:38:33.647613 [Incident:Info:toast@toast-new:Magnitude updated] Magnitude updated: 5.50 (M)
2025/11/12 07:38:33.647660 [Simulation:Info:toast@toast-new:Simulation not generated] Magnitude 5.50 of event bmg2025wdol is smaller than triggerMinMagnitude: no automatic simulation
2025/11/12 07:38:35.074254 [Incident:Info:toast@toast-new:Origin updated] Origin updated: OT: 2025-11-12 00:29:19,  Lat/Lon: 39.8871°/143.316°, Depth: 10
2025/11/12 07:38:35.074425 [Incident:Info:toast@toast-new:Magnitude updated] Magnitude updated: 5.50 (M)
2025/11/12 07:38:35.074456 [Simulation:Info:toast@toast-new:Simulation not generated] Magnitude 5.50 of event bmg2025wdol is smaller than triggerMinMagnitude: no automatic simulation
2025/11/12 07:38:38.665067 [Incident:Info:toast@toast-new:Origin updated] Origin updated: OT: 2025-11-12 00:29:19,  Lat/Lon: 39.8871°/143.316°, Depth: 10
2025/11/12 07:38:38.665284 [Incident:Info:toast@toast-new:Magnitude updated] Magnitude updated: 5.56 (M)
2025/11/12 07:38:38.665344 [Simulation:Info:toast@toast-new:Simulation not generated] Magnitude 5.56 of event bmg2025wdol is smaller than triggerMinMagnitude: no automatic simulation
2025/11/12 07:38:43.646865 [Incident:Info:toast@toast-new:Origin updated] Origin updated: OT: 2025-11-12 00:29:19,  Lat/Lon: 39.8871°/143.316°, Depth: 10
2025/11/12 07:38:43.647044 [Incident:Info:toast@toast-new:Magnitude updated] Magnitude updated: 5.55 (M)
2025/11/12 07:38:43.647075 [Simulation:Info:toast@toast-new:Simulation not generated] Magnitude 5.55 of event bmg2025wdol is smaller than triggerMinMagnitude: no automatic simulation
2025/11/12 07:38:48.654932 [Incident:Info:toast@toast-new:Origin updated] Origin updated: OT: 2025-11-12 00:29:19,  Lat/Lon: 39.8871°/143.316°, Depth: 10
2025/11/12 07:38:48.655167 [Incident:Info:toast@toast-new:Magnitude updated] Magnitude updated: 5.52 (M)
2025/11/12 07:38:48.655238 [Simulation:Info:toast@toast-new:Simulation not generated] Magnitude 5.52 of event bmg2025wdol is smaller than triggerMinMagnitude: no automatic simulation
2025/11/12 07:38:53.670064 [Incident:Info:toast@toast-new:Origin updated] Origin updated: OT: 2025-11-12 00:29:19,  Lat/Lon: 39.8871°/143.316°, Depth: 10
2025/11/12 07:38:53.670225 [Incident:Info:toast@toast-new:Magnitude updated] Magnitude updated: 5.48 (M)
2025/11/12 07:38:53.670259 [Simulation:Info:toast@toast-new:Simulation not generated] Magnitude 5.48 of event bmg2025wdol is smaller than triggerMinMagnitude: no automatic simulation
2025/11/12 07:38:56.484605 [Incident:Info:toast@toast-new:Origin updated] Origin updated: OT: 2025-11-12 00:29:20,  Lat/Lon: 39.858°/143.22°, Depth: 10
2025/11/12 07:38:56.484794 [Incident:Info:toast@toast-new:Magnitude updated] Magnitude updated: 5.46 (M)
2025/11/12 07:38:56.484842 [Simulation:Info:toast@toast-new:Simulation not generated] Magnitude 5.46 of event bmg2025wdol is smaller than triggerMinMagnitude: no automatic simulation
2025/11/12 07:39:03.680944 [Incident:Info:toast@toast-new:Origin updated] Origin updated: OT: 2025-11-12 00:29:20,  Lat/Lon: 39.858°/143.22°, Depth: 10
2025/11/12 07:39:03.681278 [Incident:Info:toast@toast-new:Magnitude updated] Magnitude updated: 5.45 (M)
2025/11/12 07:39:03.681410 [Simulation:Info:toast@toast-new:Simulation not generated] Magnitude 5.45 of event bmg2025wdol is smaller than triggerMinMagnitude: no automatic simulation
2025/11/12 07:39:08.659136 [Incident:Info:toast@toast-new:Origin updated] Origin updated: OT: 2025-11-12 00:29:20,  Lat/Lon: 39.858°/143.22°, Depth: 10
2025/11/12 07:39:08.659324 [Incident:Info:toast@toast-new:Magnitude updated] Magnitude updated: 5.50 (M)
2025/11/12 07:39:08.659365 [Simulation:Info:toast@toast-new:Simulation not generated] Magnitude 5.50 of event bmg2025wdol is smaller than triggerMinMagnitude: no automatic simulation
2025/11/12 07:39:13.649197 [Incident:Info:toast@toast-new:Origin updated] Origin updated: OT: 2025-11-12 00:29:20,  Lat/Lon: 39.858°/143.22°, Depth: 10
2025/11/12 07:39:13.649373 [Incident:Info:toast@toast-new:Magnitude updated] Magnitude updated: 5.48 (M)
2025/11/12 07:39:13.649406 [Simulation:Info:toast@toast-new:Simulation not generated] Magnitude 5.48 of event bmg2025wdol is smaller than triggerMinMagnitude: no automatic simulation
2025/11/12 07:39:18.636692 [Incident:Info:toast@toast-new:Origin updated] Origin updated: OT: 2025-11-12 00:29:20,  Lat/Lon: 39.858°/143.22°, Depth: 10
2025/11/12 07:39:18.636920 [Incident:Info:toast@toast-new:Magnitude updated] Magnitude updated: 5.49 (M)
2025/11/12 07:39:18.636978 [Simulation:Info:toast@toast-new:Simulation not generated] Magnitude 5.49 of event bmg2025wdol is smaller than triggerMinMagnitude: no automatic simulation
2025/11/12 07:39:23.636582 [Incident:Info:toast@toast-new:Origin updated] Origin updated: OT: 2025-11-12 00:29:20,  Lat/Lon: 39.858°/143.22°, Depth: 10
2025/11/12 07:39:23.636759 [Incident:Info:toast@toast-new:Magnitude updated] Magnitude updated: 5.49 (M)
2025/11/12 07:39:23.636818 [Simulation:Info:toast@toast-new:Simulation not generated] Magnitude 5.49 of event bmg2025wdol is smaller than triggerMinMagnitude: no automatic simulation
2025/11/12 07:39:23.911010 [Incident:Info:toast@toast-new:Origin updated] Origin updated: OT: 2025-11-12 00:29:19,  Lat/Lon: 39.8137°/143.31°, Depth: 10
2025/11/12 07:39:23.911240 [Incident:Info:toast@toast-new:Magnitude updated] Magnitude updated: 5.49 (M)
2025/11/12 07:39:23.911286 [Simulation:Info:toast@toast-new:Simulation not generated] Magnitude 5.49 of event bmg2025wdol is smaller than triggerMinMagnitude: no automatic simulation
2025/11/12 07:39:28.666187 [Incident:Info:toast@toast-new:Origin updated] Origin updated: OT: 2025-11-12 00:29:19,  Lat/Lon: 39.8137°/143.31°, Depth: 10
2025/11/12 07:39:28.666377 [Incident:Info:toast@toast-new:Magnitude updated] Magnitude updated: 5.47 (M)
2025/11/12 07:39:28.666410 [Simulation:Info:toast@toast-new:Simulation not generated] Magnitude 5.47 of event bmg2025wdol is smaller than triggerMinMagnitude: no automatic simulation
2025/11/12 07:39:33.667317 [Incident:Info:toast@toast-new:Origin updated] Origin updated: OT: 2025-11-12 00:29:19,  Lat/Lon: 39.8137°/143.31°, Depth: 10
2025/11/12 07:39:33.667506 [Incident:Info:toast@toast-new:Magnitude updated] Magnitude updated: 5.47 (M)
2025/11/12 07:39:33.667540 [Simulation:Info:toast@toast-new:Simulation not generated] Magnitude 5.47 of event bmg2025wdol is smaller than triggerMinMagnitude: no automatic simulation
2025/11/12 07:39:36.498938 [Incident:Info:toast@toast-new:Origin updated] Origin updated: OT: 2025-11-12 00:29:19,  Lat/Lon: 39.8225°/143.278°, Depth: 10
2025/11/12 07:39:36.499081 [Incident:Info:toast@toast-new:Magnitude updated] Magnitude updated: 5.46 (Mw(mB))
2025/11/12 07:39:36.499112 [Simulation:Info:toast@toast-new:Simulation not generated] Magnitude 5.46 of event bmg2025wdol is smaller than triggerMinMagnitude: no automatic simulation
2025/11/12 07:39:48.676294 [Incident:Info:toast@toast-new:Origin updated] Origin updated: OT: 2025-11-12 00:29:19,  Lat/Lon: 39.8225°/143.278°, Depth: 10
2025/11/12 07:39:48.676500 [Incident:Info:toast@toast-new:Magnitude updated] Magnitude updated: 5.43 (Mw(mB))
2025/11/12 07:39:48.676549 [Simulation:Info:toast@toast-new:Simulation not generated] Magnitude 5.43 of event bmg2025wdol is smaller than triggerMinMagnitude: no automatic simulation
2025/11/12 07:39:53.685612 [Incident:Info:toast@toast-new:Origin updated] Origin updated: OT: 2025-11-12 00:29:19,  Lat/Lon: 39.8225°/143.278°, Depth: 10
2025/11/12 07:39:53.685764 [Incident:Info:toast@toast-new:Magnitude updated] Magnitude updated: 5.50 (Mw(mB))
2025/11/12 07:39:53.685808 [Simulation:Info:toast@toast-new:Simulation not generated] Magnitude 5.50 of event bmg2025wdol is smaller than triggerMinMagnitude: no automatic simulation
2025/11/12 07:39:58.647290 [Incident:Info:toast@toast-new:Origin updated] Origin updated: OT: 2025-11-12 00:29:19,  Lat/Lon: 39.8225°/143.278°, Depth: 10
2025/11/12 07:39:58.647483 [Incident:Info:toast@toast-new:Magnitude updated] Magnitude updated: 5.56 (Mw(mB))
2025/11/12 07:39:58.647537 [Simulation:Info:toast@toast-new:Simulation not generated] Magnitude 5.56 of event bmg2025wdol is smaller than triggerMinMagnitude: no automatic simulation
2025/11/12 07:40:03.647507 [Incident:Info:toast@toast-new:Origin updated] Origin updated: OT: 2025-11-12 00:29:19,  Lat/Lon: 39.8225°/143.278°, Depth: 10
2025/11/12 07:40:03.647699 [Incident:Info:toast@toast-new:Magnitude updated] Magnitude updated: 5.59 (Mw(mB))
2025/11/12 07:40:03.647735 [Simulation:Info:toast@toast-new:Simulation not generated] Magnitude 5.59 of event bmg2025wdol is smaller than triggerMinMagnitude: no automatic simulation
2025/11/12 07:40:08.629570 [Incident:Info:toast@toast-new:Origin updated] Origin updated: OT: 2025-11-12 00:29:19,  Lat/Lon: 39.8225°/143.278°, Depth: 10
2025/11/12 07:40:08.629765 [Incident:Info:toast@toast-new:Magnitude updated] Magnitude updated: 5.58 (Mw(mB))
2025/11/12 07:40:08.629799 [Simulation:Info:toast@toast-new:Simulation not generated] Magnitude 5.58 of event bmg2025wdol is smaller than triggerMinMagnitude: no automatic simulation
2025/11/12 07:40:27.339652 [Incident:Info:toast@toast-new:Origin updated] Origin updated: OT: 2025-11-12 00:29:19,  Lat/Lon: 39.7939°/143.283°, Depth: 10
2025/11/12 07:40:27.339830 [Incident:Info:toast@toast-new:Magnitude updated] Magnitude updated: 5.58 (Mw(mB))
2025/11/12 07:40:27.339862 [Simulation:Info:toast@toast-new:Simulation not generated] Magnitude 5.58 of event bmg2025wdol is smaller than triggerMinMagnitude: no automatic simulation
2025/11/12 07:41:27.282931 [Incident:Info:toast@toast-new:Origin updated] Origin updated: OT: 2025-11-12 00:29:19,  Lat/Lon: 39.7958°/143.275°, Depth: 10
2025/11/12 07:41:27.283102 [Incident:Info:toast@toast-new:Magnitude updated] Magnitude updated: 5.58 (Mw(mB))
2025/11/12 07:41:27.283141 [Simulation:Info:toast@toast-new:Simulation not generated] Magnitude 5.58 of event bmg2025wdol is smaller than triggerMinMagnitude: no automatic simulation
2025/11/12 07:42:27.209623 [Incident:Info:toast@toast-new:Origin updated] Origin updated: OT: 2025-11-12 00:29:19,  Lat/Lon: 39.7953°/143.284°, Depth: 10
2025/11/12 07:42:27.209830 [Incident:Info:toast@toast-new:Magnitude updated] Magnitude updated: 5.57 (Mw(mB))
2025/11/12 07:42:27.209874 [Simulation:Info:toast@toast-new:Simulation not generated] Magnitude 5.57 of event bmg2025wdol is smaller than triggerMinMagnitude: no automatic simulation
2025/11/12 07:43:32.366137 [Incident:Info:toast@toast-new:Origin updated] Origin updated: OT: 2025-11-12 00:29:19,  Lat/Lon: 39.7931°/143.287°, Depth: 10
2025/11/12 07:43:32.366306 [Incident:Info:toast@toast-new:Magnitude updated] Magnitude updated: 5.56 (Mw(mB))
2025/11/12 07:43:32.366333 [Simulation:Info:toast@toast-new:Simulation not generated] Magnitude 5.56 of event bmg2025wdol is smaller than triggerMinMagnitude: no automatic simulation
2025/11/12 07:46:02.192943 [Incident:Info:toast@toast-new:Origin updated] Origin updated: OT: 2025-11-12 00:29:19,  Lat/Lon: 39.8319°/143.273°, Depth: 10
2025/11/12 07:46:02.193147 [Incident:Info:toast@toast-new:Magnitude updated] Magnitude updated: 5.56 (Mw(mB))
2025/11/12 07:46:02.193189 [Simulation:Info:toast@toast-new:Simulation not generated] Magnitude 5.56 of event bmg2025wdol is smaller than triggerMinMagnitude: no automatic simulation
2025/11/12 09:21:49.681460 [Incident:Info:toast@toast-new:Origin updated] Origin updated: OT: 2025-11-12 00:29:22,  Lat/Lon: 39.8287°/143.296°, Depth: 31.8986
2025/11/12 09:21:49.681714 [Incident:Info:toast@toast-new:Magnitude updated] Magnitude updated: 5.57 (Mw(mB))
2025/11/12 09:21:49.681759 [Simulation:Info:toast@toast-new:Simulation not generated] Magnitude 5.57 of event bmg2025wdol is smaller than triggerMinMagnitude: no automatic simulation
2025/11/12 09:22:03.798006 [Incident:Info:toast@toast-new:Origin updated] Origin updated: OT: 2025-11-12 00:29:22,  Lat/Lon: 39.8287°/143.296°, Depth: 31.8986
2025/11/12 09:22:03.798228 [Incident:Info:toast@toast-new:Magnitude updated] Magnitude updated: 5.43 (mb)
2025/11/12 09:22:03.798290 [Simulation:Info:toast@toast-new:Simulation not generated] Magnitude 5.43 of event bmg2025wdol is smaller than triggerMinMagnitude: no automatic simulation
2025/11/14 23:15:38.154755 [Incident:Info:toast@toast-new:Displacement(s) updated] Added 0 and changed 0 displacements with 0 amplitudes
2025/11/14 23:15:38.159068 [Incident:Info:toast@toast-new:Incident created] Incident created based on event received from messaging: OT: 2025-11-12 00:29:22,  Lat/Lon: 39.83°/143.30°, Depth: 31.97, Mag: 5.43 (mb)
2025/11/14 23:15:38.159700 [Simulation:Info:toast@toast-new:Simulation not generated] Magnitude 5.43 of event bmg2025wdol is smaller than triggerMinMagnitude: no automatic simulation
2025/11/14 23:15:38.180340 [Incident:Info:toast@toast-new:Origin updated] Origin updated: OT: 2025-11-12 00:29:22,  Lat/Lon: 39.8287°/143.295°, Depth: 31.9721
2025/11/14 23:15:38.180496 [Simulation:Info:toast@toast-new:Simulation not generated] Magnitude 5.43 of event bmg2025wdol is smaller than triggerMinMagnitude: no automatic simulation
2025/11/14 23:15:43.300194 [Incident:Info:toast@toast-new:Origin updated] Origin updated: OT: 2025-11-12 00:29:22,  Lat/Lon: 39.8287°/143.295°, Depth: 31.9721
2025/11/14 23:15:43.300381 [Simulation:Info:toast@toast-new:Simulation not generated] Magnitude 5.43 of event bmg2025wdol is smaller than triggerMinMagnitude: no automatic simulation
2025/11/14 23:15:43.354870 [Incident:Info:toast@toast-new:Origin updated] Origin updated: OT: 2025-11-12 00:29:22,  Lat/Lon: 39.8287°/143.295°, Depth: 31.9721
2025/11/14 23:15:43.355004 [Incident:Info:toast@toast-new:Magnitude updated] Magnitude updated: 5.57 (Mw(mB))
2025/11/14 23:15:43.355055 [Simulation:Info:toast@toast-new:Simulation not generated] Magnitude 5.57 of event bmg2025wdol is smaller than triggerMinMagnitude: no automatic simulation
