2025/05/23 04:36:33.242612 [Incident:Info:toast@toast-new:Displacement(s) updated] Added 0 and changed 0 displacements with 0 amplitudes
2025/05/23 04:36:33.245634 [Incident:Info:toast@toast-new:Incident created] Incident created based on event received from messaging: OT: 2025-05-22 21:27:59,  Lat/Lon: 41.55°/142.13°, Depth: 10.00, Mag: 5.35 (M)
2025/05/23 04:36:33.246300 [Simulation:Info:toast@toast-new:Simulation not generated] Magnitude 5.35 of event bmg2025jzgk is smaller than triggerMinMagnitude: no automatic simulation
2025/05/23 04:36:33.415781 [Incident:Info:toast@toast-new:Origin updated] Origin updated: OT: 2025-05-22 21:27:59,  Lat/Lon: 41.5537°/142.132°, Depth: 10
2025/05/23 04:36:33.415869 [Simulation:Info:toast@toast-new:Simulation not generated] Magnitude 5.35 of event bmg2025jzgk is smaller than triggerMinMagnitude: no automatic simulation
2025/05/23 04:36:41.347687 [Incident:Info:toast@toast-new:Origin updated] Origin updated: OT: 2025-05-22 21:27:59,  Lat/Lon: 41.5558°/142.133°, Depth: 10
2025/05/23 04:36:41.347894 [Incident:Info:toast@toast-new:Magnitude updated] Magnitude updated: 5.37 (M)
2025/05/23 04:36:41.347930 [Simulation:Info:toast@toast-new:Simulation not generated] Magnitude 5.37 of event bmg2025jzgk is smaller than triggerMinMagnitude: no automatic simulation
2025/05/23 04:36:53.464813 [Incident:Info:toast@toast-new:Origin updated] Origin updated: OT: 2025-05-22 21:27:59,  Lat/Lon: 41.5558°/142.133°, Depth: 10
2025/05/23 04:36:53.464977 [Incident:Info:toast@toast-new:Magnitude updated] Magnitude updated: 5.43 (M)
2025/05/23 04:36:53.465003 [Simulation:Info:toast@toast-new:Simulation not generated] Magnitude 5.43 of event bmg2025jzgk is smaller than triggerMinMagnitude: no automatic simulation
2025/05/23 04:36:53.481818 [Incident:Info:toast@toast-new:Origin updated] Origin updated: OT: 2025-05-22 21:27:59,  Lat/Lon: 41.5542°/142.135°, Depth: 10
2025/05/23 04:36:53.481951 [Incident:Info:toast@toast-new:Magnitude updated] Magnitude updated: 5.44 (M)
2025/05/23 04:36:53.481972 [Simulation:Info:toast@toast-new:Simulation not generated] Magnitude 5.44 of event bmg2025jzgk is smaller than triggerMinMagnitude: no automatic simulation
2025/05/23 04:36:53.544997 [Incident:Info:toast@toast-new:Origin updated] Origin updated: OT: 2025-05-22 21:27:59,  Lat/Lon: 41.5542°/142.135°, Depth: 10
2025/05/23 04:36:53.545110 [Incident:Info:toast@toast-new:Magnitude updated] Magnitude updated: 5.49 (M)
2025/05/23 04:36:53.545142 [Simulation:Info:toast@toast-new:Simulation not generated] Magnitude 5.49 of event bmg2025jzgk is smaller than triggerMinMagnitude: no automatic simulation
2025/05/23 04:36:58.592214 [Incident:Info:toast@toast-new:Origin updated] Origin updated: OT: 2025-05-22 21:27:59,  Lat/Lon: 41.5542°/142.135°, Depth: 10
2025/05/23 04:36:58.592399 [Incident:Info:toast@toast-new:Magnitude updated] Magnitude updated: 5.52 (M)
2025/05/23 04:36:58.592438 [Simulation:Info:toast@toast-new:Simulation not generated] Magnitude 5.52 of event bmg2025jzgk is smaller than triggerMinMagnitude: no automatic simulation
2025/05/23 04:37:03.583495 [Incident:Info:toast@toast-new:Origin updated] Origin updated: OT: 2025-05-22 21:27:59,  Lat/Lon: 41.5542°/142.135°, Depth: 10
2025/05/23 04:37:03.583696 [Incident:Info:toast@toast-new:Magnitude updated] Magnitude updated: 5.51 (M)
2025/05/23 04:37:03.583744 [Simulation:Info:toast@toast-new:Simulation not generated] Magnitude 5.51 of event bmg2025jzgk is smaller than triggerMinMagnitude: no automatic simulation
2025/05/23 04:37:08.552696 [Incident:Info:toast@toast-new:Origin updated] Origin updated: OT: 2025-05-22 21:27:59,  Lat/Lon: 41.5542°/142.135°, Depth: 10
2025/05/23 04:37:08.552908 [Incident:Info:toast@toast-new:Magnitude updated] Magnitude updated: 5.53 (M)
2025/05/23 04:37:08.552952 [Simulation:Info:toast@toast-new:Simulation not generated] Magnitude 5.53 of event bmg2025jzgk is smaller than triggerMinMagnitude: no automatic simulation
2025/05/23 04:37:10.578595 [Incident:Info:toast@toast-new:Origin updated] Origin updated: OT: 2025-05-22 21:27:59,  Lat/Lon: 41.5428°/142.144°, Depth: 10
2025/05/23 04:37:10.578805 [Incident:Info:toast@toast-new:Magnitude updated] Magnitude updated: 5.54 (M)
2025/05/23 04:37:10.578850 [Simulation:Info:toast@toast-new:Simulation not generated] Magnitude 5.54 of event bmg2025jzgk is smaller than triggerMinMagnitude: no automatic simulation
2025/05/23 04:37:13.580393 [Incident:Info:toast@toast-new:Origin updated] Origin updated: OT: 2025-05-22 21:27:59,  Lat/Lon: 41.5428°/142.144°, Depth: 10
2025/05/23 04:37:13.580589 [Incident:Info:toast@toast-new:Magnitude updated] Magnitude updated: 5.55 (M)
2025/05/23 04:37:13.580631 [Simulation:Info:toast@toast-new:Simulation not generated] Magnitude 5.55 of event bmg2025jzgk is smaller than triggerMinMagnitude: no automatic simulation
2025/05/23 04:37:18.577627 [Incident:Info:toast@toast-new:Origin updated] Origin updated: OT: 2025-05-22 21:27:59,  Lat/Lon: 41.5428°/142.144°, Depth: 10
2025/05/23 04:37:18.614494 [Incident:Info:toast@toast-new:Magnitude updated] Magnitude updated: 5.54 (M)
2025/05/23 04:37:18.614589 [Simulation:Info:toast@toast-new:Simulation not generated] Magnitude 5.54 of event bmg2025jzgk is smaller than triggerMinMagnitude: no automatic simulation
2025/05/23 04:37:23.573758 [Incident:Info:toast@toast-new:Origin updated] Origin updated: OT: 2025-05-22 21:27:59,  Lat/Lon: 41.5428°/142.144°, Depth: 10
2025/05/23 04:37:23.573968 [Incident:Info:toast@toast-new:Magnitude updated] Magnitude updated: 5.59 (M)
2025/05/23 04:37:23.574028 [Simulation:Info:toast@toast-new:Simulation not generated] Magnitude 5.59 of event bmg2025jzgk is smaller than triggerMinMagnitude: no automatic simulation
2025/05/23 04:37:25.108929 [Incident:Info:toast@toast-new:Origin updated] Origin updated: OT: 2025-05-22 21:27:59,  Lat/Lon: 41.5428°/142.144°, Depth: 10
2025/05/23 04:37:25.109151 [Incident:Info:toast@toast-new:Magnitude updated] Magnitude updated: 5.59 (M)
2025/05/23 04:37:25.109199 [Simulation:Info:toast@toast-new:Simulation not generated] Magnitude 5.59 of event bmg2025jzgk is smaller than triggerMinMagnitude: no automatic simulation
2025/05/23 04:37:28.549730 [Incident:Info:toast@toast-new:Origin updated] Origin updated: OT: 2025-05-22 21:27:59,  Lat/Lon: 41.5428°/142.144°, Depth: 10
2025/05/23 04:37:28.549912 [Incident:Info:toast@toast-new:Magnitude updated] Magnitude updated: 5.60 (M)
2025/05/23 04:37:28.549959 [Simulation:Info:toast@toast-new:Simulation not generated] Magnitude 5.60 of event bmg2025jzgk is smaller than triggerMinMagnitude: no automatic simulation
2025/05/23 04:37:33.553861 [Incident:Info:toast@toast-new:Origin updated] Origin updated: OT: 2025-05-22 21:27:59,  Lat/Lon: 41.5428°/142.144°, Depth: 10
2025/05/23 04:37:33.554049 [Incident:Info:toast@toast-new:Magnitude updated] Magnitude updated: 5.59 (M)
2025/05/23 04:37:33.554081 [Simulation:Info:toast@toast-new:Simulation not generated] Magnitude 5.59 of event bmg2025jzgk is smaller than triggerMinMagnitude: no automatic simulation
2025/05/23 04:37:33.573672 [Incident:Info:toast@toast-new:Origin updated] Origin updated: OT: 2025-05-22 21:27:59,  Lat/Lon: 41.5428°/142.144°, Depth: 10
2025/05/23 04:37:33.573777 [Incident:Info:toast@toast-new:Magnitude updated] Magnitude updated: 5.61 (Mw(mB))
2025/05/23 04:37:33.573801 [Simulation:Info:toast@toast-new:Simulation not generated] Magnitude 5.61 of event bmg2025jzgk is smaller than triggerMinMagnitude: no automatic simulation
2025/05/23 04:37:34.177007 [Incident:Info:toast@toast-new:Origin updated] Origin updated: OT: 2025-05-22 21:27:59,  Lat/Lon: 41.5237°/142.189°, Depth: 10
2025/05/23 04:37:34.177202 [Incident:Info:toast@toast-new:Magnitude updated] Magnitude updated: 5.61 (Mw(mB))
2025/05/23 04:37:34.177233 [Simulation:Info:toast@toast-new:Simulation not generated] Magnitude 5.61 of event bmg2025jzgk is smaller than triggerMinMagnitude: no automatic simulation
2025/05/23 04:37:35.816808 [Incident:Info:toast@toast-new:Origin updated] Origin updated: OT: 2025-05-22 21:27:59,  Lat/Lon: 41.5237°/142.189°, Depth: 10
2025/05/23 04:37:35.816991 [Incident:Info:toast@toast-new:Magnitude updated] Magnitude updated: 5.64 (Mw(mB))
2025/05/23 04:37:35.817039 [Simulation:Info:toast@toast-new:Simulation not generated] Magnitude 5.64 of event bmg2025jzgk is smaller than triggerMinMagnitude: no automatic simulation
2025/05/23 04:37:38.580958 [Incident:Info:toast@toast-new:Origin updated] Origin updated: OT: 2025-05-22 21:27:59,  Lat/Lon: 41.5237°/142.189°, Depth: 10
2025/05/23 04:37:38.581128 [Incident:Info:toast@toast-new:Magnitude updated] Magnitude updated: 5.62 (Mw(mB))
2025/05/23 04:37:38.581159 [Simulation:Info:toast@toast-new:Simulation not generated] Magnitude 5.62 of event bmg2025jzgk is smaller than triggerMinMagnitude: no automatic simulation
2025/05/23 04:37:41.689160 [Incident:Info:toast@toast-new:Origin updated] Origin updated: OT: 2025-05-22 21:27:59,  Lat/Lon: 41.5237°/142.189°, Depth: 10
2025/05/23 04:37:41.689349 [Incident:Info:toast@toast-new:Magnitude updated] Magnitude updated: 5.62 (Mw(mB))
2025/05/23 04:37:41.689392 [Simulation:Info:toast@toast-new:Simulation not generated] Magnitude 5.62 of event bmg2025jzgk is smaller than triggerMinMagnitude: no automatic simulation
2025/05/23 04:37:47.872814 [Incident:Info:toast@toast-new:Origin updated] Origin updated: OT: 2025-05-22 21:27:59,  Lat/Lon: 41.5237°/142.189°, Depth: 10
2025/05/23 04:37:47.873019 [Incident:Info:toast@toast-new:Magnitude updated] Magnitude updated: 5.63 (Mw(mB))
2025/05/23 04:37:47.873064 [Simulation:Info:toast@toast-new:Simulation not generated] Magnitude 5.63 of event bmg2025jzgk is smaller than triggerMinMagnitude: no automatic simulation
2025/05/23 04:37:48.553983 [Incident:Info:toast@toast-new:Origin updated] Origin updated: OT: 2025-05-22 21:27:59,  Lat/Lon: 41.5237°/142.189°, Depth: 10
2025/05/23 04:37:48.554204 [Incident:Info:toast@toast-new:Magnitude updated] Magnitude updated: 5.62 (Mw(mB))
2025/05/23 04:37:48.554264 [Simulation:Info:toast@toast-new:Simulation not generated] Magnitude 5.62 of event bmg2025jzgk is smaller than triggerMinMagnitude: no automatic simulation
2025/05/23 04:37:53.606475 [Incident:Info:toast@toast-new:Origin updated] Origin updated: OT: 2025-05-22 21:27:59,  Lat/Lon: 41.5237°/142.189°, Depth: 10
2025/05/23 04:37:53.606710 [Incident:Info:toast@toast-new:Magnitude updated] Magnitude updated: 5.61 (Mw(mB))
2025/05/23 04:37:53.606770 [Simulation:Info:toast@toast-new:Simulation not generated] Magnitude 5.61 of event bmg2025jzgk is smaller than triggerMinMagnitude: no automatic simulation
2025/05/23 04:37:58.624882 [Incident:Info:toast@toast-new:Origin updated] Origin updated: OT: 2025-05-22 21:27:59,  Lat/Lon: 41.5237°/142.189°, Depth: 10
2025/05/23 04:37:58.625093 [Incident:Info:toast@toast-new:Magnitude updated] Magnitude updated: 5.61 (Mw(mB))
2025/05/23 04:37:58.625141 [Simulation:Info:toast@toast-new:Simulation not generated] Magnitude 5.61 of event bmg2025jzgk is smaller than triggerMinMagnitude: no automatic simulation
2025/05/23 04:38:01.683722 [Incident:Info:toast@toast-new:Origin updated] Origin updated: OT: 2025-05-22 21:27:59,  Lat/Lon: 41.5237°/142.189°, Depth: 10
2025/05/23 04:38:01.683919 [Incident:Info:toast@toast-new:Magnitude updated] Magnitude updated: 5.62 (Mw(mB))
2025/05/23 04:38:01.683965 [Simulation:Info:toast@toast-new:Simulation not generated] Magnitude 5.62 of event bmg2025jzgk is smaller than triggerMinMagnitude: no automatic simulation
2025/05/23 04:38:01.722363 [Incident:Info:toast@toast-new:Origin updated] Origin updated: OT: 2025-05-22 21:27:59,  Lat/Lon: 41.524°/142.198°, Depth: 10
2025/05/23 04:38:01.722512 [Incident:Info:toast@toast-new:Magnitude updated] Magnitude updated: 5.62 (Mw(mB))
2025/05/23 04:38:01.722548 [Simulation:Info:toast@toast-new:Simulation not generated] Magnitude 5.62 of event bmg2025jzgk is smaller than triggerMinMagnitude: no automatic simulation
2025/05/23 04:38:08.595811 [Incident:Info:toast@toast-new:Origin updated] Origin updated: OT: 2025-05-22 21:27:59,  Lat/Lon: 41.524°/142.198°, Depth: 10
2025/05/23 04:38:08.596015 [Incident:Info:toast@toast-new:Magnitude updated] Magnitude updated: 5.62 (Mw(mB))
2025/05/23 04:38:08.596086 [Simulation:Info:toast@toast-new:Simulation not generated] Magnitude 5.62 of event bmg2025jzgk is smaller than triggerMinMagnitude: no automatic simulation
2025/05/23 04:38:13.647917 [Incident:Info:toast@toast-new:Origin updated] Origin updated: OT: 2025-05-22 21:27:59,  Lat/Lon: 41.524°/142.198°, Depth: 10
2025/05/23 04:38:13.648092 [Incident:Info:toast@toast-new:Magnitude updated] Magnitude updated: 5.63 (Mw(mB))
2025/05/23 04:38:13.648133 [Simulation:Info:toast@toast-new:Simulation not generated] Magnitude 5.63 of event bmg2025jzgk is smaller than triggerMinMagnitude: no automatic simulation
2025/05/23 04:38:16.974254 [Incident:Info:toast@toast-new:Origin updated] Origin updated: OT: 2025-05-22 21:27:59,  Lat/Lon: 41.524°/142.198°, Depth: 10
2025/05/23 04:38:16.974466 [Incident:Info:toast@toast-new:Magnitude updated] Magnitude updated: 5.67 (Mw(mB))
2025/05/23 04:38:16.974535 [Simulation:Info:toast@toast-new:Simulation not generated] Magnitude 5.67 of event bmg2025jzgk is smaller than triggerMinMagnitude: no automatic simulation
2025/05/23 04:38:17.003050 [Incident:Info:toast@toast-new:Origin updated] Origin updated: OT: 2025-05-22 21:27:59,  Lat/Lon: 41.5278°/142.197°, Depth: 10
2025/05/23 04:38:17.003199 [Incident:Info:toast@toast-new:Magnitude updated] Magnitude updated: 5.67 (Mw(mB))
2025/05/23 04:38:17.003233 [Simulation:Info:toast@toast-new:Simulation not generated] Magnitude 5.67 of event bmg2025jzgk is smaller than triggerMinMagnitude: no automatic simulation
2025/05/23 04:38:18.602994 [Incident:Info:toast@toast-new:Origin updated] Origin updated: OT: 2025-05-22 21:27:59,  Lat/Lon: 41.5278°/142.197°, Depth: 10
2025/05/23 04:38:18.603178 [Incident:Info:toast@toast-new:Magnitude updated] Magnitude updated: 5.67 (Mw(mB))
2025/05/23 04:38:18.603222 [Simulation:Info:toast@toast-new:Simulation not generated] Magnitude 5.67 of event bmg2025jzgk is smaller than triggerMinMagnitude: no automatic simulation
2025/05/23 04:38:23.603397 [Incident:Info:toast@toast-new:Origin updated] Origin updated: OT: 2025-05-22 21:27:59,  Lat/Lon: 41.5278°/142.197°, Depth: 10
2025/05/23 04:38:23.603584 [Incident:Info:toast@toast-new:Magnitude updated] Magnitude updated: 5.66 (Mw(mB))
2025/05/23 04:38:23.603629 [Simulation:Info:toast@toast-new:Simulation not generated] Magnitude 5.66 of event bmg2025jzgk is smaller than triggerMinMagnitude: no automatic simulation
2025/05/23 04:38:28.639143 [Incident:Info:toast@toast-new:Origin updated] Origin updated: OT: 2025-05-22 21:27:59,  Lat/Lon: 41.5278°/142.197°, Depth: 10
2025/05/23 04:38:28.639320 [Incident:Info:toast@toast-new:Magnitude updated] Magnitude updated: 5.66 (Mw(mB))
2025/05/23 04:38:28.639362 [Simulation:Info:toast@toast-new:Simulation not generated] Magnitude 5.66 of event bmg2025jzgk is smaller than triggerMinMagnitude: no automatic simulation
2025/05/23 04:38:33.612910 [Incident:Info:toast@toast-new:Origin updated] Origin updated: OT: 2025-05-22 21:27:59,  Lat/Lon: 41.5278°/142.197°, Depth: 10
2025/05/23 04:38:33.613107 [Incident:Info:toast@toast-new:Magnitude updated] Magnitude updated: 5.65 (Mw(mB))
2025/05/23 04:38:33.613174 [Simulation:Info:toast@toast-new:Simulation not generated] Magnitude 5.65 of event bmg2025jzgk is smaller than triggerMinMagnitude: no automatic simulation
2025/05/23 04:38:34.724426 [Incident:Info:toast@toast-new:Origin updated] Origin updated: OT: 2025-05-22 21:27:59,  Lat/Lon: 41.5278°/142.197°, Depth: 10
2025/05/23 04:38:34.724598 [Incident:Info:toast@toast-new:Magnitude updated] Magnitude updated: 5.64 (Mw(mB))
2025/05/23 04:38:34.724641 [Simulation:Info:toast@toast-new:Simulation not generated] Magnitude 5.64 of event bmg2025jzgk is smaller than triggerMinMagnitude: no automatic simulation
2025/05/23 04:38:38.578216 [Incident:Info:toast@toast-new:Origin updated] Origin updated: OT: 2025-05-22 21:27:59,  Lat/Lon: 41.5278°/142.197°, Depth: 10
2025/05/23 04:38:38.578409 [Incident:Info:toast@toast-new:Magnitude updated] Magnitude updated: 5.67 (Mw(mB))
2025/05/23 04:38:38.578477 [Simulation:Info:toast@toast-new:Simulation not generated] Magnitude 5.67 of event bmg2025jzgk is smaller than triggerMinMagnitude: no automatic simulation
2025/05/23 04:38:43.576772 [Incident:Info:toast@toast-new:Origin updated] Origin updated: OT: 2025-05-22 21:27:59,  Lat/Lon: 41.5278°/142.197°, Depth: 10
2025/05/23 04:38:43.576926 [Incident:Info:toast@toast-new:Magnitude updated] Magnitude updated: 5.68 (Mw(mB))
2025/05/23 04:38:43.576961 [Simulation:Info:toast@toast-new:Simulation not generated] Magnitude 5.68 of event bmg2025jzgk is smaller than triggerMinMagnitude: no automatic simulation
2025/05/23 04:38:58.614083 [Incident:Info:toast@toast-new:Origin updated] Origin updated: OT: 2025-05-22 21:27:59,  Lat/Lon: 41.5278°/142.197°, Depth: 10
2025/05/23 04:38:58.614260 [Incident:Info:toast@toast-new:Magnitude updated] Magnitude updated: 5.68 (Mw(mB))
2025/05/23 04:38:58.614308 [Simulation:Info:toast@toast-new:Simulation not generated] Magnitude 5.68 of event bmg2025jzgk is smaller than triggerMinMagnitude: no automatic simulation
2025/05/23 04:39:03.613205 [Incident:Info:toast@toast-new:Origin updated] Origin updated: OT: 2025-05-22 21:27:59,  Lat/Lon: 41.5278°/142.197°, Depth: 10
2025/05/23 04:39:03.613378 [Incident:Info:toast@toast-new:Magnitude updated] Magnitude updated: 5.68 (Mw(mB))
2025/05/23 04:39:03.613410 [Simulation:Info:toast@toast-new:Simulation not generated] Magnitude 5.68 of event bmg2025jzgk is smaller than triggerMinMagnitude: no automatic simulation
2025/05/23 04:39:13.058178 [Incident:Info:toast@toast-new:Origin updated] Origin updated: OT: 2025-05-22 21:27:59,  Lat/Lon: 41.5389°/142.198°, Depth: 10
2025/05/23 04:39:13.058379 [Incident:Info:toast@toast-new:Magnitude updated] Magnitude updated: 5.69 (Mw(mB))
2025/05/23 04:39:13.058428 [Simulation:Info:toast@toast-new:Simulation not generated] Magnitude 5.69 of event bmg2025jzgk is smaller than triggerMinMagnitude: no automatic simulation
2025/05/23 04:40:13.739224 [Incident:Info:toast@toast-new:Origin updated] Origin updated: OT: 2025-05-22 21:27:55,  Lat/Lon: 41.9174°/142.6°, Depth: 10
2025/05/23 04:40:13.739448 [Incident:Info:toast@toast-new:Magnitude updated] Magnitude updated: 5.68 (Mw(mB))
2025/05/23 04:40:13.739495 [Simulation:Info:toast@toast-new:Simulation not generated] Magnitude 5.68 of event bmg2025jzgk is smaller than triggerMinMagnitude: no automatic simulation
2025/05/23 04:40:28.572186 [Incident:Info:toast@toast-new:Origin updated] Origin updated: OT: 2025-05-22 21:27:55,  Lat/Lon: 41.9174°/142.6°, Depth: 10
2025/05/23 04:40:28.572374 [Incident:Info:toast@toast-new:Magnitude updated] Magnitude updated: 5.67 (Mw(mB))
2025/05/23 04:40:28.572419 [Simulation:Info:toast@toast-new:Simulation not generated] Magnitude 5.67 of event bmg2025jzgk is smaller than triggerMinMagnitude: no automatic simulation
2025/05/23 04:41:16.051569 [Incident:Info:toast@toast-new:Origin updated] Origin updated: OT: 2025-05-22 21:27:55,  Lat/Lon: 41.9066°/142.609°, Depth: 10
2025/05/23 04:41:16.051777 [Incident:Info:toast@toast-new:Magnitude updated] Magnitude updated: 5.67 (Mw(mB))
2025/05/23 04:41:16.051822 [Simulation:Info:toast@toast-new:Simulation not generated] Magnitude 5.67 of event bmg2025jzgk is smaller than triggerMinMagnitude: no automatic simulation
2025/05/23 04:41:23.573590 [Incident:Info:toast@toast-new:Origin updated] Origin updated: OT: 2025-05-22 21:27:55,  Lat/Lon: 41.9066°/142.609°, Depth: 10
2025/05/23 04:41:23.573772 [Incident:Info:toast@toast-new:Magnitude updated] Magnitude updated: 5.66 (Mw(mB))
2025/05/23 04:41:23.573818 [Simulation:Info:toast@toast-new:Simulation not generated] Magnitude 5.66 of event bmg2025jzgk is smaller than triggerMinMagnitude: no automatic simulation
2025/05/23 04:41:53.573645 [Incident:Info:toast@toast-new:Origin updated] Origin updated: OT: 2025-05-22 21:27:55,  Lat/Lon: 41.9066°/142.609°, Depth: 10
2025/05/23 04:41:53.573851 [Incident:Info:toast@toast-new:Magnitude updated] Magnitude updated: 5.67 (Mw(mB))
2025/05/23 04:41:53.573895 [Simulation:Info:toast@toast-new:Simulation not generated] Magnitude 5.67 of event bmg2025jzgk is smaller than triggerMinMagnitude: no automatic simulation
2025/05/23 04:42:21.283270 [Incident:Info:toast@toast-new:Origin updated] Origin updated: OT: 2025-05-22 21:27:55,  Lat/Lon: 41.9026°/142.613°, Depth: 10
2025/05/23 04:42:21.283484 [Incident:Info:toast@toast-new:Magnitude updated] Magnitude updated: 5.67 (Mw(mB))
2025/05/23 04:42:21.283531 [Simulation:Info:toast@toast-new:Simulation not generated] Magnitude 5.67 of event bmg2025jzgk is smaller than triggerMinMagnitude: no automatic simulation
2025/05/23 04:45:24.702791 [Incident:Info:toast@toast-new:Origin updated] Origin updated: OT: 2025-05-22 21:27:55,  Lat/Lon: 41.9026°/142.613°, Depth: 10
2025/05/23 04:45:24.702971 [Simulation:Info:toast@toast-new:Simulation not generated] Magnitude 5.67 of event bmg2025jzgk is smaller than triggerMinMagnitude: no automatic simulation
2025/05/23 04:48:43.200827 [Incident:Info:toast@toast-new:Origin updated] Origin updated: OT: 2025-05-22 21:27:55,  Lat/Lon: 41.9026°/142.613°, Depth: 10
2025/05/23 04:48:43.201022 [Simulation:Info:toast@toast-new:Simulation not generated] Magnitude 5.67 of event bmg2025jzgk is smaller than triggerMinMagnitude: no automatic simulation
2025/05/23 04:59:28.917504 [Incident:Info:toast@toast-new:Origin updated] Origin updated: OT: 2025-05-22 21:27:55,  Lat/Lon: 41.9015°/142.615°, Depth: 10
2025/05/23 04:59:28.917734 [Incident:Info:toast@toast-new:Magnitude updated] Magnitude updated: 5.66 (Mw(mB))
2025/05/23 04:59:28.917789 [Simulation:Info:toast@toast-new:Simulation not generated] Magnitude 5.66 of event bmg2025jzgk is smaller than triggerMinMagnitude: no automatic simulation
2025/05/23 04:59:28.945754 [Incident:Info:toast@toast-new:Origin updated] Origin updated: OT: 2025-05-22 21:27:55,  Lat/Lon: 41.9015°/142.615°, Depth: 10
2025/05/23 04:59:28.945886 [Simulation:Info:toast@toast-new:Simulation not generated] Magnitude 5.66 of event bmg2025jzgk is smaller than triggerMinMagnitude: no automatic simulation
2025/05/23 05:13:34.937039 [Incident:Info:toast@toast-new:Origin updated] Origin updated: OT: 2025-05-22 21:27:55,  Lat/Lon: 41.9015°/142.615°, Depth: 10
2025/05/23 05:13:34.937233 [Incident:Info:toast@toast-new:FM updated] FM updated
2025/05/23 05:13:34.937487 [Simulation:Info:toast@toast-new:Simulation not generated] Magnitude 5.66 of event bmg2025jzgk is smaller than triggerMinMagnitude: no automatic simulation
2025/05/23 05:13:44.988028 [Incident:Info:toast@toast-new:Origin updated] Origin updated: OT: 2025-05-22 21:27:55,  Lat/Lon: 41.9015°/142.615°, Depth: 10
2025/05/23 05:13:44.988235 [Simulation:Info:toast@toast-new:Simulation not generated] Magnitude 5.66 of event bmg2025jzgk is smaller than triggerMinMagnitude: no automatic simulation
2025/05/23 05:14:44.962721 [Incident:Info:toast@toast-new:Origin updated] Origin updated: OT: 2025-05-22 21:27:55,  Lat/Lon: 41.9015°/142.615°, Depth: 10
2025/05/23 05:14:44.962913 [Simulation:Info:toast@toast-new:Simulation not generated] Magnitude 5.66 of event bmg2025jzgk is smaller than triggerMinMagnitude: no automatic simulation
2025/05/23 05:17:04.953216 [Incident:Info:toast@toast-new:Origin updated] Origin updated: OT: 2025-05-22 21:27:55,  Lat/Lon: 41.9015°/142.615°, Depth: 10
2025/05/23 05:17:04.953398 [Simulation:Info:toast@toast-new:Simulation not generated] Magnitude 5.66 of event bmg2025jzgk is smaller than triggerMinMagnitude: no automatic simulation
2025/05/23 17:56:18.387090 [Incident:Info:toast@toast-new:Origin updated] Origin updated: OT: 2025-05-22 21:27:55,  Lat/Lon: 41.9262°/142.446°, Depth: 5
2025/05/23 17:56:18.387252 [Incident:Info:toast@toast-new:Magnitude updated] Magnitude updated: 5.69 (Mw(mB))
2025/05/23 17:56:18.387292 [Simulation:Info:toast@toast-new:Simulation not generated] Magnitude 5.69 of event bmg2025jzgk is smaller than triggerMinMagnitude: no automatic simulation
2025/05/23 17:56:18.398194 [Incident:Info:toast@toast-new:Origin updated] Origin updated: OT: 2025-05-22 21:27:55,  Lat/Lon: 41.9262°/142.446°, Depth: 5
2025/05/23 17:56:18.398311 [Incident:Info:toast@toast-new:Magnitude updated] Magnitude updated: 5.88 (mb)
2025/05/23 17:56:18.398374 [Simulation:Info:toast@toast-new:Simulation not generated] Magnitude 5.88 of event bmg2025jzgk is smaller than triggerMinMagnitude: no automatic simulation
2025/05/23 17:56:18.890102 [Incident:Info:toast@toast-new:Origin updated] Origin updated: OT: 2025-05-22 21:27:55,  Lat/Lon: 41.9262°/142.446°, Depth: 5
2025/05/23 17:56:18.890224 [Incident:Info:toast@toast-new:FM updated] FM updated
2025/05/23 17:56:18.890410 [Simulation:Info:toast@toast-new:Simulation not generated] Magnitude 5.88 of event bmg2025jzgk is smaller than triggerMinMagnitude: no automatic simulation
2025/05/23 17:56:18.921562 [Incident:Info:toast@toast-new:Origin updated] Origin updated: OT: 2025-05-22 21:27:55,  Lat/Lon: 41.9262°/142.446°, Depth: 5
2025/05/23 17:56:18.921665 [Incident:Info:toast@toast-new:FM updated] FM updated
2025/05/23 17:56:18.921798 [Simulation:Info:toast@toast-new:Simulation not generated] Magnitude 5.88 of event bmg2025jzgk is smaller than triggerMinMagnitude: no automatic simulation
2025/06/16 07:52:16.524939 [Incident:Info:toast@toast-new:Origin updated] Origin updated: OT: 2025-05-22 21:28:00,  Lat/Lon: 41.8669°/142.574°, Depth: 42.5287
2025/06/16 07:52:16.527140 [Incident:Info:toast@toast-new:Magnitude updated] Magnitude updated: 5.85 (mb)
2025/06/16 07:52:16.527161 [Simulation:Info:toast@toast-new:Simulation not generated] Magnitude 5.85 of event bmg2025jzgk is smaller than triggerMinMagnitude: no automatic simulation
2025/06/16 07:52:16.538723 [Incident:Info:toast@toast-new:Origin updated] Origin updated: OT: 2025-05-22 21:28:00,  Lat/Lon: 41.8669°/142.574°, Depth: 42.5287
2025/06/16 07:52:16.538801 [Incident:Info:toast@toast-new:Magnitude updated] Magnitude updated: 5.65 (Mw(mB))
2025/06/16 07:52:16.538832 [Simulation:Info:toast@toast-new:Simulation not generated] Magnitude 5.65 of event bmg2025jzgk is smaller than triggerMinMagnitude: no automatic simulation
2025/06/16 07:52:42.196981 [Incident:Info:toast@toast-new:Origin updated] Origin updated: OT: 2025-05-22 21:28:00,  Lat/Lon: 41.8669°/142.574°, Depth: 42.5287
2025/06/16 07:52:42.197160 [Incident:Info:toast@toast-new:Magnitude updated] Magnitude updated: 5.42 (Mw)
2025/06/16 07:52:42.197209 [Simulation:Info:toast@toast-new:Simulation not generated] Magnitude 5.42 of event bmg2025jzgk is smaller than triggerMinMagnitude: no automatic simulation
2025/06/16 07:52:54.614726 [Incident:Info:toast@toast-new:Origin updated] Origin updated: OT: 2025-05-22 21:28:02,  Lat/Lon: 41.8954°/142.626°, Depth: 73
2025/06/16 07:52:54.614934 [Simulation:Info:toast@toast-new:Simulation not generated] Magnitude 5.42 of event bmg2025jzgk is smaller than triggerMinMagnitude: no automatic simulation
