2025/08/01 10:50:42.448320 [Incident:Info:toast@toast-new:Displacement(s) updated] Added 0 and changed 0 displacements with 0 amplitudes
2025/08/01 10:50:42.464862 [Incident:Info:toast@toast-new:Incident created] Incident created based on event received from messaging: OT: 2025-08-01 03:39:43,  Lat/Lon: 51.80°/160.20°, Depth: 10.00, Mag: 5.15 (M)
2025/08/01 10:50:42.465494 [Simulation:Info:toast@toast-new:Simulation not generated] Magnitude 5.15 of event bmg2025oxpx is smaller than triggerMinMagnitude: no automatic simulation
2025/08/01 10:50:42.481354 [Incident:Info:toast@toast-new:Origin updated] Origin updated: OT: 2025-08-01 03:39:43,  Lat/Lon: 51.7951°/160.196°, Depth: 10
2025/08/01 10:50:42.481498 [Simulation:Info:toast@toast-new:Simulation not generated] Magnitude 5.15 of event bmg2025oxpx is smaller than triggerMinMagnitude: no automatic simulation
2025/08/01 10:50:55.048989 [Incident:Info:toast@toast-new:Origin updated] Origin updated: OT: 2025-08-01 03:39:43,  Lat/Lon: 51.7951°/160.196°, Depth: 10
2025/08/01 10:50:55.049194 [Incident:Info:toast@toast-new:Magnitude updated] Magnitude updated: 5.14 (M)
2025/08/01 10:50:55.049243 [Simulation:Info:toast@toast-new:Simulation not generated] Magnitude 5.14 of event bmg2025oxpx is smaller than triggerMinMagnitude: no automatic simulation
2025/08/01 10:50:57.419332 [Incident:Info:toast@toast-new:Origin updated] Origin updated: OT: 2025-08-01 03:39:43,  Lat/Lon: 51.7953°/160.194°, Depth: 10
2025/08/01 10:50:57.419512 [Incident:Info:toast@toast-new:Magnitude updated] Magnitude updated: 5.15 (M)
2025/08/01 10:50:57.419543 [Simulation:Info:toast@toast-new:Simulation not generated] Magnitude 5.15 of event bmg2025oxpx is smaller than triggerMinMagnitude: no automatic simulation
2025/08/01 10:51:05.051039 [Incident:Info:toast@toast-new:Origin updated] Origin updated: OT: 2025-08-01 03:39:43,  Lat/Lon: 51.7953°/160.194°, Depth: 10
2025/08/01 10:51:05.051235 [Incident:Info:toast@toast-new:Magnitude updated] Magnitude updated: 5.15 (M)
2025/08/01 10:51:05.051292 [Simulation:Info:toast@toast-new:Simulation not generated] Magnitude 5.15 of event bmg2025oxpx is smaller than triggerMinMagnitude: no automatic simulation
2025/08/01 10:51:07.428264 [Incident:Info:toast@toast-new:Origin updated] Origin updated: OT: 2025-08-01 03:39:44,  Lat/Lon: 51.8113°/160.233°, Depth: 10
2025/08/01 10:51:07.428479 [Incident:Info:toast@toast-new:Magnitude updated] Magnitude updated: 5.16 (M)
2025/08/01 10:51:07.428525 [Simulation:Info:toast@toast-new:Simulation not generated] Magnitude 5.16 of event bmg2025oxpx is smaller than triggerMinMagnitude: no automatic simulation
2025/08/01 10:51:19.190384 [Incident:Info:toast@toast-new:Origin updated] Origin updated: OT: 2025-08-01 03:39:44,  Lat/Lon: 51.8067°/160.24°, Depth: 10
2025/08/01 10:51:19.190582 [Incident:Info:toast@toast-new:Magnitude updated] Magnitude updated: 5.17 (M)
2025/08/01 10:51:19.190627 [Simulation:Info:toast@toast-new:Simulation not generated] Magnitude 5.17 of event bmg2025oxpx is smaller than triggerMinMagnitude: no automatic simulation
2025/08/01 10:51:31.212098 [Incident:Info:toast@toast-new:Origin updated] Origin updated: OT: 2025-08-01 03:39:44,  Lat/Lon: 51.8005°/160.226°, Depth: 10
2025/08/01 10:51:31.212295 [Incident:Info:toast@toast-new:Magnitude updated] Magnitude updated: 5.18 (M)
2025/08/01 10:51:31.212324 [Simulation:Info:toast@toast-new:Simulation not generated] Magnitude 5.18 of event bmg2025oxpx is smaller than triggerMinMagnitude: no automatic simulation
2025/08/01 10:51:35.068696 [Incident:Info:toast@toast-new:Origin updated] Origin updated: OT: 2025-08-01 03:39:44,  Lat/Lon: 51.8005°/160.226°, Depth: 10
2025/08/01 10:51:35.068846 [Incident:Info:toast@toast-new:Magnitude updated] Magnitude updated: 5.20 (M)
2025/08/01 10:51:35.068874 [Simulation:Info:toast@toast-new:Simulation not generated] Magnitude 5.20 of event bmg2025oxpx is smaller than triggerMinMagnitude: no automatic simulation
2025/08/01 10:51:49.048745 [Incident:Info:toast@toast-new:Origin updated] Origin updated: OT: 2025-08-01 03:39:44,  Lat/Lon: 51.8422°/160.177°, Depth: 10
2025/08/01 10:51:49.048955 [Incident:Info:toast@toast-new:Magnitude updated] Magnitude updated: 5.20 (M)
2025/08/01 10:51:49.048997 [Simulation:Info:toast@toast-new:Simulation not generated] Magnitude 5.20 of event bmg2025oxpx is smaller than triggerMinMagnitude: no automatic simulation
2025/08/01 10:52:10.486120 [Incident:Info:toast@toast-new:Origin updated] Origin updated: OT: 2025-08-01 03:39:44,  Lat/Lon: 51.8412°/160.178°, Depth: 10
2025/08/01 10:52:10.486329 [Incident:Info:toast@toast-new:Magnitude updated] Magnitude updated: 5.20 (M)
2025/08/01 10:52:10.486373 [Simulation:Info:toast@toast-new:Simulation not generated] Magnitude 5.20 of event bmg2025oxpx is smaller than triggerMinMagnitude: no automatic simulation
2025/08/01 10:52:33.552043 [Incident:Info:toast@toast-new:Origin updated] Origin updated: OT: 2025-08-01 03:39:44,  Lat/Lon: 51.8407°/160.179°, Depth: 10
2025/08/01 10:52:33.552246 [Incident:Info:toast@toast-new:Magnitude updated] Magnitude updated: 5.20 (M)
2025/08/01 10:52:33.552288 [Simulation:Info:toast@toast-new:Simulation not generated] Magnitude 5.20 of event bmg2025oxpx is smaller than triggerMinMagnitude: no automatic simulation
2025/08/01 10:53:06.142803 [Incident:Info:toast@toast-new:Origin updated] Origin updated: OT: 2025-08-01 03:39:44,  Lat/Lon: 51.8392°/160.181°, Depth: 10
2025/08/01 10:53:06.143006 [Incident:Info:toast@toast-new:Magnitude updated] Magnitude updated: 5.20 (M)
2025/08/01 10:53:06.143047 [Simulation:Info:toast@toast-new:Simulation not generated] Magnitude 5.20 of event bmg2025oxpx is smaller than triggerMinMagnitude: no automatic simulation
2025/08/01 10:53:22.914103 [Incident:Info:toast@toast-new:Origin updated] Origin updated: OT: 2025-08-01 03:39:44,  Lat/Lon: 51.8351°/160.183°, Depth: 10
2025/08/01 10:53:22.914326 [Incident:Info:toast@toast-new:Magnitude updated] Magnitude updated: 5.21 (M)
2025/08/01 10:53:22.914375 [Simulation:Info:toast@toast-new:Simulation not generated] Magnitude 5.21 of event bmg2025oxpx is smaller than triggerMinMagnitude: no automatic simulation
2025/08/01 10:55:14.190010 [Incident:Info:toast@toast-new:Origin updated] Origin updated: OT: 2025-08-01 03:39:44,  Lat/Lon: 51.8357°/160.196°, Depth: 10
2025/08/01 10:55:14.190206 [Incident:Info:toast@toast-new:Magnitude updated] Magnitude updated: 5.23 (M)
2025/08/01 10:55:14.190251 [Simulation:Info:toast@toast-new:Simulation not generated] Magnitude 5.23 of event bmg2025oxpx is smaller than triggerMinMagnitude: no automatic simulation
2025/08/01 10:55:32.510638 [Incident:Info:toast@toast-new:Origin updated] Origin updated: OT: 2025-08-01 03:39:44,  Lat/Lon: 51.838°/160.193°, Depth: 10
2025/08/01 10:55:32.510829 [Incident:Info:toast@toast-new:Magnitude updated] Magnitude updated: 5.23 (M)
2025/08/01 10:55:32.510868 [Simulation:Info:toast@toast-new:Simulation not generated] Magnitude 5.23 of event bmg2025oxpx is smaller than triggerMinMagnitude: no automatic simulation
2025/08/01 11:00:01.026807 [Incident:Info:toast@toast-new:Origin updated] Origin updated: OT: 2025-08-01 03:39:44,  Lat/Lon: 51.838°/160.193°, Depth: 10
2025/08/01 11:00:01.026993 [Simulation:Info:toast@toast-new:Simulation not generated] Magnitude 5.23 of event bmg2025oxpx is smaller than triggerMinMagnitude: no automatic simulation
2025/08/01 15:19:24.898644 [Incident:Info:toast@toast-new:Origin updated] Origin updated: OT: 2025-08-01 03:39:45,  Lat/Lon: 51.8527°/160.184°, Depth: 16.5484
2025/08/01 15:19:24.898854 [Incident:Info:toast@toast-new:Magnitude updated] Magnitude updated: 5.53 (mb)
2025/08/01 15:19:24.898903 [Simulation:Info:toast@toast-new:Simulation not generated] Magnitude 5.53 of event bmg2025oxpx is smaller than triggerMinMagnitude: no automatic simulation
2025/08/01 15:19:24.953324 [Incident:Info:toast@toast-new:Origin updated] Origin updated: OT: 2025-08-01 03:39:45,  Lat/Lon: 51.8527°/160.184°, Depth: 16.5484
2025/08/01 15:19:24.953448 [Incident:Info:toast@toast-new:Magnitude updated] Magnitude updated: 5.23 (M)
2025/08/01 15:19:24.953483 [Simulation:Info:toast@toast-new:Simulation not generated] Magnitude 5.23 of event bmg2025oxpx is smaller than triggerMinMagnitude: no automatic simulation
2025/08/01 19:12:23.186677 [Incident:Info:toast@toast-new:Origin updated] Origin updated: OT: 2025-08-01 03:39:45,  Lat/Lon: 51.8865°/160.267°, Depth: 15.2375
2025/08/01 19:12:23.186863 [Incident:Info:toast@toast-new:Magnitude updated] Magnitude updated: 5.51 (mb)
2025/08/01 19:12:23.186908 [Simulation:Info:toast@toast-new:Simulation not generated] Magnitude 5.51 of event bmg2025oxpx is smaller than triggerMinMagnitude: no automatic simulation
2025/08/01 19:12:23.208561 [Incident:Info:toast@toast-new:Origin updated] Origin updated: OT: 2025-08-01 03:39:45,  Lat/Lon: 51.8865°/160.267°, Depth: 15.2375
2025/08/01 19:12:23.208670 [Simulation:Info:toast@toast-new:Simulation not generated] Magnitude 5.51 of event bmg2025oxpx is smaller than triggerMinMagnitude: no automatic simulation
2025/08/03 08:38:52.734525 [Incident:Info:toast@toast-new:Incident removed] Removed incident - Bye
