2025/07/03 12:55:58.382548 [Incident:Info:toast@toast-new:Displacement(s) updated] Added 0 and changed 0 displacements with 0 amplitudes
2025/07/03 12:55:58.383730 [Incident:Info:toast@toast-new:Incident created] Incident created based on event received from messaging: OT: 2025-07-03 05:41:42,  Lat/Lon: -21.48°/-67.38°, Depth: 174.51, Mag: 5.38 (M)
2025/07/03 12:55:58.384430 [Simulation:Info:toast@toast-new:Simulation not generated] Magnitude 5.38 of event bmg2025mwui is smaller than triggerMinMagnitude: no automatic simulation
2025/07/03 12:55:58.402083 [Incident:Info:toast@toast-new:Origin updated] Origin updated: OT: 2025-07-03 05:41:42,  Lat/Lon: -21.4773°/-67.3815°, Depth: 174.507
2025/07/03 12:55:58.402245 [Simulation:Info:toast@toast-new:Simulation not generated] Magnitude 5.38 of event bmg2025mwui is smaller than triggerMinMagnitude: no automatic simulation
2025/07/03 12:56:23.679637 [Incident:Info:toast@toast-new:Origin updated] Origin updated: OT: 2025-07-03 05:41:42,  Lat/Lon: -21.4773°/-67.3815°, Depth: 174.507
2025/07/03 12:56:23.679808 [Incident:Info:toast@toast-new:Magnitude updated] Magnitude updated: 5.44 (M)
2025/07/03 12:56:23.679841 [Simulation:Info:toast@toast-new:Simulation not generated] Magnitude 5.44 of event bmg2025mwui is smaller than triggerMinMagnitude: no automatic simulation
2025/07/03 12:57:13.185022 [Incident:Info:toast@toast-new:Origin updated] Origin updated: OT: 2025-07-03 05:41:42,  Lat/Lon: -21.5406°/-67.432°, Depth: 173.308
2025/07/03 12:57:13.185240 [Incident:Info:toast@toast-new:Magnitude updated] Magnitude updated: 5.66 (mb)
2025/07/03 12:57:13.185286 [Simulation:Info:toast@toast-new:Simulation not generated] Magnitude 5.66 of event bmg2025mwui is smaller than triggerMinMagnitude: no automatic simulation
2025/07/03 12:57:13.200163 [Incident:Info:toast@toast-new:Origin updated] Origin updated: OT: 2025-07-03 05:41:42,  Lat/Lon: -21.5406°/-67.432°, Depth: 173.308
2025/07/03 12:57:13.200278 [Incident:Info:toast@toast-new:Magnitude updated] Magnitude updated: 5.44 (M)
2025/07/03 12:57:13.200307 [Simulation:Info:toast@toast-new:Simulation not generated] Magnitude 5.44 of event bmg2025mwui is smaller than triggerMinMagnitude: no automatic simulation
2025/07/03 15:45:26.774182 [Incident:Info:toast@toast-new:Origin updated] Origin updated: OT: 2025-07-03 05:41:42,  Lat/Lon: -21.5313°/-67.4545°, Depth: 179.129
2025/07/03 15:45:26.774396 [Incident:Info:toast@toast-new:Magnitude updated] Magnitude updated: 5.63 (mb)
2025/07/03 15:45:26.774452 [Simulation:Info:toast@toast-new:Simulation not generated] Magnitude 5.63 of event bmg2025mwui is smaller than triggerMinMagnitude: no automatic simulation
2025/07/03 15:45:26.794538 [Incident:Info:toast@toast-new:Origin updated] Origin updated: OT: 2025-07-03 05:41:42,  Lat/Lon: -21.5313°/-67.4545°, Depth: 179.129
2025/07/03 15:45:26.794672 [Incident:Info:toast@toast-new:Magnitude updated] Magnitude updated: 5.31 (M)
2025/07/03 15:45:26.794715 [Simulation:Info:toast@toast-new:Simulation not generated] Magnitude 5.31 of event bmg2025mwui is smaller than triggerMinMagnitude: no automatic simulation
2025/07/03 15:45:26.812077 [Incident:Info:toast@toast-new:Origin updated] Origin updated: OT: 2025-07-03 05:41:42,  Lat/Lon: -21.5313°/-67.4545°, Depth: 179.129
2025/07/03 15:45:26.812204 [Simulation:Info:toast@toast-new:Simulation not generated] Magnitude 5.31 of event bmg2025mwui is smaller than triggerMinMagnitude: no automatic simulation
2025/07/03 15:45:41.000101 [Incident:Info:toast@toast-new:Origin updated] Origin updated: OT: 2025-07-03 05:41:42,  Lat/Lon: -21.5313°/-67.4545°, Depth: 179.129
2025/07/03 15:45:41.000322 [Incident:Info:toast@toast-new:Magnitude updated] Magnitude updated: 5.32 (Mw(mB))
2025/07/03 15:45:41.000380 [Simulation:Info:toast@toast-new:Simulation not generated] Magnitude 5.32 of event bmg2025mwui is smaller than triggerMinMagnitude: no automatic simulation
