2025/09/13 13:34:03.690575 [Incident:Info:toast@toast-new:Displacement(s) updated] Added 0 and changed 0 displacements with 0 amplitudes
2025/09/13 13:34:03.691130 [Incident:Info:toast@toast-new:Incident created] Incident created based on event received from messaging: OT: 2025-09-13 06:22:23,  Lat/Lon: 53.01°/160.45°, Depth: 10.00, Mag: 5.08 (M)
2025/09/13 13:34:03.691663 [Simulation:Info:toast@toast-new:Simulation not generated] Magnitude 5.08 of event bmg2025ryjx is smaller than triggerMinMagnitude: no automatic simulation
2025/09/13 13:34:03.707087 [Incident:Info:toast@toast-new:Origin updated] Origin updated: OT: 2025-09-13 06:22:23,  Lat/Lon: 53.0131°/160.447°, Depth: 10
2025/09/13 13:34:03.707234 [Simulation:Info:toast@toast-new:Simulation not generated] Magnitude 5.08 of event bmg2025ryjx is smaller than triggerMinMagnitude: no automatic simulation
2025/09/13 13:34:09.780207 [Incident:Info:toast@toast-new:Origin updated] Origin updated: OT: 2025-09-13 06:22:23,  Lat/Lon: 53.0106°/160.45°, Depth: 10
2025/09/13 13:34:09.780401 [Incident:Info:toast@toast-new:Magnitude updated] Magnitude updated: 5.13 (M)
2025/09/13 13:34:09.780435 [Simulation:Info:toast@toast-new:Simulation not generated] Magnitude 5.13 of event bmg2025ryjx is smaller than triggerMinMagnitude: no automatic simulation
2025/09/13 13:34:18.573079 [Incident:Info:toast@toast-new:Origin updated] Origin updated: OT: 2025-09-13 06:22:23,  Lat/Lon: 53.0106°/160.45°, Depth: 10
2025/09/13 13:34:18.573223 [Incident:Info:toast@toast-new:Magnitude updated] Magnitude updated: 5.16 (M)
2025/09/13 13:34:18.573267 [Simulation:Info:toast@toast-new:Simulation not generated] Magnitude 5.16 of event bmg2025ryjx is smaller than triggerMinMagnitude: no automatic simulation
2025/09/13 13:34:23.043611 [Incident:Info:toast@toast-new:Origin updated] Origin updated: OT: 2025-09-13 06:22:23,  Lat/Lon: 52.9757°/160.464°, Depth: 10
2025/09/13 13:34:23.043974 [Incident:Info:toast@toast-new:Magnitude updated] Magnitude updated: 5.17 (M)
2025/09/13 13:34:23.044019 [Simulation:Info:toast@toast-new:Simulation not generated] Magnitude 5.17 of event bmg2025ryjx is smaller than triggerMinMagnitude: no automatic simulation
2025/09/13 13:34:33.608454 [Incident:Info:toast@toast-new:Origin updated] Origin updated: OT: 2025-09-13 06:22:23,  Lat/Lon: 52.9757°/160.464°, Depth: 10
2025/09/13 13:34:33.608626 [Incident:Info:toast@toast-new:Magnitude updated] Magnitude updated: 5.22 (M)
2025/09/13 13:34:33.608664 [Simulation:Info:toast@toast-new:Simulation not generated] Magnitude 5.22 of event bmg2025ryjx is smaller than triggerMinMagnitude: no automatic simulation
2025/09/13 13:34:38.059844 [Incident:Info:toast@toast-new:Origin updated] Origin updated: OT: 2025-09-13 06:22:23,  Lat/Lon: 52.965°/160.468°, Depth: 10
2025/09/13 13:34:38.060023 [Incident:Info:toast@toast-new:Magnitude updated] Magnitude updated: 5.22 (M)
2025/09/13 13:34:38.060055 [Simulation:Info:toast@toast-new:Simulation not generated] Magnitude 5.22 of event bmg2025ryjx is smaller than triggerMinMagnitude: no automatic simulation
2025/09/13 13:34:43.603799 [Incident:Info:toast@toast-new:Origin updated] Origin updated: OT: 2025-09-13 06:22:23,  Lat/Lon: 52.965°/160.468°, Depth: 10
2025/09/13 13:34:43.603991 [Incident:Info:toast@toast-new:Magnitude updated] Magnitude updated: 5.27 (M)
2025/09/13 13:34:43.604045 [Simulation:Info:toast@toast-new:Simulation not generated] Magnitude 5.27 of event bmg2025ryjx is smaller than triggerMinMagnitude: no automatic simulation
2025/09/13 13:34:55.331231 [Incident:Info:toast@toast-new:Origin updated] Origin updated: OT: 2025-09-13 06:22:23,  Lat/Lon: 52.9677°/160.462°, Depth: 10
2025/09/13 13:34:55.331446 [Incident:Info:toast@toast-new:Magnitude updated] Magnitude updated: 5.27 (M)
2025/09/13 13:34:55.331489 [Simulation:Info:toast@toast-new:Simulation not generated] Magnitude 5.27 of event bmg2025ryjx is smaller than triggerMinMagnitude: no automatic simulation
2025/09/13 13:35:13.082447 [Incident:Info:toast@toast-new:Origin updated] Origin updated: OT: 2025-09-13 06:22:23,  Lat/Lon: 52.9973°/160.437°, Depth: 10
2025/09/13 13:35:13.082655 [Incident:Info:toast@toast-new:Magnitude updated] Magnitude updated: 5.26 (M)
2025/09/13 13:35:13.082688 [Simulation:Info:toast@toast-new:Simulation not generated] Magnitude 5.26 of event bmg2025ryjx is smaller than triggerMinMagnitude: no automatic simulation
2025/09/13 13:35:34.985336 [Incident:Info:toast@toast-new:Origin updated] Origin updated: OT: 2025-09-13 06:22:23,  Lat/Lon: 52.9997°/160.435°, Depth: 10
2025/09/13 13:35:34.985545 [Incident:Info:toast@toast-new:Magnitude updated] Magnitude updated: 5.26 (M)
2025/09/13 13:35:34.985588 [Simulation:Info:toast@toast-new:Simulation not generated] Magnitude 5.26 of event bmg2025ryjx is smaller than triggerMinMagnitude: no automatic simulation
2025/09/13 13:35:53.096460 [Incident:Info:toast@toast-new:Origin updated] Origin updated: OT: 2025-09-13 06:22:22,  Lat/Lon: 52.9982°/160.445°, Depth: 10
2025/09/13 13:35:53.096674 [Incident:Info:toast@toast-new:Magnitude updated] Magnitude updated: 5.26 (M)
2025/09/13 13:35:53.096706 [Simulation:Info:toast@toast-new:Simulation not generated] Magnitude 5.26 of event bmg2025ryjx is smaller than triggerMinMagnitude: no automatic simulation
2025/09/13 13:36:43.331591 [Incident:Info:toast@toast-new:Origin updated] Origin updated: OT: 2025-09-13 06:22:27,  Lat/Lon: 53.1479°/160.363°, Depth: 43.8827
2025/09/13 13:36:43.331805 [Incident:Info:toast@toast-new:Magnitude updated] Magnitude updated: 5.33 (mb)
2025/09/13 13:36:43.331843 [Simulation:Info:toast@toast-new:Simulation not generated] Magnitude 5.33 of event bmg2025ryjx is smaller than triggerMinMagnitude: no automatic simulation
2025/09/13 13:36:43.354923 [Incident:Info:toast@toast-new:Origin updated] Origin updated: OT: 2025-09-13 06:22:27,  Lat/Lon: 53.1479°/160.363°, Depth: 43.8827
2025/09/13 13:36:43.355033 [Incident:Info:toast@toast-new:Magnitude updated] Magnitude updated: 5.23 (M)
2025/09/13 13:36:43.355075 [Simulation:Info:toast@toast-new:Simulation not generated] Magnitude 5.23 of event bmg2025ryjx is smaller than triggerMinMagnitude: no automatic simulation
2025/09/13 15:46:06.662761 [Incident:Info:toast@toast-new:Origin updated] Origin updated: OT: 2025-09-13 06:22:27,  Lat/Lon: 53.1479°/160.363°, Depth: 43.8827
2025/09/13 15:46:06.662912 [Incident:Info:toast@toast-new:Magnitude updated] Magnitude updated: 5.33 (mb)
2025/09/13 15:46:06.662963 [Simulation:Info:toast@toast-new:Simulation not generated] Magnitude 5.33 of event bmg2025ryjx is smaller than triggerMinMagnitude: no automatic simulation
2025/09/13 15:46:09.790310 [Incident:Info:toast@toast-new:Origin updated] Origin updated: OT: 2025-09-13 06:22:28,  Lat/Lon: 53.1646°/160.291°, Depth: 51.6001
2025/09/13 15:46:09.790539 [Incident:Info:toast@toast-new:Magnitude updated] Magnitude updated: 5.32 (mb)
2025/09/13 15:46:09.790578 [Simulation:Info:toast@toast-new:Simulation not generated] Magnitude 5.32 of event bmg2025ryjx is smaller than triggerMinMagnitude: no automatic simulation
2025/09/15 18:36:32.891949 [Incident:Info:toast@toast-new:Origin updated] Origin updated: OT: 2025-09-13 06:22:28,  Lat/Lon: 53.2036°/160.213°, Depth: 52.3584
2025/09/15 18:36:32.895970 [Incident:Info:toast@toast-new:Magnitude updated] Magnitude updated: 5.32 (mb)
2025/09/15 18:36:32.896079 [Simulation:Info:toast@toast-new:Simulation not generated] Magnitude 5.32 of event bmg2025ryjx is smaller than triggerMinMagnitude: no automatic simulation
2025/09/15 18:36:43.094209 [Incident:Info:toast@toast-new:Origin updated] Origin updated: OT: 2025-09-13 06:22:28,  Lat/Lon: 53.2036°/160.213°, Depth: 52.3584
2025/09/15 18:36:43.098024 [Simulation:Info:toast@toast-new:Simulation not generated] Magnitude 5.32 of event bmg2025ryjx is smaller than triggerMinMagnitude: no automatic simulation
2025/09/15 18:36:43.123381 [Incident:Info:toast@toast-new:Origin updated] Origin updated: OT: 2025-09-13 06:22:28,  Lat/Lon: 53.2036°/160.213°, Depth: 52.3584
2025/09/15 18:36:43.123572 [Incident:Info:toast@toast-new:Magnitude updated] Magnitude updated: 5.28 (M)
2025/09/15 18:36:43.123613 [Simulation:Info:toast@toast-new:Simulation not generated] Magnitude 5.28 of event bmg2025ryjx is smaller than triggerMinMagnitude: no automatic simulation
2025/09/15 18:36:52.593851 [Incident:Info:toast@toast-new:Origin updated] Origin updated: OT: 2025-09-13 06:22:28,  Lat/Lon: 53.2036°/160.213°, Depth: 52.3584
2025/09/15 18:36:52.594110 [Incident:Info:toast@toast-new:Magnitude updated] Magnitude updated: 5.32 (mb)
2025/09/15 18:36:52.594167 [Simulation:Info:toast@toast-new:Simulation not generated] Magnitude 5.32 of event bmg2025ryjx is smaller than triggerMinMagnitude: no automatic simulation
