2025/10/06 02:49:08.959085 [Incident:Info:toast@toast-new:Displacement(s) updated] Added 0 and changed 0 displacements with 0 amplitudes
2025/10/06 02:49:08.959483 [Incident:Info:toast@toast-new:Incident created] Incident created based on event received from messaging: OT: 2025-10-05 19:37:50,  Lat/Lon: -23.52°/-174.53°, Depth: 10.00, Mag: 5.60 (M)
2025/10/06 02:49:08.960055 [Simulation:Info:toast@toast-new:Simulation not generated] Magnitude 5.60 of event bmg2025tnpf is smaller than triggerMinMagnitude: no automatic simulation
2025/10/06 02:49:08.995512 [Incident:Info:toast@toast-new:Origin updated] Origin updated: OT: 2025-10-05 19:37:50,  Lat/Lon: -23.517°/-174.526°, Depth: 10
2025/10/06 02:49:08.995767 [Simulation:Info:toast@toast-new:Simulation not generated] Magnitude 5.60 of event bmg2025tnpf is smaller than triggerMinMagnitude: no automatic simulation
2025/10/06 02:49:12.912035 [Incident:Info:toast@toast-new:Origin updated] Origin updated: OT: 2025-10-05 19:37:50,  Lat/Lon: -23.517°/-174.526°, Depth: 10
2025/10/06 02:49:12.912361 [Incident:Info:toast@toast-new:Magnitude updated] Magnitude updated: 5.62 (M)
2025/10/06 02:49:12.912513 [Simulation:Info:toast@toast-new:Simulation not generated] Magnitude 5.62 of event bmg2025tnpf is smaller than triggerMinMagnitude: no automatic simulation
2025/10/06 02:49:13.664302 [Incident:Info:toast@toast-new:Origin updated] Origin updated: OT: 2025-10-05 19:37:53,  Lat/Lon: -23.5459°/-174.991°, Depth: 10
2025/10/06 02:49:13.664685 [Incident:Info:toast@toast-new:Magnitude updated] Magnitude updated: 5.60 (M)
2025/10/06 02:49:13.664839 [Simulation:Info:toast@toast-new:Simulation not generated] Magnitude 5.60 of event bmg2025tnpf is smaller than triggerMinMagnitude: no automatic simulation
2025/10/06 02:49:20.202731 [Incident:Info:toast@toast-new:Origin updated] Origin updated: OT: 2025-10-05 19:37:53,  Lat/Lon: -23.5459°/-174.991°, Depth: 10
2025/10/06 02:49:20.203089 [Incident:Info:toast@toast-new:Magnitude updated] Magnitude updated: 5.60 (M)
2025/10/06 02:49:20.203249 [Simulation:Info:toast@toast-new:Simulation not generated] Magnitude 5.60 of event bmg2025tnpf is smaller than triggerMinMagnitude: no automatic simulation
2025/10/06 02:49:25.219744 [Incident:Info:toast@toast-new:Origin updated] Origin updated: OT: 2025-10-05 19:37:53,  Lat/Lon: -23.5459°/-174.991°, Depth: 10
2025/10/06 02:49:25.220111 [Incident:Info:toast@toast-new:Magnitude updated] Magnitude updated: 5.56 (M)
2025/10/06 02:49:25.220275 [Simulation:Info:toast@toast-new:Simulation not generated] Magnitude 5.56 of event bmg2025tnpf is smaller than triggerMinMagnitude: no automatic simulation
2025/10/06 02:49:29.016817 [Incident:Info:toast@toast-new:Origin updated] Origin updated: OT: 2025-10-05 19:37:53,  Lat/Lon: -23.5459°/-174.991°, Depth: 10
2025/10/06 02:49:29.017193 [Incident:Info:toast@toast-new:Magnitude updated] Magnitude updated: 5.55 (M)
2025/10/06 02:49:29.017387 [Simulation:Info:toast@toast-new:Simulation not generated] Magnitude 5.55 of event bmg2025tnpf is smaller than triggerMinMagnitude: no automatic simulation
2025/10/09 23:26:36.536498 [Incident:Info:toast@toast-new:Incident removed] Removed incident - Bye
