2025/11/17 19:14:10.179568 [Incident:Info:toast@toast-new:Displacement(s) updated] Added 0 and changed 0 displacements with 0 amplitudes
2025/11/17 19:14:10.180249 [Incident:Info:toast@toast-new:Incident created] Incident created based on event received from messaging: OT: 2025-11-17 12:12:37,  Lat/Lon: -0.04°/124.15°, Depth: 103.90, Mag: 6.04 (M)
2025/11/17 19:14:10.180879 [Simulation:Info:toast@toast-new:Simulation not generated] Magnitude 6.04 of event bmg2025wnpd is smaller than triggerMinMagnitude: no automatic simulation
2025/11/17 19:14:10.199979 [Incident:Info:toast@toast-new:Origin updated] Origin updated: OT: 2025-11-17 12:12:37,  Lat/Lon: -0.0410883°/124.15°, Depth: 103.9
2025/11/17 19:14:10.200113 [Simulation:Info:toast@toast-new:Simulation not generated] Magnitude 6.04 of event bmg2025wnpd is smaller than triggerMinMagnitude: no automatic simulation
2025/11/17 19:14:13.669321 [Incident:Info:toast@toast-new:Origin updated] Origin updated: OT: 2025-11-17 12:12:37,  Lat/Lon: -0.0410883°/124.15°, Depth: 103.9
2025/11/17 19:14:13.669461 [Incident:Info:toast@toast-new:Magnitude updated] Magnitude updated: 6.05 (M)
2025/11/17 19:14:13.669492 [Simulation:Info:toast@toast-new:Simulation not generated] Magnitude 6.05 of event bmg2025wnpd is smaller than triggerMinMagnitude: no automatic simulation
2025/11/17 19:14:18.695486 [Incident:Info:toast@toast-new:Origin updated] Origin updated: OT: 2025-11-17 12:12:37,  Lat/Lon: -0.0410883°/124.15°, Depth: 103.9
2025/11/17 19:14:18.695690 [Incident:Info:toast@toast-new:Magnitude updated] Magnitude updated: 6.10 (M)
2025/11/17 19:14:18.695739 [Simulation:Info:toast@toast-new:Simulation not generated] Magnitude 6.10 of event bmg2025wnpd is smaller than triggerMinMagnitude: no automatic simulation
2025/11/17 19:14:19.989310 [Incident:Info:toast@toast-new:Origin updated] Origin updated: OT: 2025-11-17 12:12:37,  Lat/Lon: -0.0410883°/124.15°, Depth: 103.9
2025/11/17 19:14:19.989493 [Incident:Info:toast@toast-new:Magnitude updated] Magnitude updated: 6.13 (M)
2025/11/17 19:14:19.989532 [Simulation:Info:toast@toast-new:Simulation not generated] Magnitude 6.13 of event bmg2025wnpd is smaller than triggerMinMagnitude: no automatic simulation
2025/11/17 19:14:20.009750 [Incident:Info:toast@toast-new:Origin updated] Origin updated: OT: 2025-11-17 12:12:38,  Lat/Lon: -0.0551651°/124.164°, Depth: 88.7688
2025/11/17 19:14:20.009900 [Incident:Info:toast@toast-new:Magnitude updated] Magnitude updated: 6.10 (M)
2025/11/17 19:14:20.009929 [Simulation:Info:toast@toast-new:Simulation not generated] Magnitude 6.10 of event bmg2025wnpd is smaller than triggerMinMagnitude: no automatic simulation
2025/11/17 19:14:23.705002 [Incident:Info:toast@toast-new:Origin updated] Origin updated: OT: 2025-11-17 12:12:38,  Lat/Lon: -0.0551651°/124.164°, Depth: 88.7688
2025/11/17 19:14:23.705178 [Incident:Info:toast@toast-new:Magnitude updated] Magnitude updated: 6.14 (M)
2025/11/17 19:14:23.705209 [Simulation:Info:toast@toast-new:Simulation not generated] Magnitude 6.14 of event bmg2025wnpd is smaller than triggerMinMagnitude: no automatic simulation
2025/11/17 19:14:28.700093 [Incident:Info:toast@toast-new:Origin updated] Origin updated: OT: 2025-11-17 12:12:38,  Lat/Lon: -0.0551651°/124.164°, Depth: 88.7688
2025/11/17 19:14:28.700267 [Incident:Info:toast@toast-new:Magnitude updated] Magnitude updated: 6.17 (M)
2025/11/17 19:14:28.700310 [Simulation:Info:toast@toast-new:Simulation not generated] Magnitude 6.17 of event bmg2025wnpd is smaller than triggerMinMagnitude: no automatic simulation
2025/11/17 19:14:33.700338 [Incident:Info:toast@toast-new:Origin updated] Origin updated: OT: 2025-11-17 12:12:38,  Lat/Lon: -0.0551651°/124.164°, Depth: 88.7688
2025/11/17 19:14:33.700505 [Incident:Info:toast@toast-new:Magnitude updated] Magnitude updated: 6.20 (M)
2025/11/17 19:14:33.700535 [Simulation:Info:toast@toast-new:Simulation not generated] Magnitude 6.20 of event bmg2025wnpd is smaller than triggerMinMagnitude: no automatic simulation
2025/11/17 19:14:34.587685 [Incident:Info:toast@toast-new:Origin updated] Origin updated: OT: 2025-11-17 12:12:38,  Lat/Lon: -0.00556822°/124.151°, Depth: 88.9909
2025/11/17 19:14:34.587886 [Incident:Info:toast@toast-new:Magnitude updated] Magnitude updated: 6.32 (M)
2025/11/17 19:14:34.587924 [Simulation:Info:toast@toast-new:Simulation not generated] Magnitude 6.32 of event bmg2025wnpd is smaller than triggerMinMagnitude: no automatic simulation
2025/11/17 19:14:38.721237 [Incident:Info:toast@toast-new:Origin updated] Origin updated: OT: 2025-11-17 12:12:38,  Lat/Lon: -0.00556822°/124.151°, Depth: 88.9909
2025/11/17 19:14:38.721408 [Incident:Info:toast@toast-new:Magnitude updated] Magnitude updated: 6.33 (M)
2025/11/17 19:14:38.721438 [Simulation:Info:toast@toast-new:Simulation not generated] Magnitude 6.33 of event bmg2025wnpd is smaller than triggerMinMagnitude: no automatic simulation
2025/11/17 19:14:42.699339 [Incident:Info:toast@toast-new:Origin updated] Origin updated: OT: 2025-11-17 12:12:37,  Lat/Lon: -0.0398506°/124.147°, Depth: 105.02
2025/11/17 19:14:42.699539 [Incident:Info:toast@toast-new:Magnitude updated] Magnitude updated: 6.24 (MLv)
2025/11/17 19:14:42.699585 [Simulation:Info:toast@toast-new:Simulation not generated] Magnitude 6.24 of event bmg2025wnpd is smaller than triggerMinMagnitude: no automatic simulation
2025/11/17 19:14:42.751658 [Incident:Info:toast@toast-new:Origin updated] Origin updated: OT: 2025-11-17 12:12:37,  Lat/Lon: -0.0398506°/124.147°, Depth: 105.02
2025/11/17 19:14:42.751818 [Incident:Info:toast@toast-new:Magnitude updated] Magnitude updated: 6.24 (M)
2025/11/17 19:14:42.751848 [Simulation:Info:toast@toast-new:Simulation not generated] Magnitude 6.24 of event bmg2025wnpd is smaller than triggerMinMagnitude: no automatic simulation
2025/11/17 19:14:48.744218 [Incident:Info:toast@toast-new:Origin updated] Origin updated: OT: 2025-11-17 12:12:37,  Lat/Lon: -0.0398506°/124.147°, Depth: 105.02
2025/11/17 19:14:48.744378 [Incident:Info:toast@toast-new:Magnitude updated] Magnitude updated: 6.26 (M)
2025/11/17 19:14:48.744413 [Simulation:Info:toast@toast-new:Simulation not generated] Magnitude 6.26 of event bmg2025wnpd is smaller than triggerMinMagnitude: no automatic simulation
2025/11/17 19:14:53.737824 [Incident:Info:toast@toast-new:Origin updated] Origin updated: OT: 2025-11-17 12:12:37,  Lat/Lon: -0.0398506°/124.147°, Depth: 105.02
2025/11/17 19:14:53.737991 [Incident:Info:toast@toast-new:Magnitude updated] Magnitude updated: 6.26 (M)
2025/11/17 19:14:53.738026 [Simulation:Info:toast@toast-new:Simulation not generated] Magnitude 6.26 of event bmg2025wnpd is smaller than triggerMinMagnitude: no automatic simulation
2025/11/17 19:14:56.260567 [Incident:Info:toast@toast-new:Origin updated] Origin updated: OT: 2025-11-17 12:12:37,  Lat/Lon: -0.0398506°/124.147°, Depth: 105.02
2025/11/17 19:14:56.260747 [Incident:Info:toast@toast-new:Magnitude updated] Magnitude updated: 6.26 (M)
2025/11/17 19:14:56.260779 [Simulation:Info:toast@toast-new:Simulation not generated] Magnitude 6.26 of event bmg2025wnpd is smaller than triggerMinMagnitude: no automatic simulation
2025/11/17 19:15:08.809063 [Incident:Info:toast@toast-new:Origin updated] Origin updated: OT: 2025-11-17 12:12:37,  Lat/Lon: -0.0398506°/124.147°, Depth: 105.02
2025/11/17 19:15:08.809258 [Incident:Info:toast@toast-new:Magnitude updated] Magnitude updated: 6.28 (M)
2025/11/17 19:15:08.809301 [Simulation:Info:toast@toast-new:Simulation not generated] Magnitude 6.28 of event bmg2025wnpd is smaller than triggerMinMagnitude: no automatic simulation
2025/11/17 19:15:33.871452 [Incident:Info:toast@toast-new:Origin updated] Origin updated: OT: 2025-11-17 12:12:37,  Lat/Lon: -0.0398506°/124.147°, Depth: 105.02
2025/11/17 19:15:33.871637 [Incident:Info:toast@toast-new:Magnitude updated] Magnitude updated: 6.28 (M)
2025/11/17 19:15:33.871675 [Simulation:Info:toast@toast-new:Simulation not generated] Magnitude 6.28 of event bmg2025wnpd is smaller than triggerMinMagnitude: no automatic simulation
2025/11/17 19:15:50.173661 [Incident:Info:toast@toast-new:Origin updated] Origin updated: OT: 2025-11-17 12:12:37,  Lat/Lon: -0.0398506°/124.147°, Depth: 105.02
2025/11/17 19:15:50.173853 [Incident:Info:toast@toast-new:FM updated] FM updated
2025/11/17 19:15:50.174020 [Simulation:Info:toast@toast-new:Simulation not generated] Magnitude 6.28 of event bmg2025wnpd is smaller than triggerMinMagnitude: no automatic simulation
2025/11/17 19:16:06.654412 [Incident:Info:toast@toast-new:Origin updated] Origin updated: OT: 2025-11-17 12:12:38,  Lat/Lon: -0.0205652°/124.153°, Depth: 95.6916
2025/11/17 19:16:06.654606 [Incident:Info:toast@toast-new:Magnitude updated] Magnitude updated: 5.92 (Mw(mB))
2025/11/17 19:16:06.654647 [Simulation:Info:toast@toast-new:Simulation not generated] Magnitude 5.92 of event bmg2025wnpd is smaller than triggerMinMagnitude: no automatic simulation
2025/11/17 19:16:06.788612 [Incident:Info:toast@toast-new:Origin updated] Origin updated: OT: 2025-11-17 12:12:38,  Lat/Lon: -0.0205652°/124.153°, Depth: 95.6916
2025/11/17 19:16:06.788841 [Incident:Info:toast@toast-new:Magnitude updated] Magnitude updated: 5.91 (Mw(mB))
2025/11/17 19:16:06.788909 [Simulation:Info:toast@toast-new:Simulation not generated] Magnitude 5.91 of event bmg2025wnpd is smaller than triggerMinMagnitude: no automatic simulation
2025/11/17 19:16:10.100478 [Incident:Info:toast@toast-new:Origin updated] Origin updated: OT: 2025-11-17 12:12:38,  Lat/Lon: -0.0205652°/124.153°, Depth: 95.6916
2025/11/17 19:16:10.100674 [Incident:Info:toast@toast-new:FM updated] FM updated
2025/11/17 19:16:10.100888 [Simulation:Info:toast@toast-new:Simulation not generated] Magnitude 5.91 of event bmg2025wnpd is smaller than triggerMinMagnitude: no automatic simulation
2025/11/17 19:16:14.021045 [Incident:Info:toast@toast-new:Origin updated] Origin updated: OT: 2025-11-17 12:12:38,  Lat/Lon: -0.0205652°/124.153°, Depth: 95.6916
2025/11/17 19:16:14.021226 [Incident:Info:toast@toast-new:Magnitude updated] Magnitude updated: 5.90 (Mw(mB))
2025/11/17 19:16:14.021263 [Simulation:Info:toast@toast-new:Simulation not generated] Magnitude 5.90 of event bmg2025wnpd is smaller than triggerMinMagnitude: no automatic simulation
2025/11/17 19:16:18.983672 [Incident:Info:toast@toast-new:Origin updated] Origin updated: OT: 2025-11-17 12:12:38,  Lat/Lon: -0.0205652°/124.153°, Depth: 95.6916
2025/11/17 19:16:18.983828 [Incident:Info:toast@toast-new:Magnitude updated] Magnitude updated: 5.88 (Mw(mB))
2025/11/17 19:16:18.983855 [Simulation:Info:toast@toast-new:Simulation not generated] Magnitude 5.88 of event bmg2025wnpd is smaller than triggerMinMagnitude: no automatic simulation
2025/11/17 19:16:19.534510 [Incident:Info:toast@toast-new:Origin updated] Origin updated: OT: 2025-11-17 12:12:38,  Lat/Lon: -0.0205652°/124.153°, Depth: 95.6916
2025/11/17 19:16:19.534683 [Incident:Info:toast@toast-new:FM updated] FM updated
2025/11/17 19:16:19.534850 [Simulation:Info:toast@toast-new:Simulation not generated] Magnitude 5.88 of event bmg2025wnpd is smaller than triggerMinMagnitude: no automatic simulation
2025/11/17 19:16:29.457314 [Incident:Info:toast@toast-new:Origin updated] Origin updated: OT: 2025-11-17 12:12:38,  Lat/Lon: -0.0205652°/124.153°, Depth: 95.6916
2025/11/17 19:16:29.457515 [Incident:Info:toast@toast-new:FM updated] FM updated
2025/11/17 19:16:29.457729 [Simulation:Info:toast@toast-new:Simulation not generated] Magnitude 5.88 of event bmg2025wnpd is smaller than triggerMinMagnitude: no automatic simulation
2025/11/17 19:16:39.715141 [Incident:Info:toast@toast-new:Origin updated] Origin updated: OT: 2025-11-17 12:12:38,  Lat/Lon: -0.0205652°/124.153°, Depth: 95.6916
2025/11/17 19:16:39.715329 [Incident:Info:toast@toast-new:FM updated] FM updated
2025/11/17 19:16:39.715534 [Simulation:Info:toast@toast-new:Simulation not generated] Magnitude 5.88 of event bmg2025wnpd is smaller than triggerMinMagnitude: no automatic simulation
2025/11/17 19:16:42.634068 [Incident:Info:toast@toast-new:Origin updated] Origin updated: OT: 2025-11-17 12:12:38,  Lat/Lon: 0.00495054°/124.162°, Depth: 91.6485
2025/11/17 19:16:42.634234 [Incident:Info:toast@toast-new:Magnitude updated] Magnitude updated: 5.82 (Mw(mB))
2025/11/17 19:16:42.634287 [Simulation:Info:toast@toast-new:Simulation not generated] Magnitude 5.82 of event bmg2025wnpd is smaller than triggerMinMagnitude: no automatic simulation
2025/11/17 19:16:42.969011 [Incident:Info:toast@toast-new:Origin updated] Origin updated: OT: 2025-11-17 12:12:38,  Lat/Lon: 0.00495054°/124.162°, Depth: 91.6485
2025/11/17 19:16:42.969170 [Incident:Info:toast@toast-new:Magnitude updated] Magnitude updated: 5.82 (Mw(mB))
2025/11/17 19:16:42.969201 [Simulation:Info:toast@toast-new:Simulation not generated] Magnitude 5.82 of event bmg2025wnpd is smaller than triggerMinMagnitude: no automatic simulation
2025/11/17 19:16:48.899888 [Incident:Info:toast@toast-new:Origin updated] Origin updated: OT: 2025-11-17 12:12:38,  Lat/Lon: 0.00495054°/124.162°, Depth: 91.6485
2025/11/17 19:16:48.900077 [Incident:Info:toast@toast-new:Magnitude updated] Magnitude updated: 5.81 (Mw(mB))
2025/11/17 19:16:48.900119 [Simulation:Info:toast@toast-new:Simulation not generated] Magnitude 5.81 of event bmg2025wnpd is smaller than triggerMinMagnitude: no automatic simulation
2025/11/17 19:16:49.612282 [Incident:Info:toast@toast-new:Origin updated] Origin updated: OT: 2025-11-17 12:12:38,  Lat/Lon: 0.00495054°/124.162°, Depth: 91.6485
2025/11/17 19:16:49.612477 [Incident:Info:toast@toast-new:FM updated] FM updated
2025/11/17 19:16:49.612675 [Simulation:Info:toast@toast-new:Simulation not generated] Magnitude 5.81 of event bmg2025wnpd is smaller than triggerMinMagnitude: no automatic simulation
2025/11/17 19:16:53.985852 [Incident:Info:toast@toast-new:Origin updated] Origin updated: OT: 2025-11-17 12:12:38,  Lat/Lon: 0.00495054°/124.162°, Depth: 91.6485
2025/11/17 19:16:53.986014 [Incident:Info:toast@toast-new:Magnitude updated] Magnitude updated: 5.82 (Mw(mB))
2025/11/17 19:16:53.986050 [Simulation:Info:toast@toast-new:Simulation not generated] Magnitude 5.82 of event bmg2025wnpd is smaller than triggerMinMagnitude: no automatic simulation
2025/11/17 19:16:58.915216 [Incident:Info:toast@toast-new:Origin updated] Origin updated: OT: 2025-11-17 12:12:38,  Lat/Lon: 0.00495054°/124.162°, Depth: 91.6485
2025/11/17 19:16:58.915383 [Incident:Info:toast@toast-new:Magnitude updated] Magnitude updated: 5.82 (Mw(mB))
2025/11/17 19:16:58.915413 [Simulation:Info:toast@toast-new:Simulation not generated] Magnitude 5.82 of event bmg2025wnpd is smaller than triggerMinMagnitude: no automatic simulation
2025/11/17 19:17:00.049995 [Incident:Info:toast@toast-new:Origin updated] Origin updated: OT: 2025-11-17 12:12:38,  Lat/Lon: 0.00495054°/124.162°, Depth: 91.6485
2025/11/17 19:17:00.051872 [Incident:Info:toast@toast-new:FM updated] FM updated
2025/11/17 19:17:00.052108 [Simulation:Info:toast@toast-new:Simulation not generated] Magnitude 5.82 of event bmg2025wnpd is smaller than triggerMinMagnitude: no automatic simulation
2025/11/17 19:17:09.799794 [Incident:Info:toast@toast-new:Origin updated] Origin updated: OT: 2025-11-17 12:12:38,  Lat/Lon: 0.00495054°/124.162°, Depth: 91.6485
2025/11/17 19:17:09.800037 [Incident:Info:toast@toast-new:FM updated] FM updated
2025/11/17 19:17:09.800346 [Simulation:Info:toast@toast-new:Simulation not generated] Magnitude 5.82 of event bmg2025wnpd is smaller than triggerMinMagnitude: no automatic simulation
2025/11/17 19:17:13.397161 [Incident:Info:toast@toast-new:Origin updated] Origin updated: OT: 2025-11-17 12:12:38,  Lat/Lon: 0.00758793°/124.163°, Depth: 92.8297
2025/11/17 19:17:13.397322 [Incident:Info:toast@toast-new:Magnitude updated] Magnitude updated: 5.79 (Mw(mB))
2025/11/17 19:17:13.397347 [Simulation:Info:toast@toast-new:Simulation not generated] Magnitude 5.79 of event bmg2025wnpd is smaller than triggerMinMagnitude: no automatic simulation
2025/11/17 19:17:18.850184 [Incident:Info:toast@toast-new:Origin updated] Origin updated: OT: 2025-11-17 12:12:38,  Lat/Lon: 0.00758793°/124.163°, Depth: 92.8297
2025/11/17 19:17:18.850345 [Incident:Info:toast@toast-new:Magnitude updated] Magnitude updated: 5.77 (Mw(mB))
2025/11/17 19:17:18.850375 [Simulation:Info:toast@toast-new:Simulation not generated] Magnitude 5.77 of event bmg2025wnpd is smaller than triggerMinMagnitude: no automatic simulation
2025/11/17 19:17:20.038415 [Incident:Info:toast@toast-new:Origin updated] Origin updated: OT: 2025-11-17 12:12:38,  Lat/Lon: 0.00758793°/124.163°, Depth: 92.8297
2025/11/17 19:17:20.038597 [Incident:Info:toast@toast-new:FM updated] FM updated
2025/11/17 19:17:20.038780 [Simulation:Info:toast@toast-new:Simulation not generated] Magnitude 5.77 of event bmg2025wnpd is smaller than triggerMinMagnitude: no automatic simulation
2025/11/17 19:17:30.282955 [Incident:Info:toast@toast-new:Origin updated] Origin updated: OT: 2025-11-17 12:12:38,  Lat/Lon: 0.00758793°/124.163°, Depth: 92.8297
2025/11/17 19:17:30.283153 [Incident:Info:toast@toast-new:FM updated] FM updated
2025/11/17 19:17:30.283335 [Simulation:Info:toast@toast-new:Simulation not generated] Magnitude 5.77 of event bmg2025wnpd is smaller than triggerMinMagnitude: no automatic simulation
2025/11/17 19:17:40.863833 [Incident:Info:toast@toast-new:Origin updated] Origin updated: OT: 2025-11-17 12:12:38,  Lat/Lon: 0.0143401°/124.166°, Depth: 96.3617
2025/11/17 19:17:40.864011 [Incident:Info:toast@toast-new:Magnitude updated] Magnitude updated: 5.71 (Mw(mB))
2025/11/17 19:17:40.864044 [Simulation:Info:toast@toast-new:Simulation not generated] Magnitude 5.71 of event bmg2025wnpd is smaller than triggerMinMagnitude: no automatic simulation
2025/11/17 19:17:41.124224 [Incident:Info:toast@toast-new:Origin updated] Origin updated: OT: 2025-11-17 12:12:38,  Lat/Lon: 0.0143401°/124.166°, Depth: 96.3617
2025/11/17 19:17:41.124389 [Incident:Info:toast@toast-new:Magnitude updated] Magnitude updated: 5.71 (Mw(mB))
2025/11/17 19:17:41.124420 [Simulation:Info:toast@toast-new:Simulation not generated] Magnitude 5.71 of event bmg2025wnpd is smaller than triggerMinMagnitude: no automatic simulation
2025/11/17 19:17:41.246068 [Incident:Info:toast@toast-new:Origin updated] Origin updated: OT: 2025-11-17 12:12:38,  Lat/Lon: 0.0143401°/124.166°, Depth: 96.3617
2025/11/17 19:17:41.246240 [Incident:Info:toast@toast-new:FM updated] FM updated
2025/11/17 19:17:41.246421 [Simulation:Info:toast@toast-new:Simulation not generated] Magnitude 5.71 of event bmg2025wnpd is smaller than triggerMinMagnitude: no automatic simulation
2025/11/17 19:17:49.020464 [Incident:Info:toast@toast-new:Origin updated] Origin updated: OT: 2025-11-17 12:12:38,  Lat/Lon: 0.0143401°/124.166°, Depth: 96.3617
2025/11/17 19:17:49.020636 [Incident:Info:toast@toast-new:Magnitude updated] Magnitude updated: 5.70 (Mw(mB))
2025/11/17 19:17:49.020667 [Simulation:Info:toast@toast-new:Simulation not generated] Magnitude 5.70 of event bmg2025wnpd is smaller than triggerMinMagnitude: no automatic simulation
2025/11/17 19:17:50.547737 [Incident:Info:toast@toast-new:Origin updated] Origin updated: OT: 2025-11-17 12:12:38,  Lat/Lon: 0.0143401°/124.166°, Depth: 96.3617
2025/11/17 19:17:50.547913 [Incident:Info:toast@toast-new:FM updated] FM updated
2025/11/17 19:17:50.548092 [Simulation:Info:toast@toast-new:Simulation not generated] Magnitude 5.70 of event bmg2025wnpd is smaller than triggerMinMagnitude: no automatic simulation
2025/11/17 19:17:54.014366 [Incident:Info:toast@toast-new:Origin updated] Origin updated: OT: 2025-11-17 12:12:38,  Lat/Lon: 0.0143401°/124.166°, Depth: 96.3617
2025/11/17 19:17:54.014555 [Incident:Info:toast@toast-new:Magnitude updated] Magnitude updated: 5.70 (Mw(mB))
2025/11/17 19:17:54.014594 [Simulation:Info:toast@toast-new:Simulation not generated] Magnitude 5.70 of event bmg2025wnpd is smaller than triggerMinMagnitude: no automatic simulation
2025/11/17 19:18:00.498368 [Incident:Info:toast@toast-new:Origin updated] Origin updated: OT: 2025-11-17 12:12:38,  Lat/Lon: 0.0143401°/124.166°, Depth: 96.3617
2025/11/17 19:18:00.498563 [Incident:Info:toast@toast-new:FM updated] FM updated
2025/11/17 19:18:00.498768 [Simulation:Info:toast@toast-new:Simulation not generated] Magnitude 5.70 of event bmg2025wnpd is smaller than triggerMinMagnitude: no automatic simulation
2025/11/17 19:18:10.858166 [Incident:Info:toast@toast-new:Origin updated] Origin updated: OT: 2025-11-17 12:12:38,  Lat/Lon: 0.0143401°/124.166°, Depth: 96.3617
2025/11/17 19:18:10.858347 [Incident:Info:toast@toast-new:FM updated] FM updated
2025/11/17 19:18:10.858537 [Simulation:Info:toast@toast-new:Simulation not generated] Magnitude 5.70 of event bmg2025wnpd is smaller than triggerMinMagnitude: no automatic simulation
2025/11/17 19:18:13.067064 [Incident:Info:toast@toast-new:Origin updated] Origin updated: OT: 2025-11-17 12:12:38,  Lat/Lon: 0.0230211°/124.161°, Depth: 100.454
2025/11/17 19:18:13.067214 [Incident:Info:toast@toast-new:Magnitude updated] Magnitude updated: 5.69 (Mw(mB))
2025/11/17 19:18:13.067237 [Simulation:Info:toast@toast-new:Simulation not generated] Magnitude 5.69 of event bmg2025wnpd is smaller than triggerMinMagnitude: no automatic simulation
2025/11/17 19:18:13.481265 [Incident:Info:toast@toast-new:Origin updated] Origin updated: OT: 2025-11-17 12:12:38,  Lat/Lon: 0.0230211°/124.161°, Depth: 100.454
2025/11/17 19:18:13.481432 [Incident:Info:toast@toast-new:Magnitude updated] Magnitude updated: 5.69 (Mw(mB))
2025/11/17 19:18:13.481466 [Simulation:Info:toast@toast-new:Simulation not generated] Magnitude 5.69 of event bmg2025wnpd is smaller than triggerMinMagnitude: no automatic simulation
2025/11/17 19:18:18.900787 [Incident:Info:toast@toast-new:Origin updated] Origin updated: OT: 2025-11-17 12:12:38,  Lat/Lon: 0.0230211°/124.161°, Depth: 100.454
2025/11/17 19:18:18.900949 [Incident:Info:toast@toast-new:Magnitude updated] Magnitude updated: 5.68 (Mw(mB))
2025/11/17 19:18:18.900979 [Simulation:Info:toast@toast-new:Simulation not generated] Magnitude 5.68 of event bmg2025wnpd is smaller than triggerMinMagnitude: no automatic simulation
2025/11/17 19:18:20.821584 [Incident:Info:toast@toast-new:Origin updated] Origin updated: OT: 2025-11-17 12:12:38,  Lat/Lon: 0.0230211°/124.161°, Depth: 100.454
2025/11/17 19:18:20.821761 [Incident:Info:toast@toast-new:FM updated] FM updated
2025/11/17 19:18:20.821939 [Simulation:Info:toast@toast-new:Simulation not generated] Magnitude 5.68 of event bmg2025wnpd is smaller than triggerMinMagnitude: no automatic simulation
2025/11/17 19:18:31.494211 [Incident:Info:toast@toast-new:Origin updated] Origin updated: OT: 2025-11-17 12:12:38,  Lat/Lon: 0.0452164°/124.154°, Depth: 107.618
2025/11/17 19:18:31.494414 [Incident:Info:toast@toast-new:Magnitude updated] Magnitude updated: 5.65 (Mw(mB))
2025/11/17 19:18:31.494454 [Simulation:Info:toast@toast-new:Simulation not generated] Magnitude 5.65 of event bmg2025wnpd is smaller than triggerMinMagnitude: no automatic simulation
2025/11/17 19:18:31.592031 [Incident:Info:toast@toast-new:Origin updated] Origin updated: OT: 2025-11-17 12:12:38,  Lat/Lon: 0.0452164°/124.154°, Depth: 107.618
2025/11/17 19:18:31.592195 [Incident:Info:toast@toast-new:Magnitude updated] Magnitude updated: 5.65 (Mw(mB))
2025/11/17 19:18:31.592227 [Incident:Info:toast@toast-new:FM updated] FM updated
2025/11/17 19:18:31.592379 [Simulation:Info:toast@toast-new:Simulation not generated] Magnitude 5.65 of event bmg2025wnpd is smaller than triggerMinMagnitude: no automatic simulation
2025/11/17 19:18:31.607293 [Incident:Info:toast@toast-new:Origin updated] Origin updated: OT: 2025-11-17 12:12:38,  Lat/Lon: 0.0452164°/124.154°, Depth: 107.618
2025/11/17 19:18:31.607413 [Simulation:Info:toast@toast-new:Simulation not generated] Magnitude 5.65 of event bmg2025wnpd is smaller than triggerMinMagnitude: no automatic simulation
2025/11/17 19:18:33.977953 [Incident:Info:toast@toast-new:Origin updated] Origin updated: OT: 2025-11-17 12:12:38,  Lat/Lon: 0.0452164°/124.154°, Depth: 107.618
2025/11/17 19:18:33.978108 [Incident:Info:toast@toast-new:Magnitude updated] Magnitude updated: 5.65 (Mw(mB))
2025/11/17 19:18:33.978139 [Simulation:Info:toast@toast-new:Simulation not generated] Magnitude 5.65 of event bmg2025wnpd is smaller than triggerMinMagnitude: no automatic simulation
2025/11/17 19:18:37.737659 [Incident:Info:toast@toast-new:Origin updated] Origin updated: OT: 2025-11-17 12:12:38,  Lat/Lon: 0.0452164°/124.154°, Depth: 107.618
2025/11/17 19:18:37.737844 [Incident:Info:toast@toast-new:Magnitude updated] Magnitude updated: 5.65 (Mw(mB))
2025/11/17 19:18:37.737882 [Simulation:Info:toast@toast-new:Simulation not generated] Magnitude 5.65 of event bmg2025wnpd is smaller than triggerMinMagnitude: no automatic simulation
2025/11/17 19:18:38.899892 [Incident:Info:toast@toast-new:Origin updated] Origin updated: OT: 2025-11-17 12:12:38,  Lat/Lon: 0.0452164°/124.154°, Depth: 107.618
2025/11/17 19:18:38.900063 [Incident:Info:toast@toast-new:Magnitude updated] Magnitude updated: 5.64 (Mw(mB))
2025/11/17 19:18:38.900099 [Simulation:Info:toast@toast-new:Simulation not generated] Magnitude 5.64 of event bmg2025wnpd is smaller than triggerMinMagnitude: no automatic simulation
2025/11/17 19:18:41.463106 [Incident:Info:toast@toast-new:Origin updated] Origin updated: OT: 2025-11-17 12:12:38,  Lat/Lon: 0.0452164°/124.154°, Depth: 107.618
2025/11/17 19:18:41.463269 [Incident:Info:toast@toast-new:FM updated] FM updated
2025/11/17 19:18:41.463434 [Simulation:Info:toast@toast-new:Simulation not generated] Magnitude 5.64 of event bmg2025wnpd is smaller than triggerMinMagnitude: no automatic simulation
2025/11/17 19:18:43.916056 [Incident:Info:toast@toast-new:Origin updated] Origin updated: OT: 2025-11-17 12:12:38,  Lat/Lon: 0.0452164°/124.154°, Depth: 107.618
2025/11/17 19:18:43.916224 [Incident:Info:toast@toast-new:Magnitude updated] Magnitude updated: 5.63 (Mw(mB))
2025/11/17 19:18:43.916253 [Simulation:Info:toast@toast-new:Simulation not generated] Magnitude 5.63 of event bmg2025wnpd is smaller than triggerMinMagnitude: no automatic simulation
2025/11/17 19:18:51.644622 [Incident:Info:toast@toast-new:Origin updated] Origin updated: OT: 2025-11-17 12:12:38,  Lat/Lon: 0.0452164°/124.154°, Depth: 107.618
2025/11/17 19:18:51.644807 [Incident:Info:toast@toast-new:FM updated] FM updated
2025/11/17 19:18:51.644997 [Simulation:Info:toast@toast-new:Simulation not generated] Magnitude 5.63 of event bmg2025wnpd is smaller than triggerMinMagnitude: no automatic simulation
2025/11/17 19:18:53.892503 [Incident:Info:toast@toast-new:Origin updated] Origin updated: OT: 2025-11-17 12:12:38,  Lat/Lon: 0.0452164°/124.154°, Depth: 107.618
2025/11/17 19:18:53.892684 [Incident:Info:toast@toast-new:Magnitude updated] Magnitude updated: 5.63 (Mw(mB))
2025/11/17 19:18:53.892725 [Simulation:Info:toast@toast-new:Simulation not generated] Magnitude 5.63 of event bmg2025wnpd is smaller than triggerMinMagnitude: no automatic simulation
2025/11/17 19:19:00.542957 [Incident:Info:toast@toast-new:Origin updated] Origin updated: OT: 2025-11-17 12:12:38,  Lat/Lon: 0.0452164°/124.154°, Depth: 107.618
2025/11/17 19:19:00.543165 [Incident:Info:toast@toast-new:FM updated] FM updated
2025/11/17 19:19:00.543354 [Simulation:Info:toast@toast-new:Simulation not generated] Magnitude 5.63 of event bmg2025wnpd is smaller than triggerMinMagnitude: no automatic simulation
2025/11/17 19:19:09.738508 [Incident:Info:toast@toast-new:Origin updated] Origin updated: OT: 2025-11-17 12:12:38,  Lat/Lon: 0.0666366°/124.152°, Depth: 112.866
2025/11/17 19:19:09.738690 [Incident:Info:toast@toast-new:Magnitude updated] Magnitude updated: 5.60 (Mw(mB))
2025/11/17 19:19:09.738722 [Simulation:Info:toast@toast-new:Simulation not generated] Magnitude 5.60 of event bmg2025wnpd is smaller than triggerMinMagnitude: no automatic simulation
2025/11/17 19:19:18.839176 [Incident:Info:toast@toast-new:Origin updated] Origin updated: OT: 2025-11-17 12:12:38,  Lat/Lon: 0.0666366°/124.152°, Depth: 112.866
2025/11/17 19:19:18.839395 [Incident:Info:toast@toast-new:Magnitude updated] Magnitude updated: 5.98 (mB)
2025/11/17 19:19:18.839452 [Simulation:Info:toast@toast-new:Simulation not generated] Magnitude 5.98 of event bmg2025wnpd is smaller than triggerMinMagnitude: no automatic simulation
2025/11/17 19:19:20.778534 [Incident:Info:toast@toast-new:Origin updated] Origin updated: OT: 2025-11-17 12:12:38,  Lat/Lon: 0.0666366°/124.152°, Depth: 112.866
2025/11/17 19:19:20.778760 [Incident:Info:toast@toast-new:FM updated] FM updated
2025/11/17 19:19:20.779006 [Simulation:Info:toast@toast-new:Simulation not generated] Magnitude 5.98 of event bmg2025wnpd is smaller than triggerMinMagnitude: no automatic simulation
2025/11/17 19:19:30.111507 [Incident:Info:toast@toast-new:Origin updated] Origin updated: OT: 2025-11-17 12:12:38,  Lat/Lon: 0.0666366°/124.152°, Depth: 112.866
2025/11/17 19:19:30.111675 [Simulation:Info:toast@toast-new:Simulation not generated] Magnitude 5.98 of event bmg2025wnpd is smaller than triggerMinMagnitude: no automatic simulation
2025/11/17 19:19:40.502674 [Incident:Info:toast@toast-new:Origin updated] Origin updated: OT: 2025-11-17 12:12:38,  Lat/Lon: 0.0666366°/124.152°, Depth: 112.866
2025/11/17 19:19:40.502850 [Incident:Info:toast@toast-new:FM updated] FM updated
2025/11/17 19:19:40.503043 [Simulation:Info:toast@toast-new:Simulation not generated] Magnitude 5.98 of event bmg2025wnpd is smaller than triggerMinMagnitude: no automatic simulation
2025/11/17 19:19:50.422859 [Incident:Info:toast@toast-new:Origin updated] Origin updated: OT: 2025-11-17 12:12:38,  Lat/Lon: 0.0666366°/124.152°, Depth: 112.866
2025/11/17 19:19:50.423042 [Incident:Info:toast@toast-new:FM updated] FM updated
2025/11/17 19:19:50.423217 [Simulation:Info:toast@toast-new:Simulation not generated] Magnitude 5.98 of event bmg2025wnpd is smaller than triggerMinMagnitude: no automatic simulation
2025/11/17 19:20:01.908149 [Incident:Info:toast@toast-new:Origin updated] Origin updated: OT: 2025-11-17 12:12:38,  Lat/Lon: 0.0666366°/124.152°, Depth: 112.866
2025/11/17 19:20:01.908340 [Incident:Info:toast@toast-new:FM updated] FM updated
2025/11/17 19:20:01.908507 [Simulation:Info:toast@toast-new:Simulation not generated] Magnitude 5.98 of event bmg2025wnpd is smaller than triggerMinMagnitude: no automatic simulation
2025/11/17 19:20:12.223861 [Incident:Info:toast@toast-new:Origin updated] Origin updated: OT: 2025-11-17 12:12:38,  Lat/Lon: 0.0666366°/124.152°, Depth: 112.866
2025/11/17 19:20:12.224042 [Incident:Info:toast@toast-new:FM updated] FM updated
2025/11/17 19:20:12.224222 [Simulation:Info:toast@toast-new:Simulation not generated] Magnitude 5.98 of event bmg2025wnpd is smaller than triggerMinMagnitude: no automatic simulation
2025/11/17 19:20:22.150225 [Incident:Info:toast@toast-new:Origin updated] Origin updated: OT: 2025-11-17 12:12:38,  Lat/Lon: 0.0666366°/124.152°, Depth: 112.866
2025/11/17 19:20:22.150419 [Incident:Info:toast@toast-new:FM updated] FM updated
2025/11/17 19:20:22.150607 [Simulation:Info:toast@toast-new:Simulation not generated] Magnitude 5.98 of event bmg2025wnpd is smaller than triggerMinMagnitude: no automatic simulation
2025/11/17 19:20:31.490001 [Incident:Info:toast@toast-new:Origin updated] Origin updated: OT: 2025-11-17 12:12:38,  Lat/Lon: 0.0775646°/124.148°, Depth: 114.775
2025/11/17 19:20:31.490213 [Incident:Info:toast@toast-new:Magnitude updated] Magnitude updated: 5.97 (mB)
2025/11/17 19:20:31.490256 [Simulation:Info:toast@toast-new:Simulation not generated] Magnitude 5.97 of event bmg2025wnpd is smaller than triggerMinMagnitude: no automatic simulation
2025/11/17 19:20:31.671814 [Incident:Info:toast@toast-new:Origin updated] Origin updated: OT: 2025-11-17 12:12:38,  Lat/Lon: 0.0775646°/124.148°, Depth: 114.775
2025/11/17 19:20:31.671995 [Incident:Info:toast@toast-new:FM updated] FM updated
2025/11/17 19:20:31.672176 [Simulation:Info:toast@toast-new:Simulation not generated] Magnitude 5.97 of event bmg2025wnpd is smaller than triggerMinMagnitude: no automatic simulation
2025/11/17 19:20:40.417120 [Incident:Info:toast@toast-new:Origin updated] Origin updated: OT: 2025-11-17 12:12:38,  Lat/Lon: 0.0775646°/124.148°, Depth: 114.775
2025/11/17 19:20:40.417306 [Incident:Info:toast@toast-new:FM updated] FM updated
2025/11/17 19:20:40.417488 [Simulation:Info:toast@toast-new:Simulation not generated] Magnitude 5.97 of event bmg2025wnpd is smaller than triggerMinMagnitude: no automatic simulation
2025/11/17 19:20:54.718791 [Incident:Info:toast@toast-new:Origin updated] Origin updated: OT: 2025-11-17 12:12:38,  Lat/Lon: 0.0775646°/124.148°, Depth: 114.775
2025/11/17 19:20:54.719005 [Incident:Info:toast@toast-new:FM updated] FM updated
2025/11/17 19:20:54.719196 [Simulation:Info:toast@toast-new:Simulation not generated] Magnitude 5.97 of event bmg2025wnpd is smaller than triggerMinMagnitude: no automatic simulation
2025/11/17 19:22:00.027000 [Incident:Info:toast@toast-new:Origin updated] Origin updated: OT: 2025-11-17 12:12:38,  Lat/Lon: 0.0775646°/124.148°, Depth: 114.775
2025/11/17 19:22:00.027211 [Incident:Info:toast@toast-new:FM updated] FM updated
2025/11/17 19:22:00.027436 [Simulation:Info:toast@toast-new:Simulation not generated] Magnitude 5.97 of event bmg2025wnpd is smaller than triggerMinMagnitude: no automatic simulation
2025/11/17 19:23:21.341422 [Incident:Info:toast@toast-new:Origin updated] Origin updated: OT: 2025-11-17 12:12:38,  Lat/Lon: 0.0775646°/124.148°, Depth: 114.775
2025/11/17 19:23:21.341612 [Incident:Info:toast@toast-new:FM updated] FM updated
2025/11/17 19:23:21.341828 [Simulation:Info:toast@toast-new:Simulation not generated] Magnitude 5.97 of event bmg2025wnpd is smaller than triggerMinMagnitude: no automatic simulation
2025/11/17 19:26:09.633053 [Incident:Info:toast@toast-new:Origin updated] Origin updated: OT: 2025-11-17 12:12:38,  Lat/Lon: 0.0775646°/124.148°, Depth: 114.775
2025/11/17 19:26:09.633233 [Incident:Info:toast@toast-new:FM updated] FM updated
2025/11/17 19:26:09.633410 [Simulation:Info:toast@toast-new:Simulation not generated] Magnitude 5.97 of event bmg2025wnpd is smaller than triggerMinMagnitude: no automatic simulation
2025/11/17 22:53:16.170241 [Incident:Info:toast@toast-new:Origin updated] Origin updated: OT: 2025-11-17 12:12:37,  Lat/Lon: 0.0757817°/124.148°, Depth: 113.059
2025/11/17 22:53:16.170481 [Incident:Info:toast@toast-new:Magnitude updated] Magnitude updated: 5.97 (mB)
2025/11/17 22:53:16.170524 [Simulation:Info:toast@toast-new:Simulation not generated] Magnitude 5.97 of event bmg2025wnpd is smaller than triggerMinMagnitude: no automatic simulation
2025/11/17 22:53:16.189849 [Incident:Info:toast@toast-new:Origin updated] Origin updated: OT: 2025-11-17 12:12:37,  Lat/Lon: 0.0757817°/124.148°, Depth: 113.059
2025/11/17 22:53:16.189972 [Incident:Info:toast@toast-new:Magnitude updated] Magnitude updated: 5.58 (Mw(mB))
2025/11/17 22:53:16.189997 [Simulation:Info:toast@toast-new:Simulation not generated] Magnitude 5.58 of event bmg2025wnpd is smaller than triggerMinMagnitude: no automatic simulation
2025/11/17 23:09:55.416747 [Incident:Info:toast@toast-new:Origin updated] Origin updated: OT: 2025-11-17 12:12:37,  Lat/Lon: 0.0757817°/124.148°, Depth: 113.059
2025/11/17 23:09:55.416922 [Incident:Info:toast@toast-new:FM updated] FM updated
2025/11/17 23:09:55.417093 [Simulation:Info:toast@toast-new:Simulation not generated] Magnitude 5.58 of event bmg2025wnpd is smaller than triggerMinMagnitude: no automatic simulation
