2025/12/31 23:39:21.493208 [Incident:Info:toast@toast-new:Displacement(s) updated] Added 0 and changed 0 displacements with 0 amplitudes
2025/12/31 23:39:21.493814 [Incident:Info:toast@toast-new:Incident created] Incident created based on event received from messaging: OT: 2025-12-31 16:30:18,  Lat/Lon: 41.02°/142.91°, Depth: 10.00, Mag: 5.11 (M)
2025/12/31 23:39:21.494432 [Simulation:Info:toast@toast-new:Simulation not generated] Magnitude 5.11 of event bmg2025zqhu is smaller than triggerMinMagnitude: no automatic simulation
2025/12/31 23:39:21.518690 [Incident:Info:toast@toast-new:Origin updated] Origin updated: OT: 2025-12-31 16:30:18,  Lat/Lon: 41.0209°/142.905°, Depth: 10
2025/12/31 23:39:21.518858 [Simulation:Info:toast@toast-new:Simulation not generated] Magnitude 5.11 of event bmg2025zqhu is smaller than triggerMinMagnitude: no automatic simulation
2025/12/31 23:39:31.944859 [Incident:Info:toast@toast-new:Origin updated] Origin updated: OT: 2025-12-31 16:30:18,  Lat/Lon: 41.0059°/142.903°, Depth: 10
2025/12/31 23:39:31.945083 [Incident:Info:toast@toast-new:Magnitude updated] Magnitude updated: 5.12 (M)
2025/12/31 23:39:31.945118 [Simulation:Info:toast@toast-new:Simulation not generated] Magnitude 5.12 of event bmg2025zqhu is smaller than triggerMinMagnitude: no automatic simulation
2025/12/31 23:39:37.496269 [Incident:Info:toast@toast-new:Origin updated] Origin updated: OT: 2025-12-31 16:30:18,  Lat/Lon: 41.0059°/142.903°, Depth: 10
2025/12/31 23:39:37.496463 [Incident:Info:toast@toast-new:Magnitude updated] Magnitude updated: 5.09 (M)
2025/12/31 23:39:37.496495 [Simulation:Info:toast@toast-new:Simulation not generated] Magnitude 5.09 of event bmg2025zqhu is smaller than triggerMinMagnitude: no automatic simulation
2025/12/31 23:39:42.489093 [Incident:Info:toast@toast-new:Origin updated] Origin updated: OT: 2025-12-31 16:30:18,  Lat/Lon: 41.0059°/142.903°, Depth: 10
2025/12/31 23:39:42.525315 [Incident:Info:toast@toast-new:Magnitude updated] Magnitude updated: 5.07 (M)
2025/12/31 23:39:42.525418 [Simulation:Info:toast@toast-new:Simulation not generated] Magnitude 5.07 of event bmg2025zqhu is smaller than triggerMinMagnitude: no automatic simulation
2025/12/31 23:39:46.549168 [Incident:Info:toast@toast-new:Origin updated] Origin updated: OT: 2025-12-31 16:30:18,  Lat/Lon: 41.0079°/142.932°, Depth: 10
2025/12/31 23:39:46.549361 [Incident:Info:toast@toast-new:Magnitude updated] Magnitude updated: 5.09 (M)
2025/12/31 23:39:46.549399 [Simulation:Info:toast@toast-new:Simulation not generated] Magnitude 5.09 of event bmg2025zqhu is smaller than triggerMinMagnitude: no automatic simulation
2025/12/31 23:39:52.499637 [Incident:Info:toast@toast-new:Origin updated] Origin updated: OT: 2025-12-31 16:30:18,  Lat/Lon: 41.0079°/142.932°, Depth: 10
2025/12/31 23:39:52.499826 [Incident:Info:toast@toast-new:Magnitude updated] Magnitude updated: 5.02 (M)
2025/12/31 23:39:52.499876 [Simulation:Info:toast@toast-new:Simulation not generated] Magnitude 5.02 of event bmg2025zqhu is smaller than triggerMinMagnitude: no automatic simulation
2025/12/31 23:39:57.502109 [Incident:Info:toast@toast-new:Origin updated] Origin updated: OT: 2025-12-31 16:30:18,  Lat/Lon: 41.0079°/142.932°, Depth: 10
2025/12/31 23:39:57.502295 [Incident:Info:toast@toast-new:Magnitude updated] Magnitude updated: 5.08 (M)
2025/12/31 23:39:57.502345 [Simulation:Info:toast@toast-new:Simulation not generated] Magnitude 5.08 of event bmg2025zqhu is smaller than triggerMinMagnitude: no automatic simulation
2025/12/31 23:40:10.726130 [Incident:Info:toast@toast-new:Origin updated] Origin updated: OT: 2025-12-31 16:30:18,  Lat/Lon: 41.005°/142.933°, Depth: 10
2025/12/31 23:40:10.726315 [Incident:Info:toast@toast-new:Magnitude updated] Magnitude updated: 5.08 (M)
2025/12/31 23:40:10.726347 [Simulation:Info:toast@toast-new:Simulation not generated] Magnitude 5.08 of event bmg2025zqhu is smaller than triggerMinMagnitude: no automatic simulation
2025/12/31 23:40:12.494931 [Incident:Info:toast@toast-new:Origin updated] Origin updated: OT: 2025-12-31 16:30:18,  Lat/Lon: 41.005°/142.933°, Depth: 10
2025/12/31 23:40:12.495139 [Incident:Info:toast@toast-new:Magnitude updated] Magnitude updated: 5.03 (M)
2025/12/31 23:40:12.495192 [Simulation:Info:toast@toast-new:Simulation not generated] Magnitude 5.03 of event bmg2025zqhu is smaller than triggerMinMagnitude: no automatic simulation
2025/12/31 23:40:17.500629 [Incident:Info:toast@toast-new:Origin updated] Origin updated: OT: 2025-12-31 16:30:18,  Lat/Lon: 41.005°/142.933°, Depth: 10
2025/12/31 23:40:17.500808 [Incident:Info:toast@toast-new:Magnitude updated] Magnitude updated: 5.11 (M)
2025/12/31 23:40:17.500855 [Simulation:Info:toast@toast-new:Simulation not generated] Magnitude 5.11 of event bmg2025zqhu is smaller than triggerMinMagnitude: no automatic simulation
2025/12/31 23:40:22.488128 [Incident:Info:toast@toast-new:Origin updated] Origin updated: OT: 2025-12-31 16:30:18,  Lat/Lon: 41.005°/142.933°, Depth: 10
2025/12/31 23:40:22.524166 [Incident:Info:toast@toast-new:Magnitude updated] Magnitude updated: 5.12 (M)
2025/12/31 23:40:22.524264 [Simulation:Info:toast@toast-new:Simulation not generated] Magnitude 5.12 of event bmg2025zqhu is smaller than triggerMinMagnitude: no automatic simulation
2025/12/31 23:40:35.300020 [Incident:Info:toast@toast-new:Origin updated] Origin updated: OT: 2025-12-31 16:30:18,  Lat/Lon: 41.0041°/142.929°, Depth: 10
2025/12/31 23:40:35.300187 [Incident:Info:toast@toast-new:Magnitude updated] Magnitude updated: 5.12 (M)
2025/12/31 23:40:35.300219 [Simulation:Info:toast@toast-new:Simulation not generated] Magnitude 5.12 of event bmg2025zqhu is smaller than triggerMinMagnitude: no automatic simulation
2025/12/31 23:41:05.045454 [Incident:Info:toast@toast-new:Origin updated] Origin updated: OT: 2025-12-31 16:30:19,  Lat/Lon: 40.9792°/142.872°, Depth: 10
2025/12/31 23:41:05.045679 [Incident:Info:toast@toast-new:Magnitude updated] Magnitude updated: 5.13 (M)
2025/12/31 23:41:05.045719 [Simulation:Info:toast@toast-new:Simulation not generated] Magnitude 5.13 of event bmg2025zqhu is smaller than triggerMinMagnitude: no automatic simulation
2025/12/31 23:41:07.489593 [Incident:Info:toast@toast-new:Origin updated] Origin updated: OT: 2025-12-31 16:30:19,  Lat/Lon: 40.9792°/142.872°, Depth: 10
2025/12/31 23:41:07.489868 [Incident:Info:toast@toast-new:Magnitude updated] Magnitude updated: 5.11 (M)
2025/12/31 23:41:07.489936 [Simulation:Info:toast@toast-new:Simulation not generated] Magnitude 5.11 of event bmg2025zqhu is smaller than triggerMinMagnitude: no automatic simulation
2025/12/31 23:41:12.489262 [Incident:Info:toast@toast-new:Origin updated] Origin updated: OT: 2025-12-31 16:30:19,  Lat/Lon: 40.9792°/142.872°, Depth: 10
2025/12/31 23:41:12.489462 [Incident:Info:toast@toast-new:Magnitude updated] Magnitude updated: 5.14 (M)
2025/12/31 23:41:12.489499 [Simulation:Info:toast@toast-new:Simulation not generated] Magnitude 5.14 of event bmg2025zqhu is smaller than triggerMinMagnitude: no automatic simulation
2025/12/31 23:43:08.473853 [Incident:Info:toast@toast-new:Origin updated] Origin updated: OT: 2025-12-31 16:30:18,  Lat/Lon: 40.9796°/142.875°, Depth: 10
2025/12/31 23:43:08.474074 [Incident:Info:toast@toast-new:Magnitude updated] Magnitude updated: 5.14 (M)
2025/12/31 23:43:08.474110 [Simulation:Info:toast@toast-new:Simulation not generated] Magnitude 5.14 of event bmg2025zqhu is smaller than triggerMinMagnitude: no automatic simulation
2025/12/31 23:47:17.523707 [Incident:Info:toast@toast-new:Origin updated] Origin updated: OT: 2025-12-31 16:30:18,  Lat/Lon: 40.9732°/142.895°, Depth: 10
2025/12/31 23:47:17.523923 [Incident:Info:toast@toast-new:Magnitude updated] Magnitude updated: 5.14 (M)
2025/12/31 23:47:17.523959 [Simulation:Info:toast@toast-new:Simulation not generated] Magnitude 5.14 of event bmg2025zqhu is smaller than triggerMinMagnitude: no automatic simulation
2025/12/31 23:51:33.859905 [Incident:Info:toast@toast-new:Origin updated] Origin updated: OT: 2025-12-31 16:30:18,  Lat/Lon: 40.9732°/142.895°, Depth: 10
2025/12/31 23:51:33.860120 [Simulation:Info:toast@toast-new:Simulation not generated] Magnitude 5.14 of event bmg2025zqhu is smaller than triggerMinMagnitude: no automatic simulation
2026/01/01 00:17:10.913889 [Incident:Info:toast@toast-new:Origin updated] Origin updated: OT: 2025-12-31 16:30:18,  Lat/Lon: 40.9719°/142.896°, Depth: 10
2026/01/01 00:17:10.914103 [Incident:Info:toast@toast-new:Magnitude updated] Magnitude updated: 5.14 (M)
2026/01/01 00:17:10.914145 [Simulation:Info:toast@toast-new:Simulation not generated] Magnitude 5.14 of event bmg2025zqhu is smaller than triggerMinMagnitude: no automatic simulation
2026/01/01 00:17:46.621946 [Incident:Info:toast@toast-new:Origin updated] Origin updated: OT: 2025-12-31 16:30:18,  Lat/Lon: 40.9649°/142.913°, Depth: 10
2026/01/01 00:17:46.622159 [Incident:Info:toast@toast-new:Magnitude updated] Magnitude updated: 5.14 (M)
2026/01/01 00:17:46.622194 [Simulation:Info:toast@toast-new:Simulation not generated] Magnitude 5.14 of event bmg2025zqhu is smaller than triggerMinMagnitude: no automatic simulation
2026/01/01 07:25:30.671931 [Incident:Info:toast@toast-new:Origin updated] Origin updated: OT: 2025-12-31 16:30:17,  Lat/Lon: 40.9511°/142.868°, Depth: 5
2026/01/01 07:25:30.672167 [Incident:Info:toast@toast-new:Magnitude updated] Magnitude updated: 5.20 (mb)
2026/01/01 07:25:30.672208 [Simulation:Info:toast@toast-new:Simulation not generated] Magnitude 5.20 of event bmg2025zqhu is smaller than triggerMinMagnitude: no automatic simulation
2026/01/01 07:25:30.695050 [Incident:Info:toast@toast-new:Origin updated] Origin updated: OT: 2025-12-31 16:30:17,  Lat/Lon: 40.9511°/142.868°, Depth: 5
2026/01/01 07:25:30.695206 [Incident:Info:toast@toast-new:Magnitude updated] Magnitude updated: 5.10 (M)
2026/01/01 07:25:30.695247 [Simulation:Info:toast@toast-new:Simulation not generated] Magnitude 5.10 of event bmg2025zqhu is smaller than triggerMinMagnitude: no automatic simulation
2026/01/01 07:25:40.551534 [Incident:Info:toast@toast-new:Origin updated] Origin updated: OT: 2025-12-31 16:30:17,  Lat/Lon: 40.9511°/142.868°, Depth: 5
2026/01/01 07:25:40.551788 [Incident:Info:toast@toast-new:Magnitude updated] Magnitude updated: 5.20 (mb)
2026/01/01 07:25:40.551886 [Simulation:Info:toast@toast-new:Simulation not generated] Magnitude 5.20 of event bmg2025zqhu is smaller than triggerMinMagnitude: no automatic simulation
2026/01/02 22:48:55.146307 [Incident:Info:toast@toast-new:Origin updated] Origin updated: OT: 2025-12-31 16:30:23,  Lat/Lon: 40.9517°/142.909°, Depth: 50
2026/01/02 22:48:55.146492 [Incident:Info:toast@toast-new:Magnitude updated] Magnitude updated: 5.19 (mb)
2026/01/02 22:48:55.146526 [Simulation:Info:toast@toast-new:Simulation not generated] Magnitude 5.19 of event bmg2025zqhu is smaller than triggerMinMagnitude: no automatic simulation
2026/01/02 22:49:01.622797 [Incident:Info:toast@toast-new:Origin updated] Origin updated: OT: 2025-12-31 16:30:23,  Lat/Lon: 40.9517°/142.909°, Depth: 50
2026/01/02 22:49:01.623045 [Simulation:Info:toast@toast-new:Simulation not generated] Magnitude 5.19 of event bmg2025zqhu is smaller than triggerMinMagnitude: no automatic simulation
2026/01/02 22:49:01.649561 [Incident:Info:toast@toast-new:Origin updated] Origin updated: OT: 2025-12-31 16:30:23,  Lat/Lon: 40.9517°/142.909°, Depth: 50
2026/01/02 22:49:01.649732 [Incident:Info:toast@toast-new:Magnitude updated] Magnitude updated: 5.15 (Mw(mB))
2026/01/02 22:49:01.649770 [Simulation:Info:toast@toast-new:Simulation not generated] Magnitude 5.15 of event bmg2025zqhu is smaller than triggerMinMagnitude: no automatic simulation
