2025/12/23 11:43:57.599083 [Incident:Info:toast@toast-new:Displacement(s) updated] Added 0 and changed 0 displacements with 0 amplitudes
2025/12/23 11:43:57.601339 [Incident:Info:toast@toast-new:Incident created] Incident created based on event received from messaging: OT: 2025-12-23 04:32:31,  Lat/Lon: 40.53°/52.01°, Depth: 10.00, Mag: 5.08 (M)
2025/12/23 11:43:57.602136 [Simulation:Info:toast@toast-new:Simulation not generated] Magnitude 5.08 of event bmg2025zauc is smaller than triggerMinMagnitude: no automatic simulation
2025/12/23 11:43:57.616417 [Incident:Info:toast@toast-new:Origin updated] Origin updated: OT: 2025-12-23 04:32:31,  Lat/Lon: 40.5272°/52.0114°, Depth: 10
2025/12/23 11:43:57.616539 [Simulation:Info:toast@toast-new:Simulation not generated] Magnitude 5.08 of event bmg2025zauc is smaller than triggerMinMagnitude: no automatic simulation
2025/12/23 11:44:01.498404 [Incident:Info:toast@toast-new:Origin updated] Origin updated: OT: 2025-12-23 04:32:30,  Lat/Lon: 40.6064°/51.9575°, Depth: 10
2025/12/23 11:44:01.498597 [Incident:Info:toast@toast-new:Magnitude updated] Magnitude updated: 5.09 (M)
2025/12/23 11:44:01.498638 [Simulation:Info:toast@toast-new:Simulation not generated] Magnitude 5.09 of event bmg2025zauc is smaller than triggerMinMagnitude: no automatic simulation
2025/12/23 11:44:07.496285 [Incident:Info:toast@toast-new:Origin updated] Origin updated: OT: 2025-12-23 04:32:30,  Lat/Lon: 40.6064°/51.9575°, Depth: 10
2025/12/23 11:44:07.496473 [Incident:Info:toast@toast-new:Magnitude updated] Magnitude updated: 5.15 (M)
2025/12/23 11:44:07.496514 [Simulation:Info:toast@toast-new:Simulation not generated] Magnitude 5.15 of event bmg2025zauc is smaller than triggerMinMagnitude: no automatic simulation
2025/12/23 11:44:13.446312 [Incident:Info:toast@toast-new:Origin updated] Origin updated: OT: 2025-12-23 04:32:30,  Lat/Lon: 40.6063°/51.9535°, Depth: 10
2025/12/23 11:44:13.446524 [Incident:Info:toast@toast-new:Magnitude updated] Magnitude updated: 5.14 (M)
2025/12/23 11:44:13.446573 [Simulation:Info:toast@toast-new:Simulation not generated] Magnitude 5.14 of event bmg2025zauc is smaller than triggerMinMagnitude: no automatic simulation
2025/12/23 11:44:26.706494 [Incident:Info:toast@toast-new:Origin updated] Origin updated: OT: 2025-12-23 04:32:30,  Lat/Lon: 40.6082°/51.9605°, Depth: 10
2025/12/23 11:44:26.706710 [Incident:Info:toast@toast-new:Magnitude updated] Magnitude updated: 5.15 (M)
2025/12/23 11:44:26.706750 [Simulation:Info:toast@toast-new:Simulation not generated] Magnitude 5.15 of event bmg2025zauc is smaller than triggerMinMagnitude: no automatic simulation
2025/12/23 11:44:36.506147 [Incident:Info:toast@toast-new:Origin updated] Origin updated: OT: 2025-12-23 04:32:30,  Lat/Lon: 40.6106°/51.9358°, Depth: 10
2025/12/23 11:44:36.506257 [Incident:Info:toast@toast-new:Magnitude updated] Magnitude updated: 5.15 (M)
2025/12/23 11:44:36.506276 [Simulation:Info:toast@toast-new:Simulation not generated] Magnitude 5.15 of event bmg2025zauc is smaller than triggerMinMagnitude: no automatic simulation
2025/12/23 11:44:48.081803 [Incident:Info:toast@toast-new:Origin updated] Origin updated: OT: 2025-12-23 04:32:30,  Lat/Lon: 40.6185°/51.9406°, Depth: 10
2025/12/23 11:44:48.081942 [Incident:Info:toast@toast-new:Magnitude updated] Magnitude updated: 5.14 (M)
2025/12/23 11:44:48.081978 [Simulation:Info:toast@toast-new:Simulation not generated] Magnitude 5.14 of event bmg2025zauc is smaller than triggerMinMagnitude: no automatic simulation
2025/12/23 11:45:00.954447 [Incident:Info:toast@toast-new:Origin updated] Origin updated: OT: 2025-12-23 04:32:29,  Lat/Lon: 40.6782°/51.8935°, Depth: 10
2025/12/23 11:45:00.954605 [Incident:Info:toast@toast-new:Magnitude updated] Magnitude updated: 5.14 (M)
2025/12/23 11:45:00.954645 [Simulation:Info:toast@toast-new:Simulation not generated] Magnitude 5.14 of event bmg2025zauc is smaller than triggerMinMagnitude: no automatic simulation
2025/12/23 11:45:16.580159 [Incident:Info:toast@toast-new:Origin updated] Origin updated: OT: 2025-12-23 04:32:29,  Lat/Lon: 40.6818°/51.8948°, Depth: 10
2025/12/23 11:45:16.580373 [Incident:Info:toast@toast-new:Magnitude updated] Magnitude updated: 5.15 (M)
2025/12/23 11:45:16.580414 [Simulation:Info:toast@toast-new:Simulation not generated] Magnitude 5.15 of event bmg2025zauc is smaller than triggerMinMagnitude: no automatic simulation
2025/12/23 11:45:27.485025 [Incident:Info:toast@toast-new:Origin updated] Origin updated: OT: 2025-12-23 04:32:29,  Lat/Lon: 40.6818°/51.8948°, Depth: 10
2025/12/23 11:45:27.485218 [Incident:Info:toast@toast-new:Magnitude updated] Magnitude updated: 5.22 (M)
2025/12/23 11:45:27.485262 [Simulation:Info:toast@toast-new:Simulation not generated] Magnitude 5.22 of event bmg2025zauc is smaller than triggerMinMagnitude: no automatic simulation
2025/12/23 11:45:36.559563 [Incident:Info:toast@toast-new:Origin updated] Origin updated: OT: 2025-12-23 04:32:29,  Lat/Lon: 40.6804°/51.8959°, Depth: 10
2025/12/23 11:45:36.559764 [Incident:Info:toast@toast-new:Magnitude updated] Magnitude updated: 5.22 (M)
2025/12/23 11:45:36.559804 [Simulation:Info:toast@toast-new:Simulation not generated] Magnitude 5.22 of event bmg2025zauc is smaller than triggerMinMagnitude: no automatic simulation
2025/12/23 11:45:56.540189 [Incident:Info:toast@toast-new:Origin updated] Origin updated: OT: 2025-12-23 04:32:29,  Lat/Lon: 40.6759°/51.8753°, Depth: 10
2025/12/23 11:45:56.540391 [Incident:Info:toast@toast-new:Magnitude updated] Magnitude updated: 5.22 (M)
2025/12/23 11:45:56.540432 [Simulation:Info:toast@toast-new:Simulation not generated] Magnitude 5.22 of event bmg2025zauc is smaller than triggerMinMagnitude: no automatic simulation
2025/12/23 12:25:51.915227 [Incident:Info:toast@toast-new:Origin updated] Origin updated: OT: 2025-12-23 04:32:29,  Lat/Lon: 40.6682°/51.8876°, Depth: 10
2025/12/23 12:25:51.915378 [Incident:Info:toast@toast-new:Magnitude updated] Magnitude updated: 5.22 (M)
2025/12/23 12:25:51.915415 [Simulation:Info:toast@toast-new:Simulation not generated] Magnitude 5.22 of event bmg2025zauc is smaller than triggerMinMagnitude: no automatic simulation
2025/12/23 15:13:24.308883 [Incident:Info:toast@toast-new:Origin updated] Origin updated: OT: 2025-12-23 04:32:34,  Lat/Lon: 40.6352°/51.9245°, Depth: 40.6032
2025/12/23 15:13:24.309093 [Incident:Info:toast@toast-new:Magnitude updated] Magnitude updated: 5.14 (mb)
2025/12/23 15:13:24.309140 [Simulation:Info:toast@toast-new:Simulation not generated] Magnitude 5.14 of event bmg2025zauc is smaller than triggerMinMagnitude: no automatic simulation
2025/12/23 15:13:24.327011 [Incident:Info:toast@toast-new:Origin updated] Origin updated: OT: 2025-12-23 04:32:34,  Lat/Lon: 40.6352°/51.9245°, Depth: 40.6032
2025/12/23 15:13:24.327127 [Incident:Info:toast@toast-new:Magnitude updated] Magnitude updated: 5.20 (M)
2025/12/23 15:13:24.327159 [Simulation:Info:toast@toast-new:Simulation not generated] Magnitude 5.20 of event bmg2025zauc is smaller than triggerMinMagnitude: no automatic simulation
2025/12/23 15:17:17.266510 [Incident:Info:toast@toast-new:Origin updated] Origin updated: OT: 2025-12-23 04:32:34,  Lat/Lon: 40.6352°/51.9245°, Depth: 40.6032
2025/12/23 15:17:17.266776 [Incident:Info:toast@toast-new:Magnitude updated] Magnitude updated: 5.14 (mb)
2025/12/23 15:17:17.266864 [Simulation:Info:toast@toast-new:Simulation not generated] Magnitude 5.14 of event bmg2025zauc is smaller than triggerMinMagnitude: no automatic simulation
2025/12/24 09:45:28.689379 [Incident:Info:toast@toast-new:Incident removed] Removed incident - Bye
