2025/12/14 15:08:11.855917 [Incident:Info:toast@toast-new:Displacement(s) updated] Added 0 and changed 0 displacements with 0 amplitudes
2025/12/14 15:08:11.879778 [Incident:Info:toast@toast-new:Incident created] Incident created based on event received from messaging: OT: 2025-12-14 07:58:11,  Lat/Lon: 39.87°/143.82°, Depth: 10.00, Mag: 5.14 (M)
2025/12/14 15:08:11.880149 [Simulation:Info:toast@toast-new:Simulation not generated] Magnitude 5.14 of event bmg2025ykpi is smaller than triggerMinMagnitude: no automatic simulation
2025/12/14 15:08:11.889414 [Incident:Info:toast@toast-new:Origin updated] Origin updated: OT: 2025-12-14 07:58:11,  Lat/Lon: 39.8687°/143.817°, Depth: 10
2025/12/14 15:08:11.889514 [Simulation:Info:toast@toast-new:Simulation not generated] Magnitude 5.14 of event bmg2025ykpi is smaller than triggerMinMagnitude: no automatic simulation
2025/12/14 15:08:15.752571 [Incident:Info:toast@toast-new:Origin updated] Origin updated: OT: 2025-12-14 07:58:11,  Lat/Lon: 39.8687°/143.817°, Depth: 10
2025/12/14 15:08:15.752750 [Incident:Info:toast@toast-new:Magnitude updated] Magnitude updated: 5.24 (M)
2025/12/14 15:08:15.752794 [Simulation:Info:toast@toast-new:Simulation not generated] Magnitude 5.24 of event bmg2025ykpi is smaller than triggerMinMagnitude: no automatic simulation
2025/12/14 15:08:24.250434 [Incident:Info:toast@toast-new:Origin updated] Origin updated: OT: 2025-12-14 07:58:11,  Lat/Lon: 39.8593°/143.858°, Depth: 10
2025/12/14 15:08:24.250576 [Incident:Info:toast@toast-new:Magnitude updated] Magnitude updated: 5.23 (M)
2025/12/14 15:08:24.250600 [Simulation:Info:toast@toast-new:Simulation not generated] Magnitude 5.23 of event bmg2025ykpi is smaller than triggerMinMagnitude: no automatic simulation
2025/12/14 15:08:39.320978 [Incident:Info:toast@toast-new:Origin updated] Origin updated: OT: 2025-12-14 07:58:11,  Lat/Lon: 39.863°/143.785°, Depth: 10
2025/12/14 15:08:39.321147 [Incident:Info:toast@toast-new:Magnitude updated] Magnitude updated: 5.23 (M)
2025/12/14 15:08:39.321189 [Simulation:Info:toast@toast-new:Simulation not generated] Magnitude 5.23 of event bmg2025ykpi is smaller than triggerMinMagnitude: no automatic simulation
2025/12/14 15:08:54.266318 [Incident:Info:toast@toast-new:Origin updated] Origin updated: OT: 2025-12-14 07:58:11,  Lat/Lon: 39.8364°/143.634°, Depth: 10
2025/12/14 15:08:54.266479 [Incident:Info:toast@toast-new:Magnitude updated] Magnitude updated: 5.23 (M)
2025/12/14 15:08:54.266518 [Simulation:Info:toast@toast-new:Simulation not generated] Magnitude 5.23 of event bmg2025ykpi is smaller than triggerMinMagnitude: no automatic simulation
2025/12/14 15:09:09.286239 [Incident:Info:toast@toast-new:Origin updated] Origin updated: OT: 2025-12-14 07:58:11,  Lat/Lon: 39.8364°/143.634°, Depth: 10
2025/12/14 15:09:09.286392 [Incident:Info:toast@toast-new:Magnitude updated] Magnitude updated: 5.24 (M)
2025/12/14 15:09:09.286432 [Simulation:Info:toast@toast-new:Simulation not generated] Magnitude 5.24 of event bmg2025ykpi is smaller than triggerMinMagnitude: no automatic simulation
2025/12/14 15:09:35.633314 [Incident:Info:toast@toast-new:Origin updated] Origin updated: OT: 2025-12-14 07:58:11,  Lat/Lon: 39.8141°/143.704°, Depth: 10
2025/12/14 15:09:35.633510 [Incident:Info:toast@toast-new:Magnitude updated] Magnitude updated: 5.23 (M)
2025/12/14 15:09:35.633556 [Simulation:Info:toast@toast-new:Simulation not generated] Magnitude 5.23 of event bmg2025ykpi is smaller than triggerMinMagnitude: no automatic simulation
2025/12/14 15:11:17.726271 [Incident:Info:toast@toast-new:Origin updated] Origin updated: OT: 2025-12-14 07:58:11,  Lat/Lon: 39.8123°/143.705°, Depth: 10
2025/12/14 15:11:17.726463 [Incident:Info:toast@toast-new:Magnitude updated] Magnitude updated: 5.23 (M)
2025/12/14 15:11:17.726505 [Simulation:Info:toast@toast-new:Simulation not generated] Magnitude 5.23 of event bmg2025ykpi is smaller than triggerMinMagnitude: no automatic simulation
2025/12/14 15:13:40.970846 [Incident:Info:toast@toast-new:Origin updated] Origin updated: OT: 2025-12-14 07:58:11,  Lat/Lon: 39.8134°/143.712°, Depth: 10
2025/12/14 15:13:40.971095 [Incident:Info:toast@toast-new:Magnitude updated] Magnitude updated: 5.23 (M)
2025/12/14 15:13:40.971138 [Simulation:Info:toast@toast-new:Simulation not generated] Magnitude 5.23 of event bmg2025ykpi is smaller than triggerMinMagnitude: no automatic simulation
2025/12/14 15:18:25.443354 [Incident:Info:toast@toast-new:Origin updated] Origin updated: OT: 2025-12-14 07:58:11,  Lat/Lon: 39.8134°/143.712°, Depth: 10
2025/12/14 15:18:25.443516 [Simulation:Info:toast@toast-new:Simulation not generated] Magnitude 5.23 of event bmg2025ykpi is smaller than triggerMinMagnitude: no automatic simulation
2025/12/14 17:44:02.106845 [Incident:Info:toast@toast-new:Origin updated] Origin updated: OT: 2025-12-14 07:58:11,  Lat/Lon: 39.814°/143.709°, Depth: 10
2025/12/14 17:44:02.107025 [Incident:Info:toast@toast-new:Magnitude updated] Magnitude updated: 5.22 (M)
2025/12/14 17:44:02.107065 [Simulation:Info:toast@toast-new:Simulation not generated] Magnitude 5.22 of event bmg2025ykpi is smaller than triggerMinMagnitude: no automatic simulation
2025/12/14 17:45:00.497459 [Incident:Info:toast@toast-new:Origin updated] Origin updated: OT: 2025-12-14 07:58:11,  Lat/Lon: 39.8124°/143.717°, Depth: 10
2025/12/14 17:45:00.497625 [Incident:Info:toast@toast-new:Magnitude updated] Magnitude updated: 5.23 (M)
2025/12/14 17:45:00.497668 [Simulation:Info:toast@toast-new:Simulation not generated] Magnitude 5.23 of event bmg2025ykpi is smaller than triggerMinMagnitude: no automatic simulation
2025/12/14 17:45:40.495131 [Incident:Info:toast@toast-new:Origin updated] Origin updated: OT: 2025-12-14 07:58:11,  Lat/Lon: 39.8124°/143.717°, Depth: 10
2025/12/14 17:45:40.495289 [Incident:Info:toast@toast-new:Magnitude updated] Magnitude updated: 5.22 (M)
2025/12/14 17:45:40.495327 [Simulation:Info:toast@toast-new:Simulation not generated] Magnitude 5.22 of event bmg2025ykpi is smaller than triggerMinMagnitude: no automatic simulation
2025/12/14 17:45:59.322251 [Incident:Info:toast@toast-new:Origin updated] Origin updated: OT: 2025-12-14 07:58:11,  Lat/Lon: 39.8123°/143.718°, Depth: 10
2025/12/14 17:45:59.322418 [Incident:Info:toast@toast-new:Magnitude updated] Magnitude updated: 5.22 (M)
2025/12/14 17:45:59.322459 [Simulation:Info:toast@toast-new:Simulation not generated] Magnitude 5.22 of event bmg2025ykpi is smaller than triggerMinMagnitude: no automatic simulation
2025/12/14 23:48:18.856151 [Incident:Info:toast@toast-new:Origin updated] Origin updated: OT: 2025-12-14 07:58:11,  Lat/Lon: 39.8123°/143.718°, Depth: 10
2025/12/14 23:48:18.856352 [Incident:Info:toast@toast-new:Magnitude updated] Magnitude updated: 5.13 (mb)
2025/12/14 23:48:18.856410 [Simulation:Info:toast@toast-new:Simulation not generated] Magnitude 5.13 of event bmg2025ykpi is smaller than triggerMinMagnitude: no automatic simulation
2025/12/14 23:48:22.133028 [Incident:Info:toast@toast-new:Origin updated] Origin updated: OT: 2025-12-14 07:58:22,  Lat/Lon: 39.818°/143.466°, Depth: 104.278
2025/12/14 23:48:22.133219 [Incident:Info:toast@toast-new:Magnitude updated] Magnitude updated: 5.04 (mb)
2025/12/14 23:48:22.133263 [Simulation:Info:toast@toast-new:Simulation not generated] Magnitude 5.04 of event bmg2025ykpi is smaller than triggerMinMagnitude: no automatic simulation
2025/12/21 17:01:06.510038 [Incident:Info:toast@toast-new:Origin updated] Origin updated: OT: 2025-12-14 07:58:15,  Lat/Lon: 39.8606°/143.431°, Depth: 34.8164
2025/12/21 17:01:06.510680 [Incident:Info:toast@toast-new:Magnitude updated] Magnitude updated: 5.15 (mb)
2025/12/21 17:01:06.511002 [Simulation:Info:toast@toast-new:Simulation not generated] Magnitude 5.15 of event bmg2025ykpi is smaller than triggerMinMagnitude: no automatic simulation
2025/12/21 17:01:06.533859 [Incident:Info:toast@toast-new:Origin updated] Origin updated: OT: 2025-12-14 07:58:15,  Lat/Lon: 39.8606°/143.431°, Depth: 34.8164
2025/12/21 17:01:06.534456 [Simulation:Info:toast@toast-new:Simulation not generated] Magnitude 5.15 of event bmg2025ykpi is smaller than triggerMinMagnitude: no automatic simulation
