2025/12/27 06:08:04.370270 [Incident:Info:toast@toast-new:Displacement(s) updated] Added 0 and changed 0 displacements with 0 amplitudes
2025/12/27 06:08:04.370767 [Incident:Info:toast@toast-new:Incident created] Incident created based on event received from messaging: OT: 2025-12-26 23:02:21,  Lat/Lon: -4.35°/153.56°, Depth: 82.61, Mag: 5.21 (M)
2025/12/27 06:08:04.371418 [Simulation:Info:toast@toast-new:Simulation not generated] Magnitude 5.21 of event bmg2025zhrf is smaller than triggerMinMagnitude: no automatic simulation
2025/12/27 06:08:04.392609 [Incident:Info:toast@toast-new:Origin updated] Origin updated: OT: 2025-12-26 23:02:21,  Lat/Lon: -4.35447°/153.562°, Depth: 82.6127
2025/12/27 06:08:04.392797 [Simulation:Info:toast@toast-new:Simulation not generated] Magnitude 5.21 of event bmg2025zhrf is smaller than triggerMinMagnitude: no automatic simulation
2025/12/27 06:08:07.506013 [Incident:Info:toast@toast-new:Origin updated] Origin updated: OT: 2025-12-26 23:02:21,  Lat/Lon: -4.35447°/153.562°, Depth: 82.6127
2025/12/27 06:08:07.506184 [Incident:Info:toast@toast-new:Magnitude updated] Magnitude updated: 5.16 (M)
2025/12/27 06:08:07.506220 [Simulation:Info:toast@toast-new:Simulation not generated] Magnitude 5.16 of event bmg2025zhrf is smaller than triggerMinMagnitude: no automatic simulation
2025/12/27 06:08:12.502926 [Incident:Info:toast@toast-new:Origin updated] Origin updated: OT: 2025-12-26 23:02:21,  Lat/Lon: -4.35447°/153.562°, Depth: 82.6127
2025/12/27 06:08:12.503120 [Incident:Info:toast@toast-new:Magnitude updated] Magnitude updated: 5.11 (M)
2025/12/27 06:08:12.503171 [Simulation:Info:toast@toast-new:Simulation not generated] Magnitude 5.11 of event bmg2025zhrf is smaller than triggerMinMagnitude: no automatic simulation
2025/12/27 06:08:16.501924 [Incident:Info:toast@toast-new:Origin updated] Origin updated: OT: 2025-12-26 23:02:21,  Lat/Lon: -4.35161°/153.565°, Depth: 83.8189
2025/12/27 06:08:16.502125 [Incident:Info:toast@toast-new:Magnitude updated] Magnitude updated: 5.11 (M)
2025/12/27 06:08:16.502159 [Simulation:Info:toast@toast-new:Simulation not generated] Magnitude 5.11 of event bmg2025zhrf is smaller than triggerMinMagnitude: no automatic simulation
2025/12/27 06:08:17.514054 [Incident:Info:toast@toast-new:Origin updated] Origin updated: OT: 2025-12-26 23:02:21,  Lat/Lon: -4.35161°/153.565°, Depth: 83.8189
2025/12/27 06:08:17.514265 [Incident:Info:toast@toast-new:Magnitude updated] Magnitude updated: 5.13 (M)
2025/12/27 06:08:17.514311 [Simulation:Info:toast@toast-new:Simulation not generated] Magnitude 5.13 of event bmg2025zhrf is smaller than triggerMinMagnitude: no automatic simulation
2025/12/27 06:08:26.695775 [Incident:Info:toast@toast-new:Origin updated] Origin updated: OT: 2025-12-26 23:02:21,  Lat/Lon: -4.35822°/153.56°, Depth: 82.9691
2025/12/27 06:08:26.696026 [Incident:Info:toast@toast-new:Magnitude updated] Magnitude updated: 5.08 (M)
2025/12/27 06:08:26.696071 [Simulation:Info:toast@toast-new:Simulation not generated] Magnitude 5.08 of event bmg2025zhrf is smaller than triggerMinMagnitude: no automatic simulation
2025/12/27 06:08:32.502029 [Incident:Info:toast@toast-new:Origin updated] Origin updated: OT: 2025-12-26 23:02:21,  Lat/Lon: -4.35822°/153.56°, Depth: 82.9691
2025/12/27 06:08:32.502217 [Incident:Info:toast@toast-new:Magnitude updated] Magnitude updated: 5.04 (M)
2025/12/27 06:08:32.502268 [Simulation:Info:toast@toast-new:Simulation not generated] Magnitude 5.04 of event bmg2025zhrf is smaller than triggerMinMagnitude: no automatic simulation
2025/12/27 06:08:37.510042 [Incident:Info:toast@toast-new:Origin updated] Origin updated: OT: 2025-12-26 23:02:21,  Lat/Lon: -4.35822°/153.56°, Depth: 82.9691
2025/12/27 06:08:37.510180 [Incident:Info:toast@toast-new:Magnitude updated] Magnitude updated: 5.05 (M)
2025/12/27 06:08:37.510223 [Simulation:Info:toast@toast-new:Simulation not generated] Magnitude 5.05 of event bmg2025zhrf is smaller than triggerMinMagnitude: no automatic simulation
2025/12/27 06:08:41.555860 [Incident:Info:toast@toast-new:Origin updated] Origin updated: OT: 2025-12-26 23:02:21,  Lat/Lon: -4.37327°/153.554°, Depth: 83.5411
2025/12/27 06:08:41.556067 [Incident:Info:toast@toast-new:Magnitude updated] Magnitude updated: 5.06 (M)
2025/12/27 06:08:41.556108 [Simulation:Info:toast@toast-new:Simulation not generated] Magnitude 5.06 of event bmg2025zhrf is smaller than triggerMinMagnitude: no automatic simulation
2025/12/27 06:08:47.508605 [Incident:Info:toast@toast-new:Origin updated] Origin updated: OT: 2025-12-26 23:02:21,  Lat/Lon: -4.37327°/153.554°, Depth: 83.5411
2025/12/27 06:08:47.508744 [Incident:Info:toast@toast-new:Magnitude updated] Magnitude updated: 5.07 (M)
2025/12/27 06:08:47.508774 [Simulation:Info:toast@toast-new:Simulation not generated] Magnitude 5.07 of event bmg2025zhrf is smaller than triggerMinMagnitude: no automatic simulation
2025/12/27 06:08:52.494668 [Incident:Info:toast@toast-new:Origin updated] Origin updated: OT: 2025-12-26 23:02:21,  Lat/Lon: -4.37327°/153.554°, Depth: 83.5411
2025/12/27 06:08:52.494798 [Incident:Info:toast@toast-new:Magnitude updated] Magnitude updated: 5.07 (M)
2025/12/27 06:08:52.494827 [Simulation:Info:toast@toast-new:Simulation not generated] Magnitude 5.07 of event bmg2025zhrf is smaller than triggerMinMagnitude: no automatic simulation
2025/12/27 06:08:57.066185 [Incident:Info:toast@toast-new:Origin updated] Origin updated: OT: 2025-12-26 23:02:21,  Lat/Lon: -4.37327°/153.554°, Depth: 83.5411
2025/12/27 06:08:57.066324 [Incident:Info:toast@toast-new:Magnitude updated] Magnitude updated: 5.08 (M)
2025/12/27 06:08:57.066354 [Simulation:Info:toast@toast-new:Simulation not generated] Magnitude 5.08 of event bmg2025zhrf is smaller than triggerMinMagnitude: no automatic simulation
2025/12/27 06:08:57.084790 [Incident:Info:toast@toast-new:Origin updated] Origin updated: OT: 2025-12-26 23:02:21,  Lat/Lon: -4.37211°/153.554°, Depth: 83.3679
2025/12/27 06:08:57.084922 [Incident:Info:toast@toast-new:Magnitude updated] Magnitude updated: 5.08 (M)
2025/12/27 06:08:57.084943 [Simulation:Info:toast@toast-new:Simulation not generated] Magnitude 5.08 of event bmg2025zhrf is smaller than triggerMinMagnitude: no automatic simulation
2025/12/27 06:09:07.504519 [Incident:Info:toast@toast-new:Origin updated] Origin updated: OT: 2025-12-26 23:02:21,  Lat/Lon: -4.37211°/153.554°, Depth: 83.3679
2025/12/27 06:09:07.504660 [Incident:Info:toast@toast-new:Magnitude updated] Magnitude updated: 5.08 (M)
2025/12/27 06:09:07.504691 [Simulation:Info:toast@toast-new:Simulation not generated] Magnitude 5.08 of event bmg2025zhrf is smaller than triggerMinMagnitude: no automatic simulation
2025/12/27 06:09:11.549178 [Incident:Info:toast@toast-new:Origin updated] Origin updated: OT: 2025-12-26 23:02:21,  Lat/Lon: -4.37161°/153.555°, Depth: 83.4039
2025/12/27 06:09:11.549326 [Incident:Info:toast@toast-new:Magnitude updated] Magnitude updated: 5.08 (M)
2025/12/27 06:09:11.549357 [Simulation:Info:toast@toast-new:Simulation not generated] Magnitude 5.08 of event bmg2025zhrf is smaller than triggerMinMagnitude: no automatic simulation
2025/12/27 06:09:17.095742 [Incident:Info:toast@toast-new:Origin updated] Origin updated: OT: 2025-12-26 23:02:21,  Lat/Lon: -4.3308°/153.528°, Depth: 74.4237
2025/12/27 06:09:17.095897 [Incident:Info:toast@toast-new:Magnitude updated] Magnitude updated: 5.08 (mb)
2025/12/27 06:09:17.095930 [Simulation:Info:toast@toast-new:Simulation not generated] Magnitude 5.08 of event bmg2025zhrf is smaller than triggerMinMagnitude: no automatic simulation
2025/12/27 06:09:17.113356 [Incident:Info:toast@toast-new:Origin updated] Origin updated: OT: 2025-12-26 23:02:21,  Lat/Lon: -4.3308°/153.528°, Depth: 74.4237
2025/12/27 06:09:17.113479 [Incident:Info:toast@toast-new:Magnitude updated] Magnitude updated: 5.05 (M)
2025/12/27 06:09:17.113522 [Simulation:Info:toast@toast-new:Simulation not generated] Magnitude 5.05 of event bmg2025zhrf is smaller than triggerMinMagnitude: no automatic simulation
2025/12/27 06:09:38.504176 [Incident:Info:toast@toast-new:Origin updated] Origin updated: OT: 2025-12-26 23:02:21,  Lat/Lon: -4.3308°/153.528°, Depth: 74.4237
2025/12/27 06:09:38.504329 [Incident:Info:toast@toast-new:Magnitude updated] Magnitude updated: 5.08 (mb)
2025/12/27 06:09:38.504373 [Simulation:Info:toast@toast-new:Simulation not generated] Magnitude 5.08 of event bmg2025zhrf is smaller than triggerMinMagnitude: no automatic simulation
2025/12/27 06:09:38.523526 [Incident:Info:toast@toast-new:Origin updated] Origin updated: OT: 2025-12-26 23:02:21,  Lat/Lon: -4.3308°/153.528°, Depth: 74.4237
2025/12/27 06:09:38.523658 [Incident:Info:toast@toast-new:Magnitude updated] Magnitude updated: 5.05 (M)
2025/12/27 06:09:38.523705 [Simulation:Info:toast@toast-new:Simulation not generated] Magnitude 5.05 of event bmg2025zhrf is smaller than triggerMinMagnitude: no automatic simulation
2025/12/27 09:07:05.418295 [Incident:Info:toast@toast-new:Origin updated] Origin updated: OT: 2025-12-26 23:02:22,  Lat/Lon: -4.43122°/153.386°, Depth: 74.4146
2025/12/27 09:07:05.418458 [Incident:Info:toast@toast-new:Magnitude updated] Magnitude updated: 5.20 (mb)
2025/12/27 09:07:05.418495 [Simulation:Info:toast@toast-new:Simulation not generated] Magnitude 5.20 of event bmg2025zhrf is smaller than triggerMinMagnitude: no automatic simulation
2025/12/27 09:07:05.503058 [Incident:Info:toast@toast-new:Origin updated] Origin updated: OT: 2025-12-26 23:02:22,  Lat/Lon: -4.43122°/153.386°, Depth: 74.4146
2025/12/27 09:07:05.503173 [Incident:Info:toast@toast-new:Magnitude updated] Magnitude updated: 5.08 (M)
2025/12/27 09:07:05.503205 [Simulation:Info:toast@toast-new:Simulation not generated] Magnitude 5.08 of event bmg2025zhrf is smaller than triggerMinMagnitude: no automatic simulation
2025/12/27 09:07:11.362516 [Incident:Info:toast@toast-new:Origin updated] Origin updated: OT: 2025-12-26 23:02:22,  Lat/Lon: -4.43122°/153.386°, Depth: 74.4146
2025/12/27 09:07:11.362681 [Incident:Info:toast@toast-new:Magnitude updated] Magnitude updated: 5.20 (mb)
2025/12/27 09:07:11.362739 [Simulation:Info:toast@toast-new:Simulation not generated] Magnitude 5.20 of event bmg2025zhrf is smaller than triggerMinMagnitude: no automatic simulation
2025/12/28 10:09:15.627658 [Incident:Info:toast@toast-new:Origin updated] Origin updated: OT: 2025-12-26 23:02:22,  Lat/Lon: -4.45813°/153.42°, Depth: 76.228
2025/12/28 10:09:15.627822 [Incident:Info:toast@toast-new:Magnitude updated] Magnitude updated: 5.20 (mb)
2025/12/28 10:09:15.627853 [Simulation:Info:toast@toast-new:Simulation not generated] Magnitude 5.20 of event bmg2025zhrf is smaller than triggerMinMagnitude: no automatic simulation
2025/12/28 10:09:21.304865 [Incident:Info:toast@toast-new:Origin updated] Origin updated: OT: 2025-12-26 23:02:22,  Lat/Lon: -4.45813°/153.42°, Depth: 76.228
2025/12/28 10:09:21.305153 [Simulation:Info:toast@toast-new:Simulation not generated] Magnitude 5.20 of event bmg2025zhrf is smaller than triggerMinMagnitude: no automatic simulation
2025/12/28 10:09:21.375887 [Incident:Info:toast@toast-new:Origin updated] Origin updated: OT: 2025-12-26 23:02:22,  Lat/Lon: -4.45813°/153.42°, Depth: 76.228
2025/12/28 10:09:21.376006 [Incident:Info:toast@toast-new:Magnitude updated] Magnitude updated: 5.08 (Mw(mB))
2025/12/28 10:09:21.376042 [Simulation:Info:toast@toast-new:Simulation not generated] Magnitude 5.08 of event bmg2025zhrf is smaller than triggerMinMagnitude: no automatic simulation
