2025/12/03 20:02:51.882640 [Incident:Info:toast@toast-new:Displacement(s) updated] Added 0 and changed 0 displacements with 0 amplitudes
2025/12/03 20:02:51.883159 [Incident:Info:toast@toast-new:Incident created] Incident created based on event received from messaging: OT: 2025-12-03 13:00:49,  Lat/Lon: -5.72°/131.02°, Depth: 164.46, Mag: 5.01 (M)
2025/12/03 20:02:51.883775 [Simulation:Info:toast@toast-new:Simulation not generated] Magnitude 5.01 of event bmg2025xqwu is smaller than triggerMinMagnitude: no automatic simulation
2025/12/03 20:02:51.903186 [Incident:Info:toast@toast-new:Origin updated] Origin updated: OT: 2025-12-03 13:00:49,  Lat/Lon: -5.71748°/131.015°, Depth: 164.464
2025/12/03 20:02:51.903316 [Simulation:Info:toast@toast-new:Simulation not generated] Magnitude 5.01 of event bmg2025xqwu is smaller than triggerMinMagnitude: no automatic simulation
2025/12/03 20:02:53.660099 [Incident:Info:toast@toast-new:Origin updated] Origin updated: OT: 2025-12-03 13:00:49,  Lat/Lon: -5.71748°/131.015°, Depth: 164.464
2025/12/03 20:02:53.660285 [Incident:Info:toast@toast-new:Magnitude updated] Magnitude updated: 5.04 (M)
2025/12/03 20:02:53.660326 [Simulation:Info:toast@toast-new:Simulation not generated] Magnitude 5.04 of event bmg2025xqwu is smaller than triggerMinMagnitude: no automatic simulation
2025/12/03 20:02:58.672424 [Incident:Info:toast@toast-new:Origin updated] Origin updated: OT: 2025-12-03 13:00:49,  Lat/Lon: -5.71748°/131.015°, Depth: 164.464
2025/12/03 20:02:58.672612 [Incident:Info:toast@toast-new:Magnitude updated] Magnitude updated: 5.04 (M)
2025/12/03 20:02:58.672643 [Simulation:Info:toast@toast-new:Simulation not generated] Magnitude 5.04 of event bmg2025xqwu is smaller than triggerMinMagnitude: no automatic simulation
2025/12/03 20:03:00.812021 [Incident:Info:toast@toast-new:Origin updated] Origin updated: OT: 2025-12-03 13:00:49,  Lat/Lon: -5.70292°/130.988°, Depth: 151.957
2025/12/03 20:03:00.812195 [Incident:Info:toast@toast-new:Magnitude updated] Magnitude updated: 5.05 (M)
2025/12/03 20:03:00.812227 [Simulation:Info:toast@toast-new:Simulation not generated] Magnitude 5.05 of event bmg2025xqwu is smaller than triggerMinMagnitude: no automatic simulation
2025/12/03 20:03:08.653509 [Incident:Info:toast@toast-new:Origin updated] Origin updated: OT: 2025-12-03 13:00:49,  Lat/Lon: -5.70292°/130.988°, Depth: 151.957
2025/12/03 20:03:08.653706 [Incident:Info:toast@toast-new:Magnitude updated] Magnitude updated: 5.05 (M)
2025/12/03 20:03:08.653746 [Simulation:Info:toast@toast-new:Simulation not generated] Magnitude 5.05 of event bmg2025xqwu is smaller than triggerMinMagnitude: no automatic simulation
2025/12/03 20:03:11.024384 [Incident:Info:toast@toast-new:Origin updated] Origin updated: OT: 2025-12-03 13:00:49,  Lat/Lon: -5.75659°/130.993°, Depth: 163.128
2025/12/03 20:03:11.024592 [Incident:Info:toast@toast-new:Magnitude updated] Magnitude updated: 5.08 (M)
2025/12/03 20:03:11.024631 [Simulation:Info:toast@toast-new:Simulation not generated] Magnitude 5.08 of event bmg2025xqwu is smaller than triggerMinMagnitude: no automatic simulation
2025/12/03 20:03:13.671996 [Incident:Info:toast@toast-new:Origin updated] Origin updated: OT: 2025-12-03 13:00:49,  Lat/Lon: -5.75659°/130.993°, Depth: 163.128
2025/12/03 20:03:13.672186 [Incident:Info:toast@toast-new:Magnitude updated] Magnitude updated: 5.08 (M)
2025/12/03 20:03:13.672217 [Simulation:Info:toast@toast-new:Simulation not generated] Magnitude 5.08 of event bmg2025xqwu is smaller than triggerMinMagnitude: no automatic simulation
2025/12/03 20:03:18.662629 [Incident:Info:toast@toast-new:Origin updated] Origin updated: OT: 2025-12-03 13:00:49,  Lat/Lon: -5.75659°/130.993°, Depth: 163.128
2025/12/03 20:03:18.662805 [Incident:Info:toast@toast-new:Magnitude updated] Magnitude updated: 5.09 (M)
2025/12/03 20:03:18.662834 [Simulation:Info:toast@toast-new:Simulation not generated] Magnitude 5.09 of event bmg2025xqwu is smaller than triggerMinMagnitude: no automatic simulation
2025/12/03 20:03:22.189483 [Incident:Info:toast@toast-new:Origin updated] Origin updated: OT: 2025-12-03 13:00:49,  Lat/Lon: -5.72499°/131.008°, Depth: 152.246
2025/12/03 20:03:22.189685 [Incident:Info:toast@toast-new:Magnitude updated] Magnitude updated: 5.01 (M)
2025/12/03 20:03:22.189717 [Simulation:Info:toast@toast-new:Simulation not generated] Magnitude 5.01 of event bmg2025xqwu is smaller than triggerMinMagnitude: no automatic simulation
2025/12/03 20:03:28.718374 [Incident:Info:toast@toast-new:Origin updated] Origin updated: OT: 2025-12-03 13:00:49,  Lat/Lon: -5.72499°/131.008°, Depth: 152.246
2025/12/03 20:03:28.718506 [Incident:Info:toast@toast-new:Magnitude updated] Magnitude updated: 5.00 (M)
2025/12/03 20:03:28.718534 [Simulation:Info:toast@toast-new:Simulation not generated] Magnitude 5.00 of event bmg2025xqwu is smaller than triggerMinMagnitude: no automatic simulation
2025/12/03 20:05:03.296064 [Incident:Info:toast@toast-new:Origin updated] Origin updated: OT: 2025-12-03 13:00:49,  Lat/Lon: -5.75213°/130.973°, Depth: 138.34
2025/12/03 20:05:03.296275 [Incident:Info:toast@toast-new:Magnitude updated] Magnitude updated: 5.16 (mb)
2025/12/03 20:05:03.296312 [Simulation:Info:toast@toast-new:Simulation not generated] Magnitude 5.16 of event bmg2025xqwu is smaller than triggerMinMagnitude: no automatic simulation
2025/12/03 20:05:41.006023 [Incident:Info:toast@toast-new:Origin updated] Origin updated: OT: 2025-12-03 13:00:49,  Lat/Lon: -5.75213°/130.973°, Depth: 138.34
2025/12/03 20:05:41.006212 [Simulation:Info:toast@toast-new:Simulation not generated] Magnitude 5.16 of event bmg2025xqwu is smaller than triggerMinMagnitude: no automatic simulation
2025/12/03 23:24:25.557534 [Incident:Info:toast@toast-new:Origin updated] Origin updated: OT: 2025-12-03 13:00:49,  Lat/Lon: -5.7424°/130.948°, Depth: 143.768
2025/12/03 23:24:25.557743 [Incident:Info:toast@toast-new:Magnitude updated] Magnitude updated: 5.10 (MLv)
2025/12/03 23:24:25.557783 [Simulation:Info:toast@toast-new:Simulation not generated] Magnitude 5.10 of event bmg2025xqwu is smaller than triggerMinMagnitude: no automatic simulation
2025/12/04 03:06:27.074217 [Incident:Info:toast@toast-new:Origin updated] Origin updated: OT: 2025-12-03 13:00:48,  Lat/Lon: -5.69406°/130.974°, Depth: 10
2025/12/04 03:06:27.074478 [Incident:Info:toast@toast-new:Magnitude updated] Magnitude updated: 5.00 (Mw(mB))
2025/12/04 03:06:27.074593 [Incident:Info:toast@toast-new:FM updated] FM updated
2025/12/04 03:06:27.074805 [Simulation:Info:toast@toast-new:Simulation not generated] Magnitude 5.00 of event bmg2025xqwu is smaller than triggerMinMagnitude: no automatic simulation
2025/12/04 03:06:32.610627 [Incident:Info:toast@toast-new:Origin updated] Origin updated: OT: 2025-12-03 13:00:48,  Lat/Lon: -5.69406°/130.974°, Depth: 10
2025/12/04 03:06:32.611151 [Simulation:Info:toast@toast-new:Simulation not generated] Magnitude 5.00 of event bmg2025xqwu is smaller than triggerMinMagnitude: no automatic simulation
