2025/12/02 18:21:01.027133 [Incident:Info:toast@toast-new:Displacement(s) updated] Added 0 and changed 0 displacements with 0 amplitudes
2025/12/02 18:21:01.027875 [Incident:Info:toast@toast-new:Incident created] Incident created based on event received from messaging: OT: 2025-12-02 11:10:36,  Lat/Lon: 50.08°/157.06°, Depth: 10.00, Mag: 5.31 (M)
2025/12/02 18:21:01.028475 [Simulation:Info:toast@toast-new:Simulation not generated] Magnitude 5.31 of event bmg2025xoxq is smaller than triggerMinMagnitude: no automatic simulation
2025/12/02 18:21:01.060055 [Incident:Info:toast@toast-new:Origin updated] Origin updated: OT: 2025-12-02 11:10:36,  Lat/Lon: 50.0841°/157.059°, Depth: 10
2025/12/02 18:21:01.060316 [Simulation:Info:toast@toast-new:Simulation not generated] Magnitude 5.31 of event bmg2025xoxq is smaller than triggerMinMagnitude: no automatic simulation
2025/12/02 18:21:11.710363 [Incident:Info:toast@toast-new:Origin updated] Origin updated: OT: 2025-12-02 11:10:36,  Lat/Lon: 50.0841°/157.059°, Depth: 10
2025/12/02 18:21:11.710697 [Incident:Info:toast@toast-new:Magnitude updated] Magnitude updated: 5.35 (M)
2025/12/02 18:21:11.710853 [Simulation:Info:toast@toast-new:Simulation not generated] Magnitude 5.35 of event bmg2025xoxq is smaller than triggerMinMagnitude: no automatic simulation
2025/12/02 18:21:11.729980 [Incident:Info:toast@toast-new:Origin updated] Origin updated: OT: 2025-12-02 11:10:36,  Lat/Lon: 50.0665°/157.092°, Depth: 10
2025/12/02 18:21:11.730185 [Incident:Info:toast@toast-new:Magnitude updated] Magnitude updated: 5.35 (M)
2025/12/02 18:21:11.730266 [Simulation:Info:toast@toast-new:Simulation not generated] Magnitude 5.35 of event bmg2025xoxq is smaller than triggerMinMagnitude: no automatic simulation
2025/12/02 18:21:18.660737 [Incident:Info:toast@toast-new:Origin updated] Origin updated: OT: 2025-12-02 11:10:36,  Lat/Lon: 50.0665°/157.092°, Depth: 10
2025/12/02 18:21:18.661091 [Incident:Info:toast@toast-new:Magnitude updated] Magnitude updated: 5.37 (M)
2025/12/02 18:21:18.661261 [Simulation:Info:toast@toast-new:Simulation not generated] Magnitude 5.37 of event bmg2025xoxq is smaller than triggerMinMagnitude: no automatic simulation
2025/12/02 18:21:25.590602 [Incident:Info:toast@toast-new:Origin updated] Origin updated: OT: 2025-12-02 11:10:35,  Lat/Lon: 50.0447°/157.096°, Depth: 10
2025/12/02 18:21:25.590997 [Incident:Info:toast@toast-new:Magnitude updated] Magnitude updated: 5.39 (M)
2025/12/02 18:21:25.591176 [Simulation:Info:toast@toast-new:Simulation not generated] Magnitude 5.39 of event bmg2025xoxq is smaller than triggerMinMagnitude: no automatic simulation
2025/12/02 18:21:28.653563 [Incident:Info:toast@toast-new:Origin updated] Origin updated: OT: 2025-12-02 11:10:35,  Lat/Lon: 50.0447°/157.096°, Depth: 10
2025/12/02 18:21:28.653938 [Incident:Info:toast@toast-new:Magnitude updated] Magnitude updated: 5.40 (M)
2025/12/02 18:21:28.654122 [Simulation:Info:toast@toast-new:Simulation not generated] Magnitude 5.40 of event bmg2025xoxq is smaller than triggerMinMagnitude: no automatic simulation
2025/12/02 18:21:33.648589 [Incident:Info:toast@toast-new:Origin updated] Origin updated: OT: 2025-12-02 11:10:35,  Lat/Lon: 50.0447°/157.096°, Depth: 10
2025/12/02 18:21:33.648894 [Incident:Info:toast@toast-new:Magnitude updated] Magnitude updated: 5.39 (M)
2025/12/02 18:21:33.649041 [Simulation:Info:toast@toast-new:Simulation not generated] Magnitude 5.39 of event bmg2025xoxq is smaller than triggerMinMagnitude: no automatic simulation
2025/12/02 18:21:38.664293 [Incident:Info:toast@toast-new:Origin updated] Origin updated: OT: 2025-12-02 11:10:35,  Lat/Lon: 50.0447°/157.096°, Depth: 10
2025/12/02 18:21:38.664710 [Incident:Info:toast@toast-new:Magnitude updated] Magnitude updated: 5.39 (M)
2025/12/02 18:21:38.664982 [Simulation:Info:toast@toast-new:Simulation not generated] Magnitude 5.39 of event bmg2025xoxq is smaller than triggerMinMagnitude: no automatic simulation
2025/12/02 18:21:43.655276 [Incident:Info:toast@toast-new:Origin updated] Origin updated: OT: 2025-12-02 11:10:35,  Lat/Lon: 50.0447°/157.096°, Depth: 10
2025/12/02 18:21:43.655723 [Incident:Info:toast@toast-new:Magnitude updated] Magnitude updated: 5.38 (M)
2025/12/02 18:21:43.655982 [Simulation:Info:toast@toast-new:Simulation not generated] Magnitude 5.38 of event bmg2025xoxq is smaller than triggerMinMagnitude: no automatic simulation
2025/12/02 18:21:44.151769 [Incident:Info:toast@toast-new:Origin updated] Origin updated: OT: 2025-12-02 11:10:36,  Lat/Lon: 50.0551°/157.14°, Depth: 10
2025/12/02 18:21:44.152302 [Incident:Info:toast@toast-new:Magnitude updated] Magnitude updated: 5.38 (M)
2025/12/02 18:21:44.152576 [Simulation:Info:toast@toast-new:Simulation not generated] Magnitude 5.38 of event bmg2025xoxq is smaller than triggerMinMagnitude: no automatic simulation
2025/12/02 18:21:48.657265 [Incident:Info:toast@toast-new:Origin updated] Origin updated: OT: 2025-12-02 11:10:36,  Lat/Lon: 50.0551°/157.14°, Depth: 10
2025/12/02 18:21:48.657724 [Incident:Info:toast@toast-new:Magnitude updated] Magnitude updated: 5.37 (M)
2025/12/02 18:21:48.657936 [Simulation:Info:toast@toast-new:Simulation not generated] Magnitude 5.37 of event bmg2025xoxq is smaller than triggerMinMagnitude: no automatic simulation
2025/12/02 18:21:58.651745 [Incident:Info:toast@toast-new:Origin updated] Origin updated: OT: 2025-12-02 11:10:36,  Lat/Lon: 50.0551°/157.14°, Depth: 10
2025/12/02 18:21:58.652177 [Incident:Info:toast@toast-new:Magnitude updated] Magnitude updated: 5.44 (M)
2025/12/02 18:21:58.652375 [Simulation:Info:toast@toast-new:Simulation not generated] Magnitude 5.44 of event bmg2025xoxq is smaller than triggerMinMagnitude: no automatic simulation
2025/12/02 18:22:03.655377 [Incident:Info:toast@toast-new:Origin updated] Origin updated: OT: 2025-12-02 11:10:36,  Lat/Lon: 50.0551°/157.14°, Depth: 10
2025/12/02 18:22:03.655811 [Incident:Info:toast@toast-new:Magnitude updated] Magnitude updated: 5.44 (M)
2025/12/02 18:22:03.656016 [Simulation:Info:toast@toast-new:Simulation not generated] Magnitude 5.44 of event bmg2025xoxq is smaller than triggerMinMagnitude: no automatic simulation
2025/12/02 18:22:08.656204 [Incident:Info:toast@toast-new:Origin updated] Origin updated: OT: 2025-12-02 11:10:36,  Lat/Lon: 50.0551°/157.14°, Depth: 10
2025/12/02 18:22:08.656669 [Incident:Info:toast@toast-new:Magnitude updated] Magnitude updated: 5.43 (M)
2025/12/02 18:22:08.656890 [Simulation:Info:toast@toast-new:Simulation not generated] Magnitude 5.43 of event bmg2025xoxq is smaller than triggerMinMagnitude: no automatic simulation
2025/12/02 18:22:10.413359 [Incident:Info:toast@toast-new:Origin updated] Origin updated: OT: 2025-12-02 11:10:36,  Lat/Lon: 50.0354°/157.173°, Depth: 10
2025/12/02 18:22:10.413831 [Incident:Info:toast@toast-new:Magnitude updated] Magnitude updated: 5.43 (M)
2025/12/02 18:22:10.414054 [Simulation:Info:toast@toast-new:Simulation not generated] Magnitude 5.43 of event bmg2025xoxq is smaller than triggerMinMagnitude: no automatic simulation
2025/12/02 18:22:23.645262 [Incident:Info:toast@toast-new:Origin updated] Origin updated: OT: 2025-12-02 11:10:36,  Lat/Lon: 50.0354°/157.173°, Depth: 10
2025/12/02 18:22:23.645729 [Incident:Info:toast@toast-new:Magnitude updated] Magnitude updated: 5.47 (M)
2025/12/02 18:22:23.645964 [Simulation:Info:toast@toast-new:Simulation not generated] Magnitude 5.47 of event bmg2025xoxq is smaller than triggerMinMagnitude: no automatic simulation
2025/12/02 18:22:28.311597 [Incident:Info:toast@toast-new:Origin updated] Origin updated: OT: 2025-12-02 11:10:36,  Lat/Lon: 50.0378°/157.16°, Depth: 10
2025/12/02 18:22:28.312152 [Incident:Info:toast@toast-new:Magnitude updated] Magnitude updated: 5.44 (M)
2025/12/02 18:22:28.312420 [Simulation:Info:toast@toast-new:Simulation not generated] Magnitude 5.44 of event bmg2025xoxq is smaller than triggerMinMagnitude: no automatic simulation
2025/12/02 18:22:33.653092 [Incident:Info:toast@toast-new:Origin updated] Origin updated: OT: 2025-12-02 11:10:36,  Lat/Lon: 50.0378°/157.16°, Depth: 10
2025/12/02 18:22:33.653765 [Incident:Info:toast@toast-new:Magnitude updated] Magnitude updated: 5.43 (M)
2025/12/02 18:22:33.654181 [Simulation:Info:toast@toast-new:Simulation not generated] Magnitude 5.43 of event bmg2025xoxq is smaller than triggerMinMagnitude: no automatic simulation
2025/12/02 18:22:53.667191 [Incident:Info:toast@toast-new:Origin updated] Origin updated: OT: 2025-12-02 11:10:36,  Lat/Lon: 50.0378°/157.16°, Depth: 10
2025/12/02 18:22:53.667831 [Incident:Info:toast@toast-new:Magnitude updated] Magnitude updated: 5.49 (M)
2025/12/02 18:22:53.668198 [Simulation:Info:toast@toast-new:Simulation not generated] Magnitude 5.49 of event bmg2025xoxq is smaller than triggerMinMagnitude: no automatic simulation
2025/12/02 18:23:08.661300 [Incident:Info:toast@toast-new:Origin updated] Origin updated: OT: 2025-12-02 11:10:36,  Lat/Lon: 50.0378°/157.16°, Depth: 10
2025/12/02 18:23:08.661862 [Incident:Info:toast@toast-new:Magnitude updated] Magnitude updated: 5.52 (M)
2025/12/02 18:23:08.662158 [Simulation:Info:toast@toast-new:Simulation not generated] Magnitude 5.52 of event bmg2025xoxq is smaller than triggerMinMagnitude: no automatic simulation
2025/12/02 18:23:10.444316 [Incident:Info:toast@toast-new:Origin updated] Origin updated: OT: 2025-12-02 11:10:36,  Lat/Lon: 50.0296°/157.178°, Depth: 10
2025/12/02 18:23:10.444953 [Incident:Info:toast@toast-new:Magnitude updated] Magnitude updated: 5.53 (M)
2025/12/02 18:23:10.445259 [Simulation:Info:toast@toast-new:Simulation not generated] Magnitude 5.53 of event bmg2025xoxq is smaller than triggerMinMagnitude: no automatic simulation
2025/12/02 18:23:57.200192 [Incident:Info:toast@toast-new:Origin updated] Origin updated: OT: 2025-12-02 11:10:36,  Lat/Lon: 50.0554°/157.129°, Depth: 10
2025/12/02 18:23:57.200860 [Incident:Info:toast@toast-new:Magnitude updated] Magnitude updated: 5.51 (M)
2025/12/02 18:23:57.201270 [Simulation:Info:toast@toast-new:Simulation not generated] Magnitude 5.51 of event bmg2025xoxq is smaller than triggerMinMagnitude: no automatic simulation
2025/12/02 18:23:58.662960 [Incident:Info:toast@toast-new:Origin updated] Origin updated: OT: 2025-12-02 11:10:36,  Lat/Lon: 50.0554°/157.129°, Depth: 10
2025/12/02 18:23:58.663540 [Incident:Info:toast@toast-new:Magnitude updated] Magnitude updated: 5.54 (M)
2025/12/02 18:23:58.663878 [Simulation:Info:toast@toast-new:Simulation not generated] Magnitude 5.54 of event bmg2025xoxq is smaller than triggerMinMagnitude: no automatic simulation
2025/12/02 18:24:47.136457 [Incident:Info:toast@toast-new:Origin updated] Origin updated: OT: 2025-12-02 11:10:36,  Lat/Lon: 50.055°/157.129°, Depth: 10
2025/12/02 18:24:47.137062 [Incident:Info:toast@toast-new:Magnitude updated] Magnitude updated: 5.54 (M)
2025/12/02 18:24:47.137365 [Simulation:Info:toast@toast-new:Simulation not generated] Magnitude 5.54 of event bmg2025xoxq is smaller than triggerMinMagnitude: no automatic simulation
2025/12/02 18:26:13.848184 [Incident:Info:toast@toast-new:Origin updated] Origin updated: OT: 2025-12-02 11:10:36,  Lat/Lon: 50.0547°/157.13°, Depth: 10
2025/12/02 18:26:13.848606 [Incident:Info:toast@toast-new:Magnitude updated] Magnitude updated: 5.54 (M)
2025/12/02 18:26:13.848826 [Simulation:Info:toast@toast-new:Simulation not generated] Magnitude 5.54 of event bmg2025xoxq is smaller than triggerMinMagnitude: no automatic simulation
2025/12/02 18:30:32.777025 [Incident:Info:toast@toast-new:Origin updated] Origin updated: OT: 2025-12-02 11:10:36,  Lat/Lon: 50.0547°/157.13°, Depth: 10
2025/12/02 18:30:32.777612 [Simulation:Info:toast@toast-new:Simulation not generated] Magnitude 5.54 of event bmg2025xoxq is smaller than triggerMinMagnitude: no automatic simulation
2025/12/02 18:38:49.594729 [Incident:Info:toast@toast-new:Origin updated] Origin updated: OT: 2025-12-02 11:10:36,  Lat/Lon: 50.0548°/157.133°, Depth: 10
2025/12/02 18:38:49.595396 [Incident:Info:toast@toast-new:Magnitude updated] Magnitude updated: 5.54 (M)
2025/12/02 18:38:49.595748 [Simulation:Info:toast@toast-new:Simulation not generated] Magnitude 5.54 of event bmg2025xoxq is smaller than triggerMinMagnitude: no automatic simulation
2025/12/02 20:29:07.942478 [Incident:Info:toast@toast-new:Origin updated] Origin updated: OT: 2025-12-02 11:10:36,  Lat/Lon: 50.0548°/157.133°, Depth: 10
2025/12/02 20:29:07.943045 [Simulation:Info:toast@toast-new:Simulation not generated] Magnitude 5.54 of event bmg2025xoxq is smaller than triggerMinMagnitude: no automatic simulation
2025/12/02 21:08:41.564783 [Incident:Info:toast@toast-new:Origin updated] Origin updated: OT: 2025-12-02 11:10:36,  Lat/Lon: 50.0548°/157.133°, Depth: 10
2025/12/02 21:08:41.565346 [Incident:Info:toast@toast-new:Magnitude updated] Magnitude updated: 5.54 (M)
2025/12/02 21:08:41.565606 [Simulation:Info:toast@toast-new:Simulation not generated] Magnitude 5.54 of event bmg2025xoxq is smaller than triggerMinMagnitude: no automatic simulation
2025/12/03 01:37:16.102166 [Incident:Info:toast@toast-new:Origin updated] Origin updated: OT: 2025-12-02 11:10:35,  Lat/Lon: 50.0499°/157.132°, Depth: 5
2025/12/03 01:37:16.102905 [Incident:Info:toast@toast-new:Magnitude updated] Magnitude updated: 5.37 (mb)
2025/12/03 01:37:16.103311 [Simulation:Info:toast@toast-new:Simulation not generated] Magnitude 5.37 of event bmg2025xoxq is smaller than triggerMinMagnitude: no automatic simulation
2025/12/03 01:37:16.184976 [Incident:Info:toast@toast-new:Origin updated] Origin updated: OT: 2025-12-02 11:10:35,  Lat/Lon: 50.0499°/157.132°, Depth: 5
2025/12/03 01:37:16.185502 [Incident:Info:toast@toast-new:Magnitude updated] Magnitude updated: 5.54 (M)
2025/12/03 01:37:16.185821 [Simulation:Info:toast@toast-new:Simulation not generated] Magnitude 5.54 of event bmg2025xoxq is smaller than triggerMinMagnitude: no automatic simulation
2025/12/03 01:37:22.107247 [Incident:Info:toast@toast-new:Origin updated] Origin updated: OT: 2025-12-02 11:10:35,  Lat/Lon: 50.0499°/157.132°, Depth: 5
2025/12/03 01:37:22.107957 [Incident:Info:toast@toast-new:Magnitude updated] Magnitude updated: 5.37 (mb)
2025/12/03 01:37:22.108360 [Simulation:Info:toast@toast-new:Simulation not generated] Magnitude 5.37 of event bmg2025xoxq is smaller than triggerMinMagnitude: no automatic simulation
2025/12/05 01:40:05.772497 [Incident:Info:toast@toast-new:Origin updated] Origin updated: OT: 2025-12-02 11:10:38,  Lat/Lon: 50.0725°/157.132°, Depth: 29.198
2025/12/05 01:40:05.772738 [Incident:Info:toast@toast-new:Magnitude updated] Magnitude updated: 5.35 (mb)
2025/12/05 01:40:05.772788 [Simulation:Info:toast@toast-new:Simulation not generated] Magnitude 5.35 of event bmg2025xoxq is smaller than triggerMinMagnitude: no automatic simulation
2025/12/05 01:40:12.172325 [Incident:Info:toast@toast-new:Origin updated] Origin updated: OT: 2025-12-02 11:10:38,  Lat/Lon: 50.0725°/157.132°, Depth: 29.198
2025/12/05 01:40:12.172461 [Simulation:Info:toast@toast-new:Simulation not generated] Magnitude 5.35 of event bmg2025xoxq is smaller than triggerMinMagnitude: no automatic simulation
2025/12/05 01:40:12.226256 [Incident:Info:toast@toast-new:Origin updated] Origin updated: OT: 2025-12-02 11:10:38,  Lat/Lon: 50.0725°/157.132°, Depth: 29.198
2025/12/05 01:40:12.226362 [Simulation:Info:toast@toast-new:Simulation not generated] Magnitude 5.35 of event bmg2025xoxq is smaller than triggerMinMagnitude: no automatic simulation
