2025/10/11 17:29:54.038757 [Incident:Info:toast@toast-new:Displacement(s) updated] Added 0 and changed 0 displacements with 0 amplitudes
2025/10/11 17:29:54.045307 [Incident:Info:toast@toast-new:Incident created] Incident created based on event received from messaging: OT: 2025-10-11 10:27:23,  Lat/Lon: 7.22°/126.85°, Depth: 10.00, Mag: 5.81 (M)
2025/10/11 17:29:54.045971 [Simulation:Info:toast@toast-new:Simulation not generated] Magnitude 5.81 of event bmg2025txwb is smaller than triggerMinMagnitude: no automatic simulation
2025/10/11 17:29:54.065029 [Incident:Info:toast@toast-new:Origin updated] Origin updated: OT: 2025-10-11 10:27:23,  Lat/Lon: 7.21633°/126.848°, Depth: 10
2025/10/11 17:29:54.065164 [Simulation:Info:toast@toast-new:Simulation not generated] Magnitude 5.81 of event bmg2025txwb is smaller than triggerMinMagnitude: no automatic simulation
2025/10/11 17:29:55.176190 [Incident:Info:toast@toast-new:Origin updated] Origin updated: OT: 2025-10-11 10:27:23,  Lat/Lon: 7.21633°/126.848°, Depth: 10
2025/10/11 17:29:55.176362 [Incident:Info:toast@toast-new:Magnitude updated] Magnitude updated: 5.82 (M)
2025/10/11 17:29:55.176394 [Simulation:Info:toast@toast-new:Simulation not generated] Magnitude 5.82 of event bmg2025txwb is smaller than triggerMinMagnitude: no automatic simulation
2025/10/11 17:30:00.300190 [Incident:Info:toast@toast-new:Origin updated] Origin updated: OT: 2025-10-11 10:27:23,  Lat/Lon: 7.21633°/126.848°, Depth: 10
2025/10/11 17:30:00.300363 [Incident:Info:toast@toast-new:Magnitude updated] Magnitude updated: 5.84 (M)
2025/10/11 17:30:00.300394 [Simulation:Info:toast@toast-new:Simulation not generated] Magnitude 5.84 of event bmg2025txwb is smaller than triggerMinMagnitude: no automatic simulation
2025/10/11 17:30:02.634615 [Incident:Info:toast@toast-new:Origin updated] Origin updated: OT: 2025-10-11 10:27:20,  Lat/Lon: 7.58456°/126.998°, Depth: 80.8475
2025/10/11 17:30:02.634803 [Incident:Info:toast@toast-new:Magnitude updated] Magnitude updated: 5.94 (M)
2025/10/11 17:30:02.634839 [Simulation:Info:toast@toast-new:Simulation not generated] Magnitude 5.94 of event bmg2025txwb is smaller than triggerMinMagnitude: no automatic simulation
2025/10/11 17:30:05.326458 [Incident:Info:toast@toast-new:Origin updated] Origin updated: OT: 2025-10-11 10:27:20,  Lat/Lon: 7.58456°/126.998°, Depth: 80.8475
2025/10/11 17:30:05.326613 [Incident:Info:toast@toast-new:Magnitude updated] Magnitude updated: 5.85 (M)
2025/10/11 17:30:05.326657 [Simulation:Info:toast@toast-new:Simulation not generated] Magnitude 5.85 of event bmg2025txwb is smaller than triggerMinMagnitude: no automatic simulation
2025/10/11 17:30:10.324798 [Incident:Info:toast@toast-new:Origin updated] Origin updated: OT: 2025-10-11 10:27:20,  Lat/Lon: 7.58456°/126.998°, Depth: 80.8475
2025/10/11 17:30:10.324967 [Incident:Info:toast@toast-new:Magnitude updated] Magnitude updated: 5.80 (M)
2025/10/11 17:30:10.324997 [Simulation:Info:toast@toast-new:Simulation not generated] Magnitude 5.80 of event bmg2025txwb is smaller than triggerMinMagnitude: no automatic simulation
2025/10/11 17:30:14.131692 [Incident:Info:toast@toast-new:Origin updated] Origin updated: OT: 2025-10-11 10:27:23,  Lat/Lon: 7.11781°/126.884°, Depth: 5
2025/10/11 17:30:14.131882 [Incident:Info:toast@toast-new:Magnitude updated] Magnitude updated: 5.73 (M)
2025/10/11 17:30:14.131922 [Simulation:Info:toast@toast-new:Simulation not generated] Magnitude 5.73 of event bmg2025txwb is smaller than triggerMinMagnitude: no automatic simulation
2025/10/11 17:30:15.247888 [Incident:Info:toast@toast-new:Origin updated] Origin updated: OT: 2025-10-11 10:27:23,  Lat/Lon: 7.11781°/126.884°, Depth: 5
2025/10/11 17:30:15.249526 [Incident:Info:toast@toast-new:Magnitude updated] Magnitude updated: 5.74 (M)
2025/10/11 17:30:15.249561 [Simulation:Info:toast@toast-new:Simulation not generated] Magnitude 5.74 of event bmg2025txwb is smaller than triggerMinMagnitude: no automatic simulation
2025/10/11 17:30:20.340179 [Incident:Info:toast@toast-new:Origin updated] Origin updated: OT: 2025-10-11 10:27:23,  Lat/Lon: 7.11781°/126.884°, Depth: 5
2025/10/11 17:30:20.340351 [Incident:Info:toast@toast-new:Magnitude updated] Magnitude updated: 5.76 (M)
2025/10/11 17:30:20.340398 [Simulation:Info:toast@toast-new:Simulation not generated] Magnitude 5.76 of event bmg2025txwb is smaller than triggerMinMagnitude: no automatic simulation
2025/10/11 17:30:25.331305 [Incident:Info:toast@toast-new:Origin updated] Origin updated: OT: 2025-10-11 10:27:23,  Lat/Lon: 7.11781°/126.884°, Depth: 5
2025/10/11 17:30:25.368002 [Incident:Info:toast@toast-new:Magnitude updated] Magnitude updated: 5.71 (M)
2025/10/11 17:30:25.368117 [Simulation:Info:toast@toast-new:Simulation not generated] Magnitude 5.71 of event bmg2025txwb is smaller than triggerMinMagnitude: no automatic simulation
2025/10/11 17:30:26.610323 [Incident:Info:toast@toast-new:Origin updated] Origin updated: OT: 2025-10-11 10:27:22,  Lat/Lon: 7.23847°/126.853°, Depth: 10.7349
2025/10/11 17:30:26.610522 [Incident:Info:toast@toast-new:Magnitude updated] Magnitude updated: 5.88 (Mw(mB))
2025/10/11 17:30:26.610567 [Simulation:Info:toast@toast-new:Simulation not generated] Magnitude 5.88 of event bmg2025txwb is smaller than triggerMinMagnitude: no automatic simulation
2025/10/11 17:30:26.779170 [Incident:Info:toast@toast-new:Origin updated] Origin updated: OT: 2025-10-11 10:27:22,  Lat/Lon: 7.23847°/126.853°, Depth: 10.7349
2025/10/11 17:30:26.779345 [Incident:Info:toast@toast-new:Magnitude updated] Magnitude updated: 5.90 (Mw(mB))
2025/10/11 17:30:26.779389 [Simulation:Info:toast@toast-new:Simulation not generated] Magnitude 5.90 of event bmg2025txwb is smaller than triggerMinMagnitude: no automatic simulation
2025/10/11 17:31:40.050158 [Incident:Info:toast@toast-new:Origin updated] Origin updated: OT: 2025-10-11 10:27:23,  Lat/Lon: 7.14883°/126.913°, Depth: 12.1829
2025/10/11 17:31:40.050367 [Incident:Info:toast@toast-new:Magnitude updated] Magnitude updated: 6.02 (mb)
2025/10/11 17:31:40.050425 [Simulation:Info:toast@toast-new:Simulation not generated] Magnitude 6.02 of event bmg2025txwb is smaller than triggerMinMagnitude: no automatic simulation
2025/10/11 17:31:40.224273 [Incident:Info:toast@toast-new:Origin updated] Origin updated: OT: 2025-10-11 10:27:23,  Lat/Lon: 7.14883°/126.913°, Depth: 12.1829
2025/10/11 17:31:40.224447 [Incident:Info:toast@toast-new:Magnitude updated] Magnitude updated: 5.68 (M)
2025/10/11 17:31:40.224510 [Simulation:Info:toast@toast-new:Simulation not generated] Magnitude 5.68 of event bmg2025txwb is smaller than triggerMinMagnitude: no automatic simulation
2025/10/11 17:31:43.394335 [Incident:Info:toast@toast-new:Origin updated] Origin updated: OT: 2025-10-11 10:27:23,  Lat/Lon: 7.14883°/126.913°, Depth: 12.1829
2025/10/11 17:31:43.394537 [Incident:Info:toast@toast-new:Magnitude updated] Magnitude updated: 5.69 (M)
2025/10/11 17:31:43.394585 [Simulation:Info:toast@toast-new:Simulation not generated] Magnitude 5.69 of event bmg2025txwb is smaller than triggerMinMagnitude: no automatic simulation
2025/10/11 17:31:45.382195 [Incident:Info:toast@toast-new:Origin updated] Origin updated: OT: 2025-10-11 10:27:23,  Lat/Lon: 7.14883°/126.913°, Depth: 12.1829
2025/10/11 17:31:45.382380 [Incident:Info:toast@toast-new:Magnitude updated] Magnitude updated: 5.69 (M)
2025/10/11 17:31:45.382418 [Simulation:Info:toast@toast-new:Simulation not generated] Magnitude 5.69 of event bmg2025txwb is smaller than triggerMinMagnitude: no automatic simulation
2025/10/11 17:31:55.398452 [Incident:Info:toast@toast-new:Origin updated] Origin updated: OT: 2025-10-11 10:27:23,  Lat/Lon: 7.14883°/126.913°, Depth: 12.1829
2025/10/11 17:31:55.398628 [Incident:Info:toast@toast-new:Magnitude updated] Magnitude updated: 5.69 (M)
2025/10/11 17:31:55.398661 [Simulation:Info:toast@toast-new:Simulation not generated] Magnitude 5.69 of event bmg2025txwb is smaller than triggerMinMagnitude: no automatic simulation
2025/10/11 17:32:20.386247 [Incident:Info:toast@toast-new:Origin updated] Origin updated: OT: 2025-10-11 10:27:23,  Lat/Lon: 7.14883°/126.913°, Depth: 12.1829
2025/10/11 17:32:20.386454 [Incident:Info:toast@toast-new:Magnitude updated] Magnitude updated: 5.69 (M)
2025/10/11 17:32:20.386494 [Simulation:Info:toast@toast-new:Simulation not generated] Magnitude 5.69 of event bmg2025txwb is smaller than triggerMinMagnitude: no automatic simulation
2025/10/11 17:32:36.188909 [Incident:Info:toast@toast-new:Origin updated] Origin updated: OT: 2025-10-11 10:27:24,  Lat/Lon: 7.17104°/126.94°, Depth: 19.9539
2025/10/11 17:32:36.189121 [Incident:Info:toast@toast-new:Magnitude updated] Magnitude updated: 5.48 (Mw(mB))
2025/10/11 17:32:36.189169 [Simulation:Info:toast@toast-new:Simulation not generated] Magnitude 5.48 of event bmg2025txwb is smaller than triggerMinMagnitude: no automatic simulation
2025/10/11 17:32:40.571929 [Incident:Info:toast@toast-new:Origin updated] Origin updated: OT: 2025-10-11 10:27:24,  Lat/Lon: 7.17104°/126.94°, Depth: 19.9539
2025/10/11 17:32:40.572105 [Incident:Info:toast@toast-new:Magnitude updated] Magnitude updated: 5.50 (Mw(mB))
2025/10/11 17:32:40.572140 [Simulation:Info:toast@toast-new:Simulation not generated] Magnitude 5.50 of event bmg2025txwb is smaller than triggerMinMagnitude: no automatic simulation
2025/10/11 17:34:07.104424 [Incident:Info:toast@toast-new:Origin updated] Origin updated: OT: 2025-10-11 10:27:24,  Lat/Lon: 7.17104°/126.94°, Depth: 19.9539
2025/10/11 17:34:07.104606 [Incident:Info:toast@toast-new:FM updated] FM updated
2025/10/11 17:34:07.104843 [Simulation:Info:toast@toast-new:Simulation not generated] Magnitude 5.50 of event bmg2025txwb is smaller than triggerMinMagnitude: no automatic simulation
2025/10/11 17:34:17.131140 [Incident:Info:toast@toast-new:Origin updated] Origin updated: OT: 2025-10-11 10:27:24,  Lat/Lon: 7.17104°/126.94°, Depth: 19.9539
2025/10/11 17:34:17.131327 [Incident:Info:toast@toast-new:FM updated] FM updated
2025/10/11 17:34:17.131566 [Simulation:Info:toast@toast-new:Simulation not generated] Magnitude 5.50 of event bmg2025txwb is smaller than triggerMinMagnitude: no automatic simulation
2025/10/11 17:34:27.336524 [Incident:Info:toast@toast-new:Origin updated] Origin updated: OT: 2025-10-11 10:27:24,  Lat/Lon: 7.17104°/126.94°, Depth: 19.9539
2025/10/11 17:34:27.336716 [Incident:Info:toast@toast-new:FM updated] FM updated
2025/10/11 17:34:27.336976 [Simulation:Info:toast@toast-new:Simulation not generated] Magnitude 5.50 of event bmg2025txwb is smaller than triggerMinMagnitude: no automatic simulation
2025/10/11 17:35:07.382466 [Incident:Info:toast@toast-new:Origin updated] Origin updated: OT: 2025-10-11 10:27:27,  Lat/Lon: 7.0688°/126.937°, Depth: 63.3763
2025/10/11 17:35:07.382675 [Incident:Info:toast@toast-new:Magnitude updated] Magnitude updated: 5.40 (Mw(mB))
2025/10/11 17:35:07.382722 [Simulation:Info:toast@toast-new:Simulation not generated] Magnitude 5.40 of event bmg2025txwb is smaller than triggerMinMagnitude: no automatic simulation
2025/10/11 17:35:17.376643 [Incident:Info:toast@toast-new:Origin updated] Origin updated: OT: 2025-10-11 10:27:27,  Lat/Lon: 7.0688°/126.937°, Depth: 63.3763
2025/10/11 17:35:17.376844 [Incident:Info:toast@toast-new:FM updated] FM updated
2025/10/11 17:35:17.377149 [Simulation:Info:toast@toast-new:Simulation not generated] Magnitude 5.40 of event bmg2025txwb is smaller than triggerMinMagnitude: no automatic simulation
2025/10/11 17:35:27.236278 [Incident:Info:toast@toast-new:Origin updated] Origin updated: OT: 2025-10-11 10:27:27,  Lat/Lon: 7.0688°/126.937°, Depth: 63.3763
2025/10/11 17:35:27.236523 [Simulation:Info:toast@toast-new:Simulation not generated] Magnitude 5.40 of event bmg2025txwb is smaller than triggerMinMagnitude: no automatic simulation
2025/10/11 17:35:37.304619 [Incident:Info:toast@toast-new:Origin updated] Origin updated: OT: 2025-10-11 10:27:27,  Lat/Lon: 7.0688°/126.937°, Depth: 63.3763
2025/10/11 17:35:37.304810 [Incident:Info:toast@toast-new:FM updated] FM updated
2025/10/11 17:35:37.305061 [Simulation:Info:toast@toast-new:Simulation not generated] Magnitude 5.40 of event bmg2025txwb is smaller than triggerMinMagnitude: no automatic simulation
2025/10/11 17:35:47.490910 [Incident:Info:toast@toast-new:Origin updated] Origin updated: OT: 2025-10-11 10:27:27,  Lat/Lon: 7.0688°/126.937°, Depth: 63.3763
2025/10/11 17:35:47.491088 [Incident:Info:toast@toast-new:FM updated] FM updated
2025/10/11 17:35:47.491348 [Simulation:Info:toast@toast-new:Simulation not generated] Magnitude 5.40 of event bmg2025txwb is smaller than triggerMinMagnitude: no automatic simulation
2025/10/11 17:36:07.318000 [Incident:Info:toast@toast-new:Origin updated] Origin updated: OT: 2025-10-11 10:27:27,  Lat/Lon: 7.0688°/126.937°, Depth: 63.3763
2025/10/11 17:36:07.318204 [Simulation:Info:toast@toast-new:Simulation not generated] Magnitude 5.40 of event bmg2025txwb is smaller than triggerMinMagnitude: no automatic simulation
2025/10/11 17:36:17.411215 [Incident:Info:toast@toast-new:Origin updated] Origin updated: OT: 2025-10-11 10:27:27,  Lat/Lon: 7.0688°/126.937°, Depth: 63.3763
2025/10/11 17:36:17.411423 [Incident:Info:toast@toast-new:FM updated] FM updated
2025/10/11 17:36:17.411698 [Simulation:Info:toast@toast-new:Simulation not generated] Magnitude 5.40 of event bmg2025txwb is smaller than triggerMinMagnitude: no automatic simulation
2025/10/11 17:36:27.642905 [Incident:Info:toast@toast-new:Origin updated] Origin updated: OT: 2025-10-11 10:27:27,  Lat/Lon: 7.0688°/126.937°, Depth: 63.3763
2025/10/11 17:36:27.643091 [Incident:Info:toast@toast-new:FM updated] FM updated
2025/10/11 17:36:27.643354 [Simulation:Info:toast@toast-new:Simulation not generated] Magnitude 5.40 of event bmg2025txwb is smaller than triggerMinMagnitude: no automatic simulation
2025/10/11 17:36:47.712827 [Incident:Info:toast@toast-new:Origin updated] Origin updated: OT: 2025-10-11 10:27:27,  Lat/Lon: 7.0688°/126.937°, Depth: 63.3763
2025/10/11 17:36:47.713013 [Incident:Info:toast@toast-new:FM updated] FM updated
2025/10/11 17:36:47.713265 [Simulation:Info:toast@toast-new:Simulation not generated] Magnitude 5.40 of event bmg2025txwb is smaller than triggerMinMagnitude: no automatic simulation
2025/10/11 17:36:57.473630 [Incident:Info:toast@toast-new:Origin updated] Origin updated: OT: 2025-10-11 10:27:27,  Lat/Lon: 7.0688°/126.937°, Depth: 63.3763
2025/10/11 17:36:57.473825 [Incident:Info:toast@toast-new:FM updated] FM updated
2025/10/11 17:36:57.474078 [Simulation:Info:toast@toast-new:Simulation not generated] Magnitude 5.40 of event bmg2025txwb is smaller than triggerMinMagnitude: no automatic simulation
2025/10/11 23:20:20.607373 [Incident:Info:toast@toast-new:Origin updated] Origin updated: OT: 2025-10-11 10:27:25,  Lat/Lon: 7.23661°/126.908°, Depth: 70.4394
2025/10/11 23:20:20.607562 [Incident:Info:toast@toast-new:Magnitude updated] Magnitude updated: 5.43 (Mw(mB))
2025/10/11 23:20:20.607597 [Simulation:Info:toast@toast-new:Simulation not generated] Magnitude 5.43 of event bmg2025txwb is smaller than triggerMinMagnitude: no automatic simulation
2025/10/11 23:20:26.406973 [Incident:Info:toast@toast-new:Origin updated] Origin updated: OT: 2025-10-11 10:27:25,  Lat/Lon: 7.23661°/126.908°, Depth: 70.4394
2025/10/11 23:20:26.407192 [Incident:Info:toast@toast-new:Magnitude updated] Magnitude updated: 5.68 (mb)
2025/10/11 23:20:26.407286 [Simulation:Info:toast@toast-new:Simulation not generated] Magnitude 5.68 of event bmg2025txwb is smaller than triggerMinMagnitude: no automatic simulation
2025/10/12 01:08:30.187083 [Incident:Info:toast@toast-new:Origin updated] Origin updated: OT: 2025-10-11 10:27:25,  Lat/Lon: 7.23661°/126.908°, Depth: 70.4394
2025/10/12 01:08:30.187426 [Incident:Info:toast@toast-new:FM updated] FM updated
2025/10/12 01:08:30.187680 [Simulation:Info:toast@toast-new:Simulation not generated] Magnitude 5.68 of event bmg2025txwb is smaller than triggerMinMagnitude: no automatic simulation
2025/10/18 22:07:48.013399 [Incident:Info:toast@toast-new:Origin updated] Origin updated: OT: 2025-10-11 10:27:25,  Lat/Lon: 7.23662°/126.908°, Depth: 70.4386
2025/10/18 22:07:48.014775 [Incident:Info:toast@toast-new:Magnitude updated] Magnitude updated: 5.68 (mb)
2025/10/18 22:07:48.014840 [Simulation:Info:toast@toast-new:Simulation not generated] Magnitude 5.68 of event bmg2025txwb is smaller than triggerMinMagnitude: no automatic simulation
2025/10/18 22:07:48.082431 [Incident:Info:toast@toast-new:Origin updated] Origin updated: OT: 2025-10-11 10:27:25,  Lat/Lon: 7.23662°/126.908°, Depth: 70.4386
2025/10/18 22:07:48.082567 [Incident:Info:toast@toast-new:Magnitude updated] Magnitude updated: 5.43 (Mw(mB))
2025/10/18 22:07:48.082606 [Simulation:Info:toast@toast-new:Simulation not generated] Magnitude 5.43 of event bmg2025txwb is smaller than triggerMinMagnitude: no automatic simulation
2025/10/18 22:07:52.699593 [Incident:Info:toast@toast-new:Origin updated] Origin updated: OT: 2025-10-11 10:27:25,  Lat/Lon: 7.23662°/126.908°, Depth: 70.4386
2025/10/18 22:07:52.699763 [Simulation:Info:toast@toast-new:Simulation not generated] Magnitude 5.43 of event bmg2025txwb is smaller than triggerMinMagnitude: no automatic simulation
2025/10/18 22:07:52.722589 [Incident:Info:toast@toast-new:Origin updated] Origin updated: OT: 2025-10-11 10:27:25,  Lat/Lon: 7.23662°/126.908°, Depth: 70.4386
2025/10/18 22:07:52.722702 [Incident:Info:toast@toast-new:Magnitude updated] Magnitude updated: 5.47 (Mw)
2025/10/18 22:07:52.722755 [Simulation:Info:toast@toast-new:Simulation not generated] Magnitude 5.47 of event bmg2025txwb is smaller than triggerMinMagnitude: no automatic simulation
