2025/10/03 13:28:13.568601 [Incident:Info:toast@toast-new:Displacement(s) updated] Added 0 and changed 0 displacements with 0 amplitudes
2025/10/03 13:28:13.571351 [Incident:Info:toast@toast-new:Incident created] Incident created based on event received from messaging: OT: 2025-10-03 06:16:37,  Lat/Lon: 52.05°/159.93°, Depth: 10.00, Mag: 5.05 (M)
2025/10/03 13:28:13.571967 [Simulation:Info:toast@toast-new:Simulation not generated] Magnitude 5.05 of event bmg2025tixt is smaller than triggerMinMagnitude: no automatic simulation
2025/10/03 13:28:13.592624 [Incident:Info:toast@toast-new:Origin updated] Origin updated: OT: 2025-10-03 06:16:37,  Lat/Lon: 52.0477°/159.934°, Depth: 10
2025/10/03 13:28:13.592786 [Simulation:Info:toast@toast-new:Simulation not generated] Magnitude 5.05 of event bmg2025tixt is smaller than triggerMinMagnitude: no automatic simulation
2025/10/03 13:28:20.205000 [Incident:Info:toast@toast-new:Origin updated] Origin updated: OT: 2025-10-03 06:16:37,  Lat/Lon: 52.0477°/159.934°, Depth: 10
2025/10/03 13:28:20.205200 [Incident:Info:toast@toast-new:Magnitude updated] Magnitude updated: 5.08 (M)
2025/10/03 13:28:20.205245 [Simulation:Info:toast@toast-new:Simulation not generated] Magnitude 5.08 of event bmg2025tixt is smaller than triggerMinMagnitude: no automatic simulation
2025/10/03 13:28:24.911610 [Incident:Info:toast@toast-new:Origin updated] Origin updated: OT: 2025-10-03 06:16:37,  Lat/Lon: 52.0477°/159.934°, Depth: 10
2025/10/03 13:28:24.911779 [Incident:Info:toast@toast-new:Magnitude updated] Magnitude updated: 5.12 (M)
2025/10/03 13:28:24.911813 [Simulation:Info:toast@toast-new:Simulation not generated] Magnitude 5.12 of event bmg2025tixt is smaller than triggerMinMagnitude: no automatic simulation
2025/10/03 13:28:24.934682 [Incident:Info:toast@toast-new:Origin updated] Origin updated: OT: 2025-10-03 06:16:37,  Lat/Lon: 52.0379°/159.935°, Depth: 10
2025/10/03 13:28:24.934807 [Incident:Info:toast@toast-new:Magnitude updated] Magnitude updated: 5.13 (M)
2025/10/03 13:28:24.934832 [Simulation:Info:toast@toast-new:Simulation not generated] Magnitude 5.13 of event bmg2025tixt is smaller than triggerMinMagnitude: no automatic simulation
2025/10/03 13:28:30.217994 [Incident:Info:toast@toast-new:Origin updated] Origin updated: OT: 2025-10-03 06:16:37,  Lat/Lon: 52.0379°/159.935°, Depth: 10
2025/10/03 13:28:30.218192 [Incident:Info:toast@toast-new:Magnitude updated] Magnitude updated: 5.11 (M)
2025/10/03 13:28:30.218241 [Simulation:Info:toast@toast-new:Simulation not generated] Magnitude 5.11 of event bmg2025tixt is smaller than triggerMinMagnitude: no automatic simulation
2025/10/03 13:28:38.183347 [Incident:Info:toast@toast-new:Origin updated] Origin updated: OT: 2025-10-03 06:16:37,  Lat/Lon: 52.0401°/159.96°, Depth: 10
2025/10/03 13:28:38.183534 [Incident:Info:toast@toast-new:Magnitude updated] Magnitude updated: 5.12 (M)
2025/10/03 13:28:38.183574 [Simulation:Info:toast@toast-new:Simulation not generated] Magnitude 5.12 of event bmg2025tixt is smaller than triggerMinMagnitude: no automatic simulation
2025/10/03 13:28:45.229069 [Incident:Info:toast@toast-new:Origin updated] Origin updated: OT: 2025-10-03 06:16:37,  Lat/Lon: 52.0401°/159.96°, Depth: 10
2025/10/03 13:28:45.229236 [Incident:Info:toast@toast-new:Magnitude updated] Magnitude updated: 5.13 (M)
2025/10/03 13:28:45.229269 [Simulation:Info:toast@toast-new:Simulation not generated] Magnitude 5.13 of event bmg2025tixt is smaller than triggerMinMagnitude: no automatic simulation
2025/10/03 13:28:50.220346 [Incident:Info:toast@toast-new:Origin updated] Origin updated: OT: 2025-10-03 06:16:37,  Lat/Lon: 52.0401°/159.96°, Depth: 10
2025/10/03 13:28:50.220510 [Incident:Info:toast@toast-new:Magnitude updated] Magnitude updated: 5.15 (M)
2025/10/03 13:28:50.220550 [Simulation:Info:toast@toast-new:Simulation not generated] Magnitude 5.15 of event bmg2025tixt is smaller than triggerMinMagnitude: no automatic simulation
2025/10/03 13:29:00.206258 [Incident:Info:toast@toast-new:Origin updated] Origin updated: OT: 2025-10-03 06:16:37,  Lat/Lon: 52.0401°/159.96°, Depth: 10
2025/10/03 13:29:00.206454 [Incident:Info:toast@toast-new:Magnitude updated] Magnitude updated: 5.17 (M)
2025/10/03 13:29:00.206512 [Simulation:Info:toast@toast-new:Simulation not generated] Magnitude 5.17 of event bmg2025tixt is smaller than triggerMinMagnitude: no automatic simulation
2025/10/03 13:29:23.365632 [Incident:Info:toast@toast-new:Origin updated] Origin updated: OT: 2025-10-03 06:16:37,  Lat/Lon: 52.0478°/159.971°, Depth: 10
2025/10/03 13:29:23.365801 [Incident:Info:toast@toast-new:Magnitude updated] Magnitude updated: 5.18 (M)
2025/10/03 13:29:23.365835 [Simulation:Info:toast@toast-new:Simulation not generated] Magnitude 5.18 of event bmg2025tixt is smaller than triggerMinMagnitude: no automatic simulation
2025/10/03 13:29:39.169090 [Incident:Info:toast@toast-new:Origin updated] Origin updated: OT: 2025-10-03 06:16:37,  Lat/Lon: 52.0619°/159.952°, Depth: 10
2025/10/03 13:29:39.169272 [Incident:Info:toast@toast-new:Magnitude updated] Magnitude updated: 5.17 (M)
2025/10/03 13:29:39.169302 [Simulation:Info:toast@toast-new:Simulation not generated] Magnitude 5.17 of event bmg2025tixt is smaller than triggerMinMagnitude: no automatic simulation
2025/10/03 13:29:55.208953 [Incident:Info:toast@toast-new:Origin updated] Origin updated: OT: 2025-10-03 06:16:37,  Lat/Lon: 52.0619°/159.952°, Depth: 10
2025/10/03 13:29:55.209147 [Incident:Info:toast@toast-new:Magnitude updated] Magnitude updated: 5.19 (M)
2025/10/03 13:29:55.209192 [Simulation:Info:toast@toast-new:Simulation not generated] Magnitude 5.19 of event bmg2025tixt is smaller than triggerMinMagnitude: no automatic simulation
2025/10/03 13:30:06.141043 [Incident:Info:toast@toast-new:Origin updated] Origin updated: OT: 2025-10-03 06:16:37,  Lat/Lon: 52.0658°/159.948°, Depth: 10
2025/10/03 13:30:06.141230 [Incident:Info:toast@toast-new:Magnitude updated] Magnitude updated: 5.20 (M)
2025/10/03 13:30:06.141266 [Simulation:Info:toast@toast-new:Simulation not generated] Magnitude 5.20 of event bmg2025tixt is smaller than triggerMinMagnitude: no automatic simulation
2025/10/03 13:30:24.941097 [Incident:Info:toast@toast-new:Origin updated] Origin updated: OT: 2025-10-03 06:16:37,  Lat/Lon: 52.0709°/159.938°, Depth: 10
2025/10/03 13:30:24.941277 [Incident:Info:toast@toast-new:Magnitude updated] Magnitude updated: 5.20 (M)
2025/10/03 13:30:24.941313 [Simulation:Info:toast@toast-new:Simulation not generated] Magnitude 5.20 of event bmg2025tixt is smaller than triggerMinMagnitude: no automatic simulation
2025/10/03 13:30:30.220963 [Incident:Info:toast@toast-new:Origin updated] Origin updated: OT: 2025-10-03 06:16:37,  Lat/Lon: 52.0709°/159.938°, Depth: 10
2025/10/03 13:30:30.221126 [Incident:Info:toast@toast-new:Magnitude updated] Magnitude updated: 5.22 (M)
2025/10/03 13:30:30.221158 [Simulation:Info:toast@toast-new:Simulation not generated] Magnitude 5.22 of event bmg2025tixt is smaller than triggerMinMagnitude: no automatic simulation
2025/10/03 13:33:01.308300 [Incident:Info:toast@toast-new:Origin updated] Origin updated: OT: 2025-10-03 06:16:45,  Lat/Lon: 52.3372°/159.922°, Depth: 67.7997
2025/10/03 13:33:01.308521 [Incident:Info:toast@toast-new:Magnitude updated] Magnitude updated: 5.22 (mb)
2025/10/03 13:33:01.308569 [Simulation:Info:toast@toast-new:Simulation not generated] Magnitude 5.22 of event bmg2025tixt is smaller than triggerMinMagnitude: no automatic simulation
2025/10/03 13:33:05.192564 [Incident:Info:toast@toast-new:Origin updated] Origin updated: OT: 2025-10-03 06:16:45,  Lat/Lon: 52.3372°/159.922°, Depth: 67.7997
2025/10/03 13:33:05.192774 [Incident:Info:toast@toast-new:Magnitude updated] Magnitude updated: 5.37 (M)
2025/10/03 13:33:05.192854 [Simulation:Info:toast@toast-new:Simulation not generated] Magnitude 5.37 of event bmg2025tixt is smaller than triggerMinMagnitude: no automatic simulation
2025/10/03 13:33:50.083717 [Incident:Info:toast@toast-new:Origin updated] Origin updated: OT: 2025-10-03 06:16:45,  Lat/Lon: 52.3207°/159.951°, Depth: 63.9247
2025/10/03 13:33:50.083908 [Incident:Info:toast@toast-new:Magnitude updated] Magnitude updated: 5.24 (mb)
2025/10/03 13:33:50.083976 [Simulation:Info:toast@toast-new:Simulation not generated] Magnitude 5.24 of event bmg2025tixt is smaller than triggerMinMagnitude: no automatic simulation
2025/10/03 13:33:51.638302 [Incident:Info:toast@toast-new:Origin updated] Origin updated: OT: 2025-10-03 06:16:45,  Lat/Lon: 52.3207°/159.951°, Depth: 63.9247
2025/10/03 13:33:51.638483 [Incident:Info:toast@toast-new:Magnitude updated] Magnitude updated: 5.48 (M)
2025/10/03 13:33:51.638541 [Simulation:Info:toast@toast-new:Simulation not generated] Magnitude 5.48 of event bmg2025tixt is smaller than triggerMinMagnitude: no automatic simulation
2025/10/03 13:34:01.515994 [Incident:Info:toast@toast-new:Origin updated] Origin updated: OT: 2025-10-03 06:16:45,  Lat/Lon: 52.3207°/159.951°, Depth: 63.9247
2025/10/03 13:34:01.516183 [Incident:Info:toast@toast-new:Magnitude updated] Magnitude updated: 5.24 (mb)
2025/10/03 13:34:01.516233 [Simulation:Info:toast@toast-new:Simulation not generated] Magnitude 5.24 of event bmg2025tixt is smaller than triggerMinMagnitude: no automatic simulation
2025/10/03 13:35:17.387606 [Incident:Info:toast@toast-new:Origin updated] Origin updated: OT: 2025-10-03 06:16:45,  Lat/Lon: 52.3152°/159.955°, Depth: 63.3906
2025/10/03 13:35:17.387819 [Incident:Info:toast@toast-new:Magnitude updated] Magnitude updated: 5.26 (mb)
2025/10/03 13:35:17.387867 [Simulation:Info:toast@toast-new:Simulation not generated] Magnitude 5.26 of event bmg2025tixt is smaller than triggerMinMagnitude: no automatic simulation
2025/10/03 13:35:45.484199 [Incident:Info:toast@toast-new:Origin updated] Origin updated: OT: 2025-10-03 06:16:44,  Lat/Lon: 52.3025°/159.991°, Depth: 58.6365
2025/10/03 13:35:45.484396 [Incident:Info:toast@toast-new:Magnitude updated] Magnitude updated: 5.26 (mb)
2025/10/03 13:35:45.484433 [Simulation:Info:toast@toast-new:Simulation not generated] Magnitude 5.26 of event bmg2025tixt is smaller than triggerMinMagnitude: no automatic simulation
2025/10/05 17:59:05.099279 [Incident:Info:toast@toast-new:Origin updated] Origin updated: OT: 2025-10-03 06:16:45,  Lat/Lon: 52.4281°/159.745°, Depth: 70.4709
2025/10/05 17:59:05.099801 [Incident:Info:toast@toast-new:Magnitude updated] Magnitude updated: 5.25 (mb)
2025/10/05 17:59:05.100051 [Simulation:Info:toast@toast-new:Simulation not generated] Magnitude 5.25 of event bmg2025tixt is smaller than triggerMinMagnitude: no automatic simulation
2025/10/05 17:59:05.165646 [Incident:Info:toast@toast-new:Origin updated] Origin updated: OT: 2025-10-03 06:16:45,  Lat/Lon: 52.4281°/159.745°, Depth: 70.4709
2025/10/05 17:59:05.166012 [Simulation:Info:toast@toast-new:Simulation not generated] Magnitude 5.25 of event bmg2025tixt is smaller than triggerMinMagnitude: no automatic simulation
2025/10/09 23:26:40.841621 [Incident:Info:toast@toast-new:Incident removed] Removed incident - Bye
