2025/10/10 20:16:24.000806 [Incident:Info:toast@toast-new:Displacement(s) updated] Added 0 and changed 0 displacements with 0 amplitudes
2025/10/10 20:16:24.002398 [Incident:Info:toast@toast-new:Incident created] Incident created based on event received from messaging: OT: 2025-10-10 13:13:32,  Lat/Lon: 7.59°/127.39°, Depth: 10.00, Mag: 5.15 (M)
2025/10/10 20:16:24.002925 [Simulation:Info:toast@toast-new:Simulation not generated] Magnitude 5.15 of event bmg2025twgb is smaller than triggerMinMagnitude: no automatic simulation
2025/10/10 20:16:24.019430 [Incident:Info:toast@toast-new:Origin updated] Origin updated: OT: 2025-10-10 13:13:32,  Lat/Lon: 7.59343°/127.392°, Depth: 10
2025/10/10 20:16:24.019570 [Simulation:Info:toast@toast-new:Simulation not generated] Magnitude 5.15 of event bmg2025twgb is smaller than triggerMinMagnitude: no automatic simulation
2025/10/10 20:16:25.208407 [Incident:Info:toast@toast-new:Origin updated] Origin updated: OT: 2025-10-10 13:13:32,  Lat/Lon: 7.59343°/127.392°, Depth: 10
2025/10/10 20:16:25.208599 [Incident:Info:toast@toast-new:Magnitude updated] Magnitude updated: 5.15 (M)
2025/10/10 20:16:25.208641 [Simulation:Info:toast@toast-new:Simulation not generated] Magnitude 5.15 of event bmg2025twgb is smaller than triggerMinMagnitude: no automatic simulation
2025/10/10 20:16:30.322876 [Incident:Info:toast@toast-new:Origin updated] Origin updated: OT: 2025-10-10 13:13:32,  Lat/Lon: 7.59343°/127.392°, Depth: 10
2025/10/10 20:16:30.323059 [Incident:Info:toast@toast-new:Magnitude updated] Magnitude updated: 5.17 (M)
2025/10/10 20:16:30.323099 [Simulation:Info:toast@toast-new:Simulation not generated] Magnitude 5.17 of event bmg2025twgb is smaller than triggerMinMagnitude: no automatic simulation
2025/10/10 20:16:33.660619 [Incident:Info:toast@toast-new:Origin updated] Origin updated: OT: 2025-10-10 13:13:33,  Lat/Lon: 7.4664°/127.446°, Depth: 10
2025/10/10 20:16:33.660825 [Incident:Info:toast@toast-new:Magnitude updated] Magnitude updated: 5.13 (M)
2025/10/10 20:16:33.660872 [Simulation:Info:toast@toast-new:Simulation not generated] Magnitude 5.13 of event bmg2025twgb is smaller than triggerMinMagnitude: no automatic simulation
2025/10/10 20:16:35.341524 [Incident:Info:toast@toast-new:Origin updated] Origin updated: OT: 2025-10-10 13:13:33,  Lat/Lon: 7.4664°/127.446°, Depth: 10
2025/10/10 20:16:35.341702 [Incident:Info:toast@toast-new:Magnitude updated] Magnitude updated: 5.14 (M)
2025/10/10 20:16:35.341742 [Simulation:Info:toast@toast-new:Simulation not generated] Magnitude 5.14 of event bmg2025twgb is smaller than triggerMinMagnitude: no automatic simulation
2025/10/10 20:16:40.327730 [Incident:Info:toast@toast-new:Origin updated] Origin updated: OT: 2025-10-10 13:13:33,  Lat/Lon: 7.4664°/127.446°, Depth: 10
2025/10/10 20:16:40.327912 [Incident:Info:toast@toast-new:Magnitude updated] Magnitude updated: 5.14 (M)
2025/10/10 20:16:40.327953 [Simulation:Info:toast@toast-new:Simulation not generated] Magnitude 5.14 of event bmg2025twgb is smaller than triggerMinMagnitude: no automatic simulation
2025/10/10 20:16:45.290585 [Incident:Info:toast@toast-new:Origin updated] Origin updated: OT: 2025-10-10 13:13:35,  Lat/Lon: 7.33507°/127.382°, Depth: 10
2025/10/10 20:16:45.290761 [Incident:Info:toast@toast-new:Magnitude updated] Magnitude updated: 5.12 (M)
2025/10/10 20:16:45.290803 [Simulation:Info:toast@toast-new:Simulation not generated] Magnitude 5.12 of event bmg2025twgb is smaller than triggerMinMagnitude: no automatic simulation
2025/10/10 20:16:50.287831 [Incident:Info:toast@toast-new:Origin updated] Origin updated: OT: 2025-10-10 13:13:35,  Lat/Lon: 7.33507°/127.382°, Depth: 10
2025/10/10 20:16:50.288015 [Incident:Info:toast@toast-new:Magnitude updated] Magnitude updated: 5.12 (M)
2025/10/10 20:16:50.288055 [Simulation:Info:toast@toast-new:Simulation not generated] Magnitude 5.12 of event bmg2025twgb is smaller than triggerMinMagnitude: no automatic simulation
2025/10/10 20:16:59.541081 [Incident:Info:toast@toast-new:Origin updated] Origin updated: OT: 2025-10-10 13:13:35,  Lat/Lon: 7.33507°/127.382°, Depth: 10
2025/10/10 20:16:59.541298 [Incident:Info:toast@toast-new:Magnitude updated] Magnitude updated: 5.12 (M)
2025/10/10 20:16:59.541343 [Simulation:Info:toast@toast-new:Simulation not generated] Magnitude 5.12 of event bmg2025twgb is smaller than triggerMinMagnitude: no automatic simulation
2025/10/10 20:16:59.576093 [Incident:Info:toast@toast-new:Origin updated] Origin updated: OT: 2025-10-10 13:13:38,  Lat/Lon: 7.19773°/127.258°, Depth: 10
2025/10/10 20:16:59.576266 [Incident:Info:toast@toast-new:Magnitude updated] Magnitude updated: 5.08 (M)
2025/10/10 20:16:59.576305 [Simulation:Info:toast@toast-new:Simulation not generated] Magnitude 5.08 of event bmg2025twgb is smaller than triggerMinMagnitude: no automatic simulation
2025/10/10 20:17:00.236026 [Incident:Info:toast@toast-new:Origin updated] Origin updated: OT: 2025-10-10 13:13:38,  Lat/Lon: 7.19773°/127.258°, Depth: 10
2025/10/10 20:17:00.236166 [Incident:Info:toast@toast-new:Magnitude updated] Magnitude updated: 5.10 (M)
2025/10/10 20:17:00.236193 [Simulation:Info:toast@toast-new:Simulation not generated] Magnitude 5.10 of event bmg2025twgb is smaller than triggerMinMagnitude: no automatic simulation
2025/10/10 20:17:05.340308 [Incident:Info:toast@toast-new:Origin updated] Origin updated: OT: 2025-10-10 13:13:38,  Lat/Lon: 7.19773°/127.258°, Depth: 10
2025/10/10 20:17:05.340510 [Incident:Info:toast@toast-new:Magnitude updated] Magnitude updated: 5.10 (M)
2025/10/10 20:17:05.340552 [Simulation:Info:toast@toast-new:Simulation not generated] Magnitude 5.10 of event bmg2025twgb is smaller than triggerMinMagnitude: no automatic simulation
2025/10/10 20:17:09.871396 [Incident:Info:toast@toast-new:Origin updated] Origin updated: OT: 2025-10-10 13:13:39,  Lat/Lon: 7.04819°/127.175°, Depth: 10
2025/10/10 20:17:09.871608 [Incident:Info:toast@toast-new:Magnitude updated] Magnitude updated: 5.26 (mb)
2025/10/10 20:17:09.871652 [Simulation:Info:toast@toast-new:Simulation not generated] Magnitude 5.26 of event bmg2025twgb is smaller than triggerMinMagnitude: no automatic simulation
2025/10/10 20:17:09.956430 [Incident:Info:toast@toast-new:Origin updated] Origin updated: OT: 2025-10-10 13:13:39,  Lat/Lon: 7.04819°/127.175°, Depth: 10
2025/10/10 20:17:09.956573 [Incident:Info:toast@toast-new:Magnitude updated] Magnitude updated: 5.11 (M)
2025/10/10 20:17:09.956605 [Simulation:Info:toast@toast-new:Simulation not generated] Magnitude 5.11 of event bmg2025twgb is smaller than triggerMinMagnitude: no automatic simulation
2025/10/10 20:17:15.323554 [Incident:Info:toast@toast-new:Origin updated] Origin updated: OT: 2025-10-10 13:13:39,  Lat/Lon: 7.04819°/127.175°, Depth: 10
2025/10/10 20:17:15.323731 [Incident:Info:toast@toast-new:Magnitude updated] Magnitude updated: 5.11 (M)
2025/10/10 20:17:15.323770 [Simulation:Info:toast@toast-new:Simulation not generated] Magnitude 5.11 of event bmg2025twgb is smaller than triggerMinMagnitude: no automatic simulation
2025/10/10 20:17:20.333569 [Incident:Info:toast@toast-new:Origin updated] Origin updated: OT: 2025-10-10 13:13:39,  Lat/Lon: 7.04819°/127.175°, Depth: 10
2025/10/10 20:17:20.333767 [Incident:Info:toast@toast-new:Magnitude updated] Magnitude updated: 5.11 (M)
2025/10/10 20:17:20.333809 [Simulation:Info:toast@toast-new:Simulation not generated] Magnitude 5.11 of event bmg2025twgb is smaller than triggerMinMagnitude: no automatic simulation
2025/10/10 20:17:24.700693 [Incident:Info:toast@toast-new:Origin updated] Origin updated: OT: 2025-10-10 13:13:39,  Lat/Lon: 7.04819°/127.175°, Depth: 10
2025/10/10 20:17:24.700916 [Incident:Info:toast@toast-new:Magnitude updated] Magnitude updated: 5.12 (M)
2025/10/10 20:17:24.700971 [Simulation:Info:toast@toast-new:Simulation not generated] Magnitude 5.12 of event bmg2025twgb is smaller than triggerMinMagnitude: no automatic simulation
2025/10/10 20:17:30.423009 [Incident:Info:toast@toast-new:Origin updated] Origin updated: OT: 2025-10-10 13:13:39,  Lat/Lon: 7.04819°/127.175°, Depth: 10
2025/10/10 20:17:30.423195 [Incident:Info:toast@toast-new:Magnitude updated] Magnitude updated: 5.12 (M)
2025/10/10 20:17:30.423261 [Simulation:Info:toast@toast-new:Simulation not generated] Magnitude 5.12 of event bmg2025twgb is smaller than triggerMinMagnitude: no automatic simulation
2025/10/10 20:17:40.341638 [Incident:Info:toast@toast-new:Origin updated] Origin updated: OT: 2025-10-10 13:13:39,  Lat/Lon: 7.04819°/127.175°, Depth: 10
2025/10/10 20:17:40.341823 [Incident:Info:toast@toast-new:Magnitude updated] Magnitude updated: 5.12 (M)
2025/10/10 20:17:40.341866 [Simulation:Info:toast@toast-new:Simulation not generated] Magnitude 5.12 of event bmg2025twgb is smaller than triggerMinMagnitude: no automatic simulation
2025/10/10 20:18:10.448204 [Incident:Info:toast@toast-new:Origin updated] Origin updated: OT: 2025-10-10 13:13:39,  Lat/Lon: 7.04819°/127.175°, Depth: 10
2025/10/10 20:18:10.448573 [Incident:Info:toast@toast-new:Magnitude updated] Magnitude updated: 5.12 (M)
2025/10/10 20:18:10.448625 [Simulation:Info:toast@toast-new:Simulation not generated] Magnitude 5.12 of event bmg2025twgb is smaller than triggerMinMagnitude: no automatic simulation
2025/10/10 20:18:14.307810 [Incident:Info:toast@toast-new:Origin updated] Origin updated: OT: 2025-10-10 13:13:39,  Lat/Lon: 7.04819°/127.175°, Depth: 10
2025/10/10 20:18:14.308004 [Incident:Info:toast@toast-new:Magnitude updated] Magnitude updated: 5.12 (M)
2025/10/10 20:18:14.308050 [Simulation:Info:toast@toast-new:Simulation not generated] Magnitude 5.12 of event bmg2025twgb is smaller than triggerMinMagnitude: no automatic simulation
2025/10/10 20:18:15.276666 [Incident:Info:toast@toast-new:Origin updated] Origin updated: OT: 2025-10-10 13:13:39,  Lat/Lon: 7.04819°/127.175°, Depth: 10
2025/10/10 20:18:15.276850 [Incident:Info:toast@toast-new:Magnitude updated] Magnitude updated: 5.12 (M)
2025/10/10 20:18:15.276892 [Simulation:Info:toast@toast-new:Simulation not generated] Magnitude 5.12 of event bmg2025twgb is smaller than triggerMinMagnitude: no automatic simulation
2025/10/10 20:18:25.281552 [Incident:Info:toast@toast-new:Origin updated] Origin updated: OT: 2025-10-10 13:13:39,  Lat/Lon: 7.04819°/127.175°, Depth: 10
2025/10/10 20:18:25.281741 [Incident:Info:toast@toast-new:Magnitude updated] Magnitude updated: 5.12 (M)
2025/10/10 20:18:25.281784 [Simulation:Info:toast@toast-new:Simulation not generated] Magnitude 5.12 of event bmg2025twgb is smaller than triggerMinMagnitude: no automatic simulation
2025/10/11 02:54:48.824296 [Incident:Info:toast@toast-new:Origin updated] Origin updated: OT: 2025-10-10 13:13:39,  Lat/Lon: 7.04819°/127.175°, Depth: 10
2025/10/11 02:54:48.824474 [Incident:Info:toast@toast-new:Magnitude updated] Magnitude updated: 5.26 (mb)
2025/10/11 02:54:48.824539 [Simulation:Info:toast@toast-new:Simulation not generated] Magnitude 5.26 of event bmg2025twgb is smaller than triggerMinMagnitude: no automatic simulation
2025/10/11 03:32:37.597967 [Incident:Info:toast@toast-new:Origin updated] Origin updated: OT: 2025-10-10 13:13:42,  Lat/Lon: 6.99348°/127.089°, Depth: 65.3329
2025/10/11 03:32:37.598145 [Incident:Info:toast@toast-new:Magnitude updated] Magnitude updated: 5.11 (mb)
2025/10/11 03:32:37.598182 [Simulation:Info:toast@toast-new:Simulation not generated] Magnitude 5.11 of event bmg2025twgb is smaller than triggerMinMagnitude: no automatic simulation
2025/10/13 04:11:13.149008 [Incident:Info:toast@toast-new:Origin updated] Origin updated: OT: 2025-10-10 13:13:41,  Lat/Lon: 7.06345°/127.095°, Depth: 79.0171
2025/10/13 04:11:13.149242 [Incident:Info:toast@toast-new:Magnitude updated] Magnitude updated: 5.08 (mb)
2025/10/13 04:11:13.149284 [Simulation:Info:toast@toast-new:Simulation not generated] Magnitude 5.08 of event bmg2025twgb is smaller than triggerMinMagnitude: no automatic simulation
2025/10/13 04:11:13.210886 [Incident:Info:toast@toast-new:Origin updated] Origin updated: OT: 2025-10-10 13:13:41,  Lat/Lon: 7.06345°/127.095°, Depth: 79.0171
2025/10/13 04:11:13.211011 [Simulation:Info:toast@toast-new:Simulation not generated] Magnitude 5.08 of event bmg2025twgb is smaller than triggerMinMagnitude: no automatic simulation
