2025/10/13 12:47:51.513287 [Incident:Info:toast@toast-new:Displacement(s) updated] Added 0 and changed 0 displacements with 0 amplitudes
2025/10/13 12:47:51.515992 [Incident:Info:toast@toast-new:Incident created] Incident created based on event received from messaging: OT: 2025-10-13 05:39:57,  Lat/Lon: 24.62°/92.56°, Depth: 10.00, Mag: 5.13 (M)
2025/10/13 12:47:51.516590 [Simulation:Info:toast@toast-new:Simulation not generated] Magnitude 5.13 of event bmg2025ubdp is smaller than triggerMinMagnitude: no automatic simulation
2025/10/13 12:47:51.537611 [Incident:Info:toast@toast-new:Origin updated] Origin updated: OT: 2025-10-13 05:39:57,  Lat/Lon: 24.6192°/92.5597°, Depth: 10
2025/10/13 12:47:51.537755 [Simulation:Info:toast@toast-new:Simulation not generated] Magnitude 5.13 of event bmg2025ubdp is smaller than triggerMinMagnitude: no automatic simulation
2025/10/13 12:48:18.122061 [Incident:Info:toast@toast-new:Origin updated] Origin updated: OT: 2025-10-13 05:39:58,  Lat/Lon: 24.5592°/92.5617°, Depth: 10
2025/10/13 12:48:18.122231 [Incident:Info:toast@toast-new:Magnitude updated] Magnitude updated: 5.07 (M)
2025/10/13 12:48:18.122263 [Simulation:Info:toast@toast-new:Simulation not generated] Magnitude 5.07 of event bmg2025ubdp is smaller than triggerMinMagnitude: no automatic simulation
2025/10/13 12:48:20.177508 [Incident:Info:toast@toast-new:Origin updated] Origin updated: OT: 2025-10-13 05:39:58,  Lat/Lon: 24.5592°/92.5617°, Depth: 10
2025/10/13 12:48:20.177675 [Incident:Info:toast@toast-new:Magnitude updated] Magnitude updated: 5.09 (M)
2025/10/13 12:48:20.177719 [Simulation:Info:toast@toast-new:Simulation not generated] Magnitude 5.09 of event bmg2025ubdp is smaller than triggerMinMagnitude: no automatic simulation
2025/10/13 12:48:25.192073 [Incident:Info:toast@toast-new:Origin updated] Origin updated: OT: 2025-10-13 05:39:58,  Lat/Lon: 24.5592°/92.5617°, Depth: 10
2025/10/13 12:48:25.192246 [Incident:Info:toast@toast-new:Magnitude updated] Magnitude updated: 5.04 (M)
2025/10/13 12:48:25.192296 [Simulation:Info:toast@toast-new:Simulation not generated] Magnitude 5.04 of event bmg2025ubdp is smaller than triggerMinMagnitude: no automatic simulation
2025/10/13 12:51:43.136564 [Incident:Info:toast@toast-new:Origin updated] Origin updated: OT: 2025-10-13 05:40:02,  Lat/Lon: 24.1963°/92.9539°, Depth: 10
2025/10/13 12:51:43.136812 [Incident:Info:toast@toast-new:Magnitude updated] Magnitude updated: 5.03 (M)
2025/10/13 12:51:43.136863 [Simulation:Info:toast@toast-new:Simulation not generated] Magnitude 5.03 of event bmg2025ubdp is smaller than triggerMinMagnitude: no automatic simulation
2025/10/13 20:07:35.342948 [Incident:Info:toast@toast-new:Incident removed] Removed incident - Bye
2025/10/15 22:34:59.315065 [Incident:Info:toast@toast-new:Displacement(s) updated] Added 0 and changed 0 displacements with 0 amplitudes
2025/10/15 22:34:59.315661 [Incident:Info:toast@toast-new:Incident created] Incident created based on event received from messaging: OT: 2025-10-13 05:40:02,  Lat/Lon: 24.20°/92.95°, Depth: 10.00, Mag: 5.03 (M)
2025/10/15 22:34:59.316295 [Simulation:Info:toast@toast-new:Simulation not generated] Magnitude 5.03 of event bmg2025ubdp is smaller than triggerMinMagnitude: no automatic simulation
2025/10/15 22:34:59.338234 [Incident:Info:toast@toast-new:Origin updated] Origin updated: OT: 2025-10-13 05:40:02,  Lat/Lon: 24.1963°/92.9539°, Depth: 10
2025/10/15 22:34:59.338398 [Simulation:Info:toast@toast-new:Simulation not generated] Magnitude 5.03 of event bmg2025ubdp is smaller than triggerMinMagnitude: no automatic simulation
2025/10/15 22:56:32.809068 [Incident:Info:toast@toast-new:Origin updated] Origin updated: OT: 2025-10-13 05:40:02,  Lat/Lon: 24.1963°/92.9539°, Depth: 10
2025/10/15 22:56:32.809225 [Simulation:Info:toast@toast-new:Simulation not generated] Magnitude 5.03 of event bmg2025ubdp is smaller than triggerMinMagnitude: no automatic simulation
