2025/10/24 23:08:15.487067 [Incident:Info:toast@toast-new:Displacement(s) updated] Added 0 and changed 0 displacements with 0 amplitudes
2025/10/24 23:08:15.487769 [Incident:Info:toast@toast-new:Incident created] Incident created based on event received from messaging: OT: 2025-10-24 16:05:12,  Lat/Lon: 9.88°/127.02°, Depth: 10.00, Mag: 5.42 (M)
2025/10/24 23:08:15.488372 [Simulation:Info:toast@toast-new:Simulation not generated] Magnitude 5.42 of event bmg2025uwat is smaller than triggerMinMagnitude: no automatic simulation
2025/10/24 23:08:15.509279 [Incident:Info:toast@toast-new:Origin updated] Origin updated: OT: 2025-10-24 16:05:12,  Lat/Lon: 9.88266°/127.019°, Depth: 10
2025/10/24 23:08:15.509445 [Simulation:Info:toast@toast-new:Simulation not generated] Magnitude 5.42 of event bmg2025uwat is smaller than triggerMinMagnitude: no automatic simulation
2025/10/24 23:08:18.654416 [Incident:Info:toast@toast-new:Origin updated] Origin updated: OT: 2025-10-24 16:05:12,  Lat/Lon: 9.88266°/127.019°, Depth: 10
2025/10/24 23:08:18.654599 [Incident:Info:toast@toast-new:Magnitude updated] Magnitude updated: 5.42 (M)
2025/10/24 23:08:18.654641 [Simulation:Info:toast@toast-new:Simulation not generated] Magnitude 5.42 of event bmg2025uwat is smaller than triggerMinMagnitude: no automatic simulation
2025/10/24 23:08:23.672120 [Incident:Info:toast@toast-new:Origin updated] Origin updated: OT: 2025-10-24 16:05:12,  Lat/Lon: 9.88266°/127.019°, Depth: 10
2025/10/24 23:08:23.672313 [Incident:Info:toast@toast-new:Magnitude updated] Magnitude updated: 5.40 (M)
2025/10/24 23:08:23.672348 [Simulation:Info:toast@toast-new:Simulation not generated] Magnitude 5.40 of event bmg2025uwat is smaller than triggerMinMagnitude: no automatic simulation
2025/10/24 23:08:24.933829 [Incident:Info:toast@toast-new:Origin updated] Origin updated: OT: 2025-10-24 16:04:58,  Lat/Lon: 10.8704°/127.096°, Depth: 10
2025/10/24 23:08:24.934032 [Incident:Info:toast@toast-new:Magnitude updated] Magnitude updated: 5.59 (M)
2025/10/24 23:08:24.934140 [Simulation:Info:toast@toast-new:Simulation not generated] Magnitude 5.59 of event bmg2025uwat is smaller than triggerMinMagnitude: no automatic simulation
2025/10/24 23:08:28.689527 [Incident:Info:toast@toast-new:Origin updated] Origin updated: OT: 2025-10-24 16:04:58,  Lat/Lon: 10.8704°/127.096°, Depth: 10
2025/10/24 23:08:28.689705 [Incident:Info:toast@toast-new:Magnitude updated] Magnitude updated: 5.60 (M)
2025/10/24 23:08:28.689740 [Simulation:Info:toast@toast-new:Simulation not generated] Magnitude 5.60 of event bmg2025uwat is smaller than triggerMinMagnitude: no automatic simulation
2025/10/24 23:08:33.702919 [Incident:Info:toast@toast-new:Origin updated] Origin updated: OT: 2025-10-24 16:04:58,  Lat/Lon: 10.8704°/127.096°, Depth: 10
2025/10/24 23:08:33.703086 [Incident:Info:toast@toast-new:Magnitude updated] Magnitude updated: 5.62 (M)
2025/10/24 23:08:33.703174 [Simulation:Info:toast@toast-new:Simulation not generated] Magnitude 5.62 of event bmg2025uwat is smaller than triggerMinMagnitude: no automatic simulation
2025/10/24 23:08:36.837014 [Incident:Info:toast@toast-new:Origin updated] Origin updated: OT: 2025-10-24 16:05:00,  Lat/Lon: 10.7251°/127.038°, Depth: 10
2025/10/24 23:08:36.837251 [Incident:Info:toast@toast-new:Magnitude updated] Magnitude updated: 5.57 (M)
2025/10/24 23:08:36.837374 [Simulation:Info:toast@toast-new:Simulation not generated] Magnitude 5.57 of event bmg2025uwat is smaller than triggerMinMagnitude: no automatic simulation
2025/10/24 23:08:38.686950 [Incident:Info:toast@toast-new:Origin updated] Origin updated: OT: 2025-10-24 16:05:00,  Lat/Lon: 10.7251°/127.038°, Depth: 10
2025/10/24 23:08:38.687132 [Incident:Info:toast@toast-new:Magnitude updated] Magnitude updated: 5.57 (M)
2025/10/24 23:08:38.687166 [Simulation:Info:toast@toast-new:Simulation not generated] Magnitude 5.57 of event bmg2025uwat is smaller than triggerMinMagnitude: no automatic simulation
2025/10/24 23:08:43.695744 [Incident:Info:toast@toast-new:Origin updated] Origin updated: OT: 2025-10-24 16:05:00,  Lat/Lon: 10.7251°/127.038°, Depth: 10
2025/10/24 23:08:43.695949 [Incident:Info:toast@toast-new:Magnitude updated] Magnitude updated: 5.58 (M)
2025/10/24 23:08:43.695983 [Simulation:Info:toast@toast-new:Simulation not generated] Magnitude 5.58 of event bmg2025uwat is smaller than triggerMinMagnitude: no automatic simulation
2025/10/24 23:08:48.107708 [Incident:Info:toast@toast-new:Origin updated] Origin updated: OT: 2025-10-24 16:05:15,  Lat/Lon: 9.6191°/126.832°, Depth: 10
2025/10/24 23:08:48.107955 [Incident:Info:toast@toast-new:Magnitude updated] Magnitude updated: 5.35 (M)
2025/10/24 23:08:48.108081 [Simulation:Info:toast@toast-new:Simulation not generated] Magnitude 5.35 of event bmg2025uwat is smaller than triggerMinMagnitude: no automatic simulation
2025/10/24 23:08:48.637749 [Incident:Info:toast@toast-new:Origin updated] Origin updated: OT: 2025-10-24 16:05:15,  Lat/Lon: 9.6191°/126.832°, Depth: 10
2025/10/24 23:08:48.637946 [Incident:Info:toast@toast-new:Magnitude updated] Magnitude updated: 5.33 (M)
2025/10/24 23:08:48.638024 [Simulation:Info:toast@toast-new:Simulation not generated] Magnitude 5.33 of event bmg2025uwat is smaller than triggerMinMagnitude: no automatic simulation
2025/10/24 23:08:53.778951 [Incident:Info:toast@toast-new:Origin updated] Origin updated: OT: 2025-10-24 16:05:15,  Lat/Lon: 9.6191°/126.832°, Depth: 10
2025/10/24 23:08:53.779147 [Incident:Info:toast@toast-new:Magnitude updated] Magnitude updated: 5.36 (M)
2025/10/24 23:08:53.779205 [Simulation:Info:toast@toast-new:Simulation not generated] Magnitude 5.36 of event bmg2025uwat is smaller than triggerMinMagnitude: no automatic simulation
2025/10/24 23:08:58.789131 [Incident:Info:toast@toast-new:Origin updated] Origin updated: OT: 2025-10-24 16:05:15,  Lat/Lon: 9.6191°/126.832°, Depth: 10
2025/10/24 23:08:58.789310 [Incident:Info:toast@toast-new:Magnitude updated] Magnitude updated: 5.30 (M)
2025/10/24 23:08:58.789362 [Simulation:Info:toast@toast-new:Simulation not generated] Magnitude 5.30 of event bmg2025uwat is smaller than triggerMinMagnitude: no automatic simulation
2025/10/24 23:09:02.984678 [Incident:Info:toast@toast-new:Origin updated] Origin updated: OT: 2025-10-24 16:05:38,  Lat/Lon: 7.88334°/126.846°, Depth: 10
2025/10/24 23:09:02.984912 [Incident:Info:toast@toast-new:Magnitude updated] Magnitude updated: 5.09 (M)
2025/10/24 23:09:02.985018 [Simulation:Info:toast@toast-new:Simulation not generated] Magnitude 5.09 of event bmg2025uwat is smaller than triggerMinMagnitude: no automatic simulation
2025/10/24 23:09:08.718619 [Incident:Info:toast@toast-new:Origin updated] Origin updated: OT: 2025-10-24 16:05:38,  Lat/Lon: 7.88334°/126.846°, Depth: 10
2025/10/24 23:09:08.718851 [Incident:Info:toast@toast-new:Magnitude updated] Magnitude updated: 5.09 (M)
2025/10/24 23:09:08.718904 [Simulation:Info:toast@toast-new:Simulation not generated] Magnitude 5.09 of event bmg2025uwat is smaller than triggerMinMagnitude: no automatic simulation
2025/10/24 23:09:13.762942 [Incident:Info:toast@toast-new:Origin updated] Origin updated: OT: 2025-10-24 16:05:38,  Lat/Lon: 7.88334°/126.846°, Depth: 10
2025/10/24 23:09:13.763127 [Incident:Info:toast@toast-new:Magnitude updated] Magnitude updated: 5.07 (M)
2025/10/24 23:09:13.763164 [Simulation:Info:toast@toast-new:Simulation not generated] Magnitude 5.07 of event bmg2025uwat is smaller than triggerMinMagnitude: no automatic simulation
2025/10/24 23:09:15.883261 [Incident:Info:toast@toast-new:Origin updated] Origin updated: OT: 2025-10-24 16:05:29,  Lat/Lon: 8.59675°/126.861°, Depth: 14.0376
2025/10/24 23:09:15.883466 [Incident:Info:toast@toast-new:Magnitude updated] Magnitude updated: 5.17 (mb)
2025/10/24 23:09:15.883514 [Simulation:Info:toast@toast-new:Simulation not generated] Magnitude 5.17 of event bmg2025uwat is smaller than triggerMinMagnitude: no automatic simulation
2025/10/24 23:09:15.953148 [Incident:Info:toast@toast-new:Origin updated] Origin updated: OT: 2025-10-24 16:05:29,  Lat/Lon: 8.59675°/126.861°, Depth: 14.0376
2025/10/24 23:09:15.953264 [Incident:Info:toast@toast-new:Magnitude updated] Magnitude updated: 5.08 (M)
2025/10/24 23:09:15.953307 [Simulation:Info:toast@toast-new:Simulation not generated] Magnitude 5.08 of event bmg2025uwat is smaller than triggerMinMagnitude: no automatic simulation
2025/10/24 23:09:18.656214 [Incident:Info:toast@toast-new:Origin updated] Origin updated: OT: 2025-10-24 16:05:29,  Lat/Lon: 8.59675°/126.861°, Depth: 14.0376
2025/10/24 23:09:18.656390 [Incident:Info:toast@toast-new:Magnitude updated] Magnitude updated: 5.08 (M)
2025/10/24 23:09:18.656423 [Simulation:Info:toast@toast-new:Simulation not generated] Magnitude 5.08 of event bmg2025uwat is smaller than triggerMinMagnitude: no automatic simulation
2025/10/24 23:09:23.733716 [Incident:Info:toast@toast-new:Origin updated] Origin updated: OT: 2025-10-24 16:05:29,  Lat/Lon: 8.59675°/126.861°, Depth: 14.0376
2025/10/24 23:09:23.733921 [Incident:Info:toast@toast-new:Magnitude updated] Magnitude updated: 5.07 (M)
2025/10/24 23:09:23.733965 [Simulation:Info:toast@toast-new:Simulation not generated] Magnitude 5.07 of event bmg2025uwat is smaller than triggerMinMagnitude: no automatic simulation
2025/10/24 23:09:28.822842 [Incident:Info:toast@toast-new:Origin updated] Origin updated: OT: 2025-10-24 16:05:29,  Lat/Lon: 8.59675°/126.861°, Depth: 14.0376
2025/10/24 23:09:28.823026 [Incident:Info:toast@toast-new:Magnitude updated] Magnitude updated: 5.05 (M)
2025/10/24 23:09:28.823064 [Simulation:Info:toast@toast-new:Simulation not generated] Magnitude 5.05 of event bmg2025uwat is smaller than triggerMinMagnitude: no automatic simulation
2025/10/24 23:09:33.791638 [Incident:Info:toast@toast-new:Origin updated] Origin updated: OT: 2025-10-24 16:05:29,  Lat/Lon: 8.59675°/126.861°, Depth: 14.0376
2025/10/24 23:09:33.791778 [Incident:Info:toast@toast-new:Magnitude updated] Magnitude updated: 5.05 (M)
2025/10/24 23:09:33.791807 [Simulation:Info:toast@toast-new:Simulation not generated] Magnitude 5.05 of event bmg2025uwat is smaller than triggerMinMagnitude: no automatic simulation
2025/10/24 23:09:43.679144 [Incident:Info:toast@toast-new:Origin updated] Origin updated: OT: 2025-10-24 16:05:29,  Lat/Lon: 8.59675°/126.861°, Depth: 14.0376
2025/10/24 23:09:43.679358 [Incident:Info:toast@toast-new:Magnitude updated] Magnitude updated: 5.05 (M)
2025/10/24 23:09:43.679394 [Simulation:Info:toast@toast-new:Simulation not generated] Magnitude 5.05 of event bmg2025uwat is smaller than triggerMinMagnitude: no automatic simulation
2025/10/24 23:09:48.771238 [Incident:Info:toast@toast-new:Origin updated] Origin updated: OT: 2025-10-24 16:05:29,  Lat/Lon: 8.59675°/126.861°, Depth: 14.0376
2025/10/24 23:09:48.771411 [Incident:Info:toast@toast-new:Magnitude updated] Magnitude updated: 5.05 (M)
2025/10/24 23:09:48.771450 [Simulation:Info:toast@toast-new:Simulation not generated] Magnitude 5.05 of event bmg2025uwat is smaller than triggerMinMagnitude: no automatic simulation
2025/10/24 23:10:03.685115 [Incident:Info:toast@toast-new:Origin updated] Origin updated: OT: 2025-10-24 16:05:29,  Lat/Lon: 8.59675°/126.861°, Depth: 14.0376
2025/10/24 23:10:03.685309 [Incident:Info:toast@toast-new:Magnitude updated] Magnitude updated: 5.05 (M)
2025/10/24 23:10:03.685351 [Simulation:Info:toast@toast-new:Simulation not generated] Magnitude 5.05 of event bmg2025uwat is smaller than triggerMinMagnitude: no automatic simulation
2025/10/24 23:10:08.689350 [Incident:Info:toast@toast-new:Origin updated] Origin updated: OT: 2025-10-24 16:05:29,  Lat/Lon: 8.59675°/126.861°, Depth: 14.0376
2025/10/24 23:10:08.689521 [Incident:Info:toast@toast-new:Magnitude updated] Magnitude updated: 5.09 (M)
2025/10/24 23:10:08.689553 [Simulation:Info:toast@toast-new:Simulation not generated] Magnitude 5.09 of event bmg2025uwat is smaller than triggerMinMagnitude: no automatic simulation
2025/10/24 23:10:17.960259 [Incident:Info:toast@toast-new:Origin updated] Origin updated: OT: 2025-10-24 16:05:40,  Lat/Lon: 7.8827°/126.794°, Depth: 72.075
2025/10/24 23:10:17.960464 [Incident:Info:toast@toast-new:Magnitude updated] Magnitude updated: 5.06 (mb)
2025/10/24 23:10:17.960501 [Simulation:Info:toast@toast-new:Simulation not generated] Magnitude 5.06 of event bmg2025uwat is smaller than triggerMinMagnitude: no automatic simulation
2025/10/24 23:11:05.979166 [Incident:Info:toast@toast-new:Origin updated] Origin updated: OT: 2025-10-24 16:05:41,  Lat/Lon: 7.786°/126.753°, Depth: 74.3423
2025/10/24 23:11:05.979363 [Incident:Info:toast@toast-new:Magnitude updated] Magnitude updated: 5.06 (mb)
2025/10/24 23:11:05.979395 [Simulation:Info:toast@toast-new:Simulation not generated] Magnitude 5.06 of event bmg2025uwat is smaller than triggerMinMagnitude: no automatic simulation
