2025/10/28 22:30:03.707081 [Incident:Info:toast@toast-new:Displacement(s) updated] Added 0 and changed 0 displacements with 0 amplitudes
2025/10/28 22:30:03.709951 [Incident:Info:toast@toast-new:Incident created] Incident created based on event received from messaging: OT: 2025-10-28 15:22:57,  Lat/Lon: -29.01°/121.68°, Depth: 10.00, Mag: 5.19 (M)
2025/10/28 22:30:03.710524 [Simulation:Info:toast@toast-new:Simulation not generated] Magnitude 5.19 of event bmg2025vdhj is smaller than triggerMinMagnitude: no automatic simulation
2025/10/28 22:30:03.730859 [Incident:Info:toast@toast-new:Origin updated] Origin updated: OT: 2025-10-28 15:22:57,  Lat/Lon: -29.0113°/121.68°, Depth: 10
2025/10/28 22:30:03.731010 [Simulation:Info:toast@toast-new:Simulation not generated] Magnitude 5.19 of event bmg2025vdhj is smaller than triggerMinMagnitude: no automatic simulation
2025/10/28 22:30:08.652164 [Incident:Info:toast@toast-new:Origin updated] Origin updated: OT: 2025-10-28 15:22:57,  Lat/Lon: -29.0113°/121.68°, Depth: 10
2025/10/28 22:30:08.652374 [Incident:Info:toast@toast-new:Magnitude updated] Magnitude updated: 5.43 (M)
2025/10/28 22:30:08.652505 [Simulation:Info:toast@toast-new:Simulation not generated] Magnitude 5.43 of event bmg2025vdhj is smaller than triggerMinMagnitude: no automatic simulation
2025/10/28 22:30:11.681415 [Incident:Info:toast@toast-new:Origin updated] Origin updated: OT: 2025-10-28 15:22:55,  Lat/Lon: -29.2657°/121.541°, Depth: 10
2025/10/28 22:30:11.681609 [Incident:Info:toast@toast-new:Magnitude updated] Magnitude updated: 5.46 (M)
2025/10/28 22:30:11.681722 [Simulation:Info:toast@toast-new:Simulation not generated] Magnitude 5.46 of event bmg2025vdhj is smaller than triggerMinMagnitude: no automatic simulation
2025/10/28 22:30:43.653743 [Incident:Info:toast@toast-new:Origin updated] Origin updated: OT: 2025-10-28 15:22:55,  Lat/Lon: -29.2657°/121.541°, Depth: 10
2025/10/28 22:30:43.653965 [Incident:Info:toast@toast-new:Magnitude updated] Magnitude updated: 5.62 (M)
2025/10/28 22:30:43.654118 [Simulation:Info:toast@toast-new:Simulation not generated] Magnitude 5.62 of event bmg2025vdhj is smaller than triggerMinMagnitude: no automatic simulation
2025/10/28 22:35:39.829758 [Incident:Info:toast@toast-new:Origin updated] Origin updated: OT: 2025-10-28 15:22:55,  Lat/Lon: -29.2657°/121.541°, Depth: 10
2025/10/28 22:35:39.829918 [Simulation:Info:toast@toast-new:Simulation not generated] Magnitude 5.62 of event bmg2025vdhj is smaller than triggerMinMagnitude: no automatic simulation
2025/10/28 22:45:20.947172 [Incident:Info:toast@toast-new:Origin updated] Origin updated: OT: 2025-10-28 15:22:55,  Lat/Lon: -29.2657°/121.541°, Depth: 10
2025/10/28 22:45:20.947322 [Incident:Info:toast@toast-new:FM updated] FM updated
2025/10/28 22:45:20.947441 [Simulation:Info:toast@toast-new:Simulation not generated] Magnitude 5.62 of event bmg2025vdhj is smaller than triggerMinMagnitude: no automatic simulation
2025/10/28 22:45:29.578777 [Incident:Info:toast@toast-new:Origin updated] Origin updated: OT: 2025-10-28 15:22:55,  Lat/Lon: -29.2657°/121.541°, Depth: 10
2025/10/28 22:45:29.578992 [Simulation:Info:toast@toast-new:Simulation not generated] Magnitude 5.62 of event bmg2025vdhj is smaller than triggerMinMagnitude: no automatic simulation
2025/10/28 22:45:41.028025 [Incident:Info:toast@toast-new:Origin updated] Origin updated: OT: 2025-10-28 15:22:55,  Lat/Lon: -29.2657°/121.541°, Depth: 10
2025/10/28 22:45:41.028223 [Incident:Info:toast@toast-new:FM updated] FM updated
2025/10/28 22:45:41.028427 [Simulation:Info:toast@toast-new:Simulation not generated] Magnitude 5.62 of event bmg2025vdhj is smaller than triggerMinMagnitude: no automatic simulation
2025/10/28 22:45:50.673664 [Incident:Info:toast@toast-new:Origin updated] Origin updated: OT: 2025-10-28 15:22:55,  Lat/Lon: -29.2657°/121.541°, Depth: 10
2025/10/28 22:45:50.673852 [Incident:Info:toast@toast-new:FM updated] FM updated
2025/10/28 22:45:50.674047 [Simulation:Info:toast@toast-new:Simulation not generated] Magnitude 5.62 of event bmg2025vdhj is smaller than triggerMinMagnitude: no automatic simulation
2025/10/28 22:46:10.606891 [Incident:Info:toast@toast-new:Origin updated] Origin updated: OT: 2025-10-28 15:22:55,  Lat/Lon: -29.2657°/121.541°, Depth: 10
2025/10/28 22:46:10.607093 [Simulation:Info:toast@toast-new:Simulation not generated] Magnitude 5.62 of event bmg2025vdhj is smaller than triggerMinMagnitude: no automatic simulation
2025/10/28 22:46:40.839478 [Incident:Info:toast@toast-new:Origin updated] Origin updated: OT: 2025-10-28 15:22:55,  Lat/Lon: -29.2657°/121.541°, Depth: 10
2025/10/28 22:46:40.839661 [Incident:Info:toast@toast-new:FM updated] FM updated
2025/10/28 22:46:40.839846 [Simulation:Info:toast@toast-new:Simulation not generated] Magnitude 5.62 of event bmg2025vdhj is smaller than triggerMinMagnitude: no automatic simulation
2025/10/28 22:47:00.081508 [Incident:Info:toast@toast-new:Origin updated] Origin updated: OT: 2025-10-28 15:22:55,  Lat/Lon: -29.2657°/121.541°, Depth: 10
2025/10/28 22:47:00.081788 [Incident:Info:toast@toast-new:FM updated] FM updated
2025/10/28 22:47:00.082135 [Simulation:Info:toast@toast-new:Simulation not generated] Magnitude 5.62 of event bmg2025vdhj is smaller than triggerMinMagnitude: no automatic simulation
2025/10/28 22:47:40.122190 [Incident:Info:toast@toast-new:Origin updated] Origin updated: OT: 2025-10-28 15:22:55,  Lat/Lon: -29.2657°/121.541°, Depth: 10
2025/10/28 22:47:40.122372 [Simulation:Info:toast@toast-new:Simulation not generated] Magnitude 5.62 of event bmg2025vdhj is smaller than triggerMinMagnitude: no automatic simulation
2025/10/28 22:48:10.581756 [Incident:Info:toast@toast-new:Origin updated] Origin updated: OT: 2025-10-28 15:22:55,  Lat/Lon: -29.2657°/121.541°, Depth: 10
2025/10/28 22:48:10.581932 [Incident:Info:toast@toast-new:FM updated] FM updated
2025/10/28 22:48:10.582119 [Simulation:Info:toast@toast-new:Simulation not generated] Magnitude 5.62 of event bmg2025vdhj is smaller than triggerMinMagnitude: no automatic simulation
2025/10/28 22:48:30.414294 [Incident:Info:toast@toast-new:Origin updated] Origin updated: OT: 2025-10-28 15:22:55,  Lat/Lon: -29.2657°/121.541°, Depth: 10
2025/10/28 22:48:30.414484 [Simulation:Info:toast@toast-new:Simulation not generated] Magnitude 5.62 of event bmg2025vdhj is smaller than triggerMinMagnitude: no automatic simulation
2025/10/28 22:49:00.465046 [Incident:Info:toast@toast-new:Origin updated] Origin updated: OT: 2025-10-28 15:22:55,  Lat/Lon: -29.2657°/121.541°, Depth: 10
2025/10/28 22:49:00.465230 [Simulation:Info:toast@toast-new:Simulation not generated] Magnitude 5.62 of event bmg2025vdhj is smaller than triggerMinMagnitude: no automatic simulation
2025/10/28 22:50:00.515423 [Incident:Info:toast@toast-new:Origin updated] Origin updated: OT: 2025-10-28 15:22:55,  Lat/Lon: -29.2657°/121.541°, Depth: 10
2025/10/28 22:50:00.515608 [Simulation:Info:toast@toast-new:Simulation not generated] Magnitude 5.62 of event bmg2025vdhj is smaller than triggerMinMagnitude: no automatic simulation
2025/10/28 22:50:40.568935 [Incident:Info:toast@toast-new:Origin updated] Origin updated: OT: 2025-10-28 15:22:55,  Lat/Lon: -29.2657°/121.541°, Depth: 10
2025/10/28 22:50:40.569139 [Simulation:Info:toast@toast-new:Simulation not generated] Magnitude 5.62 of event bmg2025vdhj is smaller than triggerMinMagnitude: no automatic simulation
2025/10/28 22:51:30.657239 [Incident:Info:toast@toast-new:Origin updated] Origin updated: OT: 2025-10-28 15:22:55,  Lat/Lon: -29.2657°/121.541°, Depth: 10
2025/10/28 22:51:30.657421 [Incident:Info:toast@toast-new:FM updated] FM updated
2025/10/28 22:51:30.657613 [Simulation:Info:toast@toast-new:Simulation not generated] Magnitude 5.62 of event bmg2025vdhj is smaller than triggerMinMagnitude: no automatic simulation
2025/10/28 22:54:30.769762 [Incident:Info:toast@toast-new:Origin updated] Origin updated: OT: 2025-10-28 15:22:55,  Lat/Lon: -29.2657°/121.541°, Depth: 10
2025/10/28 22:54:30.769966 [Simulation:Info:toast@toast-new:Simulation not generated] Magnitude 5.62 of event bmg2025vdhj is smaller than triggerMinMagnitude: no automatic simulation
2025/10/29 01:53:01.249500 [Incident:Info:toast@toast-new:Origin updated] Origin updated: OT: 2025-10-28 15:22:55,  Lat/Lon: -29.2657°/121.541°, Depth: 10
2025/10/29 01:53:01.249715 [Incident:Info:toast@toast-new:FM updated] FM updated
2025/10/29 01:53:01.249899 [Simulation:Info:toast@toast-new:Simulation not generated] Magnitude 5.62 of event bmg2025vdhj is smaller than triggerMinMagnitude: no automatic simulation
