2025/10/22 06:49:13.723771 [Incident:Info:toast@toast-new:Displacement(s) updated] Added 0 and changed 0 displacements with 0 amplitudes
2025/10/22 06:49:13.724884 [Incident:Info:toast@toast-new:Incident created] Incident created based on event received from messaging: OT: 2025-10-21 23:37:09,  Lat/Lon: 52.70°/158.77°, Depth: 65.60, Mag: 5.03 (M)
2025/10/22 06:49:13.725517 [Simulation:Info:toast@toast-new:Simulation not generated] Magnitude 5.03 of event bmg2025urdd is smaller than triggerMinMagnitude: no automatic simulation
2025/10/22 06:49:13.747308 [Incident:Info:toast@toast-new:Origin updated] Origin updated: OT: 2025-10-21 23:37:09,  Lat/Lon: 52.7029°/158.772°, Depth: 65.5954
2025/10/22 06:49:13.747467 [Simulation:Info:toast@toast-new:Simulation not generated] Magnitude 5.03 of event bmg2025urdd is smaller than triggerMinMagnitude: no automatic simulation
2025/10/22 06:49:18.664807 [Incident:Info:toast@toast-new:Origin updated] Origin updated: OT: 2025-10-21 23:37:09,  Lat/Lon: 52.7029°/158.772°, Depth: 65.5954
2025/10/22 06:49:18.664991 [Incident:Info:toast@toast-new:Magnitude updated] Magnitude updated: 5.07 (M)
2025/10/22 06:49:18.665048 [Simulation:Info:toast@toast-new:Simulation not generated] Magnitude 5.07 of event bmg2025urdd is smaller than triggerMinMagnitude: no automatic simulation
2025/10/22 06:49:23.071387 [Incident:Info:toast@toast-new:Origin updated] Origin updated: OT: 2025-10-21 23:37:09,  Lat/Lon: 52.7047°/158.75°, Depth: 66.8743
2025/10/22 06:49:23.071632 [Incident:Info:toast@toast-new:Magnitude updated] Magnitude updated: 5.12 (M)
2025/10/22 06:49:23.071691 [Simulation:Info:toast@toast-new:Simulation not generated] Magnitude 5.12 of event bmg2025urdd is smaller than triggerMinMagnitude: no automatic simulation
2025/10/22 06:49:28.675967 [Incident:Info:toast@toast-new:Origin updated] Origin updated: OT: 2025-10-21 23:37:09,  Lat/Lon: 52.7047°/158.75°, Depth: 66.8743
2025/10/22 06:49:28.676152 [Incident:Info:toast@toast-new:Magnitude updated] Magnitude updated: 5.18 (M)
2025/10/22 06:49:28.676207 [Simulation:Info:toast@toast-new:Simulation not generated] Magnitude 5.18 of event bmg2025urdd is smaller than triggerMinMagnitude: no automatic simulation
2025/10/22 06:49:33.665190 [Incident:Info:toast@toast-new:Origin updated] Origin updated: OT: 2025-10-21 23:37:09,  Lat/Lon: 52.7047°/158.75°, Depth: 66.8743
2025/10/22 06:49:33.665349 [Incident:Info:toast@toast-new:Magnitude updated] Magnitude updated: 5.23 (M)
2025/10/22 06:49:33.665379 [Simulation:Info:toast@toast-new:Simulation not generated] Magnitude 5.23 of event bmg2025urdd is smaller than triggerMinMagnitude: no automatic simulation
2025/10/22 06:49:53.083287 [Incident:Info:toast@toast-new:Origin updated] Origin updated: OT: 2025-10-21 23:37:09,  Lat/Lon: 52.7055°/158.754°, Depth: 67.562
2025/10/22 06:49:53.083480 [Incident:Info:toast@toast-new:Magnitude updated] Magnitude updated: 5.23 (M)
2025/10/22 06:49:53.083512 [Simulation:Info:toast@toast-new:Simulation not generated] Magnitude 5.23 of event bmg2025urdd is smaller than triggerMinMagnitude: no automatic simulation
2025/10/22 06:50:27.090123 [Incident:Info:toast@toast-new:Origin updated] Origin updated: OT: 2025-10-21 23:37:02,  Lat/Lon: 52.5515°/158.829°, Depth: 10
2025/10/22 06:50:27.090363 [Incident:Info:toast@toast-new:Magnitude updated] Magnitude updated: 5.66 (M)
2025/10/22 06:50:27.090417 [Simulation:Info:toast@toast-new:Simulation not generated] Magnitude 5.66 of event bmg2025urdd is smaller than triggerMinMagnitude: no automatic simulation
2025/10/22 06:50:53.663750 [Incident:Info:toast@toast-new:Origin updated] Origin updated: OT: 2025-10-21 23:37:02,  Lat/Lon: 52.5515°/158.829°, Depth: 10
2025/10/22 06:50:53.663930 [Incident:Info:toast@toast-new:Magnitude updated] Magnitude updated: 5.60 (M)
2025/10/22 06:50:53.663980 [Simulation:Info:toast@toast-new:Simulation not generated] Magnitude 5.60 of event bmg2025urdd is smaller than triggerMinMagnitude: no automatic simulation
2025/10/22 06:51:03.083754 [Incident:Info:toast@toast-new:Origin updated] Origin updated: OT: 2025-10-21 23:37:02,  Lat/Lon: 52.5328°/158.864°, Depth: 10
2025/10/22 06:51:03.083951 [Incident:Info:toast@toast-new:Magnitude updated] Magnitude updated: 5.60 (M)
2025/10/22 06:51:03.083982 [Simulation:Info:toast@toast-new:Simulation not generated] Magnitude 5.60 of event bmg2025urdd is smaller than triggerMinMagnitude: no automatic simulation
2025/10/22 06:57:03.864197 [Incident:Info:toast@toast-new:Origin updated] Origin updated: OT: 2025-10-21 23:37:02,  Lat/Lon: 52.5328°/158.864°, Depth: 10
2025/10/22 06:57:03.864425 [Simulation:Info:toast@toast-new:Simulation not generated] Magnitude 5.60 of event bmg2025urdd is smaller than triggerMinMagnitude: no automatic simulation
2025/10/22 07:59:37.664348 [Incident:Info:toast@toast-new:Origin updated] Origin updated: OT: 2025-10-21 23:37:02,  Lat/Lon: 52.5328°/158.864°, Depth: 10
2025/10/22 07:59:37.664530 [Simulation:Info:toast@toast-new:Simulation not generated] Magnitude 5.60 of event bmg2025urdd is smaller than triggerMinMagnitude: no automatic simulation
2025/10/22 10:17:49.391934 [Simulation:Info:toast@toast-new:Simulation(s) triggered] Automatic simulation(s) triggered manually
2025/10/22 10:17:49.392074 [Simulation:Info:toast@toast-new:Event outside source region] Simulation setup: Event outside configured source regions.
2025/10/22 10:17:49.392839 [Simulation:Info:toast@toast-new:Simulation(s) started] No nodal plane available. Starting Simulation(s) with fault plane, Lat/Lon: 52.53°/ 158.86° (MT), Depth: 10.00km (MT), Mag: 5.60 (MT)
2025/10/22 10:17:49.394073 [Simulation:Warning:toast@toast-new:Simulation] EasyWave2: Failed to find preferred grid file []. Grid [pacific_ptwc] is used instead.
2025/10/22 10:17:49.394420 [Simulation:Info:toast@toast-new:Simulation running] TsunAWI: Looking for matching scenarios
2025/10/22 10:17:49.398728 [Simulation:Info:toast@toast-new:Simulation finished] TsunAWI: No matching scenarios
2025/10/22 10:17:49.400228 [Simulation:Info:toast@toast-new:No simulation returned] TsunAWI simulation backend returned no simulation.
2025/10/22 10:17:49.504855 [Simulation:Info:toast@toast-new:Simulation tracked] Tracking progress of EasyWave2 simulation 56052054N158160Efa330931dea1cef81485e60a42bf6c76afefeea2
2025/10/22 10:17:49.510146 [Simulation:Info:toast@toast-new:Simulation tracked] Tracking progress of EasyWave2 simulation 56052054N158160E0495cc3975ca4cdb68dc893e4b0fe507a91429d7
2025/10/22 10:17:51.612463 [Simulation:Error:toast@toast-new:Simulation failed] Failed to calculate EasyWave2 simulation 56052054N158160E0495cc3975ca4cdb68dc893e4b0fe507a91429d7: Error allocating memory
2025/10/22 10:17:51.622518 [Simulation:Error:toast@toast-new:Simulation failed] Failed to calculate EasyWave2 simulation 56052054N158160Efa330931dea1cef81485e60a42bf6c76afefeea2: Error allocating memory
2025/10/22 10:18:20.161794 [Simulation:Info:toast@toast-new:Simulation removed] Removed simulation 56052054N158160Efa330931dea1cef81485e60a42bf6c76afefeea2
2025/10/22 10:18:20.165985 [Simulation:Info:toast@toast-new:Simulation removed] Removed simulation 56052054N158160E0495cc3975ca4cdb68dc893e4b0fe507a91429d7
2025/10/22 10:18:20.166906 [Incident:Info:toast@toast-new:Incident removed] Removed incident - Bye
2025/10/22 11:38:21.335915 [Incident:Info:toast@toast-new:Displacement(s) updated] Added 0 and changed 0 displacements with 0 amplitudes
2025/10/22 11:38:21.337477 [Incident:Info:toast@toast-new:Incident created] Incident created based on event received from messaging: OT: 2025-10-21 23:37:02,  Lat/Lon: 52.53°/158.86°, Depth: 10.00, Mag: 5.60 (M)
2025/10/22 11:38:21.337958 [Simulation:Info:toast@toast-new:Simulation not generated] Magnitude 5.60 of event bmg2025urdd is smaller than triggerMinMagnitude: no automatic simulation
2025/10/22 11:38:21.542206 [Incident:Info:toast@toast-new:Origin updated] Origin updated: OT: 2025-10-21 23:37:02,  Lat/Lon: 52.5328°/158.864°, Depth: 10
2025/10/22 11:38:21.542296 [Simulation:Info:toast@toast-new:Simulation not generated] Magnitude 5.60 of event bmg2025urdd is smaller than triggerMinMagnitude: no automatic simulation
2025/10/22 12:08:09.671062 [Incident:Info:toast@toast-new:Origin updated] Origin updated: OT: 2025-10-21 23:37:08,  Lat/Lon: 52.6298°/158.909°, Depth: 62.9233
2025/10/22 12:08:09.671263 [Incident:Info:toast@toast-new:Magnitude updated] Magnitude updated: 5.37 (mb)
2025/10/22 12:08:09.671310 [Simulation:Info:toast@toast-new:Simulation not generated] Magnitude 5.37 of event bmg2025urdd is smaller than triggerMinMagnitude: no automatic simulation
2025/10/22 12:08:09.689255 [Incident:Info:toast@toast-new:Origin updated] Origin updated: OT: 2025-10-21 23:37:08,  Lat/Lon: 52.6298°/158.909°, Depth: 62.9233
2025/10/22 12:08:09.689352 [Incident:Info:toast@toast-new:Magnitude updated] Magnitude updated: 5.03 (M)
2025/10/22 12:08:09.689387 [Simulation:Info:toast@toast-new:Simulation not generated] Magnitude 5.03 of event bmg2025urdd is smaller than triggerMinMagnitude: no automatic simulation
2025/10/22 12:08:13.869287 [Incident:Info:toast@toast-new:Origin updated] Origin updated: OT: 2025-10-21 23:37:08,  Lat/Lon: 52.6298°/158.909°, Depth: 62.9233
2025/10/22 12:08:13.869483 [Incident:Info:toast@toast-new:Magnitude updated] Magnitude updated: 5.37 (mb)
2025/10/22 12:08:13.869548 [Simulation:Info:toast@toast-new:Simulation not generated] Magnitude 5.37 of event bmg2025urdd is smaller than triggerMinMagnitude: no automatic simulation
2025/10/27 09:04:14.605533 [Incident:Info:toast@toast-new:Displacement(s) updated] Added 0 and changed 0 displacements with 0 amplitudes
2025/10/27 09:04:14.607528 [Incident:Info:toast@toast-new:Incident created] Incident created based on event received from messaging: OT: 2025-10-21 23:37:08,  Lat/Lon: 52.63°/158.91°, Depth: 62.49, Mag: 5.37 (mb)
2025/10/27 09:04:14.608199 [Simulation:Info:toast@toast-new:Simulation not generated] Magnitude 5.37 of event bmg2025urdd is smaller than triggerMinMagnitude: no automatic simulation
2025/10/27 09:04:14.629868 [Incident:Info:toast@toast-new:Origin updated] Origin updated: OT: 2025-10-21 23:37:08,  Lat/Lon: 52.6288°/158.905°, Depth: 62.4911
2025/10/27 09:04:14.629998 [Simulation:Info:toast@toast-new:Simulation not generated] Magnitude 5.37 of event bmg2025urdd is smaller than triggerMinMagnitude: no automatic simulation
2025/10/27 09:04:14.751225 [Incident:Info:toast@toast-new:Origin updated] Origin updated: OT: 2025-10-21 23:37:08,  Lat/Lon: 52.6288°/158.905°, Depth: 62.4911
2025/10/27 09:04:14.751340 [Simulation:Info:toast@toast-new:Simulation not generated] Magnitude 5.37 of event bmg2025urdd is smaller than triggerMinMagnitude: no automatic simulation
