2025/10/30 17:36:05.482317 [Incident:Info:toast@toast-new:Displacement(s) updated] Added 0 and changed 0 displacements with 0 amplitudes
2025/10/30 17:36:05.484903 [Incident:Info:toast@toast-new:Incident created] Incident created based on event received from messaging: OT: 2025-10-30 10:22:49,  Lat/Lon: 51.61°/159.45°, Depth: 10.00, Mag: 5.63 (M)
2025/10/30 17:36:05.485400 [Simulation:Info:toast@toast-new:Simulation not generated] Magnitude 5.63 of event bmg2025vgom is smaller than triggerMinMagnitude: no automatic simulation
2025/10/30 17:36:05.500014 [Incident:Info:toast@toast-new:Origin updated] Origin updated: OT: 2025-10-30 10:22:49,  Lat/Lon: 51.605°/159.447°, Depth: 10
2025/10/30 17:36:05.500136 [Simulation:Info:toast@toast-new:Simulation not generated] Magnitude 5.63 of event bmg2025vgom is smaller than triggerMinMagnitude: no automatic simulation
2025/10/30 17:38:43.651583 [Incident:Info:toast@toast-new:Origin updated] Origin updated: OT: 2025-10-30 10:22:49,  Lat/Lon: 51.6044°/159.448°, Depth: 10
2025/10/30 17:38:43.651772 [Incident:Info:toast@toast-new:Magnitude updated] Magnitude updated: 5.63 (M)
2025/10/30 17:38:43.651805 [Simulation:Info:toast@toast-new:Simulation not generated] Magnitude 5.63 of event bmg2025vgom is smaller than triggerMinMagnitude: no automatic simulation
2025/10/30 17:40:53.796125 [Incident:Info:toast@toast-new:Origin updated] Origin updated: OT: 2025-10-30 10:22:49,  Lat/Lon: 51.6047°/159.448°, Depth: 10
2025/10/30 17:40:53.796300 [Incident:Info:toast@toast-new:Magnitude updated] Magnitude updated: 5.63 (M)
2025/10/30 17:40:53.796334 [Simulation:Info:toast@toast-new:Simulation not generated] Magnitude 5.63 of event bmg2025vgom is smaller than triggerMinMagnitude: no automatic simulation
2025/10/30 17:48:16.752823 [Incident:Info:toast@toast-new:Origin updated] Origin updated: OT: 2025-10-30 10:22:49,  Lat/Lon: 51.607°/159.463°, Depth: 10
2025/10/30 17:48:16.752994 [Incident:Info:toast@toast-new:Magnitude updated] Magnitude updated: 5.63 (M)
2025/10/30 17:48:16.753029 [Simulation:Info:toast@toast-new:Simulation not generated] Magnitude 5.63 of event bmg2025vgom is smaller than triggerMinMagnitude: no automatic simulation
2025/10/30 17:48:48.664565 [Incident:Info:toast@toast-new:Origin updated] Origin updated: OT: 2025-10-30 10:22:49,  Lat/Lon: 51.607°/159.463°, Depth: 10
2025/10/30 17:48:48.664716 [Incident:Info:toast@toast-new:Magnitude updated] Magnitude updated: 5.64 (M)
2025/10/30 17:48:48.664745 [Simulation:Info:toast@toast-new:Simulation not generated] Magnitude 5.64 of event bmg2025vgom is smaller than triggerMinMagnitude: no automatic simulation
2025/10/30 21:17:10.802622 [Incident:Info:toast@toast-new:Origin updated] Origin updated: OT: 2025-10-30 10:22:49,  Lat/Lon: 51.6415°/159.433°, Depth: 10
2025/10/30 21:17:10.802799 [Incident:Info:toast@toast-new:Magnitude updated] Magnitude updated: 5.18 (mb)
2025/10/30 21:17:10.802897 [Simulation:Info:toast@toast-new:Simulation not generated] Magnitude 5.18 of event bmg2025vgom is smaller than triggerMinMagnitude: no automatic simulation
2025/10/30 21:17:10.818449 [Incident:Info:toast@toast-new:Origin updated] Origin updated: OT: 2025-10-30 10:22:49,  Lat/Lon: 51.6415°/159.433°, Depth: 10
2025/10/30 21:17:10.818565 [Incident:Info:toast@toast-new:Magnitude updated] Magnitude updated: 5.64 (M)
2025/10/30 21:17:10.818642 [Simulation:Info:toast@toast-new:Simulation not generated] Magnitude 5.64 of event bmg2025vgom is smaller than triggerMinMagnitude: no automatic simulation
2025/10/30 23:04:56.107847 [Incident:Info:toast@toast-new:Origin updated] Origin updated: OT: 2025-10-30 10:22:48,  Lat/Lon: 51.6058°/159.543°, Depth: 10
2025/10/30 23:04:56.108032 [Incident:Info:toast@toast-new:Magnitude updated] Magnitude updated: 5.16 (mb)
2025/10/30 23:04:56.108144 [Simulation:Info:toast@toast-new:Simulation not generated] Magnitude 5.16 of event bmg2025vgom is smaller than triggerMinMagnitude: no automatic simulation
2025/10/30 23:04:56.122613 [Incident:Info:toast@toast-new:Origin updated] Origin updated: OT: 2025-10-30 10:22:48,  Lat/Lon: 51.6058°/159.543°, Depth: 10
2025/10/30 23:04:56.122731 [Incident:Info:toast@toast-new:Magnitude updated] Magnitude updated: 5.46 (M)
2025/10/30 23:04:56.122795 [Simulation:Info:toast@toast-new:Simulation not generated] Magnitude 5.46 of event bmg2025vgom is smaller than triggerMinMagnitude: no automatic simulation
2025/10/30 23:04:58.900268 [Incident:Info:toast@toast-new:Origin updated] Origin updated: OT: 2025-10-30 10:22:48,  Lat/Lon: 51.6058°/159.543°, Depth: 10
2025/10/30 23:04:58.900471 [Incident:Info:toast@toast-new:Magnitude updated] Magnitude updated: 5.16 (mb)
2025/10/30 23:04:58.900578 [Simulation:Info:toast@toast-new:Simulation not generated] Magnitude 5.16 of event bmg2025vgom is smaller than triggerMinMagnitude: no automatic simulation
2025/11/02 05:56:15.889238 [Incident:Info:toast@toast-new:Origin updated] Origin updated: OT: 2025-10-30 10:22:53,  Lat/Lon: 51.6165°/159.508°, Depth: 38.3475
2025/11/02 05:56:15.890371 [Incident:Info:toast@toast-new:Magnitude updated] Magnitude updated: 5.13 (mb)
2025/11/02 05:56:15.890454 [Simulation:Info:toast@toast-new:Simulation not generated] Magnitude 5.13 of event bmg2025vgom is smaller than triggerMinMagnitude: no automatic simulation
2025/11/02 05:56:16.008641 [Incident:Info:toast@toast-new:Origin updated] Origin updated: OT: 2025-10-30 10:22:53,  Lat/Lon: 51.6165°/159.508°, Depth: 38.3475
2025/11/02 05:56:16.008756 [Simulation:Info:toast@toast-new:Simulation not generated] Magnitude 5.13 of event bmg2025vgom is smaller than triggerMinMagnitude: no automatic simulation
