2025/10/12 02:31:29.793794 [Incident:Info:toast@toast-new:Displacement(s) updated] Added 0 and changed 0 displacements with 0 amplitudes
2025/10/12 02:31:29.795157 [Incident:Info:toast@toast-new:Incident created] Incident created based on event received from messaging: OT: 2025-10-11 19:28:27,  Lat/Lon: 7.92°/126.89°, Depth: 65.12, Mag: 5.24 (MLv)
2025/10/12 02:31:29.795791 [Simulation:Info:toast@toast-new:Simulation not generated] Magnitude 5.24 of event bmg2025tynx is smaller than triggerMinMagnitude: no automatic simulation
2025/10/12 02:31:29.817316 [Incident:Info:toast@toast-new:Origin updated] Origin updated: OT: 2025-10-11 19:28:27,  Lat/Lon: 7.91712°/126.888°, Depth: 65.1161
2025/10/12 02:31:29.817456 [Simulation:Info:toast@toast-new:Simulation not generated] Magnitude 5.24 of event bmg2025tynx is smaller than triggerMinMagnitude: no automatic simulation
2025/10/12 02:32:50.742382 [Incident:Info:toast@toast-new:Origin updated] Origin updated: OT: 2025-10-11 19:28:27,  Lat/Lon: 7.87001°/126.893°, Depth: 57.1291
2025/10/12 02:32:50.742586 [Incident:Info:toast@toast-new:Magnitude updated] Magnitude updated: 5.22 (mb)
2025/10/12 02:32:50.742621 [Simulation:Info:toast@toast-new:Simulation not generated] Magnitude 5.22 of event bmg2025tynx is smaller than triggerMinMagnitude: no automatic simulation
2025/10/12 02:33:18.231145 [Incident:Info:toast@toast-new:Origin updated] Origin updated: OT: 2025-10-11 19:28:26,  Lat/Lon: 7.96133°/126.878°, Depth: 75.8407
2025/10/12 02:33:18.231388 [Incident:Info:toast@toast-new:Magnitude updated] Magnitude updated: 5.28 (MLv)
2025/10/12 02:33:18.231441 [Simulation:Info:toast@toast-new:Simulation not generated] Magnitude 5.28 of event bmg2025tynx is smaller than triggerMinMagnitude: no automatic simulation
2025/10/12 14:08:48.804079 [Incident:Info:toast@toast-new:Origin updated] Origin updated: OT: 2025-10-11 19:28:31,  Lat/Lon: 7.591°/126.766°, Depth: 84.2354
2025/10/12 14:08:48.804270 [Incident:Info:toast@toast-new:Magnitude updated] Magnitude updated: 5.16 (MLv)
2025/10/12 14:08:48.804305 [Simulation:Info:toast@toast-new:Simulation not generated] Magnitude 5.16 of event bmg2025tynx is smaller than triggerMinMagnitude: no automatic simulation
2025/10/12 14:08:55.437597 [Incident:Info:toast@toast-new:Origin updated] Origin updated: OT: 2025-10-11 19:28:31,  Lat/Lon: 7.591°/126.766°, Depth: 84.2354
2025/10/12 14:08:55.437776 [Incident:Info:toast@toast-new:Magnitude updated] Magnitude updated: 5.13 (mb)
2025/10/12 14:08:55.437835 [Simulation:Info:toast@toast-new:Simulation not generated] Magnitude 5.13 of event bmg2025tynx is smaller than triggerMinMagnitude: no automatic simulation
2025/10/18 19:28:54.043612 [Incident:Info:toast@toast-new:Origin updated] Origin updated: OT: 2025-10-11 19:28:33,  Lat/Lon: 7.42457°/126.697°, Depth: 88.5364
2025/10/18 19:28:54.044949 [Incident:Info:toast@toast-new:Magnitude updated] Magnitude updated: 5.11 (mb)
2025/10/18 19:28:54.045013 [Simulation:Info:toast@toast-new:Simulation not generated] Magnitude 5.11 of event bmg2025tynx is smaller than triggerMinMagnitude: no automatic simulation
2025/10/18 19:28:54.130256 [Incident:Info:toast@toast-new:Origin updated] Origin updated: OT: 2025-10-11 19:28:33,  Lat/Lon: 7.42457°/126.697°, Depth: 88.5364
2025/10/18 19:28:54.130437 [Incident:Info:toast@toast-new:Magnitude updated] Magnitude updated: 5.11 (MLv)
2025/10/18 19:28:54.130482 [Simulation:Info:toast@toast-new:Simulation not generated] Magnitude 5.11 of event bmg2025tynx is smaller than triggerMinMagnitude: no automatic simulation
