2025/10/08 04:45:50.223256 [Incident:Info:toast@toast-new:Displacement(s) updated] Added 0 and changed 0 displacements with 0 amplitudes
2025/10/08 04:45:50.227583 [Incident:Info:toast@toast-new:Incident created] Incident created based on event received from messaging: OT: 2025-10-07 21:38:49,  Lat/Lon: 27.97°/129.31°, Depth: 10.00, Mag: 5.27 (M)
2025/10/08 04:45:50.228214 [Simulation:Info:toast@toast-new:Simulation not generated] Magnitude 5.27 of event bmg2025trkf is smaller than triggerMinMagnitude: no automatic simulation
2025/10/08 04:45:50.259867 [Incident:Info:toast@toast-new:Origin updated] Origin updated: OT: 2025-10-07 21:38:49,  Lat/Lon: 27.9683°/129.312°, Depth: 10
2025/10/08 04:45:50.260112 [Simulation:Info:toast@toast-new:Simulation not generated] Magnitude 5.27 of event bmg2025trkf is smaller than triggerMinMagnitude: no automatic simulation
2025/10/08 04:45:55.203641 [Incident:Info:toast@toast-new:Origin updated] Origin updated: OT: 2025-10-07 21:38:49,  Lat/Lon: 27.9683°/129.312°, Depth: 10
2025/10/08 04:45:55.204004 [Incident:Info:toast@toast-new:Magnitude updated] Magnitude updated: 5.25 (M)
2025/10/08 04:45:55.204176 [Simulation:Info:toast@toast-new:Simulation not generated] Magnitude 5.25 of event bmg2025trkf is smaller than triggerMinMagnitude: no automatic simulation
2025/10/08 04:45:59.935653 [Incident:Info:toast@toast-new:Origin updated] Origin updated: OT: 2025-10-07 21:38:49,  Lat/Lon: 27.9683°/129.312°, Depth: 10
2025/10/08 04:45:59.935942 [Incident:Info:toast@toast-new:Magnitude updated] Magnitude updated: 5.25 (M)
2025/10/08 04:45:59.936093 [Simulation:Info:toast@toast-new:Simulation not generated] Magnitude 5.25 of event bmg2025trkf is smaller than triggerMinMagnitude: no automatic simulation
2025/10/08 04:45:59.955770 [Incident:Info:toast@toast-new:Origin updated] Origin updated: OT: 2025-10-07 21:38:47,  Lat/Lon: 28.1501°/129.366°, Depth: 10
2025/10/08 04:45:59.956070 [Incident:Info:toast@toast-new:Magnitude updated] Magnitude updated: 5.26 (M)
2025/10/08 04:45:59.956177 [Simulation:Info:toast@toast-new:Simulation not generated] Magnitude 5.26 of event bmg2025trkf is smaller than triggerMinMagnitude: no automatic simulation
2025/10/08 04:46:00.218869 [Incident:Info:toast@toast-new:Origin updated] Origin updated: OT: 2025-10-07 21:38:47,  Lat/Lon: 28.1501°/129.366°, Depth: 10
2025/10/08 04:46:00.219293 [Incident:Info:toast@toast-new:Magnitude updated] Magnitude updated: 5.27 (M)
2025/10/08 04:46:00.219518 [Simulation:Info:toast@toast-new:Simulation not generated] Magnitude 5.27 of event bmg2025trkf is smaller than triggerMinMagnitude: no automatic simulation
2025/10/08 04:46:05.206404 [Incident:Info:toast@toast-new:Origin updated] Origin updated: OT: 2025-10-07 21:38:47,  Lat/Lon: 28.1501°/129.366°, Depth: 10
2025/10/08 04:46:05.206836 [Incident:Info:toast@toast-new:Magnitude updated] Magnitude updated: 5.25 (M)
2025/10/08 04:46:05.207038 [Simulation:Info:toast@toast-new:Simulation not generated] Magnitude 5.25 of event bmg2025trkf is smaller than triggerMinMagnitude: no automatic simulation
2025/10/08 04:46:09.915374 [Incident:Info:toast@toast-new:Origin updated] Origin updated: OT: 2025-10-07 21:38:47,  Lat/Lon: 28.1599°/129.334°, Depth: 10
2025/10/08 04:46:09.915854 [Incident:Info:toast@toast-new:Magnitude updated] Magnitude updated: 5.24 (M)
2025/10/08 04:46:09.916088 [Simulation:Info:toast@toast-new:Simulation not generated] Magnitude 5.24 of event bmg2025trkf is smaller than triggerMinMagnitude: no automatic simulation
2025/10/08 04:46:23.184876 [Incident:Info:toast@toast-new:Origin updated] Origin updated: OT: 2025-10-07 21:38:48,  Lat/Lon: 28.0446°/129.291°, Depth: 10
2025/10/08 04:46:23.185330 [Incident:Info:toast@toast-new:Magnitude updated] Magnitude updated: 5.24 (M)
2025/10/08 04:46:23.185532 [Simulation:Info:toast@toast-new:Simulation not generated] Magnitude 5.24 of event bmg2025trkf is smaller than triggerMinMagnitude: no automatic simulation
2025/10/08 04:46:25.220351 [Incident:Info:toast@toast-new:Origin updated] Origin updated: OT: 2025-10-07 21:38:48,  Lat/Lon: 28.0446°/129.291°, Depth: 10
2025/10/08 04:46:25.220845 [Incident:Info:toast@toast-new:Magnitude updated] Magnitude updated: 5.24 (M)
2025/10/08 04:46:25.221077 [Simulation:Info:toast@toast-new:Simulation not generated] Magnitude 5.24 of event bmg2025trkf is smaller than triggerMinMagnitude: no automatic simulation
2025/10/08 04:46:30.227351 [Incident:Info:toast@toast-new:Origin updated] Origin updated: OT: 2025-10-07 21:38:48,  Lat/Lon: 28.0446°/129.291°, Depth: 10
2025/10/08 04:46:30.227784 [Incident:Info:toast@toast-new:Magnitude updated] Magnitude updated: 5.22 (M)
2025/10/08 04:46:30.227991 [Simulation:Info:toast@toast-new:Simulation not generated] Magnitude 5.22 of event bmg2025trkf is smaller than triggerMinMagnitude: no automatic simulation
2025/10/08 04:46:37.484140 [Incident:Info:toast@toast-new:Origin updated] Origin updated: OT: 2025-10-07 21:38:42,  Lat/Lon: 28.8185°/129.449°, Depth: 10
2025/10/08 04:46:37.484634 [Incident:Info:toast@toast-new:Magnitude updated] Magnitude updated: 5.28 (M)
2025/10/08 04:46:37.484896 [Simulation:Info:toast@toast-new:Simulation not generated] Magnitude 5.28 of event bmg2025trkf is smaller than triggerMinMagnitude: no automatic simulation
2025/10/08 04:46:50.216565 [Incident:Info:toast@toast-new:Origin updated] Origin updated: OT: 2025-10-07 21:38:42,  Lat/Lon: 28.8185°/129.449°, Depth: 10
2025/10/08 04:46:50.217046 [Incident:Info:toast@toast-new:Magnitude updated] Magnitude updated: 5.30 (M)
2025/10/08 04:46:50.217295 [Simulation:Info:toast@toast-new:Simulation not generated] Magnitude 5.30 of event bmg2025trkf is smaller than triggerMinMagnitude: no automatic simulation
2025/10/08 04:46:51.659528 [Incident:Info:toast@toast-new:Origin updated] Origin updated: OT: 2025-10-07 21:38:37,  Lat/Lon: 29.3971°/129.5°, Depth: 10
2025/10/08 04:46:51.660091 [Incident:Info:toast@toast-new:Magnitude updated] Magnitude updated: 5.33 (M)
2025/10/08 04:46:51.660410 [Simulation:Info:toast@toast-new:Simulation not generated] Magnitude 5.33 of event bmg2025trkf is smaller than triggerMinMagnitude: no automatic simulation
2025/10/08 04:46:55.216275 [Incident:Info:toast@toast-new:Origin updated] Origin updated: OT: 2025-10-07 21:38:37,  Lat/Lon: 29.3971°/129.5°, Depth: 10
2025/10/08 04:46:55.216778 [Incident:Info:toast@toast-new:Magnitude updated] Magnitude updated: 5.32 (M)
2025/10/08 04:46:55.217038 [Simulation:Info:toast@toast-new:Simulation not generated] Magnitude 5.32 of event bmg2025trkf is smaller than triggerMinMagnitude: no automatic simulation
2025/10/08 04:47:00.216063 [Incident:Info:toast@toast-new:Origin updated] Origin updated: OT: 2025-10-07 21:38:37,  Lat/Lon: 29.3971°/129.5°, Depth: 10
2025/10/08 04:47:00.216524 [Incident:Info:toast@toast-new:Magnitude updated] Magnitude updated: 5.32 (M)
2025/10/08 04:47:00.216761 [Simulation:Info:toast@toast-new:Simulation not generated] Magnitude 5.32 of event bmg2025trkf is smaller than triggerMinMagnitude: no automatic simulation
2025/10/08 04:47:06.338640 [Incident:Info:toast@toast-new:Origin updated] Origin updated: OT: 2025-10-07 21:38:37,  Lat/Lon: 29.3895°/129.506°, Depth: 10
2025/10/08 04:47:06.339115 [Incident:Info:toast@toast-new:Magnitude updated] Magnitude updated: 5.32 (M)
2025/10/08 04:47:06.339390 [Simulation:Info:toast@toast-new:Simulation not generated] Magnitude 5.32 of event bmg2025trkf is smaller than triggerMinMagnitude: no automatic simulation
2025/10/08 04:47:15.220178 [Incident:Info:toast@toast-new:Origin updated] Origin updated: OT: 2025-10-07 21:38:37,  Lat/Lon: 29.3895°/129.506°, Depth: 10
2025/10/08 04:47:15.220693 [Incident:Info:toast@toast-new:Magnitude updated] Magnitude updated: 5.34 (M)
2025/10/08 04:47:15.221007 [Simulation:Info:toast@toast-new:Simulation not generated] Magnitude 5.34 of event bmg2025trkf is smaller than triggerMinMagnitude: no automatic simulation
2025/10/08 04:47:20.232461 [Incident:Info:toast@toast-new:Origin updated] Origin updated: OT: 2025-10-07 21:38:37,  Lat/Lon: 29.3895°/129.506°, Depth: 10
2025/10/08 04:47:20.233027 [Incident:Info:toast@toast-new:Magnitude updated] Magnitude updated: 5.34 (M)
2025/10/08 04:47:20.233345 [Simulation:Info:toast@toast-new:Simulation not generated] Magnitude 5.34 of event bmg2025trkf is smaller than triggerMinMagnitude: no automatic simulation
2025/10/08 04:47:25.224606 [Incident:Info:toast@toast-new:Origin updated] Origin updated: OT: 2025-10-07 21:38:37,  Lat/Lon: 29.3895°/129.506°, Depth: 10
2025/10/08 04:47:25.225378 [Incident:Info:toast@toast-new:Magnitude updated] Magnitude updated: 5.33 (M)
2025/10/08 04:47:25.225777 [Simulation:Info:toast@toast-new:Simulation not generated] Magnitude 5.33 of event bmg2025trkf is smaller than triggerMinMagnitude: no automatic simulation
2025/10/08 04:47:28.181593 [Incident:Info:toast@toast-new:Origin updated] Origin updated: OT: 2025-10-07 21:38:42,  Lat/Lon: 29.3035°/129.321°, Depth: 42.2441
2025/10/08 04:47:28.182122 [Incident:Info:toast@toast-new:Magnitude updated] Magnitude updated: 5.45 (mb)
2025/10/08 04:47:28.182438 [Simulation:Info:toast@toast-new:Simulation not generated] Magnitude 5.45 of event bmg2025trkf is smaller than triggerMinMagnitude: no automatic simulation
2025/10/08 04:47:28.637313 [Incident:Info:toast@toast-new:Origin updated] Origin updated: OT: 2025-10-07 21:38:42,  Lat/Lon: 29.3035°/129.321°, Depth: 42.2441
2025/10/08 04:47:28.638044 [Incident:Info:toast@toast-new:Magnitude updated] Magnitude updated: 5.32 (M)
2025/10/08 04:47:28.638520 [Simulation:Info:toast@toast-new:Simulation not generated] Magnitude 5.32 of event bmg2025trkf is smaller than triggerMinMagnitude: no automatic simulation
2025/10/08 04:47:37.058855 [Incident:Info:toast@toast-new:Origin updated] Origin updated: OT: 2025-10-07 21:38:42,  Lat/Lon: 29.3035°/129.321°, Depth: 42.2441
2025/10/08 04:47:37.059465 [Incident:Info:toast@toast-new:Magnitude updated] Magnitude updated: 5.37 (M)
2025/10/08 04:47:37.059785 [Simulation:Info:toast@toast-new:Simulation not generated] Magnitude 5.37 of event bmg2025trkf is smaller than triggerMinMagnitude: no automatic simulation
2025/10/08 14:05:34.950381 [Incident:Info:toast@toast-new:Origin updated] Origin updated: OT: 2025-10-07 21:38:37,  Lat/Lon: 29.3865°/129.443°, Depth: 14.2053
2025/10/08 14:05:34.950869 [Incident:Info:toast@toast-new:Magnitude updated] Magnitude updated: 5.47 (mb)
2025/10/08 14:05:34.951071 [Simulation:Info:toast@toast-new:Simulation not generated] Magnitude 5.47 of event bmg2025trkf is smaller than triggerMinMagnitude: no automatic simulation
2025/10/08 14:05:36.536698 [Incident:Info:toast@toast-new:Origin updated] Origin updated: OT: 2025-10-07 21:38:37,  Lat/Lon: 29.3865°/129.443°, Depth: 14.2053
2025/10/08 14:05:36.537263 [Incident:Info:toast@toast-new:Magnitude updated] Magnitude updated: 5.40 (M)
2025/10/08 14:05:36.537590 [Simulation:Info:toast@toast-new:Simulation not generated] Magnitude 5.40 of event bmg2025trkf is smaller than triggerMinMagnitude: no automatic simulation
2025/10/08 14:05:41.116008 [Incident:Info:toast@toast-new:Origin updated] Origin updated: OT: 2025-10-07 21:38:37,  Lat/Lon: 29.3865°/129.443°, Depth: 14.2053
2025/10/08 14:05:41.116637 [Incident:Info:toast@toast-new:Magnitude updated] Magnitude updated: 5.47 (mb)
2025/10/08 14:05:41.116985 [Simulation:Info:toast@toast-new:Simulation not generated] Magnitude 5.47 of event bmg2025trkf is smaller than triggerMinMagnitude: no automatic simulation
2025/10/09 23:26:20.889481 [Incident:Info:toast@toast-new:Incident removed] Removed incident - Bye
2025/10/14 22:06:31.005564 [Incident:Info:toast@toast-new:Displacement(s) updated] Added 0 and changed 0 displacements with 0 amplitudes
2025/10/14 22:06:31.013285 [Incident:Info:toast@toast-new:Incident created] Incident created based on event received from messaging: OT: 2025-10-07 21:38:38,  Lat/Lon: 29.36°/129.43°, Depth: 18.19, Mag: 5.48 (mb)
2025/10/14 22:06:31.013929 [Simulation:Info:toast@toast-new:Simulation not generated] Magnitude 5.48 of event bmg2025trkf is smaller than triggerMinMagnitude: no automatic simulation
2025/10/14 22:06:31.033054 [Incident:Info:toast@toast-new:Origin updated] Origin updated: OT: 2025-10-07 21:38:38,  Lat/Lon: 29.3645°/129.428°, Depth: 18.1878
2025/10/14 22:06:31.033225 [Simulation:Info:toast@toast-new:Simulation not generated] Magnitude 5.48 of event bmg2025trkf is smaller than triggerMinMagnitude: no automatic simulation
2025/10/14 22:06:31.051736 [Incident:Info:toast@toast-new:Origin updated] Origin updated: OT: 2025-10-07 21:38:38,  Lat/Lon: 29.3645°/129.428°, Depth: 18.1878
2025/10/14 22:06:31.051874 [Incident:Info:toast@toast-new:Magnitude updated] Magnitude updated: 5.31 (Mw(mB))
2025/10/14 22:06:31.051930 [Simulation:Info:toast@toast-new:Simulation not generated] Magnitude 5.31 of event bmg2025trkf is smaller than triggerMinMagnitude: no automatic simulation
