2025/11/01 04:30:35.240307 [Incident:Info:toast@toast-new:Displacement(s) updated] Added 0 and changed 0 displacements with 0 amplitudes
2025/11/01 04:30:35.240713 [Incident:Info:toast@toast-new:Incident created] Incident created based on event received from messaging: OT: 2025-10-31 21:27:53,  Lat/Lon: 7.15°/126.90°, Depth: 71.46, Mag: 5.05 (M)
2025/11/01 04:30:35.241310 [Simulation:Info:toast@toast-new:Simulation not generated] Magnitude 5.05 of event bmg2025vjfx is smaller than triggerMinMagnitude: no automatic simulation
2025/11/01 04:30:35.262080 [Incident:Info:toast@toast-new:Origin updated] Origin updated: OT: 2025-10-31 21:27:53,  Lat/Lon: 7.15087°/126.899°, Depth: 71.4604
2025/11/01 04:30:35.262228 [Simulation:Info:toast@toast-new:Simulation not generated] Magnitude 5.05 of event bmg2025vjfx is smaller than triggerMinMagnitude: no automatic simulation
2025/11/01 04:30:37.628117 [Incident:Info:toast@toast-new:Origin updated] Origin updated: OT: 2025-10-31 21:27:53,  Lat/Lon: 7.15087°/126.899°, Depth: 71.4604
2025/11/01 04:30:37.628295 [Incident:Info:toast@toast-new:Magnitude updated] Magnitude updated: 5.05 (M)
2025/11/01 04:30:37.628348 [Simulation:Info:toast@toast-new:Simulation not generated] Magnitude 5.05 of event bmg2025vjfx is smaller than triggerMinMagnitude: no automatic simulation
2025/11/01 04:30:38.761479 [Incident:Info:toast@toast-new:Origin updated] Origin updated: OT: 2025-10-31 21:27:53,  Lat/Lon: 7.15087°/126.899°, Depth: 71.4604
2025/11/01 04:30:38.761699 [Incident:Info:toast@toast-new:Magnitude updated] Magnitude updated: 5.05 (M)
2025/11/01 04:30:38.761759 [Simulation:Info:toast@toast-new:Simulation not generated] Magnitude 5.05 of event bmg2025vjfx is smaller than triggerMinMagnitude: no automatic simulation
2025/11/01 04:30:43.792235 [Incident:Info:toast@toast-new:Origin updated] Origin updated: OT: 2025-10-31 21:27:53,  Lat/Lon: 7.15087°/126.899°, Depth: 71.4604
2025/11/01 04:30:43.792417 [Incident:Info:toast@toast-new:Magnitude updated] Magnitude updated: 5.06 (M)
2025/11/01 04:30:43.792517 [Simulation:Info:toast@toast-new:Simulation not generated] Magnitude 5.06 of event bmg2025vjfx is smaller than triggerMinMagnitude: no automatic simulation
2025/11/01 04:30:45.978405 [Incident:Info:toast@toast-new:Origin updated] Origin updated: OT: 2025-10-31 21:27:52,  Lat/Lon: 7.21863°/126.93°, Depth: 81.7115
2025/11/01 04:30:45.978590 [Incident:Info:toast@toast-new:Magnitude updated] Magnitude updated: 5.12 (M)
2025/11/01 04:30:45.978632 [Simulation:Info:toast@toast-new:Simulation not generated] Magnitude 5.12 of event bmg2025vjfx is smaller than triggerMinMagnitude: no automatic simulation
2025/11/01 04:30:53.755364 [Incident:Info:toast@toast-new:Origin updated] Origin updated: OT: 2025-10-31 21:27:52,  Lat/Lon: 7.21863°/126.93°, Depth: 81.7115
2025/11/01 04:30:53.755540 [Incident:Info:toast@toast-new:Magnitude updated] Magnitude updated: 5.08 (M)
2025/11/01 04:30:53.755574 [Simulation:Info:toast@toast-new:Simulation not generated] Magnitude 5.08 of event bmg2025vjfx is smaller than triggerMinMagnitude: no automatic simulation
2025/11/01 04:30:57.753598 [Incident:Info:toast@toast-new:Origin updated] Origin updated: OT: 2025-10-31 21:27:52,  Lat/Lon: 6.97147°/126.986°, Depth: 10
2025/11/01 04:30:57.753813 [Incident:Info:toast@toast-new:Magnitude updated] Magnitude updated: 5.02 (M)
2025/11/01 04:30:57.753923 [Simulation:Info:toast@toast-new:Simulation not generated] Magnitude 5.02 of event bmg2025vjfx is smaller than triggerMinMagnitude: no automatic simulation
2025/11/01 04:30:58.730129 [Incident:Info:toast@toast-new:Origin updated] Origin updated: OT: 2025-10-31 21:27:52,  Lat/Lon: 6.97147°/126.986°, Depth: 10
2025/11/01 04:30:58.730309 [Incident:Info:toast@toast-new:Magnitude updated] Magnitude updated: 5.02 (M)
2025/11/01 04:30:58.730343 [Simulation:Info:toast@toast-new:Simulation not generated] Magnitude 5.02 of event bmg2025vjfx is smaller than triggerMinMagnitude: no automatic simulation
2025/11/01 04:31:03.719680 [Incident:Info:toast@toast-new:Origin updated] Origin updated: OT: 2025-10-31 21:27:52,  Lat/Lon: 6.97147°/126.986°, Depth: 10
2025/11/01 04:31:03.719846 [Incident:Info:toast@toast-new:Magnitude updated] Magnitude updated: 5.02 (M)
2025/11/01 04:31:03.719882 [Simulation:Info:toast@toast-new:Simulation not generated] Magnitude 5.02 of event bmg2025vjfx is smaller than triggerMinMagnitude: no automatic simulation
2025/11/01 04:31:08.791390 [Incident:Info:toast@toast-new:Origin updated] Origin updated: OT: 2025-10-31 21:27:52,  Lat/Lon: 6.97147°/126.986°, Depth: 10
2025/11/01 04:31:08.791553 [Incident:Info:toast@toast-new:Magnitude updated] Magnitude updated: 5.02 (M)
2025/11/01 04:31:08.791586 [Simulation:Info:toast@toast-new:Simulation not generated] Magnitude 5.02 of event bmg2025vjfx is smaller than triggerMinMagnitude: no automatic simulation
2025/11/01 04:31:13.758526 [Incident:Info:toast@toast-new:Origin updated] Origin updated: OT: 2025-10-31 21:27:52,  Lat/Lon: 6.97147°/126.986°, Depth: 10
2025/11/01 04:31:13.758720 [Incident:Info:toast@toast-new:Magnitude updated] Magnitude updated: 5.03 (M)
2025/11/01 04:31:13.758762 [Simulation:Info:toast@toast-new:Simulation not generated] Magnitude 5.03 of event bmg2025vjfx is smaller than triggerMinMagnitude: no automatic simulation
2025/11/01 04:31:13.964074 [Incident:Info:toast@toast-new:Origin updated] Origin updated: OT: 2025-10-31 21:27:52,  Lat/Lon: 6.99656°/127.06°, Depth: 10
2025/11/01 04:31:13.964287 [Incident:Info:toast@toast-new:Magnitude updated] Magnitude updated: 5.03 (M)
2025/11/01 04:31:13.964335 [Simulation:Info:toast@toast-new:Simulation not generated] Magnitude 5.03 of event bmg2025vjfx is smaller than triggerMinMagnitude: no automatic simulation
2025/11/01 04:31:18.800536 [Incident:Info:toast@toast-new:Origin updated] Origin updated: OT: 2025-10-31 21:27:52,  Lat/Lon: 6.99656°/127.06°, Depth: 10
2025/11/01 04:31:18.800694 [Incident:Info:toast@toast-new:Magnitude updated] Magnitude updated: 5.02 (M)
2025/11/01 04:31:18.800732 [Simulation:Info:toast@toast-new:Simulation not generated] Magnitude 5.02 of event bmg2025vjfx is smaller than triggerMinMagnitude: no automatic simulation
2025/11/01 04:31:23.778562 [Incident:Info:toast@toast-new:Origin updated] Origin updated: OT: 2025-10-31 21:27:52,  Lat/Lon: 6.99656°/127.06°, Depth: 10
2025/11/01 04:31:23.778747 [Incident:Info:toast@toast-new:Magnitude updated] Magnitude updated: 5.05 (M)
2025/11/01 04:31:23.778781 [Simulation:Info:toast@toast-new:Simulation not generated] Magnitude 5.05 of event bmg2025vjfx is smaller than triggerMinMagnitude: no automatic simulation
2025/11/01 04:31:28.752680 [Incident:Info:toast@toast-new:Origin updated] Origin updated: OT: 2025-10-31 21:27:52,  Lat/Lon: 6.99656°/127.06°, Depth: 10
2025/11/01 04:31:28.752853 [Incident:Info:toast@toast-new:Magnitude updated] Magnitude updated: 5.05 (M)
2025/11/01 04:31:28.752900 [Simulation:Info:toast@toast-new:Simulation not generated] Magnitude 5.05 of event bmg2025vjfx is smaller than triggerMinMagnitude: no automatic simulation
2025/11/01 04:31:38.718271 [Incident:Info:toast@toast-new:Origin updated] Origin updated: OT: 2025-10-31 21:27:52,  Lat/Lon: 6.99656°/127.06°, Depth: 10
2025/11/01 04:31:38.718450 [Incident:Info:toast@toast-new:Magnitude updated] Magnitude updated: 5.06 (M)
2025/11/01 04:31:38.718548 [Simulation:Info:toast@toast-new:Simulation not generated] Magnitude 5.06 of event bmg2025vjfx is smaller than triggerMinMagnitude: no automatic simulation
2025/11/01 04:31:40.620424 [Incident:Info:toast@toast-new:Origin updated] Origin updated: OT: 2025-10-31 21:27:53,  Lat/Lon: 6.94801°/127.05°, Depth: 10
2025/11/01 04:31:40.620644 [Incident:Info:toast@toast-new:Magnitude updated] Magnitude updated: 5.06 (M)
2025/11/01 04:31:40.620746 [Simulation:Info:toast@toast-new:Simulation not generated] Magnitude 5.06 of event bmg2025vjfx is smaller than triggerMinMagnitude: no automatic simulation
2025/11/01 04:31:43.762644 [Incident:Info:toast@toast-new:Origin updated] Origin updated: OT: 2025-10-31 21:27:53,  Lat/Lon: 6.94801°/127.05°, Depth: 10
2025/11/01 04:31:43.762818 [Incident:Info:toast@toast-new:Magnitude updated] Magnitude updated: 5.05 (M)
2025/11/01 04:31:43.762888 [Simulation:Info:toast@toast-new:Simulation not generated] Magnitude 5.05 of event bmg2025vjfx is smaller than triggerMinMagnitude: no automatic simulation
2025/11/01 04:31:48.718374 [Incident:Info:toast@toast-new:Origin updated] Origin updated: OT: 2025-10-31 21:27:53,  Lat/Lon: 6.94801°/127.05°, Depth: 10
2025/11/01 04:31:48.718536 [Incident:Info:toast@toast-new:Magnitude updated] Magnitude updated: 5.05 (M)
2025/11/01 04:31:48.718569 [Simulation:Info:toast@toast-new:Simulation not generated] Magnitude 5.05 of event bmg2025vjfx is smaller than triggerMinMagnitude: no automatic simulation
2025/11/01 04:31:53.800051 [Incident:Info:toast@toast-new:Origin updated] Origin updated: OT: 2025-10-31 21:27:53,  Lat/Lon: 6.94801°/127.05°, Depth: 10
2025/11/01 04:31:53.800421 [Incident:Info:toast@toast-new:Magnitude updated] Magnitude updated: 5.04 (M)
2025/11/01 04:31:53.800499 [Simulation:Info:toast@toast-new:Simulation not generated] Magnitude 5.04 of event bmg2025vjfx is smaller than triggerMinMagnitude: no automatic simulation
2025/11/01 04:32:03.708625 [Incident:Info:toast@toast-new:Origin updated] Origin updated: OT: 2025-10-31 21:27:53,  Lat/Lon: 6.94801°/127.05°, Depth: 10
2025/11/01 04:32:03.708828 [Incident:Info:toast@toast-new:Magnitude updated] Magnitude updated: 5.04 (M)
2025/11/01 04:32:03.708872 [Simulation:Info:toast@toast-new:Simulation not generated] Magnitude 5.04 of event bmg2025vjfx is smaller than triggerMinMagnitude: no automatic simulation
2025/11/01 04:32:08.743040 [Incident:Info:toast@toast-new:Origin updated] Origin updated: OT: 2025-10-31 21:27:53,  Lat/Lon: 6.94801°/127.05°, Depth: 10
2025/11/01 04:32:08.743232 [Incident:Info:toast@toast-new:Magnitude updated] Magnitude updated: 5.04 (M)
2025/11/01 04:32:08.743269 [Simulation:Info:toast@toast-new:Simulation not generated] Magnitude 5.04 of event bmg2025vjfx is smaller than triggerMinMagnitude: no automatic simulation
2025/11/01 04:32:12.218470 [Incident:Info:toast@toast-new:Origin updated] Origin updated: OT: 2025-10-31 21:27:53,  Lat/Lon: 6.8737°/127.013°, Depth: 10
2025/11/01 04:32:12.218662 [Incident:Info:toast@toast-new:Magnitude updated] Magnitude updated: 5.04 (M)
2025/11/01 04:32:12.218700 [Simulation:Info:toast@toast-new:Simulation not generated] Magnitude 5.04 of event bmg2025vjfx is smaller than triggerMinMagnitude: no automatic simulation
2025/11/01 04:32:20.385411 [Incident:Info:toast@toast-new:Origin updated] Origin updated: OT: 2025-10-31 21:27:55,  Lat/Lon: 6.9629°/126.826°, Depth: 62.3453
2025/11/01 04:32:20.385596 [Incident:Info:toast@toast-new:Magnitude updated] Magnitude updated: 5.20 (MLv)
2025/11/01 04:32:20.385699 [Simulation:Info:toast@toast-new:Simulation not generated] Magnitude 5.20 of event bmg2025vjfx is smaller than triggerMinMagnitude: no automatic simulation
2025/11/01 04:32:20.405687 [Incident:Info:toast@toast-new:Origin updated] Origin updated: OT: 2025-10-31 21:27:55,  Lat/Lon: 6.9629°/126.826°, Depth: 62.3453
2025/11/01 04:32:20.405802 [Incident:Info:toast@toast-new:Magnitude updated] Magnitude updated: 5.02 (M)
2025/11/01 04:32:20.405882 [Simulation:Info:toast@toast-new:Simulation not generated] Magnitude 5.02 of event bmg2025vjfx is smaller than triggerMinMagnitude: no automatic simulation
2025/11/01 04:33:08.858813 [Incident:Info:toast@toast-new:Origin updated] Origin updated: OT: 2025-10-31 21:27:55,  Lat/Lon: 6.9629°/126.826°, Depth: 62.3453
2025/11/01 04:33:08.858990 [Incident:Info:toast@toast-new:Magnitude updated] Magnitude updated: 5.02 (M)
2025/11/01 04:33:08.859024 [Simulation:Info:toast@toast-new:Simulation not generated] Magnitude 5.02 of event bmg2025vjfx is smaller than triggerMinMagnitude: no automatic simulation
2025/11/01 13:47:28.972619 [Incident:Info:toast@toast-new:Origin updated] Origin updated: OT: 2025-10-31 21:27:52,  Lat/Lon: 6.96856°/126.912°, Depth: 5
2025/11/01 13:47:28.972835 [Incident:Info:toast@toast-new:Magnitude updated] Magnitude updated: 5.21 (MLv)
2025/11/01 13:47:28.972946 [Simulation:Info:toast@toast-new:Simulation not generated] Magnitude 5.21 of event bmg2025vjfx is smaller than triggerMinMagnitude: no automatic simulation
2025/11/01 13:47:28.991275 [Incident:Info:toast@toast-new:Origin updated] Origin updated: OT: 2025-10-31 21:27:52,  Lat/Lon: 6.96856°/126.912°, Depth: 5
2025/11/01 13:47:28.991388 [Incident:Info:toast@toast-new:Magnitude updated] Magnitude updated: 5.04 (M)
2025/11/01 13:47:28.991469 [Simulation:Info:toast@toast-new:Simulation not generated] Magnitude 5.04 of event bmg2025vjfx is smaller than triggerMinMagnitude: no automatic simulation
2025/11/01 13:47:42.524088 [Incident:Info:toast@toast-new:Origin updated] Origin updated: OT: 2025-10-31 21:27:52,  Lat/Lon: 6.96856°/126.912°, Depth: 5
2025/11/01 13:47:42.524266 [Incident:Info:toast@toast-new:Magnitude updated] Magnitude updated: 5.21 (MLv)
2025/11/01 13:47:42.524379 [Simulation:Info:toast@toast-new:Simulation not generated] Magnitude 5.21 of event bmg2025vjfx is smaller than triggerMinMagnitude: no automatic simulation
2025/11/02 08:56:51.964152 [Incident:Info:toast@toast-new:Origin updated] Origin updated: OT: 2025-10-31 21:27:52,  Lat/Lon: 6.93091°/126.904°, Depth: 5
2025/11/02 08:56:51.964349 [Incident:Info:toast@toast-new:Magnitude updated] Magnitude updated: 5.20 (MLv)
2025/11/02 08:56:51.964383 [Simulation:Info:toast@toast-new:Simulation not generated] Magnitude 5.20 of event bmg2025vjfx is smaller than triggerMinMagnitude: no automatic simulation
2025/11/02 08:56:52.035849 [Incident:Info:toast@toast-new:Origin updated] Origin updated: OT: 2025-10-31 21:27:52,  Lat/Lon: 6.93091°/126.904°, Depth: 5
2025/11/02 08:56:52.035973 [Simulation:Info:toast@toast-new:Simulation not generated] Magnitude 5.20 of event bmg2025vjfx is smaller than triggerMinMagnitude: no automatic simulation
