2025/10/19 17:02:19.967752 [Incident:Info:toast@toast-new:Displacement(s) updated] Added 0 and changed 0 displacements with 0 amplitudes
2025/10/19 17:02:19.968527 [Incident:Info:toast@toast-new:Incident created] Incident created based on event received from messaging: OT: 2025-10-19 09:55:50,  Lat/Lon: -7.16°/155.63°, Depth: 98.64, Mag: 5.00 (M)
2025/10/19 17:02:19.969185 [Simulation:Info:toast@toast-new:Simulation not generated] Magnitude 5.00 of event bmg2025umlb is smaller than triggerMinMagnitude: no automatic simulation
2025/10/19 17:02:19.990222 [Incident:Info:toast@toast-new:Origin updated] Origin updated: OT: 2025-10-19 09:55:50,  Lat/Lon: -7.15887°/155.634°, Depth: 98.6411
2025/10/19 17:02:19.990372 [Simulation:Info:toast@toast-new:Simulation not generated] Magnitude 5.00 of event bmg2025umlb is smaller than triggerMinMagnitude: no automatic simulation
2025/10/19 17:02:27.983495 [Incident:Info:toast@toast-new:Origin updated] Origin updated: OT: 2025-10-19 09:55:50,  Lat/Lon: -7.1786°/155.631°, Depth: 94.7768
2025/10/19 17:02:27.983662 [Incident:Info:toast@toast-new:Magnitude updated] Magnitude updated: 5.03 (M)
2025/10/19 17:02:27.983694 [Simulation:Info:toast@toast-new:Simulation not generated] Magnitude 5.03 of event bmg2025umlb is smaller than triggerMinMagnitude: no automatic simulation
2025/10/19 17:02:47.803288 [Incident:Info:toast@toast-new:Origin updated] Origin updated: OT: 2025-10-19 09:55:50,  Lat/Lon: -7.17014°/155.633°, Depth: 95.5149
2025/10/19 17:02:47.803463 [Incident:Info:toast@toast-new:Magnitude updated] Magnitude updated: 5.04 (M)
2025/10/19 17:02:47.803493 [Simulation:Info:toast@toast-new:Simulation not generated] Magnitude 5.04 of event bmg2025umlb is smaller than triggerMinMagnitude: no automatic simulation
2025/10/19 17:02:53.894695 [Incident:Info:toast@toast-new:Origin updated] Origin updated: OT: 2025-10-19 09:55:50,  Lat/Lon: -7.17014°/155.633°, Depth: 95.5149
2025/10/19 17:02:53.894897 [Incident:Info:toast@toast-new:Magnitude updated] Magnitude updated: 5.06 (M)
2025/10/19 17:02:53.894955 [Simulation:Info:toast@toast-new:Simulation not generated] Magnitude 5.06 of event bmg2025umlb is smaller than triggerMinMagnitude: no automatic simulation
2025/10/19 17:02:58.074208 [Incident:Info:toast@toast-new:Origin updated] Origin updated: OT: 2025-10-19 09:55:50,  Lat/Lon: -7.15679°/155.635°, Depth: 97.158
2025/10/19 17:02:58.074371 [Incident:Info:toast@toast-new:Magnitude updated] Magnitude updated: 5.04 (M)
2025/10/19 17:02:58.074405 [Simulation:Info:toast@toast-new:Simulation not generated] Magnitude 5.04 of event bmg2025umlb is smaller than triggerMinMagnitude: no automatic simulation
2025/10/19 17:03:18.746256 [Incident:Info:toast@toast-new:Origin updated] Origin updated: OT: 2025-10-19 09:55:50,  Lat/Lon: -7.15679°/155.635°, Depth: 97.158
2025/10/19 17:03:18.746450 [Incident:Info:toast@toast-new:Magnitude updated] Magnitude updated: 5.04 (M)
2025/10/19 17:03:18.746482 [Simulation:Info:toast@toast-new:Simulation not generated] Magnitude 5.04 of event bmg2025umlb is smaller than triggerMinMagnitude: no automatic simulation
2025/10/19 17:03:45.993388 [Incident:Info:toast@toast-new:Origin updated] Origin updated: OT: 2025-10-19 09:55:50,  Lat/Lon: -7.15847°/155.635°, Depth: 96.872
2025/10/19 17:03:45.993575 [Incident:Info:toast@toast-new:Magnitude updated] Magnitude updated: 5.03 (M)
2025/10/19 17:03:45.993606 [Simulation:Info:toast@toast-new:Simulation not generated] Magnitude 5.03 of event bmg2025umlb is smaller than triggerMinMagnitude: no automatic simulation
2025/10/20 00:30:11.280673 [Incident:Info:toast@toast-new:Origin updated] Origin updated: OT: 2025-10-19 09:55:51,  Lat/Lon: -7.17939°/155.686°, Depth: 111.518
2025/10/20 00:30:11.280867 [Incident:Info:toast@toast-new:Magnitude updated] Magnitude updated: 5.04 (M)
2025/10/20 00:30:11.280902 [Simulation:Info:toast@toast-new:Simulation not generated] Magnitude 5.04 of event bmg2025umlb is smaller than triggerMinMagnitude: no automatic simulation
2025/10/20 00:30:11.303654 [Incident:Info:toast@toast-new:Origin updated] Origin updated: OT: 2025-10-19 09:55:51,  Lat/Lon: -7.17939°/155.686°, Depth: 111.518
2025/10/20 00:30:11.303788 [Simulation:Info:toast@toast-new:Simulation not generated] Magnitude 5.04 of event bmg2025umlb is smaller than triggerMinMagnitude: no automatic simulation
2025/10/21 19:17:22.431282 [Incident:Info:toast@toast-new:Origin updated] Origin updated: OT: 2025-10-19 09:55:51,  Lat/Lon: -7.16264°/155.679°, Depth: 108.33
2025/10/21 19:17:22.431470 [Incident:Info:toast@toast-new:Magnitude updated] Magnitude updated: 5.05 (M)
2025/10/21 19:17:22.431504 [Simulation:Info:toast@toast-new:Simulation not generated] Magnitude 5.05 of event bmg2025umlb is smaller than triggerMinMagnitude: no automatic simulation
