2025/10/08 12:22:51.344135 [Incident:Info:toast@toast-new:Displacement(s) updated] Added 0 and changed 0 displacements with 0 amplitudes
2025/10/08 12:22:51.347851 [Incident:Info:toast@toast-new:Incident created] Incident created based on event received from messaging: OT: 2025-10-08 05:16:22,  Lat/Lon: -19.90°/101.88°, Depth: 10.00, Mag: 6.02 (M)
2025/10/08 12:22:51.348372 [Simulation:Info:toast@toast-new:Simulation not generated] Magnitude 6.02 of event bmg2025trzh is smaller than triggerMinMagnitude: no automatic simulation
2025/10/08 12:22:51.382003 [Incident:Info:toast@toast-new:Origin updated] Origin updated: OT: 2025-10-08 05:16:22,  Lat/Lon: -19.9047°/101.883°, Depth: 10
2025/10/08 12:22:51.382215 [Simulation:Info:toast@toast-new:Simulation not generated] Magnitude 6.02 of event bmg2025trzh is smaller than triggerMinMagnitude: no automatic simulation
2025/10/08 12:22:55.261775 [Incident:Info:toast@toast-new:Origin updated] Origin updated: OT: 2025-10-08 05:16:22,  Lat/Lon: -19.9047°/101.883°, Depth: 10
2025/10/08 12:22:55.262049 [Incident:Info:toast@toast-new:Magnitude updated] Magnitude updated: 6.02 (M)
2025/10/08 12:22:55.262182 [Simulation:Info:toast@toast-new:Simulation not generated] Magnitude 6.02 of event bmg2025trzh is smaller than triggerMinMagnitude: no automatic simulation
2025/10/08 12:23:00.300911 [Incident:Info:toast@toast-new:Origin updated] Origin updated: OT: 2025-10-08 05:16:22,  Lat/Lon: -19.9047°/101.883°, Depth: 10
2025/10/08 12:23:00.301183 [Incident:Info:toast@toast-new:Magnitude updated] Magnitude updated: 6.04 (M)
2025/10/08 12:23:00.301319 [Simulation:Info:toast@toast-new:Simulation not generated] Magnitude 6.04 of event bmg2025trzh is smaller than triggerMinMagnitude: no automatic simulation
2025/10/08 12:23:10.328108 [Incident:Info:toast@toast-new:Origin updated] Origin updated: OT: 2025-10-08 05:16:22,  Lat/Lon: -19.9047°/101.883°, Depth: 10
2025/10/08 12:23:10.328347 [Incident:Info:toast@toast-new:Magnitude updated] Magnitude updated: 6.02 (M)
2025/10/08 12:23:10.328462 [Simulation:Info:toast@toast-new:Simulation not generated] Magnitude 6.02 of event bmg2025trzh is smaller than triggerMinMagnitude: no automatic simulation
2025/10/08 12:23:20.327195 [Incident:Info:toast@toast-new:Origin updated] Origin updated: OT: 2025-10-08 05:16:22,  Lat/Lon: -19.9047°/101.883°, Depth: 10
2025/10/08 12:23:20.327433 [Incident:Info:toast@toast-new:Magnitude updated] Magnitude updated: 5.98 (M)
2025/10/08 12:23:20.327544 [Simulation:Info:toast@toast-new:Simulation not generated] Magnitude 5.98 of event bmg2025trzh is smaller than triggerMinMagnitude: no automatic simulation
2025/10/08 12:23:22.823499 [Incident:Info:toast@toast-new:Origin updated] Origin updated: OT: 2025-10-08 05:16:22,  Lat/Lon: -19.9047°/101.883°, Depth: 10
2025/10/08 12:23:22.823803 [Incident:Info:toast@toast-new:Magnitude updated] Magnitude updated: 5.99 (M)
2025/10/08 12:23:22.823942 [Simulation:Info:toast@toast-new:Simulation not generated] Magnitude 5.99 of event bmg2025trzh is smaller than triggerMinMagnitude: no automatic simulation
2025/10/09 23:26:20.876741 [Incident:Info:toast@toast-new:Incident removed] Removed incident - Bye
2025/10/10 11:23:22.902712 [Incident:Info:toast@toast-new:Displacement(s) updated] Added 0 and changed 0 displacements with 0 amplitudes
2025/10/10 11:23:22.909033 [Incident:Info:toast@toast-new:Incident created] Incident created based on event received from messaging: OT: 2025-10-08 05:16:22,  Lat/Lon: -19.90°/101.88°, Depth: 10.00, Mag: 5.99 (M)
2025/10/10 11:23:22.909696 [Simulation:Info:toast@toast-new:Simulation not generated] Magnitude 5.99 of event bmg2025trzh is smaller than triggerMinMagnitude: no automatic simulation
2025/10/10 11:23:22.928738 [Incident:Info:toast@toast-new:Origin updated] Origin updated: OT: 2025-10-08 05:16:22,  Lat/Lon: -19.9047°/101.883°, Depth: 10
2025/10/10 11:23:22.928861 [Simulation:Info:toast@toast-new:Simulation not generated] Magnitude 5.99 of event bmg2025trzh is smaller than triggerMinMagnitude: no automatic simulation
