2025/10/04 06:45:46.482682 [Incident:Info:toast@toast-new:Displacement(s) updated] Added 0 and changed 0 displacements with 0 amplitudes
2025/10/04 06:45:46.483073 [Incident:Info:toast@toast-new:Incident created] Incident created based on event received from messaging: OT: 2025-10-03 23:41:57,  Lat/Lon: 12.06°/127.24°, Depth: 194.43, Mag: 5.14 (M)
2025/10/04 06:45:46.483650 [Simulation:Info:toast@toast-new:Simulation not generated] Magnitude 5.14 of event bmg2025tkgg is smaller than triggerMinMagnitude: no automatic simulation
2025/10/04 06:45:46.505658 [Incident:Info:toast@toast-new:Origin updated] Origin updated: OT: 2025-10-03 23:41:57,  Lat/Lon: 12.0642°/127.242°, Depth: 194.435
2025/10/04 06:45:46.505803 [Simulation:Info:toast@toast-new:Simulation not generated] Magnitude 5.14 of event bmg2025tkgg is smaller than triggerMinMagnitude: no automatic simulation
2025/10/04 06:45:55.223610 [Incident:Info:toast@toast-new:Origin updated] Origin updated: OT: 2025-10-03 23:41:57,  Lat/Lon: 12.0642°/127.242°, Depth: 194.435
2025/10/04 06:45:55.223781 [Incident:Info:toast@toast-new:Magnitude updated] Magnitude updated: 5.08 (M)
2025/10/04 06:45:55.223816 [Simulation:Info:toast@toast-new:Simulation not generated] Magnitude 5.08 of event bmg2025tkgg is smaller than triggerMinMagnitude: no automatic simulation
2025/10/04 06:46:09.024558 [Incident:Info:toast@toast-new:Origin updated] Origin updated: OT: 2025-10-03 23:42:18,  Lat/Lon: 10.2138°/127.22°, Depth: 10
2025/10/04 06:46:09.024810 [Incident:Info:toast@toast-new:Magnitude updated] Magnitude updated: 5.03 (M)
2025/10/04 06:46:09.024852 [Simulation:Info:toast@toast-new:Simulation not generated] Magnitude 5.03 of event bmg2025tkgg is smaller than triggerMinMagnitude: no automatic simulation
2025/10/04 06:46:10.203564 [Incident:Info:toast@toast-new:Origin updated] Origin updated: OT: 2025-10-03 23:42:18,  Lat/Lon: 10.2138°/127.22°, Depth: 10
2025/10/04 06:46:10.203740 [Incident:Info:toast@toast-new:Magnitude updated] Magnitude updated: 5.03 (M)
2025/10/04 06:46:10.203789 [Simulation:Info:toast@toast-new:Simulation not generated] Magnitude 5.03 of event bmg2025tkgg is smaller than triggerMinMagnitude: no automatic simulation
2025/10/04 06:46:15.199190 [Incident:Info:toast@toast-new:Origin updated] Origin updated: OT: 2025-10-03 23:42:18,  Lat/Lon: 10.2138°/127.22°, Depth: 10
2025/10/04 06:46:15.199375 [Incident:Info:toast@toast-new:Magnitude updated] Magnitude updated: 5.03 (M)
2025/10/04 06:46:15.199408 [Simulation:Info:toast@toast-new:Simulation not generated] Magnitude 5.03 of event bmg2025tkgg is smaller than triggerMinMagnitude: no automatic simulation
2025/10/04 06:46:20.233072 [Incident:Info:toast@toast-new:Origin updated] Origin updated: OT: 2025-10-03 23:42:18,  Lat/Lon: 10.2138°/127.22°, Depth: 10
2025/10/04 06:46:20.233242 [Incident:Info:toast@toast-new:Magnitude updated] Magnitude updated: 5.02 (M)
2025/10/04 06:46:20.233276 [Simulation:Info:toast@toast-new:Simulation not generated] Magnitude 5.02 of event bmg2025tkgg is smaller than triggerMinMagnitude: no automatic simulation
2025/10/04 06:46:25.211548 [Incident:Info:toast@toast-new:Origin updated] Origin updated: OT: 2025-10-03 23:42:18,  Lat/Lon: 10.2138°/127.22°, Depth: 10
2025/10/04 06:46:25.211701 [Incident:Info:toast@toast-new:Magnitude updated] Magnitude updated: 5.01 (M)
2025/10/04 06:46:25.211734 [Simulation:Info:toast@toast-new:Simulation not generated] Magnitude 5.01 of event bmg2025tkgg is smaller than triggerMinMagnitude: no automatic simulation
2025/10/04 06:46:26.900447 [Incident:Info:toast@toast-new:Origin updated] Origin updated: OT: 2025-10-03 23:42:14,  Lat/Lon: 10.4847°/127.371°, Depth: 10
2025/10/04 06:46:26.900640 [Incident:Info:toast@toast-new:Magnitude updated] Magnitude updated: 5.04 (M)
2025/10/04 06:46:26.900676 [Simulation:Info:toast@toast-new:Simulation not generated] Magnitude 5.04 of event bmg2025tkgg is smaller than triggerMinMagnitude: no automatic simulation
2025/10/04 06:46:30.299507 [Incident:Info:toast@toast-new:Origin updated] Origin updated: OT: 2025-10-03 23:42:14,  Lat/Lon: 10.4847°/127.371°, Depth: 10
2025/10/04 06:46:30.299694 [Incident:Info:toast@toast-new:Magnitude updated] Magnitude updated: 5.01 (M)
2025/10/04 06:46:30.299728 [Simulation:Info:toast@toast-new:Simulation not generated] Magnitude 5.01 of event bmg2025tkgg is smaller than triggerMinMagnitude: no automatic simulation
2025/10/04 06:46:40.290732 [Incident:Info:toast@toast-new:Origin updated] Origin updated: OT: 2025-10-03 23:42:14,  Lat/Lon: 10.4847°/127.371°, Depth: 10
2025/10/04 06:46:40.290909 [Incident:Info:toast@toast-new:Magnitude updated] Magnitude updated: 5.01 (M)
2025/10/04 06:46:40.290941 [Simulation:Info:toast@toast-new:Simulation not generated] Magnitude 5.01 of event bmg2025tkgg is smaller than triggerMinMagnitude: no automatic simulation
2025/10/04 06:46:45.091285 [Incident:Info:toast@toast-new:Origin updated] Origin updated: OT: 2025-10-03 23:42:14,  Lat/Lon: 10.4862°/127.372°, Depth: 10
2025/10/04 06:46:45.091473 [Incident:Info:toast@toast-new:Magnitude updated] Magnitude updated: 5.01 (M)
2025/10/04 06:46:45.091505 [Simulation:Info:toast@toast-new:Simulation not generated] Magnitude 5.01 of event bmg2025tkgg is smaller than triggerMinMagnitude: no automatic simulation
2025/10/04 06:47:29.152714 [Incident:Info:toast@toast-new:Origin updated] Origin updated: OT: 2025-10-03 23:42:06,  Lat/Lon: 11.1223°/127.442°, Depth: 10
2025/10/04 06:47:29.152936 [Incident:Info:toast@toast-new:Magnitude updated] Magnitude updated: 5.04 (M)
2025/10/04 06:47:29.152971 [Simulation:Info:toast@toast-new:Simulation not generated] Magnitude 5.04 of event bmg2025tkgg is smaller than triggerMinMagnitude: no automatic simulation
2025/10/04 06:47:45.211780 [Incident:Info:toast@toast-new:Origin updated] Origin updated: OT: 2025-10-03 23:42:06,  Lat/Lon: 11.1223°/127.442°, Depth: 10
2025/10/04 06:47:45.211937 [Incident:Info:toast@toast-new:Magnitude updated] Magnitude updated: 5.05 (M)
2025/10/04 06:47:45.211983 [Simulation:Info:toast@toast-new:Simulation not generated] Magnitude 5.05 of event bmg2025tkgg is smaller than triggerMinMagnitude: no automatic simulation
2025/10/04 06:47:55.212808 [Incident:Info:toast@toast-new:Origin updated] Origin updated: OT: 2025-10-03 23:42:06,  Lat/Lon: 11.1223°/127.442°, Depth: 10
2025/10/04 06:47:55.212984 [Incident:Info:toast@toast-new:Magnitude updated] Magnitude updated: 5.04 (M)
2025/10/04 06:47:55.213032 [Simulation:Info:toast@toast-new:Simulation not generated] Magnitude 5.04 of event bmg2025tkgg is smaller than triggerMinMagnitude: no automatic simulation
2025/10/04 06:47:57.817248 [Incident:Info:toast@toast-new:Origin updated] Origin updated: OT: 2025-10-03 23:42:05,  Lat/Lon: 11.2036°/127.385°, Depth: 10
2025/10/04 06:47:57.817434 [Incident:Info:toast@toast-new:Magnitude updated] Magnitude updated: 5.06 (M)
2025/10/04 06:47:57.817474 [Simulation:Info:toast@toast-new:Simulation not generated] Magnitude 5.06 of event bmg2025tkgg is smaller than triggerMinMagnitude: no automatic simulation
2025/10/04 06:48:05.208096 [Incident:Info:toast@toast-new:Origin updated] Origin updated: OT: 2025-10-03 23:42:05,  Lat/Lon: 11.2036°/127.385°, Depth: 10
2025/10/04 06:48:05.208266 [Incident:Info:toast@toast-new:Magnitude updated] Magnitude updated: 5.08 (M)
2025/10/04 06:48:05.208304 [Simulation:Info:toast@toast-new:Simulation not generated] Magnitude 5.08 of event bmg2025tkgg is smaller than triggerMinMagnitude: no automatic simulation
2025/10/04 06:48:10.214551 [Incident:Info:toast@toast-new:Origin updated] Origin updated: OT: 2025-10-03 23:42:05,  Lat/Lon: 11.2036°/127.385°, Depth: 10
2025/10/04 06:48:10.214701 [Incident:Info:toast@toast-new:Magnitude updated] Magnitude updated: 5.09 (M)
2025/10/04 06:48:10.214731 [Simulation:Info:toast@toast-new:Simulation not generated] Magnitude 5.09 of event bmg2025tkgg is smaller than triggerMinMagnitude: no automatic simulation
2025/10/04 06:48:25.265389 [Incident:Info:toast@toast-new:Origin updated] Origin updated: OT: 2025-10-03 23:42:05,  Lat/Lon: 11.2036°/127.385°, Depth: 10
2025/10/04 06:48:25.265558 [Incident:Info:toast@toast-new:Magnitude updated] Magnitude updated: 5.09 (M)
2025/10/04 06:48:25.265604 [Simulation:Info:toast@toast-new:Simulation not generated] Magnitude 5.09 of event bmg2025tkgg is smaller than triggerMinMagnitude: no automatic simulation
2025/10/04 06:48:26.731619 [Incident:Info:toast@toast-new:Origin updated] Origin updated: OT: 2025-10-03 23:42:03,  Lat/Lon: 11.3319°/127.35°, Depth: 10
2025/10/04 06:48:26.731808 [Incident:Info:toast@toast-new:Magnitude updated] Magnitude updated: 5.08 (M)
2025/10/04 06:48:26.731842 [Simulation:Info:toast@toast-new:Simulation not generated] Magnitude 5.08 of event bmg2025tkgg is smaller than triggerMinMagnitude: no automatic simulation
2025/10/04 06:48:30.208113 [Incident:Info:toast@toast-new:Origin updated] Origin updated: OT: 2025-10-03 23:42:03,  Lat/Lon: 11.3319°/127.35°, Depth: 10
2025/10/04 06:48:30.208265 [Incident:Info:toast@toast-new:Magnitude updated] Magnitude updated: 5.09 (M)
2025/10/04 06:48:30.208298 [Simulation:Info:toast@toast-new:Simulation not generated] Magnitude 5.09 of event bmg2025tkgg is smaller than triggerMinMagnitude: no automatic simulation
2025/10/04 06:48:40.209665 [Incident:Info:toast@toast-new:Origin updated] Origin updated: OT: 2025-10-03 23:42:03,  Lat/Lon: 11.3319°/127.35°, Depth: 10
2025/10/04 06:48:40.209835 [Incident:Info:toast@toast-new:Magnitude updated] Magnitude updated: 5.11 (M)
2025/10/04 06:48:40.209873 [Simulation:Info:toast@toast-new:Simulation not generated] Magnitude 5.11 of event bmg2025tkgg is smaller than triggerMinMagnitude: no automatic simulation
2025/10/04 06:48:40.232489 [Incident:Info:toast@toast-new:Origin updated] Origin updated: OT: 2025-10-03 23:42:03,  Lat/Lon: 11.3319°/127.35°, Depth: 10
2025/10/04 06:48:40.232593 [Incident:Info:toast@toast-new:Magnitude updated] Magnitude updated: 5.02 (Mw(mB))
2025/10/04 06:48:40.232651 [Simulation:Info:toast@toast-new:Simulation not generated] Magnitude 5.02 of event bmg2025tkgg is smaller than triggerMinMagnitude: no automatic simulation
2025/10/04 06:48:45.225394 [Incident:Info:toast@toast-new:Origin updated] Origin updated: OT: 2025-10-03 23:42:03,  Lat/Lon: 11.3319°/127.35°, Depth: 10
2025/10/04 06:48:45.225561 [Incident:Info:toast@toast-new:Magnitude updated] Magnitude updated: 5.02 (Mw(mB))
2025/10/04 06:48:45.225597 [Simulation:Info:toast@toast-new:Simulation not generated] Magnitude 5.02 of event bmg2025tkgg is smaller than triggerMinMagnitude: no automatic simulation
2025/10/04 06:48:50.209679 [Incident:Info:toast@toast-new:Origin updated] Origin updated: OT: 2025-10-03 23:42:03,  Lat/Lon: 11.3319°/127.35°, Depth: 10
2025/10/04 06:48:50.209847 [Incident:Info:toast@toast-new:Magnitude updated] Magnitude updated: 5.05 (Mw(mB))
2025/10/04 06:48:50.209884 [Simulation:Info:toast@toast-new:Simulation not generated] Magnitude 5.05 of event bmg2025tkgg is smaller than triggerMinMagnitude: no automatic simulation
2025/10/04 06:48:55.214006 [Incident:Info:toast@toast-new:Origin updated] Origin updated: OT: 2025-10-03 23:42:03,  Lat/Lon: 11.3319°/127.35°, Depth: 10
2025/10/04 06:48:55.214177 [Incident:Info:toast@toast-new:Magnitude updated] Magnitude updated: 5.08 (Mw(mB))
2025/10/04 06:48:55.214232 [Simulation:Info:toast@toast-new:Simulation not generated] Magnitude 5.08 of event bmg2025tkgg is smaller than triggerMinMagnitude: no automatic simulation
2025/10/04 06:49:00.212323 [Incident:Info:toast@toast-new:Origin updated] Origin updated: OT: 2025-10-03 23:42:03,  Lat/Lon: 11.3319°/127.35°, Depth: 10
2025/10/04 06:49:00.248479 [Incident:Info:toast@toast-new:Magnitude updated] Magnitude updated: 5.11 (Mw(mB))
2025/10/04 06:49:00.248582 [Simulation:Info:toast@toast-new:Simulation not generated] Magnitude 5.11 of event bmg2025tkgg is smaller than triggerMinMagnitude: no automatic simulation
2025/10/04 06:49:05.212472 [Incident:Info:toast@toast-new:Origin updated] Origin updated: OT: 2025-10-03 23:42:03,  Lat/Lon: 11.3319°/127.35°, Depth: 10
2025/10/04 06:49:05.248926 [Incident:Info:toast@toast-new:Magnitude updated] Magnitude updated: 5.12 (Mw(mB))
2025/10/04 06:49:05.249023 [Simulation:Info:toast@toast-new:Simulation not generated] Magnitude 5.12 of event bmg2025tkgg is smaller than triggerMinMagnitude: no automatic simulation
2025/10/04 06:49:06.126220 [Incident:Info:toast@toast-new:Origin updated] Origin updated: OT: 2025-10-03 23:42:03,  Lat/Lon: 11.3186°/127.351°, Depth: 10
2025/10/04 06:49:06.126409 [Incident:Info:toast@toast-new:Magnitude updated] Magnitude updated: 5.14 (Mw(mB))
2025/10/04 06:49:06.126459 [Simulation:Info:toast@toast-new:Simulation not generated] Magnitude 5.14 of event bmg2025tkgg is smaller than triggerMinMagnitude: no automatic simulation
2025/10/04 06:49:10.216083 [Incident:Info:toast@toast-new:Origin updated] Origin updated: OT: 2025-10-03 23:42:03,  Lat/Lon: 11.3186°/127.351°, Depth: 10
2025/10/04 06:49:10.252520 [Incident:Info:toast@toast-new:Magnitude updated] Magnitude updated: 5.17 (Mw(mB))
2025/10/04 06:49:10.252643 [Simulation:Info:toast@toast-new:Simulation not generated] Magnitude 5.17 of event bmg2025tkgg is smaller than triggerMinMagnitude: no automatic simulation
2025/10/04 06:49:15.218022 [Incident:Info:toast@toast-new:Origin updated] Origin updated: OT: 2025-10-03 23:42:03,  Lat/Lon: 11.3186°/127.351°, Depth: 10
2025/10/04 06:49:15.254573 [Incident:Info:toast@toast-new:Magnitude updated] Magnitude updated: 5.20 (Mw(mB))
2025/10/04 06:49:15.254671 [Simulation:Info:toast@toast-new:Simulation not generated] Magnitude 5.20 of event bmg2025tkgg is smaller than triggerMinMagnitude: no automatic simulation
2025/10/04 06:49:20.220876 [Incident:Info:toast@toast-new:Origin updated] Origin updated: OT: 2025-10-03 23:42:03,  Lat/Lon: 11.3186°/127.351°, Depth: 10
2025/10/04 06:49:20.222557 [Incident:Info:toast@toast-new:Magnitude updated] Magnitude updated: 5.21 (Mw(mB))
2025/10/04 06:49:20.222627 [Simulation:Info:toast@toast-new:Simulation not generated] Magnitude 5.21 of event bmg2025tkgg is smaller than triggerMinMagnitude: no automatic simulation
2025/10/04 06:50:00.366968 [Incident:Info:toast@toast-new:Origin updated] Origin updated: OT: 2025-10-03 23:42:03,  Lat/Lon: 11.3173°/127.354°, Depth: 10
2025/10/04 06:50:00.367163 [Incident:Info:toast@toast-new:Magnitude updated] Magnitude updated: 5.21 (Mw(mB))
2025/10/04 06:50:00.367197 [Simulation:Info:toast@toast-new:Simulation not generated] Magnitude 5.21 of event bmg2025tkgg is smaller than triggerMinMagnitude: no automatic simulation
2025/10/04 06:50:55.317686 [Incident:Info:toast@toast-new:Origin updated] Origin updated: OT: 2025-10-03 23:42:03,  Lat/Lon: 11.3072°/127.341°, Depth: 10
2025/10/04 06:50:55.317890 [Incident:Info:toast@toast-new:Magnitude updated] Magnitude updated: 5.21 (Mw(mB))
2025/10/04 06:50:55.317935 [Simulation:Info:toast@toast-new:Simulation not generated] Magnitude 5.21 of event bmg2025tkgg is smaller than triggerMinMagnitude: no automatic simulation
2025/10/04 06:51:55.376187 [Incident:Info:toast@toast-new:Origin updated] Origin updated: OT: 2025-10-03 23:42:04,  Lat/Lon: 11.2578°/127.282°, Depth: 10
2025/10/04 06:51:55.376411 [Incident:Info:toast@toast-new:Magnitude updated] Magnitude updated: 5.20 (Mw(mB))
2025/10/04 06:51:55.376452 [Simulation:Info:toast@toast-new:Simulation not generated] Magnitude 5.20 of event bmg2025tkgg is smaller than triggerMinMagnitude: no automatic simulation
2025/10/04 06:52:58.218651 [Incident:Info:toast@toast-new:Origin updated] Origin updated: OT: 2025-10-03 23:42:09,  Lat/Lon: 11.1312°/127.248°, Depth: 35.0338
2025/10/04 06:52:58.218872 [Incident:Info:toast@toast-new:Magnitude updated] Magnitude updated: 5.21 (Mw(mB))
2025/10/04 06:52:58.218914 [Simulation:Info:toast@toast-new:Simulation not generated] Magnitude 5.21 of event bmg2025tkgg is smaller than triggerMinMagnitude: no automatic simulation
2025/10/04 10:41:22.899418 [Incident:Info:toast@toast-new:Origin updated] Origin updated: OT: 2025-10-03 23:42:13,  Lat/Lon: 10.8185°/127.132°, Depth: 53.218
2025/10/04 10:41:22.901508 [Incident:Info:toast@toast-new:Magnitude updated] Magnitude updated: 5.14 (Mw(mB))
2025/10/04 10:41:22.901582 [Simulation:Info:toast@toast-new:Simulation not generated] Magnitude 5.14 of event bmg2025tkgg is smaller than triggerMinMagnitude: no automatic simulation
2025/10/04 10:41:30.099140 [Incident:Info:toast@toast-new:Origin updated] Origin updated: OT: 2025-10-03 23:42:13,  Lat/Lon: 10.8185°/127.132°, Depth: 53.218
2025/10/04 10:41:30.099383 [Incident:Info:toast@toast-new:Magnitude updated] Magnitude updated: 5.13 (mb)
2025/10/04 10:41:30.099441 [Simulation:Info:toast@toast-new:Simulation not generated] Magnitude 5.13 of event bmg2025tkgg is smaller than triggerMinMagnitude: no automatic simulation
2025/10/04 15:32:11.346121 [Incident:Info:toast@toast-new:Origin updated] Origin updated: OT: 2025-10-03 23:42:13,  Lat/Lon: 10.8185°/127.132°, Depth: 53.218
2025/10/04 15:32:11.346294 [Incident:Info:toast@toast-new:FM updated] FM updated
2025/10/04 15:32:11.346556 [Simulation:Info:toast@toast-new:Simulation not generated] Magnitude 5.13 of event bmg2025tkgg is smaller than triggerMinMagnitude: no automatic simulation
2025/10/09 23:26:39.484144 [Incident:Info:toast@toast-new:Incident removed] Removed incident - Bye
