2025/10/19 21:09:49.604910 [Incident:Info:toast@toast-new:Displacement(s) updated] Added 0 and changed 0 displacements with 0 amplitudes
2025/10/19 21:09:49.605711 [Incident:Info:toast@toast-new:Incident created] Incident created based on event received from messaging: OT: 2025-10-19 13:59:36,  Lat/Lon: 36.71°/72.74°, Depth: 10.00, Mag: 5.11 (M)
2025/10/19 21:09:49.606370 [Simulation:Info:toast@toast-new:Simulation not generated] Magnitude 5.11 of event bmg2025umtc is smaller than triggerMinMagnitude: no automatic simulation
2025/10/19 21:09:49.628136 [Incident:Info:toast@toast-new:Origin updated] Origin updated: OT: 2025-10-19 13:59:36,  Lat/Lon: 36.7145°/72.7418°, Depth: 10
2025/10/19 21:09:49.628287 [Simulation:Info:toast@toast-new:Simulation not generated] Magnitude 5.11 of event bmg2025umtc is smaller than triggerMinMagnitude: no automatic simulation
2025/10/19 21:09:58.661267 [Incident:Info:toast@toast-new:Origin updated] Origin updated: OT: 2025-10-19 13:59:36,  Lat/Lon: 36.7145°/72.7418°, Depth: 10
2025/10/19 21:09:58.661448 [Incident:Info:toast@toast-new:Magnitude updated] Magnitude updated: 5.17 (M)
2025/10/19 21:09:58.661502 [Simulation:Info:toast@toast-new:Simulation not generated] Magnitude 5.17 of event bmg2025umtc is smaller than triggerMinMagnitude: no automatic simulation
2025/10/19 21:10:03.489210 [Incident:Info:toast@toast-new:Origin updated] Origin updated: OT: 2025-10-19 13:59:36,  Lat/Lon: 36.713°/72.7365°, Depth: 10
2025/10/19 21:10:03.489395 [Incident:Info:toast@toast-new:Magnitude updated] Magnitude updated: 5.05 (M)
2025/10/19 21:10:03.489450 [Simulation:Info:toast@toast-new:Simulation not generated] Magnitude 5.05 of event bmg2025umtc is smaller than triggerMinMagnitude: no automatic simulation
2025/10/19 21:10:17.861616 [Incident:Info:toast@toast-new:Origin updated] Origin updated: OT: 2025-10-19 13:59:36,  Lat/Lon: 36.713°/72.7365°, Depth: 10
2025/10/19 21:10:17.861808 [Incident:Info:toast@toast-new:Magnitude updated] Magnitude updated: 5.05 (M)
2025/10/19 21:10:17.861873 [Simulation:Info:toast@toast-new:Simulation not generated] Magnitude 5.05 of event bmg2025umtc is smaller than triggerMinMagnitude: no automatic simulation
2025/10/19 21:10:23.685406 [Incident:Info:toast@toast-new:Origin updated] Origin updated: OT: 2025-10-19 13:59:36,  Lat/Lon: 36.713°/72.7365°, Depth: 10
2025/10/19 21:10:23.685591 [Incident:Info:toast@toast-new:Magnitude updated] Magnitude updated: 5.05 (M)
2025/10/19 21:10:23.685624 [Simulation:Info:toast@toast-new:Simulation not generated] Magnitude 5.05 of event bmg2025umtc is smaller than triggerMinMagnitude: no automatic simulation
2025/10/19 21:10:54.318627 [Incident:Info:toast@toast-new:Origin updated] Origin updated: OT: 2025-10-19 13:59:36,  Lat/Lon: 36.7121°/72.7377°, Depth: 10
2025/10/19 21:10:54.318820 [Incident:Info:toast@toast-new:Magnitude updated] Magnitude updated: 5.04 (M)
2025/10/19 21:10:54.318855 [Simulation:Info:toast@toast-new:Simulation not generated] Magnitude 5.04 of event bmg2025umtc is smaller than triggerMinMagnitude: no automatic simulation
2025/10/19 21:11:06.654081 [Incident:Info:toast@toast-new:Origin updated] Origin updated: OT: 2025-10-19 13:59:36,  Lat/Lon: 36.7426°/72.724°, Depth: 10
2025/10/19 21:11:06.654279 [Incident:Info:toast@toast-new:Magnitude updated] Magnitude updated: 5.04 (M)
2025/10/19 21:11:06.654315 [Simulation:Info:toast@toast-new:Simulation not generated] Magnitude 5.04 of event bmg2025umtc is smaller than triggerMinMagnitude: no automatic simulation
2025/10/19 21:11:22.914059 [Incident:Info:toast@toast-new:Origin updated] Origin updated: OT: 2025-10-19 13:59:36,  Lat/Lon: 36.7429°/72.7258°, Depth: 10
2025/10/19 21:11:22.914243 [Incident:Info:toast@toast-new:Magnitude updated] Magnitude updated: 5.04 (M)
2025/10/19 21:11:22.914276 [Simulation:Info:toast@toast-new:Simulation not generated] Magnitude 5.04 of event bmg2025umtc is smaller than triggerMinMagnitude: no automatic simulation
2025/10/19 21:12:46.088436 [Incident:Info:toast@toast-new:Origin updated] Origin updated: OT: 2025-10-19 13:59:36,  Lat/Lon: 36.768°/72.6989°, Depth: 10
2025/10/19 21:12:46.088646 [Incident:Info:toast@toast-new:Magnitude updated] Magnitude updated: 5.04 (M)
2025/10/19 21:12:46.088679 [Simulation:Info:toast@toast-new:Simulation not generated] Magnitude 5.04 of event bmg2025umtc is smaller than triggerMinMagnitude: no automatic simulation
2025/10/19 21:20:08.834952 [Incident:Info:toast@toast-new:Origin updated] Origin updated: OT: 2025-10-19 13:59:36,  Lat/Lon: 36.768°/72.6989°, Depth: 10
2025/10/19 21:20:08.835143 [Simulation:Info:toast@toast-new:Simulation not generated] Magnitude 5.04 of event bmg2025umtc is smaller than triggerMinMagnitude: no automatic simulation
2025/10/20 02:22:12.139656 [Incident:Info:toast@toast-new:Origin updated] Origin updated: OT: 2025-10-19 13:59:39,  Lat/Lon: 36.7411°/72.2853°, Depth: 73.1081
2025/10/20 02:22:12.139853 [Incident:Info:toast@toast-new:Magnitude updated] Magnitude updated: 5.04 (mb)
2025/10/20 02:22:12.139887 [Simulation:Info:toast@toast-new:Simulation not generated] Magnitude 5.04 of event bmg2025umtc is smaller than triggerMinMagnitude: no automatic simulation
2025/10/20 02:22:12.205725 [Incident:Info:toast@toast-new:Origin updated] Origin updated: OT: 2025-10-19 13:59:39,  Lat/Lon: 36.7411°/72.2853°, Depth: 73.1081
2025/10/20 02:22:12.205866 [Incident:Info:toast@toast-new:Magnitude updated] Magnitude updated: 5.14 (M)
2025/10/20 02:22:12.205908 [Simulation:Info:toast@toast-new:Simulation not generated] Magnitude 5.14 of event bmg2025umtc is smaller than triggerMinMagnitude: no automatic simulation
2025/10/20 02:22:32.157697 [Incident:Info:toast@toast-new:Origin updated] Origin updated: OT: 2025-10-19 13:59:39,  Lat/Lon: 36.7411°/72.2853°, Depth: 73.1081
2025/10/20 02:22:32.157889 [Incident:Info:toast@toast-new:Magnitude updated] Magnitude updated: 5.04 (mb)
2025/10/20 02:22:32.157953 [Simulation:Info:toast@toast-new:Simulation not generated] Magnitude 5.04 of event bmg2025umtc is smaller than triggerMinMagnitude: no automatic simulation
2025/10/21 16:28:32.688704 [Incident:Info:toast@toast-new:Origin updated] Origin updated: OT: 2025-10-19 13:59:38,  Lat/Lon: 36.7312°/72.2939°, Depth: 65.5675
2025/10/21 16:28:32.691757 [Incident:Info:toast@toast-new:Magnitude updated] Magnitude updated: 5.03 (mb)
2025/10/21 16:28:32.691862 [Simulation:Info:toast@toast-new:Simulation not generated] Magnitude 5.03 of event bmg2025umtc is smaller than triggerMinMagnitude: no automatic simulation
2025/10/21 16:29:10.317622 [Incident:Info:toast@toast-new:Origin updated] Origin updated: OT: 2025-10-19 13:59:39,  Lat/Lon: 36.7551°/72.2725°, Depth: 67.4144
2025/10/21 16:29:10.320901 [Incident:Info:toast@toast-new:Magnitude updated] Magnitude updated: 5.03 (mb)
2025/10/21 16:29:10.321018 [Simulation:Info:toast@toast-new:Simulation not generated] Magnitude 5.03 of event bmg2025umtc is smaller than triggerMinMagnitude: no automatic simulation
2025/10/21 16:29:17.564551 [Incident:Info:toast@toast-new:Origin updated] Origin updated: OT: 2025-10-19 13:59:39,  Lat/Lon: 36.7551°/72.2725°, Depth: 67.4144
2025/10/21 16:29:17.564758 [Simulation:Info:toast@toast-new:Simulation not generated] Magnitude 5.03 of event bmg2025umtc is smaller than triggerMinMagnitude: no automatic simulation
2025/10/21 16:29:17.593056 [Incident:Info:toast@toast-new:Origin updated] Origin updated: OT: 2025-10-19 13:59:39,  Lat/Lon: 36.7551°/72.2725°, Depth: 67.4144
2025/10/21 16:29:17.593213 [Incident:Info:toast@toast-new:Magnitude updated] Magnitude updated: 5.09 (M)
2025/10/21 16:29:17.593290 [Simulation:Info:toast@toast-new:Simulation not generated] Magnitude 5.09 of event bmg2025umtc is smaller than triggerMinMagnitude: no automatic simulation
2025/10/21 16:29:26.378908 [Incident:Info:toast@toast-new:Origin updated] Origin updated: OT: 2025-10-19 13:59:39,  Lat/Lon: 36.7551°/72.2725°, Depth: 67.4144
2025/10/21 16:29:26.382176 [Incident:Info:toast@toast-new:Magnitude updated] Magnitude updated: 5.03 (mb)
2025/10/21 16:29:26.382343 [Simulation:Info:toast@toast-new:Simulation not generated] Magnitude 5.03 of event bmg2025umtc is smaller than triggerMinMagnitude: no automatic simulation
