2025/10/05 08:45:18.695201 [Incident:Info:toast@toast-new:Displacement(s) updated] Added 0 and changed 0 displacements with 0 amplitudes
2025/10/05 08:45:18.696117 [Incident:Info:toast@toast-new:Incident created] Incident created based on event received from messaging: OT: 2025-10-05 01:34:30,  Lat/Lon: 48.89°/156.11°, Depth: 10.00, Mag: 5.23 (M)
2025/10/05 08:45:18.696618 [Simulation:Info:toast@toast-new:Simulation not generated] Magnitude 5.23 of event bmg2025tmfm is smaller than triggerMinMagnitude: no automatic simulation
2025/10/05 08:45:18.733148 [Incident:Info:toast@toast-new:Origin updated] Origin updated: OT: 2025-10-05 01:34:30,  Lat/Lon: 48.8912°/156.111°, Depth: 10
2025/10/05 08:45:18.733490 [Simulation:Info:toast@toast-new:Simulation not generated] Magnitude 5.23 of event bmg2025tmfm is smaller than triggerMinMagnitude: no automatic simulation
2025/10/05 08:45:25.193734 [Incident:Info:toast@toast-new:Origin updated] Origin updated: OT: 2025-10-05 01:34:30,  Lat/Lon: 48.8912°/156.111°, Depth: 10
2025/10/05 08:45:25.194092 [Incident:Info:toast@toast-new:Magnitude updated] Magnitude updated: 5.31 (M)
2025/10/05 08:45:25.194296 [Simulation:Info:toast@toast-new:Simulation not generated] Magnitude 5.31 of event bmg2025tmfm is smaller than triggerMinMagnitude: no automatic simulation
2025/10/05 08:45:29.423450 [Incident:Info:toast@toast-new:Origin updated] Origin updated: OT: 2025-10-05 01:34:30,  Lat/Lon: 48.8948°/156.124°, Depth: 10
2025/10/05 08:45:29.423770 [Incident:Info:toast@toast-new:Magnitude updated] Magnitude updated: 5.31 (M)
2025/10/05 08:45:29.423916 [Simulation:Info:toast@toast-new:Simulation not generated] Magnitude 5.31 of event bmg2025tmfm is smaller than triggerMinMagnitude: no automatic simulation
2025/10/05 08:45:35.200521 [Incident:Info:toast@toast-new:Origin updated] Origin updated: OT: 2025-10-05 01:34:30,  Lat/Lon: 48.8948°/156.124°, Depth: 10
2025/10/05 08:45:35.200889 [Incident:Info:toast@toast-new:Magnitude updated] Magnitude updated: 5.34 (M)
2025/10/05 08:45:35.201053 [Simulation:Info:toast@toast-new:Simulation not generated] Magnitude 5.34 of event bmg2025tmfm is smaller than triggerMinMagnitude: no automatic simulation
2025/10/05 08:45:39.870903 [Incident:Info:toast@toast-new:Origin updated] Origin updated: OT: 2025-10-05 01:34:30,  Lat/Lon: 48.8864°/156.127°, Depth: 10
2025/10/05 08:45:39.871279 [Incident:Info:toast@toast-new:Magnitude updated] Magnitude updated: 5.34 (M)
2025/10/05 08:45:39.871456 [Simulation:Info:toast@toast-new:Simulation not generated] Magnitude 5.34 of event bmg2025tmfm is smaller than triggerMinMagnitude: no automatic simulation
2025/10/05 08:45:50.204173 [Incident:Info:toast@toast-new:Origin updated] Origin updated: OT: 2025-10-05 01:34:30,  Lat/Lon: 48.8864°/156.127°, Depth: 10
2025/10/05 08:45:50.204569 [Incident:Info:toast@toast-new:Magnitude updated] Magnitude updated: 5.42 (M)
2025/10/05 08:45:50.204767 [Simulation:Info:toast@toast-new:Simulation not generated] Magnitude 5.42 of event bmg2025tmfm is smaller than triggerMinMagnitude: no automatic simulation
2025/10/05 08:45:54.895729 [Incident:Info:toast@toast-new:Origin updated] Origin updated: OT: 2025-10-05 01:34:29,  Lat/Lon: 48.8648°/156.15°, Depth: 10
2025/10/05 08:45:54.896125 [Incident:Info:toast@toast-new:Magnitude updated] Magnitude updated: 5.43 (M)
2025/10/05 08:45:54.896313 [Simulation:Info:toast@toast-new:Simulation not generated] Magnitude 5.43 of event bmg2025tmfm is smaller than triggerMinMagnitude: no automatic simulation
2025/10/05 08:46:07.107703 [Incident:Info:toast@toast-new:Origin updated] Origin updated: OT: 2025-10-05 01:34:29,  Lat/Lon: 48.8761°/156.097°, Depth: 10
2025/10/05 08:46:07.108133 [Incident:Info:toast@toast-new:Magnitude updated] Magnitude updated: 5.43 (M)
2025/10/05 08:46:07.108334 [Simulation:Info:toast@toast-new:Simulation not generated] Magnitude 5.43 of event bmg2025tmfm is smaller than triggerMinMagnitude: no automatic simulation
2025/10/05 08:46:10.204117 [Incident:Info:toast@toast-new:Origin updated] Origin updated: OT: 2025-10-05 01:34:29,  Lat/Lon: 48.8761°/156.097°, Depth: 10
2025/10/05 08:46:10.204562 [Incident:Info:toast@toast-new:Magnitude updated] Magnitude updated: 5.53 (M)
2025/10/05 08:46:10.204797 [Simulation:Info:toast@toast-new:Simulation not generated] Magnitude 5.53 of event bmg2025tmfm is smaller than triggerMinMagnitude: no automatic simulation
2025/10/05 08:46:24.924495 [Incident:Info:toast@toast-new:Origin updated] Origin updated: OT: 2025-10-05 01:34:29,  Lat/Lon: 48.876°/156.095°, Depth: 10
2025/10/05 08:46:24.924988 [Incident:Info:toast@toast-new:Magnitude updated] Magnitude updated: 5.53 (M)
2025/10/05 08:46:24.925210 [Simulation:Info:toast@toast-new:Simulation not generated] Magnitude 5.53 of event bmg2025tmfm is smaller than triggerMinMagnitude: no automatic simulation
2025/10/05 08:46:35.207743 [Incident:Info:toast@toast-new:Origin updated] Origin updated: OT: 2025-10-05 01:34:29,  Lat/Lon: 48.876°/156.095°, Depth: 10
2025/10/05 08:46:35.208244 [Incident:Info:toast@toast-new:Magnitude updated] Magnitude updated: 5.46 (M)
2025/10/05 08:46:35.208470 [Simulation:Info:toast@toast-new:Simulation not generated] Magnitude 5.46 of event bmg2025tmfm is smaller than triggerMinMagnitude: no automatic simulation
2025/10/05 08:46:39.434925 [Incident:Info:toast@toast-new:Origin updated] Origin updated: OT: 2025-10-05 01:34:29,  Lat/Lon: 48.8623°/156.15°, Depth: 10
2025/10/05 08:46:39.435422 [Incident:Info:toast@toast-new:Magnitude updated] Magnitude updated: 5.29 (mb)
2025/10/05 08:46:39.435655 [Simulation:Info:toast@toast-new:Simulation not generated] Magnitude 5.29 of event bmg2025tmfm is smaller than triggerMinMagnitude: no automatic simulation
2025/10/05 08:46:39.507019 [Incident:Info:toast@toast-new:Origin updated] Origin updated: OT: 2025-10-05 01:34:29,  Lat/Lon: 48.8623°/156.15°, Depth: 10
2025/10/05 08:46:39.507345 [Incident:Info:toast@toast-new:Magnitude updated] Magnitude updated: 5.53 (M)
2025/10/05 08:46:39.507512 [Simulation:Info:toast@toast-new:Simulation not generated] Magnitude 5.53 of event bmg2025tmfm is smaller than triggerMinMagnitude: no automatic simulation
2025/10/05 15:59:57.228384 [Incident:Info:toast@toast-new:Origin updated] Origin updated: OT: 2025-10-05 01:34:29,  Lat/Lon: 48.8861°/156.224°, Depth: 5
2025/10/05 15:59:57.228798 [Incident:Info:toast@toast-new:Magnitude updated] Magnitude updated: 5.32 (mb)
2025/10/05 15:59:57.228967 [Simulation:Info:toast@toast-new:Simulation not generated] Magnitude 5.32 of event bmg2025tmfm is smaller than triggerMinMagnitude: no automatic simulation
2025/10/05 15:59:57.243403 [Incident:Info:toast@toast-new:Origin updated] Origin updated: OT: 2025-10-05 01:34:29,  Lat/Lon: 48.8861°/156.224°, Depth: 5
2025/10/05 15:59:57.243815 [Incident:Info:toast@toast-new:Magnitude updated] Magnitude updated: 5.66 (M)
2025/10/05 15:59:57.244033 [Simulation:Info:toast@toast-new:Simulation not generated] Magnitude 5.66 of event bmg2025tmfm is smaller than triggerMinMagnitude: no automatic simulation
2025/10/05 16:01:02.392566 [Incident:Info:toast@toast-new:Origin updated] Origin updated: OT: 2025-10-05 01:34:29,  Lat/Lon: 48.8861°/156.224°, Depth: 5
2025/10/05 16:01:02.393100 [Incident:Info:toast@toast-new:Magnitude updated] Magnitude updated: 5.32 (mb)
2025/10/05 16:01:02.393398 [Simulation:Info:toast@toast-new:Simulation not generated] Magnitude 5.32 of event bmg2025tmfm is smaller than triggerMinMagnitude: no automatic simulation
2025/10/09 23:26:36.564518 [Incident:Info:toast@toast-new:Incident removed] Removed incident - Bye
2025/10/18 03:26:54.201241 [Incident:Info:toast@toast-new:Displacement(s) updated] Added 0 and changed 0 displacements with 0 amplitudes
2025/10/18 03:26:54.237166 [Incident:Info:toast@toast-new:Incident created] Incident created based on event received from messaging: OT: 2025-10-05 01:34:29,  Lat/Lon: 48.89°/156.22°, Depth: 5.00, Mag: 5.32 (mb)
2025/10/18 03:26:54.237736 [Simulation:Info:toast@toast-new:Simulation not generated] Magnitude 5.32 of event bmg2025tmfm is smaller than triggerMinMagnitude: no automatic simulation
2025/10/18 03:26:54.258799 [Incident:Info:toast@toast-new:Origin updated] Origin updated: OT: 2025-10-05 01:34:29,  Lat/Lon: 48.8861°/156.224°, Depth: 5
2025/10/18 03:26:54.258960 [Simulation:Info:toast@toast-new:Simulation not generated] Magnitude 5.32 of event bmg2025tmfm is smaller than triggerMinMagnitude: no automatic simulation
2025/10/18 03:27:12.188623 [Incident:Info:toast@toast-new:Origin updated] Origin updated: OT: 2025-10-05 01:34:29,  Lat/Lon: 48.8861°/156.224°, Depth: 5
2025/10/18 03:27:12.188832 [Incident:Info:toast@toast-new:Magnitude updated] Magnitude updated: 5.32 (mb)
2025/10/18 03:27:12.188889 [Simulation:Info:toast@toast-new:Simulation not generated] Magnitude 5.32 of event bmg2025tmfm is smaller than triggerMinMagnitude: no automatic simulation
2025/10/18 03:27:12.256283 [Incident:Info:toast@toast-new:Origin updated] Origin updated: OT: 2025-10-05 01:34:29,  Lat/Lon: 48.8861°/156.224°, Depth: 5
2025/10/18 03:27:12.256442 [Simulation:Info:toast@toast-new:Simulation not generated] Magnitude 5.32 of event bmg2025tmfm is smaller than triggerMinMagnitude: no automatic simulation
