2025/10/26 12:37:11.100897 [Incident:Info:toast@toast-new:Displacement(s) updated] Added 0 and changed 0 displacements with 0 amplitudes
2025/10/26 12:37:11.101597 [Incident:Info:toast@toast-new:Incident created] Incident created based on event received from messaging: OT: 2025-10-26 05:24:17,  Lat/Lon: 9.57°/39.91°, Depth: 10.00, Mag: 5.46 (M)
2025/10/26 12:37:11.102293 [Simulation:Info:toast@toast-new:Simulation not generated] Magnitude 5.46 of event bmg2025uywp is smaller than triggerMinMagnitude: no automatic simulation
2025/10/26 12:37:11.124639 [Incident:Info:toast@toast-new:Origin updated] Origin updated: OT: 2025-10-26 05:24:17,  Lat/Lon: 9.56887°/39.9101°, Depth: 10
2025/10/26 12:37:11.124788 [Simulation:Info:toast@toast-new:Simulation not generated] Magnitude 5.46 of event bmg2025uywp is smaller than triggerMinMagnitude: no automatic simulation
2025/10/26 12:37:21.985701 [Incident:Info:toast@toast-new:Origin updated] Origin updated: OT: 2025-10-26 05:24:17,  Lat/Lon: 9.56887°/39.9101°, Depth: 10
2025/10/26 12:37:21.985858 [Incident:Info:toast@toast-new:Magnitude updated] Magnitude updated: 5.45 (M)
2025/10/26 12:37:21.985910 [Simulation:Info:toast@toast-new:Simulation not generated] Magnitude 5.45 of event bmg2025uywp is smaller than triggerMinMagnitude: no automatic simulation
2025/10/26 12:37:22.004898 [Incident:Info:toast@toast-new:Origin updated] Origin updated: OT: 2025-10-26 05:24:17,  Lat/Lon: 9.55645°/39.9204°, Depth: 10
2025/10/26 12:37:22.005023 [Incident:Info:toast@toast-new:Magnitude updated] Magnitude updated: 5.47 (M)
2025/10/26 12:37:22.005066 [Simulation:Info:toast@toast-new:Simulation not generated] Magnitude 5.47 of event bmg2025uywp is smaller than triggerMinMagnitude: no automatic simulation
2025/10/26 12:37:35.400746 [Incident:Info:toast@toast-new:Origin updated] Origin updated: OT: 2025-10-26 05:24:17,  Lat/Lon: 9.55485°/39.9408°, Depth: 10
2025/10/26 12:37:35.400958 [Incident:Info:toast@toast-new:Magnitude updated] Magnitude updated: 5.47 (M)
2025/10/26 12:37:35.401013 [Simulation:Info:toast@toast-new:Simulation not generated] Magnitude 5.47 of event bmg2025uywp is smaller than triggerMinMagnitude: no automatic simulation
2025/10/26 12:37:52.905341 [Incident:Info:toast@toast-new:Origin updated] Origin updated: OT: 2025-10-26 05:24:17,  Lat/Lon: 9.55832°/39.9383°, Depth: 10
2025/10/26 12:37:52.905526 [Incident:Info:toast@toast-new:Magnitude updated] Magnitude updated: 5.44 (M)
2025/10/26 12:37:52.905587 [Simulation:Info:toast@toast-new:Simulation not generated] Magnitude 5.44 of event bmg2025uywp is smaller than triggerMinMagnitude: no automatic simulation
2025/10/26 12:37:58.656836 [Incident:Info:toast@toast-new:Origin updated] Origin updated: OT: 2025-10-26 05:24:17,  Lat/Lon: 9.55832°/39.9383°, Depth: 10
2025/10/26 12:37:58.656970 [Incident:Info:toast@toast-new:Magnitude updated] Magnitude updated: 5.51 (M)
2025/10/26 12:37:58.657072 [Simulation:Info:toast@toast-new:Simulation not generated] Magnitude 5.51 of event bmg2025uywp is smaller than triggerMinMagnitude: no automatic simulation
2025/10/26 12:38:14.289433 [Incident:Info:toast@toast-new:Origin updated] Origin updated: OT: 2025-10-26 05:24:17,  Lat/Lon: 9.55633°/39.9393°, Depth: 10
2025/10/26 12:38:14.289617 [Incident:Info:toast@toast-new:Magnitude updated] Magnitude updated: 5.51 (M)
2025/10/26 12:38:14.289658 [Simulation:Info:toast@toast-new:Simulation not generated] Magnitude 5.51 of event bmg2025uywp is smaller than triggerMinMagnitude: no automatic simulation
2025/10/26 12:39:12.147690 [Incident:Info:toast@toast-new:Origin updated] Origin updated: OT: 2025-10-26 05:24:21,  Lat/Lon: 9.69592°/39.6683°, Depth: 51.9108
2025/10/26 12:39:12.147886 [Incident:Info:toast@toast-new:Magnitude updated] Magnitude updated: 5.17 (mb)
2025/10/26 12:39:12.147999 [Simulation:Info:toast@toast-new:Simulation not generated] Magnitude 5.17 of event bmg2025uywp is smaller than triggerMinMagnitude: no automatic simulation
2025/10/26 12:39:12.167269 [Incident:Info:toast@toast-new:Origin updated] Origin updated: OT: 2025-10-26 05:24:21,  Lat/Lon: 9.69592°/39.6683°, Depth: 51.9108
2025/10/26 12:39:12.167387 [Incident:Info:toast@toast-new:Magnitude updated] Magnitude updated: 5.40 (M)
2025/10/26 12:39:12.167470 [Simulation:Info:toast@toast-new:Simulation not generated] Magnitude 5.40 of event bmg2025uywp is smaller than triggerMinMagnitude: no automatic simulation
2025/10/26 12:40:59.536933 [Incident:Info:toast@toast-new:Origin updated] Origin updated: OT: 2025-10-26 05:24:21,  Lat/Lon: 9.68858°/39.6702°, Depth: 53.6347
2025/10/26 12:40:59.537151 [Incident:Info:toast@toast-new:Magnitude updated] Magnitude updated: 5.17 (mb)
2025/10/26 12:40:59.537282 [Simulation:Info:toast@toast-new:Simulation not generated] Magnitude 5.17 of event bmg2025uywp is smaller than triggerMinMagnitude: no automatic simulation
2025/10/26 12:40:59.561994 [Incident:Info:toast@toast-new:Origin updated] Origin updated: OT: 2025-10-26 05:24:21,  Lat/Lon: 9.68858°/39.6702°, Depth: 53.6347
2025/10/26 12:40:59.562137 [Incident:Info:toast@toast-new:Magnitude updated] Magnitude updated: 5.40 (M)
2025/10/26 12:40:59.562240 [Simulation:Info:toast@toast-new:Simulation not generated] Magnitude 5.40 of event bmg2025uywp is smaller than triggerMinMagnitude: no automatic simulation
2025/10/26 12:41:07.299842 [Incident:Info:toast@toast-new:Origin updated] Origin updated: OT: 2025-10-26 05:24:21,  Lat/Lon: 9.68858°/39.6702°, Depth: 53.6347
2025/10/26 12:41:07.300006 [Simulation:Info:toast@toast-new:Simulation not generated] Magnitude 5.40 of event bmg2025uywp is smaller than triggerMinMagnitude: no automatic simulation
2025/10/26 16:18:28.677846 [Incident:Info:toast@toast-new:Origin updated] Origin updated: OT: 2025-10-26 05:24:21,  Lat/Lon: 9.68858°/39.6702°, Depth: 53.6347
2025/10/26 16:18:28.677980 [Incident:Info:toast@toast-new:Magnitude updated] Magnitude updated: 5.17 (mb)
2025/10/26 16:18:28.678077 [Simulation:Info:toast@toast-new:Simulation not generated] Magnitude 5.17 of event bmg2025uywp is smaller than triggerMinMagnitude: no automatic simulation
2025/10/26 16:18:37.141971 [Incident:Info:toast@toast-new:Origin updated] Origin updated: OT: 2025-10-26 05:24:21,  Lat/Lon: 9.68905°/39.6698°, Depth: 53.6493
2025/10/26 16:18:37.142141 [Incident:Info:toast@toast-new:Magnitude updated] Magnitude updated: 5.17 (mb)
2025/10/26 16:18:37.142175 [Simulation:Info:toast@toast-new:Simulation not generated] Magnitude 5.17 of event bmg2025uywp is smaller than triggerMinMagnitude: no automatic simulation
2025/10/26 18:15:04.354400 [Incident:Info:toast@toast-new:Origin updated] Origin updated: OT: 2025-10-26 05:24:21,  Lat/Lon: 9.68905°/39.6698°, Depth: 53.6493
2025/10/26 18:15:04.354552 [Incident:Info:toast@toast-new:FM updated] FM updated
2025/10/26 18:15:04.354775 [Simulation:Info:toast@toast-new:Simulation not generated] Magnitude 5.17 of event bmg2025uywp is smaller than triggerMinMagnitude: no automatic simulation
2025/10/28 22:21:12.902471 [Incident:Info:toast@toast-new:Displacement(s) updated] Added 0 and changed 0 displacements with 0 amplitudes
2025/10/28 22:21:12.905764 [Incident:Info:toast@toast-new:Incident created] Incident created based on event received from messaging: OT: 2025-10-26 05:24:21,  Lat/Lon: 9.63°/39.73°, Depth: 47.99, Mag: 5.17 (mb)
2025/10/28 22:21:12.906558 [Simulation:Info:toast@toast-new:Simulation not generated] Magnitude 5.17 of event bmg2025uywp is smaller than triggerMinMagnitude: no automatic simulation
2025/10/28 22:21:12.925489 [Incident:Info:toast@toast-new:Origin updated] Origin updated: OT: 2025-10-26 05:24:21,  Lat/Lon: 9.62899°/39.7345°, Depth: 47.9898
2025/10/28 22:21:12.925618 [Simulation:Info:toast@toast-new:Simulation not generated] Magnitude 5.17 of event bmg2025uywp is smaller than triggerMinMagnitude: no automatic simulation
2025/10/28 22:21:12.939788 [Incident:Info:toast@toast-new:Origin updated] Origin updated: OT: 2025-10-26 05:24:21,  Lat/Lon: 9.62899°/39.7345°, Depth: 47.9898
2025/10/28 22:21:12.939908 [Simulation:Info:toast@toast-new:Simulation not generated] Magnitude 5.17 of event bmg2025uywp is smaller than triggerMinMagnitude: no automatic simulation
