2025/10/31 00:44:52.625638 [Incident:Info:toast@toast-new:Displacement(s) updated] Added 0 and changed 0 displacements with 0 amplitudes
2025/10/31 00:44:52.628154 [Incident:Info:toast@toast-new:Incident created] Incident created based on event received from messaging: OT: 2025-10-30 17:33:11,  Lat/Lon: 59.63°/-150.42°, Depth: 10.00, Mag: 5.57 (M)
2025/10/31 00:44:52.628562 [Simulation:Info:toast@toast-new:Simulation not generated] Magnitude 5.57 of event bmg2025vhcr is smaller than triggerMinMagnitude: no automatic simulation
2025/10/31 00:44:52.638781 [Incident:Info:toast@toast-new:Origin updated] Origin updated: OT: 2025-10-30 17:33:11,  Lat/Lon: 59.6346°/-150.421°, Depth: 10
2025/10/31 00:44:52.638875 [Simulation:Info:toast@toast-new:Simulation not generated] Magnitude 5.57 of event bmg2025vhcr is smaller than triggerMinMagnitude: no automatic simulation
2025/10/31 00:44:58.681590 [Incident:Info:toast@toast-new:Origin updated] Origin updated: OT: 2025-10-30 17:33:11,  Lat/Lon: 59.6346°/-150.421°, Depth: 10
2025/10/31 00:44:58.681777 [Incident:Info:toast@toast-new:Magnitude updated] Magnitude updated: 5.58 (M)
2025/10/31 00:44:58.681814 [Simulation:Info:toast@toast-new:Simulation not generated] Magnitude 5.58 of event bmg2025vhcr is smaller than triggerMinMagnitude: no automatic simulation
2025/10/31 00:45:10.475699 [Incident:Info:toast@toast-new:Origin updated] Origin updated: OT: 2025-10-30 17:33:11,  Lat/Lon: 59.6219°/-150.441°, Depth: 10
2025/10/31 00:45:10.475853 [Incident:Info:toast@toast-new:Magnitude updated] Magnitude updated: 5.59 (M)
2025/10/31 00:45:10.475886 [Simulation:Info:toast@toast-new:Simulation not generated] Magnitude 5.59 of event bmg2025vhcr is smaller than triggerMinMagnitude: no automatic simulation
2025/10/31 00:45:18.678537 [Incident:Info:toast@toast-new:Origin updated] Origin updated: OT: 2025-10-30 17:33:11,  Lat/Lon: 59.6219°/-150.441°, Depth: 10
2025/10/31 00:45:18.678736 [Incident:Info:toast@toast-new:Magnitude updated] Magnitude updated: 5.58 (M)
2025/10/31 00:45:18.678773 [Simulation:Info:toast@toast-new:Simulation not generated] Magnitude 5.58 of event bmg2025vhcr is smaller than triggerMinMagnitude: no automatic simulation
2025/10/31 00:45:48.081212 [Incident:Info:toast@toast-new:Origin updated] Origin updated: OT: 2025-10-30 17:33:11,  Lat/Lon: 59.6296°/-150.454°, Depth: 10
2025/10/31 00:45:48.081399 [Incident:Info:toast@toast-new:Magnitude updated] Magnitude updated: 5.58 (M)
2025/10/31 00:45:48.081442 [Simulation:Info:toast@toast-new:Simulation not generated] Magnitude 5.58 of event bmg2025vhcr is smaller than triggerMinMagnitude: no automatic simulation
2025/10/31 00:45:57.610707 [Incident:Info:toast@toast-new:Origin updated] Origin updated: OT: 2025-10-30 17:33:11,  Lat/Lon: 59.628°/-150.451°, Depth: 10
2025/10/31 00:45:57.610909 [Incident:Info:toast@toast-new:Magnitude updated] Magnitude updated: 5.58 (M)
2025/10/31 00:45:57.610954 [Simulation:Info:toast@toast-new:Simulation not generated] Magnitude 5.58 of event bmg2025vhcr is smaller than triggerMinMagnitude: no automatic simulation
2025/10/31 00:46:03.666779 [Incident:Info:toast@toast-new:Origin updated] Origin updated: OT: 2025-10-30 17:33:11,  Lat/Lon: 59.628°/-150.451°, Depth: 10
2025/10/31 00:46:03.666959 [Incident:Info:toast@toast-new:Magnitude updated] Magnitude updated: 5.56 (M)
2025/10/31 00:46:03.666990 [Simulation:Info:toast@toast-new:Simulation not generated] Magnitude 5.56 of event bmg2025vhcr is smaller than triggerMinMagnitude: no automatic simulation
2025/10/31 00:46:24.431707 [Incident:Info:toast@toast-new:Origin updated] Origin updated: OT: 2025-10-30 17:33:11,  Lat/Lon: 59.6324°/-150.445°, Depth: 10
2025/10/31 00:46:24.431884 [Incident:Info:toast@toast-new:Magnitude updated] Magnitude updated: 5.55 (M)
2025/10/31 00:46:24.431916 [Simulation:Info:toast@toast-new:Simulation not generated] Magnitude 5.55 of event bmg2025vhcr is smaller than triggerMinMagnitude: no automatic simulation
2025/10/31 00:46:36.897438 [Incident:Info:toast@toast-new:Origin updated] Origin updated: OT: 2025-10-30 17:33:11,  Lat/Lon: 59.6269°/-150.473°, Depth: 10
2025/10/31 00:46:36.897620 [Incident:Info:toast@toast-new:Magnitude updated] Magnitude updated: 5.56 (M)
2025/10/31 00:46:36.897651 [Simulation:Info:toast@toast-new:Simulation not generated] Magnitude 5.56 of event bmg2025vhcr is smaller than triggerMinMagnitude: no automatic simulation
2025/10/31 00:46:48.877358 [Incident:Info:toast@toast-new:Origin updated] Origin updated: OT: 2025-10-30 17:33:11,  Lat/Lon: 59.6278°/-150.456°, Depth: 10
2025/10/31 00:46:48.877520 [Incident:Info:toast@toast-new:Magnitude updated] Magnitude updated: 5.55 (M)
2025/10/31 00:46:48.877550 [Simulation:Info:toast@toast-new:Simulation not generated] Magnitude 5.55 of event bmg2025vhcr is smaller than triggerMinMagnitude: no automatic simulation
2025/10/31 00:47:02.094014 [Incident:Info:toast@toast-new:Origin updated] Origin updated: OT: 2025-10-30 17:33:11,  Lat/Lon: 59.6271°/-150.466°, Depth: 10
2025/10/31 00:47:02.094215 [Incident:Info:toast@toast-new:Magnitude updated] Magnitude updated: 5.55 (M)
2025/10/31 00:47:02.094250 [Simulation:Info:toast@toast-new:Simulation not generated] Magnitude 5.55 of event bmg2025vhcr is smaller than triggerMinMagnitude: no automatic simulation
2025/10/31 00:47:17.745471 [Incident:Info:toast@toast-new:Origin updated] Origin updated: OT: 2025-10-30 17:33:11,  Lat/Lon: 59.6233°/-150.48°, Depth: 10
2025/10/31 00:47:17.745651 [Incident:Info:toast@toast-new:Magnitude updated] Magnitude updated: 5.54 (M)
2025/10/31 00:47:17.745685 [Simulation:Info:toast@toast-new:Simulation not generated] Magnitude 5.54 of event bmg2025vhcr is smaller than triggerMinMagnitude: no automatic simulation
2025/10/31 00:47:32.720574 [Incident:Info:toast@toast-new:Origin updated] Origin updated: OT: 2025-10-30 17:33:11,  Lat/Lon: 59.6235°/-150.481°, Depth: 10
2025/10/31 00:47:32.720762 [Incident:Info:toast@toast-new:Magnitude updated] Magnitude updated: 5.54 (M)
2025/10/31 00:47:32.720794 [Simulation:Info:toast@toast-new:Simulation not generated] Magnitude 5.54 of event bmg2025vhcr is smaller than triggerMinMagnitude: no automatic simulation
2025/10/31 00:47:38.688250 [Incident:Info:toast@toast-new:Origin updated] Origin updated: OT: 2025-10-30 17:33:11,  Lat/Lon: 59.6235°/-150.481°, Depth: 10
2025/10/31 00:47:38.688423 [Incident:Info:toast@toast-new:Magnitude updated] Magnitude updated: 5.54 (M)
2025/10/31 00:47:38.688454 [Simulation:Info:toast@toast-new:Simulation not generated] Magnitude 5.54 of event bmg2025vhcr is smaller than triggerMinMagnitude: no automatic simulation
2025/10/31 00:47:47.720789 [Incident:Info:toast@toast-new:Origin updated] Origin updated: OT: 2025-10-30 17:33:11,  Lat/Lon: 59.6255°/-150.465°, Depth: 10
2025/10/31 00:47:47.720963 [Incident:Info:toast@toast-new:Magnitude updated] Magnitude updated: 5.54 (M)
2025/10/31 00:47:47.720994 [Simulation:Info:toast@toast-new:Simulation not generated] Magnitude 5.54 of event bmg2025vhcr is smaller than triggerMinMagnitude: no automatic simulation
2025/10/31 00:50:32.081090 [Incident:Info:toast@toast-new:Origin updated] Origin updated: OT: 2025-10-30 17:33:11,  Lat/Lon: 59.6255°/-150.465°, Depth: 10
2025/10/31 00:50:32.081330 [Simulation:Info:toast@toast-new:Simulation not generated] Magnitude 5.54 of event bmg2025vhcr is smaller than triggerMinMagnitude: no automatic simulation
2025/10/31 00:53:27.576571 [Incident:Info:toast@toast-new:Origin updated] Origin updated: OT: 2025-10-30 17:33:11,  Lat/Lon: 59.6255°/-150.465°, Depth: 10
2025/10/31 00:53:27.576769 [Simulation:Info:toast@toast-new:Simulation not generated] Magnitude 5.54 of event bmg2025vhcr is smaller than triggerMinMagnitude: no automatic simulation
2025/10/31 01:02:34.966589 [Incident:Info:toast@toast-new:Origin updated] Origin updated: OT: 2025-10-30 17:33:11,  Lat/Lon: 59.6254°/-150.471°, Depth: 10
2025/10/31 01:02:34.966796 [Incident:Info:toast@toast-new:Magnitude updated] Magnitude updated: 5.54 (M)
2025/10/31 01:02:34.966833 [Simulation:Info:toast@toast-new:Simulation not generated] Magnitude 5.54 of event bmg2025vhcr is smaller than triggerMinMagnitude: no automatic simulation
2025/10/31 05:57:46.236360 [Incident:Info:toast@toast-new:Origin updated] Origin updated: OT: 2025-10-30 17:33:14,  Lat/Lon: 59.6979°/-150.401°, Depth: 48.7876
2025/10/31 05:57:46.236483 [Incident:Info:toast@toast-new:Magnitude updated] Magnitude updated: 5.55 (mb)
2025/10/31 05:57:46.236509 [Simulation:Info:toast@toast-new:Simulation not generated] Magnitude 5.55 of event bmg2025vhcr is smaller than triggerMinMagnitude: no automatic simulation
2025/10/31 05:57:46.250033 [Incident:Info:toast@toast-new:Origin updated] Origin updated: OT: 2025-10-30 17:33:14,  Lat/Lon: 59.6979°/-150.401°, Depth: 48.7876
2025/10/31 05:57:46.250109 [Incident:Info:toast@toast-new:Magnitude updated] Magnitude updated: 5.47 (M)
2025/10/31 05:57:46.250139 [Simulation:Info:toast@toast-new:Simulation not generated] Magnitude 5.47 of event bmg2025vhcr is smaller than triggerMinMagnitude: no automatic simulation
2025/10/31 05:57:51.793376 [Incident:Info:toast@toast-new:Origin updated] Origin updated: OT: 2025-10-30 17:33:14,  Lat/Lon: 59.6979°/-150.401°, Depth: 48.7876
2025/10/31 05:57:51.793623 [Incident:Info:toast@toast-new:Magnitude updated] Magnitude updated: 5.55 (mb)
2025/10/31 05:57:51.793702 [Simulation:Info:toast@toast-new:Simulation not generated] Magnitude 5.55 of event bmg2025vhcr is smaller than triggerMinMagnitude: no automatic simulation
2025/11/02 05:54:47.317004 [Incident:Info:toast@toast-new:Origin updated] Origin updated: OT: 2025-10-30 17:33:14,  Lat/Lon: 59.6691°/-150.609°, Depth: 44.8041
2025/11/02 05:54:47.352824 [Incident:Info:toast@toast-new:Magnitude updated] Magnitude updated: 5.57 (mb)
2025/11/02 05:54:47.352940 [Simulation:Info:toast@toast-new:Simulation not generated] Magnitude 5.57 of event bmg2025vhcr is smaller than triggerMinMagnitude: no automatic simulation
2025/11/02 05:54:47.382358 [Incident:Info:toast@toast-new:Origin updated] Origin updated: OT: 2025-10-30 17:33:14,  Lat/Lon: 59.6691°/-150.609°, Depth: 44.8041
2025/11/02 05:54:47.382496 [Simulation:Info:toast@toast-new:Simulation not generated] Magnitude 5.57 of event bmg2025vhcr is smaller than triggerMinMagnitude: no automatic simulation
