2025/10/10 12:50:20.063149 [Incident:Info:toast@toast-new:Displacement(s) updated] Added 0 and changed 0 displacements with 0 amplitudes
2025/10/10 12:50:20.069246 [Incident:Info:toast@toast-new:Incident created] Incident created based on event received from messaging: OT: 2025-10-10 05:47:43,  Lat/Lon: 6.82°/127.20°, Depth: 10.00, Mag: 5.06 (M)
2025/10/10 12:50:20.070064 [Simulation:Info:toast@toast-new:Simulation not generated] Magnitude 5.06 of event bmg2025tvri is smaller than triggerMinMagnitude: no automatic simulation
2025/10/10 12:50:20.088146 [Incident:Info:toast@toast-new:Origin updated] Origin updated: OT: 2025-10-10 05:47:43,  Lat/Lon: 6.82101°/127.201°, Depth: 10
2025/10/10 12:50:20.088321 [Simulation:Info:toast@toast-new:Simulation not generated] Magnitude 5.06 of event bmg2025tvri is smaller than triggerMinMagnitude: no automatic simulation
2025/10/10 12:50:25.305400 [Incident:Info:toast@toast-new:Origin updated] Origin updated: OT: 2025-10-10 05:47:43,  Lat/Lon: 6.82101°/127.201°, Depth: 10
2025/10/10 12:50:25.305553 [Incident:Info:toast@toast-new:Magnitude updated] Magnitude updated: 5.06 (M)
2025/10/10 12:50:25.305581 [Simulation:Info:toast@toast-new:Simulation not generated] Magnitude 5.06 of event bmg2025tvri is smaller than triggerMinMagnitude: no automatic simulation
2025/10/10 12:50:28.971204 [Incident:Info:toast@toast-new:Origin updated] Origin updated: OT: 2025-10-10 05:47:43,  Lat/Lon: 6.82101°/127.201°, Depth: 10
2025/10/10 12:50:28.971389 [Incident:Info:toast@toast-new:Magnitude updated] Magnitude updated: 5.07 (M)
2025/10/10 12:50:28.971419 [Simulation:Info:toast@toast-new:Simulation not generated] Magnitude 5.07 of event bmg2025tvri is smaller than triggerMinMagnitude: no automatic simulation
2025/10/10 12:50:28.991284 [Incident:Info:toast@toast-new:Origin updated] Origin updated: OT: 2025-10-10 05:47:41,  Lat/Lon: 6.92995°/127.31°, Depth: 10
2025/10/10 12:50:28.991453 [Incident:Info:toast@toast-new:Magnitude updated] Magnitude updated: 5.08 (M)
2025/10/10 12:50:28.991481 [Simulation:Info:toast@toast-new:Simulation not generated] Magnitude 5.08 of event bmg2025tvri is smaller than triggerMinMagnitude: no automatic simulation
2025/10/10 12:50:30.226312 [Incident:Info:toast@toast-new:Origin updated] Origin updated: OT: 2025-10-10 05:47:41,  Lat/Lon: 6.92995°/127.31°, Depth: 10
2025/10/10 12:50:30.226495 [Incident:Info:toast@toast-new:Magnitude updated] Magnitude updated: 5.08 (M)
2025/10/10 12:50:30.226530 [Simulation:Info:toast@toast-new:Simulation not generated] Magnitude 5.08 of event bmg2025tvri is smaller than triggerMinMagnitude: no automatic simulation
2025/10/10 12:50:35.351882 [Incident:Info:toast@toast-new:Origin updated] Origin updated: OT: 2025-10-10 05:47:41,  Lat/Lon: 6.92995°/127.31°, Depth: 10
2025/10/10 12:50:35.352062 [Incident:Info:toast@toast-new:Magnitude updated] Magnitude updated: 5.06 (M)
2025/10/10 12:50:35.352101 [Simulation:Info:toast@toast-new:Simulation not generated] Magnitude 5.06 of event bmg2025tvri is smaller than triggerMinMagnitude: no automatic simulation
2025/10/10 12:50:40.265203 [Incident:Info:toast@toast-new:Origin updated] Origin updated: OT: 2025-10-10 05:47:41,  Lat/Lon: 6.92995°/127.31°, Depth: 10
2025/10/10 12:50:40.265426 [Incident:Info:toast@toast-new:Magnitude updated] Magnitude updated: 5.06 (M)
2025/10/10 12:50:40.265489 [Simulation:Info:toast@toast-new:Simulation not generated] Magnitude 5.06 of event bmg2025tvri is smaller than triggerMinMagnitude: no automatic simulation
2025/10/10 12:50:42.086598 [Incident:Info:toast@toast-new:Origin updated] Origin updated: OT: 2025-10-10 05:47:42,  Lat/Lon: 6.86348°/127.363°, Depth: 10
2025/10/10 12:50:42.087016 [Incident:Info:toast@toast-new:Magnitude updated] Magnitude updated: 5.04 (M)
2025/10/10 12:50:42.087073 [Simulation:Info:toast@toast-new:Simulation not generated] Magnitude 5.04 of event bmg2025tvri is smaller than triggerMinMagnitude: no automatic simulation
2025/10/10 12:50:45.320502 [Incident:Info:toast@toast-new:Origin updated] Origin updated: OT: 2025-10-10 05:47:42,  Lat/Lon: 6.86348°/127.363°, Depth: 10
2025/10/10 12:50:45.320684 [Incident:Info:toast@toast-new:Magnitude updated] Magnitude updated: 5.05 (M)
2025/10/10 12:50:45.320725 [Simulation:Info:toast@toast-new:Simulation not generated] Magnitude 5.05 of event bmg2025tvri is smaller than triggerMinMagnitude: no automatic simulation
2025/10/10 12:50:50.323978 [Incident:Info:toast@toast-new:Origin updated] Origin updated: OT: 2025-10-10 05:47:42,  Lat/Lon: 6.86348°/127.363°, Depth: 10
2025/10/10 12:50:50.324148 [Incident:Info:toast@toast-new:Magnitude updated] Magnitude updated: 5.03 (M)
2025/10/10 12:50:50.324186 [Simulation:Info:toast@toast-new:Simulation not generated] Magnitude 5.03 of event bmg2025tvri is smaller than triggerMinMagnitude: no automatic simulation
2025/10/10 12:50:55.330170 [Incident:Info:toast@toast-new:Origin updated] Origin updated: OT: 2025-10-10 05:47:42,  Lat/Lon: 6.86348°/127.363°, Depth: 10
2025/10/10 12:50:55.330349 [Incident:Info:toast@toast-new:Magnitude updated] Magnitude updated: 5.02 (M)
2025/10/10 12:50:55.330391 [Simulation:Info:toast@toast-new:Simulation not generated] Magnitude 5.02 of event bmg2025tvri is smaller than triggerMinMagnitude: no automatic simulation
2025/10/10 12:50:58.302268 [Incident:Info:toast@toast-new:Origin updated] Origin updated: OT: 2025-10-10 05:47:43,  Lat/Lon: 6.79026°/127.357°, Depth: 10
2025/10/10 12:50:58.302445 [Incident:Info:toast@toast-new:Magnitude updated] Magnitude updated: 5.01 (M)
2025/10/10 12:50:58.302502 [Simulation:Info:toast@toast-new:Simulation not generated] Magnitude 5.01 of event bmg2025tvri is smaller than triggerMinMagnitude: no automatic simulation
2025/10/10 12:51:05.382241 [Incident:Info:toast@toast-new:Origin updated] Origin updated: OT: 2025-10-10 05:47:43,  Lat/Lon: 6.79026°/127.357°, Depth: 10
2025/10/10 12:51:05.382449 [Incident:Info:toast@toast-new:Magnitude updated] Magnitude updated: 5.00 (M)
2025/10/10 12:51:05.382491 [Simulation:Info:toast@toast-new:Simulation not generated] Magnitude 5.00 of event bmg2025tvri is smaller than triggerMinMagnitude: no automatic simulation
2025/10/10 12:51:10.386945 [Incident:Info:toast@toast-new:Origin updated] Origin updated: OT: 2025-10-10 05:47:43,  Lat/Lon: 6.79026°/127.357°, Depth: 10
2025/10/10 12:51:10.387109 [Incident:Info:toast@toast-new:Magnitude updated] Magnitude updated: 5.01 (M)
2025/10/10 12:51:10.387148 [Simulation:Info:toast@toast-new:Simulation not generated] Magnitude 5.01 of event bmg2025tvri is smaller than triggerMinMagnitude: no automatic simulation
2025/10/10 12:51:15.355510 [Incident:Info:toast@toast-new:Origin updated] Origin updated: OT: 2025-10-10 05:47:43,  Lat/Lon: 6.79026°/127.357°, Depth: 10
2025/10/10 12:51:15.355692 [Incident:Info:toast@toast-new:Magnitude updated] Magnitude updated: 5.02 (M)
2025/10/10 12:51:15.355734 [Simulation:Info:toast@toast-new:Simulation not generated] Magnitude 5.02 of event bmg2025tvri is smaller than triggerMinMagnitude: no automatic simulation
2025/10/10 12:51:20.318683 [Incident:Info:toast@toast-new:Origin updated] Origin updated: OT: 2025-10-10 05:47:43,  Lat/Lon: 6.73329°/127.364°, Depth: 10
2025/10/10 12:51:20.318862 [Incident:Info:toast@toast-new:Magnitude updated] Magnitude updated: 5.03 (M)
2025/10/10 12:51:20.318904 [Simulation:Info:toast@toast-new:Simulation not generated] Magnitude 5.03 of event bmg2025tvri is smaller than triggerMinMagnitude: no automatic simulation
2025/10/10 12:51:22.558804 [Incident:Info:toast@toast-new:Origin updated] Origin updated: OT: 2025-10-10 05:47:42,  Lat/Lon: 6.82793°/127.189°, Depth: 10
2025/10/10 12:51:22.559020 [Incident:Info:toast@toast-new:Magnitude updated] Magnitude updated: 5.31 (mb)
2025/10/10 12:51:22.559066 [Simulation:Info:toast@toast-new:Simulation not generated] Magnitude 5.31 of event bmg2025tvri is smaller than triggerMinMagnitude: no automatic simulation
2025/10/10 12:51:22.731280 [Incident:Info:toast@toast-new:Origin updated] Origin updated: OT: 2025-10-10 05:47:42,  Lat/Lon: 6.82793°/127.189°, Depth: 10
2025/10/10 12:51:22.731474 [Incident:Info:toast@toast-new:Magnitude updated] Magnitude updated: 5.10 (M)
2025/10/10 12:51:22.731536 [Simulation:Info:toast@toast-new:Simulation not generated] Magnitude 5.10 of event bmg2025tvri is smaller than triggerMinMagnitude: no automatic simulation
2025/10/10 12:52:15.354403 [Incident:Info:toast@toast-new:Origin updated] Origin updated: OT: 2025-10-10 05:47:42,  Lat/Lon: 6.82793°/127.189°, Depth: 10
2025/10/10 12:52:15.354598 [Incident:Info:toast@toast-new:Magnitude updated] Magnitude updated: 5.08 (M)
2025/10/10 12:52:15.354641 [Simulation:Info:toast@toast-new:Simulation not generated] Magnitude 5.08 of event bmg2025tvri is smaller than triggerMinMagnitude: no automatic simulation
2025/10/10 13:33:11.123608 [Incident:Info:toast@toast-new:Origin updated] Origin updated: OT: 2025-10-10 05:47:45,  Lat/Lon: 6.64742°/127.073°, Depth: 11.347
2025/10/10 13:33:11.126020 [Incident:Info:toast@toast-new:Magnitude updated] Magnitude updated: 5.02 (M)
2025/10/10 13:33:11.126309 [Simulation:Info:toast@toast-new:Simulation not generated] Magnitude 5.02 of event bmg2025tvri is smaller than triggerMinMagnitude: no automatic simulation
2025/10/10 19:54:52.425307 [Incident:Info:toast@toast-new:Origin updated] Origin updated: OT: 2025-10-10 05:47:45,  Lat/Lon: 6.64742°/127.073°, Depth: 11.347
2025/10/10 19:54:52.426620 [Incident:Info:toast@toast-new:Magnitude updated] Magnitude updated: 5.26 (mb)
2025/10/10 19:54:52.426702 [Simulation:Info:toast@toast-new:Simulation not generated] Magnitude 5.26 of event bmg2025tvri is smaller than triggerMinMagnitude: no automatic simulation
2025/10/13 03:59:23.512035 [Incident:Info:toast@toast-new:Origin updated] Origin updated: OT: 2025-10-10 05:47:46,  Lat/Lon: 6.73274°/127.125°, Depth: 31.5436
2025/10/13 03:59:23.512256 [Incident:Info:toast@toast-new:Magnitude updated] Magnitude updated: 5.25 (mb)
2025/10/13 03:59:23.512316 [Simulation:Info:toast@toast-new:Simulation not generated] Magnitude 5.25 of event bmg2025tvri is smaller than triggerMinMagnitude: no automatic simulation
2025/10/13 03:59:23.574685 [Incident:Info:toast@toast-new:Origin updated] Origin updated: OT: 2025-10-10 05:47:46,  Lat/Lon: 6.73274°/127.125°, Depth: 31.5436
2025/10/13 03:59:23.574840 [Simulation:Info:toast@toast-new:Simulation not generated] Magnitude 5.25 of event bmg2025tvri is smaller than triggerMinMagnitude: no automatic simulation
